[2018-05-15 11:11:18] 掷2颗色子确定起牌方向： byGetPaiDir=3-奥的天, 3 4
[2018-05-15 11:11:21] 掷2颗色子确定起牌敦数事件: 3 1 4
[2018-05-15 11:11:26] 玩家0-Phone18190的门牌： 
[2018-05-15 11:11:26]   门牌1=255
[2018-05-15 11:11:26]   门牌2=255
[2018-05-15 11:11:26]   门牌3=255
[2018-05-15 11:11:26]   门牌4=255
[2018-05-15 11:11:26]   门牌5=255
[2018-05-15 11:11:26]   门牌6=255
[2018-05-15 11:11:26]   门牌7=255
[2018-05-15 11:11:26]   门牌8=255
[2018-05-15 11:11:26]   门牌9=255
[2018-05-15 11:11:26]   门牌10=255
[2018-05-15 11:11:26]   门牌11=255
[2018-05-15 11:11:26]   门牌12=255
[2018-05-15 11:11:26]   门牌13=255
[2018-05-15 11:11:26]   门牌14=255
[2018-05-15 11:11:26]   门牌15=255
[2018-05-15 11:11:26]   门牌16=255
[2018-05-15 11:11:26]   门牌17=255
[2018-05-15 11:11:26]   门牌18=255
[2018-05-15 11:11:26]   门牌19=255
[2018-05-15 11:11:26]   门牌20=255
[2018-05-15 11:11:26]   门牌21=255
[2018-05-15 11:11:26]   门牌22=255
[2018-05-15 11:11:26]   门牌23=255
[2018-05-15 11:11:26]   门牌24=255
[2018-05-15 11:11:26]   门牌25=255
[2018-05-15 11:11:26]   门牌26=255
[2018-05-15 11:11:26]   门牌27=255
[2018-05-15 11:11:26]   门牌28=255
[2018-05-15 11:11:26] 玩家1-奈云居的门牌： 
[2018-05-15 11:11:26]   门牌1=255
[2018-05-15 11:11:26]   门牌2=255
[2018-05-15 11:11:26]   门牌3=255
[2018-05-15 11:11:26]   门牌4=0
[2018-05-15 11:11:26]   门牌5=0
[2018-05-15 11:11:26]   门牌6=0
[2018-05-15 11:11:26]   门牌7=0
[2018-05-15 11:11:26]   门牌8=0
[2018-05-15 11:11:26]   门牌9=0
[2018-05-15 11:11:26]   门牌10=0
[2018-05-15 11:11:26]   门牌11=0
[2018-05-15 11:11:26]   门牌12=0
[2018-05-15 11:11:26]   门牌13=0
[2018-05-15 11:11:26]   门牌14=0
[2018-05-15 11:11:26]   门牌15=0
[2018-05-15 11:11:26]   门牌16=0
[2018-05-15 11:11:26]   门牌17=0
[2018-05-15 11:11:26]   门牌18=0
[2018-05-15 11:11:26]   门牌19=0
[2018-05-15 11:11:26]   门牌20=0
[2018-05-15 11:11:26]   门牌21=0
[2018-05-15 11:11:26]   门牌22=0
[2018-05-15 11:11:26]   门牌23=0
[2018-05-15 11:11:26]   门牌24=0
[2018-05-15 11:11:26]   门牌25=0
[2018-05-15 11:11:26]   门牌26=0
[2018-05-15 11:11:26]   门牌27=255
[2018-05-15 11:11:26]   门牌28=255
[2018-05-15 11:11:26] 玩家2-Phone14919的门牌： 
[2018-05-15 11:11:26]   门牌1=0
[2018-05-15 11:11:26]   门牌2=0
[2018-05-15 11:11:26]   门牌3=0
[2018-05-15 11:11:26]   门牌4=0
[2018-05-15 11:11:26]   门牌5=0
[2018-05-15 11:11:26]   门牌6=0
[2018-05-15 11:11:26]   门牌7=0
[2018-05-15 11:11:26]   门牌8=0
[2018-05-15 11:11:26]   门牌9=0
[2018-05-15 11:11:26]   门牌10=0
[2018-05-15 11:11:26]   门牌11=0
[2018-05-15 11:11:26]   门牌12=0
[2018-05-15 11:11:26]   门牌13=0
[2018-05-15 11:11:26]   门牌14=0
[2018-05-15 11:11:26]   门牌15=0
[2018-05-15 11:11:26]   门牌16=0
[2018-05-15 11:11:26]   门牌17=0
[2018-05-15 11:11:26]   门牌18=0
[2018-05-15 11:11:26]   门牌19=0
[2018-05-15 11:11:26]   门牌20=0
[2018-05-15 11:11:26]   门牌21=0
[2018-05-15 11:11:26]   门牌22=0
[2018-05-15 11:11:26]   门牌23=0
[2018-05-15 11:11:26]   门牌24=0
[2018-05-15 11:11:26]   门牌25=0
[2018-05-15 11:11:26]   门牌26=0
[2018-05-15 11:11:26]   门牌27=0
[2018-05-15 11:11:26]   门牌28=0
[2018-05-15 11:11:26] 玩家3-奥的天的门牌： 
[2018-05-15 11:11:26]   门牌1=0
[2018-05-15 11:11:26]   门牌2=0
[2018-05-15 11:11:26]   门牌3=255
[2018-05-15 11:11:26]   门牌4=255
[2018-05-15 11:11:26]   门牌5=255
[2018-05-15 11:11:26]   门牌6=255
[2018-05-15 11:11:26]   门牌7=255
[2018-05-15 11:11:26]   门牌8=255
[2018-05-15 11:11:26]   门牌9=255
[2018-05-15 11:11:26]   门牌10=255
[2018-05-15 11:11:26]   门牌11=255
[2018-05-15 11:11:26]   门牌12=255
[2018-05-15 11:11:26]   门牌13=255
[2018-05-15 11:11:26]   门牌14=255
[2018-05-15 11:11:26]   门牌15=255
[2018-05-15 11:11:26]   门牌16=255
[2018-05-15 11:11:26]   门牌17=255
[2018-05-15 11:11:26]   门牌18=255
[2018-05-15 11:11:26]   门牌19=255
[2018-05-15 11:11:26]   门牌20=255
[2018-05-15 11:11:26]   门牌21=255
[2018-05-15 11:11:26]   门牌22=255
[2018-05-15 11:11:26]   门牌23=255
[2018-05-15 11:11:26]   门牌24=255
[2018-05-15 11:11:26]   门牌25=255
[2018-05-15 11:11:26]   门牌26=255
[2018-05-15 11:11:26]   门牌27=255
[2018-05-15 11:11:26]   门牌28=255
[2018-05-15 11:13:45] 掷2颗色子确定起牌方向： byGetPaiDir=2-Phone14919, 3 4
[2018-05-15 11:13:48] 掷2颗色子确定起牌敦数事件: 3 1 4
[2018-05-15 11:13:53] 玩家0-Phone18190的门牌： 
[2018-05-15 11:13:53]   门牌1=255
[2018-05-15 11:13:53]   门牌2=255
[2018-05-15 11:13:53]   门牌3=255
[2018-05-15 11:13:53]   门牌4=255
[2018-05-15 11:13:53]   门牌5=255
[2018-05-15 11:13:53]   门牌6=0
[2018-05-15 11:13:53]   门牌7=0
[2018-05-15 11:13:53]   门牌8=0
[2018-05-15 11:13:53]   门牌9=0
[2018-05-15 11:13:53]   门牌10=0
[2018-05-15 11:13:53]   门牌11=0
[2018-05-15 11:13:53]   门牌12=0
[2018-05-15 11:13:53]   门牌13=0
[2018-05-15 11:13:53]   门牌14=0
[2018-05-15 11:13:53]   门牌15=0
[2018-05-15 11:13:53]   门牌16=0
[2018-05-15 11:13:53]   门牌17=0
[2018-05-15 11:13:53]   门牌18=0
[2018-05-15 11:13:53]   门牌19=0
[2018-05-15 11:13:53]   门牌20=0
[2018-05-15 11:13:53]   门牌21=0
[2018-05-15 11:13:53]   门牌22=0
[2018-05-15 11:13:53]   门牌23=0
[2018-05-15 11:13:53]   门牌24=0
[2018-05-15 11:13:53]   门牌25=0
[2018-05-15 11:13:53]   门牌26=0
[2018-05-15 11:13:53]   门牌27=0
[2018-05-15 11:13:53]   门牌28=0
[2018-05-15 11:13:53] 玩家1-奈云居的门牌： 
[2018-05-15 11:13:53]   门牌1=0
[2018-05-15 11:13:53]   门牌2=0
[2018-05-15 11:13:53]   门牌3=0
[2018-05-15 11:13:53]   门牌4=0
[2018-05-15 11:13:53]   门牌5=0
[2018-05-15 11:13:53]   门牌6=0
[2018-05-15 11:13:53]   门牌7=0
[2018-05-15 11:13:53]   门牌8=0
[2018-05-15 11:13:53]   门牌9=0
[2018-05-15 11:13:53]   门牌10=0
[2018-05-15 11:13:53]   门牌11=0
[2018-05-15 11:13:53]   门牌12=0
[2018-05-15 11:13:53]   门牌13=0
[2018-05-15 11:13:53]   门牌14=0
[2018-05-15 11:13:53]   门牌15=0
[2018-05-15 11:13:53]   门牌16=0
[2018-05-15 11:13:53]   门牌17=0
[2018-05-15 11:13:53]   门牌18=0
[2018-05-15 11:13:53]   门牌19=0
[2018-05-15 11:13:53]   门牌20=0
[2018-05-15 11:13:53]   门牌21=0
[2018-05-15 11:13:53]   门牌22=0
[2018-05-15 11:13:53]   门牌23=0
[2018-05-15 11:13:53]   门牌24=0
[2018-05-15 11:13:53]   门牌25=0
[2018-05-15 11:13:53]   门牌26=0
[2018-05-15 11:13:53]   门牌27=255
[2018-05-15 11:13:53]   门牌28=255
[2018-05-15 11:13:53] 玩家2-Phone14919的门牌： 
[2018-05-15 11:13:53]   门牌1=0
[2018-05-15 11:13:53]   门牌2=0
[2018-05-15 11:13:53]   门牌3=0
[2018-05-15 11:13:53]   门牌4=0
[2018-05-15 11:13:53]   门牌5=255
[2018-05-15 11:13:53]   门牌6=255
[2018-05-15 11:13:53]   门牌7=255
[2018-05-15 11:13:53]   门牌8=255
[2018-05-15 11:13:53]   门牌9=255
[2018-05-15 11:13:53]   门牌10=255
[2018-05-15 11:13:53]   门牌11=255
[2018-05-15 11:13:53]   门牌12=255
[2018-05-15 11:13:53]   门牌13=255
[2018-05-15 11:13:53]   门牌14=255
[2018-05-15 11:13:53]   门牌15=255
[2018-05-15 11:13:53]   门牌16=255
[2018-05-15 11:13:53]   门牌17=255
[2018-05-15 11:13:53]   门牌18=255
[2018-05-15 11:13:53]   门牌19=255
[2018-05-15 11:13:53]   门牌20=255
[2018-05-15 11:13:53]   门牌21=255
[2018-05-15 11:13:53]   门牌22=255
[2018-05-15 11:13:53]   门牌23=255
[2018-05-15 11:13:53]   门牌24=255
[2018-05-15 11:13:53]   门牌25=255
[2018-05-15 11:13:53]   门牌26=255
[2018-05-15 11:13:53]   门牌27=255
[2018-05-15 11:13:53]   门牌28=255
[2018-05-15 11:13:53] 玩家3-奥的天的门牌： 
[2018-05-15 11:13:53]   门牌1=255
[2018-05-15 11:13:53]   门牌2=255
[2018-05-15 11:13:53]   门牌3=255
[2018-05-15 11:13:53]   门牌4=255
[2018-05-15 11:13:53]   门牌5=255
[2018-05-15 11:13:53]   门牌6=255
[2018-05-15 11:13:53]   门牌7=255
[2018-05-15 11:13:53]   门牌8=255
[2018-05-15 11:13:53]   门牌9=255
[2018-05-15 11:13:53]   门牌10=255
[2018-05-15 11:13:53]   门牌11=255
[2018-05-15 11:13:53]   门牌12=255
[2018-05-15 11:13:53]   门牌13=255
[2018-05-15 11:13:53]   门牌14=255
[2018-05-15 11:13:53]   门牌15=255
[2018-05-15 11:13:53]   门牌16=255
[2018-05-15 11:13:53]   门牌17=255
[2018-05-15 11:13:53]   门牌18=255
[2018-05-15 11:13:53]   门牌19=255
[2018-05-15 11:13:53]   门牌20=255
[2018-05-15 11:13:53]   门牌21=255
[2018-05-15 11:13:53]   门牌22=255
[2018-05-15 11:13:53]   门牌23=255
[2018-05-15 11:13:53]   门牌24=255
[2018-05-15 11:13:53]   门牌25=255
[2018-05-15 11:13:53]   门牌26=255
[2018-05-15 11:13:53]   门牌27=255
[2018-05-15 11:13:53]   门牌28=255
