[20:8:34] 3:20548 netcut
[20:8:34] broad >>>>>>>>>>>>>>>>>>>>>>>>>>>>>>> message 32 size 2
[20:8:34] 2:20547 netcut
[20:8:34] broad >>>>>>>>>>>>>>>>>>>>>>>>>>>>>>> message 32 size 2
[20:8:34] 自动出牌 last 255  cur 2
[20:8:34] 玩家2  自动出牌 头游出牌 [2]
[20:8:34] user [20547-2] checkPlayCard 1a,2a,[2]
[20:8:34] user [20547-2] checkPlayCard (ff,1a),(ff,2a),[2]
[20:8:34] 应答 出牌 2  [2]
[20:8:34] broad >>>>>>>>>>>>>>>>>>>>>>>>>>>>>>> message 30 size 206
[20:8:34] 通知 出牌 1
[20:8:34] broad >>>>>>>>>>>>>>>>>>>>>>>>>>>>>>> message 51 size 2
[20:8:36] 自动出牌 last 2  cur 1
[20:8:36] 玩家1  自动出牌 跟牌 出牌 [4]
[20:8:36] user [20360-1] checkPlayCard 2,12,22,32,[4]
[20:8:36] user [20360-1] checkPlayCard (0,2),(0,12),(0,22),(0,32),[4]
[20:8:36] 应答 出牌 1  [4]
[20:8:36] broad >>>>>>>>>>>>>>>>>>>>>>>>>>>>>>> message 30 size 206
[20:8:36] 通知 出牌 0
[20:8:36] broad >>>>>>>>>>>>>>>>>>>>>>>>>>>>>>> message 51 size 2
[20:8:38] 自动出牌 last 1  cur 0
[20:8:38] 玩家0  自动出牌 跟牌 出牌 [4]
[20:8:38] user [21540-0] checkPlayCard 28,28,38,38,[4]
[20:8:38] user [21540-0] checkPlayCard (ff,28),(ff,28),(ff,38),(ff,38),[4]
[20:8:38] 应答 出牌 0  [4]
[20:8:38] broad >>>>>>>>>>>>>>>>>>>>>>>>>>>>>>> message 30 size 206
[20:8:38] 通知 出牌 3
[20:8:38] broad >>>>>>>>>>>>>>>>>>>>>>>>>>>>>>> message 51 size 2
[20:8:40] 自动出牌 last 0  cur 3
[20:8:40] 玩家3  自动出牌 跟牌 不要
[20:8:40] 应答 不要 3
[20:8:40] broad >>>>>>>>>>>>>>>>>>>>>>>>>>>>>>> message 31 size 2
[20:8:40]  recv  pass Cur 3 ,Seat 3, last 0,next 2,nextActive 2
[20:8:40] 3不要，通知下家 2 出牌
[20:8:40] 通知 出牌 2
[20:8:40] broad >>>>>>>>>>>>>>>>>>>>>>>>>>>>>>> message 51 size 2
[20:8:42] 自动出牌 last 0  cur 2
[20:8:42] 玩家2  自动出牌 跟牌 出牌 [2]
[20:8:42] user [20547-2] checkPlayCard 4e,4f,[2]
[20:8:42] user [20547-2] checkPlayCard (ff,4e),(ff,4f),[2]
[20:8:42] 应答 出牌 2  [2]
[20:8:42] broad >>>>>>>>>>>>>>>>>>>>>>>>>>>>>>> message 30 size 206
[20:8:42] 玩家0[21540]  奖金分 -10,奖金个数0,累计奖金0,累计奖金个数0
[20:8:42] 玩家1[20360]  奖金分 -10,奖金个数0,累计奖金0,累计奖金个数0
[20:8:42] 玩家2[20547]  奖金分 30,奖金个数1,累计奖金0,累计奖金个数0
[20:8:42] 玩家3[20548]  奖金分 -10,奖金个数0,累计奖金0,累计奖金个数0
[20:8:42] broad >>>>>>>>>>>>>>>>>>>>>>>>>>>>>>> message 57 size 80
[20:8:42] 通知 出牌 1
[20:8:42] broad >>>>>>>>>>>>>>>>>>>>>>>>>>>>>>> message 51 size 2
[20:8:44] 自动出牌 last 2  cur 1
[20:8:44] 玩家1  自动出牌 跟牌 不要
[20:8:44] 应答 不要 1
[20:8:44] broad >>>>>>>>>>>>>>>>>>>>>>>>>>>>>>> message 31 size 2
[20:8:44]  recv  pass Cur 1 ,Seat 1, last 2,next 0,nextActive 0
[20:8:44] 1不要，通知下家 0 出牌
[20:8:44] 通知 出牌 0
[20:8:44] broad >>>>>>>>>>>>>>>>>>>>>>>>>>>>>>> message 51 size 2
[20:8:46] 自动出牌 last 2  cur 0
[20:8:46] 玩家0  自动出牌 跟牌 不要
[20:8:46] 应答 不要 0
[20:8:46] broad >>>>>>>>>>>>>>>>>>>>>>>>>>>>>>> message 31 size 2
[20:8:46]  recv  pass Cur 0 ,Seat 0, last 2,next 3,nextActive 3
[20:8:46] 0不要，通知下家 3 出牌
[20:8:46] 通知 出牌 3
[20:8:46] broad >>>>>>>>>>>>>>>>>>>>>>>>>>>>>>> message 51 size 2
[20:8:48] 自动出牌 last 2  cur 3
[20:8:48] 玩家3  自动出牌 跟牌 不要
[20:8:48] 应答 不要 3
[20:8:48] broad >>>>>>>>>>>>>>>>>>>>>>>>>>>>>>> message 31 size 2
[20:8:48]  recv  pass Cur 3 ,Seat 3, last 2,next 2,nextActive 2
[20:8:48] 2 没人要，出牌
[20:8:48] 通知 出牌 2
[20:8:48] broad >>>>>>>>>>>>>>>>>>>>>>>>>>>>>>> message 51 size 2
[20:8:50] 自动出牌 last 255  cur 2
[20:8:50] 玩家2  自动出牌 头游出牌 [2]
[20:8:50] user [20547-2] checkPlayCard d,3d,[2]
[20:8:50] user [20547-2] checkPlayCard (ff,d),(ff,3d),[2]
[20:8:50] 应答 出牌 2  [2]
[20:8:50] broad >>>>>>>>>>>>>>>>>>>>>>>>>>>>>>> message 30 size 206
[20:8:50] 通知 出牌 1
[20:8:50] broad >>>>>>>>>>>>>>>>>>>>>>>>>>>>>>> message 51 size 2
[20:8:52] 自动出牌 last 2  cur 1
[20:8:52] 玩家1  自动出牌 跟牌 不要
[20:8:52] 应答 不要 1
[20:8:52] broad >>>>>>>>>>>>>>>>>>>>>>>>>>>>>>> message 31 size 2
[20:8:52]  recv  pass Cur 1 ,Seat 1, last 2,next 0,nextActive 0
[20:8:52] 1不要，通知下家 0 出牌
[20:8:52] 通知 出牌 0
[20:8:52] broad >>>>>>>>>>>>>>>>>>>>>>>>>>>>>>> message 51 size 2
[20:8:54] 自动出牌 last 2  cur 0
[20:8:54] 玩家0  自动出牌 跟牌 出牌 [3]
[20:8:54] user [21540-0] checkPlayCard 14,39,2c,[3]
[20:8:54] user [21540-0] checkPlayCard (ff,14),(ff,39),(ff,2c),[3]
[20:8:54] 应答 出牌 0  [3]
[20:8:54] broad >>>>>>>>>>>>>>>>>>>>>>>>>>>>>>> message 30 size 206
[20:8:54] 通知 出牌 3
[20:8:54] broad >>>>>>>>>>>>>>>>>>>>>>>>>>>>>>> message 51 size 2
[20:8:56] 自动出牌 last 0  cur 3
[20:8:56] 玩家3  自动出牌 跟牌 出牌 [4]
[20:8:56] user [20548-3] checkPlayCard 6,16,26,36,[4]
[20:8:56] user [20548-3] checkPlayCard (ff,6),(ff,16),(ff,26),(ff,36),[4]
[20:8:56] 应答 出牌 3  [4]
[20:8:56] broad >>>>>>>>>>>>>>>>>>>>>>>>>>>>>>> message 30 size 206
[20:8:56] 通知 出牌 2
[20:8:56] broad >>>>>>>>>>>>>>>>>>>>>>>>>>>>>>> message 51 size 2
[20:8:58] 自动出牌 last 3  cur 2
[20:8:58] 玩家2  自动出牌 跟牌 不要
[20:8:58] 应答 不要 2
[20:8:58] broad >>>>>>>>>>>>>>>>>>>>>>>>>>>>>>> message 31 size 2
[20:8:58]  recv  pass Cur 2 ,Seat 2, last 3,next 1,nextActive 1
[20:8:58] 2不要，通知下家 1 出牌
[20:8:58] 通知 出牌 1
[20:8:58] broad >>>>>>>>>>>>>>>>>>>>>>>>>>>>>>> message 51 size 2
[20:9:0] 自动出牌 last 3  cur 1
[20:9:0] 玩家1  自动出牌 跟牌 不要
[20:9:0] 应答 不要 1
[20:9:0] broad >>>>>>>>>>>>>>>>>>>>>>>>>>>>>>> message 31 size 2
[20:9:0]  recv  pass Cur 1 ,Seat 1, last 3,next 0,nextActive 0
[20:9:0] 1不要，通知下家 0 出牌
[20:9:0] 通知 出牌 0
[20:9:0] broad >>>>>>>>>>>>>>>>>>>>>>>>>>>>>>> message 51 size 2
[20:9:2] 自动出牌 last 3  cur 0
[20:9:2] 玩家0  自动出牌 跟牌 出牌 [4]
[20:9:2] user [21540-0] checkPlayCard 11,21,31,31,[4]
[20:9:2] user [21540-0] checkPlayCard (ff,11),(ff,21),(ff,31),(ff,31),[4]
[20:9:2] 应答 出牌 0  [4]
[20:9:2] broad >>>>>>>>>>>>>>>>>>>>>>>>>>>>>>> message 30 size 206
[20:9:2] 通知 出牌 3
[20:9:2] broad >>>>>>>>>>>>>>>>>>>>>>>>>>>>>>> message 51 size 2
[20:9:4] 自动出牌 last 0  cur 3
[20:9:4] 玩家3  自动出牌 跟牌 不要
[20:9:4] 应答 不要 3
[20:9:4] broad >>>>>>>>>>>>>>>>>>>>>>>>>>>>>>> message 31 size 2
[20:9:4]  recv  pass Cur 3 ,Seat 3, last 0,next 2,nextActive 2
[20:9:4] 3不要，通知下家 2 出牌
[20:9:4] 通知 出牌 2
[20:9:4] broad >>>>>>>>>>>>>>>>>>>>>>>>>>>>>>> message 51 size 2
[20:9:6] 自动出牌 last 0  cur 2
[20:9:6] 玩家2  自动出牌 跟牌 不要
[20:9:6] 应答 不要 2
[20:9:6] broad >>>>>>>>>>>>>>>>>>>>>>>>>>>>>>> message 31 size 2
[20:9:6]  recv  pass Cur 2 ,Seat 2, last 0,next 1,nextActive 1
[20:9:6] 2不要，通知下家 1 出牌
[20:9:6] 通知 出牌 1
[20:9:6] broad >>>>>>>>>>>>>>>>>>>>>>>>>>>>>>> message 51 size 2
[20:9:8] 自动出牌 last 0  cur 1
[20:9:8] 玩家1  自动出牌 跟牌 不要
[20:9:8] 应答 不要 1
[20:9:8] broad >>>>>>>>>>>>>>>>>>>>>>>>>>>>>>> message 31 size 2
[20:9:8]  recv  pass Cur 1 ,Seat 1, last 0,next 0,nextActive 0
[20:9:8] 0 没人要，出牌
[20:9:8] 通知 出牌 0
[20:9:8] broad >>>>>>>>>>>>>>>>>>>>>>>>>>>>>>> message 51 size 2
[20:9:10] 自动出牌 last 255  cur 0
[20:9:10] 玩家0  自动出牌 头游出牌 [1]
[20:9:10] user [21540-0] checkPlayCard 3a,[1]
[20:9:10] user [21540-0] checkPlayCard (ff,3a),[1]
[20:9:10] 应答 出牌 0  [1]
[20:9:10] broad >>>>>>>>>>>>>>>>>>>>>>>>>>>>>>> message 30 size 206
[20:9:10] 通知 出牌 3
[20:9:10] broad >>>>>>>>>>>>>>>>>>>>>>>>>>>>>>> message 51 size 2
[20:9:12] 自动出牌 last 0  cur 3
[20:9:12] 玩家3  自动出牌 跟牌 出牌 [1]
[20:9:12] user [20548-3] checkPlayCard b,[1]
[20:9:12] user [20548-3] checkPlayCard (ff,b),[1]
[20:9:12] 应答 出牌 3  [1]
[20:9:12] broad >>>>>>>>>>>>>>>>>>>>>>>>>>>>>>> message 30 size 206
[20:9:12] 通知 出牌 2
[20:9:12] broad >>>>>>>>>>>>>>>>>>>>>>>>>>>>>>> message 51 size 2
[20:9:14] 自动出牌 last 3  cur 2
[20:9:14] 玩家2  自动出牌 跟牌 出牌 [3]
[20:9:14] user [20547-2] checkPlayCard 34,19,3c,[3]
[20:9:14] user [20547-2] checkPlayCard (ff,34),(ff,19),(ff,3c),[3]
[20:9:14] 应答 出牌 2  [3]
[20:9:14] broad >>>>>>>>>>>>>>>>>>>>>>>>>>>>>>> message 30 size 206
[20:9:14] 通知 出牌 1
[20:9:14] broad >>>>>>>>>>>>>>>>>>>>>>>>>>>>>>> message 51 size 2
[20:9:16] 自动出牌 last 2  cur 1
[20:9:16] 玩家1  自动出牌 跟牌 不要
[20:9:16] 应答 不要 1
[20:9:16] broad >>>>>>>>>>>>>>>>>>>>>>>>>>>>>>> message 31 size 2
[20:9:16]  recv  pass Cur 1 ,Seat 1, last 2,next 0,nextActive 0
[20:9:16] 1不要，通知下家 0 出牌
[20:9:16] 通知 出牌 0
[20:9:16] broad >>>>>>>>>>>>>>>>>>>>>>>>>>>>>>> message 51 size 2
[20:9:18] 自动出牌 last 2  cur 0
[20:9:18] 玩家0  自动出牌 跟牌 不要
[20:9:18] 应答 不要 0
[20:9:18] broad >>>>>>>>>>>>>>>>>>>>>>>>>>>>>>> message 31 size 2
[20:9:18]  recv  pass Cur 0 ,Seat 0, last 2,next 3,nextActive 3
[20:9:18] 0不要，通知下家 3 出牌
[20:9:18] 通知 出牌 3
[20:9:18] broad >>>>>>>>>>>>>>>>>>>>>>>>>>>>>>> message 51 size 2
[20:9:20] 自动出牌 last 2  cur 3
[20:9:20] 玩家3  自动出牌 跟牌 出牌 [4]
[20:9:20] user [20548-3] checkPlayCard 14,24,24,34,[4]
[20:9:20] user [20548-3] checkPlayCard (ff,14),(ff,24),(ff,24),(ff,34),[4]
[20:9:20] 应答 出牌 3  [4]
[20:9:20] broad >>>>>>>>>>>>>>>>>>>>>>>>>>>>>>> message 30 size 206
[20:9:20] 通知 出牌 2
[20:9:20] broad >>>>>>>>>>>>>>>>>>>>>>>>>>>>>>> message 51 size 2
[20:9:22] 自动出牌 last 3  cur 2
[20:9:22] 玩家2  自动出牌 跟牌 不要
[20:9:22] 应答 不要 2
[20:9:22] broad >>>>>>>>>>>>>>>>>>>>>>>>>>>>>>> message 31 size 2
[20:9:22]  recv  pass Cur 2 ,Seat 2, last 3,next 1,nextActive 1
[20:9:22] 2不要，通知下家 1 出牌
[20:9:22] 通知 出牌 1
[20:9:22] broad >>>>>>>>>>>>>>>>>>>>>>>>>>>>>>> message 51 size 2
[20:9:24] 自动出牌 last 3  cur 1
[20:9:24] 玩家1  自动出牌 跟牌 不要
[20:9:24] 应答 不要 1
[20:9:24] broad >>>>>>>>>>>>>>>>>>>>>>>>>>>>>>> message 31 size 2
[20:9:24]  recv  pass Cur 1 ,Seat 1, last 3,next 0,nextActive 0
[20:9:24] 1不要，通知下家 0 出牌
[20:9:24] 通知 出牌 0
[20:9:24] broad >>>>>>>>>>>>>>>>>>>>>>>>>>>>>>> message 51 size 2
[20:9:27] 自动出牌 last 3  cur 0
[20:9:27] 玩家0  自动出牌 跟牌 不要
[20:9:27] 应答 不要 0
[20:9:27] broad >>>>>>>>>>>>>>>>>>>>>>>>>>>>>>> message 31 size 2
[20:9:27]  recv  pass Cur 0 ,Seat 0, last 3,next 3,nextActive 3
[20:9:27] 3 没人要，出牌
[20:9:27] 通知 出牌 3
[20:9:27] broad >>>>>>>>>>>>>>>>>>>>>>>>>>>>>>> message 51 size 2
[20:9:29] 自动出牌 last 255  cur 3
[20:9:29] 玩家3  自动出牌 头游出牌 [1]
[20:9:29] user [20548-3] checkPlayCard 21,[1]
[20:9:29] user [20548-3] checkPlayCard (ff,21),[1]
[20:9:29] 应答 出牌 3  [1]
[20:9:29] broad >>>>>>>>>>>>>>>>>>>>>>>>>>>>>>> message 30 size 206
[20:9:29] 通知 出牌 2
[20:9:29] broad >>>>>>>>>>>>>>>>>>>>>>>>>>>>>>> message 51 size 2
[20:9:31] 自动出牌 last 3  cur 2
[20:9:31] 玩家2  自动出牌 跟牌 出牌 [3]
[20:9:31] user [20547-2] checkPlayCard 4,19,2c,[3]
[20:9:31] user [20547-2] checkPlayCard (ff,4),(ff,19),(ff,2c),[3]
[20:9:31] 应答 出牌 2  [3]
[20:9:31] broad >>>>>>>>>>>>>>>>>>>>>>>>>>>>>>> message 30 size 206
[20:9:31] 通知 出牌 1
[20:9:31] broad >>>>>>>>>>>>>>>>>>>>>>>>>>>>>>> message 51 size 2
[20:9:33] 自动出牌 last 2  cur 1
[20:9:33] 玩家1  自动出牌 跟牌 不要
[20:9:33] 应答 不要 1
[20:9:33] broad >>>>>>>>>>>>>>>>>>>>>>>>>>>>>>> message 31 size 2
[20:9:33]  recv  pass Cur 1 ,Seat 1, last 2,next 0,nextActive 0
[20:9:33] 1不要，通知下家 0 出牌
[20:9:33] 通知 出牌 0
[20:9:33] broad >>>>>>>>>>>>>>>>>>>>>>>>>>>>>>> message 51 size 2
[20:9:35] 自动出牌 last 2  cur 0
[20:9:35] 玩家0  自动出牌 跟牌 不要
[20:9:35] 应答 不要 0
[20:9:35] broad >>>>>>>>>>>>>>>>>>>>>>>>>>>>>>> message 31 size 2
[20:9:35]  recv  pass Cur 0 ,Seat 0, last 2,next 3,nextActive 3
[20:9:35] 0不要，通知下家 3 出牌
[20:9:35] 通知 出牌 3
[20:9:35] broad >>>>>>>>>>>>>>>>>>>>>>>>>>>>>>> message 51 size 2
[20:9:37] 自动出牌 last 2  cur 3
[20:9:37] 玩家3  自动出牌 跟牌 不要
[20:9:37] 应答 不要 3
[20:9:37] broad >>>>>>>>>>>>>>>>>>>>>>>>>>>>>>> message 31 size 2
[20:9:37]  recv  pass Cur 3 ,Seat 3, last 2,next 2,nextActive 2
[20:9:37] 2 没人要，出牌
[20:9:37] 通知 出牌 2
[20:9:37] broad >>>>>>>>>>>>>>>>>>>>>>>>>>>>>>> message 51 size 2
[20:9:39] 自动出牌 last 255  cur 2
[20:9:39] 玩家2  自动出牌 头游出牌 [5]
[20:9:39] user [20547-2] checkPlayCard 5,25,35,12,22,[5]
[20:9:39] user [20547-2] checkPlayCard (ff,5),(ff,25),(ff,35),(ff,12),(ff,22),[5]
[20:9:39] 应答 出牌 2  [5]
[20:9:39] broad >>>>>>>>>>>>>>>>>>>>>>>>>>>>>>> message 30 size 206
[20:9:39] 通知 出牌 1
[20:9:39] broad >>>>>>>>>>>>>>>>>>>>>>>>>>>>>>> message 51 size 2
[20:9:41] 自动出牌 last 2  cur 1
[20:9:41] 玩家1  自动出牌 跟牌 出牌 [5]
[20:9:41] user [20360-1] checkPlayCard 29,3d,1,1,11,[5]
[20:9:41] user [20360-1] checkPlayCard (0,29),(0,3d),(0,1),(0,1),(0,11),[5]
[20:9:41] 应答 出牌 1  [5]
[20:9:41] broad >>>>>>>>>>>>>>>>>>>>>>>>>>>>>>> message 30 size 206
[20:9:41] 通知 出牌 0
[20:9:41] broad >>>>>>>>>>>>>>>>>>>>>>>>>>>>>>> message 51 size 2
[20:9:43] 自动出牌 last 1  cur 0
[20:9:43] 玩家0  自动出牌 跟牌 不要
[20:9:43] 应答 不要 0
[20:9:43] broad >>>>>>>>>>>>>>>>>>>>>>>>>>>>>>> message 31 size 2
[20:9:43]  recv  pass Cur 0 ,Seat 0, last 1,next 3,nextActive 3
[20:9:43] 0不要，通知下家 3 出牌
[20:9:43] 通知 出牌 3
[20:9:43] broad >>>>>>>>>>>>>>>>>>>>>>>>>>>>>>> message 51 size 2
[20:9:45] 自动出牌 last 1  cur 3
[20:9:45] 玩家3  自动出牌 跟牌 不要
[20:9:45] 应答 不要 3
[20:9:45] broad >>>>>>>>>>>>>>>>>>>>>>>>>>>>>>> message 31 size 2
[20:9:45]  recv  pass Cur 3 ,Seat 3, last 1,next 2,nextActive 2
[20:9:45] 3不要，通知下家 2 出牌
[20:9:45] 通知 出牌 2
[20:9:45] broad >>>>>>>>>>>>>>>>>>>>>>>>>>>>>>> message 51 size 2
[20:9:47] 自动出牌 last 1  cur 2
[20:9:47] 玩家2  自动出牌 跟牌 不要
[20:9:47] 应答 不要 2
[20:9:47] broad >>>>>>>>>>>>>>>>>>>>>>>>>>>>>>> message 31 size 2
[20:9:47]  recv  pass Cur 2 ,Seat 2, last 1,next 1,nextActive 1
[20:9:47] 1 没人要，出牌
[20:9:47] 通知 出牌 1
[20:9:47] broad >>>>>>>>>>>>>>>>>>>>>>>>>>>>>>> message 51 size 2
[20:9:49] 自动出牌 last 255  cur 1
[20:9:49] 玩家1  自动出牌 头游出牌 [1]
[20:9:49] user [20360-1] checkPlayCard 27,[1]
[20:9:49] user [20360-1] checkPlayCard (ff,27),[1]
[20:9:49] 应答 出牌 1  [1]
[20:9:49] broad >>>>>>>>>>>>>>>>>>>>>>>>>>>>>>> message 30 size 206
[20:9:49] 通知 出牌 0
[20:9:49] broad >>>>>>>>>>>>>>>>>>>>>>>>>>>>>>> message 51 size 2
[20:9:51] 自动出牌 last 1  cur 0
[20:9:51] 玩家0  自动出牌 跟牌 出牌 [1]
[20:9:51] user [21540-0] checkPlayCard 2b,[1]
[20:9:51] user [21540-0] checkPlayCard (ff,2b),[1]
[20:9:51] 应答 出牌 0  [1]
[20:9:51] broad >>>>>>>>>>>>>>>>>>>>>>>>>>>>>>> message 30 size 206
[20:9:51] 通知 出牌 3
[20:9:51] broad >>>>>>>>>>>>>>>>>>>>>>>>>>>>>>> message 51 size 2
[20:9:53] 自动出牌 last 0  cur 3
[20:9:53] 玩家3  自动出牌 跟牌 出牌 [1]
[20:9:53] user [20548-3] checkPlayCard 4f,[1]
[20:9:53] user [20548-3] checkPlayCard (ff,4f),[1]
[20:9:53] 应答 出牌 3  [1]
[20:9:53] broad >>>>>>>>>>>>>>>>>>>>>>>>>>>>>>> message 30 size 206
[20:9:53] 通知 出牌 2
[20:9:53] broad >>>>>>>>>>>>>>>>>>>>>>>>>>>>>>> message 51 size 2
[20:9:55] 自动出牌 last 3  cur 2
[20:9:55] 玩家2  自动出牌 跟牌 不要
[20:9:55] 应答 不要 2
[20:9:55] broad >>>>>>>>>>>>>>>>>>>>>>>>>>>>>>> message 31 size 2
[20:9:55]  recv  pass Cur 2 ,Seat 2, last 3,next 1,nextActive 1
[20:9:55] 2不要，通知下家 1 出牌
[20:9:55] 通知 出牌 1
[20:9:55] broad >>>>>>>>>>>>>>>>>>>>>>>>>>>>>>> message 51 size 2
[20:9:57] 自动出牌 last 3  cur 1
[20:9:57] 玩家1  自动出牌 跟牌 不要
[20:9:57] 应答 不要 1
[20:9:57] broad >>>>>>>>>>>>>>>>>>>>>>>>>>>>>>> message 31 size 2
[20:9:57]  recv  pass Cur 1 ,Seat 1, last 3,next 0,nextActive 0
[20:9:57] 1不要，通知下家 0 出牌
[20:9:57] 通知 出牌 0
[20:9:57] broad >>>>>>>>>>>>>>>>>>>>>>>>>>>>>>> message 51 size 2
[20:9:59] 自动出牌 last 3  cur 0
[20:9:59] 玩家0  自动出牌 跟牌 不要
[20:9:59] 应答 不要 0
[20:9:59] broad >>>>>>>>>>>>>>>>>>>>>>>>>>>>>>> message 31 size 2
[20:9:59]  recv  pass Cur 0 ,Seat 0, last 3,next 3,nextActive 3
[20:9:59] 3 没人要，出牌
[20:9:59] 通知 出牌 3
[20:9:59] broad >>>>>>>>>>>>>>>>>>>>>>>>>>>>>>> message 51 size 2
[20:10:1] 自动出牌 last 255  cur 3
[20:10:1] 玩家3  自动出牌 头游出牌 [2]
[20:10:1] user [20548-3] checkPlayCard 1a,2a,[2]
[20:10:1] user [20548-3] checkPlayCard (ff,1a),(ff,2a),[2]
[20:10:1] 应答 出牌 3  [2]
[20:10:1] broad >>>>>>>>>>>>>>>>>>>>>>>>>>>>>>> message 30 size 206
[20:10:1] 通知 出牌 2
[20:10:1] broad >>>>>>>>>>>>>>>>>>>>>>>>>>>>>>> message 51 size 2
[20:10:3] 自动出牌 last 3  cur 2
[20:10:3] 玩家2  自动出牌 跟牌 不要
[20:10:3] 应答 不要 2
[20:10:3] broad >>>>>>>>>>>>>>>>>>>>>>>>>>>>>>> message 31 size 2
[20:10:3]  recv  pass Cur 2 ,Seat 2, last 3,next 1,nextActive 1
[20:10:3] 2不要，通知下家 1 出牌
[20:10:3] 通知 出牌 1
[20:10:3] broad >>>>>>>>>>>>>>>>>>>>>>>>>>>>>>> message 51 size 2
[20:10:5] 自动出牌 last 3  cur 1
[20:10:5] 玩家1  自动出牌 跟牌 出牌 [2]
[20:10:5] user [20360-1] checkPlayCard c,1c,[2]
[20:10:5] user [20360-1] checkPlayCard (ff,c),(ff,1c),[2]
[20:10:5] 应答 出牌 1  [2]
[20:10:5] broad >>>>>>>>>>>>>>>>>>>>>>>>>>>>>>> message 30 size 206
[20:10:5] 通知 出牌 0
[20:10:5] broad >>>>>>>>>>>>>>>>>>>>>>>>>>>>>>> message 51 size 2
[20:10:7] 自动出牌 last 1  cur 0
[20:10:7] 玩家0  自动出牌 跟牌 不要
[20:10:7] 应答 不要 0
[20:10:7] broad >>>>>>>>>>>>>>>>>>>>>>>>>>>>>>> message 31 size 2
[20:10:7]  recv  pass Cur 0 ,Seat 0, last 1,next 3,nextActive 3
[20:10:7] 0不要，通知下家 3 出牌
[20:10:7] 通知 出牌 3
[20:10:7] broad >>>>>>>>>>>>>>>>>>>>>>>>>>>>>>> message 51 size 2
[20:10:9] 自动出牌 last 1  cur 3
[20:10:9] 玩家3  自动出牌 跟牌 出牌 [2]
[20:10:9] user [20548-3] checkPlayCard 1d,2d,[2]
[20:10:9] user [20548-3] checkPlayCard (ff,1d),(ff,2d),[2]
[20:10:9] 应答 出牌 3  [2]
[20:10:9] broad >>>>>>>>>>>>>>>>>>>>>>>>>>>>>>> message 30 size 206
[20:10:9] 通知 出牌 2
[20:10:9] broad >>>>>>>>>>>>>>>>>>>>>>>>>>>>>>> message 51 size 2
[20:10:11] 自动出牌 last 3  cur 2
[20:10:11] 玩家2  自动出牌 跟牌 不要
[20:10:11] 应答 不要 2
[20:10:11] broad >>>>>>>>>>>>>>>>>>>>>>>>>>>>>>> message 31 size 2
[20:10:11]  recv  pass Cur 2 ,Seat 2, last 3,next 1,nextActive 1
[20:10:11] 2不要，通知下家 1 出牌
[20:10:11] 通知 出牌 1
[20:10:11] broad >>>>>>>>>>>>>>>>>>>>>>>>>>>>>>> message 51 size 2
[20:10:13] 自动出牌 last 3  cur 1
[20:10:13] 玩家1  自动出牌 跟牌 不要
[20:10:13] 应答 不要 1
[20:10:13] broad >>>>>>>>>>>>>>>>>>>>>>>>>>>>>>> message 31 size 2
[20:10:13]  recv  pass Cur 1 ,Seat 1, last 3,next 0,nextActive 0
[20:10:13] 1不要，通知下家 0 出牌
[20:10:13] 通知 出牌 0
[20:10:13] broad >>>>>>>>>>>>>>>>>>>>>>>>>>>>>>> message 51 size 2
[20:10:15] 自动出牌 last 3  cur 0
[20:10:15] 玩家0  自动出牌 跟牌 不要
[20:10:15] 应答 不要 0
[20:10:15] broad >>>>>>>>>>>>>>>>>>>>>>>>>>>>>>> message 31 size 2
[20:10:15]  recv  pass Cur 0 ,Seat 0, last 3,next 3,nextActive 3
[20:10:15] 3 没人要，出牌
[20:10:15] 通知 出牌 3
[20:10:15] broad >>>>>>>>>>>>>>>>>>>>>>>>>>>>>>> message 51 size 2
[20:10:17] 自动出牌 last 255  cur 3
[20:10:17] 玩家3  自动出牌 头游出牌 [2]
[20:10:17] user [20548-3] checkPlayCard c,1c,[2]
[20:10:17] user [20548-3] checkPlayCard (ff,c),(ff,1c),[2]
[20:10:17] 应答 出牌 3  [2]
[20:10:17] broad >>>>>>>>>>>>>>>>>>>>>>>>>>>>>>> message 30 size 206
[20:10:17] 通知 出牌 2
[20:10:17] broad >>>>>>>>>>>>>>>>>>>>>>>>>>>>>>> message 51 size 2
[20:10:19] 自动出牌 last 3  cur 2
[20:10:19] 玩家2  自动出牌 跟牌 不要
[20:10:19] 应答 不要 2
[20:10:19] broad >>>>>>>>>>>>>>>>>>>>>>>>>>>>>>> message 31 size 2
[20:10:19]  recv  pass Cur 2 ,Seat 2, last 3,next 1,nextActive 1
[20:10:19] 2不要，通知下家 1 出牌
[20:10:19] 通知 出牌 1
[20:10:19] broad >>>>>>>>>>>>>>>>>>>>>>>>>>>>>>> message 51 size 2
[20:10:21] 自动出牌 last 3  cur 1
[20:10:21] 玩家1  自动出牌 跟牌 不要
[20:10:21] 应答 不要 1
[20:10:21] broad >>>>>>>>>>>>>>>>>>>>>>>>>>>>>>> message 31 size 2
[20:10:21]  recv  pass Cur 1 ,Seat 1, last 3,next 0,nextActive 0
[20:10:21] 1不要，通知下家 0 出牌
[20:10:21] 通知 出牌 0
[20:10:21] broad >>>>>>>>>>>>>>>>>>>>>>>>>>>>>>> message 51 size 2
[20:10:23] 自动出牌 last 3  cur 0
[20:10:23] 玩家0  自动出牌 跟牌 不要
[20:10:23] 应答 不要 0
[20:10:23] broad >>>>>>>>>>>>>>>>>>>>>>>>>>>>>>> message 31 size 2
[20:10:23]  recv  pass Cur 0 ,Seat 0, last 3,next 3,nextActive 3
[20:10:23] 3 没人要，出牌
[20:10:23] 通知 出牌 3
[20:10:23] broad >>>>>>>>>>>>>>>>>>>>>>>>>>>>>>> message 51 size 2
[20:10:25] 自动出牌 last 255  cur 3
[20:10:25] 玩家3  自动出牌 头游出牌 [5]
[20:10:25] user [20548-3] checkPlayCard 13,23,23,15,7,[5]
[20:10:25] user [20548-3] checkPlayCard (ff,13),(ff,23),(ff,23),(ff,15),(ff,7),[5]
[20:10:25] 应答 出牌 3  [5]
[20:10:25] broad >>>>>>>>>>>>>>>>>>>>>>>>>>>>>>> message 30 size 206
[20:10:25] 通知 出牌 2
[20:10:25] broad >>>>>>>>>>>>>>>>>>>>>>>>>>>>>>> message 51 size 2
[20:10:27] 自动出牌 last 3  cur 2
[20:10:27] 玩家2  自动出牌 跟牌 出牌 [5]
[20:10:27] user [20547-2] checkPlayCard 7,17,37,13,33,[5]
[20:10:27] user [20547-2] checkPlayCard (ff,7),(ff,17),(ff,37),(ff,13),(ff,33),[5]
[20:10:27] 应答 出牌 2  [5]
[20:10:27] broad >>>>>>>>>>>>>>>>>>>>>>>>>>>>>>> message 30 size 206
[20:10:27] 通知 出牌 1
[20:10:27] broad >>>>>>>>>>>>>>>>>>>>>>>>>>>>>>> message 51 size 2
[20:10:29] 自动出牌 last 2  cur 1
[20:10:29] 玩家1  自动出牌 跟牌 出牌 [5]
[20:10:29] user [20360-1] checkPlayCard 8,8,18,6,27,[5]
[20:10:29] user [20360-1] checkPlayCard (ff,8),(ff,8),(ff,18),(ff,6),(ff,27),[5]
[20:10:29] 应答 出牌 1  [5]
[20:10:29] broad >>>>>>>>>>>>>>>>>>>>>>>>>>>>>>> message 30 size 206
[20:10:29] 通知 出牌 0
[20:10:29] broad >>>>>>>>>>>>>>>>>>>>>>>>>>>>>>> message 51 size 2
[20:10:32] 自动出牌 last 1  cur 0
[20:10:32] 玩家0  自动出牌 跟牌 出牌 [5]
[20:10:32] user [21540-0] checkPlayCard d,1d,2d,3,33,[5]
[20:10:32] user [21540-0] checkPlayCard (ff,d),(ff,1d),(ff,2d),(ff,3),(ff,33),[5]
[20:10:32] 应答 出牌 0  [5]
[20:10:32] broad >>>>>>>>>>>>>>>>>>>>>>>>>>>>>>> message 30 size 206
[20:10:32] 通知 出牌 3
[20:10:32] broad >>>>>>>>>>>>>>>>>>>>>>>>>>>>>>> message 51 size 2
[20:10:34] 自动出牌 last 0  cur 3
[20:10:34] 玩家3  自动出牌 跟牌 不要
[20:10:34] 应答 不要 3
[20:10:34] broad >>>>>>>>>>>>>>>>>>>>>>>>>>>>>>> message 31 size 2
[20:10:34]  recv  pass Cur 3 ,Seat 3, last 0,next 2,nextActive 2
[20:10:34] 3不要，通知下家 2 出牌
[20:10:34] 通知 出牌 2
[20:10:34] broad >>>>>>>>>>>>>>>>>>>>>>>>>>>>>>> message 51 size 2
[20:10:36] 自动出牌 last 0  cur 2
[20:10:36] 玩家2  自动出牌 跟牌 不要
[20:10:36] 应答 不要 2
[20:10:36] broad >>>>>>>>>>>>>>>>>>>>>>>>>>>>>>> message 31 size 2
[20:10:36]  recv  pass Cur 2 ,Seat 2, last 0,next 1,nextActive 1
[20:10:36] 2不要，通知下家 1 出牌
[20:10:36] 通知 出牌 1
[20:10:36] broad >>>>>>>>>>>>>>>>>>>>>>>>>>>>>>> message 51 size 2
[20:10:38] 自动出牌 last 0  cur 1
[20:10:38] 玩家1  自动出牌 跟牌 不要
[20:10:38] 应答 不要 1
[20:10:38] broad >>>>>>>>>>>>>>>>>>>>>>>>>>>>>>> message 31 size 2
[20:10:38]  recv  pass Cur 1 ,Seat 1, last 0,next 0,nextActive 0
[20:10:38] 0 没人要，出牌
[20:10:38] 通知 出牌 0
[20:10:38] broad >>>>>>>>>>>>>>>>>>>>>>>>>>>>>>> message 51 size 2
[20:10:40] 自动出牌 last 255  cur 0
[20:10:40] 玩家0  自动出牌 头游出牌 [1]
[20:10:40] user [21540-0] checkPlayCard 3c,[1]
[20:10:40] user [21540-0] checkPlayCard (ff,3c),[1]
[20:10:40] 应答 出牌 0  [1]
[20:10:40] broad >>>>>>>>>>>>>>>>>>>>>>>>>>>>>>> message 30 size 206
[20:10:40] 通知 出牌 3
[20:10:40] broad >>>>>>>>>>>>>>>>>>>>>>>>>>>>>>> message 51 size 2
[20:10:42] 自动出牌 last 0  cur 3
[20:10:42] 玩家3  自动出牌 跟牌 不要
[20:10:42] 应答 不要 3
[20:10:42] broad >>>>>>>>>>>>>>>>>>>>>>>>>>>>>>> message 31 size 2
[20:10:42]  recv  pass Cur 3 ,Seat 3, last 0,next 2,nextActive 2
[20:10:42] 3不要，通知下家 2 出牌
[20:10:42] 通知 出牌 2
[20:10:42] broad >>>>>>>>>>>>>>>>>>>>>>>>>>>>>>> message 51 size 2
[20:10:44] 自动出牌 last 0  cur 2
[20:10:44] 玩家2  自动出牌 跟牌 不要
[20:10:44] 应答 不要 2
[20:10:44] broad >>>>>>>>>>>>>>>>>>>>>>>>>>>>>>> message 31 size 2
[20:10:44]  recv  pass Cur 2 ,Seat 2, last 0,next 1,nextActive 1
[20:10:44] 2不要，通知下家 1 出牌
[20:10:44] 通知 出牌 1
[20:10:44] broad >>>>>>>>>>>>>>>>>>>>>>>>>>>>>>> message 51 size 2
[20:10:46] 自动出牌 last 0  cur 1
[20:10:46] 玩家1  自动出牌 跟牌 不要
[20:10:46] 应答 不要 1
[20:10:46] broad >>>>>>>>>>>>>>>>>>>>>>>>>>>>>>> message 31 size 2
[20:10:46]  recv  pass Cur 1 ,Seat 1, last 0,next 0,nextActive 0
[20:10:46] 0 没人要，出牌
[20:10:46] 通知 出牌 0
[20:10:46] broad >>>>>>>>>>>>>>>>>>>>>>>>>>>>>>> message 51 size 2
[20:10:48] 自动出牌 last 255  cur 0
[20:10:48] 玩家0  自动出牌 头游出牌 [1]
[20:10:48] user [21540-0] checkPlayCard 4e,[1]
[20:10:48] user [21540-0] checkPlayCard (ff,4e),[1]
[20:10:48] 应答 出牌 0  [1]
[20:10:48] broad >>>>>>>>>>>>>>>>>>>>>>>>>>>>>>> message 30 size 206
[20:10:48] 通知 出牌 3
[20:10:48] broad >>>>>>>>>>>>>>>>>>>>>>>>>>>>>>> message 51 size 2
[20:10:50] 自动出牌 last 0  cur 3
[20:10:50] 玩家3  自动出牌 跟牌 不要
[20:10:50] 应答 不要 3
[20:10:50] broad >>>>>>>>>>>>>>>>>>>>>>>>>>>>>>> message 31 size 2
[20:10:50]  recv  pass Cur 3 ,Seat 3, last 0,next 2,nextActive 2
[20:10:50] 3不要，通知下家 2 出牌
[20:10:50] 通知 出牌 2
[20:10:50] broad >>>>>>>>>>>>>>>>>>>>>>>>>>>>>>> message 51 size 2
[20:10:52] 自动出牌 last 0  cur 2
[20:10:52] 玩家2  自动出牌 跟牌 不要
[20:10:52] 应答 不要 2
[20:10:52] broad >>>>>>>>>>>>>>>>>>>>>>>>>>>>>>> message 31 size 2
[20:10:52]  recv  pass Cur 2 ,Seat 2, last 0,next 1,nextActive 1
[20:10:52] 2不要，通知下家 1 出牌
[20:10:52] 通知 出牌 1
[20:10:52] broad >>>>>>>>>>>>>>>>>>>>>>>>>>>>>>> message 51 size 2
[20:10:54] 自动出牌 last 0  cur 1
[20:10:54] 玩家1  自动出牌 跟牌 不要
[20:10:54] 应答 不要 1
[20:10:54] broad >>>>>>>>>>>>>>>>>>>>>>>>>>>>>>> message 31 size 2
[20:10:54]  recv  pass Cur 1 ,Seat 1, last 0,next 0,nextActive 0
[20:10:54] 0 没人要，出牌
[20:10:54] 通知 出牌 0
[20:10:54] broad >>>>>>>>>>>>>>>>>>>>>>>>>>>>>>> message 51 size 2
[20:10:56] 自动出牌 last 255  cur 0
[20:10:56] 玩家0  自动出牌 头游出牌 [2]
[20:10:56] user [21540-0] checkPlayCard 5,35,[2]
[20:10:56] user [21540-0] checkPlayCard (ff,5),(ff,35),[2]
[20:10:56] 应答 出牌 0  [2]
[20:10:56] broad >>>>>>>>>>>>>>>>>>>>>>>>>>>>>>> message 30 size 206
[20:10:56] 通知 出牌 3
[20:10:56] broad >>>>>>>>>>>>>>>>>>>>>>>>>>>>>>> message 51 size 2
[20:10:58] 自动出牌 last 0  cur 3
[20:10:58] 玩家3  自动出牌 跟牌 不要
[20:10:58] 应答 不要 3
[20:10:58] broad >>>>>>>>>>>>>>>>>>>>>>>>>>>>>>> message 31 size 2
[20:10:58]  recv  pass Cur 3 ,Seat 3, last 0,next 2,nextActive 2
[20:10:58] 3不要，通知下家 2 出牌
[20:10:58] 通知 出牌 2
[20:10:58] broad >>>>>>>>>>>>>>>>>>>>>>>>>>>>>>> message 51 size 2
[20:11:0] 自动出牌 last 0  cur 2
[20:11:0] 玩家2  自动出牌 跟牌 不要
[20:11:0] 应答 不要 2
[20:11:0] broad >>>>>>>>>>>>>>>>>>>>>>>>>>>>>>> message 31 size 2
[20:11:0]  recv  pass Cur 2 ,Seat 2, last 0,next 1,nextActive 1
[20:11:0] 2不要，通知下家 1 出牌
[20:11:0] 通知 出牌 1
[20:11:0] broad >>>>>>>>>>>>>>>>>>>>>>>>>>>>>>> message 51 size 2
[20:11:2] 自动出牌 last 0  cur 1
[20:11:2] 玩家1  自动出牌 跟牌 不要
[20:11:2] 应答 不要 1
[20:11:2] broad >>>>>>>>>>>>>>>>>>>>>>>>>>>>>>> message 31 size 2
[20:11:2]  recv  pass Cur 1 ,Seat 1, last 0,next 0,nextActive 0
[20:11:2] 0 没人要，出牌
[20:11:2] 通知 出牌 0
[20:11:2] broad >>>>>>>>>>>>>>>>>>>>>>>>>>>>>>> message 51 size 2
[20:11:4] 自动出牌 last 255  cur 0
[20:11:4] 玩家0  自动出牌 头游出牌 [5]
[20:11:4] user [21540-0] checkPlayCard 16,26,36,2,32,[5]
[20:11:4] user [21540-0] checkPlayCard (ff,16),(ff,26),(ff,36),(ff,2),(ff,32),[5]
[20:11:4] user [21540-0] 出完牌
[20:11:4] 应答 出牌 0  [5]
[20:11:4] broad >>>>>>>>>>>>>>>>>>>>>>>>>>>>>>> message 30 size 206
[20:11:4] 玩家0 牌出完，通知排名 
[20:11:4] 玩家0[21540]  通知排名 0  team 0
[20:11:4] broad >>>>>>>>>>>>>>>>>>>>>>>>>>>>>>> message 59 size 4
[20:11:4] 玩家0 牌出完，将队友的牌发送给玩家 
[20:11:4] send >>>>>>>>>>>>>>>>>>>>>>>>>>>>>>> 0 message 60 size 121
[20:11:4] 通知 出牌 3
[20:11:4] broad >>>>>>>>>>>>>>>>>>>>>>>>>>>>>>> message 51 size 2
[20:11:6] 自动出牌 last 0  cur 3
[20:11:6] 玩家3  自动出牌 跟牌 出牌 [5]
[20:11:6] user [20548-3] checkPlayCard 9,9,39,17,37,[5]
[20:11:6] user [20548-3] checkPlayCard (ff,9),(ff,9),(ff,39),(ff,17),(ff,37),[5]
[20:11:6] user [20548-3] 出完牌
[20:11:6] 应答 出牌 3  [5]
[20:11:6] broad >>>>>>>>>>>>>>>>>>>>>>>>>>>>>>> message 30 size 206
[20:11:6] 3,0出完牌
[20:11:6] HN::SJLogic::_recvPlayCardMsg:389 检测到游戏结束
[20:11:6] broad >>>>>>>>>>>>>>>>>>>>>>>>>>>>>>> message 63 size 124
[20:11:6] broad >>>>>>>>>>>>>>>>>>>>>>>>>>>>>>> message 59 size 4
[20:11:9] 玩家0[21540]  排名 0  team 0
[20:11:9] 玩家3[20548]  排名 1  team 0
[20:11:9] 玩家0[21540]  结算分数 20,总结算分数 0,霸王分 0,总霸王分 0
[20:11:9] 玩家1[20360]  结算分数 -20,总结算分数 0,霸王分 0,总霸王分 0
[20:11:9] 玩家2[20547]  结算分数 -20,总结算分数 0,霸王分 0,总霸王分 0
[20:11:9] 玩家3[20548]  结算分数 20,总结算分数 0,霸王分 0,总霸王分 0
[20:11:9] broad >>>>>>>>>>>>>>>>>>>>>>>>>>>>>>> message 53 size 66
[20:11:9] *****************游戏结束***************
