[19:55:11] broad >>>>>>>>>>>>>>>>>>>>>>>>>>>>>>> message 62 size 8
[19:55:11] broad >>>>>>>>>>>>>>>>>>>>>>>>>>>>>>> message 62 size 8
[19:55:23] broad >>>>>>>>>>>>>>>>>>>>>>>>>>>>>>> message 62 size 8
[19:55:32] broad >>>>>>>>>>>>>>>>>>>>>>>>>>>>>>> message 62 size 8
[19:55:34] *****************游戏开始(0/0)***************
[19:55:34] broad >>>>>>>>>>>>>>>>>>>>>>>>>>>>>>> message 64 size 0
[19:55:34] broad >>>>>>>>>>>>>>>>>>>>>>>>>>>>>>> message 62 size 8
[19:55:34] 通知 庄家 2
[19:55:34] broad >>>>>>>>>>>>>>>>>>>>>>>>>>>>>>> message 54 size 1
[19:55:34] card 0 2,32,3,33,14,5,35,16,26,36,28,28,38,38,39,3a,2b,2c,3c,d,1d,2d,11,21,31,31,4e,
[19:55:34] send >>>>>>>>>>>>>>>>>>>>>>>>>>>>>>> 0 message 50 size 31
[19:55:34] card 1 2,12,22,32,3,4,15,25,6,27,27,8,8,18,29,a,a,3a,1b,2b,3b,c,1c,3d,1,1,11,
[19:55:34] send >>>>>>>>>>>>>>>>>>>>>>>>>>>>>>> 1 message 50 size 31
[19:55:34] card 2 12,22,13,33,4,34,5,25,35,7,17,37,18,19,19,29,1a,2a,b,1b,3b,2c,3c,d,3d,4e,4f,
[19:55:34] send >>>>>>>>>>>>>>>>>>>>>>>>>>>>>>> 2 message 50 size 31
[19:55:34] card 3 13,23,23,14,24,24,34,15,6,16,26,36,7,17,37,9,9,39,1a,2a,b,c,1c,1d,2d,21,4f,
[19:55:34] send >>>>>>>>>>>>>>>>>>>>>>>>>>>>>>> 3 message 50 size 31
[19:55:39] 通知 包牌 2
[19:55:39] broad >>>>>>>>>>>>>>>>>>>>>>>>>>>>>>> message 55 size 1
[19:55:44] recv  14 <<<<<<<<<<<<<<<<<<<<<<<<<<<<<<< 1
[19:55:44] send >>>>>>>>>>>>>>>>>>>>>>>>>>>>>>> 1 message 34 size 89
[19:55:45] recv  13 <<<<<<<<<<<<<<<<<<<<<<<<<<<<<<< 2
[19:55:45] 应答 包牌 2,0
[19:55:45] broad >>>>>>>>>>>>>>>>>>>>>>>>>>>>>>> message 33 size 2
[19:55:45] 通知 包牌 1
[19:55:45] broad >>>>>>>>>>>>>>>>>>>>>>>>>>>>>>> message 55 size 1
[19:55:50] recv  14 <<<<<<<<<<<<<<<<<<<<<<<<<<<<<<< 1
[19:55:50] send >>>>>>>>>>>>>>>>>>>>>>>>>>>>>>> 1 message 34 size 89
[19:55:51] recv  13 <<<<<<<<<<<<<<<<<<<<<<<<<<<<<<< 1
[19:55:51] 应答 包牌 1,0
[19:55:51] broad >>>>>>>>>>>>>>>>>>>>>>>>>>>>>>> message 33 size 2
[19:55:51] 通知 包牌 0
[19:55:51] broad >>>>>>>>>>>>>>>>>>>>>>>>>>>>>>> message 55 size 1
[19:55:57] recv  13 <<<<<<<<<<<<<<<<<<<<<<<<<<<<<<< 0
[19:55:57] 应答 包牌 0,0
[19:55:57] broad >>>>>>>>>>>>>>>>>>>>>>>>>>>>>>> message 33 size 2
[19:55:57] 通知 包牌 3
[19:55:57] broad >>>>>>>>>>>>>>>>>>>>>>>>>>>>>>> message 55 size 1
[19:56:4] recv  13 <<<<<<<<<<<<<<<<<<<<<<<<<<<<<<< 3
[19:56:4] 应答 包牌 3,0
[19:56:4] broad >>>>>>>>>>>>>>>>>>>>>>>>>>>>>>> message 33 size 2
[19:56:4] 通知 朋友牌 3b
[19:56:4] broad >>>>>>>>>>>>>>>>>>>>>>>>>>>>>>> message 56 size 1
[19:56:4] 通知 出牌 2
[19:56:4] broad >>>>>>>>>>>>>>>>>>>>>>>>>>>>>>> message 51 size 2
[19:57:13] 0:21540 netcut
[19:57:13] broad >>>>>>>>>>>>>>>>>>>>>>>>>>>>>>> message 32 size 2
[19:59:8] 1:20360 netcut
[19:59:8] broad >>>>>>>>>>>>>>>>>>>>>>>>>>>>>>> message 32 size 2
