[15:8:30] broad >>>>>>>>>>>>>>>>>>>>>>>>>>>>>>> message 62 size 8
[15:11:22] broad >>>>>>>>>>>>>>>>>>>>>>>>>>>>>>> message 62 size 8
[15:11:52] broad >>>>>>>>>>>>>>>>>>>>>>>>>>>>>>> message 62 size 8
[15:12:14] broad >>>>>>>>>>>>>>>>>>>>>>>>>>>>>>> message 62 size 8
[15:24:19] broad >>>>>>>>>>>>>>>>>>>>>>>>>>>>>>> message 62 size 8
[15:25:57] broad >>>>>>>>>>>>>>>>>>>>>>>>>>>>>>> message 62 size 8
[15:26:24] broad >>>>>>>>>>>>>>>>>>>>>>>>>>>>>>> message 62 size 8
[15:26:50] broad >>>>>>>>>>>>>>>>>>>>>>>>>>>>>>> message 62 size 8
[15:26:51] *****************游戏开始(0/0)***************
[15:26:51] broad >>>>>>>>>>>>>>>>>>>>>>>>>>>>>>> message 64 size 0
[15:26:51] broad >>>>>>>>>>>>>>>>>>>>>>>>>>>>>>> message 62 size 8
[15:26:51] 通知 庄家 2
[15:26:51] broad >>>>>>>>>>>>>>>>>>>>>>>>>>>>>>> message 54 size 1
[15:26:51] card 0 13,23,33,5,25,6,6,16,16,26,36,7,17,27,37,29,29,a,1b,2b,1c,1c,3c,1,11,31,4e,
[15:26:51] send >>>>>>>>>>>>>>>>>>>>>>>>>>>>>>> 0 message 50 size 31
[15:26:51] card 1 2,12,22,32,32,13,23,4,14,24,34,15,25,27,28,9,9,19,1a,2a,3a,b,3b,2c,2d,11,21,
[15:26:51] send >>>>>>>>>>>>>>>>>>>>>>>>>>>>>>> 1 message 50 size 31
[15:26:51] card 2 2,22,4,24,34,5,35,7,8,8,18,28,39,39,1a,2a,3a,2b,3b,c,3c,d,1d,2d,3d,1,31,
[15:26:51] send >>>>>>>>>>>>>>>>>>>>>>>>>>>>>>> 2 message 50 size 31
[15:26:51] card 3 12,3,3,33,14,15,35,26,36,17,37,18,38,38,19,a,b,1b,c,2c,d,1d,3d,21,4e,4f,4f,
[15:26:51] send >>>>>>>>>>>>>>>>>>>>>>>>>>>>>>> 3 message 50 size 31
[15:26:56] 通知 包牌 2
[15:26:56] broad >>>>>>>>>>>>>>>>>>>>>>>>>>>>>>> message 55 size 1
[15:26:57] 应答 包牌 2,0
[15:26:57] broad >>>>>>>>>>>>>>>>>>>>>>>>>>>>>>> message 33 size 2
[15:26:57] 通知 包牌 1
[15:26:57] broad >>>>>>>>>>>>>>>>>>>>>>>>>>>>>>> message 55 size 1
[15:26:58] 应答 包牌 1,0
[15:26:58] broad >>>>>>>>>>>>>>>>>>>>>>>>>>>>>>> message 33 size 2
[15:26:58] 通知 包牌 0
[15:26:58] broad >>>>>>>>>>>>>>>>>>>>>>>>>>>>>>> message 55 size 1
[15:26:59] 应答 包牌 0,0
[15:26:59] broad >>>>>>>>>>>>>>>>>>>>>>>>>>>>>>> message 33 size 2
[15:26:59] 通知 包牌 3
[15:26:59] broad >>>>>>>>>>>>>>>>>>>>>>>>>>>>>>> message 55 size 1
[15:27:0] 应答 包牌 3,0
[15:27:0] broad >>>>>>>>>>>>>>>>>>>>>>>>>>>>>>> message 33 size 2
[15:27:0] 通知 朋友牌 5
[15:27:0] broad >>>>>>>>>>>>>>>>>>>>>>>>>>>>>>> message 56 size 1
[15:27:0] 通知 出牌 2
[15:27:0] broad >>>>>>>>>>>>>>>>>>>>>>>>>>>>>>> message 51 size 2
[15:27:1] broad >>>>>>>>>>>>>>>>>>>>>>>>>>>>>>> message 32 size 2
[15:27:1] 自动出牌 last 255  cur 2
[15:27:1] 玩家2  自动出牌 头游出牌 [1]
[15:27:1] user [10093-2] checkPlayCard 24,[1]
[15:27:1] user [10093-2] checkPlayCard (ff,24),[1]
[15:27:1] 应答 出牌 2  [1]
[15:27:1] broad >>>>>>>>>>>>>>>>>>>>>>>>>>>>>>> message 30 size 206
[15:27:1] 通知 出牌 1
[15:27:1] broad >>>>>>>>>>>>>>>>>>>>>>>>>>>>>>> message 51 size 2
[15:27:2] broad >>>>>>>>>>>>>>>>>>>>>>>>>>>>>>> message 32 size 2
[15:27:2] 自动出牌 last 2  cur 1
[15:27:2] 玩家1  自动出牌 跟牌 出牌 [1]
[15:27:2] user [10018-1] checkPlayCard 27,[1]
[15:27:2] user [10018-1] checkPlayCard (ff,27),[1]
[15:27:2] 应答 出牌 1  [1]
[15:27:2] broad >>>>>>>>>>>>>>>>>>>>>>>>>>>>>>> message 30 size 206
[15:27:2] 通知 出牌 0
[15:27:2] broad >>>>>>>>>>>>>>>>>>>>>>>>>>>>>>> message 51 size 2
[15:27:3] broad >>>>>>>>>>>>>>>>>>>>>>>>>>>>>>> message 32 size 2
[15:27:3] 自动出牌 last 1  cur 0
[15:27:3] 玩家0  自动出牌 跟牌 出牌 [1]
[15:27:3] user [10019-0] checkPlayCard a,[1]
[15:27:3] user [10019-0] checkPlayCard (ff,a),[1]
[15:27:3] 应答 出牌 0  [1]
[15:27:3] broad >>>>>>>>>>>>>>>>>>>>>>>>>>>>>>> message 30 size 206
[15:27:3] 通知 出牌 3
[15:27:3] broad >>>>>>>>>>>>>>>>>>>>>>>>>>>>>>> message 51 size 2
[15:27:4] broad >>>>>>>>>>>>>>>>>>>>>>>>>>>>>>> message 32 size 2
[15:27:4] 自动出牌 last 0  cur 3
[15:27:4] 玩家3  自动出牌 跟牌 出牌 [1]
[15:27:4] user [10094-3] checkPlayCard 2c,[1]
[15:27:4] user [10094-3] checkPlayCard (ff,2c),[1]
[15:27:4] 应答 出牌 3  [1]
[15:27:4] broad >>>>>>>>>>>>>>>>>>>>>>>>>>>>>>> message 30 size 206
[15:27:4] 通知 出牌 2
[15:27:4] broad >>>>>>>>>>>>>>>>>>>>>>>>>>>>>>> message 51 size 2
[15:27:6] 自动出牌 last 3  cur 2
[15:27:6] 玩家2  自动出牌 跟牌 出牌 [3]
[15:27:6] user [10093-2] checkPlayCard 4,39,c,[3]
[15:27:6] user [10093-2] checkPlayCard (ff,4),(ff,39),(ff,c),[3]
[15:27:6] 应答 出牌 2  [3]
[15:27:6] broad >>>>>>>>>>>>>>>>>>>>>>>>>>>>>>> message 30 size 206
[15:27:6] 通知 出牌 1
[15:27:6] broad >>>>>>>>>>>>>>>>>>>>>>>>>>>>>>> message 51 size 2
[15:27:8] 自动出牌 last 2  cur 1
[15:27:8] 玩家1  自动出牌 跟牌 出牌 [4]
[15:27:8] user [10018-1] checkPlayCard 4,14,24,34,[4]
[15:27:8] user [10018-1] checkPlayCard (ff,4),(ff,14),(ff,24),(ff,34),[4]
[15:27:8] 应答 出牌 1  [4]
[15:27:8] broad >>>>>>>>>>>>>>>>>>>>>>>>>>>>>>> message 30 size 206
[15:27:8] 通知 出牌 0
[15:27:8] broad >>>>>>>>>>>>>>>>>>>>>>>>>>>>>>> message 51 size 2
[15:27:10] 自动出牌 last 1  cur 0
[15:27:10] 玩家0  自动出牌 跟牌 出牌 [4]
[15:27:10] user [10019-0] checkPlayCard 7,17,27,37,[4]
[15:27:10] user [10019-0] checkPlayCard (ff,7),(ff,17),(ff,27),(ff,37),[4]
[15:27:10] 应答 出牌 0  [4]
[15:27:10] broad >>>>>>>>>>>>>>>>>>>>>>>>>>>>>>> message 30 size 206
[15:27:10] 通知 出牌 3
[15:27:10] broad >>>>>>>>>>>>>>>>>>>>>>>>>>>>>>> message 51 size 2
[15:27:12] 自动出牌 last 0  cur 3
[15:27:12] 玩家3  自动出牌 跟牌 出牌 [3]
[15:27:12] user [10094-3] checkPlayCard 4e,4f,4f,[3]
[15:27:12] user [10094-3] checkPlayCard (ff,4e),(ff,4f),(ff,4f),[3]
[15:27:12] 应答 出牌 3  [3]
[15:27:12] broad >>>>>>>>>>>>>>>>>>>>>>>>>>>>>>> message 30 size 206
[15:27:12] 玩家0[10019]  奖金分 -30,奖金个数0,累计奖金0,累计奖金个数0
[15:27:12] 玩家1[10018]  奖金分 -30,奖金个数0,累计奖金0,累计奖金个数0
[15:27:12] 玩家2[10093]  奖金分 -30,奖金个数0,累计奖金0,累计奖金个数0
[15:27:12] 玩家3[10094]  奖金分 90,奖金个数3,累计奖金0,累计奖金个数0
[15:27:12] broad >>>>>>>>>>>>>>>>>>>>>>>>>>>>>>> message 57 size 80
[15:27:12] 通知 出牌 2
[15:27:12] broad >>>>>>>>>>>>>>>>>>>>>>>>>>>>>>> message 51 size 2
[15:27:25] broad >>>>>>>>>>>>>>>>>>>>>>>>>>>>>>> message 62 size 8
[15:27:26] broad >>>>>>>>>>>>>>>>>>>>>>>>>>>>>>> message 62 size 8
[15:27:27] broad >>>>>>>>>>>>>>>>>>>>>>>>>>>>>>> message 62 size 8
[15:27:32] recv  12 <<<<<<<<<<<<<<<<<<<<<<<<<<<<<<< 1
[15:27:32] recv  12 <<<<<<<<<<<<<<<<<<<<<<<<<<<<<<< 1
[15:27:33] recv  12 <<<<<<<<<<<<<<<<<<<<<<<<<<<<<<< 1
[15:27:33] recv  12 <<<<<<<<<<<<<<<<<<<<<<<<<<<<<<< 0
[15:27:33] recv  12 <<<<<<<<<<<<<<<<<<<<<<<<<<<<<<< 0
[15:27:34] recv  12 <<<<<<<<<<<<<<<<<<<<<<<<<<<<<<< 0
[15:27:34] recv  12 <<<<<<<<<<<<<<<<<<<<<<<<<<<<<<< 2
[15:27:34] recv  12 <<<<<<<<<<<<<<<<<<<<<<<<<<<<<<< 2
[15:27:35] recv  12 <<<<<<<<<<<<<<<<<<<<<<<<<<<<<<< 0
[15:27:35] recv  12 <<<<<<<<<<<<<<<<<<<<<<<<<<<<<<< 0
[15:27:56] broad >>>>>>>>>>>>>>>>>>>>>>>>>>>>>>> message 62 size 8
[15:27:57] broad >>>>>>>>>>>>>>>>>>>>>>>>>>>>>>> message 62 size 8
[15:27:57] broad >>>>>>>>>>>>>>>>>>>>>>>>>>>>>>> message 62 size 8
[15:29:43] broad >>>>>>>>>>>>>>>>>>>>>>>>>>>>>>> message 62 size 8
[15:29:44] *****************游戏开始(0/0)***************
[15:29:44] broad >>>>>>>>>>>>>>>>>>>>>>>>>>>>>>> message 64 size 0
[15:29:44] broad >>>>>>>>>>>>>>>>>>>>>>>>>>>>>>> message 62 size 8
[15:29:44] 通知 庄家 3
[15:29:44] broad >>>>>>>>>>>>>>>>>>>>>>>>>>>>>>> message 54 size 1
[15:29:44] card 0 13,23,23,33,14,24,34,15,35,26,17,8,8,18,28,38,9,b,1b,2b,2b,c,1d,2d,1,11,21,
[15:29:44] send >>>>>>>>>>>>>>>>>>>>>>>>>>>>>>> 0 message 50 size 31
[15:29:44] card 1 2,2,12,22,32,3,13,33,24,25,25,35,16,16,26,19,29,1a,1a,2a,2a,b,3b,1c,3c,d,4f,
[15:29:44] send >>>>>>>>>>>>>>>>>>>>>>>>>>>>>>> 1 message 50 size 31
[15:29:44] card 2 12,22,4,14,34,6,36,7,17,27,27,37,19,39,39,a,3a,3a,3b,1c,2c,d,1d,2d,3d,4e,4e,
[15:29:44] send >>>>>>>>>>>>>>>>>>>>>>>>>>>>>>> 2 message 50 size 31
[15:29:44] card 3 32,3,4,5,5,15,6,36,7,37,18,28,38,9,29,a,1b,c,2c,3c,3d,1,11,21,31,31,4f,
[15:29:44] send >>>>>>>>>>>>>>>>>>>>>>>>>>>>>>> 3 message 50 size 31
[15:29:49] 通知 包牌 3
[15:29:49] broad >>>>>>>>>>>>>>>>>>>>>>>>>>>>>>> message 55 size 1
[15:29:52] recv  13 <<<<<<<<<<<<<<<<<<<<<<<<<<<<<<< 3
[15:29:52] 应答 包牌 3,1
[15:29:52] broad >>>>>>>>>>>>>>>>>>>>>>>>>>>>>>> message 33 size 2
[15:29:52] 玩家[10019] 3 包牌
[15:29:52] 通知 出牌 3
[15:29:52] broad >>>>>>>>>>>>>>>>>>>>>>>>>>>>>>> message 51 size 2
[15:29:59] recv  10 <<<<<<<<<<<<<<<<<<<<<<<<<<<<<<< 3
[15:29:59] user [10019-3] checkPlayCard 32,[1]
[15:29:59] user [10019-3] checkPlayCard (ff,32),[1]
[15:29:59] 应答 出牌 3  [1]
[15:29:59] broad >>>>>>>>>>>>>>>>>>>>>>>>>>>>>>> message 30 size 206
[15:29:59] 通知 出牌 2
[15:29:59] broad >>>>>>>>>>>>>>>>>>>>>>>>>>>>>>> message 51 size 2
[15:30:1] recv  10 <<<<<<<<<<<<<<<<<<<<<<<<<<<<<<< 2
[15:30:1] user [10093-2] checkPlayCard 3b,[1]
[15:30:1] user [10093-2] checkPlayCard (ff,3b),[1]
[15:30:1] 应答 出牌 2  [1]
[15:30:1] broad >>>>>>>>>>>>>>>>>>>>>>>>>>>>>>> message 30 size 206
[15:30:1] 通知 出牌 1
[15:30:1] broad >>>>>>>>>>>>>>>>>>>>>>>>>>>>>>> message 51 size 2
[15:30:4] recv  12 <<<<<<<<<<<<<<<<<<<<<<<<<<<<<<< 0
[15:30:4] broad >>>>>>>>>>>>>>>>>>>>>>>>>>>>>>> message 32 size 2
[15:30:6] recv  12 <<<<<<<<<<<<<<<<<<<<<<<<<<<<<<< 3
[15:30:6] broad >>>>>>>>>>>>>>>>>>>>>>>>>>>>>>> message 32 size 2
[15:30:8] recv  12 <<<<<<<<<<<<<<<<<<<<<<<<<<<<<<< 1
[15:30:8] broad >>>>>>>>>>>>>>>>>>>>>>>>>>>>>>> message 32 size 2
[15:30:8] 自动出牌 last 2  cur 1
[15:30:8] 玩家1  自动出牌 跟牌 出牌 [1]
[15:30:8] user [10094-1] checkPlayCard 3c,[1]
[15:30:8] user [10094-1] checkPlayCard (ff,3c),[1]
[15:30:8] 应答 出牌 1  [1]
[15:30:8] broad >>>>>>>>>>>>>>>>>>>>>>>>>>>>>>> message 30 size 206
[15:30:8] 通知 出牌 0
[15:30:8] broad >>>>>>>>>>>>>>>>>>>>>>>>>>>>>>> message 51 size 2
[15:30:10] 自动出牌 last 1  cur 0
[15:30:10] 玩家0  自动出牌 跟牌 出牌 [3]
[15:30:10] user [10018-0] checkPlayCard 14,9,c,[3]
[15:30:10] user [10018-0] checkPlayCard (ff,14),(ff,9),(ff,c),[3]
[15:30:10] 应答 出牌 0  [3]
[15:30:10] broad >>>>>>>>>>>>>>>>>>>>>>>>>>>>>>> message 30 size 206
[15:30:10] 通知 出牌 3
[15:30:10] broad >>>>>>>>>>>>>>>>>>>>>>>>>>>>>>> message 51 size 2
[15:30:10] recv  12 <<<<<<<<<<<<<<<<<<<<<<<<<<<<<<< 2
[15:30:10] broad >>>>>>>>>>>>>>>>>>>>>>>>>>>>>>> message 32 size 2
[15:30:12] 自动出牌 last 0  cur 3
[15:30:12] 玩家3  自动出牌 跟牌 出牌 [3]
[15:30:12] user [10019-3] checkPlayCard 4,9,c,[3]
[15:30:12] user [10019-3] checkPlayCard (ff,4),(ff,9),(ff,c),[3]
[15:30:12] 应答 出牌 3  [3]
[15:30:12] broad >>>>>>>>>>>>>>>>>>>>>>>>>>>>>>> message 30 size 206
[15:30:12] 通知 出牌 2
[15:30:12] broad >>>>>>>>>>>>>>>>>>>>>>>>>>>>>>> message 51 size 2
[15:30:14] 自动出牌 last 3  cur 2
[15:30:14] 玩家2  自动出牌 跟牌 出牌 [4]
[15:30:14] user [10093-2] checkPlayCard d,1d,2d,3d,[4]
[15:30:14] user [10093-2] checkPlayCard (ff,d),(ff,1d),(ff,2d),(ff,3d),[4]
[15:30:14] 应答 出牌 2  [4]
[15:30:14] broad >>>>>>>>>>>>>>>>>>>>>>>>>>>>>>> message 30 size 206
[15:30:14] 通知 出牌 1
[15:30:14] broad >>>>>>>>>>>>>>>>>>>>>>>>>>>>>>> message 51 size 2
[15:30:16] 自动出牌 last 2  cur 1
[15:30:16] 玩家1  自动出牌 跟牌 出牌 [5]
[15:30:16] user [10094-1] checkPlayCard 2,2,12,22,32,[5]
[15:30:16] user [10094-1] checkPlayCard (ff,2),(ff,2),(ff,12),(ff,22),(ff,32),[5]
[15:30:16] 应答 出牌 1  [5]
[15:30:16] broad >>>>>>>>>>>>>>>>>>>>>>>>>>>>>>> message 30 size 206
[15:30:16] 玩家0[10018]  奖金分 -10,奖金个数0,累计奖金0,累计奖金个数0
[15:30:16] 玩家1[10094]  奖金分 30,奖金个数1,累计奖金0,累计奖金个数0
[15:30:16] 玩家2[10093]  奖金分 -10,奖金个数0,累计奖金0,累计奖金个数0
[15:30:16] 玩家3[10019]  奖金分 -10,奖金个数0,累计奖金0,累计奖金个数0
[15:30:16] broad >>>>>>>>>>>>>>>>>>>>>>>>>>>>>>> message 57 size 80
[15:30:16] 通知 出牌 0
[15:30:16] broad >>>>>>>>>>>>>>>>>>>>>>>>>>>>>>> message 51 size 2
[15:30:18] 自动出牌 last 1  cur 0
[15:30:18] 玩家0  自动出牌 跟牌 出牌 [5]
[15:30:18] user [10018-0] checkPlayCard 8,8,18,28,38,[5]
[15:30:18] user [10018-0] checkPlayCard (ff,8),(ff,8),(ff,18),(ff,28),(ff,38),[5]
[15:30:18] 应答 出牌 0  [5]
[15:30:18] broad >>>>>>>>>>>>>>>>>>>>>>>>>>>>>>> message 30 size 206
[15:30:18] 玩家0[10018]  奖金分 20,奖金个数1,累计奖金0,累计奖金个数0
[15:30:18] 玩家1[10094]  奖金分 20,奖金个数1,累计奖金0,累计奖金个数0
[15:30:18] 玩家2[10093]  奖金分 -20,奖金个数0,累计奖金0,累计奖金个数0
[15:30:18] 玩家3[10019]  奖金分 -20,奖金个数0,累计奖金0,累计奖金个数0
[15:30:18] broad >>>>>>>>>>>>>>>>>>>>>>>>>>>>>>> message 57 size 80
[15:30:18] 通知 出牌 3
[15:30:18] broad >>>>>>>>>>>>>>>>>>>>>>>>>>>>>>> message 51 size 2
[15:30:20] 自动出牌 last 0  cur 3
[15:30:20] 玩家3  自动出牌 跟牌 出牌 [5]
[15:30:20] user [10019-3] checkPlayCard 1,11,21,31,31,[5]
[15:30:20] user [10019-3] checkPlayCard (ff,1),(ff,11),(ff,21),(ff,31),(ff,31),[5]
[15:30:20] 应答 出牌 3  [5]
[15:30:20] broad >>>>>>>>>>>>>>>>>>>>>>>>>>>>>>> message 30 size 206
[15:30:20] 玩家0[10018]  奖金分 10,奖金个数1,累计奖金0,累计奖金个数0
[15:30:20] 玩家1[10094]  奖金分 10,奖金个数1,累计奖金0,累计奖金个数0
[15:30:20] 玩家2[10093]  奖金分 -30,奖金个数0,累计奖金0,累计奖金个数0
[15:30:20] 玩家3[10019]  奖金分 10,奖金个数1,累计奖金0,累计奖金个数0
[15:30:20] broad >>>>>>>>>>>>>>>>>>>>>>>>>>>>>>> message 57 size 80
[15:30:20] 通知 出牌 2
[15:30:20] broad >>>>>>>>>>>>>>>>>>>>>>>>>>>>>>> message 51 size 2
[15:30:22] 自动出牌 last 3  cur 2
[15:30:22] 玩家2  自动出牌 跟牌 不要
[15:30:22] 应答 不要 2
[15:30:22] broad >>>>>>>>>>>>>>>>>>>>>>>>>>>>>>> message 31 size 2
[15:30:22]  recv  pass Cur 2 ,Seat 2, last 3,next 1,nextActive 1
[15:30:22] 2不要，通知下家 1 出牌
[15:30:22] 通知 出牌 1
[15:30:22] broad >>>>>>>>>>>>>>>>>>>>>>>>>>>>>>> message 51 size 2
[15:30:24] 自动出牌 last 3  cur 1
[15:30:24] 玩家1  自动出牌 跟牌 不要
[15:30:24] 应答 不要 1
[15:30:24] broad >>>>>>>>>>>>>>>>>>>>>>>>>>>>>>> message 31 size 2
[15:30:24]  recv  pass Cur 1 ,Seat 1, last 3,next 0,nextActive 0
[15:30:24] 1不要，通知下家 0 出牌
[15:30:24] 通知 出牌 0
[15:30:24] broad >>>>>>>>>>>>>>>>>>>>>>>>>>>>>>> message 51 size 2
[15:30:26] 自动出牌 last 3  cur 0
[15:30:26] 玩家0  自动出牌 跟牌 不要
[15:30:26] 应答 不要 0
[15:30:26] broad >>>>>>>>>>>>>>>>>>>>>>>>>>>>>>> message 31 size 2
[15:30:26]  recv  pass Cur 0 ,Seat 0, last 3,next 3,nextActive 3
[15:30:26] 3 没人要，出牌
[15:30:26] 通知 出牌 3
[15:30:26] broad >>>>>>>>>>>>>>>>>>>>>>>>>>>>>>> message 51 size 2
[15:30:28] 自动出牌 last 255  cur 3
[15:30:28] 玩家3  自动出牌 头游出牌 [1]
[15:30:28] user [10019-3] checkPlayCard 29,[1]
[15:30:28] user [10019-3] checkPlayCard (ff,29),[1]
[15:30:28] 应答 出牌 3  [1]
[15:30:28] broad >>>>>>>>>>>>>>>>>>>>>>>>>>>>>>> message 30 size 206
[15:30:28] 通知 出牌 2
[15:30:28] broad >>>>>>>>>>>>>>>>>>>>>>>>>>>>>>> message 51 size 2
[15:30:30] 自动出牌 last 3  cur 2
[15:30:30] 玩家2  自动出牌 跟牌 出牌 [3]
[15:30:30] user [10093-2] checkPlayCard 4,39,2c,[3]
[15:30:30] user [10093-2] checkPlayCard (ff,4),(ff,39),(ff,2c),[3]
[15:30:30] 应答 出牌 2  [3]
[15:30:30] broad >>>>>>>>>>>>>>>>>>>>>>>>>>>>>>> message 30 size 206
[15:30:30] 通知 出牌 1
[15:30:30] broad >>>>>>>>>>>>>>>>>>>>>>>>>>>>>>> message 51 size 2
[15:30:32] 自动出牌 last 2  cur 1
[15:30:32] 玩家1  自动出牌 跟牌 出牌 [4]
[15:30:32] user [10094-1] checkPlayCard 1a,1a,2a,2a,[4]
[15:30:32] user [10094-1] checkPlayCard (ff,1a),(ff,1a),(ff,2a),(ff,2a),[4]
[15:30:32] 应答 出牌 1  [4]
[15:30:32] broad >>>>>>>>>>>>>>>>>>>>>>>>>>>>>>> message 30 size 206
[15:30:32] 通知 出牌 0
[15:30:32] broad >>>>>>>>>>>>>>>>>>>>>>>>>>>>>>> message 51 size 2
[15:30:34] 自动出牌 last 1  cur 0
[15:30:34] 玩家0  自动出牌 跟牌 出牌 [4]
[15:30:34] user [10018-0] checkPlayCard b,1b,2b,2b,[4]
[15:30:34] user [10018-0] checkPlayCard (ff,b),(ff,1b),(ff,2b),(ff,2b),[4]
[15:30:34] 应答 出牌 0  [4]
[15:30:34] broad >>>>>>>>>>>>>>>>>>>>>>>>>>>>>>> message 30 size 206
[15:30:34] 通知 出牌 3
[15:30:34] broad >>>>>>>>>>>>>>>>>>>>>>>>>>>>>>> message 51 size 2
[15:30:36] 自动出牌 last 0  cur 3
[15:30:36] 玩家3  自动出牌 跟牌 不要
[15:30:36] 应答 不要 3
[15:30:36] broad >>>>>>>>>>>>>>>>>>>>>>>>>>>>>>> message 31 size 2
[15:30:36]  recv  pass Cur 3 ,Seat 3, last 0,next 2,nextActive 2
[15:30:36] 3不要，通知下家 2 出牌
[15:30:36] 通知 出牌 2
[15:30:36] broad >>>>>>>>>>>>>>>>>>>>>>>>>>>>>>> message 51 size 2
[15:30:38] 自动出牌 last 0  cur 2
[15:30:38] 玩家2  自动出牌 跟牌 出牌 [2]
[15:30:38] user [10093-2] checkPlayCard 4e,4e,[2]
[15:30:38] user [10093-2] checkPlayCard (ff,4e),(ff,4e),[2]
[15:30:38] 应答 出牌 2  [2]
[15:30:38] broad >>>>>>>>>>>>>>>>>>>>>>>>>>>>>>> message 30 size 206
[15:30:38] 玩家0[10018]  奖金分 -10,奖金个数1,累计奖金0,累计奖金个数0
[15:30:38] 玩家1[10094]  奖金分 -10,奖金个数1,累计奖金0,累计奖金个数0
[15:30:38] 玩家2[10093]  奖金分 30,奖金个数2,累计奖金0,累计奖金个数0
[15:30:38] 玩家3[10019]  奖金分 -10,奖金个数1,累计奖金0,累计奖金个数0
[15:30:38] broad >>>>>>>>>>>>>>>>>>>>>>>>>>>>>>> message 57 size 80
[15:30:38] 通知 出牌 1
[15:30:38] broad >>>>>>>>>>>>>>>>>>>>>>>>>>>>>>> message 51 size 2
[15:30:40] 自动出牌 last 2  cur 1
[15:30:40] 玩家1  自动出牌 跟牌 不要
[15:30:40] 应答 不要 1
[15:30:40] broad >>>>>>>>>>>>>>>>>>>>>>>>>>>>>>> message 31 size 2
[15:30:40]  recv  pass Cur 1 ,Seat 1, last 2,next 0,nextActive 0
[15:30:40] 1不要，通知下家 0 出牌
[15:30:40] 通知 出牌 0
[15:30:40] broad >>>>>>>>>>>>>>>>>>>>>>>>>>>>>>> message 51 size 2
[15:30:42] 自动出牌 last 2  cur 0
[15:30:42] 玩家0  自动出牌 跟牌 不要
[15:30:42] 应答 不要 0
[15:30:42] broad >>>>>>>>>>>>>>>>>>>>>>>>>>>>>>> message 31 size 2
[15:30:42]  recv  pass Cur 0 ,Seat 0, last 2,next 3,nextActive 3
[15:30:42] 0不要，通知下家 3 出牌
[15:30:42] 通知 出牌 3
[15:30:42] broad >>>>>>>>>>>>>>>>>>>>>>>>>>>>>>> message 51 size 2
[15:30:44] 自动出牌 last 2  cur 3
[15:30:44] 玩家3  自动出牌 跟牌 不要
[15:30:44] 应答 不要 3
[15:30:44] broad >>>>>>>>>>>>>>>>>>>>>>>>>>>>>>> message 31 size 2
[15:30:44]  recv  pass Cur 3 ,Seat 3, last 2,next 2,nextActive 2
[15:30:44] 2 没人要，出牌
[15:30:44] 通知 出牌 2
[15:30:44] broad >>>>>>>>>>>>>>>>>>>>>>>>>>>>>>> message 51 size 2
[15:30:46] 自动出牌 last 255  cur 2
[15:30:46] 玩家2  自动出牌 头游出牌 [1]
[15:30:46] user [10093-2] checkPlayCard 34,[1]
[15:30:46] user [10093-2] checkPlayCard (ff,34),[1]
[15:30:46] 应答 出牌 2  [1]
[15:30:46] broad >>>>>>>>>>>>>>>>>>>>>>>>>>>>>>> message 30 size 206
[15:30:46] 通知 出牌 1
[15:30:46] broad >>>>>>>>>>>>>>>>>>>>>>>>>>>>>>> message 51 size 2
[15:30:49] 自动出牌 last 2  cur 1
[15:30:49] 玩家1  自动出牌 跟牌 出牌 [1]
[15:30:49] user [10094-1] checkPlayCard d,[1]
[15:30:49] user [10094-1] checkPlayCard (ff,d),[1]
[15:30:49] 应答 出牌 1  [1]
[15:30:49] broad >>>>>>>>>>>>>>>>>>>>>>>>>>>>>>> message 30 size 206
[15:30:49] 通知 出牌 0
[15:30:49] broad >>>>>>>>>>>>>>>>>>>>>>>>>>>>>>> message 51 size 2
[15:30:51] 自动出牌 last 1  cur 0
[15:30:51] 玩家0  自动出牌 跟牌 出牌 [4]
[15:30:51] user [10018-0] checkPlayCard 13,23,23,33,[4]
[15:30:51] user [10018-0] checkPlayCard (ff,13),(ff,23),(ff,23),(ff,33),[4]
[15:30:51] 应答 出牌 0  [4]
[15:30:51] broad >>>>>>>>>>>>>>>>>>>>>>>>>>>>>>> message 30 size 206
[15:30:51] 通知 出牌 3
[15:30:51] broad >>>>>>>>>>>>>>>>>>>>>>>>>>>>>>> message 51 size 2
[15:30:53] 自动出牌 last 0  cur 3
[15:30:53] 玩家3  自动出牌 跟牌 不要
[15:30:53] 应答 不要 3
[15:30:53] broad >>>>>>>>>>>>>>>>>>>>>>>>>>>>>>> message 31 size 2
[15:30:53]  recv  pass Cur 3 ,Seat 3, last 0,next 2,nextActive 2
[15:30:53] 3不要，通知下家 2 出牌
[15:30:53] 通知 出牌 2
[15:30:53] broad >>>>>>>>>>>>>>>>>>>>>>>>>>>>>>> message 51 size 2
[15:30:55] 自动出牌 last 0  cur 2
[15:30:55] 玩家2  自动出牌 跟牌 出牌 [5]
[15:30:55] user [10093-2] checkPlayCard 7,17,27,27,37,[5]
[15:30:55] user [10093-2] checkPlayCard (ff,7),(ff,17),(ff,27),(ff,27),(ff,37),[5]
[15:30:55] 应答 出牌 2  [5]
[15:30:55] broad >>>>>>>>>>>>>>>>>>>>>>>>>>>>>>> message 30 size 206
[15:30:55] 玩家0[10018]  奖金分 -20,奖金个数1,累计奖金0,累计奖金个数0
[15:30:55] 玩家1[10094]  奖金分 -20,奖金个数1,累计奖金0,累计奖金个数0
[15:30:55] 玩家2[10093]  奖金分 60,奖金个数3,累计奖金0,累计奖金个数0
[15:30:55] 玩家3[10019]  奖金分 -20,奖金个数1,累计奖金0,累计奖金个数0
[15:30:55] broad >>>>>>>>>>>>>>>>>>>>>>>>>>>>>>> message 57 size 80
[15:30:55] 通知 出牌 1
[15:30:55] broad >>>>>>>>>>>>>>>>>>>>>>>>>>>>>>> message 51 size 2
[15:30:57] 自动出牌 last 2  cur 1
[15:30:57] 玩家1  自动出牌 跟牌 不要
[15:30:57] 应答 不要 1
[15:30:57] broad >>>>>>>>>>>>>>>>>>>>>>>>>>>>>>> message 31 size 2
[15:30:57]  recv  pass Cur 1 ,Seat 1, last 2,next 0,nextActive 0
[15:30:57] 1不要，通知下家 0 出牌
[15:30:57] 通知 出牌 0
[15:30:57] broad >>>>>>>>>>>>>>>>>>>>>>>>>>>>>>> message 51 size 2
[15:30:59] 自动出牌 last 2  cur 0
[15:30:59] 玩家0  自动出牌 跟牌 不要
[15:30:59] 应答 不要 0
[15:30:59] broad >>>>>>>>>>>>>>>>>>>>>>>>>>>>>>> message 31 size 2
[15:30:59]  recv  pass Cur 0 ,Seat 0, last 2,next 3,nextActive 3
[15:30:59] 0不要，通知下家 3 出牌
[15:30:59] 通知 出牌 3
[15:30:59] broad >>>>>>>>>>>>>>>>>>>>>>>>>>>>>>> message 51 size 2
[15:31:1] 自动出牌 last 2  cur 3
[15:31:1] 玩家3  自动出牌 跟牌 不要
[15:31:1] 应答 不要 3
[15:31:1] broad >>>>>>>>>>>>>>>>>>>>>>>>>>>>>>> message 31 size 2
[15:31:1]  recv  pass Cur 3 ,Seat 3, last 2,next 2,nextActive 2
[15:31:1] 2 没人要，出牌
[15:31:1] 通知 出牌 2
[15:31:1] broad >>>>>>>>>>>>>>>>>>>>>>>>>>>>>>> message 51 size 2
[15:31:3] 自动出牌 last 255  cur 2
[15:31:3] 玩家2  自动出牌 头游出牌 [1]
[15:31:3] user [10093-2] checkPlayCard 39,[1]
[15:31:3] user [10093-2] checkPlayCard (ff,39),[1]
[15:31:3] 应答 出牌 2  [1]
[15:31:3] broad >>>>>>>>>>>>>>>>>>>>>>>>>>>>>>> message 30 size 206
[15:31:3] 通知 出牌 1
[15:31:3] broad >>>>>>>>>>>>>>>>>>>>>>>>>>>>>>> message 51 size 2
[15:31:5] 自动出牌 last 2  cur 1
[15:31:5] 玩家1  自动出牌 跟牌 出牌 [1]
[15:31:5] user [10094-1] checkPlayCard 4f,[1]
[15:31:5] user [10094-1] checkPlayCard (ff,4f),[1]
[15:31:5] 应答 出牌 1  [1]
[15:31:5] broad >>>>>>>>>>>>>>>>>>>>>>>>>>>>>>> message 30 size 206
[15:31:5] 通知 出牌 0
[15:31:5] broad >>>>>>>>>>>>>>>>>>>>>>>>>>>>>>> message 51 size 2
[15:31:7] 自动出牌 last 1  cur 0
[15:31:7] 玩家0  自动出牌 跟牌 不要
[15:31:7] 应答 不要 0
[15:31:7] broad >>>>>>>>>>>>>>>>>>>>>>>>>>>>>>> message 31 size 2
[15:31:7]  recv  pass Cur 0 ,Seat 0, last 1,next 3,nextActive 3
[15:31:7] 0不要，通知下家 3 出牌
[15:31:7] 通知 出牌 3
[15:31:7] broad >>>>>>>>>>>>>>>>>>>>>>>>>>>>>>> message 51 size 2
[15:31:9] 自动出牌 last 1  cur 3
[15:31:9] 玩家3  自动出牌 跟牌 不要
[15:31:9] 应答 不要 3
[15:31:9] broad >>>>>>>>>>>>>>>>>>>>>>>>>>>>>>> message 31 size 2
[15:31:9]  recv  pass Cur 3 ,Seat 3, last 1,next 2,nextActive 2
[15:31:9] 3不要，通知下家 2 出牌
[15:31:9] 通知 出牌 2
[15:31:9] broad >>>>>>>>>>>>>>>>>>>>>>>>>>>>>>> message 51 size 2
[15:31:11] 自动出牌 last 1  cur 2
[15:31:11] 玩家2  自动出牌 跟牌 出牌 [3]
[15:31:11] user [10093-2] checkPlayCard 14,19,1c,[3]
[15:31:11] user [10093-2] checkPlayCard (ff,14),(ff,19),(ff,1c),[3]
[15:31:11] 应答 出牌 2  [3]
[15:31:11] broad >>>>>>>>>>>>>>>>>>>>>>>>>>>>>>> message 30 size 206
[15:31:11] 通知 出牌 1
[15:31:11] broad >>>>>>>>>>>>>>>>>>>>>>>>>>>>>>> message 51 size 2
[15:31:13] 自动出牌 last 2  cur 1
[15:31:13] 玩家1  自动出牌 跟牌 不要
[15:31:13] 应答 不要 1
[15:31:13] broad >>>>>>>>>>>>>>>>>>>>>>>>>>>>>>> message 31 size 2
[15:31:13]  recv  pass Cur 1 ,Seat 1, last 2,next 0,nextActive 0
[15:31:13] 1不要，通知下家 0 出牌
[15:31:13] 通知 出牌 0
[15:31:13] broad >>>>>>>>>>>>>>>>>>>>>>>>>>>>>>> message 51 size 2
[15:31:15] 自动出牌 last 2  cur 0
[15:31:15] 玩家0  自动出牌 跟牌 不要
[15:31:15] 应答 不要 0
[15:31:15] broad >>>>>>>>>>>>>>>>>>>>>>>>>>>>>>> message 31 size 2
[15:31:15]  recv  pass Cur 0 ,Seat 0, last 2,next 3,nextActive 3
[15:31:15] 0不要，通知下家 3 出牌
[15:31:15] 通知 出牌 3
[15:31:15] broad >>>>>>>>>>>>>>>>>>>>>>>>>>>>>>> message 51 size 2
[15:31:17] 自动出牌 last 2  cur 3
[15:31:17] 玩家3  自动出牌 跟牌 不要
[15:31:17] 应答 不要 3
[15:31:17] broad >>>>>>>>>>>>>>>>>>>>>>>>>>>>>>> message 31 size 2
[15:31:17]  recv  pass Cur 3 ,Seat 3, last 2,next 2,nextActive 2
[15:31:17] 2 没人要，出牌
[15:31:17] 通知 出牌 2
[15:31:17] broad >>>>>>>>>>>>>>>>>>>>>>>>>>>>>>> message 51 size 2
[15:31:19] 自动出牌 last 255  cur 2
[15:31:19] 玩家2  自动出牌 头游出牌 [2]
[15:31:19] user [10093-2] checkPlayCard 6,36,[2]
[15:31:19] user [10093-2] checkPlayCard (ff,6),(ff,36),[2]
[15:31:19] 应答 出牌 2  [2]
[15:31:19] broad >>>>>>>>>>>>>>>>>>>>>>>>>>>>>>> message 30 size 206
[15:31:19] 通知 出牌 1
[15:31:19] broad >>>>>>>>>>>>>>>>>>>>>>>>>>>>>>> message 51 size 2
[15:31:21] 自动出牌 last 2  cur 1
[15:31:21] 玩家1  自动出牌 跟牌 出牌 [2]
[15:31:21] user [10094-1] checkPlayCard b,3b,[2]
[15:31:21] user [10094-1] checkPlayCard (ff,b),(ff,3b),[2]
[15:31:21] 应答 出牌 1  [2]
[15:31:21] broad >>>>>>>>>>>>>>>>>>>>>>>>>>>>>>> message 30 size 206
[15:31:21] 通知 出牌 0
[15:31:21] broad >>>>>>>>>>>>>>>>>>>>>>>>>>>>>>> message 51 size 2
[15:31:23] 自动出牌 last 1  cur 0
[15:31:23] 玩家0  自动出牌 跟牌 出牌 [2]
[15:31:23] user [10018-0] checkPlayCard 1d,2d,[2]
[15:31:23] user [10018-0] checkPlayCard (ff,1d),(ff,2d),[2]
[15:31:23] 应答 出牌 0  [2]
[15:31:23] broad >>>>>>>>>>>>>>>>>>>>>>>>>>>>>>> message 30 size 206
[15:31:23] 通知 出牌 3
[15:31:23] broad >>>>>>>>>>>>>>>>>>>>>>>>>>>>>>> message 51 size 2
[15:31:25] 自动出牌 last 0  cur 3
[15:31:25] 玩家3  自动出牌 跟牌 不要
[15:31:25] 应答 不要 3
[15:31:25] broad >>>>>>>>>>>>>>>>>>>>>>>>>>>>>>> message 31 size 2
[15:31:25]  recv  pass Cur 3 ,Seat 3, last 0,next 2,nextActive 2
[15:31:25] 3不要，通知下家 2 出牌
[15:31:25] 通知 出牌 2
[15:31:25] broad >>>>>>>>>>>>>>>>>>>>>>>>>>>>>>> message 51 size 2
[15:31:27] 自动出牌 last 0  cur 2
[15:31:27] 玩家2  自动出牌 跟牌 不要
[15:31:27] 应答 不要 2
[15:31:27] broad >>>>>>>>>>>>>>>>>>>>>>>>>>>>>>> message 31 size 2
[15:31:27]  recv  pass Cur 2 ,Seat 2, last 0,next 1,nextActive 1
[15:31:27] 2不要，通知下家 1 出牌
[15:31:27] 通知 出牌 1
[15:31:27] broad >>>>>>>>>>>>>>>>>>>>>>>>>>>>>>> message 51 size 2
[15:31:29] 自动出牌 last 0  cur 1
[15:31:29] 玩家1  自动出牌 跟牌 出牌 [3]
[15:31:29] user [10094-1] checkPlayCard 24,19,1c,[3]
[15:31:29] user [10094-1] checkPlayCard (ff,24),(ff,19),(ff,1c),[3]
[15:31:29] 应答 出牌 1  [3]
[15:31:29] broad >>>>>>>>>>>>>>>>>>>>>>>>>>>>>>> message 30 size 206
[15:31:29] 通知 出牌 0
[15:31:29] broad >>>>>>>>>>>>>>>>>>>>>>>>>>>>>>> message 51 size 2
[15:31:31] 自动出牌 last 1  cur 0
[15:31:31] 玩家0  自动出牌 跟牌 不要
[15:31:31] 应答 不要 0
[15:31:31] broad >>>>>>>>>>>>>>>>>>>>>>>>>>>>>>> message 31 size 2
[15:31:31]  recv  pass Cur 0 ,Seat 0, last 1,next 3,nextActive 3
[15:31:31] 0不要，通知下家 3 出牌
[15:31:31] 通知 出牌 3
[15:31:31] broad >>>>>>>>>>>>>>>>>>>>>>>>>>>>>>> message 51 size 2
[15:31:33] 自动出牌 last 1  cur 3
[15:31:33] 玩家3  自动出牌 跟牌 不要
[15:31:33] 应答 不要 3
[15:31:33] broad >>>>>>>>>>>>>>>>>>>>>>>>>>>>>>> message 31 size 2
[15:31:33]  recv  pass Cur 3 ,Seat 3, last 1,next 2,nextActive 2
[15:31:33] 3不要，通知下家 2 出牌
[15:31:33] 通知 出牌 2
[15:31:33] broad >>>>>>>>>>>>>>>>>>>>>>>>>>>>>>> message 51 size 2
[15:31:35] 自动出牌 last 1  cur 2
[15:31:35] 玩家2  自动出牌 跟牌 不要
[15:31:35] 应答 不要 2
[15:31:35] broad >>>>>>>>>>>>>>>>>>>>>>>>>>>>>>> message 31 size 2
[15:31:35]  recv  pass Cur 2 ,Seat 2, last 1,next 1,nextActive 1
[15:31:35] 1 没人要，出牌
[15:31:35] 通知 出牌 1
[15:31:35] broad >>>>>>>>>>>>>>>>>>>>>>>>>>>>>>> message 51 size 2
[15:31:37] 自动出牌 last 255  cur 1
[15:31:37] 玩家1  自动出牌 头游出牌 [10]
[15:31:37] user [10094-1] checkPlayCard 25,25,35,16,16,26,3,13,33,29,[10]
[15:31:37] user [10094-1] checkPlayCard (ff,25),(ff,25),(ff,35),(ff,16),(ff,16),(ff,26),(ff,3),(ff,13),(ff,33),(ff,29),[10]
[15:31:37] user [10094-1] 出完牌
[15:31:37] 应答 出牌 1  [10]
[15:31:37] broad >>>>>>>>>>>>>>>>>>>>>>>>>>>>>>> message 30 size 206
[15:31:37] 包牌者出完牌 3
[15:31:37] HN::SJLogic::_recvPlayCardMsg:389 检测到游戏结束
[15:31:37] broad >>>>>>>>>>>>>>>>>>>>>>>>>>>>>>> message 63 size 124
[15:31:37] broad >>>>>>>>>>>>>>>>>>>>>>>>>>>>>>> message 59 size 4
[15:31:40] 玩家1[10094]  排名 0  team 0
[15:31:40] 玩家0[10018]  结算分数 60,总结算分数 0,霸王分 0,总霸王分 0
[15:31:40] 玩家1[10094]  结算分数 60,总结算分数 0,霸王分 0,总霸王分 0
[15:31:40] 玩家2[10093]  结算分数 60,总结算分数 0,霸王分 0,总霸王分 0
[15:31:40] 玩家3[10019]  结算分数 -180,总结算分数 0,霸王分 0,总霸王分 0
[15:31:40] broad >>>>>>>>>>>>>>>>>>>>>>>>>>>>>>> message 53 size 66
[15:31:40] *****************游戏结束***************
