[18:36:55] broad >>>>>>>>>>>>>>>>>>>>>>>>>>>>>>> message 62 size 8
[18:36:57] broad >>>>>>>>>>>>>>>>>>>>>>>>>>>>>>> message 62 size 8
[18:37:7] broad >>>>>>>>>>>>>>>>>>>>>>>>>>>>>>> message 62 size 8
[18:37:18] broad >>>>>>>>>>>>>>>>>>>>>>>>>>>>>>> message 62 size 8
[18:37:19] *****************游戏开始(0/0)***************
[18:37:19] broad >>>>>>>>>>>>>>>>>>>>>>>>>>>>>>> message 64 size 0
[18:37:19] broad >>>>>>>>>>>>>>>>>>>>>>>>>>>>>>> message 62 size 8
[18:37:19] 通知 庄家 2
[18:37:19] broad >>>>>>>>>>>>>>>>>>>>>>>>>>>>>>> message 54 size 1
[18:37:19] card 0 2,12,22,32,32,4,14,24,34,26,7,7,17,38,9,a,1a,1a,b,b,2b,c,c,21,31,31,4f,
[18:37:19] send >>>>>>>>>>>>>>>>>>>>>>>>>>>>>>> 0 message 50 size 31
[18:37:19] card 1 2,12,22,3,33,14,34,5,26,36,27,27,37,8,28,28,19,19,39,2a,3a,1b,3b,3c,d,21,4e,
[18:37:19] send >>>>>>>>>>>>>>>>>>>>>>>>>>>>>>> 1 message 50 size 31
[18:37:19] card 2 3,13,23,24,5,15,25,25,6,16,8,18,29,29,a,3a,1b,3b,2c,2c,1d,2d,3d,1,11,11,4e,
[18:37:19] send >>>>>>>>>>>>>>>>>>>>>>>>>>>>>>> 2 message 50 size 31
[18:37:19] card 3 13,23,33,4,15,35,35,6,16,36,17,37,18,38,9,39,2a,2b,1c,1c,3c,d,1d,2d,3d,1,4f,
[18:37:19] send >>>>>>>>>>>>>>>>>>>>>>>>>>>>>>> 3 message 50 size 31
[18:37:24] 通知 包牌 2
[18:37:24] broad >>>>>>>>>>>>>>>>>>>>>>>>>>>>>>> message 55 size 1
[18:37:29] recv  13 <<<<<<<<<<<<<<<<<<<<<<<<<<<<<<< 2
[18:37:29] 应答 包牌 2,1
[18:37:29] broad >>>>>>>>>>>>>>>>>>>>>>>>>>>>>>> message 33 size 2
[18:37:29] 玩家[20436] 2 包牌
[18:37:29] 通知 出牌 2
[18:37:29] broad >>>>>>>>>>>>>>>>>>>>>>>>>>>>>>> message 51 size 2
[18:37:33] recv  14 <<<<<<<<<<<<<<<<<<<<<<<<<<<<<<< 0
[18:37:33] send >>>>>>>>>>>>>>>>>>>>>>>>>>>>>>> 0 message 34 size 89
[18:37:35] recv  14 <<<<<<<<<<<<<<<<<<<<<<<<<<<<<<< 0
[18:37:35] send >>>>>>>>>>>>>>>>>>>>>>>>>>>>>>> 0 message 34 size 89
[18:37:36] recv  14 <<<<<<<<<<<<<<<<<<<<<<<<<<<<<<< 0
[18:37:36] send >>>>>>>>>>>>>>>>>>>>>>>>>>>>>>> 0 message 34 size 89
[18:37:36] recv  14 <<<<<<<<<<<<<<<<<<<<<<<<<<<<<<< 0
[18:37:36] send >>>>>>>>>>>>>>>>>>>>>>>>>>>>>>> 0 message 34 size 89
[18:37:44] recv  12 <<<<<<<<<<<<<<<<<<<<<<<<<<<<<<< 2
[18:37:44] broad >>>>>>>>>>>>>>>>>>>>>>>>>>>>>>> message 32 size 2
[18:37:44] 自动出牌 last 255  cur 2
[18:37:44] 玩家2  自动出牌 头游出牌 [1]
[18:37:44] user [20436-2] checkPlayCard 16,[1]
[18:37:44] user [20436-2] checkPlayCard (ff,16),[1]
[18:37:44] 应答 出牌 2  [1]
[18:37:44] broad >>>>>>>>>>>>>>>>>>>>>>>>>>>>>>> message 30 size 206
[18:37:44] 通知 出牌 1
[18:37:44] broad >>>>>>>>>>>>>>>>>>>>>>>>>>>>>>> message 51 size 2
[18:37:46] recv  12 <<<<<<<<<<<<<<<<<<<<<<<<<<<<<<< 0
[18:37:46] broad >>>>>>>>>>>>>>>>>>>>>>>>>>>>>>> message 32 size 2
[18:37:48] recv  12 <<<<<<<<<<<<<<<<<<<<<<<<<<<<<<< 1
[18:37:48] broad >>>>>>>>>>>>>>>>>>>>>>>>>>>>>>> message 32 size 2
[18:37:48] 自动出牌 last 2  cur 1
[18:37:48] 玩家1  自动出牌 跟牌 出牌 [1]
[18:37:48] user [21243-1] checkPlayCard d,[1]
[18:37:48] user [21243-1] checkPlayCard (ff,d),[1]
[18:37:48] 应答 出牌 1  [1]
[18:37:48] broad >>>>>>>>>>>>>>>>>>>>>>>>>>>>>>> message 30 size 206
[18:37:48] 通知 出牌 0
[18:37:48] broad >>>>>>>>>>>>>>>>>>>>>>>>>>>>>>> message 51 size 2
[18:37:49] recv  12 <<<<<<<<<<<<<<<<<<<<<<<<<<<<<<< 3
[18:37:49] broad >>>>>>>>>>>>>>>>>>>>>>>>>>>>>>> message 32 size 2
[18:37:49] 自动出牌 last 1  cur 0
[18:37:49] 玩家0  自动出牌 跟牌 出牌 [5]
[18:37:49] user [20024-0] checkPlayCard 2,12,22,32,32,[5]
[18:37:49] user [20024-0] checkPlayCard (0,2),(0,12),(0,22),(0,32),(0,32),[5]
[18:37:49] 应答 出牌 0  [5]
[18:37:49] broad >>>>>>>>>>>>>>>>>>>>>>>>>>>>>>> message 30 size 206
[18:37:49] 玩家0[20024]  奖金分 30,奖金个数1,累计奖金0,累计奖金个数0
[18:37:49] 玩家1[21243]  奖金分 -10,奖金个数0,累计奖金0,累计奖金个数0
[18:37:49] 玩家2[20436]  奖金分 -10,奖金个数0,累计奖金0,累计奖金个数0
[18:37:49] 玩家3[21245]  奖金分 -10,奖金个数0,累计奖金0,累计奖金个数0
[18:37:49] broad >>>>>>>>>>>>>>>>>>>>>>>>>>>>>>> message 57 size 80
[18:37:49] 通知 出牌 3
[18:37:49] broad >>>>>>>>>>>>>>>>>>>>>>>>>>>>>>> message 51 size 2
[18:37:51] 自动出牌 last 0  cur 3
[18:37:51] 玩家3  自动出牌 跟牌 不要
[18:37:51] 应答 不要 3
[18:37:51] broad >>>>>>>>>>>>>>>>>>>>>>>>>>>>>>> message 31 size 2
[18:37:51]  recv  pass Cur 3 ,Seat 3, last 0,next 2,nextActive 2
[18:37:51] 3不要，通知下家 2 出牌
[18:37:51] 通知 出牌 2
[18:37:51] broad >>>>>>>>>>>>>>>>>>>>>>>>>>>>>>> message 51 size 2
[18:37:53] 自动出牌 last 0  cur 2
[18:37:53] 玩家2  自动出牌 跟牌 不要
[18:37:53] 应答 不要 2
[18:37:53] broad >>>>>>>>>>>>>>>>>>>>>>>>>>>>>>> message 31 size 2
[18:37:53]  recv  pass Cur 2 ,Seat 2, last 0,next 1,nextActive 1
[18:37:53] 2不要，通知下家 1 出牌
[18:37:53] 通知 出牌 1
[18:37:53] broad >>>>>>>>>>>>>>>>>>>>>>>>>>>>>>> message 51 size 2
[18:37:55] 自动出牌 last 0  cur 1
[18:37:55] 玩家1  自动出牌 跟牌 不要
[18:37:55] 应答 不要 1
[18:37:55] broad >>>>>>>>>>>>>>>>>>>>>>>>>>>>>>> message 31 size 2
[18:37:55]  recv  pass Cur 1 ,Seat 1, last 0,next 0,nextActive 0
[18:37:55] 0 没人要，出牌
[18:37:55] 通知 出牌 0
[18:37:55] broad >>>>>>>>>>>>>>>>>>>>>>>>>>>>>>> message 51 size 2
[18:37:57] 自动出牌 last 255  cur 0
[18:37:57] 玩家0  自动出牌 头游出牌 [1]
[18:37:57] user [20024-0] checkPlayCard 4f,[1]
[18:37:57] user [20024-0] checkPlayCard (ff,4f),[1]
[18:37:57] 应答 出牌 0  [1]
[18:37:57] broad >>>>>>>>>>>>>>>>>>>>>>>>>>>>>>> message 30 size 206
[18:37:57] 通知 出牌 3
[18:37:57] broad >>>>>>>>>>>>>>>>>>>>>>>>>>>>>>> message 51 size 2
[18:38:0] 自动出牌 last 0  cur 3
[18:38:0] 玩家3  自动出牌 跟牌 出牌 [3]
[18:38:0] user [21245-3] checkPlayCard 4,9,1c,[3]
[18:38:0] user [21245-3] checkPlayCard (ff,4),(ff,9),(ff,1c),[3]
[18:38:0] 应答 出牌 3  [3]
[18:38:0] broad >>>>>>>>>>>>>>>>>>>>>>>>>>>>>>> message 30 size 206
[18:38:0] 通知 出牌 2
[18:38:0] broad >>>>>>>>>>>>>>>>>>>>>>>>>>>>>>> message 51 size 2
[18:38:2] 自动出牌 last 3  cur 2
[18:38:2] 玩家2  自动出牌 跟牌 出牌 [3]
[18:38:2] user [20436-2] checkPlayCard 24,29,2c,[3]
[18:38:2] user [20436-2] checkPlayCard (ff,24),(ff,29),(ff,2c),[3]
[18:38:2] 应答 出牌 2  [3]
[18:38:2] broad >>>>>>>>>>>>>>>>>>>>>>>>>>>>>>> message 30 size 206
[18:38:2] 通知 出牌 1
[18:38:2] broad >>>>>>>>>>>>>>>>>>>>>>>>>>>>>>> message 51 size 2
[18:38:4] 自动出牌 last 2  cur 1
[18:38:4] 玩家1  自动出牌 跟牌 不要
[18:38:4] 应答 不要 1
[18:38:4] broad >>>>>>>>>>>>>>>>>>>>>>>>>>>>>>> message 31 size 2
[18:38:4]  recv  pass Cur 1 ,Seat 1, last 2,next 0,nextActive 0
[18:38:4] 1不要，通知下家 0 出牌
[18:38:4] 通知 出牌 0
[18:38:4] broad >>>>>>>>>>>>>>>>>>>>>>>>>>>>>>> message 51 size 2
[18:38:6] 自动出牌 last 2  cur 0
[18:38:6] 玩家0  自动出牌 跟牌 出牌 [4]
[18:38:6] user [20024-0] checkPlayCard 4,14,24,34,[4]
[18:38:6] user [20024-0] checkPlayCard (ff,4),(ff,14),(ff,24),(ff,34),[4]
[18:38:6] 应答 出牌 0  [4]
[18:38:6] broad >>>>>>>>>>>>>>>>>>>>>>>>>>>>>>> message 30 size 206
[18:38:6] 通知 出牌 3
[18:38:6] broad >>>>>>>>>>>>>>>>>>>>>>>>>>>>>>> message 51 size 2
[18:38:8] 自动出牌 last 0  cur 3
[18:38:8] 玩家3  自动出牌 跟牌 出牌 [4]
[18:38:8] user [21245-3] checkPlayCard d,1d,2d,3d,[4]
[18:38:8] user [21245-3] checkPlayCard (ff,d),(ff,1d),(ff,2d),(ff,3d),[4]
[18:38:8] 应答 出牌 3  [4]
[18:38:8] broad >>>>>>>>>>>>>>>>>>>>>>>>>>>>>>> message 30 size 206
[18:38:8] 通知 出牌 2
[18:38:8] broad >>>>>>>>>>>>>>>>>>>>>>>>>>>>>>> message 51 size 2
[18:38:10] 自动出牌 last 3  cur 2
[18:38:10] 玩家2  自动出牌 跟牌 不要
[18:38:10] 应答 不要 2
[18:38:10] broad >>>>>>>>>>>>>>>>>>>>>>>>>>>>>>> message 31 size 2
[18:38:10]  recv  pass Cur 2 ,Seat 2, last 3,next 1,nextActive 1
[18:38:10] 2不要，通知下家 1 出牌
[18:38:10] 通知 出牌 1
[18:38:10] broad >>>>>>>>>>>>>>>>>>>>>>>>>>>>>>> message 51 size 2
[18:38:12] 自动出牌 last 3  cur 1
[18:38:12] 玩家1  自动出牌 跟牌 不要
[18:38:12] 应答 不要 1
[18:38:12] broad >>>>>>>>>>>>>>>>>>>>>>>>>>>>>>> message 31 size 2
[18:38:12]  recv  pass Cur 1 ,Seat 1, last 3,next 0,nextActive 0
[18:38:12] 1不要，通知下家 0 出牌
[18:38:12] 通知 出牌 0
[18:38:12] broad >>>>>>>>>>>>>>>>>>>>>>>>>>>>>>> message 51 size 2
[18:38:14] 自动出牌 last 3  cur 0
[18:38:14] 玩家0  自动出牌 跟牌 不要
[18:38:14] 应答 不要 0
[18:38:14] broad >>>>>>>>>>>>>>>>>>>>>>>>>>>>>>> message 31 size 2
[18:38:14]  recv  pass Cur 0 ,Seat 0, last 3,next 3,nextActive 3
[18:38:14] 3 没人要，出牌
[18:38:14] 通知 出牌 3
[18:38:14] broad >>>>>>>>>>>>>>>>>>>>>>>>>>>>>>> message 51 size 2
[18:38:16] 自动出牌 last 255  cur 3
[18:38:16] 玩家3  自动出牌 头游出牌 [1]
[18:38:16] user [21245-3] checkPlayCard 37,[1]
[18:38:16] user [21245-3] checkPlayCard (ff,37),[1]
[18:38:16] 应答 出牌 3  [1]
[18:38:16] broad >>>>>>>>>>>>>>>>>>>>>>>>>>>>>>> message 30 size 206
[18:38:16] 通知 出牌 2
[18:38:16] broad >>>>>>>>>>>>>>>>>>>>>>>>>>>>>>> message 51 size 2
[18:38:18] 自动出牌 last 3  cur 2
[18:38:18] 玩家2  自动出牌 跟牌 出牌 [1]
[18:38:18] user [20436-2] checkPlayCard 29,[1]
[18:38:18] user [20436-2] checkPlayCard (ff,29),[1]
[18:38:18] 应答 出牌 2  [1]
[18:38:18] broad >>>>>>>>>>>>>>>>>>>>>>>>>>>>>>> message 30 size 206
[18:38:18] 通知 出牌 1
[18:38:18] broad >>>>>>>>>>>>>>>>>>>>>>>>>>>>>>> message 51 size 2
[18:38:20] 自动出牌 last 2  cur 1
[18:38:20] 玩家1  自动出牌 跟牌 出牌 [1]
[18:38:20] user [21243-1] checkPlayCard 21,[1]
[18:38:20] user [21243-1] checkPlayCard (ff,21),[1]
[18:38:20] 应答 出牌 1  [1]
[18:38:20] broad >>>>>>>>>>>>>>>>>>>>>>>>>>>>>>> message 30 size 206
[18:38:20] 通知 出牌 0
[18:38:20] broad >>>>>>>>>>>>>>>>>>>>>>>>>>>>>>> message 51 size 2
[18:38:22] 自动出牌 last 1  cur 0
[18:38:22] 玩家0  自动出牌 跟牌 不要
[18:38:22] 应答 不要 0
[18:38:22] broad >>>>>>>>>>>>>>>>>>>>>>>>>>>>>>> message 31 size 2
[18:38:22]  recv  pass Cur 0 ,Seat 0, last 1,next 3,nextActive 3
[18:38:22] 0不要，通知下家 3 出牌
[18:38:22] 通知 出牌 3
[18:38:22] broad >>>>>>>>>>>>>>>>>>>>>>>>>>>>>>> message 51 size 2
[18:38:24] 自动出牌 last 1  cur 3
[18:38:24] 玩家3  自动出牌 跟牌 出牌 [1]
[18:38:24] user [21245-3] checkPlayCard 4f,[1]
[18:38:24] user [21245-3] checkPlayCard (ff,4f),[1]
[18:38:24] 应答 出牌 3  [1]
[18:38:24] broad >>>>>>>>>>>>>>>>>>>>>>>>>>>>>>> message 30 size 206
[18:38:24] 通知 出牌 2
[18:38:24] broad >>>>>>>>>>>>>>>>>>>>>>>>>>>>>>> message 51 size 2
[18:38:26] 自动出牌 last 3  cur 2
[18:38:26] 玩家2  自动出牌 跟牌 出牌 [4]
[18:38:26] user [20436-2] checkPlayCard 5,15,25,25,[4]
[18:38:26] user [20436-2] checkPlayCard (ff,5),(ff,15),(ff,25),(ff,25),[4]
[18:38:26] 应答 出牌 2  [4]
[18:38:26] broad >>>>>>>>>>>>>>>>>>>>>>>>>>>>>>> message 30 size 206
[18:38:26] 通知 出牌 1
[18:38:26] broad >>>>>>>>>>>>>>>>>>>>>>>>>>>>>>> message 51 size 2
[18:38:28] 自动出牌 last 2  cur 1
[18:38:28] 玩家1  自动出牌 跟牌 不要
[18:38:28] 应答 不要 1
[18:38:28] broad >>>>>>>>>>>>>>>>>>>>>>>>>>>>>>> message 31 size 2
[18:38:28]  recv  pass Cur 1 ,Seat 1, last 2,next 0,nextActive 0
[18:38:28] 1不要，通知下家 0 出牌
[18:38:28] 通知 出牌 0
[18:38:28] broad >>>>>>>>>>>>>>>>>>>>>>>>>>>>>>> message 51 size 2
[18:38:30] 自动出牌 last 2  cur 0
[18:38:30] 玩家0  自动出牌 跟牌 不要
[18:38:30] 应答 不要 0
[18:38:30] broad >>>>>>>>>>>>>>>>>>>>>>>>>>>>>>> message 31 size 2
[18:38:30]  recv  pass Cur 0 ,Seat 0, last 2,next 3,nextActive 3
[18:38:30] 0不要，通知下家 3 出牌
[18:38:30] 通知 出牌 3
[18:38:30] broad >>>>>>>>>>>>>>>>>>>>>>>>>>>>>>> message 51 size 2
[18:38:32] 自动出牌 last 2  cur 3
[18:38:32] 玩家3  自动出牌 跟牌 不要
[18:38:32] 应答 不要 3
[18:38:32] broad >>>>>>>>>>>>>>>>>>>>>>>>>>>>>>> message 31 size 2
[18:38:32]  recv  pass Cur 3 ,Seat 3, last 2,next 2,nextActive 2
[18:38:32] 2 没人要，出牌
[18:38:32] 通知 出牌 2
[18:38:32] broad >>>>>>>>>>>>>>>>>>>>>>>>>>>>>>> message 51 size 2
[18:38:34] 自动出牌 last 255  cur 2
[18:38:34] 玩家2  自动出牌 头游出牌 [1]
[18:38:34] user [20436-2] checkPlayCard 2c,[1]
[18:38:34] user [20436-2] checkPlayCard (ff,2c),[1]
[18:38:34] 应答 出牌 2  [1]
[18:38:34] broad >>>>>>>>>>>>>>>>>>>>>>>>>>>>>>> message 30 size 206
[18:38:34] 通知 出牌 1
[18:38:34] broad >>>>>>>>>>>>>>>>>>>>>>>>>>>>>>> message 51 size 2
[18:38:36] 自动出牌 last 2  cur 1
[18:38:36] 玩家1  自动出牌 跟牌 出牌 [1]
[18:38:36] user [21243-1] checkPlayCard 4e,[1]
[18:38:36] user [21243-1] checkPlayCard (ff,4e),[1]
[18:38:36] 应答 出牌 1  [1]
[18:38:36] broad >>>>>>>>>>>>>>>>>>>>>>>>>>>>>>> message 30 size 206
[18:38:36] 通知 出牌 0
[18:38:36] broad >>>>>>>>>>>>>>>>>>>>>>>>>>>>>>> message 51 size 2
[18:38:38] 自动出牌 last 1  cur 0
[18:38:38] 玩家0  自动出牌 跟牌 不要
[18:38:38] 应答 不要 0
[18:38:38] broad >>>>>>>>>>>>>>>>>>>>>>>>>>>>>>> message 31 size 2
[18:38:38]  recv  pass Cur 0 ,Seat 0, last 1,next 3,nextActive 3
[18:38:38] 0不要，通知下家 3 出牌
[18:38:38] 通知 出牌 3
[18:38:38] broad >>>>>>>>>>>>>>>>>>>>>>>>>>>>>>> message 51 size 2
[18:38:40] 自动出牌 last 1  cur 3
[18:38:40] 玩家3  自动出牌 跟牌 不要
[18:38:40] 应答 不要 3
[18:38:40] broad >>>>>>>>>>>>>>>>>>>>>>>>>>>>>>> message 31 size 2
[18:38:40]  recv  pass Cur 3 ,Seat 3, last 1,next 2,nextActive 2
[18:38:40] 3不要，通知下家 2 出牌
[18:38:40] 通知 出牌 2
[18:38:40] broad >>>>>>>>>>>>>>>>>>>>>>>>>>>>>>> message 51 size 2
[18:38:42] 自动出牌 last 1  cur 2
[18:38:42] 玩家2  自动出牌 跟牌 不要
[18:38:42] 应答 不要 2
[18:38:42] broad >>>>>>>>>>>>>>>>>>>>>>>>>>>>>>> message 31 size 2
[18:38:42]  recv  pass Cur 2 ,Seat 2, last 1,next 1,nextActive 1
[18:38:42] 1 没人要，出牌
[18:38:42] 通知 出牌 1
[18:38:42] broad >>>>>>>>>>>>>>>>>>>>>>>>>>>>>>> message 51 size 2
[18:38:44] 自动出牌 last 255  cur 1
[18:38:44] 玩家1  自动出牌 头游出牌 [1]
[18:38:44] user [21243-1] checkPlayCard 33,[1]
[18:38:44] user [21243-1] checkPlayCard (ff,33),[1]
[18:38:44] 应答 出牌 1  [1]
[18:38:44] broad >>>>>>>>>>>>>>>>>>>>>>>>>>>>>>> message 30 size 206
[18:38:44] 通知 出牌 0
[18:38:44] broad >>>>>>>>>>>>>>>>>>>>>>>>>>>>>>> message 51 size 2
[18:38:46] recv  12 <<<<<<<<<<<<<<<<<<<<<<<<<<<<<<< 0
[18:38:46] broad >>>>>>>>>>>>>>>>>>>>>>>>>>>>>>> message 32 size 2
[18:38:46] 自动出牌 last 1  cur 0
[18:38:46] 玩家0  自动出牌 跟牌 不要
[18:38:46] 应答 不要 0
[18:38:46] broad >>>>>>>>>>>>>>>>>>>>>>>>>>>>>>> message 31 size 2
[18:38:46]  recv  pass Cur 0 ,Seat 0, last 1,next 3,nextActive 3
[18:38:46] 0不要，通知下家 3 出牌
[18:38:46] 通知 出牌 3
[18:38:46] broad >>>>>>>>>>>>>>>>>>>>>>>>>>>>>>> message 51 size 2
[18:38:47] recv  12 <<<<<<<<<<<<<<<<<<<<<<<<<<<<<<< 2
[18:38:47] broad >>>>>>>>>>>>>>>>>>>>>>>>>>>>>>> message 32 size 2
[18:38:48] recv  12 <<<<<<<<<<<<<<<<<<<<<<<<<<<<<<< 1
[18:38:48] broad >>>>>>>>>>>>>>>>>>>>>>>>>>>>>>> message 32 size 2
[18:38:48] recv  12 <<<<<<<<<<<<<<<<<<<<<<<<<<<<<<< 3
[18:38:48] broad >>>>>>>>>>>>>>>>>>>>>>>>>>>>>>> message 32 size 2
[18:38:48] 自动出牌 last 1  cur 3
[18:38:48] 玩家3  自动出牌 跟牌 出牌 [1]
[18:38:48] user [21245-3] checkPlayCard 39,[1]
[18:38:48] user [21245-3] checkPlayCard (ff,39),[1]
[18:38:48] 应答 出牌 3  [1]
[18:38:48] broad >>>>>>>>>>>>>>>>>>>>>>>>>>>>>>> message 30 size 206
[18:38:48] 通知 出牌 2
[18:38:48] broad >>>>>>>>>>>>>>>>>>>>>>>>>>>>>>> message 51 size 2
[18:38:50] recv  10 <<<<<<<<<<<<<<<<<<<<<<<<<<<<<<< 2
[18:38:50] user [20436-2] checkPlayCard 4e,[1]
[18:38:50] user [20436-2] checkPlayCard (ff,4e),[1]
[18:38:50] 应答 出牌 2  [1]
[18:38:50] broad >>>>>>>>>>>>>>>>>>>>>>>>>>>>>>> message 30 size 206
[18:38:50] 通知 出牌 1
[18:38:50] broad >>>>>>>>>>>>>>>>>>>>>>>>>>>>>>> message 51 size 2
[18:38:52] recv  10 <<<<<<<<<<<<<<<<<<<<<<<<<<<<<<< 1
[18:38:52] user [21243-1] checkPlayCard 34,39,3c,[3]
[18:38:52] user [21243-1] checkPlayCard (ff,34),(ff,39),(ff,3c),[3]
[18:38:52] 应答 出牌 1  [3]
[18:38:52] broad >>>>>>>>>>>>>>>>>>>>>>>>>>>>>>> message 30 size 206
[18:38:52] 通知 出牌 0
[18:38:52] broad >>>>>>>>>>>>>>>>>>>>>>>>>>>>>>> message 51 size 2
[18:38:53] recv  11 <<<<<<<<<<<<<<<<<<<<<<<<<<<<<<< 0
[18:38:53] 应答 不要 0
[18:38:53] broad >>>>>>>>>>>>>>>>>>>>>>>>>>>>>>> message 31 size 2
[18:38:53]  recv  pass Cur 0 ,Seat 0, last 1,next 3,nextActive 3
[18:38:53] 0不要，通知下家 3 出牌
[18:38:53] 通知 出牌 3
[18:38:53] broad >>>>>>>>>>>>>>>>>>>>>>>>>>>>>>> message 51 size 2
[18:38:54] recv  11 <<<<<<<<<<<<<<<<<<<<<<<<<<<<<<< 3
[18:38:54] 应答 不要 3
[18:38:54] broad >>>>>>>>>>>>>>>>>>>>>>>>>>>>>>> message 31 size 2
[18:38:54]  recv  pass Cur 3 ,Seat 3, last 1,next 2,nextActive 2
[18:38:54] 3不要，通知下家 2 出牌
[18:38:54] 通知 出牌 2
[18:38:54] broad >>>>>>>>>>>>>>>>>>>>>>>>>>>>>>> message 51 size 2
[18:38:55] recv  11 <<<<<<<<<<<<<<<<<<<<<<<<<<<<<<< 2
[18:38:55] 应答 不要 2
[18:38:55] broad >>>>>>>>>>>>>>>>>>>>>>>>>>>>>>> message 31 size 2
[18:38:55]  recv  pass Cur 2 ,Seat 2, last 1,next 1,nextActive 1
[18:38:55] 1 没人要，出牌
[18:38:55] 通知 出牌 1
[18:38:55] broad >>>>>>>>>>>>>>>>>>>>>>>>>>>>>>> message 51 size 2
[18:38:58] recv  10 <<<<<<<<<<<<<<<<<<<<<<<<<<<<<<< 1
[18:38:58] user [21243-1] checkPlayCard 2,12,22,[3]
[18:38:59] recv  10 <<<<<<<<<<<<<<<<<<<<<<<<<<<<<<< 1
[18:38:59] user [21243-1] checkPlayCard 2,12,22,[3]
[18:38:59] recv  10 <<<<<<<<<<<<<<<<<<<<<<<<<<<<<<< 1
[18:38:59] user [21243-1] checkPlayCard 2,12,22,[3]
[18:39:0] recv  10 <<<<<<<<<<<<<<<<<<<<<<<<<<<<<<< 1
[18:39:0] user [21243-1] checkPlayCard 2,12,22,[3]
[18:39:0] recv  10 <<<<<<<<<<<<<<<<<<<<<<<<<<<<<<< 1
[18:39:0] user [21243-1] checkPlayCard 2,12,22,[3]
[18:39:0] recv  10 <<<<<<<<<<<<<<<<<<<<<<<<<<<<<<< 1
[18:39:0] user [21243-1] checkPlayCard 2,12,22,[3]
[18:39:0] recv  10 <<<<<<<<<<<<<<<<<<<<<<<<<<<<<<< 1
[18:39:0] user [21243-1] checkPlayCard 2,12,22,[3]
[18:39:1] recv  10 <<<<<<<<<<<<<<<<<<<<<<<<<<<<<<< 1
[18:39:1] user [21243-1] checkPlayCard 2,12,22,[3]
[18:39:1] recv  10 <<<<<<<<<<<<<<<<<<<<<<<<<<<<<<< 1
[18:39:1] user [21243-1] checkPlayCard 2,12,22,[3]
[18:39:1] recv  11 <<<<<<<<<<<<<<<<<<<<<<<<<<<<<<< 1
[18:39:2] recv  11 <<<<<<<<<<<<<<<<<<<<<<<<<<<<<<< 1
[18:39:2] recv  11 <<<<<<<<<<<<<<<<<<<<<<<<<<<<<<< 1
[18:39:7] recv  10 <<<<<<<<<<<<<<<<<<<<<<<<<<<<<<< 1
[18:39:7] user [21243-1] checkPlayCard 2,12,22,[3]
[18:39:8] recv  10 <<<<<<<<<<<<<<<<<<<<<<<<<<<<<<< 1
[18:39:8] user [21243-1] checkPlayCard 2,12,22,[3]
[18:39:8] recv  10 <<<<<<<<<<<<<<<<<<<<<<<<<<<<<<< 1
[18:39:8] user [21243-1] checkPlayCard 2,12,22,[3]
[18:39:8] recv  10 <<<<<<<<<<<<<<<<<<<<<<<<<<<<<<< 1
[18:39:8] user [21243-1] checkPlayCard 2,12,22,[3]
[18:39:8] recv  10 <<<<<<<<<<<<<<<<<<<<<<<<<<<<<<< 1
[18:39:8] user [21243-1] checkPlayCard 2,12,22,[3]
[18:39:9] recv  10 <<<<<<<<<<<<<<<<<<<<<<<<<<<<<<< 1
[18:39:9] user [21243-1] checkPlayCard 2,12,22,[3]
[18:39:9] recv  10 <<<<<<<<<<<<<<<<<<<<<<<<<<<<<<< 1
[18:39:9] user [21243-1] checkPlayCard 2,12,22,[3]
[18:39:9] recv  10 <<<<<<<<<<<<<<<<<<<<<<<<<<<<<<< 1
[18:39:9] user [21243-1] checkPlayCard 2,12,22,[3]
[18:39:10] recv  10 <<<<<<<<<<<<<<<<<<<<<<<<<<<<<<< 1
[18:39:10] user [21243-1] checkPlayCard 2,12,22,[3]
[18:39:10] recv  10 <<<<<<<<<<<<<<<<<<<<<<<<<<<<<<< 1
[18:39:10] user [21243-1] checkPlayCard 2,12,22,[3]
[18:39:10] recv  10 <<<<<<<<<<<<<<<<<<<<<<<<<<<<<<< 1
[18:39:10] user [21243-1] checkPlayCard 2,12,22,[3]
[18:39:10] recv  10 <<<<<<<<<<<<<<<<<<<<<<<<<<<<<<< 1
[18:39:10] user [21243-1] checkPlayCard 2,12,22,[3]
[18:39:10] recv  10 <<<<<<<<<<<<<<<<<<<<<<<<<<<<<<< 1
[18:39:10] user [21243-1] checkPlayCard 2,12,22,[3]
[18:39:12] recv  10 <<<<<<<<<<<<<<<<<<<<<<<<<<<<<<< 1
[18:39:12] user [21243-1] checkPlayCard 2,12,22,[3]
[18:39:13] recv  10 <<<<<<<<<<<<<<<<<<<<<<<<<<<<<<< 1
[18:39:13] user [21243-1] checkPlayCard 2,12,22,[3]
[18:39:21] recv  10 <<<<<<<<<<<<<<<<<<<<<<<<<<<<<<< 1
[18:39:21] user [21243-1] checkPlayCard 3,[1]
[18:39:21] user [21243-1] checkPlayCard (ff,3),[1]
[18:39:21] 应答 出牌 1  [1]
[18:39:21] broad >>>>>>>>>>>>>>>>>>>>>>>>>>>>>>> message 30 size 206
[18:39:21] 通知 出牌 0
[18:39:21] broad >>>>>>>>>>>>>>>>>>>>>>>>>>>>>>> message 51 size 2
[18:39:25] recv  10 <<<<<<<<<<<<<<<<<<<<<<<<<<<<<<< 0
[18:39:25] user [20024-0] checkPlayCard 26,[1]
[18:39:25] user [20024-0] checkPlayCard (ff,26),[1]
[18:39:25] 应答 出牌 0  [1]
[18:39:25] broad >>>>>>>>>>>>>>>>>>>>>>>>>>>>>>> message 30 size 206
[18:39:25] 通知 出牌 3
[18:39:25] broad >>>>>>>>>>>>>>>>>>>>>>>>>>>>>>> message 51 size 2
[18:39:27] recv  10 <<<<<<<<<<<<<<<<<<<<<<<<<<<<<<< 3
[18:39:27] user [21245-3] checkPlayCard 17,[1]
[18:39:27] user [21245-3] checkPlayCard (ff,17),[1]
[18:39:27] 应答 出牌 3  [1]
[18:39:27] broad >>>>>>>>>>>>>>>>>>>>>>>>>>>>>>> message 30 size 206
[18:39:27] 通知 出牌 2
[18:39:27] broad >>>>>>>>>>>>>>>>>>>>>>>>>>>>>>> message 51 size 2
[18:39:30] recv  11 <<<<<<<<<<<<<<<<<<<<<<<<<<<<<<< 2
[18:39:30] 应答 不要 2
[18:39:30] broad >>>>>>>>>>>>>>>>>>>>>>>>>>>>>>> message 31 size 2
[18:39:30]  recv  pass Cur 2 ,Seat 2, last 3,next 1,nextActive 1
[18:39:30] 2不要，通知下家 1 出牌
[18:39:30] 通知 出牌 1
[18:39:30] broad >>>>>>>>>>>>>>>>>>>>>>>>>>>>>>> message 51 size 2
[18:39:33] recv  11 <<<<<<<<<<<<<<<<<<<<<<<<<<<<<<< 1
[18:39:33] 应答 不要 1
[18:39:33] broad >>>>>>>>>>>>>>>>>>>>>>>>>>>>>>> message 31 size 2
[18:39:33]  recv  pass Cur 1 ,Seat 1, last 3,next 0,nextActive 0
[18:39:33] 1不要，通知下家 0 出牌
[18:39:33] 通知 出牌 0
[18:39:33] broad >>>>>>>>>>>>>>>>>>>>>>>>>>>>>>> message 51 size 2
[18:39:36] recv  11 <<<<<<<<<<<<<<<<<<<<<<<<<<<<<<< 0
[18:39:36] 应答 不要 0
[18:39:36] broad >>>>>>>>>>>>>>>>>>>>>>>>>>>>>>> message 31 size 2
[18:39:36]  recv  pass Cur 0 ,Seat 0, last 3,next 3,nextActive 3
[18:39:36] 3 没人要，出牌
[18:39:36] 通知 出牌 3
[18:39:36] broad >>>>>>>>>>>>>>>>>>>>>>>>>>>>>>> message 51 size 2
[18:39:40] recv  10 <<<<<<<<<<<<<<<<<<<<<<<<<<<<<<< 3
[18:39:40] user [21245-3] checkPlayCard 13,23,33,[3]
[18:39:44] recv  10 <<<<<<<<<<<<<<<<<<<<<<<<<<<<<<< 3
[18:39:44] user [21245-3] checkPlayCard 13,23,33,15,35,35,[6]
[18:39:46] recv  10 <<<<<<<<<<<<<<<<<<<<<<<<<<<<<<< 3
[18:39:46] user [21245-3] checkPlayCard 13,23,33,15,35,35,18,38,[8]
[18:39:47] recv  10 <<<<<<<<<<<<<<<<<<<<<<<<<<<<<<< 3
[18:39:47] user [21245-3] checkPlayCard 13,23,33,15,35,35,18,38,[8]
[18:39:47] recv  10 <<<<<<<<<<<<<<<<<<<<<<<<<<<<<<< 3
[18:39:47] user [21245-3] checkPlayCard 13,23,33,15,35,35,18,38,[8]
[18:39:47] recv  10 <<<<<<<<<<<<<<<<<<<<<<<<<<<<<<< 3
[18:39:47] user [21245-3] checkPlayCard 13,23,33,15,35,35,18,38,[8]
[18:39:50] recv  10 <<<<<<<<<<<<<<<<<<<<<<<<<<<<<<< 3
[18:39:50] user [21245-3] checkPlayCard 13,23,33,15,35,35,2a,1,[8]
[18:39:51] recv  10 <<<<<<<<<<<<<<<<<<<<<<<<<<<<<<< 3
[18:39:51] user [21245-3] checkPlayCard 13,23,33,15,35,35,2a,1,[8]
[18:39:51] recv  10 <<<<<<<<<<<<<<<<<<<<<<<<<<<<<<< 3
[18:39:51] user [21245-3] checkPlayCard 13,23,33,15,35,35,2a,1,[8]
[18:39:51] recv  10 <<<<<<<<<<<<<<<<<<<<<<<<<<<<<<< 3
[18:39:51] user [21245-3] checkPlayCard 13,23,33,15,35,35,2a,1,[8]
[18:39:51] recv  10 <<<<<<<<<<<<<<<<<<<<<<<<<<<<<<< 3
[18:39:51] user [21245-3] checkPlayCard 13,23,33,15,35,35,2a,1,[8]
[18:39:57] recv  10 <<<<<<<<<<<<<<<<<<<<<<<<<<<<<<< 3
[18:39:57] user [21245-3] checkPlayCard 2a,[1]
[18:39:57] user [21245-3] checkPlayCard (ff,2a),[1]
[18:39:57] 应答 出牌 3  [1]
[18:39:57] broad >>>>>>>>>>>>>>>>>>>>>>>>>>>>>>> message 30 size 206
[18:39:57] 通知 出牌 2
[18:39:57] broad >>>>>>>>>>>>>>>>>>>>>>>>>>>>>>> message 51 size 2
[18:40:1] recv  11 <<<<<<<<<<<<<<<<<<<<<<<<<<<<<<< 2
[18:40:1] 应答 不要 2
[18:40:1] broad >>>>>>>>>>>>>>>>>>>>>>>>>>>>>>> message 31 size 2
[18:40:1]  recv  pass Cur 2 ,Seat 2, last 3,next 1,nextActive 1
[18:40:1] 2不要，通知下家 1 出牌
[18:40:1] 通知 出牌 1
[18:40:1] broad >>>>>>>>>>>>>>>>>>>>>>>>>>>>>>> message 51 size 2
[18:40:4] recv  10 <<<<<<<<<<<<<<<<<<<<<<<<<<<<<<< 1
[18:40:4] user [21243-1] checkPlayCard 1b,[1]
[18:40:4] user [21243-1] checkPlayCard (ff,1b),[1]
[18:40:4] 应答 出牌 1  [1]
[18:40:4] broad >>>>>>>>>>>>>>>>>>>>>>>>>>>>>>> message 30 size 206
[18:40:4] 通知 出牌 0
[18:40:4] broad >>>>>>>>>>>>>>>>>>>>>>>>>>>>>>> message 51 size 2
[18:40:6] recv  10 <<<<<<<<<<<<<<<<<<<<<<<<<<<<<<< 0
[18:40:6] user [20024-0] checkPlayCard c,[1]
[18:40:6] user [20024-0] checkPlayCard (ff,c),[1]
[18:40:6] 应答 出牌 0  [1]
[18:40:6] broad >>>>>>>>>>>>>>>>>>>>>>>>>>>>>>> message 30 size 206
[18:40:6] 通知 出牌 3
[18:40:6] broad >>>>>>>>>>>>>>>>>>>>>>>>>>>>>>> message 51 size 2
[18:40:8] recv  10 <<<<<<<<<<<<<<<<<<<<<<<<<<<<<<< 3
[18:40:8] user [21245-3] checkPlayCard 1,[1]
[18:40:8] user [21245-3] checkPlayCard (ff,1),[1]
[18:40:8] 应答 出牌 3  [1]
[18:40:8] broad >>>>>>>>>>>>>>>>>>>>>>>>>>>>>>> message 30 size 206
[18:40:8] 通知 出牌 2
[18:40:8] broad >>>>>>>>>>>>>>>>>>>>>>>>>>>>>>> message 51 size 2
[18:40:9] recv  11 <<<<<<<<<<<<<<<<<<<<<<<<<<<<<<< 2
[18:40:9] 应答 不要 2
[18:40:9] broad >>>>>>>>>>>>>>>>>>>>>>>>>>>>>>> message 31 size 2
[18:40:9]  recv  pass Cur 2 ,Seat 2, last 3,next 1,nextActive 1
[18:40:9] 2不要，通知下家 1 出牌
[18:40:9] 通知 出牌 1
[18:40:9] broad >>>>>>>>>>>>>>>>>>>>>>>>>>>>>>> message 51 size 2
[18:40:11] recv  11 <<<<<<<<<<<<<<<<<<<<<<<<<<<<<<< 1
[18:40:11] 应答 不要 1
[18:40:11] broad >>>>>>>>>>>>>>>>>>>>>>>>>>>>>>> message 31 size 2
[18:40:11]  recv  pass Cur 1 ,Seat 1, last 3,next 0,nextActive 0
[18:40:11] 1不要，通知下家 0 出牌
[18:40:11] 通知 出牌 0
[18:40:11] broad >>>>>>>>>>>>>>>>>>>>>>>>>>>>>>> message 51 size 2
[18:40:12] recv  11 <<<<<<<<<<<<<<<<<<<<<<<<<<<<<<< 0
[18:40:12] 应答 不要 0
[18:40:12] broad >>>>>>>>>>>>>>>>>>>>>>>>>>>>>>> message 31 size 2
[18:40:12]  recv  pass Cur 0 ,Seat 0, last 3,next 3,nextActive 3
[18:40:12] 3 没人要，出牌
[18:40:12] 通知 出牌 3
[18:40:12] broad >>>>>>>>>>>>>>>>>>>>>>>>>>>>>>> message 51 size 2
[18:40:15] recv  10 <<<<<<<<<<<<<<<<<<<<<<<<<<<<<<< 3
[18:40:15] user [21245-3] checkPlayCard 13,23,33,[3]
[18:40:19] recv  10 <<<<<<<<<<<<<<<<<<<<<<<<<<<<<<< 3
[18:40:19] user [21245-3] checkPlayCard 2b,[1]
[18:40:19] user [21245-3] checkPlayCard (ff,2b),[1]
[18:40:19] 应答 出牌 3  [1]
[18:40:19] broad >>>>>>>>>>>>>>>>>>>>>>>>>>>>>>> message 30 size 206
[18:40:19] 通知 出牌 2
[18:40:19] broad >>>>>>>>>>>>>>>>>>>>>>>>>>>>>>> message 51 size 2
[18:40:20] recv  11 <<<<<<<<<<<<<<<<<<<<<<<<<<<<<<< 2
[18:40:20] 应答 不要 2
[18:40:20] broad >>>>>>>>>>>>>>>>>>>>>>>>>>>>>>> message 31 size 2
[18:40:20]  recv  pass Cur 2 ,Seat 2, last 3,next 1,nextActive 1
[18:40:20] 2不要，通知下家 1 出牌
[18:40:20] 通知 出牌 1
[18:40:20] broad >>>>>>>>>>>>>>>>>>>>>>>>>>>>>>> message 51 size 2
[18:40:21] recv  11 <<<<<<<<<<<<<<<<<<<<<<<<<<<<<<< 1
[18:40:21] 应答 不要 1
[18:40:21] broad >>>>>>>>>>>>>>>>>>>>>>>>>>>>>>> message 31 size 2
[18:40:21]  recv  pass Cur 1 ,Seat 1, last 3,next 0,nextActive 0
[18:40:21] 1不要，通知下家 0 出牌
[18:40:21] 通知 出牌 0
[18:40:21] broad >>>>>>>>>>>>>>>>>>>>>>>>>>>>>>> message 51 size 2
[18:40:22] recv  11 <<<<<<<<<<<<<<<<<<<<<<<<<<<<<<< 0
[18:40:22] 应答 不要 0
[18:40:22] broad >>>>>>>>>>>>>>>>>>>>>>>>>>>>>>> message 31 size 2
[18:40:22]  recv  pass Cur 0 ,Seat 0, last 3,next 3,nextActive 3
[18:40:22] 3 没人要，出牌
[18:40:22] 通知 出牌 3
[18:40:22] broad >>>>>>>>>>>>>>>>>>>>>>>>>>>>>>> message 51 size 2
[18:40:27] recv  10 <<<<<<<<<<<<<<<<<<<<<<<<<<<<<<< 3
[18:40:27] user [21245-3] checkPlayCard 1c,3c,[2]
[18:40:27] user [21245-3] checkPlayCard (ff,1c),(ff,3c),[2]
[18:40:27] 应答 出牌 3  [2]
[18:40:27] broad >>>>>>>>>>>>>>>>>>>>>>>>>>>>>>> message 30 size 206
[18:40:27] 通知 出牌 2
[18:40:27] broad >>>>>>>>>>>>>>>>>>>>>>>>>>>>>>> message 51 size 2
[18:40:29] recv  10 <<<<<<<<<<<<<<<<<<<<<<<<<<<<<<< 2
[18:40:29] user [20436-2] checkPlayCard 1d,2d,[2]
[18:40:29] user [20436-2] checkPlayCard (ff,1d),(ff,2d),[2]
[18:40:29] 应答 出牌 2  [2]
[18:40:30] broad >>>>>>>>>>>>>>>>>>>>>>>>>>>>>>> message 30 size 206
[18:40:30] 通知 出牌 1
[18:40:30] broad >>>>>>>>>>>>>>>>>>>>>>>>>>>>>>> message 51 size 2
[18:40:31] recv  11 <<<<<<<<<<<<<<<<<<<<<<<<<<<<<<< 1
[18:40:31] 应答 不要 1
[18:40:31] broad >>>>>>>>>>>>>>>>>>>>>>>>>>>>>>> message 31 size 2
[18:40:31]  recv  pass Cur 1 ,Seat 1, last 2,next 0,nextActive 0
[18:40:31] 1不要，通知下家 0 出牌
[18:40:31] 通知 出牌 0
[18:40:31] broad >>>>>>>>>>>>>>>>>>>>>>>>>>>>>>> message 51 size 2
[18:40:33] recv  10 <<<<<<<<<<<<<<<<<<<<<<<<<<<<<<< 0
[18:40:33] user [20024-0] checkPlayCard 21,31,[2]
[18:40:33] user [20024-0] checkPlayCard (ff,21),(ff,31),[2]
[18:40:33] 应答 出牌 0  [2]
[18:40:33] broad >>>>>>>>>>>>>>>>>>>>>>>>>>>>>>> message 30 size 206
[18:40:33] 通知 出牌 3
[18:40:33] broad >>>>>>>>>>>>>>>>>>>>>>>>>>>>>>> message 51 size 2
[18:40:34] recv  11 <<<<<<<<<<<<<<<<<<<<<<<<<<<<<<< 3
[18:40:34] 应答 不要 3
[18:40:34] broad >>>>>>>>>>>>>>>>>>>>>>>>>>>>>>> message 31 size 2
[18:40:34]  recv  pass Cur 3 ,Seat 3, last 0,next 2,nextActive 2
[18:40:34] 3不要，通知下家 2 出牌
[18:40:34] 通知 出牌 2
[18:40:34] broad >>>>>>>>>>>>>>>>>>>>>>>>>>>>>>> message 51 size 2
[18:40:35] recv  11 <<<<<<<<<<<<<<<<<<<<<<<<<<<<<<< 2
[18:40:35] 应答 不要 2
[18:40:35] broad >>>>>>>>>>>>>>>>>>>>>>>>>>>>>>> message 31 size 2
[18:40:35]  recv  pass Cur 2 ,Seat 2, last 0,next 1,nextActive 1
[18:40:35] 2不要，通知下家 1 出牌
[18:40:35] 通知 出牌 1
[18:40:35] broad >>>>>>>>>>>>>>>>>>>>>>>>>>>>>>> message 51 size 2
[18:40:39] recv  11 <<<<<<<<<<<<<<<<<<<<<<<<<<<<<<< 1
[18:40:39] 应答 不要 1
[18:40:39] broad >>>>>>>>>>>>>>>>>>>>>>>>>>>>>>> message 31 size 2
[18:40:39]  recv  pass Cur 1 ,Seat 1, last 0,next 0,nextActive 0
[18:40:39] 0 没人要，出牌
[18:40:39] 通知 出牌 0
[18:40:39] broad >>>>>>>>>>>>>>>>>>>>>>>>>>>>>>> message 51 size 2
[18:40:40] recv  10 <<<<<<<<<<<<<<<<<<<<<<<<<<<<<<< 0
[18:40:40] user [20024-0] checkPlayCard 7,7,17,38,[4]
[18:40:41] recv  10 <<<<<<<<<<<<<<<<<<<<<<<<<<<<<<< 0
[18:40:41] user [20024-0] checkPlayCard 7,7,17,38,[4]
[18:40:42] recv  10 <<<<<<<<<<<<<<<<<<<<<<<<<<<<<<< 0
[18:40:42] user [20024-0] checkPlayCard 7,7,17,[3]
[18:40:43] recv  10 <<<<<<<<<<<<<<<<<<<<<<<<<<<<<<< 0
[18:40:43] user [20024-0] checkPlayCard 7,7,17,[3]
[18:40:43] recv  10 <<<<<<<<<<<<<<<<<<<<<<<<<<<<<<< 0
[18:40:43] user [20024-0] checkPlayCard 7,7,17,[3]
[18:40:46] recv  12 <<<<<<<<<<<<<<<<<<<<<<<<<<<<<<< 0
[18:40:46] broad >>>>>>>>>>>>>>>>>>>>>>>>>>>>>>> message 32 size 2
[18:40:46] 自动出牌 last 255  cur 0
[18:40:46] 玩家0  自动出牌 头游出牌 [1]
[18:40:46] user [20024-0] checkPlayCard 9,[1]
[18:40:46] user [20024-0] checkPlayCard (ff,9),[1]
[18:40:46] 应答 出牌 0  [1]
[18:40:46] broad >>>>>>>>>>>>>>>>>>>>>>>>>>>>>>> message 30 size 206
[18:40:46] 通知 出牌 3
[18:40:46] broad >>>>>>>>>>>>>>>>>>>>>>>>>>>>>>> message 51 size 2
[18:40:50] recv  12 <<<<<<<<<<<<<<<<<<<<<<<<<<<<<<< 3
[18:40:50] broad >>>>>>>>>>>>>>>>>>>>>>>>>>>>>>> message 32 size 2
[18:40:50] 自动出牌 last 0  cur 3
[18:40:50] 玩家3  自动出牌 跟牌 不要
[18:40:50] 应答 不要 3
[18:40:50] broad >>>>>>>>>>>>>>>>>>>>>>>>>>>>>>> message 31 size 2
[18:40:50]  recv  pass Cur 3 ,Seat 3, last 0,next 2,nextActive 2
[18:40:50] 3不要，通知下家 2 出牌
[18:40:50] 通知 出牌 2
[18:40:50] broad >>>>>>>>>>>>>>>>>>>>>>>>>>>>>>> message 51 size 2
[18:40:51] recv  12 <<<<<<<<<<<<<<<<<<<<<<<<<<<<<<< 2
[18:40:51] broad >>>>>>>>>>>>>>>>>>>>>>>>>>>>>>> message 32 size 2
[18:40:51] 自动出牌 last 0  cur 2
[18:40:51] 玩家2  自动出牌 跟牌 出牌 [1]
[18:40:51] user [20436-2] checkPlayCard 3d,[1]
[18:40:51] user [20436-2] checkPlayCard (ff,3d),[1]
[18:40:51] 应答 出牌 2  [1]
[18:40:51] broad >>>>>>>>>>>>>>>>>>>>>>>>>>>>>>> message 30 size 206
[18:40:51] 通知 出牌 1
[18:40:51] broad >>>>>>>>>>>>>>>>>>>>>>>>>>>>>>> message 51 size 2
[18:40:52] recv  12 <<<<<<<<<<<<<<<<<<<<<<<<<<<<<<< 1
[18:40:52] broad >>>>>>>>>>>>>>>>>>>>>>>>>>>>>>> message 32 size 2
[18:40:52] 自动出牌 last 2  cur 1
[18:40:52] 玩家1  自动出牌 跟牌 不要
[18:40:52] 应答 不要 1
[18:40:52] broad >>>>>>>>>>>>>>>>>>>>>>>>>>>>>>> message 31 size 2
[18:40:52]  recv  pass Cur 1 ,Seat 1, last 2,next 0,nextActive 0
[18:40:52] 1不要，通知下家 0 出牌
[18:40:52] 通知 出牌 0
[18:40:52] broad >>>>>>>>>>>>>>>>>>>>>>>>>>>>>>> message 51 size 2
[18:40:54] 自动出牌 last 2  cur 0
[18:40:54] 玩家0  自动出牌 跟牌 出牌 [1]
[18:40:54] user [20024-0] checkPlayCard 31,[1]
[18:40:54] user [20024-0] checkPlayCard (ff,31),[1]
[18:40:54] 应答 出牌 0  [1]
[18:40:54] broad >>>>>>>>>>>>>>>>>>>>>>>>>>>>>>> message 30 size 206
[18:40:54] 通知 出牌 3
[18:40:54] broad >>>>>>>>>>>>>>>>>>>>>>>>>>>>>>> message 51 size 2
[18:40:56] 自动出牌 last 0  cur 3
[18:40:56] 玩家3  自动出牌 跟牌 不要
[18:40:56] 应答 不要 3
[18:40:56] broad >>>>>>>>>>>>>>>>>>>>>>>>>>>>>>> message 31 size 2
[18:40:56]  recv  pass Cur 3 ,Seat 3, last 0,next 2,nextActive 2
[18:40:56] 3不要，通知下家 2 出牌
[18:40:56] 通知 出牌 2
[18:40:56] broad >>>>>>>>>>>>>>>>>>>>>>>>>>>>>>> message 51 size 2
[18:40:58] 自动出牌 last 0  cur 2
[18:40:58] 玩家2  自动出牌 跟牌 不要
[18:40:58] 应答 不要 2
[18:40:58] broad >>>>>>>>>>>>>>>>>>>>>>>>>>>>>>> message 31 size 2
[18:40:58]  recv  pass Cur 2 ,Seat 2, last 0,next 1,nextActive 1
[18:40:58] 2不要，通知下家 1 出牌
[18:40:58] 通知 出牌 1
[18:40:58] broad >>>>>>>>>>>>>>>>>>>>>>>>>>>>>>> message 51 size 2
[18:41:0] 自动出牌 last 0  cur 1
[18:41:0] 玩家1  自动出牌 跟牌 不要
[18:41:0] 应答 不要 1
[18:41:0] broad >>>>>>>>>>>>>>>>>>>>>>>>>>>>>>> message 31 size 2
[18:41:0]  recv  pass Cur 1 ,Seat 1, last 0,next 0,nextActive 0
[18:41:0] 0 没人要，出牌
[18:41:0] 通知 出牌 0
[18:41:0] broad >>>>>>>>>>>>>>>>>>>>>>>>>>>>>>> message 51 size 2
[18:41:2] 自动出牌 last 255  cur 0
[18:41:2] 玩家0  自动出牌 头游出牌 [1]
[18:41:2] user [20024-0] checkPlayCard c,[1]
[18:41:2] user [20024-0] checkPlayCard (ff,c),[1]
[18:41:2] 应答 出牌 0  [1]
[18:41:2] broad >>>>>>>>>>>>>>>>>>>>>>>>>>>>>>> message 30 size 206
[18:41:2] 通知 出牌 3
[18:41:2] broad >>>>>>>>>>>>>>>>>>>>>>>>>>>>>>> message 51 size 2
[18:41:4] 自动出牌 last 0  cur 3
[18:41:4] 玩家3  自动出牌 跟牌 不要
[18:41:4] 应答 不要 3
[18:41:4] broad >>>>>>>>>>>>>>>>>>>>>>>>>>>>>>> message 31 size 2
[18:41:4]  recv  pass Cur 3 ,Seat 3, last 0,next 2,nextActive 2
[18:41:4] 3不要，通知下家 2 出牌
[18:41:4] 通知 出牌 2
[18:41:4] broad >>>>>>>>>>>>>>>>>>>>>>>>>>>>>>> message 51 size 2
[18:41:6] 自动出牌 last 0  cur 2
[18:41:6] 玩家2  自动出牌 跟牌 不要
[18:41:6] 应答 不要 2
[18:41:6] broad >>>>>>>>>>>>>>>>>>>>>>>>>>>>>>> message 31 size 2
[18:41:6]  recv  pass Cur 2 ,Seat 2, last 0,next 1,nextActive 1
[18:41:6] 2不要，通知下家 1 出牌
[18:41:6] 通知 出牌 1
[18:41:6] broad >>>>>>>>>>>>>>>>>>>>>>>>>>>>>>> message 51 size 2
[18:41:8] 自动出牌 last 0  cur 1
[18:41:8] 玩家1  自动出牌 跟牌 不要
[18:41:8] 应答 不要 1
[18:41:8] broad >>>>>>>>>>>>>>>>>>>>>>>>>>>>>>> message 31 size 2
[18:41:8]  recv  pass Cur 1 ,Seat 1, last 0,next 0,nextActive 0
[18:41:8] 0 没人要，出牌
[18:41:8] 通知 出牌 0
[18:41:8] broad >>>>>>>>>>>>>>>>>>>>>>>>>>>>>>> message 51 size 2
[18:41:10] 自动出牌 last 255  cur 0
[18:41:10] 玩家0  自动出牌 头游出牌 [10]
[18:41:10] user [20024-0] checkPlayCard a,1a,1a,b,b,2b,7,7,17,38,[10]
[18:41:10] user [20024-0] checkPlayCard (ff,a),(ff,1a),(ff,1a),(ff,b),(ff,b),(ff,2b),(ff,7),(ff,7),(ff,17),(ff,38),[10]
[18:41:10] user [20024-0] 出完牌
[18:41:10] 应答 出牌 0  [10]
[18:41:10] broad >>>>>>>>>>>>>>>>>>>>>>>>>>>>>>> message 30 size 206
[18:41:10] 包牌者出完牌 2
[18:41:10] HN::SJLogic::_recvPlayCardMsg:389 检测到游戏结束
[18:41:10] broad >>>>>>>>>>>>>>>>>>>>>>>>>>>>>>> message 63 size 124
[18:41:10] broad >>>>>>>>>>>>>>>>>>>>>>>>>>>>>>> message 59 size 4
[18:41:13] 玩家0[20024]  排名 0  team 0
[18:41:13] 玩家0[20024]  结算分数 60,总结算分数 0,霸王分 0,总霸王分 0
[18:41:13] 玩家1[21243]  结算分数 60,总结算分数 0,霸王分 0,总霸王分 0
[18:41:13] 玩家2[20436]  结算分数 -180,总结算分数 0,霸王分 0,总霸王分 0
[18:41:13] 玩家3[21245]  结算分数 60,总结算分数 0,霸王分 0,总霸王分 0
[18:41:13] broad >>>>>>>>>>>>>>>>>>>>>>>>>>>>>>> message 53 size 66
[18:41:13] *****************游戏结束***************
