[2017-11-24 09:47:52] 掷2颗色子确定起牌方向： byGetPaiDir=3-hjh3, 6 5
[2017-11-24 09:47:55] 掷2颗色子确定起牌敦数事件: 4 4 8
[2017-11-24 09:48:00] 玩家0-hjh5的门牌： 
[2017-11-24 09:48:00]   门牌1=255
[2017-11-24 09:48:00]   门牌2=255
[2017-11-24 09:48:00]   门牌3=255
[2017-11-24 09:48:00]   门牌4=255
[2017-11-24 09:48:00]   门牌5=255
[2017-11-24 09:48:00]   门牌6=255
[2017-11-24 09:48:00]   门牌7=255
[2017-11-24 09:48:00]   门牌8=255
[2017-11-24 09:48:00]   门牌9=255
[2017-11-24 09:48:00]   门牌10=255
[2017-11-24 09:48:00]   门牌11=255
[2017-11-24 09:48:00]   门牌12=255
[2017-11-24 09:48:00]   门牌13=255
[2017-11-24 09:48:00]   门牌14=255
[2017-11-24 09:48:00]   门牌15=255
[2017-11-24 09:48:00]   门牌16=255
[2017-11-24 09:48:00]   门牌17=255
[2017-11-24 09:48:00]   门牌18=255
[2017-11-24 09:48:00]   门牌19=255
[2017-11-24 09:48:00]   门牌20=255
[2017-11-24 09:48:00]   门牌21=255
[2017-11-24 09:48:00]   门牌22=255
[2017-11-24 09:48:00]   门牌23=255
[2017-11-24 09:48:00]   门牌24=255
[2017-11-24 09:48:00]   门牌25=255
[2017-11-24 09:48:00]   门牌26=255
[2017-11-24 09:48:00]   门牌27=255
[2017-11-24 09:48:00]   门牌28=255
[2017-11-24 09:48:00] 玩家1-hjh99的门牌： 
[2017-11-24 09:48:00]   门牌1=255
[2017-11-24 09:48:00]   门牌2=255
[2017-11-24 09:48:00]   门牌3=255
[2017-11-24 09:48:00]   门牌4=255
[2017-11-24 09:48:00]   门牌5=255
[2017-11-24 09:48:00]   门牌6=255
[2017-11-24 09:48:00]   门牌7=255
[2017-11-24 09:48:00]   门牌8=255
[2017-11-24 09:48:00]   门牌9=255
[2017-11-24 09:48:00]   门牌10=255
[2017-11-24 09:48:00]   门牌11=255
[2017-11-24 09:48:00]   门牌12=0
[2017-11-24 09:48:00]   门牌13=0
[2017-11-24 09:48:00]   门牌14=0
[2017-11-24 09:48:00]   门牌15=0
[2017-11-24 09:48:00]   门牌16=0
[2017-11-24 09:48:00]   门牌17=0
[2017-11-24 09:48:00]   门牌18=0
[2017-11-24 09:48:00]   门牌19=0
[2017-11-24 09:48:00]   门牌20=0
[2017-11-24 09:48:00]   门牌21=0
[2017-11-24 09:48:00]   门牌22=0
[2017-11-24 09:48:00]   门牌23=0
[2017-11-24 09:48:00]   门牌24=0
[2017-11-24 09:48:00]   门牌25=0
[2017-11-24 09:48:00]   门牌26=0
[2017-11-24 09:48:00]   门牌27=255
[2017-11-24 09:48:00]   门牌28=255
[2017-11-24 09:48:00] 玩家2-hjh4的门牌： 
[2017-11-24 09:48:00]   门牌1=0
[2017-11-24 09:48:00]   门牌2=0
[2017-11-24 09:48:00]   门牌3=0
[2017-11-24 09:48:00]   门牌4=0
[2017-11-24 09:48:00]   门牌5=0
[2017-11-24 09:48:00]   门牌6=0
[2017-11-24 09:48:00]   门牌7=0
[2017-11-24 09:48:00]   门牌8=0
[2017-11-24 09:48:00]   门牌9=0
[2017-11-24 09:48:00]   门牌10=0
[2017-11-24 09:48:00]   门牌11=0
[2017-11-24 09:48:00]   门牌12=0
[2017-11-24 09:48:00]   门牌13=0
[2017-11-24 09:48:00]   门牌14=0
[2017-11-24 09:48:00]   门牌15=0
[2017-11-24 09:48:00]   门牌16=0
[2017-11-24 09:48:00]   门牌17=0
[2017-11-24 09:48:00]   门牌18=0
[2017-11-24 09:48:00]   门牌19=0
[2017-11-24 09:48:00]   门牌20=0
[2017-11-24 09:48:00]   门牌21=0
[2017-11-24 09:48:00]   门牌22=0
[2017-11-24 09:48:00]   门牌23=0
[2017-11-24 09:48:00]   门牌24=0
[2017-11-24 09:48:00]   门牌25=0
[2017-11-24 09:48:00]   门牌26=0
[2017-11-24 09:48:00]   门牌27=0
[2017-11-24 09:48:00]   门牌28=0
[2017-11-24 09:48:00] 玩家3-hjh3的门牌： 
[2017-11-24 09:48:00]   门牌1=0
[2017-11-24 09:48:00]   门牌2=0
[2017-11-24 09:48:00]   门牌3=0
[2017-11-24 09:48:00]   门牌4=0
[2017-11-24 09:48:00]   门牌5=0
[2017-11-24 09:48:00]   门牌6=0
[2017-11-24 09:48:00]   门牌7=0
[2017-11-24 09:48:00]   门牌8=0
[2017-11-24 09:48:00]   门牌9=0
[2017-11-24 09:48:00]   门牌10=0
[2017-11-24 09:48:00]   门牌11=255
[2017-11-24 09:48:00]   门牌12=255
[2017-11-24 09:48:00]   门牌13=255
[2017-11-24 09:48:00]   门牌14=255
[2017-11-24 09:48:00]   门牌15=255
[2017-11-24 09:48:00]   门牌16=255
[2017-11-24 09:48:00]   门牌17=255
[2017-11-24 09:48:00]   门牌18=255
[2017-11-24 09:48:00]   门牌19=255
[2017-11-24 09:48:00]   门牌20=255
[2017-11-24 09:48:00]   门牌21=255
[2017-11-24 09:48:00]   门牌22=255
[2017-11-24 09:48:00]   门牌23=255
[2017-11-24 09:48:00]   门牌24=255
[2017-11-24 09:48:00]   门牌25=255
[2017-11-24 09:48:00]   门牌26=255
[2017-11-24 09:48:00]   门牌27=255
[2017-11-24 09:48:00]   门牌28=255
[2017-11-24 09:55:32] 解散房间 VIP=1
[2017-11-24 09:55:32] 发送大结算
