 2018-06-22 16:12:33 CServerGameDesk::sendState 482: sendstate >>>>>>>>>>>>>>>>>>>>>>>>>>>>>>> 0 state: 0
 2018-06-22 16:12:39 CServerGameDesk::HandleNotifyMessage 107: deskNO: 0,UserID :22561 agree
 2018-06-22 16:12:43 CServerGameDesk::UserLeftDesk 322: DeskNo: 0 UserID: 22561 leave 
 2018-06-22 16:17:32 CServerGameDesk::UserSitDesk 311: DeskNo: 0 UserID: 22561 sit 
 2018-06-22 16:17:32 CServerGameDesk::sendState 482: sendstate >>>>>>>>>>>>>>>>>>>>>>>>>>>>>>> 0 state: 0
 2018-06-22 16:17:35 CServerGameDesk::HandleNotifyMessage 107: deskNO: 0,UserID :22561 agree
 2018-06-22 16:17:37 CServerGameDesk::UserSitDesk 311: DeskNo: 1 UserID: 22563 sit 
 2018-06-22 16:17:37 CServerGameDesk::sendState 482: sendstate >>>>>>>>>>>>>>>>>>>>>>>>>>>>>>> 1 state: 0
 2018-06-22 16:17:38 CServerGameDesk::HandleNotifyMessage 107: deskNO: 1,UserID :22563 agree
 2018-06-22 16:18:00 CServerGameDesk::UserSitDesk 311: DeskNo: 2 UserID: 22565 sit 
 2018-06-22 16:18:00 CServerGameDesk::sendState 482: sendstate >>>>>>>>>>>>>>>>>>>>>>>>>>>>>>> 2 state: 0
 2018-06-22 16:18:02 CServerGameDesk::HandleNotifyMessage 107: deskNO: 2,UserID :22565 agree
 2018-06-22 16:18:09 CServerGameDesk::UserLeftDesk 322: DeskNo: 1 UserID: 22563 leave 
 2018-06-22 16:18:12 CServerGameDesk::UserSitDesk 311: DeskNo: 1 UserID: 22563 sit 
 2018-06-22 16:18:12 CServerGameDesk::sendState 482: sendstate >>>>>>>>>>>>>>>>>>>>>>>>>>>>>>> 1 state: 0
 2018-06-22 16:18:14 CServerGameDesk::HandleNotifyMessage 107: deskNO: 1,UserID :22563 agree
 2018-06-22 16:18:44 CServerGameDesk::UserSitDesk 311: DeskNo: 3 UserID: 22564 sit 
 2018-06-22 16:18:44 CServerGameDesk::sendState 482: sendstate >>>>>>>>>>>>>>>>>>>>>>>>>>>>>>> 3 state: 0
 2018-06-22 16:18:46 CServerGameDesk::HandleNotifyMessage 107: deskNO: 3,UserID :22564 agree
 2018-06-22 16:18:46 CServerGameDesk::GameBegin 181: ---------------GameBegin (0/0)---------------
 2018-06-22 16:18:46 ExtensionListenerController::Remove 27: Listen Remove 0
 2018-06-22 16:18:46 Listener::OnRemove 27: 
 2018-06-22 16:18:46 ExtensionListenerController::Remove 27: Listen Remove 1
 2018-06-22 16:18:46 ExtensionListenerController::Remove 27: Listen Remove 2
 2018-06-22 16:18:46 ExtensionListenerController::Add 17: Listen Add 3
 2018-06-22 16:18:46 Listener::OnAdd 20: 
 2018-06-22 16:18:46 ExtensionListenerController::Add 17: Listen Add 10
 2018-06-22 16:18:46 Listener::OnAdd 20: 
 2018-06-22 16:18:46 ExtensionListenerController::OnListenEnd 99: Listen End 3
 2018-06-22 16:18:46 ExtensionListenerController::Remove 27: Listen Remove 3
 2018-06-22 16:18:46 Listener::OnRemove 27: 
 2018-06-22 16:18:46 ExtensionListenerController::Add 17: Listen Add 4
 2018-06-22 16:18:46 Listener::OnAdd 20: 
 2018-06-22 16:18:46 CServerGameDesk::SetGameStation 168: GameStation  20
 2018-06-22 16:18:46 SendCardPlayerListener::sendCard 126: card 0:15,27,1c,22,14,32,2d,3,14,1d,a,16,2,23,31,21,16,4,3a,11,25,9,36,c,b,1a,2b,
 2018-06-22 16:18:46 CServerGameDesk::send2 474: send >>>>>>>>>>>>>>>>>>>>>>>>>>>>>>> to0 message id: 201 size: 113
 2018-06-22 16:18:46 SendCardPlayerListener::sendCard 126: card 1:13,18,c,39,38,37,12,19,33,28,1d,17,12,2c,29,1,39,8,28,17,3c,1,9,5,3d,a,23,
 2018-06-22 16:18:46 CServerGameDesk::send2 474: send >>>>>>>>>>>>>>>>>>>>>>>>>>>>>>> to1 message id: 201 size: 113
 2018-06-22 16:18:46 SendCardPlayerListener::sendCard 126: card 2:2c,8,33,31,21,3b,35,2a,7,25,3a,36,35,1b,13,3c,15,2,5,22,24,6,18,1c,2a,2b,2d,
 2018-06-22 16:18:46 CServerGameDesk::send2 474: send >>>>>>>>>>>>>>>>>>>>>>>>>>>>>>> to2 message id: 201 size: 113
 2018-06-22 16:18:46 SendCardPlayerListener::sendCard 126: card 3:19,1b,29,d,3b,4e,6,d,b,34,37,26,27,24,4f,38,1a,4f,3d,26,11,32,3,4,34,7,4e,
 2018-06-22 16:18:46 CServerGameDesk::send2 474: send >>>>>>>>>>>>>>>>>>>>>>>>>>>>>>> to3 message id: 201 size: 113
 2018-06-22 16:18:46 CServerGameDesk::send2all 463: broad >>>>>>>>>>>>>>>>>>>>>>>>>>>>>>> message id:211 size:63
 2018-06-22 16:18:46 SendCardPlayerListener::notiFine 182: 玩家 22561,Phone22561王罚 joker's Count 0
 2018-06-22 16:18:47 ExtensionListenerController::OnListenEnd 99: Listen End 4
 2018-06-22 16:18:47 ExtensionListenerController::Remove 27: Listen Remove 4
 2018-06-22 16:18:47 Listener::OnRemove 27: 
 2018-06-22 16:18:47 ExtensionListenerController::Add 17: Listen Add 5
 2018-06-22 16:18:47 Listener::OnAdd 20: 
 2018-06-22 16:18:47 CServerGameDesk::SetGameStation 168: GameStation  21
 2018-06-22 16:18:47 CServerGameDesk::send2all 463: broad >>>>>>>>>>>>>>>>>>>>>>>>>>>>>>> message id:209 size:1
 2018-06-22 16:18:47 CallListener::notiCall 142: notify user 22564call
 2018-06-22 16:18:51 ExtensionListenerController::Listen 41: recv<<<<<<<<<<<<<<<<<<<<<<<<<<<<<<<<< User(22564)  MsgID(100)  size(41)
 2018-06-22 16:18:51 CallListener::recvCall 119: recv user 22564 call 0
 2018-06-22 16:18:51 DataManage::setChallenger 603: 玩家 22564,3叫牌
 2018-06-22 16:18:51 CServerGameDesk::send2all 463: broad >>>>>>>>>>>>>>>>>>>>>>>>>>>>>>> message id:214 size:1
 2018-06-22 16:18:52 ExtensionListenerController::OnListenEnd 99: Listen End 5
 2018-06-22 16:18:52 ExtensionListenerController::Remove 27: Listen Remove 5
 2018-06-22 16:18:52 Listener::OnRemove 27: 
 2018-06-22 16:18:52 ExtensionListenerController::Add 17: Listen Add 7
 2018-06-22 16:18:52 Listener::OnAdd 20: 
 2018-06-22 16:18:52 CServerGameDesk::SetGameStation 168: GameStation  24
 2018-06-22 16:18:52 CServerGameDesk::send2all 463: broad >>>>>>>>>>>>>>>>>>>>>>>>>>>>>>> message id:202 size:1
 2018-06-22 16:19:07 PlayCardListener::AutoPlayCard 494: 自动出牌 last 255  cur 3
 2018-06-22 16:19:07 PlayCardListener::AutoPlayCard 506: 玩家 3  自动出牌 头游出牌 4
 2018-06-22 16:19:07 PlayCardListener::recvPlayerCard 165: 玩家 22564 出牌 4e,4f,4f,4e,(4)
 2018-06-22 16:19:07 PlayCardListener::recvPlayerCard 170: 玩家 22564 手牌 19,1b,29,d,3b,4e,6,d,b,34,37,26,27,24,4f,38,1a,4f,3d,26,11,32,3,4,34,7,4e,(27)
 2018-06-22 16:19:07 DataManage::checkPlayCard 494: user [22564-3] checkPlayCard 4e,4f,4f,4e,[4]
 2018-06-22 16:19:07 _ERROR_ DataManage::_checkPlayCard 641: 
 2018-06-22 16:19:07 _ERROR_ PlayCardListener::recvPlayerCard 177: 玩家 22564 出牌不合法 
 2018-06-22 16:19:34 ExtensionListenerController::Listen 41: recv<<<<<<<<<<<<<<<<<<<<<<<<<<<<<<<<< User(22564)  MsgID(100)  size(41)
 2018-06-22 16:19:34 PlayCardListener::recvPlayerCard 165: 玩家 22564 出牌 32,(1)
 2018-06-22 16:19:34 PlayCardListener::recvPlayerCard 170: 玩家 22564 手牌 19,1b,29,d,3b,4e,6,d,b,34,37,26,27,24,4f,38,1a,4f,3d,26,11,32,3,4,34,7,4e,(27)
 2018-06-22 16:19:34 DataManage::checkPlayCard 494: user [22564-3] checkPlayCard 32,[1]
 2018-06-22 16:19:34 CServerGameDesk::send2 474: send >>>>>>>>>>>>>>>>>>>>>>>>>>>>>>> to0 message id: 217 size: 57
 2018-06-22 16:19:34 CServerGameDesk::send2 474: send >>>>>>>>>>>>>>>>>>>>>>>>>>>>>>> to1 message id: 217 size: 57
 2018-06-22 16:19:34 CServerGameDesk::send2 474: send >>>>>>>>>>>>>>>>>>>>>>>>>>>>>>> to2 message id: 217 size: 57
 2018-06-22 16:19:34 CServerGameDesk::send2 474: send >>>>>>>>>>>>>>>>>>>>>>>>>>>>>>> to3 message id: 217 size: 57
 2018-06-22 16:19:34 PlayCardListener::notiNext 328: noti 2 next play
 2018-06-22 16:19:34 CServerGameDesk::send2all 463: broad >>>>>>>>>>>>>>>>>>>>>>>>>>>>>>> message id:203 size:102
 2018-06-22 16:19:39 ExtensionListenerController::Listen 41: recv<<<<<<<<<<<<<<<<<<<<<<<<<<<<<<<<< User(22565)  MsgID(100)  size(41)
 2018-06-22 16:19:39 PlayCardListener::recvPlayerCard 165: 玩家 22565 出牌 24,(1)
 2018-06-22 16:19:39 PlayCardListener::recvPlayerCard 170: 玩家 22565 手牌 2c,8,33,31,21,3b,35,2a,7,25,3a,36,35,1b,13,3c,15,2,5,22,24,6,18,1c,2a,2b,2d,(27)
 2018-06-22 16:19:39 DataManage::checkPlayCard 494: user [22565-2] checkPlayCard 24,[1]
 2018-06-22 16:19:39 CServerGameDesk::send2 474: send >>>>>>>>>>>>>>>>>>>>>>>>>>>>>>> to0 message id: 217 size: 57
 2018-06-22 16:19:39 CServerGameDesk::send2 474: send >>>>>>>>>>>>>>>>>>>>>>>>>>>>>>> to1 message id: 217 size: 57
 2018-06-22 16:19:39 CServerGameDesk::send2 474: send >>>>>>>>>>>>>>>>>>>>>>>>>>>>>>> to2 message id: 217 size: 57
 2018-06-22 16:19:39 CServerGameDesk::send2 474: send >>>>>>>>>>>>>>>>>>>>>>>>>>>>>>> to3 message id: 217 size: 57
 2018-06-22 16:19:39 PlayCardListener::notiNext 328: noti 1 next play
 2018-06-22 16:19:39 CServerGameDesk::send2all 463: broad >>>>>>>>>>>>>>>>>>>>>>>>>>>>>>> message id:203 size:102
 2018-06-22 16:19:42 ExtensionListenerController::Listen 41: recv<<<<<<<<<<<<<<<<<<<<<<<<<<<<<<<<< User(22563)  MsgID(100)  size(41)
 2018-06-22 16:19:42 PlayCardListener::recvPlayerCard 165: 玩家 22563 出牌 5,(1)
 2018-06-22 16:19:42 PlayCardListener::recvPlayerCard 170: 玩家 22563 手牌 13,18,c,39,38,37,12,19,33,28,1d,17,12,2c,29,1,39,8,28,17,3c,1,9,5,3d,a,23,(27)
 2018-06-22 16:19:42 DataManage::checkPlayCard 494: user [22563-1] checkPlayCard 5,[1]
 2018-06-22 16:19:42 CServerGameDesk::send2 474: send >>>>>>>>>>>>>>>>>>>>>>>>>>>>>>> to0 message id: 217 size: 57
 2018-06-22 16:19:42 CServerGameDesk::send2 474: send >>>>>>>>>>>>>>>>>>>>>>>>>>>>>>> to1 message id: 217 size: 57
 2018-06-22 16:19:42 CServerGameDesk::send2 474: send >>>>>>>>>>>>>>>>>>>>>>>>>>>>>>> to2 message id: 217 size: 57
 2018-06-22 16:19:42 CServerGameDesk::send2 474: send >>>>>>>>>>>>>>>>>>>>>>>>>>>>>>> to3 message id: 217 size: 57
 2018-06-22 16:19:42 PlayCardListener::notiNext 328: noti 0 next play
 2018-06-22 16:19:42 CServerGameDesk::send2all 463: broad >>>>>>>>>>>>>>>>>>>>>>>>>>>>>>> message id:203 size:102
 2018-06-22 16:19:44 ExtensionListenerController::Listen 41: recv<<<<<<<<<<<<<<<<<<<<<<<<<<<<<<<<< User(22561)  MsgID(100)  size(41)
 2018-06-22 16:19:44 PlayCardListener::recvPlayerCard 165: 玩家 22561 出牌 27,(1)
 2018-06-22 16:19:44 PlayCardListener::recvPlayerCard 170: 玩家 22561 手牌 15,27,1c,22,14,32,2d,3,14,1d,a,16,2,23,31,21,16,4,3a,11,25,9,36,c,b,1a,2b,(27)
 2018-06-22 16:19:44 DataManage::checkPlayCard 494: user [22561-0] checkPlayCard 27,[1]
 2018-06-22 16:19:44 CServerGameDesk::send2 474: send >>>>>>>>>>>>>>>>>>>>>>>>>>>>>>> to0 message id: 217 size: 57
 2018-06-22 16:19:44 CServerGameDesk::send2 474: send >>>>>>>>>>>>>>>>>>>>>>>>>>>>>>> to1 message id: 217 size: 57
 2018-06-22 16:19:44 CServerGameDesk::send2 474: send >>>>>>>>>>>>>>>>>>>>>>>>>>>>>>> to2 message id: 217 size: 57
 2018-06-22 16:19:44 CServerGameDesk::send2 474: send >>>>>>>>>>>>>>>>>>>>>>>>>>>>>>> to3 message id: 217 size: 57
 2018-06-22 16:19:44 PlayCardListener::notiNext 328: noti 3 next play
 2018-06-22 16:19:44 CServerGameDesk::send2all 463: broad >>>>>>>>>>>>>>>>>>>>>>>>>>>>>>> message id:203 size:102
 2018-06-22 16:19:59 PlayCardListener::AutoPlayCard 494: 自动出牌 last 0  cur 3
 2018-06-22 16:19:59 PlayCardListener::AutoPlayCard 522: 玩家 3  自动出牌 跟牌 出牌 4
 2018-06-22 16:19:59 PlayCardListener::recvPlayerCard 165: 玩家 22564 出牌 34,24,4,34,(4)
 2018-06-22 16:19:59 PlayCardListener::recvPlayerCard 170: 玩家 22564 手牌 19,1b,29,d,3b,4e,6,d,b,34,37,26,27,24,4f,38,1a,4f,3d,26,11,3,4,34,7,4e,(26)
 2018-06-22 16:19:59 DataManage::checkPlayCard 494: user [22564-3] checkPlayCard 34,24,4,34,[4]
 2018-06-22 16:19:59 CServerGameDesk::send2 474: send >>>>>>>>>>>>>>>>>>>>>>>>>>>>>>> to0 message id: 217 size: 57
 2018-06-22 16:19:59 CServerGameDesk::send2 474: send >>>>>>>>>>>>>>>>>>>>>>>>>>>>>>> to1 message id: 217 size: 57
 2018-06-22 16:19:59 CServerGameDesk::send2 474: send >>>>>>>>>>>>>>>>>>>>>>>>>>>>>>> to2 message id: 217 size: 57
 2018-06-22 16:19:59 CServerGameDesk::send2 474: send >>>>>>>>>>>>>>>>>>>>>>>>>>>>>>> to3 message id: 217 size: 57
 2018-06-22 16:19:59 PlayCardListener::notiNext 328: noti 2 next play
 2018-06-22 16:19:59 CServerGameDesk::send2all 463: broad >>>>>>>>>>>>>>>>>>>>>>>>>>>>>>> message id:203 size:102
 2018-06-22 16:20:03 ExtensionListenerController::Listen 41: recv<<<<<<<<<<<<<<<<<<<<<<<<<<<<<<<<< User(22565)  MsgID(100)  size(41)
 2018-06-22 16:20:03 PlayCardListener::recvPass 233: recv  pass Cur 2 player 2 ,lastout 3 ,next 1,nextActive 1
 2018-06-22 16:20:03 PlayCardListener::recvPass 271: 2不要，通知下家 1 出牌
 2018-06-22 16:20:03 PlayCardListener::notiNext 328: noti 1 next play
 2018-06-22 16:20:03 CServerGameDesk::send2all 463: broad >>>>>>>>>>>>>>>>>>>>>>>>>>>>>>> message id:203 size:102
 2018-06-22 16:20:18 PlayCardListener::AutoPlayCard 494: 自动出牌 last 3  cur 1
 2018-06-22 16:20:18 PlayCardListener::AutoPlayCard 522: 玩家 1  自动出牌 跟牌 出牌 5
 2018-06-22 16:20:18 PlayCardListener::recvPlayerCard 165: 玩家 22563 出牌 18,38,28,8,28,(5)
 2018-06-22 16:20:18 PlayCardListener::recvPlayerCard 170: 玩家 22563 手牌 13,18,c,39,38,37,12,19,33,28,1d,17,12,2c,29,1,39,8,28,17,3c,1,9,3d,a,23,(26)
 2018-06-22 16:20:18 DataManage::checkPlayCard 494: user [22563-1] checkPlayCard 18,38,28,8,28,[5]
 2018-06-22 16:20:18 CServerGameDesk::send2 474: send >>>>>>>>>>>>>>>>>>>>>>>>>>>>>>> to0 message id: 217 size: 57
 2018-06-22 16:20:18 CServerGameDesk::send2 474: send >>>>>>>>>>>>>>>>>>>>>>>>>>>>>>> to1 message id: 217 size: 57
 2018-06-22 16:20:18 CServerGameDesk::send2 474: send >>>>>>>>>>>>>>>>>>>>>>>>>>>>>>> to2 message id: 217 size: 57
 2018-06-22 16:20:18 CServerGameDesk::send2 474: send >>>>>>>>>>>>>>>>>>>>>>>>>>>>>>> to3 message id: 217 size: 57
 2018-06-22 16:20:18 PlayCardListener::notiNext 328: noti 0 next play
 2018-06-22 16:20:18 CServerGameDesk::send2all 463: broad >>>>>>>>>>>>>>>>>>>>>>>>>>>>>>> message id:203 size:102
 2018-06-22 16:20:20 ExtensionListenerController::Listen 41: recv<<<<<<<<<<<<<<<<<<<<<<<<<<<<<<<<< User(22561)  MsgID(100)  size(41)
 2018-06-22 16:20:20 PlayCardListener::recvPass 233: recv  pass Cur 0 player 0 ,lastout 1 ,next 3,nextActive 3
 2018-06-22 16:20:20 PlayCardListener::recvPass 271: 0不要，通知下家 3 出牌
 2018-06-22 16:20:20 PlayCardListener::notiNext 328: noti 3 next play
 2018-06-22 16:20:20 CServerGameDesk::send2all 463: broad >>>>>>>>>>>>>>>>>>>>>>>>>>>>>>> message id:203 size:102
 2018-06-22 16:20:26 ExtensionListenerController::Listen 41: recv<<<<<<<<<<<<<<<<<<<<<<<<<<<<<<<<< User(22564)  MsgID(100)  size(41)
 2018-06-22 16:20:26 PlayCardListener::recvPass 233: recv  pass Cur 3 player 3 ,lastout 1 ,next 2,nextActive 2
 2018-06-22 16:20:26 PlayCardListener::recvPass 271: 3不要，通知下家 2 出牌
 2018-06-22 16:20:26 PlayCardListener::notiNext 328: noti 2 next play
 2018-06-22 16:20:26 CServerGameDesk::send2all 463: broad >>>>>>>>>>>>>>>>>>>>>>>>>>>>>>> message id:203 size:102
 2018-06-22 16:20:28 ExtensionListenerController::Listen 41: recv<<<<<<<<<<<<<<<<<<<<<<<<<<<<<<<<< User(22565)  MsgID(100)  size(41)
 2018-06-22 16:20:28 PlayCardListener::recvPass 233: recv  pass Cur 2 player 2 ,lastout 1 ,next 1,nextActive 1
 2018-06-22 16:20:28 PlayCardListener::recvPass 259: 1没人要，出牌
 2018-06-22 16:20:28 CServerGameDesk::send2all 463: broad >>>>>>>>>>>>>>>>>>>>>>>>>>>>>>> message id:204 size:25
 2018-06-22 16:20:28 PlayCardListener::notiNext 328: noti 1 next play
 2018-06-22 16:20:28 CServerGameDesk::send2all 463: broad >>>>>>>>>>>>>>>>>>>>>>>>>>>>>>> message id:203 size:102
 2018-06-22 16:20:29 CServerGameDesk::UserNetCut 338: DeskNo: 2 UserID: 22565 netcut 
 2018-06-22 16:20:31 CServerGameDesk::UserNetCut 338: DeskNo: 3 UserID: 22564 netcut 
 2018-06-22 16:20:31 CServerGameDesk::UserNetCut 338: DeskNo: 1 UserID: 22563 netcut 
 2018-06-22 16:20:32 CServerGameDesk::UserNetCut 338: DeskNo: 0 UserID: 22561 netcut 
 2018-06-22 16:20:32 ExtensionListenerController::Add 17: Listen Add 8
 2018-06-22 16:20:32 Listener::OnAdd 20: 
 2018-06-22 16:20:32 _ERROR_ GameFinishListener::countScore 61: 
 2018-06-22 16:20:32 ExtensionListenerController::Remove 27: Listen Remove 10
 2018-06-22 16:20:32 Listener::OnRemove 27: 
 2018-06-22 16:20:32 GameFinishListener::update 27: 玩家0,22561结算0, 分数0 总分数0
 2018-06-22 16:20:32 GameFinishListener::update 27: 玩家1,22563结算0, 分数0 总分数0
 2018-06-22 16:20:32 GameFinishListener::update 27: 玩家2,22565结算0, 分数0 总分数0
 2018-06-22 16:20:32 GameFinishListener::update 27: 玩家3,22564结算0, 分数0 总分数0
 2018-06-22 16:20:33 ExtensionListenerController::OnListenEnd 99: Listen End 8
 2018-06-22 16:20:33 ExtensionListenerController::Remove 27: Listen Remove 8
 2018-06-22 16:20:33 Listener::OnRemove 27: 
 2018-06-22 16:20:33 CServerGameDesk::GameFinish 212: GameFinish 10
 2018-06-22 16:20:33 Listener::OnRemove 27: 
 2018-06-22 16:20:33 CServerGameDesk::GameClear 521: clean game





 2018-06-22 16:20:33 ExtensionListenerController::Add 17: Listen Add 2
 2018-06-22 16:20:33 Listener::OnAdd 20: 
 2018-06-22 16:20:33 CServerGameDesk::SetGameStation 168: GameStation  25
 2018-06-22 16:21:14 CServerGameDesk::UserSitDesk 311: DeskNo: 0 UserID: 22563 sit 
 2018-06-22 16:21:14 CServerGameDesk::sendState 482: sendstate >>>>>>>>>>>>>>>>>>>>>>>>>>>>>>> 0 state: 25
 2018-06-22 16:21:15 CServerGameDesk::UserSitDesk 311: DeskNo: 1 UserID: 22561 sit 
 2018-06-22 16:21:15 CServerGameDesk::sendState 482: sendstate >>>>>>>>>>>>>>>>>>>>>>>>>>>>>>> 1 state: 25
 2018-06-22 16:21:21 CServerGameDesk::HandleNotifyMessage 107: deskNO: 1,UserID :22561 agree
 2018-06-22 16:21:21 CServerGameDesk::HandleNotifyMessage 107: deskNO: 1,UserID :22561 agree
 2018-06-22 16:21:21 CServerGameDesk::HandleNotifyMessage 107: deskNO: 1,UserID :22561 agree
 2018-06-22 16:21:39 CServerGameDesk::UserSitDesk 311: DeskNo: 2 UserID: 22565 sit 
 2018-06-22 16:21:40 CServerGameDesk::sendState 482: sendstate >>>>>>>>>>>>>>>>>>>>>>>>>>>>>>> 2 state: 25
 2018-06-22 16:21:41 CServerGameDesk::HandleNotifyMessage 107: deskNO: 2,UserID :22565 agree
 2018-06-22 16:21:44 CServerGameDesk::UserLeftDesk 322: DeskNo: 0 UserID: 22563 leave 
 2018-06-22 16:21:46 CServerGameDesk::UserSitDesk 311: DeskNo: 0 UserID: 22563 sit 
 2018-06-22 16:21:46 CServerGameDesk::sendState 482: sendstate >>>>>>>>>>>>>>>>>>>>>>>>>>>>>>> 0 state: 25
 2018-06-22 16:21:54 CServerGameDesk::UserSitDesk 311: DeskNo: 3 UserID: 22564 sit 
 2018-06-22 16:21:55 CServerGameDesk::sendState 482: sendstate >>>>>>>>>>>>>>>>>>>>>>>>>>>>>>> 3 state: 25
 2018-06-22 16:21:56 CServerGameDesk::HandleNotifyMessage 107: deskNO: 0,UserID :22563 agree
 2018-06-22 16:21:57 CServerGameDesk::HandleNotifyMessage 107: deskNO: 3,UserID :22564 agree
 2018-06-22 16:21:57 CServerGameDesk::GameBegin 181: ---------------GameBegin (0/0)---------------
 2018-06-22 16:21:57 ExtensionListenerController::Remove 27: Listen Remove 0
 2018-06-22 16:21:57 ExtensionListenerController::Remove 27: Listen Remove 1
 2018-06-22 16:21:57 ExtensionListenerController::Remove 27: Listen Remove 2
 2018-06-22 16:21:57 Listener::OnRemove 27: 
 2018-06-22 16:21:57 ExtensionListenerController::Add 17: Listen Add 3
 2018-06-22 16:21:57 Listener::OnAdd 20: 
 2018-06-22 16:21:57 ExtensionListenerController::Add 17: Listen Add 10
 2018-06-22 16:21:57 Listener::OnAdd 20: 
 2018-06-22 16:21:57 ExtensionListenerController::OnListenEnd 99: Listen End 3
 2018-06-22 16:21:57 ExtensionListenerController::Remove 27: Listen Remove 3
 2018-06-22 16:21:57 Listener::OnRemove 27: 
 2018-06-22 16:21:57 ExtensionListenerController::Add 17: Listen Add 4
 2018-06-22 16:21:57 Listener::OnAdd 20: 
 2018-06-22 16:21:57 CServerGameDesk::SetGameStation 168: GameStation  20
 2018-06-22 16:21:57 SendCardPlayerListener::sendCard 126: card 0:6,12,a,2b,2c,2a,1c,29,34,3a,d,35,3a,3b,19,39,22,18,5,3,4,39,2b,35,16,23,14,
 2018-06-22 16:21:57 CServerGameDesk::send2 474: send >>>>>>>>>>>>>>>>>>>>>>>>>>>>>>> to0 message id: 201 size: 113
 2018-06-22 16:21:57 SendCardPlayerListener::sendCard 126: card 1:4f,13,9,3b,19,12,32,8,c,2,17,28,1,31,1b,6,36,3d,25,14,26,1,4e,13,25,b,28,
 2018-06-22 16:21:57 CServerGameDesk::send2 474: send >>>>>>>>>>>>>>>>>>>>>>>>>>>>>>> to1 message id: 201 size: 113
 2018-06-22 16:21:57 SendCardPlayerListener::sendCard 126: card 2:d,2a,15,26,21,15,24,3,3c,32,4e,1d,17,38,27,a,1d,7,2d,2c,27,21,1a,18,4f,34,24,
 2018-06-22 16:21:57 CServerGameDesk::send2 474: send >>>>>>>>>>>>>>>>>>>>>>>>>>>>>>> to2 message id: 201 size: 113
 2018-06-22 16:21:57 SendCardPlayerListener::sendCard 126: card 3:37,c,38,2,11,4,8,2d,31,37,16,36,1b,29,5,1c,9,7,3c,b,3d,33,11,33,1a,23,22,
 2018-06-22 16:21:57 CServerGameDesk::send2 474: send >>>>>>>>>>>>>>>>>>>>>>>>>>>>>>> to3 message id: 201 size: 113
 2018-06-22 16:21:57 CServerGameDesk::send2all 463: broad >>>>>>>>>>>>>>>>>>>>>>>>>>>>>>> message id:211 size:63
 2018-06-22 16:21:57 SendCardPlayerListener::notiFine 182: 玩家 22561,Phone22561王罚 joker's Count 1
 2018-06-22 16:21:57 CServerGameDesk::send2all 463: broad >>>>>>>>>>>>>>>>>>>>>>>>>>>>>>> message id:211 size:63
 2018-06-22 16:21:57 SendCardPlayerListener::notiFine 182: 玩家 22564,Phone22564王罚 joker's Count 0
 2018-06-22 16:21:57 ExtensionListenerController::OnListenEnd 99: Listen End 4
 2018-06-22 16:21:57 ExtensionListenerController::Remove 27: Listen Remove 4
 2018-06-22 16:21:57 Listener::OnRemove 27: 
 2018-06-22 16:21:57 ExtensionListenerController::Add 17: Listen Add 5
 2018-06-22 16:21:57 Listener::OnAdd 20: 
 2018-06-22 16:21:57 CServerGameDesk::SetGameStation 168: GameStation  21
 2018-06-22 16:21:57 CServerGameDesk::send2all 463: broad >>>>>>>>>>>>>>>>>>>>>>>>>>>>>>> message id:209 size:1
 2018-06-22 16:21:57 CallListener::notiCall 142: notify user 22564call
 2018-06-22 16:22:02 ExtensionListenerController::Listen 41: recv<<<<<<<<<<<<<<<<<<<<<<<<<<<<<<<<< User(22564)  MsgID(100)  size(41)
 2018-06-22 16:22:02 CallListener::recvCall 119: recv user 22564 call 1
 2018-06-22 16:22:02 CServerGameDesk::send2all 463: broad >>>>>>>>>>>>>>>>>>>>>>>>>>>>>>> message id:209 size:1
 2018-06-22 16:22:02 CallListener::notiCall 142: notify user 22565call
 2018-06-22 16:22:05 ExtensionListenerController::Listen 41: recv<<<<<<<<<<<<<<<<<<<<<<<<<<<<<<<<< User(22565)  MsgID(100)  size(41)
 2018-06-22 16:22:05 CallListener::recvCall 119: recv user 22565 call 1
 2018-06-22 16:22:05 CServerGameDesk::send2all 463: broad >>>>>>>>>>>>>>>>>>>>>>>>>>>>>>> message id:209 size:1
 2018-06-22 16:22:05 CallListener::notiCall 142: notify user 22561call
 2018-06-22 16:22:09 ExtensionListenerController::Listen 41: recv<<<<<<<<<<<<<<<<<<<<<<<<<<<<<<<<< User(22561)  MsgID(100)  size(41)
 2018-06-22 16:22:09 CallListener::recvCall 119: recv user 22561 call 0
 2018-06-22 16:22:09 DataManage::setChallenger 603: 玩家 22561,1叫牌
 2018-06-22 16:22:09 CServerGameDesk::send2all 463: broad >>>>>>>>>>>>>>>>>>>>>>>>>>>>>>> message id:214 size:1
 2018-06-22 16:22:09 ExtensionListenerController::Listen 41: recv<<<<<<<<<<<<<<<<<<<<<<<<<<<<<<<<< User(22561)  MsgID(100)  size(41)
 2018-06-22 16:22:10 ExtensionListenerController::OnListenEnd 99: Listen End 5
 2018-06-22 16:22:10 ExtensionListenerController::Remove 27: Listen Remove 5
 2018-06-22 16:22:10 Listener::OnRemove 27: 
 2018-06-22 16:22:10 ExtensionListenerController::Add 17: Listen Add 7
 2018-06-22 16:22:10 Listener::OnAdd 20: 
 2018-06-22 16:22:10 CServerGameDesk::SetGameStation 168: GameStation  24
 2018-06-22 16:22:10 CServerGameDesk::send2all 463: broad >>>>>>>>>>>>>>>>>>>>>>>>>>>>>>> message id:202 size:1
 2018-06-22 16:22:10 ExtensionListenerController::OnListenEnd 99: Listen End 5
 2018-06-22 16:22:10 ExtensionListenerController::Remove 27: Listen Remove 5
 2018-06-22 16:22:10 ExtensionListenerController::Add 17: Listen Add 7
 2018-06-22 16:22:17 ExtensionListenerController::Listen 41: recv<<<<<<<<<<<<<<<<<<<<<<<<<<<<<<<<< User(22561)  MsgID(100)  size(41)
 2018-06-22 16:22:17 PlayCardListener::recvPlayerCard 165: 玩家 22561 出牌 32,12,2,(3)
 2018-06-22 16:22:17 PlayCardListener::recvPlayerCard 170: 玩家 22561 手牌 4f,13,9,3b,19,12,32,8,c,2,17,28,1,31,1b,6,36,3d,25,14,26,1,4e,13,25,b,28,(27)
 2018-06-22 16:22:17 DataManage::checkPlayCard 494: user [22561-1] checkPlayCard 32,12,2,[3]
 2018-06-22 16:22:17 CServerGameDesk::send2 474: send >>>>>>>>>>>>>>>>>>>>>>>>>>>>>>> to0 message id: 217 size: 57
 2018-06-22 16:22:17 CServerGameDesk::send2 474: send >>>>>>>>>>>>>>>>>>>>>>>>>>>>>>> to1 message id: 217 size: 57
 2018-06-22 16:22:17 CServerGameDesk::send2 474: send >>>>>>>>>>>>>>>>>>>>>>>>>>>>>>> to2 message id: 217 size: 57
 2018-06-22 16:22:17 CServerGameDesk::send2 474: send >>>>>>>>>>>>>>>>>>>>>>>>>>>>>>> to3 message id: 217 size: 57
 2018-06-22 16:22:17 PlayCardListener::notiNext 328: noti 0 next play
 2018-06-22 16:22:17 CServerGameDesk::send2all 463: broad >>>>>>>>>>>>>>>>>>>>>>>>>>>>>>> message id:203 size:102
 2018-06-22 16:22:23 ExtensionListenerController::Listen 41: recv<<<<<<<<<<<<<<<<<<<<<<<<<<<<<<<<< User(22563)  MsgID(100)  size(41)
 2018-06-22 16:22:23 PlayCardListener::recvPlayerCard 165: 玩家 22563 出牌 34,14,4,(3)
 2018-06-22 16:22:23 PlayCardListener::recvPlayerCard 170: 玩家 22563 手牌 6,12,a,2b,2c,2a,1c,29,34,3a,d,35,3a,3b,19,39,22,18,5,3,4,39,2b,35,16,23,14,(27)
 2018-06-22 16:22:23 DataManage::checkPlayCard 494: user [22563-0] checkPlayCard 34,14,4,[3]
 2018-06-22 16:22:23 CServerGameDesk::send2 474: send >>>>>>>>>>>>>>>>>>>>>>>>>>>>>>> to0 message id: 217 size: 57
 2018-06-22 16:22:23 CServerGameDesk::send2 474: send >>>>>>>>>>>>>>>>>>>>>>>>>>>>>>> to1 message id: 217 size: 57
 2018-06-22 16:22:23 CServerGameDesk::send2 474: send >>>>>>>>>>>>>>>>>>>>>>>>>>>>>>> to2 message id: 217 size: 57
 2018-06-22 16:22:23 CServerGameDesk::send2 474: send >>>>>>>>>>>>>>>>>>>>>>>>>>>>>>> to3 message id: 217 size: 57
 2018-06-22 16:22:23 PlayCardListener::notiNext 328: noti 3 next play
 2018-06-22 16:22:23 CServerGameDesk::send2all 463: broad >>>>>>>>>>>>>>>>>>>>>>>>>>>>>>> message id:203 size:102
 2018-06-22 16:22:28 ExtensionListenerController::Listen 41: recv<<<<<<<<<<<<<<<<<<<<<<<<<<<<<<<<< User(22564)  MsgID(100)  size(41)
 2018-06-22 16:22:28 PlayCardListener::recvPlayerCard 165: 玩家 22564 出牌 37,37,7,(3)
 2018-06-22 16:22:28 PlayCardListener::recvPlayerCard 170: 玩家 22564 手牌 37,c,38,2,11,4,8,2d,31,37,16,36,1b,29,5,1c,9,7,3c,b,3d,33,11,33,1a,23,22,(27)
 2018-06-22 16:22:28 DataManage::checkPlayCard 494: user [22564-3] checkPlayCard 37,37,7,[3]
 2018-06-22 16:22:28 CServerGameDesk::send2 474: send >>>>>>>>>>>>>>>>>>>>>>>>>>>>>>> to0 message id: 217 size: 57
 2018-06-22 16:22:28 CServerGameDesk::send2 474: send >>>>>>>>>>>>>>>>>>>>>>>>>>>>>>> to1 message id: 217 size: 57
 2018-06-22 16:22:28 CServerGameDesk::send2 474: send >>>>>>>>>>>>>>>>>>>>>>>>>>>>>>> to2 message id: 217 size: 57
 2018-06-22 16:22:28 CServerGameDesk::send2 474: send >>>>>>>>>>>>>>>>>>>>>>>>>>>>>>> to3 message id: 217 size: 57
 2018-06-22 16:22:28 PlayCardListener::notiNext 328: noti 2 next play
 2018-06-22 16:22:28 CServerGameDesk::send2all 463: broad >>>>>>>>>>>>>>>>>>>>>>>>>>>>>>> message id:203 size:102
 2018-06-22 16:22:40 ExtensionListenerController::Listen 41: recv<<<<<<<<<<<<<<<<<<<<<<<<<<<<<<<<< User(22565)  MsgID(100)  size(41)
 2018-06-22 16:22:40 PlayCardListener::recvPlayerCard 165: 玩家 22565 出牌 2a,1a,a,(3)
 2018-06-22 16:22:40 PlayCardListener::recvPlayerCard 170: 玩家 22565 手牌 d,2a,15,26,21,15,24,3,3c,32,4e,1d,17,38,27,a,1d,7,2d,2c,27,21,1a,18,4f,34,24,(27)
 2018-06-22 16:22:40 DataManage::checkPlayCard 494: user [22565-2] checkPlayCard 2a,1a,a,[3]
 2018-06-22 16:22:40 CServerGameDesk::send2 474: send >>>>>>>>>>>>>>>>>>>>>>>>>>>>>>> to0 message id: 217 size: 57
 2018-06-22 16:22:40 CServerGameDesk::send2 474: send >>>>>>>>>>>>>>>>>>>>>>>>>>>>>>> to1 message id: 217 size: 57
 2018-06-22 16:22:40 CServerGameDesk::send2 474: send >>>>>>>>>>>>>>>>>>>>>>>>>>>>>>> to2 message id: 217 size: 57
 2018-06-22 16:22:40 CServerGameDesk::send2 474: send >>>>>>>>>>>>>>>>>>>>>>>>>>>>>>> to3 message id: 217 size: 57
 2018-06-22 16:22:40 PlayCardListener::notiNext 328: noti 1 next play
 2018-06-22 16:22:40 CServerGameDesk::send2all 463: broad >>>>>>>>>>>>>>>>>>>>>>>>>>>>>>> message id:203 size:102
 2018-06-22 16:22:48 ExtensionListenerController::Listen 41: recv<<<<<<<<<<<<<<<<<<<<<<<<<<<<<<<<< User(22561)  MsgID(100)  size(41)
 2018-06-22 16:22:48 PlayCardListener::recvPlayerCard 165: 玩家 22561 出牌 3b,1b,b,(3)
 2018-06-22 16:22:48 PlayCardListener::recvPlayerCard 170: 玩家 22561 手牌 4f,13,9,3b,19,8,c,17,28,1,31,1b,6,36,3d,25,14,26,1,4e,13,25,b,28,(24)
 2018-06-22 16:22:48 DataManage::checkPlayCard 494: user [22561-1] checkPlayCard 3b,1b,b,[3]
 2018-06-22 16:22:48 CServerGameDesk::send2 474: send >>>>>>>>>>>>>>>>>>>>>>>>>>>>>>> to0 message id: 217 size: 57
 2018-06-22 16:22:48 CServerGameDesk::send2 474: send >>>>>>>>>>>>>>>>>>>>>>>>>>>>>>> to1 message id: 217 size: 57
 2018-06-22 16:22:48 CServerGameDesk::send2 474: send >>>>>>>>>>>>>>>>>>>>>>>>>>>>>>> to2 message id: 217 size: 57
 2018-06-22 16:22:48 CServerGameDesk::send2 474: send >>>>>>>>>>>>>>>>>>>>>>>>>>>>>>> to3 message id: 217 size: 57
 2018-06-22 16:22:48 PlayCardListener::notiNext 328: noti 0 next play
 2018-06-22 16:22:48 CServerGameDesk::send2all 463: broad >>>>>>>>>>>>>>>>>>>>>>>>>>>>>>> message id:203 size:102
 2018-06-22 16:22:50 ExtensionListenerController::Listen 41: recv<<<<<<<<<<<<<<<<<<<<<<<<<<<<<<<<< User(22563)  MsgID(100)  size(41)
 2018-06-22 16:22:50 PlayCardListener::recvPlayerCard 165: 玩家 22563 出牌 3a,3a,2a,a,(4)
 2018-06-22 16:22:50 PlayCardListener::recvPlayerCard 170: 玩家 22563 手牌 6,12,a,2b,2c,2a,1c,29,3a,d,35,3a,3b,19,39,22,18,5,3,39,2b,35,16,23,(24)
 2018-06-22 16:22:50 DataManage::checkPlayCard 494: user [22563-0] checkPlayCard 3a,3a,2a,a,[4]
 2018-06-22 16:22:50 CServerGameDesk::send2 474: send >>>>>>>>>>>>>>>>>>>>>>>>>>>>>>> to0 message id: 217 size: 57
 2018-06-22 16:22:50 CServerGameDesk::send2 474: send >>>>>>>>>>>>>>>>>>>>>>>>>>>>>>> to1 message id: 217 size: 57
 2018-06-22 16:22:50 CServerGameDesk::send2 474: send >>>>>>>>>>>>>>>>>>>>>>>>>>>>>>> to2 message id: 217 size: 57
 2018-06-22 16:22:50 CServerGameDesk::send2 474: send >>>>>>>>>>>>>>>>>>>>>>>>>>>>>>> to3 message id: 217 size: 57
 2018-06-22 16:22:50 PlayCardListener::notiNext 328: noti 3 next play
 2018-06-22 16:22:50 CServerGameDesk::send2all 463: broad >>>>>>>>>>>>>>>>>>>>>>>>>>>>>>> message id:203 size:102
 2018-06-22 16:22:55 ExtensionListenerController::Listen 41: recv<<<<<<<<<<<<<<<<<<<<<<<<<<<<<<<<< User(22564)  MsgID(100)  size(41)
 2018-06-22 16:22:55 PlayCardListener::recvPass 233: recv  pass Cur 3 player 3 ,lastout 0 ,next 2,nextActive 2
 2018-06-22 16:22:55 PlayCardListener::recvPass 271: 3不要，通知下家 2 出牌
 2018-06-22 16:22:55 PlayCardListener::notiNext 328: noti 2 next play
 2018-06-22 16:22:55 CServerGameDesk::send2all 463: broad >>>>>>>>>>>>>>>>>>>>>>>>>>>>>>> message id:203 size:102
 2018-06-22 16:23:10 PlayCardListener::AutoPlayCard 494: 自动出牌 last 0  cur 2
 2018-06-22 16:23:10 PlayCardListener::AutoPlayCard 515: 玩家 2  自动出牌 跟牌 不要
 2018-06-22 16:23:10 PlayCardListener::recvPass 233: recv  pass Cur 2 player 2 ,lastout 0 ,next 1,nextActive 1
 2018-06-22 16:23:10 PlayCardListener::recvPass 271: 2不要，通知下家 1 出牌
 2018-06-22 16:23:10 PlayCardListener::notiNext 328: noti 1 next play
 2018-06-22 16:23:10 CServerGameDesk::send2all 463: broad >>>>>>>>>>>>>>>>>>>>>>>>>>>>>>> message id:203 size:102
 2018-06-22 16:23:14 ExtensionListenerController::Listen 41: recv<<<<<<<<<<<<<<<<<<<<<<<<<<<<<<<<< User(22561)  MsgID(100)  size(41)
 2018-06-22 16:23:14 PlayCardListener::recvPass 233: recv  pass Cur 1 player 1 ,lastout 0 ,next 0,nextActive 0
 2018-06-22 16:23:14 PlayCardListener::recvPass 259: 0没人要，出牌
 2018-06-22 16:23:14 CServerGameDesk::send2all 463: broad >>>>>>>>>>>>>>>>>>>>>>>>>>>>>>> message id:204 size:25
 2018-06-22 16:23:14 PlayCardListener::notiNext 328: noti 0 next play
 2018-06-22 16:23:14 CServerGameDesk::send2all 463: broad >>>>>>>>>>>>>>>>>>>>>>>>>>>>>>> message id:203 size:102
 2018-06-22 16:23:15 CServerGameDesk::UserNetCut 338: DeskNo: 0 UserID: 22563 netcut 
 2018-06-22 16:23:15 CServerGameDesk::UserNetCut 338: DeskNo: 3 UserID: 22564 netcut 
 2018-06-22 16:23:17 CServerGameDesk::UserNetCut 338: DeskNo: 1 UserID: 22561 netcut 
 2018-06-22 16:23:29 PlayCardListener::AutoPlayCard 494: 自动出牌 last 255  cur 0
 2018-06-22 16:23:29 PlayCardListener::AutoPlayCard 506: 玩家 0  自动出牌 头游出牌 5
 2018-06-22 16:23:29 PlayCardListener::recvPlayerCard 165: 玩家 22563 出牌 35,5,35,12,22,(5)
 2018-06-22 16:23:29 PlayCardListener::recvPlayerCard 170: 玩家 22563 手牌 6,12,2b,2c,1c,29,d,35,3b,19,39,22,18,5,3,39,2b,35,16,23,(20)
 2018-06-22 16:23:29 DataManage::checkPlayCard 494: user [22563-0] checkPlayCard 35,5,35,12,22,[5]
 2018-06-22 16:23:29 CServerGameDesk::send2 474: send >>>>>>>>>>>>>>>>>>>>>>>>>>>>>>> to0 message id: 217 size: 57
 2018-06-22 16:23:29 CServerGameDesk::send2 474: send >>>>>>>>>>>>>>>>>>>>>>>>>>>>>>> to1 message id: 217 size: 57
 2018-06-22 16:23:29 CServerGameDesk::send2 474: send >>>>>>>>>>>>>>>>>>>>>>>>>>>>>>> to2 message id: 217 size: 57
 2018-06-22 16:23:29 CServerGameDesk::send2 474: send >>>>>>>>>>>>>>>>>>>>>>>>>>>>>>> to3 message id: 217 size: 57
 2018-06-22 16:23:29 PlayCardListener::notiNext 328: noti 3 next play
 2018-06-22 16:23:29 CServerGameDesk::send2all 463: broad >>>>>>>>>>>>>>>>>>>>>>>>>>>>>>> message id:203 size:102
 2018-06-22 16:23:33 CServerGameDesk::UserNetCut 338: DeskNo: 2 UserID: 22565 netcut 
 2018-06-22 16:23:33 ExtensionListenerController::Add 17: Listen Add 8
 2018-06-22 16:23:33 Listener::OnAdd 20: 
 2018-06-22 16:23:33 _ERROR_ GameFinishListener::countScore 61: 
 2018-06-22 16:23:33 ExtensionListenerController::Remove 27: Listen Remove 10
 2018-06-22 16:23:33 Listener::OnRemove 27: 
 2018-06-22 16:23:33 GameFinishListener::update 27: 玩家0,22563结算0, 分数0 总分数0
 2018-06-22 16:23:33 GameFinishListener::update 27: 玩家1,22561结算0, 分数0 总分数0
 2018-06-22 16:23:33 GameFinishListener::update 27: 玩家2,22565结算0, 分数0 总分数0
 2018-06-22 16:23:33 GameFinishListener::update 27: 玩家3,22564结算0, 分数0 总分数0
 2018-06-22 16:23:33 ExtensionListenerController::OnListenEnd 99: Listen End 8
 2018-06-22 16:23:33 ExtensionListenerController::Remove 27: Listen Remove 8
 2018-06-22 16:23:33 Listener::OnRemove 27: 
 2018-06-22 16:23:33 CServerGameDesk::GameFinish 212: GameFinish 10
 2018-06-22 16:23:33 Listener::OnRemove 27: 
 2018-06-22 16:23:33 CServerGameDesk::GameClear 521: clean game





 2018-06-22 16:23:33 ExtensionListenerController::Add 17: Listen Add 2
 2018-06-22 16:23:33 Listener::OnAdd 20: 
 2018-06-22 16:23:33 CServerGameDesk::SetGameStation 168: GameStation  25
 2018-06-22 23:17:45 CServerGameDesk::UserSitDesk 311: DeskNo: 0 UserID: 22596 sit 
