 2018-05-16 15:12:37 CServerGameDesk::sendState 482: sendstate >>>>>>>>>>>>>>>>>>>>>>>>>>>>>>> 0 state: 0
 2018-05-16 15:12:37 ExtensionListenerController::Listen 41: recv<<<<<<<<<<<<<<<<<<<<<<<<<<<<<<<<< User(20838)  MsgID(100)  size(41)
 2018-05-16 15:12:52 CServerGameDesk::UserLeftDesk 322: DeskNo: 0 UserID: 20838 leave 
 2018-05-16 15:14:06 CServerGameDesk::UserSitDesk 311: DeskNo: 0 UserID: 20838 sit 
 2018-05-16 15:14:06 CServerGameDesk::sendState 482: sendstate >>>>>>>>>>>>>>>>>>>>>>>>>>>>>>> 0 state: 0
 2018-05-16 15:14:06 ExtensionListenerController::Listen 41: recv<<<<<<<<<<<<<<<<<<<<<<<<<<<<<<<<< User(20838)  MsgID(100)  size(41)
 2018-05-16 15:14:20 CServerGameDesk::UserLeftDesk 322: DeskNo: 0 UserID: 20838 leave 
 2018-05-16 15:56:45 CServerGameDesk::UserSitDesk 311: DeskNo: 0 UserID: 19149 sit 
 2018-05-16 15:56:45 CServerGameDesk::sendState 482: sendstate >>>>>>>>>>>>>>>>>>>>>>>>>>>>>>> 0 state: 0
 2018-05-16 15:56:51 CServerGameDesk::HandleNotifyMessage 107: deskNO: 0,UserID :19149 agree
 2018-05-16 15:56:51 ExtensionListenerController::Listen 41: recv<<<<<<<<<<<<<<<<<<<<<<<<<<<<<<<<< User(19149)  MsgID(100)  size(41)
 2018-05-16 15:56:57 CServerGameDesk::UserLeftDesk 322: DeskNo: 0 UserID: 19149 leave 
 2018-05-16 15:57:01 CServerGameDesk::UserSitDesk 311: DeskNo: 0 UserID: 19149 sit 
 2018-05-16 15:57:01 CServerGameDesk::sendState 482: sendstate >>>>>>>>>>>>>>>>>>>>>>>>>>>>>>> 0 state: 0
 2018-05-16 15:57:02 ExtensionListenerController::Listen 41: recv<<<<<<<<<<<<<<<<<<<<<<<<<<<<<<<<< User(19149)  MsgID(100)  size(41)
 2018-05-16 15:57:22 CServerGameDesk::UserLeftDesk 322: DeskNo: 0 UserID: 19149 leave 
 2018-05-16 15:59:56 CServerGameDesk::UserSitDesk 311: DeskNo: 0 UserID: 19632 sit 
 2018-05-16 15:59:57 CServerGameDesk::sendState 482: sendstate >>>>>>>>>>>>>>>>>>>>>>>>>>>>>>> 0 state: 0
 2018-05-16 15:59:58 ExtensionListenerController::Listen 41: recv<<<<<<<<<<<<<<<<<<<<<<<<<<<<<<<<< User(19632)  MsgID(100)  size(41)
 2018-05-16 16:00:00 CServerGameDesk::HandleNotifyMessage 107: deskNO: 0,UserID :19632 agree
 2018-05-16 16:00:22 CServerGameDesk::UserLeftDesk 322: DeskNo: 0 UserID: 19632 leave 
 2018-05-16 18:12:15 CServerGameDesk::UserSitDesk 311: DeskNo: 0 UserID: 20818 sit 
