 2018-06-05 10:44:09 CServerGameDesk::sendState 482: sendstate >>>>>>>>>>>>>>>>>>>>>>>>>>>>>>> 0 state: 25
 2018-06-05 10:44:09 CServerGameDesk::UserSitDesk 311: DeskNo: 1 UserID: 21565 sit 
 2018-06-05 10:44:09 CServerGameDesk::sendState 482: sendstate >>>>>>>>>>>>>>>>>>>>>>>>>>>>>>> 1 state: 25
 2018-06-05 10:44:10 CServerGameDesk::HandleNotifyMessage 107: deskNO: 0,UserID :21564 agree
 2018-06-05 10:44:11 CServerGameDesk::UserSitDesk 311: DeskNo: 2 UserID: 21777 sit 
 2018-06-05 10:44:12 CServerGameDesk::sendState 482: sendstate >>>>>>>>>>>>>>>>>>>>>>>>>>>>>>> 2 state: 25
 2018-06-05 10:44:15 CServerGameDesk::HandleNotifyMessage 107: deskNO: 2,UserID :21777 agree
 2018-06-05 10:44:16 CServerGameDesk::UserSitDesk 311: DeskNo: 3 UserID: 20706 sit 
 2018-06-05 10:44:16 CServerGameDesk::sendState 482: sendstate >>>>>>>>>>>>>>>>>>>>>>>>>>>>>>> 3 state: 25
 2018-06-05 10:44:17 CServerGameDesk::HandleNotifyMessage 107: deskNO: 3,UserID :20706 agree
 2018-06-05 10:44:23 CServerGameDesk::UserLeftDesk 322: DeskNo: 3 UserID: 20706 leave 
 2018-06-05 10:44:24 CServerGameDesk::UserSitDesk 311: DeskNo: 3 UserID: 20706 sit 
 2018-06-05 10:44:25 CServerGameDesk::sendState 482: sendstate >>>>>>>>>>>>>>>>>>>>>>>>>>>>>>> 3 state: 25
 2018-06-05 10:44:26 CServerGameDesk::HandleNotifyMessage 107: deskNO: 3,UserID :20706 agree
 2018-06-05 10:44:28 CServerGameDesk::HandleNotifyMessage 107: deskNO: 1,UserID :21565 agree
 2018-06-05 10:44:28 CServerGameDesk::GameBegin 181: ---------------GameBegin (0/0)---------------
 2018-06-05 10:44:28 ExtensionListenerController::Remove 27: Listen Remove 0
 2018-06-05 10:44:28 ExtensionListenerController::Remove 27: Listen Remove 1
 2018-06-05 10:44:28 ExtensionListenerController::Remove 27: Listen Remove 2
 2018-06-05 10:44:28 Listener::OnRemove 27: 
 2018-06-05 10:44:28 ExtensionListenerController::Add 17: Listen Add 3
 2018-06-05 10:44:28 Listener::OnAdd 20: 
 2018-06-05 10:44:28 ExtensionListenerController::Add 17: Listen Add 10
 2018-06-05 10:44:28 Listener::OnAdd 20: 
 2018-06-05 10:44:28 ExtensionListenerController::OnListenEnd 99: Listen End 3
 2018-06-05 10:44:28 ExtensionListenerController::Remove 27: Listen Remove 3
 2018-06-05 10:44:28 Listener::OnRemove 27: 
 2018-06-05 10:44:28 ExtensionListenerController::Add 17: Listen Add 4
 2018-06-05 10:44:28 Listener::OnAdd 20: 
 2018-06-05 10:44:28 CServerGameDesk::SetGameStation 168: GameStation  20
 2018-06-05 10:44:28 SendCardPlayerListener::sendCard 126: card 0:1,c,3b,1c,4f,2a,2d,23,31,34,1d,27,28,34,1c,21,14,8,6,12,2,18,4e,17,2b,3a,39,
 2018-06-05 10:44:28 CServerGameDesk::send2 474: send >>>>>>>>>>>>>>>>>>>>>>>>>>>>>>> to0 message id: 201 size: 113
 2018-06-05 10:44:28 SendCardPlayerListener::sendCard 126: card 1:27,7,2c,25,38,16,33,4e,9,16,24,15,1,33,36,23,13,18,19,22,3,29,1a,32,2d,6,4,
 2018-06-05 10:44:28 CServerGameDesk::send2 474: send >>>>>>>>>>>>>>>>>>>>>>>>>>>>>>> to1 message id: 201 size: 113
 2018-06-05 10:44:28 SendCardPlayerListener::sendCard 126: card 2:24,1b,5,36,19,3d,d,7,11,2c,26,3d,13,8,d,3c,3c,17,1d,29,11,c,4f,14,5,1b,2b,
 2018-06-05 10:44:28 CServerGameDesk::send2 474: send >>>>>>>>>>>>>>>>>>>>>>>>>>>>>>> to2 message id: 201 size: 113
 2018-06-05 10:44:28 SendCardPlayerListener::sendCard 126: card 3:1a,31,a,2a,3b,26,38,3,28,39,35,37,b,32,15,22,35,b,2,9,25,21,3a,4,a,12,37,
 2018-06-05 10:44:28 CServerGameDesk::send2 474: send >>>>>>>>>>>>>>>>>>>>>>>>>>>>>>> to3 message id: 201 size: 113
 2018-06-05 10:44:28 CServerGameDesk::send2all 463: broad >>>>>>>>>>>>>>>>>>>>>>>>>>>>>>> message id:211 size:63
 2018-06-05 10:44:28 SendCardPlayerListener::notiFine 182: 玩家 21564,Phone21564王罚 joker's Count 1
 2018-06-05 10:44:29 ExtensionListenerController::OnListenEnd 99: Listen End 4
 2018-06-05 10:44:29 ExtensionListenerController::Remove 27: Listen Remove 4
 2018-06-05 10:44:29 Listener::OnRemove 27: 
 2018-06-05 10:44:29 ExtensionListenerController::Add 17: Listen Add 5
 2018-06-05 10:44:29 Listener::OnAdd 20: 
 2018-06-05 10:44:29 CServerGameDesk::SetGameStation 168: GameStation  21
 2018-06-05 10:44:29 CServerGameDesk::send2all 463: broad >>>>>>>>>>>>>>>>>>>>>>>>>>>>>>> message id:209 size:1
 2018-06-05 10:44:29 CallListener::notiCall 142: notify user 20706call
 2018-06-05 10:44:32 ExtensionListenerController::Listen 41: recv<<<<<<<<<<<<<<<<<<<<<<<<<<<<<<<<< User(20706)  MsgID(100)  size(41)
 2018-06-05 10:44:32 CallListener::recvCall 119: recv user 20706 call 1
 2018-06-05 10:44:32 CServerGameDesk::send2all 463: broad >>>>>>>>>>>>>>>>>>>>>>>>>>>>>>> message id:209 size:1
 2018-06-05 10:44:32 CallListener::notiCall 142: notify user 21777call
 2018-06-05 10:44:34 ExtensionListenerController::Listen 41: recv<<<<<<<<<<<<<<<<<<<<<<<<<<<<<<<<< User(21777)  MsgID(100)  size(41)
 2018-06-05 10:44:34 CallListener::recvCall 119: recv user 21777 call 1
 2018-06-05 10:44:34 CServerGameDesk::send2all 463: broad >>>>>>>>>>>>>>>>>>>>>>>>>>>>>>> message id:209 size:1
 2018-06-05 10:44:34 CallListener::notiCall 142: notify user 21565call
 2018-06-05 10:44:35 ExtensionListenerController::Listen 41: recv<<<<<<<<<<<<<<<<<<<<<<<<<<<<<<<<< User(21565)  MsgID(100)  size(41)
 2018-06-05 10:44:35 CallListener::recvCall 119: recv user 21565 call 1
 2018-06-05 10:44:35 CServerGameDesk::send2all 463: broad >>>>>>>>>>>>>>>>>>>>>>>>>>>>>>> message id:209 size:1
 2018-06-05 10:44:35 CallListener::notiCall 142: notify user 21564call
 2018-06-05 10:44:36 ExtensionListenerController::Listen 41: recv<<<<<<<<<<<<<<<<<<<<<<<<<<<<<<<<< User(21564)  MsgID(100)  size(41)
 2018-06-05 10:44:36 CallListener::recvCall 119: recv user 21564 call 1
 2018-06-05 10:44:36 ExtensionListenerController::OnListenEnd 99: Listen End 5
 2018-06-05 10:44:36 ExtensionListenerController::Remove 27: Listen Remove 5
 2018-06-05 10:44:36 Listener::OnRemove 27: 
 2018-06-05 10:44:36 ExtensionListenerController::Add 17: Listen Add 6
 2018-06-05 10:44:36 Listener::OnAdd 20: 
 2018-06-05 10:44:36 CServerGameDesk::SetGameStation 168: GameStation  22
 2018-06-05 10:44:36 CServerGameDesk::send2all 463: broad >>>>>>>>>>>>>>>>>>>>>>>>>>>>>>> message id:210 size:0
 2018-06-05 10:44:36 FindFriendListener::notiSetFindFriend 148: notify user 20706set friend card
 2018-06-05 10:44:43 ExtensionListenerController::Listen 41: recv<<<<<<<<<<<<<<<<<<<<<<<<<<<<<<<<< User(20706)  MsgID(100)  size(41)
 2018-06-05 10:44:43 FindFriendListener::recvSetFindFriendCard 84: recv user 20706 set find friend card 3
 2018-06-05 10:44:43 CServerGameDesk::send2all 463: broad >>>>>>>>>>>>>>>>>>>>>>>>>>>>>>> message id:212 size:124
 2018-06-05 10:44:43 FindFriendListener::recvSetFindFriendCard 124: find friend, NT Phone20706,friend Phone21565
 2018-06-05 10:44:43 ExtensionListenerController::OnListenEnd 99: Listen End 6
 2018-06-05 10:44:43 ExtensionListenerController::Remove 27: Listen Remove 6
 2018-06-05 10:44:43 Listener::OnRemove 27: 
 2018-06-05 10:44:43 ExtensionListenerController::Add 17: Listen Add 7
 2018-06-05 10:44:43 Listener::OnAdd 20: 
 2018-06-05 10:44:43 CServerGameDesk::SetGameStation 168: GameStation  24
 2018-06-05 10:44:43 CServerGameDesk::send2all 463: broad >>>>>>>>>>>>>>>>>>>>>>>>>>>>>>> message id:202 size:1
 2018-06-05 10:44:58 PlayCardListener::AutoPlayCard 494: 自动出牌 last 255  cur 3
 2018-06-05 10:44:58 PlayCardListener::AutoPlayCard 506: 玩家 3  自动出牌 头游出牌 1
 2018-06-05 10:44:58 PlayCardListener::recvPlayerCard 165: 玩家 20706 出牌 26,(1)
 2018-06-05 10:44:58 PlayCardListener::recvPlayerCard 170: 玩家 20706 手牌 1a,31,a,2a,3b,26,38,3,28,39,35,37,b,32,15,22,35,b,2,9,25,21,3a,4,a,12,37,(27)
 2018-06-05 10:44:58 DataManage::checkPlayCard 494: user [20706-3] checkPlayCard 26,[1]
 2018-06-05 10:44:58 CServerGameDesk::send2 474: send >>>>>>>>>>>>>>>>>>>>>>>>>>>>>>> to0 message id: 217 size: 57
 2018-06-05 10:44:58 CServerGameDesk::send2 474: send >>>>>>>>>>>>>>>>>>>>>>>>>>>>>>> to1 message id: 217 size: 57
 2018-06-05 10:44:58 CServerGameDesk::send2 474: send >>>>>>>>>>>>>>>>>>>>>>>>>>>>>>> to2 message id: 217 size: 57
 2018-06-05 10:44:58 CServerGameDesk::send2 474: send >>>>>>>>>>>>>>>>>>>>>>>>>>>>>>> to3 message id: 217 size: 57
 2018-06-05 10:44:58 PlayCardListener::notiNext 328: noti 2 next play
 2018-06-05 10:44:58 CServerGameDesk::send2all 463: broad >>>>>>>>>>>>>>>>>>>>>>>>>>>>>>> message id:203 size:102
 2018-06-05 10:45:11 ExtensionListenerController::Listen 41: recv<<<<<<<<<<<<<<<<<<<<<<<<<<<<<<<<< User(21777)  MsgID(100)  size(41)
 2018-06-05 10:45:11 PlayCardListener::recvPlayerCard 165: 玩家 21777 出牌 8,(1)
 2018-06-05 10:45:11 PlayCardListener::recvPlayerCard 170: 玩家 21777 手牌 24,1b,5,36,19,3d,d,7,11,2c,26,3d,13,8,d,3c,3c,17,1d,29,11,c,4f,14,5,1b,2b,(27)
 2018-06-05 10:45:11 DataManage::checkPlayCard 494: user [21777-2] checkPlayCard 8,[1]
 2018-06-05 10:45:11 CServerGameDesk::send2 474: send >>>>>>>>>>>>>>>>>>>>>>>>>>>>>>> to0 message id: 217 size: 57
 2018-06-05 10:45:11 CServerGameDesk::send2 474: send >>>>>>>>>>>>>>>>>>>>>>>>>>>>>>> to1 message id: 217 size: 57
 2018-06-05 10:45:11 CServerGameDesk::send2 474: send >>>>>>>>>>>>>>>>>>>>>>>>>>>>>>> to2 message id: 217 size: 57
 2018-06-05 10:45:11 CServerGameDesk::send2 474: send >>>>>>>>>>>>>>>>>>>>>>>>>>>>>>> to3 message id: 217 size: 57
 2018-06-05 10:45:11 PlayCardListener::notiNext 328: noti 1 next play
 2018-06-05 10:45:11 CServerGameDesk::send2all 463: broad >>>>>>>>>>>>>>>>>>>>>>>>>>>>>>> message id:203 size:102
 2018-06-05 10:45:23 ExtensionListenerController::Listen 41: recv<<<<<<<<<<<<<<<<<<<<<<<<<<<<<<<<< User(21565)  MsgID(100)  size(41)
 2018-06-05 10:45:23 PlayCardListener::recvPlayerCard 165: 玩家 21565 出牌 1a,(1)
 2018-06-05 10:45:23 PlayCardListener::recvPlayerCard 170: 玩家 21565 手牌 27,7,2c,25,38,16,33,4e,9,16,24,15,1,33,36,23,13,18,19,22,3,29,1a,32,2d,6,4,(27)
 2018-06-05 10:45:23 DataManage::checkPlayCard 494: user [21565-1] checkPlayCard 1a,[1]
 2018-06-05 10:45:23 CServerGameDesk::send2 474: send >>>>>>>>>>>>>>>>>>>>>>>>>>>>>>> to0 message id: 217 size: 57
 2018-06-05 10:45:23 CServerGameDesk::send2 474: send >>>>>>>>>>>>>>>>>>>>>>>>>>>>>>> to1 message id: 217 size: 57
 2018-06-05 10:45:23 CServerGameDesk::send2 474: send >>>>>>>>>>>>>>>>>>>>>>>>>>>>>>> to2 message id: 217 size: 57
 2018-06-05 10:45:23 CServerGameDesk::send2 474: send >>>>>>>>>>>>>>>>>>>>>>>>>>>>>>> to3 message id: 217 size: 57
 2018-06-05 10:45:23 PlayCardListener::notiNext 328: noti 0 next play
 2018-06-05 10:45:23 CServerGameDesk::send2all 463: broad >>>>>>>>>>>>>>>>>>>>>>>>>>>>>>> message id:203 size:102
 2018-06-05 10:45:27 ExtensionListenerController::Listen 41: recv<<<<<<<<<<<<<<<<<<<<<<<<<<<<<<<<< User(21564)  MsgID(100)  size(41)
 2018-06-05 10:45:27 PlayCardListener::recvPlayerCard 165: 玩家 21564 出牌 4e,(1)
 2018-06-05 10:45:27 PlayCardListener::recvPlayerCard 170: 玩家 21564 手牌 1,c,3b,1c,4f,2a,2d,23,31,34,1d,27,28,34,1c,21,14,8,6,12,2,18,4e,17,2b,3a,39,(27)
 2018-06-05 10:45:27 DataManage::checkPlayCard 494: user [21564-0] checkPlayCard 4e,[1]
 2018-06-05 10:45:27 CServerGameDesk::send2 474: send >>>>>>>>>>>>>>>>>>>>>>>>>>>>>>> to0 message id: 217 size: 57
 2018-06-05 10:45:27 CServerGameDesk::send2 474: send >>>>>>>>>>>>>>>>>>>>>>>>>>>>>>> to1 message id: 217 size: 57
 2018-06-05 10:45:27 CServerGameDesk::send2 474: send >>>>>>>>>>>>>>>>>>>>>>>>>>>>>>> to2 message id: 217 size: 57
 2018-06-05 10:45:27 CServerGameDesk::send2 474: send >>>>>>>>>>>>>>>>>>>>>>>>>>>>>>> to3 message id: 217 size: 57
 2018-06-05 10:45:27 PlayCardListener::notiNext 328: noti 3 next play
 2018-06-05 10:45:27 CServerGameDesk::send2all 463: broad >>>>>>>>>>>>>>>>>>>>>>>>>>>>>>> message id:203 size:102
 2018-06-05 10:45:34 ExtensionListenerController::Listen 41: recv<<<<<<<<<<<<<<<<<<<<<<<<<<<<<<<<< User(20706)  MsgID(100)  size(41)
 2018-06-05 10:45:34 PlayCardListener::recvPlayerCard 165: 玩家 20706 出牌 32,22,12,2,(4)
 2018-06-05 10:45:34 PlayCardListener::recvPlayerCard 170: 玩家 20706 手牌 1a,31,a,2a,3b,38,3,28,39,35,37,b,32,15,22,35,b,2,9,25,21,3a,4,a,12,37,(26)
 2018-06-05 10:45:34 DataManage::checkPlayCard 494: user [20706-3] checkPlayCard 32,22,12,2,[4]
 2018-06-05 10:45:34 CServerGameDesk::send2 474: send >>>>>>>>>>>>>>>>>>>>>>>>>>>>>>> to0 message id: 217 size: 57
 2018-06-05 10:45:34 CServerGameDesk::send2 474: send >>>>>>>>>>>>>>>>>>>>>>>>>>>>>>> to1 message id: 217 size: 57
 2018-06-05 10:45:34 CServerGameDesk::send2 474: send >>>>>>>>>>>>>>>>>>>>>>>>>>>>>>> to2 message id: 217 size: 57
 2018-06-05 10:45:34 CServerGameDesk::send2 474: send >>>>>>>>>>>>>>>>>>>>>>>>>>>>>>> to3 message id: 217 size: 57
 2018-06-05 10:45:34 PlayCardListener::notiNext 328: noti 2 next play
 2018-06-05 10:45:34 CServerGameDesk::send2all 463: broad >>>>>>>>>>>>>>>>>>>>>>>>>>>>>>> message id:203 size:102
 2018-06-05 10:45:39 ExtensionListenerController::Listen 41: recv<<<<<<<<<<<<<<<<<<<<<<<<<<<<<<<<< User(21777)  MsgID(100)  size(41)
 2018-06-05 10:45:39 PlayCardListener::recvPlayerCard 165: 玩家 21777 出牌 3c,3c,2c,c,(4)
 2018-06-05 10:45:39 PlayCardListener::recvPlayerCard 170: 玩家 21777 手牌 24,1b,5,36,19,3d,d,7,11,2c,26,3d,13,d,3c,3c,17,1d,29,11,c,4f,14,5,1b,2b,(26)
 2018-06-05 10:45:39 DataManage::checkPlayCard 494: user [21777-2] checkPlayCard 3c,3c,2c,c,[4]
 2018-06-05 10:45:39 CServerGameDesk::send2 474: send >>>>>>>>>>>>>>>>>>>>>>>>>>>>>>> to0 message id: 217 size: 57
 2018-06-05 10:45:39 CServerGameDesk::send2 474: send >>>>>>>>>>>>>>>>>>>>>>>>>>>>>>> to1 message id: 217 size: 57
 2018-06-05 10:45:39 CServerGameDesk::send2 474: send >>>>>>>>>>>>>>>>>>>>>>>>>>>>>>> to2 message id: 217 size: 57
 2018-06-05 10:45:39 CServerGameDesk::send2 474: send >>>>>>>>>>>>>>>>>>>>>>>>>>>>>>> to3 message id: 217 size: 57
 2018-06-05 10:45:39 PlayCardListener::notiNext 328: noti 1 next play
 2018-06-05 10:45:39 CServerGameDesk::send2all 463: broad >>>>>>>>>>>>>>>>>>>>>>>>>>>>>>> message id:203 size:102
 2018-06-05 10:45:41 ExtensionListenerController::Listen 41: recv<<<<<<<<<<<<<<<<<<<<<<<<<<<<<<<<< User(21565)  MsgID(100)  size(41)
 2018-06-05 10:45:41 PlayCardListener::recvPlayerCard 165: 玩家 21565 出牌 4e,36,16,16,6,(5)
 2018-06-05 10:45:41 PlayCardListener::recvPlayerCard 170: 玩家 21565 手牌 27,7,2c,25,38,16,33,4e,9,16,24,15,1,33,36,23,13,18,19,22,3,29,32,2d,6,4,(26)
 2018-06-05 10:45:41 DataManage::checkPlayCard 494: user [21565-1] checkPlayCard 4e,36,16,16,6,[5]
 2018-06-05 10:45:41 CServerGameDesk::send2 474: send >>>>>>>>>>>>>>>>>>>>>>>>>>>>>>> to0 message id: 217 size: 57
 2018-06-05 10:45:41 CServerGameDesk::send2 474: send >>>>>>>>>>>>>>>>>>>>>>>>>>>>>>> to1 message id: 217 size: 57
 2018-06-05 10:45:41 CServerGameDesk::send2 474: send >>>>>>>>>>>>>>>>>>>>>>>>>>>>>>> to2 message id: 217 size: 57
 2018-06-05 10:45:41 CServerGameDesk::send2 474: send >>>>>>>>>>>>>>>>>>>>>>>>>>>>>>> to3 message id: 217 size: 57
 2018-06-05 10:45:41 PlayCardListener::notiNext 328: noti 0 next play
 2018-06-05 10:45:41 CServerGameDesk::send2all 463: broad >>>>>>>>>>>>>>>>>>>>>>>>>>>>>>> message id:203 size:102
 2018-06-05 10:45:43 ExtensionListenerController::Listen 41: recv<<<<<<<<<<<<<<<<<<<<<<<<<<<<<<<<< User(21564)  MsgID(100)  size(41)
 2018-06-05 10:45:43 PlayCardListener::recvPass 233: recv  pass Cur 0 player 0 ,lastout 1 ,next 3,nextActive 3
 2018-06-05 10:45:43 PlayCardListener::recvPass 271: 0不要，通知下家 3 出牌
 2018-06-05 10:45:43 PlayCardListener::notiNext 328: noti 3 next play
 2018-06-05 10:45:43 CServerGameDesk::send2all 463: broad >>>>>>>>>>>>>>>>>>>>>>>>>>>>>>> message id:203 size:102
 2018-06-05 10:45:50 ExtensionListenerController::Listen 41: recv<<<<<<<<<<<<<<<<<<<<<<<<<<<<<<<<< User(20706)  MsgID(100)  size(41)
 2018-06-05 10:45:50 PlayCardListener::recvPass 233: recv  pass Cur 3 player 3 ,lastout 1 ,next 2,nextActive 2
 2018-06-05 10:45:50 PlayCardListener::recvPass 271: 3不要，通知下家 2 出牌
 2018-06-05 10:45:50 PlayCardListener::notiNext 328: noti 2 next play
 2018-06-05 10:45:50 CServerGameDesk::send2all 463: broad >>>>>>>>>>>>>>>>>>>>>>>>>>>>>>> message id:203 size:102
 2018-06-05 10:45:55 ExtensionListenerController::Listen 41: recv<<<<<<<<<<<<<<<<<<<<<<<<<<<<<<<<< User(21777)  MsgID(100)  size(41)
 2018-06-05 10:45:55 PlayCardListener::recvPass 233: recv  pass Cur 2 player 2 ,lastout 1 ,next 1,nextActive 1
 2018-06-05 10:45:55 PlayCardListener::recvPass 259: 1没人要，出牌
 2018-06-05 10:45:55 CServerGameDesk::send2all 463: broad >>>>>>>>>>>>>>>>>>>>>>>>>>>>>>> message id:204 size:25
 2018-06-05 10:45:55 PlayCardListener::notiNext 328: noti 1 next play
 2018-06-05 10:45:55 CServerGameDesk::send2all 463: broad >>>>>>>>>>>>>>>>>>>>>>>>>>>>>>> message id:203 size:102
 2018-06-05 10:45:56 CServerGameDesk::UserNetCut 338: DeskNo: 0 UserID: 21564 netcut 
 2018-06-05 10:45:56 CServerGameDesk::UserNetCut 338: DeskNo: 2 UserID: 21777 netcut 
 2018-06-05 10:45:56 CServerGameDesk::UserNetCut 338: DeskNo: 1 UserID: 21565 netcut 
 2018-06-05 10:45:56 CServerGameDesk::UserNetCut 338: DeskNo: 3 UserID: 20706 netcut 
 2018-06-05 10:45:56 ExtensionListenerController::Add 17: Listen Add 8
 2018-06-05 10:45:56 Listener::OnAdd 20: 
 2018-06-05 10:45:56 _ERROR_ GameFinishListener::countScore 61: 
 2018-06-05 10:45:56 ExtensionListenerController::Remove 27: Listen Remove 10
 2018-06-05 10:45:56 Listener::OnRemove 27: 
 2018-06-05 10:45:56 GameFinishListener::update 27: 玩家0,21564结算0, 分数0 总分数0
 2018-06-05 10:45:56 GameFinishListener::update 27: 玩家1,21565结算0, 分数0 总分数0
 2018-06-05 10:45:56 GameFinishListener::update 27: 玩家2,21777结算0, 分数0 总分数0
 2018-06-05 10:45:56 GameFinishListener::update 27: 玩家3,20706结算0, 分数0 总分数0
 2018-06-05 10:45:57 ExtensionListenerController::OnListenEnd 99: Listen End 8
 2018-06-05 10:45:57 ExtensionListenerController::Remove 27: Listen Remove 8
 2018-06-05 10:45:57 Listener::OnRemove 27: 
 2018-06-05 10:45:57 CServerGameDesk::GameFinish 212: GameFinish 10
 2018-06-05 10:45:57 Listener::OnRemove 27: 
 2018-06-05 10:45:57 CServerGameDesk::GameClear 521: clean game





 2018-06-05 10:45:57 ExtensionListenerController::Add 17: Listen Add 2
 2018-06-05 10:45:57 Listener::OnAdd 20: 
 2018-06-05 10:45:57 CServerGameDesk::SetGameStation 168: GameStation  25
 2018-06-05 17:41:56 CServerGameDesk::UserSitDesk 311: DeskNo: 0 UserID: 21832 sit 
