 2018-06-13 09:48:09 CServerGameDesk::sendState 482: sendstate >>>>>>>>>>>>>>>>>>>>>>>>>>>>>>> 0 state: 0
 2018-06-13 09:48:10 CServerGameDesk::UserSitDesk 311: DeskNo: 1 UserID: 21565 sit 
 2018-06-13 09:48:11 CServerGameDesk::sendState 482: sendstate >>>>>>>>>>>>>>>>>>>>>>>>>>>>>>> 1 state: 0
 2018-06-13 09:48:14 CServerGameDesk::UserSitDesk 311: DeskNo: 2 UserID: 21777 sit 
 2018-06-13 09:48:15 CServerGameDesk::sendState 482: sendstate >>>>>>>>>>>>>>>>>>>>>>>>>>>>>>> 2 state: 0
 2018-06-13 09:48:16 CServerGameDesk::HandleNotifyMessage 107: deskNO: 0,UserID :21564 agree
 2018-06-13 09:48:18 CServerGameDesk::HandleNotifyMessage 107: deskNO: 1,UserID :21565 agree
 2018-06-13 09:48:45 CServerGameDesk::UserLeftDesk 322: DeskNo: 2 UserID: 21777 leave 
 2018-06-13 09:48:47 CServerGameDesk::UserSitDesk 311: DeskNo: 2 UserID: 21777 sit 
 2018-06-13 09:48:48 CServerGameDesk::sendState 482: sendstate >>>>>>>>>>>>>>>>>>>>>>>>>>>>>>> 2 state: 0
 2018-06-13 09:48:50 CServerGameDesk::HandleNotifyMessage 107: deskNO: 2,UserID :21777 agree
 2018-06-13 09:52:39 CServerGameDesk::UserSitDesk 311: DeskNo: 3 UserID: 21579 sit 
 2018-06-13 09:52:39 CServerGameDesk::sendState 482: sendstate >>>>>>>>>>>>>>>>>>>>>>>>>>>>>>> 3 state: 0
 2018-06-13 09:52:45 CServerGameDesk::HandleNotifyMessage 107: deskNO: 3,UserID :21579 agree
 2018-06-13 09:52:45 CServerGameDesk::GameBegin 181: ---------------GameBegin (0/0)---------------
 2018-06-13 09:52:45 ExtensionListenerController::Remove 27: Listen Remove 0
 2018-06-13 09:52:45 Listener::OnRemove 27: 
 2018-06-13 09:52:45 ExtensionListenerController::Remove 27: Listen Remove 1
 2018-06-13 09:52:45 ExtensionListenerController::Remove 27: Listen Remove 2
 2018-06-13 09:52:45 ExtensionListenerController::Add 17: Listen Add 3
 2018-06-13 09:52:45 Listener::OnAdd 20: 
 2018-06-13 09:52:45 ExtensionListenerController::Add 17: Listen Add 10
 2018-06-13 09:52:45 Listener::OnAdd 20: 
 2018-06-13 09:52:45 ExtensionListenerController::OnListenEnd 99: Listen End 3
 2018-06-13 09:52:45 ExtensionListenerController::Remove 27: Listen Remove 3
 2018-06-13 09:52:45 Listener::OnRemove 27: 
 2018-06-13 09:52:45 ExtensionListenerController::Add 17: Listen Add 4
 2018-06-13 09:52:45 Listener::OnAdd 20: 
 2018-06-13 09:52:45 CServerGameDesk::SetGameStation 168: GameStation  20
 2018-06-13 09:52:45 SendCardPlayerListener::sendCard 126: card 0:23,3a,32,36,38,1a,27,4f,18,3d,2c,3a,9,c,3b,b,24,2a,1d,16,c,2d,2b,19,31,32,11,
 2018-06-13 09:52:45 CServerGameDesk::send2 474: send >>>>>>>>>>>>>>>>>>>>>>>>>>>>>>> to0 message id: 201 size: 113
 2018-06-13 09:52:45 SendCardPlayerListener::sendCard 126: card 1:19,a,22,33,26,6,39,12,1d,1,15,35,25,9,34,1b,3d,13,14,18,11,22,26,31,3,25,13,
 2018-06-13 09:52:45 CServerGameDesk::send2 474: send >>>>>>>>>>>>>>>>>>>>>>>>>>>>>>> to1 message id: 201 size: 113
 2018-06-13 09:52:45 SendCardPlayerListener::sendCard 126: card 2:39,23,4,21,2,2d,3c,8,21,3,1c,8,37,4f,1b,b,29,7,2a,1c,14,37,28,5,15,36,27,
 2018-06-13 09:52:45 CServerGameDesk::send2 474: send >>>>>>>>>>>>>>>>>>>>>>>>>>>>>>> to2 message id: 201 size: 113
 2018-06-13 09:52:45 SendCardPlayerListener::sendCard 126: card 3:1a,6,33,28,3c,34,d,3b,2,17,38,4e,2b,16,d,29,24,7,17,12,1,2c,a,4e,5,4,35,
 2018-06-13 09:52:45 CServerGameDesk::send2 474: send >>>>>>>>>>>>>>>>>>>>>>>>>>>>>>> to3 message id: 201 size: 113
 2018-06-13 09:52:45 CServerGameDesk::send2all 463: broad >>>>>>>>>>>>>>>>>>>>>>>>>>>>>>> message id:211 size:63
 2018-06-13 09:52:45 SendCardPlayerListener::notiFine 182: 玩家 21579,Phone21579王罚 joker's Count 2
 2018-06-13 09:52:45 ExtensionListenerController::OnListenEnd 99: Listen End 4
 2018-06-13 09:52:45 ExtensionListenerController::Remove 27: Listen Remove 4
 2018-06-13 09:52:45 Listener::OnRemove 27: 
 2018-06-13 09:52:45 ExtensionListenerController::Add 17: Listen Add 5
 2018-06-13 09:52:45 Listener::OnAdd 20: 
 2018-06-13 09:52:45 CServerGameDesk::SetGameStation 168: GameStation  21
 2018-06-13 09:52:45 CServerGameDesk::send2all 463: broad >>>>>>>>>>>>>>>>>>>>>>>>>>>>>>> message id:209 size:1
 2018-06-13 09:52:45 CallListener::notiCall 142: notify user 21777call
 2018-06-13 09:52:48 ExtensionListenerController::Listen 41: recv<<<<<<<<<<<<<<<<<<<<<<<<<<<<<<<<< User(21777)  MsgID(100)  size(41)
 2018-06-13 09:52:48 CallListener::recvCall 119: recv user 21777 call 1
 2018-06-13 09:52:48 CServerGameDesk::send2all 463: broad >>>>>>>>>>>>>>>>>>>>>>>>>>>>>>> message id:209 size:1
 2018-06-13 09:52:48 CallListener::notiCall 142: notify user 21565call
 2018-06-13 09:52:50 ExtensionListenerController::Listen 41: recv<<<<<<<<<<<<<<<<<<<<<<<<<<<<<<<<< User(21565)  MsgID(100)  size(41)
 2018-06-13 09:52:50 CallListener::recvCall 119: recv user 21565 call 1
 2018-06-13 09:52:50 CServerGameDesk::send2all 463: broad >>>>>>>>>>>>>>>>>>>>>>>>>>>>>>> message id:209 size:1
 2018-06-13 09:52:50 CallListener::notiCall 142: notify user 21564call
 2018-06-13 09:52:51 ExtensionListenerController::Listen 41: recv<<<<<<<<<<<<<<<<<<<<<<<<<<<<<<<<< User(21564)  MsgID(100)  size(41)
 2018-06-13 09:52:51 CallListener::recvCall 119: recv user 21564 call 1
 2018-06-13 09:52:51 CServerGameDesk::send2all 463: broad >>>>>>>>>>>>>>>>>>>>>>>>>>>>>>> message id:209 size:1
 2018-06-13 09:52:51 CallListener::notiCall 142: notify user 21579call
 2018-06-13 09:52:52 ExtensionListenerController::Listen 41: recv<<<<<<<<<<<<<<<<<<<<<<<<<<<<<<<<< User(21579)  MsgID(100)  size(41)
 2018-06-13 09:52:52 CallListener::recvCall 119: recv user 21579 call 1
 2018-06-13 09:52:52 ExtensionListenerController::OnListenEnd 99: Listen End 5
 2018-06-13 09:52:52 ExtensionListenerController::Remove 27: Listen Remove 5
 2018-06-13 09:52:52 Listener::OnRemove 27: 
 2018-06-13 09:52:52 ExtensionListenerController::Add 17: Listen Add 6
 2018-06-13 09:52:52 Listener::OnAdd 20: 
 2018-06-13 09:52:52 CServerGameDesk::SetGameStation 168: GameStation  22
 2018-06-13 09:52:52 CServerGameDesk::send2all 463: broad >>>>>>>>>>>>>>>>>>>>>>>>>>>>>>> message id:210 size:0
 2018-06-13 09:52:52 FindFriendListener::notiSetFindFriend 148: notify user 21777set friend card
 2018-06-13 09:52:56 ExtensionListenerController::Listen 41: recv<<<<<<<<<<<<<<<<<<<<<<<<<<<<<<<<< User(21777)  MsgID(100)  size(41)
 2018-06-13 09:52:56 FindFriendListener::recvSetFindFriendCard 84: recv user 21777 set find friend card 2
 2018-06-13 09:52:56 CServerGameDesk::send2all 463: broad >>>>>>>>>>>>>>>>>>>>>>>>>>>>>>> message id:212 size:124
 2018-06-13 09:52:56 FindFriendListener::recvSetFindFriendCard 124: find friend, NT Phone21777,friend Phone21579
 2018-06-13 09:52:56 ExtensionListenerController::OnListenEnd 99: Listen End 6
 2018-06-13 09:52:56 ExtensionListenerController::Remove 27: Listen Remove 6
 2018-06-13 09:52:56 Listener::OnRemove 27: 
 2018-06-13 09:52:56 ExtensionListenerController::Add 17: Listen Add 7
 2018-06-13 09:52:56 Listener::OnAdd 20: 
 2018-06-13 09:52:56 CServerGameDesk::SetGameStation 168: GameStation  24
 2018-06-13 09:52:56 CServerGameDesk::send2all 463: broad >>>>>>>>>>>>>>>>>>>>>>>>>>>>>>> message id:202 size:1
 2018-06-13 09:53:11 PlayCardListener::AutoPlayCard 494: 自动出牌 last 255  cur 2
 2018-06-13 09:53:11 PlayCardListener::AutoPlayCard 506: 玩家 2  自动出牌 头游出牌 2
 2018-06-13 09:53:11 PlayCardListener::recvPlayerCard 165: 玩家 21777 出牌 23,3,(2)
 2018-06-13 09:53:11 PlayCardListener::recvPlayerCard 170: 玩家 21777 手牌 39,23,4,21,2,2d,3c,8,21,3,1c,8,37,4f,1b,b,29,7,2a,1c,14,37,28,5,15,36,27,(27)
 2018-06-13 09:53:11 DataManage::checkPlayCard 494: user [21777-2] checkPlayCard 23,3,[2]
 2018-06-13 09:53:11 CServerGameDesk::send2 474: send >>>>>>>>>>>>>>>>>>>>>>>>>>>>>>> to0 message id: 217 size: 57
 2018-06-13 09:53:11 CServerGameDesk::send2 474: send >>>>>>>>>>>>>>>>>>>>>>>>>>>>>>> to1 message id: 217 size: 57
 2018-06-13 09:53:11 CServerGameDesk::send2 474: send >>>>>>>>>>>>>>>>>>>>>>>>>>>>>>> to2 message id: 217 size: 57
 2018-06-13 09:53:11 CServerGameDesk::send2 474: send >>>>>>>>>>>>>>>>>>>>>>>>>>>>>>> to3 message id: 217 size: 57
 2018-06-13 09:53:11 PlayCardListener::notiNext 328: noti 1 next play
 2018-06-13 09:53:11 CServerGameDesk::send2all 463: broad >>>>>>>>>>>>>>>>>>>>>>>>>>>>>>> message id:203 size:102
 2018-06-13 09:53:26 PlayCardListener::AutoPlayCard 494: 自动出牌 last 2  cur 1
 2018-06-13 09:53:26 PlayCardListener::AutoPlayCard 522: 玩家 1  自动出牌 跟牌 出牌 2
 2018-06-13 09:53:26 PlayCardListener::recvPlayerCard 165: 玩家 21565 出牌 1d,3d,(2)
 2018-06-13 09:53:26 PlayCardListener::recvPlayerCard 170: 玩家 21565 手牌 19,a,22,33,26,6,39,12,1d,1,15,35,25,9,34,1b,3d,13,14,18,11,22,26,31,3,25,13,(27)
 2018-06-13 09:53:26 DataManage::checkPlayCard 494: user [21565-1] checkPlayCard 1d,3d,[2]
 2018-06-13 09:53:26 CServerGameDesk::send2 474: send >>>>>>>>>>>>>>>>>>>>>>>>>>>>>>> to0 message id: 217 size: 57
 2018-06-13 09:53:26 CServerGameDesk::send2 474: send >>>>>>>>>>>>>>>>>>>>>>>>>>>>>>> to1 message id: 217 size: 57
 2018-06-13 09:53:26 CServerGameDesk::send2 474: send >>>>>>>>>>>>>>>>>>>>>>>>>>>>>>> to2 message id: 217 size: 57
 2018-06-13 09:53:26 CServerGameDesk::send2 474: send >>>>>>>>>>>>>>>>>>>>>>>>>>>>>>> to3 message id: 217 size: 57
 2018-06-13 09:53:26 PlayCardListener::notiNext 328: noti 0 next play
 2018-06-13 09:53:26 CServerGameDesk::send2all 463: broad >>>>>>>>>>>>>>>>>>>>>>>>>>>>>>> message id:203 size:102
 2018-06-13 09:53:41 PlayCardListener::AutoPlayCard 494: 自动出牌 last 1  cur 0
 2018-06-13 09:53:41 PlayCardListener::AutoPlayCard 515: 玩家 0  自动出牌 跟牌 不要
 2018-06-13 09:53:41 PlayCardListener::recvPass 233: recv  pass Cur 0 player 0 ,lastout 1 ,next 3,nextActive 3
 2018-06-13 09:53:41 PlayCardListener::recvPass 271: 0不要，通知下家 3 出牌
 2018-06-13 09:53:41 PlayCardListener::notiNext 328: noti 3 next play
 2018-06-13 09:53:41 CServerGameDesk::send2all 463: broad >>>>>>>>>>>>>>>>>>>>>>>>>>>>>>> message id:203 size:102
 2018-06-13 09:53:56 PlayCardListener::AutoPlayCard 494: 自动出牌 last 1  cur 3
 2018-06-13 09:53:56 PlayCardListener::AutoPlayCard 522: 玩家 3  自动出牌 跟牌 出牌 3
 2018-06-13 09:53:56 PlayCardListener::recvPlayerCard 165: 玩家 21579 出牌 24,29,2c,(3)
 2018-06-13 09:53:56 PlayCardListener::recvPlayerCard 170: 玩家 21579 手牌 1a,6,33,28,3c,34,d,3b,2,17,38,4e,2b,16,d,29,24,7,17,12,1,2c,a,4e,5,4,35,(27)
 2018-06-13 09:53:56 DataManage::checkPlayCard 494: user [21579-3] checkPlayCard 24,29,2c,[3]
 2018-06-13 09:53:56 CServerGameDesk::send2 474: send >>>>>>>>>>>>>>>>>>>>>>>>>>>>>>> to0 message id: 217 size: 57
 2018-06-13 09:53:56 CServerGameDesk::send2 474: send >>>>>>>>>>>>>>>>>>>>>>>>>>>>>>> to1 message id: 217 size: 57
 2018-06-13 09:53:56 CServerGameDesk::send2 474: send >>>>>>>>>>>>>>>>>>>>>>>>>>>>>>> to2 message id: 217 size: 57
 2018-06-13 09:53:56 CServerGameDesk::send2 474: send >>>>>>>>>>>>>>>>>>>>>>>>>>>>>>> to3 message id: 217 size: 57
 2018-06-13 09:53:56 PlayCardListener::notiNext 328: noti 2 next play
 2018-06-13 09:53:56 CServerGameDesk::send2all 463: broad >>>>>>>>>>>>>>>>>>>>>>>>>>>>>>> message id:203 size:102
 2018-06-13 09:54:11 PlayCardListener::AutoPlayCard 494: 自动出牌 last 3  cur 2
 2018-06-13 09:54:11 PlayCardListener::AutoPlayCard 515: 玩家 2  自动出牌 跟牌 不要
 2018-06-13 09:54:11 PlayCardListener::recvPass 233: recv  pass Cur 2 player 2 ,lastout 3 ,next 1,nextActive 1
 2018-06-13 09:54:11 PlayCardListener::recvPass 271: 2不要，通知下家 1 出牌
 2018-06-13 09:54:11 PlayCardListener::notiNext 328: noti 1 next play
 2018-06-13 09:54:11 CServerGameDesk::send2all 463: broad >>>>>>>>>>>>>>>>>>>>>>>>>>>>>>> message id:203 size:102
 2018-06-13 09:54:26 PlayCardListener::AutoPlayCard 494: 自动出牌 last 3  cur 1
 2018-06-13 09:54:26 PlayCardListener::AutoPlayCard 522: 玩家 1  自动出牌 跟牌 出牌 4
 2018-06-13 09:54:26 PlayCardListener::recvPlayerCard 165: 玩家 21565 出牌 33,13,3,13,(4)
 2018-06-13 09:54:26 PlayCardListener::recvPlayerCard 170: 玩家 21565 手牌 19,a,22,33,26,6,39,12,1,15,35,25,9,34,1b,13,14,18,11,22,26,31,3,25,13,(25)
 2018-06-13 09:54:26 DataManage::checkPlayCard 494: user [21565-1] checkPlayCard 33,13,3,13,[4]
 2018-06-13 09:54:26 CServerGameDesk::send2 474: send >>>>>>>>>>>>>>>>>>>>>>>>>>>>>>> to0 message id: 217 size: 57
 2018-06-13 09:54:26 CServerGameDesk::send2 474: send >>>>>>>>>>>>>>>>>>>>>>>>>>>>>>> to1 message id: 217 size: 57
 2018-06-13 09:54:26 CServerGameDesk::send2 474: send >>>>>>>>>>>>>>>>>>>>>>>>>>>>>>> to2 message id: 217 size: 57
 2018-06-13 09:54:26 CServerGameDesk::send2 474: send >>>>>>>>>>>>>>>>>>>>>>>>>>>>>>> to3 message id: 217 size: 57
 2018-06-13 09:54:26 PlayCardListener::notiNext 328: noti 0 next play
 2018-06-13 09:54:26 CServerGameDesk::send2all 463: broad >>>>>>>>>>>>>>>>>>>>>>>>>>>>>>> message id:203 size:102
 2018-06-13 09:54:41 PlayCardListener::AutoPlayCard 494: 自动出牌 last 1  cur 0
 2018-06-13 09:54:41 PlayCardListener::AutoPlayCard 515: 玩家 0  自动出牌 跟牌 不要
 2018-06-13 09:54:41 PlayCardListener::recvPass 233: recv  pass Cur 0 player 0 ,lastout 1 ,next 3,nextActive 3
 2018-06-13 09:54:41 PlayCardListener::recvPass 271: 0不要，通知下家 3 出牌
 2018-06-13 09:54:41 PlayCardListener::notiNext 328: noti 3 next play
 2018-06-13 09:54:41 CServerGameDesk::send2all 463: broad >>>>>>>>>>>>>>>>>>>>>>>>>>>>>>> message id:203 size:102
 2018-06-13 09:54:57 PlayCardListener::AutoPlayCard 494: 自动出牌 last 1  cur 3
 2018-06-13 09:54:57 PlayCardListener::AutoPlayCard 515: 玩家 3  自动出牌 跟牌 不要
 2018-06-13 09:54:57 PlayCardListener::recvPass 233: recv  pass Cur 3 player 3 ,lastout 1 ,next 2,nextActive 2
 2018-06-13 09:54:57 PlayCardListener::recvPass 271: 3不要，通知下家 2 出牌
 2018-06-13 09:54:57 PlayCardListener::notiNext 328: noti 2 next play
 2018-06-13 09:54:57 CServerGameDesk::send2all 463: broad >>>>>>>>>>>>>>>>>>>>>>>>>>>>>>> message id:203 size:102
 2018-06-13 09:55:12 PlayCardListener::AutoPlayCard 494: 自动出牌 last 1  cur 2
 2018-06-13 09:55:12 PlayCardListener::AutoPlayCard 522: 玩家 2  自动出牌 跟牌 出牌 4
 2018-06-13 09:55:12 PlayCardListener::recvPlayerCard 165: 玩家 21777 出牌 37,7,37,27,(4)
 2018-06-13 09:55:12 PlayCardListener::recvPlayerCard 170: 玩家 21777 手牌 39,4,21,2,2d,3c,8,21,1c,8,37,4f,1b,b,29,7,2a,1c,14,37,28,5,15,36,27,(25)
 2018-06-13 09:55:12 DataManage::checkPlayCard 494: user [21777-2] checkPlayCard 37,7,37,27,[4]
 2018-06-13 09:55:12 CServerGameDesk::send2 474: send >>>>>>>>>>>>>>>>>>>>>>>>>>>>>>> to0 message id: 217 size: 57
 2018-06-13 09:55:12 CServerGameDesk::send2 474: send >>>>>>>>>>>>>>>>>>>>>>>>>>>>>>> to1 message id: 217 size: 57
 2018-06-13 09:55:12 CServerGameDesk::send2 474: send >>>>>>>>>>>>>>>>>>>>>>>>>>>>>>> to2 message id: 217 size: 57
 2018-06-13 09:55:12 CServerGameDesk::send2 474: send >>>>>>>>>>>>>>>>>>>>>>>>>>>>>>> to3 message id: 217 size: 57
 2018-06-13 09:55:12 PlayCardListener::notiNext 328: noti 1 next play
 2018-06-13 09:55:12 CServerGameDesk::send2all 463: broad >>>>>>>>>>>>>>>>>>>>>>>>>>>>>>> message id:203 size:102
 2018-06-13 09:55:27 PlayCardListener::AutoPlayCard 494: 自动出牌 last 2  cur 1
 2018-06-13 09:55:27 PlayCardListener::AutoPlayCard 515: 玩家 1  自动出牌 跟牌 不要
 2018-06-13 09:55:27 PlayCardListener::recvPass 233: recv  pass Cur 1 player 1 ,lastout 2 ,next 0,nextActive 0
 2018-06-13 09:55:27 PlayCardListener::recvPass 271: 1不要，通知下家 0 出牌
 2018-06-13 09:55:27 PlayCardListener::notiNext 328: noti 0 next play
 2018-06-13 09:55:27 CServerGameDesk::send2all 463: broad >>>>>>>>>>>>>>>>>>>>>>>>>>>>>>> message id:203 size:102
 2018-06-13 09:55:42 PlayCardListener::AutoPlayCard 494: 自动出牌 last 2  cur 0
 2018-06-13 09:55:42 PlayCardListener::AutoPlayCard 522: 玩家 0  自动出牌 跟牌 出牌 4
 2018-06-13 09:55:42 PlayCardListener::recvPlayerCard 165: 玩家 21564 出牌 3a,1a,3a,2a,(4)
 2018-06-13 09:55:42 PlayCardListener::recvPlayerCard 170: 玩家 21564 手牌 23,3a,32,36,38,1a,27,4f,18,3d,2c,3a,9,c,3b,b,24,2a,1d,16,c,2d,2b,19,31,32,11,(27)
 2018-06-13 09:55:42 DataManage::checkPlayCard 494: user [21564-0] checkPlayCard 3a,1a,3a,2a,[4]
 2018-06-13 09:55:42 CServerGameDesk::send2 474: send >>>>>>>>>>>>>>>>>>>>>>>>>>>>>>> to0 message id: 217 size: 57
 2018-06-13 09:55:42 CServerGameDesk::send2 474: send >>>>>>>>>>>>>>>>>>>>>>>>>>>>>>> to1 message id: 217 size: 57
 2018-06-13 09:55:42 CServerGameDesk::send2 474: send >>>>>>>>>>>>>>>>>>>>>>>>>>>>>>> to2 message id: 217 size: 57
 2018-06-13 09:55:42 CServerGameDesk::send2 474: send >>>>>>>>>>>>>>>>>>>>>>>>>>>>>>> to3 message id: 217 size: 57
 2018-06-13 09:55:42 PlayCardListener::notiNext 328: noti 3 next play
 2018-06-13 09:55:42 CServerGameDesk::send2all 463: broad >>>>>>>>>>>>>>>>>>>>>>>>>>>>>>> message id:203 size:102
 2018-06-13 09:55:57 PlayCardListener::AutoPlayCard 494: 自动出牌 last 0  cur 3
 2018-06-13 09:55:57 PlayCardListener::AutoPlayCard 515: 玩家 3  自动出牌 跟牌 不要
 2018-06-13 09:55:57 PlayCardListener::recvPass 233: recv  pass Cur 3 player 3 ,lastout 0 ,next 2,nextActive 2
 2018-06-13 09:55:57 PlayCardListener::recvPass 271: 3不要，通知下家 2 出牌
 2018-06-13 09:55:57 PlayCardListener::notiNext 328: noti 2 next play
 2018-06-13 09:55:57 CServerGameDesk::send2all 463: broad >>>>>>>>>>>>>>>>>>>>>>>>>>>>>>> message id:203 size:102
 2018-06-13 09:56:12 PlayCardListener::AutoPlayCard 494: 自动出牌 last 0  cur 2
 2018-06-13 09:56:12 PlayCardListener::AutoPlayCard 515: 玩家 2  自动出牌 跟牌 不要
 2018-06-13 09:56:12 PlayCardListener::recvPass 233: recv  pass Cur 2 player 2 ,lastout 0 ,next 1,nextActive 1
 2018-06-13 09:56:12 PlayCardListener::recvPass 271: 2不要，通知下家 1 出牌
 2018-06-13 09:56:12 PlayCardListener::notiNext 328: noti 1 next play
 2018-06-13 09:56:12 CServerGameDesk::send2all 463: broad >>>>>>>>>>>>>>>>>>>>>>>>>>>>>>> message id:203 size:102
 2018-06-13 09:56:27 PlayCardListener::AutoPlayCard 494: 自动出牌 last 0  cur 1
 2018-06-13 09:56:27 PlayCardListener::AutoPlayCard 515: 玩家 1  自动出牌 跟牌 不要
 2018-06-13 09:56:27 PlayCardListener::recvPass 233: recv  pass Cur 1 player 1 ,lastout 0 ,next 0,nextActive 0
 2018-06-13 09:56:27 PlayCardListener::recvPass 259: 0没人要，出牌
 2018-06-13 09:56:27 CServerGameDesk::send2all 463: broad >>>>>>>>>>>>>>>>>>>>>>>>>>>>>>> message id:204 size:25
 2018-06-13 09:56:27 PlayCardListener::notiNext 328: noti 0 next play
 2018-06-13 09:56:27 CServerGameDesk::send2all 463: broad >>>>>>>>>>>>>>>>>>>>>>>>>>>>>>> message id:203 size:102
 2018-06-13 09:56:27 CServerGameDesk::UserNetCut 338: DeskNo: 1 UserID: 21565 netcut 
 2018-06-13 09:56:27 CServerGameDesk::UserNetCut 338: DeskNo: 2 UserID: 21777 netcut 
 2018-06-13 09:56:28 CServerGameDesk::UserNetCut 338: DeskNo: 0 UserID: 21564 netcut 
 2018-06-13 09:56:33 CServerGameDesk::UserNetCut 338: DeskNo: 3 UserID: 21579 netcut 
 2018-06-13 09:56:33 ExtensionListenerController::Add 17: Listen Add 8
 2018-06-13 09:56:33 Listener::OnAdd 20: 
 2018-06-13 09:56:33 _ERROR_ GameFinishListener::countScore 61: 
 2018-06-13 09:56:33 ExtensionListenerController::Remove 27: Listen Remove 10
 2018-06-13 09:56:33 Listener::OnRemove 27: 
 2018-06-13 09:56:33 GameFinishListener::update 27: 玩家0,21564结算0, 分数0 总分数0
 2018-06-13 09:56:33 GameFinishListener::update 27: 玩家1,21565结算0, 分数0 总分数0
 2018-06-13 09:56:33 GameFinishListener::update 27: 玩家2,21777结算0, 分数0 总分数0
 2018-06-13 09:56:33 GameFinishListener::update 27: 玩家3,21579结算0, 分数0 总分数0
 2018-06-13 09:56:33 ExtensionListenerController::OnListenEnd 99: Listen End 8
 2018-06-13 09:56:33 ExtensionListenerController::Remove 27: Listen Remove 8
 2018-06-13 09:56:33 Listener::OnRemove 27: 
 2018-06-13 09:56:33 CServerGameDesk::GameFinish 212: GameFinish 10
 2018-06-13 09:56:33 Listener::OnRemove 27: 
 2018-06-13 09:56:33 CServerGameDesk::GameClear 521: clean game





 2018-06-13 09:56:33 ExtensionListenerController::Add 17: Listen Add 2
 2018-06-13 09:56:33 Listener::OnAdd 20: 
 2018-06-13 09:56:33 CServerGameDesk::SetGameStation 168: GameStation  25
 2018-06-13 15:51:39 CServerGameDesk::UserSitDesk 311: DeskNo: 0 UserID: 22159 sit 
