[2018-05-26 11:31:39] 掷2颗色子确定起牌方向： byGetPaiDir=0-rxl, 1 1
[2018-05-26 11:31:42] 掷2颗色子确定起牌敦数事件: 2 5 7
[2018-05-26 11:31:47] 玩家0-rxl的门牌： 
[2018-05-26 11:31:47]   门牌1=0
[2018-05-26 11:31:47]   门牌2=0
[2018-05-26 11:31:47]   门牌3=0
[2018-05-26 11:31:47]   门牌4=0
[2018-05-26 11:31:47]   门牌5=0
[2018-05-26 11:31:47]   门牌6=0
[2018-05-26 11:31:47]   门牌7=0
[2018-05-26 11:31:47]   门牌8=0
[2018-05-26 11:31:47]   门牌9=0
[2018-05-26 11:31:47]   门牌10=0
[2018-05-26 11:31:47]   门牌11=0
[2018-05-26 11:31:47]   门牌12=0
[2018-05-26 11:31:47]   门牌13=0
[2018-05-26 11:31:47]   门牌14=0
[2018-05-26 11:31:47]   门牌15=255
[2018-05-26 11:31:47]   门牌16=255
[2018-05-26 11:31:47]   门牌17=255
[2018-05-26 11:31:47]   门牌18=255
[2018-05-26 11:31:47]   门牌19=255
[2018-05-26 11:31:47]   门牌20=255
[2018-05-26 11:31:47]   门牌21=255
[2018-05-26 11:31:47]   门牌22=255
[2018-05-26 11:31:47]   门牌23=255
[2018-05-26 11:31:47]   门牌24=255
[2018-05-26 11:31:47]   门牌25=255
[2018-05-26 11:31:47]   门牌26=255
[2018-05-26 11:31:47]   门牌27=255
[2018-05-26 11:31:47]   门牌28=255
[2018-05-26 11:31:47] 玩家1-Phone21384的门牌： 
[2018-05-26 11:31:47]   门牌1=255
[2018-05-26 11:31:47]   门牌2=255
[2018-05-26 11:31:47]   门牌3=255
[2018-05-26 11:31:47]   门牌4=255
[2018-05-26 11:31:47]   门牌5=255
[2018-05-26 11:31:47]   门牌6=255
[2018-05-26 11:31:47]   门牌7=255
[2018-05-26 11:31:47]   门牌8=255
[2018-05-26 11:31:47]   门牌9=255
[2018-05-26 11:31:47]   门牌10=255
[2018-05-26 11:31:47]   门牌11=255
[2018-05-26 11:31:47]   门牌12=255
[2018-05-26 11:31:47]   门牌13=255
[2018-05-26 11:31:47]   门牌14=255
[2018-05-26 11:31:47]   门牌15=255
[2018-05-26 11:31:47]   门牌16=255
[2018-05-26 11:31:47]   门牌17=255
[2018-05-26 11:31:47]   门牌18=255
[2018-05-26 11:31:47]   门牌19=255
[2018-05-26 11:31:47]   门牌20=255
[2018-05-26 11:31:47]   门牌21=255
[2018-05-26 11:31:47]   门牌22=255
[2018-05-26 11:31:47]   门牌23=255
[2018-05-26 11:31:47]   门牌24=255
[2018-05-26 11:31:47]   门牌25=255
[2018-05-26 11:31:47]   门牌26=255
[2018-05-26 11:31:47]   门牌27=255
[2018-05-26 11:31:47]   门牌28=255
[2018-05-26 11:31:47] 玩家2-Phone21386的门牌： 
[2018-05-26 11:31:47]   门牌1=255
[2018-05-26 11:31:47]   门牌2=255
[2018-05-26 11:31:47]   门牌3=255
[2018-05-26 11:31:47]   门牌4=255
[2018-05-26 11:31:47]   门牌5=255
[2018-05-26 11:31:47]   门牌6=255
[2018-05-26 11:31:47]   门牌7=255
[2018-05-26 11:31:47]   门牌8=255
[2018-05-26 11:31:47]   门牌9=255
[2018-05-26 11:31:47]   门牌10=255
[2018-05-26 11:31:47]   门牌11=255
[2018-05-26 11:31:47]   门牌12=0
[2018-05-26 11:31:47]   门牌13=0
[2018-05-26 11:31:47]   门牌14=0
[2018-05-26 11:31:47]   门牌15=0
[2018-05-26 11:31:47]   门牌16=0
[2018-05-26 11:31:47]   门牌17=0
[2018-05-26 11:31:47]   门牌18=0
[2018-05-26 11:31:47]   门牌19=0
[2018-05-26 11:31:47]   门牌20=0
[2018-05-26 11:31:47]   门牌21=0
[2018-05-26 11:31:47]   门牌22=0
[2018-05-26 11:31:47]   门牌23=0
[2018-05-26 11:31:47]   门牌24=0
[2018-05-26 11:31:47]   门牌25=0
[2018-05-26 11:31:47]   门牌26=0
[2018-05-26 11:31:47]   门牌27=0
[2018-05-26 11:31:47]   门牌28=0
[2018-05-26 11:31:47] 玩家3-Phone21387的门牌： 
[2018-05-26 11:31:47]   门牌1=0
[2018-05-26 11:31:47]   门牌2=0
[2018-05-26 11:31:47]   门牌3=0
[2018-05-26 11:31:47]   门牌4=0
[2018-05-26 11:31:47]   门牌5=0
[2018-05-26 11:31:47]   门牌6=0
[2018-05-26 11:31:47]   门牌7=0
[2018-05-26 11:31:47]   门牌8=0
[2018-05-26 11:31:47]   门牌9=0
[2018-05-26 11:31:47]   门牌10=0
[2018-05-26 11:31:47]   门牌11=0
[2018-05-26 11:31:47]   门牌12=0
[2018-05-26 11:31:47]   门牌13=0
[2018-05-26 11:31:47]   门牌14=0
[2018-05-26 11:31:47]   门牌15=0
[2018-05-26 11:31:47]   门牌16=0
[2018-05-26 11:31:47]   门牌17=0
[2018-05-26 11:31:47]   门牌18=0
[2018-05-26 11:31:47]   门牌19=0
[2018-05-26 11:31:47]   门牌20=0
[2018-05-26 11:31:47]   门牌21=0
[2018-05-26 11:31:47]   门牌22=0
[2018-05-26 11:31:47]   门牌23=0
[2018-05-26 11:31:47]   门牌24=0
[2018-05-26 11:31:47]   门牌25=255
[2018-05-26 11:31:47]   门牌26=255
[2018-05-26 11:31:47]   门牌27=255
[2018-05-26 11:31:47]   门牌28=255
