 2017-12-13 14:38:33:050 CServerGameDesk::GameBegin 425: Game Start (0/1)
 2017-12-13 14:38:33:050 CServerGameDesk::GameBegin 431: Player cc1111111(cc1111111) at position 0/0
 2017-12-13 14:38:33:051 CServerGameDesk::GameBegin 431: Player cc11111(cc11111) at position 1/1
 2017-12-13 14:38:33:051 CServerGameDesk::GameBegin 431: Player cc111111(cc111111) at position 2/2
 2017-12-13 14:38:33:051 CServerGameDesk::GameBegin 431: Player cc1111(cc1111) at position 3/3
 2017-12-13 14:38:33:064 CServerGameDesk::OnBeforeProcedureStart 178: before procedure start, from 0 to 1
 2017-12-13 14:38:33:064 CServerGameDesk::OnProcedureChanged 203: procedure change from 0 to 1
 2017-12-13 14:38:33:065 MsgDelegateGameBegin::SendGameBegin 53: game begin
 2017-12-13 14:38:35:643 CServerGameDesk::OnBeforeProcedureStart 178: before procedure start, from 1 to 2
 2017-12-13 14:38:35:652 CServerGameDesk::OnProcedureChanged 203: procedure change from 1 to 2
 2017-12-13 14:38:35:653 MsgDelegateDistributeCard::OnSend 43: dispatch cards
 2017-12-13 14:38:35:705 CServerGameDesk::OnBeforeProcedureStart 178: before procedure start, from 2 to 101
 2017-12-13 14:38:35:705 MsgDelegateHuanZhang::SendQuestionToPlayer 111: question huan zhang
 2017-12-13 14:38:35:705 MsgDelegateHuanZhang::SendQuestionToPlayer 111: question huan zhang
 2017-12-13 14:38:35:705 MsgDelegateHuanZhang::SendQuestionToPlayer 111: question huan zhang
 2017-12-13 14:38:35:706 MsgDelegateHuanZhang::SendQuestionToPlayer 111: question huan zhang
 2017-12-13 14:38:35:706 CServerGameDesk::OnProcedureChanged 203: procedure change from 2 to 101
 2017-12-13 14:39:09:393 CServerGameDesk::HandleNotifyMessage 574: recvive player 0 message with thingID : 37
 2017-12-13 14:39:09:393 HuanZhangRspDelegate::OnSelect 82: player 0 change cards : 23,25,26
 2017-12-13 14:39:09:449 CServerGameDesk::HandleNotifyMessage 574: recvive player 2 message with thingID : 37
 2017-12-13 14:39:09:449 HuanZhangRspDelegate::OnSelect 82: player 2 change cards : 23,25,26
 2017-12-13 14:39:09:812 CServerGameDesk::HandleNotifyMessage 574: recvive player 1 message with thingID : 37
 2017-12-13 14:39:09:812 HuanZhangRspDelegate::OnSelect 82: player 1 change cards : 1,6,7
 2017-12-13 14:40:13:777 CServerGameDesk::SendScoreBoard 887: zimo:0 jiepao:0 dianpao:0 angang:0 minggang:0 money:0
 2017-12-13 14:40:13:778 CServerGameDesk::SendScoreBoard 887: zimo:0 jiepao:0 dianpao:0 angang:0 minggang:0 money:0
 2017-12-13 14:40:13:778 CServerGameDesk::SendScoreBoard 887: zimo:0 jiepao:0 dianpao:0 angang:0 minggang:0 money:0
 2017-12-13 14:40:13:778 CServerGameDesk::SendScoreBoard 887: zimo:0 jiepao:0 dianpao:0 angang:0 minggang:0 money:0
 2017-12-13 14:40:13:778 CServerGameDesk::SendScoreBoard 892: Send Score Board
 2017-12-13 14:40:13:778 CServerGameDesk::GameClear 303: clean game





 2017-12-13 14:40:13:783 CServerGameDesk::GameReset 317: reset game
 2017-12-13 14:46:25:804 CServerGameDesk::GameBegin 425: Game Start (0/1)
 2017-12-13 14:46:25:807 CServerGameDesk::GameBegin 431: Player cc1111(cc1111) at position 0/0
 2017-12-13 14:46:25:807 CServerGameDesk::GameBegin 431: Player cc11111(cc11111) at position 1/1
 2017-12-13 14:46:25:807 CServerGameDesk::GameBegin 431: Player cc111111(cc111111) at position 2/2
 2017-12-13 14:46:25:807 CServerGameDesk::GameBegin 431: Player cc1111111(cc1111111) at position 3/3
 2017-12-13 14:46:25:810 CServerGameDesk::OnBeforeProcedureStart 178: before procedure start, from 0 to 1
 2017-12-13 14:46:25:810 CServerGameDesk::OnProcedureChanged 203: procedure change from 0 to 1
 2017-12-13 14:46:25:811 MsgDelegateGameBegin::SendGameBegin 53: game begin
 2017-12-13 14:46:28:361 CServerGameDesk::OnBeforeProcedureStart 178: before procedure start, from 1 to 2
 2017-12-13 14:46:28:370 CServerGameDesk::OnProcedureChanged 203: procedure change from 1 to 2
 2017-12-13 14:46:28:371 MsgDelegateDistributeCard::OnSend 43: dispatch cards
 2017-12-13 14:46:28:422 CServerGameDesk::OnBeforeProcedureStart 178: before procedure start, from 2 to 101
 2017-12-13 14:46:28:422 MsgDelegateHuanZhang::SendQuestionToPlayer 111: question huan zhang
 2017-12-13 14:46:28:423 MsgDelegateHuanZhang::SendQuestionToPlayer 111: question huan zhang
 2017-12-13 14:46:28:423 MsgDelegateHuanZhang::SendQuestionToPlayer 111: question huan zhang
 2017-12-13 14:46:28:423 MsgDelegateHuanZhang::SendQuestionToPlayer 111: question huan zhang
 2017-12-13 14:46:28:423 CServerGameDesk::OnProcedureChanged 203: procedure change from 2 to 101
 2017-12-13 14:46:46:027 CServerGameDesk::HandleNotifyMessage 574: recvive player 3 message with thingID : 37
 2017-12-13 14:46:46:027 HuanZhangRspDelegate::OnSelect 82: player 3 change cards : 3,7,8
 2017-12-13 14:46:48:842 CServerGameDesk::HandleNotifyMessage 574: recvive player 1 message with thingID : 37
 2017-12-13 14:46:48:842 HuanZhangRspDelegate::OnSelect 82: player 1 change cards : 23,25,29
 2017-12-13 14:46:50:012 CServerGameDesk::HandleNotifyMessage 574: recvive player 2 message with thingID : 37
 2017-12-13 14:46:50:012 HuanZhangRspDelegate::OnSelect 82: player 2 change cards : 13,14,17
 2017-12-13 14:46:53:572 CServerGameDesk::HandleNotifyMessage 574: recvive player 0 message with thingID : 37
 2017-12-13 14:46:53:572 HuanZhangRspDelegate::OnSelect 82: player 0 change cards : 12,15,18
 2017-12-13 14:46:53:572 HuanZhangRspDelegate::OnSelect 115: swapPosition 0 -> 3, swapPosition 1 -> 0, swapPosition 2 -> 1, swapPosition 3  -> 2
 2017-12-13 14:46:53:572 MsgDelegateHuanZhangFinish::OnSend 41: player 0 get card  with 23,25,29
 2017-12-13 14:46:53:573 MsgDelegateHuanZhangFinish::OnSend 41: player 1 get card  with 13,14,17
 2017-12-13 14:46:53:573 MsgDelegateHuanZhangFinish::OnSend 41: player 2 get card  with 3,7,8
 2017-12-13 14:46:53:573 MsgDelegateHuanZhangFinish::OnSend 41: player 3 get card  with 12,15,18
 2017-12-13 14:46:59:929 CServerGameDesk::OnBeforeProcedureStart 178: before procedure start, from 101 to 100
 2017-12-13 14:46:59:930 MsgDelegateDingQue::OnSend 105: question ding que
 2017-12-13 14:46:59:930 MsgDelegateDingQue::OnSend 105: question ding que
 2017-12-13 14:46:59:930 MsgDelegateDingQue::OnSend 105: question ding que
 2017-12-13 14:46:59:931 MsgDelegateDingQue::OnSend 105: question ding que
 2017-12-13 14:46:59:931 CServerGameDesk::OnProcedureChanged 203: procedure change from 101 to 100
 2017-12-13 14:47:01:587 CServerGameDesk::HandleNotifyMessage 574: recvive player 0 message with thingID : 26
 2017-12-13 14:47:01:587 MsgDelegateDingQue::OnResponse 149: Player 0 select que men 1
 2017-12-13 14:47:05:116 CServerGameDesk::HandleNotifyMessage 574: recvive player 3 message with thingID : 26
 2017-12-13 14:47:05:116 MsgDelegateDingQue::OnResponse 149: Player 3 select que men 0
 2017-12-13 14:47:07:019 CServerGameDesk::HandleNotifyMessage 574: recvive player 2 message with thingID : 26
 2017-12-13 14:47:07:019 MsgDelegateDingQue::OnResponse 149: Player 2 select que men 1
 2017-12-13 14:47:09:083 CServerGameDesk::HandleNotifyMessage 574: recvive player 1 message with thingID : 26
 2017-12-13 14:47:09:083 MsgDelegateDingQue::OnResponse 149: Player 1 select que men 2
 2017-12-13 14:47:09:116 MsgDelegateFirstRound::SendFirstRound 42: first run
 2017-12-13 14:47:09:423 CServerGameDesk::OnBeforeProcedureStart 178: before procedure start, from 100 to 4
 2017-12-13 14:47:09:423 ProcedureAfterGetCardImpl::OnStart 132: Player 0 find action with hand 1,6,8,21,22,23,25,27,27,27,28,29,35,37 and interceptionList  latest draw card 21
 2017-12-13 14:47:09:423 ProcedureAfterGetCardImpl::OnStart 146: done
 2017-12-13 14:47:09:423 CServerGameDesk::OnProcedureChanged 203: procedure change from 100 to 4
 2017-12-13 14:47:09:485 CServerGameDesk::OnBeforeProcedureStart 178: before procedure start, from 4 to 9
 2017-12-13 14:47:09:485 MsgDelegateWaitDiscard::OnSend 220: waiting on player 0 to discard, with candidates :1,6,8,21,22,23,25,27,27,27,28,29,35,37 !
 2017-12-13 14:47:09:511 CServerGameDesk::OnProcedureChanged 203: procedure change from 4 to 9
 2017-12-13 14:47:19:717 CServerGameDesk::HandleNotifyMessage 574: recvive player 0 message with thingID : 27
 2017-12-13 14:47:19:717 MsgDelegateWaitDiscard::OnResponse 294: player 0 tried to discard(valid:1, expected player:0)
 2017-12-13 14:47:19:717 MsgDelegateWaitDiscard::OnResponse 306: the card is 1
 2017-12-13 14:47:19:717 MsgDelegateWaitDiscard::OnDiscardCard 43: player 0 discard card 1(idx 0)
 2017-12-13 14:47:19:718 MsgDelegateDiscardResult::OnSend 49: player 0 discard 1 0
 2017-12-13 14:47:19:734 CServerGameDesk::OnBeforeProcedureStart 178: before procedure start, from 9 to 6
 2017-12-13 14:47:19:734 ProcedureInterceptCardImpl::OnStart 316: check interceptable card 1 from Player 0
 2017-12-13 14:47:19:734 ProcedureInterceptCardJumpDelegateImpl::JumpWhenNoAction 47:  active player changed 0 -> 3
 2017-12-13 14:47:19:734 CServerGameDesk::OnProcedureChanged 203: procedure change from 9 to 6
 2017-12-13 14:47:19:799 CServerGameDesk::OnBeforeProcedureStart 178: before procedure start, from 6 to 3
 2017-12-13 14:47:19:800 MsgDelegateDrawCard::OnSend 61: 3 draw card 16
 2017-12-13 14:47:19:800 CServerGameDesk::OnProcedureChanged 203: procedure change from 6 to 3
 2017-12-13 14:47:19:861 CServerGameDesk::OnBeforeProcedureStart 178: before procedure start, from 3 to 4
 2017-12-13 14:47:19:861 ProcedureAfterGetCardImpl::OnStart 132: Player 3 find action with hand 11,12,13,14,15,15,18,23,24,24,26,27,29,16 and interceptionList  latest draw card 16
 2017-12-13 14:47:19:861 ProcedureAfterGetCardImpl::OnStart 146: done
 2017-12-13 14:47:19:861 CServerGameDesk::OnProcedureChanged 203: procedure change from 3 to 4
 2017-12-13 14:47:19:922 CServerGameDesk::OnBeforeProcedureStart 178: before procedure start, from 4 to 9
 2017-12-13 14:47:19:922 MsgDelegateWaitDiscard::OnSend 220: waiting on player 3 to discard, with candidates :11,12,13,14,15,15,18,23,24,24,26,27,29,16 !
 2017-12-13 14:47:19:956 CServerGameDesk::OnProcedureChanged 203: procedure change from 4 to 9
 2017-12-13 14:48:19:921 CServerGameDesk::SendScoreBoard 887: zimo:0 jiepao:0 dianpao:0 angang:0 minggang:0 money:0
 2017-12-13 14:48:19:921 CServerGameDesk::SendScoreBoard 887: zimo:0 jiepao:0 dianpao:0 angang:0 minggang:0 money:0
 2017-12-13 14:48:19:921 CServerGameDesk::SendScoreBoard 887: zimo:0 jiepao:0 dianpao:0 angang:0 minggang:0 money:0
 2017-12-13 14:48:19:921 CServerGameDesk::SendScoreBoard 887: zimo:0 jiepao:0 dianpao:0 angang:0 minggang:0 money:0
 2017-12-13 14:48:19:922 CServerGameDesk::SendScoreBoard 892: Send Score Board
 2017-12-13 14:48:19:922 CServerGameDesk::GameClear 303: clean game





 2017-12-13 14:48:19:927 CServerGameDesk::GameReset 317: reset game
