 2017-11-29 11:41:32:329 CServerGameDesk::GameBegin 425: Game Start (0/1)
 2017-11-29 11:41:32:329 CServerGameDesk::GameBegin 431: Player Fighting11730(Phone11730) at position 0/0
 2017-11-29 11:41:32:329 CServerGameDesk::GameBegin 431: Player Test(Phone13424) at position 1/1
 2017-11-29 11:41:32:329 CServerGameDesk::GameBegin 431: Player Phone14085(Phone14085) at position 2/2
 2017-11-29 11:41:32:329 CServerGameDesk::GameBegin 431: Player Phone10564(Phone10564) at position 3/3
 2017-11-29 11:41:32:377 CServerGameDesk::OnBeforeProcedureStart 178: before procedure start, from 0 to 1
 2017-11-29 11:41:32:377 CServerGameDesk::OnProcedureChanged 203: procedure change from 0 to 1
 2017-11-29 11:41:32:378 MsgDelegateGameBegin::SendGameBegin 53: game begin
 2017-11-29 11:41:34:875 CServerGameDesk::OnBeforeProcedureStart 178: before procedure start, from 1 to 2
 2017-11-29 11:41:34:888 CServerGameDesk::OnProcedureChanged 203: procedure change from 1 to 2
 2017-11-29 11:41:34:889 MsgDelegateDistributeCard::OnSend 43: dispatch cards
 2017-11-29 11:41:34:953 CServerGameDesk::OnBeforeProcedureStart 178: before procedure start, from 2 to 101
 2017-11-29 11:41:34:953 MsgDelegateHuanZhang::SendQuestionToPlayer 111: question huan zhang
 2017-11-29 11:41:34:953 MsgDelegateHuanZhang::SendQuestionToPlayer 111: question huan zhang
 2017-11-29 11:41:34:954 MsgDelegateHuanZhang::SendQuestionToPlayer 111: question huan zhang
 2017-11-29 11:41:34:954 MsgDelegateHuanZhang::SendQuestionToPlayer 111: question huan zhang
 2017-11-29 11:41:34:954 CServerGameDesk::OnProcedureChanged 203: procedure change from 2 to 101
 2017-11-29 11:41:37:155 CServerGameDesk::HandleNotifyMessage 574: recvive player 1 message with thingID : 37
 2017-11-29 11:41:37:155 HuanZhangRspDelegate::OnSelect 82: player 1 change cards : 1,3,5
 2017-11-29 11:41:38:572 CServerGameDesk::HandleNotifyMessage 574: recvive player 2 message with thingID : 37
 2017-11-29 11:41:38:572 HuanZhangRspDelegate::OnSelect 82: player 2 change cards : 2,2,4
 2017-11-29 11:41:39:351 CServerGameDesk::HandleNotifyMessage 574: recvive player 0 message with thingID : 37
 2017-11-29 11:41:39:351 HuanZhangRspDelegate::OnSelect 82: player 0 change cards : 21,24,25
 2017-11-29 11:41:53:910 MsgDelegateHuanZhang::SendQuestionToPlayer 111: question huan zhang
 2017-11-29 11:42:06:856 CServerGameDesk::HandleNotifyMessage 574: recvive player 3 message with thingID : 37
 2017-11-29 11:42:06:856 HuanZhangRspDelegate::OnSelect 82: player 3 change cards : 22,22,29
 2017-11-29 11:42:06:856 HuanZhangRspDelegate::OnSelect 115: swapPosition 0 -> 3, swapPosition 1 -> 0, swapPosition 2 -> 1, swapPosition 3  -> 2
 2017-11-29 11:42:06:856 MsgDelegateHuanZhangFinish::OnSend 41: player 0 get card  with 1,3,5
 2017-11-29 11:42:06:857 MsgDelegateHuanZhangFinish::OnSend 41: player 1 get card  with 2,2,4
 2017-11-29 11:42:06:857 MsgDelegateHuanZhangFinish::OnSend 41: player 2 get card  with 22,22,29
 2017-11-29 11:42:06:857 MsgDelegateHuanZhangFinish::OnSend 41: player 3 get card  with 21,24,25
 2017-11-29 11:42:13:125 CServerGameDesk::OnBeforeProcedureStart 178: before procedure start, from 101 to 100
 2017-11-29 11:42:13:126 MsgDelegateDingQue::OnSend 105: question ding que
 2017-11-29 11:42:13:126 MsgDelegateDingQue::OnSend 105: question ding que
 2017-11-29 11:42:13:126 MsgDelegateDingQue::OnSend 105: question ding que
 2017-11-29 11:42:13:127 MsgDelegateDingQue::OnSend 105: question ding que
 2017-11-29 11:42:13:127 CServerGameDesk::OnProcedureChanged 203: procedure change from 101 to 100
 2017-11-29 11:42:22:578 CServerGameDesk::SendScoreBoard 887: zimo:0 jiepao:0 dianpao:0 angang:0 minggang:0 money:0
 2017-11-29 11:42:22:579 CServerGameDesk::SendScoreBoard 887: zimo:0 jiepao:0 dianpao:0 angang:0 minggang:0 money:0
 2017-11-29 11:42:22:579 CServerGameDesk::SendScoreBoard 887: zimo:0 jiepao:0 dianpao:0 angang:0 minggang:0 money:0
 2017-11-29 11:42:22:579 CServerGameDesk::SendScoreBoard 887: zimo:0 jiepao:0 dianpao:0 angang:0 minggang:0 money:0
 2017-11-29 11:42:22:579 CServerGameDesk::SendScoreBoard 892: Send Score Board
 2017-11-29 11:42:22:580 CServerGameDesk::GameClear 303: clean game





 2017-11-29 11:42:22:584 CServerGameDesk::GameReset 317: reset game
