 2017-12-13 13:41:51:031 CServerGameDesk::GameBegin 425: Game Start (0/1)
 2017-12-13 13:41:51:031 CServerGameDesk::GameBegin 431: Player cc1111(cc1111) at position 0/0
 2017-12-13 13:41:51:031 CServerGameDesk::GameBegin 431: Player Phone14238(Phone14238) at position 1/1
 2017-12-13 13:41:51:031 CServerGameDesk::GameBegin 431: Player cc1111111(cc1111111) at position 2/2
 2017-12-13 13:41:51:031 CServerGameDesk::GameBegin 431: Player cc11111(cc11111) at position 3/3
 2017-12-13 13:41:51:063 CServerGameDesk::OnBeforeProcedureStart 178: before procedure start, from 0 to 1
 2017-12-13 13:41:51:063 CServerGameDesk::OnProcedureChanged 203: procedure change from 0 to 1
 2017-12-13 13:41:51:065 MsgDelegateGameBegin::SendGameBegin 53: game begin
 2017-12-13 13:41:53:625 CServerGameDesk::OnBeforeProcedureStart 178: before procedure start, from 1 to 2
 2017-12-13 13:41:53:632 CServerGameDesk::OnProcedureChanged 203: procedure change from 1 to 2
 2017-12-13 13:41:53:633 MsgDelegateDistributeCard::OnSend 43: dispatch cards
 2017-12-13 13:41:53:690 CServerGameDesk::OnBeforeProcedureStart 178: before procedure start, from 2 to 101
 2017-12-13 13:41:53:690 MsgDelegateHuanZhang::SendQuestionToPlayer 111: question huan zhang
 2017-12-13 13:41:53:690 MsgDelegateHuanZhang::SendQuestionToPlayer 111: question huan zhang
 2017-12-13 13:41:53:690 MsgDelegateHuanZhang::SendQuestionToPlayer 111: question huan zhang
 2017-12-13 13:41:53:691 MsgDelegateHuanZhang::SendQuestionToPlayer 111: question huan zhang
 2017-12-13 13:41:53:691 CServerGameDesk::OnProcedureChanged 203: procedure change from 2 to 101
 2017-12-13 13:42:27:434 CServerGameDesk::HandleNotifyMessage 574: recvive player 1 message with thingID : 37
 2017-12-13 13:42:27:434 HuanZhangRspDelegate::OnSelect 82: player 1 change cards : 22,22,22
 2017-12-13 13:42:27:446 CServerGameDesk::HandleNotifyMessage 574: recvive player 2 message with thingID : 37
 2017-12-13 13:42:27:446 HuanZhangRspDelegate::OnSelect 82: player 2 change cards : 13,14,18
 2017-12-13 13:42:27:557 CServerGameDesk::HandleNotifyMessage 574: recvive player 3 message with thingID : 37
 2017-12-13 13:42:27:557 HuanZhangRspDelegate::OnSelect 82: player 3 change cards : 12,13,14
 2017-12-13 13:42:29:301 CServerGameDesk::SendScoreBoard 887: zimo:0 jiepao:0 dianpao:0 angang:0 minggang:0 money:0
 2017-12-13 13:42:29:301 CServerGameDesk::SendScoreBoard 887: zimo:0 jiepao:0 dianpao:0 angang:0 minggang:0 money:0
 2017-12-13 13:42:29:301 CServerGameDesk::SendScoreBoard 887: zimo:0 jiepao:0 dianpao:0 angang:0 minggang:0 money:0
 2017-12-13 13:42:29:301 CServerGameDesk::SendScoreBoard 887: zimo:0 jiepao:0 dianpao:0 angang:0 minggang:0 money:0
 2017-12-13 13:42:29:302 CServerGameDesk::SendScoreBoard 892: Send Score Board
 2017-12-13 13:42:29:302 CServerGameDesk::GameClear 303: clean game





 2017-12-13 13:42:29:307 CServerGameDesk::GameReset 317: reset game
 2017-12-13 13:43:44:708 CServerGameDesk::GameBegin 425: Game Start (0/1)
 2017-12-13 13:43:44:709 CServerGameDesk::GameBegin 431: Player Phone14238(Phone14238) at position 0/0
 2017-12-13 13:43:44:709 CServerGameDesk::GameBegin 431: Player cc1111111(cc1111111) at position 1/1
 2017-12-13 13:43:44:709 CServerGameDesk::GameBegin 431: Player cc11111(cc11111) at position 2/2
 2017-12-13 13:43:44:709 CServerGameDesk::GameBegin 431: Player cc1111(cc1111) at position 3/3
 2017-12-13 13:43:44:751 CServerGameDesk::OnBeforeProcedureStart 178: before procedure start, from 0 to 1
 2017-12-13 13:43:44:751 CServerGameDesk::OnProcedureChanged 203: procedure change from 0 to 1
 2017-12-13 13:43:44:752 MsgDelegateGameBegin::SendGameBegin 53: game begin
 2017-12-13 13:43:47:312 CServerGameDesk::OnBeforeProcedureStart 178: before procedure start, from 1 to 2
 2017-12-13 13:43:47:322 CServerGameDesk::OnProcedureChanged 203: procedure change from 1 to 2
 2017-12-13 13:43:47:323 MsgDelegateDistributeCard::OnSend 43: dispatch cards
 2017-12-13 13:43:47:376 CServerGameDesk::OnBeforeProcedureStart 178: before procedure start, from 2 to 101
 2017-12-13 13:43:47:376 MsgDelegateHuanZhang::SendQuestionToPlayer 111: question huan zhang
 2017-12-13 13:43:47:376 MsgDelegateHuanZhang::SendQuestionToPlayer 111: question huan zhang
 2017-12-13 13:43:47:377 MsgDelegateHuanZhang::SendQuestionToPlayer 111: question huan zhang
 2017-12-13 13:43:47:377 MsgDelegateHuanZhang::SendQuestionToPlayer 111: question huan zhang
 2017-12-13 13:43:47:377 CServerGameDesk::OnProcedureChanged 203: procedure change from 2 to 101
 2017-12-13 13:44:21:001 CServerGameDesk::HandleNotifyMessage 574: recvive player 1 message with thingID : 37
 2017-12-13 13:44:21:001 HuanZhangRspDelegate::OnSelect 82: player 1 change cards : 23,25,25
 2017-12-13 13:44:21:051 CServerGameDesk::HandleNotifyMessage 574: recvive player 0 message with thingID : 37
 2017-12-13 13:44:21:051 HuanZhangRspDelegate::OnSelect 82: player 0 change cards : 21,21,24
 2017-12-13 13:44:21:070 CServerGameDesk::HandleNotifyMessage 574: recvive player 2 message with thingID : 37
 2017-12-13 13:44:21:070 HuanZhangRspDelegate::OnSelect 82: player 2 change cards : 14,16,19
 2017-12-13 13:50:01:792 CServerGameDesk::SendScoreBoard 887: zimo:0 jiepao:0 dianpao:0 angang:0 minggang:0 money:0
 2017-12-13 13:50:01:792 CServerGameDesk::SendScoreBoard 887: zimo:0 jiepao:0 dianpao:0 angang:0 minggang:0 money:0
 2017-12-13 13:50:01:792 CServerGameDesk::SendScoreBoard 887: zimo:0 jiepao:0 dianpao:0 angang:0 minggang:0 money:0
 2017-12-13 13:50:01:792 CServerGameDesk::SendScoreBoard 887: zimo:0 jiepao:0 dianpao:0 angang:0 minggang:0 money:0
 2017-12-13 13:50:01:792 CServerGameDesk::SendScoreBoard 892: Send Score Board
 2017-12-13 13:50:01:792 CServerGameDesk::GameClear 303: clean game





 2017-12-13 13:50:01:797 CServerGameDesk::GameReset 317: reset game
 2017-12-13 13:51:56:237 CServerGameDesk::GameBegin 425: Game Start (0/1)
 2017-12-13 13:51:56:240 CServerGameDesk::GameBegin 431: Player Phone14238(Phone14238) at position 0/0
 2017-12-13 13:51:56:240 CServerGameDesk::GameBegin 431: Player cc1111111(cc1111111) at position 1/1
 2017-12-13 13:51:56:240 CServerGameDesk::GameBegin 431: Player cc11111(cc11111) at position 2/2
 2017-12-13 13:51:56:241 CServerGameDesk::GameBegin 431: Player cc1111(cc1111) at position 3/3
 2017-12-13 13:51:56:265 CServerGameDesk::OnBeforeProcedureStart 178: before procedure start, from 0 to 1
 2017-12-13 13:51:56:265 CServerGameDesk::OnProcedureChanged 203: procedure change from 0 to 1
 2017-12-13 13:51:56:267 MsgDelegateGameBegin::SendGameBegin 53: game begin
 2017-12-13 13:51:58:767 CServerGameDesk::OnBeforeProcedureStart 178: before procedure start, from 1 to 2
 2017-12-13 13:51:58:779 CServerGameDesk::OnProcedureChanged 203: procedure change from 1 to 2
 2017-12-13 13:51:58:780 MsgDelegateDistributeCard::OnSend 43: dispatch cards
 2017-12-13 13:51:58:828 CServerGameDesk::OnBeforeProcedureStart 178: before procedure start, from 2 to 101
 2017-12-13 13:51:58:828 MsgDelegateHuanZhang::SendQuestionToPlayer 111: question huan zhang
 2017-12-13 13:51:58:828 MsgDelegateHuanZhang::SendQuestionToPlayer 111: question huan zhang
 2017-12-13 13:51:58:829 MsgDelegateHuanZhang::SendQuestionToPlayer 111: question huan zhang
 2017-12-13 13:51:58:829 MsgDelegateHuanZhang::SendQuestionToPlayer 111: question huan zhang
 2017-12-13 13:51:58:829 CServerGameDesk::OnProcedureChanged 203: procedure change from 2 to 101
 2017-12-13 13:52:05:779 CServerGameDesk::HandleNotifyMessage 574: recvive player 3 message with thingID : 37
 2017-12-13 13:52:05:779 HuanZhangRspDelegate::OnSelect 82: player 3 change cards : 13,18,19
 2017-12-13 13:52:29:254 CServerGameDesk::HandleNotifyMessage 574: recvive player 2 message with thingID : 37
 2017-12-13 13:52:29:254 HuanZhangRspDelegate::OnSelect 82: player 2 change cards : 12,17,18
 2017-12-13 13:52:32:492 CServerGameDesk::HandleNotifyMessage 574: recvive player 0 message with thingID : 37
 2017-12-13 13:52:32:492 HuanZhangRspDelegate::OnSelect 82: player 0 change cards : 3,4,7
 2017-12-13 13:52:32:557 CServerGameDesk::HandleNotifyMessage 574: recvive player 1 message with thingID : 37
 2017-12-13 13:52:32:557 HuanZhangRspDelegate::OnSelect 82: player 1 change cards : 2,6,7
 2017-12-13 13:52:32:557 HuanZhangRspDelegate::OnSelect 115: swapPosition 0 -> 1, swapPosition 1 -> 0, swapPosition 2 -> 3, swapPosition 3  -> 2
 2017-12-13 13:52:32:557 MsgDelegateHuanZhangFinish::OnSend 41: player 0 get card  with 2,6,7
 2017-12-13 13:52:32:558 MsgDelegateHuanZhangFinish::OnSend 41: player 1 get card  with 3,4,7
 2017-12-13 13:52:32:558 MsgDelegateHuanZhangFinish::OnSend 41: player 2 get card  with 13,18,19
 2017-12-13 13:52:32:558 MsgDelegateHuanZhangFinish::OnSend 41: player 3 get card  with 12,17,18
 2017-12-13 13:52:32:560 CServerGameDesk::HandleNotifyMessage 574: recvive player 2 message with thingID : 37
 2017-12-13 13:52:35:155 CServerGameDesk::SendScoreBoard 887: zimo:0 jiepao:0 dianpao:0 angang:0 minggang:0 money:0
 2017-12-13 13:52:35:155 CServerGameDesk::SendScoreBoard 887: zimo:0 jiepao:0 dianpao:0 angang:0 minggang:0 money:0
 2017-12-13 13:52:35:155 CServerGameDesk::SendScoreBoard 887: zimo:0 jiepao:0 dianpao:0 angang:0 minggang:0 money:0
 2017-12-13 13:52:35:155 CServerGameDesk::SendScoreBoard 887: zimo:0 jiepao:0 dianpao:0 angang:0 minggang:0 money:0
 2017-12-13 13:52:35:156 CServerGameDesk::SendScoreBoard 892: Send Score Board
 2017-12-13 13:52:35:156 CServerGameDesk::GameClear 303: clean game





 2017-12-13 13:52:35:161 CServerGameDesk::GameReset 317: reset game
