 2017-11-29 10:20:10:603 CServerGameDesk::GameBegin 425: Game Start (0/1)
 2017-11-29 10:20:10:603 CServerGameDesk::GameBegin 431: Player hjh6(hjh6) at position 0/0
 2017-11-29 10:20:10:603 CServerGameDesk::GameBegin 431: Player hjh7(hjh7) at position 1/1
 2017-11-29 10:20:10:603 CServerGameDesk::GameBegin 431: Player hjh8(hjh8) at position 2/2
 2017-11-29 10:20:10:603 CServerGameDesk::GameBegin 431: Player Phone13207(Phone13207) at position 3/3
 2017-11-29 10:20:10:641 CServerGameDesk::OnBeforeProcedureStart 178: before procedure start, from 0 to 1
 2017-11-29 10:20:10:641 CServerGameDesk::OnProcedureChanged 203: procedure change from 0 to 1
 2017-11-29 10:20:10:643 MsgDelegateGameBegin::SendGameBegin 53: game begin
 2017-11-29 10:20:13:204 CServerGameDesk::OnBeforeProcedureStart 178: before procedure start, from 1 to 2
 2017-11-29 10:20:13:213 CServerGameDesk::OnProcedureChanged 203: procedure change from 1 to 2
 2017-11-29 10:20:13:214 MsgDelegateDistributeCard::OnSend 43: dispatch cards
 2017-11-29 10:20:13:266 CServerGameDesk::OnBeforeProcedureStart 178: before procedure start, from 2 to 101
 2017-11-29 10:20:13:266 MsgDelegateHuanZhang::SendQuestionToPlayer 111: question huan zhang
 2017-11-29 10:20:13:266 MsgDelegateHuanZhang::SendQuestionToPlayer 111: question huan zhang
 2017-11-29 10:20:13:266 MsgDelegateHuanZhang::SendQuestionToPlayer 111: question huan zhang
 2017-11-29 10:20:13:267 MsgDelegateHuanZhang::SendQuestionToPlayer 111: question huan zhang
 2017-11-29 10:20:13:267 CServerGameDesk::OnProcedureChanged 203: procedure change from 2 to 101
 2017-11-29 10:20:37:706 CServerGameDesk::HandleNotifyMessage 574: recvive player 3 message with thingID : 37
 2017-11-29 10:20:37:706 HuanZhangRspDelegate::OnSelect 82: player 3 change cards : 25,26,27
 2017-11-29 10:20:46:956 CServerGameDesk::HandleNotifyMessage 574: recvive player 1 message with thingID : 37
 2017-11-29 10:20:46:956 HuanZhangRspDelegate::OnSelect 82: player 1 change cards : 4,5,6
 2017-11-29 10:20:47:059 CServerGameDesk::HandleNotifyMessage 574: recvive player 0 message with thingID : 37
 2017-11-29 10:20:47:059 HuanZhangRspDelegate::OnSelect 82: player 0 change cards : 1,8,9
 2017-11-29 10:20:55:616 MsgDelegateHuanZhang::SendQuestionToPlayer 111: question huan zhang
 2017-11-29 10:25:11:266 CServerGameDesk::SendScoreBoard 887: zimo:0 jiepao:0 dianpao:0 angang:0 minggang:0 money:0
 2017-11-29 10:25:11:266 CServerGameDesk::SendScoreBoard 887: zimo:0 jiepao:0 dianpao:0 angang:0 minggang:0 money:0
 2017-11-29 10:25:11:266 CServerGameDesk::SendScoreBoard 887: zimo:0 jiepao:0 dianpao:0 angang:0 minggang:0 money:0
 2017-11-29 10:25:11:267 CServerGameDesk::SendScoreBoard 887: zimo:0 jiepao:0 dianpao:0 angang:0 minggang:0 money:0
 2017-11-29 10:25:11:267 CServerGameDesk::SendScoreBoard 892: Send Score Board
 2017-11-29 10:25:11:267 CServerGameDesk::GameClear 303: clean game





 2017-11-29 10:25:11:273 CServerGameDesk::GameReset 317: reset game
