 2017-12-22 17:18:03:222 CServerGameDesk::GameBegin 425: Game Start (0/1)
 2017-12-22 17:18:03:223 CServerGameDesk::GameBegin 431: Player cc1111111(cc1111111) at position 0/0
 2017-12-22 17:18:03:223 CServerGameDesk::GameBegin 431: Player cc11111(cc11111) at position 1/1
 2017-12-22 17:18:03:223 CServerGameDesk::GameBegin 431: Player cc111111(cc111111) at position 2/2
 2017-12-22 17:18:03:223 CServerGameDesk::GameBegin 431: Player cc1111(cc1111) at position 3/3
 2017-12-22 17:18:03:250 CServerGameDesk::OnBeforeProcedureStart 178: before procedure start, from 0 to 1
 2017-12-22 17:18:03:250 CServerGameDesk::OnProcedureChanged 203: procedure change from 0 to 1
 2017-12-22 17:18:03:252 MsgDelegateGameBegin::SendGameBegin 53: game begin
 2017-12-22 17:18:05:941 CServerGameDesk::OnBeforeProcedureStart 178: before procedure start, from 1 to 2
 2017-12-22 17:18:05:950 CServerGameDesk::OnProcedureChanged 203: procedure change from 1 to 2
 2017-12-22 17:18:05:951 MsgDelegateDistributeCard::OnSend 43: dispatch cards
 2017-12-22 17:18:06:001 CServerGameDesk::OnBeforeProcedureStart 178: before procedure start, from 2 to 101
 2017-12-22 17:18:06:002 MsgDelegateHuanZhang::SendQuestionToPlayer 111: question huan zhang
 2017-12-22 17:18:06:002 MsgDelegateHuanZhang::SendQuestionToPlayer 111: question huan zhang
 2017-12-22 17:18:06:002 MsgDelegateHuanZhang::SendQuestionToPlayer 111: question huan zhang
 2017-12-22 17:18:06:002 MsgDelegateHuanZhang::SendQuestionToPlayer 111: question huan zhang
 2017-12-22 17:18:06:002 CServerGameDesk::OnProcedureChanged 203: procedure change from 2 to 101
 2017-12-22 17:18:22:554 CServerGameDesk::HandleNotifyMessage 574: recvive player 0 message with thingID : 37
 2017-12-22 17:18:22:554 HuanZhangRspDelegate::OnSelect 82: player 0 change cards : 16,19,19
 2017-12-22 17:18:36:793 CServerGameDesk::HandleNotifyMessage 574: recvive player 1 message with thingID : 37
 2017-12-22 17:18:36:793 HuanZhangRspDelegate::OnSelect 82: player 1 change cards : 14,14,17
 2017-12-22 17:18:39:509 CServerGameDesk::HandleNotifyMessage 574: recvive player 2 message with thingID : 37
 2017-12-22 17:18:39:509 HuanZhangRspDelegate::OnSelect 82: player 2 change cards : 22,23,24
 2017-12-22 17:18:39:551 CServerGameDesk::HandleNotifyMessage 574: recvive player 0 message with thingID : 37
 2017-12-22 17:18:39:566 CServerGameDesk::HandleNotifyMessage 574: recvive player 1 message with thingID : 37
 2017-12-22 17:20:25:384 MsgDelegateHuanZhang::SendQuestionToPlayer 111: question huan zhang
 2017-12-22 17:20:33:080 CServerGameDesk::HandleNotifyMessage 574: recvive player 3 message with thingID : 37
 2017-12-22 17:20:33:080 HuanZhangRspDelegate::OnSelect 82: player 3 change cards : 12,14,16
 2017-12-22 17:20:33:080 HuanZhangRspDelegate::OnSelect 115: swapPosition 0 -> 3, swapPosition 1 -> 2, swapPosition 2 -> 1, swapPosition 3  -> 0
 2017-12-22 17:20:33:081 MsgDelegateHuanZhangFinish::OnSend 41: player 0 get card  with 12,14,16
 2017-12-22 17:20:33:081 MsgDelegateHuanZhangFinish::OnSend 41: player 1 get card  with 22,23,24
 2017-12-22 17:20:33:081 MsgDelegateHuanZhangFinish::OnSend 41: player 2 get card  with 14,14,17
 2017-12-22 17:20:33:082 MsgDelegateHuanZhangFinish::OnSend 41: player 3 get card  with 16,19,19
 2017-12-22 17:20:39:830 CServerGameDesk::OnBeforeProcedureStart 178: before procedure start, from 101 to 100
 2017-12-22 17:20:39:830 MsgDelegateDingQue::OnSend 105: question ding que
 2017-12-22 17:20:39:831 MsgDelegateDingQue::OnSend 105: question ding que
 2017-12-22 17:20:39:831 MsgDelegateDingQue::OnSend 105: question ding que
 2017-12-22 17:20:39:831 MsgDelegateDingQue::OnSend 105: question ding que
 2017-12-22 17:20:39:831 CServerGameDesk::OnProcedureChanged 203: procedure change from 101 to 100
 2017-12-22 17:20:42:758 CServerGameDesk::HandleNotifyMessage 574: recvive player 3 message with thingID : 26
 2017-12-22 17:20:42:759 MsgDelegateDingQue::OnResponse 149: Player 3 select que men 0
 2017-12-22 17:20:52:075 CServerGameDesk::HandleNotifyMessage 574: recvive player 2 message with thingID : 26
 2017-12-22 17:20:52:075 MsgDelegateDingQue::OnResponse 149: Player 2 select que men 2
 2017-12-22 17:20:55:029 CServerGameDesk::HandleNotifyMessage 574: recvive player 1 message with thingID : 26
 2017-12-22 17:20:55:029 MsgDelegateDingQue::OnResponse 149: Player 1 select que men 1
 2017-12-22 17:21:01:663 CServerGameDesk::HandleNotifyMessage 574: recvive player 0 message with thingID : 26
 2017-12-22 17:21:01:663 MsgDelegateDingQue::OnResponse 149: Player 0 select que men 1
 2017-12-22 17:21:01:704 MsgDelegateFirstRound::SendFirstRound 42: first run
 2017-12-22 17:21:02:016 CServerGameDesk::OnBeforeProcedureStart 178: before procedure start, from 100 to 4
 2017-12-22 17:21:02:016 ProcedureAfterGetCardImpl::OnStart 132: Player 0 find action with hand 3,3,7,8,9,9,24,25,26,28,36,12,14,16 and interceptionList  latest draw card 9
 2017-12-22 17:21:02:017 ProcedureAfterGetCardImpl::OnStart 146: done
 2017-12-22 17:21:02:017 CServerGameDesk::OnProcedureChanged 203: procedure change from 100 to 4
 2017-12-22 17:21:02:078 CServerGameDesk::OnBeforeProcedureStart 178: before procedure start, from 4 to 9
 2017-12-22 17:21:02:078 MsgDelegateWaitDiscard::OnSend 220: waiting on player 0 to discard, with candidates :12,14,16 !
 2017-12-22 17:21:02:107 CServerGameDesk::OnProcedureChanged 203: procedure change from 4 to 9
 2017-12-22 17:27:55:280 CServerGameDesk::HandleNotifyMessage 574: recvive player 0 message with thingID : 27
 2017-12-22 17:27:55:280 MsgDelegateWaitDiscard::OnResponse 294: player 0 tried to discard(valid:1, expected player:0)
 2017-12-22 17:27:55:280 MsgDelegateWaitDiscard::OnResponse 306: the card is 12
 2017-12-22 17:27:55:280 MsgDelegateWaitDiscard::OnDiscardCard 43: player 0 discard card 12(idx 11)
 2017-12-22 17:27:55:281 MsgDelegateDiscardResult::OnSend 49: player 0 discard 12 0
 2017-12-22 17:27:55:314 CServerGameDesk::OnBeforeProcedureStart 178: before procedure start, from 9 to 6
 2017-12-22 17:27:55:314 ProcedureInterceptCardImpl::OnStart 316: check interceptable card 12 from Player 0
 2017-12-22 17:27:55:314 ProcedureInterceptCardJumpDelegateImpl::JumpWhenNoAction 47:  active player changed 0 -> 3
 2017-12-22 17:27:55:314 CServerGameDesk::OnProcedureChanged 203: procedure change from 9 to 6
 2017-12-22 17:27:55:375 CServerGameDesk::OnBeforeProcedureStart 178: before procedure start, from 6 to 3
 2017-12-22 17:27:55:377 MsgDelegateDrawCard::OnSend 61: 3 draw card 5
 2017-12-22 17:27:55:377 CServerGameDesk::OnProcedureChanged 203: procedure change from 6 to 3
 2017-12-22 17:27:55:440 CServerGameDesk::OnBeforeProcedureStart 178: before procedure start, from 3 to 4
 2017-12-22 17:27:55:440 ProcedureAfterGetCardImpl::OnStart 132: Player 3 find action with hand 16,19,19,19,21,23,25,27,27,29,29,1,6,5 and interceptionList  latest draw card 5
 2017-12-22 17:27:55:440 ProcedureAfterGetCardImpl::OnStart 146: done
 2017-12-22 17:27:55:440 CServerGameDesk::OnProcedureChanged 203: procedure change from 3 to 4
 2017-12-22 17:27:55:501 CServerGameDesk::OnBeforeProcedureStart 178: before procedure start, from 4 to 9
 2017-12-22 17:27:55:501 MsgDelegateWaitDiscard::OnSend 220: waiting on player 3 to discard, with candidates :1,6,5 !
 2017-12-22 17:27:55:536 CServerGameDesk::OnProcedureChanged 203: procedure change from 4 to 9
 2017-12-22 17:30:00:227 CServerGameDesk::SendScoreBoard 887: zimo:0 jiepao:0 dianpao:0 angang:0 minggang:0 money:0
 2017-12-22 17:30:00:227 CServerGameDesk::SendScoreBoard 887: zimo:0 jiepao:0 dianpao:0 angang:0 minggang:0 money:0
 2017-12-22 17:30:00:227 CServerGameDesk::SendScoreBoard 887: zimo:0 jiepao:0 dianpao:0 angang:0 minggang:0 money:0
 2017-12-22 17:30:00:228 CServerGameDesk::SendScoreBoard 887: zimo:0 jiepao:0 dianpao:0 angang:0 minggang:0 money:0
 2017-12-22 17:30:00:228 CServerGameDesk::SendScoreBoard 892: Send Score Board
 2017-12-22 17:30:00:229 CServerGameDesk::GameClear 303: clean game





 2017-12-22 17:30:00:233 CServerGameDesk::GameReset 317: reset game
