 2017-11-27 09:26:08:833 CServerGameDesk::GameBegin 425: Game Start (0/1)
 2017-11-27 09:26:08:833 CServerGameDesk::GameBegin 431: Player Phone10564(Phone10564) at position 0/0
 2017-11-27 09:26:08:833 CServerGameDesk::GameBegin 431: Player Fighting11730(Phone11730) at position 1/1
 2017-11-27 09:26:08:833 CServerGameDesk::GameBegin 431: Player Test(Phone13424) at position 2/2
 2017-11-27 09:26:08:833 CServerGameDesk::GameBegin 431: Player Phone12675(Phone12675) at position 3/3
 2017-11-27 09:26:08:854 CServerGameDesk::OnBeforeProcedureStart 178: before procedure start, from 0 to 1
 2017-11-27 09:26:08:854 CServerGameDesk::OnProcedureChanged 203: procedure change from 0 to 1
 2017-11-27 09:26:08:856 MsgDelegateGameBegin::SendGameBegin 53: game begin
 2017-11-27 09:26:11:375 CServerGameDesk::OnBeforeProcedureStart 178: before procedure start, from 1 to 2
 2017-11-27 09:26:11:386 CServerGameDesk::OnProcedureChanged 203: procedure change from 1 to 2
 2017-11-27 09:26:11:388 MsgDelegateDistributeCard::OnSend 43: dispatch cards
 2017-11-27 09:26:11:437 CServerGameDesk::OnBeforeProcedureStart 178: before procedure start, from 2 to 101
 2017-11-27 09:26:11:437 MsgDelegateHuanZhang::SendQuestionToPlayer 111: question huan zhang
 2017-11-27 09:26:11:438 MsgDelegateHuanZhang::SendQuestionToPlayer 111: question huan zhang
 2017-11-27 09:26:11:438 MsgDelegateHuanZhang::SendQuestionToPlayer 111: question huan zhang
 2017-11-27 09:26:11:438 MsgDelegateHuanZhang::SendQuestionToPlayer 111: question huan zhang
 2017-11-27 09:26:11:438 CServerGameDesk::OnProcedureChanged 203: procedure change from 2 to 101
 2017-11-27 09:26:12:605 CServerGameDesk::HandleNotifyMessage 574: recvive player 1 message with thingID : 37
 2017-11-27 09:26:12:628 HuanZhangRspDelegate::OnSelect 82: player 1 change cards : 14,17,19
 2017-11-27 09:26:13:427 CServerGameDesk::HandleNotifyMessage 574: recvive player 2 message with thingID : 37
 2017-11-27 09:26:13:427 HuanZhangRspDelegate::OnSelect 82: player 2 change cards : 15,16,18
 2017-11-27 09:26:14:258 CServerGameDesk::HandleNotifyMessage 574: recvive player 3 message with thingID : 37
 2017-11-27 09:26:14:258 HuanZhangRspDelegate::OnSelect 82: player 3 change cards : 23,25,29
 2017-11-27 09:26:15:174 CServerGameDesk::HandleNotifyMessage 574: recvive player 0 message with thingID : 37
 2017-11-27 09:26:15:174 HuanZhangRspDelegate::OnSelect 82: player 0 change cards : 22,24,28
 2017-11-27 09:26:15:174 HuanZhangRspDelegate::OnSelect 115: swapPosition 0 -> 3, swapPosition 1 -> 0, swapPosition 2 -> 1, swapPosition 3  -> 2
 2017-11-27 09:26:15:174 MsgDelegateHuanZhangFinish::OnSend 41: player 0 get card  with 14,17,19
 2017-11-27 09:26:15:175 MsgDelegateHuanZhangFinish::OnSend 41: player 1 get card  with 15,16,18
 2017-11-27 09:26:15:175 MsgDelegateHuanZhangFinish::OnSend 41: player 2 get card  with 23,25,29
 2017-11-27 09:26:15:175 MsgDelegateHuanZhangFinish::OnSend 41: player 3 get card  with 22,24,28
 2017-11-27 09:26:21:502 CServerGameDesk::OnBeforeProcedureStart 178: before procedure start, from 101 to 100
 2017-11-27 09:26:21:502 MsgDelegateDingQue::OnSend 105: question ding que
 2017-11-27 09:26:21:503 MsgDelegateDingQue::OnSend 105: question ding que
 2017-11-27 09:26:21:503 MsgDelegateDingQue::OnSend 105: question ding que
 2017-11-27 09:26:21:504 MsgDelegateDingQue::OnSend 105: question ding que
 2017-11-27 09:26:21:504 CServerGameDesk::OnProcedureChanged 203: procedure change from 101 to 100
 2017-11-27 09:26:23:433 CServerGameDesk::HandleNotifyMessage 574: recvive player 1 message with thingID : 26
 2017-11-27 09:26:23:433 MsgDelegateDingQue::OnResponse 149: Player 1 select que men 0
 2017-11-27 09:26:24:638 CServerGameDesk::HandleNotifyMessage 574: recvive player 2 message with thingID : 26
 2017-11-27 09:26:24:638 MsgDelegateDingQue::OnResponse 149: Player 2 select que men 1
 2017-11-27 09:26:26:772 CServerGameDesk::HandleNotifyMessage 574: recvive player 3 message with thingID : 26
 2017-11-27 09:26:26:772 MsgDelegateDingQue::OnResponse 149: Player 3 select que men 2
 2017-11-27 09:26:27:915 CServerGameDesk::HandleNotifyMessage 574: recvive player 0 message with thingID : 26
 2017-11-27 09:26:27:915 MsgDelegateDingQue::OnResponse 149: Player 0 select que men 2
 2017-11-27 09:26:27:940 MsgDelegateFirstRound::SendFirstRound 42: first run
 2017-11-27 09:26:28:251 CServerGameDesk::OnBeforeProcedureStart 178: before procedure start, from 100 to 4
 2017-11-27 09:26:28:251 ProcedureAfterGetCardImpl::OnStart 132: Player 0 find action with hand 1,2,3,4,6,11,13,14,14,14,16,17,19,35 and interceptionList  latest draw card 6
 2017-11-27 09:26:28:256 ProcedureAfterGetCardImpl::OnStart 146: done
 2017-11-27 09:26:28:256 CServerGameDesk::OnProcedureChanged 203: procedure change from 100 to 4
 2017-11-27 09:26:28:313 CServerGameDesk::OnBeforeProcedureStart 178: before procedure start, from 4 to 9
 2017-11-27 09:26:28:313 MsgDelegateWaitDiscard::OnSend 220: waiting on player 0 to discard, with candidates :1,2,3,4,6,11,13,14,14,14,16,17,19,35 !
 2017-11-27 09:26:28:339 CServerGameDesk::OnProcedureChanged 203: procedure change from 4 to 9
 2017-11-27 09:26:33:856 CServerGameDesk::HandleNotifyMessage 574: recvive player 0 message with thingID : 27
 2017-11-27 09:26:33:856 MsgDelegateWaitDiscard::OnResponse 294: player 0 tried to discard(valid:1, expected player:0)
 2017-11-27 09:26:33:856 MsgDelegateWaitDiscard::OnResponse 306: the card is 1
 2017-11-27 09:26:33:856 MsgDelegateWaitDiscard::OnDiscardCard 43: player 0 discard card 1(idx 0)
 2017-11-27 09:26:33:858 MsgDelegateDiscardResult::OnSend 49: player 0 discard 1 0
 2017-11-27 09:26:33:877 CServerGameDesk::OnBeforeProcedureStart 178: before procedure start, from 9 to 6
 2017-11-27 09:26:33:877 ProcedureInterceptCardImpl::OnStart 316: check interceptable card 1 from Player 0
 2017-11-27 09:26:33:877 ProcedureInterceptCardJumpDelegateImpl::JumpWhenNoAction 47:  active player changed 0 -> 3
 2017-11-27 09:26:33:877 CServerGameDesk::OnProcedureChanged 203: procedure change from 9 to 6
 2017-11-27 09:26:33:937 CServerGameDesk::OnBeforeProcedureStart 178: before procedure start, from 6 to 3
 2017-11-27 09:26:33:938 MsgDelegateDrawCard::OnSend 61: 3 draw card 27
 2017-11-27 09:26:33:938 CServerGameDesk::OnProcedureChanged 203: procedure change from 6 to 3
 2017-11-27 09:26:34:002 CServerGameDesk::OnBeforeProcedureStart 178: before procedure start, from 3 to 4
 2017-11-27 09:26:34:002 ProcedureAfterGetCardImpl::OnStart 132: Player 3 find action with hand 7,7,8,9,11,13,17,18,18,36,22,24,28,27 and interceptionList  latest draw card 27
 2017-11-27 09:26:34:002 ProcedureAfterGetCardImpl::OnStart 146: done
 2017-11-27 09:26:34:002 CServerGameDesk::OnProcedureChanged 203: procedure change from 3 to 4
 2017-11-27 09:26:34:064 CServerGameDesk::OnBeforeProcedureStart 178: before procedure start, from 4 to 9
 2017-11-27 09:26:34:064 MsgDelegateWaitDiscard::OnSend 220: waiting on player 3 to discard, with candidates :22,24,28,27 !
 2017-11-27 09:26:34:096 CServerGameDesk::OnProcedureChanged 203: procedure change from 4 to 9
 2017-11-27 09:26:38:372 CServerGameDesk::HandleNotifyMessage 574: recvive player 3 message with thingID : 27
 2017-11-27 09:26:38:372 MsgDelegateWaitDiscard::OnResponse 294: player 3 tried to discard(valid:1, expected player:3)
 2017-11-27 09:26:38:372 MsgDelegateWaitDiscard::OnResponse 306: the card is 27
 2017-11-27 09:26:38:372 MsgDelegateWaitDiscard::OnDiscardCard 43: player 3 discard card 27(idx 13)
 2017-11-27 09:26:38:373 MsgDelegateDiscardResult::OnSend 49: player 3 discard 27 0
 2017-11-27 09:26:38:376 CServerGameDesk::OnBeforeProcedureStart 178: before procedure start, from 9 to 6
 2017-11-27 09:26:38:376 ProcedureInterceptCardImpl::OnStart 316: check interceptable card 27 from Player 3
 2017-11-27 09:26:38:376 ProcedureInterceptCardJumpDelegateImpl::JumpWhenNoAction 47:  active player changed 3 -> 2
 2017-11-27 09:26:38:377 CServerGameDesk::OnProcedureChanged 203: procedure change from 9 to 6
 2017-11-27 09:26:38:437 CServerGameDesk::OnBeforeProcedureStart 178: before procedure start, from 6 to 3
 2017-11-27 09:26:38:438 MsgDelegateDrawCard::OnSend 61: 2 draw card 37
 2017-11-27 09:26:38:438 CServerGameDesk::OnProcedureChanged 203: procedure change from 6 to 3
 2017-11-27 09:26:38:503 CServerGameDesk::OnBeforeProcedureStart 178: before procedure start, from 3 to 4
 2017-11-27 09:26:38:503 ProcedureAfterGetCardImpl::OnStart 132: Player 2 find action with hand 1,2,4,6,8,22,23,23,24,25,26,28,29,37 and interceptionList  latest draw card 37
 2017-11-27 09:26:38:503 ProcedureAfterGetCardImpl::OnStart 146: done
 2017-11-27 09:26:38:504 CServerGameDesk::OnProcedureChanged 203: procedure change from 3 to 4
 2017-11-27 09:26:38:563 CServerGameDesk::OnBeforeProcedureStart 178: before procedure start, from 4 to 9
 2017-11-27 09:26:38:563 MsgDelegateWaitDiscard::OnSend 220: waiting on player 2 to discard, with candidates :1,2,4,6,8,22,23,23,24,25,26,28,29,37 !
 2017-11-27 09:26:38:592 CServerGameDesk::OnProcedureChanged 203: procedure change from 4 to 9
 2017-11-27 09:26:41:146 CServerGameDesk::HandleNotifyMessage 574: recvive player 2 message with thingID : 27
 2017-11-27 09:26:41:146 MsgDelegateWaitDiscard::OnResponse 294: player 2 tried to discard(valid:1, expected player:2)
 2017-11-27 09:26:41:146 MsgDelegateWaitDiscard::OnResponse 306: the card is 37
 2017-11-27 09:26:41:146 MsgDelegateWaitDiscard::OnDiscardCard 43: player 2 discard card 37(idx 13)
 2017-11-27 09:26:41:147 MsgDelegateDiscardResult::OnSend 49: player 2 discard 37 0
 2017-11-27 09:26:41:188 CServerGameDesk::OnBeforeProcedureStart 178: before procedure start, from 9 to 6
 2017-11-27 09:26:41:188 ProcedureInterceptCardImpl::OnStart 316: check interceptable card 37 from Player 2
 2017-11-27 09:26:41:188 ProcedureInterceptCardJumpDelegateImpl::JumpWhenNoAction 47:  active player changed 2 -> 1
 2017-11-27 09:26:41:188 CServerGameDesk::OnProcedureChanged 203: procedure change from 9 to 6
 2017-11-27 09:26:41:250 CServerGameDesk::OnBeforeProcedureStart 178: before procedure start, from 6 to 3
 2017-11-27 09:26:41:251 MsgDelegateDrawCard::OnSend 61: 1 draw card 28
 2017-11-27 09:26:41:251 CServerGameDesk::OnProcedureChanged 203: procedure change from 6 to 3
 2017-11-27 09:26:41:317 CServerGameDesk::OnBeforeProcedureStart 178: before procedure start, from 3 to 4
 2017-11-27 09:26:41:318 ProcedureAfterGetCardImpl::OnStart 132: Player 1 find action with hand 15,16,18,24,25,25,26,27,29,35,35,3,5,28 and interceptionList  latest draw card 28
 2017-11-27 09:26:41:318 ProcedureAfterGetCardImpl::OnStart 146: done
 2017-11-27 09:26:41:318 CServerGameDesk::OnProcedureChanged 203: procedure change from 3 to 4
 2017-11-27 09:26:41:376 CServerGameDesk::OnBeforeProcedureStart 178: before procedure start, from 4 to 9
 2017-11-27 09:26:41:376 MsgDelegateWaitDiscard::OnSend 220: waiting on player 1 to discard, with candidates :3,5 !
 2017-11-27 09:26:41:409 CServerGameDesk::OnProcedureChanged 203: procedure change from 4 to 9
 2017-11-27 09:26:42:512 CServerGameDesk::HandleNotifyMessage 574: recvive player 1 message with thingID : 27
 2017-11-27 09:26:42:512 MsgDelegateWaitDiscard::OnResponse 294: player 1 tried to discard(valid:1, expected player:1)
 2017-11-27 09:26:42:512 MsgDelegateWaitDiscard::OnResponse 306: the card is 5
 2017-11-27 09:26:42:512 MsgDelegateWaitDiscard::OnDiscardCard 43: player 1 discard card 5(idx 12)
 2017-11-27 09:26:42:513 MsgDelegateDiscardResult::OnSend 49: player 1 discard 5 0
 2017-11-27 09:26:42:564 CServerGameDesk::OnBeforeProcedureStart 178: before procedure start, from 9 to 6
 2017-11-27 09:26:42:564 ProcedureInterceptCardImpl::OnStart 316: check interceptable card 5 from Player 1
 2017-11-27 09:26:42:564 ProcedureInterceptCardJumpDelegateImpl::JumpWhenNoAction 47:  active player changed 1 -> 0
 2017-11-27 09:26:42:564 CServerGameDesk::OnProcedureChanged 203: procedure change from 9 to 6
 2017-11-27 09:26:42:653 CServerGameDesk::OnBeforeProcedureStart 178: before procedure start, from 6 to 3
 2017-11-27 09:26:42:654 MsgDelegateDrawCard::OnSend 61: 0 draw card 28
 2017-11-27 09:26:42:654 CServerGameDesk::OnProcedureChanged 203: procedure change from 6 to 3
 2017-11-27 09:26:42:689 CServerGameDesk::OnBeforeProcedureStart 178: before procedure start, from 3 to 4
 2017-11-27 09:26:42:689 ProcedureAfterGetCardImpl::OnStart 132: Player 0 find action with hand 2,3,4,6,11,13,14,14,14,16,17,19,35,28 and interceptionList  latest draw card 28
 2017-11-27 09:26:42:689 ProcedureAfterGetCardImpl::OnStart 146: done
 2017-11-27 09:26:42:689 CServerGameDesk::OnProcedureChanged 203: procedure change from 3 to 4
 2017-11-27 09:26:42:750 CServerGameDesk::OnBeforeProcedureStart 178: before procedure start, from 4 to 9
 2017-11-27 09:26:42:750 MsgDelegateWaitDiscard::OnSend 220: waiting on player 0 to discard, with candidates :28 !
 2017-11-27 09:26:42:778 CServerGameDesk::OnProcedureChanged 203: procedure change from 4 to 9
 2017-11-27 09:26:44:714 CServerGameDesk::HandleNotifyMessage 574: recvive player 0 message with thingID : 27
 2017-11-27 09:26:44:714 MsgDelegateWaitDiscard::OnResponse 294: player 0 tried to discard(valid:1, expected player:0)
 2017-11-27 09:26:44:714 MsgDelegateWaitDiscard::OnResponse 306: the card is 28
 2017-11-27 09:26:44:714 MsgDelegateWaitDiscard::OnDiscardCard 43: player 0 discard card 28(idx 13)
 2017-11-27 09:26:44:715 MsgDelegateDiscardResult::OnSend 49: player 0 discard 28 0
 2017-11-27 09:26:44:750 CServerGameDesk::OnBeforeProcedureStart 178: before procedure start, from 9 to 6
 2017-11-27 09:26:44:750 ProcedureInterceptCardImpl::OnStart 316: check interceptable card 28 from Player 0
 2017-11-27 09:26:44:750 ProcedureInterceptCardJumpDelegateImpl::JumpWhenNoAction 47:  active player changed 0 -> 3
 2017-11-27 09:26:44:750 CServerGameDesk::OnProcedureChanged 203: procedure change from 9 to 6
 2017-11-27 09:26:44:815 CServerGameDesk::OnBeforeProcedureStart 178: before procedure start, from 6 to 3
 2017-11-27 09:26:44:816 MsgDelegateDrawCard::OnSend 61: 3 draw card 16
 2017-11-27 09:26:44:816 CServerGameDesk::OnProcedureChanged 203: procedure change from 6 to 3
 2017-11-27 09:26:44:876 CServerGameDesk::OnBeforeProcedureStart 178: before procedure start, from 3 to 4
 2017-11-27 09:26:44:876 ProcedureAfterGetCardImpl::OnStart 132: Player 3 find action with hand 7,7,8,9,11,13,17,18,18,36,22,24,28,16 and interceptionList  latest draw card 16
 2017-11-27 09:26:44:876 ProcedureAfterGetCardImpl::OnStart 146: done
 2017-11-27 09:26:44:876 CServerGameDesk::OnProcedureChanged 203: procedure change from 3 to 4
 2017-11-27 09:26:44:938 CServerGameDesk::OnBeforeProcedureStart 178: before procedure start, from 4 to 9
 2017-11-27 09:26:44:938 MsgDelegateWaitDiscard::OnSend 220: waiting on player 3 to discard, with candidates :22,24,28 !
 2017-11-27 09:26:44:969 CServerGameDesk::OnProcedureChanged 203: procedure change from 4 to 9
 2017-11-27 09:26:55:624 CServerGameDesk::HandleNotifyMessage 574: recvive player 3 message with thingID : 27
 2017-11-27 09:26:55:624 MsgDelegateWaitDiscard::OnResponse 294: player 3 tried to discard(valid:1, expected player:3)
 2017-11-27 09:26:55:624 MsgDelegateWaitDiscard::OnResponse 306: the card is 28
 2017-11-27 09:26:55:624 MsgDelegateWaitDiscard::OnDiscardCard 43: player 3 discard card 28(idx 12)
 2017-11-27 09:26:55:625 MsgDelegateDiscardResult::OnSend 49: player 3 discard 28 0
 2017-11-27 09:26:55:627 CServerGameDesk::OnBeforeProcedureStart 178: before procedure start, from 9 to 6
 2017-11-27 09:26:55:627 ProcedureInterceptCardImpl::OnStart 316: check interceptable card 28 from Player 3
 2017-11-27 09:26:55:628 ProcedureInterceptCardJumpDelegateImpl::JumpWhenNoAction 47:  active player changed 3 -> 2
 2017-11-27 09:26:55:628 CServerGameDesk::OnProcedureChanged 203: procedure change from 9 to 6
 2017-11-27 09:26:55:687 CServerGameDesk::OnBeforeProcedureStart 178: before procedure start, from 6 to 3
 2017-11-27 09:26:55:689 MsgDelegateDrawCard::OnSend 61: 2 draw card 2
 2017-11-27 09:26:55:689 CServerGameDesk::OnProcedureChanged 203: procedure change from 6 to 3
 2017-11-27 09:26:55:752 CServerGameDesk::OnBeforeProcedureStart 178: before procedure start, from 3 to 4
 2017-11-27 09:26:55:752 ProcedureAfterGetCardImpl::OnStart 132: Player 2 find action with hand 1,2,4,6,8,22,23,23,24,25,26,28,29,2 and interceptionList  latest draw card 2
 2017-11-27 09:26:55:752 ProcedureAfterGetCardImpl::OnStart 146: done
 2017-11-27 09:26:55:752 CServerGameDesk::OnProcedureChanged 203: procedure change from 3 to 4
 2017-11-27 09:26:55:815 CServerGameDesk::OnBeforeProcedureStart 178: before procedure start, from 4 to 9
 2017-11-27 09:26:55:815 MsgDelegateWaitDiscard::OnSend 220: waiting on player 2 to discard, with candidates :1,2,4,6,8,22,23,23,24,25,26,28,29,2 !
 2017-11-27 09:26:55:846 CServerGameDesk::OnProcedureChanged 203: procedure change from 4 to 9
 2017-11-27 09:26:59:685 CServerGameDesk::HandleNotifyMessage 574: recvive player 2 message with thingID : 27
 2017-11-27 09:26:59:685 MsgDelegateWaitDiscard::OnResponse 294: player 2 tried to discard(valid:1, expected player:2)
 2017-11-27 09:26:59:685 MsgDelegateWaitDiscard::OnResponse 306: the card is 2
 2017-11-27 09:26:59:685 MsgDelegateWaitDiscard::OnDiscardCard 43: player 2 discard card 2(idx 1)
 2017-11-27 09:26:59:686 MsgDelegateDiscardResult::OnSend 49: player 2 discard 2 0
 2017-11-27 09:26:59:690 CServerGameDesk::OnBeforeProcedureStart 178: before procedure start, from 9 to 6
 2017-11-27 09:26:59:690 ProcedureInterceptCardImpl::OnStart 316: check interceptable card 2 from Player 2
 2017-11-27 09:26:59:690 ProcedureInterceptCardJumpDelegateImpl::JumpWhenNoAction 47:  active player changed 2 -> 1
 2017-11-27 09:26:59:690 CServerGameDesk::OnProcedureChanged 203: procedure change from 9 to 6
 2017-11-27 09:26:59:751 CServerGameDesk::OnBeforeProcedureStart 178: before procedure start, from 6 to 3
 2017-11-27 09:26:59:752 MsgDelegateDrawCard::OnSend 61: 1 draw card 37
 2017-11-27 09:26:59:752 CServerGameDesk::OnProcedureChanged 203: procedure change from 6 to 3
 2017-11-27 09:26:59:813 CServerGameDesk::OnBeforeProcedureStart 178: before procedure start, from 3 to 4
 2017-11-27 09:26:59:813 ProcedureAfterGetCardImpl::OnStart 132: Player 1 find action with hand 15,16,18,24,25,25,26,27,28,29,35,35,3,37 and interceptionList  latest draw card 37
 2017-11-27 09:26:59:813 ProcedureAfterGetCardImpl::OnStart 146: done
 2017-11-27 09:26:59:813 CServerGameDesk::OnProcedureChanged 203: procedure change from 3 to 4
 2017-11-27 09:26:59:875 CServerGameDesk::OnBeforeProcedureStart 178: before procedure start, from 4 to 9
 2017-11-27 09:26:59:875 MsgDelegateWaitDiscard::OnSend 220: waiting on player 1 to discard, with candidates :3 !
 2017-11-27 09:26:59:907 CServerGameDesk::OnProcedureChanged 203: procedure change from 4 to 9
 2017-11-27 09:27:01:831 CServerGameDesk::HandleNotifyMessage 574: recvive player 1 message with thingID : 27
 2017-11-27 09:27:01:831 MsgDelegateWaitDiscard::OnResponse 294: player 1 tried to discard(valid:1, expected player:1)
 2017-11-27 09:27:01:831 MsgDelegateWaitDiscard::OnResponse 306: the card is 3
 2017-11-27 09:27:01:831 MsgDelegateWaitDiscard::OnDiscardCard 43: player 1 discard card 3(idx 12)
 2017-11-27 09:27:01:832 MsgDelegateDiscardResult::OnSend 49: player 1 discard 3 0
 2017-11-27 09:27:01:875 CServerGameDesk::OnBeforeProcedureStart 178: before procedure start, from 9 to 6
 2017-11-27 09:27:01:875 ProcedureInterceptCardImpl::OnStart 316: check interceptable card 3 from Player 1
 2017-11-27 09:27:01:875 ProcedureInterceptCardJumpDelegateImpl::JumpWhenNoAction 47:  active player changed 1 -> 0
 2017-11-27 09:27:01:875 CServerGameDesk::OnProcedureChanged 203: procedure change from 9 to 6
 2017-11-27 09:27:01:939 CServerGameDesk::OnBeforeProcedureStart 178: before procedure start, from 6 to 3
 2017-11-27 09:27:01:940 MsgDelegateDrawCard::OnSend 61: 0 draw card 19
 2017-11-27 09:27:01:940 CServerGameDesk::OnProcedureChanged 203: procedure change from 6 to 3
 2017-11-27 09:27:02:000 CServerGameDesk::OnBeforeProcedureStart 178: before procedure start, from 3 to 4
 2017-11-27 09:27:02:000 ProcedureAfterGetCardImpl::OnStart 132: Player 0 find action with hand 2,3,4,6,11,13,14,14,14,16,17,19,35,19 and interceptionList  latest draw card 19
 2017-11-27 09:27:02:000 ProcedureAfterGetCardImpl::OnStart 146: done
 2017-11-27 09:27:02:001 CServerGameDesk::OnProcedureChanged 203: procedure change from 3 to 4
 2017-11-27 09:27:02:063 CServerGameDesk::OnBeforeProcedureStart 178: before procedure start, from 4 to 9
 2017-11-27 09:27:02:063 MsgDelegateWaitDiscard::OnSend 220: waiting on player 0 to discard, with candidates :2,3,4,6,11,13,14,14,14,16,17,19,35,19 !
 2017-11-27 09:27:02:096 CServerGameDesk::OnProcedureChanged 203: procedure change from 4 to 9
 2017-11-27 09:27:06:752 CServerGameDesk::HandleNotifyMessage 574: recvive player 0 message with thingID : 27
 2017-11-27 09:27:06:752 MsgDelegateWaitDiscard::OnResponse 294: player 0 tried to discard(valid:1, expected player:0)
 2017-11-27 09:27:06:752 MsgDelegateWaitDiscard::OnResponse 306: the card is 35
 2017-11-27 09:27:06:752 MsgDelegateWaitDiscard::OnDiscardCard 43: player 0 discard card 35(idx 12)
 2017-11-27 09:27:06:753 MsgDelegateDiscardResult::OnSend 49: player 0 discard 35 0
 2017-11-27 09:27:06:814 CServerGameDesk::OnBeforeProcedureStart 178: before procedure start, from 9 to 6
 2017-11-27 09:27:06:814 ProcedureInterceptCardImpl::OnStart 316: check interceptable card 35 from Player 0
 2017-11-27 09:27:06:814 ProcedureInterceptCardImpl::OnStart 349: Player 1 have actions type:2 from:0 card:35 cards:35,35,35
 with hand 15,16,18,24,25,25,26,27,28,29,35,35,37 interceptions  card 35
 2017-11-27 09:27:06:814 ProcedureInterceptCardImpl::OnStart 355: question sent
 2017-11-27 09:27:06:815 MsgDelegateInterception::OnSend 126: intercepted card : 35
 2017-11-27 09:27:06:815 MsgDelegateInterception::OnSend 127: player 1 have actions type:2 from:0 card:35 cards:35,35,35

 2017-11-27 09:27:06:815 CServerGameDesk::OnProcedureChanged 203: procedure change from 9 to 6
 2017-11-27 09:27:17:999 CServerGameDesk::HandleNotifyMessage 574: recvive player 1 message with thingID : 31
 2017-11-27 09:27:17:999 MsgDelegateInterception::Peng 213: player 1 select 35
 2017-11-27 09:27:18:001 CServerGameDesk::OnBeforeProcedureStart 178: before procedure start, from 6 to 7
 2017-11-27 09:27:18:017 MsgDelegateInterceptionResult::OnSend 28: player 1 do with type 2
 2017-11-27 09:27:18:019 ProcedureDetermineInterceptJumpDelegateImpl::JumpAfterAction 91:  active player changed 0 -> 1
 2017-11-27 09:27:18:019 CServerGameDesk::OnProcedureChanged 203: procedure change from 6 to 7
 2017-11-27 09:27:18:064 CServerGameDesk::OnBeforeProcedureStart 178: before procedure start, from 7 to 8
 2017-11-27 09:27:18:064 ProcedureAfterGetCardImpl::OnStart 132: Player 1 find action with hand 15,16,18,24,25,25,26,27,28,29,37 and interceptionList type:2 from:0 card:35 cards:35,35,35
 latest draw card 255
 2017-11-27 09:27:18:064 ProcedureAfterGetCardImpl::OnStart 146: done
 2017-11-27 09:27:18:064 CServerGameDesk::OnProcedureChanged 203: procedure change from 7 to 8
 2017-11-27 09:27:18:125 CServerGameDesk::OnBeforeProcedureStart 178: before procedure start, from 8 to 9
 2017-11-27 09:27:18:125 MsgDelegateWaitDiscard::OnSend 220: waiting on player 1 to discard, with candidates :15,16,18,24,25,25,26,27,28,29,37 !
 2017-11-27 09:27:18:148 CServerGameDesk::OnProcedureChanged 203: procedure change from 8 to 9
 2017-11-27 09:31:48:146 CServerGameDesk::SendScoreBoard 887: zimo:0 jiepao:0 dianpao:0 angang:0 minggang:0 money:0
 2017-11-27 09:31:48:146 CServerGameDesk::SendScoreBoard 887: zimo:0 jiepao:0 dianpao:0 angang:0 minggang:0 money:0
 2017-11-27 09:31:48:146 CServerGameDesk::SendScoreBoard 887: zimo:0 jiepao:0 dianpao:0 angang:0 minggang:0 money:0
 2017-11-27 09:31:48:146 CServerGameDesk::SendScoreBoard 887: zimo:0 jiepao:0 dianpao:0 angang:0 minggang:0 money:0
 2017-11-27 09:31:48:147 CServerGameDesk::SendScoreBoard 892: Send Score Board
 2017-11-27 09:31:48:147 CServerGameDesk::GameClear 303: clean game





 2017-11-27 09:31:48:151 CServerGameDesk::GameReset 317: reset game
 2017-11-27 09:38:00:798 CServerGameDesk::GameBegin 425: Game Start (0/1)
 2017-11-27 09:38:00:798 CServerGameDesk::GameBegin 431: Player hjh6(hjh6) at position 0/0
 2017-11-27 09:38:00:798 CServerGameDesk::GameBegin 431: Player hjh5(hjh5) at position 1/1
 2017-11-27 09:38:00:798 CServerGameDesk::GameBegin 431: Player hjh4(hjh4) at position 2/2
 2017-11-27 09:38:00:798 CServerGameDesk::GameBegin 431: Player hjh3(hjh3) at position 3/3
 2017-11-27 09:38:00:844 CServerGameDesk::OnBeforeProcedureStart 178: before procedure start, from 0 to 1
 2017-11-27 09:38:00:844 CServerGameDesk::OnProcedureChanged 203: procedure change from 0 to 1
 2017-11-27 09:38:00:846 MsgDelegateGameBegin::SendGameBegin 53: game begin
 2017-11-27 09:38:03:407 CServerGameDesk::OnBeforeProcedureStart 178: before procedure start, from 1 to 2
 2017-11-27 09:38:03:416 CServerGameDesk::OnProcedureChanged 203: procedure change from 1 to 2
 2017-11-27 09:38:03:417 MsgDelegateDistributeCard::OnSend 43: dispatch cards
 2017-11-27 09:38:03:468 CServerGameDesk::OnBeforeProcedureStart 178: before procedure start, from 2 to 101
 2017-11-27 09:38:03:468 MsgDelegateHuanZhang::SendQuestionToPlayer 111: question huan zhang
 2017-11-27 09:38:03:468 MsgDelegateHuanZhang::SendQuestionToPlayer 111: question huan zhang
 2017-11-27 09:38:03:469 MsgDelegateHuanZhang::SendQuestionToPlayer 111: question huan zhang
 2017-11-27 09:38:03:469 MsgDelegateHuanZhang::SendQuestionToPlayer 111: question huan zhang
 2017-11-27 09:38:03:469 CServerGameDesk::OnProcedureChanged 203: procedure change from 2 to 101
 2017-11-27 09:38:05:634 CServerGameDesk::HandleNotifyMessage 574: recvive player 0 message with thingID : 37
 2017-11-27 09:38:05:634 HuanZhangRspDelegate::OnSelect 82: player 0 change cards : 4,6,7
 2017-11-27 09:38:07:986 CServerGameDesk::HandleNotifyMessage 574: recvive player 1 message with thingID : 37
 2017-11-27 09:38:07:986 HuanZhangRspDelegate::OnSelect 82: player 1 change cards : 1,4,8
 2017-11-27 09:38:08:633 CServerGameDesk::HandleNotifyMessage 574: recvive player 2 message with thingID : 37
 2017-11-27 09:38:08:633 HuanZhangRspDelegate::OnSelect 82: player 2 change cards : 22,23,25
 2017-11-27 09:38:09:320 CServerGameDesk::HandleNotifyMessage 574: recvive player 3 message with thingID : 37
 2017-11-27 09:38:09:320 HuanZhangRspDelegate::OnSelect 82: player 3 change cards : 11,11,13
 2017-11-27 09:38:09:320 HuanZhangRspDelegate::OnSelect 115: swapPosition 0 -> 3, swapPosition 1 -> 0, swapPosition 2 -> 1, swapPosition 3  -> 2
 2017-11-27 09:38:09:320 MsgDelegateHuanZhangFinish::OnSend 41: player 0 get card  with 1,4,8
 2017-11-27 09:38:09:321 MsgDelegateHuanZhangFinish::OnSend 41: player 1 get card  with 22,23,25
 2017-11-27 09:38:09:321 MsgDelegateHuanZhangFinish::OnSend 41: player 2 get card  with 11,11,13
 2017-11-27 09:38:09:321 MsgDelegateHuanZhangFinish::OnSend 41: player 3 get card  with 4,6,7
 2017-11-27 09:38:15:700 CServerGameDesk::OnBeforeProcedureStart 178: before procedure start, from 101 to 100
 2017-11-27 09:38:15:701 MsgDelegateDingQue::OnSend 105: question ding que
 2017-11-27 09:38:15:701 MsgDelegateDingQue::OnSend 105: question ding que
 2017-11-27 09:38:15:702 MsgDelegateDingQue::OnSend 105: question ding que
 2017-11-27 09:38:15:702 MsgDelegateDingQue::OnSend 105: question ding que
 2017-11-27 09:38:15:702 CServerGameDesk::OnProcedureChanged 203: procedure change from 101 to 100
 2017-11-27 09:38:17:527 CServerGameDesk::HandleNotifyMessage 574: recvive player 0 message with thingID : 26
 2017-11-27 09:38:17:527 MsgDelegateDingQue::OnResponse 149: Player 0 select que men 0
 2017-11-27 09:38:18:477 CServerGameDesk::HandleNotifyMessage 574: recvive player 3 message with thingID : 26
 2017-11-27 09:38:18:477 MsgDelegateDingQue::OnResponse 149: Player 3 select que men 2
 2017-11-27 09:38:19:442 CServerGameDesk::HandleNotifyMessage 574: recvive player 1 message with thingID : 26
 2017-11-27 09:38:19:442 MsgDelegateDingQue::OnResponse 149: Player 1 select que men 0
 2017-11-27 09:38:20:790 CServerGameDesk::HandleNotifyMessage 574: recvive player 2 message with thingID : 26
 2017-11-27 09:38:20:790 MsgDelegateDingQue::OnResponse 149: Player 2 select que men 2
 2017-11-27 09:38:20:798 MsgDelegateFirstRound::SendFirstRound 42: first run
 2017-11-27 09:38:21:110 CServerGameDesk::OnBeforeProcedureStart 178: before procedure start, from 100 to 4
 2017-11-27 09:38:21:110 ProcedureAfterGetCardImpl::OnStart 132: Player 0 find action with hand 14,15,15,17,17,21,22,27,27,28,29,1,4,8 and interceptionList  latest draw card 29
 2017-11-27 09:38:21:110 ProcedureAfterGetCardImpl::OnStart 146: done
 2017-11-27 09:38:21:110 CServerGameDesk::OnProcedureChanged 203: procedure change from 100 to 4
 2017-11-27 09:38:21:171 CServerGameDesk::OnBeforeProcedureStart 178: before procedure start, from 4 to 9
 2017-11-27 09:38:21:171 MsgDelegateWaitDiscard::OnSend 220: waiting on player 0 to discard, with candidates :1,4,8 !
 2017-11-27 09:38:21:202 CServerGameDesk::OnProcedureChanged 203: procedure change from 4 to 9
 2017-11-27 09:41:19:652 CServerGameDesk::SendScoreBoard 887: zimo:0 jiepao:0 dianpao:0 angang:0 minggang:0 money:0
 2017-11-27 09:41:19:652 CServerGameDesk::SendScoreBoard 887: zimo:0 jiepao:0 dianpao:0 angang:0 minggang:0 money:0
 2017-11-27 09:41:19:653 CServerGameDesk::SendScoreBoard 887: zimo:0 jiepao:0 dianpao:0 angang:0 minggang:0 money:0
 2017-11-27 09:41:19:653 CServerGameDesk::SendScoreBoard 887: zimo:0 jiepao:0 dianpao:0 angang:0 minggang:0 money:0
 2017-11-27 09:41:19:653 CServerGameDesk::SendScoreBoard 892: Send Score Board
 2017-11-27 09:41:19:653 CServerGameDesk::GameClear 303: clean game





 2017-11-27 09:41:19:660 CServerGameDesk::GameReset 317: reset game
 2017-11-27 09:45:20:538 CServerGameDesk::GameBegin 425: Game Start (0/1)
 2017-11-27 09:45:20:538 CServerGameDesk::GameBegin 431: Player hjh5(hjh5) at position 0/0
 2017-11-27 09:45:20:538 CServerGameDesk::GameBegin 431: Player hjh4(hjh4) at position 1/1
 2017-11-27 09:45:20:538 CServerGameDesk::GameBegin 431: Player hjh3(hjh3) at position 2/2
 2017-11-27 09:45:20:538 CServerGameDesk::GameBegin 431: Player hjh6(hjh6) at position 3/3
 2017-11-27 09:45:20:562 CServerGameDesk::OnBeforeProcedureStart 178: before procedure start, from 0 to 1
 2017-11-27 09:45:20:562 CServerGameDesk::OnProcedureChanged 203: procedure change from 0 to 1
 2017-11-27 09:45:20:563 MsgDelegateGameBegin::SendGameBegin 53: game begin
 2017-11-27 09:45:23:062 CServerGameDesk::OnBeforeProcedureStart 178: before procedure start, from 1 to 2
 2017-11-27 09:45:23:071 CServerGameDesk::OnProcedureChanged 203: procedure change from 1 to 2
 2017-11-27 09:45:23:073 MsgDelegateDistributeCard::OnSend 43: dispatch cards
 2017-11-27 09:45:23:125 CServerGameDesk::OnBeforeProcedureStart 178: before procedure start, from 2 to 101
 2017-11-27 09:45:23:125 MsgDelegateHuanZhang::SendQuestionToPlayer 111: question huan zhang
 2017-11-27 09:45:23:125 MsgDelegateHuanZhang::SendQuestionToPlayer 111: question huan zhang
 2017-11-27 09:45:23:126 MsgDelegateHuanZhang::SendQuestionToPlayer 111: question huan zhang
 2017-11-27 09:45:23:126 MsgDelegateHuanZhang::SendQuestionToPlayer 111: question huan zhang
 2017-11-27 09:45:23:126 CServerGameDesk::OnProcedureChanged 203: procedure change from 2 to 101
 2017-11-27 09:45:24:798 CServerGameDesk::HandleNotifyMessage 574: recvive player 3 message with thingID : 37
 2017-11-27 09:45:24:798 HuanZhangRspDelegate::OnSelect 82: player 3 change cards : 11,13,15
 2017-11-27 09:45:27:854 CServerGameDesk::HandleNotifyMessage 574: recvive player 2 message with thingID : 37
 2017-11-27 09:45:27:855 HuanZhangRspDelegate::OnSelect 82: player 2 change cards : 24,26,29
 2017-11-27 09:45:28:992 CServerGameDesk::HandleNotifyMessage 574: recvive player 1 message with thingID : 37
 2017-11-27 09:45:28:992 HuanZhangRspDelegate::OnSelect 82: player 1 change cards : 5,8,9
 2017-11-27 09:45:29:875 CServerGameDesk::HandleNotifyMessage 574: recvive player 0 message with thingID : 37
 2017-11-27 09:45:29:875 HuanZhangRspDelegate::OnSelect 82: player 0 change cards : 11,13,19
 2017-11-27 09:45:29:875 HuanZhangRspDelegate::OnSelect 115: swapPosition 0 -> 3, swapPosition 1 -> 0, swapPosition 2 -> 1, swapPosition 3  -> 2
 2017-11-27 09:45:29:875 MsgDelegateHuanZhangFinish::OnSend 41: player 0 get card  with 5,8,9
 2017-11-27 09:45:29:875 MsgDelegateHuanZhangFinish::OnSend 41: player 1 get card  with 24,26,29
 2017-11-27 09:45:29:875 MsgDelegateHuanZhangFinish::OnSend 41: player 2 get card  with 11,13,15
 2017-11-27 09:45:29:875 MsgDelegateHuanZhangFinish::OnSend 41: player 3 get card  with 11,13,19
 2017-11-27 09:45:36:128 CServerGameDesk::OnBeforeProcedureStart 178: before procedure start, from 101 to 100
 2017-11-27 09:45:36:128 MsgDelegateDingQue::OnSend 105: question ding que
 2017-11-27 09:45:36:129 MsgDelegateDingQue::OnSend 105: question ding que
 2017-11-27 09:45:36:129 MsgDelegateDingQue::OnSend 105: question ding que
 2017-11-27 09:45:36:129 MsgDelegateDingQue::OnSend 105: question ding que
 2017-11-27 09:45:36:129 CServerGameDesk::OnProcedureChanged 203: procedure change from 101 to 100
 2017-11-27 09:45:38:409 CServerGameDesk::HandleNotifyMessage 574: recvive player 3 message with thingID : 26
 2017-11-27 09:45:38:409 MsgDelegateDingQue::OnResponse 149: Player 3 select que men 2
 2017-11-27 09:45:39:741 CServerGameDesk::HandleNotifyMessage 574: recvive player 2 message with thingID : 26
 2017-11-27 09:45:39:741 MsgDelegateDingQue::OnResponse 149: Player 2 select que men 2
 2017-11-27 09:45:41:010 CServerGameDesk::HandleNotifyMessage 574: recvive player 1 message with thingID : 26
 2017-11-27 09:45:41:010 MsgDelegateDingQue::OnResponse 149: Player 1 select que men 0
 2017-11-27 09:45:41:694 CServerGameDesk::HandleNotifyMessage 574: recvive player 0 message with thingID : 26
 2017-11-27 09:45:41:694 MsgDelegateDingQue::OnResponse 149: Player 0 select que men 1
 2017-11-27 09:45:41:753 MsgDelegateFirstRound::SendFirstRound 42: first run
 2017-11-27 09:45:42:064 CServerGameDesk::OnBeforeProcedureStart 178: before procedure start, from 100 to 4
 2017-11-27 09:45:42:064 ProcedureAfterGetCardImpl::OnStart 132: Player 0 find action with hand 2,3,5,5,5,5,8,9,9,26,28,35,36,19 and interceptionList  latest draw card 36
 2017-11-27 09:45:42:064 ProcedureAfterGetCardImpl::OnStart 146: done
 2017-11-27 09:45:42:064 ProcedureAfterGetCardImpl::OnStart 156: Player 0 have actions type:4 from:0 card:5 cards:5,5,5,5

 2017-11-27 09:45:42:065 MsgDelegateInterception::OnSend 126: intercepted card : 5
 2017-11-27 09:45:42:065 MsgDelegateInterception::OnSend 127: player 0 have actions type:4 from:0 card:5 cards:5,5,5,5

 2017-11-27 09:45:42:065 CServerGameDesk::OnProcedureChanged 203: procedure change from 100 to 4
 2017-11-27 09:45:43:854 CServerGameDesk::HandleNotifyMessage 574: recvive player 0 message with thingID : 75
 2017-11-27 09:45:43:854 MsgDelegateInterception::Ignore 299: player 0 ignore 
 2017-11-27 09:45:43:854 MsgDelegateInterceptionResult::OnSend 28: player 0 do with type 0
 2017-11-27 09:45:43:875 CServerGameDesk::OnBeforeProcedureStart 178: before procedure start, from 4 to 9
 2017-11-27 09:45:43:875 MsgDelegateWaitDiscard::OnSend 220: waiting on player 0 to discard, with candidates :19 !
 2017-11-27 09:45:43:903 CServerGameDesk::OnProcedureChanged 203: procedure change from 4 to 9
 2017-11-27 09:45:45:719 CServerGameDesk::HandleNotifyMessage 574: recvive player 0 message with thingID : 27
 2017-11-27 09:45:45:719 MsgDelegateWaitDiscard::OnResponse 294: player 0 tried to discard(valid:1, expected player:0)
 2017-11-27 09:45:45:719 MsgDelegateWaitDiscard::OnResponse 306: the card is 19
 2017-11-27 09:45:45:719 MsgDelegateWaitDiscard::OnDiscardCard 43: player 0 discard card 19(idx 13)
 2017-11-27 09:45:45:720 MsgDelegateDiscardResult::OnSend 49: player 0 discard 19 0
 2017-11-27 09:45:45:750 CServerGameDesk::OnBeforeProcedureStart 178: before procedure start, from 9 to 6
 2017-11-27 09:45:45:750 ProcedureInterceptCardImpl::OnStart 316: check interceptable card 19 from Player 0
 2017-11-27 09:45:45:750 ProcedureInterceptCardJumpDelegateImpl::JumpWhenNoAction 47:  active player changed 0 -> 3
 2017-11-27 09:45:45:751 CServerGameDesk::OnProcedureChanged 203: procedure change from 9 to 6
 2017-11-27 09:45:45:812 CServerGameDesk::OnBeforeProcedureStart 178: before procedure start, from 6 to 3
 2017-11-27 09:45:45:813 MsgDelegateDrawCard::OnSend 61: 3 draw card 7
 2017-11-27 09:45:45:813 CServerGameDesk::OnProcedureChanged 203: procedure change from 6 to 3
 2017-11-27 09:45:45:875 CServerGameDesk::OnBeforeProcedureStart 178: before procedure start, from 3 to 4
 2017-11-27 09:45:45:875 ProcedureAfterGetCardImpl::OnStart 132: Player 3 find action with hand 1,2,6,8,9,11,13,15,16,19,35,24,29,7 and interceptionList  latest draw card 7
 2017-11-27 09:45:45:875 ProcedureAfterGetCardImpl::OnStart 146: done
 2017-11-27 09:45:45:875 CServerGameDesk::OnProcedureChanged 203: procedure change from 3 to 4
 2017-11-27 09:45:45:937 CServerGameDesk::OnBeforeProcedureStart 178: before procedure start, from 4 to 9
 2017-11-27 09:45:45:937 MsgDelegateWaitDiscard::OnSend 220: waiting on player 3 to discard, with candidates :24,29 !
 2017-11-27 09:45:45:964 CServerGameDesk::OnProcedureChanged 203: procedure change from 4 to 9
 2017-11-27 09:45:49:453 CServerGameDesk::HandleNotifyMessage 574: recvive player 3 message with thingID : 27
 2017-11-27 09:45:49:453 MsgDelegateWaitDiscard::OnResponse 294: player 3 tried to discard(valid:1, expected player:3)
 2017-11-27 09:45:49:453 MsgDelegateWaitDiscard::OnResponse 306: the card is 24
 2017-11-27 09:45:49:453 MsgDelegateWaitDiscard::OnDiscardCard 43: player 3 discard card 24(idx 11)
 2017-11-27 09:45:49:454 MsgDelegateDiscardResult::OnSend 49: player 3 discard 24 0
 2017-11-27 09:45:49:456 CServerGameDesk::OnBeforeProcedureStart 178: before procedure start, from 9 to 6
 2017-11-27 09:45:49:456 ProcedureInterceptCardImpl::OnStart 316: check interceptable card 24 from Player 3
 2017-11-27 09:45:49:457 ProcedureInterceptCardJumpDelegateImpl::JumpWhenNoAction 47:  active player changed 3 -> 2
 2017-11-27 09:45:49:457 CServerGameDesk::OnProcedureChanged 203: procedure change from 9 to 6
 2017-11-27 09:45:49:501 CServerGameDesk::OnBeforeProcedureStart 178: before procedure start, from 6 to 3
 2017-11-27 09:45:49:502 MsgDelegateDrawCard::OnSend 61: 2 draw card 14
 2017-11-27 09:45:49:502 CServerGameDesk::OnProcedureChanged 203: procedure change from 6 to 3
 2017-11-27 09:45:49:568 CServerGameDesk::OnBeforeProcedureStart 178: before procedure start, from 3 to 4
 2017-11-27 09:45:49:568 ProcedureAfterGetCardImpl::OnStart 132: Player 2 find action with hand 1,1,2,3,3,11,11,12,12,13,15,15,17,14 and interceptionList  latest draw card 14
 2017-11-27 09:45:49:569 ProcedureAfterGetCardImpl::OnStart 146: done
 2017-11-27 09:45:49:569 CServerGameDesk::OnProcedureChanged 203: procedure change from 3 to 4
 2017-11-27 09:45:49:626 CServerGameDesk::OnBeforeProcedureStart 178: before procedure start, from 4 to 9
 2017-11-27 09:45:49:626 MsgDelegateWaitDiscard::OnSend 220: waiting on player 2 to discard, with candidates :1,1,2,3,3,11,11,12,12,13,15,15,17,14 !
 2017-11-27 09:45:49:656 CServerGameDesk::OnProcedureChanged 203: procedure change from 4 to 9
 2017-11-27 09:45:56:920 CServerGameDesk::HandleNotifyMessage 574: recvive player 2 message with thingID : 27
 2017-11-27 09:45:56:920 MsgDelegateWaitDiscard::OnResponse 294: player 2 tried to discard(valid:1, expected player:2)
 2017-11-27 09:45:56:920 MsgDelegateWaitDiscard::OnResponse 306: the card is 15
 2017-11-27 09:45:56:920 MsgDelegateWaitDiscard::OnDiscardCard 43: player 2 discard card 15(idx 10)
 2017-11-27 09:45:56:922 MsgDelegateDiscardResult::OnSend 49: player 2 discard 15 0
 2017-11-27 09:45:56:939 CServerGameDesk::OnBeforeProcedureStart 178: before procedure start, from 9 to 6
 2017-11-27 09:45:56:939 ProcedureInterceptCardImpl::OnStart 316: check interceptable card 15 from Player 2
 2017-11-27 09:45:56:939 ProcedureInterceptCardJumpDelegateImpl::JumpWhenNoAction 47:  active player changed 2 -> 1
 2017-11-27 09:45:56:940 CServerGameDesk::OnProcedureChanged 203: procedure change from 9 to 6
 2017-11-27 09:45:57:000 CServerGameDesk::OnBeforeProcedureStart 178: before procedure start, from 6 to 3
 2017-11-27 09:45:57:001 MsgDelegateDrawCard::OnSend 61: 1 draw card 7
 2017-11-27 09:45:57:002 CServerGameDesk::OnProcedureChanged 203: procedure change from 6 to 3
 2017-11-27 09:45:57:064 CServerGameDesk::OnBeforeProcedureStart 178: before procedure start, from 3 to 4
 2017-11-27 09:45:57:064 ProcedureAfterGetCardImpl::OnStart 132: Player 1 find action with hand 12,13,14,16,18,21,23,24,25,26,28,29,36,7 and interceptionList  latest draw card 7
 2017-11-27 09:45:57:064 ProcedureAfterGetCardImpl::OnStart 146: done
 2017-11-27 09:45:57:064 CServerGameDesk::OnProcedureChanged 203: procedure change from 3 to 4
 2017-11-27 09:45:57:125 CServerGameDesk::OnBeforeProcedureStart 178: before procedure start, from 4 to 9
 2017-11-27 09:45:57:125 MsgDelegateWaitDiscard::OnSend 220: waiting on player 1 to discard, with candidates :7 !
 2017-11-27 09:45:57:154 CServerGameDesk::OnProcedureChanged 203: procedure change from 4 to 9
 2017-11-27 09:46:00:136 CServerGameDesk::HandleNotifyMessage 574: recvive player 1 message with thingID : 27
 2017-11-27 09:46:00:136 MsgDelegateWaitDiscard::OnResponse 294: player 1 tried to discard(valid:1, expected player:1)
 2017-11-27 09:46:00:136 MsgDelegateWaitDiscard::OnResponse 306: the card is 7
 2017-11-27 09:46:00:136 MsgDelegateWaitDiscard::OnDiscardCard 43: player 1 discard card 7(idx 13)
 2017-11-27 09:46:00:138 MsgDelegateDiscardResult::OnSend 49: player 1 discard 7 0
 2017-11-27 09:46:00:191 CServerGameDesk::OnBeforeProcedureStart 178: before procedure start, from 9 to 6
 2017-11-27 09:46:00:191 ProcedureInterceptCardImpl::OnStart 316: check interceptable card 7 from Player 1
 2017-11-27 09:46:00:192 ProcedureInterceptCardJumpDelegateImpl::JumpWhenNoAction 47:  active player changed 1 -> 0
 2017-11-27 09:46:00:192 CServerGameDesk::OnProcedureChanged 203: procedure change from 9 to 6
 2017-11-27 09:46:00:252 CServerGameDesk::OnBeforeProcedureStart 178: before procedure start, from 6 to 3
 2017-11-27 09:46:00:253 MsgDelegateDrawCard::OnSend 61: 0 draw card 14
 2017-11-27 09:46:00:253 CServerGameDesk::OnProcedureChanged 203: procedure change from 6 to 3
 2017-11-27 09:46:00:313 CServerGameDesk::OnBeforeProcedureStart 178: before procedure start, from 3 to 4
 2017-11-27 09:46:00:313 ProcedureAfterGetCardImpl::OnStart 132: Player 0 find action with hand 2,3,5,5,5,5,8,9,9,26,28,35,36,14 and interceptionList  latest draw card 14
 2017-11-27 09:46:00:313 ProcedureAfterGetCardImpl::OnStart 146: done
 2017-11-27 09:46:00:313 ProcedureAfterGetCardImpl::OnStart 156: Player 0 have actions type:4 from:0 card:5 cards:5,5,5,5

 2017-11-27 09:46:00:314 MsgDelegateInterception::OnSend 126: intercepted card : 5
 2017-11-27 09:46:00:314 MsgDelegateInterception::OnSend 127: player 0 have actions type:4 from:0 card:5 cards:5,5,5,5

 2017-11-27 09:46:00:314 CServerGameDesk::OnProcedureChanged 203: procedure change from 3 to 4
 2017-11-27 09:46:01:885 CServerGameDesk::HandleNotifyMessage 574: recvive player 0 message with thingID : 75
 2017-11-27 09:46:01:885 MsgDelegateInterception::Ignore 299: player 0 ignore 
 2017-11-27 09:46:01:885 MsgDelegateInterceptionResult::OnSend 28: player 0 do with type 0
 2017-11-27 09:46:01:937 CServerGameDesk::OnBeforeProcedureStart 178: before procedure start, from 4 to 9
 2017-11-27 09:46:01:937 MsgDelegateWaitDiscard::OnSend 220: waiting on player 0 to discard, with candidates :14 !
 2017-11-27 09:46:01:964 CServerGameDesk::OnProcedureChanged 203: procedure change from 4 to 9
 2017-11-27 09:46:02:508 CServerGameDesk::HandleNotifyMessage 574: recvive player 0 message with thingID : 27
 2017-11-27 09:46:02:508 MsgDelegateWaitDiscard::OnResponse 294: player 0 tried to discard(valid:1, expected player:0)
 2017-11-27 09:46:02:508 MsgDelegateWaitDiscard::OnResponse 306: the card is 14
 2017-11-27 09:46:02:508 MsgDelegateWaitDiscard::OnDiscardCard 43: player 0 discard card 14(idx 13)
 2017-11-27 09:46:02:509 MsgDelegateDiscardResult::OnSend 49: player 0 discard 14 0
 2017-11-27 09:46:02:562 CServerGameDesk::OnBeforeProcedureStart 178: before procedure start, from 9 to 6
 2017-11-27 09:46:02:562 ProcedureInterceptCardImpl::OnStart 316: check interceptable card 14 from Player 0
 2017-11-27 09:46:02:563 ProcedureInterceptCardJumpDelegateImpl::JumpWhenNoAction 47:  active player changed 0 -> 3
 2017-11-27 09:46:02:563 CServerGameDesk::OnProcedureChanged 203: procedure change from 9 to 6
 2017-11-27 09:46:02:626 CServerGameDesk::OnBeforeProcedureStart 178: before procedure start, from 6 to 3
 2017-11-27 09:46:02:627 MsgDelegateDrawCard::OnSend 61: 3 draw card 37
 2017-11-27 09:46:02:627 CServerGameDesk::OnProcedureChanged 203: procedure change from 6 to 3
 2017-11-27 09:46:02:688 CServerGameDesk::OnBeforeProcedureStart 178: before procedure start, from 3 to 4
 2017-11-27 09:46:02:688 ProcedureAfterGetCardImpl::OnStart 132: Player 3 find action with hand 1,2,6,7,8,9,11,13,15,16,19,35,29,37 and interceptionList  latest draw card 37
 2017-11-27 09:46:02:688 ProcedureAfterGetCardImpl::OnStart 146: done
 2017-11-27 09:46:02:688 CServerGameDesk::OnProcedureChanged 203: procedure change from 3 to 4
 2017-11-27 09:46:02:752 CServerGameDesk::OnBeforeProcedureStart 178: before procedure start, from 4 to 9
 2017-11-27 09:46:02:752 MsgDelegateWaitDiscard::OnSend 220: waiting on player 3 to discard, with candidates :29 !
 2017-11-27 09:46:02:779 CServerGameDesk::OnProcedureChanged 203: procedure change from 4 to 9
 2017-11-27 09:46:05:129 CServerGameDesk::HandleNotifyMessage 574: recvive player 3 message with thingID : 27
 2017-11-27 09:46:05:129 MsgDelegateWaitDiscard::OnResponse 294: player 3 tried to discard(valid:1, expected player:3)
 2017-11-27 09:46:05:129 MsgDelegateWaitDiscard::OnResponse 306: the card is 29
 2017-11-27 09:46:05:129 MsgDelegateWaitDiscard::OnDiscardCard 43: player 3 discard card 29(idx 12)
 2017-11-27 09:46:05:131 MsgDelegateDiscardResult::OnSend 49: player 3 discard 29 0
 2017-11-27 09:46:05:187 CServerGameDesk::OnBeforeProcedureStart 178: before procedure start, from 9 to 6
 2017-11-27 09:46:05:187 ProcedureInterceptCardImpl::OnStart 316: check interceptable card 29 from Player 3
 2017-11-27 09:46:05:188 ProcedureInterceptCardJumpDelegateImpl::JumpWhenNoAction 47:  active player changed 3 -> 2
 2017-11-27 09:46:05:188 CServerGameDesk::OnProcedureChanged 203: procedure change from 9 to 6
 2017-11-27 09:46:05:251 CServerGameDesk::OnBeforeProcedureStart 178: before procedure start, from 6 to 3
 2017-11-27 09:46:05:252 MsgDelegateDrawCard::OnSend 61: 2 draw card 16
 2017-11-27 09:46:05:252 CServerGameDesk::OnProcedureChanged 203: procedure change from 6 to 3
 2017-11-27 09:46:05:313 CServerGameDesk::OnBeforeProcedureStart 178: before procedure start, from 3 to 4
 2017-11-27 09:46:05:313 ProcedureAfterGetCardImpl::OnStart 132: Player 2 find action with hand 1,1,2,3,3,11,11,12,12,13,14,15,17,16 and interceptionList  latest draw card 16
 2017-11-27 09:46:05:313 ProcedureAfterGetCardImpl::OnStart 146: done
 2017-11-27 09:46:05:313 CServerGameDesk::OnProcedureChanged 203: procedure change from 3 to 4
 2017-11-27 09:46:05:377 CServerGameDesk::OnBeforeProcedureStart 178: before procedure start, from 4 to 9
 2017-11-27 09:46:05:377 MsgDelegateWaitDiscard::OnSend 220: waiting on player 2 to discard, with candidates :1,1,2,3,3,11,11,12,12,13,14,15,17,16 !
 2017-11-27 09:46:05:418 CServerGameDesk::OnProcedureChanged 203: procedure change from 4 to 9
 2017-11-27 09:47:12:814 CServerGameDesk::SendScoreBoard 887: zimo:0 jiepao:0 dianpao:0 angang:0 minggang:0 money:0
 2017-11-27 09:47:12:814 CServerGameDesk::SendScoreBoard 887: zimo:0 jiepao:0 dianpao:0 angang:0 minggang:0 money:0
 2017-11-27 09:47:12:814 CServerGameDesk::SendScoreBoard 887: zimo:0 jiepao:0 dianpao:0 angang:0 minggang:0 money:0
 2017-11-27 09:47:12:814 CServerGameDesk::SendScoreBoard 887: zimo:0 jiepao:0 dianpao:0 angang:0 minggang:0 money:0
 2017-11-27 09:47:12:815 CServerGameDesk::SendScoreBoard 892: Send Score Board
 2017-11-27 09:47:12:815 CServerGameDesk::GameClear 303: clean game





 2017-11-27 09:47:12:820 CServerGameDesk::GameReset 317: reset game
