 2017-11-25 17:44:10:684 CServerGameDesk::GameBegin 425: Game Start (0/1)
 2017-11-25 17:44:10:684 CServerGameDesk::GameBegin 431: Player Fighting11730(Phone11730) at position 0/0
 2017-11-25 17:44:10:684 CServerGameDesk::GameBegin 431: Player Test(Phone13424) at position 1/1
 2017-11-25 17:44:10:684 CServerGameDesk::GameBegin 431: Player Phone10564(Phone10564) at position 2/2
 2017-11-25 17:44:10:684 CServerGameDesk::GameBegin 431: Player Phone12675(Phone12675) at position 3/3
 2017-11-25 17:44:10:706 CServerGameDesk::OnBeforeProcedureStart 178: before procedure start, from 0 to 1
 2017-11-25 17:44:10:707 CServerGameDesk::OnProcedureChanged 203: procedure change from 0 to 1
 2017-11-25 17:44:10:708 MsgDelegateGameBegin::SendGameBegin 53: game begin
 2017-11-25 17:44:13:250 CServerGameDesk::OnBeforeProcedureStart 178: before procedure start, from 1 to 2
 2017-11-25 17:44:13:261 CServerGameDesk::OnProcedureChanged 203: procedure change from 1 to 2
 2017-11-25 17:44:13:262 MsgDelegateDistributeCard::OnSend 43: dispatch cards
 2017-11-25 17:44:13:316 CServerGameDesk::OnBeforeProcedureStart 178: before procedure start, from 2 to 101
 2017-11-25 17:44:13:316 MsgDelegateHuanZhang::SendQuestionToPlayer 111: question huan zhang
 2017-11-25 17:44:13:316 MsgDelegateHuanZhang::SendQuestionToPlayer 111: question huan zhang
 2017-11-25 17:44:13:317 MsgDelegateHuanZhang::SendQuestionToPlayer 111: question huan zhang
 2017-11-25 17:44:13:317 MsgDelegateHuanZhang::SendQuestionToPlayer 111: question huan zhang
 2017-11-25 17:44:13:317 CServerGameDesk::OnProcedureChanged 203: procedure change from 2 to 101
 2017-11-25 17:46:19:658 CServerGameDesk::HandleNotifyMessage 574: recvive player 0 message with thingID : 37
 2017-11-25 17:46:19:658 HuanZhangRspDelegate::OnSelect 82: player 0 change cards : 12,13,15
 2017-11-25 17:46:24:454 CServerGameDesk::SendScoreBoard 887: zimo:0 jiepao:0 dianpao:0 angang:0 minggang:0 money:0
 2017-11-25 17:46:24:455 CServerGameDesk::SendScoreBoard 887: zimo:0 jiepao:0 dianpao:0 angang:0 minggang:0 money:0
 2017-11-25 17:46:24:455 CServerGameDesk::SendScoreBoard 887: zimo:0 jiepao:0 dianpao:0 angang:0 minggang:0 money:0
 2017-11-25 17:46:24:455 CServerGameDesk::SendScoreBoard 887: zimo:0 jiepao:0 dianpao:0 angang:0 minggang:0 money:0
 2017-11-25 17:46:24:455 CServerGameDesk::SendScoreBoard 892: Send Score Board
 2017-11-25 17:46:24:455 CServerGameDesk::GameClear 303: clean game





 2017-11-25 17:46:24:469 CServerGameDesk::GameReset 317: reset game
