 2017-11-24 09:34:29 CServerGameDesk::GameBegin 416: Game Start (0/1)
 2017-11-24 09:34:29 CServerGameDesk::GameBegin 422: Player hjh4(hjh4) at position 0/0
 2017-11-24 09:34:29 CServerGameDesk::GameBegin 422: Player hjh3(hjh3) at position 1/1
 2017-11-24 09:34:29 CServerGameDesk::GameBegin 422: Player hjh99(hjh99) at position 2/2
 2017-11-24 09:34:29 CServerGameDesk::GameBegin 422: Player hjh5(hjh5) at position 3/3
 2017-11-24 09:34:29 CServerGameDesk::OnBeforeProcedureStart 177: before procedure start, from 0 to 1
 2017-11-24 09:34:29 CServerGameDesk::OnProcedureChanged 202: procedure change from 0 to 1
 2017-11-24 09:34:29 MsgDelegateGameBegin::SendGameBegin 53: game begin
 2017-11-24 09:34:31 CServerGameDesk::OnBeforeProcedureStart 177: before procedure start, from 1 to 2
 2017-11-24 09:34:31 CServerGameDesk::OnProcedureChanged 202: procedure change from 1 to 2
 2017-11-24 09:34:31 MsgDelegateDistributeCard::OnSend 43: dispatch cards
 2017-11-24 09:34:40 CServerGameDesk::OnBeforeProcedureStart 177: before procedure start, from 2 to 101
 2017-11-24 09:34:40 MsgDelegateHuanZhang::SendQuestionToPlayer 149: question huan zhang
 2017-11-24 09:34:40 MsgDelegateHuanZhang::SendQuestionToPlayer 149: question huan zhang
 2017-11-24 09:34:40 MsgDelegateHuanZhang::SendQuestionToPlayer 149: question huan zhang
 2017-11-24 09:34:40 MsgDelegateHuanZhang::SendQuestionToPlayer 149: question huan zhang
 2017-11-24 09:34:40 CServerGameDesk::OnProcedureChanged 202: procedure change from 2 to 101
 2017-11-24 09:34:41 HuanZhangRspDelegate::OnSelect 76: player 1 change cards : 21,22,25
 2017-11-24 09:34:42 HuanZhangRspDelegate::OnSelect 76: player 0 change cards : 21,22,26
 2017-11-24 09:34:43 HuanZhangRspDelegate::OnSelect 76: player 2 change cards : 25,27,29
 2017-11-24 09:34:45 HuanZhangRspDelegate::OnSelect 76: player 3 change cards : 12,17,19
 2017-11-24 09:34:45 HuanZhangRspDelegate::OnSelect 109: swapPosition 0 -> 3, swapPosition 1 -> 0, swapPosition 2 -> 1, swapPosition 3  -> 2
 2017-11-24 09:34:45 MsgDelegateHuanZhangFinish::OnSend 41: player 0 get card  with 21,22,25
 2017-11-24 09:34:45 MsgDelegateHuanZhangFinish::OnSend 41: player 1 get card  with 25,27,29
 2017-11-24 09:34:45 MsgDelegateHuanZhangFinish::OnSend 41: player 2 get card  with 12,17,19
 2017-11-24 09:34:45 MsgDelegateHuanZhangFinish::OnSend 41: player 3 get card  with 21,22,26
 2017-11-24 09:34:51 CServerGameDesk::OnBeforeProcedureStart 177: before procedure start, from 101 to 100
 2017-11-24 09:34:51 MsgDelegateDingQue::OnSend 108: question ding que
 2017-11-24 09:34:51 MsgDelegateDingQue::OnSend 108: question ding que
 2017-11-24 09:34:51 MsgDelegateDingQue::OnSend 108: question ding que
 2017-11-24 09:34:51 MsgDelegateDingQue::OnSend 108: question ding que
 2017-11-24 09:34:51 CServerGameDesk::OnProcedureChanged 202: procedure change from 101 to 100
 2017-11-24 09:34:53 MsgDelegateDingQue::OnResponse 152: Player 0 select que men 2
 2017-11-24 09:34:54 MsgDelegateDingQue::OnResponse 152: Player 1 select que men 0
 2017-11-24 09:34:55 MsgDelegateDingQue::OnResponse 152: Player 2 select que men 2
 2017-11-24 09:34:57 MsgDelegateDingQue::OnResponse 152: Player 3 select que men 1
 2017-11-24 09:34:57 MsgDelegateFirstRound::SendFirstRound 42: first run
 2017-11-24 09:34:57 CServerGameDesk::OnBeforeProcedureStart 177: before procedure start, from 100 to 4
 2017-11-24 09:34:57 ProcedureAfterGetCardImpl::OnStart 132: Player 0 find action with hand 2,2,3,4,5,11,12,14,18,19,21,22,25,28 and interceptionList  latest draw card 18
 2017-11-24 09:34:57 ProcedureAfterGetCardImpl::OnStart 146: done
 2017-11-24 09:34:57 CServerGameDesk::OnProcedureChanged 202: procedure change from 100 to 4
 2017-11-24 09:34:58 CServerGameDesk::OnBeforeProcedureStart 177: before procedure start, from 4 to 9
 2017-11-24 09:34:58 MsgDelegateWaitDiscard::OnSend 211: waiting on player 0 to discard, with candidates :21,22,25,28 !
 2017-11-24 09:34:58 CServerGameDesk::OnProcedureChanged 202: procedure change from 4 to 9
 2017-11-24 09:35:04 MsgDelegateWaitDiscard::OnResponse 285: player 0 tried to discard(valid:1, expected player:0)
 2017-11-24 09:35:04 MsgDelegateWaitDiscard::OnResponse 297: the card is 25
 2017-11-24 09:35:04 MsgDelegateWaitDiscard::OnDiscardCard 42: player 0 discard card 25(idx 12)
 2017-11-24 09:35:04 MsgDelegateDiscardResult::OnSend 49: player 0 discard 25 0
 2017-11-24 09:35:04 CServerGameDesk::OnBeforeProcedureStart 177: before procedure start, from 9 to 6
 2017-11-24 09:35:04 ProcedureInterceptCardImpl::OnStart 316: check interceptable card 25 from Player 0
 2017-11-24 09:35:04 ProcedureInterceptCardJumpDelegateImpl::JumpWhenNoAction 47:  active player changed 0 -> 3
 2017-11-24 09:35:04 CServerGameDesk::OnProcedureChanged 202: procedure change from 9 to 6
 2017-11-24 09:35:04 CServerGameDesk::OnBeforeProcedureStart 177: before procedure start, from 6 to 3
 2017-11-24 09:35:04 MsgDelegateDrawCard::OnSend 61: 3 draw card 24
 2017-11-24 09:35:04 CServerGameDesk::OnProcedureChanged 202: procedure change from 6 to 3
 2017-11-24 09:35:04 CServerGameDesk::OnBeforeProcedureStart 177: before procedure start, from 3 to 4
 2017-11-24 09:35:04 ProcedureAfterGetCardImpl::OnStart 132: Player 3 find action with hand 2,2,7,7,21,22,23,23,26,26,27,36,37,24 and interceptionList  latest draw card 24
 2017-11-24 09:35:04 ProcedureAfterGetCardImpl::OnStart 146: done
 2017-11-24 09:35:04 CServerGameDesk::OnProcedureChanged 202: procedure change from 3 to 4
 2017-11-24 09:35:04 CServerGameDesk::OnBeforeProcedureStart 177: before procedure start, from 4 to 9
 2017-11-24 09:35:04 MsgDelegateWaitDiscard::OnSend 211: waiting on player 3 to discard, with candidates :2,2,7,7,21,22,23,23,26,26,27,36,37,24 !
 2017-11-24 09:35:04 CServerGameDesk::OnProcedureChanged 202: procedure change from 4 to 9
 2017-11-24 09:35:09 MsgDelegateWaitDiscard::OnResponse 285: player 3 tried to discard(valid:1, expected player:3)
 2017-11-24 09:35:09 MsgDelegateWaitDiscard::OnResponse 297: the card is 36
 2017-11-24 09:35:09 MsgDelegateWaitDiscard::OnDiscardCard 42: player 3 discard card 36(idx 11)
 2017-11-24 09:35:09 MsgDelegateDiscardResult::OnSend 49: player 3 discard 36 0
 2017-11-24 09:35:09 CServerGameDesk::OnBeforeProcedureStart 177: before procedure start, from 9 to 6
 2017-11-24 09:35:09 ProcedureInterceptCardImpl::OnStart 316: check interceptable card 36 from Player 3
 2017-11-24 09:35:09 ProcedureInterceptCardJumpDelegateImpl::JumpWhenNoAction 47:  active player changed 3 -> 2
 2017-11-24 09:35:09 CServerGameDesk::OnProcedureChanged 202: procedure change from 9 to 6
 2017-11-24 09:35:09 CServerGameDesk::OnBeforeProcedureStart 177: before procedure start, from 6 to 3
 2017-11-24 09:35:09 MsgDelegateDrawCard::OnSend 61: 2 draw card 1
 2017-11-24 09:35:09 CServerGameDesk::OnProcedureChanged 202: procedure change from 6 to 3
 2017-11-24 09:35:09 CServerGameDesk::OnBeforeProcedureStart 177: before procedure start, from 3 to 4
 2017-11-24 09:35:09 ProcedureAfterGetCardImpl::OnStart 132: Player 2 find action with hand 1,5,7,8,9,12,12,15,16,17,17,19,37,1 and interceptionList  latest draw card 1
 2017-11-24 09:35:09 ProcedureAfterGetCardImpl::OnStart 146: done
 2017-11-24 09:35:09 CServerGameDesk::OnProcedureChanged 202: procedure change from 3 to 4
 2017-11-24 09:35:09 CServerGameDesk::OnBeforeProcedureStart 177: before procedure start, from 4 to 9
 2017-11-24 09:35:09 MsgDelegateWaitDiscard::OnSend 211: waiting on player 2 to discard, with candidates :1,5,7,8,9,12,12,15,16,17,17,19,37,1 !
 2017-11-24 09:35:09 CServerGameDesk::OnProcedureChanged 202: procedure change from 4 to 9
 2017-11-24 09:35:18 MsgDelegateWaitDiscard::OnResponse 285: player 2 tried to discard(valid:1, expected player:2)
 2017-11-24 09:35:18 MsgDelegateWaitDiscard::OnResponse 297: the card is 1
 2017-11-24 09:35:18 MsgDelegateWaitDiscard::OnDiscardCard 42: player 2 discard card 1(idx 0)
 2017-11-24 09:35:18 MsgDelegateDiscardResult::OnSend 49: player 2 discard 1 0
 2017-11-24 09:35:18 CServerGameDesk::OnBeforeProcedureStart 177: before procedure start, from 9 to 6
 2017-11-24 09:35:18 ProcedureInterceptCardImpl::OnStart 316: check interceptable card 1 from Player 2
 2017-11-24 09:35:18 ProcedureInterceptCardJumpDelegateImpl::JumpWhenNoAction 47:  active player changed 2 -> 1
 2017-11-24 09:35:18 CServerGameDesk::OnProcedureChanged 202: procedure change from 9 to 6
 2017-11-24 09:35:18 CServerGameDesk::OnBeforeProcedureStart 177: before procedure start, from 6 to 3
 2017-11-24 09:35:18 MsgDelegateDrawCard::OnSend 61: 1 draw card 8
 2017-11-24 09:35:18 CServerGameDesk::OnProcedureChanged 202: procedure change from 6 to 3
 2017-11-24 09:35:18 CServerGameDesk::OnBeforeProcedureStart 177: before procedure start, from 3 to 4
 2017-11-24 09:35:18 ProcedureAfterGetCardImpl::OnStart 132: Player 1 find action with hand 13,13,14,15,15,18,18,19,25,27,29,3,8,8 and interceptionList  latest draw card 8
 2017-11-24 09:35:18 ProcedureAfterGetCardImpl::OnStart 146: done
 2017-11-24 09:35:18 CServerGameDesk::OnProcedureChanged 202: procedure change from 3 to 4
 2017-11-24 09:35:18 CServerGameDesk::OnBeforeProcedureStart 177: before procedure start, from 4 to 9
 2017-11-24 09:35:18 MsgDelegateWaitDiscard::OnSend 211: waiting on player 1 to discard, with candidates :3,8,8 !
 2017-11-24 09:35:18 CServerGameDesk::OnProcedureChanged 202: procedure change from 4 to 9
 2017-11-24 09:35:19 MsgDelegateWaitDiscard::OnResponse 285: player 1 tried to discard(valid:1, expected player:1)
 2017-11-24 09:35:19 MsgDelegateWaitDiscard::OnResponse 297: the card is 3
 2017-11-24 09:35:19 MsgDelegateWaitDiscard::OnDiscardCard 42: player 1 discard card 3(idx 11)
 2017-11-24 09:35:19 MsgDelegateDiscardResult::OnSend 49: player 1 discard 3 0
 2017-11-24 09:35:19 CServerGameDesk::OnBeforeProcedureStart 177: before procedure start, from 9 to 6
 2017-11-24 09:35:19 ProcedureInterceptCardImpl::OnStart 316: check interceptable card 3 from Player 1
 2017-11-24 09:35:19 ProcedureInterceptCardJumpDelegateImpl::JumpWhenNoAction 47:  active player changed 1 -> 0
 2017-11-24 09:35:19 CServerGameDesk::OnProcedureChanged 202: procedure change from 9 to 6
 2017-11-24 09:35:19 CServerGameDesk::OnBeforeProcedureStart 177: before procedure start, from 6 to 3
 2017-11-24 09:35:19 MsgDelegateDrawCard::OnSend 61: 0 draw card 35
 2017-11-24 09:35:19 CServerGameDesk::OnProcedureChanged 202: procedure change from 6 to 3
 2017-11-24 09:35:20 CServerGameDesk::OnBeforeProcedureStart 177: before procedure start, from 3 to 4
 2017-11-24 09:35:20 ProcedureAfterGetCardImpl::OnStart 132: Player 0 find action with hand 2,2,3,4,5,11,12,14,18,19,21,22,28,35 and interceptionList  latest draw card 35
 2017-11-24 09:35:20 ProcedureAfterGetCardImpl::OnStart 146: done
 2017-11-24 09:35:20 CServerGameDesk::OnProcedureChanged 202: procedure change from 3 to 4
 2017-11-24 09:35:20 CServerGameDesk::OnBeforeProcedureStart 177: before procedure start, from 4 to 9
 2017-11-24 09:35:20 MsgDelegateWaitDiscard::OnSend 211: waiting on player 0 to discard, with candidates :21,22,28 !
 2017-11-24 09:35:20 CServerGameDesk::OnProcedureChanged 202: procedure change from 4 to 9
 2017-11-24 09:35:23 MsgDelegateWaitDiscard::OnResponse 285: player 0 tried to discard(valid:1, expected player:0)
 2017-11-24 09:35:23 MsgDelegateWaitDiscard::OnResponse 297: the card is 28
 2017-11-24 09:35:23 MsgDelegateWaitDiscard::OnDiscardCard 42: player 0 discard card 28(idx 12)
 2017-11-24 09:35:23 MsgDelegateDiscardResult::OnSend 49: player 0 discard 28 0
 2017-11-24 09:35:23 CServerGameDesk::OnBeforeProcedureStart 177: before procedure start, from 9 to 6
 2017-11-24 09:35:23 ProcedureInterceptCardImpl::OnStart 316: check interceptable card 28 from Player 0
 2017-11-24 09:35:23 ProcedureInterceptCardJumpDelegateImpl::JumpWhenNoAction 47:  active player changed 0 -> 3
 2017-11-24 09:35:23 CServerGameDesk::OnProcedureChanged 202: procedure change from 9 to 6
 2017-11-24 09:35:23 CServerGameDesk::OnBeforeProcedureStart 177: before procedure start, from 6 to 3
 2017-11-24 09:35:23 MsgDelegateDrawCard::OnSend 61: 3 draw card 19
 2017-11-24 09:35:23 CServerGameDesk::OnProcedureChanged 202: procedure change from 6 to 3
 2017-11-24 09:35:23 CServerGameDesk::OnBeforeProcedureStart 177: before procedure start, from 3 to 4
 2017-11-24 09:35:23 ProcedureAfterGetCardImpl::OnStart 132: Player 3 find action with hand 2,2,7,7,21,22,23,23,24,26,26,27,37,19 and interceptionList  latest draw card 19
 2017-11-24 09:35:23 ProcedureAfterGetCardImpl::OnStart 146: done
 2017-11-24 09:35:23 CServerGameDesk::OnProcedureChanged 202: procedure change from 3 to 4
 2017-11-24 09:35:23 CServerGameDesk::OnBeforeProcedureStart 177: before procedure start, from 4 to 9
 2017-11-24 09:35:23 MsgDelegateWaitDiscard::OnSend 211: waiting on player 3 to discard, with candidates :19 !
 2017-11-24 09:35:24 CServerGameDesk::OnProcedureChanged 202: procedure change from 4 to 9
 2017-11-24 09:35:28 MsgDelegateWaitDiscard::OnResponse 285: player 3 tried to discard(valid:1, expected player:3)
 2017-11-24 09:35:28 MsgDelegateWaitDiscard::OnResponse 297: the card is 19
 2017-11-24 09:35:28 MsgDelegateWaitDiscard::OnDiscardCard 42: player 3 discard card 19(idx 13)
 2017-11-24 09:35:28 MsgDelegateDiscardResult::OnSend 49: player 3 discard 19 0
 2017-11-24 09:35:28 CServerGameDesk::OnBeforeProcedureStart 177: before procedure start, from 9 to 6
 2017-11-24 09:35:28 ProcedureInterceptCardImpl::OnStart 316: check interceptable card 19 from Player 3
 2017-11-24 09:35:28 ProcedureInterceptCardJumpDelegateImpl::JumpWhenNoAction 47:  active player changed 3 -> 2
 2017-11-24 09:35:28 CServerGameDesk::OnProcedureChanged 202: procedure change from 9 to 6
 2017-11-24 09:35:28 CServerGameDesk::OnBeforeProcedureStart 177: before procedure start, from 6 to 3
 2017-11-24 09:35:28 MsgDelegateDrawCard::OnSend 61: 2 draw card 29
 2017-11-24 09:35:28 CServerGameDesk::OnProcedureChanged 202: procedure change from 6 to 3
 2017-11-24 09:35:29 CServerGameDesk::OnBeforeProcedureStart 177: before procedure start, from 3 to 4
 2017-11-24 09:35:29 ProcedureAfterGetCardImpl::OnStart 132: Player 2 find action with hand 1,5,7,8,9,12,12,15,16,17,17,19,37,29 and interceptionList  latest draw card 29
 2017-11-24 09:35:29 ProcedureAfterGetCardImpl::OnStart 146: done
 2017-11-24 09:35:29 CServerGameDesk::OnProcedureChanged 202: procedure change from 3 to 4
 2017-11-24 09:35:29 CServerGameDesk::OnBeforeProcedureStart 177: before procedure start, from 4 to 9
 2017-11-24 09:35:29 MsgDelegateWaitDiscard::OnSend 211: waiting on player 2 to discard, with candidates :29 !
 2017-11-24 09:35:29 CServerGameDesk::OnProcedureChanged 202: procedure change from 4 to 9
 2017-11-24 09:35:35 CServerGameDesk::SendScoreBoard 845: zimo:0 jiepao:0 dianpao:0 angang:0 minggang:0 money:0
 2017-11-24 09:35:35 CServerGameDesk::SendScoreBoard 845: zimo:0 jiepao:0 dianpao:0 angang:0 minggang:0 money:0
 2017-11-24 09:35:35 CServerGameDesk::SendScoreBoard 845: zimo:0 jiepao:0 dianpao:0 angang:0 minggang:0 money:0
 2017-11-24 09:35:35 CServerGameDesk::SendScoreBoard 845: zimo:0 jiepao:0 dianpao:0 angang:0 minggang:0 money:0
 2017-11-24 09:35:35 CServerGameDesk::SendScoreBoard 850: Send Score Board
 2017-11-24 09:35:35 CServerGameDesk::GameClear 302: clean game





 2017-11-24 09:35:35 CServerGameDesk::GameReset 316: reset game
