 2017-11-28 10:52:43:436 CServerGameDesk::GameBegin 425: Game Start (0/1)
 2017-11-28 10:52:43:436 CServerGameDesk::GameBegin 431: Player Phone10564(Phone10564) at position 0/0
 2017-11-28 10:52:43:436 CServerGameDesk::GameBegin 431: Player hjh6(hjh6) at position 1/1
 2017-11-28 10:52:43:437 CServerGameDesk::GameBegin 431: Player hjh7(hjh7) at position 2/2
 2017-11-28 10:52:43:437 CServerGameDesk::GameBegin 431: Player hjh8(hjh8) at position 3/3
 2017-11-28 10:52:43:478 CServerGameDesk::OnBeforeProcedureStart 178: before procedure start, from 0 to 1
 2017-11-28 10:52:43:479 CServerGameDesk::OnProcedureChanged 203: procedure change from 0 to 1
 2017-11-28 10:52:43:480 MsgDelegateGameBegin::SendGameBegin 53: game begin
 2017-11-28 10:52:46:001 CServerGameDesk::OnBeforeProcedureStart 178: before procedure start, from 1 to 2
 2017-11-28 10:52:46:013 CServerGameDesk::OnProcedureChanged 203: procedure change from 1 to 2
 2017-11-28 10:52:46:014 MsgDelegateDistributeCard::OnSend 43: dispatch cards
 2017-11-28 10:52:46:063 CServerGameDesk::OnBeforeProcedureStart 178: before procedure start, from 2 to 101
 2017-11-28 10:52:46:063 MsgDelegateHuanZhang::SendQuestionToPlayer 111: question huan zhang
 2017-11-28 10:52:46:063 MsgDelegateHuanZhang::SendQuestionToPlayer 111: question huan zhang
 2017-11-28 10:52:46:064 MsgDelegateHuanZhang::SendQuestionToPlayer 111: question huan zhang
 2017-11-28 10:52:46:064 MsgDelegateHuanZhang::SendQuestionToPlayer 111: question huan zhang
 2017-11-28 10:52:46:064 CServerGameDesk::OnProcedureChanged 203: procedure change from 2 to 101
 2017-11-28 10:52:48:122 CServerGameDesk::HandleNotifyMessage 574: recvive player 1 message with thingID : 37
 2017-11-28 10:52:48:122 HuanZhangRspDelegate::OnSelect 82: player 1 change cards : 13,16,17
 2017-11-28 10:52:48:999 CServerGameDesk::HandleNotifyMessage 574: recvive player 0 message with thingID : 37
 2017-11-28 10:52:48:999 HuanZhangRspDelegate::OnSelect 82: player 0 change cards : 14,14,15
 2017-11-28 10:52:50:504 CServerGameDesk::HandleNotifyMessage 574: recvive player 3 message with thingID : 37
 2017-11-28 10:52:50:505 HuanZhangRspDelegate::OnSelect 82: player 3 change cards : 3,4,9
 2017-11-28 10:52:51:407 CServerGameDesk::HandleNotifyMessage 574: recvive player 2 message with thingID : 37
 2017-11-28 10:52:51:407 HuanZhangRspDelegate::OnSelect 82: player 2 change cards : 17,18,18
 2017-11-28 10:52:51:407 HuanZhangRspDelegate::OnSelect 115: swapPosition 0 -> 3, swapPosition 1 -> 0, swapPosition 2 -> 1, swapPosition 3  -> 2
 2017-11-28 10:52:51:407 MsgDelegateHuanZhangFinish::OnSend 41: player 0 get card  with 13,16,17
 2017-11-28 10:52:51:408 MsgDelegateHuanZhangFinish::OnSend 41: player 1 get card  with 17,18,18
 2017-11-28 10:52:51:408 MsgDelegateHuanZhangFinish::OnSend 41: player 2 get card  with 3,4,9
 2017-11-28 10:52:51:408 MsgDelegateHuanZhangFinish::OnSend 41: player 3 get card  with 14,14,15
 2017-11-28 10:52:57:750 CServerGameDesk::OnBeforeProcedureStart 178: before procedure start, from 101 to 100
 2017-11-28 10:52:57:750 MsgDelegateDingQue::OnSend 105: question ding que
 2017-11-28 10:52:57:751 MsgDelegateDingQue::OnSend 105: question ding que
 2017-11-28 10:52:57:751 MsgDelegateDingQue::OnSend 105: question ding que
 2017-11-28 10:52:57:751 MsgDelegateDingQue::OnSend 105: question ding que
 2017-11-28 10:52:57:752 CServerGameDesk::OnProcedureChanged 203: procedure change from 101 to 100
 2017-11-28 10:52:59:278 CServerGameDesk::HandleNotifyMessage 574: recvive player 2 message with thingID : 26
 2017-11-28 10:52:59:278 MsgDelegateDingQue::OnResponse 149: Player 2 select que men 1
 2017-11-28 10:52:59:958 CServerGameDesk::HandleNotifyMessage 574: recvive player 3 message with thingID : 26
 2017-11-28 10:52:59:958 MsgDelegateDingQue::OnResponse 149: Player 3 select que men 0
 2017-11-28 10:53:01:214 CServerGameDesk::HandleNotifyMessage 574: recvive player 1 message with thingID : 26
 2017-11-28 10:53:01:215 MsgDelegateDingQue::OnResponse 149: Player 1 select que men 0
 2017-11-28 10:53:01:554 CServerGameDesk::HandleNotifyMessage 574: recvive player 0 message with thingID : 26
 2017-11-28 10:53:01:554 MsgDelegateDingQue::OnResponse 149: Player 0 select que men 2
 2017-11-28 10:53:01:564 MsgDelegateFirstRound::SendFirstRound 42: first run
 2017-11-28 10:53:01:875 CServerGameDesk::OnBeforeProcedureStart 178: before procedure start, from 100 to 4
 2017-11-28 10:53:01:875 ProcedureAfterGetCardImpl::OnStart 132: Player 0 find action with hand 1,1,2,5,5,6,6,8,9,13,16,17,21,27 and interceptionList  latest draw card 17
 2017-11-28 10:53:01:875 ProcedureAfterGetCardImpl::OnStart 146: done
 2017-11-28 10:53:01:875 CServerGameDesk::OnProcedureChanged 203: procedure change from 100 to 4
 2017-11-28 10:53:01:937 CServerGameDesk::OnBeforeProcedureStart 178: before procedure start, from 4 to 9
 2017-11-28 10:53:01:937 MsgDelegateWaitDiscard::OnSend 220: waiting on player 0 to discard, with candidates :21,27 !
 2017-11-28 10:53:01:968 CServerGameDesk::OnProcedureChanged 203: procedure change from 4 to 9
 2017-11-28 10:53:05:173 CServerGameDesk::HandleNotifyMessage 574: recvive player 0 message with thingID : 27
 2017-11-28 10:53:05:173 MsgDelegateWaitDiscard::OnResponse 294: player 0 tried to discard(valid:1, expected player:0)
 2017-11-28 10:53:05:173 MsgDelegateWaitDiscard::OnResponse 306: the card is 21
 2017-11-28 10:53:05:173 MsgDelegateWaitDiscard::OnDiscardCard 43: player 0 discard card 21(idx 12)
 2017-11-28 10:53:05:174 MsgDelegateDiscardResult::OnSend 49: player 0 discard 21 0
 2017-11-28 10:53:05:187 CServerGameDesk::OnBeforeProcedureStart 178: before procedure start, from 9 to 6
 2017-11-28 10:53:05:187 ProcedureInterceptCardImpl::OnStart 316: check interceptable card 21 from Player 0
 2017-11-28 10:53:05:187 ProcedureInterceptCardJumpDelegateImpl::JumpWhenNoAction 47:  active player changed 0 -> 3
 2017-11-28 10:53:05:187 CServerGameDesk::OnProcedureChanged 203: procedure change from 9 to 6
 2017-11-28 10:53:05:251 CServerGameDesk::OnBeforeProcedureStart 178: before procedure start, from 6 to 3
 2017-11-28 10:53:05:252 MsgDelegateDrawCard::OnSend 61: 3 draw card 15
 2017-11-28 10:53:05:252 CServerGameDesk::OnProcedureChanged 203: procedure change from 6 to 3
 2017-11-28 10:53:05:313 CServerGameDesk::OnBeforeProcedureStart 178: before procedure start, from 3 to 4
 2017-11-28 10:53:05:313 ProcedureAfterGetCardImpl::OnStart 132: Player 3 find action with hand 11,11,11,12,12,13,14,14,14,15,28,28,9,15 and interceptionList  latest draw card 15
 2017-11-28 10:53:05:313 ProcedureAfterGetCardImpl::OnStart 146: done
 2017-11-28 10:53:05:313 CServerGameDesk::OnProcedureChanged 203: procedure change from 3 to 4
 2017-11-28 10:53:05:377 CServerGameDesk::OnBeforeProcedureStart 178: before procedure start, from 4 to 9
 2017-11-28 10:53:05:377 MsgDelegateWaitDiscard::OnSend 220: waiting on player 3 to discard, with candidates :9 !
 2017-11-28 10:53:05:420 CServerGameDesk::OnProcedureChanged 203: procedure change from 4 to 9
 2017-11-28 10:53:12:500 CServerGameDesk::SendScoreBoard 887: zimo:0 jiepao:0 dianpao:0 angang:0 minggang:0 money:0
 2017-11-28 10:53:12:500 CServerGameDesk::SendScoreBoard 887: zimo:0 jiepao:0 dianpao:0 angang:0 minggang:0 money:0
 2017-11-28 10:53:12:500 CServerGameDesk::SendScoreBoard 887: zimo:0 jiepao:0 dianpao:0 angang:0 minggang:0 money:0
 2017-11-28 10:53:12:500 CServerGameDesk::SendScoreBoard 887: zimo:0 jiepao:0 dianpao:0 angang:0 minggang:0 money:0
 2017-11-28 10:53:12:501 CServerGameDesk::SendScoreBoard 892: Send Score Board
 2017-11-28 10:53:12:501 CServerGameDesk::GameClear 303: clean game





 2017-11-28 10:53:12:506 CServerGameDesk::GameReset 317: reset game
