 2018-06-03 17:38:52 CServerGameDesk::GameBegin 486: Game Start (0/1)
 2018-06-03 17:38:52 CServerGameDesk::GameBegin 492: Player 婷婷(Phone21200) at position 0/0
 2018-06-03 17:38:52 CServerGameDesk::GameBegin 492: Player 平淡21210(Phone21210) at position 1/1
 2018-06-03 17:38:52 CServerGameDesk::GameBegin 492: Player 美好的一天(Phone21709) at position 2/2
 2018-06-03 17:38:52 CServerGameDesk::GameBegin 492: Player 感恩(Phone21211) at position 3/3
 2018-06-03 17:38:52 CServerGameDesk::OnBeforeProcedureStart 177: before procedure start, from 0 to 1
 2018-06-03 17:38:52 CServerGameDesk::OnProcedureChanged 202: procedure change from 0 to 1
 2018-06-03 17:38:52 MsgDelegateGameBegin::SendGameBegin 54: game begin
 2018-06-03 17:38:54 CServerGameDesk::OnBeforeProcedureStart 177: before procedure start, from 1 to 2
 2018-06-03 17:38:54 CServerGameDesk::OnProcedureChanged 202: procedure change from 1 to 2
 2018-06-03 17:38:54 MsgDelegateDistributeCard::OnSend 43: dispatch cards
 2018-06-03 17:38:55 CServerGameDesk::OnBeforeProcedureStart 177: before procedure start, from 2 to 101
 2018-06-03 17:38:55 CServerGameDesk::OnProcedureChanged 202: procedure change from 2 to 101
 2018-06-03 17:38:55 CServerGameDesk::OnBeforeProcedureStart 177: before procedure start, from 101 to 100
 2018-06-03 17:38:55 CServerGameDesk::OnProcedureChanged 202: procedure change from 101 to 100
 2018-06-03 17:38:55 MsgDelegateFirstRound::SendFirstRound 42: first run
 2018-06-03 17:38:55 CServerGameDesk::OnBeforeProcedureStart 177: before procedure start, from 100 to 4
 2018-06-03 17:38:55 ProcedureAfterGetCardImpl::OnStart 132: Player 0 find action with hand 1,8,11,11,12,14,16,17,17,19,21,27,28,36 and interceptionList  latest draw card 1
 2018-06-03 17:38:55 ProcedureAfterGetCardImpl::OnStart 146: done
 2018-06-03 17:38:55 CServerGameDesk::OnProcedureChanged 202: procedure change from 100 to 4
 2018-06-03 17:38:55 CServerGameDesk::OnBeforeProcedureStart 177: before procedure start, from 4 to 9
 2018-06-03 17:38:55 MsgDelegateWaitDiscard::OnSend 198: waiting on player 0 to discard, with candidates :1,8,11,11,12,14,16,17,17,19,21,27,28,36 !
 2018-06-03 17:38:55 CServerGameDesk::OnProcedureChanged 202: procedure change from 4 to 9
 2018-06-03 17:39:25 CServerGameDesk::SendScoreBoard 938: zimo:0 jiepao:0 dianpao:0 angang:0 minggang:0 money:0
 2018-06-03 17:39:25 CServerGameDesk::SendScoreBoard 938: zimo:0 jiepao:0 dianpao:0 angang:0 minggang:0 money:0
 2018-06-03 17:39:25 CServerGameDesk::SendScoreBoard 938: zimo:0 jiepao:0 dianpao:0 angang:0 minggang:0 money:0
 2018-06-03 17:39:25 CServerGameDesk::SendScoreBoard 938: zimo:0 jiepao:0 dianpao:0 angang:0 minggang:0 money:0
 2018-06-03 17:39:25 CServerGameDesk::SendScoreBoard 943: Send Score Board
 2018-06-03 17:39:25 CServerGameDesk::GameClear 309: clean game





 2018-06-03 17:39:25 CServerGameDesk::GameReset 323: reset game
