 2018-06-20 16:30:22:223 CServerGameDesk::GameBegin 429: Game Start (0/1)
 2018-06-20 16:30:22:223 CServerGameDesk::GameBegin 435: Player Phone15102(Phone15102) at position 0/0
 2018-06-20 16:30:22:223 CServerGameDesk::GameBegin 435: Player Phone20716(Phone20716) at position 1/1
 2018-06-20 16:30:22:223 CServerGameDesk::GameBegin 435: Player Phone20127(Phone20127) at position 2/2
 2018-06-20 16:30:22:268 CServerGameDesk::OnBeforeProcedureStart 178: before procedure start, from 0 to 1
 2018-06-20 16:30:22:268 CServerGameDesk::OnProcedureChanged 203: procedure change from 0 to 1
 2018-06-20 16:30:22:269 MsgDelegateGameBegin::SendGameBegin 53: game begin
 2018-06-20 16:30:24:312 CServerGameDesk::OnBeforeProcedureStart 178: before procedure start, from 1 to 2
 2018-06-20 16:30:24:327 CServerGameDesk::OnProcedureChanged 203: procedure change from 1 to 2
 2018-06-20 16:30:24:329 MsgDelegateDistributeCard::OnSend 43: dispatch cards
 2018-06-20 16:30:24:375 CServerGameDesk::OnBeforeProcedureStart 178: before procedure start, from 2 to 101
 2018-06-20 16:30:24:375 MsgDelegateHuanZhang::SendQuestionToPlayer 149: question huan zhang
 2018-06-20 16:30:24:375 MsgDelegateHuanZhang::SendQuestionToPlayer 149: question huan zhang
 2018-06-20 16:30:24:375 MsgDelegateHuanZhang::SendQuestionToPlayer 149: question huan zhang
 2018-06-20 16:30:24:375 CServerGameDesk::OnProcedureChanged 203: procedure change from 2 to 101
 2018-06-20 16:30:29:931 CServerGameDesk::HandleNotifyMessage 567: recvive player 2 message with thingID : 37
 2018-06-20 16:30:29:932 HuanZhangRspDelegate::OnSelect 82: player 2 change cards : 22,24,27
 2018-06-20 16:31:00:544 CServerGameDesk::HandleNotifyMessage 567: recvive player 1 message with thingID : 37
 2018-06-20 16:31:00:545 HuanZhangRspDelegate::OnSelect 82: player 1 change cards : 24,25,26
 2018-06-20 16:31:39:930 CServerGameDesk::HandleNotifyMessage 567: recvive player 0 message with thingID : 37
 2018-06-20 16:31:39:930 HuanZhangRspDelegate::OnSelect 82: player 0 change cards : 13,14,15
 2018-06-20 16:31:39:930 HuanZhangRspDelegate::OnSelect 115: swapPosition 0 -> 2, swapPosition 1 -> 0, swapPosition 2 -> 1, swapPosition 3  -> 0
 2018-06-20 16:31:39:930 MsgDelegateHuanZhangFinish::OnSend 41: player 0 get card  with 24,25,26
 2018-06-20 16:31:39:930 MsgDelegateHuanZhangFinish::OnSend 41: player 1 get card  with 22,24,27
 2018-06-20 16:31:39:931 MsgDelegateHuanZhangFinish::OnSend 41: player 2 get card  with 13,14,15
 2018-06-20 16:31:45:003 CServerGameDesk::OnBeforeProcedureStart 178: before procedure start, from 101 to 100
 2018-06-20 16:31:45:003 MsgDelegateDingQue::OnSend 105: question ding que
 2018-06-20 16:31:45:003 MsgDelegateDingQue::OnSend 105: question ding que
 2018-06-20 16:31:45:003 MsgDelegateDingQue::OnSend 105: question ding que
 2018-06-20 16:31:45:003 CServerGameDesk::OnProcedureChanged 203: procedure change from 101 to 100
 2018-06-20 16:35:26:023 CServerGameDesk::SendScoreBoard 885: zimo:0 jiepao:0 dianpao:0 angang:0 minggang:0 money:0
 2018-06-20 16:35:26:023 CServerGameDesk::SendScoreBoard 885: zimo:0 jiepao:0 dianpao:0 angang:0 minggang:0 money:0
 2018-06-20 16:35:26:023 CServerGameDesk::SendScoreBoard 885: zimo:0 jiepao:0 dianpao:0 angang:0 minggang:0 money:0
 2018-06-20 16:35:26:024 CServerGameDesk::SendScoreBoard 890: Send Score Board
 2018-06-20 16:35:26:024 CServerGameDesk::GameClear 308: clean game





 2018-06-20 16:35:26:035 CServerGameDesk::GameReset 322: reset game
 2018-06-20 16:50:28:397 CServerGameDesk::GameBegin 429: Game Start (0/1)
 2018-06-20 16:50:28:398 CServerGameDesk::GameBegin 435: Player Phone15102(Phone15102) at position 0/0
 2018-06-20 16:50:28:398 CServerGameDesk::GameBegin 435: Player Phone20127(Phone20127) at position 1/1
 2018-06-20 16:50:28:423 CServerGameDesk::OnBeforeProcedureStart 178: before procedure start, from 0 to 1
 2018-06-20 16:50:28:423 CServerGameDesk::OnProcedureChanged 203: procedure change from 0 to 1
 2018-06-20 16:50:28:423 MsgDelegateGameBegin::SendGameBegin 53: game begin
 2018-06-20 16:50:30:424 CServerGameDesk::OnBeforeProcedureStart 178: before procedure start, from 1 to 2
 2018-06-20 16:50:30:429 CServerGameDesk::OnProcedureChanged 203: procedure change from 1 to 2
 2018-06-20 16:50:30:430 MsgDelegateDistributeCard::OnSend 43: dispatch cards
 2018-06-20 16:50:30:484 CServerGameDesk::OnBeforeProcedureStart 178: before procedure start, from 2 to 101
 2018-06-20 16:50:30:484 MsgDelegateHuanZhang::SendQuestionToPlayer 149: question huan zhang
 2018-06-20 16:50:30:484 MsgDelegateHuanZhang::SendQuestionToPlayer 149: question huan zhang
 2018-06-20 16:50:30:484 CServerGameDesk::OnProcedureChanged 203: procedure change from 2 to 101
 2018-06-20 16:50:34:510 CServerGameDesk::HandleNotifyMessage 567: recvive player 1 message with thingID : 37
 2018-06-20 16:50:34:510 HuanZhangRspDelegate::OnSelect 82: player 1 change cards : 22,24,29
 2018-06-20 16:50:37:075 CServerGameDesk::HandleNotifyMessage 567: recvive player 0 message with thingID : 37
 2018-06-20 16:50:37:075 HuanZhangRspDelegate::OnSelect 82: player 0 change cards : 23,27,27
 2018-06-20 16:50:37:075 HuanZhangRspDelegate::OnSelect 115: swapPosition 0 -> 1, swapPosition 1 -> 0, swapPosition 2 -> -35, swapPosition 3  -> 0
 2018-06-20 16:50:37:075 MsgDelegateHuanZhangFinish::OnSend 41: player 0 get card  with 22,24,29
 2018-06-20 16:50:37:076 MsgDelegateHuanZhangFinish::OnSend 41: player 1 get card  with 23,27,27
 2018-06-20 16:50:42:111 CServerGameDesk::OnBeforeProcedureStart 178: before procedure start, from 101 to 100
 2018-06-20 16:50:42:111 MsgDelegateDingQue::OnSend 105: question ding que
 2018-06-20 16:50:42:111 MsgDelegateDingQue::OnSend 105: question ding que
 2018-06-20 16:50:42:111 CServerGameDesk::OnProcedureChanged 203: procedure change from 101 to 100
 2018-06-20 16:50:45:095 CServerGameDesk::SendScoreBoard 885: zimo:0 jiepao:0 dianpao:0 angang:0 minggang:0 money:0
 2018-06-20 16:50:45:095 CServerGameDesk::SendScoreBoard 885: zimo:0 jiepao:0 dianpao:0 angang:0 minggang:0 money:0
 2018-06-20 16:50:45:095 CServerGameDesk::SendScoreBoard 890: Send Score Board
 2018-06-20 16:50:45:096 CServerGameDesk::GameClear 308: clean game





 2018-06-20 16:50:45:100 CServerGameDesk::GameReset 322: reset game
 2018-06-20 16:51:02:556 CServerGameDesk::GameBegin 429: Game Start (0/1)
 2018-06-20 16:51:02:556 CServerGameDesk::GameBegin 435: Player Phone15102(Phone15102) at position 0/0
 2018-06-20 16:51:02:556 CServerGameDesk::GameBegin 435: Player Phone20127(Phone20127) at position 1/1
 2018-06-20 16:51:02:558 CServerGameDesk::OnBeforeProcedureStart 178: before procedure start, from 0 to 1
 2018-06-20 16:51:02:558 CServerGameDesk::OnProcedureChanged 203: procedure change from 0 to 1
 2018-06-20 16:51:02:558 MsgDelegateGameBegin::SendGameBegin 53: game begin
 2018-06-20 16:51:04:611 CServerGameDesk::OnBeforeProcedureStart 178: before procedure start, from 1 to 2
 2018-06-20 16:51:04:615 CServerGameDesk::OnProcedureChanged 203: procedure change from 1 to 2
 2018-06-20 16:51:04:617 MsgDelegateDistributeCard::OnSend 43: dispatch cards
 2018-06-20 16:51:04:674 CServerGameDesk::OnBeforeProcedureStart 178: before procedure start, from 2 to 101
 2018-06-20 16:51:04:674 MsgDelegateHuanZhang::SendQuestionToPlayer 149: question huan zhang
 2018-06-20 16:51:04:675 MsgDelegateHuanZhang::SendQuestionToPlayer 149: question huan zhang
 2018-06-20 16:51:04:675 CServerGameDesk::OnProcedureChanged 203: procedure change from 2 to 101
 2018-06-20 16:51:23:622 MsgDelegateHuanZhang::SendQuestionToPlayer 149: question huan zhang
 2018-06-20 16:51:30:326 CServerGameDesk::HandleNotifyMessage 567: recvive player 0 message with thingID : 37
 2018-06-20 16:51:30:326 HuanZhangRspDelegate::OnSelect 82: player 0 change cards : 21,23,24
 2018-06-20 16:51:59:272 CServerGameDesk::HandleNotifyMessage 567: recvive player 1 message with thingID : 37
 2018-06-20 16:51:59:272 HuanZhangRspDelegate::OnSelect 82: player 1 change cards : 1,2,6
 2018-06-20 16:51:59:272 HuanZhangRspDelegate::OnSelect 115: swapPosition 0 -> 1, swapPosition 1 -> 0, swapPosition 2 -> -35, swapPosition 3  -> 0
 2018-06-20 16:51:59:273 MsgDelegateHuanZhangFinish::OnSend 41: player 0 get card  with 1,2,6
 2018-06-20 16:51:59:273 MsgDelegateHuanZhangFinish::OnSend 41: player 1 get card  with 21,23,24
 2018-06-20 16:52:04:370 CServerGameDesk::OnBeforeProcedureStart 178: before procedure start, from 101 to 100
 2018-06-20 16:52:04:370 MsgDelegateDingQue::OnSend 105: question ding que
 2018-06-20 16:52:04:370 MsgDelegateDingQue::OnSend 105: question ding que
 2018-06-20 16:52:04:370 CServerGameDesk::OnProcedureChanged 203: procedure change from 101 to 100
 2018-06-20 16:52:14:439 CServerGameDesk::SendScoreBoard 885: zimo:0 jiepao:0 dianpao:0 angang:0 minggang:0 money:0
 2018-06-20 16:52:14:439 CServerGameDesk::SendScoreBoard 885: zimo:0 jiepao:0 dianpao:0 angang:0 minggang:0 money:0
 2018-06-20 16:52:14:440 CServerGameDesk::SendScoreBoard 890: Send Score Board
 2018-06-20 16:52:14:440 CServerGameDesk::GameClear 308: clean game





 2018-06-20 16:52:14:446 CServerGameDesk::GameReset 322: reset game
 2018-06-20 16:52:33:468 CServerGameDesk::GameBegin 429: Game Start (0/1)
 2018-06-20 16:52:33:468 CServerGameDesk::GameBegin 435: Player Phone15102(Phone15102) at position 0/0
 2018-06-20 16:52:33:468 CServerGameDesk::GameBegin 435: Player Phone20127(Phone20127) at position 1/1
 2018-06-20 16:52:33:512 CServerGameDesk::OnBeforeProcedureStart 178: before procedure start, from 0 to 1
 2018-06-20 16:52:33:512 CServerGameDesk::OnProcedureChanged 203: procedure change from 0 to 1
 2018-06-20 16:52:33:512 MsgDelegateGameBegin::SendGameBegin 53: game begin
 2018-06-20 16:52:35:551 CServerGameDesk::OnBeforeProcedureStart 178: before procedure start, from 1 to 2
 2018-06-20 16:52:35:555 CServerGameDesk::OnProcedureChanged 203: procedure change from 1 to 2
 2018-06-20 16:52:35:556 MsgDelegateDistributeCard::OnSend 43: dispatch cards
 2018-06-20 16:52:35:614 CServerGameDesk::OnBeforeProcedureStart 178: before procedure start, from 2 to 101
 2018-06-20 16:52:35:614 MsgDelegateHuanZhang::SendQuestionToPlayer 149: question huan zhang
 2018-06-20 16:52:35:614 MsgDelegateHuanZhang::SendQuestionToPlayer 149: question huan zhang
 2018-06-20 16:52:35:614 CServerGameDesk::OnProcedureChanged 203: procedure change from 2 to 101
 2018-06-20 16:52:37:810 CServerGameDesk::HandleNotifyMessage 567: recvive player 1 message with thingID : 37
 2018-06-20 16:52:37:810 HuanZhangRspDelegate::OnSelect 82: player 1 change cards : 27,27,29
 2018-06-20 16:52:53:211 MsgDelegateHuanZhang::SendQuestionToPlayer 149: question huan zhang
 2018-06-20 16:54:18:914 MsgDelegateHuanZhang::SendQuestionToPlayer 149: question huan zhang
 2018-06-20 16:56:18:452 MsgDelegateHuanZhang::SendQuestionToPlayer 149: question huan zhang
 2018-06-20 17:03:42:775 MsgDelegateHuanZhang::SendQuestionToPlayer 149: question huan zhang
 2018-06-20 17:04:11:011 MsgDelegateHuanZhang::SendQuestionToPlayer 149: question huan zhang
 2018-06-20 17:05:59:526 MsgDelegateHuanZhang::SendQuestionToPlayer 149: question huan zhang
 2018-06-20 17:06:16:282 MsgDelegateHuanZhang::SendQuestionToPlayer 149: question huan zhang
 2018-06-20 17:06:26:968 CServerGameDesk::HandleNotifyMessage 567: recvive player 0 message with thingID : 37
 2018-06-20 17:06:26:968 HuanZhangRspDelegate::OnSelect 82: player 0 change cards : 11,12,12
 2018-06-20 17:06:26:968 HuanZhangRspDelegate::OnSelect 115: swapPosition 0 -> 1, swapPosition 1 -> 0, swapPosition 2 -> -35, swapPosition 3  -> 0
 2018-06-20 17:06:26:968 MsgDelegateHuanZhangFinish::OnSend 41: player 0 get card  with 27,27,29
 2018-06-20 17:06:26:969 MsgDelegateHuanZhangFinish::OnSend 41: player 1 get card  with 11,12,12
 2018-06-20 17:06:32:083 CServerGameDesk::OnBeforeProcedureStart 178: before procedure start, from 101 to 100
 2018-06-20 17:06:32:084 MsgDelegateDingQue::OnSend 105: question ding que
 2018-06-20 17:06:32:084 MsgDelegateDingQue::OnSend 105: question ding que
 2018-06-20 17:06:32:084 CServerGameDesk::OnProcedureChanged 203: procedure change from 101 to 100
 2018-06-20 17:06:38:799 CServerGameDesk::HandleNotifyMessage 567: recvive player 0 message with thingID : 26
 2018-06-20 17:06:38:799 MsgDelegateDingQue::OnResponse 149: Player 0 select que men 1
 2018-06-20 17:06:40:855 CServerGameDesk::HandleNotifyMessage 567: recvive player 1 message with thingID : 26
 2018-06-20 17:06:40:855 MsgDelegateDingQue::OnResponse 149: Player 1 select que men 2
 2018-06-20 17:06:40:897 MsgDelegateFirstRound::SendFirstRound 42: first run
 2018-06-20 17:06:41:210 CServerGameDesk::OnBeforeProcedureStart 178: before procedure start, from 100 to 4
 2018-06-20 17:06:41:210 ProcedureAfterGetCardImpl::OnStart 132: Player 0 find action with hand 1,2,2,7,8,8,9,9,21,27,27,27,29,16 and interceptionList  latest draw card 2
 2018-06-20 17:06:41:210 ProcedureAfterGetCardImpl::OnStart 146: done
 2018-06-20 17:06:41:210 CServerGameDesk::OnProcedureChanged 203: procedure change from 100 to 4
 2018-06-20 17:06:41:271 CServerGameDesk::OnBeforeProcedureStart 178: before procedure start, from 4 to 9
 2018-06-20 17:06:41:271 MsgDelegateWaitDiscard::OnSend 220: waiting on player 0 to discard, with candidates :16 !
 2018-06-20 17:06:41:300 CServerGameDesk::OnProcedureChanged 203: procedure change from 4 to 9
 2018-06-20 17:06:44:413 CServerGameDesk::HandleNotifyMessage 567: recvive player 0 message with thingID : 27
 2018-06-20 17:06:44:413 MsgDelegateWaitDiscard::OnResponse 294: player 0 tried to discard(valid:1, expected player:0)
 2018-06-20 17:06:44:413 MsgDelegateWaitDiscard::OnResponse 306: the card is 16
 2018-06-20 17:06:44:413 MsgDelegateWaitDiscard::OnDiscardCard 43: player 0 discard card 16(idx 13)
 2018-06-20 17:06:44:413 MsgDelegateDiscardResult::OnSend 49: player 0 discard 16 0
 2018-06-20 17:06:44:459 CServerGameDesk::OnBeforeProcedureStart 178: before procedure start, from 9 to 6
 2018-06-20 17:06:44:459 ProcedureInterceptCardImpl::OnStart 316: check interceptable card 16 from Player 0
 2018-06-20 17:06:44:459 ProcedureInterceptCardJumpDelegateImpl::JumpWhenNoAction 47:  active player changed 0 -> 1
 2018-06-20 17:06:44:459 CServerGameDesk::OnProcedureChanged 203: procedure change from 9 to 6
 2018-06-20 17:06:44:523 CServerGameDesk::OnBeforeProcedureStart 178: before procedure start, from 6 to 3
 2018-06-20 17:06:44:524 MsgDelegateDrawCard::OnSend 61: 1 draw card 11
 2018-06-20 17:06:44:524 CServerGameDesk::OnProcedureChanged 203: procedure change from 6 to 3
 2018-06-20 17:06:44:585 CServerGameDesk::OnBeforeProcedureStart 178: before procedure start, from 3 to 4
 2018-06-20 17:06:44:585 ProcedureAfterGetCardImpl::OnStart 132: Player 1 find action with hand 1,2,5,7,7,11,11,12,12,12,35,36,37,11 and interceptionList  latest draw card 11
 2018-06-20 17:06:44:586 ProcedureAfterGetCardImpl::OnStart 146: done
 2018-06-20 17:06:44:586 CServerGameDesk::OnProcedureChanged 203: procedure change from 3 to 4
 2018-06-20 17:06:44:647 CServerGameDesk::OnBeforeProcedureStart 178: before procedure start, from 4 to 9
 2018-06-20 17:06:44:648 MsgDelegateWaitDiscard::OnSend 220: waiting on player 1 to discard, with candidates :1,2,5,7,7,11,11,12,12,12,35,36,37,11 !
 2018-06-20 17:06:44:679 CServerGameDesk::OnProcedureChanged 203: procedure change from 4 to 9
 2018-06-20 17:06:46:337 CServerGameDesk::HandleNotifyMessage 567: recvive player 1 message with thingID : 27
 2018-06-20 17:06:46:337 MsgDelegateWaitDiscard::OnResponse 294: player 1 tried to discard(valid:1, expected player:1)
 2018-06-20 17:06:46:337 MsgDelegateWaitDiscard::OnResponse 306: the card is 37
 2018-06-20 17:06:46:337 MsgDelegateWaitDiscard::OnDiscardCard 43: player 1 discard card 37(idx 12)
 2018-06-20 17:06:46:337 MsgDelegateDiscardResult::OnSend 49: player 1 discard 37 0
 2018-06-20 17:06:46:399 CServerGameDesk::OnBeforeProcedureStart 178: before procedure start, from 9 to 6
 2018-06-20 17:06:46:399 ProcedureInterceptCardImpl::OnStart 316: check interceptable card 37 from Player 1
 2018-06-20 17:06:46:400 ProcedureInterceptCardJumpDelegateImpl::JumpWhenNoAction 47:  active player changed 1 -> 0
 2018-06-20 17:06:46:400 CServerGameDesk::OnProcedureChanged 203: procedure change from 9 to 6
 2018-06-20 17:06:46:459 CServerGameDesk::OnBeforeProcedureStart 178: before procedure start, from 6 to 3
 2018-06-20 17:06:46:461 MsgDelegateDrawCard::OnSend 61: 0 draw card 24
 2018-06-20 17:06:46:461 CServerGameDesk::OnProcedureChanged 203: procedure change from 6 to 3
 2018-06-20 17:06:46:524 CServerGameDesk::OnBeforeProcedureStart 178: before procedure start, from 3 to 4
 2018-06-20 17:06:46:524 ProcedureAfterGetCardImpl::OnStart 132: Player 0 find action with hand 1,2,2,7,8,8,9,9,21,27,27,27,29,24 and interceptionList  latest draw card 24
 2018-06-20 17:06:46:524 ProcedureAfterGetCardImpl::OnStart 146: done
 2018-06-20 17:06:46:524 CServerGameDesk::OnProcedureChanged 203: procedure change from 3 to 4
 2018-06-20 17:06:46:585 CServerGameDesk::OnBeforeProcedureStart 178: before procedure start, from 4 to 9
 2018-06-20 17:06:46:585 MsgDelegateWaitDiscard::OnSend 220: waiting on player 0 to discard, with candidates :1,2,2,7,8,8,9,9,21,27,27,27,29,24 !
 2018-06-20 17:06:46:616 CServerGameDesk::OnProcedureChanged 203: procedure change from 4 to 9
 2018-06-20 17:06:49:050 CServerGameDesk::HandleNotifyMessage 567: recvive player 0 message with thingID : 27
 2018-06-20 17:06:49:051 MsgDelegateWaitDiscard::OnResponse 294: player 0 tried to discard(valid:1, expected player:0)
 2018-06-20 17:06:49:051 MsgDelegateWaitDiscard::OnResponse 306: the card is 21
 2018-06-20 17:06:49:051 MsgDelegateWaitDiscard::OnDiscardCard 43: player 0 discard card 21(idx 8)
 2018-06-20 17:06:49:051 MsgDelegateDiscardResult::OnSend 49: player 0 discard 21 0
 2018-06-20 17:06:49:085 CServerGameDesk::OnBeforeProcedureStart 178: before procedure start, from 9 to 6
 2018-06-20 17:06:49:085 ProcedureInterceptCardImpl::OnStart 316: check interceptable card 21 from Player 0
 2018-06-20 17:06:49:086 ProcedureInterceptCardJumpDelegateImpl::JumpWhenNoAction 47:  active player changed 0 -> 1
 2018-06-20 17:06:49:086 CServerGameDesk::OnProcedureChanged 203: procedure change from 9 to 6
 2018-06-20 17:06:49:148 CServerGameDesk::OnBeforeProcedureStart 178: before procedure start, from 6 to 3
 2018-06-20 17:06:49:149 MsgDelegateDrawCard::OnSend 61: 1 draw card 19
 2018-06-20 17:06:49:149 CServerGameDesk::OnProcedureChanged 203: procedure change from 6 to 3
 2018-06-20 17:06:49:209 CServerGameDesk::OnBeforeProcedureStart 178: before procedure start, from 3 to 4
 2018-06-20 17:06:49:209 ProcedureAfterGetCardImpl::OnStart 132: Player 1 find action with hand 1,2,5,7,7,11,11,11,12,12,12,35,36,19 and interceptionList  latest draw card 19
 2018-06-20 17:06:49:210 ProcedureAfterGetCardImpl::OnStart 146: done
 2018-06-20 17:06:49:210 CServerGameDesk::OnProcedureChanged 203: procedure change from 3 to 4
 2018-06-20 17:06:49:272 CServerGameDesk::OnBeforeProcedureStart 178: before procedure start, from 4 to 9
 2018-06-20 17:06:49:273 MsgDelegateWaitDiscard::OnSend 220: waiting on player 1 to discard, with candidates :1,2,5,7,7,11,11,11,12,12,12,35,36,19 !
 2018-06-20 17:06:49:306 CServerGameDesk::OnProcedureChanged 203: procedure change from 4 to 9
 2018-06-20 17:06:50:969 CServerGameDesk::HandleNotifyMessage 567: recvive player 1 message with thingID : 27
 2018-06-20 17:06:50:970 MsgDelegateWaitDiscard::OnResponse 294: player 1 tried to discard(valid:1, expected player:1)
 2018-06-20 17:06:50:970 MsgDelegateWaitDiscard::OnResponse 306: the card is 36
 2018-06-20 17:06:50:970 MsgDelegateWaitDiscard::OnDiscardCard 43: player 1 discard card 36(idx 12)
 2018-06-20 17:06:50:970 MsgDelegateDiscardResult::OnSend 49: player 1 discard 36 0
 2018-06-20 17:06:51:023 CServerGameDesk::OnBeforeProcedureStart 178: before procedure start, from 9 to 6
 2018-06-20 17:06:51:023 ProcedureInterceptCardImpl::OnStart 316: check interceptable card 36 from Player 1
 2018-06-20 17:06:51:024 ProcedureInterceptCardJumpDelegateImpl::JumpWhenNoAction 47:  active player changed 1 -> 0
 2018-06-20 17:06:51:024 CServerGameDesk::OnProcedureChanged 203: procedure change from 9 to 6
 2018-06-20 17:06:51:084 CServerGameDesk::OnBeforeProcedureStart 178: before procedure start, from 6 to 3
 2018-06-20 17:06:51:085 MsgDelegateDrawCard::OnSend 61: 0 draw card 13
 2018-06-20 17:06:51:085 CServerGameDesk::OnProcedureChanged 203: procedure change from 6 to 3
 2018-06-20 17:06:51:151 CServerGameDesk::OnBeforeProcedureStart 178: before procedure start, from 3 to 4
 2018-06-20 17:06:51:157 ProcedureAfterGetCardImpl::OnStart 132: Player 0 find action with hand 1,2,2,7,8,8,9,9,24,27,27,27,29,13 and interceptionList  latest draw card 13
 2018-06-20 17:06:51:157 ProcedureAfterGetCardImpl::OnStart 146: done
 2018-06-20 17:06:51:157 CServerGameDesk::OnProcedureChanged 203: procedure change from 3 to 4
 2018-06-20 17:06:51:211 CServerGameDesk::OnBeforeProcedureStart 178: before procedure start, from 4 to 9
 2018-06-20 17:06:51:212 MsgDelegateWaitDiscard::OnSend 220: waiting on player 0 to discard, with candidates :13 !
 2018-06-20 17:06:51:242 CServerGameDesk::OnProcedureChanged 203: procedure change from 4 to 9
 2018-06-20 17:06:52:840 CServerGameDesk::HandleNotifyMessage 567: recvive player 0 message with thingID : 27
 2018-06-20 17:06:52:840 MsgDelegateWaitDiscard::OnResponse 294: player 0 tried to discard(valid:1, expected player:0)
 2018-06-20 17:06:52:840 MsgDelegateWaitDiscard::OnResponse 306: the card is 13
 2018-06-20 17:06:52:840 MsgDelegateWaitDiscard::OnDiscardCard 43: player 0 discard card 13(idx 13)
 2018-06-20 17:06:52:840 MsgDelegateDiscardResult::OnSend 49: player 0 discard 13 0
 2018-06-20 17:06:52:898 CServerGameDesk::OnBeforeProcedureStart 178: before procedure start, from 9 to 6
 2018-06-20 17:06:52:898 ProcedureInterceptCardImpl::OnStart 316: check interceptable card 13 from Player 0
 2018-06-20 17:06:52:899 ProcedureInterceptCardJumpDelegateImpl::JumpWhenNoAction 47:  active player changed 0 -> 1
 2018-06-20 17:06:52:899 CServerGameDesk::OnProcedureChanged 203: procedure change from 9 to 6
 2018-06-20 17:06:52:959 CServerGameDesk::OnBeforeProcedureStart 178: before procedure start, from 6 to 3
 2018-06-20 17:06:52:960 MsgDelegateDrawCard::OnSend 61: 1 draw card 29
 2018-06-20 17:06:52:960 CServerGameDesk::OnProcedureChanged 203: procedure change from 6 to 3
 2018-06-20 17:06:53:023 CServerGameDesk::OnBeforeProcedureStart 178: before procedure start, from 3 to 4
 2018-06-20 17:06:53:023 ProcedureAfterGetCardImpl::OnStart 132: Player 1 find action with hand 1,2,5,7,7,11,11,11,12,12,12,19,35,29 and interceptionList  latest draw card 29
 2018-06-20 17:06:53:023 ProcedureAfterGetCardImpl::OnStart 146: done
 2018-06-20 17:06:53:023 CServerGameDesk::OnProcedureChanged 203: procedure change from 3 to 4
 2018-06-20 17:06:53:087 CServerGameDesk::OnBeforeProcedureStart 178: before procedure start, from 4 to 9
 2018-06-20 17:06:53:087 MsgDelegateWaitDiscard::OnSend 220: waiting on player 1 to discard, with candidates :29 !
 2018-06-20 17:06:53:123 CServerGameDesk::OnProcedureChanged 203: procedure change from 4 to 9
 2018-06-20 17:06:54:626 CServerGameDesk::HandleNotifyMessage 567: recvive player 1 message with thingID : 27
 2018-06-20 17:06:54:626 MsgDelegateWaitDiscard::OnResponse 294: player 1 tried to discard(valid:1, expected player:1)
 2018-06-20 17:06:54:626 MsgDelegateWaitDiscard::OnResponse 306: the card is 29
 2018-06-20 17:06:54:626 MsgDelegateWaitDiscard::OnDiscardCard 43: player 1 discard card 29(idx 13)
 2018-06-20 17:06:54:627 MsgDelegateDiscardResult::OnSend 49: player 1 discard 29 0
 2018-06-20 17:06:54:650 CServerGameDesk::OnBeforeProcedureStart 178: before procedure start, from 9 to 6
 2018-06-20 17:06:54:650 ProcedureInterceptCardImpl::OnStart 316: check interceptable card 29 from Player 1
 2018-06-20 17:06:54:650 ProcedureInterceptCardJumpDelegateImpl::JumpWhenNoAction 47:  active player changed 1 -> 0
 2018-06-20 17:06:54:651 CServerGameDesk::OnProcedureChanged 203: procedure change from 9 to 6
 2018-06-20 17:06:54:711 CServerGameDesk::OnBeforeProcedureStart 178: before procedure start, from 6 to 3
 2018-06-20 17:06:54:712 MsgDelegateDrawCard::OnSend 61: 0 draw card 19
 2018-06-20 17:06:54:713 CServerGameDesk::OnProcedureChanged 203: procedure change from 6 to 3
 2018-06-20 17:06:54:772 CServerGameDesk::OnBeforeProcedureStart 178: before procedure start, from 3 to 4
 2018-06-20 17:06:54:772 ProcedureAfterGetCardImpl::OnStart 132: Player 0 find action with hand 1,2,2,7,8,8,9,9,24,27,27,27,29,19 and interceptionList  latest draw card 19
 2018-06-20 17:06:54:772 ProcedureAfterGetCardImpl::OnStart 146: done
 2018-06-20 17:06:54:772 CServerGameDesk::OnProcedureChanged 203: procedure change from 3 to 4
 2018-06-20 17:06:54:834 CServerGameDesk::OnBeforeProcedureStart 178: before procedure start, from 4 to 9
 2018-06-20 17:06:54:834 MsgDelegateWaitDiscard::OnSend 220: waiting on player 0 to discard, with candidates :19 !
 2018-06-20 17:06:54:869 CServerGameDesk::OnProcedureChanged 203: procedure change from 4 to 9
 2018-06-20 17:06:56:372 CServerGameDesk::HandleNotifyMessage 567: recvive player 0 message with thingID : 27
 2018-06-20 17:06:56:372 MsgDelegateWaitDiscard::OnResponse 294: player 0 tried to discard(valid:1, expected player:0)
 2018-06-20 17:06:56:372 MsgDelegateWaitDiscard::OnResponse 306: the card is 19
 2018-06-20 17:06:56:372 MsgDelegateWaitDiscard::OnDiscardCard 43: player 0 discard card 19(idx 13)
 2018-06-20 17:06:56:372 MsgDelegateDiscardResult::OnSend 49: player 0 discard 19 0
 2018-06-20 17:06:56:398 CServerGameDesk::OnBeforeProcedureStart 178: before procedure start, from 9 to 6
 2018-06-20 17:06:56:398 ProcedureInterceptCardImpl::OnStart 316: check interceptable card 19 from Player 0
 2018-06-20 17:06:56:399 ProcedureInterceptCardJumpDelegateImpl::JumpWhenNoAction 47:  active player changed 0 -> 1
 2018-06-20 17:06:56:399 CServerGameDesk::OnProcedureChanged 203: procedure change from 9 to 6
 2018-06-20 17:06:56:462 CServerGameDesk::OnBeforeProcedureStart 178: before procedure start, from 6 to 3
 2018-06-20 17:06:56:464 MsgDelegateDrawCard::OnSend 61: 1 draw card 4
 2018-06-20 17:06:56:464 CServerGameDesk::OnProcedureChanged 203: procedure change from 6 to 3
 2018-06-20 17:06:56:523 CServerGameDesk::OnBeforeProcedureStart 178: before procedure start, from 3 to 4
 2018-06-20 17:06:56:523 ProcedureAfterGetCardImpl::OnStart 132: Player 1 find action with hand 1,2,5,7,7,11,11,11,12,12,12,19,35,4 and interceptionList  latest draw card 4
 2018-06-20 17:06:56:524 ProcedureAfterGetCardImpl::OnStart 146: done
 2018-06-20 17:06:56:524 CServerGameDesk::OnProcedureChanged 203: procedure change from 3 to 4
 2018-06-20 17:06:56:585 CServerGameDesk::OnBeforeProcedureStart 178: before procedure start, from 4 to 9
 2018-06-20 17:06:56:585 MsgDelegateWaitDiscard::OnSend 220: waiting on player 1 to discard, with candidates :1,2,5,7,7,11,11,11,12,12,12,19,35,4 !
 2018-06-20 17:06:56:614 CServerGameDesk::OnProcedureChanged 203: procedure change from 4 to 9
 2018-06-20 17:06:58:010 CServerGameDesk::HandleNotifyMessage 567: recvive player 1 message with thingID : 27
 2018-06-20 17:06:58:010 MsgDelegateWaitDiscard::OnResponse 294: player 1 tried to discard(valid:1, expected player:1)
 2018-06-20 17:06:58:010 MsgDelegateWaitDiscard::OnResponse 306: the card is 35
 2018-06-20 17:06:58:010 MsgDelegateWaitDiscard::OnDiscardCard 43: player 1 discard card 35(idx 12)
 2018-06-20 17:06:58:010 MsgDelegateDiscardResult::OnSend 49: player 1 discard 35 0
 2018-06-20 17:06:58:027 CServerGameDesk::OnBeforeProcedureStart 178: before procedure start, from 9 to 6
 2018-06-20 17:06:58:027 ProcedureInterceptCardImpl::OnStart 316: check interceptable card 35 from Player 1
 2018-06-20 17:06:58:027 ProcedureInterceptCardJumpDelegateImpl::JumpWhenNoAction 47:  active player changed 1 -> 0
 2018-06-20 17:06:58:027 CServerGameDesk::OnProcedureChanged 203: procedure change from 9 to 6
 2018-06-20 17:06:58:086 CServerGameDesk::OnBeforeProcedureStart 178: before procedure start, from 6 to 3
 2018-06-20 17:06:58:086 MsgDelegateDrawCard::OnSend 61: 0 draw card 13
 2018-06-20 17:06:58:087 CServerGameDesk::OnProcedureChanged 203: procedure change from 6 to 3
 2018-06-20 17:06:58:146 CServerGameDesk::OnBeforeProcedureStart 178: before procedure start, from 3 to 4
 2018-06-20 17:06:58:146 ProcedureAfterGetCardImpl::OnStart 132: Player 0 find action with hand 1,2,2,7,8,8,9,9,24,27,27,27,29,13 and interceptionList  latest draw card 13
 2018-06-20 17:06:58:146 ProcedureAfterGetCardImpl::OnStart 146: done
 2018-06-20 17:06:58:146 CServerGameDesk::OnProcedureChanged 203: procedure change from 3 to 4
 2018-06-20 17:06:58:212 CServerGameDesk::OnBeforeProcedureStart 178: before procedure start, from 4 to 9
 2018-06-20 17:06:58:212 MsgDelegateWaitDiscard::OnSend 220: waiting on player 0 to discard, with candidates :13 !
 2018-06-20 17:06:58:250 CServerGameDesk::OnProcedureChanged 203: procedure change from 4 to 9
 2018-06-20 17:06:59:644 CServerGameDesk::HandleNotifyMessage 567: recvive player 0 message with thingID : 27
 2018-06-20 17:06:59:644 MsgDelegateWaitDiscard::OnResponse 294: player 0 tried to discard(valid:1, expected player:0)
 2018-06-20 17:06:59:644 MsgDelegateWaitDiscard::OnResponse 306: the card is 13
 2018-06-20 17:06:59:644 MsgDelegateWaitDiscard::OnDiscardCard 43: player 0 discard card 13(idx 13)
 2018-06-20 17:06:59:645 MsgDelegateDiscardResult::OnSend 49: player 0 discard 13 0
 2018-06-20 17:06:59:647 CServerGameDesk::OnBeforeProcedureStart 178: before procedure start, from 9 to 6
 2018-06-20 17:06:59:647 ProcedureInterceptCardImpl::OnStart 316: check interceptable card 13 from Player 0
 2018-06-20 17:06:59:647 ProcedureInterceptCardJumpDelegateImpl::JumpWhenNoAction 47:  active player changed 0 -> 1
 2018-06-20 17:06:59:647 CServerGameDesk::OnProcedureChanged 203: procedure change from 9 to 6
 2018-06-20 17:06:59:712 CServerGameDesk::OnBeforeProcedureStart 178: before procedure start, from 6 to 3
 2018-06-20 17:06:59:713 MsgDelegateDrawCard::OnSend 61: 1 draw card 13
 2018-06-20 17:06:59:713 CServerGameDesk::OnProcedureChanged 203: procedure change from 6 to 3
 2018-06-20 17:06:59:775 CServerGameDesk::OnBeforeProcedureStart 178: before procedure start, from 3 to 4
 2018-06-20 17:06:59:775 ProcedureAfterGetCardImpl::OnStart 132: Player 1 find action with hand 1,2,4,5,7,7,11,11,11,12,12,12,19,13 and interceptionList  latest draw card 13
 2018-06-20 17:06:59:775 ProcedureAfterGetCardImpl::OnStart 146: done
 2018-06-20 17:06:59:776 CServerGameDesk::OnProcedureChanged 203: procedure change from 3 to 4
 2018-06-20 17:06:59:834 CServerGameDesk::OnBeforeProcedureStart 178: before procedure start, from 4 to 9
 2018-06-20 17:06:59:834 MsgDelegateWaitDiscard::OnSend 220: waiting on player 1 to discard, with candidates :1,2,4,5,7,7,11,11,11,12,12,12,19,13 !
 2018-06-20 17:06:59:872 CServerGameDesk::OnProcedureChanged 203: procedure change from 4 to 9
 2018-06-20 17:07:07:887 CServerGameDesk::SendScoreBoard 885: zimo:0 jiepao:0 dianpao:0 angang:0 minggang:0 money:0
 2018-06-20 17:07:07:887 CServerGameDesk::SendScoreBoard 885: zimo:0 jiepao:0 dianpao:0 angang:0 minggang:0 money:0
 2018-06-20 17:07:07:887 CServerGameDesk::SendScoreBoard 890: Send Score Board
 2018-06-20 17:07:07:887 CServerGameDesk::GameClear 308: clean game





 2018-06-20 17:07:07:892 CServerGameDesk::GameReset 322: reset game
