 2018-06-20 13:37:03:288 CServerGameDesk::GameBegin 429: Game Start (0/1)
 2018-06-20 13:37:03:304 CServerGameDesk::GameBegin 435: Player Phone15102(Phone15102) at position 0/0
 2018-06-20 13:37:03:304 CServerGameDesk::GameBegin 435: Player Phone20127(Phone20127) at position 1/1
 2018-06-20 13:37:03:319 CServerGameDesk::OnBeforeProcedureStart 178: before procedure start, from 0 to 1
 2018-06-20 13:37:03:322 CServerGameDesk::OnProcedureChanged 203: procedure change from 0 to 1
 2018-06-20 13:37:03:330 MsgDelegateGameBegin::SendGameBegin 53: game begin
 2018-06-20 13:37:05:226 CServerGameDesk::OnBeforeProcedureStart 178: before procedure start, from 1 to 2
 2018-06-20 13:37:05:234 CServerGameDesk::OnProcedureChanged 203: procedure change from 1 to 2
 2018-06-20 13:37:05:236 MsgDelegateDistributeCard::OnSend 43: dispatch cards
 2018-06-20 13:37:05:288 CServerGameDesk::OnBeforeProcedureStart 178: before procedure start, from 2 to 101
 2018-06-20 13:37:05:289 MsgDelegateHuanZhang::SendQuestionToPlayer 149: question huan zhang
 2018-06-20 13:37:05:289 MsgDelegateHuanZhang::SendQuestionToPlayer 149: question huan zhang
 2018-06-20 13:37:05:289 CServerGameDesk::OnProcedureChanged 203: procedure change from 2 to 101
 2018-06-20 13:37:08:571 CServerGameDesk::HandleNotifyMessage 567: recvive player 0 message with thingID : 37
 2018-06-20 13:37:08:573 HuanZhangRspDelegate::OnSelect 82: player 0 change cards : 22,23,23
 2018-06-20 13:37:09:456 CServerGameDesk::HandleNotifyMessage 567: recvive player 1 message with thingID : 37
 2018-06-20 13:37:09:456 HuanZhangRspDelegate::OnSelect 82: player 1 change cards : 11,11,12
 2018-06-20 13:37:09:456 HuanZhangRspDelegate::OnSelect 115: swapPosition 0 -> 1, swapPosition 1 -> 0, swapPosition 2 -> -35, swapPosition 3  -> 0
 2018-06-20 13:37:09:457 MsgDelegateHuanZhangFinish::OnSend 41: player 0 get card  with 11,11,12
 2018-06-20 13:37:09:457 MsgDelegateHuanZhangFinish::OnSend 41: player 1 get card  with 22,23,23
 2018-06-20 13:37:14:474 CServerGameDesk::OnBeforeProcedureStart 178: before procedure start, from 101 to 100
 2018-06-20 13:37:14:474 MsgDelegateDingQue::OnSend 105: question ding que
 2018-06-20 13:37:14:474 MsgDelegateDingQue::OnSend 105: question ding que
 2018-06-20 13:37:14:474 CServerGameDesk::OnProcedureChanged 203: procedure change from 101 to 100
 2018-06-20 13:37:17:151 CServerGameDesk::HandleNotifyMessage 567: recvive player 0 message with thingID : 26
 2018-06-20 13:37:17:151 MsgDelegateDingQue::OnResponse 149: Player 0 select que men 0
 2018-06-20 13:37:18:970 CServerGameDesk::HandleNotifyMessage 567: recvive player 1 message with thingID : 26
 2018-06-20 13:37:18:970 MsgDelegateDingQue::OnResponse 149: Player 1 select que men 1
 2018-06-20 13:37:18:973 MsgDelegateFirstRound::SendFirstRound 42: first run
 2018-06-20 13:37:19:288 CServerGameDesk::OnBeforeProcedureStart 178: before procedure start, from 100 to 4
 2018-06-20 13:37:19:289 ProcedureAfterGetCardImpl::OnStart 132: Player 0 find action with hand 11,11,12,13,18,24,24,26,26,35,36,37,1,9 and interceptionList  latest draw card 24
 2018-06-20 13:37:19:290 ProcedureAfterGetCardImpl::OnStart 146: done
 2018-06-20 13:37:19:290 CServerGameDesk::OnProcedureChanged 203: procedure change from 100 to 4
 2018-06-20 13:37:19:347 CServerGameDesk::OnBeforeProcedureStart 178: before procedure start, from 4 to 9
 2018-06-20 13:37:19:347 MsgDelegateWaitDiscard::OnSend 220: waiting on player 0 to discard, with candidates :1,9 !
 2018-06-20 13:37:19:375 CServerGameDesk::OnProcedureChanged 203: procedure change from 4 to 9
 2018-06-20 13:37:23:726 CServerGameDesk::HandleNotifyMessage 567: recvive player 0 message with thingID : 27
 2018-06-20 13:37:23:726 MsgDelegateWaitDiscard::OnResponse 294: player 0 tried to discard(valid:1, expected player:0)
 2018-06-20 13:37:23:727 MsgDelegateWaitDiscard::OnResponse 306: the card is 1
 2018-06-20 13:37:23:727 MsgDelegateWaitDiscard::OnDiscardCard 43: player 0 discard card 1(idx 12)
 2018-06-20 13:37:23:727 MsgDelegateDiscardResult::OnSend 49: player 0 discard 1 0
 2018-06-20 13:37:23:785 CServerGameDesk::OnBeforeProcedureStart 178: before procedure start, from 9 to 6
 2018-06-20 13:37:23:785 ProcedureInterceptCardImpl::OnStart 316: check interceptable card 1 from Player 0
 2018-06-20 13:37:23:785 ProcedureInterceptCardJumpDelegateImpl::JumpWhenNoAction 47:  active player changed 0 -> 1
 2018-06-20 13:37:23:785 CServerGameDesk::OnProcedureChanged 203: procedure change from 9 to 6
 2018-06-20 13:37:23:851 CServerGameDesk::OnBeforeProcedureStart 178: before procedure start, from 6 to 3
 2018-06-20 13:37:23:852 MsgDelegateDrawCard::OnSend 61: 1 draw card 28
 2018-06-20 13:37:23:852 CServerGameDesk::OnProcedureChanged 203: procedure change from 6 to 3
 2018-06-20 13:37:23:913 CServerGameDesk::OnBeforeProcedureStart 178: before procedure start, from 3 to 4
 2018-06-20 13:37:23:913 ProcedureAfterGetCardImpl::OnStart 132: Player 1 find action with hand 2,4,4,4,7,21,22,23,23,36,37,13,19,28 and interceptionList  latest draw card 28
 2018-06-20 13:37:23:913 ProcedureAfterGetCardImpl::OnStart 146: done
 2018-06-20 13:37:23:913 CServerGameDesk::OnProcedureChanged 203: procedure change from 3 to 4
 2018-06-20 13:37:23:972 CServerGameDesk::OnBeforeProcedureStart 178: before procedure start, from 4 to 9
 2018-06-20 13:37:23:972 MsgDelegateWaitDiscard::OnSend 220: waiting on player 1 to discard, with candidates :13,19 !
 2018-06-20 13:37:23:998 CServerGameDesk::OnProcedureChanged 203: procedure change from 4 to 9
 2018-06-20 13:37:25:345 CServerGameDesk::HandleNotifyMessage 567: recvive player 1 message with thingID : 27
 2018-06-20 13:37:25:345 MsgDelegateWaitDiscard::OnResponse 294: player 1 tried to discard(valid:1, expected player:1)
 2018-06-20 13:37:25:345 MsgDelegateWaitDiscard::OnResponse 306: the card is 19
 2018-06-20 13:37:25:345 MsgDelegateWaitDiscard::OnDiscardCard 43: player 1 discard card 19(idx 12)
 2018-06-20 13:37:25:346 MsgDelegateDiscardResult::OnSend 49: player 1 discard 19 0
 2018-06-20 13:37:25:349 CServerGameDesk::OnBeforeProcedureStart 178: before procedure start, from 9 to 6
 2018-06-20 13:37:25:349 ProcedureInterceptCardImpl::OnStart 316: check interceptable card 19 from Player 1
 2018-06-20 13:37:25:349 ProcedureInterceptCardJumpDelegateImpl::JumpWhenNoAction 47:  active player changed 1 -> 0
 2018-06-20 13:37:25:349 CServerGameDesk::OnProcedureChanged 203: procedure change from 9 to 6
 2018-06-20 13:37:25:413 CServerGameDesk::OnBeforeProcedureStart 178: before procedure start, from 6 to 3
 2018-06-20 13:37:25:414 MsgDelegateDrawCard::OnSend 61: 0 draw card 12
 2018-06-20 13:37:25:414 CServerGameDesk::OnProcedureChanged 203: procedure change from 6 to 3
 2018-06-20 13:37:25:474 CServerGameDesk::OnBeforeProcedureStart 178: before procedure start, from 3 to 4
 2018-06-20 13:37:25:474 ProcedureAfterGetCardImpl::OnStart 132: Player 0 find action with hand 11,11,12,13,18,24,24,26,26,35,36,37,9,12 and interceptionList  latest draw card 12
 2018-06-20 13:37:25:474 ProcedureAfterGetCardImpl::OnStart 146: done
 2018-06-20 13:37:25:474 CServerGameDesk::OnProcedureChanged 203: procedure change from 3 to 4
 2018-06-20 13:37:25:538 CServerGameDesk::OnBeforeProcedureStart 178: before procedure start, from 4 to 9
 2018-06-20 13:37:25:539 MsgDelegateWaitDiscard::OnSend 220: waiting on player 0 to discard, with candidates :9 !
 2018-06-20 13:37:25:567 CServerGameDesk::OnProcedureChanged 203: procedure change from 4 to 9
 2018-06-20 13:37:27:461 CServerGameDesk::HandleNotifyMessage 567: recvive player 0 message with thingID : 27
 2018-06-20 13:37:27:461 MsgDelegateWaitDiscard::OnResponse 294: player 0 tried to discard(valid:1, expected player:0)
 2018-06-20 13:37:27:461 MsgDelegateWaitDiscard::OnResponse 306: the card is 9
 2018-06-20 13:37:27:461 MsgDelegateWaitDiscard::OnDiscardCard 43: player 0 discard card 9(idx 12)
 2018-06-20 13:37:27:461 MsgDelegateDiscardResult::OnSend 49: player 0 discard 9 0
 2018-06-20 13:37:27:474 CServerGameDesk::OnBeforeProcedureStart 178: before procedure start, from 9 to 6
 2018-06-20 13:37:27:474 ProcedureInterceptCardImpl::OnStart 316: check interceptable card 9 from Player 0
 2018-06-20 13:37:27:474 ProcedureInterceptCardJumpDelegateImpl::JumpWhenNoAction 47:  active player changed 0 -> 1
 2018-06-20 13:37:27:474 CServerGameDesk::OnProcedureChanged 203: procedure change from 9 to 6
 2018-06-20 13:37:27:542 CServerGameDesk::OnBeforeProcedureStart 178: before procedure start, from 6 to 3
 2018-06-20 13:37:27:543 MsgDelegateDrawCard::OnSend 61: 1 draw card 18
 2018-06-20 13:37:27:544 CServerGameDesk::OnProcedureChanged 203: procedure change from 6 to 3
 2018-06-20 13:37:27:597 CServerGameDesk::OnBeforeProcedureStart 178: before procedure start, from 3 to 4
 2018-06-20 13:37:27:597 ProcedureAfterGetCardImpl::OnStart 132: Player 1 find action with hand 2,4,4,4,7,21,22,23,23,28,36,37,13,18 and interceptionList  latest draw card 18
 2018-06-20 13:37:27:597 ProcedureAfterGetCardImpl::OnStart 146: done
 2018-06-20 13:37:27:597 CServerGameDesk::OnProcedureChanged 203: procedure change from 3 to 4
 2018-06-20 13:37:27:661 CServerGameDesk::OnBeforeProcedureStart 178: before procedure start, from 4 to 9
 2018-06-20 13:37:27:661 MsgDelegateWaitDiscard::OnSend 220: waiting on player 1 to discard, with candidates :13,18 !
 2018-06-20 13:37:27:696 CServerGameDesk::OnProcedureChanged 203: procedure change from 4 to 9
 2018-06-20 13:37:29:942 CServerGameDesk::HandleNotifyMessage 567: recvive player 1 message with thingID : 27
 2018-06-20 13:37:29:942 MsgDelegateWaitDiscard::OnResponse 294: player 1 tried to discard(valid:1, expected player:1)
 2018-06-20 13:37:29:942 MsgDelegateWaitDiscard::OnResponse 306: the card is 18
 2018-06-20 13:37:29:943 MsgDelegateWaitDiscard::OnDiscardCard 43: player 1 discard card 18(idx 13)
 2018-06-20 13:37:29:943 MsgDelegateDiscardResult::OnSend 49: player 1 discard 18 0
 2018-06-20 13:37:29:972 CServerGameDesk::OnBeforeProcedureStart 178: before procedure start, from 9 to 6
 2018-06-20 13:37:29:972 ProcedureInterceptCardImpl::OnStart 316: check interceptable card 18 from Player 1
 2018-06-20 13:37:29:972 ProcedureInterceptCardJumpDelegateImpl::JumpWhenNoAction 47:  active player changed 1 -> 0
 2018-06-20 13:37:29:973 CServerGameDesk::OnProcedureChanged 203: procedure change from 9 to 6
 2018-06-20 13:37:30:039 CServerGameDesk::OnBeforeProcedureStart 178: before procedure start, from 6 to 3
 2018-06-20 13:37:30:040 MsgDelegateDrawCard::OnSend 61: 0 draw card 25
 2018-06-20 13:37:30:040 CServerGameDesk::OnProcedureChanged 203: procedure change from 6 to 3
 2018-06-20 13:37:30:100 CServerGameDesk::OnBeforeProcedureStart 178: before procedure start, from 3 to 4
 2018-06-20 13:37:30:100 ProcedureAfterGetCardImpl::OnStart 132: Player 0 find action with hand 11,11,12,12,13,18,24,24,26,26,35,36,37,25 and interceptionList  latest draw card 25
 2018-06-20 13:37:30:100 ProcedureAfterGetCardImpl::OnStart 146: done
 2018-06-20 13:37:30:100 CServerGameDesk::OnProcedureChanged 203: procedure change from 3 to 4
 2018-06-20 13:37:30:161 CServerGameDesk::OnBeforeProcedureStart 178: before procedure start, from 4 to 9
 2018-06-20 13:37:30:161 MsgDelegateWaitDiscard::OnSend 220: waiting on player 0 to discard, with candidates :11,11,12,12,13,18,24,24,26,26,35,36,37,25 !
 2018-06-20 13:37:30:189 CServerGameDesk::OnProcedureChanged 203: procedure change from 4 to 9
 2018-06-20 13:37:32:151 CServerGameDesk::HandleNotifyMessage 567: recvive player 0 message with thingID : 27
 2018-06-20 13:37:32:151 MsgDelegateWaitDiscard::OnResponse 294: player 0 tried to discard(valid:1, expected player:0)
 2018-06-20 13:37:32:151 MsgDelegateWaitDiscard::OnResponse 306: the card is 37
 2018-06-20 13:37:32:151 MsgDelegateWaitDiscard::OnDiscardCard 43: player 0 discard card 37(idx 12)
 2018-06-20 13:37:32:152 MsgDelegateDiscardResult::OnSend 49: player 0 discard 37 0
 2018-06-20 13:37:32:161 CServerGameDesk::OnBeforeProcedureStart 178: before procedure start, from 9 to 6
 2018-06-20 13:37:32:161 ProcedureInterceptCardImpl::OnStart 316: check interceptable card 37 from Player 0
 2018-06-20 13:37:32:161 ProcedureInterceptCardJumpDelegateImpl::JumpWhenNoAction 47:  active player changed 0 -> 1
 2018-06-20 13:37:32:161 CServerGameDesk::OnProcedureChanged 203: procedure change from 9 to 6
 2018-06-20 13:37:32:224 CServerGameDesk::OnBeforeProcedureStart 178: before procedure start, from 6 to 3
 2018-06-20 13:37:32:225 MsgDelegateDrawCard::OnSend 61: 1 draw card 27
 2018-06-20 13:37:32:225 CServerGameDesk::OnProcedureChanged 203: procedure change from 6 to 3
 2018-06-20 13:37:32:288 CServerGameDesk::OnBeforeProcedureStart 178: before procedure start, from 3 to 4
 2018-06-20 13:37:32:288 ProcedureAfterGetCardImpl::OnStart 132: Player 1 find action with hand 2,4,4,4,7,21,22,23,23,28,36,37,13,27 and interceptionList  latest draw card 27
 2018-06-20 13:37:32:289 ProcedureAfterGetCardImpl::OnStart 146: done
 2018-06-20 13:37:32:289 CServerGameDesk::OnProcedureChanged 203: procedure change from 3 to 4
 2018-06-20 13:37:32:349 CServerGameDesk::OnBeforeProcedureStart 178: before procedure start, from 4 to 9
 2018-06-20 13:37:32:349 MsgDelegateWaitDiscard::OnSend 220: waiting on player 1 to discard, with candidates :13 !
 2018-06-20 13:37:32:375 CServerGameDesk::OnProcedureChanged 203: procedure change from 4 to 9
 2018-06-20 13:37:34:391 CServerGameDesk::HandleNotifyMessage 567: recvive player 1 message with thingID : 27
 2018-06-20 13:37:34:391 MsgDelegateWaitDiscard::OnResponse 294: player 1 tried to discard(valid:1, expected player:1)
 2018-06-20 13:37:34:391 MsgDelegateWaitDiscard::OnResponse 306: the card is 13
 2018-06-20 13:37:34:391 MsgDelegateWaitDiscard::OnDiscardCard 43: player 1 discard card 13(idx 12)
 2018-06-20 13:37:34:392 MsgDelegateDiscardResult::OnSend 49: player 1 discard 13 0
 2018-06-20 13:37:34:409 CServerGameDesk::OnBeforeProcedureStart 178: before procedure start, from 9 to 6
 2018-06-20 13:37:34:409 ProcedureInterceptCardImpl::OnStart 316: check interceptable card 13 from Player 1
 2018-06-20 13:37:34:409 ProcedureInterceptCardJumpDelegateImpl::JumpWhenNoAction 47:  active player changed 1 -> 0
 2018-06-20 13:37:34:409 CServerGameDesk::OnProcedureChanged 203: procedure change from 9 to 6
 2018-06-20 13:37:34:471 CServerGameDesk::OnBeforeProcedureStart 178: before procedure start, from 6 to 3
 2018-06-20 13:37:34:472 MsgDelegateDrawCard::OnSend 61: 0 draw card 3
 2018-06-20 13:37:34:472 CServerGameDesk::OnProcedureChanged 203: procedure change from 6 to 3
 2018-06-20 13:37:34:537 CServerGameDesk::OnBeforeProcedureStart 178: before procedure start, from 3 to 4
 2018-06-20 13:37:34:537 ProcedureAfterGetCardImpl::OnStart 132: Player 0 find action with hand 11,11,12,12,13,18,24,24,25,26,26,35,36,3 and interceptionList  latest draw card 3
 2018-06-20 13:37:34:537 ProcedureAfterGetCardImpl::OnStart 146: done
 2018-06-20 13:37:34:537 CServerGameDesk::OnProcedureChanged 203: procedure change from 3 to 4
 2018-06-20 13:37:34:596 CServerGameDesk::OnBeforeProcedureStart 178: before procedure start, from 4 to 9
 2018-06-20 13:37:34:596 MsgDelegateWaitDiscard::OnSend 220: waiting on player 0 to discard, with candidates :3 !
 2018-06-20 13:37:34:624 CServerGameDesk::OnProcedureChanged 203: procedure change from 4 to 9
 2018-06-20 13:37:36:414 CServerGameDesk::HandleNotifyMessage 567: recvive player 0 message with thingID : 27
 2018-06-20 13:37:36:415 MsgDelegateWaitDiscard::OnResponse 294: player 0 tried to discard(valid:1, expected player:0)
 2018-06-20 13:37:36:415 MsgDelegateWaitDiscard::OnResponse 306: the card is 3
 2018-06-20 13:37:36:415 MsgDelegateWaitDiscard::OnDiscardCard 43: player 0 discard card 3(idx 13)
 2018-06-20 13:37:36:415 MsgDelegateDiscardResult::OnSend 49: player 0 discard 3 0
 2018-06-20 13:37:36:472 CServerGameDesk::OnBeforeProcedureStart 178: before procedure start, from 9 to 6
 2018-06-20 13:37:36:473 ProcedureInterceptCardImpl::OnStart 316: check interceptable card 3 from Player 0
 2018-06-20 13:37:36:473 ProcedureInterceptCardJumpDelegateImpl::JumpWhenNoAction 47:  active player changed 0 -> 1
 2018-06-20 13:37:36:473 CServerGameDesk::OnProcedureChanged 203: procedure change from 9 to 6
 2018-06-20 13:37:36:541 CServerGameDesk::OnBeforeProcedureStart 178: before procedure start, from 6 to 3
 2018-06-20 13:37:36:542 MsgDelegateDrawCard::OnSend 61: 1 draw card 28
 2018-06-20 13:37:36:542 CServerGameDesk::OnProcedureChanged 203: procedure change from 6 to 3
 2018-06-20 13:37:36:598 CServerGameDesk::OnBeforeProcedureStart 178: before procedure start, from 3 to 4
 2018-06-20 13:37:36:598 ProcedureAfterGetCardImpl::OnStart 132: Player 1 find action with hand 2,4,4,4,7,21,22,23,23,27,28,36,37,28 and interceptionList  latest draw card 28
 2018-06-20 13:37:36:598 ProcedureAfterGetCardImpl::OnStart 146: done
 2018-06-20 13:37:36:598 CServerGameDesk::OnProcedureChanged 203: procedure change from 3 to 4
 2018-06-20 13:37:36:660 CServerGameDesk::OnBeforeProcedureStart 178: before procedure start, from 4 to 9
 2018-06-20 13:37:36:660 MsgDelegateWaitDiscard::OnSend 220: waiting on player 1 to discard, with candidates :2,4,4,4,7,21,22,23,23,27,28,36,37,28 !
 2018-06-20 13:37:36:691 CServerGameDesk::OnProcedureChanged 203: procedure change from 4 to 9
 2018-06-20 13:37:38:045 CServerGameDesk::HandleNotifyMessage 567: recvive player 1 message with thingID : 27
 2018-06-20 13:37:38:045 MsgDelegateWaitDiscard::OnResponse 294: player 1 tried to discard(valid:1, expected player:1)
 2018-06-20 13:37:38:045 MsgDelegateWaitDiscard::OnResponse 306: the card is 37
 2018-06-20 13:37:38:045 MsgDelegateWaitDiscard::OnDiscardCard 43: player 1 discard card 37(idx 12)
 2018-06-20 13:37:38:048 MsgDelegateDiscardResult::OnSend 49: player 1 discard 37 0
 2018-06-20 13:37:38:097 CServerGameDesk::OnBeforeProcedureStart 178: before procedure start, from 9 to 6
 2018-06-20 13:37:38:097 ProcedureInterceptCardImpl::OnStart 316: check interceptable card 37 from Player 1
 2018-06-20 13:37:38:097 ProcedureInterceptCardJumpDelegateImpl::JumpWhenNoAction 47:  active player changed 1 -> 0
 2018-06-20 13:37:38:097 CServerGameDesk::OnProcedureChanged 203: procedure change from 9 to 6
 2018-06-20 13:37:38:161 CServerGameDesk::OnBeforeProcedureStart 178: before procedure start, from 6 to 3
 2018-06-20 13:37:38:161 MsgDelegateDrawCard::OnSend 61: 0 draw card 29
 2018-06-20 13:37:38:162 CServerGameDesk::OnProcedureChanged 203: procedure change from 6 to 3
 2018-06-20 13:37:38:222 CServerGameDesk::OnBeforeProcedureStart 178: before procedure start, from 3 to 4
 2018-06-20 13:37:38:222 ProcedureAfterGetCardImpl::OnStart 132: Player 0 find action with hand 11,11,12,12,13,18,24,24,25,26,26,35,36,29 and interceptionList  latest draw card 29
 2018-06-20 13:37:38:222 ProcedureAfterGetCardImpl::OnStart 146: done
 2018-06-20 13:37:38:222 CServerGameDesk::OnProcedureChanged 203: procedure change from 3 to 4
 2018-06-20 13:37:38:286 CServerGameDesk::OnBeforeProcedureStart 178: before procedure start, from 4 to 9
 2018-06-20 13:37:38:286 MsgDelegateWaitDiscard::OnSend 220: waiting on player 0 to discard, with candidates :11,11,12,12,13,18,24,24,25,26,26,35,36,29 !
 2018-06-20 13:37:38:336 CServerGameDesk::OnProcedureChanged 203: procedure change from 4 to 9
 2018-06-20 13:37:39:967 CServerGameDesk::HandleNotifyMessage 567: recvive player 0 message with thingID : 27
 2018-06-20 13:37:39:967 MsgDelegateWaitDiscard::OnResponse 294: player 0 tried to discard(valid:1, expected player:0)
 2018-06-20 13:37:39:967 MsgDelegateWaitDiscard::OnResponse 306: the card is 36
 2018-06-20 13:37:39:967 MsgDelegateWaitDiscard::OnDiscardCard 43: player 0 discard card 36(idx 12)
 2018-06-20 13:37:39:968 MsgDelegateDiscardResult::OnSend 49: player 0 discard 36 0
 2018-06-20 13:37:39:974 CServerGameDesk::OnBeforeProcedureStart 178: before procedure start, from 9 to 6
 2018-06-20 13:37:39:974 ProcedureInterceptCardImpl::OnStart 316: check interceptable card 36 from Player 0
 2018-06-20 13:37:39:975 ProcedureInterceptCardJumpDelegateImpl::JumpWhenNoAction 47:  active player changed 0 -> 1
 2018-06-20 13:37:39:975 CServerGameDesk::OnProcedureChanged 203: procedure change from 9 to 6
 2018-06-20 13:37:40:040 CServerGameDesk::OnBeforeProcedureStart 178: before procedure start, from 6 to 3
 2018-06-20 13:37:40:041 MsgDelegateDrawCard::OnSend 61: 1 draw card 5
 2018-06-20 13:37:40:041 CServerGameDesk::OnProcedureChanged 203: procedure change from 6 to 3
 2018-06-20 13:37:40:098 CServerGameDesk::OnBeforeProcedureStart 178: before procedure start, from 3 to 4
 2018-06-20 13:37:40:098 ProcedureAfterGetCardImpl::OnStart 132: Player 1 find action with hand 2,4,4,4,7,21,22,23,23,27,28,28,36,5 and interceptionList  latest draw card 5
 2018-06-20 13:37:40:098 ProcedureAfterGetCardImpl::OnStart 146: done
 2018-06-20 13:37:40:098 CServerGameDesk::OnProcedureChanged 203: procedure change from 3 to 4
 2018-06-20 13:37:40:160 CServerGameDesk::OnBeforeProcedureStart 178: before procedure start, from 4 to 9
 2018-06-20 13:37:40:160 MsgDelegateWaitDiscard::OnSend 220: waiting on player 1 to discard, with candidates :2,4,4,4,7,21,22,23,23,27,28,28,36,5 !
 2018-06-20 13:37:40:193 CServerGameDesk::OnProcedureChanged 203: procedure change from 4 to 9
 2018-06-20 13:37:41:467 CServerGameDesk::HandleNotifyMessage 567: recvive player 1 message with thingID : 27
 2018-06-20 13:37:41:467 MsgDelegateWaitDiscard::OnResponse 294: player 1 tried to discard(valid:1, expected player:1)
 2018-06-20 13:37:41:467 MsgDelegateWaitDiscard::OnResponse 306: the card is 36
 2018-06-20 13:37:41:467 MsgDelegateWaitDiscard::OnDiscardCard 43: player 1 discard card 36(idx 12)
 2018-06-20 13:37:41:468 MsgDelegateDiscardResult::OnSend 49: player 1 discard 36 0
 2018-06-20 13:37:41:473 CServerGameDesk::OnBeforeProcedureStart 178: before procedure start, from 9 to 6
 2018-06-20 13:37:41:473 ProcedureInterceptCardImpl::OnStart 316: check interceptable card 36 from Player 1
 2018-06-20 13:37:41:473 ProcedureInterceptCardJumpDelegateImpl::JumpWhenNoAction 47:  active player changed 1 -> 0
 2018-06-20 13:37:41:473 CServerGameDesk::OnProcedureChanged 203: procedure change from 9 to 6
 2018-06-20 13:37:41:535 CServerGameDesk::OnBeforeProcedureStart 178: before procedure start, from 6 to 3
 2018-06-20 13:37:41:536 MsgDelegateDrawCard::OnSend 61: 0 draw card 22
 2018-06-20 13:37:41:536 CServerGameDesk::OnProcedureChanged 203: procedure change from 6 to 3
 2018-06-20 13:37:41:596 CServerGameDesk::OnBeforeProcedureStart 178: before procedure start, from 3 to 4
 2018-06-20 13:37:41:597 ProcedureAfterGetCardImpl::OnStart 132: Player 0 find action with hand 11,11,12,12,13,18,24,24,25,26,26,29,35,22 and interceptionList  latest draw card 22
 2018-06-20 13:37:41:597 ProcedureAfterGetCardImpl::OnStart 146: done
 2018-06-20 13:37:41:597 CServerGameDesk::OnProcedureChanged 203: procedure change from 3 to 4
 2018-06-20 13:37:41:660 CServerGameDesk::OnBeforeProcedureStart 178: before procedure start, from 4 to 9
 2018-06-20 13:37:41:660 MsgDelegateWaitDiscard::OnSend 220: waiting on player 0 to discard, with candidates :11,11,12,12,13,18,24,24,25,26,26,29,35,22 !
 2018-06-20 13:37:41:690 CServerGameDesk::OnProcedureChanged 203: procedure change from 4 to 9
 2018-06-20 13:37:43:073 CServerGameDesk::HandleNotifyMessage 567: recvive player 0 message with thingID : 27
 2018-06-20 13:37:43:073 MsgDelegateWaitDiscard::OnResponse 294: player 0 tried to discard(valid:1, expected player:0)
 2018-06-20 13:37:43:073 MsgDelegateWaitDiscard::OnResponse 306: the card is 35
 2018-06-20 13:37:43:074 MsgDelegateWaitDiscard::OnDiscardCard 43: player 0 discard card 35(idx 12)
 2018-06-20 13:37:43:074 MsgDelegateDiscardResult::OnSend 49: player 0 discard 35 0
 2018-06-20 13:37:43:098 CServerGameDesk::OnBeforeProcedureStart 178: before procedure start, from 9 to 6
 2018-06-20 13:37:43:098 ProcedureInterceptCardImpl::OnStart 316: check interceptable card 35 from Player 0
 2018-06-20 13:37:43:098 ProcedureInterceptCardJumpDelegateImpl::JumpWhenNoAction 47:  active player changed 0 -> 1
 2018-06-20 13:37:43:098 CServerGameDesk::OnProcedureChanged 203: procedure change from 9 to 6
 2018-06-20 13:37:43:160 CServerGameDesk::OnBeforeProcedureStart 178: before procedure start, from 6 to 3
 2018-06-20 13:37:43:161 MsgDelegateDrawCard::OnSend 61: 1 draw card 28
 2018-06-20 13:37:43:161 CServerGameDesk::OnProcedureChanged 203: procedure change from 6 to 3
 2018-06-20 13:37:43:224 CServerGameDesk::OnBeforeProcedureStart 178: before procedure start, from 3 to 4
 2018-06-20 13:37:43:224 ProcedureAfterGetCardImpl::OnStart 132: Player 1 find action with hand 2,4,4,4,5,7,21,22,23,23,27,28,28,28 and interceptionList  latest draw card 28
 2018-06-20 13:37:43:224 ProcedureAfterGetCardImpl::OnStart 146: done
 2018-06-20 13:37:43:224 CServerGameDesk::OnProcedureChanged 203: procedure change from 3 to 4
 2018-06-20 13:37:43:284 CServerGameDesk::OnBeforeProcedureStart 178: before procedure start, from 4 to 9
 2018-06-20 13:37:43:284 MsgDelegateWaitDiscard::OnSend 220: waiting on player 1 to discard, with candidates :2,4,4,4,5,7,21,22,23,23,27,28,28,28 !
 2018-06-20 13:37:43:315 CServerGameDesk::OnProcedureChanged 203: procedure change from 4 to 9
 2018-06-20 13:37:45:509 CServerGameDesk::HandleNotifyMessage 567: recvive player 1 message with thingID : 27
 2018-06-20 13:37:45:509 MsgDelegateWaitDiscard::OnResponse 294: player 1 tried to discard(valid:1, expected player:1)
 2018-06-20 13:37:45:509 MsgDelegateWaitDiscard::OnResponse 306: the card is 27
 2018-06-20 13:37:45:509 MsgDelegateWaitDiscard::OnDiscardCard 43: player 1 discard card 27(idx 10)
 2018-06-20 13:37:45:510 MsgDelegateDiscardResult::OnSend 49: player 1 discard 27 0
 2018-06-20 13:37:45:539 CServerGameDesk::OnBeforeProcedureStart 178: before procedure start, from 9 to 6
 2018-06-20 13:37:45:539 ProcedureInterceptCardImpl::OnStart 316: check interceptable card 27 from Player 1
 2018-06-20 13:37:45:539 ProcedureInterceptCardJumpDelegateImpl::JumpWhenNoAction 47:  active player changed 1 -> 0
 2018-06-20 13:37:45:539 CServerGameDesk::OnProcedureChanged 203: procedure change from 9 to 6
 2018-06-20 13:37:45:598 CServerGameDesk::OnBeforeProcedureStart 178: before procedure start, from 6 to 3
 2018-06-20 13:37:45:599 MsgDelegateDrawCard::OnSend 61: 0 draw card 5
 2018-06-20 13:37:45:599 CServerGameDesk::OnProcedureChanged 203: procedure change from 6 to 3
 2018-06-20 13:37:45:659 CServerGameDesk::OnBeforeProcedureStart 178: before procedure start, from 3 to 4
 2018-06-20 13:37:45:659 ProcedureAfterGetCardImpl::OnStart 132: Player 0 find action with hand 11,11,12,12,13,18,22,24,24,25,26,26,29,5 and interceptionList  latest draw card 5
 2018-06-20 13:37:45:660 ProcedureAfterGetCardImpl::OnStart 146: done
 2018-06-20 13:37:45:660 CServerGameDesk::OnProcedureChanged 203: procedure change from 3 to 4
 2018-06-20 13:37:45:721 CServerGameDesk::OnBeforeProcedureStart 178: before procedure start, from 4 to 9
 2018-06-20 13:37:45:721 MsgDelegateWaitDiscard::OnSend 220: waiting on player 0 to discard, with candidates :5 !
 2018-06-20 13:37:45:749 CServerGameDesk::OnProcedureChanged 203: procedure change from 4 to 9
 2018-06-20 13:37:47:590 CServerGameDesk::HandleNotifyMessage 567: recvive player 0 message with thingID : 27
 2018-06-20 13:37:47:590 MsgDelegateWaitDiscard::OnResponse 294: player 0 tried to discard(valid:1, expected player:0)
 2018-06-20 13:37:47:590 MsgDelegateWaitDiscard::OnResponse 306: the card is 5
 2018-06-20 13:37:47:590 MsgDelegateWaitDiscard::OnDiscardCard 43: player 0 discard card 5(idx 13)
 2018-06-20 13:37:47:591 MsgDelegateDiscardResult::OnSend 49: player 0 discard 5 0
 2018-06-20 13:37:47:598 CServerGameDesk::OnBeforeProcedureStart 178: before procedure start, from 9 to 6
 2018-06-20 13:37:47:598 ProcedureInterceptCardImpl::OnStart 316: check interceptable card 5 from Player 0
 2018-06-20 13:37:47:599 ProcedureInterceptCardJumpDelegateImpl::JumpWhenNoAction 47:  active player changed 0 -> 1
 2018-06-20 13:37:47:599 CServerGameDesk::OnProcedureChanged 203: procedure change from 9 to 6
 2018-06-20 13:37:47:659 CServerGameDesk::OnBeforeProcedureStart 178: before procedure start, from 6 to 3
 2018-06-20 13:37:47:661 MsgDelegateDrawCard::OnSend 61: 1 draw card 17
 2018-06-20 13:37:47:661 CServerGameDesk::OnProcedureChanged 203: procedure change from 6 to 3
 2018-06-20 13:37:47:721 CServerGameDesk::OnBeforeProcedureStart 178: before procedure start, from 3 to 4
 2018-06-20 13:37:47:721 ProcedureAfterGetCardImpl::OnStart 132: Player 1 find action with hand 2,4,4,4,5,7,21,22,23,23,28,28,28,17 and interceptionList  latest draw card 17
 2018-06-20 13:37:47:721 ProcedureAfterGetCardImpl::OnStart 146: done
 2018-06-20 13:37:47:721 CServerGameDesk::OnProcedureChanged 203: procedure change from 3 to 4
 2018-06-20 13:37:47:785 CServerGameDesk::OnBeforeProcedureStart 178: before procedure start, from 4 to 9
 2018-06-20 13:37:47:785 MsgDelegateWaitDiscard::OnSend 220: waiting on player 1 to discard, with candidates :17 !
 2018-06-20 13:37:47:819 CServerGameDesk::OnProcedureChanged 203: procedure change from 4 to 9
 2018-06-20 13:37:49:106 CServerGameDesk::HandleNotifyMessage 567: recvive player 1 message with thingID : 27
 2018-06-20 13:37:49:106 MsgDelegateWaitDiscard::OnResponse 294: player 1 tried to discard(valid:1, expected player:1)
 2018-06-20 13:37:49:106 MsgDelegateWaitDiscard::OnResponse 306: the card is 17
 2018-06-20 13:37:49:107 MsgDelegateWaitDiscard::OnDiscardCard 43: player 1 discard card 17(idx 13)
 2018-06-20 13:37:49:107 MsgDelegateDiscardResult::OnSend 49: player 1 discard 17 0
 2018-06-20 13:37:49:159 CServerGameDesk::OnBeforeProcedureStart 178: before procedure start, from 9 to 6
 2018-06-20 13:37:49:159 ProcedureInterceptCardImpl::OnStart 316: check interceptable card 17 from Player 1
 2018-06-20 13:37:49:159 ProcedureInterceptCardJumpDelegateImpl::JumpWhenNoAction 47:  active player changed 1 -> 0
 2018-06-20 13:37:49:159 CServerGameDesk::OnProcedureChanged 203: procedure change from 9 to 6
 2018-06-20 13:37:49:223 CServerGameDesk::OnBeforeProcedureStart 178: before procedure start, from 6 to 3
 2018-06-20 13:37:49:225 MsgDelegateDrawCard::OnSend 61: 0 draw card 16
 2018-06-20 13:37:49:225 CServerGameDesk::OnProcedureChanged 203: procedure change from 6 to 3
 2018-06-20 13:37:49:285 CServerGameDesk::OnBeforeProcedureStart 178: before procedure start, from 3 to 4
 2018-06-20 13:37:49:285 ProcedureAfterGetCardImpl::OnStart 132: Player 0 find action with hand 11,11,12,12,13,18,22,24,24,25,26,26,29,16 and interceptionList  latest draw card 16
 2018-06-20 13:37:49:286 ProcedureAfterGetCardImpl::OnStart 146: done
 2018-06-20 13:37:49:286 CServerGameDesk::OnProcedureChanged 203: procedure change from 3 to 4
 2018-06-20 13:37:49:348 CServerGameDesk::OnBeforeProcedureStart 178: before procedure start, from 4 to 9
 2018-06-20 13:37:49:348 MsgDelegateWaitDiscard::OnSend 220: waiting on player 0 to discard, with candidates :11,11,12,12,13,18,22,24,24,25,26,26,29,16 !
 2018-06-20 13:37:49:382 CServerGameDesk::OnProcedureChanged 203: procedure change from 4 to 9
 2018-06-20 13:37:51:566 CServerGameDesk::HandleNotifyMessage 567: recvive player 0 message with thingID : 27
 2018-06-20 13:37:51:567 MsgDelegateWaitDiscard::OnResponse 294: player 0 tried to discard(valid:1, expected player:0)
 2018-06-20 13:37:51:567 MsgDelegateWaitDiscard::OnResponse 306: the card is 18
 2018-06-20 13:37:51:567 MsgDelegateWaitDiscard::OnDiscardCard 43: player 0 discard card 18(idx 5)
 2018-06-20 13:37:51:567 MsgDelegateDiscardResult::OnSend 49: player 0 discard 18 0
 2018-06-20 13:37:51:601 CServerGameDesk::OnBeforeProcedureStart 178: before procedure start, from 9 to 6
 2018-06-20 13:37:51:601 ProcedureInterceptCardImpl::OnStart 316: check interceptable card 18 from Player 0
 2018-06-20 13:37:51:602 ProcedureInterceptCardJumpDelegateImpl::JumpWhenNoAction 47:  active player changed 0 -> 1
 2018-06-20 13:37:51:602 CServerGameDesk::OnProcedureChanged 203: procedure change from 9 to 6
 2018-06-20 13:37:51:659 CServerGameDesk::OnBeforeProcedureStart 178: before procedure start, from 6 to 3
 2018-06-20 13:37:51:660 MsgDelegateDrawCard::OnSend 61: 1 draw card 1
 2018-06-20 13:37:51:660 CServerGameDesk::OnProcedureChanged 203: procedure change from 6 to 3
 2018-06-20 13:37:51:720 CServerGameDesk::OnBeforeProcedureStart 178: before procedure start, from 3 to 4
 2018-06-20 13:37:51:720 ProcedureAfterGetCardImpl::OnStart 132: Player 1 find action with hand 2,4,4,4,5,7,21,22,23,23,28,28,28,1 and interceptionList  latest draw card 1
 2018-06-20 13:37:51:720 ProcedureAfterGetCardImpl::OnStart 146: done
 2018-06-20 13:37:51:720 CServerGameDesk::OnProcedureChanged 203: procedure change from 3 to 4
 2018-06-20 13:37:51:786 CServerGameDesk::OnBeforeProcedureStart 178: before procedure start, from 4 to 9
 2018-06-20 13:37:51:786 MsgDelegateWaitDiscard::OnSend 220: waiting on player 1 to discard, with candidates :2,4,4,4,5,7,21,22,23,23,28,28,28,1 !
 2018-06-20 13:37:51:818 CServerGameDesk::OnProcedureChanged 203: procedure change from 4 to 9
 2018-06-20 13:37:54:395 CServerGameDesk::HandleNotifyMessage 567: recvive player 1 message with thingID : 27
 2018-06-20 13:37:54:395 MsgDelegateWaitDiscard::OnResponse 294: player 1 tried to discard(valid:1, expected player:1)
 2018-06-20 13:37:54:395 MsgDelegateWaitDiscard::OnResponse 306: the card is 1
 2018-06-20 13:37:54:395 MsgDelegateWaitDiscard::OnDiscardCard 43: player 1 discard card 1(idx 13)
 2018-06-20 13:37:54:395 MsgDelegateDiscardResult::OnSend 49: player 1 discard 1 0
 2018-06-20 13:37:54:410 CServerGameDesk::OnBeforeProcedureStart 178: before procedure start, from 9 to 6
 2018-06-20 13:37:54:410 ProcedureInterceptCardImpl::OnStart 316: check interceptable card 1 from Player 1
 2018-06-20 13:37:54:410 ProcedureInterceptCardJumpDelegateImpl::JumpWhenNoAction 47:  active player changed 1 -> 0
 2018-06-20 13:37:54:411 CServerGameDesk::OnProcedureChanged 203: procedure change from 9 to 6
 2018-06-20 13:37:54:471 CServerGameDesk::OnBeforeProcedureStart 178: before procedure start, from 6 to 3
 2018-06-20 13:37:54:473 MsgDelegateDrawCard::OnSend 61: 0 draw card 29
 2018-06-20 13:37:54:473 CServerGameDesk::OnProcedureChanged 203: procedure change from 6 to 3
 2018-06-20 13:37:54:536 CServerGameDesk::OnBeforeProcedureStart 178: before procedure start, from 3 to 4
 2018-06-20 13:37:54:536 ProcedureAfterGetCardImpl::OnStart 132: Player 0 find action with hand 11,11,12,12,13,16,22,24,24,25,26,26,29,29 and interceptionList  latest draw card 29
 2018-06-20 13:37:54:536 ProcedureAfterGetCardImpl::OnStart 146: done
 2018-06-20 13:37:54:537 CServerGameDesk::OnProcedureChanged 203: procedure change from 3 to 4
 2018-06-20 13:37:54:596 CServerGameDesk::OnBeforeProcedureStart 178: before procedure start, from 4 to 9
 2018-06-20 13:37:54:596 MsgDelegateWaitDiscard::OnSend 220: waiting on player 0 to discard, with candidates :11,11,12,12,13,16,22,24,24,25,26,26,29,29 !
 2018-06-20 13:37:54:623 CServerGameDesk::OnProcedureChanged 203: procedure change from 4 to 9
 2018-06-20 13:37:57:271 CServerGameDesk::HandleNotifyMessage 567: recvive player 0 message with thingID : 27
 2018-06-20 13:37:57:271 MsgDelegateWaitDiscard::OnResponse 294: player 0 tried to discard(valid:1, expected player:0)
 2018-06-20 13:37:57:271 MsgDelegateWaitDiscard::OnResponse 306: the card is 22
 2018-06-20 13:37:57:272 MsgDelegateWaitDiscard::OnDiscardCard 43: player 0 discard card 22(idx 6)
 2018-06-20 13:37:57:272 MsgDelegateDiscardResult::OnSend 49: player 0 discard 22 0
 2018-06-20 13:37:57:285 CServerGameDesk::OnBeforeProcedureStart 178: before procedure start, from 9 to 6
 2018-06-20 13:37:57:285 ProcedureInterceptCardImpl::OnStart 316: check interceptable card 22 from Player 0
 2018-06-20 13:37:57:285 ProcedureInterceptCardJumpDelegateImpl::JumpWhenNoAction 47:  active player changed 0 -> 1
 2018-06-20 13:37:57:285 CServerGameDesk::OnProcedureChanged 203: procedure change from 9 to 6
 2018-06-20 13:37:57:347 CServerGameDesk::OnBeforeProcedureStart 178: before procedure start, from 6 to 3
 2018-06-20 13:37:57:348 MsgDelegateDrawCard::OnSend 61: 1 draw card 22
 2018-06-20 13:37:57:348 CServerGameDesk::OnProcedureChanged 203: procedure change from 6 to 3
 2018-06-20 13:37:57:408 CServerGameDesk::OnBeforeProcedureStart 178: before procedure start, from 3 to 4
 2018-06-20 13:37:57:409 ProcedureAfterGetCardImpl::OnStart 132: Player 1 find action with hand 2,4,4,4,5,7,21,22,23,23,28,28,28,22 and interceptionList  latest draw card 22
 2018-06-20 13:37:57:409 ProcedureAfterGetCardImpl::OnStart 146: done
 2018-06-20 13:37:57:409 CServerGameDesk::OnProcedureChanged 203: procedure change from 3 to 4
 2018-06-20 13:37:57:470 CServerGameDesk::OnBeforeProcedureStart 178: before procedure start, from 4 to 9
 2018-06-20 13:37:57:470 MsgDelegateWaitDiscard::OnSend 220: waiting on player 1 to discard, with candidates :2,4,4,4,5,7,21,22,23,23,28,28,28,22 !
 2018-06-20 13:37:57:506 CServerGameDesk::OnProcedureChanged 203: procedure change from 4 to 9
 2018-06-20 13:38:00:272 CServerGameDesk::HandleNotifyMessage 567: recvive player 1 message with thingID : 27
 2018-06-20 13:38:00:273 MsgDelegateWaitDiscard::OnResponse 294: player 1 tried to discard(valid:1, expected player:1)
 2018-06-20 13:38:00:273 MsgDelegateWaitDiscard::OnResponse 306: the card is 7
 2018-06-20 13:38:00:273 MsgDelegateWaitDiscard::OnDiscardCard 43: player 1 discard card 7(idx 5)
 2018-06-20 13:38:00:273 MsgDelegateDiscardResult::OnSend 49: player 1 discard 7 0
 2018-06-20 13:38:00:283 CServerGameDesk::OnBeforeProcedureStart 178: before procedure start, from 9 to 6
 2018-06-20 13:38:00:283 ProcedureInterceptCardImpl::OnStart 316: check interceptable card 7 from Player 1
 2018-06-20 13:38:00:284 ProcedureInterceptCardJumpDelegateImpl::JumpWhenNoAction 47:  active player changed 1 -> 0
 2018-06-20 13:38:00:284 CServerGameDesk::OnProcedureChanged 203: procedure change from 9 to 6
 2018-06-20 13:38:00:348 CServerGameDesk::OnBeforeProcedureStart 178: before procedure start, from 6 to 3
 2018-06-20 13:38:00:349 MsgDelegateDrawCard::OnSend 61: 0 draw card 8
 2018-06-20 13:38:00:350 CServerGameDesk::OnProcedureChanged 203: procedure change from 6 to 3
 2018-06-20 13:38:00:410 CServerGameDesk::OnBeforeProcedureStart 178: before procedure start, from 3 to 4
 2018-06-20 13:38:00:410 ProcedureAfterGetCardImpl::OnStart 132: Player 0 find action with hand 11,11,12,12,13,16,24,24,25,26,26,29,29,8 and interceptionList  latest draw card 8
 2018-06-20 13:38:00:410 ProcedureAfterGetCardImpl::OnStart 146: done
 2018-06-20 13:38:00:410 CServerGameDesk::OnProcedureChanged 203: procedure change from 3 to 4
 2018-06-20 13:38:00:472 CServerGameDesk::OnBeforeProcedureStart 178: before procedure start, from 4 to 9
 2018-06-20 13:38:00:472 MsgDelegateWaitDiscard::OnSend 220: waiting on player 0 to discard, with candidates :8 !
 2018-06-20 13:38:00:499 CServerGameDesk::OnProcedureChanged 203: procedure change from 4 to 9
 2018-06-20 13:38:02:288 CServerGameDesk::HandleNotifyMessage 567: recvive player 0 message with thingID : 27
 2018-06-20 13:38:02:288 MsgDelegateWaitDiscard::OnResponse 294: player 0 tried to discard(valid:1, expected player:0)
 2018-06-20 13:38:02:288 MsgDelegateWaitDiscard::OnResponse 306: the card is 8
 2018-06-20 13:38:02:288 MsgDelegateWaitDiscard::OnDiscardCard 43: player 0 discard card 8(idx 13)
 2018-06-20 13:38:02:289 MsgDelegateDiscardResult::OnSend 49: player 0 discard 8 0
 2018-06-20 13:38:02:345 CServerGameDesk::OnBeforeProcedureStart 178: before procedure start, from 9 to 6
 2018-06-20 13:38:02:345 ProcedureInterceptCardImpl::OnStart 316: check interceptable card 8 from Player 0
 2018-06-20 13:38:02:345 ProcedureInterceptCardJumpDelegateImpl::JumpWhenNoAction 47:  active player changed 0 -> 1
 2018-06-20 13:38:02:345 CServerGameDesk::OnProcedureChanged 203: procedure change from 9 to 6
 2018-06-20 13:38:02:408 CServerGameDesk::OnBeforeProcedureStart 178: before procedure start, from 6 to 3
 2018-06-20 13:38:02:409 MsgDelegateDrawCard::OnSend 61: 1 draw card 36
 2018-06-20 13:38:02:409 CServerGameDesk::OnProcedureChanged 203: procedure change from 6 to 3
 2018-06-20 13:38:02:484 CServerGameDesk::OnBeforeProcedureStart 178: before procedure start, from 3 to 4
 2018-06-20 13:38:02:484 ProcedureAfterGetCardImpl::OnStart 132: Player 1 find action with hand 2,4,4,4,5,21,22,22,23,23,28,28,28,36 and interceptionList  latest draw card 36
 2018-06-20 13:38:02:484 ProcedureAfterGetCardImpl::OnStart 146: done
 2018-06-20 13:38:02:485 CServerGameDesk::OnProcedureChanged 203: procedure change from 3 to 4
 2018-06-20 13:38:02:533 CServerGameDesk::OnBeforeProcedureStart 178: before procedure start, from 4 to 9
 2018-06-20 13:38:02:533 MsgDelegateWaitDiscard::OnSend 220: waiting on player 1 to discard, with candidates :2,4,4,4,5,21,22,22,23,23,28,28,28,36 !
 2018-06-20 13:38:02:570 CServerGameDesk::OnProcedureChanged 203: procedure change from 4 to 9
 2018-06-20 13:38:04:239 CServerGameDesk::HandleNotifyMessage 567: recvive player 1 message with thingID : 27
 2018-06-20 13:38:04:240 MsgDelegateWaitDiscard::OnResponse 294: player 1 tried to discard(valid:1, expected player:1)
 2018-06-20 13:38:04:240 MsgDelegateWaitDiscard::OnResponse 306: the card is 36
 2018-06-20 13:38:04:240 MsgDelegateWaitDiscard::OnDiscardCard 43: player 1 discard card 36(idx 13)
 2018-06-20 13:38:04:240 MsgDelegateDiscardResult::OnSend 49: player 1 discard 36 0
 2018-06-20 13:38:04:285 CServerGameDesk::OnBeforeProcedureStart 178: before procedure start, from 9 to 6
 2018-06-20 13:38:04:285 ProcedureInterceptCardImpl::OnStart 316: check interceptable card 36 from Player 1
 2018-06-20 13:38:04:285 ProcedureInterceptCardJumpDelegateImpl::JumpWhenNoAction 47:  active player changed 1 -> 0
 2018-06-20 13:38:04:285 CServerGameDesk::OnProcedureChanged 203: procedure change from 9 to 6
 2018-06-20 13:38:04:345 CServerGameDesk::OnBeforeProcedureStart 178: before procedure start, from 6 to 3
 2018-06-20 13:38:04:346 MsgDelegateDrawCard::OnSend 61: 0 draw card 1
 2018-06-20 13:38:04:346 CServerGameDesk::OnProcedureChanged 203: procedure change from 6 to 3
 2018-06-20 13:38:04:408 CServerGameDesk::OnBeforeProcedureStart 178: before procedure start, from 3 to 4
 2018-06-20 13:38:04:408 ProcedureAfterGetCardImpl::OnStart 132: Player 0 find action with hand 11,11,12,12,13,16,24,24,25,26,26,29,29,1 and interceptionList  latest draw card 1
 2018-06-20 13:38:04:408 ProcedureAfterGetCardImpl::OnStart 146: done
 2018-06-20 13:38:04:408 CServerGameDesk::OnProcedureChanged 203: procedure change from 3 to 4
 2018-06-20 13:38:04:471 CServerGameDesk::OnBeforeProcedureStart 178: before procedure start, from 4 to 9
 2018-06-20 13:38:04:471 MsgDelegateWaitDiscard::OnSend 220: waiting on player 0 to discard, with candidates :1 !
 2018-06-20 13:38:04:502 CServerGameDesk::OnProcedureChanged 203: procedure change from 4 to 9
 2018-06-20 13:38:06:069 CServerGameDesk::HandleNotifyMessage 567: recvive player 0 message with thingID : 27
 2018-06-20 13:38:06:069 MsgDelegateWaitDiscard::OnResponse 294: player 0 tried to discard(valid:1, expected player:0)
 2018-06-20 13:38:06:069 MsgDelegateWaitDiscard::OnResponse 306: the card is 1
 2018-06-20 13:38:06:069 MsgDelegateWaitDiscard::OnDiscardCard 43: player 0 discard card 1(idx 13)
 2018-06-20 13:38:06:069 MsgDelegateDiscardResult::OnSend 49: player 0 discard 1 0
 2018-06-20 13:38:06:096 CServerGameDesk::OnBeforeProcedureStart 178: before procedure start, from 9 to 6
 2018-06-20 13:38:06:096 ProcedureInterceptCardImpl::OnStart 316: check interceptable card 1 from Player 0
 2018-06-20 13:38:06:096 ProcedureInterceptCardJumpDelegateImpl::JumpWhenNoAction 47:  active player changed 0 -> 1
 2018-06-20 13:38:06:097 CServerGameDesk::OnProcedureChanged 203: procedure change from 9 to 6
 2018-06-20 13:38:06:157 CServerGameDesk::OnBeforeProcedureStart 178: before procedure start, from 6 to 3
 2018-06-20 13:38:06:158 MsgDelegateDrawCard::OnSend 61: 1 draw card 14
 2018-06-20 13:38:06:158 CServerGameDesk::OnProcedureChanged 203: procedure change from 6 to 3
 2018-06-20 13:38:06:219 CServerGameDesk::OnBeforeProcedureStart 178: before procedure start, from 3 to 4
 2018-06-20 13:38:06:219 ProcedureAfterGetCardImpl::OnStart 132: Player 1 find action with hand 2,4,4,4,5,21,22,22,23,23,28,28,28,14 and interceptionList  latest draw card 14
 2018-06-20 13:38:06:220 ProcedureAfterGetCardImpl::OnStart 146: done
 2018-06-20 13:38:06:220 CServerGameDesk::OnProcedureChanged 203: procedure change from 3 to 4
 2018-06-20 13:38:06:284 CServerGameDesk::OnBeforeProcedureStart 178: before procedure start, from 4 to 9
 2018-06-20 13:38:06:284 MsgDelegateWaitDiscard::OnSend 220: waiting on player 1 to discard, with candidates :14 !
 2018-06-20 13:38:06:327 CServerGameDesk::OnProcedureChanged 203: procedure change from 4 to 9
 2018-06-20 13:38:07:764 CServerGameDesk::HandleNotifyMessage 567: recvive player 1 message with thingID : 27
 2018-06-20 13:38:07:764 MsgDelegateWaitDiscard::OnResponse 294: player 1 tried to discard(valid:1, expected player:1)
 2018-06-20 13:38:07:764 MsgDelegateWaitDiscard::OnResponse 306: the card is 14
 2018-06-20 13:38:07:764 MsgDelegateWaitDiscard::OnDiscardCard 43: player 1 discard card 14(idx 13)
 2018-06-20 13:38:07:765 MsgDelegateDiscardResult::OnSend 49: player 1 discard 14 0
 2018-06-20 13:38:07:782 CServerGameDesk::OnBeforeProcedureStart 178: before procedure start, from 9 to 6
 2018-06-20 13:38:07:782 ProcedureInterceptCardImpl::OnStart 316: check interceptable card 14 from Player 1
 2018-06-20 13:38:07:782 ProcedureInterceptCardJumpDelegateImpl::JumpWhenNoAction 47:  active player changed 1 -> 0
 2018-06-20 13:38:07:782 CServerGameDesk::OnProcedureChanged 203: procedure change from 9 to 6
 2018-06-20 13:38:07:849 CServerGameDesk::OnBeforeProcedureStart 178: before procedure start, from 6 to 3
 2018-06-20 13:38:07:850 MsgDelegateDrawCard::OnSend 61: 0 draw card 2
 2018-06-20 13:38:07:850 CServerGameDesk::OnProcedureChanged 203: procedure change from 6 to 3
 2018-06-20 13:38:07:911 CServerGameDesk::OnBeforeProcedureStart 178: before procedure start, from 3 to 4
 2018-06-20 13:38:07:911 ProcedureAfterGetCardImpl::OnStart 132: Player 0 find action with hand 11,11,12,12,13,16,24,24,25,26,26,29,29,2 and interceptionList  latest draw card 2
 2018-06-20 13:38:07:911 ProcedureAfterGetCardImpl::OnStart 146: done
 2018-06-20 13:38:07:911 CServerGameDesk::OnProcedureChanged 203: procedure change from 3 to 4
 2018-06-20 13:38:07:969 CServerGameDesk::OnBeforeProcedureStart 178: before procedure start, from 4 to 9
 2018-06-20 13:38:07:969 MsgDelegateWaitDiscard::OnSend 220: waiting on player 0 to discard, with candidates :2 !
 2018-06-20 13:38:07:999 CServerGameDesk::OnProcedureChanged 203: procedure change from 4 to 9
 2018-06-20 13:38:09:411 CServerGameDesk::HandleNotifyMessage 567: recvive player 0 message with thingID : 27
 2018-06-20 13:38:09:411 MsgDelegateWaitDiscard::OnResponse 294: player 0 tried to discard(valid:1, expected player:0)
 2018-06-20 13:38:09:411 MsgDelegateWaitDiscard::OnResponse 306: the card is 2
 2018-06-20 13:38:09:411 MsgDelegateWaitDiscard::OnDiscardCard 43: player 0 discard card 2(idx 13)
 2018-06-20 13:38:09:411 MsgDelegateDiscardResult::OnSend 49: player 0 discard 2 0
 2018-06-20 13:38:09:469 CServerGameDesk::OnBeforeProcedureStart 178: before procedure start, from 9 to 6
 2018-06-20 13:38:09:469 ProcedureInterceptCardImpl::OnStart 316: check interceptable card 2 from Player 0
 2018-06-20 13:38:09:469 ProcedureInterceptCardJumpDelegateImpl::JumpWhenNoAction 47:  active player changed 0 -> 1
 2018-06-20 13:38:09:470 CServerGameDesk::OnProcedureChanged 203: procedure change from 9 to 6
 2018-06-20 13:38:09:535 CServerGameDesk::OnBeforeProcedureStart 178: before procedure start, from 6 to 3
 2018-06-20 13:38:09:536 MsgDelegateDrawCard::OnSend 61: 1 draw card 3
 2018-06-20 13:38:09:537 CServerGameDesk::OnProcedureChanged 203: procedure change from 6 to 3
 2018-06-20 13:38:09:597 CServerGameDesk::OnBeforeProcedureStart 178: before procedure start, from 3 to 4
 2018-06-20 13:38:09:597 ProcedureAfterGetCardImpl::OnStart 132: Player 1 find action with hand 2,4,4,4,5,21,22,22,23,23,28,28,28,3 and interceptionList  latest draw card 3
 2018-06-20 13:38:09:597 ProcedureAfterGetCardImpl::OnStart 146: done
 2018-06-20 13:38:09:598 CServerGameDesk::OnProcedureChanged 203: procedure change from 3 to 4
 2018-06-20 13:38:09:659 CServerGameDesk::OnBeforeProcedureStart 178: before procedure start, from 4 to 9
 2018-06-20 13:38:09:659 MsgDelegateWaitDiscard::OnSend 220: waiting on player 1 to discard, with candidates :2,4,4,4,5,21,22,22,23,23,28,28,28,3 !
 2018-06-20 13:38:09:726 CServerGameDesk::OnProcedureChanged 203: procedure change from 4 to 9
 2018-06-20 13:38:11:458 CServerGameDesk::HandleNotifyMessage 567: recvive player 1 message with thingID : 27
 2018-06-20 13:38:11:459 MsgDelegateWaitDiscard::OnResponse 294: player 1 tried to discard(valid:1, expected player:1)
 2018-06-20 13:38:11:459 MsgDelegateWaitDiscard::OnResponse 306: the card is 5
 2018-06-20 13:38:11:459 MsgDelegateWaitDiscard::OnDiscardCard 43: player 1 discard card 5(idx 4)
 2018-06-20 13:38:11:459 MsgDelegateDiscardResult::OnSend 49: player 1 discard 5 0
 2018-06-20 13:38:11:471 CServerGameDesk::OnBeforeProcedureStart 178: before procedure start, from 9 to 6
 2018-06-20 13:38:11:471 ProcedureInterceptCardImpl::OnStart 316: check interceptable card 5 from Player 1
 2018-06-20 13:38:11:471 ProcedureInterceptCardJumpDelegateImpl::JumpWhenNoAction 47:  active player changed 1 -> 0
 2018-06-20 13:38:11:471 CServerGameDesk::OnProcedureChanged 203: procedure change from 9 to 6
 2018-06-20 13:38:11:534 CServerGameDesk::OnBeforeProcedureStart 178: before procedure start, from 6 to 3
 2018-06-20 13:38:11:535 MsgDelegateDrawCard::OnSend 61: 0 draw card 15
 2018-06-20 13:38:11:535 CServerGameDesk::OnProcedureChanged 203: procedure change from 6 to 3
 2018-06-20 13:38:11:597 CServerGameDesk::OnBeforeProcedureStart 178: before procedure start, from 3 to 4
 2018-06-20 13:38:11:597 ProcedureAfterGetCardImpl::OnStart 132: Player 0 find action with hand 11,11,12,12,13,16,24,24,25,26,26,29,29,15 and interceptionList  latest draw card 15
 2018-06-20 13:38:11:597 ProcedureAfterGetCardImpl::OnStart 146: done
 2018-06-20 13:38:11:598 CServerGameDesk::OnProcedureChanged 203: procedure change from 3 to 4
 2018-06-20 13:38:11:659 CServerGameDesk::OnBeforeProcedureStart 178: before procedure start, from 4 to 9
 2018-06-20 13:38:11:659 MsgDelegateWaitDiscard::OnSend 220: waiting on player 0 to discard, with candidates :11,11,12,12,13,16,24,24,25,26,26,29,29,15 !
 2018-06-20 13:38:11:684 CServerGameDesk::OnProcedureChanged 203: procedure change from 4 to 9
 2018-06-20 13:38:14:974 CServerGameDesk::HandleNotifyMessage 567: recvive player 0 message with thingID : 27
 2018-06-20 13:38:14:974 MsgDelegateWaitDiscard::OnResponse 294: player 0 tried to discard(valid:1, expected player:0)
 2018-06-20 13:38:14:974 MsgDelegateWaitDiscard::OnResponse 306: the card is 16
 2018-06-20 13:38:14:974 MsgDelegateWaitDiscard::OnDiscardCard 43: player 0 discard card 16(idx 5)
 2018-06-20 13:38:14:975 MsgDelegateDiscardResult::OnSend 49: player 0 discard 16 0
 2018-06-20 13:38:15:035 CServerGameDesk::OnBeforeProcedureStart 178: before procedure start, from 9 to 6
 2018-06-20 13:38:15:035 ProcedureInterceptCardImpl::OnStart 316: check interceptable card 16 from Player 0
 2018-06-20 13:38:15:035 ProcedureInterceptCardJumpDelegateImpl::JumpWhenNoAction 47:  active player changed 0 -> 1
 2018-06-20 13:38:15:035 CServerGameDesk::OnProcedureChanged 203: procedure change from 9 to 6
 2018-06-20 13:38:15:096 CServerGameDesk::OnBeforeProcedureStart 178: before procedure start, from 6 to 3
 2018-06-20 13:38:15:097 MsgDelegateDrawCard::OnSend 61: 1 draw card 17
 2018-06-20 13:38:15:097 CServerGameDesk::OnProcedureChanged 203: procedure change from 6 to 3
 2018-06-20 13:38:15:157 CServerGameDesk::OnBeforeProcedureStart 178: before procedure start, from 3 to 4
 2018-06-20 13:38:15:157 ProcedureAfterGetCardImpl::OnStart 132: Player 1 find action with hand 2,3,4,4,4,21,22,22,23,23,28,28,28,17 and interceptionList  latest draw card 17
 2018-06-20 13:38:15:157 ProcedureAfterGetCardImpl::OnStart 146: done
 2018-06-20 13:38:15:157 CServerGameDesk::OnProcedureChanged 203: procedure change from 3 to 4
 2018-06-20 13:38:15:222 CServerGameDesk::OnBeforeProcedureStart 178: before procedure start, from 4 to 9
 2018-06-20 13:38:15:222 MsgDelegateWaitDiscard::OnSend 220: waiting on player 1 to discard, with candidates :17 !
 2018-06-20 13:38:15:270 CServerGameDesk::OnProcedureChanged 203: procedure change from 4 to 9
 2018-06-20 13:38:16:274 CServerGameDesk::HandleNotifyMessage 567: recvive player 1 message with thingID : 27
 2018-06-20 13:38:16:274 MsgDelegateWaitDiscard::OnResponse 294: player 1 tried to discard(valid:1, expected player:1)
 2018-06-20 13:38:16:274 MsgDelegateWaitDiscard::OnResponse 306: the card is 17
 2018-06-20 13:38:16:274 MsgDelegateWaitDiscard::OnDiscardCard 43: player 1 discard card 17(idx 13)
 2018-06-20 13:38:16:274 MsgDelegateDiscardResult::OnSend 49: player 1 discard 17 1
 2018-06-20 13:38:16:286 CServerGameDesk::OnBeforeProcedureStart 178: before procedure start, from 9 to 6
 2018-06-20 13:38:16:286 ProcedureInterceptCardImpl::OnStart 316: check interceptable card 17 from Player 1
 2018-06-20 13:38:16:286 ProcedureInterceptCardJumpDelegateImpl::JumpWhenNoAction 47:  active player changed 1 -> 0
 2018-06-20 13:38:16:286 CServerGameDesk::OnProcedureChanged 203: procedure change from 9 to 6
 2018-06-20 13:38:16:344 CServerGameDesk::OnBeforeProcedureStart 178: before procedure start, from 6 to 3
 2018-06-20 13:38:16:345 MsgDelegateDrawCard::OnSend 61: 0 draw card 11
 2018-06-20 13:38:16:345 CServerGameDesk::OnProcedureChanged 203: procedure change from 6 to 3
 2018-06-20 13:38:16:410 CServerGameDesk::OnBeforeProcedureStart 178: before procedure start, from 3 to 4
 2018-06-20 13:38:16:410 ProcedureAfterGetCardImpl::OnStart 132: Player 0 find action with hand 11,11,12,12,13,15,24,24,25,26,26,29,29,11 and interceptionList  latest draw card 11
 2018-06-20 13:38:16:411 ProcedureAfterGetCardImpl::OnStart 146: done
 2018-06-20 13:38:16:411 CServerGameDesk::OnProcedureChanged 203: procedure change from 3 to 4
 2018-06-20 13:38:16:469 CServerGameDesk::OnBeforeProcedureStart 178: before procedure start, from 4 to 9
 2018-06-20 13:38:16:469 MsgDelegateWaitDiscard::OnSend 220: waiting on player 0 to discard, with candidates :11,11,12,12,13,15,24,24,25,26,26,29,29,11 !
 2018-06-20 13:38:16:498 CServerGameDesk::OnProcedureChanged 203: procedure change from 4 to 9
 2018-06-20 13:38:18:666 CServerGameDesk::HandleNotifyMessage 567: recvive player 0 message with thingID : 27
 2018-06-20 13:38:18:666 MsgDelegateWaitDiscard::OnResponse 294: player 0 tried to discard(valid:1, expected player:0)
 2018-06-20 13:38:18:666 MsgDelegateWaitDiscard::OnResponse 306: the card is 15
 2018-06-20 13:38:18:666 MsgDelegateWaitDiscard::OnDiscardCard 43: player 0 discard card 15(idx 5)
 2018-06-20 13:38:18:667 MsgDelegateDiscardResult::OnSend 49: player 0 discard 15 0
 2018-06-20 13:38:18:720 CServerGameDesk::OnBeforeProcedureStart 178: before procedure start, from 9 to 6
 2018-06-20 13:38:18:720 ProcedureInterceptCardImpl::OnStart 316: check interceptable card 15 from Player 0
 2018-06-20 13:38:18:721 ProcedureInterceptCardJumpDelegateImpl::JumpWhenNoAction 47:  active player changed 0 -> 1
 2018-06-20 13:38:18:721 CServerGameDesk::OnProcedureChanged 203: procedure change from 9 to 6
 2018-06-20 13:38:18:781 CServerGameDesk::OnBeforeProcedureStart 178: before procedure start, from 6 to 3
 2018-06-20 13:38:18:782 MsgDelegateDrawCard::OnSend 61: 1 draw card 6
 2018-06-20 13:38:18:782 CServerGameDesk::OnProcedureChanged 203: procedure change from 6 to 3
 2018-06-20 13:38:18:848 CServerGameDesk::OnBeforeProcedureStart 178: before procedure start, from 3 to 4
 2018-06-20 13:38:18:848 ProcedureAfterGetCardImpl::OnStart 132: Player 1 find action with hand 2,3,4,4,4,21,22,22,23,23,28,28,28,6 and interceptionList  latest draw card 6
 2018-06-20 13:38:18:848 ProcedureAfterGetCardImpl::OnStart 146: done
 2018-06-20 13:38:18:848 CServerGameDesk::OnProcedureChanged 203: procedure change from 3 to 4
 2018-06-20 13:38:18:921 CServerGameDesk::OnBeforeProcedureStart 178: before procedure start, from 4 to 9
 2018-06-20 13:38:18:921 MsgDelegateWaitDiscard::OnSend 220: waiting on player 1 to discard, with candidates :2,3,4,4,4,21,22,22,23,23,28,28,28,6 !
 2018-06-20 13:38:18:975 CServerGameDesk::OnProcedureChanged 203: procedure change from 4 to 9
 2018-06-20 13:38:20:003 CServerGameDesk::HandleNotifyMessage 567: recvive player 1 message with thingID : 27
 2018-06-20 13:38:20:003 MsgDelegateWaitDiscard::OnResponse 294: player 1 tried to discard(valid:1, expected player:1)
 2018-06-20 13:38:20:003 MsgDelegateWaitDiscard::OnResponse 306: the card is 6
 2018-06-20 13:38:20:003 MsgDelegateWaitDiscard::OnDiscardCard 43: player 1 discard card 6(idx 13)
 2018-06-20 13:38:20:004 MsgDelegateDiscardResult::OnSend 49: player 1 discard 6 1
 2018-06-20 13:38:20:039 CServerGameDesk::OnBeforeProcedureStart 178: before procedure start, from 9 to 6
 2018-06-20 13:38:20:039 ProcedureInterceptCardImpl::OnStart 316: check interceptable card 6 from Player 1
 2018-06-20 13:38:20:039 ProcedureInterceptCardJumpDelegateImpl::JumpWhenNoAction 47:  active player changed 1 -> 0
 2018-06-20 13:38:20:039 CServerGameDesk::OnProcedureChanged 203: procedure change from 9 to 6
 2018-06-20 13:38:20:095 CServerGameDesk::OnBeforeProcedureStart 178: before procedure start, from 6 to 3
 2018-06-20 13:38:20:095 MsgDelegateDrawCard::OnSend 61: 0 draw card 7
 2018-06-20 13:38:20:095 CServerGameDesk::OnProcedureChanged 203: procedure change from 6 to 3
 2018-06-20 13:38:20:157 CServerGameDesk::OnBeforeProcedureStart 178: before procedure start, from 3 to 4
 2018-06-20 13:38:20:157 ProcedureAfterGetCardImpl::OnStart 132: Player 0 find action with hand 11,11,11,12,12,13,24,24,25,26,26,29,29,7 and interceptionList  latest draw card 7
 2018-06-20 13:38:20:157 ProcedureAfterGetCardImpl::OnStart 146: done
 2018-06-20 13:38:20:157 CServerGameDesk::OnProcedureChanged 203: procedure change from 3 to 4
 2018-06-20 13:38:20:221 CServerGameDesk::OnBeforeProcedureStart 178: before procedure start, from 4 to 9
 2018-06-20 13:38:20:221 MsgDelegateWaitDiscard::OnSend 220: waiting on player 0 to discard, with candidates :7 !
 2018-06-20 13:38:20:254 CServerGameDesk::OnProcedureChanged 203: procedure change from 4 to 9
 2018-06-20 13:38:22:183 CServerGameDesk::HandleNotifyMessage 567: recvive player 0 message with thingID : 27
 2018-06-20 13:38:22:183 MsgDelegateWaitDiscard::OnResponse 294: player 0 tried to discard(valid:1, expected player:0)
 2018-06-20 13:38:22:183 MsgDelegateWaitDiscard::OnResponse 306: the card is 7
 2018-06-20 13:38:22:183 MsgDelegateWaitDiscard::OnDiscardCard 43: player 0 discard card 7(idx 13)
 2018-06-20 13:38:22:183 MsgDelegateDiscardResult::OnSend 49: player 0 discard 7 0
 2018-06-20 13:38:22:225 CServerGameDesk::OnBeforeProcedureStart 178: before procedure start, from 9 to 6
 2018-06-20 13:38:22:225 ProcedureInterceptCardImpl::OnStart 316: check interceptable card 7 from Player 0
 2018-06-20 13:38:22:225 ProcedureInterceptCardJumpDelegateImpl::JumpWhenNoAction 47:  active player changed 0 -> 1
 2018-06-20 13:38:22:225 CServerGameDesk::OnProcedureChanged 203: procedure change from 9 to 6
 2018-06-20 13:38:22:287 CServerGameDesk::OnBeforeProcedureStart 178: before procedure start, from 6 to 3
 2018-06-20 13:38:22:288 MsgDelegateDrawCard::OnSend 61: 1 draw card 9
 2018-06-20 13:38:22:288 CServerGameDesk::OnProcedureChanged 203: procedure change from 6 to 3
 2018-06-20 13:38:22:345 CServerGameDesk::OnBeforeProcedureStart 178: before procedure start, from 3 to 4
 2018-06-20 13:38:22:345 ProcedureAfterGetCardImpl::OnStart 132: Player 1 find action with hand 2,3,4,4,4,21,22,22,23,23,28,28,28,9 and interceptionList  latest draw card 9
 2018-06-20 13:38:22:345 ProcedureAfterGetCardImpl::OnStart 146: done
 2018-06-20 13:38:22:345 CServerGameDesk::OnProcedureChanged 203: procedure change from 3 to 4
 2018-06-20 13:38:22:409 CServerGameDesk::OnBeforeProcedureStart 178: before procedure start, from 4 to 9
 2018-06-20 13:38:22:409 MsgDelegateWaitDiscard::OnSend 220: waiting on player 1 to discard, with candidates :2,3,4,4,4,21,22,22,23,23,28,28,28,9 !
 2018-06-20 13:38:22:458 CServerGameDesk::OnProcedureChanged 203: procedure change from 4 to 9
 2018-06-20 13:38:23:542 CServerGameDesk::HandleNotifyMessage 567: recvive player 1 message with thingID : 27
 2018-06-20 13:38:23:542 MsgDelegateWaitDiscard::OnResponse 294: player 1 tried to discard(valid:1, expected player:1)
 2018-06-20 13:38:23:542 MsgDelegateWaitDiscard::OnResponse 306: the card is 9
 2018-06-20 13:38:23:542 MsgDelegateWaitDiscard::OnDiscardCard 43: player 1 discard card 9(idx 13)
 2018-06-20 13:38:23:543 MsgDelegateDiscardResult::OnSend 49: player 1 discard 9 1
 2018-06-20 13:38:23:595 CServerGameDesk::OnBeforeProcedureStart 178: before procedure start, from 9 to 6
 2018-06-20 13:38:23:595 ProcedureInterceptCardImpl::OnStart 316: check interceptable card 9 from Player 1
 2018-06-20 13:38:23:595 ProcedureInterceptCardJumpDelegateImpl::JumpWhenNoAction 47:  active player changed 1 -> 0
 2018-06-20 13:38:23:595 CServerGameDesk::OnProcedureChanged 203: procedure change from 9 to 6
 2018-06-20 13:38:23:657 CServerGameDesk::OnBeforeProcedureStart 178: before procedure start, from 6 to 3
 2018-06-20 13:38:23:658 MsgDelegateDrawCard::OnSend 61: 0 draw card 21
 2018-06-20 13:38:23:658 CServerGameDesk::OnProcedureChanged 203: procedure change from 6 to 3
 2018-06-20 13:38:23:721 CServerGameDesk::OnBeforeProcedureStart 178: before procedure start, from 3 to 4
 2018-06-20 13:38:23:721 ProcedureAfterGetCardImpl::OnStart 132: Player 0 find action with hand 11,11,11,12,12,13,24,24,25,26,26,29,29,21 and interceptionList  latest draw card 21
 2018-06-20 13:38:23:722 ProcedureAfterGetCardImpl::OnStart 146: done
 2018-06-20 13:38:23:722 CServerGameDesk::OnProcedureChanged 203: procedure change from 3 to 4
 2018-06-20 13:38:23:784 CServerGameDesk::OnBeforeProcedureStart 178: before procedure start, from 4 to 9
 2018-06-20 13:38:23:784 MsgDelegateWaitDiscard::OnSend 220: waiting on player 0 to discard, with candidates :11,11,11,12,12,13,24,24,25,26,26,29,29,21 !
 2018-06-20 13:38:23:812 CServerGameDesk::OnProcedureChanged 203: procedure change from 4 to 9
 2018-06-20 13:38:25:432 CServerGameDesk::HandleNotifyMessage 567: recvive player 0 message with thingID : 27
 2018-06-20 13:38:25:433 MsgDelegateWaitDiscard::OnResponse 294: player 0 tried to discard(valid:1, expected player:0)
 2018-06-20 13:38:25:433 MsgDelegateWaitDiscard::OnResponse 306: the card is 21
 2018-06-20 13:38:25:433 MsgDelegateWaitDiscard::OnDiscardCard 43: player 0 discard card 21(idx 13)
 2018-06-20 13:38:25:433 MsgDelegateDiscardResult::OnSend 49: player 0 discard 21 0
 2018-06-20 13:38:25:468 CServerGameDesk::OnBeforeProcedureStart 178: before procedure start, from 9 to 6
 2018-06-20 13:38:25:468 ProcedureInterceptCardImpl::OnStart 316: check interceptable card 21 from Player 0
 2018-06-20 13:38:25:468 ProcedureInterceptCardImpl::OnStart 349: Player 1 have actions type:16 from:0 card:21 cards:2,3,4,4,4,21,22,22,23,23,28,28,28,21
 with hand 2,3,4,4,4,21,22,22,23,23,28,28,28 interceptions  card 21
 2018-06-20 13:38:25:469 ProcedureInterceptCardImpl::OnStart 355: question sent
 2018-06-20 13:38:25:469 MsgDelegateInterception::OnSend 126: intercepted card : 21
 2018-06-20 13:38:25:469 MsgDelegateInterception::OnSend 127: player 1 have actions type:16 from:0 card:21 cards:2,3,4,4,4,21,22,22,23,23,28,28,28,21

 2018-06-20 13:38:25:469 CServerGameDesk::OnProcedureChanged 203: procedure change from 9 to 6
 2018-06-20 13:38:27:483 CServerGameDesk::HandleNotifyMessage 567: recvive player 1 message with thingID : 39
 2018-06-20 13:38:27:483 MsgDelegateInterception::Win 265: player 1 select 21
 2018-06-20 13:38:27:534 CServerGameDesk::OnBeforeProcedureStart 178: before procedure start, from 6 to 7
 2018-06-20 13:38:27:540 MsgDelegateInterceptionResult::OnSend 28: player 1 do with type 16
 2018-06-20 13:38:27:541 CServerGameDesk::OnProcedureChanged 203: procedure change from 6 to 7
 2018-06-20 13:38:27:596 CServerGameDesk::OnBeforeProcedureStart 178: before procedure start, from 7 to 11
 2018-06-20 13:38:27:601 CServerGameDesk::OnProcedureChanged 203: procedure change from 7 to 11
 2018-06-20 13:38:27:657 CServerGameDesk::OnBeforeProcedureStart 178: before procedure start, from 11 to 0
 2018-06-20 13:38:27:657 CServerGameDesk::OnProcedureChanged 203: procedure change from 11 to 0
 2018-06-20 13:38:27:657 CServerGameDesk::Liquidate 339: Player 0 beforechangeuserpoint money = -4
 2018-06-20 13:38:27:657 CServerGameDesk::Liquidate 339: Player 1 beforechangeuserpoint money = 4
 2018-06-20 13:38:27:676 MsgDelegateLiquidation::DelaySendMsg 136: Player 0 ZongFen = -4
 2018-06-20 13:38:27:676 MsgDelegateLiquidation::DelaySendMsg 106: Player 1 has inner win type :0 8 15 10 
 2018-06-20 13:38:27:676 MsgDelegateLiquidation::DelaySendMsg 107: Player 1 has outter win type :0 8 15 10 
 2018-06-20 13:38:27:676 MsgDelegateLiquidation::DelaySendMsg 136: Player 1 ZongFen = 4
 2018-06-20 13:38:27:676 MsgDelegateLiquidation::DelaySendMsg 147: Liquidation
 2018-06-20 13:38:27:677 CServerGameDesk::Liquidate 358: Player 0 afterchangeuserpoint money = -4
 2018-06-20 13:38:27:677 CServerGameDesk::Liquidate 358: Player 1 afterchangeuserpoint money = 4
 2018-06-20 13:38:27:677 CServerGameDesk::DoGameStatistic 1106: Do Statistic
 2018-06-20 13:38:27:677 CServerGameDesk::DoGameStatistic 1123: >> zimo:0 jiepao:0 dianpao:0 totalScore-4
 2018-06-20 13:38:27:677 CServerGameDesk::DoGameStatistic 1179: << zimo:0 jiepao:0 dianpao:0 totalScore-4
 2018-06-20 13:38:27:677 CServerGameDesk::DoGameStatistic 1123: >> zimo:0 jiepao:0 dianpao:0 totalScore4
 2018-06-20 13:38:27:677 CServerGameDesk::DoGameStatistic 1179: << zimo:0 jiepao:1 dianpao:0 totalScore4
 2018-06-20 13:38:27:677 CServerGameDesk::OnProcedureLiquidationFinish 975: all rounds finished , send total score board 
 2018-06-20 13:38:27:677 CServerGameDesk::SendScoreBoard 885: zimo:0 jiepao:0 dianpao:1 angang:0 minggang:0 money:-4
 2018-06-20 13:38:27:677 CServerGameDesk::SendScoreBoard 885: zimo:0 jiepao:1 dianpao:0 angang:0 minggang:0 money:4
 2018-06-20 13:38:27:677 CServerGameDesk::SendScoreBoard 890: Send Score Board
 2018-06-20 13:38:27:677 CServerGameDesk::GameClear 308: clean game





 2018-06-20 13:38:27:677 CServerGameDesk::GameFinish 460: game finish normal
 2018-06-20 13:38:27:677 CServerGameDesk::GameClear 308: clean game





 2018-06-20 13:38:27:685 CServerGameDesk::GameReset 322: reset game
