 2018-06-13 11:48:39:115 CServerGameDesk::GameBegin 429: Game Start (0/1)
 2018-06-13 11:48:39:115 CServerGameDesk::GameBegin 435: Player Nicole你摸所以一直哦婆婆哦群了我(Phone21256) at position 0/0
 2018-06-13 11:48:39:115 CServerGameDesk::GameBegin 435: Player Phone22147(Phone22147) at position 1/1
 2018-06-13 11:48:39:115 CServerGameDesk::GameBegin 435: Player chenhy(chenhy) at position 2/2
 2018-06-13 11:48:39:116 CServerGameDesk::GameBegin 435: Player Phone20732(Phone20732) at position 3/3
 2018-06-13 11:48:39:117 CServerGameDesk::OnBeforeProcedureStart 178: before procedure start, from 0 to 1
 2018-06-13 11:48:39:118 CServerGameDesk::OnProcedureChanged 203: procedure change from 0 to 1
 2018-06-13 11:48:39:118 MsgDelegateGameBegin::SendGameBegin 53: game begin
 2018-06-13 11:48:41:116 CServerGameDesk::OnBeforeProcedureStart 178: before procedure start, from 1 to 2
 2018-06-13 11:48:41:124 CServerGameDesk::OnProcedureChanged 203: procedure change from 1 to 2
 2018-06-13 11:48:41:125 MsgDelegateDistributeCard::OnSend 43: dispatch cards
 2018-06-13 11:48:41:176 CServerGameDesk::OnBeforeProcedureStart 178: before procedure start, from 2 to 101
 2018-06-13 11:48:41:176 CServerGameDesk::OnProcedureChanged 203: procedure change from 2 to 101
 2018-06-13 11:48:41:241 CServerGameDesk::OnBeforeProcedureStart 178: before procedure start, from 101 to 100
 2018-06-13 11:48:41:241 CServerGameDesk::OnProcedureChanged 203: procedure change from 101 to 100
 2018-06-13 11:48:41:242 MsgDelegateFirstRound::SendFirstRound 42: first run
 2018-06-13 11:48:41:553 CServerGameDesk::OnBeforeProcedureStart 178: before procedure start, from 100 to 4
 2018-06-13 11:48:41:553 ProcedureAfterGetCardImpl::OnStart 132: Player 0 find action with hand 1,3,4,5,7,8,8,9,15,16,17,22,27,29 and interceptionList  latest draw card 9
 2018-06-13 11:48:41:553 ProcedureAfterGetCardImpl::OnStart 146: done
 2018-06-13 11:48:41:553 CServerGameDesk::OnProcedureChanged 203: procedure change from 100 to 4
 2018-06-13 11:48:41:614 CServerGameDesk::OnBeforeProcedureStart 178: before procedure start, from 4 to 9
 2018-06-13 11:48:41:614 MsgDelegateWaitDiscard::OnSend 220: waiting on player 0 to discard, with candidates :1,3,4,5,7,8,8,9,15,16,17,22,27,29 !
 2018-06-13 11:48:41:639 CServerGameDesk::OnProcedureChanged 203: procedure change from 4 to 9
 2018-06-13 11:48:55:399 CServerGameDesk::SendScoreBoard 885: zimo:0 jiepao:0 dianpao:0 angang:0 minggang:0 money:0
 2018-06-13 11:48:55:400 CServerGameDesk::SendScoreBoard 885: zimo:0 jiepao:0 dianpao:0 angang:0 minggang:0 money:0
 2018-06-13 11:48:55:400 CServerGameDesk::SendScoreBoard 885: zimo:0 jiepao:0 dianpao:0 angang:0 minggang:0 money:0
 2018-06-13 11:48:55:400 CServerGameDesk::SendScoreBoard 885: zimo:0 jiepao:0 dianpao:0 angang:0 minggang:0 money:0
 2018-06-13 11:48:55:400 CServerGameDesk::SendScoreBoard 890: Send Score Board
 2018-06-13 11:48:55:400 CServerGameDesk::GameClear 308: clean game





 2018-06-13 11:48:55:404 CServerGameDesk::GameReset 322: reset game
