 2018-06-03 17:37:17 CServerGameDesk::GameBegin 486: Game Start (0/1)
 2018-06-03 17:37:17 CServerGameDesk::GameBegin 492: Player 婷婷(Phone21200) at position 0/0
 2018-06-03 17:37:17 CServerGameDesk::GameBegin 492: Player 美好的一天(Phone21709) at position 1/1
 2018-06-03 17:37:17 CServerGameDesk::GameBegin 492: Player 平淡21210(Phone21210) at position 2/2
 2018-06-03 17:37:17 CServerGameDesk::GameBegin 492: Player 感恩(Phone21211) at position 3/3
 2018-06-03 17:37:17 CServerGameDesk::OnBeforeProcedureStart 177: before procedure start, from 0 to 1
 2018-06-03 17:37:17 CServerGameDesk::OnProcedureChanged 202: procedure change from 0 to 1
 2018-06-03 17:37:17 MsgDelegateGameBegin::SendGameBegin 54: game begin
 2018-06-03 17:37:18 CServerGameDesk::OnBeforeProcedureStart 177: before procedure start, from 1 to 2
 2018-06-03 17:37:18 CServerGameDesk::OnProcedureChanged 202: procedure change from 1 to 2
 2018-06-03 17:37:19 MsgDelegateDistributeCard::OnSend 43: dispatch cards
 2018-06-03 17:37:19 CServerGameDesk::OnBeforeProcedureStart 177: before procedure start, from 2 to 101
 2018-06-03 17:37:19 CServerGameDesk::OnProcedureChanged 202: procedure change from 2 to 101
 2018-06-03 17:37:19 CServerGameDesk::OnBeforeProcedureStart 177: before procedure start, from 101 to 100
 2018-06-03 17:37:19 CServerGameDesk::OnProcedureChanged 202: procedure change from 101 to 100
 2018-06-03 17:37:19 MsgDelegateFirstRound::SendFirstRound 42: first run
 2018-06-03 17:37:20 CServerGameDesk::OnBeforeProcedureStart 177: before procedure start, from 100 to 4
 2018-06-03 17:37:20 ProcedureAfterGetCardImpl::OnStart 132: Player 0 find action with hand 1,2,3,4,5,9,14,15,19,21,22,22,23,26 and interceptionList  latest draw card 9
 2018-06-03 17:37:20 ProcedureAfterGetCardImpl::OnStart 146: done
 2018-06-03 17:37:20 CServerGameDesk::OnProcedureChanged 202: procedure change from 100 to 4
 2018-06-03 17:37:20 CServerGameDesk::OnBeforeProcedureStart 177: before procedure start, from 4 to 9
 2018-06-03 17:37:20 MsgDelegateWaitDiscard::OnSend 198: waiting on player 0 to discard, with candidates :1,2,3,4,5,9,14,15,19,21,22,22,23,26 !
 2018-06-03 17:37:20 CServerGameDesk::OnProcedureChanged 202: procedure change from 4 to 9
 2018-06-03 17:38:04 CServerGameDesk::SendScoreBoard 938: zimo:0 jiepao:0 dianpao:0 angang:0 minggang:0 money:0
 2018-06-03 17:38:04 CServerGameDesk::SendScoreBoard 938: zimo:0 jiepao:0 dianpao:0 angang:0 minggang:0 money:0
 2018-06-03 17:38:04 CServerGameDesk::SendScoreBoard 938: zimo:0 jiepao:0 dianpao:0 angang:0 minggang:0 money:0
 2018-06-03 17:38:04 CServerGameDesk::SendScoreBoard 938: zimo:0 jiepao:0 dianpao:0 angang:0 minggang:0 money:0
 2018-06-03 17:38:04 CServerGameDesk::SendScoreBoard 943: Send Score Board
 2018-06-03 17:38:04 CServerGameDesk::GameClear 309: clean game





 2018-06-03 17:38:04 CServerGameDesk::GameReset 323: reset game
