 2019-02-21 17:07:38 CServerGameDesk::SendRemaindedGameCount 924: 发送玩家0,Phone22956,iNowGameCount=6
 2019-02-21 17:07:45 CServerGameDesk::SendRemaindedGameCount 924: 发送玩家0,Phone22956,iNowGameCount=6
 2019-02-21 17:07:45 CServerGameDesk::SendRemaindedGameCount 924: 发送玩家1,ZL1111,iNowGameCount=6
 2019-02-21 17:08:02 CServerGameDesk::SendRemaindedGameCount 924: 发送玩家0,Phone22956,iNowGameCount=6
 2019-02-21 17:08:02 CServerGameDesk::SendRemaindedGameCount 924: 发送玩家1,ZL1111,iNowGameCount=6
 2019-02-21 17:08:02 CServerGameDesk::SendRemaindedGameCount 924: 发送玩家2,ZL2222,iNowGameCount=6
 2019-02-21 17:08:20 CServerGameDesk::SendRemaindedGameCount 924: 发送玩家0,Phone22956,iNowGameCount=6
 2019-02-21 17:08:20 CServerGameDesk::SendRemaindedGameCount 924: 发送玩家1,ZL1111,iNowGameCount=6
 2019-02-21 17:08:20 CServerGameDesk::SendRemaindedGameCount 924: 发送玩家2,ZL2222,iNowGameCount=6
 2019-02-21 17:08:20 CServerGameDesk::SendRemaindedGameCount 924: 发送玩家3,ZL3333,iNowGameCount=6
 2019-02-21 17:08:23 ThingHandleEx::ExecuteGameBegin 1463: 20198004：游戏开始, m_iRunGameCount6
 2019-02-21 17:09:53 ThingHandleEx::ExecuteZhuaPai 2581: 玩家ZL1111要胡
 2019-02-21 17:09:56 ThingHandleEx::ExecuteZhongNiao 1431: 中鸟阶段:S: ZhongNiao[0]=17
 2019-02-21 17:09:56 ThingHandleEx::ExecuteZhongNiao 1431: 中鸟阶段:S: ZhongNiao[1]=32
 2019-02-21 17:09:56 ThingHandleEx::ExecuteZhongNiao 1437: 中码结算, 该局玩家0的码分=0
 2019-02-21 17:09:56 ThingHandleEx::ExecuteZhongNiao 1437: 中码结算, 该局玩家1的码分=0
 2019-02-21 17:09:56 ThingHandleEx::ExecuteZhongNiao 1437: 中码结算, 该局玩家2的码分=0
 2019-02-21 17:09:56 ThingHandleEx::ExecuteZhongNiao 1437: 中码结算, 该局玩家3的码分=0
 2019-02-21 17:10:11 ThingHandleEx::ExecuteCountFen 2832: 算分,玩家  的自摸次数=1
 2019-02-21 17:11:30 ThingHandleEx::ExecuteCountFen 2908:  游戏结算,玩家 0 ,Phone22956 的杠分=0 胡番=-2 码分=0
 2019-02-21 17:11:30 ThingHandleEx::ExecuteCountFen 2909:  游戏结算,玩家 0 的总分=-2
 2019-02-21 17:11:30 ThingHandleEx::ExecuteCountFen 2908:  游戏结算,玩家 1 ,ZL1111 的杠分=0 胡番=6 码分=0
 2019-02-21 17:11:30 ThingHandleEx::ExecuteCountFen 2909:  游戏结算,玩家 1 的总分=6
 2019-02-21 17:11:30 ThingHandleEx::ExecuteCountFen 2908:  游戏结算,玩家 2 ,ZL2222 的杠分=0 胡番=-2 码分=0
 2019-02-21 17:11:30 ThingHandleEx::ExecuteCountFen 2909:  游戏结算,玩家 2 的总分=-2
 2019-02-21 17:11:30 ThingHandleEx::ExecuteCountFen 2908:  游戏结算,玩家 3 ,ZL3333 的杠分=0 胡番=-2 码分=0
 2019-02-21 17:11:30 ThingHandleEx::ExecuteCountFen 2909:  游戏结算,玩家 3 的总分=-2
 2019-02-21 17:11:33 CServerGameDesk::GameFinish 394: 第7局正常结束
 2019-02-21 17:11:33 CServerGameDesk::SendRemaindedGameCount 924: 发送玩家0,Phone22956,iNowGameCount=7
 2019-02-21 17:11:33 CServerGameDesk::SendRemaindedGameCount 924: 发送玩家1,ZL1111,iNowGameCount=7
 2019-02-21 17:11:33 CServerGameDesk::SendRemaindedGameCount 924: 发送玩家2,ZL2222,iNowGameCount=7
 2019-02-21 17:11:33 CServerGameDesk::SendRemaindedGameCount 924: 发送玩家3,ZL3333,iNowGameCount=7
 2019-02-21 17:11:43 ThingHandleEx::ExecuteGameBegin 1463: 20198004：游戏开始, m_iRunGameCount7
 2019-02-21 17:15:48 ThingHandleEx::ExecuteZhuaPai 2581: 玩家ZL1111要胡
 2019-02-21 17:15:52 ThingHandleEx::ExecuteZhongNiao 1431: 中鸟阶段:S: ZhongNiao[0]=12
 2019-02-21 17:15:52 ThingHandleEx::ExecuteZhongNiao 1431: 中鸟阶段:S: ZhongNiao[1]=19
 2019-02-21 17:15:52 ThingHandleEx::ExecuteZhongNiao 1437: 中码结算, 该局玩家0的码分=-2
 2019-02-21 17:15:52 ThingHandleEx::ExecuteZhongNiao 1437: 中码结算, 该局玩家1的码分=6
 2019-02-21 17:15:52 ThingHandleEx::ExecuteZhongNiao 1437: 中码结算, 该局玩家2的码分=-2
 2019-02-21 17:15:52 ThingHandleEx::ExecuteZhongNiao 1437: 中码结算, 该局玩家3的码分=-2
 2019-02-21 17:16:00 ThingHandleEx::ExecuteCountFen 2832: 算分,玩家  的自摸次数=2
 2019-02-21 17:16:01 ThingHandleEx::ExecuteCountFen 2908:  游戏结算,玩家 0 ,Phone22956 的杠分=0 胡番=-2 码分=-2
 2019-02-21 17:16:01 ThingHandleEx::ExecuteCountFen 2909:  游戏结算,玩家 0 的总分=-4
 2019-02-21 17:16:01 ThingHandleEx::ExecuteCountFen 2908:  游戏结算,玩家 1 ,ZL1111 的杠分=0 胡番=8 码分=6
 2019-02-21 17:16:01 ThingHandleEx::ExecuteCountFen 2909:  游戏结算,玩家 1 的总分=14
 2019-02-21 17:16:01 ThingHandleEx::ExecuteCountFen 2908:  游戏结算,玩家 2 ,ZL2222 的杠分=0 胡番=-2 码分=-2
 2019-02-21 17:16:01 ThingHandleEx::ExecuteCountFen 2909:  游戏结算,玩家 2 的总分=-4
 2019-02-21 17:16:01 ThingHandleEx::ExecuteCountFen 2908:  游戏结算,玩家 3 ,ZL3333 的杠分=0 胡番=-2 码分=-2
 2019-02-21 17:16:01 ThingHandleEx::ExecuteCountFen 2909:  游戏结算,玩家 3 的总分=-4
 2019-02-21 17:16:03 CServerGameDesk::GameFinish 376: 游戏正常结束，发送大结算
 2019-02-21 17:16:03 CServerGameDesk::UpdateCalculateBoard 899: 玩家0,Phone22956的自摸次数=0明杠=0,暗杠=0,中码=0,点炮=0,总成绩=-6
 2019-02-21 17:16:03 CServerGameDesk::UpdateCalculateBoard 899: 玩家1,ZL1111的自摸次数=2明杠=0,暗杠=0,中码=1,点炮=0,总成绩=20
 2019-02-21 17:16:03 CServerGameDesk::UpdateCalculateBoard 899: 玩家2,ZL2222的自摸次数=0明杠=0,暗杠=0,中码=0,点炮=0,总成绩=-6
 2019-02-21 17:16:03 CServerGameDesk::UpdateCalculateBoard 899: 玩家3,ZL3333的自摸次数=0明杠=0,暗杠=0,中码=0,点炮=0,总成绩=-6
 2019-02-21 17:16:03 CServerGameDesk::GameFinish 394: 第8局正常结束
