 2019-02-21 17:23:14 CServerGameDesk::SendRemaindedGameCount 924: 发送玩家0,Phone22956,iNowGameCount=0
 2019-02-21 17:23:57 CServerGameDesk::SendRemaindedGameCount 924: 发送玩家0,Phone22956,iNowGameCount=0
 2019-02-21 17:23:57 CServerGameDesk::SendRemaindedGameCount 924: 发送玩家1,ZL1111,iNowGameCount=0
 2019-02-21 17:24:07 CServerGameDesk::SendRemaindedGameCount 924: 发送玩家0,Phone22956,iNowGameCount=0
 2019-02-21 17:24:07 CServerGameDesk::SendRemaindedGameCount 924: 发送玩家1,ZL1111,iNowGameCount=0
 2019-02-21 17:24:07 CServerGameDesk::SendRemaindedGameCount 924: 发送玩家2,ZL2222,iNowGameCount=0
 2019-02-21 17:24:15 CServerGameDesk::SendRemaindedGameCount 924: 发送玩家0,Phone22956,iNowGameCount=0
 2019-02-21 17:24:15 CServerGameDesk::SendRemaindedGameCount 924: 发送玩家1,ZL1111,iNowGameCount=0
 2019-02-21 17:24:15 CServerGameDesk::SendRemaindedGameCount 924: 发送玩家2,ZL2222,iNowGameCount=0
 2019-02-21 17:24:15 CServerGameDesk::SendRemaindedGameCount 924: 发送玩家3,ZL3333,iNowGameCount=0
 2019-02-21 17:24:17 ThingHandleEx::ExecuteGameBegin 1463: 20198004：游戏开始, m_iRunGameCount0
 2019-02-21 17:29:08 CServerGameDesk::SendRemaindedGameCount 924: 发送玩家0,Phone22956,iNowGameCount=0
 2019-02-21 17:29:24 CServerGameDesk::SendRemaindedGameCount 924: 发送玩家0,Phone22956,iNowGameCount=0
 2019-02-21 17:29:24 CServerGameDesk::SendRemaindedGameCount 924: 发送玩家1,ZL1111,iNowGameCount=0
 2019-02-21 17:29:33 CServerGameDesk::SendRemaindedGameCount 924: 发送玩家0,Phone22956,iNowGameCount=0
 2019-02-21 17:29:33 CServerGameDesk::SendRemaindedGameCount 924: 发送玩家1,ZL1111,iNowGameCount=0
 2019-02-21 17:29:33 CServerGameDesk::SendRemaindedGameCount 924: 发送玩家2,ZL2222,iNowGameCount=0
 2019-02-21 17:29:45 CServerGameDesk::SendRemaindedGameCount 924: 发送玩家0,Phone22956,iNowGameCount=0
 2019-02-21 17:29:45 CServerGameDesk::SendRemaindedGameCount 924: 发送玩家1,ZL1111,iNowGameCount=0
 2019-02-21 17:29:45 CServerGameDesk::SendRemaindedGameCount 924: 发送玩家2,ZL2222,iNowGameCount=0
 2019-02-21 17:29:45 CServerGameDesk::SendRemaindedGameCount 924: 发送玩家3,ZL3333,iNowGameCount=0
 2019-02-21 17:29:46 ThingHandleEx::ExecuteGameBegin 1463: 20198004：游戏开始, m_iRunGameCount0
 2019-02-21 17:36:57 ThingHandleEx::ExecuteZhongNiao 1431: 中鸟阶段:S: ZhongNiao[0]=28
 2019-02-21 17:36:57 ThingHandleEx::ExecuteZhongNiao 1431: 中鸟阶段:S: ZhongNiao[1]=18
 2019-02-21 17:36:57 ThingHandleEx::ExecuteZhongNiao 1437: 中码结算, 该局玩家0的码分=0
 2019-02-21 17:36:57 ThingHandleEx::ExecuteZhongNiao 1437: 中码结算, 该局玩家1的码分=0
 2019-02-21 17:36:57 ThingHandleEx::ExecuteZhongNiao 1437: 中码结算, 该局玩家2的码分=0
 2019-02-21 17:36:57 ThingHandleEx::ExecuteZhongNiao 1437: 中码结算, 该局玩家3的码分=0
 2019-02-21 17:37:14 ThingHandleEx::ExecuteCountFen 2908:  游戏结算,玩家 0 ,Phone22956 的杠分=0 胡番=-4 码分=0
 2019-02-21 17:37:14 ThingHandleEx::ExecuteCountFen 2909:  游戏结算,玩家 0 的总分=-4
 2019-02-21 17:37:14 ThingHandleEx::ExecuteCountFen 2908:  游戏结算,玩家 1 ,ZL1111 的杠分=0 胡番=0 码分=0
 2019-02-21 17:37:14 ThingHandleEx::ExecuteCountFen 2909:  游戏结算,玩家 1 的总分=0
 2019-02-21 17:37:14 ThingHandleEx::ExecuteCountFen 2908:  游戏结算,玩家 2 ,ZL2222 的杠分=0 胡番=0 码分=0
 2019-02-21 17:37:14 ThingHandleEx::ExecuteCountFen 2909:  游戏结算,玩家 2 的总分=0
 2019-02-21 17:37:14 ThingHandleEx::ExecuteCountFen 2908:  游戏结算,玩家 3 ,ZL3333 的杠分=0 胡番=4 码分=0
 2019-02-21 17:37:14 ThingHandleEx::ExecuteCountFen 2909:  游戏结算,玩家 3 的总分=4
 2019-02-21 17:37:16 CServerGameDesk::GameFinish 394: 第1局正常结束
 2019-02-21 17:37:16 CServerGameDesk::SendRemaindedGameCount 924: 发送玩家0,Phone22956,iNowGameCount=1
 2019-02-21 17:37:16 CServerGameDesk::SendRemaindedGameCount 924: 发送玩家1,ZL1111,iNowGameCount=1
 2019-02-21 17:37:16 CServerGameDesk::SendRemaindedGameCount 924: 发送玩家2,ZL2222,iNowGameCount=1
 2019-02-21 17:37:16 CServerGameDesk::SendRemaindedGameCount 924: 发送玩家3,ZL3333,iNowGameCount=1
 2019-02-21 17:37:26 ThingHandleEx::ExecuteGameBegin 1463: 20198004：游戏开始, m_iRunGameCount1
 2019-02-21 17:39:27 ThingHandleEx::ExecuteZhongNiao 1431: 中鸟阶段:S: ZhongNiao[0]=19
 2019-02-21 17:39:27 ThingHandleEx::ExecuteZhongNiao 1431: 中鸟阶段:S: ZhongNiao[1]=2
 2019-02-21 17:39:27 ThingHandleEx::ExecuteZhongNiao 1437: 中码结算, 该局玩家0的码分=-2
 2019-02-21 17:39:27 ThingHandleEx::ExecuteZhongNiao 1437: 中码结算, 该局玩家1的码分=6
 2019-02-21 17:39:27 ThingHandleEx::ExecuteZhongNiao 1437: 中码结算, 该局玩家2的码分=-2
 2019-02-21 17:39:27 ThingHandleEx::ExecuteZhongNiao 1437: 中码结算, 该局玩家3的码分=-2
 2019-02-21 17:39:35 ThingHandleEx::ExecuteCountFen 2908:  游戏结算,玩家 0 ,Phone22956 的杠分=3 胡番=-4 码分=-2
 2019-02-21 17:39:35 ThingHandleEx::ExecuteCountFen 2909:  游戏结算,玩家 0 的总分=-3
 2019-02-21 17:39:35 ThingHandleEx::ExecuteCountFen 2908:  游戏结算,玩家 1 ,ZL1111 的杠分=-3 胡番=6 码分=6
 2019-02-21 17:39:35 ThingHandleEx::ExecuteCountFen 2909:  游戏结算,玩家 1 的总分=9
 2019-02-21 17:39:35 ThingHandleEx::ExecuteCountFen 2908:  游戏结算,玩家 2 ,ZL2222 的杠分=0 胡番=0 码分=-2
 2019-02-21 17:39:35 ThingHandleEx::ExecuteCountFen 2909:  游戏结算,玩家 2 的总分=-2
 2019-02-21 17:39:35 ThingHandleEx::ExecuteCountFen 2908:  游戏结算,玩家 3 ,ZL3333 的杠分=0 胡番=0 码分=-2
 2019-02-21 17:39:35 ThingHandleEx::ExecuteCountFen 2909:  游戏结算,玩家 3 的总分=-2
 2019-02-21 17:39:35 CServerGameDesk::GameFinish 376: 游戏正常结束，发送大结算
 2019-02-21 17:39:35 CServerGameDesk::UpdateCalculateBoard 899: 玩家0,Phone22956的自摸次数=0明杠=1,暗杠=0,中码=0,点炮=0,总成绩=-7
 2019-02-21 17:39:35 CServerGameDesk::UpdateCalculateBoard 899: 玩家1,ZL1111的自摸次数=0明杠=0,暗杠=0,中码=1,点炮=0,总成绩=9
 2019-02-21 17:39:35 CServerGameDesk::UpdateCalculateBoard 899: 玩家2,ZL2222的自摸次数=0明杠=0,暗杠=0,中码=0,点炮=0,总成绩=-2
 2019-02-21 17:39:35 CServerGameDesk::UpdateCalculateBoard 899: 玩家3,ZL3333的自摸次数=0明杠=0,暗杠=0,中码=0,点炮=0,总成绩=2
 2019-02-21 17:39:35 CServerGameDesk::GameFinish 394: 第2局正常结束
