 2019-02-22 09:40:53 CServerGameDesk::SendRemaindedGameCount 924: 发送玩家0,JJJJJJJ1,iNowGameCount=0
 2019-02-22 09:42:52 CServerGameDesk::SendRemaindedGameCount 924: 发送玩家0,JJJJJJJ1,iNowGameCount=0
 2019-02-22 09:42:52 CServerGameDesk::SendRemaindedGameCount 924: 发送玩家1,JJJJJJJ2,iNowGameCount=0
 2019-02-22 09:43:33 CServerGameDesk::SendRemaindedGameCount 924: 发送玩家0,JJJJJJJ1,iNowGameCount=0
 2019-02-22 09:43:33 CServerGameDesk::SendRemaindedGameCount 924: 发送玩家1,JJJJJJJ2,iNowGameCount=0
 2019-02-22 09:43:33 CServerGameDesk::SendRemaindedGameCount 924: 发送玩家2,JJJJJJJ3,iNowGameCount=0
 2019-02-22 09:44:26 CServerGameDesk::SendRemaindedGameCount 924: 发送玩家0,JJJJJJJ1,iNowGameCount=0
 2019-02-22 09:44:26 CServerGameDesk::SendRemaindedGameCount 924: 发送玩家1,JJJJJJJ2,iNowGameCount=0
 2019-02-22 09:44:26 CServerGameDesk::SendRemaindedGameCount 924: 发送玩家2,JJJJJJJ3,iNowGameCount=0
 2019-02-22 09:44:26 CServerGameDesk::SendRemaindedGameCount 924: 发送玩家3,JJJJJJJ4,iNowGameCount=0
 2019-02-22 09:44:28 ThingHandleEx::ExecuteGameBegin 1463: 20198004：游戏开始, m_iRunGameCount0
 2019-02-22 10:27:03 ThingHandleEx::ExecuteZhuaPai 2581: 玩家JJJJJJJ4要胡
 2019-02-22 10:27:08 ThingHandleEx::ExecuteZhongNiao 1431: 中鸟阶段:S: ZhongNiao[0]=24
 2019-02-22 10:27:08 ThingHandleEx::ExecuteZhongNiao 1431: 中鸟阶段:S: ZhongNiao[1]=31
 2019-02-22 10:27:08 ThingHandleEx::ExecuteZhongNiao 1437: 中码结算, 该局玩家0的码分=-2
 2019-02-22 10:27:08 ThingHandleEx::ExecuteZhongNiao 1437: 中码结算, 该局玩家1的码分=-2
 2019-02-22 10:27:08 ThingHandleEx::ExecuteZhongNiao 1437: 中码结算, 该局玩家2的码分=-2
 2019-02-22 10:27:08 ThingHandleEx::ExecuteZhongNiao 1437: 中码结算, 该局玩家3的码分=6
 2019-02-22 10:27:18 ThingHandleEx::ExecuteCountFen 2832: 算分,玩家  的自摸次数=1
 2019-02-22 10:27:19 ThingHandleEx::ExecuteCountFen 2908:  游戏结算,玩家 0 ,JJJJJJJ1 的杠分=0 胡番=-2 码分=-2
 2019-02-22 10:27:19 ThingHandleEx::ExecuteCountFen 2909:  游戏结算,玩家 0 的总分=-4
 2019-02-22 10:27:19 ThingHandleEx::ExecuteCountFen 2908:  游戏结算,玩家 1 ,JJJJJJJ2 的杠分=0 胡番=-2 码分=-2
 2019-02-22 10:27:19 ThingHandleEx::ExecuteCountFen 2909:  游戏结算,玩家 1 的总分=-4
 2019-02-22 10:27:19 ThingHandleEx::ExecuteCountFen 2908:  游戏结算,玩家 2 ,JJJJJJJ3 的杠分=0 胡番=-2 码分=-2
 2019-02-22 10:27:19 ThingHandleEx::ExecuteCountFen 2909:  游戏结算,玩家 2 的总分=-4
 2019-02-22 10:27:19 ThingHandleEx::ExecuteCountFen 2908:  游戏结算,玩家 3 ,JJJJJJJ4 的杠分=0 胡番=6 码分=6
 2019-02-22 10:27:19 ThingHandleEx::ExecuteCountFen 2909:  游戏结算,玩家 3 的总分=12
 2019-02-22 10:27:20 CServerGameDesk::GameFinish 394: 第1局正常结束
 2019-02-22 10:27:20 CServerGameDesk::SendRemaindedGameCount 924: 发送玩家0,JJJJJJJ1,iNowGameCount=1
 2019-02-22 10:27:20 CServerGameDesk::SendRemaindedGameCount 924: 发送玩家1,JJJJJJJ2,iNowGameCount=1
 2019-02-22 10:27:20 CServerGameDesk::SendRemaindedGameCount 924: 发送玩家2,JJJJJJJ3,iNowGameCount=1
 2019-02-22 10:27:20 CServerGameDesk::SendRemaindedGameCount 924: 发送玩家3,JJJJJJJ4,iNowGameCount=1
 2019-02-22 10:27:34 ThingHandleEx::ExecuteGameBegin 1463: 20198004：游戏开始, m_iRunGameCount1
 2019-02-22 10:40:44 ThingHandleEx::ExecuteZhongNiao 1431: 中鸟阶段:S: ZhongNiao[0]=24
 2019-02-22 10:40:44 ThingHandleEx::ExecuteZhongNiao 1431: 中鸟阶段:S: ZhongNiao[1]=2
 2019-02-22 10:40:44 ThingHandleEx::ExecuteZhongNiao 1437: 中码结算, 该局玩家0的码分=0
 2019-02-22 10:40:44 ThingHandleEx::ExecuteZhongNiao 1437: 中码结算, 该局玩家1的码分=0
 2019-02-22 10:40:44 ThingHandleEx::ExecuteZhongNiao 1437: 中码结算, 该局玩家2的码分=0
 2019-02-22 10:40:44 ThingHandleEx::ExecuteZhongNiao 1437: 中码结算, 该局玩家3的码分=0
 2019-02-22 10:41:01 ThingHandleEx::ExecuteCountFen 2908:  游戏结算,玩家 0 ,JJJJJJJ1 的杠分=3 胡番=0 码分=0
 2019-02-22 10:41:01 ThingHandleEx::ExecuteCountFen 2909:  游戏结算,玩家 0 的总分=3
 2019-02-22 10:41:01 ThingHandleEx::ExecuteCountFen 2908:  游戏结算,玩家 1 ,JJJJJJJ2 的杠分=0 胡番=-4 码分=0
 2019-02-22 10:41:01 ThingHandleEx::ExecuteCountFen 2909:  游戏结算,玩家 1 的总分=-4
 2019-02-22 10:41:01 ThingHandleEx::ExecuteCountFen 2908:  游戏结算,玩家 2 ,JJJJJJJ3 的杠分=0 胡番=0 码分=0
 2019-02-22 10:41:01 ThingHandleEx::ExecuteCountFen 2909:  游戏结算,玩家 2 的总分=0
 2019-02-22 10:41:01 ThingHandleEx::ExecuteCountFen 2908:  游戏结算,玩家 3 ,JJJJJJJ4 的杠分=-3 胡番=4 码分=0
 2019-02-22 10:41:01 ThingHandleEx::ExecuteCountFen 2909:  游戏结算,玩家 3 的总分=1
 2019-02-22 10:41:01 CServerGameDesk::GameFinish 376: 游戏正常结束，发送大结算
 2019-02-22 10:41:01 CServerGameDesk::UpdateCalculateBoard 899: 玩家0,JJJJJJJ1的自摸次数=0明杠=1,暗杠=0,中码=0,点炮=0,总成绩=-1
 2019-02-22 10:41:01 CServerGameDesk::UpdateCalculateBoard 899: 玩家1,JJJJJJJ2的自摸次数=0明杠=0,暗杠=0,中码=0,点炮=0,总成绩=-8
 2019-02-22 10:41:01 CServerGameDesk::UpdateCalculateBoard 899: 玩家2,JJJJJJJ3的自摸次数=0明杠=0,暗杠=0,中码=0,点炮=0,总成绩=-4
 2019-02-22 10:41:01 CServerGameDesk::UpdateCalculateBoard 899: 玩家3,JJJJJJJ4的自摸次数=1明杠=0,暗杠=0,中码=1,点炮=0,总成绩=13
 2019-02-22 10:41:01 CServerGameDesk::GameFinish 394: 第2局正常结束
