 2019-02-20 17:14:08 CServerGameDesk::SendRemaindedGameCount 924: 发送玩家0,Phone22956,iNowGameCount=3
 2019-02-20 17:14:17 CServerGameDesk::SendRemaindedGameCount 924: 发送玩家0,Phone22956,iNowGameCount=3
 2019-02-20 17:14:17 CServerGameDesk::SendRemaindedGameCount 924: 发送玩家1,ZL1111,iNowGameCount=3
 2019-02-20 17:14:46 CServerGameDesk::SendRemaindedGameCount 924: 发送玩家0,Phone22956,iNowGameCount=3
 2019-02-20 17:14:46 CServerGameDesk::SendRemaindedGameCount 924: 发送玩家1,ZL1111,iNowGameCount=3
 2019-02-20 17:14:46 CServerGameDesk::SendRemaindedGameCount 924: 发送玩家2,ZL2222,iNowGameCount=3
 2019-02-20 17:15:05 CServerGameDesk::SendRemaindedGameCount 924: 发送玩家0,Phone22956,iNowGameCount=3
 2019-02-20 17:15:05 CServerGameDesk::SendRemaindedGameCount 924: 发送玩家1,ZL1111,iNowGameCount=3
 2019-02-20 17:15:05 CServerGameDesk::SendRemaindedGameCount 924: 发送玩家2,ZL2222,iNowGameCount=3
 2019-02-20 17:15:05 CServerGameDesk::SendRemaindedGameCount 924: 发送玩家3,ZL3333,iNowGameCount=3
 2019-02-20 17:15:10 ThingHandleEx::ExecuteGameBegin 1463: 20198004：游戏开始, m_iRunGameCount3
 2019-02-20 17:23:12 CServerGameDesk::SendRemaindedGameCount 924: 发送玩家0,Phone22956,iNowGameCount=3
 2019-02-20 17:23:28 CServerGameDesk::SendRemaindedGameCount 924: 发送玩家0,Phone22956,iNowGameCount=3
 2019-02-20 17:23:28 CServerGameDesk::SendRemaindedGameCount 924: 发送玩家3,ZL3333,iNowGameCount=3
 2019-02-20 17:23:46 CServerGameDesk::SendRemaindedGameCount 924: 发送玩家0,Phone22956,iNowGameCount=3
 2019-02-20 17:23:46 CServerGameDesk::SendRemaindedGameCount 924: 发送玩家2,ZL2222,iNowGameCount=3
 2019-02-20 17:23:46 CServerGameDesk::SendRemaindedGameCount 924: 发送玩家3,ZL3333,iNowGameCount=3
 2019-02-20 17:24:06 CServerGameDesk::SendRemaindedGameCount 924: 发送玩家0,Phone22956,iNowGameCount=3
 2019-02-20 17:24:06 CServerGameDesk::SendRemaindedGameCount 924: 发送玩家1,ZL1111,iNowGameCount=3
 2019-02-20 17:24:06 CServerGameDesk::SendRemaindedGameCount 924: 发送玩家2,ZL2222,iNowGameCount=3
 2019-02-20 17:24:06 CServerGameDesk::SendRemaindedGameCount 924: 发送玩家3,ZL3333,iNowGameCount=3
 2019-02-20 17:24:08 ThingHandleEx::ExecuteGameBegin 1463: 20198004：游戏开始, m_iRunGameCount3
 2019-02-20 17:27:30 CServerGameDesk::SendRemaindedGameCount 924: 发送玩家3,ZL3333,iNowGameCount=3
 2019-02-20 17:29:33 CServerGameDesk::SendRemaindedGameCount 924: 发送玩家0,Phone22956,iNowGameCount=3
 2019-02-20 17:29:33 CServerGameDesk::SendRemaindedGameCount 924: 发送玩家3,ZL3333,iNowGameCount=3
 2019-02-20 17:29:53 CServerGameDesk::SendRemaindedGameCount 924: 发送玩家0,Phone22956,iNowGameCount=3
 2019-02-20 17:29:53 CServerGameDesk::SendRemaindedGameCount 924: 发送玩家2,ZL2222,iNowGameCount=3
 2019-02-20 17:29:53 CServerGameDesk::SendRemaindedGameCount 924: 发送玩家3,ZL3333,iNowGameCount=3
 2019-02-20 17:30:12 CServerGameDesk::SendRemaindedGameCount 924: 发送玩家0,Phone22956,iNowGameCount=3
 2019-02-20 17:30:12 CServerGameDesk::SendRemaindedGameCount 924: 发送玩家1,ZL1111,iNowGameCount=3
 2019-02-20 17:30:12 CServerGameDesk::SendRemaindedGameCount 924: 发送玩家2,ZL2222,iNowGameCount=3
 2019-02-20 17:30:12 CServerGameDesk::SendRemaindedGameCount 924: 发送玩家3,ZL3333,iNowGameCount=3
 2019-02-20 17:30:13 ThingHandleEx::ExecuteGameBegin 1463: 20198004：游戏开始, m_iRunGameCount3
 2019-02-20 17:32:30 CServerGameDesk::UserReCome 576: 玩家 ,ZL3333的托管状态=0
 2019-02-20 17:32:30 CServerGameDesk::SendRemaindedGameCount 924: 发送玩家0,Phone22956,iNowGameCount=4
 2019-02-20 17:32:30 CServerGameDesk::SendRemaindedGameCount 924: 发送玩家1,ZL1111,iNowGameCount=4
 2019-02-20 17:32:30 CServerGameDesk::SendRemaindedGameCount 924: 发送玩家2,ZL2222,iNowGameCount=4
 2019-02-20 17:32:30 CServerGameDesk::SendRemaindedGameCount 924: 发送玩家3,ZL3333,iNowGameCount=4
 2019-02-20 17:35:26 CServerGameDesk::SendRemaindedGameCount 924: 发送玩家1,ZL1111,iNowGameCount=3
 2019-02-20 17:35:37 CServerGameDesk::SendRemaindedGameCount 924: 发送玩家0,Phone22956,iNowGameCount=3
 2019-02-20 17:35:37 CServerGameDesk::SendRemaindedGameCount 924: 发送玩家1,ZL1111,iNowGameCount=3
 2019-02-20 17:35:54 CServerGameDesk::SendRemaindedGameCount 924: 发送玩家0,Phone22956,iNowGameCount=3
 2019-02-20 17:35:54 CServerGameDesk::SendRemaindedGameCount 924: 发送玩家1,ZL1111,iNowGameCount=3
 2019-02-20 17:35:54 CServerGameDesk::SendRemaindedGameCount 924: 发送玩家2,ZL2222,iNowGameCount=3
 2019-02-20 17:36:19 CServerGameDesk::SendRemaindedGameCount 924: 发送玩家0,Phone22956,iNowGameCount=3
 2019-02-20 17:36:19 CServerGameDesk::SendRemaindedGameCount 924: 发送玩家1,ZL1111,iNowGameCount=3
 2019-02-20 17:36:19 CServerGameDesk::SendRemaindedGameCount 924: 发送玩家2,ZL2222,iNowGameCount=3
 2019-02-20 17:36:19 CServerGameDesk::SendRemaindedGameCount 924: 发送玩家3,ZL3333,iNowGameCount=3
 2019-02-20 17:36:20 ThingHandleEx::ExecuteGameBegin 1463: 20198004：游戏开始, m_iRunGameCount3
 2019-02-20 17:37:26 CServerGameDesk::UserReCome 576: 玩家 ,ZL1111的托管状态=0
 2019-02-20 17:37:26 CServerGameDesk::SendRemaindedGameCount 924: 发送玩家0,Phone22956,iNowGameCount=4
 2019-02-20 17:37:26 CServerGameDesk::SendRemaindedGameCount 924: 发送玩家1,ZL1111,iNowGameCount=4
 2019-02-20 17:37:26 CServerGameDesk::SendRemaindedGameCount 924: 发送玩家2,ZL2222,iNowGameCount=4
 2019-02-20 17:37:26 CServerGameDesk::SendRemaindedGameCount 924: 发送玩家3,ZL3333,iNowGameCount=4
 2019-02-20 17:38:47 CServerGameDesk::UserReCome 576: 玩家 ,ZL1111的托管状态=0
 2019-02-20 17:38:47 CServerGameDesk::SendRemaindedGameCount 924: 发送玩家0,Phone22956,iNowGameCount=4
 2019-02-20 17:38:47 CServerGameDesk::SendRemaindedGameCount 924: 发送玩家1,ZL1111,iNowGameCount=4
 2019-02-20 17:38:47 CServerGameDesk::SendRemaindedGameCount 924: 发送玩家2,ZL2222,iNowGameCount=4
 2019-02-20 17:38:47 CServerGameDesk::SendRemaindedGameCount 924: 发送玩家3,ZL3333,iNowGameCount=4
 2019-02-20 17:41:09 CServerGameDesk::SendRemaindedGameCount 924: 发送玩家3,ZL3333,iNowGameCount=3
 2019-02-20 17:41:19 CServerGameDesk::SendRemaindedGameCount 924: 发送玩家0,Phone22956,iNowGameCount=3
 2019-02-20 17:41:19 CServerGameDesk::SendRemaindedGameCount 924: 发送玩家3,ZL3333,iNowGameCount=3
 2019-02-20 17:41:35 CServerGameDesk::SendRemaindedGameCount 924: 发送玩家0,Phone22956,iNowGameCount=3
 2019-02-20 17:41:35 CServerGameDesk::SendRemaindedGameCount 924: 发送玩家2,ZL2222,iNowGameCount=3
 2019-02-20 17:41:35 CServerGameDesk::SendRemaindedGameCount 924: 发送玩家3,ZL3333,iNowGameCount=3
 2019-02-20 17:42:03 CServerGameDesk::SendRemaindedGameCount 924: 发送玩家0,Phone22956,iNowGameCount=3
 2019-02-20 17:42:03 CServerGameDesk::SendRemaindedGameCount 924: 发送玩家1,ZL1111,iNowGameCount=3
 2019-02-20 17:42:03 CServerGameDesk::SendRemaindedGameCount 924: 发送玩家2,ZL2222,iNowGameCount=3
 2019-02-20 17:42:03 CServerGameDesk::SendRemaindedGameCount 924: 发送玩家3,ZL3333,iNowGameCount=3
 2019-02-20 17:42:07 ThingHandleEx::ExecuteGameBegin 1463: 20198004：游戏开始, m_iRunGameCount3
 2019-02-20 17:43:44 CServerGameDesk::UserReCome 576: 玩家 ,ZL3333的托管状态=0
 2019-02-20 17:43:44 CServerGameDesk::SendRemaindedGameCount 924: 发送玩家0,Phone22956,iNowGameCount=4
 2019-02-20 17:43:44 CServerGameDesk::SendRemaindedGameCount 924: 发送玩家1,ZL1111,iNowGameCount=4
 2019-02-20 17:43:44 CServerGameDesk::SendRemaindedGameCount 924: 发送玩家2,ZL2222,iNowGameCount=4
 2019-02-20 17:43:44 CServerGameDesk::SendRemaindedGameCount 924: 发送玩家3,ZL3333,iNowGameCount=4
 2019-02-20 17:45:17 CServerGameDesk::UserReCome 576: 玩家 ,ZL3333的托管状态=0
 2019-02-20 17:45:17 CServerGameDesk::SendRemaindedGameCount 924: 发送玩家0,Phone22956,iNowGameCount=4
 2019-02-20 17:45:17 CServerGameDesk::SendRemaindedGameCount 924: 发送玩家1,ZL1111,iNowGameCount=4
 2019-02-20 17:45:17 CServerGameDesk::SendRemaindedGameCount 924: 发送玩家2,ZL2222,iNowGameCount=4
 2019-02-20 17:45:17 CServerGameDesk::SendRemaindedGameCount 924: 发送玩家3,ZL3333,iNowGameCount=4
