 2019-02-24 15:09:21 CServerGameDesk::SendRemaindedGameCount 925: 发送玩家3,Phone22956,iNowGameCount=5
 2019-02-24 15:09:26 CServerGameDesk::SendRemaindedGameCount 925: 发送玩家1,ZL1111,iNowGameCount=5
 2019-02-24 15:09:26 CServerGameDesk::SendRemaindedGameCount 925: 发送玩家3,Phone22956,iNowGameCount=5
 2019-02-24 15:09:34 CServerGameDesk::SendRemaindedGameCount 925: 发送玩家1,ZL1111,iNowGameCount=5
 2019-02-24 15:09:34 CServerGameDesk::SendRemaindedGameCount 925: 发送玩家2,ZL2222,iNowGameCount=5
 2019-02-24 15:09:34 CServerGameDesk::SendRemaindedGameCount 925: 发送玩家3,Phone22956,iNowGameCount=5
 2019-02-24 15:09:43 CServerGameDesk::SendRemaindedGameCount 925: 发送玩家0,ZL3333,iNowGameCount=5
 2019-02-24 15:09:43 CServerGameDesk::SendRemaindedGameCount 925: 发送玩家1,ZL1111,iNowGameCount=5
 2019-02-24 15:09:43 CServerGameDesk::SendRemaindedGameCount 925: 发送玩家2,ZL2222,iNowGameCount=5
 2019-02-24 15:09:43 CServerGameDesk::SendRemaindedGameCount 925: 发送玩家3,Phone22956,iNowGameCount=5
 2019-02-24 15:09:44 ThingHandleEx::ExecuteGameBegin 1463: 20198004：游戏开始, m_iRunGameCount5
 2019-02-24 15:10:40 ThingHandleEx::ExecuteZhongNiao 1431: 中鸟阶段:S: ZhongNiao[0]=27
 2019-02-24 15:10:40 ThingHandleEx::ExecuteZhongNiao 1431: 中鸟阶段:S: ZhongNiao[1]=3
 2019-02-24 15:10:40 ThingHandleEx::ExecuteZhongNiao 1437: 中码结算, 该局玩家0的码分=0
 2019-02-24 15:10:40 ThingHandleEx::ExecuteZhongNiao 1437: 中码结算, 该局玩家1的码分=0
 2019-02-24 15:10:40 ThingHandleEx::ExecuteZhongNiao 1437: 中码结算, 该局玩家2的码分=0
 2019-02-24 15:10:40 ThingHandleEx::ExecuteZhongNiao 1437: 中码结算, 该局玩家3的码分=0
 2019-02-24 15:18:51 CServerGameDesk::SendRemaindedGameCount 925: 发送玩家3,Phone22956,iNowGameCount=5
 2019-02-24 15:19:01 CServerGameDesk::SendRemaindedGameCount 925: 发送玩家0,ZL3333,iNowGameCount=5
 2019-02-24 15:19:01 CServerGameDesk::SendRemaindedGameCount 925: 发送玩家3,Phone22956,iNowGameCount=5
 2019-02-24 15:19:17 CServerGameDesk::SendRemaindedGameCount 925: 发送玩家0,ZL3333,iNowGameCount=5
 2019-02-24 15:19:17 CServerGameDesk::SendRemaindedGameCount 925: 发送玩家2,ZL2222,iNowGameCount=5
 2019-02-24 15:19:17 CServerGameDesk::SendRemaindedGameCount 925: 发送玩家3,Phone22956,iNowGameCount=5
 2019-02-24 15:19:32 CServerGameDesk::SendRemaindedGameCount 925: 发送玩家0,ZL3333,iNowGameCount=5
 2019-02-24 15:19:32 CServerGameDesk::SendRemaindedGameCount 925: 发送玩家1,ZL1111,iNowGameCount=5
 2019-02-24 15:19:32 CServerGameDesk::SendRemaindedGameCount 925: 发送玩家2,ZL2222,iNowGameCount=5
 2019-02-24 15:19:32 CServerGameDesk::SendRemaindedGameCount 925: 发送玩家3,Phone22956,iNowGameCount=5
 2019-02-24 15:19:33 ThingHandleEx::ExecuteGameBegin 1463: 20198004：游戏开始, m_iRunGameCount5
 2019-02-24 15:21:58 ThingHandleEx::ExecuteZhongNiao 1431: 中鸟阶段:S: ZhongNiao[0]=12
 2019-02-24 15:21:58 ThingHandleEx::ExecuteZhongNiao 1431: 中鸟阶段:S: ZhongNiao[1]=17
 2019-02-24 15:21:58 ThingHandleEx::ExecuteZhongNiao 1437: 中码结算, 该局玩家0的码分=0
 2019-02-24 15:21:58 ThingHandleEx::ExecuteZhongNiao 1437: 中码结算, 该局玩家1的码分=0
 2019-02-24 15:21:58 ThingHandleEx::ExecuteZhongNiao 1437: 中码结算, 该局玩家2的码分=0
 2019-02-24 15:21:58 ThingHandleEx::ExecuteZhongNiao 1437: 中码结算, 该局玩家3的码分=0
 2019-02-24 15:22:19 ThingHandleEx::ExecuteCountFen 2912:  游戏结算,玩家 0 ,ZL3333 的杠分=0 胡番=-4 码分=0
 2019-02-24 15:22:19 ThingHandleEx::ExecuteCountFen 2913:  游戏结算,玩家 0 的总分=-4
 2019-02-24 15:22:19 ThingHandleEx::ExecuteCountFen 2912:  游戏结算,玩家 1 ,ZL1111 的杠分=0 胡番=0 码分=0
 2019-02-24 15:22:19 ThingHandleEx::ExecuteCountFen 2913:  游戏结算,玩家 1 的总分=0
 2019-02-24 15:22:19 ThingHandleEx::ExecuteCountFen 2912:  游戏结算,玩家 2 ,ZL2222 的杠分=0 胡番=4 码分=0
 2019-02-24 15:22:19 ThingHandleEx::ExecuteCountFen 2913:  游戏结算,玩家 2 的总分=4
 2019-02-24 15:22:19 ThingHandleEx::ExecuteCountFen 2912:  游戏结算,玩家 3 ,Phone22956 的杠分=0 胡番=0 码分=0
 2019-02-24 15:22:19 ThingHandleEx::ExecuteCountFen 2913:  游戏结算,玩家 3 的总分=0
 2019-02-24 15:22:19 CServerGameDesk::GameFinish 395: 第6局正常结束
 2019-02-24 15:22:19 CServerGameDesk::SendRemaindedGameCount 925: 发送玩家0,ZL3333,iNowGameCount=6
 2019-02-24 15:22:19 CServerGameDesk::SendRemaindedGameCount 925: 发送玩家1,ZL1111,iNowGameCount=6
 2019-02-24 15:22:19 CServerGameDesk::SendRemaindedGameCount 925: 发送玩家2,ZL2222,iNowGameCount=6
 2019-02-24 15:22:19 CServerGameDesk::SendRemaindedGameCount 925: 发送玩家3,Phone22956,iNowGameCount=6
 2019-02-24 15:22:28 ThingHandleEx::ExecuteGameBegin 1463: 20198004：游戏开始, m_iRunGameCount6
 2019-02-24 15:25:44 ThingHandleEx::ExecuteZhongNiao 1431: 中鸟阶段:S: ZhongNiao[0]=26
 2019-02-24 15:25:44 ThingHandleEx::ExecuteZhongNiao 1431: 中鸟阶段:S: ZhongNiao[1]=5
 2019-02-24 15:25:44 ThingHandleEx::ExecuteZhongNiao 1437: 中码结算, 该局玩家0的码分=-2
 2019-02-24 15:25:44 ThingHandleEx::ExecuteZhongNiao 1437: 中码结算, 该局玩家1的码分=6
 2019-02-24 15:25:44 ThingHandleEx::ExecuteZhongNiao 1437: 中码结算, 该局玩家2的码分=-2
 2019-02-24 15:25:44 ThingHandleEx::ExecuteZhongNiao 1437: 中码结算, 该局玩家3的码分=-2
 2019-02-24 15:25:56 ThingHandleEx::ExecuteCountFen 2912:  游戏结算,玩家 0 ,ZL3333 的杠分=0 胡番=0 码分=-2
 2019-02-24 15:25:56 ThingHandleEx::ExecuteCountFen 2913:  游戏结算,玩家 0 的总分=0
 2019-02-24 15:25:56 ThingHandleEx::ExecuteCountFen 2912:  游戏结算,玩家 1 ,ZL1111 的杠分=0 胡番=6 码分=6
 2019-02-24 15:25:56 ThingHandleEx::ExecuteCountFen 2913:  游戏结算,玩家 1 的总分=6
 2019-02-24 15:25:56 ThingHandleEx::ExecuteCountFen 2912:  游戏结算,玩家 2 ,ZL2222 的杠分=0 胡番=-6 码分=-2
 2019-02-24 15:25:56 ThingHandleEx::ExecuteCountFen 2913:  游戏结算,玩家 2 的总分=-6
 2019-02-24 15:25:56 ThingHandleEx::ExecuteCountFen 2912:  游戏结算,玩家 3 ,Phone22956 的杠分=0 胡番=0 码分=-2
 2019-02-24 15:25:56 ThingHandleEx::ExecuteCountFen 2913:  游戏结算,玩家 3 的总分=0
 2019-02-24 15:25:57 CServerGameDesk::GameFinish 395: 第7局正常结束
 2019-02-24 15:25:57 CServerGameDesk::SendRemaindedGameCount 925: 发送玩家0,ZL3333,iNowGameCount=7
 2019-02-24 15:25:57 CServerGameDesk::SendRemaindedGameCount 925: 发送玩家1,ZL1111,iNowGameCount=7
 2019-02-24 15:25:57 CServerGameDesk::SendRemaindedGameCount 925: 发送玩家2,ZL2222,iNowGameCount=7
 2019-02-24 15:25:57 CServerGameDesk::SendRemaindedGameCount 925: 发送玩家3,Phone22956,iNowGameCount=7
 2019-02-24 15:26:42 ThingHandleEx::ExecuteGameBegin 1463: 20198004：游戏开始, m_iRunGameCount7
 2019-02-24 15:28:01 ThingHandleEx::ExecuteZhongNiao 1431: 中鸟阶段:S: ZhongNiao[0]=16
 2019-02-24 15:28:01 ThingHandleEx::ExecuteZhongNiao 1431: 中鸟阶段:S: ZhongNiao[1]=1
 2019-02-24 15:28:01 ThingHandleEx::ExecuteZhongNiao 1437: 中码结算, 该局玩家0的码分=6
 2019-02-24 15:28:01 ThingHandleEx::ExecuteZhongNiao 1437: 中码结算, 该局玩家1的码分=-2
 2019-02-24 15:28:01 ThingHandleEx::ExecuteZhongNiao 1437: 中码结算, 该局玩家2的码分=-2
 2019-02-24 15:28:01 ThingHandleEx::ExecuteZhongNiao 1437: 中码结算, 该局玩家3的码分=-2
 2019-02-24 15:28:09 ThingHandleEx::ExecuteCountFen 2912:  游戏结算,玩家 0 ,ZL3333 的杠分=0 胡番=4 码分=6
 2019-02-24 15:28:09 ThingHandleEx::ExecuteCountFen 2913:  游戏结算,玩家 0 的总分=4
 2019-02-24 15:28:09 ThingHandleEx::ExecuteCountFen 2912:  游戏结算,玩家 1 ,ZL1111 的杠分=0 胡番=0 码分=-2
 2019-02-24 15:28:09 ThingHandleEx::ExecuteCountFen 2913:  游戏结算,玩家 1 的总分=0
 2019-02-24 15:28:09 ThingHandleEx::ExecuteCountFen 2912:  游戏结算,玩家 2 ,ZL2222 的杠分=0 胡番=-4 码分=-2
 2019-02-24 15:28:09 ThingHandleEx::ExecuteCountFen 2913:  游戏结算,玩家 2 的总分=-4
 2019-02-24 15:28:09 ThingHandleEx::ExecuteCountFen 2912:  游戏结算,玩家 3 ,Phone22956 的杠分=0 胡番=0 码分=-2
 2019-02-24 15:28:09 ThingHandleEx::ExecuteCountFen 2913:  游戏结算,玩家 3 的总分=0
 2019-02-24 15:28:10 CServerGameDesk::GameFinish 377: 游戏正常结束，发送大结算
 2019-02-24 15:28:10 CServerGameDesk::UpdateCalculateBoard 900: 玩家0,ZL3333的自摸次数=0明杠=0,暗杠=0,中码=1,点炮=0,总成绩=0
 2019-02-24 15:28:10 CServerGameDesk::UpdateCalculateBoard 900: 玩家1,ZL1111的自摸次数=0明杠=0,暗杠=0,中码=1,点炮=0,总成绩=6
 2019-02-24 15:28:10 CServerGameDesk::UpdateCalculateBoard 900: 玩家2,ZL2222的自摸次数=0明杠=0,暗杠=0,中码=0,点炮=0,总成绩=-6
 2019-02-24 15:28:10 CServerGameDesk::UpdateCalculateBoard 900: 玩家3,Phone22956的自摸次数=0明杠=0,暗杠=0,中码=0,点炮=0,总成绩=0
 2019-02-24 15:28:10 CServerGameDesk::GameFinish 395: 第8局正常结束
 2019-02-24 15:28:10 CServerGameDesk::SendRemaindedGameCount 925: 发送玩家0,ZL3333,iNowGameCount=8
 2019-02-24 15:28:10 CServerGameDesk::SendRemaindedGameCount 925: 发送玩家1,ZL1111,iNowGameCount=8
 2019-02-24 15:28:10 CServerGameDesk::SendRemaindedGameCount 925: 发送玩家2,ZL2222,iNowGameCount=8
 2019-02-24 15:28:10 CServerGameDesk::SendRemaindedGameCount 925: 发送玩家3,Phone22956,iNowGameCount=8
 2019-02-24 15:57:06 CServerGameDesk::SendRemaindedGameCount 925: 发送玩家3,Phone22956,iNowGameCount=8
 2019-02-24 15:57:38 ThingHandleEx::ExecuteCountFen 2912:  游戏结算,玩家 3 ,Phone22956 的杠分=0 胡番=0 码分=0
 2019-02-24 15:57:38 ThingHandleEx::ExecuteCountFen 2913:  游戏结算,玩家 3 的总分=0
 2019-02-24 15:57:38 CServerGameDesk::DissMissRoomBefore 842: 玩了8局, 中途解散房间
 2019-02-24 15:57:38 CServerGameDesk::UpdateCalculateBoard 900: 玩家3,Phone22956的自摸次数=0明杠=0,暗杠=0,中码=0,点炮=0,总成绩=0
 2019-02-24 15:57:38 CServerGameDesk::GameFinish 289: 游戏解散结束
