 2019-02-21 16:23:43 CServerGameDesk::SendRemaindedGameCount 924: 发送玩家0,Phone22956,iNowGameCount=5
 2019-02-21 16:24:10 CServerGameDesk::SendRemaindedGameCount 924: 发送玩家0,Phone22956,iNowGameCount=5
 2019-02-21 16:24:10 CServerGameDesk::SendRemaindedGameCount 924: 发送玩家3,ZL3333,iNowGameCount=5
 2019-02-21 16:24:30 CServerGameDesk::SendRemaindedGameCount 924: 发送玩家0,Phone22956,iNowGameCount=5
 2019-02-21 16:24:30 CServerGameDesk::SendRemaindedGameCount 924: 发送玩家2,ZL2222,iNowGameCount=5
 2019-02-21 16:24:30 CServerGameDesk::SendRemaindedGameCount 924: 发送玩家3,ZL3333,iNowGameCount=5
 2019-02-21 16:24:49 CServerGameDesk::SendRemaindedGameCount 924: 发送玩家0,Phone22956,iNowGameCount=5
 2019-02-21 16:24:49 CServerGameDesk::SendRemaindedGameCount 924: 发送玩家1,ZL1111,iNowGameCount=5
 2019-02-21 16:24:49 CServerGameDesk::SendRemaindedGameCount 924: 发送玩家2,ZL2222,iNowGameCount=5
 2019-02-21 16:24:49 CServerGameDesk::SendRemaindedGameCount 924: 发送玩家3,ZL3333,iNowGameCount=5
 2019-02-21 16:24:50 ThingHandleEx::ExecuteGameBegin 1463: 20198004：游戏开始, m_iRunGameCount5
 2019-02-21 16:32:23 ThingHandleEx::ExecuteZhongNiao 1431: 中鸟阶段:S: ZhongNiao[0]=26
 2019-02-21 16:32:23 ThingHandleEx::ExecuteZhongNiao 1431: 中鸟阶段:S: ZhongNiao[1]=16
 2019-02-21 16:32:23 ThingHandleEx::ExecuteZhongNiao 1437: 中码结算, 该局玩家0的码分=0
 2019-02-21 16:32:23 ThingHandleEx::ExecuteZhongNiao 1437: 中码结算, 该局玩家1的码分=0
 2019-02-21 16:32:23 ThingHandleEx::ExecuteZhongNiao 1437: 中码结算, 该局玩家2的码分=0
 2019-02-21 16:32:23 ThingHandleEx::ExecuteZhongNiao 1437: 中码结算, 该局玩家3的码分=0
 2019-02-21 16:36:05 ThingHandleEx::ExecuteCountFen 2880:  游戏结算,玩家 0 ,Phone22956 的杠分=0 胡番=0 码分=0
 2019-02-21 16:36:06 ThingHandleEx::ExecuteCountFen 2881:  游戏结算,玩家 0 的总分=0
 2019-02-21 16:36:09 ThingHandleEx::ExecuteCountFen 2880:  游戏结算,玩家 1 ,ZL1111 的杠分=0 胡番=0 码分=0
 2019-02-21 16:36:09 ThingHandleEx::ExecuteCountFen 2881:  游戏结算,玩家 1 的总分=0
 2019-02-21 16:36:11 ThingHandleEx::ExecuteCountFen 2880:  游戏结算,玩家 2 ,ZL2222 的杠分=0 胡番=0 码分=0
 2019-02-21 16:36:13 ThingHandleEx::ExecuteCountFen 2881:  游戏结算,玩家 2 的总分=0
 2019-02-21 16:36:16 ThingHandleEx::ExecuteCountFen 2880:  游戏结算,玩家 3 ,ZL3333 的杠分=0 胡番=0 码分=0
 2019-02-21 16:36:16 ThingHandleEx::ExecuteCountFen 2881:  游戏结算,玩家 3 的总分=0
 2019-02-21 16:37:23 CServerGameDesk::GameFinish 394: 第6局正常结束
 2019-02-21 16:37:23 CServerGameDesk::SendRemaindedGameCount 924: 发送玩家0,Phone22956,iNowGameCount=6
 2019-02-21 16:37:23 CServerGameDesk::SendRemaindedGameCount 924: 发送玩家1,ZL1111,iNowGameCount=6
 2019-02-21 16:37:23 CServerGameDesk::SendRemaindedGameCount 924: 发送玩家2,ZL2222,iNowGameCount=6
 2019-02-21 16:37:23 CServerGameDesk::SendRemaindedGameCount 924: 发送玩家3,ZL3333,iNowGameCount=6
