 2019-02-23 14:01:16 CServerGameDesk::SendRemaindedGameCount 925: 发送玩家3,Phone22956,iNowGameCount=2
 2019-02-23 14:01:33 CServerGameDesk::SendRemaindedGameCount 925: 发送玩家1,ZL1111,iNowGameCount=2
 2019-02-23 14:01:33 CServerGameDesk::SendRemaindedGameCount 925: 发送玩家3,Phone22956,iNowGameCount=2
 2019-02-23 14:01:43 CServerGameDesk::SendRemaindedGameCount 925: 发送玩家1,ZL1111,iNowGameCount=2
 2019-02-23 14:01:43 CServerGameDesk::SendRemaindedGameCount 925: 发送玩家2,ZL2222,iNowGameCount=2
 2019-02-23 14:01:43 CServerGameDesk::SendRemaindedGameCount 925: 发送玩家3,Phone22956,iNowGameCount=2
 2019-02-23 14:01:50 CServerGameDesk::SendRemaindedGameCount 925: 发送玩家0,ZL3333,iNowGameCount=2
 2019-02-23 14:01:50 CServerGameDesk::SendRemaindedGameCount 925: 发送玩家1,ZL1111,iNowGameCount=2
 2019-02-23 14:01:50 CServerGameDesk::SendRemaindedGameCount 925: 发送玩家2,ZL2222,iNowGameCount=2
 2019-02-23 14:01:50 CServerGameDesk::SendRemaindedGameCount 925: 发送玩家3,Phone22956,iNowGameCount=2
 2019-02-23 14:01:52 ThingHandleEx::ExecuteGameBegin 1463: 20198004：游戏开始, m_iRunGameCount2
 2019-02-23 14:13:47 CServerGameDesk::SendRemaindedGameCount 925: 发送玩家3,Phone22956,iNowGameCount=2
 2019-02-23 14:13:56 CServerGameDesk::SendRemaindedGameCount 925: 发送玩家0,ZL3333,iNowGameCount=2
 2019-02-23 14:13:56 CServerGameDesk::SendRemaindedGameCount 925: 发送玩家3,Phone22956,iNowGameCount=2
 2019-02-23 14:14:07 CServerGameDesk::SendRemaindedGameCount 925: 发送玩家0,ZL3333,iNowGameCount=2
 2019-02-23 14:14:07 CServerGameDesk::SendRemaindedGameCount 925: 发送玩家2,ZL2222,iNowGameCount=2
 2019-02-23 14:14:07 CServerGameDesk::SendRemaindedGameCount 925: 发送玩家3,Phone22956,iNowGameCount=2
 2019-02-23 14:14:19 CServerGameDesk::SendRemaindedGameCount 925: 发送玩家0,ZL3333,iNowGameCount=2
 2019-02-23 14:14:19 CServerGameDesk::SendRemaindedGameCount 925: 发送玩家1,ZL1111,iNowGameCount=2
 2019-02-23 14:14:19 CServerGameDesk::SendRemaindedGameCount 925: 发送玩家2,ZL2222,iNowGameCount=2
 2019-02-23 14:14:19 CServerGameDesk::SendRemaindedGameCount 925: 发送玩家3,Phone22956,iNowGameCount=2
 2019-02-23 14:14:20 ThingHandleEx::ExecuteGameBegin 1463: 20198004：游戏开始, m_iRunGameCount2
 2019-02-23 14:24:34 ThingHandleEx::ExecuteZhuaPai 2581: 玩家ZL2222要胡
 2019-02-23 14:27:43 CServerGameDesk::SendRemaindedGameCount 925: 发送玩家3,Phone22956,iNowGameCount=2
 2019-02-23 14:27:47 CServerGameDesk::SendRemaindedGameCount 925: 发送玩家1,ZL1111,iNowGameCount=2
 2019-02-23 14:27:47 CServerGameDesk::SendRemaindedGameCount 925: 发送玩家3,Phone22956,iNowGameCount=2
 2019-02-23 14:27:54 CServerGameDesk::SendRemaindedGameCount 925: 发送玩家1,ZL1111,iNowGameCount=2
 2019-02-23 14:27:54 CServerGameDesk::SendRemaindedGameCount 925: 发送玩家2,ZL2222,iNowGameCount=2
 2019-02-23 14:27:54 CServerGameDesk::SendRemaindedGameCount 925: 发送玩家3,Phone22956,iNowGameCount=2
 2019-02-23 14:28:03 CServerGameDesk::SendRemaindedGameCount 925: 发送玩家0,ZL3333,iNowGameCount=2
 2019-02-23 14:28:03 CServerGameDesk::SendRemaindedGameCount 925: 发送玩家1,ZL1111,iNowGameCount=2
 2019-02-23 14:28:03 CServerGameDesk::SendRemaindedGameCount 925: 发送玩家2,ZL2222,iNowGameCount=2
 2019-02-23 14:28:03 CServerGameDesk::SendRemaindedGameCount 925: 发送玩家3,Phone22956,iNowGameCount=2
 2019-02-23 14:28:07 ThingHandleEx::ExecuteGameBegin 1463: 20198004：游戏开始, m_iRunGameCount2
 2019-02-23 14:33:35 ThingHandleEx::ExecuteZhongNiao 1431: 中鸟阶段:S: ZhongNiao[0]=23
 2019-02-23 14:33:35 ThingHandleEx::ExecuteZhongNiao 1431: 中鸟阶段:S: ZhongNiao[1]=22
 2019-02-23 14:33:35 ThingHandleEx::ExecuteZhongNiao 1437: 中码结算, 该局玩家0的码分=0
 2019-02-23 14:33:35 ThingHandleEx::ExecuteZhongNiao 1437: 中码结算, 该局玩家1的码分=0
 2019-02-23 14:33:35 ThingHandleEx::ExecuteZhongNiao 1437: 中码结算, 该局玩家2的码分=0
 2019-02-23 14:33:35 ThingHandleEx::ExecuteZhongNiao 1437: 中码结算, 该局玩家3的码分=0
 2019-02-23 14:33:40 ThingHandleEx::ExecuteCountFen 2908:  游戏结算,玩家 0 ,ZL3333 的杠分=0 胡番=-4 码分=0
 2019-02-23 14:33:40 ThingHandleEx::ExecuteCountFen 2909:  游戏结算,玩家 0 的总分=-4
 2019-02-23 14:33:40 ThingHandleEx::ExecuteCountFen 2908:  游戏结算,玩家 1 ,ZL1111 的杠分=0 胡番=0 码分=0
 2019-02-23 14:33:40 ThingHandleEx::ExecuteCountFen 2909:  游戏结算,玩家 1 的总分=0
 2019-02-23 14:33:40 ThingHandleEx::ExecuteCountFen 2908:  游戏结算,玩家 2 ,ZL2222 的杠分=0 胡番=4 码分=0
 2019-02-23 14:33:40 ThingHandleEx::ExecuteCountFen 2909:  游戏结算,玩家 2 的总分=4
 2019-02-23 14:33:40 ThingHandleEx::ExecuteCountFen 2908:  游戏结算,玩家 3 ,Phone22956 的杠分=0 胡番=0 码分=0
 2019-02-23 14:33:40 ThingHandleEx::ExecuteCountFen 2909:  游戏结算,玩家 3 的总分=0
 2019-02-23 14:33:41 CServerGameDesk::GameFinish 395: 第3局正常结束
 2019-02-23 14:33:41 CServerGameDesk::SendRemaindedGameCount 925: 发送玩家0,ZL3333,iNowGameCount=3
 2019-02-23 14:33:41 CServerGameDesk::SendRemaindedGameCount 925: 发送玩家1,ZL1111,iNowGameCount=3
 2019-02-23 14:33:41 CServerGameDesk::SendRemaindedGameCount 925: 发送玩家2,ZL2222,iNowGameCount=3
 2019-02-23 14:33:41 CServerGameDesk::SendRemaindedGameCount 925: 发送玩家3,Phone22956,iNowGameCount=3
 2019-02-23 14:33:50 ThingHandleEx::ExecuteGameBegin 1463: 20198004：游戏开始, m_iRunGameCount3
 2019-02-23 14:35:36 ThingHandleEx::ExecuteZhongNiao 1431: 中鸟阶段:S: ZhongNiao[0]=31
 2019-02-23 14:35:36 ThingHandleEx::ExecuteZhongNiao 1431: 中鸟阶段:S: ZhongNiao[1]=7
 2019-02-23 14:35:36 ThingHandleEx::ExecuteZhongNiao 1437: 中码结算, 该局玩家0的码分=-2
 2019-02-23 14:35:36 ThingHandleEx::ExecuteZhongNiao 1437: 中码结算, 该局玩家1的码分=-2
 2019-02-23 14:35:36 ThingHandleEx::ExecuteZhongNiao 1437: 中码结算, 该局玩家2的码分=-2
 2019-02-23 14:35:36 ThingHandleEx::ExecuteZhongNiao 1437: 中码结算, 该局玩家3的码分=6
 2019-02-23 14:35:41 ThingHandleEx::ExecuteCountFen 2908:  游戏结算,玩家 0 ,ZL3333 的杠分=0 胡番=0 码分=-2
 2019-02-23 14:35:41 ThingHandleEx::ExecuteCountFen 2909:  游戏结算,玩家 0 的总分=0
 2019-02-23 14:35:41 ThingHandleEx::ExecuteCountFen 2908:  游戏结算,玩家 1 ,ZL1111 的杠分=0 胡番=-4 码分=-2
 2019-02-23 14:35:41 ThingHandleEx::ExecuteCountFen 2909:  游戏结算,玩家 1 的总分=-4
 2019-02-23 14:35:41 ThingHandleEx::ExecuteCountFen 2908:  游戏结算,玩家 2 ,ZL2222 的杠分=0 胡番=0 码分=-2
 2019-02-23 14:35:41 ThingHandleEx::ExecuteCountFen 2909:  游戏结算,玩家 2 的总分=0
 2019-02-23 14:35:41 ThingHandleEx::ExecuteCountFen 2908:  游戏结算,玩家 3 ,Phone22956 的杠分=0 胡番=6 码分=6
 2019-02-23 14:35:41 ThingHandleEx::ExecuteCountFen 2909:  游戏结算,玩家 3 的总分=6
 2019-02-23 14:35:42 CServerGameDesk::GameFinish 395: 第4局正常结束
 2019-02-23 14:35:42 CServerGameDesk::SendRemaindedGameCount 925: 发送玩家0,ZL3333,iNowGameCount=4
 2019-02-23 14:35:42 CServerGameDesk::SendRemaindedGameCount 925: 发送玩家1,ZL1111,iNowGameCount=4
 2019-02-23 14:35:42 CServerGameDesk::SendRemaindedGameCount 925: 发送玩家2,ZL2222,iNowGameCount=4
 2019-02-23 14:35:42 CServerGameDesk::SendRemaindedGameCount 925: 发送玩家3,Phone22956,iNowGameCount=4
