 2019-02-24 14:53:01 CServerGameDesk::SendRemaindedGameCount 925: 发送玩家3,Phone22956,iNowGameCount=4
 2019-02-24 14:53:03 CServerGameDesk::SendRemaindedGameCount 925: 发送玩家0,ZL3333,iNowGameCount=4
 2019-02-24 14:53:03 CServerGameDesk::SendRemaindedGameCount 925: 发送玩家3,Phone22956,iNowGameCount=4
 2019-02-24 14:53:11 CServerGameDesk::SendRemaindedGameCount 925: 发送玩家0,ZL3333,iNowGameCount=4
 2019-02-24 14:53:11 CServerGameDesk::SendRemaindedGameCount 925: 发送玩家2,ZL2222,iNowGameCount=4
 2019-02-24 14:53:11 CServerGameDesk::SendRemaindedGameCount 925: 发送玩家3,Phone22956,iNowGameCount=4
 2019-02-24 14:53:19 CServerGameDesk::SendRemaindedGameCount 925: 发送玩家0,ZL3333,iNowGameCount=4
 2019-02-24 14:53:19 CServerGameDesk::SendRemaindedGameCount 925: 发送玩家1,ZL1111,iNowGameCount=4
 2019-02-24 14:53:19 CServerGameDesk::SendRemaindedGameCount 925: 发送玩家2,ZL2222,iNowGameCount=4
 2019-02-24 14:53:19 CServerGameDesk::SendRemaindedGameCount 925: 发送玩家3,Phone22956,iNowGameCount=4
 2019-02-24 14:54:02 ThingHandleEx::ExecuteGameBegin 1463: 20198004：游戏开始, m_iRunGameCount4
 2019-02-24 14:55:27 ThingHandleEx::ExecuteZhongNiao 1431: 中鸟阶段:S: ZhongNiao[0]=36
 2019-02-24 14:55:27 ThingHandleEx::ExecuteZhongNiao 1431: 中鸟阶段:S: ZhongNiao[1]=22
 2019-02-24 14:55:27 ThingHandleEx::ExecuteZhongNiao 1437: 中码结算, 该局玩家0的码分=0
 2019-02-24 14:55:27 ThingHandleEx::ExecuteZhongNiao 1437: 中码结算, 该局玩家1的码分=0
 2019-02-24 14:55:27 ThingHandleEx::ExecuteZhongNiao 1437: 中码结算, 该局玩家2的码分=0
 2019-02-24 14:55:27 ThingHandleEx::ExecuteZhongNiao 1437: 中码结算, 该局玩家3的码分=0
 2019-02-24 14:55:35 ThingHandleEx::ExecuteCountFen 2908:  游戏结算,玩家 0 ,ZL3333 的杠分=-3 胡番=0 码分=0
 2019-02-24 14:55:35 ThingHandleEx::ExecuteCountFen 2909:  游戏结算,玩家 0 的总分=-3
 2019-02-24 14:55:35 ThingHandleEx::ExecuteCountFen 2908:  游戏结算,玩家 1 ,ZL1111 的杠分=3 胡番=-2 码分=0
 2019-02-24 14:55:35 ThingHandleEx::ExecuteCountFen 2909:  游戏结算,玩家 1 的总分=1
 2019-02-24 14:55:35 ThingHandleEx::ExecuteCountFen 2908:  游戏结算,玩家 2 ,ZL2222 的杠分=0 胡番=0 码分=0
 2019-02-24 14:55:35 ThingHandleEx::ExecuteCountFen 2909:  游戏结算,玩家 2 的总分=0
 2019-02-24 14:55:35 ThingHandleEx::ExecuteCountFen 2908:  游戏结算,玩家 3 ,Phone22956 的杠分=0 胡番=6 码分=0
 2019-02-24 14:55:35 ThingHandleEx::ExecuteCountFen 2909:  游戏结算,玩家 3 的总分=6
 2019-02-24 14:55:36 CServerGameDesk::GameFinish 395: 第5局正常结束
 2019-02-24 14:55:36 CServerGameDesk::SendRemaindedGameCount 925: 发送玩家0,ZL3333,iNowGameCount=5
 2019-02-24 14:55:36 CServerGameDesk::SendRemaindedGameCount 925: 发送玩家1,ZL1111,iNowGameCount=5
 2019-02-24 14:55:36 CServerGameDesk::SendRemaindedGameCount 925: 发送玩家2,ZL2222,iNowGameCount=5
 2019-02-24 14:55:36 CServerGameDesk::SendRemaindedGameCount 925: 发送玩家3,Phone22956,iNowGameCount=5
 2019-02-24 14:59:02 ThingHandleEx::ExecuteGameBegin 1463: 20198004：游戏开始, m_iRunGameCount5
 2019-02-24 15:00:35 ThingHandleEx::ExecuteZhongNiao 1431: 中鸟阶段:S: ZhongNiao[0]=7
 2019-02-24 15:00:35 ThingHandleEx::ExecuteZhongNiao 1431: 中鸟阶段:S: ZhongNiao[1]=6
 2019-02-24 15:00:35 ThingHandleEx::ExecuteZhongNiao 1437: 中码结算, 该局玩家0的码分=0
 2019-02-24 15:00:35 ThingHandleEx::ExecuteZhongNiao 1437: 中码结算, 该局玩家1的码分=0
 2019-02-24 15:00:35 ThingHandleEx::ExecuteZhongNiao 1437: 中码结算, 该局玩家2的码分=0
 2019-02-24 15:00:35 ThingHandleEx::ExecuteZhongNiao 1437: 中码结算, 该局玩家3的码分=0
