[21:23:10] *****************游戏开始***************
[21:23:10] broad >>>>>>>>>>>>>>>>>>>>>>>>>>>>>>> message 51 size 3
[21:23:10] send >>>>>>>>>>>>>>>>>>>>>>>>>>>>>>> 0 message 52 size 72
[21:23:10] send >>>>>>>>>>>>>>>>>>>>>>>>>>>>>>> 1 message 52 size 72
[21:23:10] send >>>>>>>>>>>>>>>>>>>>>>>>>>>>>>> 2 message 52 size 72
[21:23:10] send >>>>>>>>>>>>>>>>>>>>>>>>>>>>>>> 0 message 60 size 1
[21:23:10] send >>>>>>>>>>>>>>>>>>>>>>>>>>>>>>> 1 message 60 size 1
[21:23:10] send >>>>>>>>>>>>>>>>>>>>>>>>>>>>>>> 2 message 60 size 1
[21:23:15] broad >>>>>>>>>>>>>>>>>>>>>>>>>>>>>>> message 55 size 5
[21:23:18] recv  56 <<<<<<<<<<<<<<<<<<<<<<<<<<<<<<< 0
[21:23:18] broad >>>>>>>>>>>>>>>>>>>>>>>>>>>>>>> message 56 size 5
[21:23:18] broad >>>>>>>>>>>>>>>>>>>>>>>>>>>>>>> message 76 size 12
[21:23:18] broad >>>>>>>>>>>>>>>>>>>>>>>>>>>>>>> message 55 size 5
[21:23:20] recv  56 <<<<<<<<<<<<<<<<<<<<<<<<<<<<<<< 2
[21:23:20] broad >>>>>>>>>>>>>>>>>>>>>>>>>>>>>>> message 56 size 5
[21:23:20] broad >>>>>>>>>>>>>>>>>>>>>>>>>>>>>>> message 76 size 12
[21:23:20] broad >>>>>>>>>>>>>>>>>>>>>>>>>>>>>>> message 55 size 5
[21:23:25] recv  56 <<<<<<<<<<<<<<<<<<<<<<<<<<<<<<< 1
[21:23:25] broad >>>>>>>>>>>>>>>>>>>>>>>>>>>>>>> message 56 size 5
[21:23:25] broad >>>>>>>>>>>>>>>>>>>>>>>>>>>>>>> message 76 size 12
[21:23:25] broad >>>>>>>>>>>>>>>>>>>>>>>>>>>>>>> message 55 size 5
[21:23:28] recv  56 <<<<<<<<<<<<<<<<<<<<<<<<<<<<<<< 0
[21:23:28] broad >>>>>>>>>>>>>>>>>>>>>>>>>>>>>>> message 56 size 5
[21:23:28] broad >>>>>>>>>>>>>>>>>>>>>>>>>>>>>>> message 76 size 12
[21:23:29] send >>>>>>>>>>>>>>>>>>>>>>>>>>>>>>> 0 message 57 size 80
[21:23:29] send >>>>>>>>>>>>>>>>>>>>>>>>>>>>>>> 1 message 57 size 80
[21:23:29] send >>>>>>>>>>>>>>>>>>>>>>>>>>>>>>> 2 message 57 size 80
[21:23:29] broad >>>>>>>>>>>>>>>>>>>>>>>>>>>>>>> message 76 size 12
[21:23:29] send >>>>>>>>>>>>>>>>>>>>>>>>>>>>>>> 0 message 58 size 1
[21:23:29] send >>>>>>>>>>>>>>>>>>>>>>>>>>>>>>> 1 message 58 size 1
[21:23:29] send >>>>>>>>>>>>>>>>>>>>>>>>>>>>>>> 2 message 58 size 1
[21:23:31] recv  59 <<<<<<<<<<<<<<<<<<<<<<<<<<<<<<< 1
[21:23:31] broad >>>>>>>>>>>>>>>>>>>>>>>>>>>>>>> message 59 size 5
[21:23:31] broad >>>>>>>>>>>>>>>>>>>>>>>>>>>>>>> message 76 size 12
[21:23:32] recv  59 <<<<<<<<<<<<<<<<<<<<<<<<<<<<<<< 2
[21:23:32] broad >>>>>>>>>>>>>>>>>>>>>>>>>>>>>>> message 59 size 5
[21:23:32] broad >>>>>>>>>>>>>>>>>>>>>>>>>>>>>>> message 76 size 12
[21:23:32] recv  59 <<<<<<<<<<<<<<<<<<<<<<<<<<<<<<< 0
[21:23:32] broad >>>>>>>>>>>>>>>>>>>>>>>>>>>>>>> message 59 size 5
[21:23:32] broad >>>>>>>>>>>>>>>>>>>>>>>>>>>>>>> message 76 size 12
[21:23:32] broad >>>>>>>>>>>>>>>>>>>>>>>>>>>>>>> message 60 size 1
[21:23:43] broad >>>>>>>>>>>>>>>>>>>>>>>>>>>>>>> message 64 size 1
[21:23:48] recv  65 <<<<<<<<<<<<<<<<<<<<<<<<<<<<<<< 0
[21:23:48] broad >>>>>>>>>>>>>>>>>>>>>>>>>>>>>>> message 66 size 75
[21:23:58] recv  70 <<<<<<<<<<<<<<<<<<<<<<<<<<<<<<< 2
[21:23:58] send >>>>>>>>>>>>>>>>>>>>>>>>>>>>>>> 2 message 71 size 964
[21:23:59] recv  68 <<<<<<<<<<<<<<<<<<<<<<<<<<<<<<< 2
[21:23:59] broad >>>>>>>>>>>>>>>>>>>>>>>>>>>>>>> message 69 size 4
[21:24:2] recv  70 <<<<<<<<<<<<<<<<<<<<<<<<<<<<<<< 1
[21:24:2] send >>>>>>>>>>>>>>>>>>>>>>>>>>>>>>> 1 message 71 size 964
[21:24:2] recv  68 <<<<<<<<<<<<<<<<<<<<<<<<<<<<<<< 1
[21:24:2] broad >>>>>>>>>>>>>>>>>>>>>>>>>>>>>>> message 69 size 4
[21:24:2] broad >>>>>>>>>>>>>>>>>>>>>>>>>>>>>>> message 64 size 1
[21:24:7] recv  65 <<<<<<<<<<<<<<<<<<<<<<<<<<<<<<< 0
[21:24:7] broad >>>>>>>>>>>>>>>>>>>>>>>>>>>>>>> message 66 size 75
[21:24:10] recv  70 <<<<<<<<<<<<<<<<<<<<<<<<<<<<<<< 2
[21:24:10] send >>>>>>>>>>>>>>>>>>>>>>>>>>>>>>> 2 message 71 size 964
[21:24:11] recv  65 <<<<<<<<<<<<<<<<<<<<<<<<<<<<<<< 2
[21:24:11] broad >>>>>>>>>>>>>>>>>>>>>>>>>>>>>>> message 66 size 75
[21:24:13] recv  70 <<<<<<<<<<<<<<<<<<<<<<<<<<<<<<< 1
[21:24:13] send >>>>>>>>>>>>>>>>>>>>>>>>>>>>>>> 1 message 71 size 964
[21:24:16] recv  65 <<<<<<<<<<<<<<<<<<<<<<<<<<<<<<< 1
[21:24:16] broad >>>>>>>>>>>>>>>>>>>>>>>>>>>>>>> message 66 size 75
[21:24:18] recv  70 <<<<<<<<<<<<<<<<<<<<<<<<<<<<<<< 0
[21:24:18] send >>>>>>>>>>>>>>>>>>>>>>>>>>>>>>> 0 message 71 size 964
[21:24:19] recv  65 <<<<<<<<<<<<<<<<<<<<<<<<<<<<<<< 0
[21:24:19] broad >>>>>>>>>>>>>>>>>>>>>>>>>>>>>>> message 66 size 75
[21:24:22] recv  68 <<<<<<<<<<<<<<<<<<<<<<<<<<<<<<< 2
[21:24:22] broad >>>>>>>>>>>>>>>>>>>>>>>>>>>>>>> message 69 size 4
[21:24:24] recv  70 <<<<<<<<<<<<<<<<<<<<<<<<<<<<<<< 1
[21:24:24] send >>>>>>>>>>>>>>>>>>>>>>>>>>>>>>> 1 message 71 size 964
[21:24:26] recv  65 <<<<<<<<<<<<<<<<<<<<<<<<<<<<<<< 1
[21:24:26] broad >>>>>>>>>>>>>>>>>>>>>>>>>>>>>>> message 66 size 75
[21:24:27] recv  68 <<<<<<<<<<<<<<<<<<<<<<<<<<<<<<< 0
[21:24:27] broad >>>>>>>>>>>>>>>>>>>>>>>>>>>>>>> message 69 size 4
[21:24:29] recv  68 <<<<<<<<<<<<<<<<<<<<<<<<<<<<<<< 2
[21:24:29] broad >>>>>>>>>>>>>>>>>>>>>>>>>>>>>>> message 69 size 4
[21:24:29] broad >>>>>>>>>>>>>>>>>>>>>>>>>>>>>>> message 64 size 1
[21:24:33] recv  65 <<<<<<<<<<<<<<<<<<<<<<<<<<<<<<< 1
[21:24:33] broad >>>>>>>>>>>>>>>>>>>>>>>>>>>>>>> message 66 size 75
[21:24:35] recv  68 <<<<<<<<<<<<<<<<<<<<<<<<<<<<<<< 0
[21:24:35] broad >>>>>>>>>>>>>>>>>>>>>>>>>>>>>>> message 69 size 4
[21:24:38] recv  68 <<<<<<<<<<<<<<<<<<<<<<<<<<<<<<< 2
[21:24:38] broad >>>>>>>>>>>>>>>>>>>>>>>>>>>>>>> message 69 size 4
[21:24:38] broad >>>>>>>>>>>>>>>>>>>>>>>>>>>>>>> message 64 size 1
[21:24:39] recv  65 <<<<<<<<<<<<<<<<<<<<<<<<<<<<<<< 1
[21:24:39] send >>>>>>>>>>>>>>>>>>>>>>>>>>>>>>> 1 message 72 size 0
[21:24:41] recv  65 <<<<<<<<<<<<<<<<<<<<<<<<<<<<<<< 1
[21:24:41] broad >>>>>>>>>>>>>>>>>>>>>>>>>>>>>>> message 66 size 75
[21:24:43] recv  68 <<<<<<<<<<<<<<<<<<<<<<<<<<<<<<< 0
[21:24:43] broad >>>>>>>>>>>>>>>>>>>>>>>>>>>>>>> message 69 size 4
[21:24:45] recv  68 <<<<<<<<<<<<<<<<<<<<<<<<<<<<<<< 2
[21:24:45] broad >>>>>>>>>>>>>>>>>>>>>>>>>>>>>>> message 69 size 4
[21:24:45] broad >>>>>>>>>>>>>>>>>>>>>>>>>>>>>>> message 64 size 1
[21:24:49] recv  70 <<<<<<<<<<<<<<<<<<<<<<<<<<<<<<< 1
[21:24:49] send >>>>>>>>>>>>>>>>>>>>>>>>>>>>>>> 1 message 71 size 964
[21:24:51] recv  65 <<<<<<<<<<<<<<<<<<<<<<<<<<<<<<< 1
[21:24:51] broad >>>>>>>>>>>>>>>>>>>>>>>>>>>>>>> message 66 size 75
[21:24:53] recv  68 <<<<<<<<<<<<<<<<<<<<<<<<<<<<<<< 0
[21:24:53] broad >>>>>>>>>>>>>>>>>>>>>>>>>>>>>>> message 69 size 4
[21:25:0] recv  68 <<<<<<<<<<<<<<<<<<<<<<<<<<<<<<< 2
[21:25:0] broad >>>>>>>>>>>>>>>>>>>>>>>>>>>>>>> message 69 size 4
[21:25:0] broad >>>>>>>>>>>>>>>>>>>>>>>>>>>>>>> message 64 size 1
[21:25:7] recv  70 <<<<<<<<<<<<<<<<<<<<<<<<<<<<<<< 1
[21:25:7] send >>>>>>>>>>>>>>>>>>>>>>>>>>>>>>> 1 message 71 size 964
[21:25:11] recv  65 <<<<<<<<<<<<<<<<<<<<<<<<<<<<<<< 1
[21:25:11] broad >>>>>>>>>>>>>>>>>>>>>>>>>>>>>>> message 66 size 75
[21:25:14] recv  65 <<<<<<<<<<<<<<<<<<<<<<<<<<<<<<< 0
[21:25:14] broad >>>>>>>>>>>>>>>>>>>>>>>>>>>>>>> message 66 size 75
[21:25:16] recv  65 <<<<<<<<<<<<<<<<<<<<<<<<<<<<<<< 2
[21:25:16] broad >>>>>>>>>>>>>>>>>>>>>>>>>>>>>>> message 66 size 75
[21:25:18] recv  70 <<<<<<<<<<<<<<<<<<<<<<<<<<<<<<< 1
[21:25:18] send >>>>>>>>>>>>>>>>>>>>>>>>>>>>>>> 1 message 71 size 964
[21:25:19] recv  68 <<<<<<<<<<<<<<<<<<<<<<<<<<<<<<< 1
[21:25:19] broad >>>>>>>>>>>>>>>>>>>>>>>>>>>>>>> message 69 size 4
[21:25:21] recv  65 <<<<<<<<<<<<<<<<<<<<<<<<<<<<<<< 0
[21:25:21] broad >>>>>>>>>>>>>>>>>>>>>>>>>>>>>>> message 66 size 75
[21:25:23] recv  68 <<<<<<<<<<<<<<<<<<<<<<<<<<<<<<< 2
[21:25:23] broad >>>>>>>>>>>>>>>>>>>>>>>>>>>>>>> message 69 size 4
[21:25:24] recv  70 <<<<<<<<<<<<<<<<<<<<<<<<<<<<<<< 1
[21:25:24] send >>>>>>>>>>>>>>>>>>>>>>>>>>>>>>> 1 message 71 size 964
[21:25:24] recv  68 <<<<<<<<<<<<<<<<<<<<<<<<<<<<<<< 1
[21:25:24] broad >>>>>>>>>>>>>>>>>>>>>>>>>>>>>>> message 69 size 4
[21:25:24] broad >>>>>>>>>>>>>>>>>>>>>>>>>>>>>>> message 64 size 1
[21:25:28] recv  65 <<<<<<<<<<<<<<<<<<<<<<<<<<<<<<< 0
[21:25:28] broad >>>>>>>>>>>>>>>>>>>>>>>>>>>>>>> message 66 size 75
[21:25:38] recv  70 <<<<<<<<<<<<<<<<<<<<<<<<<<<<<<< 2
[21:25:38] send >>>>>>>>>>>>>>>>>>>>>>>>>>>>>>> 2 message 71 size 964
[21:25:41] recv  65 <<<<<<<<<<<<<<<<<<<<<<<<<<<<<<< 2
[21:25:41] broad >>>>>>>>>>>>>>>>>>>>>>>>>>>>>>> message 66 size 75
[21:25:43] recv  70 <<<<<<<<<<<<<<<<<<<<<<<<<<<<<<< 1
[21:25:43] send >>>>>>>>>>>>>>>>>>>>>>>>>>>>>>> 1 message 71 size 964
[21:25:43] recv  68 <<<<<<<<<<<<<<<<<<<<<<<<<<<<<<< 1
[21:25:43] broad >>>>>>>>>>>>>>>>>>>>>>>>>>>>>>> message 69 size 4
[21:25:44] recv  68 <<<<<<<<<<<<<<<<<<<<<<<<<<<<<<< 0
[21:25:44] broad >>>>>>>>>>>>>>>>>>>>>>>>>>>>>>> message 69 size 4
[21:25:44] broad >>>>>>>>>>>>>>>>>>>>>>>>>>>>>>> message 64 size 1
[21:25:49] recv  65 <<<<<<<<<<<<<<<<<<<<<<<<<<<<<<< 2
[21:25:49] broad >>>>>>>>>>>>>>>>>>>>>>>>>>>>>>> message 66 size 75
[21:25:52] recv  70 <<<<<<<<<<<<<<<<<<<<<<<<<<<<<<< 1
[21:25:52] send >>>>>>>>>>>>>>>>>>>>>>>>>>>>>>> 1 message 71 size 964
[21:25:52] recv  68 <<<<<<<<<<<<<<<<<<<<<<<<<<<<<<< 1
[21:25:52] broad >>>>>>>>>>>>>>>>>>>>>>>>>>>>>>> message 69 size 4
[21:25:54] recv  68 <<<<<<<<<<<<<<<<<<<<<<<<<<<<<<< 0
[21:25:54] broad >>>>>>>>>>>>>>>>>>>>>>>>>>>>>>> message 69 size 4
[21:25:54] broad >>>>>>>>>>>>>>>>>>>>>>>>>>>>>>> message 64 size 1
[21:25:58] recv  65 <<<<<<<<<<<<<<<<<<<<<<<<<<<<<<< 2
[21:25:58] broad >>>>>>>>>>>>>>>>>>>>>>>>>>>>>>> message 66 size 75
[21:25:58] broad >>>>>>>>>>>>>>>>>>>>>>>>>>>>>>> message 73 size 154
[21:25:58] *****************游戏结束***************
[21:26:8] *****************游戏开始***************
[21:26:8] broad >>>>>>>>>>>>>>>>>>>>>>>>>>>>>>> message 51 size 3
[21:26:8] broad >>>>>>>>>>>>>>>>>>>>>>>>>>>>>>> message 76 size 12
[21:26:8] send >>>>>>>>>>>>>>>>>>>>>>>>>>>>>>> 0 message 52 size 72
[21:26:8] send >>>>>>>>>>>>>>>>>>>>>>>>>>>>>>> 1 message 52 size 72
[21:26:8] send >>>>>>>>>>>>>>>>>>>>>>>>>>>>>>> 2 message 52 size 72
[21:26:8] send >>>>>>>>>>>>>>>>>>>>>>>>>>>>>>> 0 message 60 size 1
[21:26:8] send >>>>>>>>>>>>>>>>>>>>>>>>>>>>>>> 1 message 60 size 1
[21:26:8] send >>>>>>>>>>>>>>>>>>>>>>>>>>>>>>> 2 message 60 size 1
[21:26:13] broad >>>>>>>>>>>>>>>>>>>>>>>>>>>>>>> message 55 size 5
[21:26:14] recv  56 <<<<<<<<<<<<<<<<<<<<<<<<<<<<<<< 0
[21:26:14] broad >>>>>>>>>>>>>>>>>>>>>>>>>>>>>>> message 56 size 5
[21:26:14] broad >>>>>>>>>>>>>>>>>>>>>>>>>>>>>>> message 76 size 12
[21:26:14] broad >>>>>>>>>>>>>>>>>>>>>>>>>>>>>>> message 55 size 5
[21:26:15] recv  56 <<<<<<<<<<<<<<<<<<<<<<<<<<<<<<< 2
[21:26:15] broad >>>>>>>>>>>>>>>>>>>>>>>>>>>>>>> message 56 size 5
[21:26:15] broad >>>>>>>>>>>>>>>>>>>>>>>>>>>>>>> message 76 size 12
[21:26:15] broad >>>>>>>>>>>>>>>>>>>>>>>>>>>>>>> message 55 size 5
[21:26:25] broad >>>>>>>>>>>>>>>>>>>>>>>>>>>>>>> message 56 size 5
[21:26:25] broad >>>>>>>>>>>>>>>>>>>>>>>>>>>>>>> message 55 size 5
[21:26:27] recv  56 <<<<<<<<<<<<<<<<<<<<<<<<<<<<<<< 0
[21:26:27] broad >>>>>>>>>>>>>>>>>>>>>>>>>>>>>>> message 56 size 5
[21:26:27] broad >>>>>>>>>>>>>>>>>>>>>>>>>>>>>>> message 76 size 12
[21:26:28] send >>>>>>>>>>>>>>>>>>>>>>>>>>>>>>> 0 message 57 size 80
[21:26:28] send >>>>>>>>>>>>>>>>>>>>>>>>>>>>>>> 1 message 57 size 80
[21:26:28] send >>>>>>>>>>>>>>>>>>>>>>>>>>>>>>> 2 message 57 size 80
[21:26:28] broad >>>>>>>>>>>>>>>>>>>>>>>>>>>>>>> message 76 size 12
[21:26:28] send >>>>>>>>>>>>>>>>>>>>>>>>>>>>>>> 0 message 58 size 1
[21:26:28] send >>>>>>>>>>>>>>>>>>>>>>>>>>>>>>> 1 message 58 size 1
[21:26:28] send >>>>>>>>>>>>>>>>>>>>>>>>>>>>>>> 2 message 58 size 1
[21:26:29] recv  59 <<<<<<<<<<<<<<<<<<<<<<<<<<<<<<< 2
[21:26:29] broad >>>>>>>>>>>>>>>>>>>>>>>>>>>>>>> message 59 size 5
[21:26:29] broad >>>>>>>>>>>>>>>>>>>>>>>>>>>>>>> message 76 size 12
[21:26:30] recv  59 <<<<<<<<<<<<<<<<<<<<<<<<<<<<<<< 0
[21:26:30] broad >>>>>>>>>>>>>>>>>>>>>>>>>>>>>>> message 59 size 5
[21:26:30] broad >>>>>>>>>>>>>>>>>>>>>>>>>>>>>>> message 76 size 12
[21:26:38] broad >>>>>>>>>>>>>>>>>>>>>>>>>>>>>>> message 59 size 5
[21:26:38] broad >>>>>>>>>>>>>>>>>>>>>>>>>>>>>>> message 76 size 12
[21:26:38] recv  59 <<<<<<<<<<<<<<<<<<<<<<<<<<<<<<< 1
[21:26:38] broad >>>>>>>>>>>>>>>>>>>>>>>>>>>>>>> message 59 size 5
[21:26:38] broad >>>>>>>>>>>>>>>>>>>>>>>>>>>>>>> message 76 size 12
[21:26:40] broad >>>>>>>>>>>>>>>>>>>>>>>>>>>>>>> message 64 size 1
[21:26:43] recv  65 <<<<<<<<<<<<<<<<<<<<<<<<<<<<<<< 0
[21:26:43] broad >>>>>>>>>>>>>>>>>>>>>>>>>>>>>>> message 66 size 75
[21:26:48] recv  70 <<<<<<<<<<<<<<<<<<<<<<<<<<<<<<< 2
[21:26:48] send >>>>>>>>>>>>>>>>>>>>>>>>>>>>>>> 2 message 71 size 964
[21:26:49] recv  68 <<<<<<<<<<<<<<<<<<<<<<<<<<<<<<< 2
[21:26:49] broad >>>>>>>>>>>>>>>>>>>>>>>>>>>>>>> message 69 size 4
[21:26:52] recv  70 <<<<<<<<<<<<<<<<<<<<<<<<<<<<<<< 1
[21:26:52] send >>>>>>>>>>>>>>>>>>>>>>>>>>>>>>> 1 message 71 size 964
[21:26:54] recv  65 <<<<<<<<<<<<<<<<<<<<<<<<<<<<<<< 1
[21:26:54] broad >>>>>>>>>>>>>>>>>>>>>>>>>>>>>>> message 66 size 75
[21:26:56] recv  68 <<<<<<<<<<<<<<<<<<<<<<<<<<<<<<< 0
[21:26:56] broad >>>>>>>>>>>>>>>>>>>>>>>>>>>>>>> message 69 size 4
[21:26:58] recv  68 <<<<<<<<<<<<<<<<<<<<<<<<<<<<<<< 2
[21:26:58] broad >>>>>>>>>>>>>>>>>>>>>>>>>>>>>>> message 69 size 4
[21:26:58] broad >>>>>>>>>>>>>>>>>>>>>>>>>>>>>>> message 64 size 1
[21:27:0] recv  65 <<<<<<<<<<<<<<<<<<<<<<<<<<<<<<< 1
[21:27:0] broad >>>>>>>>>>>>>>>>>>>>>>>>>>>>>>> message 66 size 75
[21:27:2] recv  65 <<<<<<<<<<<<<<<<<<<<<<<<<<<<<<< 0
[21:27:2] broad >>>>>>>>>>>>>>>>>>>>>>>>>>>>>>> message 66 size 75
[21:27:5] recv  70 <<<<<<<<<<<<<<<<<<<<<<<<<<<<<<< 2
[21:27:5] send >>>>>>>>>>>>>>>>>>>>>>>>>>>>>>> 2 message 71 size 964
[21:27:5] recv  65 <<<<<<<<<<<<<<<<<<<<<<<<<<<<<<< 2
[21:27:5] broad >>>>>>>>>>>>>>>>>>>>>>>>>>>>>>> message 66 size 75
[21:27:10] recv  70 <<<<<<<<<<<<<<<<<<<<<<<<<<<<<<< 1
[21:27:10] send >>>>>>>>>>>>>>>>>>>>>>>>>>>>>>> 1 message 71 size 964
[21:27:11] recv  68 <<<<<<<<<<<<<<<<<<<<<<<<<<<<<<< 1
[21:27:11] broad >>>>>>>>>>>>>>>>>>>>>>>>>>>>>>> message 69 size 4
[21:27:13] recv  68 <<<<<<<<<<<<<<<<<<<<<<<<<<<<<<< 0
[21:27:13] broad >>>>>>>>>>>>>>>>>>>>>>>>>>>>>>> message 69 size 4
[21:27:13] broad >>>>>>>>>>>>>>>>>>>>>>>>>>>>>>> message 64 size 1
[21:27:19] recv  65 <<<<<<<<<<<<<<<<<<<<<<<<<<<<<<< 2
[21:27:19] broad >>>>>>>>>>>>>>>>>>>>>>>>>>>>>>> message 66 size 75
[21:27:25] recv  70 <<<<<<<<<<<<<<<<<<<<<<<<<<<<<<< 1
[21:27:25] send >>>>>>>>>>>>>>>>>>>>>>>>>>>>>>> 1 message 71 size 964
[21:27:29] recv  65 <<<<<<<<<<<<<<<<<<<<<<<<<<<<<<< 1
[21:27:29] send >>>>>>>>>>>>>>>>>>>>>>>>>>>>>>> 1 message 72 size 0
[21:27:32] recv  65 <<<<<<<<<<<<<<<<<<<<<<<<<<<<<<< 1
[21:27:32] broad >>>>>>>>>>>>>>>>>>>>>>>>>>>>>>> message 66 size 75
[21:27:34] recv  70 <<<<<<<<<<<<<<<<<<<<<<<<<<<<<<< 0
[21:27:34] send >>>>>>>>>>>>>>>>>>>>>>>>>>>>>>> 0 message 71 size 964
[21:27:34] recv  65 <<<<<<<<<<<<<<<<<<<<<<<<<<<<<<< 0
[21:27:34] broad >>>>>>>>>>>>>>>>>>>>>>>>>>>>>>> message 66 size 75
[21:27:36] recv  70 <<<<<<<<<<<<<<<<<<<<<<<<<<<<<<< 2
[21:27:36] send >>>>>>>>>>>>>>>>>>>>>>>>>>>>>>> 2 message 71 size 964
[21:27:37] recv  65 <<<<<<<<<<<<<<<<<<<<<<<<<<<<<<< 2
[21:27:37] broad >>>>>>>>>>>>>>>>>>>>>>>>>>>>>>> message 66 size 75
[21:27:43] recv  70 <<<<<<<<<<<<<<<<<<<<<<<<<<<<<<< 1
[21:27:43] send >>>>>>>>>>>>>>>>>>>>>>>>>>>>>>> 1 message 71 size 964
[21:27:46] recv  65 <<<<<<<<<<<<<<<<<<<<<<<<<<<<<<< 1
[21:27:46] broad >>>>>>>>>>>>>>>>>>>>>>>>>>>>>>> message 66 size 75
[21:28:3] recv  65 <<<<<<<<<<<<<<<<<<<<<<<<<<<<<<< 0
[21:28:3] broad >>>>>>>>>>>>>>>>>>>>>>>>>>>>>>> message 66 size 75
[21:28:5] recv  70 <<<<<<<<<<<<<<<<<<<<<<<<<<<<<<< 2
[21:28:5] send >>>>>>>>>>>>>>>>>>>>>>>>>>>>>>> 2 message 71 size 964
[21:28:6] recv  65 <<<<<<<<<<<<<<<<<<<<<<<<<<<<<<< 2
[21:28:6] broad >>>>>>>>>>>>>>>>>>>>>>>>>>>>>>> message 66 size 75
[21:28:14] recv  70 <<<<<<<<<<<<<<<<<<<<<<<<<<<<<<< 1
[21:28:14] send >>>>>>>>>>>>>>>>>>>>>>>>>>>>>>> 1 message 71 size 964
[21:28:14] recv  68 <<<<<<<<<<<<<<<<<<<<<<<<<<<<<<< 1
[21:28:14] broad >>>>>>>>>>>>>>>>>>>>>>>>>>>>>>> message 69 size 4
[21:28:16] recv  65 <<<<<<<<<<<<<<<<<<<<<<<<<<<<<<< 0
[21:28:16] broad >>>>>>>>>>>>>>>>>>>>>>>>>>>>>>> message 66 size 75
[21:28:22] recv  68 <<<<<<<<<<<<<<<<<<<<<<<<<<<<<<< 2
[21:28:22] broad >>>>>>>>>>>>>>>>>>>>>>>>>>>>>>> message 69 size 4
[21:28:38] recv  70 <<<<<<<<<<<<<<<<<<<<<<<<<<<<<<< 1
[21:28:38] send >>>>>>>>>>>>>>>>>>>>>>>>>>>>>>> 1 message 71 size 964
[21:28:38] recv  68 <<<<<<<<<<<<<<<<<<<<<<<<<<<<<<< 1
[21:28:38] broad >>>>>>>>>>>>>>>>>>>>>>>>>>>>>>> message 69 size 4
[21:28:38] broad >>>>>>>>>>>>>>>>>>>>>>>>>>>>>>> message 64 size 1
[21:28:40] recv  70 <<<<<<<<<<<<<<<<<<<<<<<<<<<<<<< 0
[21:28:40] send >>>>>>>>>>>>>>>>>>>>>>>>>>>>>>> 0 message 71 size 964
[21:28:43] recv  65 <<<<<<<<<<<<<<<<<<<<<<<<<<<<<<< 0
[21:28:43] broad >>>>>>>>>>>>>>>>>>>>>>>>>>>>>>> message 66 size 75
[21:28:46] recv  68 <<<<<<<<<<<<<<<<<<<<<<<<<<<<<<< 2
[21:28:46] broad >>>>>>>>>>>>>>>>>>>>>>>>>>>>>>> message 69 size 4
[21:29:2] recv  70 <<<<<<<<<<<<<<<<<<<<<<<<<<<<<<< 1
[21:29:2] send >>>>>>>>>>>>>>>>>>>>>>>>>>>>>>> 1 message 71 size 964
[21:29:2] recv  68 <<<<<<<<<<<<<<<<<<<<<<<<<<<<<<< 1
[21:29:2] broad >>>>>>>>>>>>>>>>>>>>>>>>>>>>>>> message 69 size 4
[21:29:2] broad >>>>>>>>>>>>>>>>>>>>>>>>>>>>>>> message 64 size 1
[21:29:7] recv  65 <<<<<<<<<<<<<<<<<<<<<<<<<<<<<<< 0
[21:29:7] broad >>>>>>>>>>>>>>>>>>>>>>>>>>>>>>> message 66 size 75
[21:29:14] recv  70 <<<<<<<<<<<<<<<<<<<<<<<<<<<<<<< 2
[21:29:14] send >>>>>>>>>>>>>>>>>>>>>>>>>>>>>>> 2 message 71 size 964
[21:29:15] recv  65 <<<<<<<<<<<<<<<<<<<<<<<<<<<<<<< 2
[21:29:15] broad >>>>>>>>>>>>>>>>>>>>>>>>>>>>>>> message 66 size 75
[21:29:16] recv  70 <<<<<<<<<<<<<<<<<<<<<<<<<<<<<<< 1
[21:29:16] send >>>>>>>>>>>>>>>>>>>>>>>>>>>>>>> 1 message 71 size 964
[21:29:16] recv  68 <<<<<<<<<<<<<<<<<<<<<<<<<<<<<<< 1
[21:29:16] broad >>>>>>>>>>>>>>>>>>>>>>>>>>>>>>> message 69 size 4
[21:29:17] recv  68 <<<<<<<<<<<<<<<<<<<<<<<<<<<<<<< 0
[21:29:17] broad >>>>>>>>>>>>>>>>>>>>>>>>>>>>>>> message 69 size 4
[21:29:17] broad >>>>>>>>>>>>>>>>>>>>>>>>>>>>>>> message 64 size 1
[21:29:19] recv  65 <<<<<<<<<<<<<<<<<<<<<<<<<<<<<<< 2
[21:29:19] broad >>>>>>>>>>>>>>>>>>>>>>>>>>>>>>> message 66 size 75
[21:29:21] recv  70 <<<<<<<<<<<<<<<<<<<<<<<<<<<<<<< 1
[21:29:21] send >>>>>>>>>>>>>>>>>>>>>>>>>>>>>>> 1 message 71 size 964
[21:29:23] recv  65 <<<<<<<<<<<<<<<<<<<<<<<<<<<<<<< 1
[21:29:23] broad >>>>>>>>>>>>>>>>>>>>>>>>>>>>>>> message 66 size 75
[21:29:24] recv  70 <<<<<<<<<<<<<<<<<<<<<<<<<<<<<<< 0
[21:29:24] send >>>>>>>>>>>>>>>>>>>>>>>>>>>>>>> 0 message 71 size 964
[21:29:25] recv  65 <<<<<<<<<<<<<<<<<<<<<<<<<<<<<<< 0
[21:29:25] broad >>>>>>>>>>>>>>>>>>>>>>>>>>>>>>> message 66 size 75
[21:29:27] recv  65 <<<<<<<<<<<<<<<<<<<<<<<<<<<<<<< 2
[21:29:27] broad >>>>>>>>>>>>>>>>>>>>>>>>>>>>>>> message 66 size 75
[21:29:28] recv  70 <<<<<<<<<<<<<<<<<<<<<<<<<<<<<<< 1
[21:29:28] send >>>>>>>>>>>>>>>>>>>>>>>>>>>>>>> 1 message 71 size 964
[21:29:28] recv  68 <<<<<<<<<<<<<<<<<<<<<<<<<<<<<<< 1
[21:29:28] broad >>>>>>>>>>>>>>>>>>>>>>>>>>>>>>> message 69 size 4
[21:29:28] recv  68 <<<<<<<<<<<<<<<<<<<<<<<<<<<<<<< 0
[21:29:28] broad >>>>>>>>>>>>>>>>>>>>>>>>>>>>>>> message 69 size 4
[21:29:28] broad >>>>>>>>>>>>>>>>>>>>>>>>>>>>>>> message 64 size 1
[21:29:32] recv  65 <<<<<<<<<<<<<<<<<<<<<<<<<<<<<<< 2
[21:29:32] broad >>>>>>>>>>>>>>>>>>>>>>>>>>>>>>> message 66 size 75
[21:29:33] recv  70 <<<<<<<<<<<<<<<<<<<<<<<<<<<<<<< 1
[21:29:33] send >>>>>>>>>>>>>>>>>>>>>>>>>>>>>>> 1 message 71 size 964
[21:29:33] recv  68 <<<<<<<<<<<<<<<<<<<<<<<<<<<<<<< 1
[21:29:33] broad >>>>>>>>>>>>>>>>>>>>>>>>>>>>>>> message 69 size 4
[21:29:34] recv  68 <<<<<<<<<<<<<<<<<<<<<<<<<<<<<<< 0
[21:29:34] broad >>>>>>>>>>>>>>>>>>>>>>>>>>>>>>> message 69 size 4
[21:29:34] broad >>>>>>>>>>>>>>>>>>>>>>>>>>>>>>> message 64 size 1
[21:29:37] recv  65 <<<<<<<<<<<<<<<<<<<<<<<<<<<<<<< 2
[21:29:37] broad >>>>>>>>>>>>>>>>>>>>>>>>>>>>>>> message 66 size 75
[21:29:38] broad >>>>>>>>>>>>>>>>>>>>>>>>>>>>>>> message 73 size 154
[21:29:38] broad >>>>>>>>>>>>>>>>>>>>>>>>>>>>>>> message 74 size 87
[21:29:38] *****************游戏结束***************
