[17:27:21] *****************游戏开始***************
[17:27:21] broad >>>>>>>>>>>>>>>>>>>>>>>>>>>>>>> message 51 size 3
[17:27:21] send >>>>>>>>>>>>>>>>>>>>>>>>>>>>>>> 0 message 63 size 74
[17:27:21] send >>>>>>>>>>>>>>>>>>>>>>>>>>>>>>> 1 message 63 size 74
[17:27:21] send >>>>>>>>>>>>>>>>>>>>>>>>>>>>>>> 2 message 63 size 74
[17:27:21] send >>>>>>>>>>>>>>>>>>>>>>>>>>>>>>> 0 message 52 size 72
[17:27:21] send >>>>>>>>>>>>>>>>>>>>>>>>>>>>>>> 1 message 52 size 72
[17:27:21] send >>>>>>>>>>>>>>>>>>>>>>>>>>>>>>> 2 message 52 size 72
[17:27:21] send >>>>>>>>>>>>>>>>>>>>>>>>>>>>>>> 0 message 60 size 1
[17:27:21] send >>>>>>>>>>>>>>>>>>>>>>>>>>>>>>> 1 message 60 size 1
[17:27:21] send >>>>>>>>>>>>>>>>>>>>>>>>>>>>>>> 2 message 60 size 1
[17:27:26] broad >>>>>>>>>>>>>>>>>>>>>>>>>>>>>>> message 55 size 5
[17:27:28] recv  56 <<<<<<<<<<<<<<<<<<<<<<<<<<<<<<< 0
[17:27:28] broad >>>>>>>>>>>>>>>>>>>>>>>>>>>>>>> message 56 size 5
[17:27:28] broad >>>>>>>>>>>>>>>>>>>>>>>>>>>>>>> message 76 size 12
[17:27:28] broad >>>>>>>>>>>>>>>>>>>>>>>>>>>>>>> message 55 size 5
[17:27:32] recv  56 <<<<<<<<<<<<<<<<<<<<<<<<<<<<<<< 2
[17:27:32] broad >>>>>>>>>>>>>>>>>>>>>>>>>>>>>>> message 56 size 5
[17:27:32] broad >>>>>>>>>>>>>>>>>>>>>>>>>>>>>>> message 76 size 12
[17:27:32] broad >>>>>>>>>>>>>>>>>>>>>>>>>>>>>>> message 55 size 5
[17:27:34] recv  56 <<<<<<<<<<<<<<<<<<<<<<<<<<<<<<< 1
[17:27:34] broad >>>>>>>>>>>>>>>>>>>>>>>>>>>>>>> message 56 size 5
[17:27:34] broad >>>>>>>>>>>>>>>>>>>>>>>>>>>>>>> message 76 size 12
[17:27:34] broad >>>>>>>>>>>>>>>>>>>>>>>>>>>>>>> message 55 size 5
[17:27:36] recv  56 <<<<<<<<<<<<<<<<<<<<<<<<<<<<<<< 0
[17:27:36] broad >>>>>>>>>>>>>>>>>>>>>>>>>>>>>>> message 56 size 5
[17:27:37] send >>>>>>>>>>>>>>>>>>>>>>>>>>>>>>> 0 message 63 size 74
[17:27:37] send >>>>>>>>>>>>>>>>>>>>>>>>>>>>>>> 1 message 63 size 74
[17:27:37] send >>>>>>>>>>>>>>>>>>>>>>>>>>>>>>> 2 message 63 size 74
[17:27:37] send >>>>>>>>>>>>>>>>>>>>>>>>>>>>>>> 0 message 57 size 80
[17:27:37] send >>>>>>>>>>>>>>>>>>>>>>>>>>>>>>> 1 message 57 size 80
[17:27:37] send >>>>>>>>>>>>>>>>>>>>>>>>>>>>>>> 2 message 57 size 80
[17:27:37] broad >>>>>>>>>>>>>>>>>>>>>>>>>>>>>>> message 76 size 12
[17:27:37] send >>>>>>>>>>>>>>>>>>>>>>>>>>>>>>> 0 message 58 size 1
[17:27:37] send >>>>>>>>>>>>>>>>>>>>>>>>>>>>>>> 1 message 58 size 1
[17:27:37] send >>>>>>>>>>>>>>>>>>>>>>>>>>>>>>> 2 message 58 size 1
[17:27:44] recv  59 <<<<<<<<<<<<<<<<<<<<<<<<<<<<<<< 1
[17:27:44] broad >>>>>>>>>>>>>>>>>>>>>>>>>>>>>>> message 59 size 5
[17:27:44] broad >>>>>>>>>>>>>>>>>>>>>>>>>>>>>>> message 76 size 12
[17:27:45] recv  59 <<<<<<<<<<<<<<<<<<<<<<<<<<<<<<< 0
[17:27:45] broad >>>>>>>>>>>>>>>>>>>>>>>>>>>>>>> message 59 size 5
[17:27:45] broad >>>>>>>>>>>>>>>>>>>>>>>>>>>>>>> message 76 size 12
[17:27:47] broad >>>>>>>>>>>>>>>>>>>>>>>>>>>>>>> message 59 size 5
[17:27:47] broad >>>>>>>>>>>>>>>>>>>>>>>>>>>>>>> message 76 size 12
[17:27:47] broad >>>>>>>>>>>>>>>>>>>>>>>>>>>>>>> message 60 size 1
[17:27:58] broad >>>>>>>>>>>>>>>>>>>>>>>>>>>>>>> message 64 size 1
[17:28:10] recv  65 <<<<<<<<<<<<<<<<<<<<<<<<<<<<<<< 1
[17:28:10] broad >>>>>>>>>>>>>>>>>>>>>>>>>>>>>>> message 66 size 75
[17:28:13] recv  70 <<<<<<<<<<<<<<<<<<<<<<<<<<<<<<< 0
[17:28:13] send >>>>>>>>>>>>>>>>>>>>>>>>>>>>>>> 0 message 71 size 964
[17:28:16] recv  65 <<<<<<<<<<<<<<<<<<<<<<<<<<<<<<< 0
[17:28:16] broad >>>>>>>>>>>>>>>>>>>>>>>>>>>>>>> message 66 size 75
[17:28:16] broad >>>>>>>>>>>>>>>>>>>>>>>>>>>>>>> message 76 size 12
[17:28:20] recv  68 <<<<<<<<<<<<<<<<<<<<<<<<<<<<<<< 2
[17:28:20] broad >>>>>>>>>>>>>>>>>>>>>>>>>>>>>>> message 69 size 4
[17:28:22] recv  68 <<<<<<<<<<<<<<<<<<<<<<<<<<<<<<< 1
[17:28:22] broad >>>>>>>>>>>>>>>>>>>>>>>>>>>>>>> message 69 size 4
[17:28:22] broad >>>>>>>>>>>>>>>>>>>>>>>>>>>>>>> message 64 size 1
[17:28:25] recv  65 <<<<<<<<<<<<<<<<<<<<<<<<<<<<<<< 0
[17:28:25] broad >>>>>>>>>>>>>>>>>>>>>>>>>>>>>>> message 66 size 75
[17:28:31] recv  68 <<<<<<<<<<<<<<<<<<<<<<<<<<<<<<< 2
[17:28:31] broad >>>>>>>>>>>>>>>>>>>>>>>>>>>>>>> message 69 size 4
[17:28:36] recv  65 <<<<<<<<<<<<<<<<<<<<<<<<<<<<<<< 1
[17:28:36] broad >>>>>>>>>>>>>>>>>>>>>>>>>>>>>>> message 66 size 75
[17:28:41] recv  68 <<<<<<<<<<<<<<<<<<<<<<<<<<<<<<< 0
[17:28:41] broad >>>>>>>>>>>>>>>>>>>>>>>>>>>>>>> message 69 size 4
[17:28:47] recv  68 <<<<<<<<<<<<<<<<<<<<<<<<<<<<<<< 2
[17:28:47] broad >>>>>>>>>>>>>>>>>>>>>>>>>>>>>>> message 69 size 4
[17:28:47] broad >>>>>>>>>>>>>>>>>>>>>>>>>>>>>>> message 64 size 1
[17:28:49] recv  65 <<<<<<<<<<<<<<<<<<<<<<<<<<<<<<< 1
[17:28:49] broad >>>>>>>>>>>>>>>>>>>>>>>>>>>>>>> message 66 size 75
[17:28:51] recv  65 <<<<<<<<<<<<<<<<<<<<<<<<<<<<<<< 0
[17:28:51] broad >>>>>>>>>>>>>>>>>>>>>>>>>>>>>>> message 66 size 75
[17:28:54] recv  65 <<<<<<<<<<<<<<<<<<<<<<<<<<<<<<< 2
[17:28:54] broad >>>>>>>>>>>>>>>>>>>>>>>>>>>>>>> message 66 size 75
[17:28:58] recv  65 <<<<<<<<<<<<<<<<<<<<<<<<<<<<<<< 1
[17:28:58] broad >>>>>>>>>>>>>>>>>>>>>>>>>>>>>>> message 66 size 75
[17:29:0] recv  65 <<<<<<<<<<<<<<<<<<<<<<<<<<<<<<< 0
[17:29:0] send >>>>>>>>>>>>>>>>>>>>>>>>>>>>>>> 0 message 72 size 0
[17:29:2] recv  70 <<<<<<<<<<<<<<<<<<<<<<<<<<<<<<< 0
[17:29:2] send >>>>>>>>>>>>>>>>>>>>>>>>>>>>>>> 0 message 71 size 964
[17:29:4] recv  65 <<<<<<<<<<<<<<<<<<<<<<<<<<<<<<< 0
[17:29:4] broad >>>>>>>>>>>>>>>>>>>>>>>>>>>>>>> message 66 size 75
[17:29:4] broad >>>>>>>>>>>>>>>>>>>>>>>>>>>>>>> message 76 size 12
[17:29:8] recv  68 <<<<<<<<<<<<<<<<<<<<<<<<<<<<<<< 2
[17:29:8] broad >>>>>>>>>>>>>>>>>>>>>>>>>>>>>>> message 69 size 4
[17:29:10] recv  68 <<<<<<<<<<<<<<<<<<<<<<<<<<<<<<< 1
[17:29:10] broad >>>>>>>>>>>>>>>>>>>>>>>>>>>>>>> message 69 size 4
[17:29:10] broad >>>>>>>>>>>>>>>>>>>>>>>>>>>>>>> message 64 size 1
[17:29:13] recv  65 <<<<<<<<<<<<<<<<<<<<<<<<<<<<<<< 0
[17:29:14] broad >>>>>>>>>>>>>>>>>>>>>>>>>>>>>>> message 66 size 75
[17:29:16] recv  70 <<<<<<<<<<<<<<<<<<<<<<<<<<<<<<< 2
[17:29:16] send >>>>>>>>>>>>>>>>>>>>>>>>>>>>>>> 2 message 71 size 964
[17:29:17] recv  65 <<<<<<<<<<<<<<<<<<<<<<<<<<<<<<< 2
[17:29:17] broad >>>>>>>>>>>>>>>>>>>>>>>>>>>>>>> message 66 size 75
[17:29:21] recv  68 <<<<<<<<<<<<<<<<<<<<<<<<<<<<<<< 1
[17:29:21] broad >>>>>>>>>>>>>>>>>>>>>>>>>>>>>>> message 69 size 4
[17:29:29] recv  68 <<<<<<<<<<<<<<<<<<<<<<<<<<<<<<< 0
[17:29:29] broad >>>>>>>>>>>>>>>>>>>>>>>>>>>>>>> message 69 size 4
[17:29:29] broad >>>>>>>>>>>>>>>>>>>>>>>>>>>>>>> message 64 size 1
[17:29:35] recv  65 <<<<<<<<<<<<<<<<<<<<<<<<<<<<<<< 2
[17:29:35] broad >>>>>>>>>>>>>>>>>>>>>>>>>>>>>>> message 66 size 75
[17:29:37] recv  68 <<<<<<<<<<<<<<<<<<<<<<<<<<<<<<< 1
[17:29:37] broad >>>>>>>>>>>>>>>>>>>>>>>>>>>>>>> message 69 size 4
[17:29:38] recv  68 <<<<<<<<<<<<<<<<<<<<<<<<<<<<<<< 0
[17:29:38] broad >>>>>>>>>>>>>>>>>>>>>>>>>>>>>>> message 69 size 4
[17:29:38] broad >>>>>>>>>>>>>>>>>>>>>>>>>>>>>>> message 64 size 1
[17:29:40] recv  65 <<<<<<<<<<<<<<<<<<<<<<<<<<<<<<< 2
[17:29:40] broad >>>>>>>>>>>>>>>>>>>>>>>>>>>>>>> message 66 size 75
[17:29:42] recv  65 <<<<<<<<<<<<<<<<<<<<<<<<<<<<<<< 1
[17:29:42] broad >>>>>>>>>>>>>>>>>>>>>>>>>>>>>>> message 66 size 75
[17:29:45] recv  68 <<<<<<<<<<<<<<<<<<<<<<<<<<<<<<< 0
[17:29:45] broad >>>>>>>>>>>>>>>>>>>>>>>>>>>>>>> message 69 size 4
[17:29:47] recv  65 <<<<<<<<<<<<<<<<<<<<<<<<<<<<<<< 2
[17:29:47] broad >>>>>>>>>>>>>>>>>>>>>>>>>>>>>>> message 66 size 75
[17:29:53] recv  68 <<<<<<<<<<<<<<<<<<<<<<<<<<<<<<< 1
[17:29:53] broad >>>>>>>>>>>>>>>>>>>>>>>>>>>>>>> message 69 size 4
[17:29:54] recv  68 <<<<<<<<<<<<<<<<<<<<<<<<<<<<<<< 0
[17:29:54] broad >>>>>>>>>>>>>>>>>>>>>>>>>>>>>>> message 69 size 4
[17:29:54] broad >>>>>>>>>>>>>>>>>>>>>>>>>>>>>>> message 64 size 1
[17:29:56] recv  65 <<<<<<<<<<<<<<<<<<<<<<<<<<<<<<< 2
[17:29:56] broad >>>>>>>>>>>>>>>>>>>>>>>>>>>>>>> message 66 size 75
[17:29:59] recv  65 <<<<<<<<<<<<<<<<<<<<<<<<<<<<<<< 1
[17:29:59] broad >>>>>>>>>>>>>>>>>>>>>>>>>>>>>>> message 66 size 75
[17:30:2] recv  68 <<<<<<<<<<<<<<<<<<<<<<<<<<<<<<< 0
[17:30:2] broad >>>>>>>>>>>>>>>>>>>>>>>>>>>>>>> message 69 size 4
[17:30:4] recv  65 <<<<<<<<<<<<<<<<<<<<<<<<<<<<<<< 2
[17:30:4] broad >>>>>>>>>>>>>>>>>>>>>>>>>>>>>>> message 66 size 75
[17:30:4] broad >>>>>>>>>>>>>>>>>>>>>>>>>>>>>>> message 76 size 12
[17:30:5] broad >>>>>>>>>>>>>>>>>>>>>>>>>>>>>>> message 73 size 154
[17:30:5] *****************游戏结束***************
[17:30:23] *****************游戏开始***************
[17:30:23] broad >>>>>>>>>>>>>>>>>>>>>>>>>>>>>>> message 51 size 3
[17:30:23] send >>>>>>>>>>>>>>>>>>>>>>>>>>>>>>> 0 message 63 size 74
[17:30:23] send >>>>>>>>>>>>>>>>>>>>>>>>>>>>>>> 1 message 63 size 74
[17:30:23] send >>>>>>>>>>>>>>>>>>>>>>>>>>>>>>> 2 message 63 size 74
[17:30:23] send >>>>>>>>>>>>>>>>>>>>>>>>>>>>>>> 0 message 52 size 72
[17:30:23] send >>>>>>>>>>>>>>>>>>>>>>>>>>>>>>> 1 message 52 size 72
[17:30:23] send >>>>>>>>>>>>>>>>>>>>>>>>>>>>>>> 2 message 52 size 72
[17:30:23] send >>>>>>>>>>>>>>>>>>>>>>>>>>>>>>> 0 message 60 size 1
[17:30:23] send >>>>>>>>>>>>>>>>>>>>>>>>>>>>>>> 1 message 60 size 1
[17:30:23] send >>>>>>>>>>>>>>>>>>>>>>>>>>>>>>> 2 message 60 size 1
[17:30:28] broad >>>>>>>>>>>>>>>>>>>>>>>>>>>>>>> message 55 size 5
[17:30:30] recv  56 <<<<<<<<<<<<<<<<<<<<<<<<<<<<<<< 2
[17:30:30] broad >>>>>>>>>>>>>>>>>>>>>>>>>>>>>>> message 56 size 5
[17:30:30] broad >>>>>>>>>>>>>>>>>>>>>>>>>>>>>>> message 76 size 12
[17:30:30] broad >>>>>>>>>>>>>>>>>>>>>>>>>>>>>>> message 55 size 5
[17:30:34] recv  56 <<<<<<<<<<<<<<<<<<<<<<<<<<<<<<< 1
[17:30:34] broad >>>>>>>>>>>>>>>>>>>>>>>>>>>>>>> message 56 size 5
[17:30:34] broad >>>>>>>>>>>>>>>>>>>>>>>>>>>>>>> message 76 size 12
[17:30:34] broad >>>>>>>>>>>>>>>>>>>>>>>>>>>>>>> message 55 size 5
[17:30:36] recv  56 <<<<<<<<<<<<<<<<<<<<<<<<<<<<<<< 0
[17:30:36] broad >>>>>>>>>>>>>>>>>>>>>>>>>>>>>>> message 56 size 5
[17:30:36] broad >>>>>>>>>>>>>>>>>>>>>>>>>>>>>>> message 76 size 12
[17:30:36] broad >>>>>>>>>>>>>>>>>>>>>>>>>>>>>>> message 55 size 5
[17:30:39] recv  56 <<<<<<<<<<<<<<<<<<<<<<<<<<<<<<< 2
[17:30:39] broad >>>>>>>>>>>>>>>>>>>>>>>>>>>>>>> message 56 size 5
[17:30:40] send >>>>>>>>>>>>>>>>>>>>>>>>>>>>>>> 0 message 63 size 74
[17:30:40] send >>>>>>>>>>>>>>>>>>>>>>>>>>>>>>> 1 message 63 size 74
[17:30:40] send >>>>>>>>>>>>>>>>>>>>>>>>>>>>>>> 2 message 63 size 74
[17:30:40] send >>>>>>>>>>>>>>>>>>>>>>>>>>>>>>> 0 message 57 size 80
[17:30:40] send >>>>>>>>>>>>>>>>>>>>>>>>>>>>>>> 1 message 57 size 80
[17:30:40] send >>>>>>>>>>>>>>>>>>>>>>>>>>>>>>> 2 message 57 size 80
[17:30:40] broad >>>>>>>>>>>>>>>>>>>>>>>>>>>>>>> message 76 size 12
[17:30:40] send >>>>>>>>>>>>>>>>>>>>>>>>>>>>>>> 0 message 58 size 1
[17:30:40] send >>>>>>>>>>>>>>>>>>>>>>>>>>>>>>> 1 message 58 size 1
[17:30:40] send >>>>>>>>>>>>>>>>>>>>>>>>>>>>>>> 2 message 58 size 1
[17:30:41] recv  59 <<<<<<<<<<<<<<<<<<<<<<<<<<<<<<< 1
[17:30:41] broad >>>>>>>>>>>>>>>>>>>>>>>>>>>>>>> message 59 size 5
[17:30:41] broad >>>>>>>>>>>>>>>>>>>>>>>>>>>>>>> message 76 size 12
[17:30:43] recv  59 <<<<<<<<<<<<<<<<<<<<<<<<<<<<<<< 0
[17:30:43] broad >>>>>>>>>>>>>>>>>>>>>>>>>>>>>>> message 59 size 5
[17:30:43] broad >>>>>>>>>>>>>>>>>>>>>>>>>>>>>>> message 76 size 12
[17:30:44] recv  59 <<<<<<<<<<<<<<<<<<<<<<<<<<<<<<< 2
[17:30:44] broad >>>>>>>>>>>>>>>>>>>>>>>>>>>>>>> message 59 size 5
[17:30:44] broad >>>>>>>>>>>>>>>>>>>>>>>>>>>>>>> message 76 size 12
[17:30:44] broad >>>>>>>>>>>>>>>>>>>>>>>>>>>>>>> message 60 size 1
[17:30:48] recv  61 <<<<<<<<<<<<<<<<<<<<<<<<<<<<<<< 0
[17:30:48] broad >>>>>>>>>>>>>>>>>>>>>>>>>>>>>>> message 62 size 29
[17:30:48] broad >>>>>>>>>>>>>>>>>>>>>>>>>>>>>>> message 76 size 12
[17:30:50] broad >>>>>>>>>>>>>>>>>>>>>>>>>>>>>>> message 64 size 1
[17:30:59] recv  65 <<<<<<<<<<<<<<<<<<<<<<<<<<<<<<< 0
[17:30:59] send >>>>>>>>>>>>>>>>>>>>>>>>>>>>>>> 0 message 72 size 0
[17:31:1] recv  65 <<<<<<<<<<<<<<<<<<<<<<<<<<<<<<< 0
[17:31:1] send >>>>>>>>>>>>>>>>>>>>>>>>>>>>>>> 0 message 72 size 0
[17:31:4] recv  65 <<<<<<<<<<<<<<<<<<<<<<<<<<<<<<< 0
[17:31:4] broad >>>>>>>>>>>>>>>>>>>>>>>>>>>>>>> message 66 size 75
[17:31:14] recv  65 <<<<<<<<<<<<<<<<<<<<<<<<<<<<<<< 2
[17:31:14] broad >>>>>>>>>>>>>>>>>>>>>>>>>>>>>>> message 66 size 75
[17:31:17] recv  68 <<<<<<<<<<<<<<<<<<<<<<<<<<<<<<< 1
[17:31:17] broad >>>>>>>>>>>>>>>>>>>>>>>>>>>>>>> message 69 size 4
[17:31:21] recv  68 <<<<<<<<<<<<<<<<<<<<<<<<<<<<<<< 0
[17:31:21] broad >>>>>>>>>>>>>>>>>>>>>>>>>>>>>>> message 69 size 4
[17:31:21] broad >>>>>>>>>>>>>>>>>>>>>>>>>>>>>>> message 64 size 1
[17:31:23] recv  65 <<<<<<<<<<<<<<<<<<<<<<<<<<<<<<< 2
[17:31:23] broad >>>>>>>>>>>>>>>>>>>>>>>>>>>>>>> message 66 size 75
[17:31:25] recv  65 <<<<<<<<<<<<<<<<<<<<<<<<<<<<<<< 1
[17:31:25] broad >>>>>>>>>>>>>>>>>>>>>>>>>>>>>>> message 66 size 75
[17:31:27] recv  65 <<<<<<<<<<<<<<<<<<<<<<<<<<<<<<< 0
[17:31:27] broad >>>>>>>>>>>>>>>>>>>>>>>>>>>>>>> message 66 size 75
[17:31:30] recv  65 <<<<<<<<<<<<<<<<<<<<<<<<<<<<<<< 2
[17:31:30] broad >>>>>>>>>>>>>>>>>>>>>>>>>>>>>>> message 66 size 75
[17:31:45] recv  68 <<<<<<<<<<<<<<<<<<<<<<<<<<<<<<< 1
[17:31:45] broad >>>>>>>>>>>>>>>>>>>>>>>>>>>>>>> message 69 size 4
[17:31:54] recv  68 <<<<<<<<<<<<<<<<<<<<<<<<<<<<<<< 0
[17:31:54] broad >>>>>>>>>>>>>>>>>>>>>>>>>>>>>>> message 69 size 4
[17:31:54] broad >>>>>>>>>>>>>>>>>>>>>>>>>>>>>>> message 64 size 1
[17:31:55] recv  65 <<<<<<<<<<<<<<<<<<<<<<<<<<<<<<< 2
[17:31:55] broad >>>>>>>>>>>>>>>>>>>>>>>>>>>>>>> message 66 size 75
[17:31:58] recv  68 <<<<<<<<<<<<<<<<<<<<<<<<<<<<<<< 1
[17:31:58] broad >>>>>>>>>>>>>>>>>>>>>>>>>>>>>>> message 69 size 4
[17:31:59] recv  65 <<<<<<<<<<<<<<<<<<<<<<<<<<<<<<< 0
[17:31:59] broad >>>>>>>>>>>>>>>>>>>>>>>>>>>>>>> message 66 size 75
[17:32:2] recv  68 <<<<<<<<<<<<<<<<<<<<<<<<<<<<<<< 2
[17:32:2] broad >>>>>>>>>>>>>>>>>>>>>>>>>>>>>>> message 69 size 4
[17:32:4] recv  70 <<<<<<<<<<<<<<<<<<<<<<<<<<<<<<< 1
[17:32:4] send >>>>>>>>>>>>>>>>>>>>>>>>>>>>>>> 1 message 71 size 964
[17:32:5] recv  65 <<<<<<<<<<<<<<<<<<<<<<<<<<<<<<< 1
[17:32:5] broad >>>>>>>>>>>>>>>>>>>>>>>>>>>>>>> message 66 size 75
[17:32:5] broad >>>>>>>>>>>>>>>>>>>>>>>>>>>>>>> message 76 size 12
[17:32:9] recv  65 <<<<<<<<<<<<<<<<<<<<<<<<<<<<<<< 0
[17:32:9] broad >>>>>>>>>>>>>>>>>>>>>>>>>>>>>>> message 66 size 75
[17:32:9] broad >>>>>>>>>>>>>>>>>>>>>>>>>>>>>>> message 76 size 12
[17:32:13] recv  70 <<<<<<<<<<<<<<<<<<<<<<<<<<<<<<< 2
[17:32:13] send >>>>>>>>>>>>>>>>>>>>>>>>>>>>>>> 2 message 71 size 964
[17:32:13] recv  68 <<<<<<<<<<<<<<<<<<<<<<<<<<<<<<< 2
[17:32:13] broad >>>>>>>>>>>>>>>>>>>>>>>>>>>>>>> message 69 size 4
[17:32:15] recv  70 <<<<<<<<<<<<<<<<<<<<<<<<<<<<<<< 1
[17:32:15] send >>>>>>>>>>>>>>>>>>>>>>>>>>>>>>> 1 message 71 size 964
[17:32:15] recv  68 <<<<<<<<<<<<<<<<<<<<<<<<<<<<<<< 1
[17:32:15] broad >>>>>>>>>>>>>>>>>>>>>>>>>>>>>>> message 69 size 4
[17:32:15] broad >>>>>>>>>>>>>>>>>>>>>>>>>>>>>>> message 64 size 1
[17:32:16] recv  65 <<<<<<<<<<<<<<<<<<<<<<<<<<<<<<< 0
[17:32:16] send >>>>>>>>>>>>>>>>>>>>>>>>>>>>>>> 0 message 72 size 0
[17:32:17] recv  65 <<<<<<<<<<<<<<<<<<<<<<<<<<<<<<< 0
[17:32:17] broad >>>>>>>>>>>>>>>>>>>>>>>>>>>>>>> message 66 size 75
[17:32:18] broad >>>>>>>>>>>>>>>>>>>>>>>>>>>>>>> message 73 size 154
[17:32:18] broad >>>>>>>>>>>>>>>>>>>>>>>>>>>>>>> message 74 size 87
[17:32:18] *****************游戏结束***************
