[19:28:31] *****************游戏开始***************
[19:28:31] broad >>>>>>>>>>>>>>>>>>>>>>>>>>>>>>> message 51 size 3
[19:28:31] send >>>>>>>>>>>>>>>>>>>>>>>>>>>>>>> 0 message 52 size 72
[19:28:31] send >>>>>>>>>>>>>>>>>>>>>>>>>>>>>>> 1 message 52 size 72
[19:28:31] send >>>>>>>>>>>>>>>>>>>>>>>>>>>>>>> 2 message 52 size 72
[19:28:31] send >>>>>>>>>>>>>>>>>>>>>>>>>>>>>>> 0 message 60 size 1
[19:28:31] send >>>>>>>>>>>>>>>>>>>>>>>>>>>>>>> 1 message 60 size 1
[19:28:31] send >>>>>>>>>>>>>>>>>>>>>>>>>>>>>>> 2 message 60 size 1
[19:28:36] send >>>>>>>>>>>>>>>>>>>>>>>>>>>>>>> 0 message 63 size 74
[19:28:36] send >>>>>>>>>>>>>>>>>>>>>>>>>>>>>>> 1 message 63 size 74
[19:28:36] send >>>>>>>>>>>>>>>>>>>>>>>>>>>>>>> 2 message 63 size 74
[19:28:37] broad >>>>>>>>>>>>>>>>>>>>>>>>>>>>>>> message 55 size 5
[19:28:39] recv  56 <<<<<<<<<<<<<<<<<<<<<<<<<<<<<<< 2
[19:28:39] broad >>>>>>>>>>>>>>>>>>>>>>>>>>>>>>> message 56 size 5
[19:28:39] broad >>>>>>>>>>>>>>>>>>>>>>>>>>>>>>> message 55 size 5
[19:28:43] recv  56 <<<<<<<<<<<<<<<<<<<<<<<<<<<<<<< 1
[19:28:43] broad >>>>>>>>>>>>>>>>>>>>>>>>>>>>>>> message 56 size 5
[19:28:43] broad >>>>>>>>>>>>>>>>>>>>>>>>>>>>>>> message 76 size 12
[19:28:43] broad >>>>>>>>>>>>>>>>>>>>>>>>>>>>>>> message 55 size 5
[19:28:44] recv  56 <<<<<<<<<<<<<<<<<<<<<<<<<<<<<<< 0
[19:28:44] broad >>>>>>>>>>>>>>>>>>>>>>>>>>>>>>> message 56 size 5
[19:28:44] broad >>>>>>>>>>>>>>>>>>>>>>>>>>>>>>> message 76 size 12
[19:28:44] broad >>>>>>>>>>>>>>>>>>>>>>>>>>>>>>> message 55 size 5
[19:28:46] recv  56 <<<<<<<<<<<<<<<<<<<<<<<<<<<<<<< 1
[19:28:46] broad >>>>>>>>>>>>>>>>>>>>>>>>>>>>>>> message 56 size 5
[19:28:47] send >>>>>>>>>>>>>>>>>>>>>>>>>>>>>>> 0 message 57 size 80
[19:28:47] send >>>>>>>>>>>>>>>>>>>>>>>>>>>>>>> 1 message 57 size 80
[19:28:47] send >>>>>>>>>>>>>>>>>>>>>>>>>>>>>>> 2 message 57 size 80
[19:28:47] broad >>>>>>>>>>>>>>>>>>>>>>>>>>>>>>> message 76 size 12
[19:28:47] send >>>>>>>>>>>>>>>>>>>>>>>>>>>>>>> 0 message 58 size 1
[19:28:47] send >>>>>>>>>>>>>>>>>>>>>>>>>>>>>>> 1 message 58 size 1
[19:28:47] send >>>>>>>>>>>>>>>>>>>>>>>>>>>>>>> 2 message 58 size 1
[19:28:49] recv  59 <<<<<<<<<<<<<<<<<<<<<<<<<<<<<<< 2
[19:28:49] broad >>>>>>>>>>>>>>>>>>>>>>>>>>>>>>> message 59 size 5
[19:28:49] broad >>>>>>>>>>>>>>>>>>>>>>>>>>>>>>> message 76 size 12
[19:28:49] recv  59 <<<<<<<<<<<<<<<<<<<<<<<<<<<<<<< 1
[19:28:49] broad >>>>>>>>>>>>>>>>>>>>>>>>>>>>>>> message 59 size 5
[19:28:49] broad >>>>>>>>>>>>>>>>>>>>>>>>>>>>>>> message 76 size 12
[19:28:51] recv  59 <<<<<<<<<<<<<<<<<<<<<<<<<<<<<<< 0
[19:28:51] broad >>>>>>>>>>>>>>>>>>>>>>>>>>>>>>> message 59 size 5
[19:28:51] broad >>>>>>>>>>>>>>>>>>>>>>>>>>>>>>> message 76 size 12
[19:28:51] broad >>>>>>>>>>>>>>>>>>>>>>>>>>>>>>> message 60 size 1
[19:29:1] broad >>>>>>>>>>>>>>>>>>>>>>>>>>>>>>> message 64 size 1
[19:29:7] recv  65 <<<<<<<<<<<<<<<<<<<<<<<<<<<<<<< 0
[19:29:7] broad >>>>>>>>>>>>>>>>>>>>>>>>>>>>>>> message 66 size 75
[19:29:14] recv  68 <<<<<<<<<<<<<<<<<<<<<<<<<<<<<<< 2
[19:29:14] broad >>>>>>>>>>>>>>>>>>>>>>>>>>>>>>> message 69 size 4
[19:29:17] recv  70 <<<<<<<<<<<<<<<<<<<<<<<<<<<<<<< 1
[19:29:17] send >>>>>>>>>>>>>>>>>>>>>>>>>>>>>>> 1 message 71 size 964
[19:29:19] recv  65 <<<<<<<<<<<<<<<<<<<<<<<<<<<<<<< 1
[19:29:19] broad >>>>>>>>>>>>>>>>>>>>>>>>>>>>>>> message 66 size 75
[19:29:20] recv  68 <<<<<<<<<<<<<<<<<<<<<<<<<<<<<<< 0
[19:29:20] broad >>>>>>>>>>>>>>>>>>>>>>>>>>>>>>> message 69 size 4
[19:29:22] recv  68 <<<<<<<<<<<<<<<<<<<<<<<<<<<<<<< 2
[19:29:22] broad >>>>>>>>>>>>>>>>>>>>>>>>>>>>>>> message 69 size 4
[19:29:22] broad >>>>>>>>>>>>>>>>>>>>>>>>>>>>>>> message 64 size 1
[19:29:29] recv  65 <<<<<<<<<<<<<<<<<<<<<<<<<<<<<<< 1
[19:29:29] broad >>>>>>>>>>>>>>>>>>>>>>>>>>>>>>> message 66 size 75
[19:29:33] recv  68 <<<<<<<<<<<<<<<<<<<<<<<<<<<<<<< 0
[19:29:33] broad >>>>>>>>>>>>>>>>>>>>>>>>>>>>>>> message 69 size 4
[19:29:35] recv  68 <<<<<<<<<<<<<<<<<<<<<<<<<<<<<<< 2
[19:29:35] broad >>>>>>>>>>>>>>>>>>>>>>>>>>>>>>> message 69 size 4
[19:29:35] broad >>>>>>>>>>>>>>>>>>>>>>>>>>>>>>> message 64 size 1
[19:29:36] recv  65 <<<<<<<<<<<<<<<<<<<<<<<<<<<<<<< 1
[19:29:36] broad >>>>>>>>>>>>>>>>>>>>>>>>>>>>>>> message 66 size 75
[19:29:38] recv  65 <<<<<<<<<<<<<<<<<<<<<<<<<<<<<<< 0
[19:29:38] broad >>>>>>>>>>>>>>>>>>>>>>>>>>>>>>> message 66 size 75
[19:29:42] recv  65 <<<<<<<<<<<<<<<<<<<<<<<<<<<<<<< 2
[19:29:42] broad >>>>>>>>>>>>>>>>>>>>>>>>>>>>>>> message 66 size 75
[19:29:45] recv  65 <<<<<<<<<<<<<<<<<<<<<<<<<<<<<<< 1
[19:29:45] broad >>>>>>>>>>>>>>>>>>>>>>>>>>>>>>> message 66 size 75
[19:29:47] recv  65 <<<<<<<<<<<<<<<<<<<<<<<<<<<<<<< 0
[19:29:47] broad >>>>>>>>>>>>>>>>>>>>>>>>>>>>>>> message 66 size 75
[19:29:54] recv  68 <<<<<<<<<<<<<<<<<<<<<<<<<<<<<<< 2
[19:29:54] broad >>>>>>>>>>>>>>>>>>>>>>>>>>>>>>> message 69 size 4
[19:30:3] recv  68 <<<<<<<<<<<<<<<<<<<<<<<<<<<<<<< 1
[19:30:3] broad >>>>>>>>>>>>>>>>>>>>>>>>>>>>>>> message 69 size 4
[19:30:3] broad >>>>>>>>>>>>>>>>>>>>>>>>>>>>>>> message 64 size 1
[19:30:9] recv  65 <<<<<<<<<<<<<<<<<<<<<<<<<<<<<<< 0
[19:30:9] send >>>>>>>>>>>>>>>>>>>>>>>>>>>>>>> 0 message 67 size 964
[19:30:11] recv  65 <<<<<<<<<<<<<<<<<<<<<<<<<<<<<<< 0
[19:30:11] broad >>>>>>>>>>>>>>>>>>>>>>>>>>>>>>> message 66 size 75
[19:30:22] recv  65 <<<<<<<<<<<<<<<<<<<<<<<<<<<<<<< 2
[19:30:22] broad >>>>>>>>>>>>>>>>>>>>>>>>>>>>>>> message 66 size 75
[19:30:22] broad >>>>>>>>>>>>>>>>>>>>>>>>>>>>>>> message 76 size 12
[19:30:30] recv  68 <<<<<<<<<<<<<<<<<<<<<<<<<<<<<<< 1
[19:30:30] broad >>>>>>>>>>>>>>>>>>>>>>>>>>>>>>> message 69 size 4
[19:30:34] recv  65 <<<<<<<<<<<<<<<<<<<<<<<<<<<<<<< 0
[19:30:34] broad >>>>>>>>>>>>>>>>>>>>>>>>>>>>>>> message 66 size 75
[19:30:34] broad >>>>>>>>>>>>>>>>>>>>>>>>>>>>>>> message 76 size 12
[19:30:38] recv  68 <<<<<<<<<<<<<<<<<<<<<<<<<<<<<<< 2
[19:30:38] broad >>>>>>>>>>>>>>>>>>>>>>>>>>>>>>> message 69 size 4
[19:30:39] recv  68 <<<<<<<<<<<<<<<<<<<<<<<<<<<<<<< 1
[19:30:39] broad >>>>>>>>>>>>>>>>>>>>>>>>>>>>>>> message 69 size 4
[19:30:39] broad >>>>>>>>>>>>>>>>>>>>>>>>>>>>>>> message 64 size 1
[19:30:40] recv  65 <<<<<<<<<<<<<<<<<<<<<<<<<<<<<<< 0
[19:30:40] broad >>>>>>>>>>>>>>>>>>>>>>>>>>>>>>> message 66 size 75
[19:30:41] broad >>>>>>>>>>>>>>>>>>>>>>>>>>>>>>> message 73 size 154
[19:30:41] *****************游戏结束***************
[19:31:22] broad >>>>>>>>>>>>>>>>>>>>>>>>>>>>>>> message 74 size 87
