[19:7:24] 0:22516 netcut
[19:10:24] 0:22516 netcut
[19:18:7] *****************游戏开始***************
[19:18:7] broad >>>>>>>>>>>>>>>>>>>>>>>>>>>>>>> message 51 size 3
[19:18:7] send >>>>>>>>>>>>>>>>>>>>>>>>>>>>>>> 0 message 52 size 72
[19:18:7] send >>>>>>>>>>>>>>>>>>>>>>>>>>>>>>> 1 message 52 size 72
[19:18:7] send >>>>>>>>>>>>>>>>>>>>>>>>>>>>>>> 2 message 52 size 72
[19:18:7] send >>>>>>>>>>>>>>>>>>>>>>>>>>>>>>> 0 message 60 size 1
[19:18:7] send >>>>>>>>>>>>>>>>>>>>>>>>>>>>>>> 1 message 60 size 1
[19:18:7] send >>>>>>>>>>>>>>>>>>>>>>>>>>>>>>> 2 message 60 size 1
[19:18:12] broad >>>>>>>>>>>>>>>>>>>>>>>>>>>>>>> message 55 size 5
[19:18:21] recv  56 <<<<<<<<<<<<<<<<<<<<<<<<<<<<<<< 1
[19:18:21] broad >>>>>>>>>>>>>>>>>>>>>>>>>>>>>>> message 56 size 5
[19:18:21] broad >>>>>>>>>>>>>>>>>>>>>>>>>>>>>>> message 55 size 5
[19:18:24] recv  56 <<<<<<<<<<<<<<<<<<<<<<<<<<<<<<< 0
[19:18:24] broad >>>>>>>>>>>>>>>>>>>>>>>>>>>>>>> message 56 size 5
[19:18:24] broad >>>>>>>>>>>>>>>>>>>>>>>>>>>>>>> message 55 size 5
[19:18:26] recv  56 <<<<<<<<<<<<<<<<<<<<<<<<<<<<<<< 2
[19:18:26] broad >>>>>>>>>>>>>>>>>>>>>>>>>>>>>>> message 56 size 5
[19:18:26] broad >>>>>>>>>>>>>>>>>>>>>>>>>>>>>>> message 76 size 12
[19:18:27] send >>>>>>>>>>>>>>>>>>>>>>>>>>>>>>> 0 message 57 size 80
[19:18:27] send >>>>>>>>>>>>>>>>>>>>>>>>>>>>>>> 1 message 57 size 80
[19:18:27] send >>>>>>>>>>>>>>>>>>>>>>>>>>>>>>> 2 message 57 size 80
[19:18:27] broad >>>>>>>>>>>>>>>>>>>>>>>>>>>>>>> message 76 size 12
[19:18:27] send >>>>>>>>>>>>>>>>>>>>>>>>>>>>>>> 0 message 58 size 1
[19:18:27] send >>>>>>>>>>>>>>>>>>>>>>>>>>>>>>> 1 message 58 size 1
[19:18:27] send >>>>>>>>>>>>>>>>>>>>>>>>>>>>>>> 2 message 58 size 1
[19:18:28] recv  59 <<<<<<<<<<<<<<<<<<<<<<<<<<<<<<< 0
[19:18:28] broad >>>>>>>>>>>>>>>>>>>>>>>>>>>>>>> message 59 size 5
[19:18:28] broad >>>>>>>>>>>>>>>>>>>>>>>>>>>>>>> message 76 size 12
[19:18:31] recv  59 <<<<<<<<<<<<<<<<<<<<<<<<<<<<<<< 1
[19:18:31] broad >>>>>>>>>>>>>>>>>>>>>>>>>>>>>>> message 59 size 5
[19:18:31] broad >>>>>>>>>>>>>>>>>>>>>>>>>>>>>>> message 76 size 12
[19:18:37] broad >>>>>>>>>>>>>>>>>>>>>>>>>>>>>>> message 59 size 5
[19:18:37] broad >>>>>>>>>>>>>>>>>>>>>>>>>>>>>>> message 76 size 12
[19:18:37] broad >>>>>>>>>>>>>>>>>>>>>>>>>>>>>>> message 60 size 1
[19:18:47] broad >>>>>>>>>>>>>>>>>>>>>>>>>>>>>>> message 64 size 1
[19:18:49] recv  65 <<<<<<<<<<<<<<<<<<<<<<<<<<<<<<< 2
[19:18:49] broad >>>>>>>>>>>>>>>>>>>>>>>>>>>>>>> message 66 size 75
[19:18:57] recv  65 <<<<<<<<<<<<<<<<<<<<<<<<<<<<<<< 1
[19:18:57] broad >>>>>>>>>>>>>>>>>>>>>>>>>>>>>>> message 66 size 75
[19:18:59] recv  70 <<<<<<<<<<<<<<<<<<<<<<<<<<<<<<< 0
[19:18:59] send >>>>>>>>>>>>>>>>>>>>>>>>>>>>>>> 0 message 71 size 964
[19:19:0] recv  65 <<<<<<<<<<<<<<<<<<<<<<<<<<<<<<< 0
[19:19:0] broad >>>>>>>>>>>>>>>>>>>>>>>>>>>>>>> message 66 size 75
[19:19:2] recv  65 <<<<<<<<<<<<<<<<<<<<<<<<<<<<<<< 2
[19:19:2] broad >>>>>>>>>>>>>>>>>>>>>>>>>>>>>>> message 66 size 75
[19:19:11] recv  68 <<<<<<<<<<<<<<<<<<<<<<<<<<<<<<< 1
[19:19:11] broad >>>>>>>>>>>>>>>>>>>>>>>>>>>>>>> message 69 size 4
[19:19:12] recv  70 <<<<<<<<<<<<<<<<<<<<<<<<<<<<<<< 0
[19:19:12] send >>>>>>>>>>>>>>>>>>>>>>>>>>>>>>> 0 message 71 size 964
[19:19:13] recv  65 <<<<<<<<<<<<<<<<<<<<<<<<<<<<<<< 0
[19:19:13] broad >>>>>>>>>>>>>>>>>>>>>>>>>>>>>>> message 66 size 75
[19:19:15] recv  65 <<<<<<<<<<<<<<<<<<<<<<<<<<<<<<< 2
[19:19:15] broad >>>>>>>>>>>>>>>>>>>>>>>>>>>>>>> message 66 size 75
[19:19:18] recv  68 <<<<<<<<<<<<<<<<<<<<<<<<<<<<<<< 1
[19:19:18] broad >>>>>>>>>>>>>>>>>>>>>>>>>>>>>>> message 69 size 4
[19:19:19] recv  70 <<<<<<<<<<<<<<<<<<<<<<<<<<<<<<< 0
[19:19:19] send >>>>>>>>>>>>>>>>>>>>>>>>>>>>>>> 0 message 71 size 964
[19:19:19] recv  65 <<<<<<<<<<<<<<<<<<<<<<<<<<<<<<< 0
[19:19:19] broad >>>>>>>>>>>>>>>>>>>>>>>>>>>>>>> message 66 size 75
[19:19:23] recv  65 <<<<<<<<<<<<<<<<<<<<<<<<<<<<<<< 2
[19:19:23] broad >>>>>>>>>>>>>>>>>>>>>>>>>>>>>>> message 66 size 75
[19:19:25] recv  68 <<<<<<<<<<<<<<<<<<<<<<<<<<<<<<< 1
[19:19:25] broad >>>>>>>>>>>>>>>>>>>>>>>>>>>>>>> message 69 size 4
[19:19:26] recv  70 <<<<<<<<<<<<<<<<<<<<<<<<<<<<<<< 0
[19:19:26] send >>>>>>>>>>>>>>>>>>>>>>>>>>>>>>> 0 message 71 size 964
[19:19:27] recv  65 <<<<<<<<<<<<<<<<<<<<<<<<<<<<<<< 0
[19:19:27] broad >>>>>>>>>>>>>>>>>>>>>>>>>>>>>>> message 66 size 75
[19:19:29] recv  65 <<<<<<<<<<<<<<<<<<<<<<<<<<<<<<< 2
[19:19:29] broad >>>>>>>>>>>>>>>>>>>>>>>>>>>>>>> message 66 size 75
[19:19:32] recv  68 <<<<<<<<<<<<<<<<<<<<<<<<<<<<<<< 1
[19:19:32] broad >>>>>>>>>>>>>>>>>>>>>>>>>>>>>>> message 69 size 4
[19:19:33] recv  70 <<<<<<<<<<<<<<<<<<<<<<<<<<<<<<< 0
[19:19:33] send >>>>>>>>>>>>>>>>>>>>>>>>>>>>>>> 0 message 71 size 964
[19:19:34] recv  65 <<<<<<<<<<<<<<<<<<<<<<<<<<<<<<< 0
[19:19:34] broad >>>>>>>>>>>>>>>>>>>>>>>>>>>>>>> message 66 size 75
[19:19:35] recv  68 <<<<<<<<<<<<<<<<<<<<<<<<<<<<<<< 2
[19:19:35] broad >>>>>>>>>>>>>>>>>>>>>>>>>>>>>>> message 69 size 4
[19:19:37] recv  68 <<<<<<<<<<<<<<<<<<<<<<<<<<<<<<< 1
[19:19:37] broad >>>>>>>>>>>>>>>>>>>>>>>>>>>>>>> message 69 size 4
[19:19:37] broad >>>>>>>>>>>>>>>>>>>>>>>>>>>>>>> message 64 size 1
[19:19:39] recv  65 <<<<<<<<<<<<<<<<<<<<<<<<<<<<<<< 0
[19:19:39] broad >>>>>>>>>>>>>>>>>>>>>>>>>>>>>>> message 66 size 75
[19:19:42] recv  65 <<<<<<<<<<<<<<<<<<<<<<<<<<<<<<< 2
[19:19:42] broad >>>>>>>>>>>>>>>>>>>>>>>>>>>>>>> message 66 size 75
[19:19:46] recv  65 <<<<<<<<<<<<<<<<<<<<<<<<<<<<<<< 1
[19:19:46] broad >>>>>>>>>>>>>>>>>>>>>>>>>>>>>>> message 66 size 75
[19:19:48] recv  68 <<<<<<<<<<<<<<<<<<<<<<<<<<<<<<< 0
[19:19:48] broad >>>>>>>>>>>>>>>>>>>>>>>>>>>>>>> message 69 size 4
[19:19:50] recv  65 <<<<<<<<<<<<<<<<<<<<<<<<<<<<<<< 2
[19:19:50] broad >>>>>>>>>>>>>>>>>>>>>>>>>>>>>>> message 66 size 75
[19:19:54] recv  68 <<<<<<<<<<<<<<<<<<<<<<<<<<<<<<< 1
[19:19:54] broad >>>>>>>>>>>>>>>>>>>>>>>>>>>>>>> message 69 size 4
[19:19:56] recv  70 <<<<<<<<<<<<<<<<<<<<<<<<<<<<<<< 0
[19:19:56] send >>>>>>>>>>>>>>>>>>>>>>>>>>>>>>> 0 message 71 size 964
[19:19:57] recv  65 <<<<<<<<<<<<<<<<<<<<<<<<<<<<<<< 0
[19:19:57] broad >>>>>>>>>>>>>>>>>>>>>>>>>>>>>>> message 66 size 75
[19:19:58] recv  68 <<<<<<<<<<<<<<<<<<<<<<<<<<<<<<< 2
[19:19:58] broad >>>>>>>>>>>>>>>>>>>>>>>>>>>>>>> message 69 size 4
[19:20:1] recv  68 <<<<<<<<<<<<<<<<<<<<<<<<<<<<<<< 1
[19:20:1] broad >>>>>>>>>>>>>>>>>>>>>>>>>>>>>>> message 69 size 4
[19:20:1] broad >>>>>>>>>>>>>>>>>>>>>>>>>>>>>>> message 64 size 1
[19:20:3] recv  65 <<<<<<<<<<<<<<<<<<<<<<<<<<<<<<< 0
[19:20:3] send >>>>>>>>>>>>>>>>>>>>>>>>>>>>>>> 0 message 72 size 0
[19:20:5] recv  65 <<<<<<<<<<<<<<<<<<<<<<<<<<<<<<< 0
[19:20:5] broad >>>>>>>>>>>>>>>>>>>>>>>>>>>>>>> message 66 size 75
[19:20:6] recv  65 <<<<<<<<<<<<<<<<<<<<<<<<<<<<<<< 2
[19:20:6] broad >>>>>>>>>>>>>>>>>>>>>>>>>>>>>>> message 66 size 75
[19:20:10] recv  65 <<<<<<<<<<<<<<<<<<<<<<<<<<<<<<< 1
[19:20:10] broad >>>>>>>>>>>>>>>>>>>>>>>>>>>>>>> message 66 size 75
[19:20:12] recv  70 <<<<<<<<<<<<<<<<<<<<<<<<<<<<<<< 0
[19:20:12] send >>>>>>>>>>>>>>>>>>>>>>>>>>>>>>> 0 message 71 size 964
[19:20:13] recv  65 <<<<<<<<<<<<<<<<<<<<<<<<<<<<<<< 0
[19:20:13] broad >>>>>>>>>>>>>>>>>>>>>>>>>>>>>>> message 66 size 75
[19:20:14] recv  68 <<<<<<<<<<<<<<<<<<<<<<<<<<<<<<< 2
[19:20:14] broad >>>>>>>>>>>>>>>>>>>>>>>>>>>>>>> message 69 size 4
[19:20:27] recv  65 <<<<<<<<<<<<<<<<<<<<<<<<<<<<<<< 1
[19:20:28] broad >>>>>>>>>>>>>>>>>>>>>>>>>>>>>>> message 66 size 75
[19:20:29] recv  68 <<<<<<<<<<<<<<<<<<<<<<<<<<<<<<< 0
[19:20:29] broad >>>>>>>>>>>>>>>>>>>>>>>>>>>>>>> message 69 size 4
[19:20:30] recv  68 <<<<<<<<<<<<<<<<<<<<<<<<<<<<<<< 2
[19:20:30] broad >>>>>>>>>>>>>>>>>>>>>>>>>>>>>>> message 69 size 4
[19:20:30] broad >>>>>>>>>>>>>>>>>>>>>>>>>>>>>>> message 64 size 1
[19:20:37] recv  65 <<<<<<<<<<<<<<<<<<<<<<<<<<<<<<< 1
[19:20:37] broad >>>>>>>>>>>>>>>>>>>>>>>>>>>>>>> message 66 size 75
[19:20:41] recv  68 <<<<<<<<<<<<<<<<<<<<<<<<<<<<<<< 0
[19:20:41] broad >>>>>>>>>>>>>>>>>>>>>>>>>>>>>>> message 69 size 4
[19:20:42] recv  68 <<<<<<<<<<<<<<<<<<<<<<<<<<<<<<< 2
[19:20:42] broad >>>>>>>>>>>>>>>>>>>>>>>>>>>>>>> message 69 size 4
[19:20:42] broad >>>>>>>>>>>>>>>>>>>>>>>>>>>>>>> message 64 size 1
[19:20:44] recv  65 <<<<<<<<<<<<<<<<<<<<<<<<<<<<<<< 1
[19:20:44] broad >>>>>>>>>>>>>>>>>>>>>>>>>>>>>>> message 66 size 75
[19:20:46] recv  68 <<<<<<<<<<<<<<<<<<<<<<<<<<<<<<< 0
[19:20:46] broad >>>>>>>>>>>>>>>>>>>>>>>>>>>>>>> message 69 size 4
[19:20:48] recv  65 <<<<<<<<<<<<<<<<<<<<<<<<<<<<<<< 2
[19:20:48] broad >>>>>>>>>>>>>>>>>>>>>>>>>>>>>>> message 66 size 75
[19:20:50] recv  65 <<<<<<<<<<<<<<<<<<<<<<<<<<<<<<< 1
[19:20:50] broad >>>>>>>>>>>>>>>>>>>>>>>>>>>>>>> message 66 size 75
[19:20:52] recv  68 <<<<<<<<<<<<<<<<<<<<<<<<<<<<<<< 0
[19:20:52] broad >>>>>>>>>>>>>>>>>>>>>>>>>>>>>>> message 69 size 4
[19:20:53] recv  68 <<<<<<<<<<<<<<<<<<<<<<<<<<<<<<< 2
[19:20:53] broad >>>>>>>>>>>>>>>>>>>>>>>>>>>>>>> message 69 size 4
[19:20:53] broad >>>>>>>>>>>>>>>>>>>>>>>>>>>>>>> message 64 size 1
[19:20:56] recv  65 <<<<<<<<<<<<<<<<<<<<<<<<<<<<<<< 1
[19:20:56] broad >>>>>>>>>>>>>>>>>>>>>>>>>>>>>>> message 66 size 75
[19:20:56] broad >>>>>>>>>>>>>>>>>>>>>>>>>>>>>>> message 73 size 154
[19:20:56] *****************游戏结束***************
[19:21:12] broad >>>>>>>>>>>>>>>>>>>>>>>>>>>>>>> message 74 size 87
