[13:42:50] *****************游戏开始***************
[13:42:50] broad >>>>>>>>>>>>>>>>>>>>>>>>>>>>>>> message 51 size 3
[13:42:50] send >>>>>>>>>>>>>>>>>>>>>>>>>>>>>>> 0 message 52 size 72
[13:42:50] send >>>>>>>>>>>>>>>>>>>>>>>>>>>>>>> 1 message 52 size 72
[13:42:50] send >>>>>>>>>>>>>>>>>>>>>>>>>>>>>>> 2 message 52 size 72
[13:42:50] send >>>>>>>>>>>>>>>>>>>>>>>>>>>>>>> 0 message 60 size 1
[13:42:50] send >>>>>>>>>>>>>>>>>>>>>>>>>>>>>>> 1 message 60 size 1
[13:42:50] send >>>>>>>>>>>>>>>>>>>>>>>>>>>>>>> 2 message 60 size 1
[13:42:55] broad >>>>>>>>>>>>>>>>>>>>>>>>>>>>>>> message 55 size 5
[13:42:57] recv  56 <<<<<<<<<<<<<<<<<<<<<<<<<<<<<<< 0
[13:42:57] broad >>>>>>>>>>>>>>>>>>>>>>>>>>>>>>> message 56 size 5
[13:42:57] broad >>>>>>>>>>>>>>>>>>>>>>>>>>>>>>> message 76 size 12
[13:42:57] broad >>>>>>>>>>>>>>>>>>>>>>>>>>>>>>> message 55 size 5
[13:43:0] recv  56 <<<<<<<<<<<<<<<<<<<<<<<<<<<<<<< 2
[13:43:0] broad >>>>>>>>>>>>>>>>>>>>>>>>>>>>>>> message 56 size 5
[13:43:0] broad >>>>>>>>>>>>>>>>>>>>>>>>>>>>>>> message 55 size 5
[13:43:3] recv  56 <<<<<<<<<<<<<<<<<<<<<<<<<<<<<<< 1
[13:43:3] broad >>>>>>>>>>>>>>>>>>>>>>>>>>>>>>> message 56 size 5
[13:43:3] broad >>>>>>>>>>>>>>>>>>>>>>>>>>>>>>> message 76 size 12
[13:43:3] broad >>>>>>>>>>>>>>>>>>>>>>>>>>>>>>> message 55 size 5
[13:43:4] recv  56 <<<<<<<<<<<<<<<<<<<<<<<<<<<<<<< 0
[13:43:4] broad >>>>>>>>>>>>>>>>>>>>>>>>>>>>>>> message 56 size 5
[13:43:4] broad >>>>>>>>>>>>>>>>>>>>>>>>>>>>>>> message 76 size 12
[13:43:5] send >>>>>>>>>>>>>>>>>>>>>>>>>>>>>>> 0 message 57 size 80
[13:43:5] send >>>>>>>>>>>>>>>>>>>>>>>>>>>>>>> 1 message 57 size 80
[13:43:5] send >>>>>>>>>>>>>>>>>>>>>>>>>>>>>>> 2 message 57 size 80
[13:43:5] broad >>>>>>>>>>>>>>>>>>>>>>>>>>>>>>> message 76 size 12
[13:43:5] send >>>>>>>>>>>>>>>>>>>>>>>>>>>>>>> 0 message 58 size 1
[13:43:5] send >>>>>>>>>>>>>>>>>>>>>>>>>>>>>>> 1 message 58 size 1
[13:43:5] send >>>>>>>>>>>>>>>>>>>>>>>>>>>>>>> 2 message 58 size 1
[13:43:7] recv  59 <<<<<<<<<<<<<<<<<<<<<<<<<<<<<<< 1
[13:43:7] broad >>>>>>>>>>>>>>>>>>>>>>>>>>>>>>> message 59 size 5
[13:43:7] broad >>>>>>>>>>>>>>>>>>>>>>>>>>>>>>> message 76 size 12
[13:43:8] recv  59 <<<<<<<<<<<<<<<<<<<<<<<<<<<<<<< 0
[13:43:8] broad >>>>>>>>>>>>>>>>>>>>>>>>>>>>>>> message 59 size 5
[13:43:8] broad >>>>>>>>>>>>>>>>>>>>>>>>>>>>>>> message 76 size 12
[13:43:10] recv  59 <<<<<<<<<<<<<<<<<<<<<<<<<<<<<<< 2
[13:43:10] broad >>>>>>>>>>>>>>>>>>>>>>>>>>>>>>> message 59 size 5
[13:43:10] broad >>>>>>>>>>>>>>>>>>>>>>>>>>>>>>> message 76 size 12
[13:43:10] broad >>>>>>>>>>>>>>>>>>>>>>>>>>>>>>> message 60 size 1
[13:43:20] broad >>>>>>>>>>>>>>>>>>>>>>>>>>>>>>> message 64 size 1
[13:43:30] recv  70 <<<<<<<<<<<<<<<<<<<<<<<<<<<<<<< 0
[13:43:30] send >>>>>>>>>>>>>>>>>>>>>>>>>>>>>>> 0 message 71 size 964
[13:43:31] recv  65 <<<<<<<<<<<<<<<<<<<<<<<<<<<<<<< 0
[13:43:31] broad >>>>>>>>>>>>>>>>>>>>>>>>>>>>>>> message 66 size 75
[13:43:35] recv  65 <<<<<<<<<<<<<<<<<<<<<<<<<<<<<<< 2
[13:43:35] broad >>>>>>>>>>>>>>>>>>>>>>>>>>>>>>> message 66 size 75
[13:43:46] recv  65 <<<<<<<<<<<<<<<<<<<<<<<<<<<<<<< 1
[13:43:46] broad >>>>>>>>>>>>>>>>>>>>>>>>>>>>>>> message 66 size 75
[13:43:51] recv  65 <<<<<<<<<<<<<<<<<<<<<<<<<<<<<<< 0
[13:43:51] broad >>>>>>>>>>>>>>>>>>>>>>>>>>>>>>> message 66 size 75
[13:43:57] recv  65 <<<<<<<<<<<<<<<<<<<<<<<<<<<<<<< 2
[13:43:57] broad >>>>>>>>>>>>>>>>>>>>>>>>>>>>>>> message 66 size 75
[13:43:59] recv  68 <<<<<<<<<<<<<<<<<<<<<<<<<<<<<<< 1
[13:43:59] broad >>>>>>>>>>>>>>>>>>>>>>>>>>>>>>> message 69 size 4
[13:44:6] recv  70 <<<<<<<<<<<<<<<<<<<<<<<<<<<<<<< 0
[13:44:6] send >>>>>>>>>>>>>>>>>>>>>>>>>>>>>>> 0 message 71 size 964
[13:44:7] recv  65 <<<<<<<<<<<<<<<<<<<<<<<<<<<<<<< 0
[13:44:7] broad >>>>>>>>>>>>>>>>>>>>>>>>>>>>>>> message 66 size 75
[13:44:10] recv  65 <<<<<<<<<<<<<<<<<<<<<<<<<<<<<<< 2
[13:44:10] broad >>>>>>>>>>>>>>>>>>>>>>>>>>>>>>> message 66 size 75
[13:44:12] recv  65 <<<<<<<<<<<<<<<<<<<<<<<<<<<<<<< 1
[13:44:12] send >>>>>>>>>>>>>>>>>>>>>>>>>>>>>>> 1 message 72 size 0
[13:44:14] recv  70 <<<<<<<<<<<<<<<<<<<<<<<<<<<<<<< 1
[13:44:14] send >>>>>>>>>>>>>>>>>>>>>>>>>>>>>>> 1 message 71 size 964
[13:44:14] recv  68 <<<<<<<<<<<<<<<<<<<<<<<<<<<<<<< 1
[13:44:14] broad >>>>>>>>>>>>>>>>>>>>>>>>>>>>>>> message 69 size 4
[13:44:17] recv  68 <<<<<<<<<<<<<<<<<<<<<<<<<<<<<<< 0
[13:44:17] broad >>>>>>>>>>>>>>>>>>>>>>>>>>>>>>> message 69 size 4
[13:44:17] broad >>>>>>>>>>>>>>>>>>>>>>>>>>>>>>> message 64 size 1
[13:44:19] recv  65 <<<<<<<<<<<<<<<<<<<<<<<<<<<<<<< 2
[13:44:19] broad >>>>>>>>>>>>>>>>>>>>>>>>>>>>>>> message 66 size 75
[13:44:24] recv  65 <<<<<<<<<<<<<<<<<<<<<<<<<<<<<<< 1
[13:44:24] broad >>>>>>>>>>>>>>>>>>>>>>>>>>>>>>> message 66 size 75
[13:44:33] recv  65 <<<<<<<<<<<<<<<<<<<<<<<<<<<<<<< 0
[13:44:33] broad >>>>>>>>>>>>>>>>>>>>>>>>>>>>>>> message 66 size 75
[13:44:35] recv  65 <<<<<<<<<<<<<<<<<<<<<<<<<<<<<<< 2
[13:44:35] broad >>>>>>>>>>>>>>>>>>>>>>>>>>>>>>> message 66 size 75
[13:44:39] recv  70 <<<<<<<<<<<<<<<<<<<<<<<<<<<<<<< 1
[13:44:39] send >>>>>>>>>>>>>>>>>>>>>>>>>>>>>>> 1 message 71 size 964
[13:44:39] recv  68 <<<<<<<<<<<<<<<<<<<<<<<<<<<<<<< 1
[13:44:39] broad >>>>>>>>>>>>>>>>>>>>>>>>>>>>>>> message 69 size 4
[13:44:41] recv  68 <<<<<<<<<<<<<<<<<<<<<<<<<<<<<<< 0
[13:44:41] broad >>>>>>>>>>>>>>>>>>>>>>>>>>>>>>> message 69 size 4
[13:44:41] broad >>>>>>>>>>>>>>>>>>>>>>>>>>>>>>> message 64 size 1
[13:44:46] recv  65 <<<<<<<<<<<<<<<<<<<<<<<<<<<<<<< 2
[13:44:46] broad >>>>>>>>>>>>>>>>>>>>>>>>>>>>>>> message 66 size 75
[13:44:49] recv  70 <<<<<<<<<<<<<<<<<<<<<<<<<<<<<<< 1
[13:44:49] send >>>>>>>>>>>>>>>>>>>>>>>>>>>>>>> 1 message 71 size 964
[13:44:49] recv  68 <<<<<<<<<<<<<<<<<<<<<<<<<<<<<<< 1
[13:44:49] broad >>>>>>>>>>>>>>>>>>>>>>>>>>>>>>> message 69 size 4
[13:44:51] recv  68 <<<<<<<<<<<<<<<<<<<<<<<<<<<<<<< 0
[13:44:51] broad >>>>>>>>>>>>>>>>>>>>>>>>>>>>>>> message 69 size 4
[13:44:51] broad >>>>>>>>>>>>>>>>>>>>>>>>>>>>>>> message 64 size 1
[13:44:53] recv  65 <<<<<<<<<<<<<<<<<<<<<<<<<<<<<<< 2
[13:44:53] broad >>>>>>>>>>>>>>>>>>>>>>>>>>>>>>> message 66 size 75
[13:44:59] recv  65 <<<<<<<<<<<<<<<<<<<<<<<<<<<<<<< 1
[13:44:59] broad >>>>>>>>>>>>>>>>>>>>>>>>>>>>>>> message 66 size 75
[13:45:1] recv  68 <<<<<<<<<<<<<<<<<<<<<<<<<<<<<<< 0
[13:45:1] broad >>>>>>>>>>>>>>>>>>>>>>>>>>>>>>> message 69 size 4
[13:45:4] recv  65 <<<<<<<<<<<<<<<<<<<<<<<<<<<<<<< 2
[13:45:4] broad >>>>>>>>>>>>>>>>>>>>>>>>>>>>>>> message 66 size 75
[13:45:5] broad >>>>>>>>>>>>>>>>>>>>>>>>>>>>>>> message 73 size 154
[13:45:5] *****************游戏结束***************
[13:45:15] *****************游戏开始***************
[13:45:15] broad >>>>>>>>>>>>>>>>>>>>>>>>>>>>>>> message 51 size 3
[13:45:15] send >>>>>>>>>>>>>>>>>>>>>>>>>>>>>>> 0 message 52 size 72
[13:45:15] send >>>>>>>>>>>>>>>>>>>>>>>>>>>>>>> 1 message 52 size 72
[13:45:15] send >>>>>>>>>>>>>>>>>>>>>>>>>>>>>>> 2 message 52 size 72
[13:45:15] send >>>>>>>>>>>>>>>>>>>>>>>>>>>>>>> 0 message 60 size 1
[13:45:15] send >>>>>>>>>>>>>>>>>>>>>>>>>>>>>>> 1 message 60 size 1
[13:45:15] send >>>>>>>>>>>>>>>>>>>>>>>>>>>>>>> 2 message 60 size 1
[13:45:20] broad >>>>>>>>>>>>>>>>>>>>>>>>>>>>>>> message 55 size 5
[13:45:22] recv  56 <<<<<<<<<<<<<<<<<<<<<<<<<<<<<<< 2
[13:45:22] broad >>>>>>>>>>>>>>>>>>>>>>>>>>>>>>> message 56 size 5
[13:45:22] broad >>>>>>>>>>>>>>>>>>>>>>>>>>>>>>> message 76 size 12
[13:45:22] broad >>>>>>>>>>>>>>>>>>>>>>>>>>>>>>> message 55 size 5
[13:45:24] recv  56 <<<<<<<<<<<<<<<<<<<<<<<<<<<<<<< 1
[13:45:24] broad >>>>>>>>>>>>>>>>>>>>>>>>>>>>>>> message 56 size 5
[13:45:24] broad >>>>>>>>>>>>>>>>>>>>>>>>>>>>>>> message 76 size 12
[13:45:24] broad >>>>>>>>>>>>>>>>>>>>>>>>>>>>>>> message 55 size 5
[13:45:25] recv  56 <<<<<<<<<<<<<<<<<<<<<<<<<<<<<<< 0
[13:45:25] broad >>>>>>>>>>>>>>>>>>>>>>>>>>>>>>> message 56 size 5
[13:45:25] broad >>>>>>>>>>>>>>>>>>>>>>>>>>>>>>> message 76 size 12
[13:45:25] broad >>>>>>>>>>>>>>>>>>>>>>>>>>>>>>> message 55 size 5
[13:45:27] recv  56 <<<<<<<<<<<<<<<<<<<<<<<<<<<<<<< 2
[13:45:27] broad >>>>>>>>>>>>>>>>>>>>>>>>>>>>>>> message 56 size 5
[13:45:27] broad >>>>>>>>>>>>>>>>>>>>>>>>>>>>>>> message 76 size 12
[13:45:28] broad >>>>>>>>>>>>>>>>>>>>>>>>>>>>>>> message 76 size 12
[13:45:28] send >>>>>>>>>>>>>>>>>>>>>>>>>>>>>>> 0 message 57 size 80
[13:45:28] send >>>>>>>>>>>>>>>>>>>>>>>>>>>>>>> 1 message 57 size 80
[13:45:28] send >>>>>>>>>>>>>>>>>>>>>>>>>>>>>>> 2 message 57 size 80
[13:45:28] broad >>>>>>>>>>>>>>>>>>>>>>>>>>>>>>> message 76 size 12
[13:45:28] send >>>>>>>>>>>>>>>>>>>>>>>>>>>>>>> 0 message 58 size 1
[13:45:28] send >>>>>>>>>>>>>>>>>>>>>>>>>>>>>>> 1 message 58 size 1
[13:45:28] send >>>>>>>>>>>>>>>>>>>>>>>>>>>>>>> 2 message 58 size 1
[13:45:31] recv  59 <<<<<<<<<<<<<<<<<<<<<<<<<<<<<<< 2
[13:45:31] broad >>>>>>>>>>>>>>>>>>>>>>>>>>>>>>> message 59 size 5
[13:45:31] broad >>>>>>>>>>>>>>>>>>>>>>>>>>>>>>> message 76 size 12
[13:45:31] recv  59 <<<<<<<<<<<<<<<<<<<<<<<<<<<<<<< 1
[13:45:31] broad >>>>>>>>>>>>>>>>>>>>>>>>>>>>>>> message 59 size 5
[13:45:31] broad >>>>>>>>>>>>>>>>>>>>>>>>>>>>>>> message 76 size 12
[13:45:33] recv  59 <<<<<<<<<<<<<<<<<<<<<<<<<<<<<<< 0
[13:45:33] broad >>>>>>>>>>>>>>>>>>>>>>>>>>>>>>> message 59 size 5
[13:45:33] broad >>>>>>>>>>>>>>>>>>>>>>>>>>>>>>> message 76 size 12
[13:45:33] broad >>>>>>>>>>>>>>>>>>>>>>>>>>>>>>> message 60 size 1
[13:45:44] broad >>>>>>>>>>>>>>>>>>>>>>>>>>>>>>> message 64 size 1
[13:45:49] recv  65 <<<<<<<<<<<<<<<<<<<<<<<<<<<<<<< 2
[13:45:49] broad >>>>>>>>>>>>>>>>>>>>>>>>>>>>>>> message 66 size 75
[13:45:51] recv  70 <<<<<<<<<<<<<<<<<<<<<<<<<<<<<<< 1
[13:45:51] send >>>>>>>>>>>>>>>>>>>>>>>>>>>>>>> 1 message 71 size 964
[13:45:51] recv  68 <<<<<<<<<<<<<<<<<<<<<<<<<<<<<<< 1
[13:45:51] broad >>>>>>>>>>>>>>>>>>>>>>>>>>>>>>> message 69 size 4
[13:45:55] recv  70 <<<<<<<<<<<<<<<<<<<<<<<<<<<<<<< 0
[13:45:55] send >>>>>>>>>>>>>>>>>>>>>>>>>>>>>>> 0 message 71 size 964
[13:45:56] recv  68 <<<<<<<<<<<<<<<<<<<<<<<<<<<<<<< 0
[13:45:56] broad >>>>>>>>>>>>>>>>>>>>>>>>>>>>>>> message 69 size 4
[13:45:56] broad >>>>>>>>>>>>>>>>>>>>>>>>>>>>>>> message 64 size 1
[13:45:58] recv  65 <<<<<<<<<<<<<<<<<<<<<<<<<<<<<<< 2
[13:45:58] broad >>>>>>>>>>>>>>>>>>>>>>>>>>>>>>> message 66 size 75
[13:46:0] recv  70 <<<<<<<<<<<<<<<<<<<<<<<<<<<<<<< 1
[13:46:0] send >>>>>>>>>>>>>>>>>>>>>>>>>>>>>>> 1 message 71 size 964
[13:46:1] recv  65 <<<<<<<<<<<<<<<<<<<<<<<<<<<<<<< 1
[13:46:1] broad >>>>>>>>>>>>>>>>>>>>>>>>>>>>>>> message 66 size 75
[13:46:3] recv  70 <<<<<<<<<<<<<<<<<<<<<<<<<<<<<<< 0
[13:46:3] send >>>>>>>>>>>>>>>>>>>>>>>>>>>>>>> 0 message 71 size 964
[13:46:4] recv  65 <<<<<<<<<<<<<<<<<<<<<<<<<<<<<<< 0
[13:46:4] broad >>>>>>>>>>>>>>>>>>>>>>>>>>>>>>> message 66 size 75
[13:46:7] recv  65 <<<<<<<<<<<<<<<<<<<<<<<<<<<<<<< 2
[13:46:7] broad >>>>>>>>>>>>>>>>>>>>>>>>>>>>>>> message 66 size 75
[13:46:10] recv  70 <<<<<<<<<<<<<<<<<<<<<<<<<<<<<<< 1
[13:46:10] send >>>>>>>>>>>>>>>>>>>>>>>>>>>>>>> 1 message 71 size 964
[13:46:10] recv  68 <<<<<<<<<<<<<<<<<<<<<<<<<<<<<<< 1
[13:46:10] broad >>>>>>>>>>>>>>>>>>>>>>>>>>>>>>> message 69 size 4
[13:46:13] recv  68 <<<<<<<<<<<<<<<<<<<<<<<<<<<<<<< 0
[13:46:13] broad >>>>>>>>>>>>>>>>>>>>>>>>>>>>>>> message 69 size 4
[13:46:13] broad >>>>>>>>>>>>>>>>>>>>>>>>>>>>>>> message 64 size 1
[13:46:16] recv  65 <<<<<<<<<<<<<<<<<<<<<<<<<<<<<<< 2
[13:46:16] broad >>>>>>>>>>>>>>>>>>>>>>>>>>>>>>> message 66 size 75
[13:46:18] recv  70 <<<<<<<<<<<<<<<<<<<<<<<<<<<<<<< 1
[13:46:18] send >>>>>>>>>>>>>>>>>>>>>>>>>>>>>>> 1 message 71 size 964
[13:46:18] recv  68 <<<<<<<<<<<<<<<<<<<<<<<<<<<<<<< 1
[13:46:18] broad >>>>>>>>>>>>>>>>>>>>>>>>>>>>>>> message 69 size 4
[13:46:21] recv  68 <<<<<<<<<<<<<<<<<<<<<<<<<<<<<<< 0
[13:46:21] broad >>>>>>>>>>>>>>>>>>>>>>>>>>>>>>> message 69 size 4
[13:46:21] broad >>>>>>>>>>>>>>>>>>>>>>>>>>>>>>> message 64 size 1
[13:46:24] recv  65 <<<<<<<<<<<<<<<<<<<<<<<<<<<<<<< 2
[13:46:24] broad >>>>>>>>>>>>>>>>>>>>>>>>>>>>>>> message 66 size 75
[13:46:24] broad >>>>>>>>>>>>>>>>>>>>>>>>>>>>>>> message 76 size 12
[13:46:26] recv  70 <<<<<<<<<<<<<<<<<<<<<<<<<<<<<<< 1
[13:46:26] send >>>>>>>>>>>>>>>>>>>>>>>>>>>>>>> 1 message 71 size 964
[13:46:26] recv  68 <<<<<<<<<<<<<<<<<<<<<<<<<<<<<<< 1
[13:46:26] broad >>>>>>>>>>>>>>>>>>>>>>>>>>>>>>> message 69 size 4
[13:46:30] recv  70 <<<<<<<<<<<<<<<<<<<<<<<<<<<<<<< 0
[13:46:30] send >>>>>>>>>>>>>>>>>>>>>>>>>>>>>>> 0 message 71 size 964
[13:46:30] recv  65 <<<<<<<<<<<<<<<<<<<<<<<<<<<<<<< 0
[13:46:30] broad >>>>>>>>>>>>>>>>>>>>>>>>>>>>>>> message 66 size 75
[13:46:30] broad >>>>>>>>>>>>>>>>>>>>>>>>>>>>>>> message 76 size 12
[13:46:32] recv  65 <<<<<<<<<<<<<<<<<<<<<<<<<<<<<<< 2
[13:46:32] broad >>>>>>>>>>>>>>>>>>>>>>>>>>>>>>> message 66 size 75
[13:46:32] broad >>>>>>>>>>>>>>>>>>>>>>>>>>>>>>> message 76 size 12
[13:46:33] broad >>>>>>>>>>>>>>>>>>>>>>>>>>>>>>> message 73 size 154
[13:46:33] broad >>>>>>>>>>>>>>>>>>>>>>>>>>>>>>> message 74 size 87
[13:46:33] *****************游戏结束***************
