[19:21:48] *****************游戏开始***************
[19:21:48] broad >>>>>>>>>>>>>>>>>>>>>>>>>>>>>>> message 51 size 3
[19:21:48] send >>>>>>>>>>>>>>>>>>>>>>>>>>>>>>> 0 message 63 size 74
[19:21:48] send >>>>>>>>>>>>>>>>>>>>>>>>>>>>>>> 1 message 63 size 74
[19:21:48] send >>>>>>>>>>>>>>>>>>>>>>>>>>>>>>> 2 message 63 size 74
[19:21:48] send >>>>>>>>>>>>>>>>>>>>>>>>>>>>>>> 0 message 52 size 72
[19:21:48] send >>>>>>>>>>>>>>>>>>>>>>>>>>>>>>> 1 message 52 size 72
[19:21:48] send >>>>>>>>>>>>>>>>>>>>>>>>>>>>>>> 2 message 52 size 72
[19:21:48] send >>>>>>>>>>>>>>>>>>>>>>>>>>>>>>> 0 message 60 size 1
[19:21:48] send >>>>>>>>>>>>>>>>>>>>>>>>>>>>>>> 1 message 60 size 1
[19:21:48] send >>>>>>>>>>>>>>>>>>>>>>>>>>>>>>> 2 message 60 size 1
[19:21:53] broad >>>>>>>>>>>>>>>>>>>>>>>>>>>>>>> message 55 size 5
[19:21:55] recv  56 <<<<<<<<<<<<<<<<<<<<<<<<<<<<<<< 2
[19:21:55] broad >>>>>>>>>>>>>>>>>>>>>>>>>>>>>>> message 56 size 5
[19:21:55] broad >>>>>>>>>>>>>>>>>>>>>>>>>>>>>>> message 76 size 12
[19:21:55] broad >>>>>>>>>>>>>>>>>>>>>>>>>>>>>>> message 55 size 5
[19:22:5] broad >>>>>>>>>>>>>>>>>>>>>>>>>>>>>>> message 56 size 5
[19:22:5] broad >>>>>>>>>>>>>>>>>>>>>>>>>>>>>>> message 55 size 5
[19:22:6] recv  56 <<<<<<<<<<<<<<<<<<<<<<<<<<<<<<< 0
[19:22:6] broad >>>>>>>>>>>>>>>>>>>>>>>>>>>>>>> message 56 size 5
[19:22:6] broad >>>>>>>>>>>>>>>>>>>>>>>>>>>>>>> message 76 size 12
[19:22:6] broad >>>>>>>>>>>>>>>>>>>>>>>>>>>>>>> message 55 size 5
[19:22:11] recv  56 <<<<<<<<<<<<<<<<<<<<<<<<<<<<<<< 2
[19:22:11] broad >>>>>>>>>>>>>>>>>>>>>>>>>>>>>>> message 56 size 5
[19:22:12] send >>>>>>>>>>>>>>>>>>>>>>>>>>>>>>> 0 message 63 size 74
[19:22:12] send >>>>>>>>>>>>>>>>>>>>>>>>>>>>>>> 1 message 63 size 74
[19:22:12] send >>>>>>>>>>>>>>>>>>>>>>>>>>>>>>> 2 message 63 size 74
[19:22:12] send >>>>>>>>>>>>>>>>>>>>>>>>>>>>>>> 0 message 57 size 80
[19:22:12] send >>>>>>>>>>>>>>>>>>>>>>>>>>>>>>> 1 message 57 size 80
[19:22:12] send >>>>>>>>>>>>>>>>>>>>>>>>>>>>>>> 2 message 57 size 80
[19:22:12] broad >>>>>>>>>>>>>>>>>>>>>>>>>>>>>>> message 76 size 12
[19:22:12] send >>>>>>>>>>>>>>>>>>>>>>>>>>>>>>> 0 message 58 size 1
[19:22:12] send >>>>>>>>>>>>>>>>>>>>>>>>>>>>>>> 1 message 58 size 1
[19:22:12] send >>>>>>>>>>>>>>>>>>>>>>>>>>>>>>> 2 message 58 size 1
[19:22:15] recv  59 <<<<<<<<<<<<<<<<<<<<<<<<<<<<<<< 1
[19:22:15] broad >>>>>>>>>>>>>>>>>>>>>>>>>>>>>>> message 59 size 5
[19:22:15] broad >>>>>>>>>>>>>>>>>>>>>>>>>>>>>>> message 76 size 12
[19:22:17] recv  59 <<<<<<<<<<<<<<<<<<<<<<<<<<<<<<< 2
[19:22:17] broad >>>>>>>>>>>>>>>>>>>>>>>>>>>>>>> message 59 size 5
[19:22:17] broad >>>>>>>>>>>>>>>>>>>>>>>>>>>>>>> message 76 size 12
[19:22:22] broad >>>>>>>>>>>>>>>>>>>>>>>>>>>>>>> message 59 size 5
[19:22:22] broad >>>>>>>>>>>>>>>>>>>>>>>>>>>>>>> message 76 size 12
[19:22:22] broad >>>>>>>>>>>>>>>>>>>>>>>>>>>>>>> message 60 size 1
[19:22:33] broad >>>>>>>>>>>>>>>>>>>>>>>>>>>>>>> message 64 size 1
[19:22:35] recv  65 <<<<<<<<<<<<<<<<<<<<<<<<<<<<<<< 0
[19:22:35] broad >>>>>>>>>>>>>>>>>>>>>>>>>>>>>>> message 66 size 75
[19:22:38] recv  65 <<<<<<<<<<<<<<<<<<<<<<<<<<<<<<< 2
[19:22:38] broad >>>>>>>>>>>>>>>>>>>>>>>>>>>>>>> message 66 size 75
[19:22:51] recv  65 <<<<<<<<<<<<<<<<<<<<<<<<<<<<<<< 1
[19:22:51] broad >>>>>>>>>>>>>>>>>>>>>>>>>>>>>>> message 66 size 75
[19:22:53] recv  65 <<<<<<<<<<<<<<<<<<<<<<<<<<<<<<< 0
[19:22:53] broad >>>>>>>>>>>>>>>>>>>>>>>>>>>>>>> message 66 size 75
[19:22:55] recv  65 <<<<<<<<<<<<<<<<<<<<<<<<<<<<<<< 2
[19:22:55] broad >>>>>>>>>>>>>>>>>>>>>>>>>>>>>>> message 66 size 75
[19:22:55] broad >>>>>>>>>>>>>>>>>>>>>>>>>>>>>>> message 76 size 12
[19:23:0] recv  65 <<<<<<<<<<<<<<<<<<<<<<<<<<<<<<< 1
[19:23:0] send >>>>>>>>>>>>>>>>>>>>>>>>>>>>>>> 1 message 72 size 0
[19:23:2] recv  68 <<<<<<<<<<<<<<<<<<<<<<<<<<<<<<< 1
[19:23:2] broad >>>>>>>>>>>>>>>>>>>>>>>>>>>>>>> message 69 size 4
[19:23:3] recv  68 <<<<<<<<<<<<<<<<<<<<<<<<<<<<<<< 0
[19:23:3] broad >>>>>>>>>>>>>>>>>>>>>>>>>>>>>>> message 69 size 4
[19:23:3] broad >>>>>>>>>>>>>>>>>>>>>>>>>>>>>>> message 64 size 1
[19:23:5] recv  65 <<<<<<<<<<<<<<<<<<<<<<<<<<<<<<< 2
[19:23:5] broad >>>>>>>>>>>>>>>>>>>>>>>>>>>>>>> message 66 size 75
[19:23:9] recv  68 <<<<<<<<<<<<<<<<<<<<<<<<<<<<<<< 1
[19:23:9] broad >>>>>>>>>>>>>>>>>>>>>>>>>>>>>>> message 69 size 4
[19:23:10] recv  70 <<<<<<<<<<<<<<<<<<<<<<<<<<<<<<< 0
[19:23:10] send >>>>>>>>>>>>>>>>>>>>>>>>>>>>>>> 0 message 71 size 964
[19:23:14] recv  65 <<<<<<<<<<<<<<<<<<<<<<<<<<<<<<< 0
[19:23:14] broad >>>>>>>>>>>>>>>>>>>>>>>>>>>>>>> message 66 size 75
[19:23:16] recv  65 <<<<<<<<<<<<<<<<<<<<<<<<<<<<<<< 2
[19:23:16] broad >>>>>>>>>>>>>>>>>>>>>>>>>>>>>>> message 66 size 75
[19:23:22] recv  68 <<<<<<<<<<<<<<<<<<<<<<<<<<<<<<< 1
[19:23:22] broad >>>>>>>>>>>>>>>>>>>>>>>>>>>>>>> message 69 size 4
[19:23:23] recv  68 <<<<<<<<<<<<<<<<<<<<<<<<<<<<<<< 0
[19:23:23] broad >>>>>>>>>>>>>>>>>>>>>>>>>>>>>>> message 69 size 4
[19:23:23] broad >>>>>>>>>>>>>>>>>>>>>>>>>>>>>>> message 64 size 1
[19:23:26] recv  65 <<<<<<<<<<<<<<<<<<<<<<<<<<<<<<< 2
[19:23:26] broad >>>>>>>>>>>>>>>>>>>>>>>>>>>>>>> message 66 size 75
[19:23:31] recv  68 <<<<<<<<<<<<<<<<<<<<<<<<<<<<<<< 1
[19:23:31] broad >>>>>>>>>>>>>>>>>>>>>>>>>>>>>>> message 69 size 4
[19:23:32] recv  70 <<<<<<<<<<<<<<<<<<<<<<<<<<<<<<< 0
[19:23:32] send >>>>>>>>>>>>>>>>>>>>>>>>>>>>>>> 0 message 71 size 964
[19:23:33] recv  65 <<<<<<<<<<<<<<<<<<<<<<<<<<<<<<< 0
[19:23:33] broad >>>>>>>>>>>>>>>>>>>>>>>>>>>>>>> message 66 size 75
[19:23:33] broad >>>>>>>>>>>>>>>>>>>>>>>>>>>>>>> message 76 size 12
[19:23:35] recv  68 <<<<<<<<<<<<<<<<<<<<<<<<<<<<<<< 2
[19:23:35] broad >>>>>>>>>>>>>>>>>>>>>>>>>>>>>>> message 69 size 4
[19:23:43] recv  68 <<<<<<<<<<<<<<<<<<<<<<<<<<<<<<< 1
[19:23:43] broad >>>>>>>>>>>>>>>>>>>>>>>>>>>>>>> message 69 size 4
[19:23:43] broad >>>>>>>>>>>>>>>>>>>>>>>>>>>>>>> message 64 size 1
[19:23:47] recv  65 <<<<<<<<<<<<<<<<<<<<<<<<<<<<<<< 0
[19:23:47] broad >>>>>>>>>>>>>>>>>>>>>>>>>>>>>>> message 66 size 75
[19:23:49] recv  65 <<<<<<<<<<<<<<<<<<<<<<<<<<<<<<< 2
[19:23:49] broad >>>>>>>>>>>>>>>>>>>>>>>>>>>>>>> message 66 size 75
[19:23:52] recv  68 <<<<<<<<<<<<<<<<<<<<<<<<<<<<<<< 1
[19:23:52] broad >>>>>>>>>>>>>>>>>>>>>>>>>>>>>>> message 69 size 4
[19:23:53] recv  68 <<<<<<<<<<<<<<<<<<<<<<<<<<<<<<< 0
[19:23:53] broad >>>>>>>>>>>>>>>>>>>>>>>>>>>>>>> message 69 size 4
[19:23:53] broad >>>>>>>>>>>>>>>>>>>>>>>>>>>>>>> message 64 size 1
[19:23:56] recv  65 <<<<<<<<<<<<<<<<<<<<<<<<<<<<<<< 2
[19:23:56] broad >>>>>>>>>>>>>>>>>>>>>>>>>>>>>>> message 66 size 75
[19:24:0] recv  68 <<<<<<<<<<<<<<<<<<<<<<<<<<<<<<< 1
[19:24:0] broad >>>>>>>>>>>>>>>>>>>>>>>>>>>>>>> message 69 size 4
[19:24:2] recv  65 <<<<<<<<<<<<<<<<<<<<<<<<<<<<<<< 0
[19:24:2] broad >>>>>>>>>>>>>>>>>>>>>>>>>>>>>>> message 66 size 75
[19:24:4] recv  65 <<<<<<<<<<<<<<<<<<<<<<<<<<<<<<< 2
[19:24:4] broad >>>>>>>>>>>>>>>>>>>>>>>>>>>>>>> message 66 size 75
[19:24:5] broad >>>>>>>>>>>>>>>>>>>>>>>>>>>>>>> message 73 size 154
[19:24:5] *****************游戏结束***************
[19:24:18] *****************游戏开始***************
[19:24:18] broad >>>>>>>>>>>>>>>>>>>>>>>>>>>>>>> message 51 size 3
[19:24:18] send >>>>>>>>>>>>>>>>>>>>>>>>>>>>>>> 0 message 63 size 74
[19:24:18] send >>>>>>>>>>>>>>>>>>>>>>>>>>>>>>> 1 message 63 size 74
[19:24:18] send >>>>>>>>>>>>>>>>>>>>>>>>>>>>>>> 2 message 63 size 74
[19:24:18] send >>>>>>>>>>>>>>>>>>>>>>>>>>>>>>> 0 message 52 size 72
[19:24:18] send >>>>>>>>>>>>>>>>>>>>>>>>>>>>>>> 1 message 52 size 72
[19:24:18] send >>>>>>>>>>>>>>>>>>>>>>>>>>>>>>> 2 message 52 size 72
[19:24:18] send >>>>>>>>>>>>>>>>>>>>>>>>>>>>>>> 0 message 60 size 1
[19:24:18] send >>>>>>>>>>>>>>>>>>>>>>>>>>>>>>> 1 message 60 size 1
[19:24:18] send >>>>>>>>>>>>>>>>>>>>>>>>>>>>>>> 2 message 60 size 1
[19:24:22] broad >>>>>>>>>>>>>>>>>>>>>>>>>>>>>>> message 55 size 5
[19:24:24] recv  56 <<<<<<<<<<<<<<<<<<<<<<<<<<<<<<< 2
[19:24:24] broad >>>>>>>>>>>>>>>>>>>>>>>>>>>>>>> message 56 size 5
[19:24:24] broad >>>>>>>>>>>>>>>>>>>>>>>>>>>>>>> message 76 size 12
[19:24:24] broad >>>>>>>>>>>>>>>>>>>>>>>>>>>>>>> message 55 size 5
[19:24:26] recv  56 <<<<<<<<<<<<<<<<<<<<<<<<<<<<<<< 1
[19:24:26] broad >>>>>>>>>>>>>>>>>>>>>>>>>>>>>>> message 56 size 5
[19:24:26] broad >>>>>>>>>>>>>>>>>>>>>>>>>>>>>>> message 76 size 12
[19:24:26] broad >>>>>>>>>>>>>>>>>>>>>>>>>>>>>>> message 55 size 5
[19:24:28] recv  56 <<<<<<<<<<<<<<<<<<<<<<<<<<<<<<< 0
[19:24:28] broad >>>>>>>>>>>>>>>>>>>>>>>>>>>>>>> message 56 size 5
[19:24:28] broad >>>>>>>>>>>>>>>>>>>>>>>>>>>>>>> message 55 size 5
[19:24:29] recv  56 <<<<<<<<<<<<<<<<<<<<<<<<<<<<<<< 2
[19:24:29] broad >>>>>>>>>>>>>>>>>>>>>>>>>>>>>>> message 56 size 5
[19:24:29] broad >>>>>>>>>>>>>>>>>>>>>>>>>>>>>>> message 76 size 12
[19:24:30] send >>>>>>>>>>>>>>>>>>>>>>>>>>>>>>> 0 message 63 size 74
[19:24:30] send >>>>>>>>>>>>>>>>>>>>>>>>>>>>>>> 1 message 63 size 74
[19:24:30] send >>>>>>>>>>>>>>>>>>>>>>>>>>>>>>> 2 message 63 size 74
[19:24:30] send >>>>>>>>>>>>>>>>>>>>>>>>>>>>>>> 0 message 57 size 80
[19:24:30] send >>>>>>>>>>>>>>>>>>>>>>>>>>>>>>> 1 message 57 size 80
[19:24:30] send >>>>>>>>>>>>>>>>>>>>>>>>>>>>>>> 2 message 57 size 80
[19:24:30] broad >>>>>>>>>>>>>>>>>>>>>>>>>>>>>>> message 76 size 12
[19:24:30] send >>>>>>>>>>>>>>>>>>>>>>>>>>>>>>> 0 message 58 size 1
[19:24:30] send >>>>>>>>>>>>>>>>>>>>>>>>>>>>>>> 1 message 58 size 1
[19:24:30] send >>>>>>>>>>>>>>>>>>>>>>>>>>>>>>> 2 message 58 size 1
[19:24:32] recv  59 <<<<<<<<<<<<<<<<<<<<<<<<<<<<<<< 0
[19:24:32] broad >>>>>>>>>>>>>>>>>>>>>>>>>>>>>>> message 59 size 5
[19:24:32] broad >>>>>>>>>>>>>>>>>>>>>>>>>>>>>>> message 76 size 12
[19:24:40] broad >>>>>>>>>>>>>>>>>>>>>>>>>>>>>>> message 59 size 5
[19:24:40] broad >>>>>>>>>>>>>>>>>>>>>>>>>>>>>>> message 76 size 12
[19:24:40] broad >>>>>>>>>>>>>>>>>>>>>>>>>>>>>>> message 59 size 5
[19:24:40] broad >>>>>>>>>>>>>>>>>>>>>>>>>>>>>>> message 76 size 12
[19:24:40] broad >>>>>>>>>>>>>>>>>>>>>>>>>>>>>>> message 60 size 1
[19:24:43] recv  61 <<<<<<<<<<<<<<<<<<<<<<<<<<<<<<< 2
[19:24:43] broad >>>>>>>>>>>>>>>>>>>>>>>>>>>>>>> message 62 size 29
[19:24:43] broad >>>>>>>>>>>>>>>>>>>>>>>>>>>>>>> message 76 size 12
[19:24:45] broad >>>>>>>>>>>>>>>>>>>>>>>>>>>>>>> message 64 size 1
[19:24:49] recv  65 <<<<<<<<<<<<<<<<<<<<<<<<<<<<<<< 2
[19:24:49] broad >>>>>>>>>>>>>>>>>>>>>>>>>>>>>>> message 66 size 75
[19:25:2] recv  65 <<<<<<<<<<<<<<<<<<<<<<<<<<<<<<< 1
[19:25:2] send >>>>>>>>>>>>>>>>>>>>>>>>>>>>>>> 1 message 72 size 0
[19:25:10] broad >>>>>>>>>>>>>>>>>>>>>>>>>>>>>>> message 66 size 75
[19:25:10] broad >>>>>>>>>>>>>>>>>>>>>>>>>>>>>>> message 76 size 12
[19:25:11] recv  68 <<<<<<<<<<<<<<<<<<<<<<<<<<<<<<< 0
[19:25:11] broad >>>>>>>>>>>>>>>>>>>>>>>>>>>>>>> message 69 size 4
[19:25:15] recv  65 <<<<<<<<<<<<<<<<<<<<<<<<<<<<<<< 2
[19:25:15] send >>>>>>>>>>>>>>>>>>>>>>>>>>>>>>> 2 message 72 size 0
[19:25:17] recv  68 <<<<<<<<<<<<<<<<<<<<<<<<<<<<<<< 2
[19:25:17] broad >>>>>>>>>>>>>>>>>>>>>>>>>>>>>>> message 69 size 4
[19:25:17] broad >>>>>>>>>>>>>>>>>>>>>>>>>>>>>>> message 64 size 1
[19:25:37] broad >>>>>>>>>>>>>>>>>>>>>>>>>>>>>>> message 66 size 75
[19:25:41] recv  65 <<<<<<<<<<<<<<<<<<<<<<<<<<<<<<< 0
[19:25:41] broad >>>>>>>>>>>>>>>>>>>>>>>>>>>>>>> message 66 size 75
[19:25:45] recv  65 <<<<<<<<<<<<<<<<<<<<<<<<<<<<<<< 2
[19:25:45] broad >>>>>>>>>>>>>>>>>>>>>>>>>>>>>>> message 66 size 75
[19:25:45] broad >>>>>>>>>>>>>>>>>>>>>>>>>>>>>>> message 76 size 12
[19:25:49] recv  68 <<<<<<<<<<<<<<<<<<<<<<<<<<<<<<< 1
[19:25:49] broad >>>>>>>>>>>>>>>>>>>>>>>>>>>>>>> message 69 size 4
[19:25:51] recv  68 <<<<<<<<<<<<<<<<<<<<<<<<<<<<<<< 0
[19:25:51] broad >>>>>>>>>>>>>>>>>>>>>>>>>>>>>>> message 69 size 4
[19:25:51] broad >>>>>>>>>>>>>>>>>>>>>>>>>>>>>>> message 64 size 1
[19:26:0] recv  65 <<<<<<<<<<<<<<<<<<<<<<<<<<<<<<< 2
[19:26:0] broad >>>>>>>>>>>>>>>>>>>>>>>>>>>>>>> message 66 size 75
[19:26:4] recv  65 <<<<<<<<<<<<<<<<<<<<<<<<<<<<<<< 1
[19:26:4] broad >>>>>>>>>>>>>>>>>>>>>>>>>>>>>>> message 66 size 75
[19:26:4] broad >>>>>>>>>>>>>>>>>>>>>>>>>>>>>>> message 76 size 12
[19:26:6] recv  68 <<<<<<<<<<<<<<<<<<<<<<<<<<<<<<< 0
[19:26:6] broad >>>>>>>>>>>>>>>>>>>>>>>>>>>>>>> message 69 size 4
[19:26:17] recv  68 <<<<<<<<<<<<<<<<<<<<<<<<<<<<<<< 2
[19:26:17] broad >>>>>>>>>>>>>>>>>>>>>>>>>>>>>>> message 69 size 4
[19:26:17] broad >>>>>>>>>>>>>>>>>>>>>>>>>>>>>>> message 64 size 1
[19:26:30] recv  65 <<<<<<<<<<<<<<<<<<<<<<<<<<<<<<< 1
[19:26:30] broad >>>>>>>>>>>>>>>>>>>>>>>>>>>>>>> message 66 size 75
[19:26:32] recv  65 <<<<<<<<<<<<<<<<<<<<<<<<<<<<<<< 0
[19:26:32] broad >>>>>>>>>>>>>>>>>>>>>>>>>>>>>>> message 66 size 75
[19:26:34] recv  68 <<<<<<<<<<<<<<<<<<<<<<<<<<<<<<< 2
[19:26:34] broad >>>>>>>>>>>>>>>>>>>>>>>>>>>>>>> message 69 size 4
[19:26:36] recv  68 <<<<<<<<<<<<<<<<<<<<<<<<<<<<<<< 1
[19:26:36] broad >>>>>>>>>>>>>>>>>>>>>>>>>>>>>>> message 69 size 4
[19:26:36] broad >>>>>>>>>>>>>>>>>>>>>>>>>>>>>>> message 64 size 1
[19:26:48] recv  65 <<<<<<<<<<<<<<<<<<<<<<<<<<<<<<< 0
[19:26:48] broad >>>>>>>>>>>>>>>>>>>>>>>>>>>>>>> message 66 size 75
[19:26:50] recv  68 <<<<<<<<<<<<<<<<<<<<<<<<<<<<<<< 2
[19:26:50] broad >>>>>>>>>>>>>>>>>>>>>>>>>>>>>>> message 69 size 4
[19:26:52] recv  68 <<<<<<<<<<<<<<<<<<<<<<<<<<<<<<< 1
[19:26:52] broad >>>>>>>>>>>>>>>>>>>>>>>>>>>>>>> message 69 size 4
[19:26:52] broad >>>>>>>>>>>>>>>>>>>>>>>>>>>>>>> message 64 size 1
[19:27:12] broad >>>>>>>>>>>>>>>>>>>>>>>>>>>>>>> message 66 size 75
[19:27:16] recv  65 <<<<<<<<<<<<<<<<<<<<<<<<<<<<<<< 2
[19:27:16] broad >>>>>>>>>>>>>>>>>>>>>>>>>>>>>>> message 66 size 75
[19:27:19] recv  68 <<<<<<<<<<<<<<<<<<<<<<<<<<<<<<< 1
[19:27:19] broad >>>>>>>>>>>>>>>>>>>>>>>>>>>>>>> message 69 size 4
[19:27:28] recv  70 <<<<<<<<<<<<<<<<<<<<<<<<<<<<<<< 0
[19:27:28] send >>>>>>>>>>>>>>>>>>>>>>>>>>>>>>> 0 message 71 size 964
[19:27:29] recv  65 <<<<<<<<<<<<<<<<<<<<<<<<<<<<<<< 0
[19:27:29] broad >>>>>>>>>>>>>>>>>>>>>>>>>>>>>>> message 66 size 75
[19:27:29] broad >>>>>>>>>>>>>>>>>>>>>>>>>>>>>>> message 76 size 12
[19:27:31] recv  65 <<<<<<<<<<<<<<<<<<<<<<<<<<<<<<< 2
[19:27:31] send >>>>>>>>>>>>>>>>>>>>>>>>>>>>>>> 2 message 72 size 0
[19:27:34] recv  65 <<<<<<<<<<<<<<<<<<<<<<<<<<<<<<< 2
[19:27:34] broad >>>>>>>>>>>>>>>>>>>>>>>>>>>>>>> message 66 size 75
[19:27:34] broad >>>>>>>>>>>>>>>>>>>>>>>>>>>>>>> message 76 size 12
[19:27:36] recv  68 <<<<<<<<<<<<<<<<<<<<<<<<<<<<<<< 1
[19:27:36] broad >>>>>>>>>>>>>>>>>>>>>>>>>>>>>>> message 69 size 4
[19:27:38] recv  70 <<<<<<<<<<<<<<<<<<<<<<<<<<<<<<< 0
[19:27:38] send >>>>>>>>>>>>>>>>>>>>>>>>>>>>>>> 0 message 71 size 964
[19:27:38] recv  68 <<<<<<<<<<<<<<<<<<<<<<<<<<<<<<< 0
[19:27:38] broad >>>>>>>>>>>>>>>>>>>>>>>>>>>>>>> message 69 size 4
[19:27:38] broad >>>>>>>>>>>>>>>>>>>>>>>>>>>>>>> message 64 size 1
[19:27:40] recv  65 <<<<<<<<<<<<<<<<<<<<<<<<<<<<<<< 2
[19:27:40] broad >>>>>>>>>>>>>>>>>>>>>>>>>>>>>>> message 66 size 75
[19:27:41] broad >>>>>>>>>>>>>>>>>>>>>>>>>>>>>>> message 73 size 154
[19:27:41] broad >>>>>>>>>>>>>>>>>>>>>>>>>>>>>>> message 74 size 87
[19:27:41] *****************游戏结束***************
