[19:42:49] *****************游戏开始***************
[19:42:49] broad >>>>>>>>>>>>>>>>>>>>>>>>>>>>>>> message 51 size 3
[19:42:49] send >>>>>>>>>>>>>>>>>>>>>>>>>>>>>>> 0 message 52 size 72
[19:42:49] send >>>>>>>>>>>>>>>>>>>>>>>>>>>>>>> 1 message 52 size 72
[19:42:49] send >>>>>>>>>>>>>>>>>>>>>>>>>>>>>>> 2 message 52 size 72
[19:42:49] send >>>>>>>>>>>>>>>>>>>>>>>>>>>>>>> 0 message 60 size 1
[19:42:49] send >>>>>>>>>>>>>>>>>>>>>>>>>>>>>>> 1 message 60 size 1
[19:42:49] send >>>>>>>>>>>>>>>>>>>>>>>>>>>>>>> 2 message 60 size 1
[19:42:54] broad >>>>>>>>>>>>>>>>>>>>>>>>>>>>>>> message 55 size 5
[19:42:57] recv  56 <<<<<<<<<<<<<<<<<<<<<<<<<<<<<<< 2
[19:42:57] broad >>>>>>>>>>>>>>>>>>>>>>>>>>>>>>> message 56 size 5
[19:42:57] broad >>>>>>>>>>>>>>>>>>>>>>>>>>>>>>> message 76 size 12
[19:42:57] broad >>>>>>>>>>>>>>>>>>>>>>>>>>>>>>> message 55 size 5
[19:42:58] recv  56 <<<<<<<<<<<<<<<<<<<<<<<<<<<<<<< 1
[19:42:58] broad >>>>>>>>>>>>>>>>>>>>>>>>>>>>>>> message 56 size 5
[19:42:58] broad >>>>>>>>>>>>>>>>>>>>>>>>>>>>>>> message 55 size 5
[19:42:59] recv  56 <<<<<<<<<<<<<<<<<<<<<<<<<<<<<<< 0
[19:42:59] broad >>>>>>>>>>>>>>>>>>>>>>>>>>>>>>> message 56 size 5
[19:43:0] send >>>>>>>>>>>>>>>>>>>>>>>>>>>>>>> 0 message 57 size 80
[19:43:0] send >>>>>>>>>>>>>>>>>>>>>>>>>>>>>>> 1 message 57 size 80
[19:43:0] send >>>>>>>>>>>>>>>>>>>>>>>>>>>>>>> 2 message 57 size 80
[19:43:0] broad >>>>>>>>>>>>>>>>>>>>>>>>>>>>>>> message 76 size 12
[19:43:0] send >>>>>>>>>>>>>>>>>>>>>>>>>>>>>>> 0 message 58 size 1
[19:43:0] send >>>>>>>>>>>>>>>>>>>>>>>>>>>>>>> 1 message 58 size 1
[19:43:0] send >>>>>>>>>>>>>>>>>>>>>>>>>>>>>>> 2 message 58 size 1
[19:43:1] recv  59 <<<<<<<<<<<<<<<<<<<<<<<<<<<<<<< 1
[19:43:1] broad >>>>>>>>>>>>>>>>>>>>>>>>>>>>>>> message 59 size 5
[19:43:1] broad >>>>>>>>>>>>>>>>>>>>>>>>>>>>>>> message 76 size 12
[19:43:1] recv  59 <<<<<<<<<<<<<<<<<<<<<<<<<<<<<<< 2
[19:43:1] broad >>>>>>>>>>>>>>>>>>>>>>>>>>>>>>> message 59 size 5
[19:43:1] broad >>>>>>>>>>>>>>>>>>>>>>>>>>>>>>> message 76 size 12
[19:43:2] recv  59 <<<<<<<<<<<<<<<<<<<<<<<<<<<<<<< 0
[19:43:2] broad >>>>>>>>>>>>>>>>>>>>>>>>>>>>>>> message 59 size 5
[19:43:2] broad >>>>>>>>>>>>>>>>>>>>>>>>>>>>>>> message 76 size 12
[19:43:2] broad >>>>>>>>>>>>>>>>>>>>>>>>>>>>>>> message 60 size 1
[19:43:13] broad >>>>>>>>>>>>>>>>>>>>>>>>>>>>>>> message 64 size 1
[19:43:28] recv  65 <<<<<<<<<<<<<<<<<<<<<<<<<<<<<<< 2
[19:43:28] broad >>>>>>>>>>>>>>>>>>>>>>>>>>>>>>> message 66 size 75
[19:43:30] recv  68 <<<<<<<<<<<<<<<<<<<<<<<<<<<<<<< 1
[19:43:30] broad >>>>>>>>>>>>>>>>>>>>>>>>>>>>>>> message 69 size 4
[19:43:31] recv  68 <<<<<<<<<<<<<<<<<<<<<<<<<<<<<<< 0
[19:43:31] broad >>>>>>>>>>>>>>>>>>>>>>>>>>>>>>> message 69 size 4
[19:43:31] broad >>>>>>>>>>>>>>>>>>>>>>>>>>>>>>> message 64 size 1
[19:43:33] recv  65 <<<<<<<<<<<<<<<<<<<<<<<<<<<<<<< 2
[19:43:33] broad >>>>>>>>>>>>>>>>>>>>>>>>>>>>>>> message 66 size 75
[19:43:34] recv  68 <<<<<<<<<<<<<<<<<<<<<<<<<<<<<<< 1
[19:43:34] broad >>>>>>>>>>>>>>>>>>>>>>>>>>>>>>> message 69 size 4
[19:43:35] recv  68 <<<<<<<<<<<<<<<<<<<<<<<<<<<<<<< 0
[19:43:35] broad >>>>>>>>>>>>>>>>>>>>>>>>>>>>>>> message 69 size 4
[19:43:35] broad >>>>>>>>>>>>>>>>>>>>>>>>>>>>>>> message 64 size 1
[19:43:37] recv  65 <<<<<<<<<<<<<<<<<<<<<<<<<<<<<<< 2
[19:43:37] broad >>>>>>>>>>>>>>>>>>>>>>>>>>>>>>> message 66 size 75
[19:43:38] recv  68 <<<<<<<<<<<<<<<<<<<<<<<<<<<<<<< 1
[19:43:38] broad >>>>>>>>>>>>>>>>>>>>>>>>>>>>>>> message 69 size 4
[19:43:39] recv  68 <<<<<<<<<<<<<<<<<<<<<<<<<<<<<<< 0
[19:43:39] broad >>>>>>>>>>>>>>>>>>>>>>>>>>>>>>> message 69 size 4
[19:43:39] broad >>>>>>>>>>>>>>>>>>>>>>>>>>>>>>> message 64 size 1
[19:43:47] recv  65 <<<<<<<<<<<<<<<<<<<<<<<<<<<<<<< 2
[19:43:47] broad >>>>>>>>>>>>>>>>>>>>>>>>>>>>>>> message 66 size 75
[19:43:48] recv  68 <<<<<<<<<<<<<<<<<<<<<<<<<<<<<<< 1
[19:43:48] broad >>>>>>>>>>>>>>>>>>>>>>>>>>>>>>> message 69 size 4
[19:43:49] recv  68 <<<<<<<<<<<<<<<<<<<<<<<<<<<<<<< 0
[19:43:49] broad >>>>>>>>>>>>>>>>>>>>>>>>>>>>>>> message 69 size 4
[19:43:49] broad >>>>>>>>>>>>>>>>>>>>>>>>>>>>>>> message 64 size 1
[19:43:50] recv  65 <<<<<<<<<<<<<<<<<<<<<<<<<<<<<<< 2
[19:43:50] broad >>>>>>>>>>>>>>>>>>>>>>>>>>>>>>> message 66 size 75
[19:43:51] recv  68 <<<<<<<<<<<<<<<<<<<<<<<<<<<<<<< 1
[19:43:51] broad >>>>>>>>>>>>>>>>>>>>>>>>>>>>>>> message 69 size 4
[19:43:51] recv  68 <<<<<<<<<<<<<<<<<<<<<<<<<<<<<<< 0
[19:43:51] broad >>>>>>>>>>>>>>>>>>>>>>>>>>>>>>> message 69 size 4
[19:43:51] broad >>>>>>>>>>>>>>>>>>>>>>>>>>>>>>> message 64 size 1
[19:43:52] recv  65 <<<<<<<<<<<<<<<<<<<<<<<<<<<<<<< 2
[19:43:52] broad >>>>>>>>>>>>>>>>>>>>>>>>>>>>>>> message 66 size 75
[19:43:53] recv  68 <<<<<<<<<<<<<<<<<<<<<<<<<<<<<<< 1
[19:43:53] broad >>>>>>>>>>>>>>>>>>>>>>>>>>>>>>> message 69 size 4
[19:43:54] recv  68 <<<<<<<<<<<<<<<<<<<<<<<<<<<<<<< 0
[19:43:54] broad >>>>>>>>>>>>>>>>>>>>>>>>>>>>>>> message 69 size 4
[19:43:54] broad >>>>>>>>>>>>>>>>>>>>>>>>>>>>>>> message 64 size 1
[19:43:55] recv  65 <<<<<<<<<<<<<<<<<<<<<<<<<<<<<<< 2
[19:43:55] broad >>>>>>>>>>>>>>>>>>>>>>>>>>>>>>> message 66 size 75
[19:43:55] recv  68 <<<<<<<<<<<<<<<<<<<<<<<<<<<<<<< 1
[19:43:55] broad >>>>>>>>>>>>>>>>>>>>>>>>>>>>>>> message 69 size 4
[19:43:56] recv  68 <<<<<<<<<<<<<<<<<<<<<<<<<<<<<<< 0
[19:43:56] broad >>>>>>>>>>>>>>>>>>>>>>>>>>>>>>> message 69 size 4
[19:43:56] broad >>>>>>>>>>>>>>>>>>>>>>>>>>>>>>> message 64 size 1
[19:43:57] recv  65 <<<<<<<<<<<<<<<<<<<<<<<<<<<<<<< 2
[19:43:57] broad >>>>>>>>>>>>>>>>>>>>>>>>>>>>>>> message 66 size 75
[19:43:58] broad >>>>>>>>>>>>>>>>>>>>>>>>>>>>>>> message 76 size 12
[19:43:58] broad >>>>>>>>>>>>>>>>>>>>>>>>>>>>>>> message 73 size 154
[19:43:58] *****************游戏结束***************
[19:44:6] *****************游戏开始***************
[19:44:6] broad >>>>>>>>>>>>>>>>>>>>>>>>>>>>>>> message 51 size 3
[19:44:6] send >>>>>>>>>>>>>>>>>>>>>>>>>>>>>>> 0 message 52 size 72
[19:44:6] send >>>>>>>>>>>>>>>>>>>>>>>>>>>>>>> 1 message 52 size 72
[19:44:6] send >>>>>>>>>>>>>>>>>>>>>>>>>>>>>>> 2 message 52 size 72
[19:44:6] send >>>>>>>>>>>>>>>>>>>>>>>>>>>>>>> 0 message 60 size 1
[19:44:6] send >>>>>>>>>>>>>>>>>>>>>>>>>>>>>>> 1 message 60 size 1
[19:44:6] send >>>>>>>>>>>>>>>>>>>>>>>>>>>>>>> 2 message 60 size 1
[19:44:11] broad >>>>>>>>>>>>>>>>>>>>>>>>>>>>>>> message 55 size 5
[19:44:21] broad >>>>>>>>>>>>>>>>>>>>>>>>>>>>>>> message 56 size 5
[19:44:21] broad >>>>>>>>>>>>>>>>>>>>>>>>>>>>>>> message 55 size 5
[19:44:22] recv  56 <<<<<<<<<<<<<<<<<<<<<<<<<<<<<<< 1
[19:44:22] broad >>>>>>>>>>>>>>>>>>>>>>>>>>>>>>> message 56 size 5
[19:44:22] broad >>>>>>>>>>>>>>>>>>>>>>>>>>>>>>> message 76 size 12
[19:44:22] broad >>>>>>>>>>>>>>>>>>>>>>>>>>>>>>> message 55 size 5
[19:44:23] recv  56 <<<<<<<<<<<<<<<<<<<<<<<<<<<<<<< 0
[19:44:23] broad >>>>>>>>>>>>>>>>>>>>>>>>>>>>>>> message 56 size 5
[19:44:24] send >>>>>>>>>>>>>>>>>>>>>>>>>>>>>>> 0 message 57 size 80
[19:44:24] send >>>>>>>>>>>>>>>>>>>>>>>>>>>>>>> 1 message 57 size 80
[19:44:24] send >>>>>>>>>>>>>>>>>>>>>>>>>>>>>>> 2 message 57 size 80
[19:44:24] broad >>>>>>>>>>>>>>>>>>>>>>>>>>>>>>> message 76 size 12
[19:44:24] send >>>>>>>>>>>>>>>>>>>>>>>>>>>>>>> 0 message 58 size 1
[19:44:24] send >>>>>>>>>>>>>>>>>>>>>>>>>>>>>>> 1 message 58 size 1
[19:44:24] send >>>>>>>>>>>>>>>>>>>>>>>>>>>>>>> 2 message 58 size 1
[19:44:25] recv  59 <<<<<<<<<<<<<<<<<<<<<<<<<<<<<<< 2
[19:44:25] broad >>>>>>>>>>>>>>>>>>>>>>>>>>>>>>> message 59 size 5
[19:44:25] broad >>>>>>>>>>>>>>>>>>>>>>>>>>>>>>> message 76 size 12
[19:44:26] recv  59 <<<<<<<<<<<<<<<<<<<<<<<<<<<<<<< 1
[19:44:26] broad >>>>>>>>>>>>>>>>>>>>>>>>>>>>>>> message 59 size 5
[19:44:26] broad >>>>>>>>>>>>>>>>>>>>>>>>>>>>>>> message 76 size 12
[19:44:26] recv  59 <<<<<<<<<<<<<<<<<<<<<<<<<<<<<<< 0
[19:44:26] broad >>>>>>>>>>>>>>>>>>>>>>>>>>>>>>> message 59 size 5
[19:44:26] broad >>>>>>>>>>>>>>>>>>>>>>>>>>>>>>> message 76 size 12
[19:44:26] broad >>>>>>>>>>>>>>>>>>>>>>>>>>>>>>> message 60 size 1
[19:44:37] broad >>>>>>>>>>>>>>>>>>>>>>>>>>>>>>> message 64 size 1
[19:44:49] recv  65 <<<<<<<<<<<<<<<<<<<<<<<<<<<<<<< 1
[19:44:49] broad >>>>>>>>>>>>>>>>>>>>>>>>>>>>>>> message 66 size 75
[19:44:54] recv  65 <<<<<<<<<<<<<<<<<<<<<<<<<<<<<<< 0
[19:44:54] broad >>>>>>>>>>>>>>>>>>>>>>>>>>>>>>> message 66 size 75
[19:44:55] recv  68 <<<<<<<<<<<<<<<<<<<<<<<<<<<<<<< 2
[19:44:55] broad >>>>>>>>>>>>>>>>>>>>>>>>>>>>>>> message 69 size 4
[19:44:55] recv  68 <<<<<<<<<<<<<<<<<<<<<<<<<<<<<<< 1
[19:44:55] broad >>>>>>>>>>>>>>>>>>>>>>>>>>>>>>> message 69 size 4
[19:44:55] broad >>>>>>>>>>>>>>>>>>>>>>>>>>>>>>> message 64 size 1
[19:44:58] recv  65 <<<<<<<<<<<<<<<<<<<<<<<<<<<<<<< 0
[19:44:58] broad >>>>>>>>>>>>>>>>>>>>>>>>>>>>>>> message 66 size 75
[19:44:59] recv  68 <<<<<<<<<<<<<<<<<<<<<<<<<<<<<<< 2
[19:44:59] broad >>>>>>>>>>>>>>>>>>>>>>>>>>>>>>> message 69 size 4
[19:45:0] recv  68 <<<<<<<<<<<<<<<<<<<<<<<<<<<<<<< 1
[19:45:0] broad >>>>>>>>>>>>>>>>>>>>>>>>>>>>>>> message 69 size 4
[19:45:0] broad >>>>>>>>>>>>>>>>>>>>>>>>>>>>>>> message 64 size 1
[19:45:1] recv  65 <<<<<<<<<<<<<<<<<<<<<<<<<<<<<<< 0
[19:45:1] broad >>>>>>>>>>>>>>>>>>>>>>>>>>>>>>> message 66 size 75
[19:45:2] recv  68 <<<<<<<<<<<<<<<<<<<<<<<<<<<<<<< 2
[19:45:2] broad >>>>>>>>>>>>>>>>>>>>>>>>>>>>>>> message 69 size 4
[19:45:3] recv  68 <<<<<<<<<<<<<<<<<<<<<<<<<<<<<<< 1
[19:45:3] broad >>>>>>>>>>>>>>>>>>>>>>>>>>>>>>> message 69 size 4
[19:45:3] broad >>>>>>>>>>>>>>>>>>>>>>>>>>>>>>> message 64 size 1
[19:45:4] recv  65 <<<<<<<<<<<<<<<<<<<<<<<<<<<<<<< 0
[19:45:4] broad >>>>>>>>>>>>>>>>>>>>>>>>>>>>>>> message 66 size 75
[19:45:5] recv  68 <<<<<<<<<<<<<<<<<<<<<<<<<<<<<<< 2
[19:45:5] broad >>>>>>>>>>>>>>>>>>>>>>>>>>>>>>> message 69 size 4
[19:45:5] recv  68 <<<<<<<<<<<<<<<<<<<<<<<<<<<<<<< 1
[19:45:5] broad >>>>>>>>>>>>>>>>>>>>>>>>>>>>>>> message 69 size 4
[19:45:5] broad >>>>>>>>>>>>>>>>>>>>>>>>>>>>>>> message 64 size 1
[19:45:6] recv  65 <<<<<<<<<<<<<<<<<<<<<<<<<<<<<<< 0
[19:45:6] broad >>>>>>>>>>>>>>>>>>>>>>>>>>>>>>> message 66 size 75
[19:45:7] recv  68 <<<<<<<<<<<<<<<<<<<<<<<<<<<<<<< 2
[19:45:7] broad >>>>>>>>>>>>>>>>>>>>>>>>>>>>>>> message 69 size 4
[19:45:8] recv  68 <<<<<<<<<<<<<<<<<<<<<<<<<<<<<<< 1
[19:45:8] broad >>>>>>>>>>>>>>>>>>>>>>>>>>>>>>> message 69 size 4
[19:45:8] broad >>>>>>>>>>>>>>>>>>>>>>>>>>>>>>> message 64 size 1
[19:45:9] recv  65 <<<<<<<<<<<<<<<<<<<<<<<<<<<<<<< 0
[19:45:9] broad >>>>>>>>>>>>>>>>>>>>>>>>>>>>>>> message 66 size 75
[19:45:10] broad >>>>>>>>>>>>>>>>>>>>>>>>>>>>>>> message 76 size 12
[19:45:10] broad >>>>>>>>>>>>>>>>>>>>>>>>>>>>>>> message 73 size 154
[19:45:10] broad >>>>>>>>>>>>>>>>>>>>>>>>>>>>>>> message 74 size 87
[19:45:10] *****************游戏结束***************
