[13:31:10] *****************游戏开始***************
[13:31:10] broad >>>>>>>>>>>>>>>>>>>>>>>>>>>>>>> message 51 size 3
[13:31:10] send >>>>>>>>>>>>>>>>>>>>>>>>>>>>>>> 0 message 52 size 72
[13:31:10] send >>>>>>>>>>>>>>>>>>>>>>>>>>>>>>> 1 message 52 size 72
[13:31:10] send >>>>>>>>>>>>>>>>>>>>>>>>>>>>>>> 2 message 52 size 72
[13:31:10] send >>>>>>>>>>>>>>>>>>>>>>>>>>>>>>> 0 message 60 size 1
[13:31:10] send >>>>>>>>>>>>>>>>>>>>>>>>>>>>>>> 1 message 60 size 1
[13:31:10] send >>>>>>>>>>>>>>>>>>>>>>>>>>>>>>> 2 message 60 size 1
[13:31:15] send >>>>>>>>>>>>>>>>>>>>>>>>>>>>>>> 0 message 63 size 74
[13:31:15] send >>>>>>>>>>>>>>>>>>>>>>>>>>>>>>> 1 message 63 size 74
[13:31:15] send >>>>>>>>>>>>>>>>>>>>>>>>>>>>>>> 2 message 63 size 74
[13:31:16] broad >>>>>>>>>>>>>>>>>>>>>>>>>>>>>>> message 55 size 5
[13:31:20] recv  56 <<<<<<<<<<<<<<<<<<<<<<<<<<<<<<< 1
[13:31:20] broad >>>>>>>>>>>>>>>>>>>>>>>>>>>>>>> message 56 size 5
[13:31:20] broad >>>>>>>>>>>>>>>>>>>>>>>>>>>>>>> message 55 size 5
[13:31:24] recv  56 <<<<<<<<<<<<<<<<<<<<<<<<<<<<<<< 0
[13:31:24] broad >>>>>>>>>>>>>>>>>>>>>>>>>>>>>>> message 56 size 5
[13:31:24] broad >>>>>>>>>>>>>>>>>>>>>>>>>>>>>>> message 76 size 12
[13:31:24] broad >>>>>>>>>>>>>>>>>>>>>>>>>>>>>>> message 55 size 5
[13:31:26] recv  56 <<<<<<<<<<<<<<<<<<<<<<<<<<<<<<< 2
[13:31:26] broad >>>>>>>>>>>>>>>>>>>>>>>>>>>>>>> message 56 size 5
[13:31:26] broad >>>>>>>>>>>>>>>>>>>>>>>>>>>>>>> message 76 size 12
[13:31:26] broad >>>>>>>>>>>>>>>>>>>>>>>>>>>>>>> message 55 size 5
[13:31:28] recv  56 <<<<<<<<<<<<<<<<<<<<<<<<<<<<<<< 0
[13:31:28] broad >>>>>>>>>>>>>>>>>>>>>>>>>>>>>>> message 56 size 5
[13:31:28] broad >>>>>>>>>>>>>>>>>>>>>>>>>>>>>>> message 76 size 12
[13:31:29] broad >>>>>>>>>>>>>>>>>>>>>>>>>>>>>>> message 76 size 12
[13:31:29] send >>>>>>>>>>>>>>>>>>>>>>>>>>>>>>> 0 message 57 size 80
[13:31:29] send >>>>>>>>>>>>>>>>>>>>>>>>>>>>>>> 1 message 57 size 80
[13:31:29] send >>>>>>>>>>>>>>>>>>>>>>>>>>>>>>> 2 message 57 size 80
[13:31:29] broad >>>>>>>>>>>>>>>>>>>>>>>>>>>>>>> message 76 size 12
[13:31:29] send >>>>>>>>>>>>>>>>>>>>>>>>>>>>>>> 0 message 58 size 1
[13:31:29] send >>>>>>>>>>>>>>>>>>>>>>>>>>>>>>> 1 message 58 size 1
[13:31:29] send >>>>>>>>>>>>>>>>>>>>>>>>>>>>>>> 2 message 58 size 1
[13:31:31] recv  59 <<<<<<<<<<<<<<<<<<<<<<<<<<<<<<< 2
[13:31:31] broad >>>>>>>>>>>>>>>>>>>>>>>>>>>>>>> message 59 size 5
[13:31:31] broad >>>>>>>>>>>>>>>>>>>>>>>>>>>>>>> message 76 size 12
[13:31:31] recv  59 <<<<<<<<<<<<<<<<<<<<<<<<<<<<<<< 1
[13:31:31] broad >>>>>>>>>>>>>>>>>>>>>>>>>>>>>>> message 59 size 5
[13:31:31] broad >>>>>>>>>>>>>>>>>>>>>>>>>>>>>>> message 76 size 12
[13:31:31] recv  59 <<<<<<<<<<<<<<<<<<<<<<<<<<<<<<< 0
[13:31:31] broad >>>>>>>>>>>>>>>>>>>>>>>>>>>>>>> message 59 size 5
[13:31:31] broad >>>>>>>>>>>>>>>>>>>>>>>>>>>>>>> message 76 size 12
[13:31:31] broad >>>>>>>>>>>>>>>>>>>>>>>>>>>>>>> message 60 size 1
[13:31:42] broad >>>>>>>>>>>>>>>>>>>>>>>>>>>>>>> message 64 size 1
[13:31:50] recv  65 <<<<<<<<<<<<<<<<<<<<<<<<<<<<<<< 0
[13:31:50] broad >>>>>>>>>>>>>>>>>>>>>>>>>>>>>>> message 66 size 75
[13:31:55] recv  70 <<<<<<<<<<<<<<<<<<<<<<<<<<<<<<< 2
[13:31:55] send >>>>>>>>>>>>>>>>>>>>>>>>>>>>>>> 2 message 71 size 964
[13:31:59] recv  65 <<<<<<<<<<<<<<<<<<<<<<<<<<<<<<< 2
[13:31:59] broad >>>>>>>>>>>>>>>>>>>>>>>>>>>>>>> message 66 size 75
[13:32:0] recv  68 <<<<<<<<<<<<<<<<<<<<<<<<<<<<<<< 1
[13:32:0] broad >>>>>>>>>>>>>>>>>>>>>>>>>>>>>>> message 69 size 4
[13:32:2] recv  68 <<<<<<<<<<<<<<<<<<<<<<<<<<<<<<< 0
[13:32:2] broad >>>>>>>>>>>>>>>>>>>>>>>>>>>>>>> message 69 size 4
[13:32:2] broad >>>>>>>>>>>>>>>>>>>>>>>>>>>>>>> message 64 size 1
[13:32:5] recv  65 <<<<<<<<<<<<<<<<<<<<<<<<<<<<<<< 2
[13:32:5] broad >>>>>>>>>>>>>>>>>>>>>>>>>>>>>>> message 66 size 75
[13:32:7] recv  68 <<<<<<<<<<<<<<<<<<<<<<<<<<<<<<< 1
[13:32:7] broad >>>>>>>>>>>>>>>>>>>>>>>>>>>>>>> message 69 size 4
[13:32:8] recv  70 <<<<<<<<<<<<<<<<<<<<<<<<<<<<<<< 0
[13:32:8] send >>>>>>>>>>>>>>>>>>>>>>>>>>>>>>> 0 message 71 size 964
[13:32:9] recv  65 <<<<<<<<<<<<<<<<<<<<<<<<<<<<<<< 0
[13:32:9] broad >>>>>>>>>>>>>>>>>>>>>>>>>>>>>>> message 66 size 75
[13:32:12] recv  68 <<<<<<<<<<<<<<<<<<<<<<<<<<<<<<< 2
[13:32:12] broad >>>>>>>>>>>>>>>>>>>>>>>>>>>>>>> message 69 size 4
[13:32:13] recv  68 <<<<<<<<<<<<<<<<<<<<<<<<<<<<<<< 1
[13:32:13] broad >>>>>>>>>>>>>>>>>>>>>>>>>>>>>>> message 69 size 4
[13:32:13] broad >>>>>>>>>>>>>>>>>>>>>>>>>>>>>>> message 64 size 1
[13:32:15] recv  65 <<<<<<<<<<<<<<<<<<<<<<<<<<<<<<< 0
[13:32:15] broad >>>>>>>>>>>>>>>>>>>>>>>>>>>>>>> message 66 size 75
[13:32:16] recv  70 <<<<<<<<<<<<<<<<<<<<<<<<<<<<<<< 2
[13:32:16] send >>>>>>>>>>>>>>>>>>>>>>>>>>>>>>> 2 message 71 size 964
[13:32:17] recv  65 <<<<<<<<<<<<<<<<<<<<<<<<<<<<<<< 2
[13:32:17] broad >>>>>>>>>>>>>>>>>>>>>>>>>>>>>>> message 66 size 75
[13:32:21] recv  68 <<<<<<<<<<<<<<<<<<<<<<<<<<<<<<< 1
[13:32:21] broad >>>>>>>>>>>>>>>>>>>>>>>>>>>>>>> message 69 size 4
[13:32:21] recv  68 <<<<<<<<<<<<<<<<<<<<<<<<<<<<<<< 1
[13:32:21] recv  68 <<<<<<<<<<<<<<<<<<<<<<<<<<<<<<< 1
[13:32:21] recv  68 <<<<<<<<<<<<<<<<<<<<<<<<<<<<<<< 1
[13:32:21] recv  68 <<<<<<<<<<<<<<<<<<<<<<<<<<<<<<< 1
[13:32:22] recv  68 <<<<<<<<<<<<<<<<<<<<<<<<<<<<<<< 1
[13:32:22] recv  65 <<<<<<<<<<<<<<<<<<<<<<<<<<<<<<< 0
[13:32:22] broad >>>>>>>>>>>>>>>>>>>>>>>>>>>>>>> message 66 size 75
[13:32:22] broad >>>>>>>>>>>>>>>>>>>>>>>>>>>>>>> message 76 size 12
[13:32:23] recv  68 <<<<<<<<<<<<<<<<<<<<<<<<<<<<<<< 1
[13:32:23] recv  68 <<<<<<<<<<<<<<<<<<<<<<<<<<<<<<< 1
[13:32:23] recv  68 <<<<<<<<<<<<<<<<<<<<<<<<<<<<<<< 1
[13:32:24] recv  68 <<<<<<<<<<<<<<<<<<<<<<<<<<<<<<< 1
[13:32:24] recv  68 <<<<<<<<<<<<<<<<<<<<<<<<<<<<<<< 1
[13:32:24] recv  68 <<<<<<<<<<<<<<<<<<<<<<<<<<<<<<< 1
[13:32:25] recv  68 <<<<<<<<<<<<<<<<<<<<<<<<<<<<<<< 1
[13:32:25] recv  70 <<<<<<<<<<<<<<<<<<<<<<<<<<<<<<< 2
[13:32:25] send >>>>>>>>>>>>>>>>>>>>>>>>>>>>>>> 2 message 71 size 964
[13:32:25] recv  68 <<<<<<<<<<<<<<<<<<<<<<<<<<<<<<< 1
[13:32:25] recv  68 <<<<<<<<<<<<<<<<<<<<<<<<<<<<<<< 1
[13:32:25] recv  68 <<<<<<<<<<<<<<<<<<<<<<<<<<<<<<< 1
[13:32:26] recv  65 <<<<<<<<<<<<<<<<<<<<<<<<<<<<<<< 2
[13:32:26] broad >>>>>>>>>>>>>>>>>>>>>>>>>>>>>>> message 66 size 75
[13:32:26] broad >>>>>>>>>>>>>>>>>>>>>>>>>>>>>>> message 76 size 12
[13:32:26] recv  68 <<<<<<<<<<<<<<<<<<<<<<<<<<<<<<< 1
[13:32:26] broad >>>>>>>>>>>>>>>>>>>>>>>>>>>>>>> message 69 size 4
[13:32:28] recv  68 <<<<<<<<<<<<<<<<<<<<<<<<<<<<<<< 0
[13:32:28] broad >>>>>>>>>>>>>>>>>>>>>>>>>>>>>>> message 69 size 4
[13:32:28] broad >>>>>>>>>>>>>>>>>>>>>>>>>>>>>>> message 64 size 1
[13:32:29] recv  65 <<<<<<<<<<<<<<<<<<<<<<<<<<<<<<< 2
[13:32:29] broad >>>>>>>>>>>>>>>>>>>>>>>>>>>>>>> message 66 size 75
[13:32:30] recv  68 <<<<<<<<<<<<<<<<<<<<<<<<<<<<<<< 1
[13:32:30] broad >>>>>>>>>>>>>>>>>>>>>>>>>>>>>>> message 69 size 4
[13:32:34] recv  65 <<<<<<<<<<<<<<<<<<<<<<<<<<<<<<< 0
[13:32:34] broad >>>>>>>>>>>>>>>>>>>>>>>>>>>>>>> message 66 size 75
[13:32:37] recv  65 <<<<<<<<<<<<<<<<<<<<<<<<<<<<<<< 2
[13:32:37] broad >>>>>>>>>>>>>>>>>>>>>>>>>>>>>>> message 66 size 75
[13:32:40] recv  68 <<<<<<<<<<<<<<<<<<<<<<<<<<<<<<< 1
[13:32:40] broad >>>>>>>>>>>>>>>>>>>>>>>>>>>>>>> message 69 size 4
[13:32:43] recv  65 <<<<<<<<<<<<<<<<<<<<<<<<<<<<<<< 0
[13:32:43] broad >>>>>>>>>>>>>>>>>>>>>>>>>>>>>>> message 66 size 75
[13:32:45] recv  65 <<<<<<<<<<<<<<<<<<<<<<<<<<<<<<< 2
[13:32:45] broad >>>>>>>>>>>>>>>>>>>>>>>>>>>>>>> message 66 size 75
[13:32:46] broad >>>>>>>>>>>>>>>>>>>>>>>>>>>>>>> message 73 size 154
[13:32:46] *****************游戏结束***************
[13:32:54] *****************游戏开始***************
[13:32:54] broad >>>>>>>>>>>>>>>>>>>>>>>>>>>>>>> message 51 size 3
[13:32:54] send >>>>>>>>>>>>>>>>>>>>>>>>>>>>>>> 0 message 52 size 72
[13:32:54] send >>>>>>>>>>>>>>>>>>>>>>>>>>>>>>> 1 message 52 size 72
[13:32:54] send >>>>>>>>>>>>>>>>>>>>>>>>>>>>>>> 2 message 52 size 72
[13:32:54] send >>>>>>>>>>>>>>>>>>>>>>>>>>>>>>> 0 message 60 size 1
[13:32:54] send >>>>>>>>>>>>>>>>>>>>>>>>>>>>>>> 1 message 60 size 1
[13:32:54] send >>>>>>>>>>>>>>>>>>>>>>>>>>>>>>> 2 message 60 size 1
[13:32:58] send >>>>>>>>>>>>>>>>>>>>>>>>>>>>>>> 0 message 63 size 74
[13:32:58] send >>>>>>>>>>>>>>>>>>>>>>>>>>>>>>> 1 message 63 size 74
[13:32:58] send >>>>>>>>>>>>>>>>>>>>>>>>>>>>>>> 2 message 63 size 74
[13:32:59] broad >>>>>>>>>>>>>>>>>>>>>>>>>>>>>>> message 55 size 5
[13:33:2] recv  56 <<<<<<<<<<<<<<<<<<<<<<<<<<<<<<< 2
[13:33:2] broad >>>>>>>>>>>>>>>>>>>>>>>>>>>>>>> message 56 size 5
[13:33:2] broad >>>>>>>>>>>>>>>>>>>>>>>>>>>>>>> message 55 size 5
[13:33:4] recv  56 <<<<<<<<<<<<<<<<<<<<<<<<<<<<<<< 1
[13:33:4] broad >>>>>>>>>>>>>>>>>>>>>>>>>>>>>>> message 56 size 5
[13:33:4] broad >>>>>>>>>>>>>>>>>>>>>>>>>>>>>>> message 76 size 12
[13:33:4] broad >>>>>>>>>>>>>>>>>>>>>>>>>>>>>>> message 55 size 5
[13:33:5] recv  56 <<<<<<<<<<<<<<<<<<<<<<<<<<<<<<< 0
[13:33:5] broad >>>>>>>>>>>>>>>>>>>>>>>>>>>>>>> message 56 size 5
[13:33:5] broad >>>>>>>>>>>>>>>>>>>>>>>>>>>>>>> message 76 size 12
[13:33:5] broad >>>>>>>>>>>>>>>>>>>>>>>>>>>>>>> message 55 size 5
[13:33:7] recv  56 <<<<<<<<<<<<<<<<<<<<<<<<<<<<<<< 1
[13:33:7] broad >>>>>>>>>>>>>>>>>>>>>>>>>>>>>>> message 56 size 5
[13:33:7] broad >>>>>>>>>>>>>>>>>>>>>>>>>>>>>>> message 76 size 12
[13:33:8] broad >>>>>>>>>>>>>>>>>>>>>>>>>>>>>>> message 76 size 12
[13:33:8] send >>>>>>>>>>>>>>>>>>>>>>>>>>>>>>> 0 message 57 size 80
[13:33:8] send >>>>>>>>>>>>>>>>>>>>>>>>>>>>>>> 1 message 57 size 80
[13:33:8] send >>>>>>>>>>>>>>>>>>>>>>>>>>>>>>> 2 message 57 size 80
[13:33:8] broad >>>>>>>>>>>>>>>>>>>>>>>>>>>>>>> message 76 size 12
[13:33:8] send >>>>>>>>>>>>>>>>>>>>>>>>>>>>>>> 0 message 58 size 1
[13:33:8] send >>>>>>>>>>>>>>>>>>>>>>>>>>>>>>> 1 message 58 size 1
[13:33:8] send >>>>>>>>>>>>>>>>>>>>>>>>>>>>>>> 2 message 58 size 1
[13:33:9] recv  59 <<<<<<<<<<<<<<<<<<<<<<<<<<<<<<< 0
[13:33:9] broad >>>>>>>>>>>>>>>>>>>>>>>>>>>>>>> message 59 size 5
[13:33:9] broad >>>>>>>>>>>>>>>>>>>>>>>>>>>>>>> message 76 size 12
[13:33:9] recv  59 <<<<<<<<<<<<<<<<<<<<<<<<<<<<<<< 2
[13:33:9] broad >>>>>>>>>>>>>>>>>>>>>>>>>>>>>>> message 59 size 5
[13:33:9] broad >>>>>>>>>>>>>>>>>>>>>>>>>>>>>>> message 76 size 12
[13:33:14] recv  59 <<<<<<<<<<<<<<<<<<<<<<<<<<<<<<< 1
[13:33:14] broad >>>>>>>>>>>>>>>>>>>>>>>>>>>>>>> message 59 size 5
[13:33:14] broad >>>>>>>>>>>>>>>>>>>>>>>>>>>>>>> message 76 size 12
[13:33:14] broad >>>>>>>>>>>>>>>>>>>>>>>>>>>>>>> message 60 size 1
[13:33:24] broad >>>>>>>>>>>>>>>>>>>>>>>>>>>>>>> message 64 size 1
[13:33:30] recv  65 <<<<<<<<<<<<<<<<<<<<<<<<<<<<<<< 1
[13:33:30] broad >>>>>>>>>>>>>>>>>>>>>>>>>>>>>>> message 66 size 75
[13:33:33] recv  68 <<<<<<<<<<<<<<<<<<<<<<<<<<<<<<< 0
[13:33:33] broad >>>>>>>>>>>>>>>>>>>>>>>>>>>>>>> message 69 size 4
[13:33:35] recv  70 <<<<<<<<<<<<<<<<<<<<<<<<<<<<<<< 2
[13:33:35] send >>>>>>>>>>>>>>>>>>>>>>>>>>>>>>> 2 message 71 size 964
[13:33:35] recv  68 <<<<<<<<<<<<<<<<<<<<<<<<<<<<<<< 2
[13:33:35] broad >>>>>>>>>>>>>>>>>>>>>>>>>>>>>>> message 69 size 4
[13:33:35] broad >>>>>>>>>>>>>>>>>>>>>>>>>>>>>>> message 64 size 1
[13:33:40] recv  65 <<<<<<<<<<<<<<<<<<<<<<<<<<<<<<< 1
[13:33:40] broad >>>>>>>>>>>>>>>>>>>>>>>>>>>>>>> message 66 size 75
[13:33:43] recv  68 <<<<<<<<<<<<<<<<<<<<<<<<<<<<<<< 0
[13:33:43] broad >>>>>>>>>>>>>>>>>>>>>>>>>>>>>>> message 69 size 4
[13:33:45] recv  70 <<<<<<<<<<<<<<<<<<<<<<<<<<<<<<< 2
[13:33:45] send >>>>>>>>>>>>>>>>>>>>>>>>>>>>>>> 2 message 71 size 964
[13:33:47] recv  65 <<<<<<<<<<<<<<<<<<<<<<<<<<<<<<< 2
[13:33:47] broad >>>>>>>>>>>>>>>>>>>>>>>>>>>>>>> message 66 size 75
[13:33:49] recv  65 <<<<<<<<<<<<<<<<<<<<<<<<<<<<<<< 1
[13:33:49] broad >>>>>>>>>>>>>>>>>>>>>>>>>>>>>>> message 66 size 75
[13:33:51] recv  68 <<<<<<<<<<<<<<<<<<<<<<<<<<<<<<< 0
[13:33:51] broad >>>>>>>>>>>>>>>>>>>>>>>>>>>>>>> message 69 size 4
[13:33:51] recv  70 <<<<<<<<<<<<<<<<<<<<<<<<<<<<<<< 2
[13:33:51] send >>>>>>>>>>>>>>>>>>>>>>>>>>>>>>> 2 message 71 size 964
[13:33:52] recv  65 <<<<<<<<<<<<<<<<<<<<<<<<<<<<<<< 2
[13:33:52] broad >>>>>>>>>>>>>>>>>>>>>>>>>>>>>>> message 66 size 75
[13:33:56] recv  65 <<<<<<<<<<<<<<<<<<<<<<<<<<<<<<< 1
[13:33:56] broad >>>>>>>>>>>>>>>>>>>>>>>>>>>>>>> message 66 size 75
[13:33:56] broad >>>>>>>>>>>>>>>>>>>>>>>>>>>>>>> message 76 size 12
[13:34:0] recv  70 <<<<<<<<<<<<<<<<<<<<<<<<<<<<<<< 0
[13:34:0] send >>>>>>>>>>>>>>>>>>>>>>>>>>>>>>> 0 message 71 size 964
[13:34:4] recv  65 <<<<<<<<<<<<<<<<<<<<<<<<<<<<<<< 0
[13:34:4] broad >>>>>>>>>>>>>>>>>>>>>>>>>>>>>>> message 66 size 75
[13:34:4] broad >>>>>>>>>>>>>>>>>>>>>>>>>>>>>>> message 76 size 12
[13:34:7] recv  70 <<<<<<<<<<<<<<<<<<<<<<<<<<<<<<< 2
[13:34:7] send >>>>>>>>>>>>>>>>>>>>>>>>>>>>>>> 2 message 71 size 964
[13:34:7] recv  68 <<<<<<<<<<<<<<<<<<<<<<<<<<<<<<< 2
[13:34:7] broad >>>>>>>>>>>>>>>>>>>>>>>>>>>>>>> message 69 size 4
[13:34:9] recv  65 <<<<<<<<<<<<<<<<<<<<<<<<<<<<<<< 1
[13:34:9] broad >>>>>>>>>>>>>>>>>>>>>>>>>>>>>>> message 66 size 75
[13:34:9] broad >>>>>>>>>>>>>>>>>>>>>>>>>>>>>>> message 76 size 12
[13:34:12] recv  70 <<<<<<<<<<<<<<<<<<<<<<<<<<<<<<< 0
[13:34:12] send >>>>>>>>>>>>>>>>>>>>>>>>>>>>>>> 0 message 71 size 964
[13:34:12] recv  68 <<<<<<<<<<<<<<<<<<<<<<<<<<<<<<< 0
[13:34:12] broad >>>>>>>>>>>>>>>>>>>>>>>>>>>>>>> message 69 size 4
[13:34:14] recv  70 <<<<<<<<<<<<<<<<<<<<<<<<<<<<<<< 2
[13:34:14] send >>>>>>>>>>>>>>>>>>>>>>>>>>>>>>> 2 message 71 size 964
[13:34:14] recv  68 <<<<<<<<<<<<<<<<<<<<<<<<<<<<<<< 2
[13:34:14] broad >>>>>>>>>>>>>>>>>>>>>>>>>>>>>>> message 69 size 4
[13:34:14] broad >>>>>>>>>>>>>>>>>>>>>>>>>>>>>>> message 64 size 1
[13:34:16] recv  65 <<<<<<<<<<<<<<<<<<<<<<<<<<<<<<< 1
[13:34:16] broad >>>>>>>>>>>>>>>>>>>>>>>>>>>>>>> message 66 size 75
[13:34:17] broad >>>>>>>>>>>>>>>>>>>>>>>>>>>>>>> message 73 size 154
[13:34:17] broad >>>>>>>>>>>>>>>>>>>>>>>>>>>>>>> message 74 size 87
[13:34:17] *****************游戏结束***************
