[13:38:16] *****************游戏开始***************
[13:38:16] broad >>>>>>>>>>>>>>>>>>>>>>>>>>>>>>> message 51 size 3
[13:38:16] send >>>>>>>>>>>>>>>>>>>>>>>>>>>>>>> 0 message 63 size 74
[13:38:16] send >>>>>>>>>>>>>>>>>>>>>>>>>>>>>>> 1 message 63 size 74
[13:38:16] send >>>>>>>>>>>>>>>>>>>>>>>>>>>>>>> 2 message 63 size 74
[13:38:16] send >>>>>>>>>>>>>>>>>>>>>>>>>>>>>>> 0 message 52 size 72
[13:38:16] send >>>>>>>>>>>>>>>>>>>>>>>>>>>>>>> 1 message 52 size 72
[13:38:16] send >>>>>>>>>>>>>>>>>>>>>>>>>>>>>>> 2 message 52 size 72
[13:38:16] send >>>>>>>>>>>>>>>>>>>>>>>>>>>>>>> 0 message 60 size 1
[13:38:16] send >>>>>>>>>>>>>>>>>>>>>>>>>>>>>>> 1 message 60 size 1
[13:38:16] send >>>>>>>>>>>>>>>>>>>>>>>>>>>>>>> 2 message 60 size 1
[13:38:19] recv  61 <<<<<<<<<<<<<<<<<<<<<<<<<<<<<<< 2
[13:38:19] broad >>>>>>>>>>>>>>>>>>>>>>>>>>>>>>> message 62 size 29
[13:38:19] broad >>>>>>>>>>>>>>>>>>>>>>>>>>>>>>> message 76 size 12
[13:38:21] broad >>>>>>>>>>>>>>>>>>>>>>>>>>>>>>> message 55 size 5
[13:38:22] recv  56 <<<<<<<<<<<<<<<<<<<<<<<<<<<<<<< 2
[13:38:22] broad >>>>>>>>>>>>>>>>>>>>>>>>>>>>>>> message 56 size 5
[13:38:22] broad >>>>>>>>>>>>>>>>>>>>>>>>>>>>>>> message 76 size 12
[13:38:22] broad >>>>>>>>>>>>>>>>>>>>>>>>>>>>>>> message 55 size 5
[13:38:27] recv  56 <<<<<<<<<<<<<<<<<<<<<<<<<<<<<<< 1
[13:38:27] broad >>>>>>>>>>>>>>>>>>>>>>>>>>>>>>> message 56 size 5
[13:38:27] broad >>>>>>>>>>>>>>>>>>>>>>>>>>>>>>> message 55 size 5
[13:38:29] recv  56 <<<<<<<<<<<<<<<<<<<<<<<<<<<<<<< 0
[13:38:29] broad >>>>>>>>>>>>>>>>>>>>>>>>>>>>>>> message 56 size 5
[13:38:30] send >>>>>>>>>>>>>>>>>>>>>>>>>>>>>>> 0 message 63 size 74
[13:38:30] send >>>>>>>>>>>>>>>>>>>>>>>>>>>>>>> 1 message 63 size 74
[13:38:30] send >>>>>>>>>>>>>>>>>>>>>>>>>>>>>>> 2 message 63 size 74
[13:38:30] send >>>>>>>>>>>>>>>>>>>>>>>>>>>>>>> 0 message 57 size 80
[13:38:30] send >>>>>>>>>>>>>>>>>>>>>>>>>>>>>>> 1 message 57 size 80
[13:38:30] send >>>>>>>>>>>>>>>>>>>>>>>>>>>>>>> 2 message 57 size 80
[13:38:30] broad >>>>>>>>>>>>>>>>>>>>>>>>>>>>>>> message 76 size 12
[13:38:30] send >>>>>>>>>>>>>>>>>>>>>>>>>>>>>>> 0 message 58 size 1
[13:38:30] send >>>>>>>>>>>>>>>>>>>>>>>>>>>>>>> 1 message 58 size 1
[13:38:30] send >>>>>>>>>>>>>>>>>>>>>>>>>>>>>>> 2 message 58 size 1
[13:38:31] recv  59 <<<<<<<<<<<<<<<<<<<<<<<<<<<<<<< 2
[13:38:31] broad >>>>>>>>>>>>>>>>>>>>>>>>>>>>>>> message 59 size 5
[13:38:31] broad >>>>>>>>>>>>>>>>>>>>>>>>>>>>>>> message 76 size 12
[13:38:32] recv  59 <<<<<<<<<<<<<<<<<<<<<<<<<<<<<<< 0
[13:38:32] broad >>>>>>>>>>>>>>>>>>>>>>>>>>>>>>> message 59 size 5
[13:38:32] broad >>>>>>>>>>>>>>>>>>>>>>>>>>>>>>> message 76 size 12
[13:38:34] recv  59 <<<<<<<<<<<<<<<<<<<<<<<<<<<<<<< 1
[13:38:34] broad >>>>>>>>>>>>>>>>>>>>>>>>>>>>>>> message 59 size 5
[13:38:34] broad >>>>>>>>>>>>>>>>>>>>>>>>>>>>>>> message 76 size 12
[13:38:36] broad >>>>>>>>>>>>>>>>>>>>>>>>>>>>>>> message 64 size 1
[13:38:47] recv  65 <<<<<<<<<<<<<<<<<<<<<<<<<<<<<<< 2
[13:38:47] broad >>>>>>>>>>>>>>>>>>>>>>>>>>>>>>> message 66 size 75
[13:38:50] recv  65 <<<<<<<<<<<<<<<<<<<<<<<<<<<<<<< 1
[13:38:50] broad >>>>>>>>>>>>>>>>>>>>>>>>>>>>>>> message 66 size 75
[13:38:57] recv  65 <<<<<<<<<<<<<<<<<<<<<<<<<<<<<<< 0
[13:38:57] broad >>>>>>>>>>>>>>>>>>>>>>>>>>>>>>> message 66 size 75
[13:39:3] recv  65 <<<<<<<<<<<<<<<<<<<<<<<<<<<<<<< 2
[13:39:3] broad >>>>>>>>>>>>>>>>>>>>>>>>>>>>>>> message 66 size 75
[13:39:3] broad >>>>>>>>>>>>>>>>>>>>>>>>>>>>>>> message 76 size 12
[13:39:6] recv  68 <<<<<<<<<<<<<<<<<<<<<<<<<<<<<<< 1
[13:39:6] broad >>>>>>>>>>>>>>>>>>>>>>>>>>>>>>> message 69 size 4
[13:39:9] recv  70 <<<<<<<<<<<<<<<<<<<<<<<<<<<<<<< 0
[13:39:9] send >>>>>>>>>>>>>>>>>>>>>>>>>>>>>>> 0 message 71 size 964
[13:39:10] recv  65 <<<<<<<<<<<<<<<<<<<<<<<<<<<<<<< 0
[13:39:10] broad >>>>>>>>>>>>>>>>>>>>>>>>>>>>>>> message 66 size 75
[13:39:10] broad >>>>>>>>>>>>>>>>>>>>>>>>>>>>>>> message 76 size 12
[13:39:17] recv  68 <<<<<<<<<<<<<<<<<<<<<<<<<<<<<<< 2
[13:39:17] broad >>>>>>>>>>>>>>>>>>>>>>>>>>>>>>> message 69 size 4
[13:39:19] recv  68 <<<<<<<<<<<<<<<<<<<<<<<<<<<<<<< 1
[13:39:19] broad >>>>>>>>>>>>>>>>>>>>>>>>>>>>>>> message 69 size 4
[13:39:19] broad >>>>>>>>>>>>>>>>>>>>>>>>>>>>>>> message 64 size 1
[13:39:23] recv  65 <<<<<<<<<<<<<<<<<<<<<<<<<<<<<<< 0
[13:39:23] broad >>>>>>>>>>>>>>>>>>>>>>>>>>>>>>> message 66 size 75
[13:39:32] recv  65 <<<<<<<<<<<<<<<<<<<<<<<<<<<<<<< 2
[13:39:32] broad >>>>>>>>>>>>>>>>>>>>>>>>>>>>>>> message 66 size 75
[13:39:39] recv  65 <<<<<<<<<<<<<<<<<<<<<<<<<<<<<<< 1
[13:39:39] broad >>>>>>>>>>>>>>>>>>>>>>>>>>>>>>> message 66 size 75
[13:39:39] broad >>>>>>>>>>>>>>>>>>>>>>>>>>>>>>> message 76 size 12
[13:39:41] recv  68 <<<<<<<<<<<<<<<<<<<<<<<<<<<<<<< 0
[13:39:41] broad >>>>>>>>>>>>>>>>>>>>>>>>>>>>>>> message 69 size 4
[13:39:45] recv  65 <<<<<<<<<<<<<<<<<<<<<<<<<<<<<<< 2
[13:39:45] broad >>>>>>>>>>>>>>>>>>>>>>>>>>>>>>> message 66 size 75
[13:39:45] broad >>>>>>>>>>>>>>>>>>>>>>>>>>>>>>> message 76 size 12
[13:39:47] recv  68 <<<<<<<<<<<<<<<<<<<<<<<<<<<<<<< 1
[13:39:47] broad >>>>>>>>>>>>>>>>>>>>>>>>>>>>>>> message 69 size 4
[13:39:49] recv  68 <<<<<<<<<<<<<<<<<<<<<<<<<<<<<<< 0
[13:39:49] broad >>>>>>>>>>>>>>>>>>>>>>>>>>>>>>> message 69 size 4
[13:39:49] broad >>>>>>>>>>>>>>>>>>>>>>>>>>>>>>> message 64 size 1
[13:39:51] recv  65 <<<<<<<<<<<<<<<<<<<<<<<<<<<<<<< 2
[13:39:51] broad >>>>>>>>>>>>>>>>>>>>>>>>>>>>>>> message 66 size 75
[13:39:55] recv  65 <<<<<<<<<<<<<<<<<<<<<<<<<<<<<<< 1
[13:39:55] broad >>>>>>>>>>>>>>>>>>>>>>>>>>>>>>> message 66 size 75
[13:39:56] recv  68 <<<<<<<<<<<<<<<<<<<<<<<<<<<<<<< 0
[13:39:56] broad >>>>>>>>>>>>>>>>>>>>>>>>>>>>>>> message 69 size 4
[13:39:59] recv  65 <<<<<<<<<<<<<<<<<<<<<<<<<<<<<<< 2
[13:39:59] broad >>>>>>>>>>>>>>>>>>>>>>>>>>>>>>> message 66 size 75
[13:39:59] broad >>>>>>>>>>>>>>>>>>>>>>>>>>>>>>> message 76 size 12
[13:40:1] recv  70 <<<<<<<<<<<<<<<<<<<<<<<<<<<<<<< 1
[13:40:1] send >>>>>>>>>>>>>>>>>>>>>>>>>>>>>>> 1 message 71 size 964
[13:40:2] recv  65 <<<<<<<<<<<<<<<<<<<<<<<<<<<<<<< 1
[13:40:2] broad >>>>>>>>>>>>>>>>>>>>>>>>>>>>>>> message 66 size 75
[13:40:2] broad >>>>>>>>>>>>>>>>>>>>>>>>>>>>>>> message 76 size 12
[13:40:6] recv  68 <<<<<<<<<<<<<<<<<<<<<<<<<<<<<<< 0
[13:40:6] broad >>>>>>>>>>>>>>>>>>>>>>>>>>>>>>> message 69 size 4
[13:40:7] recv  65 <<<<<<<<<<<<<<<<<<<<<<<<<<<<<<< 2
[13:40:7] broad >>>>>>>>>>>>>>>>>>>>>>>>>>>>>>> message 66 size 75
[13:40:7] broad >>>>>>>>>>>>>>>>>>>>>>>>>>>>>>> message 76 size 12
[13:40:9] recv  70 <<<<<<<<<<<<<<<<<<<<<<<<<<<<<<< 1
[13:40:9] send >>>>>>>>>>>>>>>>>>>>>>>>>>>>>>> 1 message 71 size 964
[13:40:9] recv  68 <<<<<<<<<<<<<<<<<<<<<<<<<<<<<<< 1
[13:40:9] broad >>>>>>>>>>>>>>>>>>>>>>>>>>>>>>> message 69 size 4
[13:40:11] recv  68 <<<<<<<<<<<<<<<<<<<<<<<<<<<<<<< 0
[13:40:11] broad >>>>>>>>>>>>>>>>>>>>>>>>>>>>>>> message 69 size 4
[13:40:11] broad >>>>>>>>>>>>>>>>>>>>>>>>>>>>>>> message 64 size 1
[13:40:13] recv  65 <<<<<<<<<<<<<<<<<<<<<<<<<<<<<<< 2
[13:40:13] broad >>>>>>>>>>>>>>>>>>>>>>>>>>>>>>> message 66 size 75
[13:40:13] broad >>>>>>>>>>>>>>>>>>>>>>>>>>>>>>> message 73 size 154
[13:40:13] *****************游戏结束***************
[13:40:20] *****************游戏开始***************
[13:40:20] broad >>>>>>>>>>>>>>>>>>>>>>>>>>>>>>> message 51 size 3
[13:40:20] send >>>>>>>>>>>>>>>>>>>>>>>>>>>>>>> 0 message 63 size 74
[13:40:20] send >>>>>>>>>>>>>>>>>>>>>>>>>>>>>>> 1 message 63 size 74
[13:40:20] send >>>>>>>>>>>>>>>>>>>>>>>>>>>>>>> 2 message 63 size 74
[13:40:20] send >>>>>>>>>>>>>>>>>>>>>>>>>>>>>>> 0 message 52 size 72
[13:40:20] send >>>>>>>>>>>>>>>>>>>>>>>>>>>>>>> 1 message 52 size 72
[13:40:20] send >>>>>>>>>>>>>>>>>>>>>>>>>>>>>>> 2 message 52 size 72
[13:40:20] send >>>>>>>>>>>>>>>>>>>>>>>>>>>>>>> 0 message 60 size 1
[13:40:20] send >>>>>>>>>>>>>>>>>>>>>>>>>>>>>>> 1 message 60 size 1
[13:40:20] send >>>>>>>>>>>>>>>>>>>>>>>>>>>>>>> 2 message 60 size 1
[13:40:25] broad >>>>>>>>>>>>>>>>>>>>>>>>>>>>>>> message 55 size 5
[13:40:27] recv  56 <<<<<<<<<<<<<<<<<<<<<<<<<<<<<<< 2
[13:40:27] broad >>>>>>>>>>>>>>>>>>>>>>>>>>>>>>> message 56 size 5
[13:40:27] broad >>>>>>>>>>>>>>>>>>>>>>>>>>>>>>> message 76 size 12
[13:40:27] broad >>>>>>>>>>>>>>>>>>>>>>>>>>>>>>> message 55 size 5
[13:40:29] recv  56 <<<<<<<<<<<<<<<<<<<<<<<<<<<<<<< 1
[13:40:29] broad >>>>>>>>>>>>>>>>>>>>>>>>>>>>>>> message 56 size 5
[13:40:29] broad >>>>>>>>>>>>>>>>>>>>>>>>>>>>>>> message 76 size 12
[13:40:29] broad >>>>>>>>>>>>>>>>>>>>>>>>>>>>>>> message 55 size 5
[13:40:31] recv  56 <<<<<<<<<<<<<<<<<<<<<<<<<<<<<<< 0
[13:40:31] broad >>>>>>>>>>>>>>>>>>>>>>>>>>>>>>> message 56 size 5
[13:40:31] broad >>>>>>>>>>>>>>>>>>>>>>>>>>>>>>> message 76 size 12
[13:40:31] broad >>>>>>>>>>>>>>>>>>>>>>>>>>>>>>> message 55 size 5
[13:40:34] recv  56 <<<<<<<<<<<<<<<<<<<<<<<<<<<<<<< 2
[13:40:34] broad >>>>>>>>>>>>>>>>>>>>>>>>>>>>>>> message 56 size 5
[13:40:34] broad >>>>>>>>>>>>>>>>>>>>>>>>>>>>>>> message 76 size 12
[13:40:35] send >>>>>>>>>>>>>>>>>>>>>>>>>>>>>>> 0 message 63 size 74
[13:40:35] send >>>>>>>>>>>>>>>>>>>>>>>>>>>>>>> 1 message 63 size 74
[13:40:35] send >>>>>>>>>>>>>>>>>>>>>>>>>>>>>>> 2 message 63 size 74
[13:40:35] send >>>>>>>>>>>>>>>>>>>>>>>>>>>>>>> 0 message 57 size 80
[13:40:35] send >>>>>>>>>>>>>>>>>>>>>>>>>>>>>>> 1 message 57 size 80
[13:40:35] send >>>>>>>>>>>>>>>>>>>>>>>>>>>>>>> 2 message 57 size 80
[13:40:35] broad >>>>>>>>>>>>>>>>>>>>>>>>>>>>>>> message 76 size 12
[13:40:35] send >>>>>>>>>>>>>>>>>>>>>>>>>>>>>>> 0 message 58 size 1
[13:40:35] send >>>>>>>>>>>>>>>>>>>>>>>>>>>>>>> 1 message 58 size 1
[13:40:35] send >>>>>>>>>>>>>>>>>>>>>>>>>>>>>>> 2 message 58 size 1
[13:40:37] recv  59 <<<<<<<<<<<<<<<<<<<<<<<<<<<<<<< 0
[13:40:37] broad >>>>>>>>>>>>>>>>>>>>>>>>>>>>>>> message 59 size 5
[13:40:37] broad >>>>>>>>>>>>>>>>>>>>>>>>>>>>>>> message 76 size 12
[13:40:39] recv  59 <<<<<<<<<<<<<<<<<<<<<<<<<<<<<<< 2
[13:40:39] broad >>>>>>>>>>>>>>>>>>>>>>>>>>>>>>> message 59 size 5
[13:40:39] broad >>>>>>>>>>>>>>>>>>>>>>>>>>>>>>> message 76 size 12
[13:40:39] recv  59 <<<<<<<<<<<<<<<<<<<<<<<<<<<<<<< 1
[13:40:39] broad >>>>>>>>>>>>>>>>>>>>>>>>>>>>>>> message 59 size 5
[13:40:39] broad >>>>>>>>>>>>>>>>>>>>>>>>>>>>>>> message 76 size 12
[13:40:39] broad >>>>>>>>>>>>>>>>>>>>>>>>>>>>>>> message 60 size 1
[13:40:50] broad >>>>>>>>>>>>>>>>>>>>>>>>>>>>>>> message 64 size 1
[13:41:6] recv  65 <<<<<<<<<<<<<<<<<<<<<<<<<<<<<<< 2
[13:41:6] broad >>>>>>>>>>>>>>>>>>>>>>>>>>>>>>> message 66 size 75
[13:41:17] recv  68 <<<<<<<<<<<<<<<<<<<<<<<<<<<<<<< 1
[13:41:17] broad >>>>>>>>>>>>>>>>>>>>>>>>>>>>>>> message 69 size 4
[13:41:19] recv  70 <<<<<<<<<<<<<<<<<<<<<<<<<<<<<<< 0
[13:41:19] send >>>>>>>>>>>>>>>>>>>>>>>>>>>>>>> 0 message 71 size 964
[13:41:21] recv  65 <<<<<<<<<<<<<<<<<<<<<<<<<<<<<<< 0
[13:41:21] broad >>>>>>>>>>>>>>>>>>>>>>>>>>>>>>> message 66 size 75
[13:41:25] recv  65 <<<<<<<<<<<<<<<<<<<<<<<<<<<<<<< 2
[13:41:25] broad >>>>>>>>>>>>>>>>>>>>>>>>>>>>>>> message 66 size 75
[13:41:27] recv  68 <<<<<<<<<<<<<<<<<<<<<<<<<<<<<<< 1
[13:41:27] broad >>>>>>>>>>>>>>>>>>>>>>>>>>>>>>> message 69 size 4
[13:41:29] recv  70 <<<<<<<<<<<<<<<<<<<<<<<<<<<<<<< 0
[13:41:29] send >>>>>>>>>>>>>>>>>>>>>>>>>>>>>>> 0 message 71 size 964
[13:41:29] recv  65 <<<<<<<<<<<<<<<<<<<<<<<<<<<<<<< 0
[13:41:29] broad >>>>>>>>>>>>>>>>>>>>>>>>>>>>>>> message 66 size 75
[13:41:30] recv  68 <<<<<<<<<<<<<<<<<<<<<<<<<<<<<<< 2
[13:41:30] broad >>>>>>>>>>>>>>>>>>>>>>>>>>>>>>> message 69 size 4
[13:41:32] recv  68 <<<<<<<<<<<<<<<<<<<<<<<<<<<<<<< 1
[13:41:32] broad >>>>>>>>>>>>>>>>>>>>>>>>>>>>>>> message 69 size 4
[13:41:32] broad >>>>>>>>>>>>>>>>>>>>>>>>>>>>>>> message 64 size 1
[13:41:33] recv  65 <<<<<<<<<<<<<<<<<<<<<<<<<<<<<<< 0
[13:41:33] broad >>>>>>>>>>>>>>>>>>>>>>>>>>>>>>> message 66 size 75
[13:41:36] recv  65 <<<<<<<<<<<<<<<<<<<<<<<<<<<<<<< 2
[13:41:36] broad >>>>>>>>>>>>>>>>>>>>>>>>>>>>>>> message 66 size 75
[13:41:40] recv  65 <<<<<<<<<<<<<<<<<<<<<<<<<<<<<<< 1
[13:41:40] broad >>>>>>>>>>>>>>>>>>>>>>>>>>>>>>> message 66 size 75
[13:41:42] recv  68 <<<<<<<<<<<<<<<<<<<<<<<<<<<<<<< 0
[13:41:42] broad >>>>>>>>>>>>>>>>>>>>>>>>>>>>>>> message 69 size 4
[13:41:45] recv  65 <<<<<<<<<<<<<<<<<<<<<<<<<<<<<<< 2
[13:41:45] broad >>>>>>>>>>>>>>>>>>>>>>>>>>>>>>> message 66 size 75
[13:41:47] recv  70 <<<<<<<<<<<<<<<<<<<<<<<<<<<<<<< 1
[13:41:47] send >>>>>>>>>>>>>>>>>>>>>>>>>>>>>>> 1 message 71 size 964
[13:41:51] recv  65 <<<<<<<<<<<<<<<<<<<<<<<<<<<<<<< 1
[13:41:51] broad >>>>>>>>>>>>>>>>>>>>>>>>>>>>>>> message 66 size 75
[13:41:51] broad >>>>>>>>>>>>>>>>>>>>>>>>>>>>>>> message 76 size 12
[13:41:52] recv  68 <<<<<<<<<<<<<<<<<<<<<<<<<<<<<<< 0
[13:41:52] broad >>>>>>>>>>>>>>>>>>>>>>>>>>>>>>> message 69 size 4
[13:41:53] recv  68 <<<<<<<<<<<<<<<<<<<<<<<<<<<<<<< 2
[13:41:53] broad >>>>>>>>>>>>>>>>>>>>>>>>>>>>>>> message 69 size 4
[13:41:53] broad >>>>>>>>>>>>>>>>>>>>>>>>>>>>>>> message 64 size 1
[13:41:59] recv  65 <<<<<<<<<<<<<<<<<<<<<<<<<<<<<<< 1
[13:41:59] send >>>>>>>>>>>>>>>>>>>>>>>>>>>>>>> 1 message 67 size 964
[13:42:4] recv  65 <<<<<<<<<<<<<<<<<<<<<<<<<<<<<<< 1
[13:42:4] broad >>>>>>>>>>>>>>>>>>>>>>>>>>>>>>> message 66 size 75
[13:42:6] recv  68 <<<<<<<<<<<<<<<<<<<<<<<<<<<<<<< 0
[13:42:6] broad >>>>>>>>>>>>>>>>>>>>>>>>>>>>>>> message 69 size 4
[13:42:8] recv  70 <<<<<<<<<<<<<<<<<<<<<<<<<<<<<<< 2
[13:42:8] send >>>>>>>>>>>>>>>>>>>>>>>>>>>>>>> 2 message 71 size 964
[13:42:11] recv  65 <<<<<<<<<<<<<<<<<<<<<<<<<<<<<<< 2
[13:42:11] broad >>>>>>>>>>>>>>>>>>>>>>>>>>>>>>> message 66 size 75
[13:42:11] broad >>>>>>>>>>>>>>>>>>>>>>>>>>>>>>> message 76 size 12
[13:42:12] recv  68 <<<<<<<<<<<<<<<<<<<<<<<<<<<<<<< 1
[13:42:12] broad >>>>>>>>>>>>>>>>>>>>>>>>>>>>>>> message 69 size 4
[13:42:13] recv  68 <<<<<<<<<<<<<<<<<<<<<<<<<<<<<<< 0
[13:42:13] broad >>>>>>>>>>>>>>>>>>>>>>>>>>>>>>> message 69 size 4
[13:42:13] broad >>>>>>>>>>>>>>>>>>>>>>>>>>>>>>> message 64 size 1
[13:42:16] recv  65 <<<<<<<<<<<<<<<<<<<<<<<<<<<<<<< 2
[13:42:16] broad >>>>>>>>>>>>>>>>>>>>>>>>>>>>>>> message 66 size 75
[13:42:17] broad >>>>>>>>>>>>>>>>>>>>>>>>>>>>>>> message 73 size 154
[13:42:17] broad >>>>>>>>>>>>>>>>>>>>>>>>>>>>>>> message 74 size 87
[13:42:17] *****************游戏结束***************
