[21:30:21] *****************游戏开始***************
[21:30:21] broad >>>>>>>>>>>>>>>>>>>>>>>>>>>>>>> message 51 size 3
[21:30:21] broad >>>>>>>>>>>>>>>>>>>>>>>>>>>>>>> message 76 size 12
[21:30:21] send >>>>>>>>>>>>>>>>>>>>>>>>>>>>>>> 0 message 52 size 72
[21:30:21] send >>>>>>>>>>>>>>>>>>>>>>>>>>>>>>> 1 message 52 size 72
[21:30:21] send >>>>>>>>>>>>>>>>>>>>>>>>>>>>>>> 2 message 52 size 72
[21:30:21] send >>>>>>>>>>>>>>>>>>>>>>>>>>>>>>> 0 message 60 size 1
[21:30:21] send >>>>>>>>>>>>>>>>>>>>>>>>>>>>>>> 1 message 60 size 1
[21:30:21] send >>>>>>>>>>>>>>>>>>>>>>>>>>>>>>> 2 message 60 size 1
[21:30:26] send >>>>>>>>>>>>>>>>>>>>>>>>>>>>>>> 0 message 63 size 74
[21:30:26] send >>>>>>>>>>>>>>>>>>>>>>>>>>>>>>> 1 message 63 size 74
[21:30:26] send >>>>>>>>>>>>>>>>>>>>>>>>>>>>>>> 2 message 63 size 74
[21:30:27] broad >>>>>>>>>>>>>>>>>>>>>>>>>>>>>>> message 55 size 5
[21:30:28] recv  56 <<<<<<<<<<<<<<<<<<<<<<<<<<<<<<< 2
[21:30:28] broad >>>>>>>>>>>>>>>>>>>>>>>>>>>>>>> message 56 size 5
[21:30:28] broad >>>>>>>>>>>>>>>>>>>>>>>>>>>>>>> message 76 size 12
[21:30:28] broad >>>>>>>>>>>>>>>>>>>>>>>>>>>>>>> message 55 size 5
[21:30:31] recv  56 <<<<<<<<<<<<<<<<<<<<<<<<<<<<<<< 1
[21:30:31] broad >>>>>>>>>>>>>>>>>>>>>>>>>>>>>>> message 56 size 5
[21:30:31] broad >>>>>>>>>>>>>>>>>>>>>>>>>>>>>>> message 76 size 12
[21:30:31] broad >>>>>>>>>>>>>>>>>>>>>>>>>>>>>>> message 55 size 5
[21:30:33] recv  56 <<<<<<<<<<<<<<<<<<<<<<<<<<<<<<< 0
[21:30:33] broad >>>>>>>>>>>>>>>>>>>>>>>>>>>>>>> message 56 size 5
[21:30:33] broad >>>>>>>>>>>>>>>>>>>>>>>>>>>>>>> message 55 size 5
[21:30:34] recv  56 <<<<<<<<<<<<<<<<<<<<<<<<<<<<<<< 2
[21:30:34] broad >>>>>>>>>>>>>>>>>>>>>>>>>>>>>>> message 56 size 5
[21:30:34] broad >>>>>>>>>>>>>>>>>>>>>>>>>>>>>>> message 76 size 12
[21:30:35] send >>>>>>>>>>>>>>>>>>>>>>>>>>>>>>> 0 message 57 size 80
[21:30:35] send >>>>>>>>>>>>>>>>>>>>>>>>>>>>>>> 1 message 57 size 80
[21:30:35] send >>>>>>>>>>>>>>>>>>>>>>>>>>>>>>> 2 message 57 size 80
[21:30:35] broad >>>>>>>>>>>>>>>>>>>>>>>>>>>>>>> message 76 size 12
[21:30:35] send >>>>>>>>>>>>>>>>>>>>>>>>>>>>>>> 0 message 58 size 1
[21:30:35] send >>>>>>>>>>>>>>>>>>>>>>>>>>>>>>> 1 message 58 size 1
[21:30:35] send >>>>>>>>>>>>>>>>>>>>>>>>>>>>>>> 2 message 58 size 1
[21:30:38] recv  59 <<<<<<<<<<<<<<<<<<<<<<<<<<<<<<< 1
[21:30:38] broad >>>>>>>>>>>>>>>>>>>>>>>>>>>>>>> message 59 size 5
[21:30:38] broad >>>>>>>>>>>>>>>>>>>>>>>>>>>>>>> message 76 size 12
[21:30:38] recv  59 <<<<<<<<<<<<<<<<<<<<<<<<<<<<<<< 0
[21:30:38] broad >>>>>>>>>>>>>>>>>>>>>>>>>>>>>>> message 59 size 5
[21:30:38] broad >>>>>>>>>>>>>>>>>>>>>>>>>>>>>>> message 76 size 12
[21:30:38] recv  59 <<<<<<<<<<<<<<<<<<<<<<<<<<<<<<< 2
[21:30:38] broad >>>>>>>>>>>>>>>>>>>>>>>>>>>>>>> message 59 size 5
[21:30:38] broad >>>>>>>>>>>>>>>>>>>>>>>>>>>>>>> message 76 size 12
[21:30:40] broad >>>>>>>>>>>>>>>>>>>>>>>>>>>>>>> message 64 size 1
[21:30:55] recv  65 <<<<<<<<<<<<<<<<<<<<<<<<<<<<<<< 2
[21:30:55] broad >>>>>>>>>>>>>>>>>>>>>>>>>>>>>>> message 66 size 75
[21:31:2] recv  65 <<<<<<<<<<<<<<<<<<<<<<<<<<<<<<< 1
[21:31:2] broad >>>>>>>>>>>>>>>>>>>>>>>>>>>>>>> message 66 size 75
[21:31:4] recv  65 <<<<<<<<<<<<<<<<<<<<<<<<<<<<<<< 0
[21:31:4] broad >>>>>>>>>>>>>>>>>>>>>>>>>>>>>>> message 66 size 75
[21:31:6] recv  65 <<<<<<<<<<<<<<<<<<<<<<<<<<<<<<< 2
[21:31:6] broad >>>>>>>>>>>>>>>>>>>>>>>>>>>>>>> message 66 size 75
[21:31:10] recv  70 <<<<<<<<<<<<<<<<<<<<<<<<<<<<<<< 1
[21:31:10] send >>>>>>>>>>>>>>>>>>>>>>>>>>>>>>> 1 message 71 size 964
[21:31:12] recv  68 <<<<<<<<<<<<<<<<<<<<<<<<<<<<<<< 1
[21:31:12] broad >>>>>>>>>>>>>>>>>>>>>>>>>>>>>>> message 69 size 4
[21:31:15] recv  68 <<<<<<<<<<<<<<<<<<<<<<<<<<<<<<< 0
[21:31:15] broad >>>>>>>>>>>>>>>>>>>>>>>>>>>>>>> message 69 size 4
[21:31:15] broad >>>>>>>>>>>>>>>>>>>>>>>>>>>>>>> message 64 size 1
[21:31:36] broad >>>>>>>>>>>>>>>>>>>>>>>>>>>>>>> message 66 size 75
[21:31:36] recv  65 <<<<<<<<<<<<<<<<<<<<<<<<<<<<<<< 2
[21:31:38] recv  70 <<<<<<<<<<<<<<<<<<<<<<<<<<<<<<< 1
[21:31:38] send >>>>>>>>>>>>>>>>>>>>>>>>>>>>>>> 1 message 71 size 964
[21:31:39] recv  65 <<<<<<<<<<<<<<<<<<<<<<<<<<<<<<< 1
[21:31:39] broad >>>>>>>>>>>>>>>>>>>>>>>>>>>>>>> message 66 size 75
[21:31:42] recv  70 <<<<<<<<<<<<<<<<<<<<<<<<<<<<<<< 0
[21:31:42] send >>>>>>>>>>>>>>>>>>>>>>>>>>>>>>> 0 message 71 size 964
[21:31:43] recv  65 <<<<<<<<<<<<<<<<<<<<<<<<<<<<<<< 0
[21:31:43] broad >>>>>>>>>>>>>>>>>>>>>>>>>>>>>>> message 66 size 75
[21:31:51] recv  65 <<<<<<<<<<<<<<<<<<<<<<<<<<<<<<< 2
[21:31:51] broad >>>>>>>>>>>>>>>>>>>>>>>>>>>>>>> message 66 size 75
[21:31:53] recv  70 <<<<<<<<<<<<<<<<<<<<<<<<<<<<<<< 1
[21:31:53] send >>>>>>>>>>>>>>>>>>>>>>>>>>>>>>> 1 message 71 size 964
[21:31:54] recv  65 <<<<<<<<<<<<<<<<<<<<<<<<<<<<<<< 1
[21:31:54] broad >>>>>>>>>>>>>>>>>>>>>>>>>>>>>>> message 66 size 75
[21:31:55] recv  68 <<<<<<<<<<<<<<<<<<<<<<<<<<<<<<< 0
[21:31:55] broad >>>>>>>>>>>>>>>>>>>>>>>>>>>>>>> message 69 size 4
[21:32:0] recv  65 <<<<<<<<<<<<<<<<<<<<<<<<<<<<<<< 2
[21:32:0] broad >>>>>>>>>>>>>>>>>>>>>>>>>>>>>>> message 66 size 75
[21:32:0] broad >>>>>>>>>>>>>>>>>>>>>>>>>>>>>>> message 76 size 12
[21:32:12] recv  70 <<<<<<<<<<<<<<<<<<<<<<<<<<<<<<< 1
[21:32:12] send >>>>>>>>>>>>>>>>>>>>>>>>>>>>>>> 1 message 71 size 964
[21:32:12] recv  68 <<<<<<<<<<<<<<<<<<<<<<<<<<<<<<< 1
[21:32:12] broad >>>>>>>>>>>>>>>>>>>>>>>>>>>>>>> message 69 size 4
[21:32:14] recv  68 <<<<<<<<<<<<<<<<<<<<<<<<<<<<<<< 0
[21:32:14] broad >>>>>>>>>>>>>>>>>>>>>>>>>>>>>>> message 69 size 4
[21:32:14] broad >>>>>>>>>>>>>>>>>>>>>>>>>>>>>>> message 64 size 1
[21:32:19] recv  65 <<<<<<<<<<<<<<<<<<<<<<<<<<<<<<< 2
[21:32:19] broad >>>>>>>>>>>>>>>>>>>>>>>>>>>>>>> message 66 size 75
[21:32:21] recv  70 <<<<<<<<<<<<<<<<<<<<<<<<<<<<<<< 1
[21:32:21] send >>>>>>>>>>>>>>>>>>>>>>>>>>>>>>> 1 message 71 size 964
[21:32:22] recv  65 <<<<<<<<<<<<<<<<<<<<<<<<<<<<<<< 1
[21:32:22] broad >>>>>>>>>>>>>>>>>>>>>>>>>>>>>>> message 66 size 75
[21:32:22] broad >>>>>>>>>>>>>>>>>>>>>>>>>>>>>>> message 76 size 12
[21:32:31] recv  68 <<<<<<<<<<<<<<<<<<<<<<<<<<<<<<< 0
[21:32:31] broad >>>>>>>>>>>>>>>>>>>>>>>>>>>>>>> message 69 size 4
[21:32:33] recv  68 <<<<<<<<<<<<<<<<<<<<<<<<<<<<<<< 2
[21:32:33] broad >>>>>>>>>>>>>>>>>>>>>>>>>>>>>>> message 69 size 4
[21:32:33] broad >>>>>>>>>>>>>>>>>>>>>>>>>>>>>>> message 64 size 1
[21:32:39] recv  65 <<<<<<<<<<<<<<<<<<<<<<<<<<<<<<< 1
[21:32:39] broad >>>>>>>>>>>>>>>>>>>>>>>>>>>>>>> message 66 size 75
[21:32:41] recv  70 <<<<<<<<<<<<<<<<<<<<<<<<<<<<<<< 0
[21:32:41] send >>>>>>>>>>>>>>>>>>>>>>>>>>>>>>> 0 message 71 size 964
[21:32:42] recv  65 <<<<<<<<<<<<<<<<<<<<<<<<<<<<<<< 0
[21:32:42] broad >>>>>>>>>>>>>>>>>>>>>>>>>>>>>>> message 66 size 75
[21:32:53] recv  68 <<<<<<<<<<<<<<<<<<<<<<<<<<<<<<< 2
[21:32:53] broad >>>>>>>>>>>>>>>>>>>>>>>>>>>>>>> message 69 size 4
[21:32:55] recv  70 <<<<<<<<<<<<<<<<<<<<<<<<<<<<<<< 1
[21:32:55] send >>>>>>>>>>>>>>>>>>>>>>>>>>>>>>> 1 message 71 size 964
[21:32:57] recv  68 <<<<<<<<<<<<<<<<<<<<<<<<<<<<<<< 1
[21:32:57] broad >>>>>>>>>>>>>>>>>>>>>>>>>>>>>>> message 69 size 4
[21:32:57] broad >>>>>>>>>>>>>>>>>>>>>>>>>>>>>>> message 64 size 1
[21:33:1] recv  65 <<<<<<<<<<<<<<<<<<<<<<<<<<<<<<< 0
[21:33:1] broad >>>>>>>>>>>>>>>>>>>>>>>>>>>>>>> message 66 size 75
[21:33:3] recv  68 <<<<<<<<<<<<<<<<<<<<<<<<<<<<<<< 2
[21:33:3] broad >>>>>>>>>>>>>>>>>>>>>>>>>>>>>>> message 69 size 4
[21:33:5] recv  68 <<<<<<<<<<<<<<<<<<<<<<<<<<<<<<< 1
[21:33:5] broad >>>>>>>>>>>>>>>>>>>>>>>>>>>>>>> message 69 size 4
[21:33:5] broad >>>>>>>>>>>>>>>>>>>>>>>>>>>>>>> message 64 size 1
[21:33:16] recv  65 <<<<<<<<<<<<<<<<<<<<<<<<<<<<<<< 0
[21:33:16] broad >>>>>>>>>>>>>>>>>>>>>>>>>>>>>>> message 66 size 75
[21:33:29] recv  65 <<<<<<<<<<<<<<<<<<<<<<<<<<<<<<< 2
[21:33:29] broad >>>>>>>>>>>>>>>>>>>>>>>>>>>>>>> message 66 size 75
[21:33:36] recv  70 <<<<<<<<<<<<<<<<<<<<<<<<<<<<<<< 1
[21:33:36] send >>>>>>>>>>>>>>>>>>>>>>>>>>>>>>> 1 message 71 size 964
[21:33:36] recv  68 <<<<<<<<<<<<<<<<<<<<<<<<<<<<<<< 1
[21:33:36] broad >>>>>>>>>>>>>>>>>>>>>>>>>>>>>>> message 69 size 4
[21:33:44] recv  68 <<<<<<<<<<<<<<<<<<<<<<<<<<<<<<< 0
[21:33:44] broad >>>>>>>>>>>>>>>>>>>>>>>>>>>>>>> message 69 size 4
[21:33:44] broad >>>>>>>>>>>>>>>>>>>>>>>>>>>>>>> message 64 size 1
[21:33:46] recv  65 <<<<<<<<<<<<<<<<<<<<<<<<<<<<<<< 2
[21:33:46] broad >>>>>>>>>>>>>>>>>>>>>>>>>>>>>>> message 66 size 75
[21:33:53] recv  65 <<<<<<<<<<<<<<<<<<<<<<<<<<<<<<< 1
[21:33:53] broad >>>>>>>>>>>>>>>>>>>>>>>>>>>>>>> message 66 size 75
[21:33:56] recv  65 <<<<<<<<<<<<<<<<<<<<<<<<<<<<<<< 0
[21:33:56] broad >>>>>>>>>>>>>>>>>>>>>>>>>>>>>>> message 66 size 75
[21:34:4] recv  65 <<<<<<<<<<<<<<<<<<<<<<<<<<<<<<< 2
[21:34:4] broad >>>>>>>>>>>>>>>>>>>>>>>>>>>>>>> message 66 size 75
[21:34:25] broad >>>>>>>>>>>>>>>>>>>>>>>>>>>>>>> message 69 size 4
[21:34:26] recv  70 <<<<<<<<<<<<<<<<<<<<<<<<<<<<<<< 0
[21:34:26] send >>>>>>>>>>>>>>>>>>>>>>>>>>>>>>> 0 message 71 size 964
[21:34:27] recv  65 <<<<<<<<<<<<<<<<<<<<<<<<<<<<<<< 0
[21:34:27] broad >>>>>>>>>>>>>>>>>>>>>>>>>>>>>>> message 66 size 75
[21:34:27] broad >>>>>>>>>>>>>>>>>>>>>>>>>>>>>>> message 76 size 12
[21:34:29] recv  68 <<<<<<<<<<<<<<<<<<<<<<<<<<<<<<< 2
[21:34:29] broad >>>>>>>>>>>>>>>>>>>>>>>>>>>>>>> message 69 size 4
[21:34:30] recv  70 <<<<<<<<<<<<<<<<<<<<<<<<<<<<<<< 1
[21:34:30] send >>>>>>>>>>>>>>>>>>>>>>>>>>>>>>> 1 message 71 size 964
[21:34:30] recv  68 <<<<<<<<<<<<<<<<<<<<<<<<<<<<<<< 1
[21:34:30] broad >>>>>>>>>>>>>>>>>>>>>>>>>>>>>>> message 69 size 4
[21:34:30] broad >>>>>>>>>>>>>>>>>>>>>>>>>>>>>>> message 64 size 1
[21:34:33] recv  65 <<<<<<<<<<<<<<<<<<<<<<<<<<<<<<< 0
[21:34:33] broad >>>>>>>>>>>>>>>>>>>>>>>>>>>>>>> message 66 size 75
[21:34:35] recv  65 <<<<<<<<<<<<<<<<<<<<<<<<<<<<<<< 2
[21:34:35] broad >>>>>>>>>>>>>>>>>>>>>>>>>>>>>>> message 66 size 75
[21:34:36] broad >>>>>>>>>>>>>>>>>>>>>>>>>>>>>>> message 73 size 154
[21:34:36] *****************游戏结束***************
[21:34:43] *****************游戏开始***************
[21:34:43] broad >>>>>>>>>>>>>>>>>>>>>>>>>>>>>>> message 51 size 3
[21:34:43] broad >>>>>>>>>>>>>>>>>>>>>>>>>>>>>>> message 76 size 12
[21:34:43] send >>>>>>>>>>>>>>>>>>>>>>>>>>>>>>> 0 message 52 size 72
[21:34:43] send >>>>>>>>>>>>>>>>>>>>>>>>>>>>>>> 1 message 52 size 72
[21:34:43] send >>>>>>>>>>>>>>>>>>>>>>>>>>>>>>> 2 message 52 size 72
[21:34:43] send >>>>>>>>>>>>>>>>>>>>>>>>>>>>>>> 0 message 60 size 1
[21:34:43] send >>>>>>>>>>>>>>>>>>>>>>>>>>>>>>> 1 message 60 size 1
[21:34:43] send >>>>>>>>>>>>>>>>>>>>>>>>>>>>>>> 2 message 60 size 1
[21:34:48] send >>>>>>>>>>>>>>>>>>>>>>>>>>>>>>> 0 message 63 size 74
[21:34:48] send >>>>>>>>>>>>>>>>>>>>>>>>>>>>>>> 1 message 63 size 74
[21:34:48] send >>>>>>>>>>>>>>>>>>>>>>>>>>>>>>> 2 message 63 size 74
[21:34:48] broad >>>>>>>>>>>>>>>>>>>>>>>>>>>>>>> message 55 size 5
[21:34:50] recv  56 <<<<<<<<<<<<<<<<<<<<<<<<<<<<<<< 2
[21:34:50] broad >>>>>>>>>>>>>>>>>>>>>>>>>>>>>>> message 56 size 5
[21:34:50] broad >>>>>>>>>>>>>>>>>>>>>>>>>>>>>>> message 76 size 12
[21:34:50] broad >>>>>>>>>>>>>>>>>>>>>>>>>>>>>>> message 55 size 5
[21:34:55] recv  56 <<<<<<<<<<<<<<<<<<<<<<<<<<<<<<< 1
[21:34:55] broad >>>>>>>>>>>>>>>>>>>>>>>>>>>>>>> message 56 size 5
[21:34:55] broad >>>>>>>>>>>>>>>>>>>>>>>>>>>>>>> message 76 size 12
[21:34:55] broad >>>>>>>>>>>>>>>>>>>>>>>>>>>>>>> message 55 size 5
[21:34:57] recv  56 <<<<<<<<<<<<<<<<<<<<<<<<<<<<<<< 0
[21:34:57] broad >>>>>>>>>>>>>>>>>>>>>>>>>>>>>>> message 56 size 5
[21:34:57] broad >>>>>>>>>>>>>>>>>>>>>>>>>>>>>>> message 55 size 5
[21:34:58] recv  56 <<<<<<<<<<<<<<<<<<<<<<<<<<<<<<< 2
[21:34:58] broad >>>>>>>>>>>>>>>>>>>>>>>>>>>>>>> message 56 size 5
[21:34:58] broad >>>>>>>>>>>>>>>>>>>>>>>>>>>>>>> message 76 size 12
[21:34:59] send >>>>>>>>>>>>>>>>>>>>>>>>>>>>>>> 0 message 57 size 80
[21:34:59] send >>>>>>>>>>>>>>>>>>>>>>>>>>>>>>> 1 message 57 size 80
[21:34:59] send >>>>>>>>>>>>>>>>>>>>>>>>>>>>>>> 2 message 57 size 80
[21:34:59] broad >>>>>>>>>>>>>>>>>>>>>>>>>>>>>>> message 76 size 12
[21:34:59] send >>>>>>>>>>>>>>>>>>>>>>>>>>>>>>> 0 message 58 size 1
[21:34:59] send >>>>>>>>>>>>>>>>>>>>>>>>>>>>>>> 1 message 58 size 1
[21:34:59] send >>>>>>>>>>>>>>>>>>>>>>>>>>>>>>> 2 message 58 size 1
[21:35:1] recv  59 <<<<<<<<<<<<<<<<<<<<<<<<<<<<<<< 2
[21:35:1] broad >>>>>>>>>>>>>>>>>>>>>>>>>>>>>>> message 59 size 5
[21:35:1] broad >>>>>>>>>>>>>>>>>>>>>>>>>>>>>>> message 76 size 12
[21:35:2] recv  59 <<<<<<<<<<<<<<<<<<<<<<<<<<<<<<< 1
[21:35:2] broad >>>>>>>>>>>>>>>>>>>>>>>>>>>>>>> message 59 size 5
[21:35:2] broad >>>>>>>>>>>>>>>>>>>>>>>>>>>>>>> message 76 size 12
[21:35:3] recv  59 <<<<<<<<<<<<<<<<<<<<<<<<<<<<<<< 0
[21:35:3] broad >>>>>>>>>>>>>>>>>>>>>>>>>>>>>>> message 59 size 5
[21:35:3] broad >>>>>>>>>>>>>>>>>>>>>>>>>>>>>>> message 76 size 12
[21:35:5] broad >>>>>>>>>>>>>>>>>>>>>>>>>>>>>>> message 64 size 1
[21:35:23] recv  65 <<<<<<<<<<<<<<<<<<<<<<<<<<<<<<< 2
[21:35:23] broad >>>>>>>>>>>>>>>>>>>>>>>>>>>>>>> message 66 size 75
[21:35:26] recv  70 <<<<<<<<<<<<<<<<<<<<<<<<<<<<<<< 1
[21:35:26] send >>>>>>>>>>>>>>>>>>>>>>>>>>>>>>> 1 message 71 size 964
[21:35:27] recv  65 <<<<<<<<<<<<<<<<<<<<<<<<<<<<<<< 1
[21:35:27] broad >>>>>>>>>>>>>>>>>>>>>>>>>>>>>>> message 66 size 75
[21:35:27] broad >>>>>>>>>>>>>>>>>>>>>>>>>>>>>>> message 76 size 12
[21:35:30] recv  68 <<<<<<<<<<<<<<<<<<<<<<<<<<<<<<< 0
[21:35:30] broad >>>>>>>>>>>>>>>>>>>>>>>>>>>>>>> message 69 size 4
[21:35:31] recv  68 <<<<<<<<<<<<<<<<<<<<<<<<<<<<<<< 2
[21:35:31] broad >>>>>>>>>>>>>>>>>>>>>>>>>>>>>>> message 69 size 4
[21:35:31] broad >>>>>>>>>>>>>>>>>>>>>>>>>>>>>>> message 64 size 1
[21:35:33] recv  65 <<<<<<<<<<<<<<<<<<<<<<<<<<<<<<< 1
[21:35:33] send >>>>>>>>>>>>>>>>>>>>>>>>>>>>>>> 1 message 72 size 0
[21:35:35] recv  65 <<<<<<<<<<<<<<<<<<<<<<<<<<<<<<< 1
[21:35:35] broad >>>>>>>>>>>>>>>>>>>>>>>>>>>>>>> message 66 size 75
[21:35:43] recv  65 <<<<<<<<<<<<<<<<<<<<<<<<<<<<<<< 0
[21:35:43] broad >>>>>>>>>>>>>>>>>>>>>>>>>>>>>>> message 66 size 75
[21:35:50] recv  65 <<<<<<<<<<<<<<<<<<<<<<<<<<<<<<< 2
[21:35:50] broad >>>>>>>>>>>>>>>>>>>>>>>>>>>>>>> message 66 size 75
[21:35:52] recv  70 <<<<<<<<<<<<<<<<<<<<<<<<<<<<<<< 1
[21:35:52] send >>>>>>>>>>>>>>>>>>>>>>>>>>>>>>> 1 message 71 size 964
[21:35:52] recv  68 <<<<<<<<<<<<<<<<<<<<<<<<<<<<<<< 1
[21:35:52] broad >>>>>>>>>>>>>>>>>>>>>>>>>>>>>>> message 69 size 4
[21:35:53] recv  68 <<<<<<<<<<<<<<<<<<<<<<<<<<<<<<< 0
[21:35:53] broad >>>>>>>>>>>>>>>>>>>>>>>>>>>>>>> message 69 size 4
[21:35:53] broad >>>>>>>>>>>>>>>>>>>>>>>>>>>>>>> message 64 size 1
[21:35:55] recv  65 <<<<<<<<<<<<<<<<<<<<<<<<<<<<<<< 2
[21:35:55] broad >>>>>>>>>>>>>>>>>>>>>>>>>>>>>>> message 66 size 75
[21:36:0] recv  70 <<<<<<<<<<<<<<<<<<<<<<<<<<<<<<< 1
[21:36:0] send >>>>>>>>>>>>>>>>>>>>>>>>>>>>>>> 1 message 71 size 964
[21:36:1] recv  65 <<<<<<<<<<<<<<<<<<<<<<<<<<<<<<< 1
[21:36:1] broad >>>>>>>>>>>>>>>>>>>>>>>>>>>>>>> message 66 size 75
[21:36:4] recv  68 <<<<<<<<<<<<<<<<<<<<<<<<<<<<<<< 0
[21:36:4] broad >>>>>>>>>>>>>>>>>>>>>>>>>>>>>>> message 69 size 4
[21:36:5] recv  65 <<<<<<<<<<<<<<<<<<<<<<<<<<<<<<< 2
[21:36:5] broad >>>>>>>>>>>>>>>>>>>>>>>>>>>>>>> message 66 size 75
[21:36:7] recv  70 <<<<<<<<<<<<<<<<<<<<<<<<<<<<<<< 1
[21:36:7] send >>>>>>>>>>>>>>>>>>>>>>>>>>>>>>> 1 message 71 size 964
[21:36:7] recv  65 <<<<<<<<<<<<<<<<<<<<<<<<<<<<<<< 1
[21:36:7] broad >>>>>>>>>>>>>>>>>>>>>>>>>>>>>>> message 66 size 75
[21:36:9] recv  68 <<<<<<<<<<<<<<<<<<<<<<<<<<<<<<< 0
[21:36:9] broad >>>>>>>>>>>>>>>>>>>>>>>>>>>>>>> message 69 size 4
[21:36:10] recv  68 <<<<<<<<<<<<<<<<<<<<<<<<<<<<<<< 2
[21:36:10] broad >>>>>>>>>>>>>>>>>>>>>>>>>>>>>>> message 69 size 4
[21:36:10] broad >>>>>>>>>>>>>>>>>>>>>>>>>>>>>>> message 64 size 1
[21:36:26] recv  65 <<<<<<<<<<<<<<<<<<<<<<<<<<<<<<< 1
[21:36:26] broad >>>>>>>>>>>>>>>>>>>>>>>>>>>>>>> message 66 size 75
[21:36:28] recv  65 <<<<<<<<<<<<<<<<<<<<<<<<<<<<<<< 0
[21:36:28] broad >>>>>>>>>>>>>>>>>>>>>>>>>>>>>>> message 66 size 75
[21:36:31] recv  68 <<<<<<<<<<<<<<<<<<<<<<<<<<<<<<< 2
[21:36:31] broad >>>>>>>>>>>>>>>>>>>>>>>>>>>>>>> message 69 size 4
[21:36:33] recv  70 <<<<<<<<<<<<<<<<<<<<<<<<<<<<<<< 1
[21:36:33] send >>>>>>>>>>>>>>>>>>>>>>>>>>>>>>> 1 message 71 size 964
[21:36:33] recv  68 <<<<<<<<<<<<<<<<<<<<<<<<<<<<<<< 1
[21:36:33] broad >>>>>>>>>>>>>>>>>>>>>>>>>>>>>>> message 69 size 4
[21:36:33] broad >>>>>>>>>>>>>>>>>>>>>>>>>>>>>>> message 64 size 1
[21:36:37] recv  65 <<<<<<<<<<<<<<<<<<<<<<<<<<<<<<< 0
[21:36:37] broad >>>>>>>>>>>>>>>>>>>>>>>>>>>>>>> message 66 size 75
[21:36:45] recv  70 <<<<<<<<<<<<<<<<<<<<<<<<<<<<<<< 2
[21:36:45] send >>>>>>>>>>>>>>>>>>>>>>>>>>>>>>> 2 message 71 size 964
[21:36:46] recv  68 <<<<<<<<<<<<<<<<<<<<<<<<<<<<<<< 2
[21:36:46] broad >>>>>>>>>>>>>>>>>>>>>>>>>>>>>>> message 69 size 4
[21:36:48] recv  70 <<<<<<<<<<<<<<<<<<<<<<<<<<<<<<< 1
[21:36:48] send >>>>>>>>>>>>>>>>>>>>>>>>>>>>>>> 1 message 71 size 964
[21:36:48] recv  68 <<<<<<<<<<<<<<<<<<<<<<<<<<<<<<< 1
[21:36:48] broad >>>>>>>>>>>>>>>>>>>>>>>>>>>>>>> message 69 size 4
[21:36:48] broad >>>>>>>>>>>>>>>>>>>>>>>>>>>>>>> message 64 size 1
[21:36:52] recv  65 <<<<<<<<<<<<<<<<<<<<<<<<<<<<<<< 0
[21:36:52] broad >>>>>>>>>>>>>>>>>>>>>>>>>>>>>>> message 66 size 75
[21:36:54] recv  68 <<<<<<<<<<<<<<<<<<<<<<<<<<<<<<< 2
[21:36:54] broad >>>>>>>>>>>>>>>>>>>>>>>>>>>>>>> message 69 size 4
[21:36:57] recv  70 <<<<<<<<<<<<<<<<<<<<<<<<<<<<<<< 1
[21:36:57] send >>>>>>>>>>>>>>>>>>>>>>>>>>>>>>> 1 message 71 size 964
[21:36:57] recv  68 <<<<<<<<<<<<<<<<<<<<<<<<<<<<<<< 1
[21:36:57] broad >>>>>>>>>>>>>>>>>>>>>>>>>>>>>>> message 69 size 4
[21:36:57] broad >>>>>>>>>>>>>>>>>>>>>>>>>>>>>>> message 64 size 1
[21:37:3] recv  65 <<<<<<<<<<<<<<<<<<<<<<<<<<<<<<< 0
[21:37:3] broad >>>>>>>>>>>>>>>>>>>>>>>>>>>>>>> message 66 size 75
[21:37:6] recv  65 <<<<<<<<<<<<<<<<<<<<<<<<<<<<<<< 2
[21:37:6] broad >>>>>>>>>>>>>>>>>>>>>>>>>>>>>>> message 66 size 75
[21:37:12] recv  65 <<<<<<<<<<<<<<<<<<<<<<<<<<<<<<< 1
[21:37:12] send >>>>>>>>>>>>>>>>>>>>>>>>>>>>>>> 1 message 72 size 0
[21:37:13] recv  70 <<<<<<<<<<<<<<<<<<<<<<<<<<<<<<< 1
[21:37:13] send >>>>>>>>>>>>>>>>>>>>>>>>>>>>>>> 1 message 71 size 964
[21:37:13] recv  65 <<<<<<<<<<<<<<<<<<<<<<<<<<<<<<< 1
[21:37:13] broad >>>>>>>>>>>>>>>>>>>>>>>>>>>>>>> message 66 size 75
[21:37:15] recv  65 <<<<<<<<<<<<<<<<<<<<<<<<<<<<<<< 0
[21:37:15] broad >>>>>>>>>>>>>>>>>>>>>>>>>>>>>>> message 66 size 75
[21:37:17] recv  70 <<<<<<<<<<<<<<<<<<<<<<<<<<<<<<< 2
[21:37:17] send >>>>>>>>>>>>>>>>>>>>>>>>>>>>>>> 2 message 71 size 964
[21:37:18] recv  65 <<<<<<<<<<<<<<<<<<<<<<<<<<<<<<< 2
[21:37:18] broad >>>>>>>>>>>>>>>>>>>>>>>>>>>>>>> message 66 size 75
[21:37:18] broad >>>>>>>>>>>>>>>>>>>>>>>>>>>>>>> message 76 size 12
[21:37:22] recv  70 <<<<<<<<<<<<<<<<<<<<<<<<<<<<<<< 1
[21:37:22] send >>>>>>>>>>>>>>>>>>>>>>>>>>>>>>> 1 message 71 size 964
[21:37:23] recv  68 <<<<<<<<<<<<<<<<<<<<<<<<<<<<<<< 1
[21:37:23] broad >>>>>>>>>>>>>>>>>>>>>>>>>>>>>>> message 69 size 4
[21:37:25] recv  68 <<<<<<<<<<<<<<<<<<<<<<<<<<<<<<< 0
[21:37:25] broad >>>>>>>>>>>>>>>>>>>>>>>>>>>>>>> message 69 size 4
[21:37:25] broad >>>>>>>>>>>>>>>>>>>>>>>>>>>>>>> message 64 size 1
[21:37:27] recv  65 <<<<<<<<<<<<<<<<<<<<<<<<<<<<<<< 2
[21:37:27] broad >>>>>>>>>>>>>>>>>>>>>>>>>>>>>>> message 66 size 75
[21:37:28] broad >>>>>>>>>>>>>>>>>>>>>>>>>>>>>>> message 73 size 154
[21:37:28] broad >>>>>>>>>>>>>>>>>>>>>>>>>>>>>>> message 74 size 87
[21:37:28] *****************游戏结束***************
