[16:33:46] 0:10093 sit
[16:33:46] 0:10093 onGetState
[16:33:46] send >>>>>>>>>>>>>>>>>>>>>>>>>>>>>>> 0 message 72 size 4
[16:33:46] 游戏局数 0,总局数 4
[16:33:46] broad >>>>>>>>>>>>>>>>>>>>>>>>>>>>>>> message 71 size 8
[16:34:5] 0:10093 ready
[16:34:16] 1:10018 sit
[16:34:16] 1:10018 onGetState
[16:34:16] send >>>>>>>>>>>>>>>>>>>>>>>>>>>>>>> 1 message 72 size 4
[16:34:16] 游戏局数 0,总局数 4
[16:34:16] broad >>>>>>>>>>>>>>>>>>>>>>>>>>>>>>> message 71 size 8
[16:34:18] 1:10018 ready
[16:34:18] *****************游戏开始***************
[16:34:18] [0][10093]连庄局数 1,总局数1
[16:34:18] [1][10018]连庄局数 0,总局数1
[16:34:18] 通知 庄家 0 坐庄次数 1
[16:34:18] broad >>>>>>>>>>>>>>>>>>>>>>>>>>>>>>> message 69 size 1
[16:34:18] 游戏局数 1,总局数 4
[16:34:18] broad >>>>>>>>>>>>>>>>>>>>>>>>>>>>>>> message 71 size 8
[16:34:18] broad >>>>>>>>>>>>>>>>>>>>>>>>>>>>>>> message 51 size 0
[16:34:23] recv  55 <<<<<<<<<<<<<<<<<<<<<<<<<<<<<<< 1
[16:34:23] userbet 10018  在1 下了 10,累计下注 10
[16:34:23] broad >>>>>>>>>>>>>>>>>>>>>>>>>>>>>>> message 56 size 6
[16:34:23] 区域 0  总下注0
[16:34:23] 区域 1  总下注10
[16:34:23] 区域 2  总下注0
[16:34:23] 区域 3  总下注0
[16:34:23] 区域 4  总下注0
[16:34:23] 区域 5  总下注0
[16:34:23] send >>>>>>>>>>>>>>>>>>>>>>>>>>>>>>> 0 message 57 size 112
[16:34:23] 玩家10018在区域 0  总下注0
[16:34:23] 玩家10018在区域 1  总下注10
[16:34:23] 玩家10018在区域 2  总下注0
[16:34:23] 玩家10018在区域 3  总下注0
[16:34:23] 玩家10018在区域 4  总下注0
[16:34:23] 玩家10018在区域 5  总下注0
[16:34:23] 玩家10018 总下注10
[16:34:23] send >>>>>>>>>>>>>>>>>>>>>>>>>>>>>>> 1 message 57 size 112
[16:34:25] recv  55 <<<<<<<<<<<<<<<<<<<<<<<<<<<<<<< 1
[16:34:25] userbet 10018  在1 下了 10,累计下注 20
[16:34:25] broad >>>>>>>>>>>>>>>>>>>>>>>>>>>>>>> message 56 size 6
[16:34:25] 区域 0  总下注0
[16:34:25] 区域 1  总下注20
[16:34:25] 区域 2  总下注0
[16:34:25] 区域 3  总下注0
[16:34:25] 区域 4  总下注0
[16:34:25] 区域 5  总下注0
[16:34:25] send >>>>>>>>>>>>>>>>>>>>>>>>>>>>>>> 0 message 57 size 112
[16:34:25] 玩家10018在区域 0  总下注0
[16:34:25] 玩家10018在区域 1  总下注20
[16:34:25] 玩家10018在区域 2  总下注0
[16:34:25] 玩家10018在区域 3  总下注0
[16:34:25] 玩家10018在区域 4  总下注0
[16:34:25] 玩家10018在区域 5  总下注0
[16:34:25] 玩家10018 总下注20
[16:34:25] send >>>>>>>>>>>>>>>>>>>>>>>>>>>>>>> 1 message 57 size 112
[16:34:28] card 0 2,4,   type 0   point 8
[16:34:28] card 1 6,8,   type 0   point 4
[16:34:28] card 2 0,c,   type 13   point 1
[16:34:28] card 3 5,1,   type 0   point 8
[16:34:28] broad >>>>>>>>>>>>>>>>>>>>>>>>>>>>>>> message 52 size 16
[16:34:43] 区域 0 结算 0
[16:34:43] 区域 1 结算 -20
[16:34:43] 区域 2 结算 0
[16:34:43] 区域 3 结算 0
[16:34:43] 区域 4 结算 0
[16:34:43] 区域 5 结算 0
[16:34:43] 玩家0[10093]  结算 20
[16:34:43] 玩家1[10018]  结算 -20
[16:34:43] broad >>>>>>>>>>>>>>>>>>>>>>>>>>>>>>> message 58 size 86
[16:34:45] 玩家0[10093]  结算 20, 分数 20, 总分数 20
[16:34:45] 玩家1[10018]  结算 -20, 分数 -20, 总分数 -20
[16:34:45] ******************游戏结束********************************



[16:34:48] broad >>>>>>>>>>>>>>>>>>>>>>>>>>>>>>> message 72 size 4
[16:35:0] *************************大结算***********************
[16:35:0] [444444,10093]  输赢金币 20 ,总分数 20，胜局 1 ,最大胜局 1,大赢家 1
[16:35:0] [333333,10018]  输赢金币 -20 ,总分数 -20，胜局 0 ,最大胜局 0,大赢家 0
[16:35:0] broad >>>>>>>>>>>>>>>>>>>>>>>>>>>>>>> message 70 size 68
