[16:48:24] 0:10957 sit
[16:48:25] 0:10957 onGetState
[16:48:25] send >>>>>>>>>>>>>>>>>>>>>>>>>>>>>>> 0 message 72 size 4
[16:48:25] 游戏局数 0,总局数 4
[16:48:25] broad >>>>>>>>>>>>>>>>>>>>>>>>>>>>>>> message 71 size 8
[16:48:32] 0:10957 ready
[16:49:3] 1:10958 sit
[16:49:4] 1:10958 onGetState
[16:49:4] send >>>>>>>>>>>>>>>>>>>>>>>>>>>>>>> 1 message 72 size 4
[16:49:4] 游戏局数 0,总局数 4
[16:49:4] broad >>>>>>>>>>>>>>>>>>>>>>>>>>>>>>> message 71 size 8
[16:49:6] 1:10958 ready
[16:49:6] *****************游戏开始***************
[16:49:6] [0][10957]连庄局数 1,总局数1
[16:49:6] [1][10958]连庄局数 0,总局数1
[16:49:6] 通知 庄家 0 坐庄次数 1
[16:49:6] broad >>>>>>>>>>>>>>>>>>>>>>>>>>>>>>> message 69 size 1
[16:49:6] 游戏局数 1,总局数 4
[16:49:6] broad >>>>>>>>>>>>>>>>>>>>>>>>>>>>>>> message 71 size 8
[16:49:6] broad >>>>>>>>>>>>>>>>>>>>>>>>>>>>>>> message 51 size 0
[16:49:16] card 0 5,1,   type 0   point 8
[16:49:16] card 1 c,3,   type 0   point 3
[16:49:16] card 2 d,2,   type 0   point 6
[16:49:16] card 3 9,9,   type 19   point 4
[16:49:16] broad >>>>>>>>>>>>>>>>>>>>>>>>>>>>>>> message 52 size 16
[16:49:31] 区域 0 结算 0
[16:49:31] 区域 1 结算 0
[16:49:31] 区域 2 结算 0
[16:49:31] 区域 3 结算 0
[16:49:31] 区域 4 结算 0
[16:49:31] 区域 5 结算 0
[16:49:31] 玩家0[10957]  结算 0
[16:49:31] 玩家1[10958]  结算 0
[16:49:31] broad >>>>>>>>>>>>>>>>>>>>>>>>>>>>>>> message 58 size 86
[16:49:33] 玩家0[10957]  结算 0, 分数 0, 总分数 0
[16:49:33] 玩家1[10958]  结算 0, 分数 0, 总分数 0
[16:49:33] ******************游戏结束********************************



[16:49:36] broad >>>>>>>>>>>>>>>>>>>>>>>>>>>>>>> message 72 size 4
[16:49:39] 0:10957 ready
[16:49:47] 1:10958 ready
[16:49:47] *****************游戏开始***************
[16:49:47] [0][10957]连庄局数 2,总局数2
[16:49:47] [1][10958]连庄局数 0,总局数2
[16:49:47] 游戏局数 2,总局数 4
[16:49:47] broad >>>>>>>>>>>>>>>>>>>>>>>>>>>>>>> message 71 size 8
[16:49:47] broad >>>>>>>>>>>>>>>>>>>>>>>>>>>>>>> message 51 size 0
[16:49:56] recv  55 <<<<<<<<<<<<<<<<<<<<<<<<<<<<<<< 1
[16:49:56] userbet 10958  在2 下了 200,累计下注 200
[16:49:56] broad >>>>>>>>>>>>>>>>>>>>>>>>>>>>>>> message 56 size 6
[16:49:56] 区域 0  总下注0
[16:49:56] 区域 1  总下注0
[16:49:56] 区域 2  总下注200
[16:49:56] 区域 3  总下注0
[16:49:56] 区域 4  总下注0
[16:49:56] 区域 5  总下注0
[16:49:56] send >>>>>>>>>>>>>>>>>>>>>>>>>>>>>>> 0 message 57 size 112
[16:49:56] 玩家10958在区域 0  总下注0
[16:49:56] 玩家10958在区域 1  总下注0
[16:49:56] 玩家10958在区域 2  总下注200
[16:49:56] 玩家10958在区域 3  总下注0
[16:49:56] 玩家10958在区域 4  总下注0
[16:49:56] 玩家10958在区域 5  总下注0
[16:49:56] 玩家10958 总下注200
[16:49:56] send >>>>>>>>>>>>>>>>>>>>>>>>>>>>>>> 1 message 57 size 112
[16:49:57] card 0 11,d,   type 0   point 4
[16:49:57] card 1 6,e,   type 0   point 2
[16:49:57] card 2 9,0,   type 0   point 9
[16:49:57] card 3 13,1,   type 0   point 7
[16:49:57] broad >>>>>>>>>>>>>>>>>>>>>>>>>>>>>>> message 52 size 16
[16:50:12] 区域 0 结算 0
[16:50:12] 区域 1 结算 0
[16:50:12] 区域 2 结算 200
[16:50:12] 区域 3 结算 0
[16:50:12] 区域 4 结算 0
[16:50:12] 区域 5 结算 0
[16:50:12] 玩家0[10957]  结算 -200
[16:50:12] 玩家1[10958]  结算 200
[16:50:12] broad >>>>>>>>>>>>>>>>>>>>>>>>>>>>>>> message 58 size 86
[16:50:14] 玩家0[10957]  结算 -200, 分数 -200, 总分数 -200
[16:50:14] 玩家1[10958]  结算 200, 分数 200, 总分数 200
[16:50:14] ******************游戏结束********************************



[16:50:22] *************************小结算***********************
[16:50:22] [Phone10958,10958] [闲] 输赢金币 200 ,排名 0
[16:50:22] [Phone10957,10957] [庄] 输赢金币 -200 ,排名 1
[16:50:22] broad >>>>>>>>>>>>>>>>>>>>>>>>>>>>>>> message 73 size 44
[16:50:22] user[10957] 坐庄次数 2,每个人当庄次数2 
[16:50:22] user[10958] 坐庄次数 0,每个人当庄次数2 
[16:50:22] broad >>>>>>>>>>>>>>>>>>>>>>>>>>>>>>> message 72 size 4
[16:51:7] 1:10958 ready
[16:51:17] 0:10957 ready
[16:51:17] *****************游戏开始***************
[16:51:17] [0][10957]连庄局数 2,总局数3
[16:51:17] [1][10958]连庄局数 1,总局数3
[16:51:17] 通知 庄家 1 坐庄次数 1
[16:51:17] broad >>>>>>>>>>>>>>>>>>>>>>>>>>>>>>> message 69 size 1
[16:51:17] 游戏局数 3,总局数 4
[16:51:17] broad >>>>>>>>>>>>>>>>>>>>>>>>>>>>>>> message 71 size 8
[16:51:17] broad >>>>>>>>>>>>>>>>>>>>>>>>>>>>>>> message 51 size 0
[16:51:27] card 0 3,1,   type 0   point 6
[16:51:27] card 1 d,11,   type 0   point 4
[16:51:27] card 2 6,0,   type 0   point 6
[16:51:27] card 3 4,13,   type 0   point 5
[16:51:27] broad >>>>>>>>>>>>>>>>>>>>>>>>>>>>>>> message 52 size 16
[16:51:42] 区域 0 结算 0
[16:51:42] 区域 1 结算 0
[16:51:42] 区域 2 结算 0
[16:51:42] 区域 3 结算 0
[16:51:42] 区域 4 结算 0
[16:51:42] 区域 5 结算 0
[16:51:42] 玩家0[10957]  结算 0
[16:51:42] 玩家1[10958]  结算 0
[16:51:42] broad >>>>>>>>>>>>>>>>>>>>>>>>>>>>>>> message 58 size 86
[16:51:44] 玩家0[10957]  结算 0, 分数 0, 总分数 -200
[16:51:44] 玩家1[10958]  结算 0, 分数 0, 总分数 200
[16:51:44] ******************游戏结束********************************



[16:51:47] broad >>>>>>>>>>>>>>>>>>>>>>>>>>>>>>> message 72 size 4
[16:52:8] *************************大结算***********************
[16:52:8] [Phone10957,10957]  输赢金币 -200 ,总分数 -200，胜局 0 ,最大胜局 0,大赢家 0
[16:52:8] [Phone10958,10958]  输赢金币 200 ,总分数 200，胜局 1 ,最大胜局 1,大赢家 1
[16:52:8] broad >>>>>>>>>>>>>>>>>>>>>>>>>>>>>>> message 70 size 68
