[21:45:51] 0:20235 sit
[21:45:52] 0:20235 onGetState
[21:45:52] send >>>>>>>>>>>>>>>>>>>>>>>>>>>>>>> 0 message 72 size 4
[21:45:52] 游戏局数 0,总局数 8
[21:45:52] broad >>>>>>>>>>>>>>>>>>>>>>>>>>>>>>> message 71 size 8
[21:45:59] 1:20236 sit
[21:45:59] 1:20236 onGetState
[21:45:59] send >>>>>>>>>>>>>>>>>>>>>>>>>>>>>>> 1 message 72 size 4
[21:45:59] 游戏局数 0,总局数 8
[21:45:59] broad >>>>>>>>>>>>>>>>>>>>>>>>>>>>>>> message 71 size 8
[21:46:3] 1:20236 ready
[21:46:5] 0:20235 ready
[21:46:5] *****************游戏开始***************
[21:46:5] [0][20235]连庄局数 1,总局数1
[21:46:5] [1][20236]连庄局数 0,总局数1
[21:46:5] 通知 庄家 0 坐庄次数 1
[21:46:5] broad >>>>>>>>>>>>>>>>>>>>>>>>>>>>>>> message 69 size 1
[21:46:5] 游戏局数 1,总局数 8
[21:46:5] broad >>>>>>>>>>>>>>>>>>>>>>>>>>>>>>> message 71 size 8
[21:46:5] broad >>>>>>>>>>>>>>>>>>>>>>>>>>>>>>> message 51 size 0
[21:46:10] recv  55 <<<<<<<<<<<<<<<<<<<<<<<<<<<<<<< 1
[21:46:10] userbet 20236  在4 下了 10,累计下注 10
[21:46:10] broad >>>>>>>>>>>>>>>>>>>>>>>>>>>>>>> message 56 size 6
[21:46:10] 区域 0  总下注0
[21:46:10] 区域 1  总下注0
[21:46:10] 区域 2  总下注0
[21:46:10] 区域 3  总下注0
[21:46:10] 区域 4  总下注10
[21:46:10] 区域 5  总下注0
[21:46:10] send >>>>>>>>>>>>>>>>>>>>>>>>>>>>>>> 0 message 57 size 112
[21:46:10] 玩家20236在区域 0  总下注0
[21:46:10] 玩家20236在区域 1  总下注0
[21:46:10] 玩家20236在区域 2  总下注0
[21:46:10] 玩家20236在区域 3  总下注0
[21:46:10] 玩家20236在区域 4  总下注10
[21:46:10] 玩家20236在区域 5  总下注0
[21:46:10] 玩家20236 总下注10
[21:46:10] send >>>>>>>>>>>>>>>>>>>>>>>>>>>>>>> 1 message 57 size 112
[21:46:12] recv  55 <<<<<<<<<<<<<<<<<<<<<<<<<<<<<<< 1
[21:46:12] userbet 20236  在3 下了 10,累计下注 20
[21:46:12] broad >>>>>>>>>>>>>>>>>>>>>>>>>>>>>>> message 56 size 6
[21:46:12] 区域 0  总下注0
[21:46:12] 区域 1  总下注0
[21:46:12] 区域 2  总下注0
[21:46:12] 区域 3  总下注10
[21:46:12] 区域 4  总下注10
[21:46:12] 区域 5  总下注0
[21:46:12] send >>>>>>>>>>>>>>>>>>>>>>>>>>>>>>> 0 message 57 size 112
[21:46:12] 玩家20236在区域 0  总下注0
[21:46:12] 玩家20236在区域 1  总下注0
[21:46:12] 玩家20236在区域 2  总下注0
[21:46:12] 玩家20236在区域 3  总下注10
[21:46:12] 玩家20236在区域 4  总下注10
[21:46:12] 玩家20236在区域 5  总下注0
[21:46:12] 玩家20236 总下注20
[21:46:12] send >>>>>>>>>>>>>>>>>>>>>>>>>>>>>>> 1 message 57 size 112
[21:46:13] recv  55 <<<<<<<<<<<<<<<<<<<<<<<<<<<<<<< 1
[21:46:13] userbet 20236  在1 下了 10,累计下注 30
[21:46:13] broad >>>>>>>>>>>>>>>>>>>>>>>>>>>>>>> message 56 size 6
[21:46:13] 区域 0  总下注0
[21:46:13] 区域 1  总下注10
[21:46:13] 区域 2  总下注0
[21:46:13] 区域 3  总下注10
[21:46:13] 区域 4  总下注10
[21:46:13] 区域 5  总下注0
[21:46:13] send >>>>>>>>>>>>>>>>>>>>>>>>>>>>>>> 0 message 57 size 112
[21:46:13] 玩家20236在区域 0  总下注0
[21:46:13] 玩家20236在区域 1  总下注10
[21:46:13] 玩家20236在区域 2  总下注0
[21:46:13] 玩家20236在区域 3  总下注10
[21:46:13] 玩家20236在区域 4  总下注10
[21:46:13] 玩家20236在区域 5  总下注0
[21:46:13] 玩家20236 总下注30
[21:46:13] send >>>>>>>>>>>>>>>>>>>>>>>>>>>>>>> 1 message 57 size 112
[21:46:15] card 0 13,0,   type 0   point 7
[21:46:15] card 1 9,0,   type 0   point 9
[21:46:15] card 2 8,f,   type 0   point 7
[21:46:15] card 3 c,11,   type 0   point 5
[21:46:15] broad >>>>>>>>>>>>>>>>>>>>>>>>>>>>>>> message 52 size 16
[21:46:30] 区域 0 结算 0
[21:46:30] 区域 1 结算 10
[21:46:30] 区域 2 结算 0
[21:46:30] 区域 3 结算 10
[21:46:30] 区域 4 结算 10
[21:46:30] 区域 5 结算 0
[21:46:30] 玩家0[20235]  结算 -30
[21:46:30] 玩家1[20236]  结算 30
[21:46:30] broad >>>>>>>>>>>>>>>>>>>>>>>>>>>>>>> message 58 size 86
[21:46:31] 玩家0[20235]  结算 -30, 分数 -30, 总分数 -30
[21:46:31] 玩家1[20236]  结算 30, 分数 30, 总分数 30
[21:46:31] ******************游戏结束********************************



[21:46:35] broad >>>>>>>>>>>>>>>>>>>>>>>>>>>>>>> message 72 size 4
[21:46:36] 1:20236 ready
[21:46:37] 0:20235 netcut
[21:46:38] 0:20235 recome
[21:46:38] 0:20235 onGetState
[21:46:38] send >>>>>>>>>>>>>>>>>>>>>>>>>>>>>>> 0 message 72 size 4
[21:46:38] 游戏局数 1,总局数 8
[21:46:38] broad >>>>>>>>>>>>>>>>>>>>>>>>>>>>>>> message 71 size 8
[21:46:39] 0:20235 ready
[21:46:39] *****************游戏开始***************
[21:46:39] [0][20235]连庄局数 2,总局数2
[21:46:39] [1][20236]连庄局数 0,总局数2
[21:46:39] 游戏局数 2,总局数 8
[21:46:39] broad >>>>>>>>>>>>>>>>>>>>>>>>>>>>>>> message 71 size 8
[21:46:39] broad >>>>>>>>>>>>>>>>>>>>>>>>>>>>>>> message 51 size 0
[21:46:45] recv  55 <<<<<<<<<<<<<<<<<<<<<<<<<<<<<<< 1
[21:46:45] userbet 20236  在1 下了 10,累计下注 10
[21:46:45] broad >>>>>>>>>>>>>>>>>>>>>>>>>>>>>>> message 56 size 6
[21:46:45] 区域 0  总下注0
[21:46:45] 区域 1  总下注10
[21:46:45] 区域 2  总下注0
[21:46:45] 区域 3  总下注0
[21:46:45] 区域 4  总下注0
[21:46:45] 区域 5  总下注0
[21:46:45] send >>>>>>>>>>>>>>>>>>>>>>>>>>>>>>> 0 message 57 size 112
[21:46:45] 玩家20236在区域 0  总下注0
[21:46:45] 玩家20236在区域 1  总下注10
[21:46:45] 玩家20236在区域 2  总下注0
[21:46:45] 玩家20236在区域 3  总下注0
[21:46:45] 玩家20236在区域 4  总下注0
[21:46:45] 玩家20236在区域 5  总下注0
[21:46:45] 玩家20236 总下注10
[21:46:45] send >>>>>>>>>>>>>>>>>>>>>>>>>>>>>>> 1 message 57 size 112
[21:46:45] recv  55 <<<<<<<<<<<<<<<<<<<<<<<<<<<<<<< 1
[21:46:45] userbet 20236  在1 下了 10,累计下注 20
[21:46:45] broad >>>>>>>>>>>>>>>>>>>>>>>>>>>>>>> message 56 size 6
[21:46:45] 区域 0  总下注0
[21:46:45] 区域 1  总下注20
[21:46:45] 区域 2  总下注0
[21:46:45] 区域 3  总下注0
[21:46:45] 区域 4  总下注0
[21:46:45] 区域 5  总下注0
[21:46:45] send >>>>>>>>>>>>>>>>>>>>>>>>>>>>>>> 0 message 57 size 112
[21:46:45] 玩家20236在区域 0  总下注0
[21:46:45] 玩家20236在区域 1  总下注20
[21:46:45] 玩家20236在区域 2  总下注0
[21:46:45] 玩家20236在区域 3  总下注0
[21:46:45] 玩家20236在区域 4  总下注0
[21:46:45] 玩家20236在区域 5  总下注0
[21:46:45] 玩家20236 总下注20
[21:46:45] send >>>>>>>>>>>>>>>>>>>>>>>>>>>>>>> 1 message 57 size 112
[21:46:46] recv  55 <<<<<<<<<<<<<<<<<<<<<<<<<<<<<<< 1
[21:46:46] userbet 20236  在1 下了 10,累计下注 30
[21:46:46] broad >>>>>>>>>>>>>>>>>>>>>>>>>>>>>>> message 56 size 6
[21:46:46] 区域 0  总下注0
[21:46:46] 区域 1  总下注30
[21:46:46] 区域 2  总下注0
[21:46:46] 区域 3  总下注0
[21:46:46] 区域 4  总下注0
[21:46:46] 区域 5  总下注0
[21:46:46] send >>>>>>>>>>>>>>>>>>>>>>>>>>>>>>> 0 message 57 size 112
[21:46:46] 玩家20236在区域 0  总下注0
[21:46:46] 玩家20236在区域 1  总下注30
[21:46:46] 玩家20236在区域 2  总下注0
[21:46:46] 玩家20236在区域 3  总下注0
[21:46:46] 玩家20236在区域 4  总下注0
[21:46:46] 玩家20236在区域 5  总下注0
[21:46:46] 玩家20236 总下注30
[21:46:46] send >>>>>>>>>>>>>>>>>>>>>>>>>>>>>>> 1 message 57 size 112
[21:46:49] card 0 c,3,   type 0   point 3
[21:46:49] card 1 7,0,   type 0   point 3
[21:46:49] card 2 1,e,   type 10   point 0
[21:46:49] card 3 4,12,   type 0   point 5
[21:46:49] broad >>>>>>>>>>>>>>>>>>>>>>>>>>>>>>> message 52 size 16
[21:47:4] 区域 0 结算 0
[21:47:4] 区域 1 结算 -30
[21:47:4] 区域 2 结算 0
[21:47:4] 区域 3 结算 0
[21:47:4] 区域 4 结算 0
[21:47:4] 区域 5 结算 0
[21:47:4] 玩家0[20235]  结算 30
[21:47:4] 玩家1[20236]  结算 -30
[21:47:4] broad >>>>>>>>>>>>>>>>>>>>>>>>>>>>>>> message 58 size 86
[21:47:6] 玩家0[20235]  结算 30, 分数 30, 总分数 0
[21:47:6] 玩家1[20236]  结算 -30, 分数 -30, 总分数 0
[21:47:6] ******************游戏结束********************************



[21:47:9] broad >>>>>>>>>>>>>>>>>>>>>>>>>>>>>>> message 72 size 4
[21:47:13] 1:20236 ready
[21:47:15] 0:20235 ready
[21:47:15] *****************游戏开始***************
[21:47:15] [0][20235]连庄局数 3,总局数3
[21:47:15] [1][20236]连庄局数 0,总局数3
[21:47:15] 游戏局数 3,总局数 8
[21:47:15] broad >>>>>>>>>>>>>>>>>>>>>>>>>>>>>>> message 71 size 8
[21:47:15] broad >>>>>>>>>>>>>>>>>>>>>>>>>>>>>>> message 51 size 0
[21:47:23] recv  55 <<<<<<<<<<<<<<<<<<<<<<<<<<<<<<< 1
[21:47:23] userbet 20236  在2 下了 10,累计下注 10
[21:47:23] broad >>>>>>>>>>>>>>>>>>>>>>>>>>>>>>> message 56 size 6
[21:47:23] 区域 0  总下注0
[21:47:23] 区域 1  总下注0
[21:47:23] 区域 2  总下注10
[21:47:23] 区域 3  总下注0
[21:47:23] 区域 4  总下注0
[21:47:23] 区域 5  总下注0
[21:47:23] send >>>>>>>>>>>>>>>>>>>>>>>>>>>>>>> 0 message 57 size 112
[21:47:23] 玩家20236在区域 0  总下注0
[21:47:23] 玩家20236在区域 1  总下注0
[21:47:23] 玩家20236在区域 2  总下注10
[21:47:23] 玩家20236在区域 3  总下注0
[21:47:23] 玩家20236在区域 4  总下注0
[21:47:23] 玩家20236在区域 5  总下注0
[21:47:23] 玩家20236 总下注10
[21:47:23] send >>>>>>>>>>>>>>>>>>>>>>>>>>>>>>> 1 message 57 size 112
[21:47:24] recv  55 <<<<<<<<<<<<<<<<<<<<<<<<<<<<<<< 1
[21:47:24] userbet 20236  在2 下了 10,累计下注 20
[21:47:24] broad >>>>>>>>>>>>>>>>>>>>>>>>>>>>>>> message 56 size 6
[21:47:24] 区域 0  总下注0
[21:47:24] 区域 1  总下注0
[21:47:24] 区域 2  总下注20
[21:47:24] 区域 3  总下注0
[21:47:24] 区域 4  总下注0
[21:47:24] 区域 5  总下注0
[21:47:24] send >>>>>>>>>>>>>>>>>>>>>>>>>>>>>>> 0 message 57 size 112
[21:47:24] 玩家20236在区域 0  总下注0
[21:47:24] 玩家20236在区域 1  总下注0
[21:47:24] 玩家20236在区域 2  总下注20
[21:47:24] 玩家20236在区域 3  总下注0
[21:47:24] 玩家20236在区域 4  总下注0
[21:47:24] 玩家20236在区域 5  总下注0
[21:47:24] 玩家20236 总下注20
[21:47:24] send >>>>>>>>>>>>>>>>>>>>>>>>>>>>>>> 1 message 57 size 112
[21:47:24] recv  55 <<<<<<<<<<<<<<<<<<<<<<<<<<<<<<< 1
[21:47:24] userbet 20236  在2 下了 10,累计下注 30
[21:47:24] broad >>>>>>>>>>>>>>>>>>>>>>>>>>>>>>> message 56 size 6
[21:47:24] 区域 0  总下注0
[21:47:24] 区域 1  总下注0
[21:47:24] 区域 2  总下注30
[21:47:24] 区域 3  总下注0
[21:47:24] 区域 4  总下注0
[21:47:24] 区域 5  总下注0
[21:47:24] send >>>>>>>>>>>>>>>>>>>>>>>>>>>>>>> 0 message 57 size 112
[21:47:24] 玩家20236在区域 0  总下注0
[21:47:24] 玩家20236在区域 1  总下注0
[21:47:24] 玩家20236在区域 2  总下注30
[21:47:24] 玩家20236在区域 3  总下注0
[21:47:24] 玩家20236在区域 4  总下注0
[21:47:24] 玩家20236在区域 5  总下注0
[21:47:24] 玩家20236 总下注30
[21:47:24] send >>>>>>>>>>>>>>>>>>>>>>>>>>>>>>> 1 message 57 size 112
[21:47:25] card 0 3,3,   type 25   point 8
[21:47:25] card 1 6,0,   type 0   point 6
[21:47:25] card 2 12,e,   type 0   point 3
[21:47:25] card 3 8,5,   type 0   point 6
[21:47:25] broad >>>>>>>>>>>>>>>>>>>>>>>>>>>>>>> message 52 size 16
[21:47:40] 区域 0 结算 0
[21:47:40] 区域 1 结算 0
[21:47:40] 区域 2 结算 -30
[21:47:40] 区域 3 结算 0
[21:47:40] 区域 4 结算 0
[21:47:40] 区域 5 结算 0
[21:47:40] 玩家0[20235]  结算 30
[21:47:40] 玩家1[20236]  结算 -30
[21:47:40] broad >>>>>>>>>>>>>>>>>>>>>>>>>>>>>>> message 58 size 86
[21:47:42] 玩家0[20235]  结算 30, 分数 30, 总分数 30
[21:47:42] 玩家1[20236]  结算 -30, 分数 -30, 总分数 -30
[21:47:42] ******************游戏结束********************************



[21:47:45] broad >>>>>>>>>>>>>>>>>>>>>>>>>>>>>>> message 72 size 4
[21:47:48] 1:20236 ready
[21:47:50] 0:20235 ready
[21:47:50] *****************游戏开始***************
[21:47:50] [0][20235]连庄局数 4,总局数4
[21:47:50] [1][20236]连庄局数 0,总局数4
[21:47:50] 游戏局数 4,总局数 8
[21:47:50] broad >>>>>>>>>>>>>>>>>>>>>>>>>>>>>>> message 71 size 8
[21:47:50] broad >>>>>>>>>>>>>>>>>>>>>>>>>>>>>>> message 51 size 0
[21:47:55] recv  55 <<<<<<<<<<<<<<<<<<<<<<<<<<<<<<< 1
[21:47:55] userbet 20236  在1 下了 10,累计下注 10
[21:47:55] broad >>>>>>>>>>>>>>>>>>>>>>>>>>>>>>> message 56 size 6
[21:47:55] 区域 0  总下注0
[21:47:55] 区域 1  总下注10
[21:47:55] 区域 2  总下注0
[21:47:55] 区域 3  总下注0
[21:47:55] 区域 4  总下注0
[21:47:55] 区域 5  总下注0
[21:47:55] send >>>>>>>>>>>>>>>>>>>>>>>>>>>>>>> 0 message 57 size 112
[21:47:55] 玩家20236在区域 0  总下注0
[21:47:55] 玩家20236在区域 1  总下注10
[21:47:55] 玩家20236在区域 2  总下注0
[21:47:55] 玩家20236在区域 3  总下注0
[21:47:55] 玩家20236在区域 4  总下注0
[21:47:55] 玩家20236在区域 5  总下注0
[21:47:55] 玩家20236 总下注10
[21:47:55] send >>>>>>>>>>>>>>>>>>>>>>>>>>>>>>> 1 message 57 size 112
[21:47:55] recv  55 <<<<<<<<<<<<<<<<<<<<<<<<<<<<<<< 1
[21:47:55] userbet 20236  在1 下了 10,累计下注 20
[21:47:55] broad >>>>>>>>>>>>>>>>>>>>>>>>>>>>>>> message 56 size 6
[21:47:55] 区域 0  总下注0
[21:47:55] 区域 1  总下注20
[21:47:55] 区域 2  总下注0
[21:47:55] 区域 3  总下注0
[21:47:55] 区域 4  总下注0
[21:47:55] 区域 5  总下注0
[21:47:55] send >>>>>>>>>>>>>>>>>>>>>>>>>>>>>>> 0 message 57 size 112
[21:47:55] 玩家20236在区域 0  总下注0
[21:47:55] 玩家20236在区域 1  总下注20
[21:47:55] 玩家20236在区域 2  总下注0
[21:47:55] 玩家20236在区域 3  总下注0
[21:47:55] 玩家20236在区域 4  总下注0
[21:47:55] 玩家20236在区域 5  总下注0
[21:47:55] 玩家20236 总下注20
[21:47:55] send >>>>>>>>>>>>>>>>>>>>>>>>>>>>>>> 1 message 57 size 112
[21:47:55] recv  55 <<<<<<<<<<<<<<<<<<<<<<<<<<<<<<< 1
[21:47:55] userbet 20236  在1 下了 10,累计下注 30
[21:47:55] broad >>>>>>>>>>>>>>>>>>>>>>>>>>>>>>> message 56 size 6
[21:47:55] 区域 0  总下注0
[21:47:55] 区域 1  总下注30
[21:47:55] 区域 2  总下注0
[21:47:55] 区域 3  总下注0
[21:47:55] 区域 4  总下注0
[21:47:55] 区域 5  总下注0
[21:47:55] send >>>>>>>>>>>>>>>>>>>>>>>>>>>>>>> 0 message 57 size 112
[21:47:55] 玩家20236在区域 0  总下注0
[21:47:55] 玩家20236在区域 1  总下注30
[21:47:55] 玩家20236在区域 2  总下注0
[21:47:55] 玩家20236在区域 3  总下注0
[21:47:55] 玩家20236在区域 4  总下注0
[21:47:55] 玩家20236在区域 5  总下注0
[21:47:55] 玩家20236 总下注30
[21:47:55] send >>>>>>>>>>>>>>>>>>>>>>>>>>>>>>> 1 message 57 size 112
[21:48:0] card 0 13,5,   type 0   point 1
[21:48:0] card 1 3,1,   type 0   point 6
[21:48:0] card 2 b,8,   type 0   point 9
[21:48:0] card 3 9,c,   type 0   point 6
[21:48:0] broad >>>>>>>>>>>>>>>>>>>>>>>>>>>>>>> message 52 size 16
[21:48:15] 区域 0 结算 0
[21:48:15] 区域 1 结算 -30
[21:48:15] 区域 2 结算 0
[21:48:15] 区域 3 结算 0
[21:48:15] 区域 4 结算 0
[21:48:15] 区域 5 结算 0
[21:48:15] 玩家0[20235]  结算 30
[21:48:15] 玩家1[20236]  结算 -30
[21:48:15] broad >>>>>>>>>>>>>>>>>>>>>>>>>>>>>>> message 58 size 86
[21:48:17] 玩家0[20235]  结算 30, 分数 30, 总分数 60
[21:48:17] 玩家1[20236]  结算 -30, 分数 -30, 总分数 -60
[21:48:17] ******************游戏结束********************************



[21:48:25] *************************小结算***********************
[21:48:25] [Phone20235,20235] [庄] 输赢金币 60 ,排名 0
[21:48:25] [Phone20236,20236] [闲] 输赢金币 -60 ,排名 1
[21:48:25] broad >>>>>>>>>>>>>>>>>>>>>>>>>>>>>>> message 73 size 44
[21:48:25] user[20235] 坐庄次数 4,每个人当庄次数4 
[21:48:25] user[20236] 坐庄次数 0,每个人当庄次数4 
[21:48:25] broad >>>>>>>>>>>>>>>>>>>>>>>>>>>>>>> message 72 size 4
[21:48:28] 1:20236 ready
[21:48:30] 0:20235 ready
[21:48:30] *****************游戏开始***************
[21:48:30] [0][20235]连庄局数 4,总局数5
[21:48:30] [1][20236]连庄局数 1,总局数5
[21:48:30] 通知 庄家 1 坐庄次数 1
[21:48:30] broad >>>>>>>>>>>>>>>>>>>>>>>>>>>>>>> message 69 size 1
[21:48:30] 游戏局数 5,总局数 8
[21:48:30] broad >>>>>>>>>>>>>>>>>>>>>>>>>>>>>>> message 71 size 8
[21:48:30] broad >>>>>>>>>>>>>>>>>>>>>>>>>>>>>>> message 51 size 0
[21:48:38] recv  55 <<<<<<<<<<<<<<<<<<<<<<<<<<<<<<< 0
[21:48:38] userbet 20235  在1 下了 10,累计下注 10
[21:48:38] broad >>>>>>>>>>>>>>>>>>>>>>>>>>>>>>> message 56 size 6
[21:48:38] 区域 0  总下注0
[21:48:38] 区域 1  总下注10
[21:48:38] 区域 2  总下注0
[21:48:38] 区域 3  总下注0
[21:48:38] 区域 4  总下注0
[21:48:38] 区域 5  总下注0
[21:48:38] 玩家20235在区域 0  总下注0
[21:48:38] 玩家20235在区域 1  总下注10
[21:48:38] 玩家20235在区域 2  总下注0
[21:48:38] 玩家20235在区域 3  总下注0
[21:48:38] 玩家20235在区域 4  总下注0
[21:48:38] 玩家20235在区域 5  总下注0
[21:48:38] 玩家20235 总下注10
[21:48:38] send >>>>>>>>>>>>>>>>>>>>>>>>>>>>>>> 0 message 57 size 112
[21:48:38] send >>>>>>>>>>>>>>>>>>>>>>>>>>>>>>> 1 message 57 size 112
[21:48:38] recv  55 <<<<<<<<<<<<<<<<<<<<<<<<<<<<<<< 0
[21:48:38] userbet 20235  在1 下了 10,累计下注 20
[21:48:38] broad >>>>>>>>>>>>>>>>>>>>>>>>>>>>>>> message 56 size 6
[21:48:38] 区域 0  总下注0
[21:48:38] 区域 1  总下注20
[21:48:38] 区域 2  总下注0
[21:48:38] 区域 3  总下注0
[21:48:38] 区域 4  总下注0
[21:48:38] 区域 5  总下注0
[21:48:38] 玩家20235在区域 0  总下注0
[21:48:38] 玩家20235在区域 1  总下注20
[21:48:38] 玩家20235在区域 2  总下注0
[21:48:38] 玩家20235在区域 3  总下注0
[21:48:38] 玩家20235在区域 4  总下注0
[21:48:38] 玩家20235在区域 5  总下注0
[21:48:38] 玩家20235 总下注20
[21:48:38] send >>>>>>>>>>>>>>>>>>>>>>>>>>>>>>> 0 message 57 size 112
[21:48:38] send >>>>>>>>>>>>>>>>>>>>>>>>>>>>>>> 1 message 57 size 112
[21:48:38] recv  55 <<<<<<<<<<<<<<<<<<<<<<<<<<<<<<< 0
[21:48:38] userbet 20235  在1 下了 10,累计下注 30
[21:48:38] broad >>>>>>>>>>>>>>>>>>>>>>>>>>>>>>> message 56 size 6
[21:48:38] 区域 0  总下注0
[21:48:38] 区域 1  总下注30
[21:48:38] 区域 2  总下注0
[21:48:38] 区域 3  总下注0
[21:48:38] 区域 4  总下注0
[21:48:38] 区域 5  总下注0
[21:48:38] 玩家20235在区域 0  总下注0
[21:48:38] 玩家20235在区域 1  总下注30
[21:48:38] 玩家20235在区域 2  总下注0
[21:48:38] 玩家20235在区域 3  总下注0
[21:48:38] 玩家20235在区域 4  总下注0
[21:48:38] 玩家20235在区域 5  总下注0
[21:48:38] 玩家20235 总下注30
[21:48:38] send >>>>>>>>>>>>>>>>>>>>>>>>>>>>>>> 0 message 57 size 112
[21:48:38] send >>>>>>>>>>>>>>>>>>>>>>>>>>>>>>> 1 message 57 size 112
[21:48:39] recv  55 <<<<<<<<<<<<<<<<<<<<<<<<<<<<<<< 0
[21:48:39] userbet 20235  在1 下了 10,累计下注 40
[21:48:39] broad >>>>>>>>>>>>>>>>>>>>>>>>>>>>>>> message 56 size 6
[21:48:39] 区域 0  总下注0
[21:48:39] 区域 1  总下注40
[21:48:39] 区域 2  总下注0
[21:48:39] 区域 3  总下注0
[21:48:39] 区域 4  总下注0
[21:48:39] 区域 5  总下注0
[21:48:39] 玩家20235在区域 0  总下注0
[21:48:39] 玩家20235在区域 1  总下注40
[21:48:39] 玩家20235在区域 2  总下注0
[21:48:39] 玩家20235在区域 3  总下注0
[21:48:39] 玩家20235在区域 4  总下注0
[21:48:39] 玩家20235在区域 5  总下注0
[21:48:39] 玩家20235 总下注40
[21:48:39] send >>>>>>>>>>>>>>>>>>>>>>>>>>>>>>> 0 message 57 size 112
[21:48:39] send >>>>>>>>>>>>>>>>>>>>>>>>>>>>>>> 1 message 57 size 112
[21:48:40] card 0 13,3,   type 0   point 9
[21:48:40] card 1 9,b,   type 0   point 6
[21:48:40] card 2 6,f,   type 0   point 1
[21:48:40] card 3 2,4,   type 0   point 8
[21:48:40] broad >>>>>>>>>>>>>>>>>>>>>>>>>>>>>>> message 52 size 16
[21:48:55] 区域 0 结算 0
[21:48:55] 区域 1 结算 -40
[21:48:55] 区域 2 结算 0
[21:48:55] 区域 3 结算 0
[21:48:55] 区域 4 结算 0
[21:48:55] 区域 5 结算 0
[21:48:55] 玩家0[20235]  结算 -40
[21:48:55] 玩家1[20236]  结算 40
[21:48:55] broad >>>>>>>>>>>>>>>>>>>>>>>>>>>>>>> message 58 size 86
[21:48:57] 玩家0[20235]  结算 -40, 分数 -40, 总分数 20
[21:48:57] 玩家1[20236]  结算 40, 分数 40, 总分数 -20
[21:48:57] ******************游戏结束********************************



[21:49:0] broad >>>>>>>>>>>>>>>>>>>>>>>>>>>>>>> message 72 size 4
[21:49:6] 0:20235 ready
[21:49:6] 1:20236 ready
[21:49:6] *****************游戏开始***************
[21:49:6] [0][20235]连庄局数 4,总局数6
[21:49:6] [1][20236]连庄局数 2,总局数6
[21:49:6] 游戏局数 6,总局数 8
[21:49:6] broad >>>>>>>>>>>>>>>>>>>>>>>>>>>>>>> message 71 size 8
[21:49:6] broad >>>>>>>>>>>>>>>>>>>>>>>>>>>>>>> message 51 size 0
[21:49:14] recv  55 <<<<<<<<<<<<<<<<<<<<<<<<<<<<<<< 0
[21:49:14] userbet 20235  在1 下了 10,累计下注 10
[21:49:14] broad >>>>>>>>>>>>>>>>>>>>>>>>>>>>>>> message 56 size 6
[21:49:14] 区域 0  总下注0
[21:49:14] 区域 1  总下注10
[21:49:14] 区域 2  总下注0
[21:49:14] 区域 3  总下注0
[21:49:14] 区域 4  总下注0
[21:49:14] 区域 5  总下注0
[21:49:14] 玩家20235在区域 0  总下注0
[21:49:14] 玩家20235在区域 1  总下注10
[21:49:14] 玩家20235在区域 2  总下注0
[21:49:14] 玩家20235在区域 3  总下注0
[21:49:14] 玩家20235在区域 4  总下注0
[21:49:14] 玩家20235在区域 5  总下注0
[21:49:14] 玩家20235 总下注10
[21:49:14] send >>>>>>>>>>>>>>>>>>>>>>>>>>>>>>> 0 message 57 size 112
[21:49:14] send >>>>>>>>>>>>>>>>>>>>>>>>>>>>>>> 1 message 57 size 112
[21:49:14] recv  55 <<<<<<<<<<<<<<<<<<<<<<<<<<<<<<< 0
[21:49:14] userbet 20235  在1 下了 10,累计下注 20
[21:49:14] broad >>>>>>>>>>>>>>>>>>>>>>>>>>>>>>> message 56 size 6
[21:49:14] 区域 0  总下注0
[21:49:14] 区域 1  总下注20
[21:49:14] 区域 2  总下注0
[21:49:14] 区域 3  总下注0
[21:49:14] 区域 4  总下注0
[21:49:14] 区域 5  总下注0
[21:49:14] 玩家20235在区域 0  总下注0
[21:49:14] 玩家20235在区域 1  总下注20
[21:49:14] 玩家20235在区域 2  总下注0
[21:49:14] 玩家20235在区域 3  总下注0
[21:49:14] 玩家20235在区域 4  总下注0
[21:49:14] 玩家20235在区域 5  总下注0
[21:49:14] 玩家20235 总下注20
[21:49:14] send >>>>>>>>>>>>>>>>>>>>>>>>>>>>>>> 0 message 57 size 112
[21:49:14] send >>>>>>>>>>>>>>>>>>>>>>>>>>>>>>> 1 message 57 size 112
[21:49:14] recv  55 <<<<<<<<<<<<<<<<<<<<<<<<<<<<<<< 0
[21:49:14] userbet 20235  在1 下了 10,累计下注 30
[21:49:14] broad >>>>>>>>>>>>>>>>>>>>>>>>>>>>>>> message 56 size 6
[21:49:14] 区域 0  总下注0
[21:49:14] 区域 1  总下注30
[21:49:14] 区域 2  总下注0
[21:49:14] 区域 3  总下注0
[21:49:14] 区域 4  总下注0
[21:49:14] 区域 5  总下注0
[21:49:14] 玩家20235在区域 0  总下注0
[21:49:14] 玩家20235在区域 1  总下注30
[21:49:14] 玩家20235在区域 2  总下注0
[21:49:14] 玩家20235在区域 3  总下注0
[21:49:14] 玩家20235在区域 4  总下注0
[21:49:14] 玩家20235在区域 5  总下注0
[21:49:14] 玩家20235 总下注30
[21:49:14] send >>>>>>>>>>>>>>>>>>>>>>>>>>>>>>> 0 message 57 size 112
[21:49:14] send >>>>>>>>>>>>>>>>>>>>>>>>>>>>>>> 1 message 57 size 112
[21:49:14] recv  55 <<<<<<<<<<<<<<<<<<<<<<<<<<<<<<< 0
[21:49:14] userbet 20235  在1 下了 10,累计下注 40
[21:49:14] broad >>>>>>>>>>>>>>>>>>>>>>>>>>>>>>> message 56 size 6
[21:49:14] 区域 0  总下注0
[21:49:14] 区域 1  总下注40
[21:49:14] 区域 2  总下注0
[21:49:14] 区域 3  总下注0
[21:49:14] 区域 4  总下注0
[21:49:14] 区域 5  总下注0
[21:49:14] 玩家20235在区域 0  总下注0
[21:49:14] 玩家20235在区域 1  总下注40
[21:49:14] 玩家20235在区域 2  总下注0
[21:49:14] 玩家20235在区域 3  总下注0
[21:49:14] 玩家20235在区域 4  总下注0
[21:49:14] 玩家20235在区域 5  总下注0
[21:49:14] 玩家20235 总下注40
[21:49:14] send >>>>>>>>>>>>>>>>>>>>>>>>>>>>>>> 0 message 57 size 112
[21:49:14] send >>>>>>>>>>>>>>>>>>>>>>>>>>>>>>> 1 message 57 size 112
[21:49:15] recv  55 <<<<<<<<<<<<<<<<<<<<<<<<<<<<<<< 0
[21:49:15] userbet 20235  在5 下了 10,累计下注 50
[21:49:15] broad >>>>>>>>>>>>>>>>>>>>>>>>>>>>>>> message 56 size 6
[21:49:15] 区域 0  总下注0
[21:49:15] 区域 1  总下注40
[21:49:15] 区域 2  总下注0
[21:49:15] 区域 3  总下注0
[21:49:15] 区域 4  总下注0
[21:49:15] 区域 5  总下注10
[21:49:15] 玩家20235在区域 0  总下注0
[21:49:15] 玩家20235在区域 1  总下注40
[21:49:15] 玩家20235在区域 2  总下注0
[21:49:15] 玩家20235在区域 3  总下注0
[21:49:15] 玩家20235在区域 4  总下注0
[21:49:15] 玩家20235在区域 5  总下注10
[21:49:15] 玩家20235 总下注50
[21:49:15] send >>>>>>>>>>>>>>>>>>>>>>>>>>>>>>> 0 message 57 size 112
[21:49:15] send >>>>>>>>>>>>>>>>>>>>>>>>>>>>>>> 1 message 57 size 112
[21:49:15] recv  55 <<<<<<<<<<<<<<<<<<<<<<<<<<<<<<< 0
[21:49:15] userbet 20235  在5 下了 10,累计下注 60
[21:49:15] broad >>>>>>>>>>>>>>>>>>>>>>>>>>>>>>> message 56 size 6
[21:49:15] 区域 0  总下注0
[21:49:15] 区域 1  总下注40
[21:49:15] 区域 2  总下注0
[21:49:15] 区域 3  总下注0
[21:49:15] 区域 4  总下注0
[21:49:15] 区域 5  总下注20
[21:49:15] 玩家20235在区域 0  总下注0
[21:49:15] 玩家20235在区域 1  总下注40
[21:49:15] 玩家20235在区域 2  总下注0
[21:49:15] 玩家20235在区域 3  总下注0
[21:49:15] 玩家20235在区域 4  总下注0
[21:49:15] 玩家20235在区域 5  总下注20
[21:49:15] 玩家20235 总下注60
[21:49:15] send >>>>>>>>>>>>>>>>>>>>>>>>>>>>>>> 0 message 57 size 112
[21:49:15] send >>>>>>>>>>>>>>>>>>>>>>>>>>>>>>> 1 message 57 size 112
[21:49:15] recv  55 <<<<<<<<<<<<<<<<<<<<<<<<<<<<<<< 0
[21:49:15] userbet 20235  在5 下了 10,累计下注 70
[21:49:15] broad >>>>>>>>>>>>>>>>>>>>>>>>>>>>>>> message 56 size 6
[21:49:15] 区域 0  总下注0
[21:49:15] 区域 1  总下注40
[21:49:15] 区域 2  总下注0
[21:49:15] 区域 3  总下注0
[21:49:15] 区域 4  总下注0
[21:49:15] 区域 5  总下注30
[21:49:15] 玩家20235在区域 0  总下注0
[21:49:15] 玩家20235在区域 1  总下注40
[21:49:15] 玩家20235在区域 2  总下注0
[21:49:15] 玩家20235在区域 3  总下注0
[21:49:15] 玩家20235在区域 4  总下注0
[21:49:15] 玩家20235在区域 5  总下注30
[21:49:15] 玩家20235 总下注70
[21:49:15] send >>>>>>>>>>>>>>>>>>>>>>>>>>>>>>> 0 message 57 size 112
[21:49:15] send >>>>>>>>>>>>>>>>>>>>>>>>>>>>>>> 1 message 57 size 112
[21:49:16] card 0 11,4,   type 0   point 6
[21:49:16] card 1 5,6,   type 0   point 0
[21:49:16] card 2 5,9,   type 0   point 3
[21:49:16] card 3 13,b,   type 0   point 4
[21:49:16] broad >>>>>>>>>>>>>>>>>>>>>>>>>>>>>>> message 52 size 16
[21:49:31] 区域 0 结算 0
[21:49:31] 区域 1 结算 -40
[21:49:31] 区域 2 结算 0
[21:49:31] 区域 3 结算 0
[21:49:31] 区域 4 结算 0
[21:49:31] 区域 5 结算 0
[21:49:31] 玩家0[20235]  结算 -40
[21:49:31] 玩家1[20236]  结算 40
[21:49:31] broad >>>>>>>>>>>>>>>>>>>>>>>>>>>>>>> message 58 size 86
[21:49:33] 玩家0[20235]  结算 -40, 分数 -40, 总分数 -20
[21:49:33] 玩家1[20236]  结算 40, 分数 40, 总分数 20
[21:49:33] ******************游戏结束********************************



[21:49:36] broad >>>>>>>>>>>>>>>>>>>>>>>>>>>>>>> message 72 size 4
[21:49:42] 0:20235 ready
[21:49:42] 1:20236 ready
[21:49:42] *****************游戏开始***************
[21:49:42] [0][20235]连庄局数 4,总局数7
[21:49:42] [1][20236]连庄局数 3,总局数7
[21:49:42] 游戏局数 7,总局数 8
[21:49:42] broad >>>>>>>>>>>>>>>>>>>>>>>>>>>>>>> message 71 size 8
[21:49:42] broad >>>>>>>>>>>>>>>>>>>>>>>>>>>>>>> message 51 size 0
[21:49:46] recv  55 <<<<<<<<<<<<<<<<<<<<<<<<<<<<<<< 0
[21:49:46] userbet 20235  在1 下了 10,累计下注 10
[21:49:46] broad >>>>>>>>>>>>>>>>>>>>>>>>>>>>>>> message 56 size 6
[21:49:46] 区域 0  总下注0
[21:49:46] 区域 1  总下注10
[21:49:46] 区域 2  总下注0
[21:49:46] 区域 3  总下注0
[21:49:46] 区域 4  总下注0
[21:49:46] 区域 5  总下注0
[21:49:46] 玩家20235在区域 0  总下注0
[21:49:46] 玩家20235在区域 1  总下注10
[21:49:46] 玩家20235在区域 2  总下注0
[21:49:46] 玩家20235在区域 3  总下注0
[21:49:46] 玩家20235在区域 4  总下注0
[21:49:46] 玩家20235在区域 5  总下注0
[21:49:46] 玩家20235 总下注10
[21:49:46] send >>>>>>>>>>>>>>>>>>>>>>>>>>>>>>> 0 message 57 size 112
[21:49:46] send >>>>>>>>>>>>>>>>>>>>>>>>>>>>>>> 1 message 57 size 112
[21:49:46] recv  55 <<<<<<<<<<<<<<<<<<<<<<<<<<<<<<< 0
[21:49:46] userbet 20235  在1 下了 10,累计下注 20
[21:49:46] broad >>>>>>>>>>>>>>>>>>>>>>>>>>>>>>> message 56 size 6
[21:49:46] 区域 0  总下注0
[21:49:46] 区域 1  总下注20
[21:49:46] 区域 2  总下注0
[21:49:46] 区域 3  总下注0
[21:49:46] 区域 4  总下注0
[21:49:46] 区域 5  总下注0
[21:49:46] 玩家20235在区域 0  总下注0
[21:49:46] 玩家20235在区域 1  总下注20
[21:49:46] 玩家20235在区域 2  总下注0
[21:49:46] 玩家20235在区域 3  总下注0
[21:49:46] 玩家20235在区域 4  总下注0
[21:49:46] 玩家20235在区域 5  总下注0
[21:49:46] 玩家20235 总下注20
[21:49:46] send >>>>>>>>>>>>>>>>>>>>>>>>>>>>>>> 0 message 57 size 112
[21:49:46] send >>>>>>>>>>>>>>>>>>>>>>>>>>>>>>> 1 message 57 size 112
[21:49:46] recv  55 <<<<<<<<<<<<<<<<<<<<<<<<<<<<<<< 0
[21:49:46] userbet 20235  在1 下了 10,累计下注 30
[21:49:46] broad >>>>>>>>>>>>>>>>>>>>>>>>>>>>>>> message 56 size 6
[21:49:46] 区域 0  总下注0
[21:49:46] 区域 1  总下注30
[21:49:46] 区域 2  总下注0
[21:49:46] 区域 3  总下注0
[21:49:46] 区域 4  总下注0
[21:49:46] 区域 5  总下注0
[21:49:46] 玩家20235在区域 0  总下注0
[21:49:46] 玩家20235在区域 1  总下注30
[21:49:46] 玩家20235在区域 2  总下注0
[21:49:46] 玩家20235在区域 3  总下注0
[21:49:46] 玩家20235在区域 4  总下注0
[21:49:46] 玩家20235在区域 5  总下注0
[21:49:46] 玩家20235 总下注30
[21:49:46] send >>>>>>>>>>>>>>>>>>>>>>>>>>>>>>> 0 message 57 size 112
[21:49:46] send >>>>>>>>>>>>>>>>>>>>>>>>>>>>>>> 1 message 57 size 112
[21:49:47] recv  55 <<<<<<<<<<<<<<<<<<<<<<<<<<<<<<< 0
[21:49:47] userbet 20235  在1 下了 10,累计下注 40
[21:49:47] broad >>>>>>>>>>>>>>>>>>>>>>>>>>>>>>> message 56 size 6
[21:49:47] 区域 0  总下注0
[21:49:47] 区域 1  总下注40
[21:49:47] 区域 2  总下注0
[21:49:47] 区域 3  总下注0
[21:49:47] 区域 4  总下注0
[21:49:47] 区域 5  总下注0
[21:49:47] 玩家20235在区域 0  总下注0
[21:49:47] 玩家20235在区域 1  总下注40
[21:49:47] 玩家20235在区域 2  总下注0
[21:49:47] 玩家20235在区域 3  总下注0
[21:49:47] 玩家20235在区域 4  总下注0
[21:49:47] 玩家20235在区域 5  总下注0
[21:49:47] 玩家20235 总下注40
[21:49:47] send >>>>>>>>>>>>>>>>>>>>>>>>>>>>>>> 0 message 57 size 112
[21:49:47] send >>>>>>>>>>>>>>>>>>>>>>>>>>>>>>> 1 message 57 size 112
[21:49:52] card 0 1,8,   type 0   point 2
[21:49:52] card 1 2,13,   type 0   point 3
[21:49:52] card 2 7,4,   type 0   point 1
[21:49:52] card 3 0,7,   type 0   point 3
[21:49:52] broad >>>>>>>>>>>>>>>>>>>>>>>>>>>>>>> message 52 size 16
[21:50:7] 区域 0 结算 0
[21:50:7] 区域 1 结算 -40
[21:50:7] 区域 2 结算 0
[21:50:7] 区域 3 结算 0
[21:50:7] 区域 4 结算 0
[21:50:7] 区域 5 结算 0
[21:50:7] 玩家0[20235]  结算 -40
[21:50:7] 玩家1[20236]  结算 40
[21:50:7] broad >>>>>>>>>>>>>>>>>>>>>>>>>>>>>>> message 58 size 86
[21:50:9] 玩家0[20235]  结算 -40, 分数 -40, 总分数 -60
[21:50:9] 玩家1[20236]  结算 40, 分数 40, 总分数 60
[21:50:9] ******************游戏结束********************************



[21:50:12] broad >>>>>>>>>>>>>>>>>>>>>>>>>>>>>>> message 72 size 4
[21:50:15] 0:20235 ready
[21:50:17] 1:20236 ready
[21:50:17] *****************游戏开始***************
[21:50:17] [0][20235]连庄局数 4,总局数8
[21:50:17] [1][20236]连庄局数 4,总局数8
[21:50:17] 游戏局数 8,总局数 8
[21:50:17] broad >>>>>>>>>>>>>>>>>>>>>>>>>>>>>>> message 71 size 8
[21:50:17] broad >>>>>>>>>>>>>>>>>>>>>>>>>>>>>>> message 51 size 0
[21:50:27] card 0 1,5,   type 0   point 8
[21:50:27] card 1 f,2,   type 0   point 5
[21:50:27] card 2 12,3,   type 0   point 9
[21:50:27] card 3 2,7,   type 0   point 9
[21:50:27] broad >>>>>>>>>>>>>>>>>>>>>>>>>>>>>>> message 52 size 16
[21:50:42] 区域 0 结算 0
[21:50:42] 区域 1 结算 0
[21:50:42] 区域 2 结算 0
[21:50:42] 区域 3 结算 0
[21:50:42] 区域 4 结算 0
[21:50:42] 区域 5 结算 0
[21:50:42] 玩家0[20235]  结算 0
[21:50:42] 玩家1[20236]  结算 0
[21:50:42] broad >>>>>>>>>>>>>>>>>>>>>>>>>>>>>>> message 58 size 86
[21:50:44] 玩家0[20235]  结算 0, 分数 0, 总分数 -60
[21:50:44] 玩家1[20236]  结算 0, 分数 0, 总分数 60
[21:50:44] ******************游戏结束********************************



[21:50:51] *************************小结算***********************
[21:50:51] [Phone20236,20236] [庄] 输赢金币 120 ,排名 0
[21:50:51] [Phone20235,20235] [闲] 输赢金币 -120 ,排名 1
[21:50:51] broad >>>>>>>>>>>>>>>>>>>>>>>>>>>>>>> message 73 size 44
[21:50:51] user[20235] 坐庄次数 4,每个人当庄次数4 
[21:50:51] user[20236] 坐庄次数 4,每个人当庄次数4 
[21:50:51] *************************大结算***********************
[21:50:51] [Phone20235,20235]  输赢金币 -60 ,总分数 -60，胜局 3 ,最大胜局 3,大赢家 0
[21:50:51] [Phone20236,20236]  输赢金币 60 ,总分数 60，胜局 4 ,最大胜局 3,大赢家 1
[21:50:51] broad >>>>>>>>>>>>>>>>>>>>>>>>>>>>>>> message 70 size 68
