[17:11:31] 0:11248 sit
[17:11:32] 0:11248 onGetState
[17:11:32] send >>>>>>>>>>>>>>>>>>>>>>>>>>>>>>> 0 message 72 size 4
[17:11:32] 游戏局数 0,总局数 4
[17:11:32] broad >>>>>>>>>>>>>>>>>>>>>>>>>>>>>>> message 71 size 8
[17:11:37] 1:10146 sit
[17:11:38] 0:11248 ready
[17:11:38] 1:10146 onGetState
[17:11:38] send >>>>>>>>>>>>>>>>>>>>>>>>>>>>>>> 1 message 72 size 4
[17:11:38] 游戏局数 0,总局数 4
[17:11:38] broad >>>>>>>>>>>>>>>>>>>>>>>>>>>>>>> message 71 size 8
[17:11:39] 1:10146 ready
[17:11:39] *****************游戏开始***************
[17:11:39] [0][11248]连庄局数 1,总局数1
[17:11:39] [1][10146]连庄局数 0,总局数1
[17:11:39] 通知 庄家 0 坐庄次数 1
[17:11:39] broad >>>>>>>>>>>>>>>>>>>>>>>>>>>>>>> message 69 size 1
[17:11:39] 游戏局数 1,总局数 4
[17:11:39] broad >>>>>>>>>>>>>>>>>>>>>>>>>>>>>>> message 71 size 8
[17:11:39] broad >>>>>>>>>>>>>>>>>>>>>>>>>>>>>>> message 51 size 0
[17:11:47] recv  55 <<<<<<<<<<<<<<<<<<<<<<<<<<<<<<< 1
[17:11:47] userbet 10146  在1 下了 10,累计下注 10
[17:11:47] broad >>>>>>>>>>>>>>>>>>>>>>>>>>>>>>> message 56 size 6
[17:11:47] 区域 0  总下注0
[17:11:47] 区域 1  总下注10
[17:11:47] 区域 2  总下注0
[17:11:47] 区域 3  总下注0
[17:11:47] 区域 4  总下注0
[17:11:47] 区域 5  总下注0
[17:11:47] send >>>>>>>>>>>>>>>>>>>>>>>>>>>>>>> 0 message 57 size 112
[17:11:47] 玩家10146在区域 0  总下注0
[17:11:47] 玩家10146在区域 1  总下注10
[17:11:47] 玩家10146在区域 2  总下注0
[17:11:47] 玩家10146在区域 3  总下注0
[17:11:47] 玩家10146在区域 4  总下注0
[17:11:47] 玩家10146在区域 5  总下注0
[17:11:47] 玩家10146 总下注10
[17:11:47] send >>>>>>>>>>>>>>>>>>>>>>>>>>>>>>> 1 message 57 size 112
[17:11:48] recv  55 <<<<<<<<<<<<<<<<<<<<<<<<<<<<<<< 1
[17:11:48] userbet 10146  在0 下了 10,累计下注 20
[17:11:48] broad >>>>>>>>>>>>>>>>>>>>>>>>>>>>>>> message 56 size 6
[17:11:48] 区域 0  总下注10
[17:11:48] 区域 1  总下注10
[17:11:48] 区域 2  总下注0
[17:11:48] 区域 3  总下注0
[17:11:48] 区域 4  总下注0
[17:11:48] 区域 5  总下注0
[17:11:48] send >>>>>>>>>>>>>>>>>>>>>>>>>>>>>>> 0 message 57 size 112
[17:11:48] 玩家10146在区域 0  总下注10
[17:11:48] 玩家10146在区域 1  总下注10
[17:11:48] 玩家10146在区域 2  总下注0
[17:11:48] 玩家10146在区域 3  总下注0
[17:11:48] 玩家10146在区域 4  总下注0
[17:11:48] 玩家10146在区域 5  总下注0
[17:11:48] 玩家10146 总下注20
[17:11:48] send >>>>>>>>>>>>>>>>>>>>>>>>>>>>>>> 1 message 57 size 112
[17:11:48] recv  55 <<<<<<<<<<<<<<<<<<<<<<<<<<<<<<< 1
[17:11:48] userbet 10146  在2 下了 10,累计下注 30
[17:11:48] broad >>>>>>>>>>>>>>>>>>>>>>>>>>>>>>> message 56 size 6
[17:11:48] 区域 0  总下注10
[17:11:48] 区域 1  总下注10
[17:11:48] 区域 2  总下注10
[17:11:48] 区域 3  总下注0
[17:11:48] 区域 4  总下注0
[17:11:48] 区域 5  总下注0
[17:11:48] send >>>>>>>>>>>>>>>>>>>>>>>>>>>>>>> 0 message 57 size 112
[17:11:48] 玩家10146在区域 0  总下注10
[17:11:48] 玩家10146在区域 1  总下注10
[17:11:48] 玩家10146在区域 2  总下注10
[17:11:48] 玩家10146在区域 3  总下注0
[17:11:48] 玩家10146在区域 4  总下注0
[17:11:48] 玩家10146在区域 5  总下注0
[17:11:48] 玩家10146 总下注30
[17:11:48] send >>>>>>>>>>>>>>>>>>>>>>>>>>>>>>> 1 message 57 size 112
[17:11:48] recv  55 <<<<<<<<<<<<<<<<<<<<<<<<<<<<<<< 1
[17:11:48] userbet 10146  在2 下了 10,累计下注 40
[17:11:48] broad >>>>>>>>>>>>>>>>>>>>>>>>>>>>>>> message 56 size 6
[17:11:48] 区域 0  总下注10
[17:11:48] 区域 1  总下注10
[17:11:48] 区域 2  总下注20
[17:11:48] 区域 3  总下注0
[17:11:48] 区域 4  总下注0
[17:11:48] 区域 5  总下注0
[17:11:48] send >>>>>>>>>>>>>>>>>>>>>>>>>>>>>>> 0 message 57 size 112
[17:11:48] 玩家10146在区域 0  总下注10
[17:11:48] 玩家10146在区域 1  总下注10
[17:11:48] 玩家10146在区域 2  总下注20
[17:11:48] 玩家10146在区域 3  总下注0
[17:11:48] 玩家10146在区域 4  总下注0
[17:11:48] 玩家10146在区域 5  总下注0
[17:11:48] 玩家10146 总下注40
[17:11:48] send >>>>>>>>>>>>>>>>>>>>>>>>>>>>>>> 1 message 57 size 112
[17:11:49] recv  55 <<<<<<<<<<<<<<<<<<<<<<<<<<<<<<< 1
[17:11:49] userbet 10146  在4 下了 10,累计下注 50
[17:11:49] broad >>>>>>>>>>>>>>>>>>>>>>>>>>>>>>> message 56 size 6
[17:11:49] 区域 0  总下注10
[17:11:49] 区域 1  总下注10
[17:11:49] 区域 2  总下注20
[17:11:49] 区域 3  总下注0
[17:11:49] 区域 4  总下注10
[17:11:49] 区域 5  总下注0
[17:11:49] send >>>>>>>>>>>>>>>>>>>>>>>>>>>>>>> 0 message 57 size 112
[17:11:49] 玩家10146在区域 0  总下注10
[17:11:49] 玩家10146在区域 1  总下注10
[17:11:49] 玩家10146在区域 2  总下注20
[17:11:49] 玩家10146在区域 3  总下注0
[17:11:49] 玩家10146在区域 4  总下注10
[17:11:49] 玩家10146在区域 5  总下注0
[17:11:49] 玩家10146 总下注50
[17:11:49] send >>>>>>>>>>>>>>>>>>>>>>>>>>>>>>> 1 message 57 size 112
[17:11:49] recv  55 <<<<<<<<<<<<<<<<<<<<<<<<<<<<<<< 1
[17:11:49] userbet 10146  在5 下了 10,累计下注 60
[17:11:49] broad >>>>>>>>>>>>>>>>>>>>>>>>>>>>>>> message 56 size 6
[17:11:49] 区域 0  总下注10
[17:11:49] 区域 1  总下注10
[17:11:49] 区域 2  总下注20
[17:11:49] 区域 3  总下注0
[17:11:49] 区域 4  总下注10
[17:11:49] 区域 5  总下注10
[17:11:49] send >>>>>>>>>>>>>>>>>>>>>>>>>>>>>>> 0 message 57 size 112
[17:11:49] 玩家10146在区域 0  总下注10
[17:11:49] 玩家10146在区域 1  总下注10
[17:11:49] 玩家10146在区域 2  总下注20
[17:11:49] 玩家10146在区域 3  总下注0
[17:11:49] 玩家10146在区域 4  总下注10
[17:11:49] 玩家10146在区域 5  总下注10
[17:11:49] 玩家10146 总下注60
[17:11:49] send >>>>>>>>>>>>>>>>>>>>>>>>>>>>>>> 1 message 57 size 112
[17:11:49] recv  55 <<<<<<<<<<<<<<<<<<<<<<<<<<<<<<< 1
[17:11:49] userbet 10146  在2 下了 10,累计下注 70
[17:11:49] broad >>>>>>>>>>>>>>>>>>>>>>>>>>>>>>> message 56 size 6
[17:11:49] 区域 0  总下注10
[17:11:49] 区域 1  总下注10
[17:11:49] 区域 2  总下注30
[17:11:49] 区域 3  总下注0
[17:11:49] 区域 4  总下注10
[17:11:49] 区域 5  总下注10
[17:11:49] send >>>>>>>>>>>>>>>>>>>>>>>>>>>>>>> 0 message 57 size 112
[17:11:49] 玩家10146在区域 0  总下注10
[17:11:49] 玩家10146在区域 1  总下注10
[17:11:49] 玩家10146在区域 2  总下注30
[17:11:49] 玩家10146在区域 3  总下注0
[17:11:49] 玩家10146在区域 4  总下注10
[17:11:49] 玩家10146在区域 5  总下注10
[17:11:49] 玩家10146 总下注70
[17:11:49] send >>>>>>>>>>>>>>>>>>>>>>>>>>>>>>> 1 message 57 size 112
[17:11:49] recv  55 <<<<<<<<<<<<<<<<<<<<<<<<<<<<<<< 1
[17:11:49] userbet 10146  在5 下了 10,累计下注 80
[17:11:49] broad >>>>>>>>>>>>>>>>>>>>>>>>>>>>>>> message 56 size 6
[17:11:49] 区域 0  总下注10
[17:11:49] 区域 1  总下注10
[17:11:49] 区域 2  总下注30
[17:11:49] 区域 3  总下注0
[17:11:49] 区域 4  总下注10
[17:11:49] 区域 5  总下注20
[17:11:49] send >>>>>>>>>>>>>>>>>>>>>>>>>>>>>>> 0 message 57 size 112
[17:11:49] 玩家10146在区域 0  总下注10
[17:11:49] 玩家10146在区域 1  总下注10
[17:11:49] 玩家10146在区域 2  总下注30
[17:11:49] 玩家10146在区域 3  总下注0
[17:11:49] 玩家10146在区域 4  总下注10
[17:11:49] 玩家10146在区域 5  总下注20
[17:11:49] 玩家10146 总下注80
[17:11:49] send >>>>>>>>>>>>>>>>>>>>>>>>>>>>>>> 1 message 57 size 112
[17:11:49] recv  55 <<<<<<<<<<<<<<<<<<<<<<<<<<<<<<< 1
[17:11:49] userbet 10146  在2 下了 10,累计下注 90
[17:11:49] broad >>>>>>>>>>>>>>>>>>>>>>>>>>>>>>> message 56 size 6
[17:11:49] 区域 0  总下注10
[17:11:49] 区域 1  总下注10
[17:11:49] 区域 2  总下注40
[17:11:49] 区域 3  总下注0
[17:11:49] 区域 4  总下注10
[17:11:49] 区域 5  总下注20
[17:11:49] send >>>>>>>>>>>>>>>>>>>>>>>>>>>>>>> 0 message 57 size 112
[17:11:49] 玩家10146在区域 0  总下注10
[17:11:49] 玩家10146在区域 1  总下注10
[17:11:49] 玩家10146在区域 2  总下注40
[17:11:49] 玩家10146在区域 3  总下注0
[17:11:49] 玩家10146在区域 4  总下注10
[17:11:49] 玩家10146在区域 5  总下注20
[17:11:49] 玩家10146 总下注90
[17:11:49] send >>>>>>>>>>>>>>>>>>>>>>>>>>>>>>> 1 message 57 size 112
[17:11:49] recv  55 <<<<<<<<<<<<<<<<<<<<<<<<<<<<<<< 1
[17:11:49] userbet 10146  在3 下了 10,累计下注 100
[17:11:49] broad >>>>>>>>>>>>>>>>>>>>>>>>>>>>>>> message 56 size 6
[17:11:49] 区域 0  总下注10
[17:11:49] 区域 1  总下注10
[17:11:49] 区域 2  总下注40
[17:11:49] 区域 3  总下注10
[17:11:49] 区域 4  总下注10
[17:11:49] 区域 5  总下注20
[17:11:49] send >>>>>>>>>>>>>>>>>>>>>>>>>>>>>>> 0 message 57 size 112
[17:11:49] 玩家10146在区域 0  总下注10
[17:11:49] 玩家10146在区域 1  总下注10
[17:11:49] 玩家10146在区域 2  总下注40
[17:11:49] 玩家10146在区域 3  总下注10
[17:11:49] 玩家10146在区域 4  总下注10
[17:11:49] 玩家10146在区域 5  总下注20
[17:11:49] 玩家10146 总下注100
[17:11:49] send >>>>>>>>>>>>>>>>>>>>>>>>>>>>>>> 1 message 57 size 112
[17:11:49] card 0 b,6,   type 0   point 3
[17:11:49] card 1 11,8,   type 0   point 6
[17:11:49] card 2 7,f,   type 0   point 8
[17:11:49] card 3 12,3,   type 0   point 9
[17:11:49] broad >>>>>>>>>>>>>>>>>>>>>>>>>>>>>>> message 52 size 16
[17:11:49] recv  55 <<<<<<<<<<<<<<<<<<<<<<<<<<<<<<< 1
[17:11:49] userbet 10146  在4 下了 10,累计下注 110
[17:11:49] broad >>>>>>>>>>>>>>>>>>>>>>>>>>>>>>> message 56 size 6
[17:11:49] 区域 0  总下注10
[17:11:49] 区域 1  总下注10
[17:11:49] 区域 2  总下注40
[17:11:49] 区域 3  总下注10
[17:11:49] 区域 4  总下注20
[17:11:49] 区域 5  总下注20
[17:11:49] send >>>>>>>>>>>>>>>>>>>>>>>>>>>>>>> 0 message 57 size 112
[17:11:49] 玩家10146在区域 0  总下注10
[17:11:49] 玩家10146在区域 1  总下注10
[17:11:49] 玩家10146在区域 2  总下注40
[17:11:49] 玩家10146在区域 3  总下注10
[17:11:49] 玩家10146在区域 4  总下注20
[17:11:49] 玩家10146在区域 5  总下注20
[17:11:49] 玩家10146 总下注110
[17:11:49] send >>>>>>>>>>>>>>>>>>>>>>>>>>>>>>> 1 message 57 size 112
[17:12:4] 区域 0 结算 -10
[17:12:4] 区域 1 结算 -10
[17:12:4] 区域 2 结算 -40
[17:12:4] 区域 3 结算 -10
[17:12:4] 区域 4 结算 -20
[17:12:4] 区域 5 结算 -20
[17:12:4] 玩家0[11248]  结算 110
[17:12:4] 玩家1[10146]  结算 -110
[17:12:4] broad >>>>>>>>>>>>>>>>>>>>>>>>>>>>>>> message 58 size 86
[17:12:6] 玩家0[11248]  结算 110, 分数 110, 总分数 110
[17:12:6] 玩家1[10146]  结算 -110, 分数 -110, 总分数 -110
[17:12:6] ******************游戏结束********************************



[17:12:9] broad >>>>>>>>>>>>>>>>>>>>>>>>>>>>>>> message 72 size 4
[17:12:16] 0:11248 ready
[17:12:16] 1:10146 ready
[17:12:16] *****************游戏开始***************
[17:12:16] [0][11248]连庄局数 2,总局数2
[17:12:16] [1][10146]连庄局数 0,总局数2
[17:12:16] 游戏局数 2,总局数 4
[17:12:16] broad >>>>>>>>>>>>>>>>>>>>>>>>>>>>>>> message 71 size 8
[17:12:16] broad >>>>>>>>>>>>>>>>>>>>>>>>>>>>>>> message 51 size 0
[17:12:26] card 0 5,1,   type 0   point 8
[17:12:26] card 1 4,2,   type 0   point 8
[17:12:26] card 2 8,7,   type 0   point 1
[17:12:26] card 3 11,9,   type 0   point 3
[17:12:26] broad >>>>>>>>>>>>>>>>>>>>>>>>>>>>>>> message 52 size 16
[17:12:41] 区域 0 结算 0
[17:12:41] 区域 1 结算 0
[17:12:41] 区域 2 结算 0
[17:12:41] 区域 3 结算 0
[17:12:41] 区域 4 结算 0
[17:12:41] 区域 5 结算 0
[17:12:41] 玩家0[11248]  结算 0
[17:12:41] 玩家1[10146]  结算 0
[17:12:41] broad >>>>>>>>>>>>>>>>>>>>>>>>>>>>>>> message 58 size 86
[17:12:43] 玩家0[11248]  结算 0, 分数 0, 总分数 110
[17:12:43] 玩家1[10146]  结算 0, 分数 0, 总分数 -110
[17:12:43] ******************游戏结束********************************



[17:12:51] *************************小结算***********************
[17:12:51] [Phone11248,11248] [庄] 输赢金币 110 ,排名 0
[17:12:51] [Phone10146,10146] [闲] 输赢金币 -110 ,排名 1
[17:12:51] broad >>>>>>>>>>>>>>>>>>>>>>>>>>>>>>> message 73 size 44
[17:12:51] user[11248] 坐庄次数 2,每个人当庄次数2 
[17:12:51] user[10146] 坐庄次数 0,每个人当庄次数2 
[17:12:51] broad >>>>>>>>>>>>>>>>>>>>>>>>>>>>>>> message 72 size 4
[17:13:3] 1:10146 ready
[17:13:4] 0:11248 ready
[17:13:4] *****************游戏开始***************
[17:13:4] [0][11248]连庄局数 2,总局数3
[17:13:4] [1][10146]连庄局数 1,总局数3
[17:13:4] 通知 庄家 1 坐庄次数 1
[17:13:4] broad >>>>>>>>>>>>>>>>>>>>>>>>>>>>>>> message 69 size 1
[17:13:4] 游戏局数 3,总局数 4
[17:13:4] broad >>>>>>>>>>>>>>>>>>>>>>>>>>>>>>> message 71 size 8
[17:13:4] broad >>>>>>>>>>>>>>>>>>>>>>>>>>>>>>> message 51 size 0
[17:13:14] card 0 3,5,   type 0   point 0
[17:13:14] card 1 2,0,   type 11   point 0
[17:13:14] card 2 f,5,   type 0   point 3
[17:13:14] card 3 7,3,   type 0   point 5
[17:13:14] broad >>>>>>>>>>>>>>>>>>>>>>>>>>>>>>> message 52 size 16
[17:13:29] 区域 0 结算 0
[17:13:29] 区域 1 结算 0
[17:13:29] 区域 2 结算 0
[17:13:29] 区域 3 结算 0
[17:13:29] 区域 4 结算 0
[17:13:29] 区域 5 结算 0
[17:13:29] 玩家0[11248]  结算 0
[17:13:29] 玩家1[10146]  结算 0
[17:13:29] broad >>>>>>>>>>>>>>>>>>>>>>>>>>>>>>> message 58 size 86
[17:13:31] 玩家0[11248]  结算 0, 分数 0, 总分数 110
[17:13:31] 玩家1[10146]  结算 0, 分数 0, 总分数 -110
[17:13:31] ******************游戏结束********************************



[17:13:34] broad >>>>>>>>>>>>>>>>>>>>>>>>>>>>>>> message 72 size 4
[17:13:41] 1:10146 ready
[17:13:43] 0:11248 ready
[17:13:43] *****************游戏开始***************
[17:13:43] [0][11248]连庄局数 2,总局数4
[17:13:43] [1][10146]连庄局数 2,总局数4
[17:13:43] 游戏局数 4,总局数 4
[17:13:43] broad >>>>>>>>>>>>>>>>>>>>>>>>>>>>>>> message 71 size 8
[17:13:43] broad >>>>>>>>>>>>>>>>>>>>>>>>>>>>>>> message 51 size 0
[17:13:47] recv  55 <<<<<<<<<<<<<<<<<<<<<<<<<<<<<<< 0
[17:13:47] userbet 11248  在0 下了 10,累计下注 10
[17:13:47] broad >>>>>>>>>>>>>>>>>>>>>>>>>>>>>>> message 56 size 6
[17:13:47] 区域 0  总下注10
[17:13:47] 区域 1  总下注0
[17:13:47] 区域 2  总下注0
[17:13:47] 区域 3  总下注0
[17:13:47] 区域 4  总下注0
[17:13:47] 区域 5  总下注0
[17:13:47] 玩家11248在区域 0  总下注10
[17:13:47] 玩家11248在区域 1  总下注0
[17:13:47] 玩家11248在区域 2  总下注0
[17:13:47] 玩家11248在区域 3  总下注0
[17:13:47] 玩家11248在区域 4  总下注0
[17:13:47] 玩家11248在区域 5  总下注0
[17:13:47] 玩家11248 总下注10
[17:13:47] send >>>>>>>>>>>>>>>>>>>>>>>>>>>>>>> 0 message 57 size 112
[17:13:47] send >>>>>>>>>>>>>>>>>>>>>>>>>>>>>>> 1 message 57 size 112
[17:13:47] recv  55 <<<<<<<<<<<<<<<<<<<<<<<<<<<<<<< 0
[17:13:47] userbet 11248  在0 下了 10,累计下注 20
[17:13:47] broad >>>>>>>>>>>>>>>>>>>>>>>>>>>>>>> message 56 size 6
[17:13:47] 区域 0  总下注20
[17:13:47] 区域 1  总下注0
[17:13:47] 区域 2  总下注0
[17:13:47] 区域 3  总下注0
[17:13:47] 区域 4  总下注0
[17:13:47] 区域 5  总下注0
[17:13:47] 玩家11248在区域 0  总下注20
[17:13:47] 玩家11248在区域 1  总下注0
[17:13:47] 玩家11248在区域 2  总下注0
[17:13:47] 玩家11248在区域 3  总下注0
[17:13:47] 玩家11248在区域 4  总下注0
[17:13:47] 玩家11248在区域 5  总下注0
[17:13:47] 玩家11248 总下注20
[17:13:47] send >>>>>>>>>>>>>>>>>>>>>>>>>>>>>>> 0 message 57 size 112
[17:13:47] send >>>>>>>>>>>>>>>>>>>>>>>>>>>>>>> 1 message 57 size 112
[17:13:47] recv  55 <<<<<<<<<<<<<<<<<<<<<<<<<<<<<<< 0
[17:13:47] userbet 11248  在2 下了 10,累计下注 30
[17:13:47] broad >>>>>>>>>>>>>>>>>>>>>>>>>>>>>>> message 56 size 6
[17:13:47] 区域 0  总下注20
[17:13:47] 区域 1  总下注0
[17:13:47] 区域 2  总下注10
[17:13:47] 区域 3  总下注0
[17:13:47] 区域 4  总下注0
[17:13:47] 区域 5  总下注0
[17:13:47] 玩家11248在区域 0  总下注20
[17:13:47] 玩家11248在区域 1  总下注0
[17:13:47] 玩家11248在区域 2  总下注10
[17:13:47] 玩家11248在区域 3  总下注0
[17:13:47] 玩家11248在区域 4  总下注0
[17:13:47] 玩家11248在区域 5  总下注0
[17:13:47] 玩家11248 总下注30
[17:13:47] send >>>>>>>>>>>>>>>>>>>>>>>>>>>>>>> 0 message 57 size 112
[17:13:47] send >>>>>>>>>>>>>>>>>>>>>>>>>>>>>>> 1 message 57 size 112
[17:13:48] recv  55 <<<<<<<<<<<<<<<<<<<<<<<<<<<<<<< 0
[17:13:48] userbet 11248  在2 下了 10,累计下注 40
[17:13:48] broad >>>>>>>>>>>>>>>>>>>>>>>>>>>>>>> message 56 size 6
[17:13:48] 区域 0  总下注20
[17:13:48] 区域 1  总下注0
[17:13:48] 区域 2  总下注20
[17:13:48] 区域 3  总下注0
[17:13:48] 区域 4  总下注0
[17:13:48] 区域 5  总下注0
[17:13:48] 玩家11248在区域 0  总下注20
[17:13:48] 玩家11248在区域 1  总下注0
[17:13:48] 玩家11248在区域 2  总下注20
[17:13:48] 玩家11248在区域 3  总下注0
[17:13:48] 玩家11248在区域 4  总下注0
[17:13:48] 玩家11248在区域 5  总下注0
[17:13:48] 玩家11248 总下注40
[17:13:48] send >>>>>>>>>>>>>>>>>>>>>>>>>>>>>>> 0 message 57 size 112
[17:13:48] send >>>>>>>>>>>>>>>>>>>>>>>>>>>>>>> 1 message 57 size 112
[17:13:48] recv  55 <<<<<<<<<<<<<<<<<<<<<<<<<<<<<<< 0
[17:13:48] userbet 11248  在2 下了 10,累计下注 50
[17:13:48] broad >>>>>>>>>>>>>>>>>>>>>>>>>>>>>>> message 56 size 6
[17:13:48] 区域 0  总下注20
[17:13:48] 区域 1  总下注0
[17:13:48] 区域 2  总下注30
[17:13:48] 区域 3  总下注0
[17:13:48] 区域 4  总下注0
[17:13:48] 区域 5  总下注0
[17:13:48] 玩家11248在区域 0  总下注20
[17:13:48] 玩家11248在区域 1  总下注0
[17:13:48] 玩家11248在区域 2  总下注30
[17:13:48] 玩家11248在区域 3  总下注0
[17:13:48] 玩家11248在区域 4  总下注0
[17:13:48] 玩家11248在区域 5  总下注0
[17:13:48] 玩家11248 总下注50
[17:13:48] send >>>>>>>>>>>>>>>>>>>>>>>>>>>>>>> 0 message 57 size 112
[17:13:48] send >>>>>>>>>>>>>>>>>>>>>>>>>>>>>>> 1 message 57 size 112
[17:13:48] recv  55 <<<<<<<<<<<<<<<<<<<<<<<<<<<<<<< 0
[17:13:48] userbet 11248  在0 下了 10,累计下注 60
[17:13:48] broad >>>>>>>>>>>>>>>>>>>>>>>>>>>>>>> message 56 size 6
[17:13:48] 区域 0  总下注30
[17:13:48] 区域 1  总下注0
[17:13:48] 区域 2  总下注30
[17:13:48] 区域 3  总下注0
[17:13:48] 区域 4  总下注0
[17:13:48] 区域 5  总下注0
[17:13:48] 玩家11248在区域 0  总下注30
[17:13:48] 玩家11248在区域 1  总下注0
[17:13:48] 玩家11248在区域 2  总下注30
[17:13:48] 玩家11248在区域 3  总下注0
[17:13:48] 玩家11248在区域 4  总下注0
[17:13:48] 玩家11248在区域 5  总下注0
[17:13:48] 玩家11248 总下注60
[17:13:48] send >>>>>>>>>>>>>>>>>>>>>>>>>>>>>>> 0 message 57 size 112
[17:13:48] send >>>>>>>>>>>>>>>>>>>>>>>>>>>>>>> 1 message 57 size 112
[17:13:48] recv  55 <<<<<<<<<<<<<<<<<<<<<<<<<<<<<<< 0
[17:13:48] userbet 11248  在1 下了 10,累计下注 70
[17:13:48] broad >>>>>>>>>>>>>>>>>>>>>>>>>>>>>>> message 56 size 6
[17:13:48] 区域 0  总下注30
[17:13:48] 区域 1  总下注10
[17:13:48] 区域 2  总下注30
[17:13:48] 区域 3  总下注0
[17:13:48] 区域 4  总下注0
[17:13:48] 区域 5  总下注0
[17:13:48] 玩家11248在区域 0  总下注30
[17:13:48] 玩家11248在区域 1  总下注10
[17:13:48] 玩家11248在区域 2  总下注30
[17:13:48] 玩家11248在区域 3  总下注0
[17:13:48] 玩家11248在区域 4  总下注0
[17:13:48] 玩家11248在区域 5  总下注0
[17:13:48] 玩家11248 总下注70
[17:13:48] send >>>>>>>>>>>>>>>>>>>>>>>>>>>>>>> 0 message 57 size 112
[17:13:48] send >>>>>>>>>>>>>>>>>>>>>>>>>>>>>>> 1 message 57 size 112
[17:13:53] card 0 2,4,   type 0   point 8
[17:13:53] card 1 3,11,   type 0   point 7
[17:13:53] card 2 f,7,   type 0   point 8
[17:13:53] card 3 5,3,   type 0   point 0
[17:13:53] broad >>>>>>>>>>>>>>>>>>>>>>>>>>>>>>> message 52 size 16
[17:14:8] 区域 0 结算 30
[17:14:8] 区域 1 结算 10
[17:14:8] 区域 2 结算 30
[17:14:8] 区域 3 结算 0
[17:14:8] 区域 4 结算 0
[17:14:8] 区域 5 结算 0
[17:14:8] 玩家0[11248]  结算 70
[17:14:8] 玩家1[10146]  结算 -70
[17:14:8] broad >>>>>>>>>>>>>>>>>>>>>>>>>>>>>>> message 58 size 86
[17:14:10] 玩家0[11248]  结算 70, 分数 70, 总分数 180
[17:14:10] 玩家1[10146]  结算 -70, 分数 -70, 总分数 -180
[17:14:10] ******************游戏结束********************************



[17:14:18] *************************小结算***********************
[17:14:18] [Phone11248,11248] [闲] 输赢金币 70 ,排名 0
[17:14:18] [Phone10146,10146] [庄] 输赢金币 -70 ,排名 1
[17:14:18] broad >>>>>>>>>>>>>>>>>>>>>>>>>>>>>>> message 73 size 44
[17:14:18] user[11248] 坐庄次数 2,每个人当庄次数2 
[17:14:18] user[10146] 坐庄次数 2,每个人当庄次数2 
[17:14:18] *************************大结算***********************
[17:14:18] [Phone11248,11248]  输赢金币 180 ,总分数 180，胜局 2 ,最大胜局 1,大赢家 1
[17:14:18] [Phone10146,10146]  输赢金币 -180 ,总分数 -180，胜局 0 ,最大胜局 0,大赢家 0
[17:14:18] broad >>>>>>>>>>>>>>>>>>>>>>>>>>>>>>> message 70 size 68
