[14:12:59] 0:16574 sit
[14:13:0] 0:16574 onGetState
[14:13:0] send >>>>>>>>>>>>>>>>>>>>>>>>>>>>>>> 0 message 72 size 4
[14:13:0] 游戏局数 0,总局数 4
[14:13:0] broad >>>>>>>>>>>>>>>>>>>>>>>>>>>>>>> message 71 size 8
[14:13:12] 0:16574 ready
[14:13:30] 1:10966 sit
[14:13:30] 1:10966 onGetState
[14:13:30] send >>>>>>>>>>>>>>>>>>>>>>>>>>>>>>> 1 message 72 size 4
[14:13:30] 游戏局数 0,总局数 4
[14:13:30] broad >>>>>>>>>>>>>>>>>>>>>>>>>>>>>>> message 71 size 8
[14:13:34] 1:10966 ready
[14:13:34] *****************游戏开始***************
[14:13:34] [0][16574]连庄局数 1,总局数1
[14:13:34] [1][10966]连庄局数 0,总局数1
[14:13:34] 通知 庄家 0 坐庄次数 1
[14:13:34] broad >>>>>>>>>>>>>>>>>>>>>>>>>>>>>>> message 69 size 1
[14:13:34] 游戏局数 1,总局数 4
[14:13:34] broad >>>>>>>>>>>>>>>>>>>>>>>>>>>>>>> message 71 size 8
[14:13:34] broad >>>>>>>>>>>>>>>>>>>>>>>>>>>>>>> message 51 size 0
[14:13:38] recv  55 <<<<<<<<<<<<<<<<<<<<<<<<<<<<<<< 1
[14:13:38] userbet 10966  在4 下了 200,累计下注 200
[14:13:38] broad >>>>>>>>>>>>>>>>>>>>>>>>>>>>>>> message 56 size 6
[14:13:38] 区域 0  总下注0
[14:13:38] 区域 1  总下注0
[14:13:38] 区域 2  总下注0
[14:13:38] 区域 3  总下注0
[14:13:38] 区域 4  总下注200
[14:13:38] 区域 5  总下注0
[14:13:38] send >>>>>>>>>>>>>>>>>>>>>>>>>>>>>>> 0 message 57 size 112
[14:13:38] 玩家10966在区域 0  总下注0
[14:13:38] 玩家10966在区域 1  总下注0
[14:13:38] 玩家10966在区域 2  总下注0
[14:13:38] 玩家10966在区域 3  总下注0
[14:13:38] 玩家10966在区域 4  总下注200
[14:13:38] 玩家10966在区域 5  总下注0
[14:13:38] 玩家10966 总下注200
[14:13:38] send >>>>>>>>>>>>>>>>>>>>>>>>>>>>>>> 1 message 57 size 112
[14:13:40] recv  55 <<<<<<<<<<<<<<<<<<<<<<<<<<<<<<< 1
[14:13:40] userbet 10966  在1 下了 200,累计下注 400
[14:13:40] broad >>>>>>>>>>>>>>>>>>>>>>>>>>>>>>> message 56 size 6
[14:13:40] 区域 0  总下注0
[14:13:40] 区域 1  总下注200
[14:13:40] 区域 2  总下注0
[14:13:40] 区域 3  总下注0
[14:13:40] 区域 4  总下注200
[14:13:40] 区域 5  总下注0
[14:13:40] send >>>>>>>>>>>>>>>>>>>>>>>>>>>>>>> 0 message 57 size 112
[14:13:40] 玩家10966在区域 0  总下注0
[14:13:40] 玩家10966在区域 1  总下注200
[14:13:40] 玩家10966在区域 2  总下注0
[14:13:40] 玩家10966在区域 3  总下注0
[14:13:40] 玩家10966在区域 4  总下注200
[14:13:40] 玩家10966在区域 5  总下注0
[14:13:40] 玩家10966 总下注400
[14:13:40] send >>>>>>>>>>>>>>>>>>>>>>>>>>>>>>> 1 message 57 size 112
[14:13:41] recv  55 <<<<<<<<<<<<<<<<<<<<<<<<<<<<<<< 1
[14:13:41] userbet 10966  在3 下了 200,累计下注 600
[14:13:41] broad >>>>>>>>>>>>>>>>>>>>>>>>>>>>>>> message 56 size 6
[14:13:41] 区域 0  总下注0
[14:13:41] 区域 1  总下注200
[14:13:41] 区域 2  总下注0
[14:13:41] 区域 3  总下注200
[14:13:41] 区域 4  总下注200
[14:13:41] 区域 5  总下注0
[14:13:41] send >>>>>>>>>>>>>>>>>>>>>>>>>>>>>>> 0 message 57 size 112
[14:13:41] 玩家10966在区域 0  总下注0
[14:13:41] 玩家10966在区域 1  总下注200
[14:13:41] 玩家10966在区域 2  总下注0
[14:13:41] 玩家10966在区域 3  总下注200
[14:13:41] 玩家10966在区域 4  总下注200
[14:13:41] 玩家10966在区域 5  总下注0
[14:13:41] 玩家10966 总下注600
[14:13:41] send >>>>>>>>>>>>>>>>>>>>>>>>>>>>>>> 1 message 57 size 112
[14:13:44] card 0 1,0,   type 0   point 4
[14:13:44] card 1 e,9,   type 0   point 5
[14:13:44] card 2 10,2,   type 0   point 5
[14:13:44] card 3 1,13,   type 0   point 7
[14:13:44] broad >>>>>>>>>>>>>>>>>>>>>>>>>>>>>>> message 52 size 16
[14:13:59] 区域 0 结算 0
[14:13:59] 区域 1 结算 -200
[14:13:59] 区域 2 结算 0
[14:13:59] 区域 3 结算 -200
[14:13:59] 区域 4 结算 -200
[14:13:59] 区域 5 结算 0
[14:13:59] 玩家0[16574]  结算 600
[14:13:59] 玩家1[10966]  结算 -600
[14:13:59] broad >>>>>>>>>>>>>>>>>>>>>>>>>>>>>>> message 58 size 86
[14:14:0] 玩家0[16574]  结算 600, 分数 600, 总分数 600
[14:14:0] 玩家1[10966]  结算 -600, 分数 -600, 总分数 -600
[14:14:0] ******************游戏结束********************************



[14:14:4] broad >>>>>>>>>>>>>>>>>>>>>>>>>>>>>>> message 72 size 4
[14:14:5] 1:10966 ready
[14:14:5] 0:16574 ready
[14:14:5] *****************游戏开始***************
[14:14:5] [0][16574]连庄局数 2,总局数2
[14:14:5] [1][10966]连庄局数 0,总局数2
[14:14:5] 游戏局数 2,总局数 4
[14:14:5] broad >>>>>>>>>>>>>>>>>>>>>>>>>>>>>>> message 71 size 8
[14:14:5] broad >>>>>>>>>>>>>>>>>>>>>>>>>>>>>>> message 51 size 0
[14:14:10] recv  55 <<<<<<<<<<<<<<<<<<<<<<<<<<<<<<< 1
[14:14:10] userbet 10966  在5 下了 10,累计下注 10
[14:14:10] broad >>>>>>>>>>>>>>>>>>>>>>>>>>>>>>> message 56 size 6
[14:14:10] 区域 0  总下注0
[14:14:10] 区域 1  总下注0
[14:14:10] 区域 2  总下注0
[14:14:10] 区域 3  总下注0
[14:14:10] 区域 4  总下注0
[14:14:10] 区域 5  总下注10
[14:14:10] send >>>>>>>>>>>>>>>>>>>>>>>>>>>>>>> 0 message 57 size 112
[14:14:10] 玩家10966在区域 0  总下注0
[14:14:10] 玩家10966在区域 1  总下注0
[14:14:10] 玩家10966在区域 2  总下注0
[14:14:10] 玩家10966在区域 3  总下注0
[14:14:10] 玩家10966在区域 4  总下注0
[14:14:10] 玩家10966在区域 5  总下注10
[14:14:10] 玩家10966 总下注10
[14:14:10] send >>>>>>>>>>>>>>>>>>>>>>>>>>>>>>> 1 message 57 size 112
[14:14:12] recv  55 <<<<<<<<<<<<<<<<<<<<<<<<<<<<<<< 1
[14:14:12] userbet 10966  在4 下了 10,累计下注 20
[14:14:12] broad >>>>>>>>>>>>>>>>>>>>>>>>>>>>>>> message 56 size 6
[14:14:12] 区域 0  总下注0
[14:14:12] 区域 1  总下注0
[14:14:12] 区域 2  总下注0
[14:14:12] 区域 3  总下注0
[14:14:12] 区域 4  总下注10
[14:14:12] 区域 5  总下注10
[14:14:12] send >>>>>>>>>>>>>>>>>>>>>>>>>>>>>>> 0 message 57 size 112
[14:14:12] 玩家10966在区域 0  总下注0
[14:14:12] 玩家10966在区域 1  总下注0
[14:14:12] 玩家10966在区域 2  总下注0
[14:14:12] 玩家10966在区域 3  总下注0
[14:14:12] 玩家10966在区域 4  总下注10
[14:14:12] 玩家10966在区域 5  总下注10
[14:14:12] 玩家10966 总下注20
[14:14:12] send >>>>>>>>>>>>>>>>>>>>>>>>>>>>>>> 1 message 57 size 112
[14:14:15] card 0 8,c,   type 0   point 9
[14:14:15] card 1 0,7,   type 0   point 3
[14:14:15] card 2 3,8,   type 0   point 4
[14:14:15] card 3 6,3,   type 0   point 8
[14:14:15] broad >>>>>>>>>>>>>>>>>>>>>>>>>>>>>>> message 52 size 16
[14:14:30] 区域 0 结算 0
[14:14:30] 区域 1 结算 0
[14:14:30] 区域 2 结算 0
[14:14:30] 区域 3 结算 0
[14:14:30] 区域 4 结算 -10
[14:14:30] 区域 5 结算 0
[14:14:30] 玩家0[16574]  结算 10
[14:14:30] 玩家1[10966]  结算 -10
[14:14:30] broad >>>>>>>>>>>>>>>>>>>>>>>>>>>>>>> message 58 size 86
[14:14:32] 玩家0[16574]  结算 10, 分数 10, 总分数 610
[14:14:32] 玩家1[10966]  结算 -10, 分数 -10, 总分数 -610
[14:14:32] ******************游戏结束********************************



[14:14:39] *************************小结算***********************
[14:14:39] [Phone16574,16574] [庄] 输赢金币 610 ,排名 0
[14:14:39] [Phone10966,10966] [闲] 输赢金币 -610 ,排名 1
[14:14:39] broad >>>>>>>>>>>>>>>>>>>>>>>>>>>>>>> message 73 size 44
[14:14:39] user[16574] 坐庄次数 2,每个人当庄次数2 
[14:14:39] user[10966] 坐庄次数 0,每个人当庄次数2 
[14:14:39] broad >>>>>>>>>>>>>>>>>>>>>>>>>>>>>>> message 72 size 4
[14:14:43] 1:10966 ready
[14:14:55] 0:16574 ready
[14:14:55] *****************游戏开始***************
[14:14:55] [0][16574]连庄局数 2,总局数3
[14:14:55] [1][10966]连庄局数 1,总局数3
[14:14:55] 通知 庄家 1 坐庄次数 1
[14:14:55] broad >>>>>>>>>>>>>>>>>>>>>>>>>>>>>>> message 69 size 1
[14:14:55] 游戏局数 3,总局数 4
[14:14:55] broad >>>>>>>>>>>>>>>>>>>>>>>>>>>>>>> message 71 size 8
[14:14:55] broad >>>>>>>>>>>>>>>>>>>>>>>>>>>>>>> message 51 size 0
[14:15:2] recv  55 <<<<<<<<<<<<<<<<<<<<<<<<<<<<<<< 0
[14:15:2] userbet 16574  在4 下了 200,累计下注 200
[14:15:2] broad >>>>>>>>>>>>>>>>>>>>>>>>>>>>>>> message 56 size 6
[14:15:2] 区域 0  总下注0
[14:15:2] 区域 1  总下注0
[14:15:2] 区域 2  总下注0
[14:15:2] 区域 3  总下注0
[14:15:2] 区域 4  总下注200
[14:15:2] 区域 5  总下注0
[14:15:2] 玩家16574在区域 0  总下注0
[14:15:2] 玩家16574在区域 1  总下注0
[14:15:2] 玩家16574在区域 2  总下注0
[14:15:2] 玩家16574在区域 3  总下注0
[14:15:2] 玩家16574在区域 4  总下注200
[14:15:2] 玩家16574在区域 5  总下注0
[14:15:2] 玩家16574 总下注200
[14:15:2] send >>>>>>>>>>>>>>>>>>>>>>>>>>>>>>> 0 message 57 size 112
[14:15:2] send >>>>>>>>>>>>>>>>>>>>>>>>>>>>>>> 1 message 57 size 112
[14:15:4] recv  55 <<<<<<<<<<<<<<<<<<<<<<<<<<<<<<< 0
[14:15:4] userbet 16574  在0 下了 200,累计下注 400
[14:15:4] broad >>>>>>>>>>>>>>>>>>>>>>>>>>>>>>> message 56 size 6
[14:15:4] 区域 0  总下注200
[14:15:4] 区域 1  总下注0
[14:15:4] 区域 2  总下注0
[14:15:4] 区域 3  总下注0
[14:15:4] 区域 4  总下注200
[14:15:4] 区域 5  总下注0
[14:15:4] 玩家16574在区域 0  总下注200
[14:15:4] 玩家16574在区域 1  总下注0
[14:15:4] 玩家16574在区域 2  总下注0
[14:15:4] 玩家16574在区域 3  总下注0
[14:15:4] 玩家16574在区域 4  总下注200
[14:15:4] 玩家16574在区域 5  总下注0
[14:15:4] 玩家16574 总下注400
[14:15:4] send >>>>>>>>>>>>>>>>>>>>>>>>>>>>>>> 0 message 57 size 112
[14:15:4] send >>>>>>>>>>>>>>>>>>>>>>>>>>>>>>> 1 message 57 size 112
[14:15:4] recv  55 <<<<<<<<<<<<<<<<<<<<<<<<<<<<<<< 0
[14:15:4] userbet 16574  在3 下了 200,累计下注 600
[14:15:4] broad >>>>>>>>>>>>>>>>>>>>>>>>>>>>>>> message 56 size 6
[14:15:4] 区域 0  总下注200
[14:15:4] 区域 1  总下注0
[14:15:4] 区域 2  总下注0
[14:15:4] 区域 3  总下注200
[14:15:4] 区域 4  总下注200
[14:15:4] 区域 5  总下注0
[14:15:4] 玩家16574在区域 0  总下注200
[14:15:4] 玩家16574在区域 1  总下注0
[14:15:4] 玩家16574在区域 2  总下注0
[14:15:4] 玩家16574在区域 3  总下注200
[14:15:4] 玩家16574在区域 4  总下注200
[14:15:4] 玩家16574在区域 5  总下注0
[14:15:4] 玩家16574 总下注600
[14:15:4] send >>>>>>>>>>>>>>>>>>>>>>>>>>>>>>> 0 message 57 size 112
[14:15:4] send >>>>>>>>>>>>>>>>>>>>>>>>>>>>>>> 1 message 57 size 112
[14:15:5] recv  55 <<<<<<<<<<<<<<<<<<<<<<<<<<<<<<< 0
[14:15:5] userbet 16574  在1 下了 200,累计下注 800
[14:15:5] broad >>>>>>>>>>>>>>>>>>>>>>>>>>>>>>> message 56 size 6
[14:15:5] 区域 0  总下注200
[14:15:5] 区域 1  总下注200
[14:15:5] 区域 2  总下注0
[14:15:5] 区域 3  总下注200
[14:15:5] 区域 4  总下注200
[14:15:5] 区域 5  总下注0
[14:15:5] 玩家16574在区域 0  总下注200
[14:15:5] 玩家16574在区域 1  总下注200
[14:15:5] 玩家16574在区域 2  总下注0
[14:15:5] 玩家16574在区域 3  总下注200
[14:15:5] 玩家16574在区域 4  总下注200
[14:15:5] 玩家16574在区域 5  总下注0
[14:15:5] 玩家16574 总下注800
[14:15:5] send >>>>>>>>>>>>>>>>>>>>>>>>>>>>>>> 0 message 57 size 112
[14:15:5] send >>>>>>>>>>>>>>>>>>>>>>>>>>>>>>> 1 message 57 size 112
[14:15:5] card 0 7,4,   type 0   point 1
[14:15:5] card 1 8,12,   type 0   point 5
[14:15:5] card 2 6,1,   type 0   point 6
[14:15:5] card 3 8,c,   type 0   point 9
[14:15:5] broad >>>>>>>>>>>>>>>>>>>>>>>>>>>>>>> message 52 size 16
[14:15:20] 区域 0 结算 -200
[14:15:20] 区域 1 结算 -200
[14:15:20] 区域 2 结算 0
[14:15:20] 区域 3 结算 -200
[14:15:20] 区域 4 结算 -200
[14:15:20] 区域 5 结算 0
[14:15:20] 玩家0[16574]  结算 -800
[14:15:20] 玩家1[10966]  结算 800
[14:15:20] broad >>>>>>>>>>>>>>>>>>>>>>>>>>>>>>> message 58 size 86
[14:15:22] 玩家0[16574]  结算 -800, 分数 -800, 总分数 -190
[14:15:22] 玩家1[10966]  结算 800, 分数 800, 总分数 190
[14:15:22] ******************游戏结束********************************



[14:15:25] broad >>>>>>>>>>>>>>>>>>>>>>>>>>>>>>> message 72 size 4
[14:15:26] 0:16574 ready
[14:15:27] 1:10966 ready
[14:15:27] *****************游戏开始***************
[14:15:27] [0][16574]连庄局数 2,总局数4
[14:15:27] [1][10966]连庄局数 2,总局数4
[14:15:27] 游戏局数 4,总局数 4
[14:15:27] broad >>>>>>>>>>>>>>>>>>>>>>>>>>>>>>> message 71 size 8
[14:15:27] broad >>>>>>>>>>>>>>>>>>>>>>>>>>>>>>> message 51 size 0
[14:15:31] recv  55 <<<<<<<<<<<<<<<<<<<<<<<<<<<<<<< 0
[14:15:31] userbet 16574  在0 下了 1000,累计下注 1000
[14:15:31] broad >>>>>>>>>>>>>>>>>>>>>>>>>>>>>>> message 56 size 6
[14:15:31] 区域 0  总下注1000
[14:15:31] 区域 1  总下注0
[14:15:31] 区域 2  总下注0
[14:15:31] 区域 3  总下注0
[14:15:31] 区域 4  总下注0
[14:15:31] 区域 5  总下注0
[14:15:31] 玩家16574在区域 0  总下注1000
[14:15:31] 玩家16574在区域 1  总下注0
[14:15:31] 玩家16574在区域 2  总下注0
[14:15:31] 玩家16574在区域 3  总下注0
[14:15:31] 玩家16574在区域 4  总下注0
[14:15:31] 玩家16574在区域 5  总下注0
[14:15:31] 玩家16574 总下注1000
[14:15:31] send >>>>>>>>>>>>>>>>>>>>>>>>>>>>>>> 0 message 57 size 112
[14:15:31] send >>>>>>>>>>>>>>>>>>>>>>>>>>>>>>> 1 message 57 size 112
[14:15:32] recv  55 <<<<<<<<<<<<<<<<<<<<<<<<<<<<<<< 0
[14:15:32] userbet 16574  在3 下了 1000,累计下注 2000
[14:15:32] broad >>>>>>>>>>>>>>>>>>>>>>>>>>>>>>> message 56 size 6
[14:15:32] 区域 0  总下注1000
[14:15:32] 区域 1  总下注0
[14:15:32] 区域 2  总下注0
[14:15:32] 区域 3  总下注1000
[14:15:32] 区域 4  总下注0
[14:15:32] 区域 5  总下注0
[14:15:32] 玩家16574在区域 0  总下注1000
[14:15:32] 玩家16574在区域 1  总下注0
[14:15:32] 玩家16574在区域 2  总下注0
[14:15:32] 玩家16574在区域 3  总下注1000
[14:15:32] 玩家16574在区域 4  总下注0
[14:15:32] 玩家16574在区域 5  总下注0
[14:15:32] 玩家16574 总下注2000
[14:15:32] send >>>>>>>>>>>>>>>>>>>>>>>>>>>>>>> 0 message 57 size 112
[14:15:32] send >>>>>>>>>>>>>>>>>>>>>>>>>>>>>>> 1 message 57 size 112
[14:15:33] recv  55 <<<<<<<<<<<<<<<<<<<<<<<<<<<<<<< 0
[14:15:33] userbet 16574  在1 下了 1000,累计下注 3000
[14:15:33] broad >>>>>>>>>>>>>>>>>>>>>>>>>>>>>>> message 56 size 6
[14:15:33] 区域 0  总下注1000
[14:15:33] 区域 1  总下注1000
[14:15:33] 区域 2  总下注0
[14:15:33] 区域 3  总下注1000
[14:15:33] 区域 4  总下注0
[14:15:33] 区域 5  总下注0
[14:15:33] 玩家16574在区域 0  总下注1000
[14:15:33] 玩家16574在区域 1  总下注1000
[14:15:33] 玩家16574在区域 2  总下注0
[14:15:33] 玩家16574在区域 3  总下注1000
[14:15:33] 玩家16574在区域 4  总下注0
[14:15:33] 玩家16574在区域 5  总下注0
[14:15:33] 玩家16574 总下注3000
[14:15:33] send >>>>>>>>>>>>>>>>>>>>>>>>>>>>>>> 0 message 57 size 112
[14:15:33] send >>>>>>>>>>>>>>>>>>>>>>>>>>>>>>> 1 message 57 size 112
[14:15:33] recv  55 <<<<<<<<<<<<<<<<<<<<<<<<<<<<<<< 0
[14:15:33] userbet 16574  在4 下了 1000,累计下注 4000
[14:15:33] broad >>>>>>>>>>>>>>>>>>>>>>>>>>>>>>> message 56 size 6
[14:15:33] 区域 0  总下注1000
[14:15:33] 区域 1  总下注1000
[14:15:33] 区域 2  总下注0
[14:15:33] 区域 3  总下注1000
[14:15:33] 区域 4  总下注1000
[14:15:33] 区域 5  总下注0
[14:15:33] 玩家16574在区域 0  总下注1000
[14:15:33] 玩家16574在区域 1  总下注1000
[14:15:33] 玩家16574在区域 2  总下注0
[14:15:33] 玩家16574在区域 3  总下注1000
[14:15:33] 玩家16574在区域 4  总下注1000
[14:15:33] 玩家16574在区域 5  总下注0
[14:15:33] 玩家16574 总下注4000
[14:15:33] send >>>>>>>>>>>>>>>>>>>>>>>>>>>>>>> 0 message 57 size 112
[14:15:33] send >>>>>>>>>>>>>>>>>>>>>>>>>>>>>>> 1 message 57 size 112
[14:15:34] recv  55 <<<<<<<<<<<<<<<<<<<<<<<<<<<<<<< 0
[14:15:34] userbet 16574  在2 下了 1000,累计下注 5000
[14:15:34] broad >>>>>>>>>>>>>>>>>>>>>>>>>>>>>>> message 56 size 6
[14:15:34] 区域 0  总下注1000
[14:15:34] 区域 1  总下注1000
[14:15:34] 区域 2  总下注1000
[14:15:34] 区域 3  总下注1000
[14:15:34] 区域 4  总下注1000
[14:15:34] 区域 5  总下注0
[14:15:34] 玩家16574在区域 0  总下注1000
[14:15:34] 玩家16574在区域 1  总下注1000
[14:15:34] 玩家16574在区域 2  总下注1000
[14:15:34] 玩家16574在区域 3  总下注1000
[14:15:34] 玩家16574在区域 4  总下注1000
[14:15:34] 玩家16574在区域 5  总下注0
[14:15:34] 玩家16574 总下注5000
[14:15:34] send >>>>>>>>>>>>>>>>>>>>>>>>>>>>>>> 0 message 57 size 112
[14:15:34] send >>>>>>>>>>>>>>>>>>>>>>>>>>>>>>> 1 message 57 size 112
[14:15:38] card 0 7,5,   type 0   point 7
[14:15:38] card 1 5,13,   type 0   point 1
[14:15:38] card 2 11,e,   type 0   point 4
[14:15:38] card 3 6,c,   type 0   point 3
[14:15:38] broad >>>>>>>>>>>>>>>>>>>>>>>>>>>>>>> message 52 size 16
[14:15:53] 区域 0 结算 1000
[14:15:53] 区域 1 结算 -1000
[14:15:53] 区域 2 结算 1000
[14:15:53] 区域 3 结算 0
[14:15:53] 区域 4 结算 0
[14:15:53] 区域 5 结算 0
[14:15:53] 玩家0[16574]  结算 1000
[14:15:53] 玩家1[10966]  结算 -1000
[14:15:53] broad >>>>>>>>>>>>>>>>>>>>>>>>>>>>>>> message 58 size 86
[14:15:54] 玩家0[16574]  结算 1000, 分数 1000, 总分数 810
[14:15:54] 玩家1[10966]  结算 -1000, 分数 -1000, 总分数 -810
[14:15:54] ******************游戏结束********************************



[14:16:2] *************************小结算***********************
[14:16:2] [Phone16574,16574] [闲] 输赢金币 200 ,排名 0
[14:16:2] [Phone10966,10966] [庄] 输赢金币 -200 ,排名 1
[14:16:2] broad >>>>>>>>>>>>>>>>>>>>>>>>>>>>>>> message 73 size 44
[14:16:2] user[16574] 坐庄次数 2,每个人当庄次数2 
[14:16:2] user[10966] 坐庄次数 2,每个人当庄次数2 
[14:16:2] *************************大结算***********************
[14:16:2] [Phone16574,16574]  输赢金币 810 ,总分数 810，胜局 3 ,最大胜局 2,大赢家 1
[14:16:2] [Phone10966,10966]  输赢金币 -810 ,总分数 -810，胜局 1 ,最大胜局 1,大赢家 0
[14:16:2] broad >>>>>>>>>>>>>>>>>>>>>>>>>>>>>>> message 70 size 68
