[9:16:9] 0:10015 sit
[9:16:10] 0:10015 onGetState
[9:16:10] send >>>>>>>>>>>>>>>>>>>>>>>>>>>>>>> 0 message 72 size 4
[9:16:10] 游戏局数 0,总局数 4
[9:16:10] broad >>>>>>>>>>>>>>>>>>>>>>>>>>>>>>> message 71 size 8
[9:16:29] 1:10018 sit
[9:16:30] 1:10018 onGetState
[9:16:30] send >>>>>>>>>>>>>>>>>>>>>>>>>>>>>>> 1 message 72 size 4
[9:16:30] 游戏局数 0,总局数 4
[9:16:30] broad >>>>>>>>>>>>>>>>>>>>>>>>>>>>>>> message 71 size 8
[9:16:33] 0:10015 ready
[9:16:33] 1:10018 ready
[9:16:33] *****************游戏开始***************
[9:16:33] [0][10015]连庄局数 1,总局数1
[9:16:33] [1][10018]连庄局数 0,总局数1
[9:16:33] 通知 庄家 0 坐庄次数 1
[9:16:33] broad >>>>>>>>>>>>>>>>>>>>>>>>>>>>>>> message 69 size 1
[9:16:33] 游戏局数 1,总局数 4
[9:16:33] broad >>>>>>>>>>>>>>>>>>>>>>>>>>>>>>> message 71 size 8
[9:16:33] broad >>>>>>>>>>>>>>>>>>>>>>>>>>>>>>> message 51 size 0
[9:16:41] recv  55 <<<<<<<<<<<<<<<<<<<<<<<<<<<<<<< 1
[9:16:41] userbet 10018  在1 下了 10,累计下注 10
[9:16:41] broad >>>>>>>>>>>>>>>>>>>>>>>>>>>>>>> message 56 size 6
[9:16:41] 区域 0  总下注0
[9:16:41] 区域 1  总下注10
[9:16:41] 区域 2  总下注0
[9:16:41] 区域 3  总下注0
[9:16:41] 区域 4  总下注0
[9:16:41] 区域 5  总下注0
[9:16:41] send >>>>>>>>>>>>>>>>>>>>>>>>>>>>>>> 0 message 57 size 112
[9:16:41] 玩家10018在区域 0  总下注0
[9:16:41] 玩家10018在区域 1  总下注10
[9:16:41] 玩家10018在区域 2  总下注0
[9:16:41] 玩家10018在区域 3  总下注0
[9:16:41] 玩家10018在区域 4  总下注0
[9:16:41] 玩家10018在区域 5  总下注0
[9:16:41] 玩家10018 总下注10
[9:16:41] send >>>>>>>>>>>>>>>>>>>>>>>>>>>>>>> 1 message 57 size 112
[9:16:42] recv  55 <<<<<<<<<<<<<<<<<<<<<<<<<<<<<<< 1
[9:16:42] userbet 10018  在1 下了 10,累计下注 20
[9:16:42] broad >>>>>>>>>>>>>>>>>>>>>>>>>>>>>>> message 56 size 6
[9:16:42] 区域 0  总下注0
[9:16:42] 区域 1  总下注20
[9:16:42] 区域 2  总下注0
[9:16:42] 区域 3  总下注0
[9:16:42] 区域 4  总下注0
[9:16:42] 区域 5  总下注0
[9:16:42] send >>>>>>>>>>>>>>>>>>>>>>>>>>>>>>> 0 message 57 size 112
[9:16:42] 玩家10018在区域 0  总下注0
[9:16:42] 玩家10018在区域 1  总下注20
[9:16:42] 玩家10018在区域 2  总下注0
[9:16:42] 玩家10018在区域 3  总下注0
[9:16:42] 玩家10018在区域 4  总下注0
[9:16:42] 玩家10018在区域 5  总下注0
[9:16:42] 玩家10018 总下注20
[9:16:42] send >>>>>>>>>>>>>>>>>>>>>>>>>>>>>>> 1 message 57 size 112
[9:16:43] card 0 9,5,   type 0   point 3
[9:16:43] card 1 c,5,   type 0   point 5
[9:16:43] card 2 4,3,   type 0   point 4
[9:16:43] card 3 8,e,   type 0   point 8
[9:16:43] broad >>>>>>>>>>>>>>>>>>>>>>>>>>>>>>> message 52 size 16
[9:16:58] 区域 0 结算 0
[9:16:58] 区域 1 结算 -20
[9:16:58] 区域 2 结算 0
[9:16:58] 区域 3 结算 0
[9:16:58] 区域 4 结算 0
[9:16:58] 区域 5 结算 0
[9:16:58] 玩家0[10015]  结算 20
[9:16:58] 玩家1[10018]  结算 -20
[9:16:58] broad >>>>>>>>>>>>>>>>>>>>>>>>>>>>>>> message 58 size 86
[9:17:0] 玩家0[10015]  结算 20, 分数 20, 总分数 20
[9:17:0] 玩家1[10018]  结算 -20, 分数 -20, 总分数 -20
[9:17:0] ******************游戏结束********************************



[9:17:3] broad >>>>>>>>>>>>>>>>>>>>>>>>>>>>>>> message 72 size 4
[9:17:12] *************************大结算***********************
[9:17:12] [222222,10015]  输赢金币 20 ,总分数 20，胜局 1 ,最大胜局 1,大赢家 1
[9:17:12] [333333,10018]  输赢金币 -20 ,总分数 -20，胜局 0 ,最大胜局 0,大赢家 0
[9:17:12] broad >>>>>>>>>>>>>>>>>>>>>>>>>>>>>>> message 70 size 68
