[12:48:20] 0:20157 sit
[12:48:22] 0:20157 onGetState
[12:48:22] send >>>>>>>>>>>>>>>>>>>>>>>>>>>>>>> 0 message 72 size 4
[12:48:22] 游戏局数 0,总局数 8
[12:48:22] broad >>>>>>>>>>>>>>>>>>>>>>>>>>>>>>> message 71 size 8
[12:48:30] 0:20157 ready
[12:48:58] 1:20156 sit
[12:49:0] 1:20156 onGetState
[12:49:0] send >>>>>>>>>>>>>>>>>>>>>>>>>>>>>>> 1 message 72 size 4
[12:49:0] 游戏局数 0,总局数 8
[12:49:0] broad >>>>>>>>>>>>>>>>>>>>>>>>>>>>>>> message 71 size 8
[12:49:25] 2:20154 sit
[12:49:26] 2:20154 onGetState
[12:49:26] send >>>>>>>>>>>>>>>>>>>>>>>>>>>>>>> 2 message 72 size 4
[12:49:26] 游戏局数 0,总局数 8
[12:49:26] broad >>>>>>>>>>>>>>>>>>>>>>>>>>>>>>> message 71 size 8
[12:49:36] 2:20154 ready
[12:50:26] 3:20158 sit
[12:50:28] 3:20158 onGetState
[12:50:28] send >>>>>>>>>>>>>>>>>>>>>>>>>>>>>>> 3 message 72 size 4
[12:50:28] 游戏局数 0,总局数 8
[12:50:28] broad >>>>>>>>>>>>>>>>>>>>>>>>>>>>>>> message 71 size 8
[12:50:30] 3:20158 ready
[12:50:32] 1:20156 ready
[12:50:32] *****************游戏开始***************
[12:50:32] [0][20157]连庄局数 1,总局数1
[12:50:32] [1][20156]连庄局数 0,总局数1
[12:50:32] [2][20154]连庄局数 0,总局数1
[12:50:32] [3][20158]连庄局数 0,总局数1
[12:50:32] 通知 庄家 0 坐庄次数 1
[12:50:32] broad >>>>>>>>>>>>>>>>>>>>>>>>>>>>>>> message 69 size 1
[12:50:32] 游戏局数 1,总局数 8
[12:50:32] broad >>>>>>>>>>>>>>>>>>>>>>>>>>>>>>> message 71 size 8
[12:50:32] broad >>>>>>>>>>>>>>>>>>>>>>>>>>>>>>> message 51 size 0
[12:50:42] card 0 6,1,   type 0   point 6
[12:50:42] card 1 4,e,   type 0   point 8
[12:50:42] card 2 8,11,   type 0   point 6
[12:50:42] card 3 3,7,   type 0   point 5
[12:50:42] broad >>>>>>>>>>>>>>>>>>>>>>>>>>>>>>> message 52 size 16
[12:50:57] 区域 0 结算 0
[12:50:57] 区域 1 结算 0
[12:50:57] 区域 2 结算 0
[12:50:57] 区域 3 结算 0
[12:50:57] 区域 4 结算 0
[12:50:57] 区域 5 结算 0
[12:50:57] 玩家0[20157]  结算 0
[12:50:57] 玩家1[20156]  结算 0
[12:50:57] 玩家2[20154]  结算 0
[12:50:57] 玩家3[20158]  结算 0
[12:50:57] broad >>>>>>>>>>>>>>>>>>>>>>>>>>>>>>> message 58 size 86
[12:50:58] 玩家0[20157]  结算 0, 分数 0, 总分数 0
[12:50:58] 玩家1[20156]  结算 0, 分数 0, 总分数 0
[12:50:58] 玩家2[20154]  结算 0, 分数 0, 总分数 0
[12:50:58] 玩家3[20158]  结算 0, 分数 0, 总分数 0
[12:50:58] ******************游戏结束********************************



[12:51:1] broad >>>>>>>>>>>>>>>>>>>>>>>>>>>>>>> message 72 size 4
[12:51:22] 2:20154 ready
[12:51:24] 3:20158 ready
[12:51:42] 1:20156 ready
[12:51:43] 0:20157 ready
[12:51:43] *****************游戏开始***************
[12:51:43] [0][20157]连庄局数 2,总局数2
[12:51:43] [1][20156]连庄局数 0,总局数2
[12:51:43] [2][20154]连庄局数 0,总局数2
[12:51:43] [3][20158]连庄局数 0,总局数2
[12:51:43] 游戏局数 2,总局数 8
[12:51:43] broad >>>>>>>>>>>>>>>>>>>>>>>>>>>>>>> message 71 size 8
[12:51:43] broad >>>>>>>>>>>>>>>>>>>>>>>>>>>>>>> message 51 size 0
[12:51:54] card 0 3,9,   type 0   point 1
[12:51:54] card 1 b,2,   type 0   point 7
[12:51:54] card 2 7,5,   type 0   point 7
[12:51:54] card 3 8,1,   type 0   point 2
[12:51:54] broad >>>>>>>>>>>>>>>>>>>>>>>>>>>>>>> message 52 size 16
[12:52:9] 区域 0 结算 0
[12:52:9] 区域 1 结算 0
[12:52:9] 区域 2 结算 0
[12:52:9] 区域 3 结算 0
[12:52:9] 区域 4 结算 0
[12:52:9] 区域 5 结算 0
[12:52:9] 玩家0[20157]  结算 0
[12:52:9] 玩家1[20156]  结算 0
[12:52:9] 玩家2[20154]  结算 0
[12:52:9] 玩家3[20158]  结算 0
[12:52:9] broad >>>>>>>>>>>>>>>>>>>>>>>>>>>>>>> message 58 size 86
[12:52:10] 玩家0[20157]  结算 0, 分数 0, 总分数 0
[12:52:10] 玩家1[20156]  结算 0, 分数 0, 总分数 0
[12:52:10] 玩家2[20154]  结算 0, 分数 0, 总分数 0
[12:52:10] 玩家3[20158]  结算 0, 分数 0, 总分数 0
[12:52:10] ******************游戏结束********************************



[12:52:18] *************************小结算***********************
[12:52:18] [Phone20157,20157] [庄] 输赢金币 0 ,排名 0
[12:52:18] [Phone20156,20156] [闲] 输赢金币 0 ,排名 0
[12:52:18] [Phone20154,20154] [闲] 输赢金币 0 ,排名 0
[12:52:18] [Phone20158,20158] [闲] 输赢金币 0 ,排名 0
[12:52:18] broad >>>>>>>>>>>>>>>>>>>>>>>>>>>>>>> message 73 size 44
[12:52:18] user[20157] 坐庄次数 2,每个人当庄次数2 
[12:52:18] user[20156] 坐庄次数 0,每个人当庄次数2 
[12:52:18] broad >>>>>>>>>>>>>>>>>>>>>>>>>>>>>>> message 72 size 4
[12:52:30] 1:20156 ready
[12:52:32] 2:20154 ready
[12:52:45] 3:20158 ready
[12:52:47] 0:20157 ready
[12:52:47] *****************游戏开始***************
[12:52:47] [0][20157]连庄局数 2,总局数3
[12:52:47] [1][20156]连庄局数 1,总局数3
[12:52:47] [2][20154]连庄局数 0,总局数3
[12:52:47] [3][20158]连庄局数 0,总局数3
[12:52:47] 通知 庄家 1 坐庄次数 1
[12:52:47] broad >>>>>>>>>>>>>>>>>>>>>>>>>>>>>>> message 69 size 1
[12:52:47] 游戏局数 3,总局数 8
[12:52:47] broad >>>>>>>>>>>>>>>>>>>>>>>>>>>>>>> message 71 size 8
[12:52:47] broad >>>>>>>>>>>>>>>>>>>>>>>>>>>>>>> message 51 size 0
[12:52:57] card 0 2,9,   type 0   point 5
[12:52:57] card 1 3,9,   type 0   point 1
[12:52:57] card 2 c,10,   type 0   point 6
[12:52:57] card 3 0,4,   type 0   point 2
[12:52:57] broad >>>>>>>>>>>>>>>>>>>>>>>>>>>>>>> message 52 size 16
[12:53:12] 区域 0 结算 0
[12:53:12] 区域 1 结算 0
[12:53:12] 区域 2 结算 0
[12:53:12] 区域 3 结算 0
[12:53:12] 区域 4 结算 0
[12:53:12] 区域 5 结算 0
[12:53:12] 玩家0[20157]  结算 0
[12:53:12] 玩家1[20156]  结算 0
[12:53:12] 玩家2[20154]  结算 0
[12:53:12] 玩家3[20158]  结算 0
[12:53:12] broad >>>>>>>>>>>>>>>>>>>>>>>>>>>>>>> message 58 size 86
[12:53:14] 玩家0[20157]  结算 0, 分数 0, 总分数 0
[12:53:14] 玩家1[20156]  结算 0, 分数 0, 总分数 0
[12:53:14] 玩家2[20154]  结算 0, 分数 0, 总分数 0
[12:53:14] 玩家3[20158]  结算 0, 分数 0, 总分数 0
[12:53:14] ******************游戏结束********************************



[12:53:17] broad >>>>>>>>>>>>>>>>>>>>>>>>>>>>>>> message 72 size 4
[12:53:29] *************************大结算***********************
[12:53:29] [Phone20157,20157]  输赢金币 0 ,总分数 0，胜局 0 ,最大胜局 0,大赢家 0
[12:53:29] [Phone20156,20156]  输赢金币 0 ,总分数 0，胜局 0 ,最大胜局 0,大赢家 0
[12:53:29] [Phone20154,20154]  输赢金币 0 ,总分数 0，胜局 0 ,最大胜局 0,大赢家 0
[12:53:29] [Phone20158,20158]  输赢金币 0 ,总分数 0，胜局 0 ,最大胜局 0,大赢家 0
[12:53:29] broad >>>>>>>>>>>>>>>>>>>>>>>>>>>>>>> message 70 size 68
