[10:27:21] 0:20816 sit
[10:27:22] 0:20816 onGetState
[10:27:22] send >>>>>>>>>>>>>>>>>>>>>>>>>>>>>>> 0 message 72 size 4
[10:27:22] 游戏局数 0,总局数 4
[10:27:22] broad >>>>>>>>>>>>>>>>>>>>>>>>>>>>>>> message 71 size 8
[10:27:32] 1:20819 sit
[10:27:32] 1:20819 onGetState
[10:27:32] send >>>>>>>>>>>>>>>>>>>>>>>>>>>>>>> 1 message 72 size 4
[10:27:32] 游戏局数 0,总局数 4
[10:27:32] broad >>>>>>>>>>>>>>>>>>>>>>>>>>>>>>> message 71 size 8
[10:27:35] 0:20816 ready
[10:27:36] 1:20819 ready
[10:27:36] *****************游戏开始***************
[10:27:36] [0][20816]连庄局数 1,总局数1
[10:27:36] [1][20819]连庄局数 0,总局数1
[10:27:36] 通知 庄家 0 坐庄次数 1
[10:27:36] broad >>>>>>>>>>>>>>>>>>>>>>>>>>>>>>> message 69 size 1
[10:27:36] 游戏局数 1,总局数 4
[10:27:36] broad >>>>>>>>>>>>>>>>>>>>>>>>>>>>>>> message 71 size 8
[10:27:36] broad >>>>>>>>>>>>>>>>>>>>>>>>>>>>>>> message 51 size 0
[10:27:46] card 0 0,5,   type 0   point 8
[10:27:46] card 1 4,1,   type 0   point 2
[10:27:46] card 2 2,e,   type 0   point 6
[10:27:46] card 3 1,9,   type 8   point 9
[10:27:46] broad >>>>>>>>>>>>>>>>>>>>>>>>>>>>>>> message 52 size 16
[10:28:1] 区域 0 结算 0
[10:28:1] 区域 1 结算 0
[10:28:1] 区域 2 结算 0
[10:28:1] 区域 3 结算 0
[10:28:1] 区域 4 结算 0
[10:28:1] 区域 5 结算 0
[10:28:1] 玩家0[20816]  结算 0
[10:28:1] 玩家1[20819]  结算 0
[10:28:1] broad >>>>>>>>>>>>>>>>>>>>>>>>>>>>>>> message 58 size 86
[10:28:3] 玩家0[20816]  结算 0, 分数 0, 总分数 0
[10:28:3] 玩家1[20819]  结算 0, 分数 0, 总分数 0
[10:28:3] ******************游戏结束********************************



[10:28:6] broad >>>>>>>>>>>>>>>>>>>>>>>>>>>>>>> message 72 size 4
[10:28:8] 0:20816 ready
[10:28:13] 1:20819 ready
[10:28:13] *****************游戏开始***************
[10:28:13] [0][20816]连庄局数 2,总局数2
[10:28:13] [1][20819]连庄局数 0,总局数2
[10:28:13] 游戏局数 2,总局数 4
[10:28:13] broad >>>>>>>>>>>>>>>>>>>>>>>>>>>>>>> message 71 size 8
[10:28:13] broad >>>>>>>>>>>>>>>>>>>>>>>>>>>>>>> message 51 size 0
[10:28:23] card 0 6,2,   type 0   point 2
[10:28:23] card 1 5,8,   type 0   point 6
[10:28:23] card 2 4,0,   type 0   point 2
[10:28:23] card 3 e,12,   type 0   point 3
[10:28:23] broad >>>>>>>>>>>>>>>>>>>>>>>>>>>>>>> message 52 size 16
[10:28:34] 0:20816 netcut
[10:28:38] 区域 0 结算 0
[10:28:38] 区域 1 结算 0
[10:28:38] 区域 2 结算 0
[10:28:38] 区域 3 结算 0
[10:28:38] 区域 4 结算 0
[10:28:38] 区域 5 结算 0
[10:28:38] 玩家0[20816]  结算 0
[10:28:38] 玩家1[20819]  结算 0
[10:28:38] broad >>>>>>>>>>>>>>>>>>>>>>>>>>>>>>> message 58 size 86
[10:28:40] 玩家0[20816]  结算 0, 分数 0, 总分数 0
[10:28:40] 玩家1[20819]  结算 0, 分数 0, 总分数 0
[10:28:40] ******************游戏结束********************************



[10:28:43] 0:20816 recome
[10:28:43] 0:20816 onGetState
[10:28:43] send >>>>>>>>>>>>>>>>>>>>>>>>>>>>>>> 0 message 72 size 4
[10:28:43] 游戏局数 2,总局数 4
[10:28:43] broad >>>>>>>>>>>>>>>>>>>>>>>>>>>>>>> message 71 size 8
[10:28:45] 0:20816 ready
[10:28:47] *************************小结算***********************
[10:28:47] [Phone20816,20816] [庄] 输赢金币 0 ,排名 0
[10:28:47] [Phone20819,20819] [闲] 输赢金币 0 ,排名 0
[10:28:47] broad >>>>>>>>>>>>>>>>>>>>>>>>>>>>>>> message 73 size 44
[10:28:47] user[20816] 坐庄次数 2,每个人当庄次数2 
[10:28:47] user[20819] 坐庄次数 0,每个人当庄次数2 
[10:28:47] broad >>>>>>>>>>>>>>>>>>>>>>>>>>>>>>> message 72 size 4
[10:28:50] 0:20816 ready
[10:28:55] 1:20819 ready
[10:28:55] *****************游戏开始***************
[10:28:55] [0][20816]连庄局数 2,总局数3
[10:28:55] [1][20819]连庄局数 1,总局数3
[10:28:55] 通知 庄家 1 坐庄次数 1
[10:28:55] broad >>>>>>>>>>>>>>>>>>>>>>>>>>>>>>> message 69 size 1
[10:28:55] 游戏局数 3,总局数 4
[10:28:55] broad >>>>>>>>>>>>>>>>>>>>>>>>>>>>>>> message 71 size 8
[10:28:55] broad >>>>>>>>>>>>>>>>>>>>>>>>>>>>>>> message 51 size 0
[10:29:5] card 0 11,c,   type 0   point 5
[10:29:5] card 1 10,7,   type 0   point 8
[10:29:5] card 2 4,3,   type 0   point 4
[10:29:5] card 3 1,2,   type 10   point 0
[10:29:5] broad >>>>>>>>>>>>>>>>>>>>>>>>>>>>>>> message 52 size 16
[10:29:20] 区域 0 结算 0
[10:29:20] 区域 1 结算 0
[10:29:20] 区域 2 结算 0
[10:29:20] 区域 3 结算 0
[10:29:20] 区域 4 结算 0
[10:29:20] 区域 5 结算 0
[10:29:20] 玩家0[20816]  结算 0
[10:29:20] 玩家1[20819]  结算 0
[10:29:20] broad >>>>>>>>>>>>>>>>>>>>>>>>>>>>>>> message 58 size 86
[10:29:22] 玩家0[20816]  结算 0, 分数 0, 总分数 0
[10:29:22] 玩家1[20819]  结算 0, 分数 0, 总分数 0
[10:29:22] ******************游戏结束********************************



[10:29:25] broad >>>>>>>>>>>>>>>>>>>>>>>>>>>>>>> message 72 size 4
[10:29:28] 1:20819 ready
[10:29:54] 0:20816 netcut
[10:29:55] 0:20816 recome
[10:29:55] 0:20816 onGetState
[10:29:55] send >>>>>>>>>>>>>>>>>>>>>>>>>>>>>>> 0 message 72 size 4
[10:29:55] 游戏局数 3,总局数 4
[10:29:55] broad >>>>>>>>>>>>>>>>>>>>>>>>>>>>>>> message 71 size 8
[10:29:57] 0:20816 ready
[10:29:57] *****************游戏开始***************
[10:29:57] [0][20816]连庄局数 2,总局数4
[10:29:57] [1][20819]连庄局数 2,总局数4
[10:29:57] 游戏局数 4,总局数 4
[10:29:57] broad >>>>>>>>>>>>>>>>>>>>>>>>>>>>>>> message 71 size 8
[10:29:57] broad >>>>>>>>>>>>>>>>>>>>>>>>>>>>>>> message 51 size 0
[10:30:7] card 0 2,9,   type 0   point 5
[10:30:7] card 1 b,4,   type 0   point 9
[10:30:7] card 2 c,0,   type 13   point 1
[10:30:7] card 3 3,10,   type 0   point 1
[10:30:7] broad >>>>>>>>>>>>>>>>>>>>>>>>>>>>>>> message 52 size 16
[10:30:22] 区域 0 结算 0
[10:30:22] 区域 1 结算 0
[10:30:22] 区域 2 结算 0
[10:30:22] 区域 3 结算 0
[10:30:22] 区域 4 结算 0
[10:30:22] 区域 5 结算 0
[10:30:22] 玩家0[20816]  结算 0
[10:30:22] 玩家1[20819]  结算 0
[10:30:22] broad >>>>>>>>>>>>>>>>>>>>>>>>>>>>>>> message 58 size 86
[10:30:24] 玩家0[20816]  结算 0, 分数 0, 总分数 0
[10:30:24] 玩家1[20819]  结算 0, 分数 0, 总分数 0
[10:30:24] ******************游戏结束********************************



[10:30:31] *************************小结算***********************
[10:30:31] [Phone20816,20816] [闲] 输赢金币 0 ,排名 0
[10:30:31] [Phone20819,20819] [庄] 输赢金币 0 ,排名 0
[10:30:31] broad >>>>>>>>>>>>>>>>>>>>>>>>>>>>>>> message 73 size 44
[10:30:31] user[20816] 坐庄次数 2,每个人当庄次数2 
[10:30:31] user[20819] 坐庄次数 2,每个人当庄次数2 
[10:30:31] *************************大结算***********************
[10:30:31] [Phone20816,20816]  输赢金币 0 ,总分数 0，胜局 0 ,最大胜局 0,大赢家 0
[10:30:31] [Phone20819,20819]  输赢金币 0 ,总分数 0，胜局 0 ,最大胜局 0,大赢家 0
[10:30:31] broad >>>>>>>>>>>>>>>>>>>>>>>>>>>>>>> message 70 size 68
