[9:43:22] 0:21533 sit
[9:43:22] 0:21533 onGetState
[9:43:22] send >>>>>>>>>>>>>>>>>>>>>>>>>>>>>>> 0 message 72 size 4
[9:43:22] 游戏局数 0,总局数 4
[9:43:22] broad >>>>>>>>>>>>>>>>>>>>>>>>>>>>>>> message 71 size 8
[9:43:30] 1:10884 sit
[9:43:30] 1:10884 onGetState
[9:43:30] send >>>>>>>>>>>>>>>>>>>>>>>>>>>>>>> 1 message 72 size 4
[9:43:30] 游戏局数 0,总局数 4
[9:43:30] broad >>>>>>>>>>>>>>>>>>>>>>>>>>>>>>> message 71 size 8
[9:43:31] 0:21533 ready
[9:43:32] 1:10884 ready
[9:43:32] *****************游戏开始***************
[9:43:32] [0][21533]连庄局数 1,总局数1
[9:43:32] [1][10884]连庄局数 0,总局数1
[9:43:32] 通知 庄家 0 坐庄次数 1
[9:43:32] broad >>>>>>>>>>>>>>>>>>>>>>>>>>>>>>> message 69 size 1
[9:43:32] 游戏局数 1,总局数 4
[9:43:32] broad >>>>>>>>>>>>>>>>>>>>>>>>>>>>>>> message 71 size 8
[9:43:32] broad >>>>>>>>>>>>>>>>>>>>>>>>>>>>>>> message 51 size 0
[9:43:37] *************************大结算***********************
[9:43:37] [Phone21533,21533]  输赢金币 0 ,总分数 0，胜局 0 ,最大胜局 0,大赢家 0
[9:43:37] [Phone10884,10884]  输赢金币 0 ,总分数 0，胜局 0 ,最大胜局 0,大赢家 0
[9:43:37] broad >>>>>>>>>>>>>>>>>>>>>>>>>>>>>>> message 70 size 68
