[14:58:49] 0:10966 sit
[14:58:49] 0:10966 onGetState
[14:58:49] send >>>>>>>>>>>>>>>>>>>>>>>>>>>>>>> 0 message 72 size 4
[14:58:49] 游戏局数 0,总局数 4
[14:58:49] broad >>>>>>>>>>>>>>>>>>>>>>>>>>>>>>> message 71 size 8
[14:59:22] 1:19662 sit
[14:59:23] 1:19662 onGetState
[14:59:23] send >>>>>>>>>>>>>>>>>>>>>>>>>>>>>>> 1 message 72 size 4
[14:59:23] 游戏局数 0,总局数 4
[14:59:23] broad >>>>>>>>>>>>>>>>>>>>>>>>>>>>>>> message 71 size 8
[14:59:25] 1:19662 ready
[14:59:27] 0:10966 ready
[14:59:27] *****************游戏开始***************
[14:59:27] [0][10966]连庄局数 1,总局数1
[14:59:27] [1][19662]连庄局数 0,总局数1
[14:59:27] 通知 庄家 0 坐庄次数 1
[14:59:27] broad >>>>>>>>>>>>>>>>>>>>>>>>>>>>>>> message 69 size 1
[14:59:27] 游戏局数 1,总局数 4
[14:59:27] broad >>>>>>>>>>>>>>>>>>>>>>>>>>>>>>> message 71 size 8
[14:59:27] broad >>>>>>>>>>>>>>>>>>>>>>>>>>>>>>> message 51 size 0
[14:59:37] recv  55 <<<<<<<<<<<<<<<<<<<<<<<<<<<<<<< 1
[14:59:37] userbet 19662  在1 下了 100,累计下注 100
[14:59:37] broad >>>>>>>>>>>>>>>>>>>>>>>>>>>>>>> message 56 size 6
[14:59:37] 区域 0  总下注0
[14:59:37] 区域 1  总下注100
[14:59:37] 区域 2  总下注0
[14:59:37] 区域 3  总下注0
[14:59:37] 区域 4  总下注0
[14:59:37] 区域 5  总下注0
[14:59:37] send >>>>>>>>>>>>>>>>>>>>>>>>>>>>>>> 0 message 57 size 112
[14:59:37] 玩家19662在区域 0  总下注0
[14:59:37] 玩家19662在区域 1  总下注100
[14:59:37] 玩家19662在区域 2  总下注0
[14:59:37] 玩家19662在区域 3  总下注0
[14:59:37] 玩家19662在区域 4  总下注0
[14:59:37] 玩家19662在区域 5  总下注0
[14:59:37] 玩家19662 总下注100
[14:59:37] send >>>>>>>>>>>>>>>>>>>>>>>>>>>>>>> 1 message 57 size 112
[14:59:37] card 0 5,4,   type 0   point 6
[14:59:37] card 1 1,0,   type 0   point 4
[14:59:37] card 2 7,12,   type 0   point 6
[14:59:37] card 3 1,9,   type 8   point 9
[14:59:37] broad >>>>>>>>>>>>>>>>>>>>>>>>>>>>>>> message 52 size 16
[14:59:52] 区域 0 结算 0
[14:59:52] 区域 1 结算 -100
[14:59:52] 区域 2 结算 0
[14:59:52] 区域 3 结算 0
[14:59:52] 区域 4 结算 0
[14:59:52] 区域 5 结算 0
[14:59:52] 玩家0[10966]  结算 100
[14:59:52] 玩家1[19662]  结算 -100
[14:59:52] broad >>>>>>>>>>>>>>>>>>>>>>>>>>>>>>> message 58 size 86
[14:59:54] 玩家0[10966]  结算 100, 分数 100, 总分数 100
[14:59:54] 玩家1[19662]  结算 -100, 分数 -100, 总分数 -100
[14:59:54] ******************游戏结束********************************



[14:59:57] broad >>>>>>>>>>>>>>>>>>>>>>>>>>>>>>> message 72 size 4
