[17:10:55] 0:16549 sit
[17:10:56] 0:16549 onGetState
[17:10:56] send >>>>>>>>>>>>>>>>>>>>>>>>>>>>>>> 0 message 72 size 4
[17:10:56] 游戏局数 0,总局数 4
[17:10:56] broad >>>>>>>>>>>>>>>>>>>>>>>>>>>>>>> message 71 size 8
[17:11:56] 1:16548 sit
[17:11:56] 1:16548 onGetState
[17:11:56] send >>>>>>>>>>>>>>>>>>>>>>>>>>>>>>> 1 message 72 size 4
[17:11:56] 游戏局数 0,总局数 4
[17:11:56] broad >>>>>>>>>>>>>>>>>>>>>>>>>>>>>>> message 71 size 8
[17:11:59] 0:16549 ready
[17:12:5] 1:16548 ready
[17:12:5] *****************游戏开始***************
[17:12:5] [0][16549]连庄局数 1,总局数1
[17:12:5] [1][16548]连庄局数 0,总局数1
[17:12:5] 通知 庄家 0 坐庄次数 1
[17:12:5] broad >>>>>>>>>>>>>>>>>>>>>>>>>>>>>>> message 69 size 1
[17:12:5] 游戏局数 1,总局数 4
[17:12:5] broad >>>>>>>>>>>>>>>>>>>>>>>>>>>>>>> message 71 size 8
[17:12:5] broad >>>>>>>>>>>>>>>>>>>>>>>>>>>>>>> message 51 size 0
[17:12:14] recv  55 <<<<<<<<<<<<<<<<<<<<<<<<<<<<<<< 1
[17:12:14] userbet 16548  在4 下了 500,累计下注 500
[17:12:14] broad >>>>>>>>>>>>>>>>>>>>>>>>>>>>>>> message 56 size 6
[17:12:14] 区域 0  总下注0
[17:12:14] 区域 1  总下注0
[17:12:14] 区域 2  总下注0
[17:12:14] 区域 3  总下注0
[17:12:14] 区域 4  总下注500
[17:12:14] 区域 5  总下注0
[17:12:14] send >>>>>>>>>>>>>>>>>>>>>>>>>>>>>>> 0 message 57 size 112
[17:12:14] 玩家16548在区域 0  总下注0
[17:12:14] 玩家16548在区域 1  总下注0
[17:12:14] 玩家16548在区域 2  总下注0
[17:12:14] 玩家16548在区域 3  总下注0
[17:12:14] 玩家16548在区域 4  总下注500
[17:12:14] 玩家16548在区域 5  总下注0
[17:12:14] 玩家16548 总下注500
[17:12:14] send >>>>>>>>>>>>>>>>>>>>>>>>>>>>>>> 1 message 57 size 112
[17:12:15] card 0 1,e,   type 10   point 0
[17:12:15] card 1 6,11,   type 0   point 7
[17:12:15] card 2 b,7,   type 0   point 0
[17:12:15] card 3 2,3,   type 0   point 2
[17:12:15] broad >>>>>>>>>>>>>>>>>>>>>>>>>>>>>>> message 52 size 16
[17:12:30] 区域 0 结算 0
[17:12:30] 区域 1 结算 0
[17:12:30] 区域 2 结算 0
[17:12:30] 区域 3 结算 0
[17:12:30] 区域 4 结算 0
[17:12:30] 区域 5 结算 0
[17:12:30] 玩家0[16549]  结算 0
[17:12:30] 玩家1[16548]  结算 0
[17:12:30] broad >>>>>>>>>>>>>>>>>>>>>>>>>>>>>>> message 58 size 86
[17:12:32] 玩家0[16549]  结算 0, 分数 0, 总分数 0
[17:12:32] 玩家1[16548]  结算 0, 分数 0, 总分数 0
[17:12:32] ******************游戏结束********************************



[17:12:35] broad >>>>>>>>>>>>>>>>>>>>>>>>>>>>>>> message 72 size 4
[17:12:37] 1:16548 ready
[17:12:44] 0:16549 ready
[17:12:44] *****************游戏开始***************
[17:12:44] [0][16549]连庄局数 2,总局数2
[17:12:44] [1][16548]连庄局数 0,总局数2
[17:12:44] 游戏局数 2,总局数 4
[17:12:44] broad >>>>>>>>>>>>>>>>>>>>>>>>>>>>>>> message 71 size 8
[17:12:44] broad >>>>>>>>>>>>>>>>>>>>>>>>>>>>>>> message 51 size 0
[17:12:48] recv  55 <<<<<<<<<<<<<<<<<<<<<<<<<<<<<<< 1
[17:12:48] userbet 16548  在4 下了 1000,累计下注 1000
[17:12:48] broad >>>>>>>>>>>>>>>>>>>>>>>>>>>>>>> message 56 size 6
[17:12:48] 区域 0  总下注0
[17:12:48] 区域 1  总下注0
[17:12:48] 区域 2  总下注0
[17:12:48] 区域 3  总下注0
[17:12:48] 区域 4  总下注1000
[17:12:48] 区域 5  总下注0
[17:12:48] send >>>>>>>>>>>>>>>>>>>>>>>>>>>>>>> 0 message 57 size 112
[17:12:48] 玩家16548在区域 0  总下注0
[17:12:48] 玩家16548在区域 1  总下注0
[17:12:48] 玩家16548在区域 2  总下注0
[17:12:48] 玩家16548在区域 3  总下注0
[17:12:48] 玩家16548在区域 4  总下注1000
[17:12:48] 玩家16548在区域 5  总下注0
[17:12:48] 玩家16548 总下注1000
[17:12:48] send >>>>>>>>>>>>>>>>>>>>>>>>>>>>>>> 1 message 57 size 112
[17:12:50] recv  55 <<<<<<<<<<<<<<<<<<<<<<<<<<<<<<< 1
[17:12:50] userbet 16548  在4 下了 1000,累计下注 2000
[17:12:50] broad >>>>>>>>>>>>>>>>>>>>>>>>>>>>>>> message 56 size 6
[17:12:50] 区域 0  总下注0
[17:12:50] 区域 1  总下注0
[17:12:50] 区域 2  总下注0
[17:12:50] 区域 3  总下注0
[17:12:50] 区域 4  总下注2000
[17:12:50] 区域 5  总下注0
[17:12:50] send >>>>>>>>>>>>>>>>>>>>>>>>>>>>>>> 0 message 57 size 112
[17:12:50] 玩家16548在区域 0  总下注0
[17:12:50] 玩家16548在区域 1  总下注0
[17:12:50] 玩家16548在区域 2  总下注0
[17:12:50] 玩家16548在区域 3  总下注0
[17:12:50] 玩家16548在区域 4  总下注2000
[17:12:50] 玩家16548在区域 5  总下注0
[17:12:50] 玩家16548 总下注2000
[17:12:50] send >>>>>>>>>>>>>>>>>>>>>>>>>>>>>>> 1 message 57 size 112
[17:12:54] card 0 5,10,   type 0   point 3
[17:12:54] card 1 4,f,   type 0   point 7
[17:12:54] card 2 1,8,   type 0   point 2
[17:12:54] card 3 d,11,   type 0   point 4
[17:12:54] broad >>>>>>>>>>>>>>>>>>>>>>>>>>>>>>> message 52 size 16
[17:13:9] 区域 0 结算 0
[17:13:9] 区域 1 结算 0
[17:13:9] 区域 2 结算 0
[17:13:9] 区域 3 结算 0
[17:13:9] 区域 4 结算 0
[17:13:9] 区域 5 结算 0
[17:13:9] 玩家0[16549]  结算 0
[17:13:9] 玩家1[16548]  结算 0
[17:13:9] broad >>>>>>>>>>>>>>>>>>>>>>>>>>>>>>> message 58 size 86
[17:13:11] 玩家0[16549]  结算 0, 分数 0, 总分数 0
[17:13:11] 玩家1[16548]  结算 0, 分数 0, 总分数 0
[17:13:11] ******************游戏结束********************************



[17:13:19] *************************小结算***********************
[17:13:19] [Phone16549,16549] [庄] 输赢金币 0 ,排名 0
[17:13:19] [Phone16548,16548] [闲] 输赢金币 0 ,排名 0
[17:13:19] broad >>>>>>>>>>>>>>>>>>>>>>>>>>>>>>> message 73 size 44
[17:13:19] user[16549] 坐庄次数 2,每个人当庄次数2 
[17:13:19] user[16548] 坐庄次数 0,每个人当庄次数2 
[17:13:19] broad >>>>>>>>>>>>>>>>>>>>>>>>>>>>>>> message 72 size 4
[17:13:24] 1:16548 ready
[17:13:25] 0:16549 ready
[17:13:25] *****************游戏开始***************
[17:13:25] [0][16549]连庄局数 2,总局数3
[17:13:25] [1][16548]连庄局数 1,总局数3
[17:13:25] 通知 庄家 1 坐庄次数 1
[17:13:25] broad >>>>>>>>>>>>>>>>>>>>>>>>>>>>>>> message 69 size 1
[17:13:25] 游戏局数 3,总局数 4
[17:13:25] broad >>>>>>>>>>>>>>>>>>>>>>>>>>>>>>> message 71 size 8
[17:13:26] broad >>>>>>>>>>>>>>>>>>>>>>>>>>>>>>> message 51 size 0
[17:13:35] recv  55 <<<<<<<<<<<<<<<<<<<<<<<<<<<<<<< 0
[17:13:35] userbet 16549  在0 下了 1000,累计下注 1000
[17:13:35] broad >>>>>>>>>>>>>>>>>>>>>>>>>>>>>>> message 56 size 6
[17:13:35] 区域 0  总下注1000
[17:13:35] 区域 1  总下注0
[17:13:35] 区域 2  总下注0
[17:13:35] 区域 3  总下注0
[17:13:35] 区域 4  总下注0
[17:13:35] 区域 5  总下注0
[17:13:35] 玩家16549在区域 0  总下注1000
[17:13:35] 玩家16549在区域 1  总下注0
[17:13:35] 玩家16549在区域 2  总下注0
[17:13:35] 玩家16549在区域 3  总下注0
[17:13:35] 玩家16549在区域 4  总下注0
[17:13:35] 玩家16549在区域 5  总下注0
[17:13:35] 玩家16549 总下注1000
[17:13:35] send >>>>>>>>>>>>>>>>>>>>>>>>>>>>>>> 0 message 57 size 112
[17:13:35] send >>>>>>>>>>>>>>>>>>>>>>>>>>>>>>> 1 message 57 size 112
[17:13:36] card 0 2,9,   type 0   point 5
[17:13:36] card 1 1,c,   type 12   point 1
[17:13:36] card 2 7,5,   type 0   point 7
[17:13:36] card 3 b,1,   type 12   point 1
[17:13:36] broad >>>>>>>>>>>>>>>>>>>>>>>>>>>>>>> message 52 size 16
[17:13:51] 区域 0 结算 -1000
[17:13:51] 区域 1 结算 0
[17:13:51] 区域 2 结算 0
[17:13:51] 区域 3 结算 0
[17:13:51] 区域 4 结算 0
[17:13:51] 区域 5 结算 0
[17:13:51] 玩家0[16549]  结算 -1000
[17:13:51] 玩家1[16548]  结算 1000
[17:13:51] broad >>>>>>>>>>>>>>>>>>>>>>>>>>>>>>> message 58 size 86
[17:13:52] 玩家0[16549]  结算 -1000, 分数 -1000, 总分数 -1000
[17:13:52] 玩家1[16548]  结算 1000, 分数 1000, 总分数 1000
[17:13:52] ******************游戏结束********************************



[17:13:55] broad >>>>>>>>>>>>>>>>>>>>>>>>>>>>>>> message 72 size 4
[17:13:57] 0:16549 ready
[17:13:58] 1:16548 ready
[17:13:58] *****************游戏开始***************
[17:13:58] [0][16549]连庄局数 2,总局数4
[17:13:58] [1][16548]连庄局数 2,总局数4
[17:13:58] 游戏局数 4,总局数 4
[17:13:58] broad >>>>>>>>>>>>>>>>>>>>>>>>>>>>>>> message 71 size 8
[17:13:58] broad >>>>>>>>>>>>>>>>>>>>>>>>>>>>>>> message 51 size 0
[17:14:8] card 0 1,11,   type 0   point 8
[17:14:8] card 1 0,1,   type 0   point 4
[17:14:8] card 2 7,d,   type 0   point 9
[17:14:8] card 3 6,0,   type 0   point 6
[17:14:8] broad >>>>>>>>>>>>>>>>>>>>>>>>>>>>>>> message 52 size 16
[17:14:23] 区域 0 结算 0
[17:14:23] 区域 1 结算 0
[17:14:23] 区域 2 结算 0
[17:14:23] 区域 3 结算 0
[17:14:23] 区域 4 结算 0
[17:14:23] 区域 5 结算 0
[17:14:23] 玩家0[16549]  结算 0
[17:14:23] 玩家1[16548]  结算 0
[17:14:23] broad >>>>>>>>>>>>>>>>>>>>>>>>>>>>>>> message 58 size 86
[17:14:25] 玩家0[16549]  结算 0, 分数 0, 总分数 -1000
[17:14:25] 玩家1[16548]  结算 0, 分数 0, 总分数 1000
[17:14:25] ******************游戏结束********************************



[17:14:33] *************************小结算***********************
[17:14:33] [Phone16548,16548] [庄] 输赢金币 1000 ,排名 0
[17:14:33] [Phone16549,16549] [闲] 输赢金币 -1000 ,排名 1
[17:14:33] broad >>>>>>>>>>>>>>>>>>>>>>>>>>>>>>> message 73 size 44
[17:14:33] user[16549] 坐庄次数 2,每个人当庄次数2 
[17:14:33] user[16548] 坐庄次数 2,每个人当庄次数2 
[17:14:33] *************************大结算***********************
[17:14:33] [Phone16549,16549]  输赢金币 -1000 ,总分数 -1000，胜局 0 ,最大胜局 0,大赢家 0
[17:14:33] [Phone16548,16548]  输赢金币 1000 ,总分数 1000，胜局 1 ,最大胜局 1,大赢家 1
[17:14:33] broad >>>>>>>>>>>>>>>>>>>>>>>>>>>>>>> message 70 size 68
