[9:41:39] 0:10884 sit
[9:41:39] 0:10884 onGetState
[9:41:39] send >>>>>>>>>>>>>>>>>>>>>>>>>>>>>>> 0 message 72 size 4
[9:41:39] 游戏局数 0,总局数 4
[9:41:39] broad >>>>>>>>>>>>>>>>>>>>>>>>>>>>>>> message 71 size 8
[9:42:2] 1:21533 sit
[9:42:2] 1:21533 onGetState
[9:42:2] send >>>>>>>>>>>>>>>>>>>>>>>>>>>>>>> 1 message 72 size 4
[9:42:2] 游戏局数 0,总局数 4
[9:42:2] broad >>>>>>>>>>>>>>>>>>>>>>>>>>>>>>> message 71 size 8
[9:42:5] 1:21533 ready
[9:42:5] 0:10884 ready
[9:42:5] *****************游戏开始***************
[9:42:5] [0][10884]连庄局数 1,总局数1
[9:42:5] [1][21533]连庄局数 0,总局数1
[9:42:5] 通知 庄家 0 坐庄次数 1
[9:42:5] broad >>>>>>>>>>>>>>>>>>>>>>>>>>>>>>> message 69 size 1
[9:42:5] 游戏局数 1,总局数 4
[9:42:5] broad >>>>>>>>>>>>>>>>>>>>>>>>>>>>>>> message 71 size 8
[9:42:5] broad >>>>>>>>>>>>>>>>>>>>>>>>>>>>>>> message 51 size 0
[9:42:11] recv  55 <<<<<<<<<<<<<<<<<<<<<<<<<<<<<<< 1
[9:42:11] userbet 21533  在1 下了 10,累计下注 10
[9:42:11] broad >>>>>>>>>>>>>>>>>>>>>>>>>>>>>>> message 56 size 6
[9:42:11] 区域 0  总下注0
[9:42:11] 区域 1  总下注10
[9:42:11] 区域 2  总下注0
[9:42:11] 区域 3  总下注0
[9:42:11] 区域 4  总下注0
[9:42:11] 区域 5  总下注0
[9:42:11] send >>>>>>>>>>>>>>>>>>>>>>>>>>>>>>> 0 message 57 size 112
[9:42:11] 玩家21533在区域 0  总下注0
[9:42:11] 玩家21533在区域 1  总下注10
[9:42:11] 玩家21533在区域 2  总下注0
[9:42:11] 玩家21533在区域 3  总下注0
[9:42:11] 玩家21533在区域 4  总下注0
[9:42:11] 玩家21533在区域 5  总下注0
[9:42:11] 玩家21533 总下注10
[9:42:11] send >>>>>>>>>>>>>>>>>>>>>>>>>>>>>>> 1 message 57 size 112
[9:42:15] card 0 12,e,   type 0   point 3
[9:42:15] card 1 4,11,   type 0   point 6
[9:42:15] card 2 9,2,   type 0   point 5
[9:42:15] card 3 10,9,   type 0   point 4
[9:42:15] broad >>>>>>>>>>>>>>>>>>>>>>>>>>>>>>> message 52 size 16
[9:42:30] 区域 0 结算 0
[9:42:30] 区域 1 结算 10
[9:42:30] 区域 2 结算 0
[9:42:30] 区域 3 结算 0
[9:42:30] 区域 4 结算 0
[9:42:30] 区域 5 结算 0
[9:42:30] 玩家0[10884]  结算 -10
[9:42:30] 玩家1[21533]  结算 10
[9:42:30] broad >>>>>>>>>>>>>>>>>>>>>>>>>>>>>>> message 58 size 86
[9:42:32] 玩家0[10884]  结算 -10, 分数 -10, 总分数 -10
[9:42:32] 玩家1[21533]  结算 10, 分数 10, 总分数 10
[9:42:32] ******************游戏结束********************************



[9:42:35] broad >>>>>>>>>>>>>>>>>>>>>>>>>>>>>>> message 72 size 4
[9:42:38] *************************大结算***********************
[9:42:38] [Phone10884,10884]  输赢金币 -10 ,总分数 -10，胜局 0 ,最大胜局 0,大赢家 0
[9:42:38] [Phone21533,21533]  输赢金币 10 ,总分数 10，胜局 1 ,最大胜局 1,大赢家 1
[9:42:38] broad >>>>>>>>>>>>>>>>>>>>>>>>>>>>>>> message 70 size 68
