[21:0:56] 0:20235 sit
[21:0:57] 0:20235 onGetState
[21:0:57] send >>>>>>>>>>>>>>>>>>>>>>>>>>>>>>> 0 message 72 size 4
[21:0:57] 游戏局数 0,总局数 4
[21:0:57] broad >>>>>>>>>>>>>>>>>>>>>>>>>>>>>>> message 71 size 8
[21:1:1] 1:20236 sit
[21:1:1] 1:20236 onGetState
[21:1:1] send >>>>>>>>>>>>>>>>>>>>>>>>>>>>>>> 1 message 72 size 4
[21:1:1] 游戏局数 0,总局数 4
[21:1:1] broad >>>>>>>>>>>>>>>>>>>>>>>>>>>>>>> message 71 size 8
[21:1:10] 1:20236 ready
[21:1:12] 0:20235 ready
[21:1:12] *****************游戏开始***************
[21:1:12] [0][20235]连庄局数 1,总局数1
[21:1:12] [1][20236]连庄局数 0,总局数1
[21:1:12] 通知 庄家 0 坐庄次数 1
[21:1:12] broad >>>>>>>>>>>>>>>>>>>>>>>>>>>>>>> message 69 size 1
[21:1:12] 游戏局数 1,总局数 4
[21:1:12] broad >>>>>>>>>>>>>>>>>>>>>>>>>>>>>>> message 71 size 8
[21:1:12] broad >>>>>>>>>>>>>>>>>>>>>>>>>>>>>>> message 51 size 0
[21:1:18] recv  55 <<<<<<<<<<<<<<<<<<<<<<<<<<<<<<< 1
[21:1:18] userbet 20236  在2 下了 1000,累计下注 1000
[21:1:18] broad >>>>>>>>>>>>>>>>>>>>>>>>>>>>>>> message 56 size 6
[21:1:18] 区域 0  总下注0
[21:1:18] 区域 1  总下注0
[21:1:18] 区域 2  总下注1000
[21:1:18] 区域 3  总下注0
[21:1:18] 区域 4  总下注0
[21:1:18] 区域 5  总下注0
[21:1:18] send >>>>>>>>>>>>>>>>>>>>>>>>>>>>>>> 0 message 57 size 112
[21:1:18] 玩家20236在区域 0  总下注0
[21:1:18] 玩家20236在区域 1  总下注0
[21:1:18] 玩家20236在区域 2  总下注1000
[21:1:18] 玩家20236在区域 3  总下注0
[21:1:18] 玩家20236在区域 4  总下注0
[21:1:18] 玩家20236在区域 5  总下注0
[21:1:18] 玩家20236 总下注1000
[21:1:18] send >>>>>>>>>>>>>>>>>>>>>>>>>>>>>>> 1 message 57 size 112
[21:1:18] recv  55 <<<<<<<<<<<<<<<<<<<<<<<<<<<<<<< 1
[21:1:18] userbet 20236  在2 下了 1000,累计下注 2000
[21:1:18] broad >>>>>>>>>>>>>>>>>>>>>>>>>>>>>>> message 56 size 6
[21:1:18] 区域 0  总下注0
[21:1:18] 区域 1  总下注0
[21:1:18] 区域 2  总下注2000
[21:1:18] 区域 3  总下注0
[21:1:18] 区域 4  总下注0
[21:1:18] 区域 5  总下注0
[21:1:18] send >>>>>>>>>>>>>>>>>>>>>>>>>>>>>>> 0 message 57 size 112
[21:1:18] 玩家20236在区域 0  总下注0
[21:1:18] 玩家20236在区域 1  总下注0
[21:1:18] 玩家20236在区域 2  总下注2000
[21:1:18] 玩家20236在区域 3  总下注0
[21:1:18] 玩家20236在区域 4  总下注0
[21:1:18] 玩家20236在区域 5  总下注0
[21:1:18] 玩家20236 总下注2000
[21:1:18] send >>>>>>>>>>>>>>>>>>>>>>>>>>>>>>> 1 message 57 size 112
[21:1:18] recv  55 <<<<<<<<<<<<<<<<<<<<<<<<<<<<<<< 1
[21:1:18] userbet 20236  在2 下了 1000,累计下注 3000
[21:1:18] broad >>>>>>>>>>>>>>>>>>>>>>>>>>>>>>> message 56 size 6
[21:1:19] 区域 0  总下注0
[21:1:19] 区域 1  总下注0
[21:1:19] 区域 2  总下注3000
[21:1:19] 区域 3  总下注0
[21:1:19] 区域 4  总下注0
[21:1:19] 区域 5  总下注0
[21:1:19] send >>>>>>>>>>>>>>>>>>>>>>>>>>>>>>> 0 message 57 size 112
[21:1:19] 玩家20236在区域 0  总下注0
[21:1:19] 玩家20236在区域 1  总下注0
[21:1:19] 玩家20236在区域 2  总下注3000
[21:1:19] 玩家20236在区域 3  总下注0
[21:1:19] 玩家20236在区域 4  总下注0
[21:1:19] 玩家20236在区域 5  总下注0
[21:1:19] 玩家20236 总下注3000
[21:1:19] send >>>>>>>>>>>>>>>>>>>>>>>>>>>>>>> 1 message 57 size 112
[21:1:19] recv  55 <<<<<<<<<<<<<<<<<<<<<<<<<<<<<<< 1
[21:1:19] userbet 20236  在2 下了 1000,累计下注 4000
[21:1:19] broad >>>>>>>>>>>>>>>>>>>>>>>>>>>>>>> message 56 size 6
[21:1:19] 区域 0  总下注0
[21:1:19] 区域 1  总下注0
[21:1:19] 区域 2  总下注4000
[21:1:19] 区域 3  总下注0
[21:1:19] 区域 4  总下注0
[21:1:19] 区域 5  总下注0
[21:1:19] send >>>>>>>>>>>>>>>>>>>>>>>>>>>>>>> 0 message 57 size 112
[21:1:19] 玩家20236在区域 0  总下注0
[21:1:19] 玩家20236在区域 1  总下注0
[21:1:19] 玩家20236在区域 2  总下注4000
[21:1:19] 玩家20236在区域 3  总下注0
[21:1:19] 玩家20236在区域 4  总下注0
[21:1:19] 玩家20236在区域 5  总下注0
[21:1:19] 玩家20236 总下注4000
[21:1:19] send >>>>>>>>>>>>>>>>>>>>>>>>>>>>>>> 1 message 57 size 112
[21:1:19] recv  55 <<<<<<<<<<<<<<<<<<<<<<<<<<<<<<< 1
[21:1:19] userbet 20236  在2 下了 1000,累计下注 5000
[21:1:19] broad >>>>>>>>>>>>>>>>>>>>>>>>>>>>>>> message 56 size 6
[21:1:19] 区域 0  总下注0
[21:1:19] 区域 1  总下注0
[21:1:19] 区域 2  总下注5000
[21:1:19] 区域 3  总下注0
[21:1:19] 区域 4  总下注0
[21:1:19] 区域 5  总下注0
[21:1:19] send >>>>>>>>>>>>>>>>>>>>>>>>>>>>>>> 0 message 57 size 112
[21:1:19] 玩家20236在区域 0  总下注0
[21:1:19] 玩家20236在区域 1  总下注0
[21:1:19] 玩家20236在区域 2  总下注5000
[21:1:19] 玩家20236在区域 3  总下注0
[21:1:19] 玩家20236在区域 4  总下注0
[21:1:19] 玩家20236在区域 5  总下注0
[21:1:19] 玩家20236 总下注5000
[21:1:19] send >>>>>>>>>>>>>>>>>>>>>>>>>>>>>>> 1 message 57 size 112
[21:1:19] recv  55 <<<<<<<<<<<<<<<<<<<<<<<<<<<<<<< 1
[21:1:19] userbet 20236  在2 下了 1000,累计下注 6000
[21:1:19] broad >>>>>>>>>>>>>>>>>>>>>>>>>>>>>>> message 56 size 6
[21:1:19] 区域 0  总下注0
[21:1:19] 区域 1  总下注0
[21:1:19] 区域 2  总下注6000
[21:1:19] 区域 3  总下注0
[21:1:19] 区域 4  总下注0
[21:1:19] 区域 5  总下注0
[21:1:19] send >>>>>>>>>>>>>>>>>>>>>>>>>>>>>>> 0 message 57 size 112
[21:1:19] 玩家20236在区域 0  总下注0
[21:1:19] 玩家20236在区域 1  总下注0
[21:1:19] 玩家20236在区域 2  总下注6000
[21:1:19] 玩家20236在区域 3  总下注0
[21:1:19] 玩家20236在区域 4  总下注0
[21:1:19] 玩家20236在区域 5  总下注0
[21:1:19] 玩家20236 总下注6000
[21:1:19] send >>>>>>>>>>>>>>>>>>>>>>>>>>>>>>> 1 message 57 size 112
[21:1:19] recv  55 <<<<<<<<<<<<<<<<<<<<<<<<<<<<<<< 1
[21:1:19] userbet 20236  在2 下了 1000,累计下注 7000
[21:1:19] broad >>>>>>>>>>>>>>>>>>>>>>>>>>>>>>> message 56 size 6
[21:1:19] 区域 0  总下注0
[21:1:19] 区域 1  总下注0
[21:1:19] 区域 2  总下注7000
[21:1:19] 区域 3  总下注0
[21:1:19] 区域 4  总下注0
[21:1:19] 区域 5  总下注0
[21:1:19] send >>>>>>>>>>>>>>>>>>>>>>>>>>>>>>> 0 message 57 size 112
[21:1:19] 玩家20236在区域 0  总下注0
[21:1:19] 玩家20236在区域 1  总下注0
[21:1:19] 玩家20236在区域 2  总下注7000
[21:1:19] 玩家20236在区域 3  总下注0
[21:1:19] 玩家20236在区域 4  总下注0
[21:1:19] 玩家20236在区域 5  总下注0
[21:1:19] 玩家20236 总下注7000
[21:1:19] send >>>>>>>>>>>>>>>>>>>>>>>>>>>>>>> 1 message 57 size 112
[21:1:20] recv  55 <<<<<<<<<<<<<<<<<<<<<<<<<<<<<<< 1
[21:1:20] userbet 20236  在2 下了 1000,累计下注 8000
[21:1:20] broad >>>>>>>>>>>>>>>>>>>>>>>>>>>>>>> message 56 size 6
[21:1:20] 区域 0  总下注0
[21:1:20] 区域 1  总下注0
[21:1:20] 区域 2  总下注8000
[21:1:20] 区域 3  总下注0
[21:1:20] 区域 4  总下注0
[21:1:20] 区域 5  总下注0
[21:1:20] send >>>>>>>>>>>>>>>>>>>>>>>>>>>>>>> 0 message 57 size 112
[21:1:20] 玩家20236在区域 0  总下注0
[21:1:20] 玩家20236在区域 1  总下注0
[21:1:20] 玩家20236在区域 2  总下注8000
[21:1:20] 玩家20236在区域 3  总下注0
[21:1:20] 玩家20236在区域 4  总下注0
[21:1:20] 玩家20236在区域 5  总下注0
[21:1:20] 玩家20236 总下注8000
[21:1:20] send >>>>>>>>>>>>>>>>>>>>>>>>>>>>>>> 1 message 57 size 112
[21:1:22] recv  55 <<<<<<<<<<<<<<<<<<<<<<<<<<<<<<< 1
[21:1:22] userbet 20236  在2 下了 1000,累计下注 9000
[21:1:22] broad >>>>>>>>>>>>>>>>>>>>>>>>>>>>>>> message 56 size 6
[21:1:22] 区域 0  总下注0
[21:1:22] 区域 1  总下注0
[21:1:22] 区域 2  总下注9000
[21:1:22] 区域 3  总下注0
[21:1:22] 区域 4  总下注0
[21:1:22] 区域 5  总下注0
[21:1:22] send >>>>>>>>>>>>>>>>>>>>>>>>>>>>>>> 0 message 57 size 112
[21:1:22] 玩家20236在区域 0  总下注0
[21:1:22] 玩家20236在区域 1  总下注0
[21:1:22] 玩家20236在区域 2  总下注9000
[21:1:22] 玩家20236在区域 3  总下注0
[21:1:22] 玩家20236在区域 4  总下注0
[21:1:22] 玩家20236在区域 5  总下注0
[21:1:22] 玩家20236 总下注9000
[21:1:22] send >>>>>>>>>>>>>>>>>>>>>>>>>>>>>>> 1 message 57 size 112
[21:1:22] card 0 6,5,   type 0   point 0
[21:1:22] card 1 7,2,   type 0   point 9
[21:1:22] card 2 c,f,   type 0   point 6
[21:1:22] card 3 2,1,   type 10   point 0
[21:1:22] broad >>>>>>>>>>>>>>>>>>>>>>>>>>>>>>> message 52 size 16
[21:1:37] 区域 0 结算 0
[21:1:37] 区域 1 结算 0
[21:1:37] 区域 2 结算 -9000
[21:1:37] 区域 3 结算 0
[21:1:37] 区域 4 结算 0
[21:1:37] 区域 5 结算 0
[21:1:37] 玩家0[20235]  结算 9000
[21:1:37] 玩家1[20236]  结算 -9000
[21:1:37] broad >>>>>>>>>>>>>>>>>>>>>>>>>>>>>>> message 58 size 86
[21:1:39] 玩家0[20235]  结算 9000, 分数 9000, 总分数 9000
[21:1:39] 玩家1[20236]  结算 -9000, 分数 -9000, 总分数 -9000
[21:1:39] ******************游戏结束********************************



[21:1:42] broad >>>>>>>>>>>>>>>>>>>>>>>>>>>>>>> message 72 size 4
[21:1:44] 0:20235 ready
[21:1:45] 1:20236 ready
[21:1:45] *****************游戏开始***************
[21:1:45] [0][20235]连庄局数 2,总局数2
[21:1:45] [1][20236]连庄局数 0,总局数2
[21:1:45] 游戏局数 2,总局数 4
[21:1:45] broad >>>>>>>>>>>>>>>>>>>>>>>>>>>>>>> message 71 size 8
[21:1:45] broad >>>>>>>>>>>>>>>>>>>>>>>>>>>>>>> message 51 size 0
[21:1:50] recv  55 <<<<<<<<<<<<<<<<<<<<<<<<<<<<<<< 1
[21:1:50] userbet 20236  在1 下了 1000,累计下注 1000
[21:1:50] broad >>>>>>>>>>>>>>>>>>>>>>>>>>>>>>> message 56 size 6
[21:1:50] 区域 0  总下注0
[21:1:50] 区域 1  总下注1000
[21:1:50] 区域 2  总下注0
[21:1:50] 区域 3  总下注0
[21:1:50] 区域 4  总下注0
[21:1:50] 区域 5  总下注0
[21:1:50] send >>>>>>>>>>>>>>>>>>>>>>>>>>>>>>> 0 message 57 size 112
[21:1:50] 玩家20236在区域 0  总下注0
[21:1:50] 玩家20236在区域 1  总下注1000
[21:1:50] 玩家20236在区域 2  总下注0
[21:1:50] 玩家20236在区域 3  总下注0
[21:1:50] 玩家20236在区域 4  总下注0
[21:1:50] 玩家20236在区域 5  总下注0
[21:1:50] 玩家20236 总下注1000
[21:1:50] send >>>>>>>>>>>>>>>>>>>>>>>>>>>>>>> 1 message 57 size 112
[21:1:51] recv  55 <<<<<<<<<<<<<<<<<<<<<<<<<<<<<<< 1
[21:1:51] userbet 20236  在1 下了 1000,累计下注 2000
[21:1:51] broad >>>>>>>>>>>>>>>>>>>>>>>>>>>>>>> message 56 size 6
[21:1:51] 区域 0  总下注0
[21:1:51] 区域 1  总下注2000
[21:1:51] 区域 2  总下注0
[21:1:51] 区域 3  总下注0
[21:1:51] 区域 4  总下注0
[21:1:51] 区域 5  总下注0
[21:1:51] send >>>>>>>>>>>>>>>>>>>>>>>>>>>>>>> 0 message 57 size 112
[21:1:51] 玩家20236在区域 0  总下注0
[21:1:51] 玩家20236在区域 1  总下注2000
[21:1:51] 玩家20236在区域 2  总下注0
[21:1:51] 玩家20236在区域 3  总下注0
[21:1:51] 玩家20236在区域 4  总下注0
[21:1:51] 玩家20236在区域 5  总下注0
[21:1:51] 玩家20236 总下注2000
[21:1:51] send >>>>>>>>>>>>>>>>>>>>>>>>>>>>>>> 1 message 57 size 112
[21:1:51] recv  55 <<<<<<<<<<<<<<<<<<<<<<<<<<<<<<< 1
[21:1:51] userbet 20236  在1 下了 1000,累计下注 3000
[21:1:51] broad >>>>>>>>>>>>>>>>>>>>>>>>>>>>>>> message 56 size 6
[21:1:51] 区域 0  总下注0
[21:1:51] 区域 1  总下注3000
[21:1:51] 区域 2  总下注0
[21:1:51] 区域 3  总下注0
[21:1:51] 区域 4  总下注0
[21:1:51] 区域 5  总下注0
[21:1:51] send >>>>>>>>>>>>>>>>>>>>>>>>>>>>>>> 0 message 57 size 112
[21:1:51] 玩家20236在区域 0  总下注0
[21:1:51] 玩家20236在区域 1  总下注3000
[21:1:51] 玩家20236在区域 2  总下注0
[21:1:51] 玩家20236在区域 3  总下注0
[21:1:51] 玩家20236在区域 4  总下注0
[21:1:51] 玩家20236在区域 5  总下注0
[21:1:51] 玩家20236 总下注3000
[21:1:51] send >>>>>>>>>>>>>>>>>>>>>>>>>>>>>>> 1 message 57 size 112
[21:1:51] recv  55 <<<<<<<<<<<<<<<<<<<<<<<<<<<<<<< 1
[21:1:51] userbet 20236  在1 下了 1000,累计下注 4000
[21:1:51] broad >>>>>>>>>>>>>>>>>>>>>>>>>>>>>>> message 56 size 6
[21:1:51] 区域 0  总下注0
[21:1:51] 区域 1  总下注4000
[21:1:51] 区域 2  总下注0
[21:1:51] 区域 3  总下注0
[21:1:51] 区域 4  总下注0
[21:1:51] 区域 5  总下注0
[21:1:51] send >>>>>>>>>>>>>>>>>>>>>>>>>>>>>>> 0 message 57 size 112
[21:1:51] 玩家20236在区域 0  总下注0
[21:1:51] 玩家20236在区域 1  总下注4000
[21:1:51] 玩家20236在区域 2  总下注0
[21:1:51] 玩家20236在区域 3  总下注0
[21:1:51] 玩家20236在区域 4  总下注0
[21:1:51] 玩家20236在区域 5  总下注0
[21:1:51] 玩家20236 总下注4000
[21:1:51] send >>>>>>>>>>>>>>>>>>>>>>>>>>>>>>> 1 message 57 size 112
[21:1:51] recv  55 <<<<<<<<<<<<<<<<<<<<<<<<<<<<<<< 1
[21:1:51] userbet 20236  在1 下了 1000,累计下注 5000
[21:1:51] broad >>>>>>>>>>>>>>>>>>>>>>>>>>>>>>> message 56 size 6
[21:1:51] 区域 0  总下注0
[21:1:51] 区域 1  总下注5000
[21:1:51] 区域 2  总下注0
[21:1:51] 区域 3  总下注0
[21:1:51] 区域 4  总下注0
[21:1:51] 区域 5  总下注0
[21:1:51] send >>>>>>>>>>>>>>>>>>>>>>>>>>>>>>> 0 message 57 size 112
[21:1:51] 玩家20236在区域 0  总下注0
[21:1:51] 玩家20236在区域 1  总下注5000
[21:1:51] 玩家20236在区域 2  总下注0
[21:1:51] 玩家20236在区域 3  总下注0
[21:1:51] 玩家20236在区域 4  总下注0
[21:1:51] 玩家20236在区域 5  总下注0
[21:1:51] 玩家20236 总下注5000
[21:1:51] send >>>>>>>>>>>>>>>>>>>>>>>>>>>>>>> 1 message 57 size 112
[21:1:51] recv  55 <<<<<<<<<<<<<<<<<<<<<<<<<<<<<<< 1
[21:1:51] userbet 20236  在1 下了 1000,累计下注 6000
[21:1:51] broad >>>>>>>>>>>>>>>>>>>>>>>>>>>>>>> message 56 size 6
[21:1:51] 区域 0  总下注0
[21:1:51] 区域 1  总下注6000
[21:1:51] 区域 2  总下注0
[21:1:51] 区域 3  总下注0
[21:1:51] 区域 4  总下注0
[21:1:51] 区域 5  总下注0
[21:1:51] send >>>>>>>>>>>>>>>>>>>>>>>>>>>>>>> 0 message 57 size 112
[21:1:51] 玩家20236在区域 0  总下注0
[21:1:51] 玩家20236在区域 1  总下注6000
[21:1:51] 玩家20236在区域 2  总下注0
[21:1:51] 玩家20236在区域 3  总下注0
[21:1:51] 玩家20236在区域 4  总下注0
[21:1:51] 玩家20236在区域 5  总下注0
[21:1:51] 玩家20236 总下注6000
[21:1:51] send >>>>>>>>>>>>>>>>>>>>>>>>>>>>>>> 1 message 57 size 112
[21:1:52] recv  55 <<<<<<<<<<<<<<<<<<<<<<<<<<<<<<< 1
[21:1:52] userbet 20236  在1 下了 1000,累计下注 7000
[21:1:52] broad >>>>>>>>>>>>>>>>>>>>>>>>>>>>>>> message 56 size 6
[21:1:52] 区域 0  总下注0
[21:1:52] 区域 1  总下注7000
[21:1:52] 区域 2  总下注0
[21:1:52] 区域 3  总下注0
[21:1:52] 区域 4  总下注0
[21:1:52] 区域 5  总下注0
[21:1:52] send >>>>>>>>>>>>>>>>>>>>>>>>>>>>>>> 0 message 57 size 112
[21:1:52] 玩家20236在区域 0  总下注0
[21:1:52] 玩家20236在区域 1  总下注7000
[21:1:52] 玩家20236在区域 2  总下注0
[21:1:52] 玩家20236在区域 3  总下注0
[21:1:52] 玩家20236在区域 4  总下注0
[21:1:52] 玩家20236在区域 5  总下注0
[21:1:52] 玩家20236 总下注7000
[21:1:52] send >>>>>>>>>>>>>>>>>>>>>>>>>>>>>>> 1 message 57 size 112
[21:1:52] recv  55 <<<<<<<<<<<<<<<<<<<<<<<<<<<<<<< 1
[21:1:52] userbet 20236  在1 下了 1000,累计下注 8000
[21:1:52] broad >>>>>>>>>>>>>>>>>>>>>>>>>>>>>>> message 56 size 6
[21:1:52] 区域 0  总下注0
[21:1:52] 区域 1  总下注8000
[21:1:52] 区域 2  总下注0
[21:1:52] 区域 3  总下注0
[21:1:52] 区域 4  总下注0
[21:1:52] 区域 5  总下注0
[21:1:52] send >>>>>>>>>>>>>>>>>>>>>>>>>>>>>>> 0 message 57 size 112
[21:1:52] 玩家20236在区域 0  总下注0
[21:1:52] 玩家20236在区域 1  总下注8000
[21:1:52] 玩家20236在区域 2  总下注0
[21:1:52] 玩家20236在区域 3  总下注0
[21:1:52] 玩家20236在区域 4  总下注0
[21:1:52] 玩家20236在区域 5  总下注0
[21:1:52] 玩家20236 总下注8000
[21:1:52] send >>>>>>>>>>>>>>>>>>>>>>>>>>>>>>> 1 message 57 size 112
[21:1:52] recv  55 <<<<<<<<<<<<<<<<<<<<<<<<<<<<<<< 1
[21:1:52] userbet 20236  在1 下了 1000,累计下注 9000
[21:1:52] broad >>>>>>>>>>>>>>>>>>>>>>>>>>>>>>> message 56 size 6
[21:1:52] 区域 0  总下注0
[21:1:52] 区域 1  总下注9000
[21:1:52] 区域 2  总下注0
[21:1:52] 区域 3  总下注0
[21:1:52] 区域 4  总下注0
[21:1:52] 区域 5  总下注0
[21:1:52] send >>>>>>>>>>>>>>>>>>>>>>>>>>>>>>> 0 message 57 size 112
[21:1:52] 玩家20236在区域 0  总下注0
[21:1:52] 玩家20236在区域 1  总下注9000
[21:1:52] 玩家20236在区域 2  总下注0
[21:1:52] 玩家20236在区域 3  总下注0
[21:1:52] 玩家20236在区域 4  总下注0
[21:1:52] 玩家20236在区域 5  总下注0
[21:1:52] 玩家20236 总下注9000
[21:1:52] send >>>>>>>>>>>>>>>>>>>>>>>>>>>>>>> 1 message 57 size 112
[21:1:52] recv  55 <<<<<<<<<<<<<<<<<<<<<<<<<<<<<<< 1
[21:1:52] userbet 20236  在1 下了 1000,累计下注 10000
[21:1:52] broad >>>>>>>>>>>>>>>>>>>>>>>>>>>>>>> message 56 size 6
[21:1:52] 区域 0  总下注0
[21:1:52] 区域 1  总下注10000
[21:1:52] 区域 2  总下注0
[21:1:52] 区域 3  总下注0
[21:1:52] 区域 4  总下注0
[21:1:52] 区域 5  总下注0
[21:1:52] send >>>>>>>>>>>>>>>>>>>>>>>>>>>>>>> 0 message 57 size 112
[21:1:52] 玩家20236在区域 0  总下注0
[21:1:52] 玩家20236在区域 1  总下注10000
[21:1:52] 玩家20236在区域 2  总下注0
[21:1:52] 玩家20236在区域 3  总下注0
[21:1:52] 玩家20236在区域 4  总下注0
[21:1:52] 玩家20236在区域 5  总下注0
[21:1:52] 玩家20236 总下注10000
[21:1:52] send >>>>>>>>>>>>>>>>>>>>>>>>>>>>>>> 1 message 57 size 112
[21:1:52] recv  55 <<<<<<<<<<<<<<<<<<<<<<<<<<<<<<< 1
[21:1:52] userbet 20236  在1 下了 1000,累计下注 11000
[21:1:52] broad >>>>>>>>>>>>>>>>>>>>>>>>>>>>>>> message 56 size 6
[21:1:52] 区域 0  总下注0
[21:1:52] 区域 1  总下注11000
[21:1:52] 区域 2  总下注0
[21:1:52] 区域 3  总下注0
[21:1:52] 区域 4  总下注0
[21:1:52] 区域 5  总下注0
[21:1:52] send >>>>>>>>>>>>>>>>>>>>>>>>>>>>>>> 0 message 57 size 112
[21:1:52] 玩家20236在区域 0  总下注0
[21:1:52] 玩家20236在区域 1  总下注11000
[21:1:52] 玩家20236在区域 2  总下注0
[21:1:52] 玩家20236在区域 3  总下注0
[21:1:52] 玩家20236在区域 4  总下注0
[21:1:52] 玩家20236在区域 5  总下注0
[21:1:52] 玩家20236 总下注11000
[21:1:52] send >>>>>>>>>>>>>>>>>>>>>>>>>>>>>>> 1 message 57 size 112
[21:1:53] recv  55 <<<<<<<<<<<<<<<<<<<<<<<<<<<<<<< 1
[21:1:53] userbet 20236  在1 下了 1000,累计下注 12000
[21:1:53] broad >>>>>>>>>>>>>>>>>>>>>>>>>>>>>>> message 56 size 6
[21:1:53] 区域 0  总下注0
[21:1:53] 区域 1  总下注12000
[21:1:53] 区域 2  总下注0
[21:1:53] 区域 3  总下注0
[21:1:53] 区域 4  总下注0
[21:1:53] 区域 5  总下注0
[21:1:53] send >>>>>>>>>>>>>>>>>>>>>>>>>>>>>>> 0 message 57 size 112
[21:1:53] 玩家20236在区域 0  总下注0
[21:1:53] 玩家20236在区域 1  总下注12000
[21:1:53] 玩家20236在区域 2  总下注0
[21:1:53] 玩家20236在区域 3  总下注0
[21:1:53] 玩家20236在区域 4  总下注0
[21:1:53] 玩家20236在区域 5  总下注0
[21:1:53] 玩家20236 总下注12000
[21:1:53] send >>>>>>>>>>>>>>>>>>>>>>>>>>>>>>> 1 message 57 size 112
[21:1:53] recv  55 <<<<<<<<<<<<<<<<<<<<<<<<<<<<<<< 1
[21:1:53] userbet 20236  在1 下了 1000,累计下注 13000
[21:1:53] broad >>>>>>>>>>>>>>>>>>>>>>>>>>>>>>> message 56 size 6
[21:1:53] 区域 0  总下注0
[21:1:53] 区域 1  总下注13000
[21:1:53] 区域 2  总下注0
[21:1:53] 区域 3  总下注0
[21:1:53] 区域 4  总下注0
[21:1:53] 区域 5  总下注0
[21:1:53] send >>>>>>>>>>>>>>>>>>>>>>>>>>>>>>> 0 message 57 size 112
[21:1:53] 玩家20236在区域 0  总下注0
[21:1:53] 玩家20236在区域 1  总下注13000
[21:1:53] 玩家20236在区域 2  总下注0
[21:1:53] 玩家20236在区域 3  总下注0
[21:1:53] 玩家20236在区域 4  总下注0
[21:1:53] 玩家20236在区域 5  总下注0
[21:1:53] 玩家20236 总下注13000
[21:1:53] send >>>>>>>>>>>>>>>>>>>>>>>>>>>>>>> 1 message 57 size 112
[21:1:53] recv  55 <<<<<<<<<<<<<<<<<<<<<<<<<<<<<<< 1
[21:1:53] userbet 20236  在1 下了 1000,累计下注 14000
[21:1:53] broad >>>>>>>>>>>>>>>>>>>>>>>>>>>>>>> message 56 size 6
[21:1:53] 区域 0  总下注0
[21:1:53] 区域 1  总下注14000
[21:1:53] 区域 2  总下注0
[21:1:53] 区域 3  总下注0
[21:1:53] 区域 4  总下注0
[21:1:53] 区域 5  总下注0
[21:1:53] send >>>>>>>>>>>>>>>>>>>>>>>>>>>>>>> 0 message 57 size 112
[21:1:53] 玩家20236在区域 0  总下注0
[21:1:53] 玩家20236在区域 1  总下注14000
[21:1:53] 玩家20236在区域 2  总下注0
[21:1:53] 玩家20236在区域 3  总下注0
[21:1:53] 玩家20236在区域 4  总下注0
[21:1:53] 玩家20236在区域 5  总下注0
[21:1:53] 玩家20236 总下注14000
[21:1:53] send >>>>>>>>>>>>>>>>>>>>>>>>>>>>>>> 1 message 57 size 112
[21:1:53] recv  55 <<<<<<<<<<<<<<<<<<<<<<<<<<<<<<< 1
[21:1:53] userbet 20236  在1 下了 1000,累计下注 15000
[21:1:53] broad >>>>>>>>>>>>>>>>>>>>>>>>>>>>>>> message 56 size 6
[21:1:53] 区域 0  总下注0
[21:1:53] 区域 1  总下注15000
[21:1:53] 区域 2  总下注0
[21:1:53] 区域 3  总下注0
[21:1:53] 区域 4  总下注0
[21:1:53] 区域 5  总下注0
[21:1:53] send >>>>>>>>>>>>>>>>>>>>>>>>>>>>>>> 0 message 57 size 112
[21:1:53] 玩家20236在区域 0  总下注0
[21:1:53] 玩家20236在区域 1  总下注15000
[21:1:53] 玩家20236在区域 2  总下注0
[21:1:53] 玩家20236在区域 3  总下注0
[21:1:53] 玩家20236在区域 4  总下注0
[21:1:53] 玩家20236在区域 5  总下注0
[21:1:53] 玩家20236 总下注15000
[21:1:53] send >>>>>>>>>>>>>>>>>>>>>>>>>>>>>>> 1 message 57 size 112
[21:1:54] recv  55 <<<<<<<<<<<<<<<<<<<<<<<<<<<<<<< 1
[21:1:54] userbet 20236  在1 下了 1000,累计下注 16000
[21:1:54] broad >>>>>>>>>>>>>>>>>>>>>>>>>>>>>>> message 56 size 6
[21:1:54] 区域 0  总下注0
[21:1:54] 区域 1  总下注16000
[21:1:54] 区域 2  总下注0
[21:1:54] 区域 3  总下注0
[21:1:54] 区域 4  总下注0
[21:1:54] 区域 5  总下注0
[21:1:54] send >>>>>>>>>>>>>>>>>>>>>>>>>>>>>>> 0 message 57 size 112
[21:1:54] 玩家20236在区域 0  总下注0
[21:1:54] 玩家20236在区域 1  总下注16000
[21:1:54] 玩家20236在区域 2  总下注0
[21:1:54] 玩家20236在区域 3  总下注0
[21:1:54] 玩家20236在区域 4  总下注0
[21:1:54] 玩家20236在区域 5  总下注0
[21:1:54] 玩家20236 总下注16000
[21:1:54] send >>>>>>>>>>>>>>>>>>>>>>>>>>>>>>> 1 message 57 size 112
[21:1:54] recv  55 <<<<<<<<<<<<<<<<<<<<<<<<<<<<<<< 1
[21:1:54] userbet 20236  在1 下了 1000,累计下注 17000
[21:1:54] broad >>>>>>>>>>>>>>>>>>>>>>>>>>>>>>> message 56 size 6
[21:1:54] 区域 0  总下注0
[21:1:54] 区域 1  总下注17000
[21:1:54] 区域 2  总下注0
[21:1:54] 区域 3  总下注0
[21:1:54] 区域 4  总下注0
[21:1:54] 区域 5  总下注0
[21:1:54] send >>>>>>>>>>>>>>>>>>>>>>>>>>>>>>> 0 message 57 size 112
[21:1:54] 玩家20236在区域 0  总下注0
[21:1:54] 玩家20236在区域 1  总下注17000
[21:1:54] 玩家20236在区域 2  总下注0
[21:1:54] 玩家20236在区域 3  总下注0
[21:1:54] 玩家20236在区域 4  总下注0
[21:1:54] 玩家20236在区域 5  总下注0
[21:1:54] 玩家20236 总下注17000
[21:1:54] send >>>>>>>>>>>>>>>>>>>>>>>>>>>>>>> 1 message 57 size 112
[21:1:54] recv  55 <<<<<<<<<<<<<<<<<<<<<<<<<<<<<<< 1
[21:1:54] userbet 20236  在1 下了 1000,累计下注 18000
[21:1:54] broad >>>>>>>>>>>>>>>>>>>>>>>>>>>>>>> message 56 size 6
[21:1:54] 区域 0  总下注0
[21:1:54] 区域 1  总下注18000
[21:1:54] 区域 2  总下注0
[21:1:54] 区域 3  总下注0
[21:1:54] 区域 4  总下注0
[21:1:54] 区域 5  总下注0
[21:1:54] send >>>>>>>>>>>>>>>>>>>>>>>>>>>>>>> 0 message 57 size 112
[21:1:54] 玩家20236在区域 0  总下注0
[21:1:54] 玩家20236在区域 1  总下注18000
[21:1:54] 玩家20236在区域 2  总下注0
[21:1:54] 玩家20236在区域 3  总下注0
[21:1:54] 玩家20236在区域 4  总下注0
[21:1:54] 玩家20236在区域 5  总下注0
[21:1:54] 玩家20236 总下注18000
[21:1:54] send >>>>>>>>>>>>>>>>>>>>>>>>>>>>>>> 1 message 57 size 112
[21:1:54] recv  55 <<<<<<<<<<<<<<<<<<<<<<<<<<<<<<< 1
[21:1:54] userbet 20236  在1 下了 1000,累计下注 19000
[21:1:54] broad >>>>>>>>>>>>>>>>>>>>>>>>>>>>>>> message 56 size 6
[21:1:54] 区域 0  总下注0
[21:1:54] 区域 1  总下注19000
[21:1:54] 区域 2  总下注0
[21:1:54] 区域 3  总下注0
[21:1:54] 区域 4  总下注0
[21:1:54] 区域 5  总下注0
[21:1:54] send >>>>>>>>>>>>>>>>>>>>>>>>>>>>>>> 0 message 57 size 112
[21:1:54] 玩家20236在区域 0  总下注0
[21:1:54] 玩家20236在区域 1  总下注19000
[21:1:54] 玩家20236在区域 2  总下注0
[21:1:54] 玩家20236在区域 3  总下注0
[21:1:54] 玩家20236在区域 4  总下注0
[21:1:54] 玩家20236在区域 5  总下注0
[21:1:54] 玩家20236 总下注19000
[21:1:54] send >>>>>>>>>>>>>>>>>>>>>>>>>>>>>>> 1 message 57 size 112
[21:1:54] recv  55 <<<<<<<<<<<<<<<<<<<<<<<<<<<<<<< 1
[21:1:54] userbet 20236  在1 下了 1000,累计下注 20000
[21:1:54] broad >>>>>>>>>>>>>>>>>>>>>>>>>>>>>>> message 56 size 6
[21:1:54] 区域 0  总下注0
[21:1:54] 区域 1  总下注20000
[21:1:54] 区域 2  总下注0
[21:1:54] 区域 3  总下注0
[21:1:54] 区域 4  总下注0
[21:1:54] 区域 5  总下注0
[21:1:54] send >>>>>>>>>>>>>>>>>>>>>>>>>>>>>>> 0 message 57 size 112
[21:1:54] 玩家20236在区域 0  总下注0
[21:1:54] 玩家20236在区域 1  总下注20000
[21:1:54] 玩家20236在区域 2  总下注0
[21:1:54] 玩家20236在区域 3  总下注0
[21:1:54] 玩家20236在区域 4  总下注0
[21:1:54] 玩家20236在区域 5  总下注0
[21:1:54] 玩家20236 总下注20000
[21:1:54] send >>>>>>>>>>>>>>>>>>>>>>>>>>>>>>> 1 message 57 size 112
[21:1:55] recv  55 <<<<<<<<<<<<<<<<<<<<<<<<<<<<<<< 1
[21:1:55] userbet 20236  在1 下了 1000,累计下注 21000
[21:1:55] broad >>>>>>>>>>>>>>>>>>>>>>>>>>>>>>> message 56 size 6
[21:1:55] 区域 0  总下注0
[21:1:55] 区域 1  总下注21000
[21:1:55] 区域 2  总下注0
[21:1:55] 区域 3  总下注0
[21:1:55] 区域 4  总下注0
[21:1:55] 区域 5  总下注0
[21:1:55] send >>>>>>>>>>>>>>>>>>>>>>>>>>>>>>> 0 message 57 size 112
[21:1:55] 玩家20236在区域 0  总下注0
[21:1:55] 玩家20236在区域 1  总下注21000
[21:1:55] 玩家20236在区域 2  总下注0
[21:1:55] 玩家20236在区域 3  总下注0
[21:1:55] 玩家20236在区域 4  总下注0
[21:1:55] 玩家20236在区域 5  总下注0
[21:1:55] 玩家20236 总下注21000
[21:1:55] send >>>>>>>>>>>>>>>>>>>>>>>>>>>>>>> 1 message 57 size 112
[21:1:55] recv  55 <<<<<<<<<<<<<<<<<<<<<<<<<<<<<<< 1
[21:1:55] userbet 20236  在1 下了 1000,累计下注 22000
[21:1:55] broad >>>>>>>>>>>>>>>>>>>>>>>>>>>>>>> message 56 size 6
[21:1:55] 区域 0  总下注0
[21:1:55] 区域 1  总下注22000
[21:1:55] 区域 2  总下注0
[21:1:55] 区域 3  总下注0
[21:1:55] 区域 4  总下注0
[21:1:55] 区域 5  总下注0
[21:1:55] send >>>>>>>>>>>>>>>>>>>>>>>>>>>>>>> 0 message 57 size 112
[21:1:55] 玩家20236在区域 0  总下注0
[21:1:55] 玩家20236在区域 1  总下注22000
[21:1:55] 玩家20236在区域 2  总下注0
[21:1:55] 玩家20236在区域 3  总下注0
[21:1:55] 玩家20236在区域 4  总下注0
[21:1:55] 玩家20236在区域 5  总下注0
[21:1:55] 玩家20236 总下注22000
[21:1:55] send >>>>>>>>>>>>>>>>>>>>>>>>>>>>>>> 1 message 57 size 112
[21:1:55] recv  55 <<<<<<<<<<<<<<<<<<<<<<<<<<<<<<< 1
[21:1:55] userbet 20236  在1 下了 1000,累计下注 23000
[21:1:55] broad >>>>>>>>>>>>>>>>>>>>>>>>>>>>>>> message 56 size 6
[21:1:55] 区域 0  总下注0
[21:1:55] 区域 1  总下注23000
[21:1:55] 区域 2  总下注0
[21:1:55] 区域 3  总下注0
[21:1:55] 区域 4  总下注0
[21:1:55] 区域 5  总下注0
[21:1:55] send >>>>>>>>>>>>>>>>>>>>>>>>>>>>>>> 0 message 57 size 112
[21:1:55] 玩家20236在区域 0  总下注0
[21:1:55] 玩家20236在区域 1  总下注23000
[21:1:55] 玩家20236在区域 2  总下注0
[21:1:55] 玩家20236在区域 3  总下注0
[21:1:55] 玩家20236在区域 4  总下注0
[21:1:55] 玩家20236在区域 5  总下注0
[21:1:55] 玩家20236 总下注23000
[21:1:55] send >>>>>>>>>>>>>>>>>>>>>>>>>>>>>>> 1 message 57 size 112
[21:1:55] recv  55 <<<<<<<<<<<<<<<<<<<<<<<<<<<<<<< 1
[21:1:55] userbet 20236  在1 下了 1000,累计下注 24000
[21:1:55] broad >>>>>>>>>>>>>>>>>>>>>>>>>>>>>>> message 56 size 6
[21:1:55] 区域 0  总下注0
[21:1:55] 区域 1  总下注24000
[21:1:55] 区域 2  总下注0
[21:1:55] 区域 3  总下注0
[21:1:55] 区域 4  总下注0
[21:1:55] 区域 5  总下注0
[21:1:55] send >>>>>>>>>>>>>>>>>>>>>>>>>>>>>>> 0 message 57 size 112
[21:1:55] 玩家20236在区域 0  总下注0
[21:1:55] 玩家20236在区域 1  总下注24000
[21:1:55] 玩家20236在区域 2  总下注0
[21:1:55] 玩家20236在区域 3  总下注0
[21:1:55] 玩家20236在区域 4  总下注0
[21:1:55] 玩家20236在区域 5  总下注0
[21:1:55] 玩家20236 总下注24000
[21:1:55] send >>>>>>>>>>>>>>>>>>>>>>>>>>>>>>> 1 message 57 size 112
[21:1:55] card 0 0,4,   type 0   point 2
[21:1:55] card 1 f,9,   type 0   point 4
[21:1:55] card 2 8,5,   type 0   point 6
[21:1:55] card 3 13,3,   type 0   point 9
[21:1:55] broad >>>>>>>>>>>>>>>>>>>>>>>>>>>>>>> message 52 size 16
[21:2:10] 区域 0 结算 0
[21:2:10] 区域 1 结算 -24000
[21:2:10] 区域 2 结算 0
[21:2:10] 区域 3 结算 0
[21:2:10] 区域 4 结算 0
[21:2:10] 区域 5 结算 0
[21:2:10] 玩家0[20235]  结算 24000
[21:2:10] 玩家1[20236]  结算 -24000
[21:2:10] broad >>>>>>>>>>>>>>>>>>>>>>>>>>>>>>> message 58 size 86
[21:2:12] 玩家0[20235]  结算 24000, 分数 24000, 总分数 33000
[21:2:12] 玩家1[20236]  结算 -24000, 分数 -24000, 总分数 -33000
[21:2:12] ******************游戏结束********************************



[21:2:20] *************************小结算***********************
[21:2:20] [Phone20235,20235] [庄] 输赢金币 33000 ,排名 0
[21:2:20] [Phone20236,20236] [闲] 输赢金币 -33000 ,排名 1
[21:2:20] broad >>>>>>>>>>>>>>>>>>>>>>>>>>>>>>> message 73 size 44
[21:2:20] user[20235] 坐庄次数 2,每个人当庄次数2 
[21:2:20] user[20236] 坐庄次数 0,每个人当庄次数2 
[21:2:20] broad >>>>>>>>>>>>>>>>>>>>>>>>>>>>>>> message 72 size 4
[21:2:22] 1:20236 ready
[21:2:23] 0:20235 ready
[21:2:23] *****************游戏开始***************
[21:2:23] [0][20235]连庄局数 2,总局数3
[21:2:23] [1][20236]连庄局数 1,总局数3
[21:2:23] 通知 庄家 1 坐庄次数 1
[21:2:23] broad >>>>>>>>>>>>>>>>>>>>>>>>>>>>>>> message 69 size 1
[21:2:23] 游戏局数 3,总局数 4
[21:2:23] broad >>>>>>>>>>>>>>>>>>>>>>>>>>>>>>> message 71 size 8
[21:2:23] broad >>>>>>>>>>>>>>>>>>>>>>>>>>>>>>> message 51 size 0
[21:2:32] recv  55 <<<<<<<<<<<<<<<<<<<<<<<<<<<<<<< 0
[21:2:32] userbet 20235  在5 下了 1000,累计下注 1000
[21:2:32] broad >>>>>>>>>>>>>>>>>>>>>>>>>>>>>>> message 56 size 6
[21:2:32] 区域 0  总下注0
[21:2:32] 区域 1  总下注0
[21:2:32] 区域 2  总下注0
[21:2:32] 区域 3  总下注0
[21:2:32] 区域 4  总下注0
[21:2:32] 区域 5  总下注1000
[21:2:32] 玩家20235在区域 0  总下注0
[21:2:32] 玩家20235在区域 1  总下注0
[21:2:32] 玩家20235在区域 2  总下注0
[21:2:32] 玩家20235在区域 3  总下注0
[21:2:32] 玩家20235在区域 4  总下注0
[21:2:32] 玩家20235在区域 5  总下注1000
[21:2:32] 玩家20235 总下注1000
[21:2:32] send >>>>>>>>>>>>>>>>>>>>>>>>>>>>>>> 0 message 57 size 112
[21:2:32] send >>>>>>>>>>>>>>>>>>>>>>>>>>>>>>> 1 message 57 size 112
[21:2:32] recv  55 <<<<<<<<<<<<<<<<<<<<<<<<<<<<<<< 0
[21:2:32] userbet 20235  在5 下了 1000,累计下注 2000
[21:2:32] broad >>>>>>>>>>>>>>>>>>>>>>>>>>>>>>> message 56 size 6
[21:2:32] 区域 0  总下注0
[21:2:32] 区域 1  总下注0
[21:2:32] 区域 2  总下注0
[21:2:32] 区域 3  总下注0
[21:2:32] 区域 4  总下注0
[21:2:32] 区域 5  总下注2000
[21:2:32] 玩家20235在区域 0  总下注0
[21:2:32] 玩家20235在区域 1  总下注0
[21:2:32] 玩家20235在区域 2  总下注0
[21:2:32] 玩家20235在区域 3  总下注0
[21:2:32] 玩家20235在区域 4  总下注0
[21:2:32] 玩家20235在区域 5  总下注2000
[21:2:32] 玩家20235 总下注2000
[21:2:32] send >>>>>>>>>>>>>>>>>>>>>>>>>>>>>>> 0 message 57 size 112
[21:2:32] send >>>>>>>>>>>>>>>>>>>>>>>>>>>>>>> 1 message 57 size 112
[21:2:32] recv  55 <<<<<<<<<<<<<<<<<<<<<<<<<<<<<<< 0
[21:2:32] userbet 20235  在5 下了 1000,累计下注 3000
[21:2:32] broad >>>>>>>>>>>>>>>>>>>>>>>>>>>>>>> message 56 size 6
[21:2:32] 区域 0  总下注0
[21:2:32] 区域 1  总下注0
[21:2:33] 区域 2  总下注0
[21:2:33] 区域 3  总下注0
[21:2:33] 区域 4  总下注0
[21:2:33] 区域 5  总下注3000
[21:2:33] 玩家20235在区域 0  总下注0
[21:2:33] 玩家20235在区域 1  总下注0
[21:2:33] 玩家20235在区域 2  总下注0
[21:2:33] 玩家20235在区域 3  总下注0
[21:2:33] 玩家20235在区域 4  总下注0
[21:2:33] 玩家20235在区域 5  总下注3000
[21:2:33] 玩家20235 总下注3000
[21:2:33] send >>>>>>>>>>>>>>>>>>>>>>>>>>>>>>> 0 message 57 size 112
[21:2:33] send >>>>>>>>>>>>>>>>>>>>>>>>>>>>>>> 1 message 57 size 112
[21:2:33] recv  55 <<<<<<<<<<<<<<<<<<<<<<<<<<<<<<< 0
[21:2:33] userbet 20235  在5 下了 1000,累计下注 4000
[21:2:33] broad >>>>>>>>>>>>>>>>>>>>>>>>>>>>>>> message 56 size 6
[21:2:33] 区域 0  总下注0
[21:2:33] 区域 1  总下注0
[21:2:33] 区域 2  总下注0
[21:2:33] 区域 3  总下注0
[21:2:33] 区域 4  总下注0
[21:2:33] 区域 5  总下注4000
[21:2:33] 玩家20235在区域 0  总下注0
[21:2:33] 玩家20235在区域 1  总下注0
[21:2:33] 玩家20235在区域 2  总下注0
[21:2:33] 玩家20235在区域 3  总下注0
[21:2:33] 玩家20235在区域 4  总下注0
[21:2:33] 玩家20235在区域 5  总下注4000
[21:2:33] 玩家20235 总下注4000
[21:2:33] send >>>>>>>>>>>>>>>>>>>>>>>>>>>>>>> 0 message 57 size 112
[21:2:33] send >>>>>>>>>>>>>>>>>>>>>>>>>>>>>>> 1 message 57 size 112
[21:2:33] recv  55 <<<<<<<<<<<<<<<<<<<<<<<<<<<<<<< 0
[21:2:33] userbet 20235  在5 下了 1000,累计下注 5000
[21:2:33] broad >>>>>>>>>>>>>>>>>>>>>>>>>>>>>>> message 56 size 6
[21:2:33] 区域 0  总下注0
[21:2:33] 区域 1  总下注0
[21:2:33] 区域 2  总下注0
[21:2:33] 区域 3  总下注0
[21:2:33] 区域 4  总下注0
[21:2:33] 区域 5  总下注5000
[21:2:33] 玩家20235在区域 0  总下注0
[21:2:33] 玩家20235在区域 1  总下注0
[21:2:33] 玩家20235在区域 2  总下注0
[21:2:33] 玩家20235在区域 3  总下注0
[21:2:33] 玩家20235在区域 4  总下注0
[21:2:33] 玩家20235在区域 5  总下注5000
[21:2:33] 玩家20235 总下注5000
[21:2:33] send >>>>>>>>>>>>>>>>>>>>>>>>>>>>>>> 0 message 57 size 112
[21:2:33] send >>>>>>>>>>>>>>>>>>>>>>>>>>>>>>> 1 message 57 size 112
[21:2:33] recv  55 <<<<<<<<<<<<<<<<<<<<<<<<<<<<<<< 0
[21:2:33] userbet 20235  在5 下了 1000,累计下注 6000
[21:2:33] broad >>>>>>>>>>>>>>>>>>>>>>>>>>>>>>> message 56 size 6
[21:2:33] 区域 0  总下注0
[21:2:33] 区域 1  总下注0
[21:2:33] 区域 2  总下注0
[21:2:33] 区域 3  总下注0
[21:2:33] 区域 4  总下注0
[21:2:33] 区域 5  总下注6000
[21:2:33] 玩家20235在区域 0  总下注0
[21:2:33] 玩家20235在区域 1  总下注0
[21:2:33] 玩家20235在区域 2  总下注0
[21:2:33] 玩家20235在区域 3  总下注0
[21:2:33] 玩家20235在区域 4  总下注0
[21:2:33] 玩家20235在区域 5  总下注6000
[21:2:33] 玩家20235 总下注6000
[21:2:33] send >>>>>>>>>>>>>>>>>>>>>>>>>>>>>>> 0 message 57 size 112
[21:2:33] send >>>>>>>>>>>>>>>>>>>>>>>>>>>>>>> 1 message 57 size 112
[21:2:33] recv  55 <<<<<<<<<<<<<<<<<<<<<<<<<<<<<<< 0
[21:2:33] userbet 20235  在5 下了 1000,累计下注 7000
[21:2:33] broad >>>>>>>>>>>>>>>>>>>>>>>>>>>>>>> message 56 size 6
[21:2:33] 区域 0  总下注0
[21:2:33] 区域 1  总下注0
[21:2:33] 区域 2  总下注0
[21:2:33] 区域 3  总下注0
[21:2:33] 区域 4  总下注0
[21:2:33] 区域 5  总下注7000
[21:2:33] 玩家20235在区域 0  总下注0
[21:2:33] 玩家20235在区域 1  总下注0
[21:2:33] 玩家20235在区域 2  总下注0
[21:2:33] 玩家20235在区域 3  总下注0
[21:2:33] 玩家20235在区域 4  总下注0
[21:2:33] 玩家20235在区域 5  总下注7000
[21:2:33] 玩家20235 总下注7000
[21:2:33] send >>>>>>>>>>>>>>>>>>>>>>>>>>>>>>> 0 message 57 size 112
[21:2:33] send >>>>>>>>>>>>>>>>>>>>>>>>>>>>>>> 1 message 57 size 112
[21:2:33] recv  55 <<<<<<<<<<<<<<<<<<<<<<<<<<<<<<< 0
[21:2:33] userbet 20235  在5 下了 1000,累计下注 8000
[21:2:33] broad >>>>>>>>>>>>>>>>>>>>>>>>>>>>>>> message 56 size 6
[21:2:33] 区域 0  总下注0
[21:2:33] 区域 1  总下注0
[21:2:33] 区域 2  总下注0
[21:2:33] 区域 3  总下注0
[21:2:33] 区域 4  总下注0
[21:2:33] 区域 5  总下注8000
[21:2:33] 玩家20235在区域 0  总下注0
[21:2:33] 玩家20235在区域 1  总下注0
[21:2:33] 玩家20235在区域 2  总下注0
[21:2:33] 玩家20235在区域 3  总下注0
[21:2:33] 玩家20235在区域 4  总下注0
[21:2:33] 玩家20235在区域 5  总下注8000
[21:2:33] 玩家20235 总下注8000
[21:2:33] send >>>>>>>>>>>>>>>>>>>>>>>>>>>>>>> 0 message 57 size 112
[21:2:33] send >>>>>>>>>>>>>>>>>>>>>>>>>>>>>>> 1 message 57 size 112
[21:2:33] card 0 c,8,   type 0   point 9
[21:2:33] card 1 9,7,   type 0   point 8
[21:2:33] card 2 5,f,   type 0   point 3
[21:2:33] card 3 0,0,   type 28   point 4
[21:2:33] broad >>>>>>>>>>>>>>>>>>>>>>>>>>>>>>> message 52 size 16
[21:2:48] 区域 0 结算 0
[21:2:48] 区域 1 结算 0
[21:2:48] 区域 2 结算 0
[21:2:48] 区域 3 结算 0
[21:2:48] 区域 4 结算 0
[21:2:48] 区域 5 结算 -8000
[21:2:48] 玩家0[20235]  结算 -8000
[21:2:48] 玩家1[20236]  结算 8000
[21:2:48] broad >>>>>>>>>>>>>>>>>>>>>>>>>>>>>>> message 58 size 86
[21:2:50] 玩家0[20235]  结算 -8000, 分数 -8000, 总分数 25000
[21:2:50] 玩家1[20236]  结算 8000, 分数 8000, 总分数 -25000
[21:2:50] ******************游戏结束********************************



[21:2:53] broad >>>>>>>>>>>>>>>>>>>>>>>>>>>>>>> message 72 size 4
[21:2:56] 0:20235 ready
[21:2:58] 1:20236 ready
[21:2:58] *****************游戏开始***************
[21:2:58] [0][20235]连庄局数 2,总局数4
[21:2:58] [1][20236]连庄局数 2,总局数4
[21:2:58] 游戏局数 4,总局数 4
[21:2:58] broad >>>>>>>>>>>>>>>>>>>>>>>>>>>>>>> message 71 size 8
[21:2:58] broad >>>>>>>>>>>>>>>>>>>>>>>>>>>>>>> message 51 size 0
[21:3:2] recv  55 <<<<<<<<<<<<<<<<<<<<<<<<<<<<<<< 0
[21:3:2] userbet 20235  在0 下了 1000,累计下注 1000
[21:3:2] broad >>>>>>>>>>>>>>>>>>>>>>>>>>>>>>> message 56 size 6
[21:3:2] 区域 0  总下注1000
[21:3:2] 区域 1  总下注0
[21:3:2] 区域 2  总下注0
[21:3:2] 区域 3  总下注0
[21:3:2] 区域 4  总下注0
[21:3:2] 区域 5  总下注0
[21:3:2] 玩家20235在区域 0  总下注1000
[21:3:2] 玩家20235在区域 1  总下注0
[21:3:2] 玩家20235在区域 2  总下注0
[21:3:2] 玩家20235在区域 3  总下注0
[21:3:2] 玩家20235在区域 4  总下注0
[21:3:2] 玩家20235在区域 5  总下注0
[21:3:2] 玩家20235 总下注1000
[21:3:2] send >>>>>>>>>>>>>>>>>>>>>>>>>>>>>>> 0 message 57 size 112
[21:3:2] send >>>>>>>>>>>>>>>>>>>>>>>>>>>>>>> 1 message 57 size 112
[21:3:2] recv  55 <<<<<<<<<<<<<<<<<<<<<<<<<<<<<<< 0
[21:3:2] userbet 20235  在0 下了 1000,累计下注 2000
[21:3:2] broad >>>>>>>>>>>>>>>>>>>>>>>>>>>>>>> message 56 size 6
[21:3:2] 区域 0  总下注2000
[21:3:2] 区域 1  总下注0
[21:3:2] 区域 2  总下注0
[21:3:2] 区域 3  总下注0
[21:3:2] 区域 4  总下注0
[21:3:2] 区域 5  总下注0
[21:3:2] 玩家20235在区域 0  总下注2000
[21:3:2] 玩家20235在区域 1  总下注0
[21:3:2] 玩家20235在区域 2  总下注0
[21:3:2] 玩家20235在区域 3  总下注0
[21:3:2] 玩家20235在区域 4  总下注0
[21:3:2] 玩家20235在区域 5  总下注0
[21:3:2] 玩家20235 总下注2000
[21:3:2] send >>>>>>>>>>>>>>>>>>>>>>>>>>>>>>> 0 message 57 size 112
[21:3:2] send >>>>>>>>>>>>>>>>>>>>>>>>>>>>>>> 1 message 57 size 112
[21:3:2] recv  55 <<<<<<<<<<<<<<<<<<<<<<<<<<<<<<< 0
[21:3:2] userbet 20235  在0 下了 1000,累计下注 3000
[21:3:2] broad >>>>>>>>>>>>>>>>>>>>>>>>>>>>>>> message 56 size 6
[21:3:2] 区域 0  总下注3000
[21:3:2] 区域 1  总下注0
[21:3:2] 区域 2  总下注0
[21:3:2] 区域 3  总下注0
[21:3:2] 区域 4  总下注0
[21:3:2] 区域 5  总下注0
[21:3:2] 玩家20235在区域 0  总下注3000
[21:3:2] 玩家20235在区域 1  总下注0
[21:3:2] 玩家20235在区域 2  总下注0
[21:3:2] 玩家20235在区域 3  总下注0
[21:3:2] 玩家20235在区域 4  总下注0
[21:3:2] 玩家20235在区域 5  总下注0
[21:3:2] 玩家20235 总下注3000
[21:3:2] send >>>>>>>>>>>>>>>>>>>>>>>>>>>>>>> 0 message 57 size 112
[21:3:2] send >>>>>>>>>>>>>>>>>>>>>>>>>>>>>>> 1 message 57 size 112
[21:3:2] recv  55 <<<<<<<<<<<<<<<<<<<<<<<<<<<<<<< 0
[21:3:2] userbet 20235  在0 下了 1000,累计下注 4000
[21:3:2] broad >>>>>>>>>>>>>>>>>>>>>>>>>>>>>>> message 56 size 6
[21:3:2] 区域 0  总下注4000
[21:3:2] 区域 1  总下注0
[21:3:2] 区域 2  总下注0
[21:3:2] 区域 3  总下注0
[21:3:2] 区域 4  总下注0
[21:3:2] 区域 5  总下注0
[21:3:2] 玩家20235在区域 0  总下注4000
[21:3:2] 玩家20235在区域 1  总下注0
[21:3:2] 玩家20235在区域 2  总下注0
[21:3:2] 玩家20235在区域 3  总下注0
[21:3:2] 玩家20235在区域 4  总下注0
[21:3:2] 玩家20235在区域 5  总下注0
[21:3:2] 玩家20235 总下注4000
[21:3:2] send >>>>>>>>>>>>>>>>>>>>>>>>>>>>>>> 0 message 57 size 112
[21:3:2] send >>>>>>>>>>>>>>>>>>>>>>>>>>>>>>> 1 message 57 size 112
[21:3:3] recv  55 <<<<<<<<<<<<<<<<<<<<<<<<<<<<<<< 0
[21:3:3] userbet 20235  在0 下了 1000,累计下注 5000
[21:3:3] broad >>>>>>>>>>>>>>>>>>>>>>>>>>>>>>> message 56 size 6
[21:3:3] 区域 0  总下注5000
[21:3:3] 区域 1  总下注0
[21:3:3] 区域 2  总下注0
[21:3:3] 区域 3  总下注0
[21:3:3] 区域 4  总下注0
[21:3:3] 区域 5  总下注0
[21:3:3] 玩家20235在区域 0  总下注5000
[21:3:3] 玩家20235在区域 1  总下注0
[21:3:3] 玩家20235在区域 2  总下注0
[21:3:3] 玩家20235在区域 3  总下注0
[21:3:3] 玩家20235在区域 4  总下注0
[21:3:3] 玩家20235在区域 5  总下注0
[21:3:3] 玩家20235 总下注5000
[21:3:3] send >>>>>>>>>>>>>>>>>>>>>>>>>>>>>>> 0 message 57 size 112
[21:3:3] send >>>>>>>>>>>>>>>>>>>>>>>>>>>>>>> 1 message 57 size 112
[21:3:3] recv  55 <<<<<<<<<<<<<<<<<<<<<<<<<<<<<<< 0
[21:3:3] userbet 20235  在0 下了 1000,累计下注 6000
[21:3:3] broad >>>>>>>>>>>>>>>>>>>>>>>>>>>>>>> message 56 size 6
[21:3:3] 区域 0  总下注6000
[21:3:3] 区域 1  总下注0
[21:3:3] 区域 2  总下注0
[21:3:3] 区域 3  总下注0
[21:3:3] 区域 4  总下注0
[21:3:3] 区域 5  总下注0
[21:3:3] 玩家20235在区域 0  总下注6000
[21:3:3] 玩家20235在区域 1  总下注0
[21:3:3] 玩家20235在区域 2  总下注0
[21:3:3] 玩家20235在区域 3  总下注0
[21:3:3] 玩家20235在区域 4  总下注0
[21:3:3] 玩家20235在区域 5  总下注0
[21:3:3] 玩家20235 总下注6000
[21:3:3] send >>>>>>>>>>>>>>>>>>>>>>>>>>>>>>> 0 message 57 size 112
[21:3:3] send >>>>>>>>>>>>>>>>>>>>>>>>>>>>>>> 1 message 57 size 112
[21:3:3] recv  55 <<<<<<<<<<<<<<<<<<<<<<<<<<<<<<< 0
[21:3:3] userbet 20235  在0 下了 1000,累计下注 7000
[21:3:3] broad >>>>>>>>>>>>>>>>>>>>>>>>>>>>>>> message 56 size 6
[21:3:3] 区域 0  总下注7000
[21:3:3] 区域 1  总下注0
[21:3:3] 区域 2  总下注0
[21:3:3] 区域 3  总下注0
[21:3:3] 区域 4  总下注0
[21:3:3] 区域 5  总下注0
[21:3:3] 玩家20235在区域 0  总下注7000
[21:3:3] 玩家20235在区域 1  总下注0
[21:3:3] 玩家20235在区域 2  总下注0
[21:3:3] 玩家20235在区域 3  总下注0
[21:3:3] 玩家20235在区域 4  总下注0
[21:3:3] 玩家20235在区域 5  总下注0
[21:3:3] 玩家20235 总下注7000
[21:3:3] send >>>>>>>>>>>>>>>>>>>>>>>>>>>>>>> 0 message 57 size 112
[21:3:3] send >>>>>>>>>>>>>>>>>>>>>>>>>>>>>>> 1 message 57 size 112
[21:3:3] recv  55 <<<<<<<<<<<<<<<<<<<<<<<<<<<<<<< 0
[21:3:3] userbet 20235  在0 下了 1000,累计下注 8000
[21:3:3] broad >>>>>>>>>>>>>>>>>>>>>>>>>>>>>>> message 56 size 6
[21:3:3] 区域 0  总下注8000
[21:3:3] 区域 1  总下注0
[21:3:3] 区域 2  总下注0
[21:3:3] 区域 3  总下注0
[21:3:3] 区域 4  总下注0
[21:3:3] 区域 5  总下注0
[21:3:3] 玩家20235在区域 0  总下注8000
[21:3:3] 玩家20235在区域 1  总下注0
[21:3:3] 玩家20235在区域 2  总下注0
[21:3:3] 玩家20235在区域 3  总下注0
[21:3:3] 玩家20235在区域 4  总下注0
[21:3:3] 玩家20235在区域 5  总下注0
[21:3:3] 玩家20235 总下注8000
[21:3:3] send >>>>>>>>>>>>>>>>>>>>>>>>>>>>>>> 0 message 57 size 112
[21:3:3] send >>>>>>>>>>>>>>>>>>>>>>>>>>>>>>> 1 message 57 size 112
[21:3:3] recv  55 <<<<<<<<<<<<<<<<<<<<<<<<<<<<<<< 0
[21:3:3] userbet 20235  在0 下了 1000,累计下注 9000
[21:3:3] broad >>>>>>>>>>>>>>>>>>>>>>>>>>>>>>> message 56 size 6
[21:3:3] 区域 0  总下注9000
[21:3:3] 区域 1  总下注0
[21:3:3] 区域 2  总下注0
[21:3:3] 区域 3  总下注0
[21:3:3] 区域 4  总下注0
[21:3:3] 区域 5  总下注0
[21:3:3] 玩家20235在区域 0  总下注9000
[21:3:3] 玩家20235在区域 1  总下注0
[21:3:3] 玩家20235在区域 2  总下注0
[21:3:3] 玩家20235在区域 3  总下注0
[21:3:3] 玩家20235在区域 4  总下注0
[21:3:3] 玩家20235在区域 5  总下注0
[21:3:3] 玩家20235 总下注9000
[21:3:3] send >>>>>>>>>>>>>>>>>>>>>>>>>>>>>>> 0 message 57 size 112
[21:3:3] send >>>>>>>>>>>>>>>>>>>>>>>>>>>>>>> 1 message 57 size 112
[21:3:4] recv  55 <<<<<<<<<<<<<<<<<<<<<<<<<<<<<<< 0
[21:3:4] userbet 20235  在0 下了 1000,累计下注 10000
[21:3:4] broad >>>>>>>>>>>>>>>>>>>>>>>>>>>>>>> message 56 size 6
[21:3:4] 区域 0  总下注10000
[21:3:4] 区域 1  总下注0
[21:3:4] 区域 2  总下注0
[21:3:4] 区域 3  总下注0
[21:3:4] 区域 4  总下注0
[21:3:4] 区域 5  总下注0
[21:3:4] 玩家20235在区域 0  总下注10000
[21:3:4] 玩家20235在区域 1  总下注0
[21:3:4] 玩家20235在区域 2  总下注0
[21:3:4] 玩家20235在区域 3  总下注0
[21:3:4] 玩家20235在区域 4  总下注0
[21:3:4] 玩家20235在区域 5  总下注0
[21:3:4] 玩家20235 总下注10000
[21:3:4] send >>>>>>>>>>>>>>>>>>>>>>>>>>>>>>> 0 message 57 size 112
[21:3:4] send >>>>>>>>>>>>>>>>>>>>>>>>>>>>>>> 1 message 57 size 112
[21:3:4] recv  55 <<<<<<<<<<<<<<<<<<<<<<<<<<<<<<< 0
[21:3:4] userbet 20235  在0 下了 1000,累计下注 11000
[21:3:4] broad >>>>>>>>>>>>>>>>>>>>>>>>>>>>>>> message 56 size 6
[21:3:4] 区域 0  总下注11000
[21:3:4] 区域 1  总下注0
[21:3:4] 区域 2  总下注0
[21:3:4] 区域 3  总下注0
[21:3:4] 区域 4  总下注0
[21:3:4] 区域 5  总下注0
[21:3:4] 玩家20235在区域 0  总下注11000
[21:3:4] 玩家20235在区域 1  总下注0
[21:3:4] 玩家20235在区域 2  总下注0
[21:3:4] 玩家20235在区域 3  总下注0
[21:3:4] 玩家20235在区域 4  总下注0
[21:3:4] 玩家20235在区域 5  总下注0
[21:3:4] 玩家20235 总下注11000
[21:3:4] send >>>>>>>>>>>>>>>>>>>>>>>>>>>>>>> 0 message 57 size 112
[21:3:4] send >>>>>>>>>>>>>>>>>>>>>>>>>>>>>>> 1 message 57 size 112
[21:3:4] recv  55 <<<<<<<<<<<<<<<<<<<<<<<<<<<<<<< 0
[21:3:4] userbet 20235  在0 下了 1000,累计下注 12000
[21:3:4] broad >>>>>>>>>>>>>>>>>>>>>>>>>>>>>>> message 56 size 6
[21:3:4] 区域 0  总下注12000
[21:3:4] 区域 1  总下注0
[21:3:4] 区域 2  总下注0
[21:3:4] 区域 3  总下注0
[21:3:4] 区域 4  总下注0
[21:3:4] 区域 5  总下注0
[21:3:4] 玩家20235在区域 0  总下注12000
[21:3:4] 玩家20235在区域 1  总下注0
[21:3:4] 玩家20235在区域 2  总下注0
[21:3:4] 玩家20235在区域 3  总下注0
[21:3:4] 玩家20235在区域 4  总下注0
[21:3:4] 玩家20235在区域 5  总下注0
[21:3:4] 玩家20235 总下注12000
[21:3:4] send >>>>>>>>>>>>>>>>>>>>>>>>>>>>>>> 0 message 57 size 112
[21:3:4] send >>>>>>>>>>>>>>>>>>>>>>>>>>>>>>> 1 message 57 size 112
[21:3:4] recv  55 <<<<<<<<<<<<<<<<<<<<<<<<<<<<<<< 0
[21:3:4] userbet 20235  在0 下了 1000,累计下注 13000
[21:3:4] broad >>>>>>>>>>>>>>>>>>>>>>>>>>>>>>> message 56 size 6
[21:3:4] 区域 0  总下注13000
[21:3:4] 区域 1  总下注0
[21:3:4] 区域 2  总下注0
[21:3:4] 区域 3  总下注0
[21:3:4] 区域 4  总下注0
[21:3:4] 区域 5  总下注0
[21:3:4] 玩家20235在区域 0  总下注13000
[21:3:4] 玩家20235在区域 1  总下注0
[21:3:4] 玩家20235在区域 2  总下注0
[21:3:4] 玩家20235在区域 3  总下注0
[21:3:4] 玩家20235在区域 4  总下注0
[21:3:4] 玩家20235在区域 5  总下注0
[21:3:4] 玩家20235 总下注13000
[21:3:4] send >>>>>>>>>>>>>>>>>>>>>>>>>>>>>>> 0 message 57 size 112
[21:3:4] send >>>>>>>>>>>>>>>>>>>>>>>>>>>>>>> 1 message 57 size 112
[21:3:4] recv  55 <<<<<<<<<<<<<<<<<<<<<<<<<<<<<<< 0
[21:3:4] userbet 20235  在1 下了 1000,累计下注 14000
[21:3:4] broad >>>>>>>>>>>>>>>>>>>>>>>>>>>>>>> message 56 size 6
[21:3:4] 区域 0  总下注13000
[21:3:4] 区域 1  总下注1000
[21:3:4] 区域 2  总下注0
[21:3:4] 区域 3  总下注0
[21:3:4] 区域 4  总下注0
[21:3:4] 区域 5  总下注0
[21:3:4] 玩家20235在区域 0  总下注13000
[21:3:4] 玩家20235在区域 1  总下注1000
[21:3:4] 玩家20235在区域 2  总下注0
[21:3:4] 玩家20235在区域 3  总下注0
[21:3:4] 玩家20235在区域 4  总下注0
[21:3:4] 玩家20235在区域 5  总下注0
[21:3:4] 玩家20235 总下注14000
[21:3:4] send >>>>>>>>>>>>>>>>>>>>>>>>>>>>>>> 0 message 57 size 112
[21:3:4] send >>>>>>>>>>>>>>>>>>>>>>>>>>>>>>> 1 message 57 size 112
[21:3:4] recv  55 <<<<<<<<<<<<<<<<<<<<<<<<<<<<<<< 0
[21:3:4] userbet 20235  在1 下了 1000,累计下注 15000
[21:3:4] broad >>>>>>>>>>>>>>>>>>>>>>>>>>>>>>> message 56 size 6
[21:3:4] 区域 0  总下注13000
[21:3:4] 区域 1  总下注2000
[21:3:4] 区域 2  总下注0
[21:3:4] 区域 3  总下注0
[21:3:4] 区域 4  总下注0
[21:3:4] 区域 5  总下注0
[21:3:4] 玩家20235在区域 0  总下注13000
[21:3:4] 玩家20235在区域 1  总下注2000
[21:3:4] 玩家20235在区域 2  总下注0
[21:3:4] 玩家20235在区域 3  总下注0
[21:3:4] 玩家20235在区域 4  总下注0
[21:3:4] 玩家20235在区域 5  总下注0
[21:3:4] 玩家20235 总下注15000
[21:3:4] send >>>>>>>>>>>>>>>>>>>>>>>>>>>>>>> 0 message 57 size 112
[21:3:4] send >>>>>>>>>>>>>>>>>>>>>>>>>>>>>>> 1 message 57 size 112
[21:3:5] recv  55 <<<<<<<<<<<<<<<<<<<<<<<<<<<<<<< 0
[21:3:5] userbet 20235  在1 下了 1000,累计下注 16000
[21:3:5] broad >>>>>>>>>>>>>>>>>>>>>>>>>>>>>>> message 56 size 6
[21:3:5] 区域 0  总下注13000
[21:3:5] 区域 1  总下注3000
[21:3:5] 区域 2  总下注0
[21:3:5] 区域 3  总下注0
[21:3:5] 区域 4  总下注0
[21:3:5] 区域 5  总下注0
[21:3:5] 玩家20235在区域 0  总下注13000
[21:3:5] 玩家20235在区域 1  总下注3000
[21:3:5] 玩家20235在区域 2  总下注0
[21:3:5] 玩家20235在区域 3  总下注0
[21:3:5] 玩家20235在区域 4  总下注0
[21:3:5] 玩家20235在区域 5  总下注0
[21:3:5] 玩家20235 总下注16000
[21:3:5] send >>>>>>>>>>>>>>>>>>>>>>>>>>>>>>> 0 message 57 size 112
[21:3:5] send >>>>>>>>>>>>>>>>>>>>>>>>>>>>>>> 1 message 57 size 112
[21:3:5] recv  55 <<<<<<<<<<<<<<<<<<<<<<<<<<<<<<< 0
[21:3:5] userbet 20235  在1 下了 1000,累计下注 17000
[21:3:5] broad >>>>>>>>>>>>>>>>>>>>>>>>>>>>>>> message 56 size 6
[21:3:5] 区域 0  总下注13000
[21:3:5] 区域 1  总下注4000
[21:3:5] 区域 2  总下注0
[21:3:5] 区域 3  总下注0
[21:3:5] 区域 4  总下注0
[21:3:5] 区域 5  总下注0
[21:3:5] 玩家20235在区域 0  总下注13000
[21:3:5] 玩家20235在区域 1  总下注4000
[21:3:5] 玩家20235在区域 2  总下注0
[21:3:5] 玩家20235在区域 3  总下注0
[21:3:5] 玩家20235在区域 4  总下注0
[21:3:5] 玩家20235在区域 5  总下注0
[21:3:5] 玩家20235 总下注17000
[21:3:5] send >>>>>>>>>>>>>>>>>>>>>>>>>>>>>>> 0 message 57 size 112
[21:3:5] send >>>>>>>>>>>>>>>>>>>>>>>>>>>>>>> 1 message 57 size 112
[21:3:5] recv  55 <<<<<<<<<<<<<<<<<<<<<<<<<<<<<<< 0
[21:3:5] userbet 20235  在1 下了 1000,累计下注 18000
[21:3:5] broad >>>>>>>>>>>>>>>>>>>>>>>>>>>>>>> message 56 size 6
[21:3:5] 区域 0  总下注13000
[21:3:5] 区域 1  总下注5000
[21:3:5] 区域 2  总下注0
[21:3:5] 区域 3  总下注0
[21:3:5] 区域 4  总下注0
[21:3:5] 区域 5  总下注0
[21:3:5] 玩家20235在区域 0  总下注13000
[21:3:5] 玩家20235在区域 1  总下注5000
[21:3:5] 玩家20235在区域 2  总下注0
[21:3:5] 玩家20235在区域 3  总下注0
[21:3:5] 玩家20235在区域 4  总下注0
[21:3:5] 玩家20235在区域 5  总下注0
[21:3:5] 玩家20235 总下注18000
[21:3:5] send >>>>>>>>>>>>>>>>>>>>>>>>>>>>>>> 0 message 57 size 112
[21:3:5] send >>>>>>>>>>>>>>>>>>>>>>>>>>>>>>> 1 message 57 size 112
[21:3:5] recv  55 <<<<<<<<<<<<<<<<<<<<<<<<<<<<<<< 0
[21:3:5] userbet 20235  在1 下了 1000,累计下注 19000
[21:3:5] broad >>>>>>>>>>>>>>>>>>>>>>>>>>>>>>> message 56 size 6
[21:3:5] 区域 0  总下注13000
[21:3:5] 区域 1  总下注6000
[21:3:5] 区域 2  总下注0
[21:3:5] 区域 3  总下注0
[21:3:5] 区域 4  总下注0
[21:3:5] 区域 5  总下注0
[21:3:5] 玩家20235在区域 0  总下注13000
[21:3:5] 玩家20235在区域 1  总下注6000
[21:3:5] 玩家20235在区域 2  总下注0
[21:3:5] 玩家20235在区域 3  总下注0
[21:3:5] 玩家20235在区域 4  总下注0
[21:3:5] 玩家20235在区域 5  总下注0
[21:3:5] 玩家20235 总下注19000
[21:3:5] send >>>>>>>>>>>>>>>>>>>>>>>>>>>>>>> 0 message 57 size 112
[21:3:5] send >>>>>>>>>>>>>>>>>>>>>>>>>>>>>>> 1 message 57 size 112
[21:3:5] recv  55 <<<<<<<<<<<<<<<<<<<<<<<<<<<<<<< 0
[21:3:5] userbet 20235  在2 下了 1000,累计下注 20000
[21:3:5] broad >>>>>>>>>>>>>>>>>>>>>>>>>>>>>>> message 56 size 6
[21:3:5] 区域 0  总下注13000
[21:3:5] 区域 1  总下注6000
[21:3:5] 区域 2  总下注1000
[21:3:5] 区域 3  总下注0
[21:3:5] 区域 4  总下注0
[21:3:5] 区域 5  总下注0
[21:3:5] 玩家20235在区域 0  总下注13000
[21:3:5] 玩家20235在区域 1  总下注6000
[21:3:5] 玩家20235在区域 2  总下注1000
[21:3:5] 玩家20235在区域 3  总下注0
[21:3:5] 玩家20235在区域 4  总下注0
[21:3:5] 玩家20235在区域 5  总下注0
[21:3:5] 玩家20235 总下注20000
[21:3:5] send >>>>>>>>>>>>>>>>>>>>>>>>>>>>>>> 0 message 57 size 112
[21:3:5] send >>>>>>>>>>>>>>>>>>>>>>>>>>>>>>> 1 message 57 size 112
[21:3:6] recv  55 <<<<<<<<<<<<<<<<<<<<<<<<<<<<<<< 0
[21:3:6] userbet 20235  在2 下了 1000,累计下注 21000
[21:3:6] broad >>>>>>>>>>>>>>>>>>>>>>>>>>>>>>> message 56 size 6
[21:3:6] 区域 0  总下注13000
[21:3:6] 区域 1  总下注6000
[21:3:6] 区域 2  总下注2000
[21:3:6] 区域 3  总下注0
[21:3:6] 区域 4  总下注0
[21:3:6] 区域 5  总下注0
[21:3:6] 玩家20235在区域 0  总下注13000
[21:3:6] 玩家20235在区域 1  总下注6000
[21:3:6] 玩家20235在区域 2  总下注2000
[21:3:6] 玩家20235在区域 3  总下注0
[21:3:6] 玩家20235在区域 4  总下注0
[21:3:6] 玩家20235在区域 5  总下注0
[21:3:6] 玩家20235 总下注21000
[21:3:6] send >>>>>>>>>>>>>>>>>>>>>>>>>>>>>>> 0 message 57 size 112
[21:3:6] send >>>>>>>>>>>>>>>>>>>>>>>>>>>>>>> 1 message 57 size 112
[21:3:6] recv  55 <<<<<<<<<<<<<<<<<<<<<<<<<<<<<<< 0
[21:3:6] userbet 20235  在3 下了 1000,累计下注 22000
[21:3:6] broad >>>>>>>>>>>>>>>>>>>>>>>>>>>>>>> message 56 size 6
[21:3:6] 区域 0  总下注13000
[21:3:6] 区域 1  总下注6000
[21:3:6] 区域 2  总下注2000
[21:3:6] 区域 3  总下注1000
[21:3:6] 区域 4  总下注0
[21:3:6] 区域 5  总下注0
[21:3:6] 玩家20235在区域 0  总下注13000
[21:3:6] 玩家20235在区域 1  总下注6000
[21:3:6] 玩家20235在区域 2  总下注2000
[21:3:6] 玩家20235在区域 3  总下注1000
[21:3:6] 玩家20235在区域 4  总下注0
[21:3:6] 玩家20235在区域 5  总下注0
[21:3:6] 玩家20235 总下注22000
[21:3:6] send >>>>>>>>>>>>>>>>>>>>>>>>>>>>>>> 0 message 57 size 112
[21:3:6] send >>>>>>>>>>>>>>>>>>>>>>>>>>>>>>> 1 message 57 size 112
[21:3:6] recv  55 <<<<<<<<<<<<<<<<<<<<<<<<<<<<<<< 0
[21:3:6] userbet 20235  在5 下了 1000,累计下注 23000
[21:3:6] broad >>>>>>>>>>>>>>>>>>>>>>>>>>>>>>> message 56 size 6
[21:3:6] 区域 0  总下注13000
[21:3:6] 区域 1  总下注6000
[21:3:6] 区域 2  总下注2000
[21:3:6] 区域 3  总下注1000
[21:3:6] 区域 4  总下注0
[21:3:6] 区域 5  总下注1000
[21:3:6] 玩家20235在区域 0  总下注13000
[21:3:6] 玩家20235在区域 1  总下注6000
[21:3:6] 玩家20235在区域 2  总下注2000
[21:3:6] 玩家20235在区域 3  总下注1000
[21:3:6] 玩家20235在区域 4  总下注0
[21:3:6] 玩家20235在区域 5  总下注1000
[21:3:6] 玩家20235 总下注23000
[21:3:6] send >>>>>>>>>>>>>>>>>>>>>>>>>>>>>>> 0 message 57 size 112
[21:3:6] send >>>>>>>>>>>>>>>>>>>>>>>>>>>>>>> 1 message 57 size 112
[21:3:6] recv  55 <<<<<<<<<<<<<<<<<<<<<<<<<<<<<<< 0
[21:3:6] userbet 20235  在3 下了 1000,累计下注 24000
[21:3:6] broad >>>>>>>>>>>>>>>>>>>>>>>>>>>>>>> message 56 size 6
[21:3:6] 区域 0  总下注13000
[21:3:6] 区域 1  总下注6000
[21:3:6] 区域 2  总下注2000
[21:3:6] 区域 3  总下注2000
[21:3:6] 区域 4  总下注0
[21:3:6] 区域 5  总下注1000
[21:3:6] 玩家20235在区域 0  总下注13000
[21:3:6] 玩家20235在区域 1  总下注6000
[21:3:6] 玩家20235在区域 2  总下注2000
[21:3:6] 玩家20235在区域 3  总下注2000
[21:3:6] 玩家20235在区域 4  总下注0
[21:3:6] 玩家20235在区域 5  总下注1000
[21:3:6] 玩家20235 总下注24000
[21:3:6] send >>>>>>>>>>>>>>>>>>>>>>>>>>>>>>> 0 message 57 size 112
[21:3:6] send >>>>>>>>>>>>>>>>>>>>>>>>>>>>>>> 1 message 57 size 112
[21:3:6] recv  55 <<<<<<<<<<<<<<<<<<<<<<<<<<<<<<< 0
[21:3:6] userbet 20235  在4 下了 1000,累计下注 25000
[21:3:6] broad >>>>>>>>>>>>>>>>>>>>>>>>>>>>>>> message 56 size 6
[21:3:6] 区域 0  总下注13000
[21:3:6] 区域 1  总下注6000
[21:3:6] 区域 2  总下注2000
[21:3:6] 区域 3  总下注2000
[21:3:6] 区域 4  总下注1000
[21:3:6] 区域 5  总下注1000
[21:3:6] 玩家20235在区域 0  总下注13000
[21:3:6] 玩家20235在区域 1  总下注6000
[21:3:6] 玩家20235在区域 2  总下注2000
[21:3:6] 玩家20235在区域 3  总下注2000
[21:3:6] 玩家20235在区域 4  总下注1000
[21:3:6] 玩家20235在区域 5  总下注1000
[21:3:6] 玩家20235 总下注25000
[21:3:6] send >>>>>>>>>>>>>>>>>>>>>>>>>>>>>>> 0 message 57 size 112
[21:3:6] send >>>>>>>>>>>>>>>>>>>>>>>>>>>>>>> 1 message 57 size 112
[21:3:6] recv  55 <<<<<<<<<<<<<<<<<<<<<<<<<<<<<<< 0
[21:3:6] userbet 20235  在3 下了 1000,累计下注 26000
[21:3:6] broad >>>>>>>>>>>>>>>>>>>>>>>>>>>>>>> message 56 size 6
[21:3:6] 区域 0  总下注13000
[21:3:6] 区域 1  总下注6000
[21:3:6] 区域 2  总下注2000
[21:3:6] 区域 3  总下注3000
[21:3:6] 区域 4  总下注1000
[21:3:6] 区域 5  总下注1000
[21:3:6] 玩家20235在区域 0  总下注13000
[21:3:6] 玩家20235在区域 1  总下注6000
[21:3:6] 玩家20235在区域 2  总下注2000
[21:3:6] 玩家20235在区域 3  总下注3000
[21:3:6] 玩家20235在区域 4  总下注1000
[21:3:6] 玩家20235在区域 5  总下注1000
[21:3:6] 玩家20235 总下注26000
[21:3:6] send >>>>>>>>>>>>>>>>>>>>>>>>>>>>>>> 0 message 57 size 112
[21:3:6] send >>>>>>>>>>>>>>>>>>>>>>>>>>>>>>> 1 message 57 size 112
[21:3:7] recv  55 <<<<<<<<<<<<<<<<<<<<<<<<<<<<<<< 0
[21:3:7] userbet 20235  在5 下了 1000,累计下注 27000
[21:3:7] broad >>>>>>>>>>>>>>>>>>>>>>>>>>>>>>> message 56 size 6
[21:3:7] 区域 0  总下注13000
[21:3:7] 区域 1  总下注6000
[21:3:7] 区域 2  总下注2000
[21:3:7] 区域 3  总下注3000
[21:3:7] 区域 4  总下注1000
[21:3:7] 区域 5  总下注2000
[21:3:7] 玩家20235在区域 0  总下注13000
[21:3:7] 玩家20235在区域 1  总下注6000
[21:3:7] 玩家20235在区域 2  总下注2000
[21:3:7] 玩家20235在区域 3  总下注3000
[21:3:7] 玩家20235在区域 4  总下注1000
[21:3:7] 玩家20235在区域 5  总下注2000
[21:3:7] 玩家20235 总下注27000
[21:3:7] send >>>>>>>>>>>>>>>>>>>>>>>>>>>>>>> 0 message 57 size 112
[21:3:7] send >>>>>>>>>>>>>>>>>>>>>>>>>>>>>>> 1 message 57 size 112
[21:3:7] recv  55 <<<<<<<<<<<<<<<<<<<<<<<<<<<<<<< 0
[21:3:7] userbet 20235  在3 下了 1000,累计下注 28000
[21:3:7] broad >>>>>>>>>>>>>>>>>>>>>>>>>>>>>>> message 56 size 6
[21:3:7] 区域 0  总下注13000
[21:3:7] 区域 1  总下注6000
[21:3:7] 区域 2  总下注2000
[21:3:7] 区域 3  总下注4000
[21:3:7] 区域 4  总下注1000
[21:3:7] 区域 5  总下注2000
[21:3:7] 玩家20235在区域 0  总下注13000
[21:3:7] 玩家20235在区域 1  总下注6000
[21:3:7] 玩家20235在区域 2  总下注2000
[21:3:7] 玩家20235在区域 3  总下注4000
[21:3:7] 玩家20235在区域 4  总下注1000
[21:3:7] 玩家20235在区域 5  总下注2000
[21:3:7] 玩家20235 总下注28000
[21:3:7] send >>>>>>>>>>>>>>>>>>>>>>>>>>>>>>> 0 message 57 size 112
[21:3:7] send >>>>>>>>>>>>>>>>>>>>>>>>>>>>>>> 1 message 57 size 112
[21:3:7] recv  55 <<<<<<<<<<<<<<<<<<<<<<<<<<<<<<< 0
[21:3:7] userbet 20235  在4 下了 1000,累计下注 29000
[21:3:7] broad >>>>>>>>>>>>>>>>>>>>>>>>>>>>>>> message 56 size 6
[21:3:7] 区域 0  总下注13000
[21:3:7] 区域 1  总下注6000
[21:3:7] 区域 2  总下注2000
[21:3:7] 区域 3  总下注4000
[21:3:7] 区域 4  总下注2000
[21:3:7] 区域 5  总下注2000
[21:3:7] 玩家20235在区域 0  总下注13000
[21:3:7] 玩家20235在区域 1  总下注6000
[21:3:7] 玩家20235在区域 2  总下注2000
[21:3:7] 玩家20235在区域 3  总下注4000
[21:3:7] 玩家20235在区域 4  总下注2000
[21:3:7] 玩家20235在区域 5  总下注2000
[21:3:7] 玩家20235 总下注29000
[21:3:7] send >>>>>>>>>>>>>>>>>>>>>>>>>>>>>>> 0 message 57 size 112
[21:3:7] send >>>>>>>>>>>>>>>>>>>>>>>>>>>>>>> 1 message 57 size 112
[21:3:7] recv  55 <<<<<<<<<<<<<<<<<<<<<<<<<<<<<<< 0
[21:3:7] userbet 20235  在5 下了 1000,累计下注 30000
[21:3:7] broad >>>>>>>>>>>>>>>>>>>>>>>>>>>>>>> message 56 size 6
[21:3:7] 区域 0  总下注13000
[21:3:7] 区域 1  总下注6000
[21:3:7] 区域 2  总下注2000
[21:3:7] 区域 3  总下注4000
[21:3:7] 区域 4  总下注2000
[21:3:7] 区域 5  总下注3000
[21:3:7] 玩家20235在区域 0  总下注13000
[21:3:7] 玩家20235在区域 1  总下注6000
[21:3:7] 玩家20235在区域 2  总下注2000
[21:3:7] 玩家20235在区域 3  总下注4000
[21:3:7] 玩家20235在区域 4  总下注2000
[21:3:7] 玩家20235在区域 5  总下注3000
[21:3:7] 玩家20235 总下注30000
[21:3:7] send >>>>>>>>>>>>>>>>>>>>>>>>>>>>>>> 0 message 57 size 112
[21:3:7] send >>>>>>>>>>>>>>>>>>>>>>>>>>>>>>> 1 message 57 size 112
[21:3:7] recv  55 <<<<<<<<<<<<<<<<<<<<<<<<<<<<<<< 0
[21:3:7] userbet 20235  在3 下了 1000,累计下注 31000
[21:3:7] broad >>>>>>>>>>>>>>>>>>>>>>>>>>>>>>> message 56 size 6
[21:3:7] 区域 0  总下注13000
[21:3:7] 区域 1  总下注6000
[21:3:7] 区域 2  总下注2000
[21:3:7] 区域 3  总下注5000
[21:3:7] 区域 4  总下注2000
[21:3:7] 区域 5  总下注3000
[21:3:7] 玩家20235在区域 0  总下注13000
[21:3:7] 玩家20235在区域 1  总下注6000
[21:3:7] 玩家20235在区域 2  总下注2000
[21:3:7] 玩家20235在区域 3  总下注5000
[21:3:7] 玩家20235在区域 4  总下注2000
[21:3:7] 玩家20235在区域 5  总下注3000
[21:3:7] 玩家20235 总下注31000
[21:3:7] send >>>>>>>>>>>>>>>>>>>>>>>>>>>>>>> 0 message 57 size 112
[21:3:7] send >>>>>>>>>>>>>>>>>>>>>>>>>>>>>>> 1 message 57 size 112
[21:3:8] recv  55 <<<<<<<<<<<<<<<<<<<<<<<<<<<<<<< 0
[21:3:8] userbet 20235  在4 下了 1000,累计下注 32000
[21:3:8] broad >>>>>>>>>>>>>>>>>>>>>>>>>>>>>>> message 56 size 6
[21:3:8] 区域 0  总下注13000
[21:3:8] 区域 1  总下注6000
[21:3:8] 区域 2  总下注2000
[21:3:8] 区域 3  总下注5000
[21:3:8] 区域 4  总下注3000
[21:3:8] 区域 5  总下注3000
[21:3:8] 玩家20235在区域 0  总下注13000
[21:3:8] 玩家20235在区域 1  总下注6000
[21:3:8] 玩家20235在区域 2  总下注2000
[21:3:8] 玩家20235在区域 3  总下注5000
[21:3:8] 玩家20235在区域 4  总下注3000
[21:3:8] 玩家20235在区域 5  总下注3000
[21:3:8] 玩家20235 总下注32000
[21:3:8] send >>>>>>>>>>>>>>>>>>>>>>>>>>>>>>> 0 message 57 size 112
[21:3:8] send >>>>>>>>>>>>>>>>>>>>>>>>>>>>>>> 1 message 57 size 112
[21:3:8] recv  55 <<<<<<<<<<<<<<<<<<<<<<<<<<<<<<< 0
[21:3:8] userbet 20235  在3 下了 1000,累计下注 33000
[21:3:8] broad >>>>>>>>>>>>>>>>>>>>>>>>>>>>>>> message 56 size 6
[21:3:8] 区域 0  总下注13000
[21:3:8] 区域 1  总下注6000
[21:3:8] 区域 2  总下注2000
[21:3:8] 区域 3  总下注6000
[21:3:8] 区域 4  总下注3000
[21:3:8] 区域 5  总下注3000
[21:3:8] 玩家20235在区域 0  总下注13000
[21:3:8] 玩家20235在区域 1  总下注6000
[21:3:8] 玩家20235在区域 2  总下注2000
[21:3:8] 玩家20235在区域 3  总下注6000
[21:3:8] 玩家20235在区域 4  总下注3000
[21:3:8] 玩家20235在区域 5  总下注3000
[21:3:8] 玩家20235 总下注33000
[21:3:8] send >>>>>>>>>>>>>>>>>>>>>>>>>>>>>>> 0 message 57 size 112
[21:3:8] send >>>>>>>>>>>>>>>>>>>>>>>>>>>>>>> 1 message 57 size 112
[21:3:8] card 0 3,d,   type 0   point 2
[21:3:8] card 1 0,4,   type 0   point 2
[21:3:8] card 2 13,7,   type 0   point 6
[21:3:8] card 3 7,f,   type 0   point 8
[21:3:8] broad >>>>>>>>>>>>>>>>>>>>>>>>>>>>>>> message 52 size 16
[21:3:23] 区域 0 结算 -13000
[21:3:23] 区域 1 结算 -6000
[21:3:23] 区域 2 结算 -2000
[21:3:23] 区域 3 结算 -6000
[21:3:23] 区域 4 结算 -3000
[21:3:23] 区域 5 结算 -3000
[21:3:23] 玩家0[20235]  结算 -33000
[21:3:23] 玩家1[20236]  结算 33000
[21:3:23] broad >>>>>>>>>>>>>>>>>>>>>>>>>>>>>>> message 58 size 86
[21:3:25] 玩家0[20235]  结算 -33000, 分数 -33000, 总分数 -8000
[21:3:25] 玩家1[20236]  结算 33000, 分数 33000, 总分数 8000
[21:3:25] ******************游戏结束********************************



[21:3:33] *************************小结算***********************
[21:3:33] [Phone20236,20236] [庄] 输赢金币 41000 ,排名 0
[21:3:33] [Phone20235,20235] [闲] 输赢金币 -41000 ,排名 1
[21:3:33] broad >>>>>>>>>>>>>>>>>>>>>>>>>>>>>>> message 73 size 44
[21:3:33] user[20235] 坐庄次数 2,每个人当庄次数2 
[21:3:33] user[20236] 坐庄次数 2,每个人当庄次数2 
[21:3:33] *************************大结算***********************
[21:3:33] [Phone20235,20235]  输赢金币 -8000 ,总分数 -8000，胜局 2 ,最大胜局 2,大赢家 0
[21:3:33] [Phone20236,20236]  输赢金币 8000 ,总分数 8000，胜局 2 ,最大胜局 2,大赢家 1
[21:3:33] broad >>>>>>>>>>>>>>>>>>>>>>>>>>>>>>> message 70 size 68
