[0:3:29] 1:11388 sit
[0:3:30] 1:11388 onGetState
[0:3:30] send >>>>>>>>>>>>>>>>>>>>>>>>>>>>>>> 1 message 72 size 4
[0:3:30] 游戏局数 0,总局数 4
[0:3:30] broad >>>>>>>>>>>>>>>>>>>>>>>>>>>>>>> message 71 size 8
[0:3:34] 1:11388 ready
[0:3:34] *****************游戏开始***************
[0:3:34] [0][14421]连庄局数 1,总局数1
[0:3:34] [1][11388]连庄局数 0,总局数1
[0:3:34] 通知 庄家 0 坐庄次数 1
[0:3:34] broad >>>>>>>>>>>>>>>>>>>>>>>>>>>>>>> message 69 size 1
[0:3:34] 游戏局数 1,总局数 4
[0:3:34] broad >>>>>>>>>>>>>>>>>>>>>>>>>>>>>>> message 71 size 8
[0:3:34] broad >>>>>>>>>>>>>>>>>>>>>>>>>>>>>>> message 51 size 0
[0:3:42] recv  55 <<<<<<<<<<<<<<<<<<<<<<<<<<<<<<< 1
[0:3:42] userbet 11388  在1 下了 100,累计下注 100
[0:3:42] broad >>>>>>>>>>>>>>>>>>>>>>>>>>>>>>> message 56 size 6
[0:3:42] 区域 0  总下注0
[0:3:42] 区域 1  总下注100
[0:3:42] 区域 2  总下注0
[0:3:42] 区域 3  总下注0
[0:3:42] 区域 4  总下注0
[0:3:42] 区域 5  总下注0
[0:3:42] send >>>>>>>>>>>>>>>>>>>>>>>>>>>>>>> 0 message 57 size 112
[0:3:42] 玩家11388在区域 0  总下注0
[0:3:42] 玩家11388在区域 1  总下注100
[0:3:42] 玩家11388在区域 2  总下注0
[0:3:42] 玩家11388在区域 3  总下注0
[0:3:42] 玩家11388在区域 4  总下注0
[0:3:42] 玩家11388在区域 5  总下注0
[0:3:42] 玩家11388 总下注100
[0:3:42] send >>>>>>>>>>>>>>>>>>>>>>>>>>>>>>> 1 message 57 size 112
[0:3:43] recv  55 <<<<<<<<<<<<<<<<<<<<<<<<<<<<<<< 1
[0:3:43] userbet 11388  在2 下了 100,累计下注 200
[0:3:43] broad >>>>>>>>>>>>>>>>>>>>>>>>>>>>>>> message 56 size 6
[0:3:43] 区域 0  总下注0
[0:3:43] 区域 1  总下注100
[0:3:43] 区域 2  总下注100
[0:3:43] 区域 3  总下注0
[0:3:43] 区域 4  总下注0
[0:3:43] 区域 5  总下注0
[0:3:43] send >>>>>>>>>>>>>>>>>>>>>>>>>>>>>>> 0 message 57 size 112
[0:3:43] 玩家11388在区域 0  总下注0
[0:3:43] 玩家11388在区域 1  总下注100
[0:3:43] 玩家11388在区域 2  总下注100
[0:3:43] 玩家11388在区域 3  总下注0
[0:3:43] 玩家11388在区域 4  总下注0
[0:3:43] 玩家11388在区域 5  总下注0
[0:3:43] 玩家11388 总下注200
[0:3:43] send >>>>>>>>>>>>>>>>>>>>>>>>>>>>>>> 1 message 57 size 112
[0:3:44] card 0 1,c,   type 12   point 1
[0:3:44] card 1 b,0,   type 13   point 1
[0:3:44] card 2 13,e,   type 0   point 3
[0:3:44] card 3 11,3,   type 0   point 7
[0:3:44] broad >>>>>>>>>>>>>>>>>>>>>>>>>>>>>>> message 52 size 16
[0:3:59] 区域 0 结算 0
[0:3:59] 区域 1 结算 100
[0:3:59] 区域 2 结算 -100
[0:3:59] 区域 3 结算 0
[0:3:59] 区域 4 结算 0
[0:3:59] 区域 5 结算 0
[0:3:59] 玩家0[14421]  结算 0
[0:3:59] 玩家1[11388]  结算 0
[0:3:59] broad >>>>>>>>>>>>>>>>>>>>>>>>>>>>>>> message 58 size 86
[0:4:1] 玩家0[14421]  结算 0, 分数 0, 总分数 0
[0:4:1] 玩家1[11388]  结算 0, 分数 0, 总分数 0
[0:4:1] ******************游戏结束********************************



[0:4:4] broad >>>>>>>>>>>>>>>>>>>>>>>>>>>>>>> message 72 size 4
[0:4:6] 1:11388 ready
[0:4:7] 0:14421 ready
[0:4:7] *****************游戏开始***************
[0:4:7] [0][14421]连庄局数 2,总局数2
[0:4:7] [1][11388]连庄局数 0,总局数2
[0:4:7] 游戏局数 2,总局数 4
[0:4:7] broad >>>>>>>>>>>>>>>>>>>>>>>>>>>>>>> message 71 size 8
[0:4:7] broad >>>>>>>>>>>>>>>>>>>>>>>>>>>>>>> message 51 size 0
[0:4:12] recv  55 <<<<<<<<<<<<<<<<<<<<<<<<<<<<<<< 1
[0:4:12] userbet 11388  在4 下了 200,累计下注 200
[0:4:12] broad >>>>>>>>>>>>>>>>>>>>>>>>>>>>>>> message 56 size 6
[0:4:12] 区域 0  总下注0
[0:4:12] 区域 1  总下注0
[0:4:12] 区域 2  总下注0
[0:4:12] 区域 3  总下注0
[0:4:12] 区域 4  总下注200
[0:4:12] 区域 5  总下注0
[0:4:12] send >>>>>>>>>>>>>>>>>>>>>>>>>>>>>>> 0 message 57 size 112
[0:4:12] 玩家11388在区域 0  总下注0
[0:4:12] 玩家11388在区域 1  总下注0
[0:4:12] 玩家11388在区域 2  总下注0
[0:4:12] 玩家11388在区域 3  总下注0
[0:4:12] 玩家11388在区域 4  总下注200
[0:4:12] 玩家11388在区域 5  总下注0
[0:4:12] 玩家11388 总下注200
[0:4:12] send >>>>>>>>>>>>>>>>>>>>>>>>>>>>>>> 1 message 57 size 112
[0:4:13] recv  55 <<<<<<<<<<<<<<<<<<<<<<<<<<<<<<< 1
[0:4:13] userbet 11388  在2 下了 200,累计下注 400
[0:4:13] broad >>>>>>>>>>>>>>>>>>>>>>>>>>>>>>> message 56 size 6
[0:4:13] 区域 0  总下注0
[0:4:13] 区域 1  总下注0
[0:4:13] 区域 2  总下注200
[0:4:13] 区域 3  总下注0
[0:4:13] 区域 4  总下注200
[0:4:13] 区域 5  总下注0
[0:4:13] send >>>>>>>>>>>>>>>>>>>>>>>>>>>>>>> 0 message 57 size 112
[0:4:13] 玩家11388在区域 0  总下注0
[0:4:13] 玩家11388在区域 1  总下注0
[0:4:13] 玩家11388在区域 2  总下注200
[0:4:13] 玩家11388在区域 3  总下注0
[0:4:13] 玩家11388在区域 4  总下注200
[0:4:13] 玩家11388在区域 5  总下注0
[0:4:13] 玩家11388 总下注400
[0:4:13] send >>>>>>>>>>>>>>>>>>>>>>>>>>>>>>> 1 message 57 size 112
[0:4:15] recv  55 <<<<<<<<<<<<<<<<<<<<<<<<<<<<<<< 1
[0:4:15] userbet 11388  在0 下了 200,累计下注 600
[0:4:15] broad >>>>>>>>>>>>>>>>>>>>>>>>>>>>>>> message 56 size 6
[0:4:15] 区域 0  总下注200
[0:4:15] 区域 1  总下注0
[0:4:15] 区域 2  总下注200
[0:4:15] 区域 3  总下注0
[0:4:15] 区域 4  总下注200
[0:4:15] 区域 5  总下注0
[0:4:15] send >>>>>>>>>>>>>>>>>>>>>>>>>>>>>>> 0 message 57 size 112
[0:4:15] 玩家11388在区域 0  总下注200
[0:4:15] 玩家11388在区域 1  总下注0
[0:4:15] 玩家11388在区域 2  总下注200
[0:4:15] 玩家11388在区域 3  总下注0
[0:4:15] 玩家11388在区域 4  总下注200
[0:4:15] 玩家11388在区域 5  总下注0
[0:4:15] 玩家11388 总下注600
[0:4:15] send >>>>>>>>>>>>>>>>>>>>>>>>>>>>>>> 1 message 57 size 112
[0:4:16] recv  55 <<<<<<<<<<<<<<<<<<<<<<<<<<<<<<< 1
[0:4:16] userbet 11388  在3 下了 200,累计下注 800
[0:4:16] broad >>>>>>>>>>>>>>>>>>>>>>>>>>>>>>> message 56 size 6
[0:4:16] 区域 0  总下注200
[0:4:16] 区域 1  总下注0
[0:4:16] 区域 2  总下注200
[0:4:16] 区域 3  总下注200
[0:4:16] 区域 4  总下注200
[0:4:16] 区域 5  总下注0
[0:4:16] send >>>>>>>>>>>>>>>>>>>>>>>>>>>>>>> 0 message 57 size 112
[0:4:16] 玩家11388在区域 0  总下注200
[0:4:16] 玩家11388在区域 1  总下注0
[0:4:16] 玩家11388在区域 2  总下注200
[0:4:16] 玩家11388在区域 3  总下注200
[0:4:16] 玩家11388在区域 4  总下注200
[0:4:16] 玩家11388在区域 5  总下注0
[0:4:16] 玩家11388 总下注800
[0:4:16] send >>>>>>>>>>>>>>>>>>>>>>>>>>>>>>> 1 message 57 size 112
[0:4:17] card 0 8,1,   type 0   point 2
[0:4:17] card 1 7,3,   type 0   point 5
[0:4:17] card 2 5,b,   type 0   point 5
[0:4:17] card 3 1,6,   type 0   point 6
[0:4:17] broad >>>>>>>>>>>>>>>>>>>>>>>>>>>>>>> message 52 size 16
[0:4:32] 区域 0 结算 -200
[0:4:32] 区域 1 结算 0
[0:4:32] 区域 2 结算 -200
[0:4:32] 区域 3 结算 -200
[0:4:32] 区域 4 结算 -200
[0:4:32] 区域 5 结算 0
[0:4:32] 玩家0[14421]  结算 800
[0:4:32] 玩家1[11388]  结算 -800
[0:4:32] broad >>>>>>>>>>>>>>>>>>>>>>>>>>>>>>> message 58 size 86
[0:4:34] 玩家0[14421]  结算 800, 分数 800, 总分数 800
[0:4:34] 玩家1[11388]  结算 -800, 分数 -800, 总分数 -800
[0:4:34] ******************游戏结束********************************



[0:4:42] *************************小结算***********************
[0:4:42] [Phone14421,14421] [庄] 输赢金币 800 ,排名 0
[0:4:42] [Phone11388,11388] [闲] 输赢金币 -800 ,排名 1
[0:4:42] broad >>>>>>>>>>>>>>>>>>>>>>>>>>>>>>> message 73 size 44
[0:4:42] user[14421] 坐庄次数 2,每个人当庄次数2 
[0:4:42] user[11388] 坐庄次数 0,每个人当庄次数2 
[0:4:42] broad >>>>>>>>>>>>>>>>>>>>>>>>>>>>>>> message 72 size 4
[0:4:46] 1:11388 ready
[0:4:47] 0:14421 ready
[0:4:47] *****************游戏开始***************
[0:4:47] [0][14421]连庄局数 2,总局数3
[0:4:47] [1][11388]连庄局数 1,总局数3
[0:4:47] 通知 庄家 1 坐庄次数 1
[0:4:47] broad >>>>>>>>>>>>>>>>>>>>>>>>>>>>>>> message 69 size 1
[0:4:47] 游戏局数 3,总局数 4
[0:4:47] broad >>>>>>>>>>>>>>>>>>>>>>>>>>>>>>> message 71 size 8
[0:4:47] broad >>>>>>>>>>>>>>>>>>>>>>>>>>>>>>> message 51 size 0
[0:4:55] recv  55 <<<<<<<<<<<<<<<<<<<<<<<<<<<<<<< 0
[0:4:55] userbet 14421  在2 下了 1000,累计下注 1000
[0:4:55] broad >>>>>>>>>>>>>>>>>>>>>>>>>>>>>>> message 56 size 6
[0:4:55] 区域 0  总下注0
[0:4:55] 区域 1  总下注0
[0:4:55] 区域 2  总下注1000
[0:4:55] 区域 3  总下注0
[0:4:55] 区域 4  总下注0
[0:4:55] 区域 5  总下注0
[0:4:55] 玩家14421在区域 0  总下注0
[0:4:55] 玩家14421在区域 1  总下注0
[0:4:55] 玩家14421在区域 2  总下注1000
[0:4:55] 玩家14421在区域 3  总下注0
[0:4:55] 玩家14421在区域 4  总下注0
[0:4:55] 玩家14421在区域 5  总下注0
[0:4:55] 玩家14421 总下注1000
[0:4:55] send >>>>>>>>>>>>>>>>>>>>>>>>>>>>>>> 0 message 57 size 112
[0:4:55] send >>>>>>>>>>>>>>>>>>>>>>>>>>>>>>> 1 message 57 size 112
[0:4:57] card 0 2,1,   type 10   point 0
[0:4:57] card 1 11,8,   type 0   point 6
[0:4:57] card 2 b,7,   type 0   point 0
[0:4:57] card 3 8,f,   type 0   point 7
[0:4:57] broad >>>>>>>>>>>>>>>>>>>>>>>>>>>>>>> message 52 size 16
[0:5:12] 区域 0 结算 0
[0:5:12] 区域 1 结算 0
[0:5:12] 区域 2 结算 -1000
[0:5:12] 区域 3 结算 0
[0:5:12] 区域 4 结算 0
[0:5:12] 区域 5 结算 0
[0:5:12] 玩家0[14421]  结算 -1000
[0:5:12] 玩家1[11388]  结算 1000
[0:5:12] broad >>>>>>>>>>>>>>>>>>>>>>>>>>>>>>> message 58 size 86
[0:5:14] 玩家0[14421]  结算 -1000, 分数 -1000, 总分数 -200
[0:5:14] 玩家1[11388]  结算 1000, 分数 1000, 总分数 200
[0:5:14] ******************游戏结束********************************



[0:5:17] broad >>>>>>>>>>>>>>>>>>>>>>>>>>>>>>> message 72 size 4
[0:5:19] 0:14421 ready
[0:5:19] 1:11388 ready
[0:5:19] *****************游戏开始***************
[0:5:19] [0][14421]连庄局数 2,总局数4
[0:5:19] [1][11388]连庄局数 2,总局数4
[0:5:19] 游戏局数 4,总局数 4
[0:5:19] broad >>>>>>>>>>>>>>>>>>>>>>>>>>>>>>> message 71 size 8
[0:5:19] broad >>>>>>>>>>>>>>>>>>>>>>>>>>>>>>> message 51 size 0
[0:5:29] card 0 10,5,   type 0   point 3
[0:5:29] card 1 13,2,   type 0   point 3
[0:5:29] card 2 6,3,   type 0   point 8
[0:5:29] card 3 7,c,   type 0   point 0
[0:5:29] broad >>>>>>>>>>>>>>>>>>>>>>>>>>>>>>> message 52 size 16
[0:5:44] 区域 0 结算 0
[0:5:44] 区域 1 结算 0
[0:5:44] 区域 2 结算 0
[0:5:44] 区域 3 结算 0
[0:5:44] 区域 4 结算 0
[0:5:44] 区域 5 结算 0
[0:5:44] 玩家0[14421]  结算 0
[0:5:44] 玩家1[11388]  结算 0
[0:5:44] broad >>>>>>>>>>>>>>>>>>>>>>>>>>>>>>> message 58 size 86
[0:5:46] 玩家0[14421]  结算 0, 分数 0, 总分数 -200
[0:5:46] 玩家1[11388]  结算 0, 分数 0, 总分数 200
[0:5:46] ******************游戏结束********************************



[0:5:54] *************************小结算***********************
[0:5:54] [Phone11388,11388] [庄] 输赢金币 1000 ,排名 0
[0:5:54] [Phone14421,14421] [闲] 输赢金币 -1000 ,排名 1
[0:5:54] broad >>>>>>>>>>>>>>>>>>>>>>>>>>>>>>> message 73 size 44
[0:5:54] user[14421] 坐庄次数 2,每个人当庄次数2 
[0:5:54] user[11388] 坐庄次数 2,每个人当庄次数2 
[0:5:54] *************************大结算***********************
[0:5:54] [Phone14421,14421]  输赢金币 -200 ,总分数 -200，胜局 1 ,最大胜局 1,大赢家 0
[0:5:54] [Phone11388,11388]  输赢金币 200 ,总分数 200，胜局 1 ,最大胜局 1,大赢家 1
[0:5:54] broad >>>>>>>>>>>>>>>>>>>>>>>>>>>>>>> message 70 size 68
