[10:0:26] 1:14594 sit
[10:0:27] 1:14594 onGetState
[10:0:27] send >>>>>>>>>>>>>>>>>>>>>>>>>>>>>>> 1 message 72 size 4
[10:0:27] 游戏局数 0,总局数 4
[10:0:27] broad >>>>>>>>>>>>>>>>>>>>>>>>>>>>>>> message 71 size 8
[10:0:32] 1:14594 ready
[10:0:32] *****************游戏开始***************
[10:0:32] [0][14385]连庄局数 1,总局数1
[10:0:32] [1][14594]连庄局数 0,总局数1
[10:0:32] 通知 庄家 0 坐庄次数 1
[10:0:32] broad >>>>>>>>>>>>>>>>>>>>>>>>>>>>>>> message 69 size 1
[10:0:32] 游戏局数 1,总局数 4
[10:0:32] broad >>>>>>>>>>>>>>>>>>>>>>>>>>>>>>> message 71 size 8
[10:0:32] broad >>>>>>>>>>>>>>>>>>>>>>>>>>>>>>> message 51 size 0
[10:0:35] recv  55 <<<<<<<<<<<<<<<<<<<<<<<<<<<<<<< 1
[10:0:35] userbet 14594  在1 下了 10,累计下注 10
[10:0:35] broad >>>>>>>>>>>>>>>>>>>>>>>>>>>>>>> message 56 size 6
[10:0:35] 区域 0  总下注0
[10:0:35] 区域 1  总下注10
[10:0:35] 区域 2  总下注0
[10:0:35] 区域 3  总下注0
[10:0:35] 区域 4  总下注0
[10:0:35] 区域 5  总下注0
[10:0:35] send >>>>>>>>>>>>>>>>>>>>>>>>>>>>>>> 0 message 57 size 112
[10:0:35] 玩家14594在区域 0  总下注0
[10:0:35] 玩家14594在区域 1  总下注10
[10:0:35] 玩家14594在区域 2  总下注0
[10:0:35] 玩家14594在区域 3  总下注0
[10:0:35] 玩家14594在区域 4  总下注0
[10:0:35] 玩家14594在区域 5  总下注0
[10:0:35] 玩家14594 总下注10
[10:0:35] send >>>>>>>>>>>>>>>>>>>>>>>>>>>>>>> 1 message 57 size 112
[10:0:36] recv  55 <<<<<<<<<<<<<<<<<<<<<<<<<<<<<<< 1
[10:0:36] userbet 14594  在2 下了 10,累计下注 20
[10:0:36] broad >>>>>>>>>>>>>>>>>>>>>>>>>>>>>>> message 56 size 6
[10:0:36] 区域 0  总下注0
[10:0:36] 区域 1  总下注10
[10:0:36] 区域 2  总下注10
[10:0:36] 区域 3  总下注0
[10:0:36] 区域 4  总下注0
[10:0:36] 区域 5  总下注0
[10:0:36] send >>>>>>>>>>>>>>>>>>>>>>>>>>>>>>> 0 message 57 size 112
[10:0:36] 玩家14594在区域 0  总下注0
[10:0:36] 玩家14594在区域 1  总下注10
[10:0:36] 玩家14594在区域 2  总下注10
[10:0:36] 玩家14594在区域 3  总下注0
[10:0:36] 玩家14594在区域 4  总下注0
[10:0:36] 玩家14594在区域 5  总下注0
[10:0:36] 玩家14594 总下注20
[10:0:36] send >>>>>>>>>>>>>>>>>>>>>>>>>>>>>>> 1 message 57 size 112
[10:0:36] recv  55 <<<<<<<<<<<<<<<<<<<<<<<<<<<<<<< 1
[10:0:36] userbet 14594  在4 下了 10,累计下注 30
[10:0:36] broad >>>>>>>>>>>>>>>>>>>>>>>>>>>>>>> message 56 size 6
[10:0:36] 区域 0  总下注0
[10:0:36] 区域 1  总下注10
[10:0:36] 区域 2  总下注10
[10:0:36] 区域 3  总下注0
[10:0:36] 区域 4  总下注10
[10:0:36] 区域 5  总下注0
[10:0:36] send >>>>>>>>>>>>>>>>>>>>>>>>>>>>>>> 0 message 57 size 112
[10:0:36] 玩家14594在区域 0  总下注0
[10:0:36] 玩家14594在区域 1  总下注10
[10:0:36] 玩家14594在区域 2  总下注10
[10:0:36] 玩家14594在区域 3  总下注0
[10:0:36] 玩家14594在区域 4  总下注10
[10:0:36] 玩家14594在区域 5  总下注0
[10:0:36] 玩家14594 总下注30
[10:0:36] send >>>>>>>>>>>>>>>>>>>>>>>>>>>>>>> 1 message 57 size 112
[10:0:42] card 0 f,4,   type 0   point 7
[10:0:42] card 1 5,e,   type 0   point 4
[10:0:42] card 2 11,8,   type 0   point 6
[10:0:42] card 3 6,6,   type 22   point 8
[10:0:42] broad >>>>>>>>>>>>>>>>>>>>>>>>>>>>>>> message 52 size 16
[10:0:42] *************************大结算***********************
[10:0:42] [ZZY101,14385]  输赢金币 0 ,总分数 0，胜局 0 ,最大胜局 0,大赢家 0
[10:0:42] [ZZY103,14594]  输赢金币 0 ,总分数 0，胜局 0 ,最大胜局 0,大赢家 0
[10:0:42] broad >>>>>>>>>>>>>>>>>>>>>>>>>>>>>>> message 70 size 68
