[13:38:9] 0:19762 sit
[13:38:10] 0:19762 onGetState
[13:38:10] send >>>>>>>>>>>>>>>>>>>>>>>>>>>>>>> 0 message 72 size 4
[13:38:10] 游戏局数 0,总局数 6
[13:38:10] broad >>>>>>>>>>>>>>>>>>>>>>>>>>>>>>> message 71 size 8
[13:39:41] 1:19763 sit
[13:39:41] 1:19763 onGetState
[13:39:41] send >>>>>>>>>>>>>>>>>>>>>>>>>>>>>>> 1 message 72 size 4
[13:39:41] 游戏局数 0,总局数 6
[13:39:41] broad >>>>>>>>>>>>>>>>>>>>>>>>>>>>>>> message 71 size 8
[13:39:44] 1:19763 ready
[13:39:44] 0:19762 ready
[13:39:56] 2:19633 sit
[13:39:56] 2:19633 onGetState
[13:39:56] send >>>>>>>>>>>>>>>>>>>>>>>>>>>>>>> 2 message 72 size 4
[13:39:56] 游戏局数 0,总局数 6
[13:39:56] broad >>>>>>>>>>>>>>>>>>>>>>>>>>>>>>> message 71 size 8
[13:39:59] 2:19633 ready
[13:39:59] *****************游戏开始***************
[13:39:59] [0][19762]连庄局数 1,总局数1
[13:39:59] [1][19763]连庄局数 0,总局数1
[13:39:59] [2][19633]连庄局数 0,总局数1
[13:39:59] 通知 庄家 0 坐庄次数 1
[13:39:59] broad >>>>>>>>>>>>>>>>>>>>>>>>>>>>>>> message 69 size 1
[13:39:59] 游戏局数 1,总局数 6
[13:39:59] broad >>>>>>>>>>>>>>>>>>>>>>>>>>>>>>> message 71 size 8
[13:39:59] broad >>>>>>>>>>>>>>>>>>>>>>>>>>>>>>> message 51 size 0
[13:40:9] card 0 8,13,   type 0   point 5
[13:40:9] card 1 1,7,   type 0   point 3
[13:40:9] card 2 5,0,   type 0   point 8
[13:40:9] card 3 e,6,   type 0   point 2
[13:40:9] broad >>>>>>>>>>>>>>>>>>>>>>>>>>>>>>> message 52 size 16
[13:40:24] 区域 0 结算 0
[13:40:24] 区域 1 结算 0
[13:40:24] 区域 2 结算 0
[13:40:24] 区域 3 结算 0
[13:40:24] 区域 4 结算 0
[13:40:24] 区域 5 结算 0
[13:40:24] 玩家0[19762]  结算 0
[13:40:24] 玩家1[19763]  结算 0
[13:40:24] 玩家2[19633]  结算 0
[13:40:24] broad >>>>>>>>>>>>>>>>>>>>>>>>>>>>>>> message 58 size 86
[13:40:26] 玩家0[19762]  结算 0, 分数 0, 总分数 0
[13:40:26] 玩家1[19763]  结算 0, 分数 0, 总分数 0
[13:40:26] 玩家2[19633]  结算 0, 分数 0, 总分数 0
[13:40:26] ******************游戏结束********************************



[13:40:29] broad >>>>>>>>>>>>>>>>>>>>>>>>>>>>>>> message 72 size 4
[13:40:32] 2:19633 ready
[13:40:33] 1:19763 ready
[13:40:34] 0:19762 ready
[13:40:34] *****************游戏开始***************
[13:40:34] [0][19762]连庄局数 2,总局数2
[13:40:34] [1][19763]连庄局数 0,总局数2
[13:40:34] [2][19633]连庄局数 0,总局数2
[13:40:34] 游戏局数 2,总局数 6
[13:40:34] broad >>>>>>>>>>>>>>>>>>>>>>>>>>>>>>> message 71 size 8
[13:40:34] broad >>>>>>>>>>>>>>>>>>>>>>>>>>>>>>> message 51 size 0
[13:40:44] card 0 2,0,   type 11   point 0
[13:40:44] card 1 7,0,   type 0   point 3
[13:40:44] card 2 5,f,   type 0   point 3
[13:40:44] card 3 5,c,   type 0   point 5
[13:40:44] broad >>>>>>>>>>>>>>>>>>>>>>>>>>>>>>> message 52 size 16
[13:40:59] 区域 0 结算 0
[13:40:59] 区域 1 结算 0
[13:40:59] 区域 2 结算 0
[13:40:59] 区域 3 结算 0
[13:40:59] 区域 4 结算 0
[13:40:59] 区域 5 结算 0
[13:40:59] 玩家0[19762]  结算 0
[13:40:59] 玩家1[19763]  结算 0
[13:40:59] 玩家2[19633]  结算 0
[13:40:59] broad >>>>>>>>>>>>>>>>>>>>>>>>>>>>>>> message 58 size 86
[13:41:1] 玩家0[19762]  结算 0, 分数 0, 总分数 0
[13:41:1] 玩家1[19763]  结算 0, 分数 0, 总分数 0
[13:41:1] 玩家2[19633]  结算 0, 分数 0, 总分数 0
[13:41:1] ******************游戏结束********************************



[13:41:9] *************************小结算***********************
[13:41:9] [Phone19762,19762] [庄] 输赢金币 0 ,排名 0
[13:41:9] [Phone19763,19763] [闲] 输赢金币 0 ,排名 0
[13:41:9] [Phone19633,19633] [闲] 输赢金币 0 ,排名 0
[13:41:9] broad >>>>>>>>>>>>>>>>>>>>>>>>>>>>>>> message 73 size 44
[13:41:9] user[19762] 坐庄次数 2,每个人当庄次数2 
[13:41:9] user[19763] 坐庄次数 0,每个人当庄次数2 
[13:41:9] broad >>>>>>>>>>>>>>>>>>>>>>>>>>>>>>> message 72 size 4
[13:41:11] 0:19762 ready
[13:41:11] 1:19763 ready
[13:41:14] 2:19633 ready
[13:41:14] *****************游戏开始***************
[13:41:14] [0][19762]连庄局数 2,总局数3
[13:41:14] [1][19763]连庄局数 1,总局数3
[13:41:14] [2][19633]连庄局数 0,总局数3
[13:41:14] 通知 庄家 1 坐庄次数 1
[13:41:14] broad >>>>>>>>>>>>>>>>>>>>>>>>>>>>>>> message 69 size 1
[13:41:14] 游戏局数 3,总局数 6
[13:41:14] broad >>>>>>>>>>>>>>>>>>>>>>>>>>>>>>> message 71 size 8
[13:41:14] broad >>>>>>>>>>>>>>>>>>>>>>>>>>>>>>> message 51 size 0
[13:41:24] card 0 2,e,   type 0   point 6
[13:41:24] card 1 6,7,   type 0   point 5
[13:41:24] card 2 8,10,   type 0   point 7
[13:41:24] card 3 9,2,   type 0   point 5
[13:41:24] broad >>>>>>>>>>>>>>>>>>>>>>>>>>>>>>> message 52 size 16
[13:41:39] 区域 0 结算 0
[13:41:39] 区域 1 结算 0
[13:41:39] 区域 2 结算 0
[13:41:39] 区域 3 结算 0
[13:41:39] 区域 4 结算 0
[13:41:39] 区域 5 结算 0
[13:41:39] 玩家0[19762]  结算 0
[13:41:39] 玩家1[19763]  结算 0
[13:41:39] 玩家2[19633]  结算 0
[13:41:39] broad >>>>>>>>>>>>>>>>>>>>>>>>>>>>>>> message 58 size 86
[13:41:41] 玩家0[19762]  结算 0, 分数 0, 总分数 0
[13:41:41] 玩家1[19763]  结算 0, 分数 0, 总分数 0
[13:41:41] 玩家2[19633]  结算 0, 分数 0, 总分数 0
[13:41:41] ******************游戏结束********************************



[13:41:44] broad >>>>>>>>>>>>>>>>>>>>>>>>>>>>>>> message 72 size 4
[13:41:46] 2:19633 ready
[13:41:47] 1:19763 ready
[13:41:56] 0:19762 ready
[13:41:56] *****************游戏开始***************
[13:41:56] [0][19762]连庄局数 2,总局数4
[13:41:56] [1][19763]连庄局数 2,总局数4
[13:41:56] [2][19633]连庄局数 0,总局数4
[13:41:56] 游戏局数 4,总局数 6
[13:41:56] broad >>>>>>>>>>>>>>>>>>>>>>>>>>>>>>> message 71 size 8
[13:41:56] broad >>>>>>>>>>>>>>>>>>>>>>>>>>>>>>> message 51 size 0
[13:42:6] card 0 1,7,   type 0   point 3
[13:42:6] card 1 6,13,   type 0   point 9
[13:42:6] card 2 2,11,   type 0   point 4
[13:42:6] card 3 9,c,   type 0   point 6
[13:42:6] broad >>>>>>>>>>>>>>>>>>>>>>>>>>>>>>> message 52 size 16
[13:42:21] 区域 0 结算 0
[13:42:21] 区域 1 结算 0
[13:42:21] 区域 2 结算 0
[13:42:21] 区域 3 结算 0
[13:42:21] 区域 4 结算 0
[13:42:21] 区域 5 结算 0
[13:42:21] 玩家0[19762]  结算 0
[13:42:21] 玩家1[19763]  结算 0
[13:42:21] 玩家2[19633]  结算 0
[13:42:21] broad >>>>>>>>>>>>>>>>>>>>>>>>>>>>>>> message 58 size 86
[13:42:23] 玩家0[19762]  结算 0, 分数 0, 总分数 0
[13:42:23] 玩家1[19763]  结算 0, 分数 0, 总分数 0
[13:42:23] 玩家2[19633]  结算 0, 分数 0, 总分数 0
[13:42:23] ******************游戏结束********************************



[13:42:31] *************************小结算***********************
[13:42:31] [Phone19762,19762] [闲] 输赢金币 0 ,排名 0
[13:42:31] [Phone19763,19763] [庄] 输赢金币 0 ,排名 0
[13:42:31] [Phone19633,19633] [闲] 输赢金币 0 ,排名 0
[13:42:31] broad >>>>>>>>>>>>>>>>>>>>>>>>>>>>>>> message 73 size 44
[13:42:31] user[19762] 坐庄次数 2,每个人当庄次数2 
[13:42:31] user[19763] 坐庄次数 2,每个人当庄次数2 
[13:42:31] user[19633] 坐庄次数 0,每个人当庄次数2 
[13:42:31] broad >>>>>>>>>>>>>>>>>>>>>>>>>>>>>>> message 72 size 4
[13:42:32] 0:19762 ready
[13:42:33] 1:19763 ready
[13:42:34] 2:19633 ready
[13:42:34] *****************游戏开始***************
[13:42:34] [0][19762]连庄局数 2,总局数5
[13:42:34] [1][19763]连庄局数 2,总局数5
[13:42:34] [2][19633]连庄局数 1,总局数5
[13:42:34] 通知 庄家 2 坐庄次数 1
[13:42:34] broad >>>>>>>>>>>>>>>>>>>>>>>>>>>>>>> message 69 size 1
[13:42:34] 游戏局数 5,总局数 6
[13:42:34] broad >>>>>>>>>>>>>>>>>>>>>>>>>>>>>>> message 71 size 8
[13:42:34] broad >>>>>>>>>>>>>>>>>>>>>>>>>>>>>>> message 51 size 0
[13:42:41] recv  55 <<<<<<<<<<<<<<<<<<<<<<<<<<<<<<< 1
[13:42:41] userbet 19763  在4 下了 50,累计下注 50
[13:42:41] broad >>>>>>>>>>>>>>>>>>>>>>>>>>>>>>> message 56 size 6
[13:42:41] 区域 0  总下注0
[13:42:41] 区域 1  总下注0
[13:42:41] 区域 2  总下注0
[13:42:41] 区域 3  总下注0
[13:42:41] 区域 4  总下注50
[13:42:41] 区域 5  总下注0
[13:42:41] 玩家19762在区域 0  总下注0
[13:42:41] 玩家19762在区域 1  总下注0
[13:42:41] 玩家19762在区域 2  总下注0
[13:42:41] 玩家19762在区域 3  总下注0
[13:42:41] 玩家19762在区域 4  总下注0
[13:42:41] 玩家19762在区域 5  总下注0
[13:42:41] 玩家19762 总下注0
[13:42:41] send >>>>>>>>>>>>>>>>>>>>>>>>>>>>>>> 0 message 57 size 112
[13:42:41] 玩家19763在区域 0  总下注0
[13:42:41] 玩家19763在区域 1  总下注0
[13:42:41] 玩家19763在区域 2  总下注0
[13:42:41] 玩家19763在区域 3  总下注0
[13:42:41] 玩家19763在区域 4  总下注50
[13:42:41] 玩家19763在区域 5  总下注0
[13:42:41] 玩家19763 总下注50
[13:42:41] send >>>>>>>>>>>>>>>>>>>>>>>>>>>>>>> 1 message 57 size 112
[13:42:41] send >>>>>>>>>>>>>>>>>>>>>>>>>>>>>>> 2 message 57 size 112
[13:42:41] recv  55 <<<<<<<<<<<<<<<<<<<<<<<<<<<<<<< 1
[13:42:41] userbet 19763  在1 下了 50,累计下注 100
[13:42:41] broad >>>>>>>>>>>>>>>>>>>>>>>>>>>>>>> message 56 size 6
[13:42:41] 区域 0  总下注0
[13:42:41] 区域 1  总下注50
[13:42:41] 区域 2  总下注0
[13:42:41] 区域 3  总下注0
[13:42:41] 区域 4  总下注50
[13:42:41] 区域 5  总下注0
[13:42:41] 玩家19762在区域 0  总下注0
[13:42:41] 玩家19762在区域 1  总下注0
[13:42:41] 玩家19762在区域 2  总下注0
[13:42:41] 玩家19762在区域 3  总下注0
[13:42:41] 玩家19762在区域 4  总下注0
[13:42:41] 玩家19762在区域 5  总下注0
[13:42:41] 玩家19762 总下注0
[13:42:41] send >>>>>>>>>>>>>>>>>>>>>>>>>>>>>>> 0 message 57 size 112
[13:42:41] 玩家19763在区域 0  总下注0
[13:42:41] 玩家19763在区域 1  总下注50
[13:42:41] 玩家19763在区域 2  总下注0
[13:42:41] 玩家19763在区域 3  总下注0
[13:42:41] 玩家19763在区域 4  总下注50
[13:42:41] 玩家19763在区域 5  总下注0
[13:42:41] 玩家19763 总下注100
[13:42:41] send >>>>>>>>>>>>>>>>>>>>>>>>>>>>>>> 1 message 57 size 112
[13:42:41] send >>>>>>>>>>>>>>>>>>>>>>>>>>>>>>> 2 message 57 size 112
[13:42:44] card 0 1,2,   type 10   point 0
[13:42:44] card 1 8,1,   type 0   point 2
[13:42:44] card 2 11,0,   type 0   point 8
[13:42:44] card 3 f,2,   type 0   point 5
[13:42:44] broad >>>>>>>>>>>>>>>>>>>>>>>>>>>>>>> message 52 size 16
[13:42:59] 区域 0 结算 0
[13:42:59] 区域 1 结算 -50
[13:42:59] 区域 2 结算 0
[13:42:59] 区域 3 结算 0
[13:42:59] 区域 4 结算 0
[13:42:59] 区域 5 结算 0
[13:42:59] 玩家0[19762]  结算 0
[13:42:59] 玩家1[19763]  结算 -50
[13:42:59] 玩家2[19633]  结算 50
[13:42:59] broad >>>>>>>>>>>>>>>>>>>>>>>>>>>>>>> message 58 size 86
[13:43:1] 玩家0[19762]  结算 0, 分数 0, 总分数 0
[13:43:1] 玩家1[19763]  结算 -50, 分数 -50, 总分数 -50
[13:43:1] 玩家2[19633]  结算 50, 分数 50, 总分数 50
[13:43:1] ******************游戏结束********************************



[13:43:4] broad >>>>>>>>>>>>>>>>>>>>>>>>>>>>>>> message 72 size 4
[13:43:6] 1:19763 ready
[13:43:7] 2:19633 ready
[13:43:8] 0:19762 ready
[13:43:8] *****************游戏开始***************
[13:43:8] [0][19762]连庄局数 2,总局数6
[13:43:8] [1][19763]连庄局数 2,总局数6
[13:43:8] [2][19633]连庄局数 2,总局数6
[13:43:8] 游戏局数 6,总局数 6
[13:43:8] broad >>>>>>>>>>>>>>>>>>>>>>>>>>>>>>> message 71 size 8
[13:43:8] broad >>>>>>>>>>>>>>>>>>>>>>>>>>>>>>> message 51 size 0
[13:43:10] recv  55 <<<<<<<<<<<<<<<<<<<<<<<<<<<<<<< 1
[13:43:10] userbet 19763  在4 下了 200,累计下注 200
[13:43:10] broad >>>>>>>>>>>>>>>>>>>>>>>>>>>>>>> message 56 size 6
[13:43:10] 区域 0  总下注0
[13:43:10] 区域 1  总下注0
[13:43:10] 区域 2  总下注0
[13:43:10] 区域 3  总下注0
[13:43:10] 区域 4  总下注200
[13:43:10] 区域 5  总下注0
[13:43:10] 玩家19762在区域 0  总下注0
[13:43:10] 玩家19762在区域 1  总下注0
[13:43:10] 玩家19762在区域 2  总下注0
[13:43:10] 玩家19762在区域 3  总下注0
[13:43:10] 玩家19762在区域 4  总下注0
[13:43:10] 玩家19762在区域 5  总下注0
[13:43:10] 玩家19762 总下注0
[13:43:10] send >>>>>>>>>>>>>>>>>>>>>>>>>>>>>>> 0 message 57 size 112
[13:43:10] 玩家19763在区域 0  总下注0
[13:43:10] 玩家19763在区域 1  总下注0
[13:43:10] 玩家19763在区域 2  总下注0
[13:43:10] 玩家19763在区域 3  总下注0
[13:43:10] 玩家19763在区域 4  总下注200
[13:43:10] 玩家19763在区域 5  总下注0
[13:43:10] 玩家19763 总下注200
[13:43:10] send >>>>>>>>>>>>>>>>>>>>>>>>>>>>>>> 1 message 57 size 112
[13:43:10] send >>>>>>>>>>>>>>>>>>>>>>>>>>>>>>> 2 message 57 size 112
[13:43:18] card 0 f,4,   type 0   point 7
[13:43:18] card 1 2,5,   type 0   point 4
[13:43:18] card 2 7,11,   type 0   point 7
[13:43:18] card 3 0,5,   type 0   point 8
[13:43:18] broad >>>>>>>>>>>>>>>>>>>>>>>>>>>>>>> message 52 size 16
[13:43:33] 区域 0 结算 0
[13:43:33] 区域 1 结算 0
[13:43:33] 区域 2 结算 0
[13:43:33] 区域 3 结算 0
[13:43:33] 区域 4 结算 -200
[13:43:33] 区域 5 结算 0
[13:43:33] 玩家0[19762]  结算 0
[13:43:33] 玩家1[19763]  结算 -200
[13:43:33] 玩家2[19633]  结算 200
[13:43:33] broad >>>>>>>>>>>>>>>>>>>>>>>>>>>>>>> message 58 size 86
[13:43:35] 玩家0[19762]  结算 0, 分数 0, 总分数 0
[13:43:35] 玩家1[19763]  结算 -200, 分数 -200, 总分数 -250
[13:43:35] 玩家2[19633]  结算 200, 分数 200, 总分数 250
[13:43:35] ******************游戏结束********************************



[13:43:43] *************************小结算***********************
[13:43:43] [Phone19633,19633] [庄] 输赢金币 250 ,排名 0
[13:43:43] [Phone19762,19762] [闲] 输赢金币 0 ,排名 1
[13:43:43] [Phone19763,19763] [闲] 输赢金币 -250 ,排名 2
[13:43:43] broad >>>>>>>>>>>>>>>>>>>>>>>>>>>>>>> message 73 size 44
[13:43:43] user[19762] 坐庄次数 2,每个人当庄次数2 
[13:43:43] user[19763] 坐庄次数 2,每个人当庄次数2 
[13:43:43] user[19633] 坐庄次数 2,每个人当庄次数2 
[13:43:43] *************************大结算***********************
[13:43:43] [Phone19762,19762]  输赢金币 0 ,总分数 0，胜局 0 ,最大胜局 0,大赢家 0
[13:43:43] [Phone19763,19763]  输赢金币 -250 ,总分数 -250，胜局 0 ,最大胜局 0,大赢家 0
[13:43:43] [Phone19633,19633]  输赢金币 250 ,总分数 250，胜局 2 ,最大胜局 2,大赢家 1
[13:43:43] broad >>>>>>>>>>>>>>>>>>>>>>>>>>>>>>> message 70 size 68
