[15:55:27] 0:10958 sit
[15:55:28] 0:10958 onGetState
[15:55:28] send >>>>>>>>>>>>>>>>>>>>>>>>>>>>>>> 0 message 72 size 4
[15:55:28] 游戏局数 0,总局数 4
[15:55:28] broad >>>>>>>>>>>>>>>>>>>>>>>>>>>>>>> message 71 size 8
[15:55:38] 0:10958 ready
[15:57:14] 1:10957 sit
[15:57:15] 1:10957 onGetState
[15:57:15] send >>>>>>>>>>>>>>>>>>>>>>>>>>>>>>> 1 message 72 size 4
[15:57:15] 游戏局数 0,总局数 4
[15:57:15] broad >>>>>>>>>>>>>>>>>>>>>>>>>>>>>>> message 71 size 8
[15:57:17] 1:10957 ready
[15:57:17] *****************游戏开始***************
[15:57:17] [0][10958]连庄局数 1,总局数1
[15:57:17] [1][10957]连庄局数 0,总局数1
[15:57:17] 通知 庄家 0 坐庄次数 1
[15:57:17] broad >>>>>>>>>>>>>>>>>>>>>>>>>>>>>>> message 69 size 1
[15:57:17] 游戏局数 1,总局数 4
[15:57:17] broad >>>>>>>>>>>>>>>>>>>>>>>>>>>>>>> message 71 size 8
[15:57:17] broad >>>>>>>>>>>>>>>>>>>>>>>>>>>>>>> message 51 size 0
[15:57:24] recv  55 <<<<<<<<<<<<<<<<<<<<<<<<<<<<<<< 1
[15:57:24] userbet 10957  在1 下了 10,累计下注 10
[15:57:24] broad >>>>>>>>>>>>>>>>>>>>>>>>>>>>>>> message 56 size 6
[15:57:24] 区域 0  总下注0
[15:57:24] 区域 1  总下注10
[15:57:24] 区域 2  总下注0
[15:57:24] 区域 3  总下注0
[15:57:24] 区域 4  总下注0
[15:57:24] 区域 5  总下注0
[15:57:24] send >>>>>>>>>>>>>>>>>>>>>>>>>>>>>>> 0 message 57 size 112
[15:57:24] 玩家10957在区域 0  总下注0
[15:57:24] 玩家10957在区域 1  总下注10
[15:57:24] 玩家10957在区域 2  总下注0
[15:57:24] 玩家10957在区域 3  总下注0
[15:57:24] 玩家10957在区域 4  总下注0
[15:57:24] 玩家10957在区域 5  总下注0
[15:57:24] 玩家10957 总下注10
[15:57:24] send >>>>>>>>>>>>>>>>>>>>>>>>>>>>>>> 1 message 57 size 112
[15:57:27] recv  55 <<<<<<<<<<<<<<<<<<<<<<<<<<<<<<< 1
[15:57:27] userbet 10957  在5 下了 10,累计下注 20
[15:57:27] broad >>>>>>>>>>>>>>>>>>>>>>>>>>>>>>> message 56 size 6
[15:57:27] 区域 0  总下注0
[15:57:27] 区域 1  总下注10
[15:57:27] 区域 2  总下注0
[15:57:27] 区域 3  总下注0
[15:57:27] 区域 4  总下注0
[15:57:27] 区域 5  总下注10
[15:57:27] send >>>>>>>>>>>>>>>>>>>>>>>>>>>>>>> 0 message 57 size 112
[15:57:27] 玩家10957在区域 0  总下注0
[15:57:27] 玩家10957在区域 1  总下注10
[15:57:27] 玩家10957在区域 2  总下注0
[15:57:27] 玩家10957在区域 3  总下注0
[15:57:27] 玩家10957在区域 4  总下注0
[15:57:27] 玩家10957在区域 5  总下注10
[15:57:27] 玩家10957 总下注20
[15:57:27] send >>>>>>>>>>>>>>>>>>>>>>>>>>>>>>> 1 message 57 size 112
[15:57:27] card 0 11,6,   type 0   point 7
[15:57:27] card 1 1,5,   type 0   point 8
[15:57:27] card 2 3,13,   type 0   point 9
[15:57:27] card 3 4,0,   type 0   point 2
[15:57:27] broad >>>>>>>>>>>>>>>>>>>>>>>>>>>>>>> message 52 size 16
[15:57:42] 区域 0 结算 0
[15:57:42] 区域 1 结算 10
[15:57:42] 区域 2 结算 0
[15:57:42] 区域 3 结算 0
[15:57:42] 区域 4 结算 0
[15:57:42] 区域 5 结算 10
[15:57:42] 玩家0[10958]  结算 -20
[15:57:42] 玩家1[10957]  结算 20
[15:57:42] broad >>>>>>>>>>>>>>>>>>>>>>>>>>>>>>> message 58 size 86
[15:57:44] 玩家0[10958]  结算 -20, 分数 -20, 总分数 -20
[15:57:44] 玩家1[10957]  结算 20, 分数 20, 总分数 20
[15:57:44] ******************游戏结束********************************



[15:57:47] broad >>>>>>>>>>>>>>>>>>>>>>>>>>>>>>> message 72 size 4
[15:57:49] 1:10957 ready
[15:57:51] 0:10958 ready
[15:57:51] *****************游戏开始***************
[15:57:51] [0][10958]连庄局数 2,总局数2
[15:57:51] [1][10957]连庄局数 0,总局数2
[15:57:51] 游戏局数 2,总局数 4
[15:57:51] broad >>>>>>>>>>>>>>>>>>>>>>>>>>>>>>> message 71 size 8
[15:57:51] broad >>>>>>>>>>>>>>>>>>>>>>>>>>>>>>> message 51 size 0
[15:57:59] recv  55 <<<<<<<<<<<<<<<<<<<<<<<<<<<<<<< 1
[15:57:59] userbet 10957  在2 下了 1000,累计下注 1000
[15:57:59] broad >>>>>>>>>>>>>>>>>>>>>>>>>>>>>>> message 56 size 6
[15:57:59] 区域 0  总下注0
[15:57:59] 区域 1  总下注0
[15:57:59] 区域 2  总下注1000
[15:57:59] 区域 3  总下注0
[15:57:59] 区域 4  总下注0
[15:57:59] 区域 5  总下注0
[15:57:59] send >>>>>>>>>>>>>>>>>>>>>>>>>>>>>>> 0 message 57 size 112
[15:57:59] 玩家10957在区域 0  总下注0
[15:57:59] 玩家10957在区域 1  总下注0
[15:57:59] 玩家10957在区域 2  总下注1000
[15:57:59] 玩家10957在区域 3  总下注0
[15:57:59] 玩家10957在区域 4  总下注0
[15:57:59] 玩家10957在区域 5  总下注0
[15:57:59] 玩家10957 总下注1000
[15:57:59] send >>>>>>>>>>>>>>>>>>>>>>>>>>>>>>> 1 message 57 size 112
[15:58:1] card 0 d,12,   type 0   point 3
[15:58:1] card 1 7,e,   type 0   point 9
[15:58:1] card 2 9,4,   type 0   point 7
[15:58:1] card 3 8,5,   type 0   point 6
[15:58:1] broad >>>>>>>>>>>>>>>>>>>>>>>>>>>>>>> message 52 size 16
[15:58:1] recv  55 <<<<<<<<<<<<<<<<<<<<<<<<<<<<<<< 1
[15:58:1] userbet 10957  在4 下了 1000,累计下注 2000
[15:58:1] broad >>>>>>>>>>>>>>>>>>>>>>>>>>>>>>> message 56 size 6
[15:58:1] 区域 0  总下注0
[15:58:1] 区域 1  总下注0
[15:58:1] 区域 2  总下注1000
[15:58:1] 区域 3  总下注0
[15:58:1] 区域 4  总下注1000
[15:58:1] 区域 5  总下注0
[15:58:1] send >>>>>>>>>>>>>>>>>>>>>>>>>>>>>>> 0 message 57 size 112
[15:58:1] 玩家10957在区域 0  总下注0
[15:58:1] 玩家10957在区域 1  总下注0
[15:58:1] 玩家10957在区域 2  总下注1000
[15:58:1] 玩家10957在区域 3  总下注0
[15:58:1] 玩家10957在区域 4  总下注1000
[15:58:1] 玩家10957在区域 5  总下注0
[15:58:1] 玩家10957 总下注2000
[15:58:1] send >>>>>>>>>>>>>>>>>>>>>>>>>>>>>>> 1 message 57 size 112
[15:58:16] 区域 0 结算 0
[15:58:16] 区域 1 结算 0
[15:58:16] 区域 2 结算 1000
[15:58:16] 区域 3 结算 0
[15:58:16] 区域 4 结算 1000
[15:58:16] 区域 5 结算 0
[15:58:16] 玩家0[10958]  结算 -2000
[15:58:16] 玩家1[10957]  结算 2000
[15:58:16] broad >>>>>>>>>>>>>>>>>>>>>>>>>>>>>>> message 58 size 86
[15:58:18] 玩家0[10958]  结算 -2000, 分数 -2000, 总分数 -2020
[15:58:18] 玩家1[10957]  结算 2000, 分数 2000, 总分数 2020
[15:58:18] ******************游戏结束********************************



[15:58:26] *************************小结算***********************
[15:58:26] [Phone10957,10957] [闲] 输赢金币 2020 ,排名 0
[15:58:26] [Phone10958,10958] [庄] 输赢金币 -2020 ,排名 1
[15:58:26] broad >>>>>>>>>>>>>>>>>>>>>>>>>>>>>>> message 73 size 44
[15:58:26] user[10958] 坐庄次数 2,每个人当庄次数2 
[15:58:26] user[10957] 坐庄次数 0,每个人当庄次数2 
[15:58:26] broad >>>>>>>>>>>>>>>>>>>>>>>>>>>>>>> message 72 size 4
[15:58:37] 1:10957 ready
[15:58:38] 0:10958 ready
[15:58:38] *****************游戏开始***************
[15:58:38] [0][10958]连庄局数 2,总局数3
[15:58:38] [1][10957]连庄局数 1,总局数3
[15:58:38] 通知 庄家 1 坐庄次数 1
[15:58:38] broad >>>>>>>>>>>>>>>>>>>>>>>>>>>>>>> message 69 size 1
[15:58:38] 游戏局数 3,总局数 4
[15:58:38] broad >>>>>>>>>>>>>>>>>>>>>>>>>>>>>>> message 71 size 8
[15:58:38] broad >>>>>>>>>>>>>>>>>>>>>>>>>>>>>>> message 51 size 0
[15:58:45] recv  55 <<<<<<<<<<<<<<<<<<<<<<<<<<<<<<< 0
[15:58:45] userbet 10958  在1 下了 10,累计下注 10
[15:58:45] broad >>>>>>>>>>>>>>>>>>>>>>>>>>>>>>> message 56 size 6
[15:58:45] 区域 0  总下注0
[15:58:45] 区域 1  总下注10
[15:58:45] 区域 2  总下注0
[15:58:45] 区域 3  总下注0
[15:58:45] 区域 4  总下注0
[15:58:45] 区域 5  总下注0
[15:58:45] 玩家10958在区域 0  总下注0
[15:58:45] 玩家10958在区域 1  总下注10
[15:58:45] 玩家10958在区域 2  总下注0
[15:58:45] 玩家10958在区域 3  总下注0
[15:58:45] 玩家10958在区域 4  总下注0
[15:58:45] 玩家10958在区域 5  总下注0
[15:58:45] 玩家10958 总下注10
[15:58:45] send >>>>>>>>>>>>>>>>>>>>>>>>>>>>>>> 0 message 57 size 112
[15:58:45] send >>>>>>>>>>>>>>>>>>>>>>>>>>>>>>> 1 message 57 size 112
[15:58:45] recv  55 <<<<<<<<<<<<<<<<<<<<<<<<<<<<<<< 0
[15:58:45] userbet 10958  在5 下了 10,累计下注 20
[15:58:45] broad >>>>>>>>>>>>>>>>>>>>>>>>>>>>>>> message 56 size 6
[15:58:45] 区域 0  总下注0
[15:58:45] 区域 1  总下注10
[15:58:45] 区域 2  总下注0
[15:58:45] 区域 3  总下注0
[15:58:45] 区域 4  总下注0
[15:58:45] 区域 5  总下注10
[15:58:45] 玩家10958在区域 0  总下注0
[15:58:45] 玩家10958在区域 1  总下注10
[15:58:45] 玩家10958在区域 2  总下注0
[15:58:45] 玩家10958在区域 3  总下注0
[15:58:45] 玩家10958在区域 4  总下注0
[15:58:45] 玩家10958在区域 5  总下注10
[15:58:45] 玩家10958 总下注20
[15:58:45] send >>>>>>>>>>>>>>>>>>>>>>>>>>>>>>> 0 message 57 size 112
[15:58:45] send >>>>>>>>>>>>>>>>>>>>>>>>>>>>>>> 1 message 57 size 112
[15:58:45] recv  55 <<<<<<<<<<<<<<<<<<<<<<<<<<<<<<< 0
[15:58:45] userbet 10958  在0 下了 10,累计下注 30
[15:58:45] broad >>>>>>>>>>>>>>>>>>>>>>>>>>>>>>> message 56 size 6
[15:58:45] 区域 0  总下注10
[15:58:45] 区域 1  总下注10
[15:58:45] 区域 2  总下注0
[15:58:45] 区域 3  总下注0
[15:58:45] 区域 4  总下注0
[15:58:45] 区域 5  总下注10
[15:58:45] 玩家10958在区域 0  总下注10
[15:58:45] 玩家10958在区域 1  总下注10
[15:58:45] 玩家10958在区域 2  总下注0
[15:58:45] 玩家10958在区域 3  总下注0
[15:58:45] 玩家10958在区域 4  总下注0
[15:58:45] 玩家10958在区域 5  总下注10
[15:58:45] 玩家10958 总下注30
[15:58:45] send >>>>>>>>>>>>>>>>>>>>>>>>>>>>>>> 0 message 57 size 112
[15:58:45] send >>>>>>>>>>>>>>>>>>>>>>>>>>>>>>> 1 message 57 size 112
[15:58:46] recv  55 <<<<<<<<<<<<<<<<<<<<<<<<<<<<<<< 0
[15:58:46] userbet 10958  在3 下了 10,累计下注 40
[15:58:46] broad >>>>>>>>>>>>>>>>>>>>>>>>>>>>>>> message 56 size 6
[15:58:46] 区域 0  总下注10
[15:58:46] 区域 1  总下注10
[15:58:46] 区域 2  总下注0
[15:58:46] 区域 3  总下注10
[15:58:46] 区域 4  总下注0
[15:58:46] 区域 5  总下注10
[15:58:46] 玩家10958在区域 0  总下注10
[15:58:46] 玩家10958在区域 1  总下注10
[15:58:46] 玩家10958在区域 2  总下注0
[15:58:46] 玩家10958在区域 3  总下注10
[15:58:46] 玩家10958在区域 4  总下注0
[15:58:46] 玩家10958在区域 5  总下注10
[15:58:46] 玩家10958 总下注40
[15:58:46] send >>>>>>>>>>>>>>>>>>>>>>>>>>>>>>> 0 message 57 size 112
[15:58:46] send >>>>>>>>>>>>>>>>>>>>>>>>>>>>>>> 1 message 57 size 112
[15:58:46] recv  55 <<<<<<<<<<<<<<<<<<<<<<<<<<<<<<< 0
[15:58:46] userbet 10958  在2 下了 10,累计下注 50
[15:58:46] broad >>>>>>>>>>>>>>>>>>>>>>>>>>>>>>> message 56 size 6
[15:58:46] 区域 0  总下注10
[15:58:46] 区域 1  总下注10
[15:58:46] 区域 2  总下注10
[15:58:46] 区域 3  总下注10
[15:58:46] 区域 4  总下注0
[15:58:46] 区域 5  总下注10
[15:58:46] 玩家10958在区域 0  总下注10
[15:58:46] 玩家10958在区域 1  总下注10
[15:58:46] 玩家10958在区域 2  总下注10
[15:58:46] 玩家10958在区域 3  总下注10
[15:58:46] 玩家10958在区域 4  总下注0
[15:58:46] 玩家10958在区域 5  总下注10
[15:58:46] 玩家10958 总下注50
[15:58:46] send >>>>>>>>>>>>>>>>>>>>>>>>>>>>>>> 0 message 57 size 112
[15:58:46] send >>>>>>>>>>>>>>>>>>>>>>>>>>>>>>> 1 message 57 size 112
[15:58:47] recv  55 <<<<<<<<<<<<<<<<<<<<<<<<<<<<<<< 0
[15:58:47] userbet 10958  在4 下了 10,累计下注 60
[15:58:47] broad >>>>>>>>>>>>>>>>>>>>>>>>>>>>>>> message 56 size 6
[15:58:47] 区域 0  总下注10
[15:58:47] 区域 1  总下注10
[15:58:47] 区域 2  总下注10
[15:58:47] 区域 3  总下注10
[15:58:47] 区域 4  总下注10
[15:58:47] 区域 5  总下注10
[15:58:47] 玩家10958在区域 0  总下注10
[15:58:47] 玩家10958在区域 1  总下注10
[15:58:47] 玩家10958在区域 2  总下注10
[15:58:47] 玩家10958在区域 3  总下注10
[15:58:47] 玩家10958在区域 4  总下注10
[15:58:47] 玩家10958在区域 5  总下注10
[15:58:47] 玩家10958 总下注60
[15:58:47] send >>>>>>>>>>>>>>>>>>>>>>>>>>>>>>> 0 message 57 size 112
[15:58:47] send >>>>>>>>>>>>>>>>>>>>>>>>>>>>>>> 1 message 57 size 112
[15:58:48] card 0 d,3,   type 0   point 2
[15:58:48] card 1 e,c,   type 0   point 7
[15:58:48] card 2 2,5,   type 0   point 4
[15:58:48] card 3 7,7,   type 21   point 2
[15:58:48] broad >>>>>>>>>>>>>>>>>>>>>>>>>>>>>>> message 52 size 16
[15:59:3] 区域 0 结算 -10
[15:59:3] 区域 1 结算 -10
[15:59:3] 区域 2 结算 -10
[15:59:3] 区域 3 结算 -10
[15:59:3] 区域 4 结算 -10
[15:59:3] 区域 5 结算 -10
[15:59:3] 玩家0[10958]  结算 -60
[15:59:3] 玩家1[10957]  结算 60
[15:59:3] broad >>>>>>>>>>>>>>>>>>>>>>>>>>>>>>> message 58 size 86
[15:59:5] 玩家0[10958]  结算 -60, 分数 -60, 总分数 -2080
[15:59:5] 玩家1[10957]  结算 60, 分数 60, 总分数 2080
[15:59:5] ******************游戏结束********************************



[15:59:8] broad >>>>>>>>>>>>>>>>>>>>>>>>>>>>>>> message 72 size 4
[15:59:16] 1:10957 ready
[15:59:22] 0:10958 ready
[15:59:22] *****************游戏开始***************
[15:59:22] [0][10958]连庄局数 2,总局数4
[15:59:22] [1][10957]连庄局数 2,总局数4
[15:59:22] 游戏局数 4,总局数 4
[15:59:22] broad >>>>>>>>>>>>>>>>>>>>>>>>>>>>>>> message 71 size 8
[15:59:22] broad >>>>>>>>>>>>>>>>>>>>>>>>>>>>>>> message 51 size 0
[15:59:22] 0:10958 ready
[15:59:22] 0:10958 ready
[15:59:22] 0:10958 ready
[15:59:22] 0:10958 ready
[15:59:32] card 0 5,7,   type 0   point 7
[15:59:32] card 1 0,4,   type 0   point 2
[15:59:32] card 2 0,6,   type 0   point 6
[15:59:32] card 3 8,5,   type 0   point 6
[15:59:32] broad >>>>>>>>>>>>>>>>>>>>>>>>>>>>>>> message 52 size 16
[15:59:47] 区域 0 结算 0
[15:59:47] 区域 1 结算 0
[15:59:47] 区域 2 结算 0
[15:59:47] 区域 3 结算 0
[15:59:47] 区域 4 结算 0
[15:59:47] 区域 5 结算 0
[15:59:47] 玩家0[10958]  结算 0
[15:59:47] 玩家1[10957]  结算 0
[15:59:47] broad >>>>>>>>>>>>>>>>>>>>>>>>>>>>>>> message 58 size 86
[15:59:49] 玩家0[10958]  结算 0, 分数 0, 总分数 -2080
[15:59:49] 玩家1[10957]  结算 0, 分数 0, 总分数 2080
[15:59:49] ******************游戏结束********************************



[15:59:57] *************************小结算***********************
[15:59:57] [Phone10957,10957] [庄] 输赢金币 60 ,排名 0
[15:59:57] [Phone10958,10958] [闲] 输赢金币 -60 ,排名 1
[15:59:57] broad >>>>>>>>>>>>>>>>>>>>>>>>>>>>>>> message 73 size 44
[15:59:57] user[10958] 坐庄次数 2,每个人当庄次数2 
[15:59:57] user[10957] 坐庄次数 2,每个人当庄次数2 
[15:59:57] *************************大结算***********************
[15:59:57] [Phone10958,10958]  输赢金币 -2080 ,总分数 -2080，胜局 0 ,最大胜局 0,大赢家 0
[15:59:57] [Phone10957,10957]  输赢金币 2080 ,总分数 2080，胜局 3 ,最大胜局 3,大赢家 1
[15:59:57] broad >>>>>>>>>>>>>>>>>>>>>>>>>>>>>>> message 70 size 68
