[13:29:26] 0:19762 sit
[13:29:27] 0:19762 onGetState
[13:29:27] send >>>>>>>>>>>>>>>>>>>>>>>>>>>>>>> 0 message 72 size 4
[13:29:27] 游戏局数 0,总局数 4
[13:29:27] broad >>>>>>>>>>>>>>>>>>>>>>>>>>>>>>> message 71 size 8
[13:30:2] 1:19763 sit
[13:30:2] 1:19763 onGetState
[13:30:2] send >>>>>>>>>>>>>>>>>>>>>>>>>>>>>>> 1 message 72 size 4
[13:30:2] 游戏局数 0,总局数 4
[13:30:2] broad >>>>>>>>>>>>>>>>>>>>>>>>>>>>>>> message 71 size 8
[13:30:28] 1:19763 ready
[13:30:32] 0:19762 ready
[13:30:32] *****************游戏开始***************
[13:30:32] [0][19762]连庄局数 1,总局数1
[13:30:32] [1][19763]连庄局数 0,总局数1
[13:30:32] 通知 庄家 0 坐庄次数 1
[13:30:32] broad >>>>>>>>>>>>>>>>>>>>>>>>>>>>>>> message 69 size 1
[13:30:32] 游戏局数 1,总局数 4
[13:30:32] broad >>>>>>>>>>>>>>>>>>>>>>>>>>>>>>> message 71 size 8
[13:30:32] broad >>>>>>>>>>>>>>>>>>>>>>>>>>>>>>> message 51 size 0
[13:30:42] card 0 6,8,   type 0   point 4
[13:30:42] card 1 5,f,   type 0   point 3
[13:30:42] card 2 1,e,   type 10   point 0
[13:30:42] card 3 7,1,   type 0   point 3
[13:30:42] broad >>>>>>>>>>>>>>>>>>>>>>>>>>>>>>> message 52 size 16
[13:30:57] 区域 0 结算 0
[13:30:57] 区域 1 结算 0
[13:30:57] 区域 2 结算 0
[13:30:57] 区域 3 结算 0
[13:30:57] 区域 4 结算 0
[13:30:57] 区域 5 结算 0
[13:30:57] 玩家0[19762]  结算 0
[13:30:57] 玩家1[19763]  结算 0
[13:30:57] broad >>>>>>>>>>>>>>>>>>>>>>>>>>>>>>> message 58 size 86
[13:30:59] 玩家0[19762]  结算 0, 分数 0, 总分数 0
[13:30:59] 玩家1[19763]  结算 0, 分数 0, 总分数 0
[13:30:59] ******************游戏结束********************************



[13:31:2] broad >>>>>>>>>>>>>>>>>>>>>>>>>>>>>>> message 72 size 4
[13:31:4] 0:19762 ready
[13:31:4] 1:19763 ready
[13:31:4] *****************游戏开始***************
[13:31:4] [0][19762]连庄局数 2,总局数2
[13:31:4] [1][19763]连庄局数 0,总局数2
[13:31:4] 游戏局数 2,总局数 4
[13:31:4] broad >>>>>>>>>>>>>>>>>>>>>>>>>>>>>>> message 71 size 8
[13:31:4] broad >>>>>>>>>>>>>>>>>>>>>>>>>>>>>>> message 51 size 0
[13:31:14] card 0 6,b,   type 0   point 3
[13:31:14] card 1 7,5,   type 0   point 7
[13:31:14] card 2 0,1,   type 0   point 4
[13:31:14] card 3 c,d,   type 0   point 7
[13:31:14] broad >>>>>>>>>>>>>>>>>>>>>>>>>>>>>>> message 52 size 16
[13:31:29] 区域 0 结算 0
[13:31:29] 区域 1 结算 0
[13:31:29] 区域 2 结算 0
[13:31:29] 区域 3 结算 0
[13:31:29] 区域 4 结算 0
[13:31:29] 区域 5 结算 0
[13:31:29] 玩家0[19762]  结算 0
[13:31:29] 玩家1[19763]  结算 0
[13:31:29] broad >>>>>>>>>>>>>>>>>>>>>>>>>>>>>>> message 58 size 86
[13:31:31] 玩家0[19762]  结算 0, 分数 0, 总分数 0
[13:31:31] 玩家1[19763]  结算 0, 分数 0, 总分数 0
[13:31:31] ******************游戏结束********************************



[13:31:39] *************************小结算***********************
[13:31:39] [Phone19762,19762] [庄] 输赢金币 0 ,排名 0
[13:31:39] [Phone19763,19763] [闲] 输赢金币 0 ,排名 0
[13:31:39] broad >>>>>>>>>>>>>>>>>>>>>>>>>>>>>>> message 73 size 44
[13:31:39] user[19762] 坐庄次数 2,每个人当庄次数2 
[13:31:39] user[19763] 坐庄次数 0,每个人当庄次数2 
[13:31:39] broad >>>>>>>>>>>>>>>>>>>>>>>>>>>>>>> message 72 size 4
[13:31:47] 1:19763 ready
[13:31:48] 0:19762 ready
[13:31:48] *****************游戏开始***************
[13:31:48] [0][19762]连庄局数 2,总局数3
[13:31:48] [1][19763]连庄局数 1,总局数3
[13:31:48] 通知 庄家 1 坐庄次数 1
[13:31:48] broad >>>>>>>>>>>>>>>>>>>>>>>>>>>>>>> message 69 size 1
[13:31:48] 游戏局数 3,总局数 4
[13:31:48] broad >>>>>>>>>>>>>>>>>>>>>>>>>>>>>>> message 71 size 8
[13:31:48] broad >>>>>>>>>>>>>>>>>>>>>>>>>>>>>>> message 51 size 0
[13:31:58] card 0 e,d,   type 0   point 6
[13:31:58] card 1 7,2,   type 0   point 9
[13:31:58] card 2 f,9,   type 0   point 4
[13:31:58] card 3 9,11,   type 0   point 3
[13:31:58] broad >>>>>>>>>>>>>>>>>>>>>>>>>>>>>>> message 52 size 16
[13:32:13] 区域 0 结算 0
[13:32:13] 区域 1 结算 0
[13:32:13] 区域 2 结算 0
[13:32:13] 区域 3 结算 0
[13:32:13] 区域 4 结算 0
[13:32:13] 区域 5 结算 0
[13:32:13] 玩家0[19762]  结算 0
[13:32:13] 玩家1[19763]  结算 0
[13:32:13] broad >>>>>>>>>>>>>>>>>>>>>>>>>>>>>>> message 58 size 86
[13:32:15] 玩家0[19762]  结算 0, 分数 0, 总分数 0
[13:32:15] 玩家1[19763]  结算 0, 分数 0, 总分数 0
[13:32:15] ******************游戏结束********************************



[13:32:18] broad >>>>>>>>>>>>>>>>>>>>>>>>>>>>>>> message 72 size 4
[13:32:22] 1:19763 ready
[13:32:24] 0:19762 ready
[13:32:24] *****************游戏开始***************
[13:32:24] [0][19762]连庄局数 2,总局数4
[13:32:24] [1][19763]连庄局数 2,总局数4
[13:32:24] 游戏局数 4,总局数 4
[13:32:24] broad >>>>>>>>>>>>>>>>>>>>>>>>>>>>>>> message 71 size 8
[13:32:24] broad >>>>>>>>>>>>>>>>>>>>>>>>>>>>>>> message 51 size 0
[13:32:34] card 0 8,2,   type 0   point 8
[13:32:34] card 1 d,2,   type 0   point 6
[13:32:34] card 2 f,0,   type 0   point 9
[13:32:34] card 3 12,0,   type 0   point 7
[13:32:34] broad >>>>>>>>>>>>>>>>>>>>>>>>>>>>>>> message 52 size 16
[13:32:49] 区域 0 结算 0
[13:32:49] 区域 1 结算 0
[13:32:49] 区域 2 结算 0
[13:32:49] 区域 3 结算 0
[13:32:49] 区域 4 结算 0
[13:32:49] 区域 5 结算 0
[13:32:49] 玩家0[19762]  结算 0
[13:32:49] 玩家1[19763]  结算 0
[13:32:49] broad >>>>>>>>>>>>>>>>>>>>>>>>>>>>>>> message 58 size 86
[13:32:51] 玩家0[19762]  结算 0, 分数 0, 总分数 0
[13:32:51] 玩家1[19763]  结算 0, 分数 0, 总分数 0
[13:32:51] ******************游戏结束********************************



[13:32:59] *************************小结算***********************
[13:32:59] [Phone19762,19762] [闲] 输赢金币 0 ,排名 0
[13:32:59] [Phone19763,19763] [庄] 输赢金币 0 ,排名 0
[13:32:59] broad >>>>>>>>>>>>>>>>>>>>>>>>>>>>>>> message 73 size 44
[13:32:59] user[19762] 坐庄次数 2,每个人当庄次数2 
[13:32:59] user[19763] 坐庄次数 2,每个人当庄次数2 
[13:32:59] *************************大结算***********************
[13:32:59] [Phone19762,19762]  输赢金币 0 ,总分数 0，胜局 0 ,最大胜局 0,大赢家 0
[13:32:59] [Phone19763,19763]  输赢金币 0 ,总分数 0，胜局 0 ,最大胜局 0,大赢家 0
[13:32:59] broad >>>>>>>>>>>>>>>>>>>>>>>>>>>>>>> message 70 size 68
