[16:37:23] 0:19458 sit
[16:37:24] 0:19458 onGetState
[16:37:24] send >>>>>>>>>>>>>>>>>>>>>>>>>>>>>>> 0 message 72 size 4
[16:37:24] 游戏局数 0,总局数 4
[16:37:24] broad >>>>>>>>>>>>>>>>>>>>>>>>>>>>>>> message 71 size 8
[16:37:38] 1:18558 sit
[16:37:38] 1:18558 onGetState
[16:37:38] send >>>>>>>>>>>>>>>>>>>>>>>>>>>>>>> 1 message 72 size 4
[16:37:38] 游戏局数 0,总局数 4
[16:37:38] broad >>>>>>>>>>>>>>>>>>>>>>>>>>>>>>> message 71 size 8
[16:37:41] 0:19458 ready
[16:37:45] 1:18558 ready
[16:37:45] *****************游戏开始***************
[16:37:45] [0][19458]连庄局数 1,总局数1
[16:37:45] [1][18558]连庄局数 0,总局数1
[16:37:45] 通知 庄家 0 坐庄次数 1
[16:37:45] broad >>>>>>>>>>>>>>>>>>>>>>>>>>>>>>> message 69 size 1
[16:37:45] 游戏局数 1,总局数 4
[16:37:45] broad >>>>>>>>>>>>>>>>>>>>>>>>>>>>>>> message 71 size 8
[16:37:45] broad >>>>>>>>>>>>>>>>>>>>>>>>>>>>>>> message 51 size 0
[16:37:55] card 0 6,5,   type 0   point 0
[16:37:55] card 1 0,3,   type 0   point 6
[16:37:55] card 2 8,2,   type 0   point 8
[16:37:55] card 3 e,f,   type 0   point 5
[16:37:55] broad >>>>>>>>>>>>>>>>>>>>>>>>>>>>>>> message 52 size 16
[16:38:10] 区域 0 结算 0
[16:38:10] 区域 1 结算 0
[16:38:10] 区域 2 结算 0
[16:38:10] 区域 3 结算 0
[16:38:10] 区域 4 结算 0
[16:38:10] 区域 5 结算 0
[16:38:10] 玩家0[19458]  结算 0
[16:38:10] 玩家1[18558]  结算 0
[16:38:10] broad >>>>>>>>>>>>>>>>>>>>>>>>>>>>>>> message 58 size 86
[16:38:12] 玩家0[19458]  结算 0, 分数 0, 总分数 0
[16:38:12] 玩家1[18558]  结算 0, 分数 0, 总分数 0
[16:38:12] ******************游戏结束********************************



[16:38:15] broad >>>>>>>>>>>>>>>>>>>>>>>>>>>>>>> message 72 size 4
[16:38:16] 1:18558 ready
[16:38:20] 0:19458 ready
[16:38:20] *****************游戏开始***************
[16:38:20] [0][19458]连庄局数 2,总局数2
[16:38:20] [1][18558]连庄局数 0,总局数2
[16:38:20] 游戏局数 2,总局数 4
[16:38:20] broad >>>>>>>>>>>>>>>>>>>>>>>>>>>>>>> message 71 size 8
[16:38:20] broad >>>>>>>>>>>>>>>>>>>>>>>>>>>>>>> message 51 size 0
[16:38:30] card 0 4,11,   type 0   point 6
[16:38:30] card 1 4,8,   type 0   point 0
[16:38:30] card 2 9,6,   type 0   point 1
[16:38:30] card 3 d,5,   type 0   point 4
[16:38:30] broad >>>>>>>>>>>>>>>>>>>>>>>>>>>>>>> message 52 size 16
[16:38:45] *************************大结算***********************
[16:38:45] [Phone19458,19458]  输赢金币 0 ,总分数 0，胜局 0 ,最大胜局 0,大赢家 0
[16:38:45] [Phone18558,18558]  输赢金币 0 ,总分数 0，胜局 0 ,最大胜局 0,大赢家 0
[16:38:45] broad >>>>>>>>>>>>>>>>>>>>>>>>>>>>>>> message 70 size 68
