[10:21:1] 0:20816 sit
[10:21:2] 0:20816 onGetState
[10:21:2] send >>>>>>>>>>>>>>>>>>>>>>>>>>>>>>> 0 message 72 size 4
[10:21:2] 游戏局数 0,总局数 16
[10:21:2] broad >>>>>>>>>>>>>>>>>>>>>>>>>>>>>>> message 71 size 8
[10:22:33] 0:20816 netcut
[10:22:34] 0:20816 recome
[10:22:34] 0:20816 onGetState
[10:22:34] send >>>>>>>>>>>>>>>>>>>>>>>>>>>>>>> 0 message 72 size 4
[10:22:34] 游戏局数 0,总局数 16
[10:22:34] broad >>>>>>>>>>>>>>>>>>>>>>>>>>>>>>> message 71 size 8
[10:25:16] 0:20816 netcut
[10:25:17] 0:20816 recome
[10:25:18] 0:20816 onGetState
[10:25:18] send >>>>>>>>>>>>>>>>>>>>>>>>>>>>>>> 0 message 72 size 4
[10:25:18] 游戏局数 0,总局数 16
[10:25:18] broad >>>>>>>>>>>>>>>>>>>>>>>>>>>>>>> message 71 size 8
[10:26:55] 1:20819 sit
[10:26:56] 1:20819 onGetState
[10:26:56] send >>>>>>>>>>>>>>>>>>>>>>>>>>>>>>> 1 message 72 size 4
[10:26:56] 游戏局数 0,总局数 16
[10:26:56] broad >>>>>>>>>>>>>>>>>>>>>>>>>>>>>>> message 71 size 8
[10:27:1] 0:20816 ready
[10:27:2] 1:20819 ready
