[21:58:48] 0:20236 sit
[21:58:48] 0:20236 onGetState
[21:58:48] send >>>>>>>>>>>>>>>>>>>>>>>>>>>>>>> 0 message 72 size 4
[21:58:48] 游戏局数 0,总局数 8
[21:58:48] broad >>>>>>>>>>>>>>>>>>>>>>>>>>>>>>> message 71 size 8
[21:58:52] 1:20235 sit
[21:58:52] 1:20235 onGetState
[21:58:52] send >>>>>>>>>>>>>>>>>>>>>>>>>>>>>>> 1 message 72 size 4
[21:58:52] 游戏局数 0,总局数 8
[21:58:52] broad >>>>>>>>>>>>>>>>>>>>>>>>>>>>>>> message 71 size 8
[21:58:54] 1:20235 ready
[21:58:55] 0:20236 ready
[21:58:55] *****************游戏开始***************
[21:58:55] [0][20236]连庄局数 1,总局数1
[21:58:55] [1][20235]连庄局数 0,总局数1
[21:58:55] 通知 庄家 0 坐庄次数 1
[21:58:55] broad >>>>>>>>>>>>>>>>>>>>>>>>>>>>>>> message 69 size 1
[21:58:55] 游戏局数 1,总局数 8
[21:58:55] broad >>>>>>>>>>>>>>>>>>>>>>>>>>>>>>> message 71 size 8
[21:58:55] broad >>>>>>>>>>>>>>>>>>>>>>>>>>>>>>> message 51 size 0
[21:58:59] recv  55 <<<<<<<<<<<<<<<<<<<<<<<<<<<<<<< 1
[21:58:59] userbet 20235  在2 下了 10,累计下注 10
[21:58:59] broad >>>>>>>>>>>>>>>>>>>>>>>>>>>>>>> message 56 size 6
[21:58:59] 区域 0  总下注0
[21:58:59] 区域 1  总下注0
[21:58:59] 区域 2  总下注10
[21:58:59] 区域 3  总下注0
[21:58:59] 区域 4  总下注0
[21:58:59] 区域 5  总下注0
[21:58:59] send >>>>>>>>>>>>>>>>>>>>>>>>>>>>>>> 0 message 57 size 112
[21:58:59] 玩家20235在区域 0  总下注0
[21:58:59] 玩家20235在区域 1  总下注0
[21:58:59] 玩家20235在区域 2  总下注10
[21:58:59] 玩家20235在区域 3  总下注0
[21:58:59] 玩家20235在区域 4  总下注0
[21:58:59] 玩家20235在区域 5  总下注0
[21:58:59] 玩家20235 总下注10
[21:58:59] send >>>>>>>>>>>>>>>>>>>>>>>>>>>>>>> 1 message 57 size 112
[21:59:0] recv  55 <<<<<<<<<<<<<<<<<<<<<<<<<<<<<<< 1
[21:59:0] userbet 20235  在0 下了 10,累计下注 20
[21:59:0] broad >>>>>>>>>>>>>>>>>>>>>>>>>>>>>>> message 56 size 6
[21:59:0] 区域 0  总下注10
[21:59:0] 区域 1  总下注0
[21:59:0] 区域 2  总下注10
[21:59:0] 区域 3  总下注0
[21:59:0] 区域 4  总下注0
[21:59:0] 区域 5  总下注0
[21:59:0] send >>>>>>>>>>>>>>>>>>>>>>>>>>>>>>> 0 message 57 size 112
[21:59:0] 玩家20235在区域 0  总下注10
[21:59:0] 玩家20235在区域 1  总下注0
[21:59:0] 玩家20235在区域 2  总下注10
[21:59:0] 玩家20235在区域 3  总下注0
[21:59:0] 玩家20235在区域 4  总下注0
[21:59:0] 玩家20235在区域 5  总下注0
[21:59:0] 玩家20235 总下注20
[21:59:0] send >>>>>>>>>>>>>>>>>>>>>>>>>>>>>>> 1 message 57 size 112
[21:59:1] recv  55 <<<<<<<<<<<<<<<<<<<<<<<<<<<<<<< 1
[21:59:1] userbet 20235  在2 下了 10,累计下注 30
[21:59:1] broad >>>>>>>>>>>>>>>>>>>>>>>>>>>>>>> message 56 size 6
[21:59:1] 区域 0  总下注10
[21:59:1] 区域 1  总下注0
[21:59:1] 区域 2  总下注20
[21:59:1] 区域 3  总下注0
[21:59:1] 区域 4  总下注0
[21:59:1] 区域 5  总下注0
[21:59:1] send >>>>>>>>>>>>>>>>>>>>>>>>>>>>>>> 0 message 57 size 112
[21:59:1] 玩家20235在区域 0  总下注10
[21:59:1] 玩家20235在区域 1  总下注0
[21:59:1] 玩家20235在区域 2  总下注20
[21:59:1] 玩家20235在区域 3  总下注0
[21:59:1] 玩家20235在区域 4  总下注0
[21:59:1] 玩家20235在区域 5  总下注0
[21:59:1] 玩家20235 总下注30
[21:59:1] send >>>>>>>>>>>>>>>>>>>>>>>>>>>>>>> 1 message 57 size 112
[21:59:5] card 0 f,b,   type 0   point 6
[21:59:5] card 1 1,8,   type 0   point 2
[21:59:5] card 2 11,d,   type 0   point 4
[21:59:5] card 3 1,8,   type 0   point 2
[21:59:5] broad >>>>>>>>>>>>>>>>>>>>>>>>>>>>>>> message 52 size 16
[21:59:20] 区域 0 结算 10
[21:59:20] 区域 1 结算 0
[21:59:20] 区域 2 结算 20
[21:59:20] 区域 3 结算 0
[21:59:20] 区域 4 结算 0
[21:59:20] 区域 5 结算 0
[21:59:20] 玩家0[20236]  结算 -30
[21:59:20] 玩家1[20235]  结算 30
[21:59:20] broad >>>>>>>>>>>>>>>>>>>>>>>>>>>>>>> message 58 size 86
[21:59:22] 玩家0[20236]  结算 -30, 分数 -30, 总分数 -30
[21:59:22] 玩家1[20235]  结算 30, 分数 30, 总分数 30
[21:59:22] ******************游戏结束********************************



[21:59:25] broad >>>>>>>>>>>>>>>>>>>>>>>>>>>>>>> message 72 size 4
[21:59:26] 1:20235 ready
[21:59:27] 0:20236 ready
[21:59:27] *****************游戏开始***************
[21:59:27] [0][20236]连庄局数 2,总局数2
[21:59:27] [1][20235]连庄局数 0,总局数2
[21:59:27] 游戏局数 2,总局数 8
[21:59:27] broad >>>>>>>>>>>>>>>>>>>>>>>>>>>>>>> message 71 size 8
[21:59:27] broad >>>>>>>>>>>>>>>>>>>>>>>>>>>>>>> message 51 size 0
[21:59:32] recv  55 <<<<<<<<<<<<<<<<<<<<<<<<<<<<<<< 1
[21:59:32] userbet 20235  在2 下了 50,累计下注 50
[21:59:32] broad >>>>>>>>>>>>>>>>>>>>>>>>>>>>>>> message 56 size 6
[21:59:32] 区域 0  总下注0
[21:59:32] 区域 1  总下注0
[21:59:32] 区域 2  总下注50
[21:59:32] 区域 3  总下注0
[21:59:32] 区域 4  总下注0
[21:59:32] 区域 5  总下注0
[21:59:32] send >>>>>>>>>>>>>>>>>>>>>>>>>>>>>>> 0 message 57 size 112
[21:59:32] 玩家20235在区域 0  总下注0
[21:59:32] 玩家20235在区域 1  总下注0
[21:59:32] 玩家20235在区域 2  总下注50
[21:59:32] 玩家20235在区域 3  总下注0
[21:59:32] 玩家20235在区域 4  总下注0
[21:59:32] 玩家20235在区域 5  总下注0
[21:59:32] 玩家20235 总下注50
[21:59:32] send >>>>>>>>>>>>>>>>>>>>>>>>>>>>>>> 1 message 57 size 112
[21:59:32] recv  55 <<<<<<<<<<<<<<<<<<<<<<<<<<<<<<< 1
[21:59:32] userbet 20235  在0 下了 50,累计下注 100
[21:59:32] broad >>>>>>>>>>>>>>>>>>>>>>>>>>>>>>> message 56 size 6
[21:59:32] 区域 0  总下注50
[21:59:32] 区域 1  总下注0
[21:59:32] 区域 2  总下注50
[21:59:32] 区域 3  总下注0
[21:59:32] 区域 4  总下注0
[21:59:32] 区域 5  总下注0
[21:59:32] send >>>>>>>>>>>>>>>>>>>>>>>>>>>>>>> 0 message 57 size 112
[21:59:32] 玩家20235在区域 0  总下注50
[21:59:32] 玩家20235在区域 1  总下注0
[21:59:32] 玩家20235在区域 2  总下注50
[21:59:32] 玩家20235在区域 3  总下注0
[21:59:32] 玩家20235在区域 4  总下注0
[21:59:32] 玩家20235在区域 5  总下注0
[21:59:32] 玩家20235 总下注100
[21:59:32] send >>>>>>>>>>>>>>>>>>>>>>>>>>>>>>> 1 message 57 size 112
[21:59:33] recv  55 <<<<<<<<<<<<<<<<<<<<<<<<<<<<<<< 1
[21:59:33] userbet 20235  在0 下了 50,累计下注 150
[21:59:33] broad >>>>>>>>>>>>>>>>>>>>>>>>>>>>>>> message 56 size 6
[21:59:33] 区域 0  总下注100
[21:59:33] 区域 1  总下注0
[21:59:33] 区域 2  总下注50
[21:59:33] 区域 3  总下注0
[21:59:33] 区域 4  总下注0
[21:59:33] 区域 5  总下注0
[21:59:33] send >>>>>>>>>>>>>>>>>>>>>>>>>>>>>>> 0 message 57 size 112
[21:59:33] 玩家20235在区域 0  总下注100
[21:59:33] 玩家20235在区域 1  总下注0
[21:59:33] 玩家20235在区域 2  总下注50
[21:59:33] 玩家20235在区域 3  总下注0
[21:59:33] 玩家20235在区域 4  总下注0
[21:59:33] 玩家20235在区域 5  总下注0
[21:59:33] 玩家20235 总下注150
[21:59:33] send >>>>>>>>>>>>>>>>>>>>>>>>>>>>>>> 1 message 57 size 112
[21:59:37] card 0 5,7,   type 0   point 7
[21:59:37] card 1 f,9,   type 0   point 4
[21:59:37] card 2 3,6,   type 0   point 8
[21:59:37] card 3 4,13,   type 0   point 5
[21:59:37] broad >>>>>>>>>>>>>>>>>>>>>>>>>>>>>>> message 52 size 16
[21:59:52] 区域 0 结算 100
[21:59:52] 区域 1 结算 0
[21:59:52] 区域 2 结算 50
[21:59:52] 区域 3 结算 0
[21:59:52] 区域 4 结算 0
[21:59:52] 区域 5 结算 0
[21:59:52] 玩家0[20236]  结算 -150
[21:59:52] 玩家1[20235]  结算 150
[21:59:52] broad >>>>>>>>>>>>>>>>>>>>>>>>>>>>>>> message 58 size 86
[21:59:54] 玩家0[20236]  结算 -150, 分数 -150, 总分数 -180
[21:59:54] 玩家1[20235]  结算 150, 分数 150, 总分数 180
[21:59:54] ******************游戏结束********************************



[21:59:57] broad >>>>>>>>>>>>>>>>>>>>>>>>>>>>>>> message 72 size 4
[21:59:59] 0:20236 ready
