[15:10:22] 0:20324 sit
[15:10:23] 0:20324 onGetState
[15:10:23] send >>>>>>>>>>>>>>>>>>>>>>>>>>>>>>> 0 message 72 size 4
[15:10:23] 游戏局数 0,总局数 4
[15:10:23] broad >>>>>>>>>>>>>>>>>>>>>>>>>>>>>>> message 71 size 8
[15:10:28] 0:20324 ready
[15:10:32] 1:20326 sit
[15:10:33] 1:20326 onGetState
[15:10:33] send >>>>>>>>>>>>>>>>>>>>>>>>>>>>>>> 1 message 72 size 4
[15:10:33] 游戏局数 0,总局数 4
[15:10:33] broad >>>>>>>>>>>>>>>>>>>>>>>>>>>>>>> message 71 size 8
[15:10:35] 1:20326 ready
[15:10:35] *****************游戏开始***************
[15:10:35] [0][20324]连庄局数 1,总局数1
[15:10:35] [1][20326]连庄局数 0,总局数1
[15:10:35] 通知 庄家 0 坐庄次数 1
[15:10:35] broad >>>>>>>>>>>>>>>>>>>>>>>>>>>>>>> message 69 size 1
[15:10:35] 游戏局数 1,总局数 4
[15:10:35] broad >>>>>>>>>>>>>>>>>>>>>>>>>>>>>>> message 71 size 8
[15:10:35] broad >>>>>>>>>>>>>>>>>>>>>>>>>>>>>>> message 51 size 0
[15:10:45] card 0 9,6,   type 0   point 1
[15:10:45] card 1 5,8,   type 0   point 6
[15:10:45] card 2 0,1,   type 0   point 4
[15:10:45] card 3 4,3,   type 0   point 4
[15:10:45] broad >>>>>>>>>>>>>>>>>>>>>>>>>>>>>>> message 52 size 16
[15:11:0] 区域 0 结算 0
[15:11:0] 区域 1 结算 0
[15:11:0] 区域 2 结算 0
[15:11:0] 区域 3 结算 0
[15:11:0] 区域 4 结算 0
[15:11:0] 区域 5 结算 0
[15:11:0] 玩家0[20324]  结算 0
[15:11:0] 玩家1[20326]  结算 0
[15:11:0] broad >>>>>>>>>>>>>>>>>>>>>>>>>>>>>>> message 58 size 86
[15:11:2] 玩家0[20324]  结算 0, 分数 0, 总分数 0
[15:11:2] 玩家1[20326]  结算 0, 分数 0, 总分数 0
[15:11:2] ******************游戏结束********************************



[15:11:5] broad >>>>>>>>>>>>>>>>>>>>>>>>>>>>>>> message 72 size 4
[15:11:7] 0:20324 ready
[15:11:11] 1:20326 ready
[15:11:11] *****************游戏开始***************
[15:11:11] [0][20324]连庄局数 2,总局数2
[15:11:11] [1][20326]连庄局数 0,总局数2
[15:11:11] 游戏局数 2,总局数 4
[15:11:11] broad >>>>>>>>>>>>>>>>>>>>>>>>>>>>>>> message 71 size 8
[15:11:11] broad >>>>>>>>>>>>>>>>>>>>>>>>>>>>>>> message 51 size 0
[15:11:21] card 0 c,7,   type 0   point 0
[15:11:21] card 1 3,0,   type 0   point 6
[15:11:21] card 2 d,1,   type 10   point 0
[15:11:21] card 3 8,5,   type 0   point 6
[15:11:21] broad >>>>>>>>>>>>>>>>>>>>>>>>>>>>>>> message 52 size 16
[15:11:36] 区域 0 结算 0
[15:11:36] 区域 1 结算 0
[15:11:36] 区域 2 结算 0
[15:11:36] 区域 3 结算 0
[15:11:36] 区域 4 结算 0
[15:11:36] 区域 5 结算 0
[15:11:36] 玩家0[20324]  结算 0
[15:11:36] 玩家1[20326]  结算 0
[15:11:36] broad >>>>>>>>>>>>>>>>>>>>>>>>>>>>>>> message 58 size 86
[15:11:38] 玩家0[20324]  结算 0, 分数 0, 总分数 0
[15:11:38] 玩家1[20326]  结算 0, 分数 0, 总分数 0
[15:11:38] ******************游戏结束********************************



[15:11:46] *************************小结算***********************
[15:11:46] [Phone20324,20324] [庄] 输赢金币 0 ,排名 0
[15:11:46] [Phone20326,20326] [闲] 输赢金币 0 ,排名 0
[15:11:46] broad >>>>>>>>>>>>>>>>>>>>>>>>>>>>>>> message 73 size 44
[15:11:46] user[20324] 坐庄次数 2,每个人当庄次数2 
[15:11:46] user[20326] 坐庄次数 0,每个人当庄次数2 
[15:11:46] broad >>>>>>>>>>>>>>>>>>>>>>>>>>>>>>> message 72 size 4
[15:11:47] 0:20324 ready
[15:11:48] 1:20326 ready
[15:11:48] *****************游戏开始***************
[15:11:48] [0][20324]连庄局数 2,总局数3
[15:11:48] [1][20326]连庄局数 1,总局数3
[15:11:48] 通知 庄家 1 坐庄次数 1
[15:11:48] broad >>>>>>>>>>>>>>>>>>>>>>>>>>>>>>> message 69 size 1
[15:11:48] 游戏局数 3,总局数 4
[15:11:48] broad >>>>>>>>>>>>>>>>>>>>>>>>>>>>>>> message 71 size 8
[15:11:48] broad >>>>>>>>>>>>>>>>>>>>>>>>>>>>>>> message 51 size 0
[15:11:49] *************************大结算***********************
[15:11:49] [Phone20324,20324]  输赢金币 0 ,总分数 0，胜局 0 ,最大胜局 0,大赢家 0
[15:11:49] [Phone20326,20326]  输赢金币 0 ,总分数 0，胜局 0 ,最大胜局 0,大赢家 0
[15:11:49] broad >>>>>>>>>>>>>>>>>>>>>>>>>>>>>>> message 70 size 68
