[9:58:52] 0:14385 sit
[9:58:53] 0:14385 onGetState
[9:58:53] send >>>>>>>>>>>>>>>>>>>>>>>>>>>>>>> 0 message 72 size 4
[9:58:53] 游戏局数 0,总局数 4
[9:58:53] broad >>>>>>>>>>>>>>>>>>>>>>>>>>>>>>> message 71 size 8
[9:58:59] 1:14562 sit
[9:59:0] 0:14385 ready
[9:59:0] 1:14562 onGetState
[9:59:0] send >>>>>>>>>>>>>>>>>>>>>>>>>>>>>>> 1 message 72 size 4
[9:59:0] 游戏局数 0,总局数 4
[9:59:0] broad >>>>>>>>>>>>>>>>>>>>>>>>>>>>>>> message 71 size 8
[9:59:1] 1:14562 ready
[9:59:1] *****************游戏开始***************
[9:59:1] [0][14385]连庄局数 1,总局数1
[9:59:1] [1][14562]连庄局数 0,总局数1
[9:59:1] 通知 庄家 0 坐庄次数 1
[9:59:1] broad >>>>>>>>>>>>>>>>>>>>>>>>>>>>>>> message 69 size 1
[9:59:1] 游戏局数 1,总局数 4
[9:59:1] broad >>>>>>>>>>>>>>>>>>>>>>>>>>>>>>> message 71 size 8
[9:59:1] broad >>>>>>>>>>>>>>>>>>>>>>>>>>>>>>> message 51 size 0
[9:59:10] recv  55 <<<<<<<<<<<<<<<<<<<<<<<<<<<<<<< 1
[9:59:10] userbet 14562  在1 下了 10,累计下注 10
[9:59:10] broad >>>>>>>>>>>>>>>>>>>>>>>>>>>>>>> message 56 size 6
[9:59:10] 区域 0  总下注0
[9:59:10] 区域 1  总下注10
[9:59:10] 区域 2  总下注0
[9:59:10] 区域 3  总下注0
[9:59:10] 区域 4  总下注0
[9:59:10] 区域 5  总下注0
[9:59:10] send >>>>>>>>>>>>>>>>>>>>>>>>>>>>>>> 0 message 57 size 112
[9:59:10] 玩家14562在区域 0  总下注0
[9:59:10] 玩家14562在区域 1  总下注10
[9:59:10] 玩家14562在区域 2  总下注0
[9:59:10] 玩家14562在区域 3  总下注0
[9:59:10] 玩家14562在区域 4  总下注0
[9:59:10] 玩家14562在区域 5  总下注0
[9:59:10] 玩家14562 总下注10
[9:59:10] send >>>>>>>>>>>>>>>>>>>>>>>>>>>>>>> 1 message 57 size 112
[9:59:10] recv  55 <<<<<<<<<<<<<<<<<<<<<<<<<<<<<<< 1
[9:59:10] userbet 14562  在2 下了 10,累计下注 20
[9:59:10] broad >>>>>>>>>>>>>>>>>>>>>>>>>>>>>>> message 56 size 6
[9:59:10] 区域 0  总下注0
[9:59:10] 区域 1  总下注10
[9:59:10] 区域 2  总下注10
[9:59:10] 区域 3  总下注0
[9:59:10] 区域 4  总下注0
[9:59:10] 区域 5  总下注0
[9:59:10] send >>>>>>>>>>>>>>>>>>>>>>>>>>>>>>> 0 message 57 size 112
[9:59:10] 玩家14562在区域 0  总下注0
[9:59:10] 玩家14562在区域 1  总下注10
[9:59:10] 玩家14562在区域 2  总下注10
[9:59:10] 玩家14562在区域 3  总下注0
[9:59:10] 玩家14562在区域 4  总下注0
[9:59:10] 玩家14562在区域 5  总下注0
[9:59:10] 玩家14562 总下注20
[9:59:10] send >>>>>>>>>>>>>>>>>>>>>>>>>>>>>>> 1 message 57 size 112
[9:59:11] recv  55 <<<<<<<<<<<<<<<<<<<<<<<<<<<<<<< 1
[9:59:11] userbet 14562  在4 下了 10,累计下注 30
[9:59:11] broad >>>>>>>>>>>>>>>>>>>>>>>>>>>>>>> message 56 size 6
[9:59:11] 区域 0  总下注0
[9:59:11] 区域 1  总下注10
[9:59:11] 区域 2  总下注10
[9:59:11] 区域 3  总下注0
[9:59:11] 区域 4  总下注10
[9:59:11] 区域 5  总下注0
[9:59:11] send >>>>>>>>>>>>>>>>>>>>>>>>>>>>>>> 0 message 57 size 112
[9:59:11] 玩家14562在区域 0  总下注0
[9:59:11] 玩家14562在区域 1  总下注10
[9:59:11] 玩家14562在区域 2  总下注10
[9:59:11] 玩家14562在区域 3  总下注0
[9:59:11] 玩家14562在区域 4  总下注10
[9:59:11] 玩家14562在区域 5  总下注0
[9:59:11] 玩家14562 总下注30
[9:59:11] send >>>>>>>>>>>>>>>>>>>>>>>>>>>>>>> 1 message 57 size 112
[9:59:11] card 0 6,7,   type 0   point 5
[9:59:11] card 1 4,10,   type 0   point 7
[9:59:11] card 2 3,8,   type 0   point 4
[9:59:11] card 3 3,0,   type 0   point 6
[9:59:11] broad >>>>>>>>>>>>>>>>>>>>>>>>>>>>>>> message 52 size 16
[9:59:15] *************************大结算***********************
[9:59:15] [ZZY101,14385]  输赢金币 0 ,总分数 0，胜局 0 ,最大胜局 0,大赢家 0
[9:59:15] [ZZY102,14562]  输赢金币 0 ,总分数 0，胜局 0 ,最大胜局 0,大赢家 0
[9:59:15] broad >>>>>>>>>>>>>>>>>>>>>>>>>>>>>>> message 70 size 68
