[15:0:50] 0:10966 ready
[15:0:53] 1:19662 ready
[15:0:53] *****************游戏开始***************
[15:0:53] [0][10966]连庄局数 2,总局数2
[15:0:53] [1][19662]连庄局数 0,总局数2
[15:0:53] 游戏局数 2,总局数 4
[15:0:53] broad >>>>>>>>>>>>>>>>>>>>>>>>>>>>>>> message 71 size 8
[15:0:53] broad >>>>>>>>>>>>>>>>>>>>>>>>>>>>>>> message 51 size 0
[15:1:3] card 0 7,13,   type 0   point 6
[15:1:3] card 1 12,11,   type 0   point 8
[15:1:3] card 2 10,8,   type 0   point 7
[15:1:3] card 3 4,9,   type 0   point 7
[15:1:3] broad >>>>>>>>>>>>>>>>>>>>>>>>>>>>>>> message 52 size 16
[15:1:18] 区域 0 结算 0
[15:1:18] 区域 1 结算 0
[15:1:18] 区域 2 结算 0
[15:1:18] 区域 3 结算 0
[15:1:18] 区域 4 结算 0
[15:1:18] 区域 5 结算 0
[15:1:18] 玩家0[10966]  结算 0
[15:1:18] 玩家1[19662]  结算 0
[15:1:18] broad >>>>>>>>>>>>>>>>>>>>>>>>>>>>>>> message 58 size 86
[15:1:20] 玩家0[10966]  结算 0, 分数 0, 总分数 100
[15:1:20] 玩家1[19662]  结算 0, 分数 0, 总分数 -100
[15:1:20] ******************游戏结束********************************



[15:1:28] *************************小结算***********************
[15:1:28] [Phone10966,10966] [庄] 输赢金币 100 ,排名 0
[15:1:28] [Phone19662,19662] [闲] 输赢金币 -100 ,排名 1
[15:1:28] broad >>>>>>>>>>>>>>>>>>>>>>>>>>>>>>> message 73 size 44
[15:1:28] user[10966] 坐庄次数 2,每个人当庄次数2 
[15:1:28] user[19662] 坐庄次数 0,每个人当庄次数2 
[15:1:28] broad >>>>>>>>>>>>>>>>>>>>>>>>>>>>>>> message 72 size 4
[15:1:32] 1:19662 ready
[15:1:35] 0:10966 ready
[15:1:35] *****************游戏开始***************
[15:1:35] [0][10966]连庄局数 2,总局数3
[15:1:35] [1][19662]连庄局数 1,总局数3
[15:1:35] 通知 庄家 1 坐庄次数 1
[15:1:35] broad >>>>>>>>>>>>>>>>>>>>>>>>>>>>>>> message 69 size 1
[15:1:35] 游戏局数 3,总局数 4
[15:1:35] broad >>>>>>>>>>>>>>>>>>>>>>>>>>>>>>> message 71 size 8
[15:1:35] broad >>>>>>>>>>>>>>>>>>>>>>>>>>>>>>> message 51 size 0
[15:1:45] card 0 2,13,   type 0   point 3
[15:1:45] card 1 8,2,   type 0   point 8
[15:1:45] card 2 7,5,   type 0   point 7
[15:1:45] card 3 9,8,   type 0   point 7
[15:1:45] broad >>>>>>>>>>>>>>>>>>>>>>>>>>>>>>> message 52 size 16
[15:2:0] 区域 0 结算 0
[15:2:0] 区域 1 结算 0
[15:2:0] 区域 2 结算 0
[15:2:0] 区域 3 结算 0
[15:2:0] 区域 4 结算 0
[15:2:0] 区域 5 结算 0
[15:2:0] 玩家0[10966]  结算 0
[15:2:0] 玩家1[19662]  结算 0
[15:2:0] broad >>>>>>>>>>>>>>>>>>>>>>>>>>>>>>> message 58 size 86
[15:2:2] 玩家0[10966]  结算 0, 分数 0, 总分数 100
[15:2:2] 玩家1[19662]  结算 0, 分数 0, 总分数 -100
[15:2:2] ******************游戏结束********************************



[15:2:5] broad >>>>>>>>>>>>>>>>>>>>>>>>>>>>>>> message 72 size 4
[15:7:54] *************************大结算***********************
[15:7:54] [Phone10966,10966]  输赢金币 100 ,总分数 100，胜局 1 ,最大胜局 1,大赢家 1
[15:7:54] [Phone19662,19662]  输赢金币 -100 ,总分数 -100，胜局 0 ,最大胜局 0,大赢家 0
[15:7:54] broad >>>>>>>>>>>>>>>>>>>>>>>>>>>>>>> message 70 size 68
