[9:44:32] 0:21533 sit
[9:44:33] 0:21533 onGetState
[9:44:33] send >>>>>>>>>>>>>>>>>>>>>>>>>>>>>>> 0 message 72 size 4
[9:44:33] 游戏局数 0,总局数 8
[9:44:33] broad >>>>>>>>>>>>>>>>>>>>>>>>>>>>>>> message 71 size 8
[9:44:42] 1:10015 sit
[9:44:42] 1:10015 onGetState
[9:44:42] send >>>>>>>>>>>>>>>>>>>>>>>>>>>>>>> 1 message 72 size 4
[9:44:42] 游戏局数 0,总局数 8
[9:44:42] broad >>>>>>>>>>>>>>>>>>>>>>>>>>>>>>> message 71 size 8
[9:44:46] 2:10018 sit
[9:44:47] 2:10018 onGetState
[9:44:47] send >>>>>>>>>>>>>>>>>>>>>>>>>>>>>>> 2 message 72 size 4
[9:44:47] 游戏局数 0,总局数 8
[9:44:47] broad >>>>>>>>>>>>>>>>>>>>>>>>>>>>>>> message 71 size 8
[9:44:53] 3:10884 sit
[9:44:54] 3:10884 onGetState
[9:44:54] send >>>>>>>>>>>>>>>>>>>>>>>>>>>>>>> 3 message 72 size 4
[9:44:54] 游戏局数 0,总局数 8
[9:44:54] broad >>>>>>>>>>>>>>>>>>>>>>>>>>>>>>> message 71 size 8
[9:44:55] 0:21533 ready
[9:44:56] 3:10884 ready
[9:44:58] 2:10018 ready
[9:44:59] 1:10015 ready
[9:44:59] *****************游戏开始***************
[9:44:59] [0][21533]连庄局数 1,总局数1
[9:44:59] [1][10015]连庄局数 0,总局数1
[9:44:59] [2][10018]连庄局数 0,总局数1
[9:44:59] [3][10884]连庄局数 0,总局数1
[9:44:59] 通知 庄家 0 坐庄次数 1
[9:44:59] broad >>>>>>>>>>>>>>>>>>>>>>>>>>>>>>> message 69 size 1
[9:44:59] 游戏局数 1,总局数 8
[9:44:59] broad >>>>>>>>>>>>>>>>>>>>>>>>>>>>>>> message 71 size 8
[9:44:59] broad >>>>>>>>>>>>>>>>>>>>>>>>>>>>>>> message 51 size 0
[9:45:4] recv  55 <<<<<<<<<<<<<<<<<<<<<<<<<<<<<<< 3
[9:45:4] userbet 10884  在1 下了 10,累计下注 10
[9:45:4] broad >>>>>>>>>>>>>>>>>>>>>>>>>>>>>>> message 56 size 6
[9:45:4] 区域 0  总下注0
[9:45:4] 区域 1  总下注10
[9:45:4] 区域 2  总下注0
[9:45:4] 区域 3  总下注0
[9:45:4] 区域 4  总下注0
[9:45:4] 区域 5  总下注0
[9:45:4] send >>>>>>>>>>>>>>>>>>>>>>>>>>>>>>> 0 message 57 size 112
[9:45:4] 玩家10015在区域 0  总下注0
[9:45:4] 玩家10015在区域 1  总下注0
[9:45:4] 玩家10015在区域 2  总下注0
[9:45:4] 玩家10015在区域 3  总下注0
[9:45:4] 玩家10015在区域 4  总下注0
[9:45:4] 玩家10015在区域 5  总下注0
[9:45:4] 玩家10015 总下注0
[9:45:4] send >>>>>>>>>>>>>>>>>>>>>>>>>>>>>>> 1 message 57 size 112
[9:45:4] 玩家10018在区域 0  总下注0
[9:45:4] 玩家10018在区域 1  总下注0
[9:45:4] 玩家10018在区域 2  总下注0
[9:45:4] 玩家10018在区域 3  总下注0
[9:45:4] 玩家10018在区域 4  总下注0
[9:45:4] 玩家10018在区域 5  总下注0
[9:45:4] 玩家10018 总下注0
[9:45:4] send >>>>>>>>>>>>>>>>>>>>>>>>>>>>>>> 2 message 57 size 112
[9:45:4] 玩家10884在区域 0  总下注0
[9:45:4] 玩家10884在区域 1  总下注10
[9:45:4] 玩家10884在区域 2  总下注0
[9:45:4] 玩家10884在区域 3  总下注0
[9:45:4] 玩家10884在区域 4  总下注0
[9:45:4] 玩家10884在区域 5  总下注0
[9:45:4] 玩家10884 总下注10
[9:45:4] send >>>>>>>>>>>>>>>>>>>>>>>>>>>>>>> 3 message 57 size 112
[9:45:6] recv  55 <<<<<<<<<<<<<<<<<<<<<<<<<<<<<<< 1
[9:45:6] userbet 10015  在4 下了 10,累计下注 10
[9:45:6] broad >>>>>>>>>>>>>>>>>>>>>>>>>>>>>>> message 56 size 6
[9:45:6] 区域 0  总下注0
[9:45:6] 区域 1  总下注10
[9:45:6] 区域 2  总下注0
[9:45:6] 区域 3  总下注0
[9:45:6] 区域 4  总下注10
[9:45:6] 区域 5  总下注0
[9:45:6] send >>>>>>>>>>>>>>>>>>>>>>>>>>>>>>> 0 message 57 size 112
[9:45:6] 玩家10015在区域 0  总下注0
[9:45:6] 玩家10015在区域 1  总下注0
[9:45:6] 玩家10015在区域 2  总下注0
[9:45:6] 玩家10015在区域 3  总下注0
[9:45:6] 玩家10015在区域 4  总下注10
[9:45:6] 玩家10015在区域 5  总下注0
[9:45:6] 玩家10015 总下注10
[9:45:6] send >>>>>>>>>>>>>>>>>>>>>>>>>>>>>>> 1 message 57 size 112
[9:45:6] 玩家10018在区域 0  总下注0
[9:45:6] 玩家10018在区域 1  总下注0
[9:45:6] 玩家10018在区域 2  总下注0
[9:45:6] 玩家10018在区域 3  总下注0
[9:45:6] 玩家10018在区域 4  总下注0
[9:45:6] 玩家10018在区域 5  总下注0
[9:45:6] 玩家10018 总下注0
[9:45:6] send >>>>>>>>>>>>>>>>>>>>>>>>>>>>>>> 2 message 57 size 112
[9:45:6] 玩家10884在区域 0  总下注0
[9:45:6] 玩家10884在区域 1  总下注10
[9:45:6] 玩家10884在区域 2  总下注0
[9:45:6] 玩家10884在区域 3  总下注0
[9:45:6] 玩家10884在区域 4  总下注0
[9:45:6] 玩家10884在区域 5  总下注0
[9:45:6] 玩家10884 总下注10
[9:45:6] send >>>>>>>>>>>>>>>>>>>>>>>>>>>>>>> 3 message 57 size 112
[9:45:7] recv  55 <<<<<<<<<<<<<<<<<<<<<<<<<<<<<<< 2
[9:45:7] userbet 10018  在3 下了 10,累计下注 10
[9:45:7] broad >>>>>>>>>>>>>>>>>>>>>>>>>>>>>>> message 56 size 6
[9:45:7] 区域 0  总下注0
[9:45:7] 区域 1  总下注10
[9:45:7] 区域 2  总下注0
[9:45:7] 区域 3  总下注10
[9:45:7] 区域 4  总下注10
[9:45:7] 区域 5  总下注0
[9:45:7] send >>>>>>>>>>>>>>>>>>>>>>>>>>>>>>> 0 message 57 size 112
[9:45:7] 玩家10015在区域 0  总下注0
[9:45:7] 玩家10015在区域 1  总下注0
[9:45:7] 玩家10015在区域 2  总下注0
[9:45:7] 玩家10015在区域 3  总下注0
[9:45:7] 玩家10015在区域 4  总下注10
[9:45:7] 玩家10015在区域 5  总下注0
[9:45:7] 玩家10015 总下注10
[9:45:7] send >>>>>>>>>>>>>>>>>>>>>>>>>>>>>>> 1 message 57 size 112
[9:45:7] 玩家10018在区域 0  总下注0
[9:45:7] 玩家10018在区域 1  总下注0
[9:45:7] 玩家10018在区域 2  总下注0
[9:45:7] 玩家10018在区域 3  总下注10
[9:45:7] 玩家10018在区域 4  总下注0
[9:45:7] 玩家10018在区域 5  总下注0
[9:45:7] 玩家10018 总下注10
[9:45:7] send >>>>>>>>>>>>>>>>>>>>>>>>>>>>>>> 2 message 57 size 112
[9:45:7] 玩家10884在区域 0  总下注0
[9:45:7] 玩家10884在区域 1  总下注10
[9:45:7] 玩家10884在区域 2  总下注0
[9:45:7] 玩家10884在区域 3  总下注0
[9:45:7] 玩家10884在区域 4  总下注0
[9:45:7] 玩家10884在区域 5  总下注0
[9:45:7] 玩家10884 总下注10
[9:45:7] send >>>>>>>>>>>>>>>>>>>>>>>>>>>>>>> 3 message 57 size 112
[9:45:9] card 0 1,6,   type 0   point 6
[9:45:9] card 1 7,0,   type 0   point 3
[9:45:9] card 2 4,0,   type 0   point 2
[9:45:9] card 3 11,2,   type 0   point 4
[9:45:9] broad >>>>>>>>>>>>>>>>>>>>>>>>>>>>>>> message 52 size 16
[9:45:14] *************************大结算***********************
[9:45:14] [Phone21533,21533]  输赢金币 0 ,总分数 0，胜局 0 ,最大胜局 0,大赢家 0
[9:45:14] [222222,10015]  输赢金币 0 ,总分数 0，胜局 0 ,最大胜局 0,大赢家 0
[9:45:14] [333333,10018]  输赢金币 0 ,总分数 0，胜局 0 ,最大胜局 0,大赢家 0
[9:45:14] [Phone10884,10884]  输赢金币 0 ,总分数 0，胜局 0 ,最大胜局 0,大赢家 0
[9:45:14] broad >>>>>>>>>>>>>>>>>>>>>>>>>>>>>>> message 70 size 68
