[14:11:14] 0:22318 sit
[14:11:15] 0:22318 onGetState
[14:11:15] send >>>>>>>>>>>>>>>>>>>>>>>>>>>>>>> 0 message 72 size 4
[14:11:15] 游戏局数 0,总局数 4
[14:11:15] broad >>>>>>>>>>>>>>>>>>>>>>>>>>>>>>> message 71 size 8
[14:11:31] 0:22318 ready
[14:13:26] 1:19570 sit
[14:13:26] 1:19570 onGetState
[14:13:26] send >>>>>>>>>>>>>>>>>>>>>>>>>>>>>>> 1 message 72 size 4
[14:13:26] 游戏局数 0,总局数 4
[14:13:26] broad >>>>>>>>>>>>>>>>>>>>>>>>>>>>>>> message 71 size 8
[14:13:28] 1:19570 ready
[14:13:28] *****************游戏开始***************
[14:13:28] [0][22318]连庄局数 1,总局数1
[14:13:28] [1][19570]连庄局数 0,总局数1
[14:13:28] 通知 庄家 0 坐庄次数 1
[14:13:28] broad >>>>>>>>>>>>>>>>>>>>>>>>>>>>>>> message 69 size 1
[14:13:28] 游戏局数 1,总局数 4
[14:13:28] broad >>>>>>>>>>>>>>>>>>>>>>>>>>>>>>> message 71 size 8
[14:13:28] broad >>>>>>>>>>>>>>>>>>>>>>>>>>>>>>> message 51 size 0
[14:13:32] recv  55 <<<<<<<<<<<<<<<<<<<<<<<<<<<<<<< 1
[14:13:32] userbet 19570  在1 下了 100,累计下注 100
[14:13:32] broad >>>>>>>>>>>>>>>>>>>>>>>>>>>>>>> message 56 size 6
[14:13:32] 区域 0  总下注0
[14:13:32] 区域 1  总下注100
[14:13:32] 区域 2  总下注0
[14:13:32] 区域 3  总下注0
[14:13:32] 区域 4  总下注0
[14:13:32] 区域 5  总下注0
[14:13:32] send >>>>>>>>>>>>>>>>>>>>>>>>>>>>>>> 0 message 57 size 112
[14:13:32] 玩家19570在区域 0  总下注0
[14:13:32] 玩家19570在区域 1  总下注100
[14:13:32] 玩家19570在区域 2  总下注0
[14:13:32] 玩家19570在区域 3  总下注0
[14:13:32] 玩家19570在区域 4  总下注0
[14:13:32] 玩家19570在区域 5  总下注0
[14:13:32] 玩家19570 总下注100
[14:13:32] send >>>>>>>>>>>>>>>>>>>>>>>>>>>>>>> 1 message 57 size 112
[14:13:33] recv  55 <<<<<<<<<<<<<<<<<<<<<<<<<<<<<<< 1
[14:13:33] userbet 19570  在2 下了 100,累计下注 200
[14:13:33] broad >>>>>>>>>>>>>>>>>>>>>>>>>>>>>>> message 56 size 6
[14:13:33] 区域 0  总下注0
[14:13:33] 区域 1  总下注100
[14:13:33] 区域 2  总下注100
[14:13:33] 区域 3  总下注0
[14:13:33] 区域 4  总下注0
[14:13:33] 区域 5  总下注0
[14:13:33] send >>>>>>>>>>>>>>>>>>>>>>>>>>>>>>> 0 message 57 size 112
[14:13:33] 玩家19570在区域 0  总下注0
[14:13:33] 玩家19570在区域 1  总下注100
[14:13:33] 玩家19570在区域 2  总下注100
[14:13:33] 玩家19570在区域 3  总下注0
[14:13:33] 玩家19570在区域 4  总下注0
[14:13:33] 玩家19570在区域 5  总下注0
[14:13:33] 玩家19570 总下注200
[14:13:33] send >>>>>>>>>>>>>>>>>>>>>>>>>>>>>>> 1 message 57 size 112
[14:13:34] recv  55 <<<<<<<<<<<<<<<<<<<<<<<<<<<<<<< 1
[14:13:34] userbet 19570  在0 下了 100,累计下注 300
[14:13:34] broad >>>>>>>>>>>>>>>>>>>>>>>>>>>>>>> message 56 size 6
[14:13:34] 区域 0  总下注100
[14:13:34] 区域 1  总下注100
[14:13:34] 区域 2  总下注100
[14:13:34] 区域 3  总下注0
[14:13:34] 区域 4  总下注0
[14:13:34] 区域 5  总下注0
[14:13:34] send >>>>>>>>>>>>>>>>>>>>>>>>>>>>>>> 0 message 57 size 112
[14:13:34] 玩家19570在区域 0  总下注100
[14:13:34] 玩家19570在区域 1  总下注100
[14:13:34] 玩家19570在区域 2  总下注100
[14:13:34] 玩家19570在区域 3  总下注0
[14:13:34] 玩家19570在区域 4  总下注0
[14:13:34] 玩家19570在区域 5  总下注0
[14:13:34] 玩家19570 总下注300
[14:13:34] send >>>>>>>>>>>>>>>>>>>>>>>>>>>>>>> 1 message 57 size 112
[14:13:35] recv  55 <<<<<<<<<<<<<<<<<<<<<<<<<<<<<<< 1
[14:13:35] userbet 19570  在3 下了 100,累计下注 400
[14:13:35] broad >>>>>>>>>>>>>>>>>>>>>>>>>>>>>>> message 56 size 6
[14:13:35] 区域 0  总下注100
[14:13:35] 区域 1  总下注100
[14:13:35] 区域 2  总下注100
[14:13:35] 区域 3  总下注100
[14:13:35] 区域 4  总下注0
[14:13:35] 区域 5  总下注0
[14:13:35] send >>>>>>>>>>>>>>>>>>>>>>>>>>>>>>> 0 message 57 size 112
[14:13:35] 玩家19570在区域 0  总下注100
[14:13:35] 玩家19570在区域 1  总下注100
[14:13:35] 玩家19570在区域 2  总下注100
[14:13:35] 玩家19570在区域 3  总下注100
[14:13:35] 玩家19570在区域 4  总下注0
[14:13:35] 玩家19570在区域 5  总下注0
[14:13:35] 玩家19570 总下注400
[14:13:35] send >>>>>>>>>>>>>>>>>>>>>>>>>>>>>>> 1 message 57 size 112
[14:13:36] recv  55 <<<<<<<<<<<<<<<<<<<<<<<<<<<<<<< 1
[14:13:36] userbet 19570  在4 下了 100,累计下注 500
[14:13:36] broad >>>>>>>>>>>>>>>>>>>>>>>>>>>>>>> message 56 size 6
[14:13:36] 区域 0  总下注100
[14:13:36] 区域 1  总下注100
[14:13:36] 区域 2  总下注100
[14:13:36] 区域 3  总下注100
[14:13:36] 区域 4  总下注100
[14:13:36] 区域 5  总下注0
[14:13:36] send >>>>>>>>>>>>>>>>>>>>>>>>>>>>>>> 0 message 57 size 112
[14:13:36] 玩家19570在区域 0  总下注100
[14:13:36] 玩家19570在区域 1  总下注100
[14:13:36] 玩家19570在区域 2  总下注100
[14:13:36] 玩家19570在区域 3  总下注100
[14:13:36] 玩家19570在区域 4  总下注100
[14:13:36] 玩家19570在区域 5  总下注0
[14:13:36] 玩家19570 总下注500
[14:13:36] send >>>>>>>>>>>>>>>>>>>>>>>>>>>>>>> 1 message 57 size 112
[14:13:38] card 0 10,9,   type 0   point 4
[14:13:38] card 1 1,2,   type 10   point 0
[14:13:38] card 2 5,4,   type 0   point 6
[14:13:38] card 3 11,e,   type 0   point 4
[14:13:38] broad >>>>>>>>>>>>>>>>>>>>>>>>>>>>>>> message 52 size 16
[14:13:53] 区域 0 结算 -100
[14:13:53] 区域 1 结算 100
[14:13:53] 区域 2 结算 100
[14:13:53] 区域 3 结算 0
[14:13:53] 区域 4 结算 100
[14:13:53] 区域 5 结算 0
[14:13:53] 玩家0[22318]  结算 -200
[14:13:53] 玩家1[19570]  结算 200
[14:13:53] broad >>>>>>>>>>>>>>>>>>>>>>>>>>>>>>> message 58 size 86
[14:13:54] 玩家0[22318]  结算 -200, 分数 -200, 总分数 -200
[14:13:54] 玩家1[19570]  结算 200, 分数 200, 总分数 200
[14:13:54] ******************游戏结束********************************



[14:13:58] broad >>>>>>>>>>>>>>>>>>>>>>>>>>>>>>> message 72 size 4
[14:14:6] *************************大结算***********************
[14:14:6] [Phone22318,22318]  输赢金币 -200 ,总分数 -200，胜局 0 ,最大胜局 0,大赢家 0
[14:14:6] [Phone19570,19570]  输赢金币 200 ,总分数 200，胜局 1 ,最大胜局 1,大赢家 1
[14:14:6] broad >>>>>>>>>>>>>>>>>>>>>>>>>>>>>>> message 70 size 68
