[21:55:48] 0:20235 sit
[21:55:49] 0:20235 onGetState
[21:55:49] send >>>>>>>>>>>>>>>>>>>>>>>>>>>>>>> 0 message 72 size 4
[21:55:49] 游戏局数 0,总局数 4
[21:55:49] broad >>>>>>>>>>>>>>>>>>>>>>>>>>>>>>> message 71 size 8
[21:55:55] 1:20236 sit
[21:55:56] 1:20236 onGetState
[21:55:56] send >>>>>>>>>>>>>>>>>>>>>>>>>>>>>>> 1 message 72 size 4
[21:55:56] 游戏局数 0,总局数 4
[21:55:56] broad >>>>>>>>>>>>>>>>>>>>>>>>>>>>>>> message 71 size 8
[21:56:1] 1:20236 ready
[21:56:2] 0:20235 ready
[21:56:2] *****************游戏开始***************
[21:56:2] [0][20235]连庄局数 1,总局数1
[21:56:2] [1][20236]连庄局数 0,总局数1
[21:56:2] 通知 庄家 0 坐庄次数 1
[21:56:2] broad >>>>>>>>>>>>>>>>>>>>>>>>>>>>>>> message 69 size 1
[21:56:2] 游戏局数 1,总局数 4
[21:56:2] broad >>>>>>>>>>>>>>>>>>>>>>>>>>>>>>> message 71 size 8
[21:56:2] broad >>>>>>>>>>>>>>>>>>>>>>>>>>>>>>> message 51 size 0
[21:56:9] recv  55 <<<<<<<<<<<<<<<<<<<<<<<<<<<<<<< 1
[21:56:9] userbet 20236  在2 下了 50,累计下注 50
[21:56:9] broad >>>>>>>>>>>>>>>>>>>>>>>>>>>>>>> message 56 size 6
[21:56:9] 区域 0  总下注0
[21:56:9] 区域 1  总下注0
[21:56:9] 区域 2  总下注50
[21:56:9] 区域 3  总下注0
[21:56:9] 区域 4  总下注0
[21:56:9] 区域 5  总下注0
[21:56:9] send >>>>>>>>>>>>>>>>>>>>>>>>>>>>>>> 0 message 57 size 112
[21:56:9] 玩家20236在区域 0  总下注0
[21:56:9] 玩家20236在区域 1  总下注0
[21:56:9] 玩家20236在区域 2  总下注50
[21:56:9] 玩家20236在区域 3  总下注0
[21:56:9] 玩家20236在区域 4  总下注0
[21:56:9] 玩家20236在区域 5  总下注0
[21:56:9] 玩家20236 总下注50
[21:56:9] send >>>>>>>>>>>>>>>>>>>>>>>>>>>>>>> 1 message 57 size 112
[21:56:9] recv  55 <<<<<<<<<<<<<<<<<<<<<<<<<<<<<<< 1
[21:56:9] userbet 20236  在2 下了 50,累计下注 100
[21:56:9] broad >>>>>>>>>>>>>>>>>>>>>>>>>>>>>>> message 56 size 6
[21:56:9] 区域 0  总下注0
[21:56:9] 区域 1  总下注0
[21:56:9] 区域 2  总下注100
[21:56:9] 区域 3  总下注0
[21:56:9] 区域 4  总下注0
[21:56:9] 区域 5  总下注0
[21:56:9] send >>>>>>>>>>>>>>>>>>>>>>>>>>>>>>> 0 message 57 size 112
[21:56:9] 玩家20236在区域 0  总下注0
[21:56:9] 玩家20236在区域 1  总下注0
[21:56:9] 玩家20236在区域 2  总下注100
[21:56:9] 玩家20236在区域 3  总下注0
[21:56:9] 玩家20236在区域 4  总下注0
[21:56:9] 玩家20236在区域 5  总下注0
[21:56:9] 玩家20236 总下注100
[21:56:9] send >>>>>>>>>>>>>>>>>>>>>>>>>>>>>>> 1 message 57 size 112
[21:56:12] card 0 13,5,   type 0   point 1
[21:56:12] card 1 4,12,   type 0   point 5
[21:56:12] card 2 7,4,   type 0   point 1
[21:56:12] card 3 0,e,   type 11   point 0
[21:56:12] broad >>>>>>>>>>>>>>>>>>>>>>>>>>>>>>> message 52 size 16
[21:56:27] 区域 0 结算 0
[21:56:27] 区域 1 结算 0
[21:56:27] 区域 2 结算 -100
[21:56:27] 区域 3 结算 0
[21:56:27] 区域 4 结算 0
[21:56:27] 区域 5 结算 0
[21:56:27] 玩家0[20235]  结算 100
[21:56:27] 玩家1[20236]  结算 -100
[21:56:27] broad >>>>>>>>>>>>>>>>>>>>>>>>>>>>>>> message 58 size 86
[21:56:29] 玩家0[20235]  结算 100, 分数 100, 总分数 100
[21:56:29] 玩家1[20236]  结算 -100, 分数 -100, 总分数 -100
[21:56:29] ******************游戏结束********************************



[21:56:32] broad >>>>>>>>>>>>>>>>>>>>>>>>>>>>>>> message 72 size 4
[21:56:33] 0:20235 ready
[21:56:34] 1:20236 ready
[21:56:34] *****************游戏开始***************
[21:56:34] [0][20235]连庄局数 2,总局数2
[21:56:34] [1][20236]连庄局数 0,总局数2
[21:56:34] 游戏局数 2,总局数 4
[21:56:34] broad >>>>>>>>>>>>>>>>>>>>>>>>>>>>>>> message 71 size 8
[21:56:34] broad >>>>>>>>>>>>>>>>>>>>>>>>>>>>>>> message 51 size 0
[21:56:37] recv  55 <<<<<<<<<<<<<<<<<<<<<<<<<<<<<<< 1
[21:56:37] userbet 20236  在2 下了 50,累计下注 50
[21:56:37] broad >>>>>>>>>>>>>>>>>>>>>>>>>>>>>>> message 56 size 6
[21:56:37] 区域 0  总下注0
[21:56:37] 区域 1  总下注0
[21:56:37] 区域 2  总下注50
[21:56:37] 区域 3  总下注0
[21:56:37] 区域 4  总下注0
[21:56:37] 区域 5  总下注0
[21:56:37] send >>>>>>>>>>>>>>>>>>>>>>>>>>>>>>> 0 message 57 size 112
[21:56:37] 玩家20236在区域 0  总下注0
[21:56:37] 玩家20236在区域 1  总下注0
[21:56:37] 玩家20236在区域 2  总下注50
[21:56:37] 玩家20236在区域 3  总下注0
[21:56:37] 玩家20236在区域 4  总下注0
[21:56:37] 玩家20236在区域 5  总下注0
[21:56:37] 玩家20236 总下注50
[21:56:37] send >>>>>>>>>>>>>>>>>>>>>>>>>>>>>>> 1 message 57 size 112
[21:56:38] recv  55 <<<<<<<<<<<<<<<<<<<<<<<<<<<<<<< 1
[21:56:38] userbet 20236  在2 下了 50,累计下注 100
[21:56:38] broad >>>>>>>>>>>>>>>>>>>>>>>>>>>>>>> message 56 size 6
[21:56:38] 区域 0  总下注0
[21:56:38] 区域 1  总下注0
[21:56:38] 区域 2  总下注100
[21:56:38] 区域 3  总下注0
[21:56:38] 区域 4  总下注0
[21:56:38] 区域 5  总下注0
[21:56:38] send >>>>>>>>>>>>>>>>>>>>>>>>>>>>>>> 0 message 57 size 112
[21:56:38] 玩家20236在区域 0  总下注0
[21:56:38] 玩家20236在区域 1  总下注0
[21:56:38] 玩家20236在区域 2  总下注100
[21:56:38] 玩家20236在区域 3  总下注0
[21:56:38] 玩家20236在区域 4  总下注0
[21:56:38] 玩家20236在区域 5  总下注0
[21:56:38] 玩家20236 总下注100
[21:56:38] send >>>>>>>>>>>>>>>>>>>>>>>>>>>>>>> 1 message 57 size 112
[21:56:44] card 0 4,3,   type 0   point 4
[21:56:44] card 1 8,6,   type 0   point 4
[21:56:44] card 2 4,3,   type 0   point 4
[21:56:44] card 3 6,8,   type 0   point 4
[21:56:44] broad >>>>>>>>>>>>>>>>>>>>>>>>>>>>>>> message 52 size 16
[21:56:59] 区域 0 结算 0
[21:56:59] 区域 1 结算 0
[21:56:59] 区域 2 结算 -100
[21:56:59] 区域 3 结算 0
[21:56:59] 区域 4 结算 0
[21:56:59] 区域 5 结算 0
[21:56:59] 玩家0[20235]  结算 100
[21:56:59] 玩家1[20236]  结算 -100
[21:56:59] broad >>>>>>>>>>>>>>>>>>>>>>>>>>>>>>> message 58 size 86
[21:57:1] 玩家0[20235]  结算 100, 分数 100, 总分数 200
[21:57:1] 玩家1[20236]  结算 -100, 分数 -100, 总分数 -200
[21:57:1] ******************游戏结束********************************



[21:57:6] 0:20235 netcut
[21:57:9] *************************小结算***********************
[21:57:9] [Phone20235,20235] [庄] 输赢金币 200 ,排名 0
[21:57:9] [Phone20236,20236] [闲] 输赢金币 -200 ,排名 1
[21:57:9] broad >>>>>>>>>>>>>>>>>>>>>>>>>>>>>>> message 73 size 44
[21:57:9] user[20235] 坐庄次数 2,每个人当庄次数2 
[21:57:9] user[20236] 坐庄次数 0,每个人当庄次数2 
[21:57:9] broad >>>>>>>>>>>>>>>>>>>>>>>>>>>>>>> message 72 size 4
[21:57:12] 1:20236 ready
[21:57:12] 0:20235 recome
[21:57:12] 0:20235 onGetState
[21:57:12] send >>>>>>>>>>>>>>>>>>>>>>>>>>>>>>> 0 message 72 size 4
[21:57:12] 游戏局数 2,总局数 4
[21:57:12] broad >>>>>>>>>>>>>>>>>>>>>>>>>>>>>>> message 71 size 8
[21:57:13] 0:20235 ready
[21:57:13] *****************游戏开始***************
[21:57:13] [0][20235]连庄局数 2,总局数3
[21:57:13] [1][20236]连庄局数 1,总局数3
[21:57:13] 通知 庄家 1 坐庄次数 1
[21:57:13] broad >>>>>>>>>>>>>>>>>>>>>>>>>>>>>>> message 69 size 1
[21:57:13] 游戏局数 3,总局数 4
[21:57:13] broad >>>>>>>>>>>>>>>>>>>>>>>>>>>>>>> message 71 size 8
[21:57:13] broad >>>>>>>>>>>>>>>>>>>>>>>>>>>>>>> message 51 size 0
[21:57:21] recv  55 <<<<<<<<<<<<<<<<<<<<<<<<<<<<<<< 0
[21:57:21] userbet 20235  在2 下了 50,累计下注 50
[21:57:21] broad >>>>>>>>>>>>>>>>>>>>>>>>>>>>>>> message 56 size 6
[21:57:21] 区域 0  总下注0
[21:57:21] 区域 1  总下注0
[21:57:21] 区域 2  总下注50
[21:57:21] 区域 3  总下注0
[21:57:21] 区域 4  总下注0
[21:57:21] 区域 5  总下注0
[21:57:21] 玩家20235在区域 0  总下注0
[21:57:21] 玩家20235在区域 1  总下注0
[21:57:21] 玩家20235在区域 2  总下注50
[21:57:21] 玩家20235在区域 3  总下注0
[21:57:21] 玩家20235在区域 4  总下注0
[21:57:21] 玩家20235在区域 5  总下注0
[21:57:21] 玩家20235 总下注50
[21:57:21] send >>>>>>>>>>>>>>>>>>>>>>>>>>>>>>> 0 message 57 size 112
[21:57:21] send >>>>>>>>>>>>>>>>>>>>>>>>>>>>>>> 1 message 57 size 112
[21:57:21] recv  55 <<<<<<<<<<<<<<<<<<<<<<<<<<<<<<< 0
[21:57:21] userbet 20235  在0 下了 50,累计下注 100
[21:57:21] broad >>>>>>>>>>>>>>>>>>>>>>>>>>>>>>> message 56 size 6
[21:57:21] 区域 0  总下注50
[21:57:21] 区域 1  总下注0
[21:57:21] 区域 2  总下注50
[21:57:21] 区域 3  总下注0
[21:57:21] 区域 4  总下注0
[21:57:21] 区域 5  总下注0
[21:57:21] 玩家20235在区域 0  总下注50
[21:57:21] 玩家20235在区域 1  总下注0
[21:57:21] 玩家20235在区域 2  总下注50
[21:57:21] 玩家20235在区域 3  总下注0
[21:57:21] 玩家20235在区域 4  总下注0
[21:57:21] 玩家20235在区域 5  总下注0
[21:57:21] 玩家20235 总下注100
[21:57:21] send >>>>>>>>>>>>>>>>>>>>>>>>>>>>>>> 0 message 57 size 112
[21:57:21] send >>>>>>>>>>>>>>>>>>>>>>>>>>>>>>> 1 message 57 size 112
[21:57:23] card 0 7,3,   type 0   point 5
[21:57:23] card 1 7,8,   type 0   point 1
[21:57:23] card 2 f,b,   type 0   point 6
[21:57:23] card 3 12,8,   type 0   point 5
[21:57:24] broad >>>>>>>>>>>>>>>>>>>>>>>>>>>>>>> message 52 size 16
[21:57:39] 区域 0 结算 -50
[21:57:39] 区域 1 结算 0
[21:57:39] 区域 2 结算 50
[21:57:39] 区域 3 结算 0
[21:57:39] 区域 4 结算 0
[21:57:39] 区域 5 结算 0
[21:57:39] 玩家0[20235]  结算 0
[21:57:39] 玩家1[20236]  结算 0
[21:57:39] broad >>>>>>>>>>>>>>>>>>>>>>>>>>>>>>> message 58 size 86
[21:57:40] 玩家0[20235]  结算 0, 分数 0, 总分数 200
[21:57:40] 玩家1[20236]  结算 0, 分数 0, 总分数 -200
[21:57:40] ******************游戏结束********************************



[21:57:43] broad >>>>>>>>>>>>>>>>>>>>>>>>>>>>>>> message 72 size 4
[21:57:48] 1:20236 ready
[21:57:48] 0:20235 ready
[21:57:48] *****************游戏开始***************
[21:57:48] [0][20235]连庄局数 2,总局数4
[21:57:48] [1][20236]连庄局数 2,总局数4
[21:57:48] 游戏局数 4,总局数 4
[21:57:48] broad >>>>>>>>>>>>>>>>>>>>>>>>>>>>>>> message 71 size 8
[21:57:48] broad >>>>>>>>>>>>>>>>>>>>>>>>>>>>>>> message 51 size 0
[21:57:53] recv  55 <<<<<<<<<<<<<<<<<<<<<<<<<<<<<<< 0
[21:57:53] userbet 20235  在2 下了 50,累计下注 50
[21:57:53] broad >>>>>>>>>>>>>>>>>>>>>>>>>>>>>>> message 56 size 6
[21:57:53] 区域 0  总下注0
[21:57:53] 区域 1  总下注0
[21:57:53] 区域 2  总下注50
[21:57:53] 区域 3  总下注0
[21:57:53] 区域 4  总下注0
[21:57:53] 区域 5  总下注0
[21:57:53] 玩家20235在区域 0  总下注0
[21:57:53] 玩家20235在区域 1  总下注0
[21:57:53] 玩家20235在区域 2  总下注50
[21:57:53] 玩家20235在区域 3  总下注0
[21:57:53] 玩家20235在区域 4  总下注0
[21:57:53] 玩家20235在区域 5  总下注0
[21:57:53] 玩家20235 总下注50
[21:57:53] send >>>>>>>>>>>>>>>>>>>>>>>>>>>>>>> 0 message 57 size 112
[21:57:53] send >>>>>>>>>>>>>>>>>>>>>>>>>>>>>>> 1 message 57 size 112
[21:57:54] recv  55 <<<<<<<<<<<<<<<<<<<<<<<<<<<<<<< 0
[21:57:54] userbet 20235  在0 下了 50,累计下注 100
[21:57:54] broad >>>>>>>>>>>>>>>>>>>>>>>>>>>>>>> message 56 size 6
[21:57:54] 区域 0  总下注50
[21:57:54] 区域 1  总下注0
[21:57:54] 区域 2  总下注50
[21:57:54] 区域 3  总下注0
[21:57:54] 区域 4  总下注0
[21:57:54] 区域 5  总下注0
[21:57:54] 玩家20235在区域 0  总下注50
[21:57:54] 玩家20235在区域 1  总下注0
[21:57:54] 玩家20235在区域 2  总下注50
[21:57:54] 玩家20235在区域 3  总下注0
[21:57:54] 玩家20235在区域 4  总下注0
[21:57:54] 玩家20235在区域 5  总下注0
[21:57:54] 玩家20235 总下注100
[21:57:54] send >>>>>>>>>>>>>>>>>>>>>>>>>>>>>>> 0 message 57 size 112
[21:57:54] send >>>>>>>>>>>>>>>>>>>>>>>>>>>>>>> 1 message 57 size 112
[21:57:58] card 0 0,12,   type 0   point 7
[21:57:58] card 1 2,1,   type 10   point 0
[21:57:58] card 2 b,5,   type 0   point 5
[21:57:58] card 3 6,10,   type 0   point 1
[21:57:58] broad >>>>>>>>>>>>>>>>>>>>>>>>>>>>>>> message 52 size 16
[21:58:13] 区域 0 结算 50
[21:58:13] 区域 1 结算 0
[21:58:13] 区域 2 结算 50
[21:58:13] 区域 3 结算 0
[21:58:13] 区域 4 结算 0
[21:58:13] 区域 5 结算 0
[21:58:13] 玩家0[20235]  结算 100
[21:58:13] 玩家1[20236]  结算 -100
[21:58:13] broad >>>>>>>>>>>>>>>>>>>>>>>>>>>>>>> message 58 size 86
[21:58:15] 玩家0[20235]  结算 100, 分数 100, 总分数 300
[21:58:15] 玩家1[20236]  结算 -100, 分数 -100, 总分数 -300
[21:58:15] ******************游戏结束********************************



[21:58:23] *************************小结算***********************
[21:58:23] [Phone20235,20235] [闲] 输赢金币 100 ,排名 0
[21:58:23] [Phone20236,20236] [庄] 输赢金币 -100 ,排名 1
[21:58:23] broad >>>>>>>>>>>>>>>>>>>>>>>>>>>>>>> message 73 size 44
[21:58:23] user[20235] 坐庄次数 2,每个人当庄次数2 
[21:58:23] user[20236] 坐庄次数 2,每个人当庄次数2 
[21:58:23] *************************大结算***********************
[21:58:23] [Phone20235,20235]  输赢金币 300 ,总分数 300，胜局 3 ,最大胜局 2,大赢家 1
[21:58:23] [Phone20236,20236]  输赢金币 -300 ,总分数 -300，胜局 0 ,最大胜局 0,大赢家 0
[21:58:23] broad >>>>>>>>>>>>>>>>>>>>>>>>>>>>>>> message 70 size 68
