[16:4:21] 0:16539 sit
[16:4:22] 0:16539 onGetState
[16:4:22] send >>>>>>>>>>>>>>>>>>>>>>>>>>>>>>> 0 message 72 size 4
[16:4:22] 游戏局数 0,总局数 4
[16:4:22] broad >>>>>>>>>>>>>>>>>>>>>>>>>>>>>>> message 71 size 8
[16:4:33] 0:16539 ready
[16:4:37] 1:16441 sit
[16:4:37] 1:16441 onGetState
[16:4:37] send >>>>>>>>>>>>>>>>>>>>>>>>>>>>>>> 1 message 72 size 4
[16:4:37] 游戏局数 0,总局数 4
[16:4:37] broad >>>>>>>>>>>>>>>>>>>>>>>>>>>>>>> message 71 size 8
[16:4:38] 1:16441 ready
[16:4:38] *****************游戏开始***************
[16:4:38] [0][16539]连庄局数 1,总局数1
[16:4:38] [1][16441]连庄局数 0,总局数1
[16:4:38] 通知 庄家 0 坐庄次数 1
[16:4:38] broad >>>>>>>>>>>>>>>>>>>>>>>>>>>>>>> message 69 size 1
[16:4:38] 游戏局数 1,总局数 4
[16:4:38] broad >>>>>>>>>>>>>>>>>>>>>>>>>>>>>>> message 71 size 8
[16:4:38] broad >>>>>>>>>>>>>>>>>>>>>>>>>>>>>>> message 51 size 0
[16:4:46] recv  55 <<<<<<<<<<<<<<<<<<<<<<<<<<<<<<< 1
[16:4:46] userbet 16441  在0 下了 200,累计下注 200
[16:4:46] broad >>>>>>>>>>>>>>>>>>>>>>>>>>>>>>> message 56 size 6
[16:4:46] 区域 0  总下注200
[16:4:46] 区域 1  总下注0
[16:4:46] 区域 2  总下注0
[16:4:46] 区域 3  总下注0
[16:4:46] 区域 4  总下注0
[16:4:46] 区域 5  总下注0
[16:4:46] send >>>>>>>>>>>>>>>>>>>>>>>>>>>>>>> 0 message 57 size 112
[16:4:46] 玩家16441在区域 0  总下注200
[16:4:46] 玩家16441在区域 1  总下注0
[16:4:46] 玩家16441在区域 2  总下注0
[16:4:46] 玩家16441在区域 3  总下注0
[16:4:46] 玩家16441在区域 4  总下注0
[16:4:46] 玩家16441在区域 5  总下注0
[16:4:46] 玩家16441 总下注200
[16:4:46] send >>>>>>>>>>>>>>>>>>>>>>>>>>>>>>> 1 message 57 size 112
[16:4:47] recv  55 <<<<<<<<<<<<<<<<<<<<<<<<<<<<<<< 1
[16:4:47] userbet 16441  在0 下了 200,累计下注 400
[16:4:47] broad >>>>>>>>>>>>>>>>>>>>>>>>>>>>>>> message 56 size 6
[16:4:47] 区域 0  总下注400
[16:4:47] 区域 1  总下注0
[16:4:47] 区域 2  总下注0
[16:4:47] 区域 3  总下注0
[16:4:47] 区域 4  总下注0
[16:4:47] 区域 5  总下注0
[16:4:47] send >>>>>>>>>>>>>>>>>>>>>>>>>>>>>>> 0 message 57 size 112
[16:4:47] 玩家16441在区域 0  总下注400
[16:4:47] 玩家16441在区域 1  总下注0
[16:4:47] 玩家16441在区域 2  总下注0
[16:4:47] 玩家16441在区域 3  总下注0
[16:4:47] 玩家16441在区域 4  总下注0
[16:4:47] 玩家16441在区域 5  总下注0
[16:4:47] 玩家16441 总下注400
[16:4:47] send >>>>>>>>>>>>>>>>>>>>>>>>>>>>>>> 1 message 57 size 112
[16:4:47] recv  55 <<<<<<<<<<<<<<<<<<<<<<<<<<<<<<< 1
[16:4:47] userbet 16441  在0 下了 200,累计下注 600
[16:4:47] broad >>>>>>>>>>>>>>>>>>>>>>>>>>>>>>> message 56 size 6
[16:4:47] 区域 0  总下注600
[16:4:47] 区域 1  总下注0
[16:4:47] 区域 2  总下注0
[16:4:47] 区域 3  总下注0
[16:4:47] 区域 4  总下注0
[16:4:47] 区域 5  总下注0
[16:4:47] send >>>>>>>>>>>>>>>>>>>>>>>>>>>>>>> 0 message 57 size 112
[16:4:47] 玩家16441在区域 0  总下注600
[16:4:47] 玩家16441在区域 1  总下注0
[16:4:47] 玩家16441在区域 2  总下注0
[16:4:47] 玩家16441在区域 3  总下注0
[16:4:47] 玩家16441在区域 4  总下注0
[16:4:47] 玩家16441在区域 5  总下注0
[16:4:47] 玩家16441 总下注600
[16:4:47] send >>>>>>>>>>>>>>>>>>>>>>>>>>>>>>> 1 message 57 size 112
[16:4:47] recv  55 <<<<<<<<<<<<<<<<<<<<<<<<<<<<<<< 1
[16:4:47] userbet 16441  在0 下了 200,累计下注 800
[16:4:47] broad >>>>>>>>>>>>>>>>>>>>>>>>>>>>>>> message 56 size 6
[16:4:47] 区域 0  总下注800
[16:4:47] 区域 1  总下注0
[16:4:47] 区域 2  总下注0
[16:4:47] 区域 3  总下注0
[16:4:47] 区域 4  总下注0
[16:4:47] 区域 5  总下注0
[16:4:47] send >>>>>>>>>>>>>>>>>>>>>>>>>>>>>>> 0 message 57 size 112
[16:4:47] 玩家16441在区域 0  总下注800
[16:4:47] 玩家16441在区域 1  总下注0
[16:4:47] 玩家16441在区域 2  总下注0
[16:4:47] 玩家16441在区域 3  总下注0
[16:4:47] 玩家16441在区域 4  总下注0
[16:4:47] 玩家16441在区域 5  总下注0
[16:4:47] 玩家16441 总下注800
[16:4:47] send >>>>>>>>>>>>>>>>>>>>>>>>>>>>>>> 1 message 57 size 112
[16:4:48] recv  55 <<<<<<<<<<<<<<<<<<<<<<<<<<<<<<< 1
[16:4:48] userbet 16441  在0 下了 200,累计下注 1000
[16:4:48] broad >>>>>>>>>>>>>>>>>>>>>>>>>>>>>>> message 56 size 6
[16:4:48] 区域 0  总下注1000
[16:4:48] 区域 1  总下注0
[16:4:48] 区域 2  总下注0
[16:4:48] 区域 3  总下注0
[16:4:48] 区域 4  总下注0
[16:4:48] 区域 5  总下注0
[16:4:48] send >>>>>>>>>>>>>>>>>>>>>>>>>>>>>>> 0 message 57 size 112
[16:4:48] 玩家16441在区域 0  总下注1000
[16:4:48] 玩家16441在区域 1  总下注0
[16:4:48] 玩家16441在区域 2  总下注0
[16:4:48] 玩家16441在区域 3  总下注0
[16:4:48] 玩家16441在区域 4  总下注0
[16:4:48] 玩家16441在区域 5  总下注0
[16:4:48] 玩家16441 总下注1000
[16:4:48] send >>>>>>>>>>>>>>>>>>>>>>>>>>>>>>> 1 message 57 size 112
[16:4:48] recv  55 <<<<<<<<<<<<<<<<<<<<<<<<<<<<<<< 1
[16:4:48] userbet 16441  在0 下了 200,累计下注 1200
[16:4:48] broad >>>>>>>>>>>>>>>>>>>>>>>>>>>>>>> message 56 size 6
[16:4:48] 区域 0  总下注1200
[16:4:48] 区域 1  总下注0
[16:4:48] 区域 2  总下注0
[16:4:48] 区域 3  总下注0
[16:4:48] 区域 4  总下注0
[16:4:48] 区域 5  总下注0
[16:4:48] send >>>>>>>>>>>>>>>>>>>>>>>>>>>>>>> 0 message 57 size 112
[16:4:48] 玩家16441在区域 0  总下注1200
[16:4:48] 玩家16441在区域 1  总下注0
[16:4:48] 玩家16441在区域 2  总下注0
[16:4:48] 玩家16441在区域 3  总下注0
[16:4:48] 玩家16441在区域 4  总下注0
[16:4:48] 玩家16441在区域 5  总下注0
[16:4:48] 玩家16441 总下注1200
[16:4:48] send >>>>>>>>>>>>>>>>>>>>>>>>>>>>>>> 1 message 57 size 112
[16:4:48] recv  55 <<<<<<<<<<<<<<<<<<<<<<<<<<<<<<< 1
[16:4:48] userbet 16441  在0 下了 200,累计下注 1400
[16:4:48] broad >>>>>>>>>>>>>>>>>>>>>>>>>>>>>>> message 56 size 6
[16:4:48] 区域 0  总下注1400
[16:4:48] 区域 1  总下注0
[16:4:48] 区域 2  总下注0
[16:4:48] 区域 3  总下注0
[16:4:48] 区域 4  总下注0
[16:4:48] 区域 5  总下注0
[16:4:48] send >>>>>>>>>>>>>>>>>>>>>>>>>>>>>>> 0 message 57 size 112
[16:4:48] 玩家16441在区域 0  总下注1400
[16:4:48] 玩家16441在区域 1  总下注0
[16:4:48] 玩家16441在区域 2  总下注0
[16:4:48] 玩家16441在区域 3  总下注0
[16:4:48] 玩家16441在区域 4  总下注0
[16:4:48] 玩家16441在区域 5  总下注0
[16:4:48] 玩家16441 总下注1400
[16:4:48] send >>>>>>>>>>>>>>>>>>>>>>>>>>>>>>> 1 message 57 size 112
[16:4:48] card 0 5,e,   type 0   point 4
[16:4:48] card 1 b,3,   type 0   point 3
[16:4:48] card 2 0,4,   type 0   point 2
[16:4:48] card 3 9,11,   type 0   point 3
[16:4:48] broad >>>>>>>>>>>>>>>>>>>>>>>>>>>>>>> message 52 size 16
[16:5:3] 区域 0 结算 1400
[16:5:3] 区域 1 结算 0
[16:5:3] 区域 2 结算 0
[16:5:3] 区域 3 结算 0
[16:5:3] 区域 4 结算 0
[16:5:3] 区域 5 结算 0
[16:5:3] 玩家0[16539]  结算 -1400
[16:5:3] 玩家1[16441]  结算 1400
[16:5:3] broad >>>>>>>>>>>>>>>>>>>>>>>>>>>>>>> message 58 size 86
[16:5:5] 玩家0[16539]  结算 -1400, 分数 -1400, 总分数 -1400
[16:5:5] 玩家1[16441]  结算 1400, 分数 1400, 总分数 1400
[16:5:5] ******************游戏结束********************************



[16:5:8] broad >>>>>>>>>>>>>>>>>>>>>>>>>>>>>>> message 72 size 4
[16:5:14] *************************大结算***********************
[16:5:14] [Phone16539,16539]  输赢金币 -1400 ,总分数 -1400，胜局 0 ,最大胜局 0,大赢家 0
[16:5:14] [Phone16441,16441]  输赢金币 1400 ,总分数 1400，胜局 1 ,最大胜局 1,大赢家 1
[16:5:14] broad >>>>>>>>>>>>>>>>>>>>>>>>>>>>>>> message 70 size 68
