[17:14:42] 0:20257 sit
[17:14:43] 0:20257 onGetState
[17:14:43] send >>>>>>>>>>>>>>>>>>>>>>>>>>>>>>> 0 message 72 size 4
[17:14:43] 游戏局数 0,总局数 4
[17:14:43] broad >>>>>>>>>>>>>>>>>>>>>>>>>>>>>>> message 71 size 8
[17:14:46] 0:20257 ready
[17:16:20] 1:12407 sit
[17:16:21] 1:12407 onGetState
[17:16:21] send >>>>>>>>>>>>>>>>>>>>>>>>>>>>>>> 1 message 72 size 4
[17:16:21] 游戏局数 0,总局数 4
[17:16:21] broad >>>>>>>>>>>>>>>>>>>>>>>>>>>>>>> message 71 size 8
[17:16:35] 1:12407 ready
[17:16:35] *****************游戏开始***************
[17:16:35] [0][20257]连庄局数 1,总局数1
[17:16:35] [1][12407]连庄局数 0,总局数1
[17:16:35] 通知 庄家 0 坐庄次数 1
[17:16:35] broad >>>>>>>>>>>>>>>>>>>>>>>>>>>>>>> message 69 size 1
[17:16:35] 游戏局数 1,总局数 4
[17:16:35] broad >>>>>>>>>>>>>>>>>>>>>>>>>>>>>>> message 71 size 8
[17:16:35] broad >>>>>>>>>>>>>>>>>>>>>>>>>>>>>>> message 51 size 0
[17:16:39] recv  55 <<<<<<<<<<<<<<<<<<<<<<<<<<<<<<< 1
[17:16:39] userbet 12407  在1 下了 100,累计下注 100
[17:16:39] broad >>>>>>>>>>>>>>>>>>>>>>>>>>>>>>> message 56 size 6
[17:16:39] 区域 0  总下注0
[17:16:39] 区域 1  总下注100
[17:16:39] 区域 2  总下注0
[17:16:39] 区域 3  总下注0
[17:16:39] 区域 4  总下注0
[17:16:39] 区域 5  总下注0
[17:16:39] send >>>>>>>>>>>>>>>>>>>>>>>>>>>>>>> 0 message 57 size 112
[17:16:39] 玩家12407在区域 0  总下注0
[17:16:39] 玩家12407在区域 1  总下注100
[17:16:39] 玩家12407在区域 2  总下注0
[17:16:39] 玩家12407在区域 3  总下注0
[17:16:39] 玩家12407在区域 4  总下注0
[17:16:39] 玩家12407在区域 5  总下注0
[17:16:39] 玩家12407 总下注100
[17:16:39] send >>>>>>>>>>>>>>>>>>>>>>>>>>>>>>> 1 message 57 size 112
[17:16:41] recv  55 <<<<<<<<<<<<<<<<<<<<<<<<<<<<<<< 1
[17:16:41] userbet 12407  在5 下了 10,累计下注 110
[17:16:41] broad >>>>>>>>>>>>>>>>>>>>>>>>>>>>>>> message 56 size 6
[17:16:41] 区域 0  总下注0
[17:16:41] 区域 1  总下注100
[17:16:41] 区域 2  总下注0
[17:16:41] 区域 3  总下注0
[17:16:41] 区域 4  总下注0
[17:16:41] 区域 5  总下注10
[17:16:41] send >>>>>>>>>>>>>>>>>>>>>>>>>>>>>>> 0 message 57 size 112
[17:16:41] 玩家12407在区域 0  总下注0
[17:16:41] 玩家12407在区域 1  总下注100
[17:16:41] 玩家12407在区域 2  总下注0
[17:16:41] 玩家12407在区域 3  总下注0
[17:16:41] 玩家12407在区域 4  总下注0
[17:16:41] 玩家12407在区域 5  总下注10
[17:16:41] 玩家12407 总下注110
[17:16:41] send >>>>>>>>>>>>>>>>>>>>>>>>>>>>>>> 1 message 57 size 112
[17:16:42] recv  55 <<<<<<<<<<<<<<<<<<<<<<<<<<<<<<< 1
[17:16:42] userbet 12407  在2 下了 50,累计下注 160
[17:16:42] broad >>>>>>>>>>>>>>>>>>>>>>>>>>>>>>> message 56 size 6
[17:16:42] 区域 0  总下注0
[17:16:42] 区域 1  总下注100
[17:16:42] 区域 2  总下注50
[17:16:42] 区域 3  总下注0
[17:16:42] 区域 4  总下注0
[17:16:42] 区域 5  总下注10
[17:16:42] send >>>>>>>>>>>>>>>>>>>>>>>>>>>>>>> 0 message 57 size 112
[17:16:42] 玩家12407在区域 0  总下注0
[17:16:42] 玩家12407在区域 1  总下注100
[17:16:42] 玩家12407在区域 2  总下注50
[17:16:42] 玩家12407在区域 3  总下注0
[17:16:42] 玩家12407在区域 4  总下注0
[17:16:42] 玩家12407在区域 5  总下注10
[17:16:42] 玩家12407 总下注160
[17:16:42] send >>>>>>>>>>>>>>>>>>>>>>>>>>>>>>> 1 message 57 size 112
[17:16:43] recv  55 <<<<<<<<<<<<<<<<<<<<<<<<<<<<<<< 1
[17:16:43] userbet 12407  在4 下了 50,累计下注 210
[17:16:43] broad >>>>>>>>>>>>>>>>>>>>>>>>>>>>>>> message 56 size 6
[17:16:43] 区域 0  总下注0
[17:16:43] 区域 1  总下注100
[17:16:43] 区域 2  总下注50
[17:16:43] 区域 3  总下注0
[17:16:43] 区域 4  总下注50
[17:16:43] 区域 5  总下注10
[17:16:43] send >>>>>>>>>>>>>>>>>>>>>>>>>>>>>>> 0 message 57 size 112
[17:16:43] 玩家12407在区域 0  总下注0
[17:16:43] 玩家12407在区域 1  总下注100
[17:16:43] 玩家12407在区域 2  总下注50
[17:16:43] 玩家12407在区域 3  总下注0
[17:16:43] 玩家12407在区域 4  总下注50
[17:16:43] 玩家12407在区域 5  总下注10
[17:16:43] 玩家12407 总下注210
[17:16:43] send >>>>>>>>>>>>>>>>>>>>>>>>>>>>>>> 1 message 57 size 112
[17:16:45] card 0 7,10,   type 0   point 8
[17:16:45] card 1 1,5,   type 0   point 8
[17:16:45] card 2 2,9,   type 0   point 5
[17:16:45] card 3 8,6,   type 0   point 4
[17:16:45] broad >>>>>>>>>>>>>>>>>>>>>>>>>>>>>>> message 52 size 16
[17:17:0] 区域 0 结算 0
[17:17:0] 区域 1 结算 100
[17:17:0] 区域 2 结算 50
[17:17:0] 区域 3 结算 0
[17:17:0] 区域 4 结算 50
[17:17:0] 区域 5 结算 10
[17:17:0] 玩家0[20257]  结算 -210
[17:17:0] 玩家1[12407]  结算 210
[17:17:0] broad >>>>>>>>>>>>>>>>>>>>>>>>>>>>>>> message 58 size 86
[17:17:2] 玩家0[20257]  结算 -210, 分数 -210, 总分数 -210
[17:17:2] 玩家1[12407]  结算 210, 分数 210, 总分数 210
[17:17:2] ******************游戏结束********************************



[17:17:5] broad >>>>>>>>>>>>>>>>>>>>>>>>>>>>>>> message 72 size 4
[17:17:6] 1:12407 ready
[17:17:9] 0:20257 ready
[17:17:9] *****************游戏开始***************
[17:17:9] [0][20257]连庄局数 2,总局数2
[17:17:9] [1][12407]连庄局数 0,总局数2
[17:17:9] 游戏局数 2,总局数 4
[17:17:9] broad >>>>>>>>>>>>>>>>>>>>>>>>>>>>>>> message 71 size 8
[17:17:9] broad >>>>>>>>>>>>>>>>>>>>>>>>>>>>>>> message 51 size 0
[17:17:13] recv  55 <<<<<<<<<<<<<<<<<<<<<<<<<<<<<<< 1
[17:17:13] userbet 12407  在4 下了 50,累计下注 50
[17:17:13] broad >>>>>>>>>>>>>>>>>>>>>>>>>>>>>>> message 56 size 6
[17:17:13] 区域 0  总下注0
[17:17:13] 区域 1  总下注0
[17:17:13] 区域 2  总下注0
[17:17:13] 区域 3  总下注0
[17:17:13] 区域 4  总下注50
[17:17:13] 区域 5  总下注0
[17:17:13] send >>>>>>>>>>>>>>>>>>>>>>>>>>>>>>> 0 message 57 size 112
[17:17:13] 玩家12407在区域 0  总下注0
[17:17:13] 玩家12407在区域 1  总下注0
[17:17:13] 玩家12407在区域 2  总下注0
[17:17:13] 玩家12407在区域 3  总下注0
[17:17:13] 玩家12407在区域 4  总下注50
[17:17:13] 玩家12407在区域 5  总下注0
[17:17:13] 玩家12407 总下注50
[17:17:13] send >>>>>>>>>>>>>>>>>>>>>>>>>>>>>>> 1 message 57 size 112
[17:17:14] recv  55 <<<<<<<<<<<<<<<<<<<<<<<<<<<<<<< 1
[17:17:14] userbet 12407  在2 下了 100,累计下注 150
[17:17:14] broad >>>>>>>>>>>>>>>>>>>>>>>>>>>>>>> message 56 size 6
[17:17:14] 区域 0  总下注0
[17:17:14] 区域 1  总下注0
[17:17:14] 区域 2  总下注100
[17:17:14] 区域 3  总下注0
[17:17:14] 区域 4  总下注50
[17:17:14] 区域 5  总下注0
[17:17:14] send >>>>>>>>>>>>>>>>>>>>>>>>>>>>>>> 0 message 57 size 112
[17:17:14] 玩家12407在区域 0  总下注0
[17:17:14] 玩家12407在区域 1  总下注0
[17:17:14] 玩家12407在区域 2  总下注100
[17:17:14] 玩家12407在区域 3  总下注0
[17:17:14] 玩家12407在区域 4  总下注50
[17:17:14] 玩家12407在区域 5  总下注0
[17:17:14] 玩家12407 总下注150
[17:17:14] send >>>>>>>>>>>>>>>>>>>>>>>>>>>>>>> 1 message 57 size 112
[17:17:16] recv  55 <<<<<<<<<<<<<<<<<<<<<<<<<<<<<<< 1
[17:17:16] userbet 12407  在1 下了 100,累计下注 250
[17:17:16] broad >>>>>>>>>>>>>>>>>>>>>>>>>>>>>>> message 56 size 6
[17:17:16] 区域 0  总下注0
[17:17:16] 区域 1  总下注100
[17:17:16] 区域 2  总下注100
[17:17:16] 区域 3  总下注0
[17:17:16] 区域 4  总下注50
[17:17:16] 区域 5  总下注0
[17:17:16] send >>>>>>>>>>>>>>>>>>>>>>>>>>>>>>> 0 message 57 size 112
[17:17:16] 玩家12407在区域 0  总下注0
[17:17:16] 玩家12407在区域 1  总下注100
[17:17:16] 玩家12407在区域 2  总下注100
[17:17:16] 玩家12407在区域 3  总下注0
[17:17:16] 玩家12407在区域 4  总下注50
[17:17:16] 玩家12407在区域 5  总下注0
[17:17:16] 玩家12407 总下注250
[17:17:16] send >>>>>>>>>>>>>>>>>>>>>>>>>>>>>>> 1 message 57 size 112
[17:17:19] card 0 e,1,   type 10   point 0
[17:17:19] card 1 6,5,   type 0   point 0
[17:17:19] card 2 2,4,   type 0   point 8
[17:17:19] card 3 5,12,   type 0   point 1
[17:17:19] broad >>>>>>>>>>>>>>>>>>>>>>>>>>>>>>> message 52 size 16
[17:17:34] 区域 0 结算 0
[17:17:34] 区域 1 结算 -100
[17:17:34] 区域 2 结算 100
[17:17:34] 区域 3 结算 0
[17:17:34] 区域 4 结算 0
[17:17:34] 区域 5 结算 0
[17:17:34] 玩家0[20257]  结算 0
[17:17:34] 玩家1[12407]  结算 0
[17:17:34] broad >>>>>>>>>>>>>>>>>>>>>>>>>>>>>>> message 58 size 86
[17:17:36] 玩家0[20257]  结算 0, 分数 0, 总分数 -210
[17:17:36] 玩家1[12407]  结算 0, 分数 0, 总分数 210
[17:17:36] ******************游戏结束********************************



[17:17:43] *************************小结算***********************
[17:17:43] [Phone12407,12407] [闲] 输赢金币 210 ,排名 0
[17:17:43] [Phone20257,20257] [庄] 输赢金币 -210 ,排名 1
[17:17:43] broad >>>>>>>>>>>>>>>>>>>>>>>>>>>>>>> message 73 size 44
[17:17:43] user[20257] 坐庄次数 2,每个人当庄次数2 
[17:17:43] user[12407] 坐庄次数 0,每个人当庄次数2 
[17:17:43] broad >>>>>>>>>>>>>>>>>>>>>>>>>>>>>>> message 72 size 4
[17:17:46] 1:12407 ready
[17:18:1] 0:20257 ready
[17:18:1] *****************游戏开始***************
[17:18:1] [0][20257]连庄局数 2,总局数3
[17:18:1] [1][12407]连庄局数 1,总局数3
[17:18:1] 通知 庄家 1 坐庄次数 1
[17:18:1] broad >>>>>>>>>>>>>>>>>>>>>>>>>>>>>>> message 69 size 1
[17:18:1] 游戏局数 3,总局数 4
[17:18:1] broad >>>>>>>>>>>>>>>>>>>>>>>>>>>>>>> message 71 size 8
[17:18:1] broad >>>>>>>>>>>>>>>>>>>>>>>>>>>>>>> message 51 size 0
[17:18:11] card 0 13,b,   type 0   point 4
[17:18:11] card 1 8,0,   type 0   point 2
[17:18:11] card 2 6,1,   type 0   point 6
[17:18:11] card 3 7,5,   type 0   point 7
[17:18:11] broad >>>>>>>>>>>>>>>>>>>>>>>>>>>>>>> message 52 size 16
[17:18:14] *************************大结算***********************
[17:18:14] [Phone20257,20257]  输赢金币 -210 ,总分数 -210，胜局 0 ,最大胜局 0,大赢家 0
[17:18:14] [Phone12407,12407]  输赢金币 210 ,总分数 210，胜局 1 ,最大胜局 1,大赢家 1
[17:18:14] broad >>>>>>>>>>>>>>>>>>>>>>>>>>>>>>> message 70 size 68
