[10:11:3] 0:16929 sit
[10:11:4] 0:16929 onGetState
[10:11:4] send >>>>>>>>>>>>>>>>>>>>>>>>>>>>>>> 0 message 72 size 4
[10:11:4] 游戏局数 0,总局数 4
[10:11:4] broad >>>>>>>>>>>>>>>>>>>>>>>>>>>>>>> message 71 size 8
[10:11:32] 0:16929 ready
[10:13:48] 1:14875 sit
[10:13:49] 1:14875 onGetState
[10:13:49] send >>>>>>>>>>>>>>>>>>>>>>>>>>>>>>> 1 message 72 size 4
[10:13:49] 游戏局数 0,总局数 4
[10:13:49] broad >>>>>>>>>>>>>>>>>>>>>>>>>>>>>>> message 71 size 8
[10:13:51] 1:14875 ready
[10:13:51] *****************游戏开始***************
[10:13:51] [0][16929]连庄局数 1,总局数1
[10:13:51] [1][14875]连庄局数 0,总局数1
[10:13:51] 通知 庄家 0 坐庄次数 1
[10:13:51] broad >>>>>>>>>>>>>>>>>>>>>>>>>>>>>>> message 69 size 1
[10:13:51] 游戏局数 1,总局数 4
[10:13:51] broad >>>>>>>>>>>>>>>>>>>>>>>>>>>>>>> message 71 size 8
[10:13:51] broad >>>>>>>>>>>>>>>>>>>>>>>>>>>>>>> message 51 size 0
[10:13:58] recv  55 <<<<<<<<<<<<<<<<<<<<<<<<<<<<<<< 1
[10:13:58] userbet 14875  在0 下了 50,累计下注 50
[10:13:58] broad >>>>>>>>>>>>>>>>>>>>>>>>>>>>>>> message 56 size 6
[10:13:58] 区域 0  总下注50
[10:13:58] 区域 1  总下注0
[10:13:58] 区域 2  总下注0
[10:13:58] 区域 3  总下注0
[10:13:58] 区域 4  总下注0
[10:13:58] 区域 5  总下注0
[10:13:58] send >>>>>>>>>>>>>>>>>>>>>>>>>>>>>>> 0 message 57 size 112
[10:13:58] 玩家14875在区域 0  总下注50
[10:13:58] 玩家14875在区域 1  总下注0
[10:13:58] 玩家14875在区域 2  总下注0
[10:13:58] 玩家14875在区域 3  总下注0
[10:13:58] 玩家14875在区域 4  总下注0
[10:13:58] 玩家14875在区域 5  总下注0
[10:13:58] 玩家14875 总下注50
[10:13:58] send >>>>>>>>>>>>>>>>>>>>>>>>>>>>>>> 1 message 57 size 112
[10:13:58] recv  55 <<<<<<<<<<<<<<<<<<<<<<<<<<<<<<< 1
[10:13:58] userbet 14875  在0 下了 50,累计下注 100
[10:13:58] broad >>>>>>>>>>>>>>>>>>>>>>>>>>>>>>> message 56 size 6
[10:13:58] 区域 0  总下注100
[10:13:58] 区域 1  总下注0
[10:13:58] 区域 2  总下注0
[10:13:58] 区域 3  总下注0
[10:13:58] 区域 4  总下注0
[10:13:58] 区域 5  总下注0
[10:13:58] send >>>>>>>>>>>>>>>>>>>>>>>>>>>>>>> 0 message 57 size 112
[10:13:58] 玩家14875在区域 0  总下注100
[10:13:58] 玩家14875在区域 1  总下注0
[10:13:58] 玩家14875在区域 2  总下注0
[10:13:58] 玩家14875在区域 3  总下注0
[10:13:58] 玩家14875在区域 4  总下注0
[10:13:58] 玩家14875在区域 5  总下注0
[10:13:58] 玩家14875 总下注100
[10:13:58] send >>>>>>>>>>>>>>>>>>>>>>>>>>>>>>> 1 message 57 size 112
[10:14:0] recv  55 <<<<<<<<<<<<<<<<<<<<<<<<<<<<<<< 1
[10:14:0] userbet 14875  在5 下了 50,累计下注 150
[10:14:0] broad >>>>>>>>>>>>>>>>>>>>>>>>>>>>>>> message 56 size 6
[10:14:0] 区域 0  总下注100
[10:14:0] 区域 1  总下注0
[10:14:0] 区域 2  总下注0
[10:14:0] 区域 3  总下注0
[10:14:0] 区域 4  总下注0
[10:14:0] 区域 5  总下注50
[10:14:0] send >>>>>>>>>>>>>>>>>>>>>>>>>>>>>>> 0 message 57 size 112
[10:14:0] 玩家14875在区域 0  总下注100
[10:14:0] 玩家14875在区域 1  总下注0
[10:14:0] 玩家14875在区域 2  总下注0
[10:14:0] 玩家14875在区域 3  总下注0
[10:14:0] 玩家14875在区域 4  总下注0
[10:14:0] 玩家14875在区域 5  总下注50
[10:14:0] 玩家14875 总下注150
[10:14:0] send >>>>>>>>>>>>>>>>>>>>>>>>>>>>>>> 1 message 57 size 112
[10:14:0] recv  55 <<<<<<<<<<<<<<<<<<<<<<<<<<<<<<< 1
[10:14:0] userbet 14875  在5 下了 50,累计下注 200
[10:14:0] broad >>>>>>>>>>>>>>>>>>>>>>>>>>>>>>> message 56 size 6
[10:14:0] 区域 0  总下注100
[10:14:0] 区域 1  总下注0
[10:14:0] 区域 2  总下注0
[10:14:0] 区域 3  总下注0
[10:14:0] 区域 4  总下注0
[10:14:0] 区域 5  总下注100
[10:14:0] send >>>>>>>>>>>>>>>>>>>>>>>>>>>>>>> 0 message 57 size 112
[10:14:0] 玩家14875在区域 0  总下注100
[10:14:0] 玩家14875在区域 1  总下注0
[10:14:0] 玩家14875在区域 2  总下注0
[10:14:0] 玩家14875在区域 3  总下注0
[10:14:0] 玩家14875在区域 4  总下注0
[10:14:0] 玩家14875在区域 5  总下注100
[10:14:0] 玩家14875 总下注200
[10:14:0] send >>>>>>>>>>>>>>>>>>>>>>>>>>>>>>> 1 message 57 size 112
[10:14:0] recv  55 <<<<<<<<<<<<<<<<<<<<<<<<<<<<<<< 1
[10:14:0] userbet 14875  在5 下了 50,累计下注 250
[10:14:0] broad >>>>>>>>>>>>>>>>>>>>>>>>>>>>>>> message 56 size 6
[10:14:0] 区域 0  总下注100
[10:14:0] 区域 1  总下注0
[10:14:0] 区域 2  总下注0
[10:14:0] 区域 3  总下注0
[10:14:0] 区域 4  总下注0
[10:14:0] 区域 5  总下注150
[10:14:0] send >>>>>>>>>>>>>>>>>>>>>>>>>>>>>>> 0 message 57 size 112
[10:14:0] 玩家14875在区域 0  总下注100
[10:14:0] 玩家14875在区域 1  总下注0
[10:14:0] 玩家14875在区域 2  总下注0
[10:14:0] 玩家14875在区域 3  总下注0
[10:14:0] 玩家14875在区域 4  总下注0
[10:14:0] 玩家14875在区域 5  总下注150
[10:14:0] 玩家14875 总下注250
[10:14:0] send >>>>>>>>>>>>>>>>>>>>>>>>>>>>>>> 1 message 57 size 112
[10:14:0] recv  55 <<<<<<<<<<<<<<<<<<<<<<<<<<<<<<< 1
[10:14:0] userbet 14875  在5 下了 50,累计下注 300
[10:14:0] broad >>>>>>>>>>>>>>>>>>>>>>>>>>>>>>> message 56 size 6
[10:14:0] 区域 0  总下注100
[10:14:0] 区域 1  总下注0
[10:14:0] 区域 2  总下注0
[10:14:0] 区域 3  总下注0
[10:14:0] 区域 4  总下注0
[10:14:0] 区域 5  总下注200
[10:14:0] send >>>>>>>>>>>>>>>>>>>>>>>>>>>>>>> 0 message 57 size 112
[10:14:0] 玩家14875在区域 0  总下注100
[10:14:0] 玩家14875在区域 1  总下注0
[10:14:0] 玩家14875在区域 2  总下注0
[10:14:0] 玩家14875在区域 3  总下注0
[10:14:0] 玩家14875在区域 4  总下注0
[10:14:0] 玩家14875在区域 5  总下注200
[10:14:0] 玩家14875 总下注300
[10:14:0] send >>>>>>>>>>>>>>>>>>>>>>>>>>>>>>> 1 message 57 size 112
[10:14:0] recv  55 <<<<<<<<<<<<<<<<<<<<<<<<<<<<<<< 1
[10:14:0] userbet 14875  在5 下了 50,累计下注 350
[10:14:0] broad >>>>>>>>>>>>>>>>>>>>>>>>>>>>>>> message 56 size 6
[10:14:0] 区域 0  总下注100
[10:14:0] 区域 1  总下注0
[10:14:0] 区域 2  总下注0
[10:14:0] 区域 3  总下注0
[10:14:0] 区域 4  总下注0
[10:14:0] 区域 5  总下注250
[10:14:0] send >>>>>>>>>>>>>>>>>>>>>>>>>>>>>>> 0 message 57 size 112
[10:14:0] 玩家14875在区域 0  总下注100
[10:14:0] 玩家14875在区域 1  总下注0
[10:14:0] 玩家14875在区域 2  总下注0
[10:14:0] 玩家14875在区域 3  总下注0
[10:14:0] 玩家14875在区域 4  总下注0
[10:14:0] 玩家14875在区域 5  总下注250
[10:14:0] 玩家14875 总下注350
[10:14:0] send >>>>>>>>>>>>>>>>>>>>>>>>>>>>>>> 1 message 57 size 112
[10:14:1] recv  55 <<<<<<<<<<<<<<<<<<<<<<<<<<<<<<< 1
[10:14:1] userbet 14875  在1 下了 50,累计下注 400
[10:14:1] broad >>>>>>>>>>>>>>>>>>>>>>>>>>>>>>> message 56 size 6
[10:14:1] 区域 0  总下注100
[10:14:1] 区域 1  总下注50
[10:14:1] 区域 2  总下注0
[10:14:1] 区域 3  总下注0
[10:14:1] 区域 4  总下注0
[10:14:1] 区域 5  总下注250
[10:14:1] send >>>>>>>>>>>>>>>>>>>>>>>>>>>>>>> 0 message 57 size 112
[10:14:1] 玩家14875在区域 0  总下注100
[10:14:1] 玩家14875在区域 1  总下注50
[10:14:1] 玩家14875在区域 2  总下注0
[10:14:1] 玩家14875在区域 3  总下注0
[10:14:1] 玩家14875在区域 4  总下注0
[10:14:1] 玩家14875在区域 5  总下注250
[10:14:1] 玩家14875 总下注400
[10:14:1] send >>>>>>>>>>>>>>>>>>>>>>>>>>>>>>> 1 message 57 size 112
[10:14:1] card 0 4,7,   type 0   point 1
[10:14:1] card 1 13,1,   type 0   point 7
[10:14:1] card 2 d,6,   type 0   point 2
[10:14:1] card 3 4,0,   type 0   point 2
[10:14:1] broad >>>>>>>>>>>>>>>>>>>>>>>>>>>>>>> message 52 size 16
[10:14:16] 区域 0 结算 -100
[10:14:16] 区域 1 结算 50
[10:14:16] 区域 2 结算 0
[10:14:16] 区域 3 结算 0
[10:14:16] 区域 4 结算 0
[10:14:16] 区域 5 结算 -250
[10:14:16] 玩家0[16929]  结算 300
[10:14:16] 玩家1[14875]  结算 -300
[10:14:16] broad >>>>>>>>>>>>>>>>>>>>>>>>>>>>>>> message 58 size 86
[10:14:18] 玩家0[16929]  结算 300, 分数 300, 总分数 300
[10:14:18] 玩家1[14875]  结算 -300, 分数 -300, 总分数 -300
[10:14:18] ******************游戏结束********************************



[10:14:21] broad >>>>>>>>>>>>>>>>>>>>>>>>>>>>>>> message 72 size 4
[10:14:29] 1:14875 ready
[10:14:36] 0:16929 ready
[10:14:36] *****************游戏开始***************
[10:14:36] [0][16929]连庄局数 2,总局数2
[10:14:36] [1][14875]连庄局数 0,总局数2
[10:14:36] 游戏局数 2,总局数 4
[10:14:36] broad >>>>>>>>>>>>>>>>>>>>>>>>>>>>>>> message 71 size 8
[10:14:36] broad >>>>>>>>>>>>>>>>>>>>>>>>>>>>>>> message 51 size 0
[10:14:46] card 0 5,12,   type 0   point 1
[10:14:46] card 1 3,0,   type 0   point 6
[10:14:46] card 2 c,4,   type 0   point 9
[10:14:46] card 3 2,6,   type 0   point 2
[10:14:46] broad >>>>>>>>>>>>>>>>>>>>>>>>>>>>>>> message 52 size 16
[10:15:1] 区域 0 结算 0
[10:15:1] 区域 1 结算 0
[10:15:1] 区域 2 结算 0
[10:15:1] 区域 3 结算 0
[10:15:1] 区域 4 结算 0
[10:15:1] 区域 5 结算 0
[10:15:1] 玩家0[16929]  结算 0
[10:15:1] 玩家1[14875]  结算 0
[10:15:1] broad >>>>>>>>>>>>>>>>>>>>>>>>>>>>>>> message 58 size 86
[10:15:3] 玩家0[16929]  结算 0, 分数 0, 总分数 300
[10:15:3] 玩家1[14875]  结算 0, 分数 0, 总分数 -300
[10:15:3] ******************游戏结束********************************



[10:15:11] *************************小结算***********************
[10:15:11] [Phone16929,16929] [庄] 输赢金币 300 ,排名 0
[10:15:11] [Phone14875,14875] [闲] 输赢金币 -300 ,排名 1
[10:15:11] broad >>>>>>>>>>>>>>>>>>>>>>>>>>>>>>> message 73 size 44
[10:15:11] user[16929] 坐庄次数 2,每个人当庄次数2 
[10:15:11] user[14875] 坐庄次数 0,每个人当庄次数2 
[10:15:11] broad >>>>>>>>>>>>>>>>>>>>>>>>>>>>>>> message 72 size 4
[10:15:13] 1:14875 ready
[10:15:14] 0:16929 ready
[10:15:14] *****************游戏开始***************
[10:15:14] [0][16929]连庄局数 2,总局数3
[10:15:14] [1][14875]连庄局数 1,总局数3
[10:15:14] 通知 庄家 1 坐庄次数 1
[10:15:14] broad >>>>>>>>>>>>>>>>>>>>>>>>>>>>>>> message 69 size 1
[10:15:14] 游戏局数 3,总局数 4
[10:15:14] broad >>>>>>>>>>>>>>>>>>>>>>>>>>>>>>> message 71 size 8
[10:15:14] broad >>>>>>>>>>>>>>>>>>>>>>>>>>>>>>> message 51 size 0
[10:15:24] card 0 9,b,   type 0   point 6
[10:15:24] card 1 2,c,   type 0   point 7
[10:15:24] card 2 4,6,   type 0   point 4
[10:15:24] card 3 5,11,   type 0   point 9
[10:15:24] broad >>>>>>>>>>>>>>>>>>>>>>>>>>>>>>> message 52 size 16
[10:15:39] 区域 0 结算 0
[10:15:39] 区域 1 结算 0
[10:15:39] 区域 2 结算 0
[10:15:39] 区域 3 结算 0
[10:15:39] 区域 4 结算 0
[10:15:39] 区域 5 结算 0
[10:15:39] 玩家0[16929]  结算 0
[10:15:39] 玩家1[14875]  结算 0
[10:15:39] broad >>>>>>>>>>>>>>>>>>>>>>>>>>>>>>> message 58 size 86
[10:15:41] 玩家0[16929]  结算 0, 分数 0, 总分数 300
[10:15:41] 玩家1[14875]  结算 0, 分数 0, 总分数 -300
[10:15:41] ******************游戏结束********************************



[10:15:44] broad >>>>>>>>>>>>>>>>>>>>>>>>>>>>>>> message 72 size 4
[10:15:45] 0:16929 ready
[10:15:50] 1:14875 ready
[10:15:50] *****************游戏开始***************
[10:15:50] [0][16929]连庄局数 2,总局数4
[10:15:50] [1][14875]连庄局数 2,总局数4
[10:15:50] 游戏局数 4,总局数 4
[10:15:50] broad >>>>>>>>>>>>>>>>>>>>>>>>>>>>>>> message 71 size 8
[10:15:50] broad >>>>>>>>>>>>>>>>>>>>>>>>>>>>>>> message 51 size 0
[10:15:51] recv  55 <<<<<<<<<<<<<<<<<<<<<<<<<<<<<<< 0
[10:15:51] userbet 16929  在5 下了 50,累计下注 50
[10:15:51] broad >>>>>>>>>>>>>>>>>>>>>>>>>>>>>>> message 56 size 6
[10:15:51] 区域 0  总下注0
[10:15:51] 区域 1  总下注0
[10:15:51] 区域 2  总下注0
[10:15:51] 区域 3  总下注0
[10:15:51] 区域 4  总下注0
[10:15:51] 区域 5  总下注50
[10:15:51] 玩家16929在区域 0  总下注0
[10:15:51] 玩家16929在区域 1  总下注0
[10:15:51] 玩家16929在区域 2  总下注0
[10:15:51] 玩家16929在区域 3  总下注0
[10:15:51] 玩家16929在区域 4  总下注0
[10:15:51] 玩家16929在区域 5  总下注50
[10:15:51] 玩家16929 总下注50
[10:15:51] send >>>>>>>>>>>>>>>>>>>>>>>>>>>>>>> 0 message 57 size 112
[10:15:51] send >>>>>>>>>>>>>>>>>>>>>>>>>>>>>>> 1 message 57 size 112
[10:15:52] recv  55 <<<<<<<<<<<<<<<<<<<<<<<<<<<<<<< 0
[10:15:52] userbet 16929  在1 下了 50,累计下注 100
[10:15:52] broad >>>>>>>>>>>>>>>>>>>>>>>>>>>>>>> message 56 size 6
[10:15:52] 区域 0  总下注0
[10:15:52] 区域 1  总下注50
[10:15:52] 区域 2  总下注0
[10:15:52] 区域 3  总下注0
[10:15:52] 区域 4  总下注0
[10:15:52] 区域 5  总下注50
[10:15:52] 玩家16929在区域 0  总下注0
[10:15:52] 玩家16929在区域 1  总下注50
[10:15:52] 玩家16929在区域 2  总下注0
[10:15:52] 玩家16929在区域 3  总下注0
[10:15:52] 玩家16929在区域 4  总下注0
[10:15:52] 玩家16929在区域 5  总下注50
[10:15:52] 玩家16929 总下注100
[10:15:52] send >>>>>>>>>>>>>>>>>>>>>>>>>>>>>>> 0 message 57 size 112
[10:15:52] send >>>>>>>>>>>>>>>>>>>>>>>>>>>>>>> 1 message 57 size 112
[10:15:52] recv  55 <<<<<<<<<<<<<<<<<<<<<<<<<<<<<<< 0
[10:15:52] userbet 16929  在1 下了 50,累计下注 150
[10:15:52] broad >>>>>>>>>>>>>>>>>>>>>>>>>>>>>>> message 56 size 6
[10:15:52] 区域 0  总下注0
[10:15:52] 区域 1  总下注100
[10:15:52] 区域 2  总下注0
[10:15:52] 区域 3  总下注0
[10:15:52] 区域 4  总下注0
[10:15:52] 区域 5  总下注50
[10:15:52] 玩家16929在区域 0  总下注0
[10:15:52] 玩家16929在区域 1  总下注100
[10:15:52] 玩家16929在区域 2  总下注0
[10:15:52] 玩家16929在区域 3  总下注0
[10:15:52] 玩家16929在区域 4  总下注0
[10:15:52] 玩家16929在区域 5  总下注50
[10:15:52] 玩家16929 总下注150
[10:15:52] send >>>>>>>>>>>>>>>>>>>>>>>>>>>>>>> 0 message 57 size 112
[10:15:52] send >>>>>>>>>>>>>>>>>>>>>>>>>>>>>>> 1 message 57 size 112
[10:15:53] recv  55 <<<<<<<<<<<<<<<<<<<<<<<<<<<<<<< 0
[10:15:53] userbet 16929  在1 下了 50,累计下注 200
[10:15:53] broad >>>>>>>>>>>>>>>>>>>>>>>>>>>>>>> message 56 size 6
[10:15:53] 区域 0  总下注0
[10:15:53] 区域 1  总下注150
[10:15:53] 区域 2  总下注0
[10:15:53] 区域 3  总下注0
[10:15:53] 区域 4  总下注0
[10:15:53] 区域 5  总下注50
[10:15:53] 玩家16929在区域 0  总下注0
[10:15:53] 玩家16929在区域 1  总下注150
[10:15:53] 玩家16929在区域 2  总下注0
[10:15:53] 玩家16929在区域 3  总下注0
[10:15:53] 玩家16929在区域 4  总下注0
[10:15:53] 玩家16929在区域 5  总下注50
[10:15:53] 玩家16929 总下注200
[10:15:53] send >>>>>>>>>>>>>>>>>>>>>>>>>>>>>>> 0 message 57 size 112
[10:15:53] send >>>>>>>>>>>>>>>>>>>>>>>>>>>>>>> 1 message 57 size 112
[10:15:54] recv  55 <<<<<<<<<<<<<<<<<<<<<<<<<<<<<<< 0
[10:15:54] userbet 16929  在5 下了 50,累计下注 250
[10:15:54] broad >>>>>>>>>>>>>>>>>>>>>>>>>>>>>>> message 56 size 6
[10:15:54] 区域 0  总下注0
[10:15:54] 区域 1  总下注150
[10:15:54] 区域 2  总下注0
[10:15:54] 区域 3  总下注0
[10:15:54] 区域 4  总下注0
[10:15:54] 区域 5  总下注100
[10:15:54] 玩家16929在区域 0  总下注0
[10:15:54] 玩家16929在区域 1  总下注150
[10:15:54] 玩家16929在区域 2  总下注0
[10:15:54] 玩家16929在区域 3  总下注0
[10:15:54] 玩家16929在区域 4  总下注0
[10:15:54] 玩家16929在区域 5  总下注100
[10:15:54] 玩家16929 总下注250
[10:15:54] send >>>>>>>>>>>>>>>>>>>>>>>>>>>>>>> 0 message 57 size 112
[10:15:54] send >>>>>>>>>>>>>>>>>>>>>>>>>>>>>>> 1 message 57 size 112
[10:15:54] recv  55 <<<<<<<<<<<<<<<<<<<<<<<<<<<<<<< 0
[10:15:54] userbet 16929  在3 下了 50,累计下注 300
[10:15:54] broad >>>>>>>>>>>>>>>>>>>>>>>>>>>>>>> message 56 size 6
[10:15:54] 区域 0  总下注0
[10:15:54] 区域 1  总下注150
[10:15:54] 区域 2  总下注0
[10:15:54] 区域 3  总下注50
[10:15:54] 区域 4  总下注0
[10:15:54] 区域 5  总下注100
[10:15:54] 玩家16929在区域 0  总下注0
[10:15:54] 玩家16929在区域 1  总下注150
[10:15:54] 玩家16929在区域 2  总下注0
[10:15:54] 玩家16929在区域 3  总下注50
[10:15:54] 玩家16929在区域 4  总下注0
[10:15:54] 玩家16929在区域 5  总下注100
[10:15:54] 玩家16929 总下注300
[10:15:54] send >>>>>>>>>>>>>>>>>>>>>>>>>>>>>>> 0 message 57 size 112
[10:15:54] send >>>>>>>>>>>>>>>>>>>>>>>>>>>>>>> 1 message 57 size 112
[10:15:54] recv  55 <<<<<<<<<<<<<<<<<<<<<<<<<<<<<<< 0
[10:15:54] userbet 16929  在0 下了 50,累计下注 350
[10:15:54] broad >>>>>>>>>>>>>>>>>>>>>>>>>>>>>>> message 56 size 6
[10:15:54] 区域 0  总下注50
[10:15:54] 区域 1  总下注150
[10:15:54] 区域 2  总下注0
[10:15:54] 区域 3  总下注50
[10:15:54] 区域 4  总下注0
[10:15:54] 区域 5  总下注100
[10:15:54] 玩家16929在区域 0  总下注50
[10:15:54] 玩家16929在区域 1  总下注150
[10:15:54] 玩家16929在区域 2  总下注0
[10:15:54] 玩家16929在区域 3  总下注50
[10:15:54] 玩家16929在区域 4  总下注0
[10:15:54] 玩家16929在区域 5  总下注100
[10:15:54] 玩家16929 总下注350
[10:15:54] send >>>>>>>>>>>>>>>>>>>>>>>>>>>>>>> 0 message 57 size 112
[10:15:54] send >>>>>>>>>>>>>>>>>>>>>>>>>>>>>>> 1 message 57 size 112
[10:15:55] recv  55 <<<<<<<<<<<<<<<<<<<<<<<<<<<<<<< 0
[10:15:55] userbet 16929  在2 下了 50,累计下注 400
[10:15:55] broad >>>>>>>>>>>>>>>>>>>>>>>>>>>>>>> message 56 size 6
[10:15:55] 区域 0  总下注50
[10:15:55] 区域 1  总下注150
[10:15:55] 区域 2  总下注50
[10:15:55] 区域 3  总下注50
[10:15:55] 区域 4  总下注0
[10:15:55] 区域 5  总下注100
[10:15:55] 玩家16929在区域 0  总下注50
[10:15:55] 玩家16929在区域 1  总下注150
[10:15:55] 玩家16929在区域 2  总下注50
[10:15:55] 玩家16929在区域 3  总下注50
[10:15:55] 玩家16929在区域 4  总下注0
[10:15:55] 玩家16929在区域 5  总下注100
[10:15:55] 玩家16929 总下注400
[10:15:55] send >>>>>>>>>>>>>>>>>>>>>>>>>>>>>>> 0 message 57 size 112
[10:15:55] send >>>>>>>>>>>>>>>>>>>>>>>>>>>>>>> 1 message 57 size 112
[10:15:55] recv  55 <<<<<<<<<<<<<<<<<<<<<<<<<<<<<<< 0
[10:15:55] userbet 16929  在4 下了 50,累计下注 450
[10:15:55] broad >>>>>>>>>>>>>>>>>>>>>>>>>>>>>>> message 56 size 6
[10:15:55] 区域 0  总下注50
[10:15:55] 区域 1  总下注150
[10:15:55] 区域 2  总下注50
[10:15:55] 区域 3  总下注50
[10:15:55] 区域 4  总下注50
[10:15:55] 区域 5  总下注100
[10:15:55] 玩家16929在区域 0  总下注50
[10:15:55] 玩家16929在区域 1  总下注150
[10:15:55] 玩家16929在区域 2  总下注50
[10:15:55] 玩家16929在区域 3  总下注50
[10:15:55] 玩家16929在区域 4  总下注50
[10:15:55] 玩家16929在区域 5  总下注100
[10:15:55] 玩家16929 总下注450
[10:15:55] send >>>>>>>>>>>>>>>>>>>>>>>>>>>>>>> 0 message 57 size 112
[10:15:55] send >>>>>>>>>>>>>>>>>>>>>>>>>>>>>>> 1 message 57 size 112
[10:15:55] recv  55 <<<<<<<<<<<<<<<<<<<<<<<<<<<<<<< 0
[10:15:55] userbet 16929  在4 下了 50,累计下注 500
[10:15:55] broad >>>>>>>>>>>>>>>>>>>>>>>>>>>>>>> message 56 size 6
[10:15:55] 区域 0  总下注50
[10:15:55] 区域 1  总下注150
[10:15:55] 区域 2  总下注50
[10:15:55] 区域 3  总下注50
[10:15:55] 区域 4  总下注100
[10:15:55] 区域 5  总下注100
[10:15:55] 玩家16929在区域 0  总下注50
[10:15:55] 玩家16929在区域 1  总下注150
[10:15:55] 玩家16929在区域 2  总下注50
[10:15:55] 玩家16929在区域 3  总下注50
[10:15:55] 玩家16929在区域 4  总下注100
[10:15:55] 玩家16929在区域 5  总下注100
[10:15:55] 玩家16929 总下注500
[10:15:55] send >>>>>>>>>>>>>>>>>>>>>>>>>>>>>>> 0 message 57 size 112
[10:15:55] send >>>>>>>>>>>>>>>>>>>>>>>>>>>>>>> 1 message 57 size 112
[10:15:55] recv  55 <<<<<<<<<<<<<<<<<<<<<<<<<<<<<<< 0
[10:15:55] userbet 16929  在2 下了 50,累计下注 550
[10:15:55] broad >>>>>>>>>>>>>>>>>>>>>>>>>>>>>>> message 56 size 6
[10:15:55] 区域 0  总下注50
[10:15:55] 区域 1  总下注150
[10:15:55] 区域 2  总下注100
[10:15:55] 区域 3  总下注50
[10:15:55] 区域 4  总下注100
[10:15:55] 区域 5  总下注100
[10:15:55] 玩家16929在区域 0  总下注50
[10:15:55] 玩家16929在区域 1  总下注150
[10:15:55] 玩家16929在区域 2  总下注100
[10:15:55] 玩家16929在区域 3  总下注50
[10:15:55] 玩家16929在区域 4  总下注100
[10:15:55] 玩家16929在区域 5  总下注100
[10:15:55] 玩家16929 总下注550
[10:15:55] send >>>>>>>>>>>>>>>>>>>>>>>>>>>>>>> 0 message 57 size 112
[10:15:55] send >>>>>>>>>>>>>>>>>>>>>>>>>>>>>>> 1 message 57 size 112
[10:15:56] recv  55 <<<<<<<<<<<<<<<<<<<<<<<<<<<<<<< 0
[10:15:56] userbet 16929  在5 下了 50,累计下注 600
[10:15:56] broad >>>>>>>>>>>>>>>>>>>>>>>>>>>>>>> message 56 size 6
[10:15:56] 区域 0  总下注50
[10:15:56] 区域 1  总下注150
[10:15:56] 区域 2  总下注100
[10:15:56] 区域 3  总下注50
[10:15:56] 区域 4  总下注100
[10:15:56] 区域 5  总下注150
[10:15:56] 玩家16929在区域 0  总下注50
[10:15:56] 玩家16929在区域 1  总下注150
[10:15:56] 玩家16929在区域 2  总下注100
[10:15:56] 玩家16929在区域 3  总下注50
[10:15:56] 玩家16929在区域 4  总下注100
[10:15:56] 玩家16929在区域 5  总下注150
[10:15:56] 玩家16929 总下注600
[10:15:56] send >>>>>>>>>>>>>>>>>>>>>>>>>>>>>>> 0 message 57 size 112
[10:15:56] send >>>>>>>>>>>>>>>>>>>>>>>>>>>>>>> 1 message 57 size 112
[10:15:56] recv  55 <<<<<<<<<<<<<<<<<<<<<<<<<<<<<<< 0
[10:15:56] userbet 16929  在0 下了 50,累计下注 650
[10:15:56] broad >>>>>>>>>>>>>>>>>>>>>>>>>>>>>>> message 56 size 6
[10:15:56] 区域 0  总下注100
[10:15:56] 区域 1  总下注150
[10:15:56] 区域 2  总下注100
[10:15:56] 区域 3  总下注50
[10:15:56] 区域 4  总下注100
[10:15:56] 区域 5  总下注150
[10:15:56] 玩家16929在区域 0  总下注100
[10:15:56] 玩家16929在区域 1  总下注150
[10:15:56] 玩家16929在区域 2  总下注100
[10:15:56] 玩家16929在区域 3  总下注50
[10:15:56] 玩家16929在区域 4  总下注100
[10:15:56] 玩家16929在区域 5  总下注150
[10:15:56] 玩家16929 总下注650
[10:15:56] send >>>>>>>>>>>>>>>>>>>>>>>>>>>>>>> 0 message 57 size 112
[10:15:56] send >>>>>>>>>>>>>>>>>>>>>>>>>>>>>>> 1 message 57 size 112
[10:15:56] recv  55 <<<<<<<<<<<<<<<<<<<<<<<<<<<<<<< 0
[10:15:56] userbet 16929  在3 下了 50,累计下注 700
[10:15:56] broad >>>>>>>>>>>>>>>>>>>>>>>>>>>>>>> message 56 size 6
[10:15:56] 区域 0  总下注100
[10:15:56] 区域 1  总下注150
[10:15:56] 区域 2  总下注100
[10:15:56] 区域 3  总下注100
[10:15:56] 区域 4  总下注100
[10:15:56] 区域 5  总下注150
[10:15:56] 玩家16929在区域 0  总下注100
[10:15:56] 玩家16929在区域 1  总下注150
[10:15:56] 玩家16929在区域 2  总下注100
[10:15:56] 玩家16929在区域 3  总下注100
[10:15:56] 玩家16929在区域 4  总下注100
[10:15:56] 玩家16929在区域 5  总下注150
[10:15:56] 玩家16929 总下注700
[10:15:56] send >>>>>>>>>>>>>>>>>>>>>>>>>>>>>>> 0 message 57 size 112
[10:15:56] send >>>>>>>>>>>>>>>>>>>>>>>>>>>>>>> 1 message 57 size 112
[10:15:56] recv  55 <<<<<<<<<<<<<<<<<<<<<<<<<<<<<<< 0
[10:15:56] userbet 16929  在1 下了 50,累计下注 750
[10:15:56] broad >>>>>>>>>>>>>>>>>>>>>>>>>>>>>>> message 56 size 6
[10:15:56] 区域 0  总下注100
[10:15:56] 区域 1  总下注200
[10:15:56] 区域 2  总下注100
[10:15:56] 区域 3  总下注100
[10:15:56] 区域 4  总下注100
[10:15:56] 区域 5  总下注150
[10:15:56] 玩家16929在区域 0  总下注100
[10:15:56] 玩家16929在区域 1  总下注200
[10:15:56] 玩家16929在区域 2  总下注100
[10:15:56] 玩家16929在区域 3  总下注100
[10:15:56] 玩家16929在区域 4  总下注100
[10:15:56] 玩家16929在区域 5  总下注150
[10:15:56] 玩家16929 总下注750
[10:15:56] send >>>>>>>>>>>>>>>>>>>>>>>>>>>>>>> 0 message 57 size 112
[10:15:56] send >>>>>>>>>>>>>>>>>>>>>>>>>>>>>>> 1 message 57 size 112
[10:15:56] recv  55 <<<<<<<<<<<<<<<<<<<<<<<<<<<<<<< 0
[10:15:56] userbet 16929  在0 下了 50,累计下注 800
[10:15:56] broad >>>>>>>>>>>>>>>>>>>>>>>>>>>>>>> message 56 size 6
[10:15:56] 区域 0  总下注150
[10:15:56] 区域 1  总下注200
[10:15:56] 区域 2  总下注100
[10:15:56] 区域 3  总下注100
[10:15:56] 区域 4  总下注100
[10:15:56] 区域 5  总下注150
[10:15:56] 玩家16929在区域 0  总下注150
[10:15:56] 玩家16929在区域 1  总下注200
[10:15:56] 玩家16929在区域 2  总下注100
[10:15:56] 玩家16929在区域 3  总下注100
[10:15:56] 玩家16929在区域 4  总下注100
[10:15:56] 玩家16929在区域 5  总下注150
[10:15:56] 玩家16929 总下注800
[10:15:56] send >>>>>>>>>>>>>>>>>>>>>>>>>>>>>>> 0 message 57 size 112
[10:15:56] send >>>>>>>>>>>>>>>>>>>>>>>>>>>>>>> 1 message 57 size 112
[10:15:57] recv  55 <<<<<<<<<<<<<<<<<<<<<<<<<<<<<<< 0
[10:15:57] userbet 16929  在5 下了 50,累计下注 850
[10:15:57] broad >>>>>>>>>>>>>>>>>>>>>>>>>>>>>>> message 56 size 6
[10:15:57] 区域 0  总下注150
[10:15:57] 区域 1  总下注200
[10:15:57] 区域 2  总下注100
[10:15:57] 区域 3  总下注100
[10:15:57] 区域 4  总下注100
[10:15:57] 区域 5  总下注200
[10:15:57] 玩家16929在区域 0  总下注150
[10:15:57] 玩家16929在区域 1  总下注200
[10:15:57] 玩家16929在区域 2  总下注100
[10:15:57] 玩家16929在区域 3  总下注100
[10:15:57] 玩家16929在区域 4  总下注100
[10:15:57] 玩家16929在区域 5  总下注200
[10:15:57] 玩家16929 总下注850
[10:15:57] send >>>>>>>>>>>>>>>>>>>>>>>>>>>>>>> 0 message 57 size 112
[10:15:57] send >>>>>>>>>>>>>>>>>>>>>>>>>>>>>>> 1 message 57 size 112
[10:15:57] recv  55 <<<<<<<<<<<<<<<<<<<<<<<<<<<<<<< 0
[10:15:57] userbet 16929  在5 下了 50,累计下注 900
[10:15:57] broad >>>>>>>>>>>>>>>>>>>>>>>>>>>>>>> message 56 size 6
[10:15:57] 区域 0  总下注150
[10:15:57] 区域 1  总下注200
[10:15:57] 区域 2  总下注100
[10:15:57] 区域 3  总下注100
[10:15:57] 区域 4  总下注100
[10:15:57] 区域 5  总下注250
[10:15:57] 玩家16929在区域 0  总下注150
[10:15:57] 玩家16929在区域 1  总下注200
[10:15:57] 玩家16929在区域 2  总下注100
[10:15:57] 玩家16929在区域 3  总下注100
[10:15:57] 玩家16929在区域 4  总下注100
[10:15:57] 玩家16929在区域 5  总下注250
[10:15:57] 玩家16929 总下注900
[10:15:57] send >>>>>>>>>>>>>>>>>>>>>>>>>>>>>>> 0 message 57 size 112
[10:15:57] send >>>>>>>>>>>>>>>>>>>>>>>>>>>>>>> 1 message 57 size 112
[10:15:57] recv  55 <<<<<<<<<<<<<<<<<<<<<<<<<<<<<<< 0
[10:15:57] userbet 16929  在1 下了 50,累计下注 950
[10:15:57] broad >>>>>>>>>>>>>>>>>>>>>>>>>>>>>>> message 56 size 6
[10:15:57] 区域 0  总下注150
[10:15:57] 区域 1  总下注250
[10:15:57] 区域 2  总下注100
[10:15:57] 区域 3  总下注100
[10:15:57] 区域 4  总下注100
[10:15:57] 区域 5  总下注250
[10:15:57] 玩家16929在区域 0  总下注150
[10:15:57] 玩家16929在区域 1  总下注250
[10:15:57] 玩家16929在区域 2  总下注100
[10:15:57] 玩家16929在区域 3  总下注100
[10:15:57] 玩家16929在区域 4  总下注100
[10:15:57] 玩家16929在区域 5  总下注250
[10:15:57] 玩家16929 总下注950
[10:15:57] send >>>>>>>>>>>>>>>>>>>>>>>>>>>>>>> 0 message 57 size 112
[10:15:57] send >>>>>>>>>>>>>>>>>>>>>>>>>>>>>>> 1 message 57 size 112
[10:15:57] recv  55 <<<<<<<<<<<<<<<<<<<<<<<<<<<<<<< 0
[10:15:57] userbet 16929  在2 下了 50,累计下注 1000
[10:15:57] broad >>>>>>>>>>>>>>>>>>>>>>>>>>>>>>> message 56 size 6
[10:15:57] 区域 0  总下注150
[10:15:57] 区域 1  总下注250
[10:15:57] 区域 2  总下注150
[10:15:57] 区域 3  总下注100
[10:15:57] 区域 4  总下注100
[10:15:57] 区域 5  总下注250
[10:15:57] 玩家16929在区域 0  总下注150
[10:15:57] 玩家16929在区域 1  总下注250
[10:15:57] 玩家16929在区域 2  总下注150
[10:15:57] 玩家16929在区域 3  总下注100
[10:15:57] 玩家16929在区域 4  总下注100
[10:15:57] 玩家16929在区域 5  总下注250
[10:15:57] 玩家16929 总下注1000
[10:15:57] send >>>>>>>>>>>>>>>>>>>>>>>>>>>>>>> 0 message 57 size 112
[10:15:57] send >>>>>>>>>>>>>>>>>>>>>>>>>>>>>>> 1 message 57 size 112
[10:15:57] recv  55 <<<<<<<<<<<<<<<<<<<<<<<<<<<<<<< 0
[10:15:57] userbet 16929  在2 下了 50,累计下注 1050
[10:15:57] broad >>>>>>>>>>>>>>>>>>>>>>>>>>>>>>> message 56 size 6
[10:15:57] 区域 0  总下注150
[10:15:57] 区域 1  总下注250
[10:15:57] 区域 2  总下注200
[10:15:57] 区域 3  总下注100
[10:15:57] 区域 4  总下注100
[10:15:57] 区域 5  总下注250
[10:15:57] 玩家16929在区域 0  总下注150
[10:15:57] 玩家16929在区域 1  总下注250
[10:15:57] 玩家16929在区域 2  总下注200
[10:15:57] 玩家16929在区域 3  总下注100
[10:15:57] 玩家16929在区域 4  总下注100
[10:15:57] 玩家16929在区域 5  总下注250
[10:15:57] 玩家16929 总下注1050
[10:15:57] send >>>>>>>>>>>>>>>>>>>>>>>>>>>>>>> 0 message 57 size 112
[10:15:57] send >>>>>>>>>>>>>>>>>>>>>>>>>>>>>>> 1 message 57 size 112
[10:15:58] recv  55 <<<<<<<<<<<<<<<<<<<<<<<<<<<<<<< 0
[10:15:58] userbet 16929  在2 下了 50,累计下注 1100
[10:15:58] broad >>>>>>>>>>>>>>>>>>>>>>>>>>>>>>> message 56 size 6
[10:15:58] 区域 0  总下注150
[10:15:58] 区域 1  总下注250
[10:15:58] 区域 2  总下注250
[10:15:58] 区域 3  总下注100
[10:15:58] 区域 4  总下注100
[10:15:58] 区域 5  总下注250
[10:15:58] 玩家16929在区域 0  总下注150
[10:15:58] 玩家16929在区域 1  总下注250
[10:15:58] 玩家16929在区域 2  总下注250
[10:15:58] 玩家16929在区域 3  总下注100
[10:15:58] 玩家16929在区域 4  总下注100
[10:15:58] 玩家16929在区域 5  总下注250
[10:15:58] 玩家16929 总下注1100
[10:15:58] send >>>>>>>>>>>>>>>>>>>>>>>>>>>>>>> 0 message 57 size 112
[10:15:58] send >>>>>>>>>>>>>>>>>>>>>>>>>>>>>>> 1 message 57 size 112
[10:15:58] recv  55 <<<<<<<<<<<<<<<<<<<<<<<<<<<<<<< 0
[10:15:58] userbet 16929  在5 下了 50,累计下注 1150
[10:15:58] broad >>>>>>>>>>>>>>>>>>>>>>>>>>>>>>> message 56 size 6
[10:15:58] 区域 0  总下注150
[10:15:58] 区域 1  总下注250
[10:15:58] 区域 2  总下注250
[10:15:58] 区域 3  总下注100
[10:15:58] 区域 4  总下注100
[10:15:58] 区域 5  总下注300
[10:15:58] 玩家16929在区域 0  总下注150
[10:15:58] 玩家16929在区域 1  总下注250
[10:15:58] 玩家16929在区域 2  总下注250
[10:15:58] 玩家16929在区域 3  总下注100
[10:15:58] 玩家16929在区域 4  总下注100
[10:15:58] 玩家16929在区域 5  总下注300
[10:15:58] 玩家16929 总下注1150
[10:15:58] send >>>>>>>>>>>>>>>>>>>>>>>>>>>>>>> 0 message 57 size 112
[10:15:58] send >>>>>>>>>>>>>>>>>>>>>>>>>>>>>>> 1 message 57 size 112
[10:15:58] recv  55 <<<<<<<<<<<<<<<<<<<<<<<<<<<<<<< 0
[10:15:58] userbet 16929  在0 下了 50,累计下注 1200
[10:15:58] broad >>>>>>>>>>>>>>>>>>>>>>>>>>>>>>> message 56 size 6
[10:15:58] 区域 0  总下注200
[10:15:58] 区域 1  总下注250
[10:15:58] 区域 2  总下注250
[10:15:58] 区域 3  总下注100
[10:15:58] 区域 4  总下注100
[10:15:58] 区域 5  总下注300
[10:15:58] 玩家16929在区域 0  总下注200
[10:15:58] 玩家16929在区域 1  总下注250
[10:15:58] 玩家16929在区域 2  总下注250
[10:15:58] 玩家16929在区域 3  总下注100
[10:15:58] 玩家16929在区域 4  总下注100
[10:15:58] 玩家16929在区域 5  总下注300
[10:15:58] 玩家16929 总下注1200
[10:15:58] send >>>>>>>>>>>>>>>>>>>>>>>>>>>>>>> 0 message 57 size 112
[10:15:58] send >>>>>>>>>>>>>>>>>>>>>>>>>>>>>>> 1 message 57 size 112
[10:15:58] recv  55 <<<<<<<<<<<<<<<<<<<<<<<<<<<<<<< 0
[10:15:58] userbet 16929  在3 下了 50,累计下注 1250
[10:15:58] broad >>>>>>>>>>>>>>>>>>>>>>>>>>>>>>> message 56 size 6
[10:15:58] 区域 0  总下注200
[10:15:58] 区域 1  总下注250
[10:15:58] 区域 2  总下注250
[10:15:58] 区域 3  总下注150
[10:15:58] 区域 4  总下注100
[10:15:58] 区域 5  总下注300
[10:15:58] 玩家16929在区域 0  总下注200
[10:15:58] 玩家16929在区域 1  总下注250
[10:15:58] 玩家16929在区域 2  总下注250
[10:15:58] 玩家16929在区域 3  总下注150
[10:15:58] 玩家16929在区域 4  总下注100
[10:15:58] 玩家16929在区域 5  总下注300
[10:15:58] 玩家16929 总下注1250
[10:15:58] send >>>>>>>>>>>>>>>>>>>>>>>>>>>>>>> 0 message 57 size 112
[10:15:58] send >>>>>>>>>>>>>>>>>>>>>>>>>>>>>>> 1 message 57 size 112
[10:15:58] recv  55 <<<<<<<<<<<<<<<<<<<<<<<<<<<<<<< 0
[10:15:58] userbet 16929  在1 下了 50,累计下注 1300
[10:15:58] broad >>>>>>>>>>>>>>>>>>>>>>>>>>>>>>> message 56 size 6
[10:15:58] 区域 0  总下注200
[10:15:58] 区域 1  总下注300
[10:15:58] 区域 2  总下注250
[10:15:58] 区域 3  总下注150
[10:15:58] 区域 4  总下注100
[10:15:58] 区域 5  总下注300
[10:15:58] 玩家16929在区域 0  总下注200
[10:15:58] 玩家16929在区域 1  总下注300
[10:15:58] 玩家16929在区域 2  总下注250
[10:15:58] 玩家16929在区域 3  总下注150
[10:15:58] 玩家16929在区域 4  总下注100
[10:15:58] 玩家16929在区域 5  总下注300
[10:15:58] 玩家16929 总下注1300
[10:15:58] send >>>>>>>>>>>>>>>>>>>>>>>>>>>>>>> 0 message 57 size 112
[10:15:58] send >>>>>>>>>>>>>>>>>>>>>>>>>>>>>>> 1 message 57 size 112
[10:15:59] recv  55 <<<<<<<<<<<<<<<<<<<<<<<<<<<<<<< 0
[10:15:59] userbet 16929  在1 下了 50,累计下注 1350
[10:15:59] broad >>>>>>>>>>>>>>>>>>>>>>>>>>>>>>> message 56 size 6
[10:15:59] 区域 0  总下注200
[10:15:59] 区域 1  总下注350
[10:15:59] 区域 2  总下注250
[10:15:59] 区域 3  总下注150
[10:15:59] 区域 4  总下注100
[10:15:59] 区域 5  总下注300
[10:15:59] 玩家16929在区域 0  总下注200
[10:15:59] 玩家16929在区域 1  总下注350
[10:15:59] 玩家16929在区域 2  总下注250
[10:15:59] 玩家16929在区域 3  总下注150
[10:15:59] 玩家16929在区域 4  总下注100
[10:15:59] 玩家16929在区域 5  总下注300
[10:15:59] 玩家16929 总下注1350
[10:15:59] send >>>>>>>>>>>>>>>>>>>>>>>>>>>>>>> 0 message 57 size 112
[10:15:59] send >>>>>>>>>>>>>>>>>>>>>>>>>>>>>>> 1 message 57 size 112
[10:15:59] recv  55 <<<<<<<<<<<<<<<<<<<<<<<<<<<<<<< 0
[10:15:59] userbet 16929  在4 下了 50,累计下注 1400
[10:15:59] broad >>>>>>>>>>>>>>>>>>>>>>>>>>>>>>> message 56 size 6
[10:15:59] 区域 0  总下注200
[10:15:59] 区域 1  总下注350
[10:15:59] 区域 2  总下注250
[10:15:59] 区域 3  总下注150
[10:15:59] 区域 4  总下注150
[10:15:59] 区域 5  总下注300
[10:15:59] 玩家16929在区域 0  总下注200
[10:15:59] 玩家16929在区域 1  总下注350
[10:15:59] 玩家16929在区域 2  总下注250
[10:15:59] 玩家16929在区域 3  总下注150
[10:15:59] 玩家16929在区域 4  总下注150
[10:15:59] 玩家16929在区域 5  总下注300
[10:15:59] 玩家16929 总下注1400
[10:15:59] send >>>>>>>>>>>>>>>>>>>>>>>>>>>>>>> 0 message 57 size 112
[10:15:59] send >>>>>>>>>>>>>>>>>>>>>>>>>>>>>>> 1 message 57 size 112
[10:15:59] recv  55 <<<<<<<<<<<<<<<<<<<<<<<<<<<<<<< 0
[10:15:59] userbet 16929  在2 下了 50,累计下注 1450
[10:15:59] broad >>>>>>>>>>>>>>>>>>>>>>>>>>>>>>> message 56 size 6
[10:15:59] 区域 0  总下注200
[10:15:59] 区域 1  总下注350
[10:15:59] 区域 2  总下注300
[10:15:59] 区域 3  总下注150
[10:15:59] 区域 4  总下注150
[10:15:59] 区域 5  总下注300
[10:15:59] 玩家16929在区域 0  总下注200
[10:15:59] 玩家16929在区域 1  总下注350
[10:15:59] 玩家16929在区域 2  总下注300
[10:15:59] 玩家16929在区域 3  总下注150
[10:15:59] 玩家16929在区域 4  总下注150
[10:15:59] 玩家16929在区域 5  总下注300
[10:15:59] 玩家16929 总下注1450
[10:15:59] send >>>>>>>>>>>>>>>>>>>>>>>>>>>>>>> 0 message 57 size 112
[10:15:59] send >>>>>>>>>>>>>>>>>>>>>>>>>>>>>>> 1 message 57 size 112
[10:15:59] recv  55 <<<<<<<<<<<<<<<<<<<<<<<<<<<<<<< 0
[10:15:59] userbet 16929  在2 下了 50,累计下注 1500
[10:15:59] broad >>>>>>>>>>>>>>>>>>>>>>>>>>>>>>> message 56 size 6
[10:15:59] 区域 0  总下注200
[10:15:59] 区域 1  总下注350
[10:15:59] 区域 2  总下注350
[10:15:59] 区域 3  总下注150
[10:15:59] 区域 4  总下注150
[10:15:59] 区域 5  总下注300
[10:15:59] 玩家16929在区域 0  总下注200
[10:15:59] 玩家16929在区域 1  总下注350
[10:15:59] 玩家16929在区域 2  总下注350
[10:15:59] 玩家16929在区域 3  总下注150
[10:15:59] 玩家16929在区域 4  总下注150
[10:15:59] 玩家16929在区域 5  总下注300
[10:15:59] 玩家16929 总下注1500
[10:15:59] send >>>>>>>>>>>>>>>>>>>>>>>>>>>>>>> 0 message 57 size 112
[10:15:59] send >>>>>>>>>>>>>>>>>>>>>>>>>>>>>>> 1 message 57 size 112
[10:15:59] recv  55 <<<<<<<<<<<<<<<<<<<<<<<<<<<<<<< 0
[10:15:59] userbet 16929  在5 下了 50,累计下注 1550
[10:15:59] broad >>>>>>>>>>>>>>>>>>>>>>>>>>>>>>> message 56 size 6
[10:15:59] 区域 0  总下注200
[10:15:59] 区域 1  总下注350
[10:15:59] 区域 2  总下注350
[10:15:59] 区域 3  总下注150
[10:15:59] 区域 4  总下注150
[10:15:59] 区域 5  总下注350
[10:15:59] 玩家16929在区域 0  总下注200
[10:15:59] 玩家16929在区域 1  总下注350
[10:15:59] 玩家16929在区域 2  总下注350
[10:15:59] 玩家16929在区域 3  总下注150
[10:15:59] 玩家16929在区域 4  总下注150
[10:15:59] 玩家16929在区域 5  总下注350
[10:15:59] 玩家16929 总下注1550
[10:15:59] send >>>>>>>>>>>>>>>>>>>>>>>>>>>>>>> 0 message 57 size 112
[10:15:59] send >>>>>>>>>>>>>>>>>>>>>>>>>>>>>>> 1 message 57 size 112
[10:15:59] recv  55 <<<<<<<<<<<<<<<<<<<<<<<<<<<<<<< 0
[10:15:59] userbet 16929  在5 下了 50,累计下注 1600
[10:15:59] broad >>>>>>>>>>>>>>>>>>>>>>>>>>>>>>> message 56 size 6
[10:15:59] 区域 0  总下注200
[10:15:59] 区域 1  总下注350
[10:15:59] 区域 2  总下注350
[10:15:59] 区域 3  总下注150
[10:15:59] 区域 4  总下注150
[10:15:59] 区域 5  总下注400
[10:15:59] 玩家16929在区域 0  总下注200
[10:15:59] 玩家16929在区域 1  总下注350
[10:15:59] 玩家16929在区域 2  总下注350
[10:15:59] 玩家16929在区域 3  总下注150
[10:15:59] 玩家16929在区域 4  总下注150
[10:15:59] 玩家16929在区域 5  总下注400
[10:15:59] 玩家16929 总下注1600
[10:15:59] send >>>>>>>>>>>>>>>>>>>>>>>>>>>>>>> 0 message 57 size 112
[10:15:59] send >>>>>>>>>>>>>>>>>>>>>>>>>>>>>>> 1 message 57 size 112
[10:15:59] recv  55 <<<<<<<<<<<<<<<<<<<<<<<<<<<<<<< 0
[10:15:59] userbet 16929  在0 下了 50,累计下注 1650
[10:15:59] broad >>>>>>>>>>>>>>>>>>>>>>>>>>>>>>> message 56 size 6
[10:15:59] 区域 0  总下注250
[10:15:59] 区域 1  总下注350
[10:15:59] 区域 2  总下注350
[10:15:59] 区域 3  总下注150
[10:15:59] 区域 4  总下注150
[10:15:59] 区域 5  总下注400
[10:15:59] 玩家16929在区域 0  总下注250
[10:15:59] 玩家16929在区域 1  总下注350
[10:15:59] 玩家16929在区域 2  总下注350
[10:15:59] 玩家16929在区域 3  总下注150
[10:15:59] 玩家16929在区域 4  总下注150
[10:15:59] 玩家16929在区域 5  总下注400
[10:15:59] 玩家16929 总下注1650
[10:15:59] send >>>>>>>>>>>>>>>>>>>>>>>>>>>>>>> 0 message 57 size 112
[10:15:59] send >>>>>>>>>>>>>>>>>>>>>>>>>>>>>>> 1 message 57 size 112
[10:16:0] recv  55 <<<<<<<<<<<<<<<<<<<<<<<<<<<<<<< 0
[10:16:0] userbet 16929  在0 下了 50,累计下注 1700
[10:16:0] broad >>>>>>>>>>>>>>>>>>>>>>>>>>>>>>> message 56 size 6
[10:16:0] 区域 0  总下注300
[10:16:0] 区域 1  总下注350
[10:16:0] 区域 2  总下注350
[10:16:0] 区域 3  总下注150
[10:16:0] 区域 4  总下注150
[10:16:0] 区域 5  总下注400
[10:16:0] 玩家16929在区域 0  总下注300
[10:16:0] 玩家16929在区域 1  总下注350
[10:16:0] 玩家16929在区域 2  总下注350
[10:16:0] 玩家16929在区域 3  总下注150
[10:16:0] 玩家16929在区域 4  总下注150
[10:16:0] 玩家16929在区域 5  总下注400
[10:16:0] 玩家16929 总下注1700
[10:16:0] send >>>>>>>>>>>>>>>>>>>>>>>>>>>>>>> 0 message 57 size 112
[10:16:0] send >>>>>>>>>>>>>>>>>>>>>>>>>>>>>>> 1 message 57 size 112
[10:16:0] recv  55 <<<<<<<<<<<<<<<<<<<<<<<<<<<<<<< 0
[10:16:0] userbet 16929  在1 下了 50,累计下注 1750
[10:16:0] broad >>>>>>>>>>>>>>>>>>>>>>>>>>>>>>> message 56 size 6
[10:16:0] 区域 0  总下注300
[10:16:0] 区域 1  总下注400
[10:16:0] 区域 2  总下注350
[10:16:0] 区域 3  总下注150
[10:16:0] 区域 4  总下注150
[10:16:0] 区域 5  总下注400
[10:16:0] 玩家16929在区域 0  总下注300
[10:16:0] 玩家16929在区域 1  总下注400
[10:16:0] 玩家16929在区域 2  总下注350
[10:16:0] 玩家16929在区域 3  总下注150
[10:16:0] 玩家16929在区域 4  总下注150
[10:16:0] 玩家16929在区域 5  总下注400
[10:16:0] 玩家16929 总下注1750
[10:16:0] send >>>>>>>>>>>>>>>>>>>>>>>>>>>>>>> 0 message 57 size 112
[10:16:0] send >>>>>>>>>>>>>>>>>>>>>>>>>>>>>>> 1 message 57 size 112
[10:16:0] recv  55 <<<<<<<<<<<<<<<<<<<<<<<<<<<<<<< 0
[10:16:0] userbet 16929  在1 下了 50,累计下注 1800
[10:16:0] broad >>>>>>>>>>>>>>>>>>>>>>>>>>>>>>> message 56 size 6
[10:16:0] 区域 0  总下注300
[10:16:0] 区域 1  总下注450
[10:16:0] 区域 2  总下注350
[10:16:0] 区域 3  总下注150
[10:16:0] 区域 4  总下注150
[10:16:0] 区域 5  总下注400
[10:16:0] 玩家16929在区域 0  总下注300
[10:16:0] 玩家16929在区域 1  总下注450
[10:16:0] 玩家16929在区域 2  总下注350
[10:16:0] 玩家16929在区域 3  总下注150
[10:16:0] 玩家16929在区域 4  总下注150
[10:16:0] 玩家16929在区域 5  总下注400
[10:16:0] 玩家16929 总下注1800
[10:16:0] send >>>>>>>>>>>>>>>>>>>>>>>>>>>>>>> 0 message 57 size 112
[10:16:0] send >>>>>>>>>>>>>>>>>>>>>>>>>>>>>>> 1 message 57 size 112
[10:16:0] card 0 0,8,   type 0   point 2
[10:16:0] card 1 9,10,   type 0   point 4
[10:16:0] card 2 9,4,   type 0   point 7
[10:16:0] card 3 11,3,   type 0   point 7
[10:16:0] broad >>>>>>>>>>>>>>>>>>>>>>>>>>>>>>> message 52 size 16
[10:16:15] 区域 0 结算 -300
[10:16:15] 区域 1 结算 -450
[10:16:15] 区域 2 结算 -350
[10:16:15] 区域 3 结算 -150
[10:16:15] 区域 4 结算 -150
[10:16:15] 区域 5 结算 -400
[10:16:15] 玩家0[16929]  结算 -1800
[10:16:15] 玩家1[14875]  结算 1800
[10:16:15] broad >>>>>>>>>>>>>>>>>>>>>>>>>>>>>>> message 58 size 86
[10:16:17] 玩家0[16929]  结算 -1800, 分数 -1800, 总分数 -1500
[10:16:17] 玩家1[14875]  结算 1800, 分数 1800, 总分数 1500
[10:16:17] ******************游戏结束********************************



[10:16:25] *************************小结算***********************
[10:16:25] [Phone14875,14875] [庄] 输赢金币 1800 ,排名 0
[10:16:25] [Phone16929,16929] [闲] 输赢金币 -1800 ,排名 1
[10:16:25] broad >>>>>>>>>>>>>>>>>>>>>>>>>>>>>>> message 73 size 44
[10:16:25] user[16929] 坐庄次数 2,每个人当庄次数2 
[10:16:25] user[14875] 坐庄次数 2,每个人当庄次数2 
[10:16:25] *************************大结算***********************
[10:16:25] [Phone16929,16929]  输赢金币 -1500 ,总分数 -1500，胜局 1 ,最大胜局 1,大赢家 0
[10:16:25] [Phone14875,14875]  输赢金币 1500 ,总分数 1500，胜局 1 ,最大胜局 1,大赢家 1
[10:16:25] broad >>>>>>>>>>>>>>>>>>>>>>>>>>>>>>> message 70 size 68
