[19:5:34] 0:15257 sit
[19:5:35] 0:15257 onGetState
[19:5:35] send >>>>>>>>>>>>>>>>>>>>>>>>>>>>>>> 0 message 72 size 4
[19:5:35] 游戏局数 0,总局数 4
[19:5:35] broad >>>>>>>>>>>>>>>>>>>>>>>>>>>>>>> message 71 size 8
[19:5:44] 1:12344 sit
[19:5:45] 0:15257 ready
[19:5:45] 1:12344 onGetState
[19:5:45] send >>>>>>>>>>>>>>>>>>>>>>>>>>>>>>> 1 message 72 size 4
[19:5:45] 游戏局数 0,总局数 4
[19:5:45] broad >>>>>>>>>>>>>>>>>>>>>>>>>>>>>>> message 71 size 8
[19:5:47] 1:12344 ready
[19:5:47] *****************游戏开始***************
[19:5:47] [0][15257]连庄局数 1,总局数1
[19:5:47] [1][12344]连庄局数 0,总局数1
[19:5:47] 通知 庄家 0 坐庄次数 1
[19:5:47] broad >>>>>>>>>>>>>>>>>>>>>>>>>>>>>>> message 69 size 1
[19:5:47] 游戏局数 1,总局数 4
[19:5:47] broad >>>>>>>>>>>>>>>>>>>>>>>>>>>>>>> message 71 size 8
[19:5:47] broad >>>>>>>>>>>>>>>>>>>>>>>>>>>>>>> message 51 size 0
[19:5:49] recv  55 <<<<<<<<<<<<<<<<<<<<<<<<<<<<<<< 1
[19:5:49] userbet 12344  在2 下了 1000,累计下注 1000
[19:5:49] broad >>>>>>>>>>>>>>>>>>>>>>>>>>>>>>> message 56 size 6
[19:5:49] 区域 0  总下注0
[19:5:49] 区域 1  总下注0
[19:5:49] 区域 2  总下注1000
[19:5:49] 区域 3  总下注0
[19:5:49] 区域 4  总下注0
[19:5:49] 区域 5  总下注0
[19:5:49] send >>>>>>>>>>>>>>>>>>>>>>>>>>>>>>> 0 message 57 size 112
[19:5:49] 玩家12344在区域 0  总下注0
[19:5:49] 玩家12344在区域 1  总下注0
[19:5:49] 玩家12344在区域 2  总下注1000
[19:5:49] 玩家12344在区域 3  总下注0
[19:5:49] 玩家12344在区域 4  总下注0
[19:5:49] 玩家12344在区域 5  总下注0
[19:5:49] 玩家12344 总下注1000
[19:5:49] send >>>>>>>>>>>>>>>>>>>>>>>>>>>>>>> 1 message 57 size 112
[19:5:49] recv  55 <<<<<<<<<<<<<<<<<<<<<<<<<<<<<<< 1
[19:5:49] userbet 12344  在2 下了 1000,累计下注 2000
[19:5:49] broad >>>>>>>>>>>>>>>>>>>>>>>>>>>>>>> message 56 size 6
[19:5:49] 区域 0  总下注0
[19:5:49] 区域 1  总下注0
[19:5:49] 区域 2  总下注2000
[19:5:49] 区域 3  总下注0
[19:5:49] 区域 4  总下注0
[19:5:49] 区域 5  总下注0
[19:5:49] send >>>>>>>>>>>>>>>>>>>>>>>>>>>>>>> 0 message 57 size 112
[19:5:49] 玩家12344在区域 0  总下注0
[19:5:49] 玩家12344在区域 1  总下注0
[19:5:49] 玩家12344在区域 2  总下注2000
[19:5:49] 玩家12344在区域 3  总下注0
[19:5:49] 玩家12344在区域 4  总下注0
[19:5:49] 玩家12344在区域 5  总下注0
[19:5:49] 玩家12344 总下注2000
[19:5:49] send >>>>>>>>>>>>>>>>>>>>>>>>>>>>>>> 1 message 57 size 112
[19:5:49] recv  55 <<<<<<<<<<<<<<<<<<<<<<<<<<<<<<< 1
[19:5:49] userbet 12344  在4 下了 1000,累计下注 3000
[19:5:49] broad >>>>>>>>>>>>>>>>>>>>>>>>>>>>>>> message 56 size 6
[19:5:49] 区域 0  总下注0
[19:5:49] 区域 1  总下注0
[19:5:49] 区域 2  总下注2000
[19:5:49] 区域 3  总下注0
[19:5:49] 区域 4  总下注1000
[19:5:49] 区域 5  总下注0
[19:5:49] send >>>>>>>>>>>>>>>>>>>>>>>>>>>>>>> 0 message 57 size 112
[19:5:49] 玩家12344在区域 0  总下注0
[19:5:49] 玩家12344在区域 1  总下注0
[19:5:49] 玩家12344在区域 2  总下注2000
[19:5:49] 玩家12344在区域 3  总下注0
[19:5:49] 玩家12344在区域 4  总下注1000
[19:5:49] 玩家12344在区域 5  总下注0
[19:5:49] 玩家12344 总下注3000
[19:5:49] send >>>>>>>>>>>>>>>>>>>>>>>>>>>>>>> 1 message 57 size 112
[19:5:49] recv  55 <<<<<<<<<<<<<<<<<<<<<<<<<<<<<<< 1
[19:5:49] userbet 12344  在4 下了 1000,累计下注 4000
[19:5:49] broad >>>>>>>>>>>>>>>>>>>>>>>>>>>>>>> message 56 size 6
[19:5:49] 区域 0  总下注0
[19:5:49] 区域 1  总下注0
[19:5:49] 区域 2  总下注2000
[19:5:49] 区域 3  总下注0
[19:5:49] 区域 4  总下注2000
[19:5:49] 区域 5  总下注0
[19:5:49] send >>>>>>>>>>>>>>>>>>>>>>>>>>>>>>> 0 message 57 size 112
[19:5:49] 玩家12344在区域 0  总下注0
[19:5:49] 玩家12344在区域 1  总下注0
[19:5:49] 玩家12344在区域 2  总下注2000
[19:5:49] 玩家12344在区域 3  总下注0
[19:5:49] 玩家12344在区域 4  总下注2000
[19:5:49] 玩家12344在区域 5  总下注0
[19:5:49] 玩家12344 总下注4000
[19:5:49] send >>>>>>>>>>>>>>>>>>>>>>>>>>>>>>> 1 message 57 size 112
[19:5:50] recv  55 <<<<<<<<<<<<<<<<<<<<<<<<<<<<<<< 1
[19:5:50] userbet 12344  在4 下了 1000,累计下注 5000
[19:5:50] broad >>>>>>>>>>>>>>>>>>>>>>>>>>>>>>> message 56 size 6
[19:5:50] 区域 0  总下注0
[19:5:50] 区域 1  总下注0
[19:5:50] 区域 2  总下注2000
[19:5:50] 区域 3  总下注0
[19:5:50] 区域 4  总下注3000
[19:5:50] 区域 5  总下注0
[19:5:50] send >>>>>>>>>>>>>>>>>>>>>>>>>>>>>>> 0 message 57 size 112
[19:5:50] 玩家12344在区域 0  总下注0
[19:5:50] 玩家12344在区域 1  总下注0
[19:5:50] 玩家12344在区域 2  总下注2000
[19:5:50] 玩家12344在区域 3  总下注0
[19:5:50] 玩家12344在区域 4  总下注3000
[19:5:50] 玩家12344在区域 5  总下注0
[19:5:50] 玩家12344 总下注5000
[19:5:50] send >>>>>>>>>>>>>>>>>>>>>>>>>>>>>>> 1 message 57 size 112
[19:5:50] recv  55 <<<<<<<<<<<<<<<<<<<<<<<<<<<<<<< 1
[19:5:50] userbet 12344  在4 下了 1000,累计下注 6000
[19:5:50] broad >>>>>>>>>>>>>>>>>>>>>>>>>>>>>>> message 56 size 6
[19:5:50] 区域 0  总下注0
[19:5:50] 区域 1  总下注0
[19:5:50] 区域 2  总下注2000
[19:5:50] 区域 3  总下注0
[19:5:50] 区域 4  总下注4000
[19:5:50] 区域 5  总下注0
[19:5:50] send >>>>>>>>>>>>>>>>>>>>>>>>>>>>>>> 0 message 57 size 112
[19:5:50] 玩家12344在区域 0  总下注0
[19:5:50] 玩家12344在区域 1  总下注0
[19:5:50] 玩家12344在区域 2  总下注2000
[19:5:50] 玩家12344在区域 3  总下注0
[19:5:50] 玩家12344在区域 4  总下注4000
[19:5:50] 玩家12344在区域 5  总下注0
[19:5:50] 玩家12344 总下注6000
[19:5:50] send >>>>>>>>>>>>>>>>>>>>>>>>>>>>>>> 1 message 57 size 112
[19:5:50] recv  55 <<<<<<<<<<<<<<<<<<<<<<<<<<<<<<< 1
[19:5:50] userbet 12344  在2 下了 1000,累计下注 7000
[19:5:50] broad >>>>>>>>>>>>>>>>>>>>>>>>>>>>>>> message 56 size 6
[19:5:50] 区域 0  总下注0
[19:5:50] 区域 1  总下注0
[19:5:50] 区域 2  总下注3000
[19:5:50] 区域 3  总下注0
[19:5:50] 区域 4  总下注4000
[19:5:50] 区域 5  总下注0
[19:5:50] send >>>>>>>>>>>>>>>>>>>>>>>>>>>>>>> 0 message 57 size 112
[19:5:50] 玩家12344在区域 0  总下注0
[19:5:50] 玩家12344在区域 1  总下注0
[19:5:50] 玩家12344在区域 2  总下注3000
[19:5:50] 玩家12344在区域 3  总下注0
[19:5:50] 玩家12344在区域 4  总下注4000
[19:5:50] 玩家12344在区域 5  总下注0
[19:5:50] 玩家12344 总下注7000
[19:5:50] send >>>>>>>>>>>>>>>>>>>>>>>>>>>>>>> 1 message 57 size 112
[19:5:50] recv  55 <<<<<<<<<<<<<<<<<<<<<<<<<<<<<<< 1
[19:5:50] userbet 12344  在1 下了 1000,累计下注 8000
[19:5:50] broad >>>>>>>>>>>>>>>>>>>>>>>>>>>>>>> message 56 size 6
[19:5:50] 区域 0  总下注0
[19:5:50] 区域 1  总下注1000
[19:5:50] 区域 2  总下注3000
[19:5:50] 区域 3  总下注0
[19:5:50] 区域 4  总下注4000
[19:5:50] 区域 5  总下注0
[19:5:50] send >>>>>>>>>>>>>>>>>>>>>>>>>>>>>>> 0 message 57 size 112
[19:5:50] 玩家12344在区域 0  总下注0
[19:5:50] 玩家12344在区域 1  总下注1000
[19:5:50] 玩家12344在区域 2  总下注3000
[19:5:50] 玩家12344在区域 3  总下注0
[19:5:50] 玩家12344在区域 4  总下注4000
[19:5:50] 玩家12344在区域 5  总下注0
[19:5:50] 玩家12344 总下注8000
[19:5:50] send >>>>>>>>>>>>>>>>>>>>>>>>>>>>>>> 1 message 57 size 112
[19:5:50] recv  55 <<<<<<<<<<<<<<<<<<<<<<<<<<<<<<< 1
[19:5:50] userbet 12344  在5 下了 1000,累计下注 9000
[19:5:50] broad >>>>>>>>>>>>>>>>>>>>>>>>>>>>>>> message 56 size 6
[19:5:50] 区域 0  总下注0
[19:5:50] 区域 1  总下注1000
[19:5:50] 区域 2  总下注3000
[19:5:50] 区域 3  总下注0
[19:5:50] 区域 4  总下注4000
[19:5:50] 区域 5  总下注1000
[19:5:50] send >>>>>>>>>>>>>>>>>>>>>>>>>>>>>>> 0 message 57 size 112
[19:5:50] 玩家12344在区域 0  总下注0
[19:5:50] 玩家12344在区域 1  总下注1000
[19:5:50] 玩家12344在区域 2  总下注3000
[19:5:50] 玩家12344在区域 3  总下注0
[19:5:50] 玩家12344在区域 4  总下注4000
[19:5:50] 玩家12344在区域 5  总下注1000
[19:5:50] 玩家12344 总下注9000
[19:5:50] send >>>>>>>>>>>>>>>>>>>>>>>>>>>>>>> 1 message 57 size 112
[19:5:50] recv  55 <<<<<<<<<<<<<<<<<<<<<<<<<<<<<<< 1
[19:5:50] userbet 12344  在5 下了 1000,累计下注 10000
[19:5:50] broad >>>>>>>>>>>>>>>>>>>>>>>>>>>>>>> message 56 size 6
[19:5:50] 区域 0  总下注0
[19:5:50] 区域 1  总下注1000
[19:5:50] 区域 2  总下注3000
[19:5:50] 区域 3  总下注0
[19:5:50] 区域 4  总下注4000
[19:5:50] 区域 5  总下注2000
[19:5:50] send >>>>>>>>>>>>>>>>>>>>>>>>>>>>>>> 0 message 57 size 112
[19:5:50] 玩家12344在区域 0  总下注0
[19:5:50] 玩家12344在区域 1  总下注1000
[19:5:50] 玩家12344在区域 2  总下注3000
[19:5:50] 玩家12344在区域 3  总下注0
[19:5:50] 玩家12344在区域 4  总下注4000
[19:5:50] 玩家12344在区域 5  总下注2000
[19:5:50] 玩家12344 总下注10000
[19:5:50] send >>>>>>>>>>>>>>>>>>>>>>>>>>>>>>> 1 message 57 size 112
[19:5:51] recv  55 <<<<<<<<<<<<<<<<<<<<<<<<<<<<<<< 1
[19:5:51] userbet 12344  在0 下了 1000,累计下注 11000
[19:5:51] broad >>>>>>>>>>>>>>>>>>>>>>>>>>>>>>> message 56 size 6
[19:5:51] 区域 0  总下注1000
[19:5:51] 区域 1  总下注1000
[19:5:51] 区域 2  总下注3000
[19:5:51] 区域 3  总下注0
[19:5:51] 区域 4  总下注4000
[19:5:51] 区域 5  总下注2000
[19:5:51] send >>>>>>>>>>>>>>>>>>>>>>>>>>>>>>> 0 message 57 size 112
[19:5:51] 玩家12344在区域 0  总下注1000
[19:5:51] 玩家12344在区域 1  总下注1000
[19:5:51] 玩家12344在区域 2  总下注3000
[19:5:51] 玩家12344在区域 3  总下注0
[19:5:51] 玩家12344在区域 4  总下注4000
[19:5:51] 玩家12344在区域 5  总下注2000
[19:5:51] 玩家12344 总下注11000
[19:5:51] send >>>>>>>>>>>>>>>>>>>>>>>>>>>>>>> 1 message 57 size 112
[19:5:51] recv  55 <<<<<<<<<<<<<<<<<<<<<<<<<<<<<<< 1
[19:5:51] userbet 12344  在0 下了 1000,累计下注 12000
[19:5:51] broad >>>>>>>>>>>>>>>>>>>>>>>>>>>>>>> message 56 size 6
[19:5:51] 区域 0  总下注2000
[19:5:51] 区域 1  总下注1000
[19:5:51] 区域 2  总下注3000
[19:5:51] 区域 3  总下注0
[19:5:51] 区域 4  总下注4000
[19:5:51] 区域 5  总下注2000
[19:5:51] send >>>>>>>>>>>>>>>>>>>>>>>>>>>>>>> 0 message 57 size 112
[19:5:51] 玩家12344在区域 0  总下注2000
[19:5:51] 玩家12344在区域 1  总下注1000
[19:5:51] 玩家12344在区域 2  总下注3000
[19:5:51] 玩家12344在区域 3  总下注0
[19:5:51] 玩家12344在区域 4  总下注4000
[19:5:51] 玩家12344在区域 5  总下注2000
[19:5:51] 玩家12344 总下注12000
[19:5:51] send >>>>>>>>>>>>>>>>>>>>>>>>>>>>>>> 1 message 57 size 112
[19:5:51] recv  55 <<<<<<<<<<<<<<<<<<<<<<<<<<<<<<< 1
[19:5:51] userbet 12344  在3 下了 1000,累计下注 13000
[19:5:51] broad >>>>>>>>>>>>>>>>>>>>>>>>>>>>>>> message 56 size 6
[19:5:51] 区域 0  总下注2000
[19:5:51] 区域 1  总下注1000
[19:5:51] 区域 2  总下注3000
[19:5:51] 区域 3  总下注1000
[19:5:51] 区域 4  总下注4000
[19:5:51] 区域 5  总下注2000
[19:5:51] send >>>>>>>>>>>>>>>>>>>>>>>>>>>>>>> 0 message 57 size 112
[19:5:51] 玩家12344在区域 0  总下注2000
[19:5:51] 玩家12344在区域 1  总下注1000
[19:5:51] 玩家12344在区域 2  总下注3000
[19:5:51] 玩家12344在区域 3  总下注1000
[19:5:51] 玩家12344在区域 4  总下注4000
[19:5:51] 玩家12344在区域 5  总下注2000
[19:5:51] 玩家12344 总下注13000
[19:5:51] send >>>>>>>>>>>>>>>>>>>>>>>>>>>>>>> 1 message 57 size 112
[19:5:51] recv  55 <<<<<<<<<<<<<<<<<<<<<<<<<<<<<<< 1
[19:5:51] userbet 12344  在1 下了 1000,累计下注 14000
[19:5:51] broad >>>>>>>>>>>>>>>>>>>>>>>>>>>>>>> message 56 size 6
[19:5:51] 区域 0  总下注2000
[19:5:51] 区域 1  总下注2000
[19:5:51] 区域 2  总下注3000
[19:5:51] 区域 3  总下注1000
[19:5:51] 区域 4  总下注4000
[19:5:51] 区域 5  总下注2000
[19:5:51] send >>>>>>>>>>>>>>>>>>>>>>>>>>>>>>> 0 message 57 size 112
[19:5:51] 玩家12344在区域 0  总下注2000
[19:5:51] 玩家12344在区域 1  总下注2000
[19:5:51] 玩家12344在区域 2  总下注3000
[19:5:51] 玩家12344在区域 3  总下注1000
[19:5:51] 玩家12344在区域 4  总下注4000
[19:5:51] 玩家12344在区域 5  总下注2000
[19:5:51] 玩家12344 总下注14000
[19:5:51] send >>>>>>>>>>>>>>>>>>>>>>>>>>>>>>> 1 message 57 size 112
[19:5:51] recv  55 <<<<<<<<<<<<<<<<<<<<<<<<<<<<<<< 1
[19:5:51] userbet 12344  在1 下了 1000,累计下注 15000
[19:5:51] broad >>>>>>>>>>>>>>>>>>>>>>>>>>>>>>> message 56 size 6
[19:5:51] 区域 0  总下注2000
[19:5:51] 区域 1  总下注3000
[19:5:51] 区域 2  总下注3000
[19:5:51] 区域 3  总下注1000
[19:5:51] 区域 4  总下注4000
[19:5:51] 区域 5  总下注2000
[19:5:51] send >>>>>>>>>>>>>>>>>>>>>>>>>>>>>>> 0 message 57 size 112
[19:5:51] 玩家12344在区域 0  总下注2000
[19:5:51] 玩家12344在区域 1  总下注3000
[19:5:51] 玩家12344在区域 2  总下注3000
[19:5:51] 玩家12344在区域 3  总下注1000
[19:5:51] 玩家12344在区域 4  总下注4000
[19:5:51] 玩家12344在区域 5  总下注2000
[19:5:51] 玩家12344 总下注15000
[19:5:51] send >>>>>>>>>>>>>>>>>>>>>>>>>>>>>>> 1 message 57 size 112
[19:5:52] recv  55 <<<<<<<<<<<<<<<<<<<<<<<<<<<<<<< 1
[19:5:52] userbet 12344  在3 下了 1000,累计下注 16000
[19:5:52] broad >>>>>>>>>>>>>>>>>>>>>>>>>>>>>>> message 56 size 6
[19:5:52] 区域 0  总下注2000
[19:5:52] 区域 1  总下注3000
[19:5:52] 区域 2  总下注3000
[19:5:52] 区域 3  总下注2000
[19:5:52] 区域 4  总下注4000
[19:5:52] 区域 5  总下注2000
[19:5:52] send >>>>>>>>>>>>>>>>>>>>>>>>>>>>>>> 0 message 57 size 112
[19:5:52] 玩家12344在区域 0  总下注2000
[19:5:52] 玩家12344在区域 1  总下注3000
[19:5:52] 玩家12344在区域 2  总下注3000
[19:5:52] 玩家12344在区域 3  总下注2000
[19:5:52] 玩家12344在区域 4  总下注4000
[19:5:52] 玩家12344在区域 5  总下注2000
[19:5:52] 玩家12344 总下注16000
[19:5:52] send >>>>>>>>>>>>>>>>>>>>>>>>>>>>>>> 1 message 57 size 112
[19:5:52] recv  55 <<<<<<<<<<<<<<<<<<<<<<<<<<<<<<< 1
[19:5:52] userbet 12344  在3 下了 1000,累计下注 17000
[19:5:52] broad >>>>>>>>>>>>>>>>>>>>>>>>>>>>>>> message 56 size 6
[19:5:52] 区域 0  总下注2000
[19:5:52] 区域 1  总下注3000
[19:5:52] 区域 2  总下注3000
[19:5:52] 区域 3  总下注3000
[19:5:52] 区域 4  总下注4000
[19:5:52] 区域 5  总下注2000
[19:5:52] send >>>>>>>>>>>>>>>>>>>>>>>>>>>>>>> 0 message 57 size 112
[19:5:52] 玩家12344在区域 0  总下注2000
[19:5:52] 玩家12344在区域 1  总下注3000
[19:5:52] 玩家12344在区域 2  总下注3000
[19:5:52] 玩家12344在区域 3  总下注3000
[19:5:52] 玩家12344在区域 4  总下注4000
[19:5:52] 玩家12344在区域 5  总下注2000
[19:5:52] 玩家12344 总下注17000
[19:5:52] send >>>>>>>>>>>>>>>>>>>>>>>>>>>>>>> 1 message 57 size 112
[19:5:52] recv  55 <<<<<<<<<<<<<<<<<<<<<<<<<<<<<<< 1
[19:5:52] userbet 12344  在3 下了 1000,累计下注 18000
[19:5:52] broad >>>>>>>>>>>>>>>>>>>>>>>>>>>>>>> message 56 size 6
[19:5:52] 区域 0  总下注2000
[19:5:52] 区域 1  总下注3000
[19:5:52] 区域 2  总下注3000
[19:5:52] 区域 3  总下注4000
[19:5:52] 区域 4  总下注4000
[19:5:52] 区域 5  总下注2000
[19:5:52] send >>>>>>>>>>>>>>>>>>>>>>>>>>>>>>> 0 message 57 size 112
[19:5:52] 玩家12344在区域 0  总下注2000
[19:5:52] 玩家12344在区域 1  总下注3000
[19:5:52] 玩家12344在区域 2  总下注3000
[19:5:52] 玩家12344在区域 3  总下注4000
[19:5:52] 玩家12344在区域 4  总下注4000
[19:5:52] 玩家12344在区域 5  总下注2000
[19:5:52] 玩家12344 总下注18000
[19:5:52] send >>>>>>>>>>>>>>>>>>>>>>>>>>>>>>> 1 message 57 size 112
[19:5:52] recv  55 <<<<<<<<<<<<<<<<<<<<<<<<<<<<<<< 1
[19:5:52] userbet 12344  在1 下了 1000,累计下注 19000
[19:5:52] broad >>>>>>>>>>>>>>>>>>>>>>>>>>>>>>> message 56 size 6
[19:5:52] 区域 0  总下注2000
[19:5:52] 区域 1  总下注4000
[19:5:52] 区域 2  总下注3000
[19:5:52] 区域 3  总下注4000
[19:5:52] 区域 4  总下注4000
[19:5:52] 区域 5  总下注2000
[19:5:52] send >>>>>>>>>>>>>>>>>>>>>>>>>>>>>>> 0 message 57 size 112
[19:5:52] 玩家12344在区域 0  总下注2000
[19:5:52] 玩家12344在区域 1  总下注4000
[19:5:52] 玩家12344在区域 2  总下注3000
[19:5:52] 玩家12344在区域 3  总下注4000
[19:5:52] 玩家12344在区域 4  总下注4000
[19:5:52] 玩家12344在区域 5  总下注2000
[19:5:52] 玩家12344 总下注19000
[19:5:52] send >>>>>>>>>>>>>>>>>>>>>>>>>>>>>>> 1 message 57 size 112
[19:5:52] recv  55 <<<<<<<<<<<<<<<<<<<<<<<<<<<<<<< 1
[19:5:52] userbet 12344  在1 下了 1000,累计下注 20000
[19:5:52] broad >>>>>>>>>>>>>>>>>>>>>>>>>>>>>>> message 56 size 6
[19:5:52] 区域 0  总下注2000
[19:5:52] 区域 1  总下注5000
[19:5:52] 区域 2  总下注3000
[19:5:52] 区域 3  总下注4000
[19:5:52] 区域 4  总下注4000
[19:5:52] 区域 5  总下注2000
[19:5:52] send >>>>>>>>>>>>>>>>>>>>>>>>>>>>>>> 0 message 57 size 112
[19:5:52] 玩家12344在区域 0  总下注2000
[19:5:52] 玩家12344在区域 1  总下注5000
[19:5:52] 玩家12344在区域 2  总下注3000
[19:5:52] 玩家12344在区域 3  总下注4000
[19:5:52] 玩家12344在区域 4  总下注4000
[19:5:52] 玩家12344在区域 5  总下注2000
[19:5:52] 玩家12344 总下注20000
[19:5:52] send >>>>>>>>>>>>>>>>>>>>>>>>>>>>>>> 1 message 57 size 112
[19:5:52] recv  55 <<<<<<<<<<<<<<<<<<<<<<<<<<<<<<< 1
[19:5:52] userbet 12344  在1 下了 1000,累计下注 21000
[19:5:52] broad >>>>>>>>>>>>>>>>>>>>>>>>>>>>>>> message 56 size 6
[19:5:52] 区域 0  总下注2000
[19:5:52] 区域 1  总下注6000
[19:5:52] 区域 2  总下注3000
[19:5:52] 区域 3  总下注4000
[19:5:52] 区域 4  总下注4000
[19:5:52] 区域 5  总下注2000
[19:5:52] send >>>>>>>>>>>>>>>>>>>>>>>>>>>>>>> 0 message 57 size 112
[19:5:52] 玩家12344在区域 0  总下注2000
[19:5:52] 玩家12344在区域 1  总下注6000
[19:5:52] 玩家12344在区域 2  总下注3000
[19:5:52] 玩家12344在区域 3  总下注4000
[19:5:52] 玩家12344在区域 4  总下注4000
[19:5:52] 玩家12344在区域 5  总下注2000
[19:5:52] 玩家12344 总下注21000
[19:5:52] send >>>>>>>>>>>>>>>>>>>>>>>>>>>>>>> 1 message 57 size 112
[19:5:52] recv  55 <<<<<<<<<<<<<<<<<<<<<<<<<<<<<<< 1
[19:5:52] userbet 12344  在5 下了 1000,累计下注 22000
[19:5:52] broad >>>>>>>>>>>>>>>>>>>>>>>>>>>>>>> message 56 size 6
[19:5:52] 区域 0  总下注2000
[19:5:52] 区域 1  总下注6000
[19:5:52] 区域 2  总下注3000
[19:5:52] 区域 3  总下注4000
[19:5:52] 区域 4  总下注4000
[19:5:52] 区域 5  总下注3000
[19:5:52] send >>>>>>>>>>>>>>>>>>>>>>>>>>>>>>> 0 message 57 size 112
[19:5:52] 玩家12344在区域 0  总下注2000
[19:5:52] 玩家12344在区域 1  总下注6000
[19:5:52] 玩家12344在区域 2  总下注3000
[19:5:52] 玩家12344在区域 3  总下注4000
[19:5:52] 玩家12344在区域 4  总下注4000
[19:5:52] 玩家12344在区域 5  总下注3000
[19:5:52] 玩家12344 总下注22000
[19:5:52] send >>>>>>>>>>>>>>>>>>>>>>>>>>>>>>> 1 message 57 size 112
[19:5:52] recv  55 <<<<<<<<<<<<<<<<<<<<<<<<<<<<<<< 1
[19:5:52] userbet 12344  在5 下了 1000,累计下注 23000
[19:5:52] broad >>>>>>>>>>>>>>>>>>>>>>>>>>>>>>> message 56 size 6
[19:5:52] 区域 0  总下注2000
[19:5:52] 区域 1  总下注6000
[19:5:52] 区域 2  总下注3000
[19:5:52] 区域 3  总下注4000
[19:5:52] 区域 4  总下注4000
[19:5:52] 区域 5  总下注4000
[19:5:52] send >>>>>>>>>>>>>>>>>>>>>>>>>>>>>>> 0 message 57 size 112
[19:5:52] 玩家12344在区域 0  总下注2000
[19:5:52] 玩家12344在区域 1  总下注6000
[19:5:52] 玩家12344在区域 2  总下注3000
[19:5:52] 玩家12344在区域 3  总下注4000
[19:5:52] 玩家12344在区域 4  总下注4000
[19:5:52] 玩家12344在区域 5  总下注4000
[19:5:52] 玩家12344 总下注23000
[19:5:52] send >>>>>>>>>>>>>>>>>>>>>>>>>>>>>>> 1 message 57 size 112
[19:5:53] recv  55 <<<<<<<<<<<<<<<<<<<<<<<<<<<<<<< 1
[19:5:53] userbet 12344  在2 下了 1000,累计下注 24000
[19:5:53] broad >>>>>>>>>>>>>>>>>>>>>>>>>>>>>>> message 56 size 6
[19:5:53] 区域 0  总下注2000
[19:5:53] 区域 1  总下注6000
[19:5:53] 区域 2  总下注4000
[19:5:53] 区域 3  总下注4000
[19:5:53] 区域 4  总下注4000
[19:5:53] 区域 5  总下注4000
[19:5:53] send >>>>>>>>>>>>>>>>>>>>>>>>>>>>>>> 0 message 57 size 112
[19:5:53] 玩家12344在区域 0  总下注2000
[19:5:53] 玩家12344在区域 1  总下注6000
[19:5:53] 玩家12344在区域 2  总下注4000
[19:5:53] 玩家12344在区域 3  总下注4000
[19:5:53] 玩家12344在区域 4  总下注4000
[19:5:53] 玩家12344在区域 5  总下注4000
[19:5:53] 玩家12344 总下注24000
[19:5:53] send >>>>>>>>>>>>>>>>>>>>>>>>>>>>>>> 1 message 57 size 112
[19:5:53] recv  55 <<<<<<<<<<<<<<<<<<<<<<<<<<<<<<< 1
[19:5:53] userbet 12344  在4 下了 1000,累计下注 25000
[19:5:53] broad >>>>>>>>>>>>>>>>>>>>>>>>>>>>>>> message 56 size 6
[19:5:53] 区域 0  总下注2000
[19:5:53] 区域 1  总下注6000
[19:5:53] 区域 2  总下注4000
[19:5:53] 区域 3  总下注4000
[19:5:53] 区域 4  总下注5000
[19:5:53] 区域 5  总下注4000
[19:5:53] send >>>>>>>>>>>>>>>>>>>>>>>>>>>>>>> 0 message 57 size 112
[19:5:53] 玩家12344在区域 0  总下注2000
[19:5:53] 玩家12344在区域 1  总下注6000
[19:5:53] 玩家12344在区域 2  总下注4000
[19:5:53] 玩家12344在区域 3  总下注4000
[19:5:53] 玩家12344在区域 4  总下注5000
[19:5:53] 玩家12344在区域 5  总下注4000
[19:5:53] 玩家12344 总下注25000
[19:5:53] send >>>>>>>>>>>>>>>>>>>>>>>>>>>>>>> 1 message 57 size 112
[19:5:53] recv  55 <<<<<<<<<<<<<<<<<<<<<<<<<<<<<<< 1
[19:5:53] userbet 12344  在5 下了 1000,累计下注 26000
[19:5:53] broad >>>>>>>>>>>>>>>>>>>>>>>>>>>>>>> message 56 size 6
[19:5:53] 区域 0  总下注2000
[19:5:53] 区域 1  总下注6000
[19:5:53] 区域 2  总下注4000
[19:5:53] 区域 3  总下注4000
[19:5:53] 区域 4  总下注5000
[19:5:53] 区域 5  总下注5000
[19:5:53] send >>>>>>>>>>>>>>>>>>>>>>>>>>>>>>> 0 message 57 size 112
[19:5:53] 玩家12344在区域 0  总下注2000
[19:5:53] 玩家12344在区域 1  总下注6000
[19:5:53] 玩家12344在区域 2  总下注4000
[19:5:53] 玩家12344在区域 3  总下注4000
[19:5:53] 玩家12344在区域 4  总下注5000
[19:5:53] 玩家12344在区域 5  总下注5000
[19:5:53] 玩家12344 总下注26000
[19:5:53] send >>>>>>>>>>>>>>>>>>>>>>>>>>>>>>> 1 message 57 size 112
[19:5:53] recv  55 <<<<<<<<<<<<<<<<<<<<<<<<<<<<<<< 1
[19:5:53] userbet 12344  在0 下了 1000,累计下注 27000
[19:5:53] broad >>>>>>>>>>>>>>>>>>>>>>>>>>>>>>> message 56 size 6
[19:5:53] 区域 0  总下注3000
[19:5:53] 区域 1  总下注6000
[19:5:53] 区域 2  总下注4000
[19:5:53] 区域 3  总下注4000
[19:5:53] 区域 4  总下注5000
[19:5:53] 区域 5  总下注5000
[19:5:53] send >>>>>>>>>>>>>>>>>>>>>>>>>>>>>>> 0 message 57 size 112
[19:5:53] 玩家12344在区域 0  总下注3000
[19:5:53] 玩家12344在区域 1  总下注6000
[19:5:53] 玩家12344在区域 2  总下注4000
[19:5:53] 玩家12344在区域 3  总下注4000
[19:5:53] 玩家12344在区域 4  总下注5000
[19:5:53] 玩家12344在区域 5  总下注5000
[19:5:53] 玩家12344 总下注27000
[19:5:53] send >>>>>>>>>>>>>>>>>>>>>>>>>>>>>>> 1 message 57 size 112
[19:5:54] recv  55 <<<<<<<<<<<<<<<<<<<<<<<<<<<<<<< 1
[19:5:54] userbet 12344  在0 下了 1000,累计下注 28000
[19:5:54] broad >>>>>>>>>>>>>>>>>>>>>>>>>>>>>>> message 56 size 6
[19:5:54] 区域 0  总下注4000
[19:5:54] 区域 1  总下注6000
[19:5:54] 区域 2  总下注4000
[19:5:54] 区域 3  总下注4000
[19:5:54] 区域 4  总下注5000
[19:5:54] 区域 5  总下注5000
[19:5:54] send >>>>>>>>>>>>>>>>>>>>>>>>>>>>>>> 0 message 57 size 112
[19:5:54] 玩家12344在区域 0  总下注4000
[19:5:54] 玩家12344在区域 1  总下注6000
[19:5:54] 玩家12344在区域 2  总下注4000
[19:5:54] 玩家12344在区域 3  总下注4000
[19:5:54] 玩家12344在区域 4  总下注5000
[19:5:54] 玩家12344在区域 5  总下注5000
[19:5:54] 玩家12344 总下注28000
[19:5:54] send >>>>>>>>>>>>>>>>>>>>>>>>>>>>>>> 1 message 57 size 112
[19:5:54] recv  55 <<<<<<<<<<<<<<<<<<<<<<<<<<<<<<< 1
[19:5:54] userbet 12344  在5 下了 1000,累计下注 29000
[19:5:54] broad >>>>>>>>>>>>>>>>>>>>>>>>>>>>>>> message 56 size 6
[19:5:54] 区域 0  总下注4000
[19:5:54] 区域 1  总下注6000
[19:5:54] 区域 2  总下注4000
[19:5:54] 区域 3  总下注4000
[19:5:54] 区域 4  总下注5000
[19:5:54] 区域 5  总下注6000
[19:5:54] send >>>>>>>>>>>>>>>>>>>>>>>>>>>>>>> 0 message 57 size 112
[19:5:54] 玩家12344在区域 0  总下注4000
[19:5:54] 玩家12344在区域 1  总下注6000
[19:5:54] 玩家12344在区域 2  总下注4000
[19:5:54] 玩家12344在区域 3  总下注4000
[19:5:54] 玩家12344在区域 4  总下注5000
[19:5:54] 玩家12344在区域 5  总下注6000
[19:5:54] 玩家12344 总下注29000
[19:5:54] send >>>>>>>>>>>>>>>>>>>>>>>>>>>>>>> 1 message 57 size 112
[19:5:54] recv  55 <<<<<<<<<<<<<<<<<<<<<<<<<<<<<<< 1
[19:5:54] userbet 12344  在5 下了 1000,累计下注 30000
[19:5:54] broad >>>>>>>>>>>>>>>>>>>>>>>>>>>>>>> message 56 size 6
[19:5:54] 区域 0  总下注4000
[19:5:54] 区域 1  总下注6000
[19:5:54] 区域 2  总下注4000
[19:5:54] 区域 3  总下注4000
[19:5:54] 区域 4  总下注5000
[19:5:54] 区域 5  总下注7000
[19:5:54] send >>>>>>>>>>>>>>>>>>>>>>>>>>>>>>> 0 message 57 size 112
[19:5:54] 玩家12344在区域 0  总下注4000
[19:5:54] 玩家12344在区域 1  总下注6000
[19:5:54] 玩家12344在区域 2  总下注4000
[19:5:54] 玩家12344在区域 3  总下注4000
[19:5:54] 玩家12344在区域 4  总下注5000
[19:5:54] 玩家12344在区域 5  总下注7000
[19:5:54] 玩家12344 总下注30000
[19:5:54] send >>>>>>>>>>>>>>>>>>>>>>>>>>>>>>> 1 message 57 size 112
[19:5:54] recv  55 <<<<<<<<<<<<<<<<<<<<<<<<<<<<<<< 1
[19:5:54] userbet 12344  在1 下了 1000,累计下注 31000
[19:5:54] broad >>>>>>>>>>>>>>>>>>>>>>>>>>>>>>> message 56 size 6
[19:5:54] 区域 0  总下注4000
[19:5:54] 区域 1  总下注7000
[19:5:54] 区域 2  总下注4000
[19:5:54] 区域 3  总下注4000
[19:5:54] 区域 4  总下注5000
[19:5:54] 区域 5  总下注7000
[19:5:54] send >>>>>>>>>>>>>>>>>>>>>>>>>>>>>>> 0 message 57 size 112
[19:5:54] 玩家12344在区域 0  总下注4000
[19:5:54] 玩家12344在区域 1  总下注7000
[19:5:54] 玩家12344在区域 2  总下注4000
[19:5:54] 玩家12344在区域 3  总下注4000
[19:5:54] 玩家12344在区域 4  总下注5000
[19:5:54] 玩家12344在区域 5  总下注7000
[19:5:54] 玩家12344 总下注31000
[19:5:54] send >>>>>>>>>>>>>>>>>>>>>>>>>>>>>>> 1 message 57 size 112
[19:5:54] recv  55 <<<<<<<<<<<<<<<<<<<<<<<<<<<<<<< 1
[19:5:54] userbet 12344  在1 下了 1000,累计下注 32000
[19:5:54] broad >>>>>>>>>>>>>>>>>>>>>>>>>>>>>>> message 56 size 6
[19:5:54] 区域 0  总下注4000
[19:5:54] 区域 1  总下注8000
[19:5:54] 区域 2  总下注4000
[19:5:54] 区域 3  总下注4000
[19:5:54] 区域 4  总下注5000
[19:5:54] 区域 5  总下注7000
[19:5:54] send >>>>>>>>>>>>>>>>>>>>>>>>>>>>>>> 0 message 57 size 112
[19:5:54] 玩家12344在区域 0  总下注4000
[19:5:54] 玩家12344在区域 1  总下注8000
[19:5:54] 玩家12344在区域 2  总下注4000
[19:5:54] 玩家12344在区域 3  总下注4000
[19:5:54] 玩家12344在区域 4  总下注5000
[19:5:54] 玩家12344在区域 5  总下注7000
[19:5:54] 玩家12344 总下注32000
[19:5:54] send >>>>>>>>>>>>>>>>>>>>>>>>>>>>>>> 1 message 57 size 112
[19:5:54] recv  55 <<<<<<<<<<<<<<<<<<<<<<<<<<<<<<< 1
[19:5:54] userbet 12344  在1 下了 1000,累计下注 33000
[19:5:54] broad >>>>>>>>>>>>>>>>>>>>>>>>>>>>>>> message 56 size 6
[19:5:54] 区域 0  总下注4000
[19:5:54] 区域 1  总下注9000
[19:5:54] 区域 2  总下注4000
[19:5:54] 区域 3  总下注4000
[19:5:54] 区域 4  总下注5000
[19:5:54] 区域 5  总下注7000
[19:5:54] send >>>>>>>>>>>>>>>>>>>>>>>>>>>>>>> 0 message 57 size 112
[19:5:54] 玩家12344在区域 0  总下注4000
[19:5:54] 玩家12344在区域 1  总下注9000
[19:5:54] 玩家12344在区域 2  总下注4000
[19:5:54] 玩家12344在区域 3  总下注4000
[19:5:54] 玩家12344在区域 4  总下注5000
[19:5:54] 玩家12344在区域 5  总下注7000
[19:5:54] 玩家12344 总下注33000
[19:5:54] send >>>>>>>>>>>>>>>>>>>>>>>>>>>>>>> 1 message 57 size 112
[19:5:54] recv  55 <<<<<<<<<<<<<<<<<<<<<<<<<<<<<<< 1
[19:5:54] userbet 12344  在1 下了 1000,累计下注 34000
[19:5:54] broad >>>>>>>>>>>>>>>>>>>>>>>>>>>>>>> message 56 size 6
[19:5:54] 区域 0  总下注4000
[19:5:54] 区域 1  总下注10000
[19:5:54] 区域 2  总下注4000
[19:5:54] 区域 3  总下注4000
[19:5:54] 区域 4  总下注5000
[19:5:54] 区域 5  总下注7000
[19:5:54] send >>>>>>>>>>>>>>>>>>>>>>>>>>>>>>> 0 message 57 size 112
[19:5:54] 玩家12344在区域 0  总下注4000
[19:5:54] 玩家12344在区域 1  总下注10000
[19:5:54] 玩家12344在区域 2  总下注4000
[19:5:54] 玩家12344在区域 3  总下注4000
[19:5:54] 玩家12344在区域 4  总下注5000
[19:5:54] 玩家12344在区域 5  总下注7000
[19:5:54] 玩家12344 总下注34000
[19:5:54] send >>>>>>>>>>>>>>>>>>>>>>>>>>>>>>> 1 message 57 size 112
[19:5:54] recv  55 <<<<<<<<<<<<<<<<<<<<<<<<<<<<<<< 1
[19:5:54] userbet 12344  在1 下了 1000,累计下注 35000
[19:5:54] broad >>>>>>>>>>>>>>>>>>>>>>>>>>>>>>> message 56 size 6
[19:5:54] 区域 0  总下注4000
[19:5:54] 区域 1  总下注11000
[19:5:54] 区域 2  总下注4000
[19:5:54] 区域 3  总下注4000
[19:5:54] 区域 4  总下注5000
[19:5:54] 区域 5  总下注7000
[19:5:54] send >>>>>>>>>>>>>>>>>>>>>>>>>>>>>>> 0 message 57 size 112
[19:5:54] 玩家12344在区域 0  总下注4000
[19:5:54] 玩家12344在区域 1  总下注11000
[19:5:54] 玩家12344在区域 2  总下注4000
[19:5:54] 玩家12344在区域 3  总下注4000
[19:5:54] 玩家12344在区域 4  总下注5000
[19:5:54] 玩家12344在区域 5  总下注7000
[19:5:54] 玩家12344 总下注35000
[19:5:54] send >>>>>>>>>>>>>>>>>>>>>>>>>>>>>>> 1 message 57 size 112
[19:5:55] recv  55 <<<<<<<<<<<<<<<<<<<<<<<<<<<<<<< 1
[19:5:55] userbet 12344  在1 下了 1000,累计下注 36000
[19:5:55] broad >>>>>>>>>>>>>>>>>>>>>>>>>>>>>>> message 56 size 6
[19:5:55] 区域 0  总下注4000
[19:5:55] 区域 1  总下注12000
[19:5:55] 区域 2  总下注4000
[19:5:55] 区域 3  总下注4000
[19:5:55] 区域 4  总下注5000
[19:5:55] 区域 5  总下注7000
[19:5:55] send >>>>>>>>>>>>>>>>>>>>>>>>>>>>>>> 0 message 57 size 112
[19:5:55] 玩家12344在区域 0  总下注4000
[19:5:55] 玩家12344在区域 1  总下注12000
[19:5:55] 玩家12344在区域 2  总下注4000
[19:5:55] 玩家12344在区域 3  总下注4000
[19:5:55] 玩家12344在区域 4  总下注5000
[19:5:55] 玩家12344在区域 5  总下注7000
[19:5:55] 玩家12344 总下注36000
[19:5:55] send >>>>>>>>>>>>>>>>>>>>>>>>>>>>>>> 1 message 57 size 112
[19:5:55] recv  55 <<<<<<<<<<<<<<<<<<<<<<<<<<<<<<< 1
[19:5:55] userbet 12344  在1 下了 1000,累计下注 37000
[19:5:55] broad >>>>>>>>>>>>>>>>>>>>>>>>>>>>>>> message 56 size 6
[19:5:55] 区域 0  总下注4000
[19:5:55] 区域 1  总下注13000
[19:5:55] 区域 2  总下注4000
[19:5:55] 区域 3  总下注4000
[19:5:55] 区域 4  总下注5000
[19:5:55] 区域 5  总下注7000
[19:5:55] send >>>>>>>>>>>>>>>>>>>>>>>>>>>>>>> 0 message 57 size 112
[19:5:55] 玩家12344在区域 0  总下注4000
[19:5:55] 玩家12344在区域 1  总下注13000
[19:5:55] 玩家12344在区域 2  总下注4000
[19:5:55] 玩家12344在区域 3  总下注4000
[19:5:55] 玩家12344在区域 4  总下注5000
[19:5:55] 玩家12344在区域 5  总下注7000
[19:5:55] 玩家12344 总下注37000
[19:5:55] send >>>>>>>>>>>>>>>>>>>>>>>>>>>>>>> 1 message 57 size 112
[19:5:55] recv  55 <<<<<<<<<<<<<<<<<<<<<<<<<<<<<<< 1
[19:5:55] userbet 12344  在1 下了 1000,累计下注 38000
[19:5:55] broad >>>>>>>>>>>>>>>>>>>>>>>>>>>>>>> message 56 size 6
[19:5:55] 区域 0  总下注4000
[19:5:55] 区域 1  总下注14000
[19:5:55] 区域 2  总下注4000
[19:5:55] 区域 3  总下注4000
[19:5:55] 区域 4  总下注5000
[19:5:55] 区域 5  总下注7000
[19:5:55] send >>>>>>>>>>>>>>>>>>>>>>>>>>>>>>> 0 message 57 size 112
[19:5:55] 玩家12344在区域 0  总下注4000
[19:5:55] 玩家12344在区域 1  总下注14000
[19:5:55] 玩家12344在区域 2  总下注4000
[19:5:55] 玩家12344在区域 3  总下注4000
[19:5:55] 玩家12344在区域 4  总下注5000
[19:5:55] 玩家12344在区域 5  总下注7000
[19:5:55] 玩家12344 总下注38000
[19:5:55] send >>>>>>>>>>>>>>>>>>>>>>>>>>>>>>> 1 message 57 size 112
[19:5:55] recv  55 <<<<<<<<<<<<<<<<<<<<<<<<<<<<<<< 1
[19:5:55] userbet 12344  在1 下了 1000,累计下注 39000
[19:5:55] broad >>>>>>>>>>>>>>>>>>>>>>>>>>>>>>> message 56 size 6
[19:5:55] 区域 0  总下注4000
[19:5:55] 区域 1  总下注15000
[19:5:55] 区域 2  总下注4000
[19:5:55] 区域 3  总下注4000
[19:5:55] 区域 4  总下注5000
[19:5:55] 区域 5  总下注7000
[19:5:55] send >>>>>>>>>>>>>>>>>>>>>>>>>>>>>>> 0 message 57 size 112
[19:5:55] 玩家12344在区域 0  总下注4000
[19:5:55] 玩家12344在区域 1  总下注15000
[19:5:55] 玩家12344在区域 2  总下注4000
[19:5:55] 玩家12344在区域 3  总下注4000
[19:5:55] 玩家12344在区域 4  总下注5000
[19:5:55] 玩家12344在区域 5  总下注7000
[19:5:55] 玩家12344 总下注39000
[19:5:55] send >>>>>>>>>>>>>>>>>>>>>>>>>>>>>>> 1 message 57 size 112
[19:5:55] recv  55 <<<<<<<<<<<<<<<<<<<<<<<<<<<<<<< 1
[19:5:55] userbet 12344  在1 下了 1000,累计下注 40000
[19:5:55] broad >>>>>>>>>>>>>>>>>>>>>>>>>>>>>>> message 56 size 6
[19:5:55] 区域 0  总下注4000
[19:5:55] 区域 1  总下注16000
[19:5:55] 区域 2  总下注4000
[19:5:55] 区域 3  总下注4000
[19:5:55] 区域 4  总下注5000
[19:5:55] 区域 5  总下注7000
[19:5:55] send >>>>>>>>>>>>>>>>>>>>>>>>>>>>>>> 0 message 57 size 112
[19:5:55] 玩家12344在区域 0  总下注4000
[19:5:55] 玩家12344在区域 1  总下注16000
[19:5:55] 玩家12344在区域 2  总下注4000
[19:5:55] 玩家12344在区域 3  总下注4000
[19:5:55] 玩家12344在区域 4  总下注5000
[19:5:55] 玩家12344在区域 5  总下注7000
[19:5:55] 玩家12344 总下注40000
[19:5:55] send >>>>>>>>>>>>>>>>>>>>>>>>>>>>>>> 1 message 57 size 112
[19:5:55] recv  55 <<<<<<<<<<<<<<<<<<<<<<<<<<<<<<< 1
[19:5:55] userbet 12344  在1 下了 1000,累计下注 41000
[19:5:55] broad >>>>>>>>>>>>>>>>>>>>>>>>>>>>>>> message 56 size 6
[19:5:55] 区域 0  总下注4000
[19:5:55] 区域 1  总下注17000
[19:5:55] 区域 2  总下注4000
[19:5:55] 区域 3  总下注4000
[19:5:55] 区域 4  总下注5000
[19:5:55] 区域 5  总下注7000
[19:5:55] send >>>>>>>>>>>>>>>>>>>>>>>>>>>>>>> 0 message 57 size 112
[19:5:55] 玩家12344在区域 0  总下注4000
[19:5:55] 玩家12344在区域 1  总下注17000
[19:5:55] 玩家12344在区域 2  总下注4000
[19:5:55] 玩家12344在区域 3  总下注4000
[19:5:55] 玩家12344在区域 4  总下注5000
[19:5:55] 玩家12344在区域 5  总下注7000
[19:5:55] 玩家12344 总下注41000
[19:5:55] send >>>>>>>>>>>>>>>>>>>>>>>>>>>>>>> 1 message 57 size 112
[19:5:55] recv  55 <<<<<<<<<<<<<<<<<<<<<<<<<<<<<<< 1
[19:5:55] userbet 12344  在1 下了 1000,累计下注 42000
[19:5:55] broad >>>>>>>>>>>>>>>>>>>>>>>>>>>>>>> message 56 size 6
[19:5:55] 区域 0  总下注4000
[19:5:55] 区域 1  总下注18000
[19:5:55] 区域 2  总下注4000
[19:5:55] 区域 3  总下注4000
[19:5:55] 区域 4  总下注5000
[19:5:55] 区域 5  总下注7000
[19:5:55] send >>>>>>>>>>>>>>>>>>>>>>>>>>>>>>> 0 message 57 size 112
[19:5:55] 玩家12344在区域 0  总下注4000
[19:5:55] 玩家12344在区域 1  总下注18000
[19:5:55] 玩家12344在区域 2  总下注4000
[19:5:55] 玩家12344在区域 3  总下注4000
[19:5:55] 玩家12344在区域 4  总下注5000
[19:5:55] 玩家12344在区域 5  总下注7000
[19:5:55] 玩家12344 总下注42000
[19:5:55] send >>>>>>>>>>>>>>>>>>>>>>>>>>>>>>> 1 message 57 size 112
[19:5:55] recv  55 <<<<<<<<<<<<<<<<<<<<<<<<<<<<<<< 1
[19:5:55] userbet 12344  在1 下了 1000,累计下注 43000
[19:5:55] broad >>>>>>>>>>>>>>>>>>>>>>>>>>>>>>> message 56 size 6
[19:5:55] 区域 0  总下注4000
[19:5:55] 区域 1  总下注19000
[19:5:55] 区域 2  总下注4000
[19:5:55] 区域 3  总下注4000
[19:5:55] 区域 4  总下注5000
[19:5:55] 区域 5  总下注7000
[19:5:55] send >>>>>>>>>>>>>>>>>>>>>>>>>>>>>>> 0 message 57 size 112
[19:5:55] 玩家12344在区域 0  总下注4000
[19:5:55] 玩家12344在区域 1  总下注19000
[19:5:55] 玩家12344在区域 2  总下注4000
[19:5:55] 玩家12344在区域 3  总下注4000
[19:5:55] 玩家12344在区域 4  总下注5000
[19:5:55] 玩家12344在区域 5  总下注7000
[19:5:55] 玩家12344 总下注43000
[19:5:55] send >>>>>>>>>>>>>>>>>>>>>>>>>>>>>>> 1 message 57 size 112
[19:5:56] recv  55 <<<<<<<<<<<<<<<<<<<<<<<<<<<<<<< 1
[19:5:56] userbet 12344  在1 下了 1000,累计下注 44000
[19:5:56] broad >>>>>>>>>>>>>>>>>>>>>>>>>>>>>>> message 56 size 6
[19:5:56] 区域 0  总下注4000
[19:5:56] 区域 1  总下注20000
[19:5:56] 区域 2  总下注4000
[19:5:56] 区域 3  总下注4000
[19:5:56] 区域 4  总下注5000
[19:5:56] 区域 5  总下注7000
[19:5:56] send >>>>>>>>>>>>>>>>>>>>>>>>>>>>>>> 0 message 57 size 112
[19:5:56] 玩家12344在区域 0  总下注4000
[19:5:56] 玩家12344在区域 1  总下注20000
[19:5:56] 玩家12344在区域 2  总下注4000
[19:5:56] 玩家12344在区域 3  总下注4000
[19:5:56] 玩家12344在区域 4  总下注5000
[19:5:56] 玩家12344在区域 5  总下注7000
[19:5:56] 玩家12344 总下注44000
[19:5:56] send >>>>>>>>>>>>>>>>>>>>>>>>>>>>>>> 1 message 57 size 112
[19:5:56] recv  55 <<<<<<<<<<<<<<<<<<<<<<<<<<<<<<< 1
[19:5:56] userbet 12344  在1 下了 1000,累计下注 45000
[19:5:56] broad >>>>>>>>>>>>>>>>>>>>>>>>>>>>>>> message 56 size 6
[19:5:56] 区域 0  总下注4000
[19:5:56] 区域 1  总下注21000
[19:5:56] 区域 2  总下注4000
[19:5:56] 区域 3  总下注4000
[19:5:56] 区域 4  总下注5000
[19:5:56] 区域 5  总下注7000
[19:5:56] send >>>>>>>>>>>>>>>>>>>>>>>>>>>>>>> 0 message 57 size 112
[19:5:56] 玩家12344在区域 0  总下注4000
[19:5:56] 玩家12344在区域 1  总下注21000
[19:5:56] 玩家12344在区域 2  总下注4000
[19:5:56] 玩家12344在区域 3  总下注4000
[19:5:56] 玩家12344在区域 4  总下注5000
[19:5:56] 玩家12344在区域 5  总下注7000
[19:5:56] 玩家12344 总下注45000
[19:5:56] send >>>>>>>>>>>>>>>>>>>>>>>>>>>>>>> 1 message 57 size 112
[19:5:56] recv  55 <<<<<<<<<<<<<<<<<<<<<<<<<<<<<<< 1
[19:5:56] userbet 12344  在1 下了 1000,累计下注 46000
[19:5:56] broad >>>>>>>>>>>>>>>>>>>>>>>>>>>>>>> message 56 size 6
[19:5:56] 区域 0  总下注4000
[19:5:56] 区域 1  总下注22000
[19:5:56] 区域 2  总下注4000
[19:5:56] 区域 3  总下注4000
[19:5:56] 区域 4  总下注5000
[19:5:56] 区域 5  总下注7000
[19:5:56] send >>>>>>>>>>>>>>>>>>>>>>>>>>>>>>> 0 message 57 size 112
[19:5:56] 玩家12344在区域 0  总下注4000
[19:5:56] 玩家12344在区域 1  总下注22000
[19:5:56] 玩家12344在区域 2  总下注4000
[19:5:56] 玩家12344在区域 3  总下注4000
[19:5:56] 玩家12344在区域 4  总下注5000
[19:5:56] 玩家12344在区域 5  总下注7000
[19:5:56] 玩家12344 总下注46000
[19:5:56] send >>>>>>>>>>>>>>>>>>>>>>>>>>>>>>> 1 message 57 size 112
[19:5:56] recv  55 <<<<<<<<<<<<<<<<<<<<<<<<<<<<<<< 1
[19:5:56] userbet 12344  在1 下了 1000,累计下注 47000
[19:5:56] broad >>>>>>>>>>>>>>>>>>>>>>>>>>>>>>> message 56 size 6
[19:5:56] 区域 0  总下注4000
[19:5:56] 区域 1  总下注23000
[19:5:56] 区域 2  总下注4000
[19:5:56] 区域 3  总下注4000
[19:5:56] 区域 4  总下注5000
[19:5:56] 区域 5  总下注7000
[19:5:56] send >>>>>>>>>>>>>>>>>>>>>>>>>>>>>>> 0 message 57 size 112
[19:5:56] 玩家12344在区域 0  总下注4000
[19:5:56] 玩家12344在区域 1  总下注23000
[19:5:56] 玩家12344在区域 2  总下注4000
[19:5:56] 玩家12344在区域 3  总下注4000
[19:5:56] 玩家12344在区域 4  总下注5000
[19:5:56] 玩家12344在区域 5  总下注7000
[19:5:56] 玩家12344 总下注47000
[19:5:56] send >>>>>>>>>>>>>>>>>>>>>>>>>>>>>>> 1 message 57 size 112
[19:5:56] recv  55 <<<<<<<<<<<<<<<<<<<<<<<<<<<<<<< 1
[19:5:56] userbet 12344  在1 下了 1000,累计下注 48000
[19:5:56] broad >>>>>>>>>>>>>>>>>>>>>>>>>>>>>>> message 56 size 6
[19:5:56] 区域 0  总下注4000
[19:5:56] 区域 1  总下注24000
[19:5:56] 区域 2  总下注4000
[19:5:56] 区域 3  总下注4000
[19:5:56] 区域 4  总下注5000
[19:5:56] 区域 5  总下注7000
[19:5:56] send >>>>>>>>>>>>>>>>>>>>>>>>>>>>>>> 0 message 57 size 112
[19:5:56] 玩家12344在区域 0  总下注4000
[19:5:56] 玩家12344在区域 1  总下注24000
[19:5:56] 玩家12344在区域 2  总下注4000
[19:5:56] 玩家12344在区域 3  总下注4000
[19:5:56] 玩家12344在区域 4  总下注5000
[19:5:56] 玩家12344在区域 5  总下注7000
[19:5:56] 玩家12344 总下注48000
[19:5:56] send >>>>>>>>>>>>>>>>>>>>>>>>>>>>>>> 1 message 57 size 112
[19:5:56] recv  55 <<<<<<<<<<<<<<<<<<<<<<<<<<<<<<< 1
[19:5:56] userbet 12344  在1 下了 1000,累计下注 49000
[19:5:56] broad >>>>>>>>>>>>>>>>>>>>>>>>>>>>>>> message 56 size 6
[19:5:56] 区域 0  总下注4000
[19:5:56] 区域 1  总下注25000
[19:5:56] 区域 2  总下注4000
[19:5:56] 区域 3  总下注4000
[19:5:56] 区域 4  总下注5000
[19:5:56] 区域 5  总下注7000
[19:5:56] send >>>>>>>>>>>>>>>>>>>>>>>>>>>>>>> 0 message 57 size 112
[19:5:56] 玩家12344在区域 0  总下注4000
[19:5:56] 玩家12344在区域 1  总下注25000
[19:5:56] 玩家12344在区域 2  总下注4000
[19:5:56] 玩家12344在区域 3  总下注4000
[19:5:56] 玩家12344在区域 4  总下注5000
[19:5:56] 玩家12344在区域 5  总下注7000
[19:5:56] 玩家12344 总下注49000
[19:5:56] send >>>>>>>>>>>>>>>>>>>>>>>>>>>>>>> 1 message 57 size 112
[19:5:57] recv  55 <<<<<<<<<<<<<<<<<<<<<<<<<<<<<<< 1
[19:5:57] userbet 12344  在1 下了 1000,累计下注 50000
[19:5:57] broad >>>>>>>>>>>>>>>>>>>>>>>>>>>>>>> message 56 size 6
[19:5:57] 区域 0  总下注4000
[19:5:57] 区域 1  总下注26000
[19:5:57] 区域 2  总下注4000
[19:5:57] 区域 3  总下注4000
[19:5:57] 区域 4  总下注5000
[19:5:57] 区域 5  总下注7000
[19:5:57] send >>>>>>>>>>>>>>>>>>>>>>>>>>>>>>> 0 message 57 size 112
[19:5:57] 玩家12344在区域 0  总下注4000
[19:5:57] 玩家12344在区域 1  总下注26000
[19:5:57] 玩家12344在区域 2  总下注4000
[19:5:57] 玩家12344在区域 3  总下注4000
[19:5:57] 玩家12344在区域 4  总下注5000
[19:5:57] 玩家12344在区域 5  总下注7000
[19:5:57] 玩家12344 总下注50000
[19:5:57] send >>>>>>>>>>>>>>>>>>>>>>>>>>>>>>> 1 message 57 size 112
[19:5:57] recv  55 <<<<<<<<<<<<<<<<<<<<<<<<<<<<<<< 1
[19:5:57] userbet 12344  已下注50000 ,该下注 1000,最大下注上限50000
[19:5:57] recv  55 <<<<<<<<<<<<<<<<<<<<<<<<<<<<<<< 1
[19:5:57] userbet 12344  已下注50000 ,该下注 1000,最大下注上限50000
[19:5:57] recv  55 <<<<<<<<<<<<<<<<<<<<<<<<<<<<<<< 1
[19:5:57] userbet 12344  已下注50000 ,该下注 1000,最大下注上限50000
[19:5:57] card 0 5,1,   type 0   point 8
[19:5:57] card 1 2,b,   type 0   point 7
[19:5:57] card 2 2,11,   type 0   point 4
[19:5:57] card 3 f,10,   type 15   point 4
[19:5:57] broad >>>>>>>>>>>>>>>>>>>>>>>>>>>>>>> message 52 size 16
[19:6:12] 区域 0 结算 -4000
[19:6:12] 区域 1 结算 -26000
[19:6:12] 区域 2 结算 -4000
[19:6:12] 区域 3 结算 -4000
[19:6:12] 区域 4 结算 -5000
[19:6:12] 区域 5 结算 -7000
[19:6:12] 玩家0[15257]  结算 50000
[19:6:12] 玩家1[12344]  结算 -50000
[19:6:12] broad >>>>>>>>>>>>>>>>>>>>>>>>>>>>>>> message 58 size 86
[19:6:14] 玩家0[15257]  结算 50000, 分数 50000, 总分数 50000
[19:6:14] 玩家1[12344]  结算 -50000, 分数 -50000, 总分数 -50000
[19:6:14] ******************游戏结束********************************



[19:6:17] broad >>>>>>>>>>>>>>>>>>>>>>>>>>>>>>> message 72 size 4
[19:6:31] 0:15257 ready
[19:6:51] 1:12344 ready
[19:6:51] *****************游戏开始***************
[19:6:51] [0][15257]连庄局数 2,总局数2
[19:6:51] [1][12344]连庄局数 0,总局数2
[19:6:51] 游戏局数 2,总局数 4
[19:6:51] broad >>>>>>>>>>>>>>>>>>>>>>>>>>>>>>> message 71 size 8
[19:6:51] broad >>>>>>>>>>>>>>>>>>>>>>>>>>>>>>> message 51 size 0
[19:6:54] recv  55 <<<<<<<<<<<<<<<<<<<<<<<<<<<<<<< 1
[19:6:54] userbet 12344  在1 下了 1000,累计下注 1000
[19:6:54] broad >>>>>>>>>>>>>>>>>>>>>>>>>>>>>>> message 56 size 6
[19:6:54] 区域 0  总下注0
[19:6:54] 区域 1  总下注1000
[19:6:54] 区域 2  总下注0
[19:6:54] 区域 3  总下注0
[19:6:54] 区域 4  总下注0
[19:6:54] 区域 5  总下注0
[19:6:54] send >>>>>>>>>>>>>>>>>>>>>>>>>>>>>>> 0 message 57 size 112
[19:6:54] 玩家12344在区域 0  总下注0
[19:6:54] 玩家12344在区域 1  总下注1000
[19:6:54] 玩家12344在区域 2  总下注0
[19:6:54] 玩家12344在区域 3  总下注0
[19:6:54] 玩家12344在区域 4  总下注0
[19:6:54] 玩家12344在区域 5  总下注0
[19:6:54] 玩家12344 总下注1000
[19:6:54] send >>>>>>>>>>>>>>>>>>>>>>>>>>>>>>> 1 message 57 size 112
[19:6:54] recv  55 <<<<<<<<<<<<<<<<<<<<<<<<<<<<<<< 1
[19:6:54] userbet 12344  在1 下了 1000,累计下注 2000
[19:6:54] broad >>>>>>>>>>>>>>>>>>>>>>>>>>>>>>> message 56 size 6
[19:6:54] 区域 0  总下注0
[19:6:54] 区域 1  总下注2000
[19:6:54] 区域 2  总下注0
[19:6:54] 区域 3  总下注0
[19:6:54] 区域 4  总下注0
[19:6:54] 区域 5  总下注0
[19:6:54] send >>>>>>>>>>>>>>>>>>>>>>>>>>>>>>> 0 message 57 size 112
[19:6:54] 玩家12344在区域 0  总下注0
[19:6:54] 玩家12344在区域 1  总下注2000
[19:6:54] 玩家12344在区域 2  总下注0
[19:6:54] 玩家12344在区域 3  总下注0
[19:6:54] 玩家12344在区域 4  总下注0
[19:6:54] 玩家12344在区域 5  总下注0
[19:6:54] 玩家12344 总下注2000
[19:6:54] send >>>>>>>>>>>>>>>>>>>>>>>>>>>>>>> 1 message 57 size 112
[19:6:55] recv  55 <<<<<<<<<<<<<<<<<<<<<<<<<<<<<<< 1
[19:6:55] userbet 12344  在1 下了 1000,累计下注 3000
[19:6:55] broad >>>>>>>>>>>>>>>>>>>>>>>>>>>>>>> message 56 size 6
[19:6:55] 区域 0  总下注0
[19:6:55] 区域 1  总下注3000
[19:6:55] 区域 2  总下注0
[19:6:55] 区域 3  总下注0
[19:6:55] 区域 4  总下注0
[19:6:55] 区域 5  总下注0
[19:6:55] send >>>>>>>>>>>>>>>>>>>>>>>>>>>>>>> 0 message 57 size 112
[19:6:55] 玩家12344在区域 0  总下注0
[19:6:55] 玩家12344在区域 1  总下注3000
[19:6:55] 玩家12344在区域 2  总下注0
[19:6:55] 玩家12344在区域 3  总下注0
[19:6:55] 玩家12344在区域 4  总下注0
[19:6:55] 玩家12344在区域 5  总下注0
[19:6:55] 玩家12344 总下注3000
[19:6:55] send >>>>>>>>>>>>>>>>>>>>>>>>>>>>>>> 1 message 57 size 112
[19:6:55] recv  55 <<<<<<<<<<<<<<<<<<<<<<<<<<<<<<< 1
[19:6:55] userbet 12344  在1 下了 1000,累计下注 4000
[19:6:55] broad >>>>>>>>>>>>>>>>>>>>>>>>>>>>>>> message 56 size 6
[19:6:55] 区域 0  总下注0
[19:6:55] 区域 1  总下注4000
[19:6:55] 区域 2  总下注0
[19:6:55] 区域 3  总下注0
[19:6:55] 区域 4  总下注0
[19:6:55] 区域 5  总下注0
[19:6:55] send >>>>>>>>>>>>>>>>>>>>>>>>>>>>>>> 0 message 57 size 112
[19:6:55] 玩家12344在区域 0  总下注0
[19:6:55] 玩家12344在区域 1  总下注4000
[19:6:55] 玩家12344在区域 2  总下注0
[19:6:55] 玩家12344在区域 3  总下注0
[19:6:55] 玩家12344在区域 4  总下注0
[19:6:55] 玩家12344在区域 5  总下注0
[19:6:55] 玩家12344 总下注4000
[19:6:55] send >>>>>>>>>>>>>>>>>>>>>>>>>>>>>>> 1 message 57 size 112
[19:6:55] recv  55 <<<<<<<<<<<<<<<<<<<<<<<<<<<<<<< 1
[19:6:55] userbet 12344  在5 下了 1000,累计下注 5000
[19:6:55] broad >>>>>>>>>>>>>>>>>>>>>>>>>>>>>>> message 56 size 6
[19:6:55] 区域 0  总下注0
[19:6:55] 区域 1  总下注4000
[19:6:55] 区域 2  总下注0
[19:6:55] 区域 3  总下注0
[19:6:55] 区域 4  总下注0
[19:6:55] 区域 5  总下注1000
[19:6:55] send >>>>>>>>>>>>>>>>>>>>>>>>>>>>>>> 0 message 57 size 112
[19:6:55] 玩家12344在区域 0  总下注0
[19:6:55] 玩家12344在区域 1  总下注4000
[19:6:55] 玩家12344在区域 2  总下注0
[19:6:55] 玩家12344在区域 3  总下注0
[19:6:55] 玩家12344在区域 4  总下注0
[19:6:55] 玩家12344在区域 5  总下注1000
[19:6:55] 玩家12344 总下注5000
[19:6:55] send >>>>>>>>>>>>>>>>>>>>>>>>>>>>>>> 1 message 57 size 112
[19:6:55] recv  55 <<<<<<<<<<<<<<<<<<<<<<<<<<<<<<< 1
[19:6:55] userbet 12344  在5 下了 1000,累计下注 6000
[19:6:55] broad >>>>>>>>>>>>>>>>>>>>>>>>>>>>>>> message 56 size 6
[19:6:55] 区域 0  总下注0
[19:6:55] 区域 1  总下注4000
[19:6:55] 区域 2  总下注0
[19:6:55] 区域 3  总下注0
[19:6:55] 区域 4  总下注0
[19:6:55] 区域 5  总下注2000
[19:6:55] send >>>>>>>>>>>>>>>>>>>>>>>>>>>>>>> 0 message 57 size 112
[19:6:55] 玩家12344在区域 0  总下注0
[19:6:55] 玩家12344在区域 1  总下注4000
[19:6:55] 玩家12344在区域 2  总下注0
[19:6:55] 玩家12344在区域 3  总下注0
[19:6:55] 玩家12344在区域 4  总下注0
[19:6:55] 玩家12344在区域 5  总下注2000
[19:6:55] 玩家12344 总下注6000
[19:6:55] send >>>>>>>>>>>>>>>>>>>>>>>>>>>>>>> 1 message 57 size 112
[19:6:55] recv  55 <<<<<<<<<<<<<<<<<<<<<<<<<<<<<<< 1
[19:6:55] userbet 12344  在2 下了 1000,累计下注 7000
[19:6:55] broad >>>>>>>>>>>>>>>>>>>>>>>>>>>>>>> message 56 size 6
[19:6:55] 区域 0  总下注0
[19:6:55] 区域 1  总下注4000
[19:6:55] 区域 2  总下注1000
[19:6:55] 区域 3  总下注0
[19:6:55] 区域 4  总下注0
[19:6:55] 区域 5  总下注2000
[19:6:55] send >>>>>>>>>>>>>>>>>>>>>>>>>>>>>>> 0 message 57 size 112
[19:6:55] 玩家12344在区域 0  总下注0
[19:6:55] 玩家12344在区域 1  总下注4000
[19:6:55] 玩家12344在区域 2  总下注1000
[19:6:55] 玩家12344在区域 3  总下注0
[19:6:55] 玩家12344在区域 4  总下注0
[19:6:55] 玩家12344在区域 5  总下注2000
[19:6:55] 玩家12344 总下注7000
[19:6:55] send >>>>>>>>>>>>>>>>>>>>>>>>>>>>>>> 1 message 57 size 112
[19:6:55] recv  55 <<<<<<<<<<<<<<<<<<<<<<<<<<<<<<< 1
[19:6:55] userbet 12344  在2 下了 1000,累计下注 8000
[19:6:55] broad >>>>>>>>>>>>>>>>>>>>>>>>>>>>>>> message 56 size 6
[19:6:55] 区域 0  总下注0
[19:6:55] 区域 1  总下注4000
[19:6:55] 区域 2  总下注2000
[19:6:55] 区域 3  总下注0
[19:6:55] 区域 4  总下注0
[19:6:55] 区域 5  总下注2000
[19:6:55] send >>>>>>>>>>>>>>>>>>>>>>>>>>>>>>> 0 message 57 size 112
[19:6:55] 玩家12344在区域 0  总下注0
[19:6:55] 玩家12344在区域 1  总下注4000
[19:6:55] 玩家12344在区域 2  总下注2000
[19:6:55] 玩家12344在区域 3  总下注0
[19:6:55] 玩家12344在区域 4  总下注0
[19:6:55] 玩家12344在区域 5  总下注2000
[19:6:55] 玩家12344 总下注8000
[19:6:55] send >>>>>>>>>>>>>>>>>>>>>>>>>>>>>>> 1 message 57 size 112
[19:6:55] recv  55 <<<<<<<<<<<<<<<<<<<<<<<<<<<<<<< 1
[19:6:55] userbet 12344  在2 下了 1000,累计下注 9000
[19:6:55] broad >>>>>>>>>>>>>>>>>>>>>>>>>>>>>>> message 56 size 6
[19:6:55] 区域 0  总下注0
[19:6:55] 区域 1  总下注4000
[19:6:55] 区域 2  总下注3000
[19:6:55] 区域 3  总下注0
[19:6:55] 区域 4  总下注0
[19:6:55] 区域 5  总下注2000
[19:6:55] send >>>>>>>>>>>>>>>>>>>>>>>>>>>>>>> 0 message 57 size 112
[19:6:55] 玩家12344在区域 0  总下注0
[19:6:55] 玩家12344在区域 1  总下注4000
[19:6:55] 玩家12344在区域 2  总下注3000
[19:6:55] 玩家12344在区域 3  总下注0
[19:6:55] 玩家12344在区域 4  总下注0
[19:6:55] 玩家12344在区域 5  总下注2000
[19:6:55] 玩家12344 总下注9000
[19:6:55] send >>>>>>>>>>>>>>>>>>>>>>>>>>>>>>> 1 message 57 size 112
[19:6:56] recv  55 <<<<<<<<<<<<<<<<<<<<<<<<<<<<<<< 1
[19:6:56] userbet 12344  在4 下了 1000,累计下注 10000
[19:6:56] broad >>>>>>>>>>>>>>>>>>>>>>>>>>>>>>> message 56 size 6
[19:6:56] 区域 0  总下注0
[19:6:56] 区域 1  总下注4000
[19:6:56] 区域 2  总下注3000
[19:6:56] 区域 3  总下注0
[19:6:56] 区域 4  总下注1000
[19:6:56] 区域 5  总下注2000
[19:6:56] send >>>>>>>>>>>>>>>>>>>>>>>>>>>>>>> 0 message 57 size 112
[19:6:56] 玩家12344在区域 0  总下注0
[19:6:56] 玩家12344在区域 1  总下注4000
[19:6:56] 玩家12344在区域 2  总下注3000
[19:6:56] 玩家12344在区域 3  总下注0
[19:6:56] 玩家12344在区域 4  总下注1000
[19:6:56] 玩家12344在区域 5  总下注2000
[19:6:56] 玩家12344 总下注10000
[19:6:56] send >>>>>>>>>>>>>>>>>>>>>>>>>>>>>>> 1 message 57 size 112
[19:6:56] recv  55 <<<<<<<<<<<<<<<<<<<<<<<<<<<<<<< 1
[19:6:56] userbet 12344  在4 下了 1000,累计下注 11000
[19:6:56] broad >>>>>>>>>>>>>>>>>>>>>>>>>>>>>>> message 56 size 6
[19:6:56] 区域 0  总下注0
[19:6:56] 区域 1  总下注4000
[19:6:56] 区域 2  总下注3000
[19:6:56] 区域 3  总下注0
[19:6:56] 区域 4  总下注2000
[19:6:56] 区域 5  总下注2000
[19:6:56] send >>>>>>>>>>>>>>>>>>>>>>>>>>>>>>> 0 message 57 size 112
[19:6:56] 玩家12344在区域 0  总下注0
[19:6:56] 玩家12344在区域 1  总下注4000
[19:6:56] 玩家12344在区域 2  总下注3000
[19:6:56] 玩家12344在区域 3  总下注0
[19:6:56] 玩家12344在区域 4  总下注2000
[19:6:56] 玩家12344在区域 5  总下注2000
[19:6:56] 玩家12344 总下注11000
[19:6:56] send >>>>>>>>>>>>>>>>>>>>>>>>>>>>>>> 1 message 57 size 112
[19:6:56] recv  55 <<<<<<<<<<<<<<<<<<<<<<<<<<<<<<< 1
[19:6:56] userbet 12344  在2 下了 1000,累计下注 12000
[19:6:56] broad >>>>>>>>>>>>>>>>>>>>>>>>>>>>>>> message 56 size 6
[19:6:56] 区域 0  总下注0
[19:6:56] 区域 1  总下注4000
[19:6:56] 区域 2  总下注4000
[19:6:56] 区域 3  总下注0
[19:6:56] 区域 4  总下注2000
[19:6:56] 区域 5  总下注2000
[19:6:56] send >>>>>>>>>>>>>>>>>>>>>>>>>>>>>>> 0 message 57 size 112
[19:6:56] 玩家12344在区域 0  总下注0
[19:6:56] 玩家12344在区域 1  总下注4000
[19:6:56] 玩家12344在区域 2  总下注4000
[19:6:56] 玩家12344在区域 3  总下注0
[19:6:56] 玩家12344在区域 4  总下注2000
[19:6:56] 玩家12344在区域 5  总下注2000
[19:6:56] 玩家12344 总下注12000
[19:6:56] send >>>>>>>>>>>>>>>>>>>>>>>>>>>>>>> 1 message 57 size 112
[19:6:56] recv  55 <<<<<<<<<<<<<<<<<<<<<<<<<<<<<<< 1
[19:6:56] userbet 12344  在5 下了 1000,累计下注 13000
[19:6:56] broad >>>>>>>>>>>>>>>>>>>>>>>>>>>>>>> message 56 size 6
[19:6:56] 区域 0  总下注0
[19:6:56] 区域 1  总下注4000
[19:6:56] 区域 2  总下注4000
[19:6:56] 区域 3  总下注0
[19:6:56] 区域 4  总下注2000
[19:6:56] 区域 5  总下注3000
[19:6:56] send >>>>>>>>>>>>>>>>>>>>>>>>>>>>>>> 0 message 57 size 112
[19:6:56] 玩家12344在区域 0  总下注0
[19:6:56] 玩家12344在区域 1  总下注4000
[19:6:56] 玩家12344在区域 2  总下注4000
[19:6:56] 玩家12344在区域 3  总下注0
[19:6:56] 玩家12344在区域 4  总下注2000
[19:6:56] 玩家12344在区域 5  总下注3000
[19:6:56] 玩家12344 总下注13000
[19:6:56] send >>>>>>>>>>>>>>>>>>>>>>>>>>>>>>> 1 message 57 size 112
[19:6:56] recv  55 <<<<<<<<<<<<<<<<<<<<<<<<<<<<<<< 1
[19:6:56] userbet 12344  在5 下了 1000,累计下注 14000
[19:6:56] broad >>>>>>>>>>>>>>>>>>>>>>>>>>>>>>> message 56 size 6
[19:6:56] 区域 0  总下注0
[19:6:56] 区域 1  总下注4000
[19:6:56] 区域 2  总下注4000
[19:6:56] 区域 3  总下注0
[19:6:56] 区域 4  总下注2000
[19:6:56] 区域 5  总下注4000
[19:6:56] send >>>>>>>>>>>>>>>>>>>>>>>>>>>>>>> 0 message 57 size 112
[19:6:56] 玩家12344在区域 0  总下注0
[19:6:56] 玩家12344在区域 1  总下注4000
[19:6:56] 玩家12344在区域 2  总下注4000
[19:6:56] 玩家12344在区域 3  总下注0
[19:6:56] 玩家12344在区域 4  总下注2000
[19:6:56] 玩家12344在区域 5  总下注4000
[19:6:56] 玩家12344 总下注14000
[19:6:56] send >>>>>>>>>>>>>>>>>>>>>>>>>>>>>>> 1 message 57 size 112
[19:6:56] recv  55 <<<<<<<<<<<<<<<<<<<<<<<<<<<<<<< 1
[19:6:56] userbet 12344  在2 下了 1000,累计下注 15000
[19:6:56] broad >>>>>>>>>>>>>>>>>>>>>>>>>>>>>>> message 56 size 6
[19:6:56] 区域 0  总下注0
[19:6:56] 区域 1  总下注4000
[19:6:56] 区域 2  总下注5000
[19:6:56] 区域 3  总下注0
[19:6:56] 区域 4  总下注2000
[19:6:56] 区域 5  总下注4000
[19:6:56] send >>>>>>>>>>>>>>>>>>>>>>>>>>>>>>> 0 message 57 size 112
[19:6:56] 玩家12344在区域 0  总下注0
[19:6:56] 玩家12344在区域 1  总下注4000
[19:6:56] 玩家12344在区域 2  总下注5000
[19:6:56] 玩家12344在区域 3  总下注0
[19:6:56] 玩家12344在区域 4  总下注2000
[19:6:56] 玩家12344在区域 5  总下注4000
[19:6:56] 玩家12344 总下注15000
[19:6:56] send >>>>>>>>>>>>>>>>>>>>>>>>>>>>>>> 1 message 57 size 112
[19:6:57] recv  55 <<<<<<<<<<<<<<<<<<<<<<<<<<<<<<< 1
[19:6:57] userbet 12344  在2 下了 1000,累计下注 16000
[19:6:57] broad >>>>>>>>>>>>>>>>>>>>>>>>>>>>>>> message 56 size 6
[19:6:57] 区域 0  总下注0
[19:6:57] 区域 1  总下注4000
[19:6:57] 区域 2  总下注6000
[19:6:57] 区域 3  总下注0
[19:6:57] 区域 4  总下注2000
[19:6:57] 区域 5  总下注4000
[19:6:57] send >>>>>>>>>>>>>>>>>>>>>>>>>>>>>>> 0 message 57 size 112
[19:6:57] 玩家12344在区域 0  总下注0
[19:6:57] 玩家12344在区域 1  总下注4000
[19:6:57] 玩家12344在区域 2  总下注6000
[19:6:57] 玩家12344在区域 3  总下注0
[19:6:57] 玩家12344在区域 4  总下注2000
[19:6:57] 玩家12344在区域 5  总下注4000
[19:6:57] 玩家12344 总下注16000
[19:6:57] send >>>>>>>>>>>>>>>>>>>>>>>>>>>>>>> 1 message 57 size 112
[19:6:57] recv  55 <<<<<<<<<<<<<<<<<<<<<<<<<<<<<<< 1
[19:6:57] userbet 12344  在4 下了 1000,累计下注 17000
[19:6:57] broad >>>>>>>>>>>>>>>>>>>>>>>>>>>>>>> message 56 size 6
[19:6:57] 区域 0  总下注0
[19:6:57] 区域 1  总下注4000
[19:6:57] 区域 2  总下注6000
[19:6:57] 区域 3  总下注0
[19:6:57] 区域 4  总下注3000
[19:6:57] 区域 5  总下注4000
[19:6:57] send >>>>>>>>>>>>>>>>>>>>>>>>>>>>>>> 0 message 57 size 112
[19:6:57] 玩家12344在区域 0  总下注0
[19:6:57] 玩家12344在区域 1  总下注4000
[19:6:57] 玩家12344在区域 2  总下注6000
[19:6:57] 玩家12344在区域 3  总下注0
[19:6:57] 玩家12344在区域 4  总下注3000
[19:6:57] 玩家12344在区域 5  总下注4000
[19:6:57] 玩家12344 总下注17000
[19:6:57] send >>>>>>>>>>>>>>>>>>>>>>>>>>>>>>> 1 message 57 size 112
[19:6:57] recv  55 <<<<<<<<<<<<<<<<<<<<<<<<<<<<<<< 1
[19:6:57] userbet 12344  在4 下了 1000,累计下注 18000
[19:6:57] broad >>>>>>>>>>>>>>>>>>>>>>>>>>>>>>> message 56 size 6
[19:6:57] 区域 0  总下注0
[19:6:57] 区域 1  总下注4000
[19:6:57] 区域 2  总下注6000
[19:6:57] 区域 3  总下注0
[19:6:57] 区域 4  总下注4000
[19:6:57] 区域 5  总下注4000
[19:6:57] send >>>>>>>>>>>>>>>>>>>>>>>>>>>>>>> 0 message 57 size 112
[19:6:57] 玩家12344在区域 0  总下注0
[19:6:57] 玩家12344在区域 1  总下注4000
[19:6:57] 玩家12344在区域 2  总下注6000
[19:6:57] 玩家12344在区域 3  总下注0
[19:6:57] 玩家12344在区域 4  总下注4000
[19:6:57] 玩家12344在区域 5  总下注4000
[19:6:57] 玩家12344 总下注18000
[19:6:57] send >>>>>>>>>>>>>>>>>>>>>>>>>>>>>>> 1 message 57 size 112
[19:6:57] recv  55 <<<<<<<<<<<<<<<<<<<<<<<<<<<<<<< 1
[19:6:57] userbet 12344  在2 下了 1000,累计下注 19000
[19:6:57] broad >>>>>>>>>>>>>>>>>>>>>>>>>>>>>>> message 56 size 6
[19:6:57] 区域 0  总下注0
[19:6:57] 区域 1  总下注4000
[19:6:57] 区域 2  总下注7000
[19:6:57] 区域 3  总下注0
[19:6:57] 区域 4  总下注4000
[19:6:57] 区域 5  总下注4000
[19:6:57] send >>>>>>>>>>>>>>>>>>>>>>>>>>>>>>> 0 message 57 size 112
[19:6:57] 玩家12344在区域 0  总下注0
[19:6:57] 玩家12344在区域 1  总下注4000
[19:6:57] 玩家12344在区域 2  总下注7000
[19:6:57] 玩家12344在区域 3  总下注0
[19:6:57] 玩家12344在区域 4  总下注4000
[19:6:57] 玩家12344在区域 5  总下注4000
[19:6:57] 玩家12344 总下注19000
[19:6:57] send >>>>>>>>>>>>>>>>>>>>>>>>>>>>>>> 1 message 57 size 112
[19:6:57] recv  55 <<<<<<<<<<<<<<<<<<<<<<<<<<<<<<< 1
[19:6:57] userbet 12344  在0 下了 1000,累计下注 20000
[19:6:57] broad >>>>>>>>>>>>>>>>>>>>>>>>>>>>>>> message 56 size 6
[19:6:57] 区域 0  总下注1000
[19:6:57] 区域 1  总下注4000
[19:6:57] 区域 2  总下注7000
[19:6:57] 区域 3  总下注0
[19:6:57] 区域 4  总下注4000
[19:6:57] 区域 5  总下注4000
[19:6:57] send >>>>>>>>>>>>>>>>>>>>>>>>>>>>>>> 0 message 57 size 112
[19:6:57] 玩家12344在区域 0  总下注1000
[19:6:57] 玩家12344在区域 1  总下注4000
[19:6:57] 玩家12344在区域 2  总下注7000
[19:6:57] 玩家12344在区域 3  总下注0
[19:6:57] 玩家12344在区域 4  总下注4000
[19:6:57] 玩家12344在区域 5  总下注4000
[19:6:57] 玩家12344 总下注20000
[19:6:57] send >>>>>>>>>>>>>>>>>>>>>>>>>>>>>>> 1 message 57 size 112
[19:6:57] recv  55 <<<<<<<<<<<<<<<<<<<<<<<<<<<<<<< 1
[19:6:57] userbet 12344  在0 下了 1000,累计下注 21000
[19:6:57] broad >>>>>>>>>>>>>>>>>>>>>>>>>>>>>>> message 56 size 6
[19:6:57] 区域 0  总下注2000
[19:6:57] 区域 1  总下注4000
[19:6:57] 区域 2  总下注7000
[19:6:57] 区域 3  总下注0
[19:6:57] 区域 4  总下注4000
[19:6:57] 区域 5  总下注4000
[19:6:57] send >>>>>>>>>>>>>>>>>>>>>>>>>>>>>>> 0 message 57 size 112
[19:6:57] 玩家12344在区域 0  总下注2000
[19:6:57] 玩家12344在区域 1  总下注4000
[19:6:57] 玩家12344在区域 2  总下注7000
[19:6:57] 玩家12344在区域 3  总下注0
[19:6:57] 玩家12344在区域 4  总下注4000
[19:6:57] 玩家12344在区域 5  总下注4000
[19:6:57] 玩家12344 总下注21000
[19:6:57] send >>>>>>>>>>>>>>>>>>>>>>>>>>>>>>> 1 message 57 size 112
[19:6:58] recv  55 <<<<<<<<<<<<<<<<<<<<<<<<<<<<<<< 1
[19:6:58] userbet 12344  在3 下了 1000,累计下注 22000
[19:6:58] broad >>>>>>>>>>>>>>>>>>>>>>>>>>>>>>> message 56 size 6
[19:6:58] 区域 0  总下注2000
[19:6:58] 区域 1  总下注4000
[19:6:58] 区域 2  总下注7000
[19:6:58] 区域 3  总下注1000
[19:6:58] 区域 4  总下注4000
[19:6:58] 区域 5  总下注4000
[19:6:58] send >>>>>>>>>>>>>>>>>>>>>>>>>>>>>>> 0 message 57 size 112
[19:6:58] 玩家12344在区域 0  总下注2000
[19:6:58] 玩家12344在区域 1  总下注4000
[19:6:58] 玩家12344在区域 2  总下注7000
[19:6:58] 玩家12344在区域 3  总下注1000
[19:6:58] 玩家12344在区域 4  总下注4000
[19:6:58] 玩家12344在区域 5  总下注4000
[19:6:58] 玩家12344 总下注22000
[19:6:58] send >>>>>>>>>>>>>>>>>>>>>>>>>>>>>>> 1 message 57 size 112
[19:6:58] recv  55 <<<<<<<<<<<<<<<<<<<<<<<<<<<<<<< 1
[19:6:58] userbet 12344  在3 下了 1000,累计下注 23000
[19:6:58] broad >>>>>>>>>>>>>>>>>>>>>>>>>>>>>>> message 56 size 6
[19:6:58] 区域 0  总下注2000
[19:6:58] 区域 1  总下注4000
[19:6:58] 区域 2  总下注7000
[19:6:58] 区域 3  总下注2000
[19:6:58] 区域 4  总下注4000
[19:6:58] 区域 5  总下注4000
[19:6:58] send >>>>>>>>>>>>>>>>>>>>>>>>>>>>>>> 0 message 57 size 112
[19:6:58] 玩家12344在区域 0  总下注2000
[19:6:58] 玩家12344在区域 1  总下注4000
[19:6:58] 玩家12344在区域 2  总下注7000
[19:6:58] 玩家12344在区域 3  总下注2000
[19:6:58] 玩家12344在区域 4  总下注4000
[19:6:58] 玩家12344在区域 5  总下注4000
[19:6:58] 玩家12344 总下注23000
[19:6:58] send >>>>>>>>>>>>>>>>>>>>>>>>>>>>>>> 1 message 57 size 112
[19:6:58] recv  55 <<<<<<<<<<<<<<<<<<<<<<<<<<<<<<< 1
[19:6:58] userbet 12344  在3 下了 1000,累计下注 24000
[19:6:58] broad >>>>>>>>>>>>>>>>>>>>>>>>>>>>>>> message 56 size 6
[19:6:58] 区域 0  总下注2000
[19:6:58] 区域 1  总下注4000
[19:6:58] 区域 2  总下注7000
[19:6:58] 区域 3  总下注3000
[19:6:58] 区域 4  总下注4000
[19:6:58] 区域 5  总下注4000
[19:6:58] send >>>>>>>>>>>>>>>>>>>>>>>>>>>>>>> 0 message 57 size 112
[19:6:58] 玩家12344在区域 0  总下注2000
[19:6:58] 玩家12344在区域 1  总下注4000
[19:6:58] 玩家12344在区域 2  总下注7000
[19:6:58] 玩家12344在区域 3  总下注3000
[19:6:58] 玩家12344在区域 4  总下注4000
[19:6:58] 玩家12344在区域 5  总下注4000
[19:6:58] 玩家12344 总下注24000
[19:6:58] send >>>>>>>>>>>>>>>>>>>>>>>>>>>>>>> 1 message 57 size 112
[19:6:58] recv  55 <<<<<<<<<<<<<<<<<<<<<<<<<<<<<<< 1
[19:6:58] userbet 12344  在0 下了 1000,累计下注 25000
[19:6:58] broad >>>>>>>>>>>>>>>>>>>>>>>>>>>>>>> message 56 size 6
[19:6:58] 区域 0  总下注3000
[19:6:58] 区域 1  总下注4000
[19:6:58] 区域 2  总下注7000
[19:6:58] 区域 3  总下注3000
[19:6:58] 区域 4  总下注4000
[19:6:58] 区域 5  总下注4000
[19:6:58] send >>>>>>>>>>>>>>>>>>>>>>>>>>>>>>> 0 message 57 size 112
[19:6:58] 玩家12344在区域 0  总下注3000
[19:6:58] 玩家12344在区域 1  总下注4000
[19:6:58] 玩家12344在区域 2  总下注7000
[19:6:58] 玩家12344在区域 3  总下注3000
[19:6:58] 玩家12344在区域 4  总下注4000
[19:6:58] 玩家12344在区域 5  总下注4000
[19:6:58] 玩家12344 总下注25000
[19:6:58] send >>>>>>>>>>>>>>>>>>>>>>>>>>>>>>> 1 message 57 size 112
[19:6:58] recv  55 <<<<<<<<<<<<<<<<<<<<<<<<<<<<<<< 1
[19:6:58] userbet 12344  在0 下了 1000,累计下注 26000
[19:6:58] broad >>>>>>>>>>>>>>>>>>>>>>>>>>>>>>> message 56 size 6
[19:6:58] 区域 0  总下注4000
[19:6:58] 区域 1  总下注4000
[19:6:58] 区域 2  总下注7000
[19:6:58] 区域 3  总下注3000
[19:6:58] 区域 4  总下注4000
[19:6:58] 区域 5  总下注4000
[19:6:58] send >>>>>>>>>>>>>>>>>>>>>>>>>>>>>>> 0 message 57 size 112
[19:6:58] 玩家12344在区域 0  总下注4000
[19:6:58] 玩家12344在区域 1  总下注4000
[19:6:58] 玩家12344在区域 2  总下注7000
[19:6:58] 玩家12344在区域 3  总下注3000
[19:6:58] 玩家12344在区域 4  总下注4000
[19:6:58] 玩家12344在区域 5  总下注4000
[19:6:58] 玩家12344 总下注26000
[19:6:58] send >>>>>>>>>>>>>>>>>>>>>>>>>>>>>>> 1 message 57 size 112
[19:6:58] recv  55 <<<<<<<<<<<<<<<<<<<<<<<<<<<<<<< 1
[19:6:58] userbet 12344  在1 下了 1000,累计下注 27000
[19:6:58] broad >>>>>>>>>>>>>>>>>>>>>>>>>>>>>>> message 56 size 6
[19:6:58] 区域 0  总下注4000
[19:6:58] 区域 1  总下注5000
[19:6:58] 区域 2  总下注7000
[19:6:58] 区域 3  总下注3000
[19:6:58] 区域 4  总下注4000
[19:6:58] 区域 5  总下注4000
[19:6:58] send >>>>>>>>>>>>>>>>>>>>>>>>>>>>>>> 0 message 57 size 112
[19:6:58] 玩家12344在区域 0  总下注4000
[19:6:58] 玩家12344在区域 1  总下注5000
[19:6:58] 玩家12344在区域 2  总下注7000
[19:6:58] 玩家12344在区域 3  总下注3000
[19:6:58] 玩家12344在区域 4  总下注4000
[19:6:58] 玩家12344在区域 5  总下注4000
[19:6:58] 玩家12344 总下注27000
[19:6:58] send >>>>>>>>>>>>>>>>>>>>>>>>>>>>>>> 1 message 57 size 112
[19:6:58] recv  55 <<<<<<<<<<<<<<<<<<<<<<<<<<<<<<< 1
[19:6:58] userbet 12344  在1 下了 1000,累计下注 28000
[19:6:58] broad >>>>>>>>>>>>>>>>>>>>>>>>>>>>>>> message 56 size 6
[19:6:58] 区域 0  总下注4000
[19:6:58] 区域 1  总下注6000
[19:6:58] 区域 2  总下注7000
[19:6:58] 区域 3  总下注3000
[19:6:58] 区域 4  总下注4000
[19:6:58] 区域 5  总下注4000
[19:6:58] send >>>>>>>>>>>>>>>>>>>>>>>>>>>>>>> 0 message 57 size 112
[19:6:58] 玩家12344在区域 0  总下注4000
[19:6:58] 玩家12344在区域 1  总下注6000
[19:6:58] 玩家12344在区域 2  总下注7000
[19:6:58] 玩家12344在区域 3  总下注3000
[19:6:58] 玩家12344在区域 4  总下注4000
[19:6:58] 玩家12344在区域 5  总下注4000
[19:6:58] 玩家12344 总下注28000
[19:6:58] send >>>>>>>>>>>>>>>>>>>>>>>>>>>>>>> 1 message 57 size 112
[19:6:59] recv  55 <<<<<<<<<<<<<<<<<<<<<<<<<<<<<<< 1
[19:6:59] userbet 12344  在1 下了 1000,累计下注 29000
[19:6:59] broad >>>>>>>>>>>>>>>>>>>>>>>>>>>>>>> message 56 size 6
[19:6:59] 区域 0  总下注4000
[19:6:59] 区域 1  总下注7000
[19:6:59] 区域 2  总下注7000
[19:6:59] 区域 3  总下注3000
[19:6:59] 区域 4  总下注4000
[19:6:59] 区域 5  总下注4000
[19:6:59] send >>>>>>>>>>>>>>>>>>>>>>>>>>>>>>> 0 message 57 size 112
[19:6:59] 玩家12344在区域 0  总下注4000
[19:6:59] 玩家12344在区域 1  总下注7000
[19:6:59] 玩家12344在区域 2  总下注7000
[19:6:59] 玩家12344在区域 3  总下注3000
[19:6:59] 玩家12344在区域 4  总下注4000
[19:6:59] 玩家12344在区域 5  总下注4000
[19:6:59] 玩家12344 总下注29000
[19:6:59] send >>>>>>>>>>>>>>>>>>>>>>>>>>>>>>> 1 message 57 size 112
[19:6:59] recv  55 <<<<<<<<<<<<<<<<<<<<<<<<<<<<<<< 1
[19:6:59] userbet 12344  在1 下了 1000,累计下注 30000
[19:6:59] broad >>>>>>>>>>>>>>>>>>>>>>>>>>>>>>> message 56 size 6
[19:6:59] 区域 0  总下注4000
[19:6:59] 区域 1  总下注8000
[19:6:59] 区域 2  总下注7000
[19:6:59] 区域 3  总下注3000
[19:6:59] 区域 4  总下注4000
[19:6:59] 区域 5  总下注4000
[19:6:59] send >>>>>>>>>>>>>>>>>>>>>>>>>>>>>>> 0 message 57 size 112
[19:6:59] 玩家12344在区域 0  总下注4000
[19:6:59] 玩家12344在区域 1  总下注8000
[19:6:59] 玩家12344在区域 2  总下注7000
[19:6:59] 玩家12344在区域 3  总下注3000
[19:6:59] 玩家12344在区域 4  总下注4000
[19:6:59] 玩家12344在区域 5  总下注4000
[19:6:59] 玩家12344 总下注30000
[19:6:59] send >>>>>>>>>>>>>>>>>>>>>>>>>>>>>>> 1 message 57 size 112
[19:6:59] recv  55 <<<<<<<<<<<<<<<<<<<<<<<<<<<<<<< 1
[19:6:59] userbet 12344  在1 下了 1000,累计下注 31000
[19:6:59] broad >>>>>>>>>>>>>>>>>>>>>>>>>>>>>>> message 56 size 6
[19:6:59] 区域 0  总下注4000
[19:6:59] 区域 1  总下注9000
[19:6:59] 区域 2  总下注7000
[19:6:59] 区域 3  总下注3000
[19:6:59] 区域 4  总下注4000
[19:6:59] 区域 5  总下注4000
[19:6:59] send >>>>>>>>>>>>>>>>>>>>>>>>>>>>>>> 0 message 57 size 112
[19:6:59] 玩家12344在区域 0  总下注4000
[19:6:59] 玩家12344在区域 1  总下注9000
[19:6:59] 玩家12344在区域 2  总下注7000
[19:6:59] 玩家12344在区域 3  总下注3000
[19:6:59] 玩家12344在区域 4  总下注4000
[19:6:59] 玩家12344在区域 5  总下注4000
[19:6:59] 玩家12344 总下注31000
[19:6:59] send >>>>>>>>>>>>>>>>>>>>>>>>>>>>>>> 1 message 57 size 112
[19:6:59] recv  55 <<<<<<<<<<<<<<<<<<<<<<<<<<<<<<< 1
[19:6:59] userbet 12344  在1 下了 1000,累计下注 32000
[19:6:59] broad >>>>>>>>>>>>>>>>>>>>>>>>>>>>>>> message 56 size 6
[19:6:59] 区域 0  总下注4000
[19:6:59] 区域 1  总下注10000
[19:6:59] 区域 2  总下注7000
[19:6:59] 区域 3  总下注3000
[19:6:59] 区域 4  总下注4000
[19:6:59] 区域 5  总下注4000
[19:6:59] send >>>>>>>>>>>>>>>>>>>>>>>>>>>>>>> 0 message 57 size 112
[19:6:59] 玩家12344在区域 0  总下注4000
[19:6:59] 玩家12344在区域 1  总下注10000
[19:6:59] 玩家12344在区域 2  总下注7000
[19:6:59] 玩家12344在区域 3  总下注3000
[19:6:59] 玩家12344在区域 4  总下注4000
[19:6:59] 玩家12344在区域 5  总下注4000
[19:6:59] 玩家12344 总下注32000
[19:6:59] send >>>>>>>>>>>>>>>>>>>>>>>>>>>>>>> 1 message 57 size 112
[19:6:59] recv  55 <<<<<<<<<<<<<<<<<<<<<<<<<<<<<<< 1
[19:6:59] userbet 12344  在1 下了 1000,累计下注 33000
[19:6:59] broad >>>>>>>>>>>>>>>>>>>>>>>>>>>>>>> message 56 size 6
[19:6:59] 区域 0  总下注4000
[19:6:59] 区域 1  总下注11000
[19:6:59] 区域 2  总下注7000
[19:6:59] 区域 3  总下注3000
[19:6:59] 区域 4  总下注4000
[19:6:59] 区域 5  总下注4000
[19:6:59] send >>>>>>>>>>>>>>>>>>>>>>>>>>>>>>> 0 message 57 size 112
[19:6:59] 玩家12344在区域 0  总下注4000
[19:6:59] 玩家12344在区域 1  总下注11000
[19:6:59] 玩家12344在区域 2  总下注7000
[19:6:59] 玩家12344在区域 3  总下注3000
[19:6:59] 玩家12344在区域 4  总下注4000
[19:6:59] 玩家12344在区域 5  总下注4000
[19:6:59] 玩家12344 总下注33000
[19:6:59] send >>>>>>>>>>>>>>>>>>>>>>>>>>>>>>> 1 message 57 size 112
[19:6:59] recv  55 <<<<<<<<<<<<<<<<<<<<<<<<<<<<<<< 1
[19:6:59] userbet 12344  在1 下了 1000,累计下注 34000
[19:6:59] broad >>>>>>>>>>>>>>>>>>>>>>>>>>>>>>> message 56 size 6
[19:6:59] 区域 0  总下注4000
[19:6:59] 区域 1  总下注12000
[19:6:59] 区域 2  总下注7000
[19:6:59] 区域 3  总下注3000
[19:6:59] 区域 4  总下注4000
[19:6:59] 区域 5  总下注4000
[19:6:59] send >>>>>>>>>>>>>>>>>>>>>>>>>>>>>>> 0 message 57 size 112
[19:6:59] 玩家12344在区域 0  总下注4000
[19:6:59] 玩家12344在区域 1  总下注12000
[19:6:59] 玩家12344在区域 2  总下注7000
[19:6:59] 玩家12344在区域 3  总下注3000
[19:6:59] 玩家12344在区域 4  总下注4000
[19:6:59] 玩家12344在区域 5  总下注4000
[19:6:59] 玩家12344 总下注34000
[19:6:59] send >>>>>>>>>>>>>>>>>>>>>>>>>>>>>>> 1 message 57 size 112
[19:6:59] recv  55 <<<<<<<<<<<<<<<<<<<<<<<<<<<<<<< 1
[19:6:59] userbet 12344  在1 下了 1000,累计下注 35000
[19:6:59] broad >>>>>>>>>>>>>>>>>>>>>>>>>>>>>>> message 56 size 6
[19:6:59] 区域 0  总下注4000
[19:6:59] 区域 1  总下注13000
[19:6:59] 区域 2  总下注7000
[19:6:59] 区域 3  总下注3000
[19:6:59] 区域 4  总下注4000
[19:6:59] 区域 5  总下注4000
[19:6:59] send >>>>>>>>>>>>>>>>>>>>>>>>>>>>>>> 0 message 57 size 112
[19:6:59] 玩家12344在区域 0  总下注4000
[19:6:59] 玩家12344在区域 1  总下注13000
[19:6:59] 玩家12344在区域 2  总下注7000
[19:6:59] 玩家12344在区域 3  总下注3000
[19:6:59] 玩家12344在区域 4  总下注4000
[19:6:59] 玩家12344在区域 5  总下注4000
[19:6:59] 玩家12344 总下注35000
[19:6:59] send >>>>>>>>>>>>>>>>>>>>>>>>>>>>>>> 1 message 57 size 112
[19:7:0] recv  55 <<<<<<<<<<<<<<<<<<<<<<<<<<<<<<< 1
[19:7:0] userbet 12344  在1 下了 1000,累计下注 36000
[19:7:0] broad >>>>>>>>>>>>>>>>>>>>>>>>>>>>>>> message 56 size 6
[19:7:0] 区域 0  总下注4000
[19:7:0] 区域 1  总下注14000
[19:7:0] 区域 2  总下注7000
[19:7:0] 区域 3  总下注3000
[19:7:0] 区域 4  总下注4000
[19:7:0] 区域 5  总下注4000
[19:7:0] send >>>>>>>>>>>>>>>>>>>>>>>>>>>>>>> 0 message 57 size 112
[19:7:0] 玩家12344在区域 0  总下注4000
[19:7:0] 玩家12344在区域 1  总下注14000
[19:7:0] 玩家12344在区域 2  总下注7000
[19:7:0] 玩家12344在区域 3  总下注3000
[19:7:0] 玩家12344在区域 4  总下注4000
[19:7:0] 玩家12344在区域 5  总下注4000
[19:7:0] 玩家12344 总下注36000
[19:7:0] send >>>>>>>>>>>>>>>>>>>>>>>>>>>>>>> 1 message 57 size 112
[19:7:0] recv  55 <<<<<<<<<<<<<<<<<<<<<<<<<<<<<<< 1
[19:7:0] userbet 12344  在1 下了 1000,累计下注 37000
[19:7:0] broad >>>>>>>>>>>>>>>>>>>>>>>>>>>>>>> message 56 size 6
[19:7:0] 区域 0  总下注4000
[19:7:0] 区域 1  总下注15000
[19:7:0] 区域 2  总下注7000
[19:7:0] 区域 3  总下注3000
[19:7:0] 区域 4  总下注4000
[19:7:0] 区域 5  总下注4000
[19:7:0] send >>>>>>>>>>>>>>>>>>>>>>>>>>>>>>> 0 message 57 size 112
[19:7:0] 玩家12344在区域 0  总下注4000
[19:7:0] 玩家12344在区域 1  总下注15000
[19:7:0] 玩家12344在区域 2  总下注7000
[19:7:0] 玩家12344在区域 3  总下注3000
[19:7:0] 玩家12344在区域 4  总下注4000
[19:7:0] 玩家12344在区域 5  总下注4000
[19:7:0] 玩家12344 总下注37000
[19:7:0] send >>>>>>>>>>>>>>>>>>>>>>>>>>>>>>> 1 message 57 size 112
[19:7:0] recv  55 <<<<<<<<<<<<<<<<<<<<<<<<<<<<<<< 1
[19:7:0] userbet 12344  在1 下了 1000,累计下注 38000
[19:7:0] broad >>>>>>>>>>>>>>>>>>>>>>>>>>>>>>> message 56 size 6
[19:7:0] 区域 0  总下注4000
[19:7:0] 区域 1  总下注16000
[19:7:0] 区域 2  总下注7000
[19:7:0] 区域 3  总下注3000
[19:7:0] 区域 4  总下注4000
[19:7:0] 区域 5  总下注4000
[19:7:0] send >>>>>>>>>>>>>>>>>>>>>>>>>>>>>>> 0 message 57 size 112
[19:7:0] 玩家12344在区域 0  总下注4000
[19:7:0] 玩家12344在区域 1  总下注16000
[19:7:0] 玩家12344在区域 2  总下注7000
[19:7:0] 玩家12344在区域 3  总下注3000
[19:7:0] 玩家12344在区域 4  总下注4000
[19:7:0] 玩家12344在区域 5  总下注4000
[19:7:0] 玩家12344 总下注38000
[19:7:0] send >>>>>>>>>>>>>>>>>>>>>>>>>>>>>>> 1 message 57 size 112
[19:7:0] recv  55 <<<<<<<<<<<<<<<<<<<<<<<<<<<<<<< 1
[19:7:0] userbet 12344  在1 下了 1000,累计下注 39000
[19:7:0] broad >>>>>>>>>>>>>>>>>>>>>>>>>>>>>>> message 56 size 6
[19:7:0] 区域 0  总下注4000
[19:7:0] 区域 1  总下注17000
[19:7:0] 区域 2  总下注7000
[19:7:0] 区域 3  总下注3000
[19:7:0] 区域 4  总下注4000
[19:7:0] 区域 5  总下注4000
[19:7:0] send >>>>>>>>>>>>>>>>>>>>>>>>>>>>>>> 0 message 57 size 112
[19:7:0] 玩家12344在区域 0  总下注4000
[19:7:0] 玩家12344在区域 1  总下注17000
[19:7:0] 玩家12344在区域 2  总下注7000
[19:7:0] 玩家12344在区域 3  总下注3000
[19:7:0] 玩家12344在区域 4  总下注4000
[19:7:0] 玩家12344在区域 5  总下注4000
[19:7:0] 玩家12344 总下注39000
[19:7:0] send >>>>>>>>>>>>>>>>>>>>>>>>>>>>>>> 1 message 57 size 112
[19:7:0] recv  55 <<<<<<<<<<<<<<<<<<<<<<<<<<<<<<< 1
[19:7:0] userbet 12344  在1 下了 1000,累计下注 40000
[19:7:0] broad >>>>>>>>>>>>>>>>>>>>>>>>>>>>>>> message 56 size 6
[19:7:0] 区域 0  总下注4000
[19:7:0] 区域 1  总下注18000
[19:7:0] 区域 2  总下注7000
[19:7:0] 区域 3  总下注3000
[19:7:0] 区域 4  总下注4000
[19:7:0] 区域 5  总下注4000
[19:7:0] send >>>>>>>>>>>>>>>>>>>>>>>>>>>>>>> 0 message 57 size 112
[19:7:0] 玩家12344在区域 0  总下注4000
[19:7:0] 玩家12344在区域 1  总下注18000
[19:7:0] 玩家12344在区域 2  总下注7000
[19:7:0] 玩家12344在区域 3  总下注3000
[19:7:0] 玩家12344在区域 4  总下注4000
[19:7:0] 玩家12344在区域 5  总下注4000
[19:7:0] 玩家12344 总下注40000
[19:7:0] send >>>>>>>>>>>>>>>>>>>>>>>>>>>>>>> 1 message 57 size 112
[19:7:0] recv  55 <<<<<<<<<<<<<<<<<<<<<<<<<<<<<<< 1
[19:7:0] userbet 12344  在1 下了 1000,累计下注 41000
[19:7:0] broad >>>>>>>>>>>>>>>>>>>>>>>>>>>>>>> message 56 size 6
[19:7:0] 区域 0  总下注4000
[19:7:0] 区域 1  总下注19000
[19:7:0] 区域 2  总下注7000
[19:7:0] 区域 3  总下注3000
[19:7:0] 区域 4  总下注4000
[19:7:0] 区域 5  总下注4000
[19:7:0] send >>>>>>>>>>>>>>>>>>>>>>>>>>>>>>> 0 message 57 size 112
[19:7:0] 玩家12344在区域 0  总下注4000
[19:7:0] 玩家12344在区域 1  总下注19000
[19:7:0] 玩家12344在区域 2  总下注7000
[19:7:0] 玩家12344在区域 3  总下注3000
[19:7:0] 玩家12344在区域 4  总下注4000
[19:7:0] 玩家12344在区域 5  总下注4000
[19:7:0] 玩家12344 总下注41000
[19:7:0] send >>>>>>>>>>>>>>>>>>>>>>>>>>>>>>> 1 message 57 size 112
[19:7:0] recv  55 <<<<<<<<<<<<<<<<<<<<<<<<<<<<<<< 1
[19:7:0] userbet 12344  在1 下了 1000,累计下注 42000
[19:7:0] broad >>>>>>>>>>>>>>>>>>>>>>>>>>>>>>> message 56 size 6
[19:7:0] 区域 0  总下注4000
[19:7:0] 区域 1  总下注20000
[19:7:0] 区域 2  总下注7000
[19:7:0] 区域 3  总下注3000
[19:7:0] 区域 4  总下注4000
[19:7:0] 区域 5  总下注4000
[19:7:0] send >>>>>>>>>>>>>>>>>>>>>>>>>>>>>>> 0 message 57 size 112
[19:7:0] 玩家12344在区域 0  总下注4000
[19:7:0] 玩家12344在区域 1  总下注20000
[19:7:0] 玩家12344在区域 2  总下注7000
[19:7:0] 玩家12344在区域 3  总下注3000
[19:7:0] 玩家12344在区域 4  总下注4000
[19:7:0] 玩家12344在区域 5  总下注4000
[19:7:0] 玩家12344 总下注42000
[19:7:0] send >>>>>>>>>>>>>>>>>>>>>>>>>>>>>>> 1 message 57 size 112
[19:7:1] recv  55 <<<<<<<<<<<<<<<<<<<<<<<<<<<<<<< 1
[19:7:1] userbet 12344  在1 下了 1000,累计下注 43000
[19:7:1] broad >>>>>>>>>>>>>>>>>>>>>>>>>>>>>>> message 56 size 6
[19:7:1] 区域 0  总下注4000
[19:7:1] 区域 1  总下注21000
[19:7:1] 区域 2  总下注7000
[19:7:1] 区域 3  总下注3000
[19:7:1] 区域 4  总下注4000
[19:7:1] 区域 5  总下注4000
[19:7:1] send >>>>>>>>>>>>>>>>>>>>>>>>>>>>>>> 0 message 57 size 112
[19:7:1] 玩家12344在区域 0  总下注4000
[19:7:1] 玩家12344在区域 1  总下注21000
[19:7:1] 玩家12344在区域 2  总下注7000
[19:7:1] 玩家12344在区域 3  总下注3000
[19:7:1] 玩家12344在区域 4  总下注4000
[19:7:1] 玩家12344在区域 5  总下注4000
[19:7:1] 玩家12344 总下注43000
[19:7:1] send >>>>>>>>>>>>>>>>>>>>>>>>>>>>>>> 1 message 57 size 112
[19:7:1] recv  55 <<<<<<<<<<<<<<<<<<<<<<<<<<<<<<< 1
[19:7:1] userbet 12344  在1 下了 1000,累计下注 44000
[19:7:1] broad >>>>>>>>>>>>>>>>>>>>>>>>>>>>>>> message 56 size 6
[19:7:1] 区域 0  总下注4000
[19:7:1] 区域 1  总下注22000
[19:7:1] 区域 2  总下注7000
[19:7:1] 区域 3  总下注3000
[19:7:1] 区域 4  总下注4000
[19:7:1] 区域 5  总下注4000
[19:7:1] send >>>>>>>>>>>>>>>>>>>>>>>>>>>>>>> 0 message 57 size 112
[19:7:1] 玩家12344在区域 0  总下注4000
[19:7:1] 玩家12344在区域 1  总下注22000
[19:7:1] 玩家12344在区域 2  总下注7000
[19:7:1] 玩家12344在区域 3  总下注3000
[19:7:1] 玩家12344在区域 4  总下注4000
[19:7:1] 玩家12344在区域 5  总下注4000
[19:7:1] 玩家12344 总下注44000
[19:7:1] send >>>>>>>>>>>>>>>>>>>>>>>>>>>>>>> 1 message 57 size 112
[19:7:1] recv  55 <<<<<<<<<<<<<<<<<<<<<<<<<<<<<<< 1
[19:7:1] userbet 12344  在1 下了 1000,累计下注 45000
[19:7:1] broad >>>>>>>>>>>>>>>>>>>>>>>>>>>>>>> message 56 size 6
[19:7:1] 区域 0  总下注4000
[19:7:1] 区域 1  总下注23000
[19:7:1] 区域 2  总下注7000
[19:7:1] 区域 3  总下注3000
[19:7:1] 区域 4  总下注4000
[19:7:1] 区域 5  总下注4000
[19:7:1] send >>>>>>>>>>>>>>>>>>>>>>>>>>>>>>> 0 message 57 size 112
[19:7:1] 玩家12344在区域 0  总下注4000
[19:7:1] 玩家12344在区域 1  总下注23000
[19:7:1] 玩家12344在区域 2  总下注7000
[19:7:1] 玩家12344在区域 3  总下注3000
[19:7:1] 玩家12344在区域 4  总下注4000
[19:7:1] 玩家12344在区域 5  总下注4000
[19:7:1] 玩家12344 总下注45000
[19:7:1] send >>>>>>>>>>>>>>>>>>>>>>>>>>>>>>> 1 message 57 size 112
[19:7:1] card 0 4,d,   type 0   point 8
[19:7:1] card 1 6,0,   type 0   point 6
[19:7:1] card 2 b,11,   type 0   point 5
[19:7:1] card 3 7,0,   type 0   point 3
[19:7:1] broad >>>>>>>>>>>>>>>>>>>>>>>>>>>>>>> message 52 size 16
[19:7:1] recv  55 <<<<<<<<<<<<<<<<<<<<<<<<<<<<<<< 1
[19:7:1] userbet 12344  在1 下了 1000,累计下注 46000
[19:7:1] broad >>>>>>>>>>>>>>>>>>>>>>>>>>>>>>> message 56 size 6
[19:7:1] 区域 0  总下注4000
[19:7:1] 区域 1  总下注24000
[19:7:1] 区域 2  总下注7000
[19:7:1] 区域 3  总下注3000
[19:7:1] 区域 4  总下注4000
[19:7:1] 区域 5  总下注4000
[19:7:1] send >>>>>>>>>>>>>>>>>>>>>>>>>>>>>>> 0 message 57 size 112
[19:7:1] 玩家12344在区域 0  总下注4000
[19:7:1] 玩家12344在区域 1  总下注24000
[19:7:1] 玩家12344在区域 2  总下注7000
[19:7:1] 玩家12344在区域 3  总下注3000
[19:7:1] 玩家12344在区域 4  总下注4000
[19:7:1] 玩家12344在区域 5  总下注4000
[19:7:1] 玩家12344 总下注46000
[19:7:1] send >>>>>>>>>>>>>>>>>>>>>>>>>>>>>>> 1 message 57 size 112
[19:7:16] 区域 0 结算 4000
[19:7:16] 区域 1 结算 24000
[19:7:16] 区域 2 结算 7000
[19:7:16] 区域 3 结算 3000
[19:7:16] 区域 4 结算 4000
[19:7:16] 区域 5 结算 4000
[19:7:16] 玩家0[15257]  结算 -46000
[19:7:16] 玩家1[12344]  结算 46000
[19:7:16] broad >>>>>>>>>>>>>>>>>>>>>>>>>>>>>>> message 58 size 86
[19:7:18] 玩家0[15257]  结算 -46000, 分数 -46000, 总分数 4000
[19:7:18] 玩家1[12344]  结算 46000, 分数 46000, 总分数 -4000
[19:7:18] ******************游戏结束********************************



[19:7:26] *************************小结算***********************
[19:7:26] [Phone15257,15257] [庄] 输赢金币 4000 ,排名 0
[19:7:26] [Phone12344,12344] [闲] 输赢金币 -4000 ,排名 1
[19:7:26] broad >>>>>>>>>>>>>>>>>>>>>>>>>>>>>>> message 73 size 44
[19:7:26] user[15257] 坐庄次数 2,每个人当庄次数2 
[19:7:26] user[12344] 坐庄次数 0,每个人当庄次数2 
[19:7:26] broad >>>>>>>>>>>>>>>>>>>>>>>>>>>>>>> message 72 size 4
[19:7:52] 1:12344 ready
[19:8:3] 0:15257 ready
[19:8:3] *****************游戏开始***************
[19:8:3] [0][15257]连庄局数 2,总局数3
[19:8:3] [1][12344]连庄局数 1,总局数3
[19:8:3] 通知 庄家 1 坐庄次数 1
[19:8:3] broad >>>>>>>>>>>>>>>>>>>>>>>>>>>>>>> message 69 size 1
[19:8:3] 游戏局数 3,总局数 4
[19:8:3] broad >>>>>>>>>>>>>>>>>>>>>>>>>>>>>>> message 71 size 8
[19:8:3] broad >>>>>>>>>>>>>>>>>>>>>>>>>>>>>>> message 51 size 0
[19:8:12] *************************大结算***********************
[19:8:12] [Phone15257,15257]  输赢金币 4000 ,总分数 4000，胜局 1 ,最大胜局 1,大赢家 1
[19:8:12] [Phone12344,12344]  输赢金币 -4000 ,总分数 -4000，胜局 1 ,最大胜局 1,大赢家 0
[19:8:12] broad >>>>>>>>>>>>>>>>>>>>>>>>>>>>>>> message 70 size 68
