[9:43:46] 0:21533 sit
[9:43:47] 0:21533 onGetState
[9:43:47] send >>>>>>>>>>>>>>>>>>>>>>>>>>>>>>> 0 message 72 size 4
[9:43:47] 游戏局数 0,总局数 4
[9:43:47] broad >>>>>>>>>>>>>>>>>>>>>>>>>>>>>>> message 71 size 8
[9:43:49] 0:21533 ready
[9:43:57] 1:10884 sit
[9:43:58] 1:10884 onGetState
[9:43:58] send >>>>>>>>>>>>>>>>>>>>>>>>>>>>>>> 1 message 72 size 4
[9:43:58] 游戏局数 0,总局数 4
[9:43:58] broad >>>>>>>>>>>>>>>>>>>>>>>>>>>>>>> message 71 size 8
[9:43:59] 1:10884 ready
[9:43:59] *****************游戏开始***************
[9:43:59] [0][21533]连庄局数 1,总局数1
[9:43:59] [1][10884]连庄局数 0,总局数1
[9:43:59] 通知 庄家 0 坐庄次数 1
[9:43:59] broad >>>>>>>>>>>>>>>>>>>>>>>>>>>>>>> message 69 size 1
[9:43:59] 游戏局数 1,总局数 4
[9:43:59] broad >>>>>>>>>>>>>>>>>>>>>>>>>>>>>>> message 71 size 8
[9:43:59] broad >>>>>>>>>>>>>>>>>>>>>>>>>>>>>>> message 51 size 0
[9:44:3] recv  55 <<<<<<<<<<<<<<<<<<<<<<<<<<<<<<< 1
[9:44:3] userbet 10884  在1 下了 10,累计下注 10
[9:44:3] broad >>>>>>>>>>>>>>>>>>>>>>>>>>>>>>> message 56 size 6
[9:44:3] 区域 0  总下注0
[9:44:3] 区域 1  总下注10
[9:44:3] 区域 2  总下注0
[9:44:3] 区域 3  总下注0
[9:44:3] 区域 4  总下注0
[9:44:3] 区域 5  总下注0
[9:44:3] send >>>>>>>>>>>>>>>>>>>>>>>>>>>>>>> 0 message 57 size 112
[9:44:3] 玩家10884在区域 0  总下注0
[9:44:3] 玩家10884在区域 1  总下注10
[9:44:3] 玩家10884在区域 2  总下注0
[9:44:3] 玩家10884在区域 3  总下注0
[9:44:3] 玩家10884在区域 4  总下注0
[9:44:3] 玩家10884在区域 5  总下注0
[9:44:3] 玩家10884 总下注10
[9:44:3] send >>>>>>>>>>>>>>>>>>>>>>>>>>>>>>> 1 message 57 size 112
[9:44:10] card 0 9,c,   type 0   point 6
[9:44:10] card 1 4,2,   type 0   point 8
[9:44:10] card 2 1,5,   type 0   point 8
[9:44:10] card 3 b,2,   type 0   point 7
[9:44:10] broad >>>>>>>>>>>>>>>>>>>>>>>>>>>>>>> message 52 size 16
[9:44:14] *************************大结算***********************
[9:44:14] [Phone21533,21533]  输赢金币 0 ,总分数 0，胜局 0 ,最大胜局 0,大赢家 0
[9:44:14] [Phone10884,10884]  输赢金币 0 ,总分数 0，胜局 0 ,最大胜局 0,大赢家 0
[9:44:14] broad >>>>>>>>>>>>>>>>>>>>>>>>>>>>>>> message 70 size 68
