[11:44:40] 0:20436 sit
[11:44:41] 0:20436 onGetState
[11:44:41] send >>>>>>>>>>>>>>>>>>>>>>>>>>>>>>> 0 message 72 size 4
[11:44:41] 游戏局数 0,总局数 4
[11:44:41] broad >>>>>>>>>>>>>>>>>>>>>>>>>>>>>>> message 71 size 8
[11:44:45] 0:20436 ready
[11:45:7] 1:14594 sit
[11:45:8] 1:14594 onGetState
[11:45:8] send >>>>>>>>>>>>>>>>>>>>>>>>>>>>>>> 1 message 72 size 4
[11:45:8] 游戏局数 0,总局数 4
[11:45:8] broad >>>>>>>>>>>>>>>>>>>>>>>>>>>>>>> message 71 size 8
[11:45:9] 1:14594 ready
[11:45:9] *****************游戏开始***************
[11:45:9] [0][20436]连庄局数 1,总局数1
[11:45:9] [1][14594]连庄局数 0,总局数1
[11:45:9] 通知 庄家 0 坐庄次数 1
[11:45:9] broad >>>>>>>>>>>>>>>>>>>>>>>>>>>>>>> message 69 size 1
[11:45:9] 游戏局数 1,总局数 4
[11:45:9] broad >>>>>>>>>>>>>>>>>>>>>>>>>>>>>>> message 71 size 8
[11:45:9] broad >>>>>>>>>>>>>>>>>>>>>>>>>>>>>>> message 51 size 0
[11:45:11] recv  55 <<<<<<<<<<<<<<<<<<<<<<<<<<<<<<< 1
[11:45:11] userbet 14594  在4 下了 10,累计下注 10
[11:45:11] broad >>>>>>>>>>>>>>>>>>>>>>>>>>>>>>> message 56 size 6
[11:45:11] 区域 0  总下注0
[11:45:11] 区域 1  总下注0
[11:45:11] 区域 2  总下注0
[11:45:11] 区域 3  总下注0
[11:45:11] 区域 4  总下注10
[11:45:11] 区域 5  总下注0
[11:45:11] send >>>>>>>>>>>>>>>>>>>>>>>>>>>>>>> 0 message 57 size 112
[11:45:11] 玩家14594在区域 0  总下注0
[11:45:11] 玩家14594在区域 1  总下注0
[11:45:11] 玩家14594在区域 2  总下注0
[11:45:11] 玩家14594在区域 3  总下注0
[11:45:11] 玩家14594在区域 4  总下注10
[11:45:11] 玩家14594在区域 5  总下注0
[11:45:11] 玩家14594 总下注10
[11:45:11] send >>>>>>>>>>>>>>>>>>>>>>>>>>>>>>> 1 message 57 size 112
[11:45:11] recv  55 <<<<<<<<<<<<<<<<<<<<<<<<<<<<<<< 1
[11:45:11] userbet 14594  在2 下了 10,累计下注 20
[11:45:11] broad >>>>>>>>>>>>>>>>>>>>>>>>>>>>>>> message 56 size 6
[11:45:11] 区域 0  总下注0
[11:45:11] 区域 1  总下注0
[11:45:11] 区域 2  总下注10
[11:45:11] 区域 3  总下注0
[11:45:11] 区域 4  总下注10
[11:45:11] 区域 5  总下注0
[11:45:11] send >>>>>>>>>>>>>>>>>>>>>>>>>>>>>>> 0 message 57 size 112
[11:45:11] 玩家14594在区域 0  总下注0
[11:45:11] 玩家14594在区域 1  总下注0
[11:45:11] 玩家14594在区域 2  总下注10
[11:45:11] 玩家14594在区域 3  总下注0
[11:45:11] 玩家14594在区域 4  总下注10
[11:45:11] 玩家14594在区域 5  总下注0
[11:45:11] 玩家14594 总下注20
[11:45:11] send >>>>>>>>>>>>>>>>>>>>>>>>>>>>>>> 1 message 57 size 112
[11:45:11] recv  55 <<<<<<<<<<<<<<<<<<<<<<<<<<<<<<< 1
[11:45:11] userbet 14594  在1 下了 10,累计下注 30
[11:45:11] broad >>>>>>>>>>>>>>>>>>>>>>>>>>>>>>> message 56 size 6
[11:45:11] 区域 0  总下注0
[11:45:11] 区域 1  总下注10
[11:45:11] 区域 2  总下注10
[11:45:11] 区域 3  总下注0
[11:45:11] 区域 4  总下注10
[11:45:11] 区域 5  总下注0
[11:45:11] send >>>>>>>>>>>>>>>>>>>>>>>>>>>>>>> 0 message 57 size 112
[11:45:11] 玩家14594在区域 0  总下注0
[11:45:11] 玩家14594在区域 1  总下注10
[11:45:11] 玩家14594在区域 2  总下注10
[11:45:11] 玩家14594在区域 3  总下注0
[11:45:11] 玩家14594在区域 4  总下注10
[11:45:11] 玩家14594在区域 5  总下注0
[11:45:11] 玩家14594 总下注30
[11:45:11] send >>>>>>>>>>>>>>>>>>>>>>>>>>>>>>> 1 message 57 size 112
[11:45:12] recv  55 <<<<<<<<<<<<<<<<<<<<<<<<<<<<<<< 1
[11:45:12] userbet 14594  在5 下了 10,累计下注 40
[11:45:12] broad >>>>>>>>>>>>>>>>>>>>>>>>>>>>>>> message 56 size 6
[11:45:12] 区域 0  总下注0
[11:45:12] 区域 1  总下注10
[11:45:12] 区域 2  总下注10
[11:45:12] 区域 3  总下注0
[11:45:12] 区域 4  总下注10
[11:45:12] 区域 5  总下注10
[11:45:12] send >>>>>>>>>>>>>>>>>>>>>>>>>>>>>>> 0 message 57 size 112
[11:45:12] 玩家14594在区域 0  总下注0
[11:45:12] 玩家14594在区域 1  总下注10
[11:45:12] 玩家14594在区域 2  总下注10
[11:45:12] 玩家14594在区域 3  总下注0
[11:45:12] 玩家14594在区域 4  总下注10
[11:45:12] 玩家14594在区域 5  总下注10
[11:45:12] 玩家14594 总下注40
[11:45:12] send >>>>>>>>>>>>>>>>>>>>>>>>>>>>>>> 1 message 57 size 112
[11:45:15] *************************大结算***********************
[11:45:15] [Phone20436,20436]  输赢金币 0 ,总分数 0，胜局 0 ,最大胜局 0,大赢家 0
[11:45:15] [ZZY103,14594]  输赢金币 0 ,总分数 0，胜局 0 ,最大胜局 0,大赢家 0
[11:45:15] broad >>>>>>>>>>>>>>>>>>>>>>>>>>>>>>> message 70 size 68
