[10:44:7] 0:10347 sit
[10:44:8] 0:10347 onGetState
[10:44:8] send >>>>>>>>>>>>>>>>>>>>>>>>>>>>>>> 0 message 72 size 4
[10:44:8] 游戏局数 0,总局数 4
[10:44:8] broad >>>>>>>>>>>>>>>>>>>>>>>>>>>>>>> message 71 size 8
[10:44:14] 1:11938 sit
[10:44:15] 1:11938 onGetState
[10:44:15] send >>>>>>>>>>>>>>>>>>>>>>>>>>>>>>> 1 message 72 size 4
[10:44:15] 游戏局数 0,总局数 4
[10:44:15] broad >>>>>>>>>>>>>>>>>>>>>>>>>>>>>>> message 71 size 8
[10:44:16] 0:10347 ready
[10:46:46] 1:11938 leave
[10:46:47] 1:11938 sit
[10:46:47] 1:11938 onGetState
[10:46:47] send >>>>>>>>>>>>>>>>>>>>>>>>>>>>>>> 1 message 72 size 4
[10:46:47] 游戏局数 0,总局数 4
[10:46:47] broad >>>>>>>>>>>>>>>>>>>>>>>>>>>>>>> message 71 size 8
[10:46:55] 1:11938 ready
[10:46:55] *****************游戏开始***************
[10:46:55] [0][10347]连庄局数 1,总局数1
[10:46:55] [1][11938]连庄局数 0,总局数1
[10:46:56] 通知 庄家 0 坐庄次数 1
[10:46:56] broad >>>>>>>>>>>>>>>>>>>>>>>>>>>>>>> message 69 size 1
[10:46:56] 游戏局数 1,总局数 4
[10:46:56] broad >>>>>>>>>>>>>>>>>>>>>>>>>>>>>>> message 71 size 8
[10:46:56] broad >>>>>>>>>>>>>>>>>>>>>>>>>>>>>>> message 51 size 0
[10:47:0] recv  55 <<<<<<<<<<<<<<<<<<<<<<<<<<<<<<< 1
[10:47:0] userbet 11938  在1 下了 10,累计下注 10
[10:47:0] broad >>>>>>>>>>>>>>>>>>>>>>>>>>>>>>> message 56 size 6
[10:47:0] 区域 0  总下注0
[10:47:0] 区域 1  总下注10
[10:47:0] 区域 2  总下注0
[10:47:0] 区域 3  总下注0
[10:47:0] 区域 4  总下注0
[10:47:0] 区域 5  总下注0
[10:47:0] send >>>>>>>>>>>>>>>>>>>>>>>>>>>>>>> 0 message 57 size 112
[10:47:0] 玩家11938在区域 0  总下注0
[10:47:0] 玩家11938在区域 1  总下注10
[10:47:0] 玩家11938在区域 2  总下注0
[10:47:0] 玩家11938在区域 3  总下注0
[10:47:0] 玩家11938在区域 4  总下注0
[10:47:0] 玩家11938在区域 5  总下注0
[10:47:0] 玩家11938 总下注10
[10:47:0] send >>>>>>>>>>>>>>>>>>>>>>>>>>>>>>> 1 message 57 size 112
[10:47:0] recv  55 <<<<<<<<<<<<<<<<<<<<<<<<<<<<<<< 1
[10:47:0] userbet 11938  在1 下了 10,累计下注 20
[10:47:0] broad >>>>>>>>>>>>>>>>>>>>>>>>>>>>>>> message 56 size 6
[10:47:0] 区域 0  总下注0
[10:47:0] 区域 1  总下注20
[10:47:0] 区域 2  总下注0
[10:47:0] 区域 3  总下注0
[10:47:0] 区域 4  总下注0
[10:47:0] 区域 5  总下注0
[10:47:0] send >>>>>>>>>>>>>>>>>>>>>>>>>>>>>>> 0 message 57 size 112
[10:47:0] 玩家11938在区域 0  总下注0
[10:47:0] 玩家11938在区域 1  总下注20
[10:47:0] 玩家11938在区域 2  总下注0
[10:47:0] 玩家11938在区域 3  总下注0
[10:47:0] 玩家11938在区域 4  总下注0
[10:47:0] 玩家11938在区域 5  总下注0
[10:47:0] 玩家11938 总下注20
[10:47:0] send >>>>>>>>>>>>>>>>>>>>>>>>>>>>>>> 1 message 57 size 112
[10:47:6] card 0 2,9,   type 0   point 5
[10:47:6] card 1 5,4,   type 0   point 6
[10:47:6] card 2 2,1,   type 10   point 0
[10:47:6] card 3 3,8,   type 0   point 4
[10:47:6] broad >>>>>>>>>>>>>>>>>>>>>>>>>>>>>>> message 52 size 16
[10:47:21] 区域 0 结算 0
[10:47:21] 区域 1 结算 20
[10:47:21] 区域 2 结算 0
[10:47:21] 区域 3 结算 0
[10:47:21] 区域 4 结算 0
[10:47:21] 区域 5 结算 0
[10:47:21] 玩家0[10347]  结算 -20
[10:47:21] 玩家1[11938]  结算 20
[10:47:21] broad >>>>>>>>>>>>>>>>>>>>>>>>>>>>>>> message 58 size 86
[10:47:23] 玩家0[10347]  结算 -20, 分数 -20, 总分数 -20
[10:47:23] 玩家1[11938]  结算 20, 分数 20, 总分数 20
[10:47:23] ******************游戏结束********************************



[10:47:26] broad >>>>>>>>>>>>>>>>>>>>>>>>>>>>>>> message 72 size 4
[10:47:27] 0:10347 ready
[10:47:28] 1:11938 ready
[10:47:28] *****************游戏开始***************
[10:47:28] [0][10347]连庄局数 2,总局数2
[10:47:28] [1][11938]连庄局数 0,总局数2
[10:47:28] 游戏局数 2,总局数 4
[10:47:28] broad >>>>>>>>>>>>>>>>>>>>>>>>>>>>>>> message 71 size 8
[10:47:28] broad >>>>>>>>>>>>>>>>>>>>>>>>>>>>>>> message 51 size 0
[10:47:35] recv  55 <<<<<<<<<<<<<<<<<<<<<<<<<<<<<<< 1
[10:47:35] userbet 11938  在3 下了 10,累计下注 10
[10:47:35] broad >>>>>>>>>>>>>>>>>>>>>>>>>>>>>>> message 56 size 6
[10:47:35] 区域 0  总下注0
[10:47:35] 区域 1  总下注0
[10:47:35] 区域 2  总下注0
[10:47:35] 区域 3  总下注10
[10:47:35] 区域 4  总下注0
[10:47:35] 区域 5  总下注0
[10:47:35] send >>>>>>>>>>>>>>>>>>>>>>>>>>>>>>> 0 message 57 size 112
[10:47:35] 玩家11938在区域 0  总下注0
[10:47:35] 玩家11938在区域 1  总下注0
[10:47:35] 玩家11938在区域 2  总下注0
[10:47:35] 玩家11938在区域 3  总下注10
[10:47:35] 玩家11938在区域 4  总下注0
[10:47:35] 玩家11938在区域 5  总下注0
[10:47:35] 玩家11938 总下注10
[10:47:35] send >>>>>>>>>>>>>>>>>>>>>>>>>>>>>>> 1 message 57 size 112
[10:47:35] recv  55 <<<<<<<<<<<<<<<<<<<<<<<<<<<<<<< 1
[10:47:35] userbet 11938  在3 下了 10,累计下注 20
[10:47:35] broad >>>>>>>>>>>>>>>>>>>>>>>>>>>>>>> message 56 size 6
[10:47:35] 区域 0  总下注0
[10:47:35] 区域 1  总下注0
[10:47:35] 区域 2  总下注0
[10:47:35] 区域 3  总下注20
[10:47:35] 区域 4  总下注0
[10:47:35] 区域 5  总下注0
[10:47:35] send >>>>>>>>>>>>>>>>>>>>>>>>>>>>>>> 0 message 57 size 112
[10:47:35] 玩家11938在区域 0  总下注0
[10:47:35] 玩家11938在区域 1  总下注0
[10:47:35] 玩家11938在区域 2  总下注0
[10:47:35] 玩家11938在区域 3  总下注20
[10:47:35] 玩家11938在区域 4  总下注0
[10:47:35] 玩家11938在区域 5  总下注0
[10:47:35] 玩家11938 总下注20
[10:47:35] send >>>>>>>>>>>>>>>>>>>>>>>>>>>>>>> 1 message 57 size 112
[10:47:38] card 0 8,6,   type 0   point 4
[10:47:38] card 1 9,7,   type 0   point 8
[10:47:38] card 2 8,c,   type 0   point 9
[10:47:38] card 3 d,4,   type 0   point 8
[10:47:38] broad >>>>>>>>>>>>>>>>>>>>>>>>>>>>>>> message 52 size 16
[10:47:53] 区域 0 结算 0
[10:47:53] 区域 1 结算 0
[10:47:53] 区域 2 结算 0
[10:47:53] 区域 3 结算 -20
[10:47:53] 区域 4 结算 0
[10:47:53] 区域 5 结算 0
[10:47:53] 玩家0[10347]  结算 20
[10:47:53] 玩家1[11938]  结算 -20
[10:47:53] broad >>>>>>>>>>>>>>>>>>>>>>>>>>>>>>> message 58 size 86
[10:47:55] 玩家0[10347]  结算 20, 分数 20, 总分数 0
[10:47:55] 玩家1[11938]  结算 -20, 分数 -20, 总分数 0
[10:47:55] ******************游戏结束********************************



[10:48:3] *************************小结算***********************
[10:48:3] [JAYJAY3,10347] [庄] 输赢金币 0 ,排名 0
[10:48:3] [Phone11938,11938] [闲] 输赢金币 0 ,排名 0
[10:48:3] broad >>>>>>>>>>>>>>>>>>>>>>>>>>>>>>> message 73 size 44
[10:48:3] user[10347] 坐庄次数 2,每个人当庄次数2 
[10:48:3] user[11938] 坐庄次数 0,每个人当庄次数2 
[10:48:3] broad >>>>>>>>>>>>>>>>>>>>>>>>>>>>>>> message 72 size 4
[10:48:6] 1:11938 netcut
[10:48:9] 1:11938 recome
[10:48:9] 1:11938 onGetState
[10:48:9] send >>>>>>>>>>>>>>>>>>>>>>>>>>>>>>> 1 message 72 size 4
[10:48:9] 游戏局数 2,总局数 4
[10:48:9] broad >>>>>>>>>>>>>>>>>>>>>>>>>>>>>>> message 71 size 8
[10:48:10] 1:11938 ready
[10:48:11] 0:10347 ready
[10:48:11] *****************游戏开始***************
[10:48:11] [0][10347]连庄局数 2,总局数3
[10:48:11] [1][11938]连庄局数 1,总局数3
[10:48:11] 通知 庄家 1 坐庄次数 1
[10:48:11] broad >>>>>>>>>>>>>>>>>>>>>>>>>>>>>>> message 69 size 1
[10:48:11] 游戏局数 3,总局数 4
[10:48:11] broad >>>>>>>>>>>>>>>>>>>>>>>>>>>>>>> message 71 size 8
[10:48:11] broad >>>>>>>>>>>>>>>>>>>>>>>>>>>>>>> message 51 size 0
[10:48:20] recv  55 <<<<<<<<<<<<<<<<<<<<<<<<<<<<<<< 0
[10:48:20] userbet 10347  在1 下了 10,累计下注 10
[10:48:20] broad >>>>>>>>>>>>>>>>>>>>>>>>>>>>>>> message 56 size 6
[10:48:20] 区域 0  总下注0
[10:48:20] 区域 1  总下注10
[10:48:20] 区域 2  总下注0
[10:48:20] 区域 3  总下注0
[10:48:20] 区域 4  总下注0
[10:48:20] 区域 5  总下注0
[10:48:20] 玩家10347在区域 0  总下注0
[10:48:20] 玩家10347在区域 1  总下注10
[10:48:20] 玩家10347在区域 2  总下注0
[10:48:20] 玩家10347在区域 3  总下注0
[10:48:20] 玩家10347在区域 4  总下注0
[10:48:20] 玩家10347在区域 5  总下注0
[10:48:20] 玩家10347 总下注10
[10:48:20] send >>>>>>>>>>>>>>>>>>>>>>>>>>>>>>> 0 message 57 size 112
[10:48:20] send >>>>>>>>>>>>>>>>>>>>>>>>>>>>>>> 1 message 57 size 112
[10:48:20] recv  55 <<<<<<<<<<<<<<<<<<<<<<<<<<<<<<< 0
[10:48:20] userbet 10347  在1 下了 10,累计下注 20
[10:48:20] broad >>>>>>>>>>>>>>>>>>>>>>>>>>>>>>> message 56 size 6
[10:48:20] 区域 0  总下注0
[10:48:20] 区域 1  总下注20
[10:48:20] 区域 2  总下注0
[10:48:20] 区域 3  总下注0
[10:48:20] 区域 4  总下注0
[10:48:20] 区域 5  总下注0
[10:48:20] 玩家10347在区域 0  总下注0
[10:48:20] 玩家10347在区域 1  总下注20
[10:48:20] 玩家10347在区域 2  总下注0
[10:48:20] 玩家10347在区域 3  总下注0
[10:48:20] 玩家10347在区域 4  总下注0
[10:48:20] 玩家10347在区域 5  总下注0
[10:48:20] 玩家10347 总下注20
[10:48:20] send >>>>>>>>>>>>>>>>>>>>>>>>>>>>>>> 0 message 57 size 112
[10:48:20] send >>>>>>>>>>>>>>>>>>>>>>>>>>>>>>> 1 message 57 size 112
[10:48:21] card 0 2,3,   type 0   point 2
[10:48:21] card 1 5,0,   type 0   point 8
[10:48:21] card 2 8,3,   type 0   point 4
[10:48:21] card 3 7,9,   type 0   point 8
[10:48:21] broad >>>>>>>>>>>>>>>>>>>>>>>>>>>>>>> message 52 size 16
[10:48:36] 区域 0 结算 0
[10:48:36] 区域 1 结算 -20
[10:48:36] 区域 2 结算 0
[10:48:36] 区域 3 结算 0
[10:48:36] 区域 4 结算 0
[10:48:36] 区域 5 结算 0
[10:48:36] 玩家0[10347]  结算 -20
[10:48:36] 玩家1[11938]  结算 20
[10:48:36] broad >>>>>>>>>>>>>>>>>>>>>>>>>>>>>>> message 58 size 86
[10:48:38] 玩家0[10347]  结算 -20, 分数 -20, 总分数 -20
[10:48:38] 玩家1[11938]  结算 20, 分数 20, 总分数 20
[10:48:38] ******************游戏结束********************************



[10:48:41] broad >>>>>>>>>>>>>>>>>>>>>>>>>>>>>>> message 72 size 4
[10:49:16] 1:11938 ready
[10:49:17] 0:10347 ready
[10:49:17] *****************游戏开始***************
[10:49:17] [0][10347]连庄局数 2,总局数4
[10:49:17] [1][11938]连庄局数 2,总局数4
[10:49:17] 游戏局数 4,总局数 4
[10:49:17] broad >>>>>>>>>>>>>>>>>>>>>>>>>>>>>>> message 71 size 8
[10:49:17] broad >>>>>>>>>>>>>>>>>>>>>>>>>>>>>>> message 51 size 0
[10:49:26] recv  55 <<<<<<<<<<<<<<<<<<<<<<<<<<<<<<< 0
[10:49:26] userbet 10347  在1 下了 10,累计下注 10
[10:49:26] broad >>>>>>>>>>>>>>>>>>>>>>>>>>>>>>> message 56 size 6
[10:49:26] 区域 0  总下注0
[10:49:26] 区域 1  总下注10
[10:49:26] 区域 2  总下注0
[10:49:26] 区域 3  总下注0
[10:49:26] 区域 4  总下注0
[10:49:26] 区域 5  总下注0
[10:49:26] 玩家10347在区域 0  总下注0
[10:49:26] 玩家10347在区域 1  总下注10
[10:49:26] 玩家10347在区域 2  总下注0
[10:49:26] 玩家10347在区域 3  总下注0
[10:49:26] 玩家10347在区域 4  总下注0
[10:49:26] 玩家10347在区域 5  总下注0
[10:49:26] 玩家10347 总下注10
[10:49:26] send >>>>>>>>>>>>>>>>>>>>>>>>>>>>>>> 0 message 57 size 112
[10:49:26] send >>>>>>>>>>>>>>>>>>>>>>>>>>>>>>> 1 message 57 size 112
[10:49:26] recv  55 <<<<<<<<<<<<<<<<<<<<<<<<<<<<<<< 0
[10:49:26] userbet 10347  在1 下了 10,累计下注 20
[10:49:26] broad >>>>>>>>>>>>>>>>>>>>>>>>>>>>>>> message 56 size 6
[10:49:26] 区域 0  总下注0
[10:49:26] 区域 1  总下注20
[10:49:26] 区域 2  总下注0
[10:49:27] 区域 3  总下注0
[10:49:27] 区域 4  总下注0
[10:49:27] 区域 5  总下注0
[10:49:27] 玩家10347在区域 0  总下注0
[10:49:27] 玩家10347在区域 1  总下注20
[10:49:27] 玩家10347在区域 2  总下注0
[10:49:27] 玩家10347在区域 3  总下注0
[10:49:27] 玩家10347在区域 4  总下注0
[10:49:27] 玩家10347在区域 5  总下注0
[10:49:27] 玩家10347 总下注20
[10:49:27] send >>>>>>>>>>>>>>>>>>>>>>>>>>>>>>> 0 message 57 size 112
[10:49:27] send >>>>>>>>>>>>>>>>>>>>>>>>>>>>>>> 1 message 57 size 112
[10:49:27] card 0 2,2,   type 26   point 6
[10:49:27] card 1 8,c,   type 0   point 9
[10:49:27] card 2 1,13,   type 0   point 7
[10:49:27] card 3 9,6,   type 0   point 1
[10:49:27] broad >>>>>>>>>>>>>>>>>>>>>>>>>>>>>>> message 52 size 16
[10:49:42] 区域 0 结算 0
[10:49:42] 区域 1 结算 20
[10:49:42] 区域 2 结算 0
[10:49:42] 区域 3 结算 0
[10:49:42] 区域 4 结算 0
[10:49:42] 区域 5 结算 0
[10:49:42] 玩家0[10347]  结算 20
[10:49:42] 玩家1[11938]  结算 -20
[10:49:42] broad >>>>>>>>>>>>>>>>>>>>>>>>>>>>>>> message 58 size 86
[10:49:44] 玩家0[10347]  结算 20, 分数 20, 总分数 0
[10:49:44] 玩家1[11938]  结算 -20, 分数 -20, 总分数 0
[10:49:44] ******************游戏结束********************************



[10:49:52] *************************小结算***********************
[10:49:52] [JAYJAY3,10347] [闲] 输赢金币 0 ,排名 0
[10:49:52] [Phone11938,11938] [庄] 输赢金币 0 ,排名 0
[10:49:52] broad >>>>>>>>>>>>>>>>>>>>>>>>>>>>>>> message 73 size 44
[10:49:52] user[10347] 坐庄次数 2,每个人当庄次数2 
[10:49:52] user[11938] 坐庄次数 2,每个人当庄次数2 
[10:49:52] *************************大结算***********************
[10:49:52] [JAYJAY3,10347]  输赢金币 0 ,总分数 0，胜局 2 ,最大胜局 1,大赢家 0
[10:49:52] [Phone11938,11938]  输赢金币 0 ,总分数 0，胜局 2 ,最大胜局 1,大赢家 0
[10:49:52] broad >>>>>>>>>>>>>>>>>>>>>>>>>>>>>>> message 70 size 68
