[16:19:9] 0:19755 sit
[16:19:10] 0:19755 onGetState
[16:19:10] send >>>>>>>>>>>>>>>>>>>>>>>>>>>>>>> 0 message 72 size 4
[16:19:10] 游戏局数 0,总局数 8
[16:19:10] broad >>>>>>>>>>>>>>>>>>>>>>>>>>>>>>> message 71 size 8
[16:19:24] 1:18857 sit
[16:19:25] 1:18857 onGetState
[16:19:25] send >>>>>>>>>>>>>>>>>>>>>>>>>>>>>>> 1 message 72 size 4
[16:19:25] 游戏局数 0,总局数 8
[16:19:25] broad >>>>>>>>>>>>>>>>>>>>>>>>>>>>>>> message 71 size 8
[16:19:29] 1:18857 ready
[16:19:31] 0:19755 ready
[16:19:31] *****************游戏开始***************
[16:19:31] [0][19755]连庄局数 1,总局数1
[16:19:31] [1][18857]连庄局数 0,总局数1
[16:19:31] 通知 庄家 0 坐庄次数 1
[16:19:31] broad >>>>>>>>>>>>>>>>>>>>>>>>>>>>>>> message 69 size 1
[16:19:31] 游戏局数 1,总局数 8
[16:19:31] broad >>>>>>>>>>>>>>>>>>>>>>>>>>>>>>> message 71 size 8
[16:19:31] broad >>>>>>>>>>>>>>>>>>>>>>>>>>>>>>> message 51 size 0
[16:19:37] recv  55 <<<<<<<<<<<<<<<<<<<<<<<<<<<<<<< 1
[16:19:37] userbet 18857  在1 下了 50,累计下注 50
[16:19:37] broad >>>>>>>>>>>>>>>>>>>>>>>>>>>>>>> message 56 size 6
[16:19:37] 区域 0  总下注0
[16:19:37] 区域 1  总下注50
[16:19:37] 区域 2  总下注0
[16:19:37] 区域 3  总下注0
[16:19:37] 区域 4  总下注0
[16:19:37] 区域 5  总下注0
[16:19:37] send >>>>>>>>>>>>>>>>>>>>>>>>>>>>>>> 0 message 57 size 112
[16:19:37] 玩家18857在区域 0  总下注0
[16:19:37] 玩家18857在区域 1  总下注50
[16:19:37] 玩家18857在区域 2  总下注0
[16:19:37] 玩家18857在区域 3  总下注0
[16:19:37] 玩家18857在区域 4  总下注0
[16:19:37] 玩家18857在区域 5  总下注0
[16:19:37] 玩家18857 总下注50
[16:19:37] send >>>>>>>>>>>>>>>>>>>>>>>>>>>>>>> 1 message 57 size 112
[16:19:39] recv  55 <<<<<<<<<<<<<<<<<<<<<<<<<<<<<<< 1
[16:19:39] userbet 18857  在5 下了 50,累计下注 100
[16:19:39] broad >>>>>>>>>>>>>>>>>>>>>>>>>>>>>>> message 56 size 6
[16:19:39] 区域 0  总下注0
[16:19:39] 区域 1  总下注50
[16:19:39] 区域 2  总下注0
[16:19:39] 区域 3  总下注0
[16:19:39] 区域 4  总下注0
[16:19:39] 区域 5  总下注50
[16:19:39] send >>>>>>>>>>>>>>>>>>>>>>>>>>>>>>> 0 message 57 size 112
[16:19:39] 玩家18857在区域 0  总下注0
[16:19:39] 玩家18857在区域 1  总下注50
[16:19:39] 玩家18857在区域 2  总下注0
[16:19:39] 玩家18857在区域 3  总下注0
[16:19:39] 玩家18857在区域 4  总下注0
[16:19:39] 玩家18857在区域 5  总下注50
[16:19:39] 玩家18857 总下注100
[16:19:39] send >>>>>>>>>>>>>>>>>>>>>>>>>>>>>>> 1 message 57 size 112
[16:19:39] recv  55 <<<<<<<<<<<<<<<<<<<<<<<<<<<<<<< 1
[16:19:39] userbet 18857  在2 下了 50,累计下注 150
[16:19:39] broad >>>>>>>>>>>>>>>>>>>>>>>>>>>>>>> message 56 size 6
[16:19:39] 区域 0  总下注0
[16:19:39] 区域 1  总下注50
[16:19:39] 区域 2  总下注50
[16:19:39] 区域 3  总下注0
[16:19:39] 区域 4  总下注0
[16:19:39] 区域 5  总下注50
[16:19:39] send >>>>>>>>>>>>>>>>>>>>>>>>>>>>>>> 0 message 57 size 112
[16:19:39] 玩家18857在区域 0  总下注0
[16:19:39] 玩家18857在区域 1  总下注50
[16:19:39] 玩家18857在区域 2  总下注50
[16:19:39] 玩家18857在区域 3  总下注0
[16:19:39] 玩家18857在区域 4  总下注0
[16:19:39] 玩家18857在区域 5  总下注50
[16:19:39] 玩家18857 总下注150
[16:19:39] send >>>>>>>>>>>>>>>>>>>>>>>>>>>>>>> 1 message 57 size 112
[16:19:40] recv  55 <<<<<<<<<<<<<<<<<<<<<<<<<<<<<<< 1
[16:19:40] userbet 18857  在4 下了 50,累计下注 200
[16:19:40] broad >>>>>>>>>>>>>>>>>>>>>>>>>>>>>>> message 56 size 6
[16:19:40] 区域 0  总下注0
[16:19:40] 区域 1  总下注50
[16:19:40] 区域 2  总下注50
[16:19:40] 区域 3  总下注0
[16:19:40] 区域 4  总下注50
[16:19:40] 区域 5  总下注50
[16:19:40] send >>>>>>>>>>>>>>>>>>>>>>>>>>>>>>> 0 message 57 size 112
[16:19:40] 玩家18857在区域 0  总下注0
[16:19:40] 玩家18857在区域 1  总下注50
[16:19:40] 玩家18857在区域 2  总下注50
[16:19:40] 玩家18857在区域 3  总下注0
[16:19:40] 玩家18857在区域 4  总下注50
[16:19:40] 玩家18857在区域 5  总下注50
[16:19:40] 玩家18857 总下注200
[16:19:40] send >>>>>>>>>>>>>>>>>>>>>>>>>>>>>>> 1 message 57 size 112
[16:19:41] card 0 0,d,   type 11   point 0
[16:19:41] card 1 2,3,   type 0   point 2
[16:19:41] card 2 1,13,   type 0   point 7
[16:19:41] card 3 7,9,   type 0   point 8
[16:19:41] broad >>>>>>>>>>>>>>>>>>>>>>>>>>>>>>> message 52 size 16
[16:19:56] 区域 0 结算 0
[16:19:56] 区域 1 结算 -50
[16:19:56] 区域 2 结算 -50
[16:19:56] 区域 3 结算 0
[16:19:56] 区域 4 结算 -50
[16:19:56] 区域 5 结算 0
[16:19:56] 玩家0[19755]  结算 150
[16:19:56] 玩家1[18857]  结算 -150
[16:19:56] broad >>>>>>>>>>>>>>>>>>>>>>>>>>>>>>> message 58 size 86
[16:19:57] 玩家0[19755]  结算 150, 分数 150, 总分数 150
[16:19:57] 玩家1[18857]  结算 -150, 分数 -150, 总分数 -150
[16:19:57] ******************游戏结束********************************



[16:20:1] broad >>>>>>>>>>>>>>>>>>>>>>>>>>>>>>> message 72 size 4
[16:20:5] 0:19755 ready
[16:20:7] 1:18857 ready
[16:20:7] *****************游戏开始***************
[16:20:7] [0][19755]连庄局数 2,总局数2
[16:20:7] [1][18857]连庄局数 0,总局数2
[16:20:7] 游戏局数 2,总局数 8
[16:20:7] broad >>>>>>>>>>>>>>>>>>>>>>>>>>>>>>> message 71 size 8
[16:20:7] broad >>>>>>>>>>>>>>>>>>>>>>>>>>>>>>> message 51 size 0
[16:20:9] recv  55 <<<<<<<<<<<<<<<<<<<<<<<<<<<<<<< 1
[16:20:9] userbet 18857  在2 下了 50,累计下注 50
[16:20:9] broad >>>>>>>>>>>>>>>>>>>>>>>>>>>>>>> message 56 size 6
[16:20:9] 区域 0  总下注0
[16:20:9] 区域 1  总下注0
[16:20:9] 区域 2  总下注50
[16:20:9] 区域 3  总下注0
[16:20:9] 区域 4  总下注0
[16:20:9] 区域 5  总下注0
[16:20:9] send >>>>>>>>>>>>>>>>>>>>>>>>>>>>>>> 0 message 57 size 112
[16:20:9] 玩家18857在区域 0  总下注0
[16:20:9] 玩家18857在区域 1  总下注0
[16:20:9] 玩家18857在区域 2  总下注50
[16:20:9] 玩家18857在区域 3  总下注0
[16:20:9] 玩家18857在区域 4  总下注0
[16:20:9] 玩家18857在区域 5  总下注0
[16:20:9] 玩家18857 总下注50
[16:20:9] send >>>>>>>>>>>>>>>>>>>>>>>>>>>>>>> 1 message 57 size 112
[16:20:10] recv  55 <<<<<<<<<<<<<<<<<<<<<<<<<<<<<<< 1
[16:20:10] userbet 18857  在2 下了 50,累计下注 100
[16:20:10] broad >>>>>>>>>>>>>>>>>>>>>>>>>>>>>>> message 56 size 6
[16:20:10] 区域 0  总下注0
[16:20:10] 区域 1  总下注0
[16:20:10] 区域 2  总下注100
[16:20:10] 区域 3  总下注0
[16:20:10] 区域 4  总下注0
[16:20:10] 区域 5  总下注0
[16:20:10] send >>>>>>>>>>>>>>>>>>>>>>>>>>>>>>> 0 message 57 size 112
[16:20:10] 玩家18857在区域 0  总下注0
[16:20:10] 玩家18857在区域 1  总下注0
[16:20:10] 玩家18857在区域 2  总下注100
[16:20:10] 玩家18857在区域 3  总下注0
[16:20:10] 玩家18857在区域 4  总下注0
[16:20:10] 玩家18857在区域 5  总下注0
[16:20:10] 玩家18857 总下注100
[16:20:10] send >>>>>>>>>>>>>>>>>>>>>>>>>>>>>>> 1 message 57 size 112
[16:20:11] recv  55 <<<<<<<<<<<<<<<<<<<<<<<<<<<<<<< 1
[16:20:11] userbet 18857  在2 下了 50,累计下注 150
[16:20:11] broad >>>>>>>>>>>>>>>>>>>>>>>>>>>>>>> message 56 size 6
[16:20:11] 区域 0  总下注0
[16:20:11] 区域 1  总下注0
[16:20:11] 区域 2  总下注150
[16:20:11] 区域 3  总下注0
[16:20:11] 区域 4  总下注0
[16:20:11] 区域 5  总下注0
[16:20:11] send >>>>>>>>>>>>>>>>>>>>>>>>>>>>>>> 0 message 57 size 112
[16:20:11] 玩家18857在区域 0  总下注0
[16:20:11] 玩家18857在区域 1  总下注0
[16:20:11] 玩家18857在区域 2  总下注150
[16:20:11] 玩家18857在区域 3  总下注0
[16:20:11] 玩家18857在区域 4  总下注0
[16:20:11] 玩家18857在区域 5  总下注0
[16:20:11] 玩家18857 总下注150
[16:20:11] send >>>>>>>>>>>>>>>>>>>>>>>>>>>>>>> 1 message 57 size 112
[16:20:12] recv  55 <<<<<<<<<<<<<<<<<<<<<<<<<<<<<<< 1
[16:20:12] userbet 18857  在4 下了 50,累计下注 200
[16:20:12] broad >>>>>>>>>>>>>>>>>>>>>>>>>>>>>>> message 56 size 6
[16:20:12] 区域 0  总下注0
[16:20:12] 区域 1  总下注0
[16:20:12] 区域 2  总下注150
[16:20:12] 区域 3  总下注0
[16:20:12] 区域 4  总下注50
[16:20:12] 区域 5  总下注0
[16:20:12] send >>>>>>>>>>>>>>>>>>>>>>>>>>>>>>> 0 message 57 size 112
[16:20:12] 玩家18857在区域 0  总下注0
[16:20:12] 玩家18857在区域 1  总下注0
[16:20:12] 玩家18857在区域 2  总下注150
[16:20:12] 玩家18857在区域 3  总下注0
[16:20:12] 玩家18857在区域 4  总下注50
[16:20:12] 玩家18857在区域 5  总下注0
[16:20:12] 玩家18857 总下注200
[16:20:12] send >>>>>>>>>>>>>>>>>>>>>>>>>>>>>>> 1 message 57 size 112
[16:20:12] recv  55 <<<<<<<<<<<<<<<<<<<<<<<<<<<<<<< 1
[16:20:12] userbet 18857  在4 下了 50,累计下注 250
[16:20:12] broad >>>>>>>>>>>>>>>>>>>>>>>>>>>>>>> message 56 size 6
[16:20:12] 区域 0  总下注0
[16:20:12] 区域 1  总下注0
[16:20:12] 区域 2  总下注150
[16:20:12] 区域 3  总下注0
[16:20:12] 区域 4  总下注100
[16:20:12] 区域 5  总下注0
[16:20:12] send >>>>>>>>>>>>>>>>>>>>>>>>>>>>>>> 0 message 57 size 112
[16:20:12] 玩家18857在区域 0  总下注0
[16:20:12] 玩家18857在区域 1  总下注0
[16:20:12] 玩家18857在区域 2  总下注150
[16:20:12] 玩家18857在区域 3  总下注0
[16:20:12] 玩家18857在区域 4  总下注100
[16:20:12] 玩家18857在区域 5  总下注0
[16:20:12] 玩家18857 总下注250
[16:20:12] send >>>>>>>>>>>>>>>>>>>>>>>>>>>>>>> 1 message 57 size 112
[16:20:12] recv  55 <<<<<<<<<<<<<<<<<<<<<<<<<<<<<<< 1
[16:20:12] userbet 18857  在4 下了 50,累计下注 300
[16:20:12] broad >>>>>>>>>>>>>>>>>>>>>>>>>>>>>>> message 56 size 6
[16:20:12] 区域 0  总下注0
[16:20:12] 区域 1  总下注0
[16:20:12] 区域 2  总下注150
[16:20:12] 区域 3  总下注0
[16:20:12] 区域 4  总下注150
[16:20:12] 区域 5  总下注0
[16:20:12] send >>>>>>>>>>>>>>>>>>>>>>>>>>>>>>> 0 message 57 size 112
[16:20:12] 玩家18857在区域 0  总下注0
[16:20:12] 玩家18857在区域 1  总下注0
[16:20:12] 玩家18857在区域 2  总下注150
[16:20:12] 玩家18857在区域 3  总下注0
[16:20:12] 玩家18857在区域 4  总下注150
[16:20:12] 玩家18857在区域 5  总下注0
[16:20:12] 玩家18857 总下注300
[16:20:12] send >>>>>>>>>>>>>>>>>>>>>>>>>>>>>>> 1 message 57 size 112
[16:20:17] card 0 c,e,   type 0   point 7
[16:20:17] card 1 1,8,   type 0   point 2
[16:20:17] card 2 7,1,   type 0   point 3
[16:20:17] card 3 3,7,   type 0   point 5
[16:20:17] broad >>>>>>>>>>>>>>>>>>>>>>>>>>>>>>> message 52 size 16
[16:20:32] 区域 0 结算 0
[16:20:32] 区域 1 结算 0
[16:20:32] 区域 2 结算 -150
[16:20:32] 区域 3 结算 0
[16:20:32] 区域 4 结算 -150
[16:20:32] 区域 5 结算 0
[16:20:32] 玩家0[19755]  结算 300
[16:20:32] 玩家1[18857]  结算 -300
[16:20:32] broad >>>>>>>>>>>>>>>>>>>>>>>>>>>>>>> message 58 size 86
[16:20:34] 玩家0[19755]  结算 300, 分数 300, 总分数 450
[16:20:34] 玩家1[18857]  结算 -300, 分数 -300, 总分数 -450
[16:20:34] ******************游戏结束********************************



[16:20:37] broad >>>>>>>>>>>>>>>>>>>>>>>>>>>>>>> message 72 size 4
[16:20:38] 0:19755 ready
[16:20:39] 1:18857 ready
[16:20:39] *****************游戏开始***************
[16:20:39] [0][19755]连庄局数 3,总局数3
[16:20:39] [1][18857]连庄局数 0,总局数3
[16:20:39] 游戏局数 3,总局数 8
[16:20:39] broad >>>>>>>>>>>>>>>>>>>>>>>>>>>>>>> message 71 size 8
[16:20:39] broad >>>>>>>>>>>>>>>>>>>>>>>>>>>>>>> message 51 size 0
[16:20:41] recv  55 <<<<<<<<<<<<<<<<<<<<<<<<<<<<<<< 1
[16:20:41] userbet 18857  在1 下了 10,累计下注 10
[16:20:41] broad >>>>>>>>>>>>>>>>>>>>>>>>>>>>>>> message 56 size 6
[16:20:41] 区域 0  总下注0
[16:20:41] 区域 1  总下注10
[16:20:41] 区域 2  总下注0
[16:20:41] 区域 3  总下注0
[16:20:41] 区域 4  总下注0
[16:20:41] 区域 5  总下注0
[16:20:41] send >>>>>>>>>>>>>>>>>>>>>>>>>>>>>>> 0 message 57 size 112
[16:20:41] 玩家18857在区域 0  总下注0
[16:20:41] 玩家18857在区域 1  总下注10
[16:20:41] 玩家18857在区域 2  总下注0
[16:20:41] 玩家18857在区域 3  总下注0
[16:20:41] 玩家18857在区域 4  总下注0
[16:20:41] 玩家18857在区域 5  总下注0
[16:20:41] 玩家18857 总下注10
[16:20:41] send >>>>>>>>>>>>>>>>>>>>>>>>>>>>>>> 1 message 57 size 112
[16:20:41] recv  55 <<<<<<<<<<<<<<<<<<<<<<<<<<<<<<< 1
[16:20:41] userbet 18857  在1 下了 10,累计下注 20
[16:20:41] broad >>>>>>>>>>>>>>>>>>>>>>>>>>>>>>> message 56 size 6
[16:20:41] 区域 0  总下注0
[16:20:41] 区域 1  总下注20
[16:20:41] 区域 2  总下注0
[16:20:41] 区域 3  总下注0
[16:20:41] 区域 4  总下注0
[16:20:41] 区域 5  总下注0
[16:20:41] send >>>>>>>>>>>>>>>>>>>>>>>>>>>>>>> 0 message 57 size 112
[16:20:41] 玩家18857在区域 0  总下注0
[16:20:41] 玩家18857在区域 1  总下注20
[16:20:41] 玩家18857在区域 2  总下注0
[16:20:41] 玩家18857在区域 3  总下注0
[16:20:41] 玩家18857在区域 4  总下注0
[16:20:41] 玩家18857在区域 5  总下注0
[16:20:41] 玩家18857 总下注20
[16:20:41] send >>>>>>>>>>>>>>>>>>>>>>>>>>>>>>> 1 message 57 size 112
[16:20:42] recv  55 <<<<<<<<<<<<<<<<<<<<<<<<<<<<<<< 1
[16:20:42] userbet 18857  在1 下了 10,累计下注 30
[16:20:42] broad >>>>>>>>>>>>>>>>>>>>>>>>>>>>>>> message 56 size 6
[16:20:42] 区域 0  总下注0
[16:20:42] 区域 1  总下注30
[16:20:42] 区域 2  总下注0
[16:20:42] 区域 3  总下注0
[16:20:42] 区域 4  总下注0
[16:20:42] 区域 5  总下注0
[16:20:42] send >>>>>>>>>>>>>>>>>>>>>>>>>>>>>>> 0 message 57 size 112
[16:20:42] 玩家18857在区域 0  总下注0
[16:20:42] 玩家18857在区域 1  总下注30
[16:20:42] 玩家18857在区域 2  总下注0
[16:20:42] 玩家18857在区域 3  总下注0
[16:20:42] 玩家18857在区域 4  总下注0
[16:20:42] 玩家18857在区域 5  总下注0
[16:20:42] 玩家18857 总下注30
[16:20:42] send >>>>>>>>>>>>>>>>>>>>>>>>>>>>>>> 1 message 57 size 112
[16:20:49] card 0 f,3,   type 0   point 1
[16:20:49] card 1 7,8,   type 0   point 1
[16:20:49] card 2 2,d,   type 0   point 6
[16:20:49] card 3 9,0,   type 0   point 9
[16:20:49] broad >>>>>>>>>>>>>>>>>>>>>>>>>>>>>>> message 52 size 16
[16:21:4] 区域 0 结算 0
[16:21:4] 区域 1 结算 -30
[16:21:4] 区域 2 结算 0
[16:21:4] 区域 3 结算 0
[16:21:4] 区域 4 结算 0
[16:21:4] 区域 5 结算 0
[16:21:4] 玩家0[19755]  结算 30
[16:21:4] 玩家1[18857]  结算 -30
[16:21:4] broad >>>>>>>>>>>>>>>>>>>>>>>>>>>>>>> message 58 size 86
[16:21:6] 玩家0[19755]  结算 30, 分数 30, 总分数 480
[16:21:6] 玩家1[18857]  结算 -30, 分数 -30, 总分数 -480
[16:21:6] ******************游戏结束********************************



[16:21:9] broad >>>>>>>>>>>>>>>>>>>>>>>>>>>>>>> message 72 size 4
[16:21:10] 1:18857 ready
[16:21:12] 0:19755 ready
[16:21:12] *****************游戏开始***************
[16:21:12] [0][19755]连庄局数 4,总局数4
[16:21:12] [1][18857]连庄局数 0,总局数4
[16:21:12] 游戏局数 4,总局数 8
[16:21:12] broad >>>>>>>>>>>>>>>>>>>>>>>>>>>>>>> message 71 size 8
[16:21:12] broad >>>>>>>>>>>>>>>>>>>>>>>>>>>>>>> message 51 size 0
[16:21:15] recv  55 <<<<<<<<<<<<<<<<<<<<<<<<<<<<<<< 1
[16:21:15] userbet 18857  在2 下了 50,累计下注 50
[16:21:15] broad >>>>>>>>>>>>>>>>>>>>>>>>>>>>>>> message 56 size 6
[16:21:15] 区域 0  总下注0
[16:21:15] 区域 1  总下注0
[16:21:15] 区域 2  总下注50
[16:21:15] 区域 3  总下注0
[16:21:15] 区域 4  总下注0
[16:21:15] 区域 5  总下注0
[16:21:15] send >>>>>>>>>>>>>>>>>>>>>>>>>>>>>>> 0 message 57 size 112
[16:21:15] 玩家18857在区域 0  总下注0
[16:21:15] 玩家18857在区域 1  总下注0
[16:21:15] 玩家18857在区域 2  总下注50
[16:21:15] 玩家18857在区域 3  总下注0
[16:21:15] 玩家18857在区域 4  总下注0
[16:21:15] 玩家18857在区域 5  总下注0
[16:21:15] 玩家18857 总下注50
[16:21:15] send >>>>>>>>>>>>>>>>>>>>>>>>>>>>>>> 1 message 57 size 112
[16:21:15] recv  55 <<<<<<<<<<<<<<<<<<<<<<<<<<<<<<< 1
[16:21:15] userbet 18857  在2 下了 50,累计下注 100
[16:21:15] broad >>>>>>>>>>>>>>>>>>>>>>>>>>>>>>> message 56 size 6
[16:21:15] 区域 0  总下注0
[16:21:15] 区域 1  总下注0
[16:21:15] 区域 2  总下注100
[16:21:15] 区域 3  总下注0
[16:21:15] 区域 4  总下注0
[16:21:15] 区域 5  总下注0
[16:21:15] send >>>>>>>>>>>>>>>>>>>>>>>>>>>>>>> 0 message 57 size 112
[16:21:15] 玩家18857在区域 0  总下注0
[16:21:15] 玩家18857在区域 1  总下注0
[16:21:15] 玩家18857在区域 2  总下注100
[16:21:15] 玩家18857在区域 3  总下注0
[16:21:15] 玩家18857在区域 4  总下注0
[16:21:15] 玩家18857在区域 5  总下注0
[16:21:15] 玩家18857 总下注100
[16:21:15] send >>>>>>>>>>>>>>>>>>>>>>>>>>>>>>> 1 message 57 size 112
[16:21:15] recv  55 <<<<<<<<<<<<<<<<<<<<<<<<<<<<<<< 1
[16:21:15] userbet 18857  在2 下了 50,累计下注 150
[16:21:15] broad >>>>>>>>>>>>>>>>>>>>>>>>>>>>>>> message 56 size 6
[16:21:15] 区域 0  总下注0
[16:21:15] 区域 1  总下注0
[16:21:15] 区域 2  总下注150
[16:21:15] 区域 3  总下注0
[16:21:15] 区域 4  总下注0
[16:21:15] 区域 5  总下注0
[16:21:15] send >>>>>>>>>>>>>>>>>>>>>>>>>>>>>>> 0 message 57 size 112
[16:21:15] 玩家18857在区域 0  总下注0
[16:21:15] 玩家18857在区域 1  总下注0
[16:21:15] 玩家18857在区域 2  总下注150
[16:21:15] 玩家18857在区域 3  总下注0
[16:21:15] 玩家18857在区域 4  总下注0
[16:21:15] 玩家18857在区域 5  总下注0
[16:21:15] 玩家18857 总下注150
[16:21:15] send >>>>>>>>>>>>>>>>>>>>>>>>>>>>>>> 1 message 57 size 112
[16:21:15] recv  55 <<<<<<<<<<<<<<<<<<<<<<<<<<<<<<< 1
[16:21:15] userbet 18857  在2 下了 50,累计下注 200
[16:21:15] broad >>>>>>>>>>>>>>>>>>>>>>>>>>>>>>> message 56 size 6
[16:21:15] 区域 0  总下注0
[16:21:15] 区域 1  总下注0
[16:21:15] 区域 2  总下注200
[16:21:15] 区域 3  总下注0
[16:21:15] 区域 4  总下注0
[16:21:15] 区域 5  总下注0
[16:21:15] send >>>>>>>>>>>>>>>>>>>>>>>>>>>>>>> 0 message 57 size 112
[16:21:15] 玩家18857在区域 0  总下注0
[16:21:15] 玩家18857在区域 1  总下注0
[16:21:15] 玩家18857在区域 2  总下注200
[16:21:15] 玩家18857在区域 3  总下注0
[16:21:15] 玩家18857在区域 4  总下注0
[16:21:15] 玩家18857在区域 5  总下注0
[16:21:15] 玩家18857 总下注200
[16:21:15] send >>>>>>>>>>>>>>>>>>>>>>>>>>>>>>> 1 message 57 size 112
[16:21:16] recv  55 <<<<<<<<<<<<<<<<<<<<<<<<<<<<<<< 1
[16:21:16] userbet 18857  在2 下了 50,累计下注 250
[16:21:16] broad >>>>>>>>>>>>>>>>>>>>>>>>>>>>>>> message 56 size 6
[16:21:16] 区域 0  总下注0
[16:21:16] 区域 1  总下注0
[16:21:16] 区域 2  总下注250
[16:21:16] 区域 3  总下注0
[16:21:16] 区域 4  总下注0
[16:21:16] 区域 5  总下注0
[16:21:16] send >>>>>>>>>>>>>>>>>>>>>>>>>>>>>>> 0 message 57 size 112
[16:21:16] 玩家18857在区域 0  总下注0
[16:21:16] 玩家18857在区域 1  总下注0
[16:21:16] 玩家18857在区域 2  总下注250
[16:21:16] 玩家18857在区域 3  总下注0
[16:21:16] 玩家18857在区域 4  总下注0
[16:21:16] 玩家18857在区域 5  总下注0
[16:21:16] 玩家18857 总下注250
[16:21:16] send >>>>>>>>>>>>>>>>>>>>>>>>>>>>>>> 1 message 57 size 112
[16:21:16] recv  55 <<<<<<<<<<<<<<<<<<<<<<<<<<<<<<< 1
[16:21:16] userbet 18857  在2 下了 50,累计下注 300
[16:21:16] broad >>>>>>>>>>>>>>>>>>>>>>>>>>>>>>> message 56 size 6
[16:21:16] 区域 0  总下注0
[16:21:16] 区域 1  总下注0
[16:21:16] 区域 2  总下注300
[16:21:16] 区域 3  总下注0
[16:21:16] 区域 4  总下注0
[16:21:16] 区域 5  总下注0
[16:21:16] send >>>>>>>>>>>>>>>>>>>>>>>>>>>>>>> 0 message 57 size 112
[16:21:16] 玩家18857在区域 0  总下注0
[16:21:16] 玩家18857在区域 1  总下注0
[16:21:16] 玩家18857在区域 2  总下注300
[16:21:16] 玩家18857在区域 3  总下注0
[16:21:16] 玩家18857在区域 4  总下注0
[16:21:16] 玩家18857在区域 5  总下注0
[16:21:16] 玩家18857 总下注300
[16:21:16] send >>>>>>>>>>>>>>>>>>>>>>>>>>>>>>> 1 message 57 size 112
[16:21:16] recv  55 <<<<<<<<<<<<<<<<<<<<<<<<<<<<<<< 1
[16:21:16] userbet 18857  在2 下了 50,累计下注 350
[16:21:16] broad >>>>>>>>>>>>>>>>>>>>>>>>>>>>>>> message 56 size 6
[16:21:16] 区域 0  总下注0
[16:21:16] 区域 1  总下注0
[16:21:16] 区域 2  总下注350
[16:21:16] 区域 3  总下注0
[16:21:16] 区域 4  总下注0
[16:21:16] 区域 5  总下注0
[16:21:16] send >>>>>>>>>>>>>>>>>>>>>>>>>>>>>>> 0 message 57 size 112
[16:21:16] 玩家18857在区域 0  总下注0
[16:21:16] 玩家18857在区域 1  总下注0
[16:21:16] 玩家18857在区域 2  总下注350
[16:21:16] 玩家18857在区域 3  总下注0
[16:21:16] 玩家18857在区域 4  总下注0
[16:21:16] 玩家18857在区域 5  总下注0
[16:21:16] 玩家18857 总下注350
[16:21:16] send >>>>>>>>>>>>>>>>>>>>>>>>>>>>>>> 1 message 57 size 112
[16:21:16] recv  55 <<<<<<<<<<<<<<<<<<<<<<<<<<<<<<< 1
[16:21:16] userbet 18857  在2 下了 50,累计下注 400
[16:21:16] broad >>>>>>>>>>>>>>>>>>>>>>>>>>>>>>> message 56 size 6
[16:21:16] 区域 0  总下注0
[16:21:16] 区域 1  总下注0
[16:21:16] 区域 2  总下注400
[16:21:16] 区域 3  总下注0
[16:21:16] 区域 4  总下注0
[16:21:16] 区域 5  总下注0
[16:21:16] send >>>>>>>>>>>>>>>>>>>>>>>>>>>>>>> 0 message 57 size 112
[16:21:16] 玩家18857在区域 0  总下注0
[16:21:16] 玩家18857在区域 1  总下注0
[16:21:16] 玩家18857在区域 2  总下注400
[16:21:16] 玩家18857在区域 3  总下注0
[16:21:16] 玩家18857在区域 4  总下注0
[16:21:16] 玩家18857在区域 5  总下注0
[16:21:16] 玩家18857 总下注400
[16:21:16] send >>>>>>>>>>>>>>>>>>>>>>>>>>>>>>> 1 message 57 size 112
[16:21:16] recv  55 <<<<<<<<<<<<<<<<<<<<<<<<<<<<<<< 1
[16:21:16] userbet 18857  在2 下了 50,累计下注 450
[16:21:16] broad >>>>>>>>>>>>>>>>>>>>>>>>>>>>>>> message 56 size 6
[16:21:16] 区域 0  总下注0
[16:21:16] 区域 1  总下注0
[16:21:16] 区域 2  总下注450
[16:21:16] 区域 3  总下注0
[16:21:16] 区域 4  总下注0
[16:21:16] 区域 5  总下注0
[16:21:16] send >>>>>>>>>>>>>>>>>>>>>>>>>>>>>>> 0 message 57 size 112
[16:21:16] 玩家18857在区域 0  总下注0
[16:21:16] 玩家18857在区域 1  总下注0
[16:21:16] 玩家18857在区域 2  总下注450
[16:21:16] 玩家18857在区域 3  总下注0
[16:21:16] 玩家18857在区域 4  总下注0
[16:21:16] 玩家18857在区域 5  总下注0
[16:21:16] 玩家18857 总下注450
[16:21:16] send >>>>>>>>>>>>>>>>>>>>>>>>>>>>>>> 1 message 57 size 112
[16:21:17] recv  55 <<<<<<<<<<<<<<<<<<<<<<<<<<<<<<< 1
[16:21:17] userbet 18857  在2 下了 50,累计下注 500
[16:21:17] broad >>>>>>>>>>>>>>>>>>>>>>>>>>>>>>> message 56 size 6
[16:21:17] 区域 0  总下注0
[16:21:17] 区域 1  总下注0
[16:21:17] 区域 2  总下注500
[16:21:17] 区域 3  总下注0
[16:21:17] 区域 4  总下注0
[16:21:17] 区域 5  总下注0
[16:21:17] send >>>>>>>>>>>>>>>>>>>>>>>>>>>>>>> 0 message 57 size 112
[16:21:17] 玩家18857在区域 0  总下注0
[16:21:17] 玩家18857在区域 1  总下注0
[16:21:17] 玩家18857在区域 2  总下注500
[16:21:17] 玩家18857在区域 3  总下注0
[16:21:17] 玩家18857在区域 4  总下注0
[16:21:17] 玩家18857在区域 5  总下注0
[16:21:17] 玩家18857 总下注500
[16:21:17] send >>>>>>>>>>>>>>>>>>>>>>>>>>>>>>> 1 message 57 size 112
[16:21:22] card 0 10,8,   type 0   point 7
[16:21:22] card 1 2,2,   type 26   point 6
[16:21:22] card 2 12,7,   type 0   point 6
[16:21:22] card 3 0,1,   type 0   point 4
[16:21:22] broad >>>>>>>>>>>>>>>>>>>>>>>>>>>>>>> message 52 size 16
[16:21:37] 区域 0 结算 0
[16:21:37] 区域 1 结算 0
[16:21:37] 区域 2 结算 500
[16:21:37] 区域 3 结算 0
[16:21:37] 区域 4 结算 0
[16:21:37] 区域 5 结算 0
[16:21:37] 玩家0[19755]  结算 -500
[16:21:37] 玩家1[18857]  结算 500
[16:21:37] broad >>>>>>>>>>>>>>>>>>>>>>>>>>>>>>> message 58 size 86
[16:21:38] 玩家0[19755]  结算 -500, 分数 -500, 总分数 -20
[16:21:38] 玩家1[18857]  结算 500, 分数 500, 总分数 20
[16:21:38] ******************游戏结束********************************



[16:21:46] *************************小结算***********************
[16:21:46] [Phone18857,18857] [闲] 输赢金币 20 ,排名 0
[16:21:46] [Phone19755,19755] [庄] 输赢金币 -20 ,排名 1
[16:21:46] broad >>>>>>>>>>>>>>>>>>>>>>>>>>>>>>> message 73 size 44
[16:21:46] user[19755] 坐庄次数 4,每个人当庄次数4 
[16:21:46] user[18857] 坐庄次数 0,每个人当庄次数4 
[16:21:46] broad >>>>>>>>>>>>>>>>>>>>>>>>>>>>>>> message 72 size 4
[16:21:53] 0:19755 ready
[16:21:55] 1:18857 ready
[16:21:55] *****************游戏开始***************
[16:21:55] [0][19755]连庄局数 4,总局数5
[16:21:55] [1][18857]连庄局数 1,总局数5
[16:21:55] 通知 庄家 1 坐庄次数 1
[16:21:55] broad >>>>>>>>>>>>>>>>>>>>>>>>>>>>>>> message 69 size 1
[16:21:55] 游戏局数 5,总局数 8
[16:21:55] broad >>>>>>>>>>>>>>>>>>>>>>>>>>>>>>> message 71 size 8
[16:21:55] broad >>>>>>>>>>>>>>>>>>>>>>>>>>>>>>> message 51 size 0
[16:22:5] card 0 0,3,   type 0   point 6
[16:22:5] card 1 9,5,   type 0   point 3
[16:22:5] card 2 13,7,   type 0   point 6
[16:22:5] card 3 8,9,   type 0   point 7
[16:22:5] broad >>>>>>>>>>>>>>>>>>>>>>>>>>>>>>> message 52 size 16
[16:22:20] 区域 0 结算 0
[16:22:20] 区域 1 结算 0
[16:22:20] 区域 2 结算 0
[16:22:20] 区域 3 结算 0
[16:22:20] 区域 4 结算 0
[16:22:20] 区域 5 结算 0
[16:22:20] 玩家0[19755]  结算 0
[16:22:20] 玩家1[18857]  结算 0
[16:22:20] broad >>>>>>>>>>>>>>>>>>>>>>>>>>>>>>> message 58 size 86
[16:22:22] 玩家0[19755]  结算 0, 分数 0, 总分数 -20
[16:22:22] 玩家1[18857]  结算 0, 分数 0, 总分数 20
[16:22:22] ******************游戏结束********************************



[16:22:25] broad >>>>>>>>>>>>>>>>>>>>>>>>>>>>>>> message 72 size 4
[16:22:27] 0:19755 ready
[16:22:28] 1:18857 ready
[16:22:28] *****************游戏开始***************
[16:22:28] [0][19755]连庄局数 4,总局数6
[16:22:28] [1][18857]连庄局数 2,总局数6
[16:22:28] 游戏局数 6,总局数 8
[16:22:28] broad >>>>>>>>>>>>>>>>>>>>>>>>>>>>>>> message 71 size 8
[16:22:28] broad >>>>>>>>>>>>>>>>>>>>>>>>>>>>>>> message 51 size 0
[16:22:32] recv  55 <<<<<<<<<<<<<<<<<<<<<<<<<<<<<<< 0
[16:22:32] userbet 19755  在5 下了 1000,累计下注 1000
[16:22:32] broad >>>>>>>>>>>>>>>>>>>>>>>>>>>>>>> message 56 size 6
[16:22:32] 区域 0  总下注0
[16:22:32] 区域 1  总下注0
[16:22:32] 区域 2  总下注0
[16:22:32] 区域 3  总下注0
[16:22:32] 区域 4  总下注0
[16:22:32] 区域 5  总下注1000
[16:22:32] 玩家19755在区域 0  总下注0
[16:22:32] 玩家19755在区域 1  总下注0
[16:22:32] 玩家19755在区域 2  总下注0
[16:22:32] 玩家19755在区域 3  总下注0
[16:22:32] 玩家19755在区域 4  总下注0
[16:22:32] 玩家19755在区域 5  总下注1000
[16:22:32] 玩家19755 总下注1000
[16:22:32] send >>>>>>>>>>>>>>>>>>>>>>>>>>>>>>> 0 message 57 size 112
[16:22:32] send >>>>>>>>>>>>>>>>>>>>>>>>>>>>>>> 1 message 57 size 112
[16:22:32] recv  55 <<<<<<<<<<<<<<<<<<<<<<<<<<<<<<< 0
[16:22:32] userbet 19755  在5 下了 1000,累计下注 2000
[16:22:32] broad >>>>>>>>>>>>>>>>>>>>>>>>>>>>>>> message 56 size 6
[16:22:32] 区域 0  总下注0
[16:22:32] 区域 1  总下注0
[16:22:32] 区域 2  总下注0
[16:22:32] 区域 3  总下注0
[16:22:32] 区域 4  总下注0
[16:22:32] 区域 5  总下注2000
[16:22:32] 玩家19755在区域 0  总下注0
[16:22:32] 玩家19755在区域 1  总下注0
[16:22:32] 玩家19755在区域 2  总下注0
[16:22:32] 玩家19755在区域 3  总下注0
[16:22:32] 玩家19755在区域 4  总下注0
[16:22:32] 玩家19755在区域 5  总下注2000
[16:22:32] 玩家19755 总下注2000
[16:22:32] send >>>>>>>>>>>>>>>>>>>>>>>>>>>>>>> 0 message 57 size 112
[16:22:32] send >>>>>>>>>>>>>>>>>>>>>>>>>>>>>>> 1 message 57 size 112
[16:22:33] recv  55 <<<<<<<<<<<<<<<<<<<<<<<<<<<<<<< 0
[16:22:33] userbet 19755  在5 下了 1000,累计下注 3000
[16:22:33] broad >>>>>>>>>>>>>>>>>>>>>>>>>>>>>>> message 56 size 6
[16:22:33] 区域 0  总下注0
[16:22:33] 区域 1  总下注0
[16:22:33] 区域 2  总下注0
[16:22:33] 区域 3  总下注0
[16:22:33] 区域 4  总下注0
[16:22:33] 区域 5  总下注3000
[16:22:33] 玩家19755在区域 0  总下注0
[16:22:33] 玩家19755在区域 1  总下注0
[16:22:33] 玩家19755在区域 2  总下注0
[16:22:33] 玩家19755在区域 3  总下注0
[16:22:33] 玩家19755在区域 4  总下注0
[16:22:33] 玩家19755在区域 5  总下注3000
[16:22:33] 玩家19755 总下注3000
[16:22:33] send >>>>>>>>>>>>>>>>>>>>>>>>>>>>>>> 0 message 57 size 112
[16:22:33] send >>>>>>>>>>>>>>>>>>>>>>>>>>>>>>> 1 message 57 size 112
[16:22:33] recv  55 <<<<<<<<<<<<<<<<<<<<<<<<<<<<<<< 0
[16:22:33] userbet 19755  在5 下了 1000,累计下注 4000
[16:22:33] broad >>>>>>>>>>>>>>>>>>>>>>>>>>>>>>> message 56 size 6
[16:22:33] 区域 0  总下注0
[16:22:33] 区域 1  总下注0
[16:22:33] 区域 2  总下注0
[16:22:33] 区域 3  总下注0
[16:22:33] 区域 4  总下注0
[16:22:33] 区域 5  总下注4000
[16:22:33] 玩家19755在区域 0  总下注0
[16:22:33] 玩家19755在区域 1  总下注0
[16:22:33] 玩家19755在区域 2  总下注0
[16:22:33] 玩家19755在区域 3  总下注0
[16:22:33] 玩家19755在区域 4  总下注0
[16:22:33] 玩家19755在区域 5  总下注4000
[16:22:33] 玩家19755 总下注4000
[16:22:33] send >>>>>>>>>>>>>>>>>>>>>>>>>>>>>>> 0 message 57 size 112
[16:22:33] send >>>>>>>>>>>>>>>>>>>>>>>>>>>>>>> 1 message 57 size 112
[16:22:33] recv  55 <<<<<<<<<<<<<<<<<<<<<<<<<<<<<<< 0
[16:22:33] userbet 19755  在5 下了 1000,累计下注 5000
[16:22:33] broad >>>>>>>>>>>>>>>>>>>>>>>>>>>>>>> message 56 size 6
[16:22:33] 区域 0  总下注0
[16:22:33] 区域 1  总下注0
[16:22:33] 区域 2  总下注0
[16:22:33] 区域 3  总下注0
[16:22:33] 区域 4  总下注0
[16:22:33] 区域 5  总下注5000
[16:22:33] 玩家19755在区域 0  总下注0
[16:22:33] 玩家19755在区域 1  总下注0
[16:22:33] 玩家19755在区域 2  总下注0
[16:22:33] 玩家19755在区域 3  总下注0
[16:22:33] 玩家19755在区域 4  总下注0
[16:22:33] 玩家19755在区域 5  总下注5000
[16:22:33] 玩家19755 总下注5000
[16:22:33] send >>>>>>>>>>>>>>>>>>>>>>>>>>>>>>> 0 message 57 size 112
[16:22:33] send >>>>>>>>>>>>>>>>>>>>>>>>>>>>>>> 1 message 57 size 112
[16:22:33] recv  55 <<<<<<<<<<<<<<<<<<<<<<<<<<<<<<< 0
[16:22:33] userbet 19755  在5 下了 1000,累计下注 6000
[16:22:33] broad >>>>>>>>>>>>>>>>>>>>>>>>>>>>>>> message 56 size 6
[16:22:33] 区域 0  总下注0
[16:22:33] 区域 1  总下注0
[16:22:33] 区域 2  总下注0
[16:22:33] 区域 3  总下注0
[16:22:33] 区域 4  总下注0
[16:22:33] 区域 5  总下注6000
[16:22:33] 玩家19755在区域 0  总下注0
[16:22:33] 玩家19755在区域 1  总下注0
[16:22:33] 玩家19755在区域 2  总下注0
[16:22:33] 玩家19755在区域 3  总下注0
[16:22:33] 玩家19755在区域 4  总下注0
[16:22:33] 玩家19755在区域 5  总下注6000
[16:22:33] 玩家19755 总下注6000
[16:22:33] send >>>>>>>>>>>>>>>>>>>>>>>>>>>>>>> 0 message 57 size 112
[16:22:33] send >>>>>>>>>>>>>>>>>>>>>>>>>>>>>>> 1 message 57 size 112
[16:22:34] recv  55 <<<<<<<<<<<<<<<<<<<<<<<<<<<<<<< 0
[16:22:34] userbet 19755  在0 下了 1000,累计下注 7000
[16:22:34] broad >>>>>>>>>>>>>>>>>>>>>>>>>>>>>>> message 56 size 6
[16:22:34] 区域 0  总下注1000
[16:22:34] 区域 1  总下注0
[16:22:34] 区域 2  总下注0
[16:22:34] 区域 3  总下注0
[16:22:34] 区域 4  总下注0
[16:22:34] 区域 5  总下注6000
[16:22:34] 玩家19755在区域 0  总下注1000
[16:22:34] 玩家19755在区域 1  总下注0
[16:22:34] 玩家19755在区域 2  总下注0
[16:22:34] 玩家19755在区域 3  总下注0
[16:22:34] 玩家19755在区域 4  总下注0
[16:22:34] 玩家19755在区域 5  总下注6000
[16:22:34] 玩家19755 总下注7000
[16:22:34] send >>>>>>>>>>>>>>>>>>>>>>>>>>>>>>> 0 message 57 size 112
[16:22:34] send >>>>>>>>>>>>>>>>>>>>>>>>>>>>>>> 1 message 57 size 112
[16:22:34] recv  55 <<<<<<<<<<<<<<<<<<<<<<<<<<<<<<< 0
[16:22:34] userbet 19755  在0 下了 1000,累计下注 8000
[16:22:34] broad >>>>>>>>>>>>>>>>>>>>>>>>>>>>>>> message 56 size 6
[16:22:34] 区域 0  总下注2000
[16:22:34] 区域 1  总下注0
[16:22:34] 区域 2  总下注0
[16:22:34] 区域 3  总下注0
[16:22:34] 区域 4  总下注0
[16:22:34] 区域 5  总下注6000
[16:22:34] 玩家19755在区域 0  总下注2000
[16:22:34] 玩家19755在区域 1  总下注0
[16:22:34] 玩家19755在区域 2  总下注0
[16:22:34] 玩家19755在区域 3  总下注0
[16:22:34] 玩家19755在区域 4  总下注0
[16:22:34] 玩家19755在区域 5  总下注6000
[16:22:34] 玩家19755 总下注8000
[16:22:34] send >>>>>>>>>>>>>>>>>>>>>>>>>>>>>>> 0 message 57 size 112
[16:22:34] send >>>>>>>>>>>>>>>>>>>>>>>>>>>>>>> 1 message 57 size 112
[16:22:34] recv  55 <<<<<<<<<<<<<<<<<<<<<<<<<<<<<<< 0
[16:22:34] userbet 19755  在0 下了 1000,累计下注 9000
[16:22:34] broad >>>>>>>>>>>>>>>>>>>>>>>>>>>>>>> message 56 size 6
[16:22:34] 区域 0  总下注3000
[16:22:34] 区域 1  总下注0
[16:22:34] 区域 2  总下注0
[16:22:34] 区域 3  总下注0
[16:22:34] 区域 4  总下注0
[16:22:34] 区域 5  总下注6000
[16:22:34] 玩家19755在区域 0  总下注3000
[16:22:34] 玩家19755在区域 1  总下注0
[16:22:34] 玩家19755在区域 2  总下注0
[16:22:34] 玩家19755在区域 3  总下注0
[16:22:34] 玩家19755在区域 4  总下注0
[16:22:34] 玩家19755在区域 5  总下注6000
[16:22:34] 玩家19755 总下注9000
[16:22:34] send >>>>>>>>>>>>>>>>>>>>>>>>>>>>>>> 0 message 57 size 112
[16:22:34] send >>>>>>>>>>>>>>>>>>>>>>>>>>>>>>> 1 message 57 size 112
[16:22:35] recv  55 <<<<<<<<<<<<<<<<<<<<<<<<<<<<<<< 0
[16:22:35] userbet 19755  在0 下了 1000,累计下注 10000
[16:22:35] broad >>>>>>>>>>>>>>>>>>>>>>>>>>>>>>> message 56 size 6
[16:22:35] 区域 0  总下注4000
[16:22:35] 区域 1  总下注0
[16:22:35] 区域 2  总下注0
[16:22:35] 区域 3  总下注0
[16:22:35] 区域 4  总下注0
[16:22:35] 区域 5  总下注6000
[16:22:35] 玩家19755在区域 0  总下注4000
[16:22:35] 玩家19755在区域 1  总下注0
[16:22:35] 玩家19755在区域 2  总下注0
[16:22:35] 玩家19755在区域 3  总下注0
[16:22:35] 玩家19755在区域 4  总下注0
[16:22:35] 玩家19755在区域 5  总下注6000
[16:22:35] 玩家19755 总下注10000
[16:22:35] send >>>>>>>>>>>>>>>>>>>>>>>>>>>>>>> 0 message 57 size 112
[16:22:35] send >>>>>>>>>>>>>>>>>>>>>>>>>>>>>>> 1 message 57 size 112
[16:22:38] card 0 5,3,   type 0   point 0
[16:22:38] card 1 7,5,   type 0   point 7
[16:22:38] card 2 9,f,   type 0   point 4
[16:22:38] card 3 1,d,   type 10   point 0
[16:22:38] broad >>>>>>>>>>>>>>>>>>>>>>>>>>>>>>> message 52 size 16
[16:22:53] 区域 0 结算 -4000
[16:22:53] 区域 1 结算 0
[16:22:53] 区域 2 结算 0
[16:22:53] 区域 3 结算 0
[16:22:53] 区域 4 结算 0
[16:22:53] 区域 5 结算 -6000
[16:22:53] 玩家0[19755]  结算 -10000
[16:22:53] 玩家1[18857]  结算 10000
[16:22:53] broad >>>>>>>>>>>>>>>>>>>>>>>>>>>>>>> message 58 size 86
[16:22:54] 玩家0[19755]  结算 -10000, 分数 -10000, 总分数 -10020
[16:22:54] 玩家1[18857]  结算 10000, 分数 10000, 总分数 10020
[16:22:54] ******************游戏结束********************************



[16:22:57] broad >>>>>>>>>>>>>>>>>>>>>>>>>>>>>>> message 72 size 4
[16:22:59] 0:19755 ready
[16:23:0] 1:18857 ready
[16:23:0] *****************游戏开始***************
[16:23:0] [0][19755]连庄局数 4,总局数7
[16:23:0] [1][18857]连庄局数 3,总局数7
[16:23:0] 游戏局数 7,总局数 8
[16:23:0] broad >>>>>>>>>>>>>>>>>>>>>>>>>>>>>>> message 71 size 8
[16:23:0] broad >>>>>>>>>>>>>>>>>>>>>>>>>>>>>>> message 51 size 0
[16:23:8] recv  55 <<<<<<<<<<<<<<<<<<<<<<<<<<<<<<< 0
[16:23:8] userbet 19755  在1 下了 1000,累计下注 1000
[16:23:8] broad >>>>>>>>>>>>>>>>>>>>>>>>>>>>>>> message 56 size 6
[16:23:8] 区域 0  总下注0
[16:23:8] 区域 1  总下注1000
[16:23:8] 区域 2  总下注0
[16:23:8] 区域 3  总下注0
[16:23:8] 区域 4  总下注0
[16:23:8] 区域 5  总下注0
[16:23:8] 玩家19755在区域 0  总下注0
[16:23:8] 玩家19755在区域 1  总下注1000
[16:23:8] 玩家19755在区域 2  总下注0
[16:23:8] 玩家19755在区域 3  总下注0
[16:23:8] 玩家19755在区域 4  总下注0
[16:23:8] 玩家19755在区域 5  总下注0
[16:23:8] 玩家19755 总下注1000
[16:23:8] send >>>>>>>>>>>>>>>>>>>>>>>>>>>>>>> 0 message 57 size 112
[16:23:8] send >>>>>>>>>>>>>>>>>>>>>>>>>>>>>>> 1 message 57 size 112
[16:23:8] recv  55 <<<<<<<<<<<<<<<<<<<<<<<<<<<<<<< 0
[16:23:8] userbet 19755  在1 下了 1000,累计下注 2000
[16:23:8] broad >>>>>>>>>>>>>>>>>>>>>>>>>>>>>>> message 56 size 6
[16:23:8] 区域 0  总下注0
[16:23:8] 区域 1  总下注2000
[16:23:8] 区域 2  总下注0
[16:23:8] 区域 3  总下注0
[16:23:8] 区域 4  总下注0
[16:23:8] 区域 5  总下注0
[16:23:8] 玩家19755在区域 0  总下注0
[16:23:8] 玩家19755在区域 1  总下注2000
[16:23:8] 玩家19755在区域 2  总下注0
[16:23:8] 玩家19755在区域 3  总下注0
[16:23:8] 玩家19755在区域 4  总下注0
[16:23:8] 玩家19755在区域 5  总下注0
[16:23:8] 玩家19755 总下注2000
[16:23:8] send >>>>>>>>>>>>>>>>>>>>>>>>>>>>>>> 0 message 57 size 112
[16:23:8] send >>>>>>>>>>>>>>>>>>>>>>>>>>>>>>> 1 message 57 size 112
[16:23:8] recv  55 <<<<<<<<<<<<<<<<<<<<<<<<<<<<<<< 0
[16:23:8] userbet 19755  在1 下了 1000,累计下注 3000
[16:23:8] broad >>>>>>>>>>>>>>>>>>>>>>>>>>>>>>> message 56 size 6
[16:23:8] 区域 0  总下注0
[16:23:8] 区域 1  总下注3000
[16:23:8] 区域 2  总下注0
[16:23:8] 区域 3  总下注0
[16:23:8] 区域 4  总下注0
[16:23:8] 区域 5  总下注0
[16:23:8] 玩家19755在区域 0  总下注0
[16:23:8] 玩家19755在区域 1  总下注3000
[16:23:8] 玩家19755在区域 2  总下注0
[16:23:8] 玩家19755在区域 3  总下注0
[16:23:8] 玩家19755在区域 4  总下注0
[16:23:8] 玩家19755在区域 5  总下注0
[16:23:8] 玩家19755 总下注3000
[16:23:8] send >>>>>>>>>>>>>>>>>>>>>>>>>>>>>>> 0 message 57 size 112
[16:23:8] send >>>>>>>>>>>>>>>>>>>>>>>>>>>>>>> 1 message 57 size 112
[16:23:8] recv  55 <<<<<<<<<<<<<<<<<<<<<<<<<<<<<<< 0
[16:23:8] userbet 19755  在1 下了 1000,累计下注 4000
[16:23:8] broad >>>>>>>>>>>>>>>>>>>>>>>>>>>>>>> message 56 size 6
[16:23:8] 区域 0  总下注0
[16:23:8] 区域 1  总下注4000
[16:23:8] 区域 2  总下注0
[16:23:8] 区域 3  总下注0
[16:23:8] 区域 4  总下注0
[16:23:8] 区域 5  总下注0
[16:23:8] 玩家19755在区域 0  总下注0
[16:23:8] 玩家19755在区域 1  总下注4000
[16:23:8] 玩家19755在区域 2  总下注0
[16:23:8] 玩家19755在区域 3  总下注0
[16:23:8] 玩家19755在区域 4  总下注0
[16:23:8] 玩家19755在区域 5  总下注0
[16:23:8] 玩家19755 总下注4000
[16:23:8] send >>>>>>>>>>>>>>>>>>>>>>>>>>>>>>> 0 message 57 size 112
[16:23:8] send >>>>>>>>>>>>>>>>>>>>>>>>>>>>>>> 1 message 57 size 112
[16:23:9] recv  55 <<<<<<<<<<<<<<<<<<<<<<<<<<<<<<< 0
[16:23:9] userbet 19755  在1 下了 1000,累计下注 5000
[16:23:9] broad >>>>>>>>>>>>>>>>>>>>>>>>>>>>>>> message 56 size 6
[16:23:9] 区域 0  总下注0
[16:23:9] 区域 1  总下注5000
[16:23:9] 区域 2  总下注0
[16:23:9] 区域 3  总下注0
[16:23:9] 区域 4  总下注0
[16:23:9] 区域 5  总下注0
[16:23:9] 玩家19755在区域 0  总下注0
[16:23:9] 玩家19755在区域 1  总下注5000
[16:23:9] 玩家19755在区域 2  总下注0
[16:23:9] 玩家19755在区域 3  总下注0
[16:23:9] 玩家19755在区域 4  总下注0
[16:23:9] 玩家19755在区域 5  总下注0
[16:23:9] 玩家19755 总下注5000
[16:23:9] send >>>>>>>>>>>>>>>>>>>>>>>>>>>>>>> 0 message 57 size 112
[16:23:9] send >>>>>>>>>>>>>>>>>>>>>>>>>>>>>>> 1 message 57 size 112
[16:23:9] recv  55 <<<<<<<<<<<<<<<<<<<<<<<<<<<<<<< 0
[16:23:9] userbet 19755  在1 下了 1000,累计下注 6000
[16:23:9] broad >>>>>>>>>>>>>>>>>>>>>>>>>>>>>>> message 56 size 6
[16:23:9] 区域 0  总下注0
[16:23:9] 区域 1  总下注6000
[16:23:9] 区域 2  总下注0
[16:23:9] 区域 3  总下注0
[16:23:9] 区域 4  总下注0
[16:23:9] 区域 5  总下注0
[16:23:9] 玩家19755在区域 0  总下注0
[16:23:9] 玩家19755在区域 1  总下注6000
[16:23:9] 玩家19755在区域 2  总下注0
[16:23:9] 玩家19755在区域 3  总下注0
[16:23:9] 玩家19755在区域 4  总下注0
[16:23:9] 玩家19755在区域 5  总下注0
[16:23:9] 玩家19755 总下注6000
[16:23:9] send >>>>>>>>>>>>>>>>>>>>>>>>>>>>>>> 0 message 57 size 112
[16:23:9] send >>>>>>>>>>>>>>>>>>>>>>>>>>>>>>> 1 message 57 size 112
[16:23:9] recv  55 <<<<<<<<<<<<<<<<<<<<<<<<<<<<<<< 0
[16:23:9] userbet 19755  在1 下了 1000,累计下注 7000
[16:23:9] broad >>>>>>>>>>>>>>>>>>>>>>>>>>>>>>> message 56 size 6
[16:23:9] 区域 0  总下注0
[16:23:9] 区域 1  总下注7000
[16:23:9] 区域 2  总下注0
[16:23:9] 区域 3  总下注0
[16:23:9] 区域 4  总下注0
[16:23:9] 区域 5  总下注0
[16:23:9] 玩家19755在区域 0  总下注0
[16:23:9] 玩家19755在区域 1  总下注7000
[16:23:9] 玩家19755在区域 2  总下注0
[16:23:9] 玩家19755在区域 3  总下注0
[16:23:9] 玩家19755在区域 4  总下注0
[16:23:9] 玩家19755在区域 5  总下注0
[16:23:9] 玩家19755 总下注7000
[16:23:9] send >>>>>>>>>>>>>>>>>>>>>>>>>>>>>>> 0 message 57 size 112
[16:23:9] send >>>>>>>>>>>>>>>>>>>>>>>>>>>>>>> 1 message 57 size 112
[16:23:9] recv  55 <<<<<<<<<<<<<<<<<<<<<<<<<<<<<<< 0
[16:23:9] userbet 19755  在1 下了 1000,累计下注 8000
[16:23:9] broad >>>>>>>>>>>>>>>>>>>>>>>>>>>>>>> message 56 size 6
[16:23:9] 区域 0  总下注0
[16:23:9] 区域 1  总下注8000
[16:23:9] 区域 2  总下注0
[16:23:9] 区域 3  总下注0
[16:23:9] 区域 4  总下注0
[16:23:9] 区域 5  总下注0
[16:23:9] 玩家19755在区域 0  总下注0
[16:23:9] 玩家19755在区域 1  总下注8000
[16:23:9] 玩家19755在区域 2  总下注0
[16:23:9] 玩家19755在区域 3  总下注0
[16:23:9] 玩家19755在区域 4  总下注0
[16:23:9] 玩家19755在区域 5  总下注0
[16:23:9] 玩家19755 总下注8000
[16:23:9] send >>>>>>>>>>>>>>>>>>>>>>>>>>>>>>> 0 message 57 size 112
[16:23:9] send >>>>>>>>>>>>>>>>>>>>>>>>>>>>>>> 1 message 57 size 112
[16:23:9] recv  55 <<<<<<<<<<<<<<<<<<<<<<<<<<<<<<< 0
[16:23:9] userbet 19755  在1 下了 1000,累计下注 9000
[16:23:9] broad >>>>>>>>>>>>>>>>>>>>>>>>>>>>>>> message 56 size 6
[16:23:9] 区域 0  总下注0
[16:23:9] 区域 1  总下注9000
[16:23:9] 区域 2  总下注0
[16:23:9] 区域 3  总下注0
[16:23:9] 区域 4  总下注0
[16:23:9] 区域 5  总下注0
[16:23:9] 玩家19755在区域 0  总下注0
[16:23:9] 玩家19755在区域 1  总下注9000
[16:23:9] 玩家19755在区域 2  总下注0
[16:23:9] 玩家19755在区域 3  总下注0
[16:23:9] 玩家19755在区域 4  总下注0
[16:23:9] 玩家19755在区域 5  总下注0
[16:23:9] 玩家19755 总下注9000
[16:23:9] send >>>>>>>>>>>>>>>>>>>>>>>>>>>>>>> 0 message 57 size 112
[16:23:9] send >>>>>>>>>>>>>>>>>>>>>>>>>>>>>>> 1 message 57 size 112
[16:23:9] recv  55 <<<<<<<<<<<<<<<<<<<<<<<<<<<<<<< 0
[16:23:9] userbet 19755  在1 下了 1000,累计下注 10000
[16:23:9] broad >>>>>>>>>>>>>>>>>>>>>>>>>>>>>>> message 56 size 6
[16:23:9] 区域 0  总下注0
[16:23:9] 区域 1  总下注10000
[16:23:9] 区域 2  总下注0
[16:23:9] 区域 3  总下注0
[16:23:9] 区域 4  总下注0
[16:23:9] 区域 5  总下注0
[16:23:9] 玩家19755在区域 0  总下注0
[16:23:9] 玩家19755在区域 1  总下注10000
[16:23:9] 玩家19755在区域 2  总下注0
[16:23:9] 玩家19755在区域 3  总下注0
[16:23:9] 玩家19755在区域 4  总下注0
[16:23:9] 玩家19755在区域 5  总下注0
[16:23:9] 玩家19755 总下注10000
[16:23:9] send >>>>>>>>>>>>>>>>>>>>>>>>>>>>>>> 0 message 57 size 112
[16:23:9] send >>>>>>>>>>>>>>>>>>>>>>>>>>>>>>> 1 message 57 size 112
[16:23:10] recv  55 <<<<<<<<<<<<<<<<<<<<<<<<<<<<<<< 0
[16:23:10] userbet 19755  在1 下了 1000,累计下注 11000
[16:23:10] broad >>>>>>>>>>>>>>>>>>>>>>>>>>>>>>> message 56 size 6
[16:23:10] 区域 0  总下注0
[16:23:10] 区域 1  总下注11000
[16:23:10] 区域 2  总下注0
[16:23:10] 区域 3  总下注0
[16:23:10] 区域 4  总下注0
[16:23:10] 区域 5  总下注0
[16:23:10] 玩家19755在区域 0  总下注0
[16:23:10] 玩家19755在区域 1  总下注11000
[16:23:10] 玩家19755在区域 2  总下注0
[16:23:10] 玩家19755在区域 3  总下注0
[16:23:10] 玩家19755在区域 4  总下注0
[16:23:10] 玩家19755在区域 5  总下注0
[16:23:10] 玩家19755 总下注11000
[16:23:10] send >>>>>>>>>>>>>>>>>>>>>>>>>>>>>>> 0 message 57 size 112
[16:23:10] send >>>>>>>>>>>>>>>>>>>>>>>>>>>>>>> 1 message 57 size 112
[16:23:10] recv  55 <<<<<<<<<<<<<<<<<<<<<<<<<<<<<<< 0
[16:23:10] userbet 19755  在1 下了 1000,累计下注 12000
[16:23:10] broad >>>>>>>>>>>>>>>>>>>>>>>>>>>>>>> message 56 size 6
[16:23:10] 区域 0  总下注0
[16:23:10] 区域 1  总下注12000
[16:23:10] 区域 2  总下注0
[16:23:10] 区域 3  总下注0
[16:23:10] 区域 4  总下注0
[16:23:10] 区域 5  总下注0
[16:23:10] 玩家19755在区域 0  总下注0
[16:23:10] 玩家19755在区域 1  总下注12000
[16:23:10] 玩家19755在区域 2  总下注0
[16:23:10] 玩家19755在区域 3  总下注0
[16:23:10] 玩家19755在区域 4  总下注0
[16:23:10] 玩家19755在区域 5  总下注0
[16:23:10] 玩家19755 总下注12000
[16:23:10] send >>>>>>>>>>>>>>>>>>>>>>>>>>>>>>> 0 message 57 size 112
[16:23:10] send >>>>>>>>>>>>>>>>>>>>>>>>>>>>>>> 1 message 57 size 112
[16:23:10] card 0 4,e,   type 0   point 8
[16:23:10] card 1 2,7,   type 0   point 9
[16:23:10] card 2 1,2,   type 10   point 0
[16:23:10] card 3 6,5,   type 0   point 0
[16:23:10] broad >>>>>>>>>>>>>>>>>>>>>>>>>>>>>>> message 52 size 16
[16:23:25] 区域 0 结算 0
[16:23:25] 区域 1 结算 12000
[16:23:25] 区域 2 结算 0
[16:23:25] 区域 3 结算 0
[16:23:25] 区域 4 结算 0
[16:23:25] 区域 5 结算 0
[16:23:25] 玩家0[19755]  结算 12000
[16:23:25] 玩家1[18857]  结算 -12000
[16:23:25] broad >>>>>>>>>>>>>>>>>>>>>>>>>>>>>>> message 58 size 86
[16:23:27] 玩家0[19755]  结算 12000, 分数 12000, 总分数 1980
[16:23:27] 玩家1[18857]  结算 -12000, 分数 -12000, 总分数 -1980
[16:23:27] ******************游戏结束********************************



[16:23:30] broad >>>>>>>>>>>>>>>>>>>>>>>>>>>>>>> message 72 size 4
[16:23:34] 0:19755 ready
[16:23:35] 1:18857 ready
[16:23:35] *****************游戏开始***************
[16:23:35] [0][19755]连庄局数 4,总局数8
[16:23:35] [1][18857]连庄局数 4,总局数8
[16:23:35] 游戏局数 8,总局数 8
[16:23:35] broad >>>>>>>>>>>>>>>>>>>>>>>>>>>>>>> message 71 size 8
[16:23:35] broad >>>>>>>>>>>>>>>>>>>>>>>>>>>>>>> message 51 size 0
[16:23:42] recv  55 <<<<<<<<<<<<<<<<<<<<<<<<<<<<<<< 0
[16:23:42] userbet 19755  在2 下了 1000,累计下注 1000
[16:23:42] broad >>>>>>>>>>>>>>>>>>>>>>>>>>>>>>> message 56 size 6
[16:23:42] 区域 0  总下注0
[16:23:42] 区域 1  总下注0
[16:23:42] 区域 2  总下注1000
[16:23:42] 区域 3  总下注0
[16:23:42] 区域 4  总下注0
[16:23:42] 区域 5  总下注0
[16:23:42] 玩家19755在区域 0  总下注0
[16:23:42] 玩家19755在区域 1  总下注0
[16:23:42] 玩家19755在区域 2  总下注1000
[16:23:42] 玩家19755在区域 3  总下注0
[16:23:42] 玩家19755在区域 4  总下注0
[16:23:42] 玩家19755在区域 5  总下注0
[16:23:42] 玩家19755 总下注1000
[16:23:42] send >>>>>>>>>>>>>>>>>>>>>>>>>>>>>>> 0 message 57 size 112
[16:23:42] send >>>>>>>>>>>>>>>>>>>>>>>>>>>>>>> 1 message 57 size 112
[16:23:42] recv  55 <<<<<<<<<<<<<<<<<<<<<<<<<<<<<<< 0
[16:23:42] userbet 19755  在2 下了 1000,累计下注 2000
[16:23:42] broad >>>>>>>>>>>>>>>>>>>>>>>>>>>>>>> message 56 size 6
[16:23:42] 区域 0  总下注0
[16:23:42] 区域 1  总下注0
[16:23:42] 区域 2  总下注2000
[16:23:42] 区域 3  总下注0
[16:23:42] 区域 4  总下注0
[16:23:42] 区域 5  总下注0
[16:23:42] 玩家19755在区域 0  总下注0
[16:23:42] 玩家19755在区域 1  总下注0
[16:23:42] 玩家19755在区域 2  总下注2000
[16:23:42] 玩家19755在区域 3  总下注0
[16:23:42] 玩家19755在区域 4  总下注0
[16:23:42] 玩家19755在区域 5  总下注0
[16:23:42] 玩家19755 总下注2000
[16:23:42] send >>>>>>>>>>>>>>>>>>>>>>>>>>>>>>> 0 message 57 size 112
[16:23:42] send >>>>>>>>>>>>>>>>>>>>>>>>>>>>>>> 1 message 57 size 112
[16:23:42] recv  55 <<<<<<<<<<<<<<<<<<<<<<<<<<<<<<< 0
[16:23:42] userbet 19755  在2 下了 1000,累计下注 3000
[16:23:42] broad >>>>>>>>>>>>>>>>>>>>>>>>>>>>>>> message 56 size 6
[16:23:42] 区域 0  总下注0
[16:23:42] 区域 1  总下注0
[16:23:42] 区域 2  总下注3000
[16:23:42] 区域 3  总下注0
[16:23:42] 区域 4  总下注0
[16:23:42] 区域 5  总下注0
[16:23:42] 玩家19755在区域 0  总下注0
[16:23:42] 玩家19755在区域 1  总下注0
[16:23:42] 玩家19755在区域 2  总下注3000
[16:23:42] 玩家19755在区域 3  总下注0
[16:23:42] 玩家19755在区域 4  总下注0
[16:23:42] 玩家19755在区域 5  总下注0
[16:23:42] 玩家19755 总下注3000
[16:23:42] send >>>>>>>>>>>>>>>>>>>>>>>>>>>>>>> 0 message 57 size 112
[16:23:42] send >>>>>>>>>>>>>>>>>>>>>>>>>>>>>>> 1 message 57 size 112
[16:23:42] recv  55 <<<<<<<<<<<<<<<<<<<<<<<<<<<<<<< 0
[16:23:42] userbet 19755  在2 下了 1000,累计下注 4000
[16:23:42] broad >>>>>>>>>>>>>>>>>>>>>>>>>>>>>>> message 56 size 6
[16:23:42] 区域 0  总下注0
[16:23:42] 区域 1  总下注0
[16:23:42] 区域 2  总下注4000
[16:23:42] 区域 3  总下注0
[16:23:42] 区域 4  总下注0
[16:23:42] 区域 5  总下注0
[16:23:42] 玩家19755在区域 0  总下注0
[16:23:42] 玩家19755在区域 1  总下注0
[16:23:42] 玩家19755在区域 2  总下注4000
[16:23:42] 玩家19755在区域 3  总下注0
[16:23:42] 玩家19755在区域 4  总下注0
[16:23:42] 玩家19755在区域 5  总下注0
[16:23:42] 玩家19755 总下注4000
[16:23:42] send >>>>>>>>>>>>>>>>>>>>>>>>>>>>>>> 0 message 57 size 112
[16:23:42] send >>>>>>>>>>>>>>>>>>>>>>>>>>>>>>> 1 message 57 size 112
[16:23:43] recv  55 <<<<<<<<<<<<<<<<<<<<<<<<<<<<<<< 0
[16:23:43] userbet 19755  在2 下了 1000,累计下注 5000
[16:23:43] broad >>>>>>>>>>>>>>>>>>>>>>>>>>>>>>> message 56 size 6
[16:23:43] 区域 0  总下注0
[16:23:43] 区域 1  总下注0
[16:23:43] 区域 2  总下注5000
[16:23:43] 区域 3  总下注0
[16:23:43] 区域 4  总下注0
[16:23:43] 区域 5  总下注0
[16:23:43] 玩家19755在区域 0  总下注0
[16:23:43] 玩家19755在区域 1  总下注0
[16:23:43] 玩家19755在区域 2  总下注5000
[16:23:43] 玩家19755在区域 3  总下注0
[16:23:43] 玩家19755在区域 4  总下注0
[16:23:43] 玩家19755在区域 5  总下注0
[16:23:43] 玩家19755 总下注5000
[16:23:43] send >>>>>>>>>>>>>>>>>>>>>>>>>>>>>>> 0 message 57 size 112
[16:23:43] send >>>>>>>>>>>>>>>>>>>>>>>>>>>>>>> 1 message 57 size 112
[16:23:43] recv  55 <<<<<<<<<<<<<<<<<<<<<<<<<<<<<<< 0
[16:23:43] userbet 19755  在2 下了 1000,累计下注 6000
[16:23:43] broad >>>>>>>>>>>>>>>>>>>>>>>>>>>>>>> message 56 size 6
[16:23:43] 区域 0  总下注0
[16:23:43] 区域 1  总下注0
[16:23:43] 区域 2  总下注6000
[16:23:43] 区域 3  总下注0
[16:23:43] 区域 4  总下注0
[16:23:43] 区域 5  总下注0
[16:23:43] 玩家19755在区域 0  总下注0
[16:23:43] 玩家19755在区域 1  总下注0
[16:23:43] 玩家19755在区域 2  总下注6000
[16:23:43] 玩家19755在区域 3  总下注0
[16:23:43] 玩家19755在区域 4  总下注0
[16:23:43] 玩家19755在区域 5  总下注0
[16:23:43] 玩家19755 总下注6000
[16:23:43] send >>>>>>>>>>>>>>>>>>>>>>>>>>>>>>> 0 message 57 size 112
[16:23:43] send >>>>>>>>>>>>>>>>>>>>>>>>>>>>>>> 1 message 57 size 112
[16:23:43] recv  55 <<<<<<<<<<<<<<<<<<<<<<<<<<<<<<< 0
[16:23:43] userbet 19755  在2 下了 1000,累计下注 7000
[16:23:43] broad >>>>>>>>>>>>>>>>>>>>>>>>>>>>>>> message 56 size 6
[16:23:43] 区域 0  总下注0
[16:23:43] 区域 1  总下注0
[16:23:43] 区域 2  总下注7000
[16:23:43] 区域 3  总下注0
[16:23:43] 区域 4  总下注0
[16:23:43] 区域 5  总下注0
[16:23:43] 玩家19755在区域 0  总下注0
[16:23:43] 玩家19755在区域 1  总下注0
[16:23:43] 玩家19755在区域 2  总下注7000
[16:23:43] 玩家19755在区域 3  总下注0
[16:23:43] 玩家19755在区域 4  总下注0
[16:23:43] 玩家19755在区域 5  总下注0
[16:23:43] 玩家19755 总下注7000
[16:23:43] send >>>>>>>>>>>>>>>>>>>>>>>>>>>>>>> 0 message 57 size 112
[16:23:43] send >>>>>>>>>>>>>>>>>>>>>>>>>>>>>>> 1 message 57 size 112
[16:23:43] recv  55 <<<<<<<<<<<<<<<<<<<<<<<<<<<<<<< 0
[16:23:43] userbet 19755  在2 下了 1000,累计下注 8000
[16:23:43] broad >>>>>>>>>>>>>>>>>>>>>>>>>>>>>>> message 56 size 6
[16:23:43] 区域 0  总下注0
[16:23:43] 区域 1  总下注0
[16:23:43] 区域 2  总下注8000
[16:23:43] 区域 3  总下注0
[16:23:43] 区域 4  总下注0
[16:23:43] 区域 5  总下注0
[16:23:43] 玩家19755在区域 0  总下注0
[16:23:43] 玩家19755在区域 1  总下注0
[16:23:43] 玩家19755在区域 2  总下注8000
[16:23:43] 玩家19755在区域 3  总下注0
[16:23:43] 玩家19755在区域 4  总下注0
[16:23:43] 玩家19755在区域 5  总下注0
[16:23:43] 玩家19755 总下注8000
[16:23:43] send >>>>>>>>>>>>>>>>>>>>>>>>>>>>>>> 0 message 57 size 112
[16:23:43] send >>>>>>>>>>>>>>>>>>>>>>>>>>>>>>> 1 message 57 size 112
[16:23:43] recv  55 <<<<<<<<<<<<<<<<<<<<<<<<<<<<<<< 0
[16:23:43] userbet 19755  在2 下了 1000,累计下注 9000
[16:23:43] broad >>>>>>>>>>>>>>>>>>>>>>>>>>>>>>> message 56 size 6
[16:23:43] 区域 0  总下注0
[16:23:43] 区域 1  总下注0
[16:23:43] 区域 2  总下注9000
[16:23:43] 区域 3  总下注0
[16:23:43] 区域 4  总下注0
[16:23:43] 区域 5  总下注0
[16:23:43] 玩家19755在区域 0  总下注0
[16:23:43] 玩家19755在区域 1  总下注0
[16:23:43] 玩家19755在区域 2  总下注9000
[16:23:43] 玩家19755在区域 3  总下注0
[16:23:43] 玩家19755在区域 4  总下注0
[16:23:43] 玩家19755在区域 5  总下注0
[16:23:43] 玩家19755 总下注9000
[16:23:43] send >>>>>>>>>>>>>>>>>>>>>>>>>>>>>>> 0 message 57 size 112
[16:23:43] send >>>>>>>>>>>>>>>>>>>>>>>>>>>>>>> 1 message 57 size 112
[16:23:44] recv  55 <<<<<<<<<<<<<<<<<<<<<<<<<<<<<<< 0
[16:23:44] userbet 19755  在2 下了 1000,累计下注 10000
[16:23:44] broad >>>>>>>>>>>>>>>>>>>>>>>>>>>>>>> message 56 size 6
[16:23:44] 区域 0  总下注0
[16:23:44] 区域 1  总下注0
[16:23:44] 区域 2  总下注10000
[16:23:44] 区域 3  总下注0
[16:23:44] 区域 4  总下注0
[16:23:44] 区域 5  总下注0
[16:23:44] 玩家19755在区域 0  总下注0
[16:23:44] 玩家19755在区域 1  总下注0
[16:23:44] 玩家19755在区域 2  总下注10000
[16:23:44] 玩家19755在区域 3  总下注0
[16:23:44] 玩家19755在区域 4  总下注0
[16:23:44] 玩家19755在区域 5  总下注0
[16:23:44] 玩家19755 总下注10000
[16:23:44] send >>>>>>>>>>>>>>>>>>>>>>>>>>>>>>> 0 message 57 size 112
[16:23:44] send >>>>>>>>>>>>>>>>>>>>>>>>>>>>>>> 1 message 57 size 112
[16:23:44] recv  55 <<<<<<<<<<<<<<<<<<<<<<<<<<<<<<< 0
[16:23:44] userbet 19755  在2 下了 1000,累计下注 11000
[16:23:44] broad >>>>>>>>>>>>>>>>>>>>>>>>>>>>>>> message 56 size 6
[16:23:44] 区域 0  总下注0
[16:23:44] 区域 1  总下注0
[16:23:44] 区域 2  总下注11000
[16:23:44] 区域 3  总下注0
[16:23:44] 区域 4  总下注0
[16:23:44] 区域 5  总下注0
[16:23:44] 玩家19755在区域 0  总下注0
[16:23:44] 玩家19755在区域 1  总下注0
[16:23:44] 玩家19755在区域 2  总下注11000
[16:23:44] 玩家19755在区域 3  总下注0
[16:23:44] 玩家19755在区域 4  总下注0
[16:23:44] 玩家19755在区域 5  总下注0
[16:23:44] 玩家19755 总下注11000
[16:23:44] send >>>>>>>>>>>>>>>>>>>>>>>>>>>>>>> 0 message 57 size 112
[16:23:44] send >>>>>>>>>>>>>>>>>>>>>>>>>>>>>>> 1 message 57 size 112
[16:23:44] recv  55 <<<<<<<<<<<<<<<<<<<<<<<<<<<<<<< 0
[16:23:44] userbet 19755  在2 下了 1000,累计下注 12000
[16:23:44] broad >>>>>>>>>>>>>>>>>>>>>>>>>>>>>>> message 56 size 6
[16:23:44] 区域 0  总下注0
[16:23:44] 区域 1  总下注0
[16:23:44] 区域 2  总下注12000
[16:23:44] 区域 3  总下注0
[16:23:44] 区域 4  总下注0
[16:23:44] 区域 5  总下注0
[16:23:44] 玩家19755在区域 0  总下注0
[16:23:44] 玩家19755在区域 1  总下注0
[16:23:44] 玩家19755在区域 2  总下注12000
[16:23:44] 玩家19755在区域 3  总下注0
[16:23:44] 玩家19755在区域 4  总下注0
[16:23:44] 玩家19755在区域 5  总下注0
[16:23:44] 玩家19755 总下注12000
[16:23:44] send >>>>>>>>>>>>>>>>>>>>>>>>>>>>>>> 0 message 57 size 112
[16:23:44] send >>>>>>>>>>>>>>>>>>>>>>>>>>>>>>> 1 message 57 size 112
[16:23:44] recv  55 <<<<<<<<<<<<<<<<<<<<<<<<<<<<<<< 0
[16:23:44] userbet 19755  在2 下了 1000,累计下注 13000
[16:23:44] broad >>>>>>>>>>>>>>>>>>>>>>>>>>>>>>> message 56 size 6
[16:23:44] 区域 0  总下注0
[16:23:44] 区域 1  总下注0
[16:23:44] 区域 2  总下注13000
[16:23:44] 区域 3  总下注0
[16:23:44] 区域 4  总下注0
[16:23:44] 区域 5  总下注0
[16:23:44] 玩家19755在区域 0  总下注0
[16:23:44] 玩家19755在区域 1  总下注0
[16:23:44] 玩家19755在区域 2  总下注13000
[16:23:44] 玩家19755在区域 3  总下注0
[16:23:44] 玩家19755在区域 4  总下注0
[16:23:44] 玩家19755在区域 5  总下注0
[16:23:44] 玩家19755 总下注13000
[16:23:44] send >>>>>>>>>>>>>>>>>>>>>>>>>>>>>>> 0 message 57 size 112
[16:23:44] send >>>>>>>>>>>>>>>>>>>>>>>>>>>>>>> 1 message 57 size 112
[16:23:45] recv  55 <<<<<<<<<<<<<<<<<<<<<<<<<<<<<<< 0
[16:23:45] userbet 19755  在2 下了 1000,累计下注 14000
[16:23:45] broad >>>>>>>>>>>>>>>>>>>>>>>>>>>>>>> message 56 size 6
[16:23:45] 区域 0  总下注0
[16:23:45] 区域 1  总下注0
[16:23:45] 区域 2  总下注14000
[16:23:45] 区域 3  总下注0
[16:23:45] 区域 4  总下注0
[16:23:45] 区域 5  总下注0
[16:23:45] 玩家19755在区域 0  总下注0
[16:23:45] 玩家19755在区域 1  总下注0
[16:23:45] 玩家19755在区域 2  总下注14000
[16:23:45] 玩家19755在区域 3  总下注0
[16:23:45] 玩家19755在区域 4  总下注0
[16:23:45] 玩家19755在区域 5  总下注0
[16:23:45] 玩家19755 总下注14000
[16:23:45] send >>>>>>>>>>>>>>>>>>>>>>>>>>>>>>> 0 message 57 size 112
[16:23:45] send >>>>>>>>>>>>>>>>>>>>>>>>>>>>>>> 1 message 57 size 112
[16:23:45] recv  55 <<<<<<<<<<<<<<<<<<<<<<<<<<<<<<< 0
[16:23:45] userbet 19755  在2 下了 1000,累计下注 15000
[16:23:45] broad >>>>>>>>>>>>>>>>>>>>>>>>>>>>>>> message 56 size 6
[16:23:45] 区域 0  总下注0
[16:23:45] 区域 1  总下注0
[16:23:45] 区域 2  总下注15000
[16:23:45] 区域 3  总下注0
[16:23:45] 区域 4  总下注0
[16:23:45] 区域 5  总下注0
[16:23:45] 玩家19755在区域 0  总下注0
[16:23:45] 玩家19755在区域 1  总下注0
[16:23:45] 玩家19755在区域 2  总下注15000
[16:23:45] 玩家19755在区域 3  总下注0
[16:23:45] 玩家19755在区域 4  总下注0
[16:23:45] 玩家19755在区域 5  总下注0
[16:23:45] 玩家19755 总下注15000
[16:23:45] send >>>>>>>>>>>>>>>>>>>>>>>>>>>>>>> 0 message 57 size 112
[16:23:45] send >>>>>>>>>>>>>>>>>>>>>>>>>>>>>>> 1 message 57 size 112
[16:23:45] recv  55 <<<<<<<<<<<<<<<<<<<<<<<<<<<<<<< 0
[16:23:45] userbet 19755  在2 下了 1000,累计下注 16000
[16:23:45] broad >>>>>>>>>>>>>>>>>>>>>>>>>>>>>>> message 56 size 6
[16:23:45] 区域 0  总下注0
[16:23:45] 区域 1  总下注0
[16:23:45] 区域 2  总下注16000
[16:23:45] 区域 3  总下注0
[16:23:45] 区域 4  总下注0
[16:23:45] 区域 5  总下注0
[16:23:45] 玩家19755在区域 0  总下注0
[16:23:45] 玩家19755在区域 1  总下注0
[16:23:45] 玩家19755在区域 2  总下注16000
[16:23:45] 玩家19755在区域 3  总下注0
[16:23:45] 玩家19755在区域 4  总下注0
[16:23:45] 玩家19755在区域 5  总下注0
[16:23:45] 玩家19755 总下注16000
[16:23:45] send >>>>>>>>>>>>>>>>>>>>>>>>>>>>>>> 0 message 57 size 112
[16:23:45] send >>>>>>>>>>>>>>>>>>>>>>>>>>>>>>> 1 message 57 size 112
[16:23:45] card 0 5,9,   type 0   point 3
[16:23:45] card 1 2,1,   type 10   point 0
[16:23:45] card 2 b,f,   type 0   point 6
[16:23:45] card 3 10,d,   type 0   point 5
[16:23:45] broad >>>>>>>>>>>>>>>>>>>>>>>>>>>>>>> message 52 size 16
[16:23:45] recv  55 <<<<<<<<<<<<<<<<<<<<<<<<<<<<<<< 0
[16:23:45] userbet 19755  在2 下了 1000,累计下注 17000
[16:23:45] broad >>>>>>>>>>>>>>>>>>>>>>>>>>>>>>> message 56 size 6
[16:23:45] 区域 0  总下注0
[16:23:45] 区域 1  总下注0
[16:23:45] 区域 2  总下注17000
[16:23:45] 区域 3  总下注0
[16:23:45] 区域 4  总下注0
[16:23:45] 区域 5  总下注0
[16:23:45] 玩家19755在区域 0  总下注0
[16:23:45] 玩家19755在区域 1  总下注0
[16:23:45] 玩家19755在区域 2  总下注17000
[16:23:45] 玩家19755在区域 3  总下注0
[16:23:45] 玩家19755在区域 4  总下注0
[16:23:45] 玩家19755在区域 5  总下注0
[16:23:45] 玩家19755 总下注17000
[16:23:45] send >>>>>>>>>>>>>>>>>>>>>>>>>>>>>>> 0 message 57 size 112
[16:23:45] send >>>>>>>>>>>>>>>>>>>>>>>>>>>>>>> 1 message 57 size 112
[16:24:0] 区域 0 结算 0
[16:24:0] 区域 1 结算 0
[16:24:0] 区域 2 结算 17000
[16:24:0] 区域 3 结算 0
[16:24:0] 区域 4 结算 0
[16:24:0] 区域 5 结算 0
[16:24:0] 玩家0[19755]  结算 17000
[16:24:0] 玩家1[18857]  结算 -17000
[16:24:0] broad >>>>>>>>>>>>>>>>>>>>>>>>>>>>>>> message 58 size 86
[16:24:2] 玩家0[19755]  结算 17000, 分数 17000, 总分数 18980
[16:24:2] 玩家1[18857]  结算 -17000, 分数 -17000, 总分数 -18980
[16:24:2] ******************游戏结束********************************



[16:24:10] *************************小结算***********************
[16:24:10] [Phone19755,19755] [闲] 输赢金币 19000 ,排名 0
[16:24:10] [Phone18857,18857] [庄] 输赢金币 -19000 ,排名 1
[16:24:10] broad >>>>>>>>>>>>>>>>>>>>>>>>>>>>>>> message 73 size 44
[16:24:10] user[19755] 坐庄次数 4,每个人当庄次数4 
[16:24:10] user[18857] 坐庄次数 4,每个人当庄次数4 
[16:24:10] *************************大结算***********************
[16:24:10] [Phone19755,19755]  输赢金币 18980 ,总分数 18980，胜局 5 ,最大胜局 3,大赢家 1
[16:24:10] [Phone18857,18857]  输赢金币 -18980 ,总分数 -18980，胜局 2 ,最大胜局 1,大赢家 0
[16:24:10] broad >>>>>>>>>>>>>>>>>>>>>>>>>>>>>>> message 70 size 68
