[22:0:1] 1:20235 ready
[22:0:1] *****************游戏开始***************
[22:0:1] [0][20236]连庄局数 3,总局数3
[22:0:1] [1][20235]连庄局数 0,总局数3
[22:0:1] 游戏局数 3,总局数 8
[22:0:1] broad >>>>>>>>>>>>>>>>>>>>>>>>>>>>>>> message 71 size 8
[22:0:1] broad >>>>>>>>>>>>>>>>>>>>>>>>>>>>>>> message 51 size 0
[22:0:4] recv  55 <<<<<<<<<<<<<<<<<<<<<<<<<<<<<<< 1
[22:0:4] userbet 20235  在0 下了 10,累计下注 10
[22:0:4] broad >>>>>>>>>>>>>>>>>>>>>>>>>>>>>>> message 56 size 6
[22:0:4] 区域 0  总下注10
[22:0:4] 区域 1  总下注0
[22:0:4] 区域 2  总下注0
[22:0:4] 区域 3  总下注0
[22:0:4] 区域 4  总下注0
[22:0:4] 区域 5  总下注0
[22:0:4] send >>>>>>>>>>>>>>>>>>>>>>>>>>>>>>> 0 message 57 size 112
[22:0:4] 玩家20235在区域 0  总下注10
[22:0:4] 玩家20235在区域 1  总下注0
[22:0:4] 玩家20235在区域 2  总下注0
[22:0:4] 玩家20235在区域 3  总下注0
[22:0:4] 玩家20235在区域 4  总下注0
[22:0:4] 玩家20235在区域 5  总下注0
[22:0:4] 玩家20235 总下注10
[22:0:4] send >>>>>>>>>>>>>>>>>>>>>>>>>>>>>>> 1 message 57 size 112
[22:0:5] recv  55 <<<<<<<<<<<<<<<<<<<<<<<<<<<<<<< 1
[22:0:5] userbet 20235  在2 下了 10,累计下注 20
[22:0:5] broad >>>>>>>>>>>>>>>>>>>>>>>>>>>>>>> message 56 size 6
[22:0:5] 区域 0  总下注10
[22:0:5] 区域 1  总下注0
[22:0:5] 区域 2  总下注10
[22:0:5] 区域 3  总下注0
[22:0:5] 区域 4  总下注0
[22:0:5] 区域 5  总下注0
[22:0:5] send >>>>>>>>>>>>>>>>>>>>>>>>>>>>>>> 0 message 57 size 112
[22:0:5] 玩家20235在区域 0  总下注10
[22:0:5] 玩家20235在区域 1  总下注0
[22:0:5] 玩家20235在区域 2  总下注10
[22:0:5] 玩家20235在区域 3  总下注0
[22:0:5] 玩家20235在区域 4  总下注0
[22:0:5] 玩家20235在区域 5  总下注0
[22:0:5] 玩家20235 总下注20
[22:0:5] send >>>>>>>>>>>>>>>>>>>>>>>>>>>>>>> 1 message 57 size 112
[22:0:5] recv  55 <<<<<<<<<<<<<<<<<<<<<<<<<<<<<<< 1
[22:0:5] userbet 20235  在2 下了 10,累计下注 30
[22:0:5] broad >>>>>>>>>>>>>>>>>>>>>>>>>>>>>>> message 56 size 6
[22:0:5] 区域 0  总下注10
[22:0:5] 区域 1  总下注0
[22:0:5] 区域 2  总下注20
[22:0:5] 区域 3  总下注0
[22:0:5] 区域 4  总下注0
[22:0:5] 区域 5  总下注0
[22:0:5] send >>>>>>>>>>>>>>>>>>>>>>>>>>>>>>> 0 message 57 size 112
[22:0:5] 玩家20235在区域 0  总下注10
[22:0:5] 玩家20235在区域 1  总下注0
[22:0:5] 玩家20235在区域 2  总下注20
[22:0:5] 玩家20235在区域 3  总下注0
[22:0:5] 玩家20235在区域 4  总下注0
[22:0:5] 玩家20235在区域 5  总下注0
[22:0:5] 玩家20235 总下注30
[22:0:5] send >>>>>>>>>>>>>>>>>>>>>>>>>>>>>>> 1 message 57 size 112
[22:0:11] card 0 b,8,   type 0   point 9
[22:0:11] card 1 7,0,   type 0   point 3
[22:0:11] card 2 11,8,   type 0   point 6
[22:0:11] card 3 9,4,   type 0   point 7
[22:0:11] broad >>>>>>>>>>>>>>>>>>>>>>>>>>>>>>> message 52 size 16
[22:0:26] 区域 0 结算 10
[22:0:26] 区域 1 结算 0
[22:0:26] 区域 2 结算 -20
[22:0:26] 区域 3 结算 0
[22:0:26] 区域 4 结算 0
[22:0:26] 区域 5 结算 0
[22:0:26] 玩家0[20236]  结算 10
[22:0:26] 玩家1[20235]  结算 -10
[22:0:26] broad >>>>>>>>>>>>>>>>>>>>>>>>>>>>>>> message 58 size 86
[22:0:28] 玩家0[20236]  结算 10, 分数 10, 总分数 -170
[22:0:28] 玩家1[20235]  结算 -10, 分数 -10, 总分数 170
[22:0:28] ******************游戏结束********************************



[22:0:31] broad >>>>>>>>>>>>>>>>>>>>>>>>>>>>>>> message 72 size 4
[22:0:39] 1:20235 ready
[22:0:40] 0:20236 ready
[22:0:40] *****************游戏开始***************
[22:0:40] [0][20236]连庄局数 4,总局数4
[22:0:40] [1][20235]连庄局数 0,总局数4
[22:0:40] 游戏局数 4,总局数 8
[22:0:40] broad >>>>>>>>>>>>>>>>>>>>>>>>>>>>>>> message 71 size 8
[22:0:40] broad >>>>>>>>>>>>>>>>>>>>>>>>>>>>>>> message 51 size 0
[22:0:43] recv  55 <<<<<<<<<<<<<<<<<<<<<<<<<<<<<<< 1
[22:0:43] userbet 20235  在2 下了 10,累计下注 10
[22:0:43] broad >>>>>>>>>>>>>>>>>>>>>>>>>>>>>>> message 56 size 6
[22:0:43] 区域 0  总下注0
[22:0:43] 区域 1  总下注0
[22:0:43] 区域 2  总下注10
[22:0:43] 区域 3  总下注0
[22:0:43] 区域 4  总下注0
[22:0:43] 区域 5  总下注0
[22:0:43] send >>>>>>>>>>>>>>>>>>>>>>>>>>>>>>> 0 message 57 size 112
[22:0:43] 玩家20235在区域 0  总下注0
[22:0:43] 玩家20235在区域 1  总下注0
[22:0:43] 玩家20235在区域 2  总下注10
[22:0:43] 玩家20235在区域 3  总下注0
[22:0:43] 玩家20235在区域 4  总下注0
[22:0:43] 玩家20235在区域 5  总下注0
[22:0:43] 玩家20235 总下注10
[22:0:43] send >>>>>>>>>>>>>>>>>>>>>>>>>>>>>>> 1 message 57 size 112
[22:0:44] recv  55 <<<<<<<<<<<<<<<<<<<<<<<<<<<<<<< 1
[22:0:44] userbet 20235  在0 下了 10,累计下注 20
[22:0:44] broad >>>>>>>>>>>>>>>>>>>>>>>>>>>>>>> message 56 size 6
[22:0:44] 区域 0  总下注10
[22:0:44] 区域 1  总下注0
[22:0:44] 区域 2  总下注10
[22:0:44] 区域 3  总下注0
[22:0:44] 区域 4  总下注0
[22:0:44] 区域 5  总下注0
[22:0:44] send >>>>>>>>>>>>>>>>>>>>>>>>>>>>>>> 0 message 57 size 112
[22:0:44] 玩家20235在区域 0  总下注10
[22:0:44] 玩家20235在区域 1  总下注0
[22:0:44] 玩家20235在区域 2  总下注10
[22:0:44] 玩家20235在区域 3  总下注0
[22:0:44] 玩家20235在区域 4  总下注0
[22:0:44] 玩家20235在区域 5  总下注0
[22:0:44] 玩家20235 总下注20
[22:0:44] send >>>>>>>>>>>>>>>>>>>>>>>>>>>>>>> 1 message 57 size 112
[22:0:45] recv  55 <<<<<<<<<<<<<<<<<<<<<<<<<<<<<<< 1
[22:0:45] userbet 20235  在2 下了 10,累计下注 30
[22:0:45] broad >>>>>>>>>>>>>>>>>>>>>>>>>>>>>>> message 56 size 6
[22:0:45] 区域 0  总下注10
[22:0:45] 区域 1  总下注0
[22:0:45] 区域 2  总下注20
[22:0:45] 区域 3  总下注0
[22:0:45] 区域 4  总下注0
[22:0:45] 区域 5  总下注0
[22:0:45] send >>>>>>>>>>>>>>>>>>>>>>>>>>>>>>> 0 message 57 size 112
[22:0:45] 玩家20235在区域 0  总下注10
[22:0:45] 玩家20235在区域 1  总下注0
[22:0:45] 玩家20235在区域 2  总下注20
[22:0:45] 玩家20235在区域 3  总下注0
[22:0:45] 玩家20235在区域 4  总下注0
[22:0:45] 玩家20235在区域 5  总下注0
[22:0:45] 玩家20235 总下注30
[22:0:45] send >>>>>>>>>>>>>>>>>>>>>>>>>>>>>>> 1 message 57 size 112
[22:0:47] recv  55 <<<<<<<<<<<<<<<<<<<<<<<<<<<<<<< 1
[22:0:47] userbet 20235  在1 下了 10,累计下注 40
[22:0:47] broad >>>>>>>>>>>>>>>>>>>>>>>>>>>>>>> message 56 size 6
[22:0:47] 区域 0  总下注10
[22:0:47] 区域 1  总下注10
[22:0:47] 区域 2  总下注20
[22:0:47] 区域 3  总下注0
[22:0:47] 区域 4  总下注0
[22:0:47] 区域 5  总下注0
[22:0:47] send >>>>>>>>>>>>>>>>>>>>>>>>>>>>>>> 0 message 57 size 112
[22:0:47] 玩家20235在区域 0  总下注10
[22:0:47] 玩家20235在区域 1  总下注10
[22:0:47] 玩家20235在区域 2  总下注20
[22:0:47] 玩家20235在区域 3  总下注0
[22:0:47] 玩家20235在区域 4  总下注0
[22:0:47] 玩家20235在区域 5  总下注0
[22:0:47] 玩家20235 总下注40
[22:0:47] send >>>>>>>>>>>>>>>>>>>>>>>>>>>>>>> 1 message 57 size 112
[22:0:50] card 0 5,7,   type 0   point 7
[22:0:50] card 1 4,10,   type 0   point 7
[22:0:50] card 2 1,9,   type 8   point 9
[22:0:50] card 3 d,0,   type 11   point 0
[22:0:50] broad >>>>>>>>>>>>>>>>>>>>>>>>>>>>>>> message 52 size 16
[22:1:5] 区域 0 结算 -10
[22:1:5] 区域 1 结算 -10
[22:1:5] 区域 2 结算 -20
[22:1:5] 区域 3 结算 0
[22:1:5] 区域 4 结算 0
[22:1:5] 区域 5 结算 0
[22:1:5] 玩家0[20236]  结算 40
[22:1:5] 玩家1[20235]  结算 -40
[22:1:5] broad >>>>>>>>>>>>>>>>>>>>>>>>>>>>>>> message 58 size 86
[22:1:7] 玩家0[20236]  结算 40, 分数 40, 总分数 -130
[22:1:7] 玩家1[20235]  结算 -40, 分数 -40, 总分数 130
[22:1:7] ******************游戏结束********************************



[22:1:15] *************************小结算***********************
[22:1:15] [Phone20235,20235] [闲] 输赢金币 130 ,排名 0
[22:1:15] [Phone20236,20236] [庄] 输赢金币 -130 ,排名 1
[22:1:15] broad >>>>>>>>>>>>>>>>>>>>>>>>>>>>>>> message 73 size 44
[22:1:15] user[20236] 坐庄次数 4,每个人当庄次数4 
[22:1:15] user[20235] 坐庄次数 0,每个人当庄次数4 
[22:1:15] broad >>>>>>>>>>>>>>>>>>>>>>>>>>>>>>> message 72 size 4
[22:1:16] 1:20235 ready
[22:1:18] 0:20236 ready
[22:1:18] *****************游戏开始***************
[22:1:18] [0][20236]连庄局数 4,总局数5
[22:1:18] [1][20235]连庄局数 1,总局数5
[22:1:18] 通知 庄家 1 坐庄次数 1
[22:1:18] broad >>>>>>>>>>>>>>>>>>>>>>>>>>>>>>> message 69 size 1
[22:1:18] 游戏局数 5,总局数 8
[22:1:18] broad >>>>>>>>>>>>>>>>>>>>>>>>>>>>>>> message 71 size 8
[22:1:18] broad >>>>>>>>>>>>>>>>>>>>>>>>>>>>>>> message 51 size 0
[22:1:26] recv  55 <<<<<<<<<<<<<<<<<<<<<<<<<<<<<<< 0
[22:1:26] userbet 20236  在0 下了 50,累计下注 50
[22:1:26] broad >>>>>>>>>>>>>>>>>>>>>>>>>>>>>>> message 56 size 6
[22:1:26] 区域 0  总下注50
[22:1:26] 区域 1  总下注0
[22:1:26] 区域 2  总下注0
[22:1:26] 区域 3  总下注0
[22:1:26] 区域 4  总下注0
[22:1:26] 区域 5  总下注0
[22:1:26] 玩家20236在区域 0  总下注50
[22:1:26] 玩家20236在区域 1  总下注0
[22:1:26] 玩家20236在区域 2  总下注0
[22:1:26] 玩家20236在区域 3  总下注0
[22:1:26] 玩家20236在区域 4  总下注0
[22:1:26] 玩家20236在区域 5  总下注0
[22:1:26] 玩家20236 总下注50
[22:1:26] send >>>>>>>>>>>>>>>>>>>>>>>>>>>>>>> 0 message 57 size 112
[22:1:26] send >>>>>>>>>>>>>>>>>>>>>>>>>>>>>>> 1 message 57 size 112
[22:1:27] recv  55 <<<<<<<<<<<<<<<<<<<<<<<<<<<<<<< 0
[22:1:27] userbet 20236  在1 下了 50,累计下注 100
[22:1:27] broad >>>>>>>>>>>>>>>>>>>>>>>>>>>>>>> message 56 size 6
[22:1:27] 区域 0  总下注50
[22:1:27] 区域 1  总下注50
[22:1:27] 区域 2  总下注0
[22:1:27] 区域 3  总下注0
[22:1:27] 区域 4  总下注0
[22:1:27] 区域 5  总下注0
[22:1:27] 玩家20236在区域 0  总下注50
[22:1:27] 玩家20236在区域 1  总下注50
[22:1:27] 玩家20236在区域 2  总下注0
[22:1:27] 玩家20236在区域 3  总下注0
[22:1:27] 玩家20236在区域 4  总下注0
[22:1:27] 玩家20236在区域 5  总下注0
[22:1:27] 玩家20236 总下注100
[22:1:27] send >>>>>>>>>>>>>>>>>>>>>>>>>>>>>>> 0 message 57 size 112
[22:1:27] send >>>>>>>>>>>>>>>>>>>>>>>>>>>>>>> 1 message 57 size 112
[22:1:27] recv  55 <<<<<<<<<<<<<<<<<<<<<<<<<<<<<<< 0
[22:1:27] userbet 20236  在1 下了 50,累计下注 150
[22:1:27] broad >>>>>>>>>>>>>>>>>>>>>>>>>>>>>>> message 56 size 6
[22:1:27] 区域 0  总下注50
[22:1:27] 区域 1  总下注100
[22:1:27] 区域 2  总下注0
[22:1:27] 区域 3  总下注0
[22:1:27] 区域 4  总下注0
[22:1:27] 区域 5  总下注0
[22:1:27] 玩家20236在区域 0  总下注50
[22:1:27] 玩家20236在区域 1  总下注100
[22:1:27] 玩家20236在区域 2  总下注0
[22:1:27] 玩家20236在区域 3  总下注0
[22:1:27] 玩家20236在区域 4  总下注0
[22:1:27] 玩家20236在区域 5  总下注0
[22:1:27] 玩家20236 总下注150
[22:1:27] send >>>>>>>>>>>>>>>>>>>>>>>>>>>>>>> 0 message 57 size 112
[22:1:27] send >>>>>>>>>>>>>>>>>>>>>>>>>>>>>>> 1 message 57 size 112
[22:1:27] recv  55 <<<<<<<<<<<<<<<<<<<<<<<<<<<<<<< 0
[22:1:27] userbet 20236  在2 下了 50,累计下注 200
[22:1:27] broad >>>>>>>>>>>>>>>>>>>>>>>>>>>>>>> message 56 size 6
[22:1:27] 区域 0  总下注50
[22:1:27] 区域 1  总下注100
[22:1:27] 区域 2  总下注50
[22:1:27] 区域 3  总下注0
[22:1:27] 区域 4  总下注0
[22:1:27] 区域 5  总下注0
[22:1:27] 玩家20236在区域 0  总下注50
[22:1:27] 玩家20236在区域 1  总下注100
[22:1:27] 玩家20236在区域 2  总下注50
[22:1:27] 玩家20236在区域 3  总下注0
[22:1:27] 玩家20236在区域 4  总下注0
[22:1:27] 玩家20236在区域 5  总下注0
[22:1:27] 玩家20236 总下注200
[22:1:27] send >>>>>>>>>>>>>>>>>>>>>>>>>>>>>>> 0 message 57 size 112
[22:1:27] send >>>>>>>>>>>>>>>>>>>>>>>>>>>>>>> 1 message 57 size 112
[22:1:28] card 0 1,2,   type 10   point 0
[22:1:28] card 1 2,d,   type 0   point 6
[22:1:28] card 2 8,7,   type 0   point 1
[22:1:28] card 3 11,8,   type 0   point 6
[22:1:28] broad >>>>>>>>>>>>>>>>>>>>>>>>>>>>>>> message 52 size 16
[22:1:28] recv  55 <<<<<<<<<<<<<<<<<<<<<<<<<<<<<<< 0
[22:1:28] userbet 20236  在2 下了 50,累计下注 250
[22:1:28] broad >>>>>>>>>>>>>>>>>>>>>>>>>>>>>>> message 56 size 6
[22:1:28] 区域 0  总下注50
[22:1:28] 区域 1  总下注100
[22:1:28] 区域 2  总下注100
[22:1:28] 区域 3  总下注0
[22:1:28] 区域 4  总下注0
[22:1:28] 区域 5  总下注0
[22:1:28] 玩家20236在区域 0  总下注50
[22:1:28] 玩家20236在区域 1  总下注100
[22:1:28] 玩家20236在区域 2  总下注100
[22:1:28] 玩家20236在区域 3  总下注0
[22:1:28] 玩家20236在区域 4  总下注0
[22:1:28] 玩家20236在区域 5  总下注0
[22:1:28] 玩家20236 总下注250
[22:1:28] send >>>>>>>>>>>>>>>>>>>>>>>>>>>>>>> 0 message 57 size 112
[22:1:28] send >>>>>>>>>>>>>>>>>>>>>>>>>>>>>>> 1 message 57 size 112
[22:1:43] 区域 0 结算 50
[22:1:43] 区域 1 结算 -100
[22:1:43] 区域 2 结算 -100
[22:1:43] 区域 3 结算 0
[22:1:43] 区域 4 结算 0
[22:1:43] 区域 5 结算 0
[22:1:43] 玩家0[20236]  结算 -150
[22:1:43] 玩家1[20235]  结算 150
[22:1:43] broad >>>>>>>>>>>>>>>>>>>>>>>>>>>>>>> message 58 size 86
[22:1:44] 玩家0[20236]  结算 -150, 分数 -150, 总分数 -280
[22:1:44] 玩家1[20235]  结算 150, 分数 150, 总分数 280
[22:1:44] ******************游戏结束********************************



[22:1:48] broad >>>>>>>>>>>>>>>>>>>>>>>>>>>>>>> message 72 size 4
[22:1:50] 0:20236 ready
[22:1:52] 1:20235 ready
[22:1:52] *****************游戏开始***************
[22:1:52] [0][20236]连庄局数 4,总局数6
[22:1:52] [1][20235]连庄局数 2,总局数6
[22:1:52] 游戏局数 6,总局数 8
[22:1:52] broad >>>>>>>>>>>>>>>>>>>>>>>>>>>>>>> message 71 size 8
[22:1:52] broad >>>>>>>>>>>>>>>>>>>>>>>>>>>>>>> message 51 size 0
[22:1:56] recv  55 <<<<<<<<<<<<<<<<<<<<<<<<<<<<<<< 0
[22:1:56] userbet 20236  在0 下了 10,累计下注 10
[22:1:56] broad >>>>>>>>>>>>>>>>>>>>>>>>>>>>>>> message 56 size 6
[22:1:56] 区域 0  总下注10
[22:1:56] 区域 1  总下注0
[22:1:56] 区域 2  总下注0
[22:1:56] 区域 3  总下注0
[22:1:56] 区域 4  总下注0
[22:1:56] 区域 5  总下注0
[22:1:56] 玩家20236在区域 0  总下注10
[22:1:56] 玩家20236在区域 1  总下注0
[22:1:56] 玩家20236在区域 2  总下注0
[22:1:56] 玩家20236在区域 3  总下注0
[22:1:56] 玩家20236在区域 4  总下注0
[22:1:56] 玩家20236在区域 5  总下注0
[22:1:56] 玩家20236 总下注10
[22:1:56] send >>>>>>>>>>>>>>>>>>>>>>>>>>>>>>> 0 message 57 size 112
[22:1:56] send >>>>>>>>>>>>>>>>>>>>>>>>>>>>>>> 1 message 57 size 112
[22:1:57] recv  55 <<<<<<<<<<<<<<<<<<<<<<<<<<<<<<< 0
[22:1:57] userbet 20236  在1 下了 10,累计下注 20
[22:1:57] broad >>>>>>>>>>>>>>>>>>>>>>>>>>>>>>> message 56 size 6
[22:1:57] 区域 0  总下注10
[22:1:57] 区域 1  总下注10
[22:1:57] 区域 2  总下注0
[22:1:57] 区域 3  总下注0
[22:1:57] 区域 4  总下注0
[22:1:57] 区域 5  总下注0
[22:1:57] 玩家20236在区域 0  总下注10
[22:1:57] 玩家20236在区域 1  总下注10
[22:1:57] 玩家20236在区域 2  总下注0
[22:1:57] 玩家20236在区域 3  总下注0
[22:1:57] 玩家20236在区域 4  总下注0
[22:1:57] 玩家20236在区域 5  总下注0
[22:1:57] 玩家20236 总下注20
[22:1:57] send >>>>>>>>>>>>>>>>>>>>>>>>>>>>>>> 0 message 57 size 112
[22:1:57] send >>>>>>>>>>>>>>>>>>>>>>>>>>>>>>> 1 message 57 size 112
[22:1:57] recv  55 <<<<<<<<<<<<<<<<<<<<<<<<<<<<<<< 0
[22:1:57] userbet 20236  在1 下了 10,累计下注 30
[22:1:57] broad >>>>>>>>>>>>>>>>>>>>>>>>>>>>>>> message 56 size 6
[22:1:57] 区域 0  总下注10
[22:1:57] 区域 1  总下注20
[22:1:57] 区域 2  总下注0
[22:1:57] 区域 3  总下注0
[22:1:57] 区域 4  总下注0
[22:1:57] 区域 5  总下注0
[22:1:57] 玩家20236在区域 0  总下注10
[22:1:57] 玩家20236在区域 1  总下注20
[22:1:57] 玩家20236在区域 2  总下注0
[22:1:57] 玩家20236在区域 3  总下注0
[22:1:57] 玩家20236在区域 4  总下注0
[22:1:57] 玩家20236在区域 5  总下注0
[22:1:57] 玩家20236 总下注30
[22:1:57] send >>>>>>>>>>>>>>>>>>>>>>>>>>>>>>> 0 message 57 size 112
[22:1:57] send >>>>>>>>>>>>>>>>>>>>>>>>>>>>>>> 1 message 57 size 112
[22:1:57] recv  55 <<<<<<<<<<<<<<<<<<<<<<<<<<<<<<< 0
[22:1:57] userbet 20236  在2 下了 10,累计下注 40
[22:1:57] broad >>>>>>>>>>>>>>>>>>>>>>>>>>>>>>> message 56 size 6
[22:1:57] 区域 0  总下注10
[22:1:57] 区域 1  总下注20
[22:1:57] 区域 2  总下注10
[22:1:57] 区域 3  总下注0
[22:1:57] 区域 4  总下注0
[22:1:57] 区域 5  总下注0
[22:1:57] 玩家20236在区域 0  总下注10
[22:1:57] 玩家20236在区域 1  总下注20
[22:1:57] 玩家20236在区域 2  总下注10
[22:1:57] 玩家20236在区域 3  总下注0
[22:1:57] 玩家20236在区域 4  总下注0
[22:1:57] 玩家20236在区域 5  总下注0
[22:1:57] 玩家20236 总下注40
[22:1:57] send >>>>>>>>>>>>>>>>>>>>>>>>>>>>>>> 0 message 57 size 112
[22:1:57] send >>>>>>>>>>>>>>>>>>>>>>>>>>>>>>> 1 message 57 size 112
[22:1:57] recv  55 <<<<<<<<<<<<<<<<<<<<<<<<<<<<<<< 0
[22:1:57] userbet 20236  在2 下了 10,累计下注 50
[22:1:57] broad >>>>>>>>>>>>>>>>>>>>>>>>>>>>>>> message 56 size 6
[22:1:57] 区域 0  总下注10
[22:1:57] 区域 1  总下注20
[22:1:57] 区域 2  总下注20
[22:1:57] 区域 3  总下注0
[22:1:57] 区域 4  总下注0
[22:1:57] 区域 5  总下注0
[22:1:57] 玩家20236在区域 0  总下注10
[22:1:57] 玩家20236在区域 1  总下注20
[22:1:57] 玩家20236在区域 2  总下注20
[22:1:57] 玩家20236在区域 3  总下注0
[22:1:57] 玩家20236在区域 4  总下注0
[22:1:57] 玩家20236在区域 5  总下注0
[22:1:57] 玩家20236 总下注50
[22:1:57] send >>>>>>>>>>>>>>>>>>>>>>>>>>>>>>> 0 message 57 size 112
[22:1:57] send >>>>>>>>>>>>>>>>>>>>>>>>>>>>>>> 1 message 57 size 112
[22:1:58] recv  55 <<<<<<<<<<<<<<<<<<<<<<<<<<<<<<< 0
[22:1:58] userbet 20236  在2 下了 10,累计下注 60
[22:1:58] broad >>>>>>>>>>>>>>>>>>>>>>>>>>>>>>> message 56 size 6
[22:1:58] 区域 0  总下注10
[22:1:58] 区域 1  总下注20
[22:1:58] 区域 2  总下注30
[22:1:58] 区域 3  总下注0
[22:1:58] 区域 4  总下注0
[22:1:58] 区域 5  总下注0
[22:1:58] 玩家20236在区域 0  总下注10
[22:1:58] 玩家20236在区域 1  总下注20
[22:1:58] 玩家20236在区域 2  总下注30
[22:1:58] 玩家20236在区域 3  总下注0
[22:1:58] 玩家20236在区域 4  总下注0
[22:1:58] 玩家20236在区域 5  总下注0
[22:1:58] 玩家20236 总下注60
[22:1:58] send >>>>>>>>>>>>>>>>>>>>>>>>>>>>>>> 0 message 57 size 112
[22:1:58] send >>>>>>>>>>>>>>>>>>>>>>>>>>>>>>> 1 message 57 size 112
[22:2:2] card 0 9,3,   type 0   point 1
[22:2:2] card 1 8,7,   type 0   point 1
[22:2:2] card 2 b,3,   type 0   point 3
[22:2:2] card 3 12,7,   type 0   point 6
[22:2:2] broad >>>>>>>>>>>>>>>>>>>>>>>>>>>>>>> message 52 size 16
[22:2:17] 区域 0 结算 -10
[22:2:17] 区域 1 结算 -20
[22:2:17] 区域 2 结算 -30
[22:2:17] 区域 3 结算 0
[22:2:17] 区域 4 结算 0
[22:2:17] 区域 5 结算 0
[22:2:17] 玩家0[20236]  结算 -60
[22:2:17] 玩家1[20235]  结算 60
[22:2:17] broad >>>>>>>>>>>>>>>>>>>>>>>>>>>>>>> message 58 size 86
[22:2:19] 玩家0[20236]  结算 -60, 分数 -60, 总分数 -340
[22:2:19] 玩家1[20235]  结算 60, 分数 60, 总分数 340
[22:2:19] ******************游戏结束********************************



[22:2:22] broad >>>>>>>>>>>>>>>>>>>>>>>>>>>>>>> message 72 size 4
[22:2:23] 0:20236 ready
[22:2:24] 1:20235 ready
[22:2:24] *****************游戏开始***************
[22:2:24] [0][20236]连庄局数 4,总局数7
[22:2:24] [1][20235]连庄局数 3,总局数7
[22:2:24] 游戏局数 7,总局数 8
[22:2:24] broad >>>>>>>>>>>>>>>>>>>>>>>>>>>>>>> message 71 size 8
[22:2:24] broad >>>>>>>>>>>>>>>>>>>>>>>>>>>>>>> message 51 size 0
[22:2:32] recv  55 <<<<<<<<<<<<<<<<<<<<<<<<<<<<<<< 0
[22:2:32] userbet 20236  在0 下了 10,累计下注 10
[22:2:32] broad >>>>>>>>>>>>>>>>>>>>>>>>>>>>>>> message 56 size 6
[22:2:32] 区域 0  总下注10
[22:2:32] 区域 1  总下注0
[22:2:32] 区域 2  总下注0
[22:2:32] 区域 3  总下注0
[22:2:32] 区域 4  总下注0
[22:2:32] 区域 5  总下注0
[22:2:32] 玩家20236在区域 0  总下注10
[22:2:32] 玩家20236在区域 1  总下注0
[22:2:32] 玩家20236在区域 2  总下注0
[22:2:32] 玩家20236在区域 3  总下注0
[22:2:32] 玩家20236在区域 4  总下注0
[22:2:32] 玩家20236在区域 5  总下注0
[22:2:32] 玩家20236 总下注10
[22:2:32] send >>>>>>>>>>>>>>>>>>>>>>>>>>>>>>> 0 message 57 size 112
[22:2:32] send >>>>>>>>>>>>>>>>>>>>>>>>>>>>>>> 1 message 57 size 112
[22:2:32] recv  55 <<<<<<<<<<<<<<<<<<<<<<<<<<<<<<< 0
[22:2:32] userbet 20236  在1 下了 10,累计下注 20
[22:2:32] broad >>>>>>>>>>>>>>>>>>>>>>>>>>>>>>> message 56 size 6
[22:2:32] 区域 0  总下注10
[22:2:32] 区域 1  总下注10
[22:2:32] 区域 2  总下注0
[22:2:32] 区域 3  总下注0
[22:2:32] 区域 4  总下注0
[22:2:32] 区域 5  总下注0
[22:2:32] 玩家20236在区域 0  总下注10
[22:2:32] 玩家20236在区域 1  总下注10
[22:2:32] 玩家20236在区域 2  总下注0
[22:2:32] 玩家20236在区域 3  总下注0
[22:2:32] 玩家20236在区域 4  总下注0
[22:2:32] 玩家20236在区域 5  总下注0
[22:2:32] 玩家20236 总下注20
[22:2:32] send >>>>>>>>>>>>>>>>>>>>>>>>>>>>>>> 0 message 57 size 112
[22:2:32] send >>>>>>>>>>>>>>>>>>>>>>>>>>>>>>> 1 message 57 size 112
[22:2:33] recv  55 <<<<<<<<<<<<<<<<<<<<<<<<<<<<<<< 0
[22:2:33] userbet 20236  在1 下了 10,累计下注 30
[22:2:33] broad >>>>>>>>>>>>>>>>>>>>>>>>>>>>>>> message 56 size 6
[22:2:33] 区域 0  总下注10
[22:2:33] 区域 1  总下注20
[22:2:33] 区域 2  总下注0
[22:2:33] 区域 3  总下注0
[22:2:33] 区域 4  总下注0
[22:2:33] 区域 5  总下注0
[22:2:33] 玩家20236在区域 0  总下注10
[22:2:33] 玩家20236在区域 1  总下注20
[22:2:33] 玩家20236在区域 2  总下注0
[22:2:33] 玩家20236在区域 3  总下注0
[22:2:33] 玩家20236在区域 4  总下注0
[22:2:33] 玩家20236在区域 5  总下注0
[22:2:33] 玩家20236 总下注30
[22:2:33] send >>>>>>>>>>>>>>>>>>>>>>>>>>>>>>> 0 message 57 size 112
[22:2:33] send >>>>>>>>>>>>>>>>>>>>>>>>>>>>>>> 1 message 57 size 112
[22:2:33] recv  55 <<<<<<<<<<<<<<<<<<<<<<<<<<<<<<< 0
[22:2:33] userbet 20236  在2 下了 10,累计下注 40
[22:2:33] broad >>>>>>>>>>>>>>>>>>>>>>>>>>>>>>> message 56 size 6
[22:2:33] 区域 0  总下注10
[22:2:33] 区域 1  总下注20
[22:2:33] 区域 2  总下注10
[22:2:33] 区域 3  总下注0
[22:2:33] 区域 4  总下注0
[22:2:33] 区域 5  总下注0
[22:2:33] 玩家20236在区域 0  总下注10
[22:2:33] 玩家20236在区域 1  总下注20
[22:2:33] 玩家20236在区域 2  总下注10
[22:2:33] 玩家20236在区域 3  总下注0
[22:2:33] 玩家20236在区域 4  总下注0
[22:2:33] 玩家20236在区域 5  总下注0
[22:2:33] 玩家20236 总下注40
[22:2:33] send >>>>>>>>>>>>>>>>>>>>>>>>>>>>>>> 0 message 57 size 112
[22:2:33] send >>>>>>>>>>>>>>>>>>>>>>>>>>>>>>> 1 message 57 size 112
[22:2:33] recv  55 <<<<<<<<<<<<<<<<<<<<<<<<<<<<<<< 0
[22:2:33] userbet 20236  在2 下了 10,累计下注 50
[22:2:33] broad >>>>>>>>>>>>>>>>>>>>>>>>>>>>>>> message 56 size 6
[22:2:33] 区域 0  总下注10
[22:2:33] 区域 1  总下注20
[22:2:33] 区域 2  总下注20
[22:2:33] 区域 3  总下注0
[22:2:33] 区域 4  总下注0
[22:2:33] 区域 5  总下注0
[22:2:33] 玩家20236在区域 0  总下注10
[22:2:33] 玩家20236在区域 1  总下注20
[22:2:33] 玩家20236在区域 2  总下注20
[22:2:33] 玩家20236在区域 3  总下注0
[22:2:33] 玩家20236在区域 4  总下注0
[22:2:33] 玩家20236在区域 5  总下注0
[22:2:33] 玩家20236 总下注50
[22:2:33] send >>>>>>>>>>>>>>>>>>>>>>>>>>>>>>> 0 message 57 size 112
[22:2:33] send >>>>>>>>>>>>>>>>>>>>>>>>>>>>>>> 1 message 57 size 112
[22:2:33] recv  55 <<<<<<<<<<<<<<<<<<<<<<<<<<<<<<< 0
[22:2:33] userbet 20236  在2 下了 10,累计下注 60
[22:2:33] broad >>>>>>>>>>>>>>>>>>>>>>>>>>>>>>> message 56 size 6
[22:2:33] 区域 0  总下注10
[22:2:33] 区域 1  总下注20
[22:2:33] 区域 2  总下注30
[22:2:33] 区域 3  总下注0
[22:2:33] 区域 4  总下注0
[22:2:33] 区域 5  总下注0
[22:2:33] 玩家20236在区域 0  总下注10
[22:2:33] 玩家20236在区域 1  总下注20
[22:2:33] 玩家20236在区域 2  总下注30
[22:2:33] 玩家20236在区域 3  总下注0
[22:2:33] 玩家20236在区域 4  总下注0
[22:2:33] 玩家20236在区域 5  总下注0
[22:2:33] 玩家20236 总下注60
[22:2:33] send >>>>>>>>>>>>>>>>>>>>>>>>>>>>>>> 0 message 57 size 112
[22:2:33] send >>>>>>>>>>>>>>>>>>>>>>>>>>>>>>> 1 message 57 size 112
[22:2:34] card 0 4,0,   type 0   point 2
[22:2:34] card 1 12,5,   type 0   point 1
[22:2:34] card 2 1,9,   type 8   point 9
[22:2:34] card 3 2,7,   type 0   point 9
[22:2:34] broad >>>>>>>>>>>>>>>>>>>>>>>>>>>>>>> message 52 size 16
[22:2:49] 区域 0 结算 -10
[22:2:49] 区域 1 结算 -20
[22:2:49] 区域 2 结算 30
[22:2:49] 区域 3 结算 0
[22:2:49] 区域 4 结算 0
[22:2:49] 区域 5 结算 0
[22:2:49] 玩家0[20236]  结算 0
[22:2:49] 玩家1[20235]  结算 0
[22:2:49] broad >>>>>>>>>>>>>>>>>>>>>>>>>>>>>>> message 58 size 86
[22:2:51] 玩家0[20236]  结算 0, 分数 0, 总分数 -340
[22:2:51] 玩家1[20235]  结算 0, 分数 0, 总分数 340
[22:2:51] ******************游戏结束********************************



[22:2:54] broad >>>>>>>>>>>>>>>>>>>>>>>>>>>>>>> message 72 size 4
[22:3:3] 0:20236 ready
[22:3:5] 1:20235 ready
[22:3:5] *****************游戏开始***************
[22:3:5] [0][20236]连庄局数 4,总局数8
[22:3:5] [1][20235]连庄局数 4,总局数8
[22:3:5] 游戏局数 8,总局数 8
[22:3:5] broad >>>>>>>>>>>>>>>>>>>>>>>>>>>>>>> message 71 size 8
[22:3:5] broad >>>>>>>>>>>>>>>>>>>>>>>>>>>>>>> message 51 size 0
[22:3:10] recv  55 <<<<<<<<<<<<<<<<<<<<<<<<<<<<<<< 0
[22:3:10] userbet 20236  在0 下了 10,累计下注 10
[22:3:10] broad >>>>>>>>>>>>>>>>>>>>>>>>>>>>>>> message 56 size 6
[22:3:10] 区域 0  总下注10
[22:3:10] 区域 1  总下注0
[22:3:10] 区域 2  总下注0
[22:3:10] 区域 3  总下注0
[22:3:10] 区域 4  总下注0
[22:3:10] 区域 5  总下注0
[22:3:10] 玩家20236在区域 0  总下注10
[22:3:10] 玩家20236在区域 1  总下注0
[22:3:10] 玩家20236在区域 2  总下注0
[22:3:10] 玩家20236在区域 3  总下注0
[22:3:10] 玩家20236在区域 4  总下注0
[22:3:10] 玩家20236在区域 5  总下注0
[22:3:10] 玩家20236 总下注10
[22:3:10] send >>>>>>>>>>>>>>>>>>>>>>>>>>>>>>> 0 message 57 size 112
[22:3:10] send >>>>>>>>>>>>>>>>>>>>>>>>>>>>>>> 1 message 57 size 112
[22:3:11] recv  55 <<<<<<<<<<<<<<<<<<<<<<<<<<<<<<< 0
[22:3:11] userbet 20236  在1 下了 10,累计下注 20
[22:3:11] broad >>>>>>>>>>>>>>>>>>>>>>>>>>>>>>> message 56 size 6
[22:3:11] 区域 0  总下注10
[22:3:11] 区域 1  总下注10
[22:3:11] 区域 2  总下注0
[22:3:11] 区域 3  总下注0
[22:3:11] 区域 4  总下注0
[22:3:11] 区域 5  总下注0
[22:3:11] 玩家20236在区域 0  总下注10
[22:3:11] 玩家20236在区域 1  总下注10
[22:3:11] 玩家20236在区域 2  总下注0
[22:3:11] 玩家20236在区域 3  总下注0
[22:3:11] 玩家20236在区域 4  总下注0
[22:3:11] 玩家20236在区域 5  总下注0
[22:3:11] 玩家20236 总下注20
[22:3:11] send >>>>>>>>>>>>>>>>>>>>>>>>>>>>>>> 0 message 57 size 112
[22:3:11] send >>>>>>>>>>>>>>>>>>>>>>>>>>>>>>> 1 message 57 size 112
[22:3:11] recv  55 <<<<<<<<<<<<<<<<<<<<<<<<<<<<<<< 0
[22:3:11] userbet 20236  在1 下了 10,累计下注 30
[22:3:11] broad >>>>>>>>>>>>>>>>>>>>>>>>>>>>>>> message 56 size 6
[22:3:11] 区域 0  总下注10
[22:3:11] 区域 1  总下注20
[22:3:11] 区域 2  总下注0
[22:3:11] 区域 3  总下注0
[22:3:11] 区域 4  总下注0
[22:3:11] 区域 5  总下注0
[22:3:11] 玩家20236在区域 0  总下注10
[22:3:11] 玩家20236在区域 1  总下注20
[22:3:11] 玩家20236在区域 2  总下注0
[22:3:11] 玩家20236在区域 3  总下注0
[22:3:11] 玩家20236在区域 4  总下注0
[22:3:11] 玩家20236在区域 5  总下注0
[22:3:11] 玩家20236 总下注30
[22:3:11] send >>>>>>>>>>>>>>>>>>>>>>>>>>>>>>> 0 message 57 size 112
[22:3:11] send >>>>>>>>>>>>>>>>>>>>>>>>>>>>>>> 1 message 57 size 112
[22:3:11] recv  55 <<<<<<<<<<<<<<<<<<<<<<<<<<<<<<< 0
[22:3:11] userbet 20236  在2 下了 10,累计下注 40
[22:3:11] broad >>>>>>>>>>>>>>>>>>>>>>>>>>>>>>> message 56 size 6
[22:3:11] 区域 0  总下注10
[22:3:11] 区域 1  总下注20
[22:3:11] 区域 2  总下注10
[22:3:11] 区域 3  总下注0
[22:3:11] 区域 4  总下注0
[22:3:11] 区域 5  总下注0
[22:3:11] 玩家20236在区域 0  总下注10
[22:3:11] 玩家20236在区域 1  总下注20
[22:3:11] 玩家20236在区域 2  总下注10
[22:3:11] 玩家20236在区域 3  总下注0
[22:3:11] 玩家20236在区域 4  总下注0
[22:3:11] 玩家20236在区域 5  总下注0
[22:3:11] 玩家20236 总下注40
[22:3:11] send >>>>>>>>>>>>>>>>>>>>>>>>>>>>>>> 0 message 57 size 112
[22:3:11] send >>>>>>>>>>>>>>>>>>>>>>>>>>>>>>> 1 message 57 size 112
[22:3:12] recv  55 <<<<<<<<<<<<<<<<<<<<<<<<<<<<<<< 0
[22:3:12] userbet 20236  在2 下了 10,累计下注 50
[22:3:12] broad >>>>>>>>>>>>>>>>>>>>>>>>>>>>>>> message 56 size 6
[22:3:12] 区域 0  总下注10
[22:3:12] 区域 1  总下注20
[22:3:12] 区域 2  总下注20
[22:3:12] 区域 3  总下注0
[22:3:12] 区域 4  总下注0
[22:3:12] 区域 5  总下注0
[22:3:12] 玩家20236在区域 0  总下注10
[22:3:12] 玩家20236在区域 1  总下注20
[22:3:12] 玩家20236在区域 2  总下注20
[22:3:12] 玩家20236在区域 3  总下注0
[22:3:12] 玩家20236在区域 4  总下注0
[22:3:12] 玩家20236在区域 5  总下注0
[22:3:12] 玩家20236 总下注50
[22:3:12] send >>>>>>>>>>>>>>>>>>>>>>>>>>>>>>> 0 message 57 size 112
[22:3:12] send >>>>>>>>>>>>>>>>>>>>>>>>>>>>>>> 1 message 57 size 112
[22:3:12] recv  55 <<<<<<<<<<<<<<<<<<<<<<<<<<<<<<< 0
[22:3:12] userbet 20236  在2 下了 10,累计下注 60
[22:3:12] broad >>>>>>>>>>>>>>>>>>>>>>>>>>>>>>> message 56 size 6
[22:3:12] 区域 0  总下注10
[22:3:12] 区域 1  总下注20
[22:3:12] 区域 2  总下注30
[22:3:12] 区域 3  总下注0
[22:3:12] 区域 4  总下注0
[22:3:12] 区域 5  总下注0
[22:3:12] 玩家20236在区域 0  总下注10
[22:3:12] 玩家20236在区域 1  总下注20
[22:3:12] 玩家20236在区域 2  总下注30
[22:3:12] 玩家20236在区域 3  总下注0
[22:3:12] 玩家20236在区域 4  总下注0
[22:3:12] 玩家20236在区域 5  总下注0
[22:3:12] 玩家20236 总下注60
[22:3:12] send >>>>>>>>>>>>>>>>>>>>>>>>>>>>>>> 0 message 57 size 112
[22:3:12] send >>>>>>>>>>>>>>>>>>>>>>>>>>>>>>> 1 message 57 size 112
[22:3:15] card 0 10,1,   type 0   point 9
[22:3:15] card 1 0,2,   type 11   point 0
[22:3:15] card 2 5,1,   type 0   point 8
[22:3:15] card 3 5,e,   type 0   point 4
[22:3:15] broad >>>>>>>>>>>>>>>>>>>>>>>>>>>>>>> message 52 size 16
[22:3:30] 区域 0 结算 10
[22:3:30] 区域 1 结算 20
[22:3:30] 区域 2 结算 30
[22:3:30] 区域 3 结算 0
[22:3:30] 区域 4 结算 0
[22:3:30] 区域 5 结算 0
[22:3:30] 玩家0[20236]  结算 60
[22:3:30] 玩家1[20235]  结算 -60
[22:3:30] broad >>>>>>>>>>>>>>>>>>>>>>>>>>>>>>> message 58 size 86
[22:3:32] 玩家0[20236]  结算 60, 分数 60, 总分数 -280
[22:3:32] 玩家1[20235]  结算 -60, 分数 -60, 总分数 280
[22:3:32] ******************游戏结束********************************



[22:3:37] 1:20235 netcut
[22:3:39] 1:20235 recome
[22:3:40] 1:20235 onGetState
[22:3:40] send >>>>>>>>>>>>>>>>>>>>>>>>>>>>>>> 1 message 72 size 4
[22:3:40] 游戏局数 8,总局数 8
[22:3:40] broad >>>>>>>>>>>>>>>>>>>>>>>>>>>>>>> message 71 size 8
[22:3:40] *************************小结算***********************
[22:3:40] [Phone20235,20235] [庄] 输赢金币 150 ,排名 0
[22:3:40] [Phone20236,20236] [闲] 输赢金币 -150 ,排名 1
[22:3:40] broad >>>>>>>>>>>>>>>>>>>>>>>>>>>>>>> message 73 size 44
[22:3:40] user[20236] 坐庄次数 4,每个人当庄次数4 
[22:3:40] user[20235] 坐庄次数 4,每个人当庄次数4 
[22:3:40] *************************大结算***********************
[22:3:40] [Phone20236,20236]  输赢金币 -280 ,总分数 -280，胜局 3 ,最大胜局 2,大赢家 0
[22:3:40] [Phone20235,20235]  输赢金币 280 ,总分数 280，胜局 4 ,最大胜局 2,大赢家 1
[22:3:40] broad >>>>>>>>>>>>>>>>>>>>>>>>>>>>>>> message 70 size 68
