[19:22:26] 0:20024 sit
[19:22:28] 0:20024 onGetState
[19:22:28] send >>>>>>>>>>>>>>>>>>>>>>>>>>>>>>> 0 message 72 size 4
[19:22:28] 游戏局数 0,总局数 4
[19:22:28] broad >>>>>>>>>>>>>>>>>>>>>>>>>>>>>>> message 71 size 8
[19:22:33] 1:20436 sit
[19:22:34] 1:20436 onGetState
[19:22:34] send >>>>>>>>>>>>>>>>>>>>>>>>>>>>>>> 1 message 72 size 4
[19:22:34] 游戏局数 0,总局数 4
[19:22:34] broad >>>>>>>>>>>>>>>>>>>>>>>>>>>>>>> message 71 size 8
[19:22:35] 1:20436 ready
[19:22:35] 0:20024 ready
[19:22:35] *****************游戏开始***************
[19:22:35] [0][20024]连庄局数 1,总局数1
[19:22:35] [1][20436]连庄局数 0,总局数1
[19:22:35] 通知 庄家 0 坐庄次数 1
[19:22:35] broad >>>>>>>>>>>>>>>>>>>>>>>>>>>>>>> message 69 size 1
[19:22:35] 游戏局数 1,总局数 4
[19:22:35] broad >>>>>>>>>>>>>>>>>>>>>>>>>>>>>>> message 71 size 8
[19:22:35] broad >>>>>>>>>>>>>>>>>>>>>>>>>>>>>>> message 51 size 0
[19:22:39] recv  55 <<<<<<<<<<<<<<<<<<<<<<<<<<<<<<< 1
[19:22:39] userbet 20436  在3 下了 10,累计下注 10
[19:22:39] broad >>>>>>>>>>>>>>>>>>>>>>>>>>>>>>> message 56 size 6
[19:22:39] 区域 0  总下注0
[19:22:39] 区域 1  总下注0
[19:22:39] 区域 2  总下注0
[19:22:39] 区域 3  总下注10
[19:22:39] 区域 4  总下注0
[19:22:39] 区域 5  总下注0
[19:22:39] send >>>>>>>>>>>>>>>>>>>>>>>>>>>>>>> 0 message 57 size 112
[19:22:39] 玩家20436在区域 0  总下注0
[19:22:39] 玩家20436在区域 1  总下注0
[19:22:39] 玩家20436在区域 2  总下注0
[19:22:39] 玩家20436在区域 3  总下注10
[19:22:39] 玩家20436在区域 4  总下注0
[19:22:39] 玩家20436在区域 5  总下注0
[19:22:39] 玩家20436 总下注10
[19:22:39] send >>>>>>>>>>>>>>>>>>>>>>>>>>>>>>> 1 message 57 size 112
[19:22:39] recv  55 <<<<<<<<<<<<<<<<<<<<<<<<<<<<<<< 1
[19:22:39] userbet 20436  在5 下了 10,累计下注 20
[19:22:39] broad >>>>>>>>>>>>>>>>>>>>>>>>>>>>>>> message 56 size 6
[19:22:39] 区域 0  总下注0
[19:22:39] 区域 1  总下注0
[19:22:39] 区域 2  总下注0
[19:22:39] 区域 3  总下注10
[19:22:39] 区域 4  总下注0
[19:22:39] 区域 5  总下注10
[19:22:39] send >>>>>>>>>>>>>>>>>>>>>>>>>>>>>>> 0 message 57 size 112
[19:22:39] 玩家20436在区域 0  总下注0
[19:22:39] 玩家20436在区域 1  总下注0
[19:22:39] 玩家20436在区域 2  总下注0
[19:22:39] 玩家20436在区域 3  总下注10
[19:22:39] 玩家20436在区域 4  总下注0
[19:22:39] 玩家20436在区域 5  总下注10
[19:22:39] 玩家20436 总下注20
[19:22:39] send >>>>>>>>>>>>>>>>>>>>>>>>>>>>>>> 1 message 57 size 112
[19:22:39] recv  55 <<<<<<<<<<<<<<<<<<<<<<<<<<<<<<< 1
[19:22:39] userbet 20436  在1 下了 10,累计下注 30
[19:22:39] broad >>>>>>>>>>>>>>>>>>>>>>>>>>>>>>> message 56 size 6
[19:22:39] 区域 0  总下注0
[19:22:39] 区域 1  总下注10
[19:22:39] 区域 2  总下注0
[19:22:39] 区域 3  总下注10
[19:22:39] 区域 4  总下注0
[19:22:39] 区域 5  总下注10
[19:22:39] send >>>>>>>>>>>>>>>>>>>>>>>>>>>>>>> 0 message 57 size 112
[19:22:39] 玩家20436在区域 0  总下注0
[19:22:39] 玩家20436在区域 1  总下注10
[19:22:39] 玩家20436在区域 2  总下注0
[19:22:39] 玩家20436在区域 3  总下注10
[19:22:39] 玩家20436在区域 4  总下注0
[19:22:39] 玩家20436在区域 5  总下注10
[19:22:39] 玩家20436 总下注30
[19:22:39] send >>>>>>>>>>>>>>>>>>>>>>>>>>>>>>> 1 message 57 size 112
[19:22:39] recv  55 <<<<<<<<<<<<<<<<<<<<<<<<<<<<<<< 1
[19:22:39] userbet 20436  在4 下了 10,累计下注 40
[19:22:39] broad >>>>>>>>>>>>>>>>>>>>>>>>>>>>>>> message 56 size 6
[19:22:39] 区域 0  总下注0
[19:22:39] 区域 1  总下注10
[19:22:39] 区域 2  总下注0
[19:22:39] 区域 3  总下注10
[19:22:39] 区域 4  总下注10
[19:22:39] 区域 5  总下注10
[19:22:39] send >>>>>>>>>>>>>>>>>>>>>>>>>>>>>>> 0 message 57 size 112
[19:22:39] 玩家20436在区域 0  总下注0
[19:22:39] 玩家20436在区域 1  总下注10
[19:22:39] 玩家20436在区域 2  总下注0
[19:22:39] 玩家20436在区域 3  总下注10
[19:22:39] 玩家20436在区域 4  总下注10
[19:22:39] 玩家20436在区域 5  总下注10
[19:22:39] 玩家20436 总下注40
[19:22:39] send >>>>>>>>>>>>>>>>>>>>>>>>>>>>>>> 1 message 57 size 112
[19:22:40] recv  55 <<<<<<<<<<<<<<<<<<<<<<<<<<<<<<< 1
[19:22:40] userbet 20436  在4 下了 10,累计下注 50
[19:22:40] broad >>>>>>>>>>>>>>>>>>>>>>>>>>>>>>> message 56 size 6
[19:22:40] 区域 0  总下注0
[19:22:40] 区域 1  总下注10
[19:22:40] 区域 2  总下注0
[19:22:40] 区域 3  总下注10
[19:22:40] 区域 4  总下注20
[19:22:40] 区域 5  总下注10
[19:22:40] send >>>>>>>>>>>>>>>>>>>>>>>>>>>>>>> 0 message 57 size 112
[19:22:40] 玩家20436在区域 0  总下注0
[19:22:40] 玩家20436在区域 1  总下注10
[19:22:40] 玩家20436在区域 2  总下注0
[19:22:40] 玩家20436在区域 3  总下注10
[19:22:40] 玩家20436在区域 4  总下注20
[19:22:40] 玩家20436在区域 5  总下注10
[19:22:40] 玩家20436 总下注50
[19:22:40] send >>>>>>>>>>>>>>>>>>>>>>>>>>>>>>> 1 message 57 size 112
[19:22:40] recv  55 <<<<<<<<<<<<<<<<<<<<<<<<<<<<<<< 1
[19:22:40] userbet 20436  在2 下了 10,累计下注 60
[19:22:40] broad >>>>>>>>>>>>>>>>>>>>>>>>>>>>>>> message 56 size 6
[19:22:40] 区域 0  总下注0
[19:22:40] 区域 1  总下注10
[19:22:40] 区域 2  总下注10
[19:22:40] 区域 3  总下注10
[19:22:40] 区域 4  总下注20
[19:22:40] 区域 5  总下注10
[19:22:40] send >>>>>>>>>>>>>>>>>>>>>>>>>>>>>>> 0 message 57 size 112
[19:22:40] 玩家20436在区域 0  总下注0
[19:22:40] 玩家20436在区域 1  总下注10
[19:22:40] 玩家20436在区域 2  总下注10
[19:22:40] 玩家20436在区域 3  总下注10
[19:22:40] 玩家20436在区域 4  总下注20
[19:22:40] 玩家20436在区域 5  总下注10
[19:22:40] 玩家20436 总下注60
[19:22:40] send >>>>>>>>>>>>>>>>>>>>>>>>>>>>>>> 1 message 57 size 112
[19:22:40] recv  55 <<<<<<<<<<<<<<<<<<<<<<<<<<<<<<< 1
[19:22:40] userbet 20436  在5 下了 10,累计下注 70
[19:22:40] broad >>>>>>>>>>>>>>>>>>>>>>>>>>>>>>> message 56 size 6
[19:22:40] 区域 0  总下注0
[19:22:40] 区域 1  总下注10
[19:22:40] 区域 2  总下注10
[19:22:40] 区域 3  总下注10
[19:22:40] 区域 4  总下注20
[19:22:40] 区域 5  总下注20
[19:22:40] send >>>>>>>>>>>>>>>>>>>>>>>>>>>>>>> 0 message 57 size 112
[19:22:40] 玩家20436在区域 0  总下注0
[19:22:40] 玩家20436在区域 1  总下注10
[19:22:40] 玩家20436在区域 2  总下注10
[19:22:40] 玩家20436在区域 3  总下注10
[19:22:40] 玩家20436在区域 4  总下注20
[19:22:40] 玩家20436在区域 5  总下注20
[19:22:40] 玩家20436 总下注70
[19:22:40] send >>>>>>>>>>>>>>>>>>>>>>>>>>>>>>> 1 message 57 size 112
[19:22:40] recv  55 <<<<<<<<<<<<<<<<<<<<<<<<<<<<<<< 1
[19:22:40] userbet 20436  在0 下了 10,累计下注 80
[19:22:40] broad >>>>>>>>>>>>>>>>>>>>>>>>>>>>>>> message 56 size 6
[19:22:40] 区域 0  总下注10
[19:22:40] 区域 1  总下注10
[19:22:40] 区域 2  总下注10
[19:22:40] 区域 3  总下注10
[19:22:40] 区域 4  总下注20
[19:22:40] 区域 5  总下注20
[19:22:40] send >>>>>>>>>>>>>>>>>>>>>>>>>>>>>>> 0 message 57 size 112
[19:22:40] 玩家20436在区域 0  总下注10
[19:22:40] 玩家20436在区域 1  总下注10
[19:22:40] 玩家20436在区域 2  总下注10
[19:22:40] 玩家20436在区域 3  总下注10
[19:22:40] 玩家20436在区域 4  总下注20
[19:22:40] 玩家20436在区域 5  总下注20
[19:22:40] 玩家20436 总下注80
[19:22:40] send >>>>>>>>>>>>>>>>>>>>>>>>>>>>>>> 1 message 57 size 112
[19:22:40] recv  55 <<<<<<<<<<<<<<<<<<<<<<<<<<<<<<< 1
[19:22:40] userbet 20436  在2 下了 10,累计下注 90
[19:22:40] broad >>>>>>>>>>>>>>>>>>>>>>>>>>>>>>> message 56 size 6
[19:22:40] 区域 0  总下注10
[19:22:40] 区域 1  总下注10
[19:22:40] 区域 2  总下注20
[19:22:40] 区域 3  总下注10
[19:22:40] 区域 4  总下注20
[19:22:40] 区域 5  总下注20
[19:22:40] send >>>>>>>>>>>>>>>>>>>>>>>>>>>>>>> 0 message 57 size 112
[19:22:40] 玩家20436在区域 0  总下注10
[19:22:40] 玩家20436在区域 1  总下注10
[19:22:40] 玩家20436在区域 2  总下注20
[19:22:40] 玩家20436在区域 3  总下注10
[19:22:40] 玩家20436在区域 4  总下注20
[19:22:40] 玩家20436在区域 5  总下注20
[19:22:40] 玩家20436 总下注90
[19:22:40] send >>>>>>>>>>>>>>>>>>>>>>>>>>>>>>> 1 message 57 size 112
[19:22:41] recv  55 <<<<<<<<<<<<<<<<<<<<<<<<<<<<<<< 1
[19:22:41] userbet 20436  在2 下了 10,累计下注 100
[19:22:41] broad >>>>>>>>>>>>>>>>>>>>>>>>>>>>>>> message 56 size 6
[19:22:41] 区域 0  总下注10
[19:22:41] 区域 1  总下注10
[19:22:41] 区域 2  总下注30
[19:22:41] 区域 3  总下注10
[19:22:41] 区域 4  总下注20
[19:22:41] 区域 5  总下注20
[19:22:41] send >>>>>>>>>>>>>>>>>>>>>>>>>>>>>>> 0 message 57 size 112
[19:22:41] 玩家20436在区域 0  总下注10
[19:22:41] 玩家20436在区域 1  总下注10
[19:22:41] 玩家20436在区域 2  总下注30
[19:22:41] 玩家20436在区域 3  总下注10
[19:22:41] 玩家20436在区域 4  总下注20
[19:22:41] 玩家20436在区域 5  总下注20
[19:22:41] 玩家20436 总下注100
[19:22:41] send >>>>>>>>>>>>>>>>>>>>>>>>>>>>>>> 1 message 57 size 112
[19:22:41] recv  55 <<<<<<<<<<<<<<<<<<<<<<<<<<<<<<< 1
[19:22:41] userbet 20436  在0 下了 10,累计下注 110
[19:22:41] broad >>>>>>>>>>>>>>>>>>>>>>>>>>>>>>> message 56 size 6
[19:22:41] 区域 0  总下注20
[19:22:41] 区域 1  总下注10
[19:22:41] 区域 2  总下注30
[19:22:41] 区域 3  总下注10
[19:22:41] 区域 4  总下注20
[19:22:41] 区域 5  总下注20
[19:22:41] send >>>>>>>>>>>>>>>>>>>>>>>>>>>>>>> 0 message 57 size 112
[19:22:41] 玩家20436在区域 0  总下注20
[19:22:41] 玩家20436在区域 1  总下注10
[19:22:41] 玩家20436在区域 2  总下注30
[19:22:41] 玩家20436在区域 3  总下注10
[19:22:41] 玩家20436在区域 4  总下注20
[19:22:41] 玩家20436在区域 5  总下注20
[19:22:41] 玩家20436 总下注110
[19:22:41] send >>>>>>>>>>>>>>>>>>>>>>>>>>>>>>> 1 message 57 size 112
[19:22:41] recv  55 <<<<<<<<<<<<<<<<<<<<<<<<<<<<<<< 1
[19:22:41] userbet 20436  在3 下了 10,累计下注 120
[19:22:41] broad >>>>>>>>>>>>>>>>>>>>>>>>>>>>>>> message 56 size 6
[19:22:41] 区域 0  总下注20
[19:22:41] 区域 1  总下注10
[19:22:41] 区域 2  总下注30
[19:22:41] 区域 3  总下注20
[19:22:41] 区域 4  总下注20
[19:22:41] 区域 5  总下注20
[19:22:41] send >>>>>>>>>>>>>>>>>>>>>>>>>>>>>>> 0 message 57 size 112
[19:22:41] 玩家20436在区域 0  总下注20
[19:22:41] 玩家20436在区域 1  总下注10
[19:22:41] 玩家20436在区域 2  总下注30
[19:22:41] 玩家20436在区域 3  总下注20
[19:22:41] 玩家20436在区域 4  总下注20
[19:22:41] 玩家20436在区域 5  总下注20
[19:22:41] 玩家20436 总下注120
[19:22:41] send >>>>>>>>>>>>>>>>>>>>>>>>>>>>>>> 1 message 57 size 112
[19:22:42] recv  55 <<<<<<<<<<<<<<<<<<<<<<<<<<<<<<< 1
[19:22:42] userbet 20436  在0 下了 10,累计下注 130
[19:22:42] broad >>>>>>>>>>>>>>>>>>>>>>>>>>>>>>> message 56 size 6
[19:22:42] 区域 0  总下注30
[19:22:42] 区域 1  总下注10
[19:22:42] 区域 2  总下注30
[19:22:42] 区域 3  总下注20
[19:22:42] 区域 4  总下注20
[19:22:42] 区域 5  总下注20
[19:22:42] send >>>>>>>>>>>>>>>>>>>>>>>>>>>>>>> 0 message 57 size 112
[19:22:42] 玩家20436在区域 0  总下注30
[19:22:42] 玩家20436在区域 1  总下注10
[19:22:42] 玩家20436在区域 2  总下注30
[19:22:42] 玩家20436在区域 3  总下注20
[19:22:42] 玩家20436在区域 4  总下注20
[19:22:42] 玩家20436在区域 5  总下注20
[19:22:42] 玩家20436 总下注130
[19:22:42] send >>>>>>>>>>>>>>>>>>>>>>>>>>>>>>> 1 message 57 size 112
[19:22:42] recv  55 <<<<<<<<<<<<<<<<<<<<<<<<<<<<<<< 1
[19:22:42] userbet 20436  在0 下了 10,累计下注 140
[19:22:42] broad >>>>>>>>>>>>>>>>>>>>>>>>>>>>>>> message 56 size 6
[19:22:42] 区域 0  总下注40
[19:22:42] 区域 1  总下注10
[19:22:42] 区域 2  总下注30
[19:22:42] 区域 3  总下注20
[19:22:42] 区域 4  总下注20
[19:22:42] 区域 5  总下注20
[19:22:42] send >>>>>>>>>>>>>>>>>>>>>>>>>>>>>>> 0 message 57 size 112
[19:22:42] 玩家20436在区域 0  总下注40
[19:22:42] 玩家20436在区域 1  总下注10
[19:22:42] 玩家20436在区域 2  总下注30
[19:22:42] 玩家20436在区域 3  总下注20
[19:22:42] 玩家20436在区域 4  总下注20
[19:22:42] 玩家20436在区域 5  总下注20
[19:22:42] 玩家20436 总下注140
[19:22:42] send >>>>>>>>>>>>>>>>>>>>>>>>>>>>>>> 1 message 57 size 112
[19:22:42] recv  55 <<<<<<<<<<<<<<<<<<<<<<<<<<<<<<< 1
[19:22:42] userbet 20436  在3 下了 10,累计下注 150
[19:22:42] broad >>>>>>>>>>>>>>>>>>>>>>>>>>>>>>> message 56 size 6
[19:22:42] 区域 0  总下注40
[19:22:42] 区域 1  总下注10
[19:22:42] 区域 2  总下注30
[19:22:42] 区域 3  总下注30
[19:22:42] 区域 4  总下注20
[19:22:42] 区域 5  总下注20
[19:22:42] send >>>>>>>>>>>>>>>>>>>>>>>>>>>>>>> 0 message 57 size 112
[19:22:42] 玩家20436在区域 0  总下注40
[19:22:42] 玩家20436在区域 1  总下注10
[19:22:42] 玩家20436在区域 2  总下注30
[19:22:42] 玩家20436在区域 3  总下注30
[19:22:42] 玩家20436在区域 4  总下注20
[19:22:42] 玩家20436在区域 5  总下注20
[19:22:42] 玩家20436 总下注150
[19:22:42] send >>>>>>>>>>>>>>>>>>>>>>>>>>>>>>> 1 message 57 size 112
[19:22:42] recv  55 <<<<<<<<<<<<<<<<<<<<<<<<<<<<<<< 1
[19:22:42] userbet 20436  在5 下了 10,累计下注 160
[19:22:42] broad >>>>>>>>>>>>>>>>>>>>>>>>>>>>>>> message 56 size 6
[19:22:42] 区域 0  总下注40
[19:22:42] 区域 1  总下注10
[19:22:42] 区域 2  总下注30
[19:22:42] 区域 3  总下注30
[19:22:42] 区域 4  总下注20
[19:22:42] 区域 5  总下注30
[19:22:42] send >>>>>>>>>>>>>>>>>>>>>>>>>>>>>>> 0 message 57 size 112
[19:22:42] 玩家20436在区域 0  总下注40
[19:22:42] 玩家20436在区域 1  总下注10
[19:22:42] 玩家20436在区域 2  总下注30
[19:22:42] 玩家20436在区域 3  总下注30
[19:22:42] 玩家20436在区域 4  总下注20
[19:22:42] 玩家20436在区域 5  总下注30
[19:22:42] 玩家20436 总下注160
[19:22:42] send >>>>>>>>>>>>>>>>>>>>>>>>>>>>>>> 1 message 57 size 112
[19:22:42] recv  55 <<<<<<<<<<<<<<<<<<<<<<<<<<<<<<< 1
[19:22:42] userbet 20436  在1 下了 10,累计下注 170
[19:22:42] broad >>>>>>>>>>>>>>>>>>>>>>>>>>>>>>> message 56 size 6
[19:22:42] 区域 0  总下注40
[19:22:42] 区域 1  总下注20
[19:22:42] 区域 2  总下注30
[19:22:42] 区域 3  总下注30
[19:22:42] 区域 4  总下注20
[19:22:42] 区域 5  总下注30
[19:22:42] send >>>>>>>>>>>>>>>>>>>>>>>>>>>>>>> 0 message 57 size 112
[19:22:42] 玩家20436在区域 0  总下注40
[19:22:42] 玩家20436在区域 1  总下注20
[19:22:42] 玩家20436在区域 2  总下注30
[19:22:42] 玩家20436在区域 3  总下注30
[19:22:42] 玩家20436在区域 4  总下注20
[19:22:42] 玩家20436在区域 5  总下注30
[19:22:42] 玩家20436 总下注170
[19:22:42] send >>>>>>>>>>>>>>>>>>>>>>>>>>>>>>> 1 message 57 size 112
[19:22:43] recv  55 <<<<<<<<<<<<<<<<<<<<<<<<<<<<<<< 1
[19:22:43] userbet 20436  在2 下了 10,累计下注 180
[19:22:43] broad >>>>>>>>>>>>>>>>>>>>>>>>>>>>>>> message 56 size 6
[19:22:43] 区域 0  总下注40
[19:22:43] 区域 1  总下注20
[19:22:43] 区域 2  总下注40
[19:22:43] 区域 3  总下注30
[19:22:43] 区域 4  总下注20
[19:22:43] 区域 5  总下注30
[19:22:43] send >>>>>>>>>>>>>>>>>>>>>>>>>>>>>>> 0 message 57 size 112
[19:22:43] 玩家20436在区域 0  总下注40
[19:22:43] 玩家20436在区域 1  总下注20
[19:22:43] 玩家20436在区域 2  总下注40
[19:22:43] 玩家20436在区域 3  总下注30
[19:22:43] 玩家20436在区域 4  总下注20
[19:22:43] 玩家20436在区域 5  总下注30
[19:22:43] 玩家20436 总下注180
[19:22:43] send >>>>>>>>>>>>>>>>>>>>>>>>>>>>>>> 1 message 57 size 112
[19:22:43] recv  55 <<<<<<<<<<<<<<<<<<<<<<<<<<<<<<< 1
[19:22:43] userbet 20436  在2 下了 10,累计下注 190
[19:22:43] broad >>>>>>>>>>>>>>>>>>>>>>>>>>>>>>> message 56 size 6
[19:22:43] 区域 0  总下注40
[19:22:43] 区域 1  总下注20
[19:22:43] 区域 2  总下注50
[19:22:43] 区域 3  总下注30
[19:22:43] 区域 4  总下注20
[19:22:43] 区域 5  总下注30
[19:22:43] send >>>>>>>>>>>>>>>>>>>>>>>>>>>>>>> 0 message 57 size 112
[19:22:43] 玩家20436在区域 0  总下注40
[19:22:43] 玩家20436在区域 1  总下注20
[19:22:43] 玩家20436在区域 2  总下注50
[19:22:43] 玩家20436在区域 3  总下注30
[19:22:43] 玩家20436在区域 4  总下注20
[19:22:43] 玩家20436在区域 5  总下注30
[19:22:43] 玩家20436 总下注190
[19:22:43] send >>>>>>>>>>>>>>>>>>>>>>>>>>>>>>> 1 message 57 size 112
[19:22:43] recv  55 <<<<<<<<<<<<<<<<<<<<<<<<<<<<<<< 1
[19:22:43] userbet 20436  在4 下了 10,累计下注 200
[19:22:43] broad >>>>>>>>>>>>>>>>>>>>>>>>>>>>>>> message 56 size 6
[19:22:43] 区域 0  总下注40
[19:22:43] 区域 1  总下注20
[19:22:43] 区域 2  总下注50
[19:22:43] 区域 3  总下注30
[19:22:43] 区域 4  总下注30
[19:22:43] 区域 5  总下注30
[19:22:43] send >>>>>>>>>>>>>>>>>>>>>>>>>>>>>>> 0 message 57 size 112
[19:22:43] 玩家20436在区域 0  总下注40
[19:22:43] 玩家20436在区域 1  总下注20
[19:22:43] 玩家20436在区域 2  总下注50
[19:22:43] 玩家20436在区域 3  总下注30
[19:22:43] 玩家20436在区域 4  总下注30
[19:22:43] 玩家20436在区域 5  总下注30
[19:22:43] 玩家20436 总下注200
[19:22:43] send >>>>>>>>>>>>>>>>>>>>>>>>>>>>>>> 1 message 57 size 112
[19:22:43] recv  55 <<<<<<<<<<<<<<<<<<<<<<<<<<<<<<< 1
[19:22:43] userbet 20436  在5 下了 10,累计下注 210
[19:22:43] broad >>>>>>>>>>>>>>>>>>>>>>>>>>>>>>> message 56 size 6
[19:22:43] 区域 0  总下注40
[19:22:43] 区域 1  总下注20
[19:22:43] 区域 2  总下注50
[19:22:43] 区域 3  总下注30
[19:22:43] 区域 4  总下注30
[19:22:43] 区域 5  总下注40
[19:22:43] send >>>>>>>>>>>>>>>>>>>>>>>>>>>>>>> 0 message 57 size 112
[19:22:43] 玩家20436在区域 0  总下注40
[19:22:43] 玩家20436在区域 1  总下注20
[19:22:43] 玩家20436在区域 2  总下注50
[19:22:43] 玩家20436在区域 3  总下注30
[19:22:43] 玩家20436在区域 4  总下注30
[19:22:43] 玩家20436在区域 5  总下注40
[19:22:43] 玩家20436 总下注210
[19:22:43] send >>>>>>>>>>>>>>>>>>>>>>>>>>>>>>> 1 message 57 size 112
[19:22:45] card 0 d,7,   type 0   point 9
[19:22:45] card 1 e,2,   type 0   point 6
[19:22:45] card 2 8,6,   type 0   point 4
[19:22:45] card 3 b,6,   type 0   point 3
[19:22:45] broad >>>>>>>>>>>>>>>>>>>>>>>>>>>>>>> message 52 size 16
[19:23:0] 区域 0 结算 40
[19:23:0] 区域 1 结算 20
[19:23:0] 区域 2 结算 50
[19:23:0] 区域 3 结算 30
[19:23:0] 区域 4 结算 30
[19:23:0] 区域 5 结算 40
[19:23:0] 玩家0[20024]  结算 -210
[19:23:0] 玩家1[20436]  结算 210
[19:23:0] broad >>>>>>>>>>>>>>>>>>>>>>>>>>>>>>> message 58 size 86
[19:23:2] 玩家0[20024]  结算 -210, 分数 -210, 总分数 -210
[19:23:2] 玩家1[20436]  结算 210, 分数 210, 总分数 210
[19:23:2] ******************游戏结束********************************



[19:23:5] broad >>>>>>>>>>>>>>>>>>>>>>>>>>>>>>> message 72 size 4
[19:23:7] 0:20024 ready
[19:23:8] 1:20436 ready
[19:23:8] *****************游戏开始***************
[19:23:8] [0][20024]连庄局数 2,总局数2
[19:23:8] [1][20436]连庄局数 0,总局数2
[19:23:8] 游戏局数 2,总局数 4
[19:23:8] broad >>>>>>>>>>>>>>>>>>>>>>>>>>>>>>> message 71 size 8
[19:23:8] broad >>>>>>>>>>>>>>>>>>>>>>>>>>>>>>> message 51 size 0
[19:23:13] recv  55 <<<<<<<<<<<<<<<<<<<<<<<<<<<<<<< 1
[19:23:13] userbet 20436  在3 下了 10,累计下注 10
[19:23:13] broad >>>>>>>>>>>>>>>>>>>>>>>>>>>>>>> message 56 size 6
[19:23:13] 区域 0  总下注0
[19:23:13] 区域 1  总下注0
[19:23:13] 区域 2  总下注0
[19:23:13] 区域 3  总下注10
[19:23:13] 区域 4  总下注0
[19:23:13] 区域 5  总下注0
[19:23:13] send >>>>>>>>>>>>>>>>>>>>>>>>>>>>>>> 0 message 57 size 112
[19:23:13] 玩家20436在区域 0  总下注0
[19:23:13] 玩家20436在区域 1  总下注0
[19:23:13] 玩家20436在区域 2  总下注0
[19:23:13] 玩家20436在区域 3  总下注10
[19:23:13] 玩家20436在区域 4  总下注0
[19:23:13] 玩家20436在区域 5  总下注0
[19:23:13] 玩家20436 总下注10
[19:23:13] send >>>>>>>>>>>>>>>>>>>>>>>>>>>>>>> 1 message 57 size 112
[19:23:14] recv  55 <<<<<<<<<<<<<<<<<<<<<<<<<<<<<<< 1
[19:23:14] userbet 20436  在0 下了 10,累计下注 20
[19:23:14] broad >>>>>>>>>>>>>>>>>>>>>>>>>>>>>>> message 56 size 6
[19:23:14] 区域 0  总下注10
[19:23:14] 区域 1  总下注0
[19:23:14] 区域 2  总下注0
[19:23:14] 区域 3  总下注10
[19:23:14] 区域 4  总下注0
[19:23:14] 区域 5  总下注0
[19:23:14] send >>>>>>>>>>>>>>>>>>>>>>>>>>>>>>> 0 message 57 size 112
[19:23:14] 玩家20436在区域 0  总下注10
[19:23:14] 玩家20436在区域 1  总下注0
[19:23:14] 玩家20436在区域 2  总下注0
[19:23:14] 玩家20436在区域 3  总下注10
[19:23:14] 玩家20436在区域 4  总下注0
[19:23:14] 玩家20436在区域 5  总下注0
[19:23:14] 玩家20436 总下注20
[19:23:14] send >>>>>>>>>>>>>>>>>>>>>>>>>>>>>>> 1 message 57 size 112
[19:23:14] recv  55 <<<<<<<<<<<<<<<<<<<<<<<<<<<<<<< 1
[19:23:14] userbet 20436  在5 下了 10,累计下注 30
[19:23:14] broad >>>>>>>>>>>>>>>>>>>>>>>>>>>>>>> message 56 size 6
[19:23:14] 区域 0  总下注10
[19:23:14] 区域 1  总下注0
[19:23:14] 区域 2  总下注0
[19:23:14] 区域 3  总下注10
[19:23:14] 区域 4  总下注0
[19:23:14] 区域 5  总下注10
[19:23:14] send >>>>>>>>>>>>>>>>>>>>>>>>>>>>>>> 0 message 57 size 112
[19:23:14] 玩家20436在区域 0  总下注10
[19:23:14] 玩家20436在区域 1  总下注0
[19:23:14] 玩家20436在区域 2  总下注0
[19:23:14] 玩家20436在区域 3  总下注10
[19:23:14] 玩家20436在区域 4  总下注0
[19:23:14] 玩家20436在区域 5  总下注10
[19:23:14] 玩家20436 总下注30
[19:23:14] send >>>>>>>>>>>>>>>>>>>>>>>>>>>>>>> 1 message 57 size 112
[19:23:14] recv  55 <<<<<<<<<<<<<<<<<<<<<<<<<<<<<<< 1
[19:23:14] userbet 20436  在1 下了 10,累计下注 40
[19:23:14] broad >>>>>>>>>>>>>>>>>>>>>>>>>>>>>>> message 56 size 6
[19:23:14] 区域 0  总下注10
[19:23:14] 区域 1  总下注10
[19:23:14] 区域 2  总下注0
[19:23:14] 区域 3  总下注10
[19:23:14] 区域 4  总下注0
[19:23:14] 区域 5  总下注10
[19:23:14] send >>>>>>>>>>>>>>>>>>>>>>>>>>>>>>> 0 message 57 size 112
[19:23:14] 玩家20436在区域 0  总下注10
[19:23:14] 玩家20436在区域 1  总下注10
[19:23:14] 玩家20436在区域 2  总下注0
[19:23:14] 玩家20436在区域 3  总下注10
[19:23:14] 玩家20436在区域 4  总下注0
[19:23:14] 玩家20436在区域 5  总下注10
[19:23:14] 玩家20436 总下注40
[19:23:14] send >>>>>>>>>>>>>>>>>>>>>>>>>>>>>>> 1 message 57 size 112
[19:23:14] recv  55 <<<<<<<<<<<<<<<<<<<<<<<<<<<<<<< 1
[19:23:14] userbet 20436  在2 下了 10,累计下注 50
[19:23:14] broad >>>>>>>>>>>>>>>>>>>>>>>>>>>>>>> message 56 size 6
[19:23:14] 区域 0  总下注10
[19:23:14] 区域 1  总下注10
[19:23:14] 区域 2  总下注10
[19:23:14] 区域 3  总下注10
[19:23:14] 区域 4  总下注0
[19:23:14] 区域 5  总下注10
[19:23:14] send >>>>>>>>>>>>>>>>>>>>>>>>>>>>>>> 0 message 57 size 112
[19:23:14] 玩家20436在区域 0  总下注10
[19:23:14] 玩家20436在区域 1  总下注10
[19:23:14] 玩家20436在区域 2  总下注10
[19:23:14] 玩家20436在区域 3  总下注10
[19:23:14] 玩家20436在区域 4  总下注0
[19:23:14] 玩家20436在区域 5  总下注10
[19:23:14] 玩家20436 总下注50
[19:23:14] send >>>>>>>>>>>>>>>>>>>>>>>>>>>>>>> 1 message 57 size 112
[19:23:15] recv  55 <<<<<<<<<<<<<<<<<<<<<<<<<<<<<<< 1
[19:23:15] userbet 20436  在4 下了 10,累计下注 60
[19:23:15] broad >>>>>>>>>>>>>>>>>>>>>>>>>>>>>>> message 56 size 6
[19:23:15] 区域 0  总下注10
[19:23:15] 区域 1  总下注10
[19:23:15] 区域 2  总下注10
[19:23:15] 区域 3  总下注10
[19:23:15] 区域 4  总下注10
[19:23:15] 区域 5  总下注10
[19:23:15] send >>>>>>>>>>>>>>>>>>>>>>>>>>>>>>> 0 message 57 size 112
[19:23:15] 玩家20436在区域 0  总下注10
[19:23:15] 玩家20436在区域 1  总下注10
[19:23:15] 玩家20436在区域 2  总下注10
[19:23:15] 玩家20436在区域 3  总下注10
[19:23:15] 玩家20436在区域 4  总下注10
[19:23:15] 玩家20436在区域 5  总下注10
[19:23:15] 玩家20436 总下注60
[19:23:15] send >>>>>>>>>>>>>>>>>>>>>>>>>>>>>>> 1 message 57 size 112
[19:23:18] card 0 13,3,   type 0   point 9
[19:23:18] card 1 9,10,   type 0   point 4
[19:23:18] card 2 b,11,   type 0   point 5
[19:23:18] card 3 6,2,   type 0   point 2
[19:23:18] broad >>>>>>>>>>>>>>>>>>>>>>>>>>>>>>> message 52 size 16
[19:23:33] 区域 0 结算 10
[19:23:33] 区域 1 结算 10
[19:23:33] 区域 2 结算 10
[19:23:33] 区域 3 结算 10
[19:23:33] 区域 4 结算 10
[19:23:33] 区域 5 结算 10
[19:23:33] 玩家0[20024]  结算 -60
[19:23:33] 玩家1[20436]  结算 60
[19:23:33] broad >>>>>>>>>>>>>>>>>>>>>>>>>>>>>>> message 58 size 86
[19:23:35] 玩家0[20024]  结算 -60, 分数 -60, 总分数 -270
[19:23:35] 玩家1[20436]  结算 60, 分数 60, 总分数 270
[19:23:35] ******************游戏结束********************************



[19:23:43] *************************小结算***********************
[19:23:43] [Phone20436,20436] [闲] 输赢金币 270 ,排名 0
[19:23:43] [Phone20024,20024] [庄] 输赢金币 -270 ,排名 1
[19:23:43] broad >>>>>>>>>>>>>>>>>>>>>>>>>>>>>>> message 73 size 44
[19:23:43] user[20024] 坐庄次数 2,每个人当庄次数2 
[19:23:43] user[20436] 坐庄次数 0,每个人当庄次数2 
[19:23:43] broad >>>>>>>>>>>>>>>>>>>>>>>>>>>>>>> message 72 size 4
[19:23:45] 1:20436 ready
[19:23:46] 0:20024 ready
[19:23:46] *****************游戏开始***************
[19:23:46] [0][20024]连庄局数 2,总局数3
[19:23:46] [1][20436]连庄局数 1,总局数3
[19:23:46] 通知 庄家 1 坐庄次数 1
[19:23:46] broad >>>>>>>>>>>>>>>>>>>>>>>>>>>>>>> message 69 size 1
[19:23:46] 游戏局数 3,总局数 4
[19:23:46] broad >>>>>>>>>>>>>>>>>>>>>>>>>>>>>>> message 71 size 8
[19:23:46] broad >>>>>>>>>>>>>>>>>>>>>>>>>>>>>>> message 51 size 0
[19:23:54] recv  55 <<<<<<<<<<<<<<<<<<<<<<<<<<<<<<< 0
[19:23:54] userbet 20024  在3 下了 10,累计下注 10
[19:23:54] broad >>>>>>>>>>>>>>>>>>>>>>>>>>>>>>> message 56 size 6
[19:23:54] 区域 0  总下注0
[19:23:54] 区域 1  总下注0
[19:23:54] 区域 2  总下注0
[19:23:54] 区域 3  总下注10
[19:23:54] 区域 4  总下注0
[19:23:54] 区域 5  总下注0
[19:23:54] 玩家20024在区域 0  总下注0
[19:23:54] 玩家20024在区域 1  总下注0
[19:23:54] 玩家20024在区域 2  总下注0
[19:23:54] 玩家20024在区域 3  总下注10
[19:23:54] 玩家20024在区域 4  总下注0
[19:23:54] 玩家20024在区域 5  总下注0
[19:23:54] 玩家20024 总下注10
[19:23:54] send >>>>>>>>>>>>>>>>>>>>>>>>>>>>>>> 0 message 57 size 112
[19:23:54] send >>>>>>>>>>>>>>>>>>>>>>>>>>>>>>> 1 message 57 size 112
[19:23:55] recv  55 <<<<<<<<<<<<<<<<<<<<<<<<<<<<<<< 0
[19:23:55] userbet 20024  在0 下了 10,累计下注 20
[19:23:55] broad >>>>>>>>>>>>>>>>>>>>>>>>>>>>>>> message 56 size 6
[19:23:55] 区域 0  总下注10
[19:23:55] 区域 1  总下注0
[19:23:55] 区域 2  总下注0
[19:23:55] 区域 3  总下注10
[19:23:55] 区域 4  总下注0
[19:23:55] 区域 5  总下注0
[19:23:55] 玩家20024在区域 0  总下注10
[19:23:55] 玩家20024在区域 1  总下注0
[19:23:55] 玩家20024在区域 2  总下注0
[19:23:55] 玩家20024在区域 3  总下注10
[19:23:55] 玩家20024在区域 4  总下注0
[19:23:55] 玩家20024在区域 5  总下注0
[19:23:55] 玩家20024 总下注20
[19:23:55] send >>>>>>>>>>>>>>>>>>>>>>>>>>>>>>> 0 message 57 size 112
[19:23:55] send >>>>>>>>>>>>>>>>>>>>>>>>>>>>>>> 1 message 57 size 112
[19:23:55] recv  55 <<<<<<<<<<<<<<<<<<<<<<<<<<<<<<< 0
[19:23:55] userbet 20024  在5 下了 10,累计下注 30
[19:23:55] broad >>>>>>>>>>>>>>>>>>>>>>>>>>>>>>> message 56 size 6
[19:23:55] 区域 0  总下注10
[19:23:55] 区域 1  总下注0
[19:23:55] 区域 2  总下注0
[19:23:55] 区域 3  总下注10
[19:23:55] 区域 4  总下注0
[19:23:55] 区域 5  总下注10
[19:23:55] 玩家20024在区域 0  总下注10
[19:23:55] 玩家20024在区域 1  总下注0
[19:23:55] 玩家20024在区域 2  总下注0
[19:23:55] 玩家20024在区域 3  总下注10
[19:23:55] 玩家20024在区域 4  总下注0
[19:23:55] 玩家20024在区域 5  总下注10
[19:23:55] 玩家20024 总下注30
[19:23:55] send >>>>>>>>>>>>>>>>>>>>>>>>>>>>>>> 0 message 57 size 112
[19:23:55] send >>>>>>>>>>>>>>>>>>>>>>>>>>>>>>> 1 message 57 size 112
[19:23:55] recv  55 <<<<<<<<<<<<<<<<<<<<<<<<<<<<<<< 0
[19:23:55] userbet 20024  在1 下了 10,累计下注 40
[19:23:55] broad >>>>>>>>>>>>>>>>>>>>>>>>>>>>>>> message 56 size 6
[19:23:55] 区域 0  总下注10
[19:23:55] 区域 1  总下注10
[19:23:55] 区域 2  总下注0
[19:23:55] 区域 3  总下注10
[19:23:55] 区域 4  总下注0
[19:23:55] 区域 5  总下注10
[19:23:55] 玩家20024在区域 0  总下注10
[19:23:55] 玩家20024在区域 1  总下注10
[19:23:55] 玩家20024在区域 2  总下注0
[19:23:55] 玩家20024在区域 3  总下注10
[19:23:55] 玩家20024在区域 4  总下注0
[19:23:55] 玩家20024在区域 5  总下注10
[19:23:55] 玩家20024 总下注40
[19:23:55] send >>>>>>>>>>>>>>>>>>>>>>>>>>>>>>> 0 message 57 size 112
[19:23:55] send >>>>>>>>>>>>>>>>>>>>>>>>>>>>>>> 1 message 57 size 112
[19:23:56] recv  55 <<<<<<<<<<<<<<<<<<<<<<<<<<<<<<< 0
[19:23:56] userbet 20024  在2 下了 10,累计下注 50
[19:23:56] broad >>>>>>>>>>>>>>>>>>>>>>>>>>>>>>> message 56 size 6
[19:23:56] 区域 0  总下注10
[19:23:56] 区域 1  总下注10
[19:23:56] 区域 2  总下注10
[19:23:56] 区域 3  总下注10
[19:23:56] 区域 4  总下注0
[19:23:56] 区域 5  总下注10
[19:23:56] 玩家20024在区域 0  总下注10
[19:23:56] 玩家20024在区域 1  总下注10
[19:23:56] 玩家20024在区域 2  总下注10
[19:23:56] 玩家20024在区域 3  总下注10
[19:23:56] 玩家20024在区域 4  总下注0
[19:23:56] 玩家20024在区域 5  总下注10
[19:23:56] 玩家20024 总下注50
[19:23:56] send >>>>>>>>>>>>>>>>>>>>>>>>>>>>>>> 0 message 57 size 112
[19:23:56] send >>>>>>>>>>>>>>>>>>>>>>>>>>>>>>> 1 message 57 size 112
[19:23:56] recv  55 <<<<<<<<<<<<<<<<<<<<<<<<<<<<<<< 0
[19:23:56] userbet 20024  在4 下了 10,累计下注 60
[19:23:56] broad >>>>>>>>>>>>>>>>>>>>>>>>>>>>>>> message 56 size 6
[19:23:56] 区域 0  总下注10
[19:23:56] 区域 1  总下注10
[19:23:56] 区域 2  总下注10
[19:23:56] 区域 3  总下注10
[19:23:56] 区域 4  总下注10
[19:23:56] 区域 5  总下注10
[19:23:56] 玩家20024在区域 0  总下注10
[19:23:56] 玩家20024在区域 1  总下注10
[19:23:56] 玩家20024在区域 2  总下注10
[19:23:56] 玩家20024在区域 3  总下注10
[19:23:56] 玩家20024在区域 4  总下注10
[19:23:56] 玩家20024在区域 5  总下注10
[19:23:56] 玩家20024 总下注60
[19:23:56] send >>>>>>>>>>>>>>>>>>>>>>>>>>>>>>> 0 message 57 size 112
[19:23:56] send >>>>>>>>>>>>>>>>>>>>>>>>>>>>>>> 1 message 57 size 112
[19:23:56] card 0 10,1,   type 0   point 9
[19:23:56] card 1 3,3,   type 25   point 8
[19:23:56] card 2 4,d,   type 0   point 8
[19:23:56] card 3 13,11,   type 0   point 8
[19:23:56] broad >>>>>>>>>>>>>>>>>>>>>>>>>>>>>>> message 52 size 16
[19:24:11] 区域 0 结算 10
[19:24:11] 区域 1 结算 10
[19:24:11] 区域 2 结算 -10
[19:24:11] 区域 3 结算 10
[19:24:11] 区域 4 结算 0
[19:24:11] 区域 5 结算 0
[19:24:11] 玩家0[20024]  结算 20
[19:24:11] 玩家1[20436]  结算 -20
[19:24:11] broad >>>>>>>>>>>>>>>>>>>>>>>>>>>>>>> message 58 size 86
[19:24:13] 玩家0[20024]  结算 20, 分数 20, 总分数 -250
[19:24:13] 玩家1[20436]  结算 -20, 分数 -20, 总分数 250
[19:24:13] ******************游戏结束********************************



[19:24:16] broad >>>>>>>>>>>>>>>>>>>>>>>>>>>>>>> message 72 size 4
[19:24:17] 1:20436 ready
[19:24:18] 0:20024 ready
[19:24:18] *****************游戏开始***************
[19:24:18] [0][20024]连庄局数 2,总局数4
[19:24:18] [1][20436]连庄局数 2,总局数4
[19:24:18] 游戏局数 4,总局数 4
[19:24:18] broad >>>>>>>>>>>>>>>>>>>>>>>>>>>>>>> message 71 size 8
[19:24:18] broad >>>>>>>>>>>>>>>>>>>>>>>>>>>>>>> message 51 size 0
[19:24:21] recv  55 <<<<<<<<<<<<<<<<<<<<<<<<<<<<<<< 0
[19:24:21] userbet 20024  在3 下了 10,累计下注 10
[19:24:21] broad >>>>>>>>>>>>>>>>>>>>>>>>>>>>>>> message 56 size 6
[19:24:21] 区域 0  总下注0
[19:24:21] 区域 1  总下注0
[19:24:21] 区域 2  总下注0
[19:24:21] 区域 3  总下注10
[19:24:21] 区域 4  总下注0
[19:24:21] 区域 5  总下注0
[19:24:21] 玩家20024在区域 0  总下注0
[19:24:21] 玩家20024在区域 1  总下注0
[19:24:21] 玩家20024在区域 2  总下注0
[19:24:21] 玩家20024在区域 3  总下注10
[19:24:21] 玩家20024在区域 4  总下注0
[19:24:21] 玩家20024在区域 5  总下注0
[19:24:21] 玩家20024 总下注10
[19:24:21] send >>>>>>>>>>>>>>>>>>>>>>>>>>>>>>> 0 message 57 size 112
[19:24:21] send >>>>>>>>>>>>>>>>>>>>>>>>>>>>>>> 1 message 57 size 112
[19:24:21] recv  55 <<<<<<<<<<<<<<<<<<<<<<<<<<<<<<< 0
[19:24:21] userbet 20024  在0 下了 10,累计下注 20
[19:24:21] broad >>>>>>>>>>>>>>>>>>>>>>>>>>>>>>> message 56 size 6
[19:24:21] 区域 0  总下注10
[19:24:21] 区域 1  总下注0
[19:24:21] 区域 2  总下注0
[19:24:21] 区域 3  总下注10
[19:24:21] 区域 4  总下注0
[19:24:21] 区域 5  总下注0
[19:24:21] 玩家20024在区域 0  总下注10
[19:24:21] 玩家20024在区域 1  总下注0
[19:24:21] 玩家20024在区域 2  总下注0
[19:24:21] 玩家20024在区域 3  总下注10
[19:24:21] 玩家20024在区域 4  总下注0
[19:24:21] 玩家20024在区域 5  总下注0
[19:24:21] 玩家20024 总下注20
[19:24:21] send >>>>>>>>>>>>>>>>>>>>>>>>>>>>>>> 0 message 57 size 112
[19:24:21] send >>>>>>>>>>>>>>>>>>>>>>>>>>>>>>> 1 message 57 size 112
[19:24:21] recv  55 <<<<<<<<<<<<<<<<<<<<<<<<<<<<<<< 0
[19:24:21] userbet 20024  在5 下了 10,累计下注 30
[19:24:21] broad >>>>>>>>>>>>>>>>>>>>>>>>>>>>>>> message 56 size 6
[19:24:21] 区域 0  总下注10
[19:24:21] 区域 1  总下注0
[19:24:21] 区域 2  总下注0
[19:24:21] 区域 3  总下注10
[19:24:21] 区域 4  总下注0
[19:24:21] 区域 5  总下注10
[19:24:21] 玩家20024在区域 0  总下注10
[19:24:21] 玩家20024在区域 1  总下注0
[19:24:21] 玩家20024在区域 2  总下注0
[19:24:21] 玩家20024在区域 3  总下注10
[19:24:21] 玩家20024在区域 4  总下注0
[19:24:21] 玩家20024在区域 5  总下注10
[19:24:21] 玩家20024 总下注30
[19:24:21] send >>>>>>>>>>>>>>>>>>>>>>>>>>>>>>> 0 message 57 size 112
[19:24:21] send >>>>>>>>>>>>>>>>>>>>>>>>>>>>>>> 1 message 57 size 112
[19:24:21] recv  55 <<<<<<<<<<<<<<<<<<<<<<<<<<<<<<< 0
[19:24:21] userbet 20024  在1 下了 10,累计下注 40
[19:24:21] broad >>>>>>>>>>>>>>>>>>>>>>>>>>>>>>> message 56 size 6
[19:24:21] 区域 0  总下注10
[19:24:21] 区域 1  总下注10
[19:24:21] 区域 2  总下注0
[19:24:21] 区域 3  总下注10
[19:24:21] 区域 4  总下注0
[19:24:21] 区域 5  总下注10
[19:24:21] 玩家20024在区域 0  总下注10
[19:24:21] 玩家20024在区域 1  总下注10
[19:24:21] 玩家20024在区域 2  总下注0
[19:24:21] 玩家20024在区域 3  总下注10
[19:24:21] 玩家20024在区域 4  总下注0
[19:24:21] 玩家20024在区域 5  总下注10
[19:24:21] 玩家20024 总下注40
[19:24:21] send >>>>>>>>>>>>>>>>>>>>>>>>>>>>>>> 0 message 57 size 112
[19:24:21] send >>>>>>>>>>>>>>>>>>>>>>>>>>>>>>> 1 message 57 size 112
[19:24:21] recv  55 <<<<<<<<<<<<<<<<<<<<<<<<<<<<<<< 0
[19:24:21] userbet 20024  在2 下了 10,累计下注 50
[19:24:21] broad >>>>>>>>>>>>>>>>>>>>>>>>>>>>>>> message 56 size 6
[19:24:21] 区域 0  总下注10
[19:24:21] 区域 1  总下注10
[19:24:21] 区域 2  总下注10
[19:24:21] 区域 3  总下注10
[19:24:21] 区域 4  总下注0
[19:24:21] 区域 5  总下注10
[19:24:21] 玩家20024在区域 0  总下注10
[19:24:21] 玩家20024在区域 1  总下注10
[19:24:21] 玩家20024在区域 2  总下注10
[19:24:21] 玩家20024在区域 3  总下注10
[19:24:21] 玩家20024在区域 4  总下注0
[19:24:21] 玩家20024在区域 5  总下注10
[19:24:21] 玩家20024 总下注50
[19:24:21] send >>>>>>>>>>>>>>>>>>>>>>>>>>>>>>> 0 message 57 size 112
[19:24:21] send >>>>>>>>>>>>>>>>>>>>>>>>>>>>>>> 1 message 57 size 112
[19:24:22] recv  55 <<<<<<<<<<<<<<<<<<<<<<<<<<<<<<< 0
[19:24:22] userbet 20024  在4 下了 10,累计下注 60
[19:24:22] broad >>>>>>>>>>>>>>>>>>>>>>>>>>>>>>> message 56 size 6
[19:24:22] 区域 0  总下注10
[19:24:22] 区域 1  总下注10
[19:24:22] 区域 2  总下注10
[19:24:22] 区域 3  总下注10
[19:24:22] 区域 4  总下注10
[19:24:22] 区域 5  总下注10
[19:24:22] 玩家20024在区域 0  总下注10
[19:24:22] 玩家20024在区域 1  总下注10
[19:24:22] 玩家20024在区域 2  总下注10
[19:24:22] 玩家20024在区域 3  总下注10
[19:24:22] 玩家20024在区域 4  总下注10
[19:24:22] 玩家20024在区域 5  总下注10
[19:24:22] 玩家20024 总下注60
[19:24:22] send >>>>>>>>>>>>>>>>>>>>>>>>>>>>>>> 0 message 57 size 112
[19:24:22] send >>>>>>>>>>>>>>>>>>>>>>>>>>>>>>> 1 message 57 size 112
[19:24:28] card 0 0,6,   type 0   point 6
[19:24:28] card 1 d,2,   type 0   point 6
[19:24:28] card 2 10,c,   type 0   point 6
[19:24:28] card 3 4,4,   type 24   point 0
[19:24:28] broad >>>>>>>>>>>>>>>>>>>>>>>>>>>>>>> message 52 size 16
[19:24:43] 区域 0 结算 -10
[19:24:43] 区域 1 结算 -10
[19:24:43] 区域 2 结算 -10
[19:24:43] 区域 3 结算 -10
[19:24:43] 区域 4 结算 -10
[19:24:43] 区域 5 结算 -10
[19:24:43] 玩家0[20024]  结算 -60
[19:24:43] 玩家1[20436]  结算 60
[19:24:43] broad >>>>>>>>>>>>>>>>>>>>>>>>>>>>>>> message 58 size 86
[19:24:45] 玩家0[20024]  结算 -60, 分数 -60, 总分数 -310
[19:24:45] 玩家1[20436]  结算 60, 分数 60, 总分数 310
[19:24:45] ******************游戏结束********************************



[19:24:53] *************************小结算***********************
[19:24:53] [Phone20436,20436] [庄] 输赢金币 40 ,排名 0
[19:24:53] [Phone20024,20024] [闲] 输赢金币 -40 ,排名 1
[19:24:53] broad >>>>>>>>>>>>>>>>>>>>>>>>>>>>>>> message 73 size 44
[19:24:53] user[20024] 坐庄次数 2,每个人当庄次数2 
[19:24:53] user[20436] 坐庄次数 2,每个人当庄次数2 
[19:24:53] *************************大结算***********************
[19:24:53] [Phone20024,20024]  输赢金币 -310 ,总分数 -310，胜局 1 ,最大胜局 1,大赢家 0
[19:24:53] [Phone20436,20436]  输赢金币 310 ,总分数 310，胜局 3 ,最大胜局 2,大赢家 1
[19:24:53] broad >>>>>>>>>>>>>>>>>>>>>>>>>>>>>>> message 70 size 68
