[13:34:11] 0:19762 sit
[13:34:12] 0:19762 onGetState
[13:34:12] send >>>>>>>>>>>>>>>>>>>>>>>>>>>>>>> 0 message 72 size 4
[13:34:12] 游戏局数 0,总局数 4
[13:34:12] broad >>>>>>>>>>>>>>>>>>>>>>>>>>>>>>> message 71 size 8
[13:34:17] 0:19762 netcut
[13:34:24] 0:19762 recome
[13:34:24] 0:19762 onGetState
[13:34:24] send >>>>>>>>>>>>>>>>>>>>>>>>>>>>>>> 0 message 72 size 4
[13:34:24] 游戏局数 0,总局数 4
[13:34:24] broad >>>>>>>>>>>>>>>>>>>>>>>>>>>>>>> message 71 size 8
[13:35:4] 1:19763 sit
[13:35:5] 1:19763 onGetState
[13:35:5] send >>>>>>>>>>>>>>>>>>>>>>>>>>>>>>> 1 message 72 size 4
[13:35:5] 游戏局数 0,总局数 4
[13:35:5] broad >>>>>>>>>>>>>>>>>>>>>>>>>>>>>>> message 71 size 8
[13:35:7] 1:19763 ready
[13:35:8] 0:19762 ready
[13:35:8] *****************游戏开始***************
[13:35:8] [0][19762]连庄局数 1,总局数1
[13:35:8] [1][19763]连庄局数 0,总局数1
[13:35:8] 通知 庄家 0 坐庄次数 1
[13:35:8] broad >>>>>>>>>>>>>>>>>>>>>>>>>>>>>>> message 69 size 1
[13:35:8] 游戏局数 1,总局数 4
[13:35:8] broad >>>>>>>>>>>>>>>>>>>>>>>>>>>>>>> message 71 size 8
[13:35:8] broad >>>>>>>>>>>>>>>>>>>>>>>>>>>>>>> message 51 size 0
[13:35:19] card 0 1,e,   type 10   point 0
[13:35:19] card 1 10,9,   type 0   point 4
[13:35:19] card 2 c,6,   type 0   point 3
[13:35:19] card 3 8,3,   type 0   point 4
[13:35:19] broad >>>>>>>>>>>>>>>>>>>>>>>>>>>>>>> message 52 size 16
[13:35:34] 区域 0 结算 0
[13:35:34] 区域 1 结算 0
[13:35:34] 区域 2 结算 0
[13:35:34] 区域 3 结算 0
[13:35:34] 区域 4 结算 0
[13:35:34] 区域 5 结算 0
[13:35:34] 玩家0[19762]  结算 0
[13:35:34] 玩家1[19763]  结算 0
[13:35:34] broad >>>>>>>>>>>>>>>>>>>>>>>>>>>>>>> message 58 size 86
[13:35:35] 玩家0[19762]  结算 0, 分数 0, 总分数 0
[13:35:35] 玩家1[19763]  结算 0, 分数 0, 总分数 0
[13:35:35] ******************游戏结束********************************



[13:35:38] broad >>>>>>>>>>>>>>>>>>>>>>>>>>>>>>> message 72 size 4
[13:35:41] 1:19763 ready
[13:35:41] 0:19762 ready
[13:35:41] *****************游戏开始***************
[13:35:41] [0][19762]连庄局数 2,总局数2
[13:35:41] [1][19763]连庄局数 0,总局数2
[13:35:41] 游戏局数 2,总局数 4
[13:35:41] broad >>>>>>>>>>>>>>>>>>>>>>>>>>>>>>> message 71 size 8
[13:35:41] broad >>>>>>>>>>>>>>>>>>>>>>>>>>>>>>> message 51 size 0
[13:35:51] card 0 0,5,   type 0   point 8
[13:35:51] card 1 f,3,   type 0   point 1
[13:35:51] card 2 2,4,   type 0   point 8
[13:35:52] card 3 1,8,   type 0   point 2
[13:35:52] broad >>>>>>>>>>>>>>>>>>>>>>>>>>>>>>> message 52 size 16
[13:36:7] 区域 0 结算 0
[13:36:7] 区域 1 结算 0
[13:36:7] 区域 2 结算 0
[13:36:7] 区域 3 结算 0
[13:36:7] 区域 4 结算 0
[13:36:7] 区域 5 结算 0
[13:36:7] 玩家0[19762]  结算 0
[13:36:7] 玩家1[19763]  结算 0
[13:36:7] broad >>>>>>>>>>>>>>>>>>>>>>>>>>>>>>> message 58 size 86
[13:36:8] 玩家0[19762]  结算 0, 分数 0, 总分数 0
[13:36:8] 玩家1[19763]  结算 0, 分数 0, 总分数 0
[13:36:8] ******************游戏结束********************************



[13:36:16] *************************小结算***********************
[13:36:16] [Phone19762,19762] [庄] 输赢金币 0 ,排名 0
[13:36:16] [Phone19763,19763] [闲] 输赢金币 0 ,排名 0
[13:36:16] broad >>>>>>>>>>>>>>>>>>>>>>>>>>>>>>> message 73 size 44
[13:36:16] user[19762] 坐庄次数 2,每个人当庄次数2 
[13:36:16] user[19763] 坐庄次数 0,每个人当庄次数2 
[13:36:16] broad >>>>>>>>>>>>>>>>>>>>>>>>>>>>>>> message 72 size 4
[13:36:19] 1:19763 ready
[13:36:19] 0:19762 ready
[13:36:19] *****************游戏开始***************
[13:36:19] [0][19762]连庄局数 2,总局数3
[13:36:19] [1][19763]连庄局数 1,总局数3
[13:36:19] 通知 庄家 1 坐庄次数 1
[13:36:19] broad >>>>>>>>>>>>>>>>>>>>>>>>>>>>>>> message 69 size 1
[13:36:19] 游戏局数 3,总局数 4
[13:36:19] broad >>>>>>>>>>>>>>>>>>>>>>>>>>>>>>> message 71 size 8
[13:36:19] broad >>>>>>>>>>>>>>>>>>>>>>>>>>>>>>> message 51 size 0
[13:36:29] card 0 2,8,   type 0   point 8
[13:36:29] card 1 11,5,   type 0   point 9
[13:36:29] card 2 6,2,   type 0   point 2
[13:36:29] card 3 7,0,   type 0   point 3
[13:36:29] broad >>>>>>>>>>>>>>>>>>>>>>>>>>>>>>> message 52 size 16
[13:36:44] 区域 0 结算 0
[13:36:44] 区域 1 结算 0
[13:36:44] 区域 2 结算 0
[13:36:44] 区域 3 结算 0
[13:36:44] 区域 4 结算 0
[13:36:44] 区域 5 结算 0
[13:36:44] 玩家0[19762]  结算 0
[13:36:44] 玩家1[19763]  结算 0
[13:36:44] broad >>>>>>>>>>>>>>>>>>>>>>>>>>>>>>> message 58 size 86
[13:36:46] 玩家0[19762]  结算 0, 分数 0, 总分数 0
[13:36:46] 玩家1[19763]  结算 0, 分数 0, 总分数 0
[13:36:46] ******************游戏结束********************************



[13:36:49] broad >>>>>>>>>>>>>>>>>>>>>>>>>>>>>>> message 72 size 4
[13:36:51] 1:19763 ready
[13:36:51] 0:19762 ready
[13:36:51] *****************游戏开始***************
[13:36:51] [0][19762]连庄局数 2,总局数4
[13:36:51] [1][19763]连庄局数 2,总局数4
[13:36:51] 游戏局数 4,总局数 4
[13:36:51] broad >>>>>>>>>>>>>>>>>>>>>>>>>>>>>>> message 71 size 8
[13:36:51] broad >>>>>>>>>>>>>>>>>>>>>>>>>>>>>>> message 51 size 0
[13:37:1] card 0 4,b,   type 0   point 9
[13:37:1] card 1 4,0,   type 0   point 2
[13:37:1] card 2 12,c,   type 0   point 4
[13:37:1] card 3 6,2,   type 0   point 2
[13:37:1] broad >>>>>>>>>>>>>>>>>>>>>>>>>>>>>>> message 52 size 16
[13:37:16] 区域 0 结算 0
[13:37:16] 区域 1 结算 0
[13:37:16] 区域 2 结算 0
[13:37:16] 区域 3 结算 0
[13:37:16] 区域 4 结算 0
[13:37:16] 区域 5 结算 0
[13:37:16] 玩家0[19762]  结算 0
[13:37:16] 玩家1[19763]  结算 0
[13:37:16] broad >>>>>>>>>>>>>>>>>>>>>>>>>>>>>>> message 58 size 86
[13:37:17] 玩家0[19762]  结算 0, 分数 0, 总分数 0
[13:37:17] 玩家1[19763]  结算 0, 分数 0, 总分数 0
[13:37:17] ******************游戏结束********************************



[13:37:25] *************************小结算***********************
[13:37:25] [Phone19762,19762] [闲] 输赢金币 0 ,排名 0
[13:37:25] [Phone19763,19763] [庄] 输赢金币 0 ,排名 0
[13:37:25] broad >>>>>>>>>>>>>>>>>>>>>>>>>>>>>>> message 73 size 44
[13:37:25] user[19762] 坐庄次数 2,每个人当庄次数2 
[13:37:25] user[19763] 坐庄次数 2,每个人当庄次数2 
[13:37:25] *************************大结算***********************
[13:37:25] [Phone19762,19762]  输赢金币 0 ,总分数 0，胜局 0 ,最大胜局 0,大赢家 0
[13:37:25] [Phone19763,19763]  输赢金币 0 ,总分数 0，胜局 0 ,最大胜局 0,大赢家 0
[13:37:25] broad >>>>>>>>>>>>>>>>>>>>>>>>>>>>>>> message 70 size 68
