[1:36:21] 0:22516 sit
[1:36:22] 0:22516 onGetState
[1:36:22] send >>>>>>>>>>>>>>>>>>>>>>>>>>>>>>> 0 message 72 size 4
[1:36:22] 游戏局数 0,总局数 4
[1:36:22] broad >>>>>>>>>>>>>>>>>>>>>>>>>>>>>>> message 71 size 8
[1:36:50] 1:22515 sit
[1:36:51] 1:22515 onGetState
[1:36:51] send >>>>>>>>>>>>>>>>>>>>>>>>>>>>>>> 1 message 72 size 4
[1:36:51] 游戏局数 0,总局数 4
[1:36:51] broad >>>>>>>>>>>>>>>>>>>>>>>>>>>>>>> message 71 size 8
[1:36:53] 1:22515 ready
[1:36:55] 0:22516 ready
[1:36:55] *****************游戏开始***************
[1:36:55] [0][22516]连庄局数 1,总局数1
[1:36:55] [1][22515]连庄局数 0,总局数1
[1:36:55] 通知 庄家 0 坐庄次数 1
[1:36:55] broad >>>>>>>>>>>>>>>>>>>>>>>>>>>>>>> message 69 size 1
[1:36:55] 游戏局数 1,总局数 4
[1:36:55] broad >>>>>>>>>>>>>>>>>>>>>>>>>>>>>>> message 71 size 8
[1:36:55] broad >>>>>>>>>>>>>>>>>>>>>>>>>>>>>>> message 51 size 0
[1:37:2] recv  55 <<<<<<<<<<<<<<<<<<<<<<<<<<<<<<< 1
[1:37:2] userbet 22515  在4 下了 1000,累计下注 1000
[1:37:2] broad >>>>>>>>>>>>>>>>>>>>>>>>>>>>>>> message 56 size 6
[1:37:2] 区域 0  总下注0
[1:37:2] 区域 1  总下注0
[1:37:2] 区域 2  总下注0
[1:37:2] 区域 3  总下注0
[1:37:2] 区域 4  总下注1000
[1:37:2] 区域 5  总下注0
[1:37:2] send >>>>>>>>>>>>>>>>>>>>>>>>>>>>>>> 0 message 57 size 112
[1:37:2] 玩家22515在区域 0  总下注0
[1:37:2] 玩家22515在区域 1  总下注0
[1:37:2] 玩家22515在区域 2  总下注0
[1:37:2] 玩家22515在区域 3  总下注0
[1:37:2] 玩家22515在区域 4  总下注1000
[1:37:2] 玩家22515在区域 5  总下注0
[1:37:2] 玩家22515 总下注1000
[1:37:2] send >>>>>>>>>>>>>>>>>>>>>>>>>>>>>>> 1 message 57 size 112
[1:37:5] card 0 f,8,   type 0   point 7
[1:37:5] card 1 8,5,   type 0   point 6
[1:37:5] card 2 6,7,   type 0   point 5
[1:37:5] card 3 13,9,   type 0   point 2
[1:37:5] broad >>>>>>>>>>>>>>>>>>>>>>>>>>>>>>> message 52 size 16
[1:37:20] 区域 0 结算 0
[1:37:20] 区域 1 结算 0
[1:37:20] 区域 2 结算 0
[1:37:20] 区域 3 结算 0
[1:37:20] 区域 4 结算 1000
[1:37:20] 区域 5 结算 0
[1:37:20] 玩家0[22516]  结算 -1000
[1:37:20] 玩家1[22515]  结算 1000
[1:37:20] broad >>>>>>>>>>>>>>>>>>>>>>>>>>>>>>> message 58 size 86
[1:37:22] 玩家0[22516]  结算 -1000, 分数 -1000, 总分数 -1000
[1:37:22] 玩家1[22515]  结算 1000, 分数 1000, 总分数 1000
[1:37:22] ******************游戏结束********************************



[1:37:25] broad >>>>>>>>>>>>>>>>>>>>>>>>>>>>>>> message 72 size 4
[1:37:27] 0:22516 ready
[1:37:28] 1:22515 ready
[1:37:28] *****************游戏开始***************
[1:37:28] [0][22516]连庄局数 2,总局数2
[1:37:28] [1][22515]连庄局数 0,总局数2
[1:37:28] 游戏局数 2,总局数 4
[1:37:28] broad >>>>>>>>>>>>>>>>>>>>>>>>>>>>>>> message 71 size 8
[1:37:28] broad >>>>>>>>>>>>>>>>>>>>>>>>>>>>>>> message 51 size 0
[1:37:36] recv  55 <<<<<<<<<<<<<<<<<<<<<<<<<<<<<<< 1
[1:37:36] userbet 22515  在1 下了 1000,累计下注 1000
[1:37:36] broad >>>>>>>>>>>>>>>>>>>>>>>>>>>>>>> message 56 size 6
[1:37:36] 区域 0  总下注0
[1:37:36] 区域 1  总下注1000
[1:37:36] 区域 2  总下注0
[1:37:36] 区域 3  总下注0
[1:37:36] 区域 4  总下注0
[1:37:36] 区域 5  总下注0
[1:37:36] send >>>>>>>>>>>>>>>>>>>>>>>>>>>>>>> 0 message 57 size 112
[1:37:36] 玩家22515在区域 0  总下注0
[1:37:36] 玩家22515在区域 1  总下注1000
[1:37:36] 玩家22515在区域 2  总下注0
[1:37:36] 玩家22515在区域 3  总下注0
[1:37:36] 玩家22515在区域 4  总下注0
[1:37:36] 玩家22515在区域 5  总下注0
[1:37:36] 玩家22515 总下注1000
[1:37:36] send >>>>>>>>>>>>>>>>>>>>>>>>>>>>>>> 1 message 57 size 112
[1:37:37] recv  55 <<<<<<<<<<<<<<<<<<<<<<<<<<<<<<< 1
[1:37:37] userbet 22515  在1 下了 1000,累计下注 2000
[1:37:37] broad >>>>>>>>>>>>>>>>>>>>>>>>>>>>>>> message 56 size 6
[1:37:37] 区域 0  总下注0
[1:37:37] 区域 1  总下注2000
[1:37:37] 区域 2  总下注0
[1:37:37] 区域 3  总下注0
[1:37:37] 区域 4  总下注0
[1:37:37] 区域 5  总下注0
[1:37:37] send >>>>>>>>>>>>>>>>>>>>>>>>>>>>>>> 0 message 57 size 112
[1:37:37] 玩家22515在区域 0  总下注0
[1:37:37] 玩家22515在区域 1  总下注2000
[1:37:37] 玩家22515在区域 2  总下注0
[1:37:37] 玩家22515在区域 3  总下注0
[1:37:37] 玩家22515在区域 4  总下注0
[1:37:37] 玩家22515在区域 5  总下注0
[1:37:37] 玩家22515 总下注2000
[1:37:37] send >>>>>>>>>>>>>>>>>>>>>>>>>>>>>>> 1 message 57 size 112
[1:37:37] recv  55 <<<<<<<<<<<<<<<<<<<<<<<<<<<<<<< 1
[1:37:37] userbet 22515  在1 下了 1000,累计下注 3000
[1:37:37] broad >>>>>>>>>>>>>>>>>>>>>>>>>>>>>>> message 56 size 6
[1:37:37] 区域 0  总下注0
[1:37:37] 区域 1  总下注3000
[1:37:37] 区域 2  总下注0
[1:37:37] 区域 3  总下注0
[1:37:37] 区域 4  总下注0
[1:37:37] 区域 5  总下注0
[1:37:37] send >>>>>>>>>>>>>>>>>>>>>>>>>>>>>>> 0 message 57 size 112
[1:37:37] 玩家22515在区域 0  总下注0
[1:37:37] 玩家22515在区域 1  总下注3000
[1:37:37] 玩家22515在区域 2  总下注0
[1:37:37] 玩家22515在区域 3  总下注0
[1:37:37] 玩家22515在区域 4  总下注0
[1:37:37] 玩家22515在区域 5  总下注0
[1:37:37] 玩家22515 总下注3000
[1:37:37] send >>>>>>>>>>>>>>>>>>>>>>>>>>>>>>> 1 message 57 size 112
[1:37:38] recv  55 <<<<<<<<<<<<<<<<<<<<<<<<<<<<<<< 1
[1:37:38] userbet 22515  在1 下了 1000,累计下注 4000
[1:37:38] broad >>>>>>>>>>>>>>>>>>>>>>>>>>>>>>> message 56 size 6
[1:37:38] 区域 0  总下注0
[1:37:38] 区域 1  总下注4000
[1:37:38] 区域 2  总下注0
[1:37:38] 区域 3  总下注0
[1:37:38] 区域 4  总下注0
[1:37:38] 区域 5  总下注0
[1:37:38] send >>>>>>>>>>>>>>>>>>>>>>>>>>>>>>> 0 message 57 size 112
[1:37:38] 玩家22515在区域 0  总下注0
[1:37:38] 玩家22515在区域 1  总下注4000
[1:37:38] 玩家22515在区域 2  总下注0
[1:37:38] 玩家22515在区域 3  总下注0
[1:37:38] 玩家22515在区域 4  总下注0
[1:37:38] 玩家22515在区域 5  总下注0
[1:37:38] 玩家22515 总下注4000
[1:37:38] send >>>>>>>>>>>>>>>>>>>>>>>>>>>>>>> 1 message 57 size 112
[1:37:38] recv  55 <<<<<<<<<<<<<<<<<<<<<<<<<<<<<<< 1
[1:37:38] userbet 22515  在1 下了 1000,累计下注 5000
[1:37:38] broad >>>>>>>>>>>>>>>>>>>>>>>>>>>>>>> message 56 size 6
[1:37:38] 区域 0  总下注0
[1:37:38] 区域 1  总下注5000
[1:37:38] 区域 2  总下注0
[1:37:38] 区域 3  总下注0
[1:37:38] 区域 4  总下注0
[1:37:38] 区域 5  总下注0
[1:37:38] send >>>>>>>>>>>>>>>>>>>>>>>>>>>>>>> 0 message 57 size 112
[1:37:38] 玩家22515在区域 0  总下注0
[1:37:38] 玩家22515在区域 1  总下注5000
[1:37:38] 玩家22515在区域 2  总下注0
[1:37:38] 玩家22515在区域 3  总下注0
[1:37:38] 玩家22515在区域 4  总下注0
[1:37:38] 玩家22515在区域 5  总下注0
[1:37:38] 玩家22515 总下注5000
[1:37:38] send >>>>>>>>>>>>>>>>>>>>>>>>>>>>>>> 1 message 57 size 112
[1:37:38] recv  55 <<<<<<<<<<<<<<<<<<<<<<<<<<<<<<< 1
[1:37:38] userbet 22515  在1 下了 1000,累计下注 6000
[1:37:38] broad >>>>>>>>>>>>>>>>>>>>>>>>>>>>>>> message 56 size 6
[1:37:38] 区域 0  总下注0
[1:37:38] 区域 1  总下注6000
[1:37:38] 区域 2  总下注0
[1:37:38] 区域 3  总下注0
[1:37:38] 区域 4  总下注0
[1:37:38] 区域 5  总下注0
[1:37:38] send >>>>>>>>>>>>>>>>>>>>>>>>>>>>>>> 0 message 57 size 112
[1:37:38] 玩家22515在区域 0  总下注0
[1:37:38] 玩家22515在区域 1  总下注6000
[1:37:38] 玩家22515在区域 2  总下注0
[1:37:38] 玩家22515在区域 3  总下注0
[1:37:38] 玩家22515在区域 4  总下注0
[1:37:38] 玩家22515在区域 5  总下注0
[1:37:38] 玩家22515 总下注6000
[1:37:38] send >>>>>>>>>>>>>>>>>>>>>>>>>>>>>>> 1 message 57 size 112
[1:37:38] recv  55 <<<<<<<<<<<<<<<<<<<<<<<<<<<<<<< 1
[1:37:38] userbet 22515  在1 下了 1000,累计下注 7000
[1:37:38] broad >>>>>>>>>>>>>>>>>>>>>>>>>>>>>>> message 56 size 6
[1:37:38] 区域 0  总下注0
[1:37:38] 区域 1  总下注7000
[1:37:38] 区域 2  总下注0
[1:37:38] 区域 3  总下注0
[1:37:38] 区域 4  总下注0
[1:37:38] 区域 5  总下注0
[1:37:38] send >>>>>>>>>>>>>>>>>>>>>>>>>>>>>>> 0 message 57 size 112
[1:37:38] 玩家22515在区域 0  总下注0
[1:37:38] 玩家22515在区域 1  总下注7000
[1:37:38] 玩家22515在区域 2  总下注0
[1:37:38] 玩家22515在区域 3  总下注0
[1:37:38] 玩家22515在区域 4  总下注0
[1:37:38] 玩家22515在区域 5  总下注0
[1:37:38] 玩家22515 总下注7000
[1:37:38] send >>>>>>>>>>>>>>>>>>>>>>>>>>>>>>> 1 message 57 size 112
[1:37:38] card 0 1,c,   type 12   point 1
[1:37:38] card 1 0,3,   type 0   point 6
[1:37:38] card 2 6,2,   type 0   point 2
[1:37:38] card 3 9,2,   type 0   point 5
[1:37:38] broad >>>>>>>>>>>>>>>>>>>>>>>>>>>>>>> message 52 size 16
[1:37:53] 区域 0 结算 0
[1:37:53] 区域 1 结算 7000
[1:37:53] 区域 2 结算 0
[1:37:53] 区域 3 结算 0
[1:37:53] 区域 4 结算 0
[1:37:53] 区域 5 结算 0
[1:37:53] 玩家0[22516]  结算 -7000
[1:37:53] 玩家1[22515]  结算 7000
[1:37:53] broad >>>>>>>>>>>>>>>>>>>>>>>>>>>>>>> message 58 size 86
[1:37:55] 玩家0[22516]  结算 -7000, 分数 -7000, 总分数 -8000
[1:37:55] 玩家1[22515]  结算 7000, 分数 7000, 总分数 8000
[1:37:55] ******************游戏结束********************************



[1:38:3] *************************小结算***********************
[1:38:3] [Phone22515,22515] [闲] 输赢金币 8000 ,排名 0
[1:38:3] [Phone22516,22516] [庄] 输赢金币 -8000 ,排名 1
[1:38:3] broad >>>>>>>>>>>>>>>>>>>>>>>>>>>>>>> message 73 size 44
[1:38:3] user[22516] 坐庄次数 2,每个人当庄次数2 
[1:38:3] user[22515] 坐庄次数 0,每个人当庄次数2 
[1:38:3] broad >>>>>>>>>>>>>>>>>>>>>>>>>>>>>>> message 72 size 4
[1:38:8] 1:22515 ready
[1:38:10] 0:22516 ready
[1:38:10] *****************游戏开始***************
[1:38:10] [0][22516]连庄局数 2,总局数3
[1:38:10] [1][22515]连庄局数 1,总局数3
[1:38:10] 通知 庄家 1 坐庄次数 1
[1:38:10] broad >>>>>>>>>>>>>>>>>>>>>>>>>>>>>>> message 69 size 1
[1:38:10] 游戏局数 3,总局数 4
[1:38:10] broad >>>>>>>>>>>>>>>>>>>>>>>>>>>>>>> message 71 size 8
[1:38:10] broad >>>>>>>>>>>>>>>>>>>>>>>>>>>>>>> message 51 size 0
[1:38:19] recv  55 <<<<<<<<<<<<<<<<<<<<<<<<<<<<<<< 0
[1:38:19] userbet 22516  在0 下了 1000,累计下注 1000
[1:38:19] broad >>>>>>>>>>>>>>>>>>>>>>>>>>>>>>> message 56 size 6
[1:38:19] 区域 0  总下注1000
[1:38:19] 区域 1  总下注0
[1:38:19] 区域 2  总下注0
[1:38:19] 区域 3  总下注0
[1:38:19] 区域 4  总下注0
[1:38:19] 区域 5  总下注0
[1:38:19] 玩家22516在区域 0  总下注1000
[1:38:19] 玩家22516在区域 1  总下注0
[1:38:19] 玩家22516在区域 2  总下注0
[1:38:19] 玩家22516在区域 3  总下注0
[1:38:19] 玩家22516在区域 4  总下注0
[1:38:19] 玩家22516在区域 5  总下注0
[1:38:19] 玩家22516 总下注1000
[1:38:19] send >>>>>>>>>>>>>>>>>>>>>>>>>>>>>>> 0 message 57 size 112
[1:38:19] send >>>>>>>>>>>>>>>>>>>>>>>>>>>>>>> 1 message 57 size 112
[1:38:20] recv  55 <<<<<<<<<<<<<<<<<<<<<<<<<<<<<<< 0
[1:38:20] userbet 22516  在0 下了 1000,累计下注 2000
[1:38:20] broad >>>>>>>>>>>>>>>>>>>>>>>>>>>>>>> message 56 size 6
[1:38:20] 区域 0  总下注2000
[1:38:20] 区域 1  总下注0
[1:38:20] 区域 2  总下注0
[1:38:20] 区域 3  总下注0
[1:38:20] 区域 4  总下注0
[1:38:20] 区域 5  总下注0
[1:38:20] 玩家22516在区域 0  总下注2000
[1:38:20] 玩家22516在区域 1  总下注0
[1:38:20] 玩家22516在区域 2  总下注0
[1:38:20] 玩家22516在区域 3  总下注0
[1:38:20] 玩家22516在区域 4  总下注0
[1:38:20] 玩家22516在区域 5  总下注0
[1:38:20] 玩家22516 总下注2000
[1:38:20] send >>>>>>>>>>>>>>>>>>>>>>>>>>>>>>> 0 message 57 size 112
[1:38:20] send >>>>>>>>>>>>>>>>>>>>>>>>>>>>>>> 1 message 57 size 112
[1:38:20] recv  55 <<<<<<<<<<<<<<<<<<<<<<<<<<<<<<< 0
[1:38:20] userbet 22516  在0 下了 1000,累计下注 3000
[1:38:20] broad >>>>>>>>>>>>>>>>>>>>>>>>>>>>>>> message 56 size 6
[1:38:20] 区域 0  总下注3000
[1:38:20] 区域 1  总下注0
[1:38:20] 区域 2  总下注0
[1:38:20] 区域 3  总下注0
[1:38:20] 区域 4  总下注0
[1:38:20] 区域 5  总下注0
[1:38:20] 玩家22516在区域 0  总下注3000
[1:38:20] 玩家22516在区域 1  总下注0
[1:38:20] 玩家22516在区域 2  总下注0
[1:38:20] 玩家22516在区域 3  总下注0
[1:38:20] 玩家22516在区域 4  总下注0
[1:38:20] 玩家22516在区域 5  总下注0
[1:38:20] 玩家22516 总下注3000
[1:38:20] send >>>>>>>>>>>>>>>>>>>>>>>>>>>>>>> 0 message 57 size 112
[1:38:20] send >>>>>>>>>>>>>>>>>>>>>>>>>>>>>>> 1 message 57 size 112
[1:38:20] recv  55 <<<<<<<<<<<<<<<<<<<<<<<<<<<<<<< 0
[1:38:20] userbet 22516  在0 下了 1000,累计下注 4000
[1:38:20] broad >>>>>>>>>>>>>>>>>>>>>>>>>>>>>>> message 56 size 6
[1:38:20] 区域 0  总下注4000
[1:38:20] 区域 1  总下注0
[1:38:20] 区域 2  总下注0
[1:38:20] 区域 3  总下注0
[1:38:20] 区域 4  总下注0
[1:38:20] 区域 5  总下注0
[1:38:20] 玩家22516在区域 0  总下注4000
[1:38:20] 玩家22516在区域 1  总下注0
[1:38:20] 玩家22516在区域 2  总下注0
[1:38:20] 玩家22516在区域 3  总下注0
[1:38:20] 玩家22516在区域 4  总下注0
[1:38:20] 玩家22516在区域 5  总下注0
[1:38:20] 玩家22516 总下注4000
[1:38:20] send >>>>>>>>>>>>>>>>>>>>>>>>>>>>>>> 0 message 57 size 112
[1:38:20] send >>>>>>>>>>>>>>>>>>>>>>>>>>>>>>> 1 message 57 size 112
[1:38:20] recv  55 <<<<<<<<<<<<<<<<<<<<<<<<<<<<<<< 0
[1:38:20] userbet 22516  在0 下了 1000,累计下注 5000
[1:38:20] broad >>>>>>>>>>>>>>>>>>>>>>>>>>>>>>> message 56 size 6
[1:38:20] 区域 0  总下注5000
[1:38:20] 区域 1  总下注0
[1:38:20] 区域 2  总下注0
[1:38:20] 区域 3  总下注0
[1:38:20] 区域 4  总下注0
[1:38:20] 区域 5  总下注0
[1:38:20] 玩家22516在区域 0  总下注5000
[1:38:20] 玩家22516在区域 1  总下注0
[1:38:20] 玩家22516在区域 2  总下注0
[1:38:20] 玩家22516在区域 3  总下注0
[1:38:20] 玩家22516在区域 4  总下注0
[1:38:20] 玩家22516在区域 5  总下注0
[1:38:20] 玩家22516 总下注5000
[1:38:20] send >>>>>>>>>>>>>>>>>>>>>>>>>>>>>>> 0 message 57 size 112
[1:38:20] send >>>>>>>>>>>>>>>>>>>>>>>>>>>>>>> 1 message 57 size 112
[1:38:20] card 0 7,1,   type 0   point 3
[1:38:20] card 1 6,3,   type 0   point 8
[1:38:20] card 2 6,d,   type 0   point 2
[1:38:20] card 3 f,8,   type 0   point 7
[1:38:20] broad >>>>>>>>>>>>>>>>>>>>>>>>>>>>>>> message 52 size 16
[1:38:20] recv  55 <<<<<<<<<<<<<<<<<<<<<<<<<<<<<<< 0
[1:38:20] userbet 22516  在0 下了 1000,累计下注 6000
[1:38:20] broad >>>>>>>>>>>>>>>>>>>>>>>>>>>>>>> message 56 size 6
[1:38:20] 区域 0  总下注6000
[1:38:20] 区域 1  总下注0
[1:38:20] 区域 2  总下注0
[1:38:20] 区域 3  总下注0
[1:38:20] 区域 4  总下注0
[1:38:20] 区域 5  总下注0
[1:38:20] 玩家22516在区域 0  总下注6000
[1:38:20] 玩家22516在区域 1  总下注0
[1:38:20] 玩家22516在区域 2  总下注0
[1:38:20] 玩家22516在区域 3  总下注0
[1:38:20] 玩家22516在区域 4  总下注0
[1:38:20] 玩家22516在区域 5  总下注0
[1:38:20] 玩家22516 总下注6000
[1:38:20] send >>>>>>>>>>>>>>>>>>>>>>>>>>>>>>> 0 message 57 size 112
[1:38:20] send >>>>>>>>>>>>>>>>>>>>>>>>>>>>>>> 1 message 57 size 112
[1:38:35] 区域 0 结算 -6000
[1:38:35] 区域 1 结算 0
[1:38:35] 区域 2 结算 0
[1:38:35] 区域 3 结算 0
[1:38:35] 区域 4 结算 0
[1:38:35] 区域 5 结算 0
[1:38:35] 玩家0[22516]  结算 -6000
[1:38:35] 玩家1[22515]  结算 6000
[1:38:35] broad >>>>>>>>>>>>>>>>>>>>>>>>>>>>>>> message 58 size 86
[1:38:37] 玩家0[22516]  结算 -6000, 分数 -6000, 总分数 -14000
[1:38:37] 玩家1[22515]  结算 6000, 分数 6000, 总分数 14000
[1:38:37] ******************游戏结束********************************



[1:38:40] broad >>>>>>>>>>>>>>>>>>>>>>>>>>>>>>> message 72 size 4
[1:38:41] 0:22516 ready
[1:38:42] 1:22515 ready
[1:38:42] *****************游戏开始***************
[1:38:42] [0][22516]连庄局数 2,总局数4
[1:38:42] [1][22515]连庄局数 2,总局数4
[1:38:42] 游戏局数 4,总局数 4
[1:38:42] broad >>>>>>>>>>>>>>>>>>>>>>>>>>>>>>> message 71 size 8
[1:38:42] broad >>>>>>>>>>>>>>>>>>>>>>>>>>>>>>> message 51 size 0
[1:38:47] recv  55 <<<<<<<<<<<<<<<<<<<<<<<<<<<<<<< 0
[1:38:47] userbet 22516  在0 下了 1000,累计下注 1000
[1:38:47] broad >>>>>>>>>>>>>>>>>>>>>>>>>>>>>>> message 56 size 6
[1:38:47] 区域 0  总下注1000
[1:38:47] 区域 1  总下注0
[1:38:47] 区域 2  总下注0
[1:38:47] 区域 3  总下注0
[1:38:47] 区域 4  总下注0
[1:38:47] 区域 5  总下注0
[1:38:47] 玩家22516在区域 0  总下注1000
[1:38:47] 玩家22516在区域 1  总下注0
[1:38:47] 玩家22516在区域 2  总下注0
[1:38:47] 玩家22516在区域 3  总下注0
[1:38:47] 玩家22516在区域 4  总下注0
[1:38:47] 玩家22516在区域 5  总下注0
[1:38:47] 玩家22516 总下注1000
[1:38:47] send >>>>>>>>>>>>>>>>>>>>>>>>>>>>>>> 0 message 57 size 112
[1:38:47] send >>>>>>>>>>>>>>>>>>>>>>>>>>>>>>> 1 message 57 size 112
[1:38:47] recv  55 <<<<<<<<<<<<<<<<<<<<<<<<<<<<<<< 0
[1:38:47] userbet 22516  在0 下了 1000,累计下注 2000
[1:38:47] broad >>>>>>>>>>>>>>>>>>>>>>>>>>>>>>> message 56 size 6
[1:38:47] 区域 0  总下注2000
[1:38:47] 区域 1  总下注0
[1:38:47] 区域 2  总下注0
[1:38:47] 区域 3  总下注0
[1:38:47] 区域 4  总下注0
[1:38:47] 区域 5  总下注0
[1:38:47] 玩家22516在区域 0  总下注2000
[1:38:47] 玩家22516在区域 1  总下注0
[1:38:47] 玩家22516在区域 2  总下注0
[1:38:47] 玩家22516在区域 3  总下注0
[1:38:47] 玩家22516在区域 4  总下注0
[1:38:47] 玩家22516在区域 5  总下注0
[1:38:47] 玩家22516 总下注2000
[1:38:47] send >>>>>>>>>>>>>>>>>>>>>>>>>>>>>>> 0 message 57 size 112
[1:38:47] send >>>>>>>>>>>>>>>>>>>>>>>>>>>>>>> 1 message 57 size 112
[1:38:47] recv  55 <<<<<<<<<<<<<<<<<<<<<<<<<<<<<<< 0
[1:38:47] userbet 22516  在0 下了 1000,累计下注 3000
[1:38:47] broad >>>>>>>>>>>>>>>>>>>>>>>>>>>>>>> message 56 size 6
[1:38:47] 区域 0  总下注3000
[1:38:47] 区域 1  总下注0
[1:38:47] 区域 2  总下注0
[1:38:47] 区域 3  总下注0
[1:38:47] 区域 4  总下注0
[1:38:47] 区域 5  总下注0
[1:38:47] 玩家22516在区域 0  总下注3000
[1:38:47] 玩家22516在区域 1  总下注0
[1:38:47] 玩家22516在区域 2  总下注0
[1:38:47] 玩家22516在区域 3  总下注0
[1:38:47] 玩家22516在区域 4  总下注0
[1:38:47] 玩家22516在区域 5  总下注0
[1:38:47] 玩家22516 总下注3000
[1:38:47] send >>>>>>>>>>>>>>>>>>>>>>>>>>>>>>> 0 message 57 size 112
[1:38:47] send >>>>>>>>>>>>>>>>>>>>>>>>>>>>>>> 1 message 57 size 112
[1:38:47] recv  55 <<<<<<<<<<<<<<<<<<<<<<<<<<<<<<< 0
[1:38:47] userbet 22516  在0 下了 1000,累计下注 4000
[1:38:47] broad >>>>>>>>>>>>>>>>>>>>>>>>>>>>>>> message 56 size 6
[1:38:47] 区域 0  总下注4000
[1:38:47] 区域 1  总下注0
[1:38:47] 区域 2  总下注0
[1:38:47] 区域 3  总下注0
[1:38:47] 区域 4  总下注0
[1:38:47] 区域 5  总下注0
[1:38:47] 玩家22516在区域 0  总下注4000
[1:38:47] 玩家22516在区域 1  总下注0
[1:38:47] 玩家22516在区域 2  总下注0
[1:38:47] 玩家22516在区域 3  总下注0
[1:38:47] 玩家22516在区域 4  总下注0
[1:38:47] 玩家22516在区域 5  总下注0
[1:38:47] 玩家22516 总下注4000
[1:38:47] send >>>>>>>>>>>>>>>>>>>>>>>>>>>>>>> 0 message 57 size 112
[1:38:47] send >>>>>>>>>>>>>>>>>>>>>>>>>>>>>>> 1 message 57 size 112
[1:38:48] recv  55 <<<<<<<<<<<<<<<<<<<<<<<<<<<<<<< 0
[1:38:48] userbet 22516  在0 下了 1000,累计下注 5000
[1:38:48] broad >>>>>>>>>>>>>>>>>>>>>>>>>>>>>>> message 56 size 6
[1:38:48] 区域 0  总下注5000
[1:38:48] 区域 1  总下注0
[1:38:48] 区域 2  总下注0
[1:38:48] 区域 3  总下注0
[1:38:48] 区域 4  总下注0
[1:38:48] 区域 5  总下注0
[1:38:48] 玩家22516在区域 0  总下注5000
[1:38:48] 玩家22516在区域 1  总下注0
[1:38:48] 玩家22516在区域 2  总下注0
[1:38:48] 玩家22516在区域 3  总下注0
[1:38:48] 玩家22516在区域 4  总下注0
[1:38:48] 玩家22516在区域 5  总下注0
[1:38:48] 玩家22516 总下注5000
[1:38:48] send >>>>>>>>>>>>>>>>>>>>>>>>>>>>>>> 0 message 57 size 112
[1:38:48] send >>>>>>>>>>>>>>>>>>>>>>>>>>>>>>> 1 message 57 size 112
[1:38:48] recv  55 <<<<<<<<<<<<<<<<<<<<<<<<<<<<<<< 0
[1:38:48] userbet 22516  在0 下了 1000,累计下注 6000
[1:38:48] broad >>>>>>>>>>>>>>>>>>>>>>>>>>>>>>> message 56 size 6
[1:38:48] 区域 0  总下注6000
[1:38:48] 区域 1  总下注0
[1:38:48] 区域 2  总下注0
[1:38:48] 区域 3  总下注0
[1:38:48] 区域 4  总下注0
[1:38:48] 区域 5  总下注0
[1:38:48] 玩家22516在区域 0  总下注6000
[1:38:48] 玩家22516在区域 1  总下注0
[1:38:48] 玩家22516在区域 2  总下注0
[1:38:48] 玩家22516在区域 3  总下注0
[1:38:48] 玩家22516在区域 4  总下注0
[1:38:48] 玩家22516在区域 5  总下注0
[1:38:48] 玩家22516 总下注6000
[1:38:48] send >>>>>>>>>>>>>>>>>>>>>>>>>>>>>>> 0 message 57 size 112
[1:38:48] send >>>>>>>>>>>>>>>>>>>>>>>>>>>>>>> 1 message 57 size 112
[1:38:48] recv  55 <<<<<<<<<<<<<<<<<<<<<<<<<<<<<<< 0
[1:38:48] userbet 22516  在0 下了 1000,累计下注 7000
[1:38:48] broad >>>>>>>>>>>>>>>>>>>>>>>>>>>>>>> message 56 size 6
[1:38:48] 区域 0  总下注7000
[1:38:48] 区域 1  总下注0
[1:38:48] 区域 2  总下注0
[1:38:48] 区域 3  总下注0
[1:38:48] 区域 4  总下注0
[1:38:48] 区域 5  总下注0
[1:38:48] 玩家22516在区域 0  总下注7000
[1:38:48] 玩家22516在区域 1  总下注0
[1:38:48] 玩家22516在区域 2  总下注0
[1:38:48] 玩家22516在区域 3  总下注0
[1:38:48] 玩家22516在区域 4  总下注0
[1:38:48] 玩家22516在区域 5  总下注0
[1:38:48] 玩家22516 总下注7000
[1:38:48] send >>>>>>>>>>>>>>>>>>>>>>>>>>>>>>> 0 message 57 size 112
[1:38:48] send >>>>>>>>>>>>>>>>>>>>>>>>>>>>>>> 1 message 57 size 112
[1:38:48] recv  55 <<<<<<<<<<<<<<<<<<<<<<<<<<<<<<< 0
[1:38:48] userbet 22516  在0 下了 1000,累计下注 8000
[1:38:48] broad >>>>>>>>>>>>>>>>>>>>>>>>>>>>>>> message 56 size 6
[1:38:48] 区域 0  总下注8000
[1:38:48] 区域 1  总下注0
[1:38:48] 区域 2  总下注0
[1:38:48] 区域 3  总下注0
[1:38:48] 区域 4  总下注0
[1:38:48] 区域 5  总下注0
[1:38:48] 玩家22516在区域 0  总下注8000
[1:38:48] 玩家22516在区域 1  总下注0
[1:38:48] 玩家22516在区域 2  总下注0
[1:38:48] 玩家22516在区域 3  总下注0
[1:38:48] 玩家22516在区域 4  总下注0
[1:38:48] 玩家22516在区域 5  总下注0
[1:38:48] 玩家22516 总下注8000
[1:38:48] send >>>>>>>>>>>>>>>>>>>>>>>>>>>>>>> 0 message 57 size 112
[1:38:48] send >>>>>>>>>>>>>>>>>>>>>>>>>>>>>>> 1 message 57 size 112
[1:38:48] recv  55 <<<<<<<<<<<<<<<<<<<<<<<<<<<<<<< 0
[1:38:48] userbet 22516  在0 下了 1000,累计下注 9000
[1:38:48] broad >>>>>>>>>>>>>>>>>>>>>>>>>>>>>>> message 56 size 6
[1:38:48] 区域 0  总下注9000
[1:38:48] 区域 1  总下注0
[1:38:48] 区域 2  总下注0
[1:38:48] 区域 3  总下注0
[1:38:48] 区域 4  总下注0
[1:38:48] 区域 5  总下注0
[1:38:48] 玩家22516在区域 0  总下注9000
[1:38:48] 玩家22516在区域 1  总下注0
[1:38:48] 玩家22516在区域 2  总下注0
[1:38:48] 玩家22516在区域 3  总下注0
[1:38:48] 玩家22516在区域 4  总下注0
[1:38:48] 玩家22516在区域 5  总下注0
[1:38:48] 玩家22516 总下注9000
[1:38:48] send >>>>>>>>>>>>>>>>>>>>>>>>>>>>>>> 0 message 57 size 112
[1:38:48] send >>>>>>>>>>>>>>>>>>>>>>>>>>>>>>> 1 message 57 size 112
[1:38:48] recv  55 <<<<<<<<<<<<<<<<<<<<<<<<<<<<<<< 0
[1:38:48] userbet 22516  在0 下了 1000,累计下注 10000
[1:38:48] broad >>>>>>>>>>>>>>>>>>>>>>>>>>>>>>> message 56 size 6
[1:38:48] 区域 0  总下注10000
[1:38:48] 区域 1  总下注0
[1:38:48] 区域 2  总下注0
[1:38:48] 区域 3  总下注0
[1:38:48] 区域 4  总下注0
[1:38:48] 区域 5  总下注0
[1:38:48] 玩家22516在区域 0  总下注10000
[1:38:48] 玩家22516在区域 1  总下注0
[1:38:48] 玩家22516在区域 2  总下注0
[1:38:48] 玩家22516在区域 3  总下注0
[1:38:48] 玩家22516在区域 4  总下注0
[1:38:48] 玩家22516在区域 5  总下注0
[1:38:48] 玩家22516 总下注10000
[1:38:48] send >>>>>>>>>>>>>>>>>>>>>>>>>>>>>>> 0 message 57 size 112
[1:38:48] send >>>>>>>>>>>>>>>>>>>>>>>>>>>>>>> 1 message 57 size 112
[1:38:48] recv  55 <<<<<<<<<<<<<<<<<<<<<<<<<<<<<<< 0
[1:38:48] userbet 22516  在0 下了 1000,累计下注 11000
[1:38:48] broad >>>>>>>>>>>>>>>>>>>>>>>>>>>>>>> message 56 size 6
[1:38:48] 区域 0  总下注11000
[1:38:48] 区域 1  总下注0
[1:38:48] 区域 2  总下注0
[1:38:48] 区域 3  总下注0
[1:38:48] 区域 4  总下注0
[1:38:48] 区域 5  总下注0
[1:38:48] 玩家22516在区域 0  总下注11000
[1:38:48] 玩家22516在区域 1  总下注0
[1:38:48] 玩家22516在区域 2  总下注0
[1:38:48] 玩家22516在区域 3  总下注0
[1:38:48] 玩家22516在区域 4  总下注0
[1:38:48] 玩家22516在区域 5  总下注0
[1:38:48] 玩家22516 总下注11000
[1:38:48] send >>>>>>>>>>>>>>>>>>>>>>>>>>>>>>> 0 message 57 size 112
[1:38:48] send >>>>>>>>>>>>>>>>>>>>>>>>>>>>>>> 1 message 57 size 112
[1:38:49] recv  55 <<<<<<<<<<<<<<<<<<<<<<<<<<<<<<< 0
[1:38:49] userbet 22516  在0 下了 1000,累计下注 12000
[1:38:49] broad >>>>>>>>>>>>>>>>>>>>>>>>>>>>>>> message 56 size 6
[1:38:49] 区域 0  总下注12000
[1:38:49] 区域 1  总下注0
[1:38:49] 区域 2  总下注0
[1:38:49] 区域 3  总下注0
[1:38:49] 区域 4  总下注0
[1:38:49] 区域 5  总下注0
[1:38:49] 玩家22516在区域 0  总下注12000
[1:38:49] 玩家22516在区域 1  总下注0
[1:38:49] 玩家22516在区域 2  总下注0
[1:38:49] 玩家22516在区域 3  总下注0
[1:38:49] 玩家22516在区域 4  总下注0
[1:38:49] 玩家22516在区域 5  总下注0
[1:38:49] 玩家22516 总下注12000
[1:38:49] send >>>>>>>>>>>>>>>>>>>>>>>>>>>>>>> 0 message 57 size 112
[1:38:49] send >>>>>>>>>>>>>>>>>>>>>>>>>>>>>>> 1 message 57 size 112
[1:38:49] recv  55 <<<<<<<<<<<<<<<<<<<<<<<<<<<<<<< 0
[1:38:49] userbet 22516  在0 下了 1000,累计下注 13000
[1:38:49] broad >>>>>>>>>>>>>>>>>>>>>>>>>>>>>>> message 56 size 6
[1:38:49] 区域 0  总下注13000
[1:38:49] 区域 1  总下注0
[1:38:49] 区域 2  总下注0
[1:38:49] 区域 3  总下注0
[1:38:49] 区域 4  总下注0
[1:38:49] 区域 5  总下注0
[1:38:49] 玩家22516在区域 0  总下注13000
[1:38:49] 玩家22516在区域 1  总下注0
[1:38:49] 玩家22516在区域 2  总下注0
[1:38:49] 玩家22516在区域 3  总下注0
[1:38:49] 玩家22516在区域 4  总下注0
[1:38:49] 玩家22516在区域 5  总下注0
[1:38:49] 玩家22516 总下注13000
[1:38:49] send >>>>>>>>>>>>>>>>>>>>>>>>>>>>>>> 0 message 57 size 112
[1:38:49] send >>>>>>>>>>>>>>>>>>>>>>>>>>>>>>> 1 message 57 size 112
[1:38:49] recv  55 <<<<<<<<<<<<<<<<<<<<<<<<<<<<<<< 0
[1:38:49] userbet 22516  在0 下了 1000,累计下注 14000
[1:38:49] broad >>>>>>>>>>>>>>>>>>>>>>>>>>>>>>> message 56 size 6
[1:38:49] 区域 0  总下注14000
[1:38:49] 区域 1  总下注0
[1:38:49] 区域 2  总下注0
[1:38:49] 区域 3  总下注0
[1:38:49] 区域 4  总下注0
[1:38:49] 区域 5  总下注0
[1:38:49] 玩家22516在区域 0  总下注14000
[1:38:49] 玩家22516在区域 1  总下注0
[1:38:49] 玩家22516在区域 2  总下注0
[1:38:49] 玩家22516在区域 3  总下注0
[1:38:49] 玩家22516在区域 4  总下注0
[1:38:49] 玩家22516在区域 5  总下注0
[1:38:49] 玩家22516 总下注14000
[1:38:49] send >>>>>>>>>>>>>>>>>>>>>>>>>>>>>>> 0 message 57 size 112
[1:38:49] send >>>>>>>>>>>>>>>>>>>>>>>>>>>>>>> 1 message 57 size 112
[1:38:49] recv  55 <<<<<<<<<<<<<<<<<<<<<<<<<<<<<<< 0
[1:38:49] userbet 22516  在0 下了 1000,累计下注 15000
[1:38:49] broad >>>>>>>>>>>>>>>>>>>>>>>>>>>>>>> message 56 size 6
[1:38:49] 区域 0  总下注15000
[1:38:49] 区域 1  总下注0
[1:38:49] 区域 2  总下注0
[1:38:49] 区域 3  总下注0
[1:38:49] 区域 4  总下注0
[1:38:49] 区域 5  总下注0
[1:38:49] 玩家22516在区域 0  总下注15000
[1:38:49] 玩家22516在区域 1  总下注0
[1:38:49] 玩家22516在区域 2  总下注0
[1:38:49] 玩家22516在区域 3  总下注0
[1:38:49] 玩家22516在区域 4  总下注0
[1:38:49] 玩家22516在区域 5  总下注0
[1:38:49] 玩家22516 总下注15000
[1:38:49] send >>>>>>>>>>>>>>>>>>>>>>>>>>>>>>> 0 message 57 size 112
[1:38:49] send >>>>>>>>>>>>>>>>>>>>>>>>>>>>>>> 1 message 57 size 112
[1:38:49] recv  55 <<<<<<<<<<<<<<<<<<<<<<<<<<<<<<< 0
[1:38:49] userbet 22516  在0 下了 1000,累计下注 16000
[1:38:49] broad >>>>>>>>>>>>>>>>>>>>>>>>>>>>>>> message 56 size 6
[1:38:49] 区域 0  总下注16000
[1:38:49] 区域 1  总下注0
[1:38:49] 区域 2  总下注0
[1:38:49] 区域 3  总下注0
[1:38:49] 区域 4  总下注0
[1:38:49] 区域 5  总下注0
[1:38:49] 玩家22516在区域 0  总下注16000
[1:38:49] 玩家22516在区域 1  总下注0
[1:38:49] 玩家22516在区域 2  总下注0
[1:38:49] 玩家22516在区域 3  总下注0
[1:38:49] 玩家22516在区域 4  总下注0
[1:38:49] 玩家22516在区域 5  总下注0
[1:38:49] 玩家22516 总下注16000
[1:38:49] send >>>>>>>>>>>>>>>>>>>>>>>>>>>>>>> 0 message 57 size 112
[1:38:49] send >>>>>>>>>>>>>>>>>>>>>>>>>>>>>>> 1 message 57 size 112
[1:38:49] recv  55 <<<<<<<<<<<<<<<<<<<<<<<<<<<<<<< 0
[1:38:49] userbet 22516  在0 下了 1000,累计下注 17000
[1:38:49] broad >>>>>>>>>>>>>>>>>>>>>>>>>>>>>>> message 56 size 6
[1:38:49] 区域 0  总下注17000
[1:38:49] 区域 1  总下注0
[1:38:49] 区域 2  总下注0
[1:38:49] 区域 3  总下注0
[1:38:49] 区域 4  总下注0
[1:38:49] 区域 5  总下注0
[1:38:49] 玩家22516在区域 0  总下注17000
[1:38:49] 玩家22516在区域 1  总下注0
[1:38:49] 玩家22516在区域 2  总下注0
[1:38:49] 玩家22516在区域 3  总下注0
[1:38:49] 玩家22516在区域 4  总下注0
[1:38:49] 玩家22516在区域 5  总下注0
[1:38:49] 玩家22516 总下注17000
[1:38:49] send >>>>>>>>>>>>>>>>>>>>>>>>>>>>>>> 0 message 57 size 112
[1:38:49] send >>>>>>>>>>>>>>>>>>>>>>>>>>>>>>> 1 message 57 size 112
[1:38:49] recv  55 <<<<<<<<<<<<<<<<<<<<<<<<<<<<<<< 0
[1:38:49] userbet 22516  在0 下了 1000,累计下注 18000
[1:38:49] broad >>>>>>>>>>>>>>>>>>>>>>>>>>>>>>> message 56 size 6
[1:38:49] 区域 0  总下注18000
[1:38:49] 区域 1  总下注0
[1:38:49] 区域 2  总下注0
[1:38:49] 区域 3  总下注0
[1:38:49] 区域 4  总下注0
[1:38:49] 区域 5  总下注0
[1:38:49] 玩家22516在区域 0  总下注18000
[1:38:49] 玩家22516在区域 1  总下注0
[1:38:49] 玩家22516在区域 2  总下注0
[1:38:49] 玩家22516在区域 3  总下注0
[1:38:49] 玩家22516在区域 4  总下注0
[1:38:49] 玩家22516在区域 5  总下注0
[1:38:49] 玩家22516 总下注18000
[1:38:49] send >>>>>>>>>>>>>>>>>>>>>>>>>>>>>>> 0 message 57 size 112
[1:38:49] send >>>>>>>>>>>>>>>>>>>>>>>>>>>>>>> 1 message 57 size 112
[1:38:50] recv  55 <<<<<<<<<<<<<<<<<<<<<<<<<<<<<<< 0
[1:38:50] userbet 22516  在0 下了 1000,累计下注 19000
[1:38:50] broad >>>>>>>>>>>>>>>>>>>>>>>>>>>>>>> message 56 size 6
[1:38:50] 区域 0  总下注19000
[1:38:50] 区域 1  总下注0
[1:38:50] 区域 2  总下注0
[1:38:50] 区域 3  总下注0
[1:38:50] 区域 4  总下注0
[1:38:50] 区域 5  总下注0
[1:38:50] 玩家22516在区域 0  总下注19000
[1:38:50] 玩家22516在区域 1  总下注0
[1:38:50] 玩家22516在区域 2  总下注0
[1:38:50] 玩家22516在区域 3  总下注0
[1:38:50] 玩家22516在区域 4  总下注0
[1:38:50] 玩家22516在区域 5  总下注0
[1:38:50] 玩家22516 总下注19000
[1:38:50] send >>>>>>>>>>>>>>>>>>>>>>>>>>>>>>> 0 message 57 size 112
[1:38:50] send >>>>>>>>>>>>>>>>>>>>>>>>>>>>>>> 1 message 57 size 112
[1:38:50] recv  55 <<<<<<<<<<<<<<<<<<<<<<<<<<<<<<< 0
[1:38:50] userbet 22516  在0 下了 1000,累计下注 20000
[1:38:50] broad >>>>>>>>>>>>>>>>>>>>>>>>>>>>>>> message 56 size 6
[1:38:50] 区域 0  总下注20000
[1:38:50] 区域 1  总下注0
[1:38:50] 区域 2  总下注0
[1:38:50] 区域 3  总下注0
[1:38:50] 区域 4  总下注0
[1:38:50] 区域 5  总下注0
[1:38:50] 玩家22516在区域 0  总下注20000
[1:38:50] 玩家22516在区域 1  总下注0
[1:38:50] 玩家22516在区域 2  总下注0
[1:38:50] 玩家22516在区域 3  总下注0
[1:38:50] 玩家22516在区域 4  总下注0
[1:38:50] 玩家22516在区域 5  总下注0
[1:38:50] 玩家22516 总下注20000
[1:38:50] send >>>>>>>>>>>>>>>>>>>>>>>>>>>>>>> 0 message 57 size 112
[1:38:50] send >>>>>>>>>>>>>>>>>>>>>>>>>>>>>>> 1 message 57 size 112
[1:38:50] recv  55 <<<<<<<<<<<<<<<<<<<<<<<<<<<<<<< 0
[1:38:50] userbet 22516  在0 下了 1000,累计下注 21000
[1:38:50] broad >>>>>>>>>>>>>>>>>>>>>>>>>>>>>>> message 56 size 6
[1:38:50] 区域 0  总下注21000
[1:38:50] 区域 1  总下注0
[1:38:50] 区域 2  总下注0
[1:38:50] 区域 3  总下注0
[1:38:50] 区域 4  总下注0
[1:38:50] 区域 5  总下注0
[1:38:50] 玩家22516在区域 0  总下注21000
[1:38:50] 玩家22516在区域 1  总下注0
[1:38:50] 玩家22516在区域 2  总下注0
[1:38:50] 玩家22516在区域 3  总下注0
[1:38:50] 玩家22516在区域 4  总下注0
[1:38:50] 玩家22516在区域 5  总下注0
[1:38:50] 玩家22516 总下注21000
[1:38:50] send >>>>>>>>>>>>>>>>>>>>>>>>>>>>>>> 0 message 57 size 112
[1:38:50] send >>>>>>>>>>>>>>>>>>>>>>>>>>>>>>> 1 message 57 size 112
[1:38:50] recv  55 <<<<<<<<<<<<<<<<<<<<<<<<<<<<<<< 0
[1:38:50] userbet 22516  在0 下了 1000,累计下注 22000
[1:38:50] broad >>>>>>>>>>>>>>>>>>>>>>>>>>>>>>> message 56 size 6
[1:38:50] 区域 0  总下注22000
[1:38:50] 区域 1  总下注0
[1:38:50] 区域 2  总下注0
[1:38:50] 区域 3  总下注0
[1:38:50] 区域 4  总下注0
[1:38:50] 区域 5  总下注0
[1:38:50] 玩家22516在区域 0  总下注22000
[1:38:50] 玩家22516在区域 1  总下注0
[1:38:50] 玩家22516在区域 2  总下注0
[1:38:50] 玩家22516在区域 3  总下注0
[1:38:50] 玩家22516在区域 4  总下注0
[1:38:50] 玩家22516在区域 5  总下注0
[1:38:50] 玩家22516 总下注22000
[1:38:50] send >>>>>>>>>>>>>>>>>>>>>>>>>>>>>>> 0 message 57 size 112
[1:38:50] send >>>>>>>>>>>>>>>>>>>>>>>>>>>>>>> 1 message 57 size 112
[1:38:50] recv  55 <<<<<<<<<<<<<<<<<<<<<<<<<<<<<<< 0
[1:38:50] userbet 22516  在0 下了 1000,累计下注 23000
[1:38:50] broad >>>>>>>>>>>>>>>>>>>>>>>>>>>>>>> message 56 size 6
[1:38:50] 区域 0  总下注23000
[1:38:50] 区域 1  总下注0
[1:38:50] 区域 2  总下注0
[1:38:50] 区域 3  总下注0
[1:38:50] 区域 4  总下注0
[1:38:50] 区域 5  总下注0
[1:38:50] 玩家22516在区域 0  总下注23000
[1:38:50] 玩家22516在区域 1  总下注0
[1:38:50] 玩家22516在区域 2  总下注0
[1:38:50] 玩家22516在区域 3  总下注0
[1:38:50] 玩家22516在区域 4  总下注0
[1:38:50] 玩家22516在区域 5  总下注0
[1:38:50] 玩家22516 总下注23000
[1:38:50] send >>>>>>>>>>>>>>>>>>>>>>>>>>>>>>> 0 message 57 size 112
[1:38:50] send >>>>>>>>>>>>>>>>>>>>>>>>>>>>>>> 1 message 57 size 112
[1:38:50] recv  55 <<<<<<<<<<<<<<<<<<<<<<<<<<<<<<< 0
[1:38:50] userbet 22516  在0 下了 1000,累计下注 24000
[1:38:50] broad >>>>>>>>>>>>>>>>>>>>>>>>>>>>>>> message 56 size 6
[1:38:50] 区域 0  总下注24000
[1:38:50] 区域 1  总下注0
[1:38:50] 区域 2  总下注0
[1:38:50] 区域 3  总下注0
[1:38:50] 区域 4  总下注0
[1:38:50] 区域 5  总下注0
[1:38:50] 玩家22516在区域 0  总下注24000
[1:38:50] 玩家22516在区域 1  总下注0
[1:38:50] 玩家22516在区域 2  总下注0
[1:38:50] 玩家22516在区域 3  总下注0
[1:38:50] 玩家22516在区域 4  总下注0
[1:38:50] 玩家22516在区域 5  总下注0
[1:38:50] 玩家22516 总下注24000
[1:38:50] send >>>>>>>>>>>>>>>>>>>>>>>>>>>>>>> 0 message 57 size 112
[1:38:50] send >>>>>>>>>>>>>>>>>>>>>>>>>>>>>>> 1 message 57 size 112
[1:38:50] recv  55 <<<<<<<<<<<<<<<<<<<<<<<<<<<<<<< 0
[1:38:50] userbet 22516  在0 下了 1000,累计下注 25000
[1:38:50] broad >>>>>>>>>>>>>>>>>>>>>>>>>>>>>>> message 56 size 6
[1:38:50] 区域 0  总下注25000
[1:38:50] 区域 1  总下注0
[1:38:50] 区域 2  总下注0
[1:38:50] 区域 3  总下注0
[1:38:50] 区域 4  总下注0
[1:38:50] 区域 5  总下注0
[1:38:50] 玩家22516在区域 0  总下注25000
[1:38:50] 玩家22516在区域 1  总下注0
[1:38:50] 玩家22516在区域 2  总下注0
[1:38:50] 玩家22516在区域 3  总下注0
[1:38:50] 玩家22516在区域 4  总下注0
[1:38:50] 玩家22516在区域 5  总下注0
[1:38:50] 玩家22516 总下注25000
[1:38:50] send >>>>>>>>>>>>>>>>>>>>>>>>>>>>>>> 0 message 57 size 112
[1:38:50] send >>>>>>>>>>>>>>>>>>>>>>>>>>>>>>> 1 message 57 size 112
[1:38:50] recv  55 <<<<<<<<<<<<<<<<<<<<<<<<<<<<<<< 0
[1:38:50] userbet 22516  在0 下了 1000,累计下注 26000
[1:38:50] broad >>>>>>>>>>>>>>>>>>>>>>>>>>>>>>> message 56 size 6
[1:38:50] 区域 0  总下注26000
[1:38:50] 区域 1  总下注0
[1:38:50] 区域 2  总下注0
[1:38:50] 区域 3  总下注0
[1:38:50] 区域 4  总下注0
[1:38:50] 区域 5  总下注0
[1:38:50] 玩家22516在区域 0  总下注26000
[1:38:50] 玩家22516在区域 1  总下注0
[1:38:50] 玩家22516在区域 2  总下注0
[1:38:50] 玩家22516在区域 3  总下注0
[1:38:50] 玩家22516在区域 4  总下注0
[1:38:50] 玩家22516在区域 5  总下注0
[1:38:50] 玩家22516 总下注26000
[1:38:50] send >>>>>>>>>>>>>>>>>>>>>>>>>>>>>>> 0 message 57 size 112
[1:38:50] send >>>>>>>>>>>>>>>>>>>>>>>>>>>>>>> 1 message 57 size 112
[1:38:51] recv  55 <<<<<<<<<<<<<<<<<<<<<<<<<<<<<<< 0
[1:38:51] userbet 22516  在0 下了 1000,累计下注 27000
[1:38:51] broad >>>>>>>>>>>>>>>>>>>>>>>>>>>>>>> message 56 size 6
[1:38:51] 区域 0  总下注27000
[1:38:51] 区域 1  总下注0
[1:38:51] 区域 2  总下注0
[1:38:51] 区域 3  总下注0
[1:38:51] 区域 4  总下注0
[1:38:51] 区域 5  总下注0
[1:38:51] 玩家22516在区域 0  总下注27000
[1:38:51] 玩家22516在区域 1  总下注0
[1:38:51] 玩家22516在区域 2  总下注0
[1:38:51] 玩家22516在区域 3  总下注0
[1:38:51] 玩家22516在区域 4  总下注0
[1:38:51] 玩家22516在区域 5  总下注0
[1:38:51] 玩家22516 总下注27000
[1:38:51] send >>>>>>>>>>>>>>>>>>>>>>>>>>>>>>> 0 message 57 size 112
[1:38:51] send >>>>>>>>>>>>>>>>>>>>>>>>>>>>>>> 1 message 57 size 112
[1:38:51] recv  55 <<<<<<<<<<<<<<<<<<<<<<<<<<<<<<< 0
[1:38:51] userbet 22516  在0 下了 1000,累计下注 28000
[1:38:51] broad >>>>>>>>>>>>>>>>>>>>>>>>>>>>>>> message 56 size 6
[1:38:51] 区域 0  总下注28000
[1:38:51] 区域 1  总下注0
[1:38:51] 区域 2  总下注0
[1:38:51] 区域 3  总下注0
[1:38:51] 区域 4  总下注0
[1:38:51] 区域 5  总下注0
[1:38:51] 玩家22516在区域 0  总下注28000
[1:38:51] 玩家22516在区域 1  总下注0
[1:38:51] 玩家22516在区域 2  总下注0
[1:38:51] 玩家22516在区域 3  总下注0
[1:38:51] 玩家22516在区域 4  总下注0
[1:38:51] 玩家22516在区域 5  总下注0
[1:38:51] 玩家22516 总下注28000
[1:38:51] send >>>>>>>>>>>>>>>>>>>>>>>>>>>>>>> 0 message 57 size 112
[1:38:51] send >>>>>>>>>>>>>>>>>>>>>>>>>>>>>>> 1 message 57 size 112
[1:38:51] recv  55 <<<<<<<<<<<<<<<<<<<<<<<<<<<<<<< 0
[1:38:51] userbet 22516  在0 下了 1000,累计下注 29000
[1:38:51] broad >>>>>>>>>>>>>>>>>>>>>>>>>>>>>>> message 56 size 6
[1:38:51] 区域 0  总下注29000
[1:38:51] 区域 1  总下注0
[1:38:51] 区域 2  总下注0
[1:38:51] 区域 3  总下注0
[1:38:51] 区域 4  总下注0
[1:38:51] 区域 5  总下注0
[1:38:51] 玩家22516在区域 0  总下注29000
[1:38:51] 玩家22516在区域 1  总下注0
[1:38:51] 玩家22516在区域 2  总下注0
[1:38:51] 玩家22516在区域 3  总下注0
[1:38:51] 玩家22516在区域 4  总下注0
[1:38:51] 玩家22516在区域 5  总下注0
[1:38:51] 玩家22516 总下注29000
[1:38:51] send >>>>>>>>>>>>>>>>>>>>>>>>>>>>>>> 0 message 57 size 112
[1:38:51] send >>>>>>>>>>>>>>>>>>>>>>>>>>>>>>> 1 message 57 size 112
[1:38:51] recv  55 <<<<<<<<<<<<<<<<<<<<<<<<<<<<<<< 0
[1:38:51] userbet 22516  在0 下了 1000,累计下注 30000
[1:38:51] broad >>>>>>>>>>>>>>>>>>>>>>>>>>>>>>> message 56 size 6
[1:38:51] 区域 0  总下注30000
[1:38:51] 区域 1  总下注0
[1:38:51] 区域 2  总下注0
[1:38:51] 区域 3  总下注0
[1:38:51] 区域 4  总下注0
[1:38:51] 区域 5  总下注0
[1:38:51] 玩家22516在区域 0  总下注30000
[1:38:51] 玩家22516在区域 1  总下注0
[1:38:51] 玩家22516在区域 2  总下注0
[1:38:51] 玩家22516在区域 3  总下注0
[1:38:51] 玩家22516在区域 4  总下注0
[1:38:51] 玩家22516在区域 5  总下注0
[1:38:51] 玩家22516 总下注30000
[1:38:51] send >>>>>>>>>>>>>>>>>>>>>>>>>>>>>>> 0 message 57 size 112
[1:38:51] send >>>>>>>>>>>>>>>>>>>>>>>>>>>>>>> 1 message 57 size 112
[1:38:52] recv  55 <<<<<<<<<<<<<<<<<<<<<<<<<<<<<<< 0
[1:38:52] userbet 22516  在0 下了 1000,累计下注 31000
[1:38:52] broad >>>>>>>>>>>>>>>>>>>>>>>>>>>>>>> message 56 size 6
[1:38:52] 区域 0  总下注31000
[1:38:52] 区域 1  总下注0
[1:38:52] 区域 2  总下注0
[1:38:52] 区域 3  总下注0
[1:38:52] 区域 4  总下注0
[1:38:52] 区域 5  总下注0
[1:38:52] 玩家22516在区域 0  总下注31000
[1:38:52] 玩家22516在区域 1  总下注0
[1:38:52] 玩家22516在区域 2  总下注0
[1:38:52] 玩家22516在区域 3  总下注0
[1:38:52] 玩家22516在区域 4  总下注0
[1:38:52] 玩家22516在区域 5  总下注0
[1:38:52] 玩家22516 总下注31000
[1:38:52] send >>>>>>>>>>>>>>>>>>>>>>>>>>>>>>> 0 message 57 size 112
[1:38:52] send >>>>>>>>>>>>>>>>>>>>>>>>>>>>>>> 1 message 57 size 112
[1:38:52] recv  55 <<<<<<<<<<<<<<<<<<<<<<<<<<<<<<< 0
[1:38:52] userbet 22516  在0 下了 1000,累计下注 32000
[1:38:52] broad >>>>>>>>>>>>>>>>>>>>>>>>>>>>>>> message 56 size 6
[1:38:52] 区域 0  总下注32000
[1:38:52] 区域 1  总下注0
[1:38:52] 区域 2  总下注0
[1:38:52] 区域 3  总下注0
[1:38:52] 区域 4  总下注0
[1:38:52] 区域 5  总下注0
[1:38:52] 玩家22516在区域 0  总下注32000
[1:38:52] 玩家22516在区域 1  总下注0
[1:38:52] 玩家22516在区域 2  总下注0
[1:38:52] 玩家22516在区域 3  总下注0
[1:38:52] 玩家22516在区域 4  总下注0
[1:38:52] 玩家22516在区域 5  总下注0
[1:38:52] 玩家22516 总下注32000
[1:38:52] send >>>>>>>>>>>>>>>>>>>>>>>>>>>>>>> 0 message 57 size 112
[1:38:52] send >>>>>>>>>>>>>>>>>>>>>>>>>>>>>>> 1 message 57 size 112
[1:38:52] recv  55 <<<<<<<<<<<<<<<<<<<<<<<<<<<<<<< 0
[1:38:52] userbet 22516  在0 下了 1000,累计下注 33000
[1:38:52] broad >>>>>>>>>>>>>>>>>>>>>>>>>>>>>>> message 56 size 6
[1:38:52] 区域 0  总下注33000
[1:38:52] 区域 1  总下注0
[1:38:52] 区域 2  总下注0
[1:38:52] 区域 3  总下注0
[1:38:52] 区域 4  总下注0
[1:38:52] 区域 5  总下注0
[1:38:52] 玩家22516在区域 0  总下注33000
[1:38:52] 玩家22516在区域 1  总下注0
[1:38:52] 玩家22516在区域 2  总下注0
[1:38:52] 玩家22516在区域 3  总下注0
[1:38:52] 玩家22516在区域 4  总下注0
[1:38:52] 玩家22516在区域 5  总下注0
[1:38:52] 玩家22516 总下注33000
[1:38:52] send >>>>>>>>>>>>>>>>>>>>>>>>>>>>>>> 0 message 57 size 112
[1:38:52] send >>>>>>>>>>>>>>>>>>>>>>>>>>>>>>> 1 message 57 size 112
[1:38:52] recv  55 <<<<<<<<<<<<<<<<<<<<<<<<<<<<<<< 0
[1:38:52] userbet 22516  在0 下了 1000,累计下注 34000
[1:38:52] broad >>>>>>>>>>>>>>>>>>>>>>>>>>>>>>> message 56 size 6
[1:38:52] 区域 0  总下注34000
[1:38:52] 区域 1  总下注0
[1:38:52] 区域 2  总下注0
[1:38:52] 区域 3  总下注0
[1:38:52] 区域 4  总下注0
[1:38:52] 区域 5  总下注0
[1:38:52] 玩家22516在区域 0  总下注34000
[1:38:52] 玩家22516在区域 1  总下注0
[1:38:52] 玩家22516在区域 2  总下注0
[1:38:52] 玩家22516在区域 3  总下注0
[1:38:52] 玩家22516在区域 4  总下注0
[1:38:52] 玩家22516在区域 5  总下注0
[1:38:52] 玩家22516 总下注34000
[1:38:52] send >>>>>>>>>>>>>>>>>>>>>>>>>>>>>>> 0 message 57 size 112
[1:38:52] send >>>>>>>>>>>>>>>>>>>>>>>>>>>>>>> 1 message 57 size 112
[1:38:52] recv  55 <<<<<<<<<<<<<<<<<<<<<<<<<<<<<<< 0
[1:38:52] userbet 22516  在0 下了 1000,累计下注 35000
[1:38:52] broad >>>>>>>>>>>>>>>>>>>>>>>>>>>>>>> message 56 size 6
[1:38:52] 区域 0  总下注35000
[1:38:52] 区域 1  总下注0
[1:38:52] 区域 2  总下注0
[1:38:52] 区域 3  总下注0
[1:38:52] 区域 4  总下注0
[1:38:52] 区域 5  总下注0
[1:38:52] 玩家22516在区域 0  总下注35000
[1:38:52] 玩家22516在区域 1  总下注0
[1:38:52] 玩家22516在区域 2  总下注0
[1:38:52] 玩家22516在区域 3  总下注0
[1:38:52] 玩家22516在区域 4  总下注0
[1:38:52] 玩家22516在区域 5  总下注0
[1:38:52] 玩家22516 总下注35000
[1:38:52] send >>>>>>>>>>>>>>>>>>>>>>>>>>>>>>> 0 message 57 size 112
[1:38:52] send >>>>>>>>>>>>>>>>>>>>>>>>>>>>>>> 1 message 57 size 112
[1:38:52] recv  55 <<<<<<<<<<<<<<<<<<<<<<<<<<<<<<< 0
[1:38:52] userbet 22516  在0 下了 1000,累计下注 36000
[1:38:52] broad >>>>>>>>>>>>>>>>>>>>>>>>>>>>>>> message 56 size 6
[1:38:52] 区域 0  总下注36000
[1:38:52] 区域 1  总下注0
[1:38:52] 区域 2  总下注0
[1:38:52] 区域 3  总下注0
[1:38:52] 区域 4  总下注0
[1:38:52] 区域 5  总下注0
[1:38:52] 玩家22516在区域 0  总下注36000
[1:38:52] 玩家22516在区域 1  总下注0
[1:38:52] 玩家22516在区域 2  总下注0
[1:38:52] 玩家22516在区域 3  总下注0
[1:38:52] 玩家22516在区域 4  总下注0
[1:38:52] 玩家22516在区域 5  总下注0
[1:38:52] 玩家22516 总下注36000
[1:38:52] send >>>>>>>>>>>>>>>>>>>>>>>>>>>>>>> 0 message 57 size 112
[1:38:52] send >>>>>>>>>>>>>>>>>>>>>>>>>>>>>>> 1 message 57 size 112
[1:38:52] recv  55 <<<<<<<<<<<<<<<<<<<<<<<<<<<<<<< 0
[1:38:52] userbet 22516  在0 下了 1000,累计下注 37000
[1:38:52] broad >>>>>>>>>>>>>>>>>>>>>>>>>>>>>>> message 56 size 6
[1:38:52] 区域 0  总下注37000
[1:38:52] 区域 1  总下注0
[1:38:52] 区域 2  总下注0
[1:38:52] 区域 3  总下注0
[1:38:52] 区域 4  总下注0
[1:38:52] 区域 5  总下注0
[1:38:52] 玩家22516在区域 0  总下注37000
[1:38:52] 玩家22516在区域 1  总下注0
[1:38:52] 玩家22516在区域 2  总下注0
[1:38:52] 玩家22516在区域 3  总下注0
[1:38:52] 玩家22516在区域 4  总下注0
[1:38:52] 玩家22516在区域 5  总下注0
[1:38:52] 玩家22516 总下注37000
[1:38:52] send >>>>>>>>>>>>>>>>>>>>>>>>>>>>>>> 0 message 57 size 112
[1:38:52] send >>>>>>>>>>>>>>>>>>>>>>>>>>>>>>> 1 message 57 size 112
[1:38:52] recv  55 <<<<<<<<<<<<<<<<<<<<<<<<<<<<<<< 0
[1:38:52] userbet 22516  在0 下了 1000,累计下注 38000
[1:38:52] broad >>>>>>>>>>>>>>>>>>>>>>>>>>>>>>> message 56 size 6
[1:38:52] 区域 0  总下注38000
[1:38:52] 区域 1  总下注0
[1:38:52] 区域 2  总下注0
[1:38:52] 区域 3  总下注0
[1:38:52] 区域 4  总下注0
[1:38:52] 区域 5  总下注0
[1:38:52] 玩家22516在区域 0  总下注38000
[1:38:52] 玩家22516在区域 1  总下注0
[1:38:52] 玩家22516在区域 2  总下注0
[1:38:52] 玩家22516在区域 3  总下注0
[1:38:52] 玩家22516在区域 4  总下注0
[1:38:52] 玩家22516在区域 5  总下注0
[1:38:52] 玩家22516 总下注38000
[1:38:52] send >>>>>>>>>>>>>>>>>>>>>>>>>>>>>>> 0 message 57 size 112
[1:38:52] send >>>>>>>>>>>>>>>>>>>>>>>>>>>>>>> 1 message 57 size 112
[1:38:52] card 0 11,b,   type 0   point 5
[1:38:52] card 1 8,9,   type 0   point 7
[1:38:52] card 2 3,6,   type 0   point 8
[1:38:52] card 3 2,9,   type 0   point 5
[1:38:52] broad >>>>>>>>>>>>>>>>>>>>>>>>>>>>>>> message 52 size 16
[1:39:7] 区域 0 结算 -38000
[1:39:7] 区域 1 结算 0
[1:39:7] 区域 2 结算 0
[1:39:7] 区域 3 结算 0
[1:39:7] 区域 4 结算 0
[1:39:7] 区域 5 结算 0
[1:39:7] 玩家0[22516]  结算 -38000
[1:39:7] 玩家1[22515]  结算 38000
[1:39:7] broad >>>>>>>>>>>>>>>>>>>>>>>>>>>>>>> message 58 size 86
[1:39:9] 玩家0[22516]  结算 -38000, 分数 -38000, 总分数 -52000
[1:39:9] 玩家1[22515]  结算 38000, 分数 38000, 总分数 52000
[1:39:9] ******************游戏结束********************************



[1:39:17] *************************小结算***********************
[1:39:17] [Phone22515,22515] [庄] 输赢金币 44000 ,排名 0
[1:39:17] [Phone22516,22516] [闲] 输赢金币 -44000 ,排名 1
[1:39:17] broad >>>>>>>>>>>>>>>>>>>>>>>>>>>>>>> message 73 size 44
[1:39:17] user[22516] 坐庄次数 2,每个人当庄次数2 
[1:39:17] user[22515] 坐庄次数 2,每个人当庄次数2 
[1:39:17] *************************大结算***********************
[1:39:17] [Phone22516,22516]  输赢金币 -52000 ,总分数 -52000，胜局 0 ,最大胜局 0,大赢家 0
[1:39:17] [Phone22515,22515]  输赢金币 52000 ,总分数 52000，胜局 4 ,最大胜局 4,大赢家 1
[1:39:17] broad >>>>>>>>>>>>>>>>>>>>>>>>>>>>>>> message 70 size 68
