[14:18:54] 0:16783 sit
[14:18:54] 0:16783 onGetState
[14:18:54] send >>>>>>>>>>>>>>>>>>>>>>>>>>>>>>> 0 message 72 size 4
[14:18:54] 游戏局数 0,总局数 4
[14:18:54] broad >>>>>>>>>>>>>>>>>>>>>>>>>>>>>>> message 71 size 8
[14:21:31] 0:16783 ready
[14:21:53] 1:10957 sit
[14:21:54] 1:10957 onGetState
[14:21:54] send >>>>>>>>>>>>>>>>>>>>>>>>>>>>>>> 1 message 72 size 4
[14:21:54] 游戏局数 0,总局数 4
[14:21:54] broad >>>>>>>>>>>>>>>>>>>>>>>>>>>>>>> message 71 size 8
[14:21:57] 1:10957 ready
[14:21:57] *****************游戏开始***************
[14:21:57] [0][16783]连庄局数 1,总局数1
[14:21:57] [1][10957]连庄局数 0,总局数1
[14:21:57] 通知 庄家 0 坐庄次数 1
[14:21:57] broad >>>>>>>>>>>>>>>>>>>>>>>>>>>>>>> message 69 size 1
[14:21:57] 游戏局数 1,总局数 4
[14:21:57] broad >>>>>>>>>>>>>>>>>>>>>>>>>>>>>>> message 71 size 8
[14:21:57] broad >>>>>>>>>>>>>>>>>>>>>>>>>>>>>>> message 51 size 0
[14:22:7] card 0 2,2,   type 26   point 6
[14:22:7] card 1 b,9,   type 0   point 6
[14:22:7] card 2 d,e,   type 16   point 6
[14:22:7] card 3 6,11,   type 0   point 7
[14:22:7] broad >>>>>>>>>>>>>>>>>>>>>>>>>>>>>>> message 52 size 16
[14:22:22] 区域 0 结算 0
[14:22:22] 区域 1 结算 0
[14:22:22] 区域 2 结算 0
[14:22:22] 区域 3 结算 0
[14:22:22] 区域 4 结算 0
[14:22:22] 区域 5 结算 0
[14:22:22] 玩家0[16783]  结算 0
[14:22:22] 玩家1[10957]  结算 0
[14:22:22] broad >>>>>>>>>>>>>>>>>>>>>>>>>>>>>>> message 58 size 86
[14:22:24] 玩家0[16783]  结算 0, 分数 0, 总分数 0
[14:22:24] 玩家1[10957]  结算 0, 分数 0, 总分数 0
[14:22:24] ******************游戏结束********************************



[14:22:27] broad >>>>>>>>>>>>>>>>>>>>>>>>>>>>>>> message 72 size 4
[14:22:33] 1:10957 ready
[14:22:35] 0:16783 ready
[14:22:35] *****************游戏开始***************
[14:22:35] [0][16783]连庄局数 2,总局数2
[14:22:35] [1][10957]连庄局数 0,总局数2
[14:22:35] 游戏局数 2,总局数 4
[14:22:35] broad >>>>>>>>>>>>>>>>>>>>>>>>>>>>>>> message 71 size 8
[14:22:35] broad >>>>>>>>>>>>>>>>>>>>>>>>>>>>>>> message 51 size 0
[14:22:45] card 0 0,0,   type 28   point 4
[14:22:45] card 1 e,f,   type 0   point 5
[14:22:45] card 2 5,3,   type 0   point 0
[14:22:45] card 3 13,12,   type 0   point 0
[14:22:45] broad >>>>>>>>>>>>>>>>>>>>>>>>>>>>>>> message 52 size 16
[14:23:0] 区域 0 结算 0
[14:23:0] 区域 1 结算 0
[14:23:0] 区域 2 结算 0
[14:23:0] 区域 3 结算 0
[14:23:0] 区域 4 结算 0
[14:23:0] 区域 5 结算 0
[14:23:0] 玩家0[16783]  结算 0
[14:23:0] 玩家1[10957]  结算 0
[14:23:0] broad >>>>>>>>>>>>>>>>>>>>>>>>>>>>>>> message 58 size 86
[14:23:2] 玩家0[16783]  结算 0, 分数 0, 总分数 0
[14:23:2] 玩家1[10957]  结算 0, 分数 0, 总分数 0
[14:23:2] ******************游戏结束********************************



[14:23:10] *************************小结算***********************
[14:23:10] [Phone16783,16783] [庄] 输赢金币 0 ,排名 0
[14:23:10] [Phone10957,10957] [闲] 输赢金币 0 ,排名 0
[14:23:10] broad >>>>>>>>>>>>>>>>>>>>>>>>>>>>>>> message 73 size 44
[14:23:10] user[16783] 坐庄次数 2,每个人当庄次数2 
[14:23:10] user[10957] 坐庄次数 0,每个人当庄次数2 
[14:23:10] broad >>>>>>>>>>>>>>>>>>>>>>>>>>>>>>> message 72 size 4
[14:23:13] 0:16783 ready
[14:23:17] 1:10957 ready
[14:23:17] *****************游戏开始***************
[14:23:17] [0][16783]连庄局数 2,总局数3
[14:23:17] [1][10957]连庄局数 1,总局数3
[14:23:17] 通知 庄家 1 坐庄次数 1
[14:23:17] broad >>>>>>>>>>>>>>>>>>>>>>>>>>>>>>> message 69 size 1
[14:23:17] 游戏局数 3,总局数 4
[14:23:17] broad >>>>>>>>>>>>>>>>>>>>>>>>>>>>>>> message 71 size 8
[14:23:17] broad >>>>>>>>>>>>>>>>>>>>>>>>>>>>>>> message 51 size 0
[14:23:27] card 0 3,10,   type 0   point 1
[14:23:27] card 1 4,e,   type 0   point 8
[14:23:27] card 2 9,8,   type 0   point 7
[14:23:27] card 3 6,1,   type 0   point 6
[14:23:27] broad >>>>>>>>>>>>>>>>>>>>>>>>>>>>>>> message 52 size 16
[14:23:42] 区域 0 结算 0
[14:23:42] 区域 1 结算 0
[14:23:42] 区域 2 结算 0
[14:23:42] 区域 3 结算 0
[14:23:42] 区域 4 结算 0
[14:23:42] 区域 5 结算 0
[14:23:42] 玩家0[16783]  结算 0
[14:23:42] 玩家1[10957]  结算 0
[14:23:42] broad >>>>>>>>>>>>>>>>>>>>>>>>>>>>>>> message 58 size 86
[14:23:44] 玩家0[16783]  结算 0, 分数 0, 总分数 0
[14:23:44] 玩家1[10957]  结算 0, 分数 0, 总分数 0
[14:23:44] ******************游戏结束********************************



[14:23:47] broad >>>>>>>>>>>>>>>>>>>>>>>>>>>>>>> message 72 size 4
[14:23:58] 1:10957 ready
[14:24:1] 0:16783 ready
[14:24:1] *****************游戏开始***************
[14:24:1] [0][16783]连庄局数 2,总局数4
[14:24:1] [1][10957]连庄局数 2,总局数4
[14:24:1] 游戏局数 4,总局数 4
[14:24:1] broad >>>>>>>>>>>>>>>>>>>>>>>>>>>>>>> message 71 size 8
[14:24:1] broad >>>>>>>>>>>>>>>>>>>>>>>>>>>>>>> message 51 size 0
[14:24:8] recv  55 <<<<<<<<<<<<<<<<<<<<<<<<<<<<<<< 0
[14:24:8] userbet 16783  在4 下了 200,累计下注 200
[14:24:8] broad >>>>>>>>>>>>>>>>>>>>>>>>>>>>>>> message 56 size 6
[14:24:8] 区域 0  总下注0
[14:24:8] 区域 1  总下注0
[14:24:8] 区域 2  总下注0
[14:24:8] 区域 3  总下注0
[14:24:8] 区域 4  总下注200
[14:24:8] 区域 5  总下注0
[14:24:8] 玩家16783在区域 0  总下注0
[14:24:8] 玩家16783在区域 1  总下注0
[14:24:8] 玩家16783在区域 2  总下注0
[14:24:8] 玩家16783在区域 3  总下注0
[14:24:8] 玩家16783在区域 4  总下注200
[14:24:8] 玩家16783在区域 5  总下注0
[14:24:8] 玩家16783 总下注200
[14:24:8] send >>>>>>>>>>>>>>>>>>>>>>>>>>>>>>> 0 message 57 size 112
[14:24:8] send >>>>>>>>>>>>>>>>>>>>>>>>>>>>>>> 1 message 57 size 112
[14:24:8] recv  55 <<<<<<<<<<<<<<<<<<<<<<<<<<<<<<< 0
[14:24:8] userbet 16783  在4 下了 200,累计下注 400
[14:24:8] broad >>>>>>>>>>>>>>>>>>>>>>>>>>>>>>> message 56 size 6
[14:24:8] 区域 0  总下注0
[14:24:8] 区域 1  总下注0
[14:24:8] 区域 2  总下注0
[14:24:8] 区域 3  总下注0
[14:24:8] 区域 4  总下注400
[14:24:8] 区域 5  总下注0
[14:24:8] 玩家16783在区域 0  总下注0
[14:24:8] 玩家16783在区域 1  总下注0
[14:24:8] 玩家16783在区域 2  总下注0
[14:24:8] 玩家16783在区域 3  总下注0
[14:24:8] 玩家16783在区域 4  总下注400
[14:24:8] 玩家16783在区域 5  总下注0
[14:24:8] 玩家16783 总下注400
[14:24:8] send >>>>>>>>>>>>>>>>>>>>>>>>>>>>>>> 0 message 57 size 112
[14:24:8] send >>>>>>>>>>>>>>>>>>>>>>>>>>>>>>> 1 message 57 size 112
[14:24:8] recv  55 <<<<<<<<<<<<<<<<<<<<<<<<<<<<<<< 0
[14:24:8] userbet 16783  在4 下了 200,累计下注 600
[14:24:8] broad >>>>>>>>>>>>>>>>>>>>>>>>>>>>>>> message 56 size 6
[14:24:8] 区域 0  总下注0
[14:24:8] 区域 1  总下注0
[14:24:8] 区域 2  总下注0
[14:24:8] 区域 3  总下注0
[14:24:8] 区域 4  总下注600
[14:24:8] 区域 5  总下注0
[14:24:8] 玩家16783在区域 0  总下注0
[14:24:8] 玩家16783在区域 1  总下注0
[14:24:8] 玩家16783在区域 2  总下注0
[14:24:8] 玩家16783在区域 3  总下注0
[14:24:8] 玩家16783在区域 4  总下注600
[14:24:8] 玩家16783在区域 5  总下注0
[14:24:8] 玩家16783 总下注600
[14:24:8] send >>>>>>>>>>>>>>>>>>>>>>>>>>>>>>> 0 message 57 size 112
[14:24:8] send >>>>>>>>>>>>>>>>>>>>>>>>>>>>>>> 1 message 57 size 112
[14:24:10] recv  55 <<<<<<<<<<<<<<<<<<<<<<<<<<<<<<< 0
[14:24:10] userbet 16783  在2 下了 100,累计下注 700
[14:24:10] broad >>>>>>>>>>>>>>>>>>>>>>>>>>>>>>> message 56 size 6
[14:24:10] 区域 0  总下注0
[14:24:10] 区域 1  总下注0
[14:24:10] 区域 2  总下注100
[14:24:10] 区域 3  总下注0
[14:24:10] 区域 4  总下注600
[14:24:10] 区域 5  总下注0
[14:24:10] 玩家16783在区域 0  总下注0
[14:24:10] 玩家16783在区域 1  总下注0
[14:24:10] 玩家16783在区域 2  总下注100
[14:24:10] 玩家16783在区域 3  总下注0
[14:24:10] 玩家16783在区域 4  总下注600
[14:24:10] 玩家16783在区域 5  总下注0
[14:24:10] 玩家16783 总下注700
[14:24:10] send >>>>>>>>>>>>>>>>>>>>>>>>>>>>>>> 0 message 57 size 112
[14:24:10] send >>>>>>>>>>>>>>>>>>>>>>>>>>>>>>> 1 message 57 size 112
[14:24:11] recv  55 <<<<<<<<<<<<<<<<<<<<<<<<<<<<<<< 0
[14:24:11] userbet 16783  在2 下了 100,累计下注 800
[14:24:11] broad >>>>>>>>>>>>>>>>>>>>>>>>>>>>>>> message 56 size 6
[14:24:11] 区域 0  总下注0
[14:24:11] 区域 1  总下注0
[14:24:11] 区域 2  总下注200
[14:24:11] 区域 3  总下注0
[14:24:11] 区域 4  总下注600
[14:24:11] 区域 5  总下注0
[14:24:11] 玩家16783在区域 0  总下注0
[14:24:11] 玩家16783在区域 1  总下注0
[14:24:11] 玩家16783在区域 2  总下注200
[14:24:11] 玩家16783在区域 3  总下注0
[14:24:11] 玩家16783在区域 4  总下注600
[14:24:11] 玩家16783在区域 5  总下注0
[14:24:11] 玩家16783 总下注800
[14:24:11] send >>>>>>>>>>>>>>>>>>>>>>>>>>>>>>> 0 message 57 size 112
[14:24:11] send >>>>>>>>>>>>>>>>>>>>>>>>>>>>>>> 1 message 57 size 112
[14:24:12] card 0 b,9,   type 0   point 6
[14:24:12] card 1 0,5,   type 0   point 8
[14:24:12] card 2 7,6,   type 0   point 5
[14:24:12] card 3 7,3,   type 0   point 5
[14:24:12] broad >>>>>>>>>>>>>>>>>>>>>>>>>>>>>>> message 52 size 16
[14:24:27] 区域 0 结算 0
[14:24:27] 区域 1 结算 0
[14:24:27] 区域 2 结算 -200
[14:24:27] 区域 3 结算 0
[14:24:27] 区域 4 结算 0
[14:24:27] 区域 5 结算 0
[14:24:27] 玩家0[16783]  结算 -200
[14:24:27] 玩家1[10957]  结算 200
[14:24:27] broad >>>>>>>>>>>>>>>>>>>>>>>>>>>>>>> message 58 size 86
[14:24:28] 玩家0[16783]  结算 -200, 分数 -200, 总分数 -200
[14:24:28] 玩家1[10957]  结算 200, 分数 200, 总分数 200
[14:24:28] ******************游戏结束********************************



[14:24:36] *************************小结算***********************
[14:24:36] [Phone10957,10957] [庄] 输赢金币 200 ,排名 0
[14:24:36] [Phone16783,16783] [闲] 输赢金币 -200 ,排名 1
[14:24:36] broad >>>>>>>>>>>>>>>>>>>>>>>>>>>>>>> message 73 size 44
[14:24:36] user[16783] 坐庄次数 2,每个人当庄次数2 
[14:24:36] user[10957] 坐庄次数 2,每个人当庄次数2 
[14:24:36] *************************大结算***********************
[14:24:36] [Phone16783,16783]  输赢金币 -200 ,总分数 -200，胜局 0 ,最大胜局 0,大赢家 0
[14:24:36] [Phone10957,10957]  输赢金币 200 ,总分数 200，胜局 1 ,最大胜局 1,大赢家 1
[14:24:36] broad >>>>>>>>>>>>>>>>>>>>>>>>>>>>>>> message 70 size 68
