[14:1:40] 0:19755 sit
[14:1:41] 0:19755 onGetState
[14:1:41] send >>>>>>>>>>>>>>>>>>>>>>>>>>>>>>> 0 message 72 size 4
[14:1:41] 游戏局数 0,总局数 4
[14:1:41] broad >>>>>>>>>>>>>>>>>>>>>>>>>>>>>>> message 71 size 8
[14:2:3] 1:18857 sit
[14:2:4] 1:18857 onGetState
[14:2:4] send >>>>>>>>>>>>>>>>>>>>>>>>>>>>>>> 1 message 72 size 4
[14:2:4] 游戏局数 0,总局数 4
[14:2:4] broad >>>>>>>>>>>>>>>>>>>>>>>>>>>>>>> message 71 size 8
[14:2:6] 1:18857 ready
[14:2:8] 0:19755 ready
[14:2:8] *****************游戏开始***************
[14:2:8] [0][19755]连庄局数 1,总局数1
[14:2:8] [1][18857]连庄局数 0,总局数1
[14:2:8] 通知 庄家 0 坐庄次数 1
[14:2:8] broad >>>>>>>>>>>>>>>>>>>>>>>>>>>>>>> message 69 size 1
[14:2:8] 游戏局数 1,总局数 4
[14:2:8] broad >>>>>>>>>>>>>>>>>>>>>>>>>>>>>>> message 71 size 8
[14:2:8] broad >>>>>>>>>>>>>>>>>>>>>>>>>>>>>>> message 51 size 0
[14:2:18] recv  55 <<<<<<<<<<<<<<<<<<<<<<<<<<<<<<< 1
[14:2:18] userbet 18857  在0 下了 10,累计下注 10
[14:2:18] broad >>>>>>>>>>>>>>>>>>>>>>>>>>>>>>> message 56 size 6
[14:2:18] 区域 0  总下注10
[14:2:18] 区域 1  总下注0
[14:2:18] 区域 2  总下注0
[14:2:18] 区域 3  总下注0
[14:2:18] 区域 4  总下注0
[14:2:18] 区域 5  总下注0
[14:2:18] send >>>>>>>>>>>>>>>>>>>>>>>>>>>>>>> 0 message 57 size 112
[14:2:18] 玩家18857在区域 0  总下注10
[14:2:18] 玩家18857在区域 1  总下注0
[14:2:18] 玩家18857在区域 2  总下注0
[14:2:18] 玩家18857在区域 3  总下注0
[14:2:18] 玩家18857在区域 4  总下注0
[14:2:18] 玩家18857在区域 5  总下注0
[14:2:18] 玩家18857 总下注10
[14:2:18] send >>>>>>>>>>>>>>>>>>>>>>>>>>>>>>> 1 message 57 size 112
[14:2:18] card 0 4,0,   type 0   point 2
[14:2:18] card 1 4,5,   type 0   point 6
[14:2:18] card 2 7,9,   type 0   point 8
[14:2:18] card 3 3,0,   type 0   point 6
[14:2:18] broad >>>>>>>>>>>>>>>>>>>>>>>>>>>>>>> message 52 size 16
[14:2:33] 区域 0 结算 -10
[14:2:33] 区域 1 结算 0
[14:2:33] 区域 2 结算 0
[14:2:33] 区域 3 结算 0
[14:2:33] 区域 4 结算 0
[14:2:33] 区域 5 结算 0
[14:2:33] 玩家0[19755]  结算 10
[14:2:33] 玩家1[18857]  结算 -10
[14:2:33] broad >>>>>>>>>>>>>>>>>>>>>>>>>>>>>>> message 58 size 86
[14:2:35] 玩家0[19755]  结算 10, 分数 10, 总分数 10
[14:2:35] 玩家1[18857]  结算 -10, 分数 -10, 总分数 -10
[14:2:35] ******************游戏结束********************************



[14:2:38] broad >>>>>>>>>>>>>>>>>>>>>>>>>>>>>>> message 72 size 4
[14:2:40] 1:18857 ready
[14:2:44] 0:19755 ready
[14:2:44] *****************游戏开始***************
[14:2:44] [0][19755]连庄局数 2,总局数2
[14:2:44] [1][18857]连庄局数 0,总局数2
[14:2:44] 游戏局数 2,总局数 4
[14:2:44] broad >>>>>>>>>>>>>>>>>>>>>>>>>>>>>>> message 71 size 8
[14:2:44] broad >>>>>>>>>>>>>>>>>>>>>>>>>>>>>>> message 51 size 0
[14:2:49] recv  55 <<<<<<<<<<<<<<<<<<<<<<<<<<<<<<< 1
[14:2:49] userbet 18857  在0 下了 100,累计下注 100
[14:2:49] broad >>>>>>>>>>>>>>>>>>>>>>>>>>>>>>> message 56 size 6
[14:2:49] 区域 0  总下注100
[14:2:49] 区域 1  总下注0
[14:2:49] 区域 2  总下注0
[14:2:49] 区域 3  总下注0
[14:2:49] 区域 4  总下注0
[14:2:49] 区域 5  总下注0
[14:2:49] send >>>>>>>>>>>>>>>>>>>>>>>>>>>>>>> 0 message 57 size 112
[14:2:49] 玩家18857在区域 0  总下注100
[14:2:49] 玩家18857在区域 1  总下注0
[14:2:49] 玩家18857在区域 2  总下注0
[14:2:49] 玩家18857在区域 3  总下注0
[14:2:49] 玩家18857在区域 4  总下注0
[14:2:49] 玩家18857在区域 5  总下注0
[14:2:49] 玩家18857 总下注100
[14:2:49] send >>>>>>>>>>>>>>>>>>>>>>>>>>>>>>> 1 message 57 size 112
[14:2:51] recv  55 <<<<<<<<<<<<<<<<<<<<<<<<<<<<<<< 1
[14:2:51] userbet 18857  在3 下了 100,累计下注 200
[14:2:51] broad >>>>>>>>>>>>>>>>>>>>>>>>>>>>>>> message 56 size 6
[14:2:51] 区域 0  总下注100
[14:2:51] 区域 1  总下注0
[14:2:51] 区域 2  总下注0
[14:2:51] 区域 3  总下注100
[14:2:51] 区域 4  总下注0
[14:2:51] 区域 5  总下注0
[14:2:51] send >>>>>>>>>>>>>>>>>>>>>>>>>>>>>>> 0 message 57 size 112
[14:2:51] 玩家18857在区域 0  总下注100
[14:2:51] 玩家18857在区域 1  总下注0
[14:2:51] 玩家18857在区域 2  总下注0
[14:2:51] 玩家18857在区域 3  总下注100
[14:2:51] 玩家18857在区域 4  总下注0
[14:2:51] 玩家18857在区域 5  总下注0
[14:2:51] 玩家18857 总下注200
[14:2:51] send >>>>>>>>>>>>>>>>>>>>>>>>>>>>>>> 1 message 57 size 112
[14:2:52] recv  55 <<<<<<<<<<<<<<<<<<<<<<<<<<<<<<< 1
[14:2:52] userbet 18857  在4 下了 100,累计下注 300
[14:2:52] broad >>>>>>>>>>>>>>>>>>>>>>>>>>>>>>> message 56 size 6
[14:2:52] 区域 0  总下注100
[14:2:52] 区域 1  总下注0
[14:2:52] 区域 2  总下注0
[14:2:52] 区域 3  总下注100
[14:2:52] 区域 4  总下注100
[14:2:52] 区域 5  总下注0
[14:2:52] send >>>>>>>>>>>>>>>>>>>>>>>>>>>>>>> 0 message 57 size 112
[14:2:52] 玩家18857在区域 0  总下注100
[14:2:52] 玩家18857在区域 1  总下注0
[14:2:52] 玩家18857在区域 2  总下注0
[14:2:52] 玩家18857在区域 3  总下注100
[14:2:52] 玩家18857在区域 4  总下注100
[14:2:52] 玩家18857在区域 5  总下注0
[14:2:52] 玩家18857 总下注300
[14:2:52] send >>>>>>>>>>>>>>>>>>>>>>>>>>>>>>> 1 message 57 size 112
[14:2:54] card 0 d,2,   type 0   point 6
[14:2:54] card 1 6,2,   type 0   point 2
[14:2:54] card 2 f,5,   type 0   point 3
[14:2:54] card 3 8,1,   type 0   point 2
[14:2:54] broad >>>>>>>>>>>>>>>>>>>>>>>>>>>>>>> message 52 size 16
[14:3:9] 区域 0 结算 100
[14:3:9] 区域 1 结算 0
[14:3:9] 区域 2 结算 0
[14:3:9] 区域 3 结算 0
[14:3:9] 区域 4 结算 0
[14:3:9] 区域 5 结算 0
[14:3:9] 玩家0[19755]  结算 -100
[14:3:9] 玩家1[18857]  结算 100
[14:3:9] broad >>>>>>>>>>>>>>>>>>>>>>>>>>>>>>> message 58 size 86
[14:3:11] 玩家0[19755]  结算 -100, 分数 -100, 总分数 -90
[14:3:11] 玩家1[18857]  结算 100, 分数 100, 总分数 90
[14:3:11] ******************游戏结束********************************



[14:3:19] *************************小结算***********************
[14:3:19] [Phone18857,18857] [闲] 输赢金币 90 ,排名 0
[14:3:19] [Phone19755,19755] [庄] 输赢金币 -90 ,排名 1
[14:3:19] broad >>>>>>>>>>>>>>>>>>>>>>>>>>>>>>> message 73 size 44
[14:3:19] user[19755] 坐庄次数 2,每个人当庄次数2 
[14:3:19] user[18857] 坐庄次数 0,每个人当庄次数2 
[14:3:19] broad >>>>>>>>>>>>>>>>>>>>>>>>>>>>>>> message 72 size 4
[14:3:25] 0:19755 ready
[14:3:35] 1:18857 ready
[14:3:35] *****************游戏开始***************
[14:3:35] [0][19755]连庄局数 2,总局数3
[14:3:35] [1][18857]连庄局数 1,总局数3
[14:3:35] 通知 庄家 1 坐庄次数 1
[14:3:35] broad >>>>>>>>>>>>>>>>>>>>>>>>>>>>>>> message 69 size 1
[14:3:35] 游戏局数 3,总局数 4
[14:3:35] broad >>>>>>>>>>>>>>>>>>>>>>>>>>>>>>> message 71 size 8
[14:3:35] broad >>>>>>>>>>>>>>>>>>>>>>>>>>>>>>> message 51 size 0
[14:3:45] *************************大结算***********************
[14:3:45] [Phone19755,19755]  输赢金币 -90 ,总分数 -90，胜局 1 ,最大胜局 1,大赢家 0
[14:3:45] [Phone18857,18857]  输赢金币 90 ,总分数 90，胜局 1 ,最大胜局 1,大赢家 1
[14:3:45] broad >>>>>>>>>>>>>>>>>>>>>>>>>>>>>>> message 70 size 68
