[20:56:16] 0:20235 sit
[20:56:17] 0:20235 onGetState
[20:56:17] send >>>>>>>>>>>>>>>>>>>>>>>>>>>>>>> 0 message 72 size 4
[20:56:17] 游戏局数 0,总局数 4
[20:56:17] broad >>>>>>>>>>>>>>>>>>>>>>>>>>>>>>> message 71 size 8
[20:56:43] 1:20236 sit
[20:56:43] 1:20236 onGetState
[20:56:43] send >>>>>>>>>>>>>>>>>>>>>>>>>>>>>>> 1 message 72 size 4
[20:56:43] 游戏局数 0,总局数 4
[20:56:43] broad >>>>>>>>>>>>>>>>>>>>>>>>>>>>>>> message 71 size 8
[20:56:47] 0:20235 ready
[20:56:48] 1:20236 ready
[20:56:48] *****************游戏开始***************
[20:56:48] [0][20235]连庄局数 1,总局数1
[20:56:48] [1][20236]连庄局数 0,总局数1
[20:56:48] 通知 庄家 0 坐庄次数 1
[20:56:48] broad >>>>>>>>>>>>>>>>>>>>>>>>>>>>>>> message 69 size 1
[20:56:48] 游戏局数 1,总局数 4
[20:56:48] broad >>>>>>>>>>>>>>>>>>>>>>>>>>>>>>> message 71 size 8
[20:56:48] broad >>>>>>>>>>>>>>>>>>>>>>>>>>>>>>> message 51 size 0
[20:56:58] card 0 9,8,   type 0   point 7
[20:56:58] card 1 5,3,   type 0   point 0
[20:56:58] card 2 b,6,   type 0   point 3
[20:56:58] card 3 1,13,   type 0   point 7
[20:56:58] broad >>>>>>>>>>>>>>>>>>>>>>>>>>>>>>> message 52 size 16
[20:57:13] 区域 0 结算 0
[20:57:13] 区域 1 结算 0
[20:57:13] 区域 2 结算 0
[20:57:13] 区域 3 结算 0
[20:57:13] 区域 4 结算 0
[20:57:13] 区域 5 结算 0
[20:57:13] 玩家0[20235]  结算 0
[20:57:13] 玩家1[20236]  结算 0
[20:57:13] broad >>>>>>>>>>>>>>>>>>>>>>>>>>>>>>> message 58 size 86
[20:57:15] 玩家0[20235]  结算 0, 分数 0, 总分数 0
[20:57:15] 玩家1[20236]  结算 0, 分数 0, 总分数 0
[20:57:15] ******************游戏结束********************************



[20:57:18] broad >>>>>>>>>>>>>>>>>>>>>>>>>>>>>>> message 72 size 4
[20:57:25] 0:20235 ready
[20:57:27] 1:20236 ready
[20:57:27] *****************游戏开始***************
[20:57:27] [0][20235]连庄局数 2,总局数2
[20:57:27] [1][20236]连庄局数 0,总局数2
[20:57:27] 游戏局数 2,总局数 4
[20:57:27] broad >>>>>>>>>>>>>>>>>>>>>>>>>>>>>>> message 71 size 8
[20:57:27] broad >>>>>>>>>>>>>>>>>>>>>>>>>>>>>>> message 51 size 0
[20:57:37] card 0 4,1,   type 0   point 2
[20:57:37] card 1 7,12,   type 0   point 6
[20:57:37] card 2 2,0,   type 11   point 0
[20:57:37] card 3 13,7,   type 0   point 6
[20:57:37] broad >>>>>>>>>>>>>>>>>>>>>>>>>>>>>>> message 52 size 16
[20:57:52] 区域 0 结算 0
[20:57:52] 区域 1 结算 0
[20:57:52] 区域 2 结算 0
[20:57:52] 区域 3 结算 0
[20:57:52] 区域 4 结算 0
[20:57:52] 区域 5 结算 0
[20:57:52] 玩家0[20235]  结算 0
[20:57:52] 玩家1[20236]  结算 0
[20:57:52] broad >>>>>>>>>>>>>>>>>>>>>>>>>>>>>>> message 58 size 86
[20:57:54] 玩家0[20235]  结算 0, 分数 0, 总分数 0
[20:57:54] 玩家1[20236]  结算 0, 分数 0, 总分数 0
[20:57:54] ******************游戏结束********************************



[20:58:2] *************************小结算***********************
[20:58:2] [Phone20235,20235] [庄] 输赢金币 0 ,排名 0
[20:58:2] [Phone20236,20236] [闲] 输赢金币 0 ,排名 0
[20:58:2] broad >>>>>>>>>>>>>>>>>>>>>>>>>>>>>>> message 73 size 44
[20:58:2] user[20235] 坐庄次数 2,每个人当庄次数2 
[20:58:2] user[20236] 坐庄次数 0,每个人当庄次数2 
[20:58:2] broad >>>>>>>>>>>>>>>>>>>>>>>>>>>>>>> message 72 size 4
[20:58:8] 0:20235 ready
[20:58:9] 1:20236 ready
[20:58:9] *****************游戏开始***************
[20:58:9] [0][20235]连庄局数 2,总局数3
[20:58:9] [1][20236]连庄局数 1,总局数3
[20:58:9] 通知 庄家 1 坐庄次数 1
[20:58:9] broad >>>>>>>>>>>>>>>>>>>>>>>>>>>>>>> message 69 size 1
[20:58:9] 游戏局数 3,总局数 4
[20:58:9] broad >>>>>>>>>>>>>>>>>>>>>>>>>>>>>>> message 71 size 8
[20:58:9] broad >>>>>>>>>>>>>>>>>>>>>>>>>>>>>>> message 51 size 0
[20:58:17] recv  55 <<<<<<<<<<<<<<<<<<<<<<<<<<<<<<< 0
[20:58:17] userbet 20235  在2 下了 200,累计下注 200
[20:58:17] broad >>>>>>>>>>>>>>>>>>>>>>>>>>>>>>> message 56 size 6
[20:58:17] 区域 0  总下注0
[20:58:17] 区域 1  总下注0
[20:58:17] 区域 2  总下注200
[20:58:17] 区域 3  总下注0
[20:58:17] 区域 4  总下注0
[20:58:17] 区域 5  总下注0
[20:58:17] 玩家20235在区域 0  总下注0
[20:58:17] 玩家20235在区域 1  总下注0
[20:58:17] 玩家20235在区域 2  总下注200
[20:58:17] 玩家20235在区域 3  总下注0
[20:58:17] 玩家20235在区域 4  总下注0
[20:58:17] 玩家20235在区域 5  总下注0
[20:58:17] 玩家20235 总下注200
[20:58:17] send >>>>>>>>>>>>>>>>>>>>>>>>>>>>>>> 0 message 57 size 112
[20:58:17] send >>>>>>>>>>>>>>>>>>>>>>>>>>>>>>> 1 message 57 size 112
[20:58:19] recv  55 <<<<<<<<<<<<<<<<<<<<<<<<<<<<<<< 0
[20:58:19] userbet 20235  在2 下了 1000,累计下注 1200
[20:58:19] broad >>>>>>>>>>>>>>>>>>>>>>>>>>>>>>> message 56 size 6
[20:58:19] 区域 0  总下注0
[20:58:19] 区域 1  总下注0
[20:58:19] 区域 2  总下注1200
[20:58:19] 区域 3  总下注0
[20:58:19] 区域 4  总下注0
[20:58:19] 区域 5  总下注0
[20:58:19] 玩家20235在区域 0  总下注0
[20:58:19] 玩家20235在区域 1  总下注0
[20:58:19] 玩家20235在区域 2  总下注1200
[20:58:19] 玩家20235在区域 3  总下注0
[20:58:19] 玩家20235在区域 4  总下注0
[20:58:19] 玩家20235在区域 5  总下注0
[20:58:19] 玩家20235 总下注1200
[20:58:19] send >>>>>>>>>>>>>>>>>>>>>>>>>>>>>>> 0 message 57 size 112
[20:58:19] send >>>>>>>>>>>>>>>>>>>>>>>>>>>>>>> 1 message 57 size 112
[20:58:19] recv  55 <<<<<<<<<<<<<<<<<<<<<<<<<<<<<<< 0
[20:58:19] userbet 20235  在2 下了 1000,累计下注 2200
[20:58:19] broad >>>>>>>>>>>>>>>>>>>>>>>>>>>>>>> message 56 size 6
[20:58:19] 区域 0  总下注0
[20:58:19] 区域 1  总下注0
[20:58:19] 区域 2  总下注2200
[20:58:19] 区域 3  总下注0
[20:58:19] 区域 4  总下注0
[20:58:19] 区域 5  总下注0
[20:58:19] 玩家20235在区域 0  总下注0
[20:58:19] 玩家20235在区域 1  总下注0
[20:58:19] 玩家20235在区域 2  总下注2200
[20:58:19] 玩家20235在区域 3  总下注0
[20:58:19] 玩家20235在区域 4  总下注0
[20:58:19] 玩家20235在区域 5  总下注0
[20:58:19] 玩家20235 总下注2200
[20:58:19] send >>>>>>>>>>>>>>>>>>>>>>>>>>>>>>> 0 message 57 size 112
[20:58:19] send >>>>>>>>>>>>>>>>>>>>>>>>>>>>>>> 1 message 57 size 112
[20:58:20] card 0 4,7,   type 0   point 1
[20:58:20] card 1 6,4,   type 0   point 4
[20:58:20] card 2 2,9,   type 0   point 5
[20:58:20] card 3 12,9,   type 0   point 2
[20:58:20] broad >>>>>>>>>>>>>>>>>>>>>>>>>>>>>>> message 52 size 16
[20:58:20] recv  55 <<<<<<<<<<<<<<<<<<<<<<<<<<<<<<< 0
[20:58:20] userbet 20235  在2 下了 1000,累计下注 3200
[20:58:20] broad >>>>>>>>>>>>>>>>>>>>>>>>>>>>>>> message 56 size 6
[20:58:20] 区域 0  总下注0
[20:58:20] 区域 1  总下注0
[20:58:20] 区域 2  总下注3200
[20:58:20] 区域 3  总下注0
[20:58:20] 区域 4  总下注0
[20:58:20] 区域 5  总下注0
[20:58:20] 玩家20235在区域 0  总下注0
[20:58:20] 玩家20235在区域 1  总下注0
[20:58:20] 玩家20235在区域 2  总下注3200
[20:58:20] 玩家20235在区域 3  总下注0
[20:58:20] 玩家20235在区域 4  总下注0
[20:58:20] 玩家20235在区域 5  总下注0
[20:58:20] 玩家20235 总下注3200
[20:58:20] send >>>>>>>>>>>>>>>>>>>>>>>>>>>>>>> 0 message 57 size 112
[20:58:20] send >>>>>>>>>>>>>>>>>>>>>>>>>>>>>>> 1 message 57 size 112
[20:58:35] 区域 0 结算 0
[20:58:35] 区域 1 结算 0
[20:58:35] 区域 2 结算 3200
[20:58:35] 区域 3 结算 0
[20:58:35] 区域 4 结算 0
[20:58:35] 区域 5 结算 0
[20:58:35] 玩家0[20235]  结算 3200
[20:58:35] 玩家1[20236]  结算 -3200
[20:58:35] broad >>>>>>>>>>>>>>>>>>>>>>>>>>>>>>> message 58 size 86
[20:58:36] 玩家0[20235]  结算 3200, 分数 3200, 总分数 3200
[20:58:36] 玩家1[20236]  结算 -3200, 分数 -3200, 总分数 -3200
[20:58:36] ******************游戏结束********************************



[20:58:40] broad >>>>>>>>>>>>>>>>>>>>>>>>>>>>>>> message 72 size 4
[20:58:44] 0:20235 ready
[20:58:50] 1:20236 ready
[20:58:50] *****************游戏开始***************
[20:58:50] [0][20235]连庄局数 2,总局数4
[20:58:50] [1][20236]连庄局数 2,总局数4
[20:58:50] 游戏局数 4,总局数 4
[20:58:50] broad >>>>>>>>>>>>>>>>>>>>>>>>>>>>>>> message 71 size 8
[20:58:50] broad >>>>>>>>>>>>>>>>>>>>>>>>>>>>>>> message 51 size 0
[20:58:56] recv  55 <<<<<<<<<<<<<<<<<<<<<<<<<<<<<<< 0
[20:58:56] userbet 20235  在3 下了 1000,累计下注 1000
[20:58:56] broad >>>>>>>>>>>>>>>>>>>>>>>>>>>>>>> message 56 size 6
[20:58:56] 区域 0  总下注0
[20:58:56] 区域 1  总下注0
[20:58:56] 区域 2  总下注0
[20:58:56] 区域 3  总下注1000
[20:58:56] 区域 4  总下注0
[20:58:56] 区域 5  总下注0
[20:58:56] 玩家20235在区域 0  总下注0
[20:58:56] 玩家20235在区域 1  总下注0
[20:58:56] 玩家20235在区域 2  总下注0
[20:58:56] 玩家20235在区域 3  总下注1000
[20:58:56] 玩家20235在区域 4  总下注0
[20:58:56] 玩家20235在区域 5  总下注0
[20:58:56] 玩家20235 总下注1000
[20:58:56] send >>>>>>>>>>>>>>>>>>>>>>>>>>>>>>> 0 message 57 size 112
[20:58:56] send >>>>>>>>>>>>>>>>>>>>>>>>>>>>>>> 1 message 57 size 112
[20:58:56] recv  55 <<<<<<<<<<<<<<<<<<<<<<<<<<<<<<< 0
[20:58:56] userbet 20235  在3 下了 1000,累计下注 2000
[20:58:56] broad >>>>>>>>>>>>>>>>>>>>>>>>>>>>>>> message 56 size 6
[20:58:56] 区域 0  总下注0
[20:58:56] 区域 1  总下注0
[20:58:56] 区域 2  总下注0
[20:58:56] 区域 3  总下注2000
[20:58:56] 区域 4  总下注0
[20:58:56] 区域 5  总下注0
[20:58:56] 玩家20235在区域 0  总下注0
[20:58:56] 玩家20235在区域 1  总下注0
[20:58:56] 玩家20235在区域 2  总下注0
[20:58:56] 玩家20235在区域 3  总下注2000
[20:58:56] 玩家20235在区域 4  总下注0
[20:58:56] 玩家20235在区域 5  总下注0
[20:58:56] 玩家20235 总下注2000
[20:58:56] send >>>>>>>>>>>>>>>>>>>>>>>>>>>>>>> 0 message 57 size 112
[20:58:56] send >>>>>>>>>>>>>>>>>>>>>>>>>>>>>>> 1 message 57 size 112
[20:58:56] recv  55 <<<<<<<<<<<<<<<<<<<<<<<<<<<<<<< 0
[20:58:56] userbet 20235  在3 下了 1000,累计下注 3000
[20:58:56] broad >>>>>>>>>>>>>>>>>>>>>>>>>>>>>>> message 56 size 6
[20:58:56] 区域 0  总下注0
[20:58:56] 区域 1  总下注0
[20:58:56] 区域 2  总下注0
[20:58:56] 区域 3  总下注3000
[20:58:56] 区域 4  总下注0
[20:58:56] 区域 5  总下注0
[20:58:56] 玩家20235在区域 0  总下注0
[20:58:56] 玩家20235在区域 1  总下注0
[20:58:56] 玩家20235在区域 2  总下注0
[20:58:56] 玩家20235在区域 3  总下注3000
[20:58:56] 玩家20235在区域 4  总下注0
[20:58:56] 玩家20235在区域 5  总下注0
[20:58:56] 玩家20235 总下注3000
[20:58:56] send >>>>>>>>>>>>>>>>>>>>>>>>>>>>>>> 0 message 57 size 112
[20:58:56] send >>>>>>>>>>>>>>>>>>>>>>>>>>>>>>> 1 message 57 size 112
[20:58:57] recv  55 <<<<<<<<<<<<<<<<<<<<<<<<<<<<<<< 0
[20:58:57] userbet 20235  在3 下了 1000,累计下注 4000
[20:58:57] broad >>>>>>>>>>>>>>>>>>>>>>>>>>>>>>> message 56 size 6
[20:58:57] 区域 0  总下注0
[20:58:57] 区域 1  总下注0
[20:58:57] 区域 2  总下注0
[20:58:57] 区域 3  总下注4000
[20:58:57] 区域 4  总下注0
[20:58:57] 区域 5  总下注0
[20:58:57] 玩家20235在区域 0  总下注0
[20:58:57] 玩家20235在区域 1  总下注0
[20:58:57] 玩家20235在区域 2  总下注0
[20:58:57] 玩家20235在区域 3  总下注4000
[20:58:57] 玩家20235在区域 4  总下注0
[20:58:57] 玩家20235在区域 5  总下注0
[20:58:57] 玩家20235 总下注4000
[20:58:57] send >>>>>>>>>>>>>>>>>>>>>>>>>>>>>>> 0 message 57 size 112
[20:58:57] send >>>>>>>>>>>>>>>>>>>>>>>>>>>>>>> 1 message 57 size 112
[20:58:57] recv  55 <<<<<<<<<<<<<<<<<<<<<<<<<<<<<<< 0
[20:58:57] userbet 20235  在3 下了 1000,累计下注 5000
[20:58:57] broad >>>>>>>>>>>>>>>>>>>>>>>>>>>>>>> message 56 size 6
[20:58:57] 区域 0  总下注0
[20:58:57] 区域 1  总下注0
[20:58:57] 区域 2  总下注0
[20:58:57] 区域 3  总下注5000
[20:58:57] 区域 4  总下注0
[20:58:57] 区域 5  总下注0
[20:58:57] 玩家20235在区域 0  总下注0
[20:58:57] 玩家20235在区域 1  总下注0
[20:58:57] 玩家20235在区域 2  总下注0
[20:58:57] 玩家20235在区域 3  总下注5000
[20:58:57] 玩家20235在区域 4  总下注0
[20:58:57] 玩家20235在区域 5  总下注0
[20:58:57] 玩家20235 总下注5000
[20:58:57] send >>>>>>>>>>>>>>>>>>>>>>>>>>>>>>> 0 message 57 size 112
[20:58:57] send >>>>>>>>>>>>>>>>>>>>>>>>>>>>>>> 1 message 57 size 112
[20:58:57] recv  55 <<<<<<<<<<<<<<<<<<<<<<<<<<<<<<< 0
[20:58:57] userbet 20235  在3 下了 1000,累计下注 6000
[20:58:57] broad >>>>>>>>>>>>>>>>>>>>>>>>>>>>>>> message 56 size 6
[20:58:57] 区域 0  总下注0
[20:58:57] 区域 1  总下注0
[20:58:57] 区域 2  总下注0
[20:58:57] 区域 3  总下注6000
[20:58:57] 区域 4  总下注0
[20:58:57] 区域 5  总下注0
[20:58:57] 玩家20235在区域 0  总下注0
[20:58:57] 玩家20235在区域 1  总下注0
[20:58:57] 玩家20235在区域 2  总下注0
[20:58:57] 玩家20235在区域 3  总下注6000
[20:58:57] 玩家20235在区域 4  总下注0
[20:58:57] 玩家20235在区域 5  总下注0
[20:58:57] 玩家20235 总下注6000
[20:58:57] send >>>>>>>>>>>>>>>>>>>>>>>>>>>>>>> 0 message 57 size 112
[20:58:57] send >>>>>>>>>>>>>>>>>>>>>>>>>>>>>>> 1 message 57 size 112
[20:58:58] recv  55 <<<<<<<<<<<<<<<<<<<<<<<<<<<<<<< 0
[20:58:58] userbet 20235  在3 下了 1000,累计下注 7000
[20:58:58] broad >>>>>>>>>>>>>>>>>>>>>>>>>>>>>>> message 56 size 6
[20:58:58] 区域 0  总下注0
[20:58:58] 区域 1  总下注0
[20:58:58] 区域 2  总下注0
[20:58:58] 区域 3  总下注7000
[20:58:58] 区域 4  总下注0
[20:58:58] 区域 5  总下注0
[20:58:58] 玩家20235在区域 0  总下注0
[20:58:58] 玩家20235在区域 1  总下注0
[20:58:58] 玩家20235在区域 2  总下注0
[20:58:58] 玩家20235在区域 3  总下注7000
[20:58:58] 玩家20235在区域 4  总下注0
[20:58:58] 玩家20235在区域 5  总下注0
[20:58:58] 玩家20235 总下注7000
[20:58:58] send >>>>>>>>>>>>>>>>>>>>>>>>>>>>>>> 0 message 57 size 112
[20:58:58] send >>>>>>>>>>>>>>>>>>>>>>>>>>>>>>> 1 message 57 size 112
[20:58:58] recv  55 <<<<<<<<<<<<<<<<<<<<<<<<<<<<<<< 0
[20:58:58] userbet 20235  在3 下了 1000,累计下注 8000
[20:58:58] broad >>>>>>>>>>>>>>>>>>>>>>>>>>>>>>> message 56 size 6
[20:58:58] 区域 0  总下注0
[20:58:58] 区域 1  总下注0
[20:58:58] 区域 2  总下注0
[20:58:58] 区域 3  总下注8000
[20:58:58] 区域 4  总下注0
[20:58:58] 区域 5  总下注0
[20:58:58] 玩家20235在区域 0  总下注0
[20:58:58] 玩家20235在区域 1  总下注0
[20:58:58] 玩家20235在区域 2  总下注0
[20:58:58] 玩家20235在区域 3  总下注8000
[20:58:58] 玩家20235在区域 4  总下注0
[20:58:58] 玩家20235在区域 5  总下注0
[20:58:58] 玩家20235 总下注8000
[20:58:58] send >>>>>>>>>>>>>>>>>>>>>>>>>>>>>>> 0 message 57 size 112
[20:58:58] send >>>>>>>>>>>>>>>>>>>>>>>>>>>>>>> 1 message 57 size 112
[20:58:58] recv  55 <<<<<<<<<<<<<<<<<<<<<<<<<<<<<<< 0
[20:58:58] userbet 20235  在3 下了 1000,累计下注 9000
[20:58:58] broad >>>>>>>>>>>>>>>>>>>>>>>>>>>>>>> message 56 size 6
[20:58:58] 区域 0  总下注0
[20:58:58] 区域 1  总下注0
[20:58:58] 区域 2  总下注0
[20:58:58] 区域 3  总下注9000
[20:58:58] 区域 4  总下注0
[20:58:58] 区域 5  总下注0
[20:58:58] 玩家20235在区域 0  总下注0
[20:58:58] 玩家20235在区域 1  总下注0
[20:58:58] 玩家20235在区域 2  总下注0
[20:58:58] 玩家20235在区域 3  总下注9000
[20:58:58] 玩家20235在区域 4  总下注0
[20:58:58] 玩家20235在区域 5  总下注0
[20:58:58] 玩家20235 总下注9000
[20:58:58] send >>>>>>>>>>>>>>>>>>>>>>>>>>>>>>> 0 message 57 size 112
[20:58:58] send >>>>>>>>>>>>>>>>>>>>>>>>>>>>>>> 1 message 57 size 112
[20:58:58] recv  55 <<<<<<<<<<<<<<<<<<<<<<<<<<<<<<< 0
[20:58:58] userbet 20235  在3 下了 1000,累计下注 10000
[20:58:58] broad >>>>>>>>>>>>>>>>>>>>>>>>>>>>>>> message 56 size 6
[20:58:58] 区域 0  总下注0
[20:58:58] 区域 1  总下注0
[20:58:58] 区域 2  总下注0
[20:58:58] 区域 3  总下注10000
[20:58:58] 区域 4  总下注0
[20:58:58] 区域 5  总下注0
[20:58:58] 玩家20235在区域 0  总下注0
[20:58:58] 玩家20235在区域 1  总下注0
[20:58:58] 玩家20235在区域 2  总下注0
[20:58:58] 玩家20235在区域 3  总下注10000
[20:58:58] 玩家20235在区域 4  总下注0
[20:58:58] 玩家20235在区域 5  总下注0
[20:58:58] 玩家20235 总下注10000
[20:58:58] send >>>>>>>>>>>>>>>>>>>>>>>>>>>>>>> 0 message 57 size 112
[20:58:58] send >>>>>>>>>>>>>>>>>>>>>>>>>>>>>>> 1 message 57 size 112
[20:58:58] recv  55 <<<<<<<<<<<<<<<<<<<<<<<<<<<<<<< 0
[20:58:58] userbet 20235  在3 下了 1000,累计下注 11000
[20:58:58] broad >>>>>>>>>>>>>>>>>>>>>>>>>>>>>>> message 56 size 6
[20:58:58] 区域 0  总下注0
[20:58:58] 区域 1  总下注0
[20:58:58] 区域 2  总下注0
[20:58:58] 区域 3  总下注11000
[20:58:58] 区域 4  总下注0
[20:58:58] 区域 5  总下注0
[20:58:58] 玩家20235在区域 0  总下注0
[20:58:58] 玩家20235在区域 1  总下注0
[20:58:58] 玩家20235在区域 2  总下注0
[20:58:58] 玩家20235在区域 3  总下注11000
[20:58:58] 玩家20235在区域 4  总下注0
[20:58:58] 玩家20235在区域 5  总下注0
[20:58:58] 玩家20235 总下注11000
[20:58:58] send >>>>>>>>>>>>>>>>>>>>>>>>>>>>>>> 0 message 57 size 112
[20:58:58] send >>>>>>>>>>>>>>>>>>>>>>>>>>>>>>> 1 message 57 size 112
[20:58:59] recv  55 <<<<<<<<<<<<<<<<<<<<<<<<<<<<<<< 0
[20:58:59] userbet 20235  在3 下了 1000,累计下注 12000
[20:58:59] broad >>>>>>>>>>>>>>>>>>>>>>>>>>>>>>> message 56 size 6
[20:58:59] 区域 0  总下注0
[20:58:59] 区域 1  总下注0
[20:58:59] 区域 2  总下注0
[20:58:59] 区域 3  总下注12000
[20:58:59] 区域 4  总下注0
[20:58:59] 区域 5  总下注0
[20:58:59] 玩家20235在区域 0  总下注0
[20:58:59] 玩家20235在区域 1  总下注0
[20:58:59] 玩家20235在区域 2  总下注0
[20:58:59] 玩家20235在区域 3  总下注12000
[20:58:59] 玩家20235在区域 4  总下注0
[20:58:59] 玩家20235在区域 5  总下注0
[20:58:59] 玩家20235 总下注12000
[20:58:59] send >>>>>>>>>>>>>>>>>>>>>>>>>>>>>>> 0 message 57 size 112
[20:58:59] send >>>>>>>>>>>>>>>>>>>>>>>>>>>>>>> 1 message 57 size 112
[20:58:59] recv  55 <<<<<<<<<<<<<<<<<<<<<<<<<<<<<<< 0
[20:58:59] userbet 20235  在3 下了 1000,累计下注 13000
[20:58:59] broad >>>>>>>>>>>>>>>>>>>>>>>>>>>>>>> message 56 size 6
[20:58:59] 区域 0  总下注0
[20:58:59] 区域 1  总下注0
[20:58:59] 区域 2  总下注0
[20:58:59] 区域 3  总下注13000
[20:58:59] 区域 4  总下注0
[20:58:59] 区域 5  总下注0
[20:58:59] 玩家20235在区域 0  总下注0
[20:58:59] 玩家20235在区域 1  总下注0
[20:58:59] 玩家20235在区域 2  总下注0
[20:58:59] 玩家20235在区域 3  总下注13000
[20:58:59] 玩家20235在区域 4  总下注0
[20:58:59] 玩家20235在区域 5  总下注0
[20:58:59] 玩家20235 总下注13000
[20:58:59] send >>>>>>>>>>>>>>>>>>>>>>>>>>>>>>> 0 message 57 size 112
[20:58:59] send >>>>>>>>>>>>>>>>>>>>>>>>>>>>>>> 1 message 57 size 112
[20:58:59] recv  55 <<<<<<<<<<<<<<<<<<<<<<<<<<<<<<< 0
[20:58:59] userbet 20235  在3 下了 1000,累计下注 14000
[20:58:59] broad >>>>>>>>>>>>>>>>>>>>>>>>>>>>>>> message 56 size 6
[20:58:59] 区域 0  总下注0
[20:58:59] 区域 1  总下注0
[20:58:59] 区域 2  总下注0
[20:58:59] 区域 3  总下注14000
[20:58:59] 区域 4  总下注0
[20:58:59] 区域 5  总下注0
[20:58:59] 玩家20235在区域 0  总下注0
[20:58:59] 玩家20235在区域 1  总下注0
[20:58:59] 玩家20235在区域 2  总下注0
[20:58:59] 玩家20235在区域 3  总下注14000
[20:58:59] 玩家20235在区域 4  总下注0
[20:58:59] 玩家20235在区域 5  总下注0
[20:58:59] 玩家20235 总下注14000
[20:58:59] send >>>>>>>>>>>>>>>>>>>>>>>>>>>>>>> 0 message 57 size 112
[20:58:59] send >>>>>>>>>>>>>>>>>>>>>>>>>>>>>>> 1 message 57 size 112
[20:58:59] recv  55 <<<<<<<<<<<<<<<<<<<<<<<<<<<<<<< 0
[20:58:59] userbet 20235  在3 下了 1000,累计下注 15000
[20:58:59] broad >>>>>>>>>>>>>>>>>>>>>>>>>>>>>>> message 56 size 6
[20:58:59] 区域 0  总下注0
[20:58:59] 区域 1  总下注0
[20:58:59] 区域 2  总下注0
[20:58:59] 区域 3  总下注15000
[20:58:59] 区域 4  总下注0
[20:58:59] 区域 5  总下注0
[20:58:59] 玩家20235在区域 0  总下注0
[20:58:59] 玩家20235在区域 1  总下注0
[20:58:59] 玩家20235在区域 2  总下注0
[20:58:59] 玩家20235在区域 3  总下注15000
[20:58:59] 玩家20235在区域 4  总下注0
[20:58:59] 玩家20235在区域 5  总下注0
[20:58:59] 玩家20235 总下注15000
[20:58:59] send >>>>>>>>>>>>>>>>>>>>>>>>>>>>>>> 0 message 57 size 112
[20:58:59] send >>>>>>>>>>>>>>>>>>>>>>>>>>>>>>> 1 message 57 size 112
[20:58:59] recv  55 <<<<<<<<<<<<<<<<<<<<<<<<<<<<<<< 0
[20:58:59] userbet 20235  在3 下了 1000,累计下注 16000
[20:58:59] broad >>>>>>>>>>>>>>>>>>>>>>>>>>>>>>> message 56 size 6
[20:58:59] 区域 0  总下注0
[20:58:59] 区域 1  总下注0
[20:58:59] 区域 2  总下注0
[20:58:59] 区域 3  总下注16000
[20:58:59] 区域 4  总下注0
[20:58:59] 区域 5  总下注0
[20:58:59] 玩家20235在区域 0  总下注0
[20:58:59] 玩家20235在区域 1  总下注0
[20:58:59] 玩家20235在区域 2  总下注0
[20:58:59] 玩家20235在区域 3  总下注16000
[20:58:59] 玩家20235在区域 4  总下注0
[20:58:59] 玩家20235在区域 5  总下注0
[20:58:59] 玩家20235 总下注16000
[20:58:59] send >>>>>>>>>>>>>>>>>>>>>>>>>>>>>>> 0 message 57 size 112
[20:58:59] send >>>>>>>>>>>>>>>>>>>>>>>>>>>>>>> 1 message 57 size 112
[20:59:0] recv  55 <<<<<<<<<<<<<<<<<<<<<<<<<<<<<<< 0
[20:59:0] userbet 20235  在3 下了 1000,累计下注 17000
[20:59:0] broad >>>>>>>>>>>>>>>>>>>>>>>>>>>>>>> message 56 size 6
[20:59:0] 区域 0  总下注0
[20:59:0] 区域 1  总下注0
[20:59:0] 区域 2  总下注0
[20:59:0] 区域 3  总下注17000
[20:59:0] 区域 4  总下注0
[20:59:0] 区域 5  总下注0
[20:59:0] 玩家20235在区域 0  总下注0
[20:59:0] 玩家20235在区域 1  总下注0
[20:59:0] 玩家20235在区域 2  总下注0
[20:59:0] 玩家20235在区域 3  总下注17000
[20:59:0] 玩家20235在区域 4  总下注0
[20:59:0] 玩家20235在区域 5  总下注0
[20:59:0] 玩家20235 总下注17000
[20:59:0] send >>>>>>>>>>>>>>>>>>>>>>>>>>>>>>> 0 message 57 size 112
[20:59:0] send >>>>>>>>>>>>>>>>>>>>>>>>>>>>>>> 1 message 57 size 112
[20:59:0] recv  55 <<<<<<<<<<<<<<<<<<<<<<<<<<<<<<< 0
[20:59:0] userbet 20235  在3 下了 1000,累计下注 18000
[20:59:0] broad >>>>>>>>>>>>>>>>>>>>>>>>>>>>>>> message 56 size 6
[20:59:0] 区域 0  总下注0
[20:59:0] 区域 1  总下注0
[20:59:0] 区域 2  总下注0
[20:59:0] 区域 3  总下注18000
[20:59:0] 区域 4  总下注0
[20:59:0] 区域 5  总下注0
[20:59:0] 玩家20235在区域 0  总下注0
[20:59:0] 玩家20235在区域 1  总下注0
[20:59:0] 玩家20235在区域 2  总下注0
[20:59:0] 玩家20235在区域 3  总下注18000
[20:59:0] 玩家20235在区域 4  总下注0
[20:59:0] 玩家20235在区域 5  总下注0
[20:59:0] 玩家20235 总下注18000
[20:59:0] send >>>>>>>>>>>>>>>>>>>>>>>>>>>>>>> 0 message 57 size 112
[20:59:0] send >>>>>>>>>>>>>>>>>>>>>>>>>>>>>>> 1 message 57 size 112
[20:59:0] card 0 0,4,   type 0   point 2
[20:59:0] card 1 1,12,   type 0   point 7
[20:59:0] card 2 2,e,   type 0   point 6
[20:59:0] card 3 b,d,   type 0   point 7
[20:59:0] broad >>>>>>>>>>>>>>>>>>>>>>>>>>>>>>> message 52 size 16
[20:59:15] 区域 0 结算 0
[20:59:15] 区域 1 结算 0
[20:59:15] 区域 2 结算 0
[20:59:15] 区域 3 结算 -18000
[20:59:15] 区域 4 结算 0
[20:59:15] 区域 5 结算 0
[20:59:15] 玩家0[20235]  结算 -18000
[20:59:15] 玩家1[20236]  结算 18000
[20:59:15] broad >>>>>>>>>>>>>>>>>>>>>>>>>>>>>>> message 58 size 86
[20:59:17] 玩家0[20235]  结算 -18000, 分数 -18000, 总分数 -14800
[20:59:17] 玩家1[20236]  结算 18000, 分数 18000, 总分数 14800
[20:59:17] ******************游戏结束********************************



[20:59:25] *************************小结算***********************
[20:59:25] [Phone20236,20236] [庄] 输赢金币 14800 ,排名 0
[20:59:25] [Phone20235,20235] [闲] 输赢金币 -14800 ,排名 1
[20:59:25] broad >>>>>>>>>>>>>>>>>>>>>>>>>>>>>>> message 73 size 44
[20:59:25] user[20235] 坐庄次数 2,每个人当庄次数2 
[20:59:25] user[20236] 坐庄次数 2,每个人当庄次数2 
[20:59:25] *************************大结算***********************
[20:59:25] [Phone20235,20235]  输赢金币 -14800 ,总分数 -14800，胜局 1 ,最大胜局 1,大赢家 0
[20:59:25] [Phone20236,20236]  输赢金币 14800 ,总分数 14800，胜局 1 ,最大胜局 1,大赢家 1
[20:59:25] broad >>>>>>>>>>>>>>>>>>>>>>>>>>>>>>> message 70 size 68
