[11:26:14] 0:18074 sit
[11:26:15] 0:18074 onGetState
[11:26:15] send >>>>>>>>>>>>>>>>>>>>>>>>>>>>>>> 0 message 72 size 4
[11:26:15] 游戏局数 0,总局数 4
[11:26:15] broad >>>>>>>>>>>>>>>>>>>>>>>>>>>>>>> message 71 size 8
[11:27:2] 1:10162 sit
[11:27:3] 1:10162 onGetState
[11:27:3] send >>>>>>>>>>>>>>>>>>>>>>>>>>>>>>> 1 message 72 size 4
[11:27:3] 游戏局数 0,总局数 4
[11:27:3] broad >>>>>>>>>>>>>>>>>>>>>>>>>>>>>>> message 71 size 8
[11:27:6] 0:18074 ready
[11:27:6] 1:10162 ready
[11:27:6] *****************游戏开始***************
[11:27:6] [0][18074]连庄局数 1,总局数1
[11:27:6] [1][10162]连庄局数 0,总局数1
[11:27:6] 通知 庄家 0 坐庄次数 1
[11:27:6] broad >>>>>>>>>>>>>>>>>>>>>>>>>>>>>>> message 69 size 1
[11:27:6] 游戏局数 1,总局数 4
[11:27:6] broad >>>>>>>>>>>>>>>>>>>>>>>>>>>>>>> message 71 size 8
[11:27:6] broad >>>>>>>>>>>>>>>>>>>>>>>>>>>>>>> message 51 size 0
[11:27:17] card 0 0,d,   type 11   point 0
[11:27:17] card 1 1,3,   type 0   point 6
[11:27:17] card 2 5,11,   type 0   point 9
[11:27:17] card 3 4,1,   type 0   point 2
[11:27:17] broad >>>>>>>>>>>>>>>>>>>>>>>>>>>>>>> message 52 size 16
[11:27:32] 区域 0 结算 0
[11:27:32] 区域 1 结算 0
[11:27:32] 区域 2 结算 0
[11:27:32] 区域 3 结算 0
[11:27:32] 区域 4 结算 0
[11:27:32] 区域 5 结算 0
[11:27:32] 玩家0[18074]  结算 0
[11:27:32] 玩家1[10162]  结算 0
[11:27:32] broad >>>>>>>>>>>>>>>>>>>>>>>>>>>>>>> message 58 size 86
[11:27:33] 玩家0[18074]  结算 0, 分数 0, 总分数 0
[11:27:33] 玩家1[10162]  结算 0, 分数 0, 总分数 0
[11:27:33] ******************游戏结束********************************



[11:27:36] broad >>>>>>>>>>>>>>>>>>>>>>>>>>>>>>> message 72 size 4
[11:27:41] 0:18074 ready
[11:27:56] 1:10162 ready
[11:27:56] *****************游戏开始***************
[11:27:56] [0][18074]连庄局数 2,总局数2
[11:27:56] [1][10162]连庄局数 0,总局数2
[11:27:56] 游戏局数 2,总局数 4
[11:27:56] broad >>>>>>>>>>>>>>>>>>>>>>>>>>>>>>> message 71 size 8
[11:27:56] broad >>>>>>>>>>>>>>>>>>>>>>>>>>>>>>> message 51 size 0
[11:28:6] card 0 6,9,   type 0   point 1
[11:28:6] card 1 d,8,   type 0   point 8
[11:28:6] card 2 4,5,   type 0   point 6
[11:28:6] card 3 9,2,   type 0   point 5
[11:28:6] broad >>>>>>>>>>>>>>>>>>>>>>>>>>>>>>> message 52 size 16
[11:28:21] 区域 0 结算 0
[11:28:21] 区域 1 结算 0
[11:28:21] 区域 2 结算 0
[11:28:21] 区域 3 结算 0
[11:28:21] 区域 4 结算 0
[11:28:21] 区域 5 结算 0
[11:28:21] 玩家0[18074]  结算 0
[11:28:21] 玩家1[10162]  结算 0
[11:28:21] broad >>>>>>>>>>>>>>>>>>>>>>>>>>>>>>> message 58 size 86
[11:28:23] 玩家0[18074]  结算 0, 分数 0, 总分数 0
[11:28:23] 玩家1[10162]  结算 0, 分数 0, 总分数 0
[11:28:23] ******************游戏结束********************************



[11:28:30] *************************小结算***********************
[11:28:30] [Phone18074,18074] [庄] 输赢金币 0 ,排名 0
[11:28:30] [Phone10162,10162] [闲] 输赢金币 0 ,排名 0
[11:28:30] broad >>>>>>>>>>>>>>>>>>>>>>>>>>>>>>> message 73 size 44
[11:28:30] user[18074] 坐庄次数 2,每个人当庄次数2 
[11:28:30] user[10162] 坐庄次数 0,每个人当庄次数2 
[11:28:30] broad >>>>>>>>>>>>>>>>>>>>>>>>>>>>>>> message 72 size 4
[11:28:36] 1:10162 ready
[11:28:36] 0:18074 ready
[11:28:36] *****************游戏开始***************
[11:28:36] [0][18074]连庄局数 2,总局数3
[11:28:36] [1][10162]连庄局数 1,总局数3
[11:28:36] 通知 庄家 1 坐庄次数 1
[11:28:36] broad >>>>>>>>>>>>>>>>>>>>>>>>>>>>>>> message 69 size 1
[11:28:36] 游戏局数 3,总局数 4
[11:28:36] broad >>>>>>>>>>>>>>>>>>>>>>>>>>>>>>> message 71 size 8
[11:28:36] broad >>>>>>>>>>>>>>>>>>>>>>>>>>>>>>> message 51 size 0
[11:28:46] card 0 4,6,   type 0   point 4
[11:28:46] card 1 3,5,   type 0   point 0
[11:28:46] card 2 11,7,   type 0   point 7
[11:28:46] card 3 4,1,   type 0   point 2
[11:28:46] broad >>>>>>>>>>>>>>>>>>>>>>>>>>>>>>> message 52 size 16
[11:28:59] *************************大结算***********************
[11:28:59] [Phone18074,18074]  输赢金币 0 ,总分数 0，胜局 0 ,最大胜局 0,大赢家 0
[11:28:59] [Phone10162,10162]  输赢金币 0 ,总分数 0，胜局 0 ,最大胜局 0,大赢家 0
[11:28:59] broad >>>>>>>>>>>>>>>>>>>>>>>>>>>>>>> message 70 size 68
