[0:16:6] 0:22600 sit
[0:16:6] 0:22600 onGetState
[0:16:6] send >>>>>>>>>>>>>>>>>>>>>>>>>>>>>>> 0 message 72 size 4
[0:16:6] 游戏局数 0,总局数 4
[0:16:6] broad >>>>>>>>>>>>>>>>>>>>>>>>>>>>>>> message 71 size 8
[0:16:41] 0:22600 ready
[0:18:33] 1:22601 sit
[0:18:33] 1:22601 onGetState
[0:18:33] send >>>>>>>>>>>>>>>>>>>>>>>>>>>>>>> 1 message 72 size 4
[0:18:33] 游戏局数 0,总局数 4
[0:18:33] broad >>>>>>>>>>>>>>>>>>>>>>>>>>>>>>> message 71 size 8
[0:18:35] 1:22601 ready
[0:18:35] *****************游戏开始***************
[0:18:35] [0][22600]连庄局数 1,总局数1
[0:18:35] [1][22601]连庄局数 0,总局数1
[0:18:35] 通知 庄家 0 坐庄次数 1
[0:18:35] broad >>>>>>>>>>>>>>>>>>>>>>>>>>>>>>> message 69 size 1
[0:18:35] 游戏局数 1,总局数 4
[0:18:35] broad >>>>>>>>>>>>>>>>>>>>>>>>>>>>>>> message 71 size 8
[0:18:35] broad >>>>>>>>>>>>>>>>>>>>>>>>>>>>>>> message 51 size 0
[0:18:40] recv  55 <<<<<<<<<<<<<<<<<<<<<<<<<<<<<<< 1
[0:18:40] userbet 22601  在4 下了 200,累计下注 200
[0:18:40] broad >>>>>>>>>>>>>>>>>>>>>>>>>>>>>>> message 56 size 6
[0:18:40] 区域 0  总下注0
[0:18:40] 区域 1  总下注0
[0:18:40] 区域 2  总下注0
[0:18:40] 区域 3  总下注0
[0:18:40] 区域 4  总下注200
[0:18:40] 区域 5  总下注0
[0:18:40] send >>>>>>>>>>>>>>>>>>>>>>>>>>>>>>> 0 message 57 size 112
[0:18:40] 玩家22601在区域 0  总下注0
[0:18:40] 玩家22601在区域 1  总下注0
[0:18:40] 玩家22601在区域 2  总下注0
[0:18:40] 玩家22601在区域 3  总下注0
[0:18:40] 玩家22601在区域 4  总下注200
[0:18:40] 玩家22601在区域 5  总下注0
[0:18:40] 玩家22601 总下注200
[0:18:40] send >>>>>>>>>>>>>>>>>>>>>>>>>>>>>>> 1 message 57 size 112
[0:18:43] recv  55 <<<<<<<<<<<<<<<<<<<<<<<<<<<<<<< 1
[0:18:43] userbet 22601  在4 下了 200,累计下注 400
[0:18:43] broad >>>>>>>>>>>>>>>>>>>>>>>>>>>>>>> message 56 size 6
[0:18:43] 区域 0  总下注0
[0:18:43] 区域 1  总下注0
[0:18:43] 区域 2  总下注0
[0:18:43] 区域 3  总下注0
[0:18:43] 区域 4  总下注400
[0:18:43] 区域 5  总下注0
[0:18:43] send >>>>>>>>>>>>>>>>>>>>>>>>>>>>>>> 0 message 57 size 112
[0:18:43] 玩家22601在区域 0  总下注0
[0:18:43] 玩家22601在区域 1  总下注0
[0:18:43] 玩家22601在区域 2  总下注0
[0:18:43] 玩家22601在区域 3  总下注0
[0:18:43] 玩家22601在区域 4  总下注400
[0:18:43] 玩家22601在区域 5  总下注0
[0:18:43] 玩家22601 总下注400
[0:18:43] send >>>>>>>>>>>>>>>>>>>>>>>>>>>>>>> 1 message 57 size 112
[0:18:45] card 0 7,7,   type 21   point 2
[0:18:45] card 1 8,c,   type 0   point 9
[0:18:45] card 2 3,12,   type 0   point 9
[0:18:45] card 3 9,8,   type 0   point 7
[0:18:45] broad >>>>>>>>>>>>>>>>>>>>>>>>>>>>>>> message 52 size 16
[0:19:0] 区域 0 结算 0
[0:19:0] 区域 1 结算 0
[0:19:0] 区域 2 结算 0
[0:19:0] 区域 3 结算 0
[0:19:0] 区域 4 结算 400
[0:19:0] 区域 5 结算 0
[0:19:0] 玩家0[22600]  结算 -400
[0:19:0] 玩家1[22601]  结算 400
[0:19:0] broad >>>>>>>>>>>>>>>>>>>>>>>>>>>>>>> message 58 size 86
[0:19:1] 玩家0[22600]  结算 -400, 分数 -400, 总分数 -400
[0:19:1] 玩家1[22601]  结算 400, 分数 400, 总分数 400
[0:19:1] ******************游戏结束********************************



[0:19:4] broad >>>>>>>>>>>>>>>>>>>>>>>>>>>>>>> message 72 size 4
[0:19:25] *************************大结算***********************
[0:19:25] [Phone22600,22600]  输赢金币 -400 ,总分数 -400，胜局 0 ,最大胜局 0,大赢家 0
[0:19:25] [Phone22601,22601]  输赢金币 400 ,总分数 400，胜局 1 ,最大胜局 1,大赢家 1
[0:19:25] broad >>>>>>>>>>>>>>>>>>>>>>>>>>>>>>> message 70 size 68
