[19:1:32] 0:16223 sit
[19:1:33] 0:16223 onGetState
[19:1:33] send >>>>>>>>>>>>>>>>>>>>>>>>>>>>>>> 0 message 72 size 4
[19:1:33] 游戏局数 0,总局数 4
[19:1:33] broad >>>>>>>>>>>>>>>>>>>>>>>>>>>>>>> message 71 size 8
[19:1:38] 1:15947 sit
[19:1:40] 1:15947 onGetState
[19:1:40] send >>>>>>>>>>>>>>>>>>>>>>>>>>>>>>> 1 message 72 size 4
[19:1:40] 游戏局数 0,总局数 4
[19:1:40] broad >>>>>>>>>>>>>>>>>>>>>>>>>>>>>>> message 71 size 8
[19:1:47] 0:16223 ready
[19:1:55] 1:15947 ready
[19:1:55] *****************游戏开始***************
[19:1:55] [0][16223]连庄局数 1,总局数1
[19:1:55] [1][15947]连庄局数 0,总局数1
[19:1:55] 通知 庄家 0 坐庄次数 1
[19:1:55] broad >>>>>>>>>>>>>>>>>>>>>>>>>>>>>>> message 69 size 1
[19:1:55] 游戏局数 1,总局数 4
[19:1:55] broad >>>>>>>>>>>>>>>>>>>>>>>>>>>>>>> message 71 size 8
[19:1:55] broad >>>>>>>>>>>>>>>>>>>>>>>>>>>>>>> message 51 size 0
[19:1:58] recv  55 <<<<<<<<<<<<<<<<<<<<<<<<<<<<<<< 1
[19:1:58] userbet 15947  在1 下了 100,累计下注 100
[19:1:58] broad >>>>>>>>>>>>>>>>>>>>>>>>>>>>>>> message 56 size 6
[19:1:58] 区域 0  总下注0
[19:1:58] 区域 1  总下注100
[19:1:58] 区域 2  总下注0
[19:1:58] 区域 3  总下注0
[19:1:58] 区域 4  总下注0
[19:1:58] 区域 5  总下注0
[19:1:58] send >>>>>>>>>>>>>>>>>>>>>>>>>>>>>>> 0 message 57 size 112
[19:1:58] 玩家15947在区域 0  总下注0
[19:1:58] 玩家15947在区域 1  总下注100
[19:1:58] 玩家15947在区域 2  总下注0
[19:1:58] 玩家15947在区域 3  总下注0
[19:1:58] 玩家15947在区域 4  总下注0
[19:1:58] 玩家15947在区域 5  总下注0
[19:1:58] 玩家15947 总下注100
[19:1:58] send >>>>>>>>>>>>>>>>>>>>>>>>>>>>>>> 1 message 57 size 112
[19:1:58] recv  55 <<<<<<<<<<<<<<<<<<<<<<<<<<<<<<< 1
[19:1:58] userbet 15947  在1 下了 100,累计下注 200
[19:1:58] broad >>>>>>>>>>>>>>>>>>>>>>>>>>>>>>> message 56 size 6
[19:1:58] 区域 0  总下注0
[19:1:58] 区域 1  总下注200
[19:1:58] 区域 2  总下注0
[19:1:58] 区域 3  总下注0
[19:1:58] 区域 4  总下注0
[19:1:58] 区域 5  总下注0
[19:1:58] send >>>>>>>>>>>>>>>>>>>>>>>>>>>>>>> 0 message 57 size 112
[19:1:58] 玩家15947在区域 0  总下注0
[19:1:58] 玩家15947在区域 1  总下注200
[19:1:58] 玩家15947在区域 2  总下注0
[19:1:58] 玩家15947在区域 3  总下注0
[19:1:58] 玩家15947在区域 4  总下注0
[19:1:58] 玩家15947在区域 5  总下注0
[19:1:58] 玩家15947 总下注200
[19:1:58] send >>>>>>>>>>>>>>>>>>>>>>>>>>>>>>> 1 message 57 size 112
[19:1:59] recv  55 <<<<<<<<<<<<<<<<<<<<<<<<<<<<<<< 1
[19:1:59] userbet 15947  在2 下了 100,累计下注 300
[19:1:59] broad >>>>>>>>>>>>>>>>>>>>>>>>>>>>>>> message 56 size 6
[19:1:59] 区域 0  总下注0
[19:1:59] 区域 1  总下注200
[19:1:59] 区域 2  总下注100
[19:1:59] 区域 3  总下注0
[19:1:59] 区域 4  总下注0
[19:1:59] 区域 5  总下注0
[19:1:59] send >>>>>>>>>>>>>>>>>>>>>>>>>>>>>>> 0 message 57 size 112
[19:1:59] 玩家15947在区域 0  总下注0
[19:1:59] 玩家15947在区域 1  总下注200
[19:1:59] 玩家15947在区域 2  总下注100
[19:1:59] 玩家15947在区域 3  总下注0
[19:1:59] 玩家15947在区域 4  总下注0
[19:1:59] 玩家15947在区域 5  总下注0
[19:1:59] 玩家15947 总下注300
[19:1:59] send >>>>>>>>>>>>>>>>>>>>>>>>>>>>>>> 1 message 57 size 112
[19:1:59] recv  55 <<<<<<<<<<<<<<<<<<<<<<<<<<<<<<< 1
[19:1:59] userbet 15947  在2 下了 100,累计下注 400
[19:1:59] broad >>>>>>>>>>>>>>>>>>>>>>>>>>>>>>> message 56 size 6
[19:1:59] 区域 0  总下注0
[19:1:59] 区域 1  总下注200
[19:1:59] 区域 2  总下注200
[19:1:59] 区域 3  总下注0
[19:1:59] 区域 4  总下注0
[19:1:59] 区域 5  总下注0
[19:1:59] send >>>>>>>>>>>>>>>>>>>>>>>>>>>>>>> 0 message 57 size 112
[19:1:59] 玩家15947在区域 0  总下注0
[19:1:59] 玩家15947在区域 1  总下注200
[19:1:59] 玩家15947在区域 2  总下注200
[19:1:59] 玩家15947在区域 3  总下注0
[19:1:59] 玩家15947在区域 4  总下注0
[19:1:59] 玩家15947在区域 5  总下注0
[19:1:59] 玩家15947 总下注400
[19:1:59] send >>>>>>>>>>>>>>>>>>>>>>>>>>>>>>> 1 message 57 size 112
[19:1:59] recv  55 <<<<<<<<<<<<<<<<<<<<<<<<<<<<<<< 1
[19:1:59] userbet 15947  在4 下了 100,累计下注 500
[19:1:59] broad >>>>>>>>>>>>>>>>>>>>>>>>>>>>>>> message 56 size 6
[19:1:59] 区域 0  总下注0
[19:1:59] 区域 1  总下注200
[19:1:59] 区域 2  总下注200
[19:1:59] 区域 3  总下注0
[19:1:59] 区域 4  总下注100
[19:1:59] 区域 5  总下注0
[19:1:59] send >>>>>>>>>>>>>>>>>>>>>>>>>>>>>>> 0 message 57 size 112
[19:1:59] 玩家15947在区域 0  总下注0
[19:1:59] 玩家15947在区域 1  总下注200
[19:1:59] 玩家15947在区域 2  总下注200
[19:1:59] 玩家15947在区域 3  总下注0
[19:1:59] 玩家15947在区域 4  总下注100
[19:1:59] 玩家15947在区域 5  总下注0
[19:1:59] 玩家15947 总下注500
[19:1:59] send >>>>>>>>>>>>>>>>>>>>>>>>>>>>>>> 1 message 57 size 112
[19:1:59] recv  55 <<<<<<<<<<<<<<<<<<<<<<<<<<<<<<< 1
[19:1:59] userbet 15947  在1 下了 100,累计下注 600
[19:1:59] broad >>>>>>>>>>>>>>>>>>>>>>>>>>>>>>> message 56 size 6
[19:1:59] 区域 0  总下注0
[19:1:59] 区域 1  总下注300
[19:1:59] 区域 2  总下注200
[19:1:59] 区域 3  总下注0
[19:1:59] 区域 4  总下注100
[19:1:59] 区域 5  总下注0
[19:1:59] send >>>>>>>>>>>>>>>>>>>>>>>>>>>>>>> 0 message 57 size 112
[19:1:59] 玩家15947在区域 0  总下注0
[19:1:59] 玩家15947在区域 1  总下注300
[19:1:59] 玩家15947在区域 2  总下注200
[19:1:59] 玩家15947在区域 3  总下注0
[19:1:59] 玩家15947在区域 4  总下注100
[19:1:59] 玩家15947在区域 5  总下注0
[19:1:59] 玩家15947 总下注600
[19:1:59] send >>>>>>>>>>>>>>>>>>>>>>>>>>>>>>> 1 message 57 size 112
[19:2:0] recv  55 <<<<<<<<<<<<<<<<<<<<<<<<<<<<<<< 1
[19:2:0] userbet 15947  在5 下了 100,累计下注 700
[19:2:0] broad >>>>>>>>>>>>>>>>>>>>>>>>>>>>>>> message 56 size 6
[19:2:0] 区域 0  总下注0
[19:2:0] 区域 1  总下注300
[19:2:0] 区域 2  总下注200
[19:2:0] 区域 3  总下注0
[19:2:0] 区域 4  总下注100
[19:2:0] 区域 5  总下注100
[19:2:0] send >>>>>>>>>>>>>>>>>>>>>>>>>>>>>>> 0 message 57 size 112
[19:2:0] 玩家15947在区域 0  总下注0
[19:2:0] 玩家15947在区域 1  总下注300
[19:2:0] 玩家15947在区域 2  总下注200
[19:2:0] 玩家15947在区域 3  总下注0
[19:2:0] 玩家15947在区域 4  总下注100
[19:2:0] 玩家15947在区域 5  总下注100
[19:2:0] 玩家15947 总下注700
[19:2:0] send >>>>>>>>>>>>>>>>>>>>>>>>>>>>>>> 1 message 57 size 112
[19:2:0] recv  55 <<<<<<<<<<<<<<<<<<<<<<<<<<<<<<< 1
[19:2:0] userbet 15947  在1 下了 100,累计下注 800
[19:2:0] broad >>>>>>>>>>>>>>>>>>>>>>>>>>>>>>> message 56 size 6
[19:2:0] 区域 0  总下注0
[19:2:0] 区域 1  总下注400
[19:2:0] 区域 2  总下注200
[19:2:0] 区域 3  总下注0
[19:2:0] 区域 4  总下注100
[19:2:1] 区域 5  总下注100
[19:2:1] send >>>>>>>>>>>>>>>>>>>>>>>>>>>>>>> 0 message 57 size 112
[19:2:1] 玩家15947在区域 0  总下注0
[19:2:1] 玩家15947在区域 1  总下注400
[19:2:1] 玩家15947在区域 2  总下注200
[19:2:1] 玩家15947在区域 3  总下注0
[19:2:1] 玩家15947在区域 4  总下注100
[19:2:1] 玩家15947在区域 5  总下注100
[19:2:1] 玩家15947 总下注800
[19:2:1] send >>>>>>>>>>>>>>>>>>>>>>>>>>>>>>> 1 message 57 size 112
[19:2:1] recv  55 <<<<<<<<<<<<<<<<<<<<<<<<<<<<<<< 1
[19:2:1] userbet 15947  在5 下了 100,累计下注 900
[19:2:1] broad >>>>>>>>>>>>>>>>>>>>>>>>>>>>>>> message 56 size 6
[19:2:1] 区域 0  总下注0
[19:2:1] 区域 1  总下注400
[19:2:1] 区域 2  总下注200
[19:2:1] 区域 3  总下注0
[19:2:1] 区域 4  总下注100
[19:2:1] 区域 5  总下注200
[19:2:1] send >>>>>>>>>>>>>>>>>>>>>>>>>>>>>>> 0 message 57 size 112
[19:2:1] 玩家15947在区域 0  总下注0
[19:2:1] 玩家15947在区域 1  总下注400
[19:2:1] 玩家15947在区域 2  总下注200
[19:2:1] 玩家15947在区域 3  总下注0
[19:2:1] 玩家15947在区域 4  总下注100
[19:2:1] 玩家15947在区域 5  总下注200
[19:2:1] 玩家15947 总下注900
[19:2:1] send >>>>>>>>>>>>>>>>>>>>>>>>>>>>>>> 1 message 57 size 112
[19:2:1] recv  55 <<<<<<<<<<<<<<<<<<<<<<<<<<<<<<< 1
[19:2:1] userbet 15947  在0 下了 100,累计下注 1000
[19:2:1] broad >>>>>>>>>>>>>>>>>>>>>>>>>>>>>>> message 56 size 6
[19:2:1] 区域 0  总下注100
[19:2:1] 区域 1  总下注400
[19:2:1] 区域 2  总下注200
[19:2:1] 区域 3  总下注0
[19:2:1] 区域 4  总下注100
[19:2:1] 区域 5  总下注200
[19:2:1] send >>>>>>>>>>>>>>>>>>>>>>>>>>>>>>> 0 message 57 size 112
[19:2:1] 玩家15947在区域 0  总下注100
[19:2:1] 玩家15947在区域 1  总下注400
[19:2:1] 玩家15947在区域 2  总下注200
[19:2:1] 玩家15947在区域 3  总下注0
[19:2:1] 玩家15947在区域 4  总下注100
[19:2:1] 玩家15947在区域 5  总下注200
[19:2:1] 玩家15947 总下注1000
[19:2:1] send >>>>>>>>>>>>>>>>>>>>>>>>>>>>>>> 1 message 57 size 112
[19:2:2] recv  55 <<<<<<<<<<<<<<<<<<<<<<<<<<<<<<< 1
[19:2:2] userbet 15947  在1 下了 100,累计下注 1100
[19:2:2] broad >>>>>>>>>>>>>>>>>>>>>>>>>>>>>>> message 56 size 6
[19:2:2] 区域 0  总下注100
[19:2:2] 区域 1  总下注500
[19:2:2] 区域 2  总下注200
[19:2:2] 区域 3  总下注0
[19:2:2] 区域 4  总下注100
[19:2:2] 区域 5  总下注200
[19:2:2] send >>>>>>>>>>>>>>>>>>>>>>>>>>>>>>> 0 message 57 size 112
[19:2:2] 玩家15947在区域 0  总下注100
[19:2:2] 玩家15947在区域 1  总下注500
[19:2:2] 玩家15947在区域 2  总下注200
[19:2:2] 玩家15947在区域 3  总下注0
[19:2:2] 玩家15947在区域 4  总下注100
[19:2:2] 玩家15947在区域 5  总下注200
[19:2:2] 玩家15947 总下注1100
[19:2:2] send >>>>>>>>>>>>>>>>>>>>>>>>>>>>>>> 1 message 57 size 112
[19:2:2] recv  55 <<<<<<<<<<<<<<<<<<<<<<<<<<<<<<< 1
[19:2:2] userbet 15947  在0 下了 100,累计下注 1200
[19:2:2] broad >>>>>>>>>>>>>>>>>>>>>>>>>>>>>>> message 56 size 6
[19:2:2] 区域 0  总下注200
[19:2:2] 区域 1  总下注500
[19:2:2] 区域 2  总下注200
[19:2:2] 区域 3  总下注0
[19:2:2] 区域 4  总下注100
[19:2:2] 区域 5  总下注200
[19:2:2] send >>>>>>>>>>>>>>>>>>>>>>>>>>>>>>> 0 message 57 size 112
[19:2:2] 玩家15947在区域 0  总下注200
[19:2:2] 玩家15947在区域 1  总下注500
[19:2:2] 玩家15947在区域 2  总下注200
[19:2:2] 玩家15947在区域 3  总下注0
[19:2:2] 玩家15947在区域 4  总下注100
[19:2:2] 玩家15947在区域 5  总下注200
[19:2:2] 玩家15947 总下注1200
[19:2:2] send >>>>>>>>>>>>>>>>>>>>>>>>>>>>>>> 1 message 57 size 112
[19:2:2] recv  55 <<<<<<<<<<<<<<<<<<<<<<<<<<<<<<< 1
[19:2:2] userbet 15947  在0 下了 100,累计下注 1300
[19:2:2] broad >>>>>>>>>>>>>>>>>>>>>>>>>>>>>>> message 56 size 6
[19:2:2] 区域 0  总下注300
[19:2:2] 区域 1  总下注500
[19:2:2] 区域 2  总下注200
[19:2:2] 区域 3  总下注0
[19:2:2] 区域 4  总下注100
[19:2:2] 区域 5  总下注200
[19:2:2] send >>>>>>>>>>>>>>>>>>>>>>>>>>>>>>> 0 message 57 size 112
[19:2:2] 玩家15947在区域 0  总下注300
[19:2:2] 玩家15947在区域 1  总下注500
[19:2:2] 玩家15947在区域 2  总下注200
[19:2:2] 玩家15947在区域 3  总下注0
[19:2:2] 玩家15947在区域 4  总下注100
[19:2:2] 玩家15947在区域 5  总下注200
[19:2:2] 玩家15947 总下注1300
[19:2:2] send >>>>>>>>>>>>>>>>>>>>>>>>>>>>>>> 1 message 57 size 112
[19:2:2] recv  55 <<<<<<<<<<<<<<<<<<<<<<<<<<<<<<< 1
[19:2:2] userbet 15947  在0 下了 100,累计下注 1400
[19:2:2] broad >>>>>>>>>>>>>>>>>>>>>>>>>>>>>>> message 56 size 6
[19:2:2] 区域 0  总下注400
[19:2:2] 区域 1  总下注500
[19:2:2] 区域 2  总下注200
[19:2:2] 区域 3  总下注0
[19:2:2] 区域 4  总下注100
[19:2:2] 区域 5  总下注200
[19:2:2] send >>>>>>>>>>>>>>>>>>>>>>>>>>>>>>> 0 message 57 size 112
[19:2:2] 玩家15947在区域 0  总下注400
[19:2:2] 玩家15947在区域 1  总下注500
[19:2:2] 玩家15947在区域 2  总下注200
[19:2:2] 玩家15947在区域 3  总下注0
[19:2:2] 玩家15947在区域 4  总下注100
[19:2:2] 玩家15947在区域 5  总下注200
[19:2:2] 玩家15947 总下注1400
[19:2:2] send >>>>>>>>>>>>>>>>>>>>>>>>>>>>>>> 1 message 57 size 112
[19:2:3] recv  55 <<<<<<<<<<<<<<<<<<<<<<<<<<<<<<< 1
[19:2:3] userbet 15947  在4 下了 100,累计下注 1500
[19:2:3] broad >>>>>>>>>>>>>>>>>>>>>>>>>>>>>>> message 56 size 6
[19:2:3] 区域 0  总下注400
[19:2:3] 区域 1  总下注500
[19:2:3] 区域 2  总下注200
[19:2:3] 区域 3  总下注0
[19:2:3] 区域 4  总下注200
[19:2:3] 区域 5  总下注200
[19:2:3] send >>>>>>>>>>>>>>>>>>>>>>>>>>>>>>> 0 message 57 size 112
[19:2:3] 玩家15947在区域 0  总下注400
[19:2:3] 玩家15947在区域 1  总下注500
[19:2:3] 玩家15947在区域 2  总下注200
[19:2:3] 玩家15947在区域 3  总下注0
[19:2:3] 玩家15947在区域 4  总下注200
[19:2:3] 玩家15947在区域 5  总下注200
[19:2:3] 玩家15947 总下注1500
[19:2:3] send >>>>>>>>>>>>>>>>>>>>>>>>>>>>>>> 1 message 57 size 112
[19:2:3] recv  55 <<<<<<<<<<<<<<<<<<<<<<<<<<<<<<< 1
[19:2:3] userbet 15947  在3 下了 100,累计下注 1600
[19:2:3] broad >>>>>>>>>>>>>>>>>>>>>>>>>>>>>>> message 56 size 6
[19:2:3] 区域 0  总下注400
[19:2:3] 区域 1  总下注500
[19:2:3] 区域 2  总下注200
[19:2:3] 区域 3  总下注100
[19:2:3] 区域 4  总下注200
[19:2:3] 区域 5  总下注200
[19:2:3] send >>>>>>>>>>>>>>>>>>>>>>>>>>>>>>> 0 message 57 size 112
[19:2:3] 玩家15947在区域 0  总下注400
[19:2:3] 玩家15947在区域 1  总下注500
[19:2:3] 玩家15947在区域 2  总下注200
[19:2:3] 玩家15947在区域 3  总下注100
[19:2:3] 玩家15947在区域 4  总下注200
[19:2:3] 玩家15947在区域 5  总下注200
[19:2:3] 玩家15947 总下注1600
[19:2:3] send >>>>>>>>>>>>>>>>>>>>>>>>>>>>>>> 1 message 57 size 112
[19:2:3] recv  55 <<<<<<<<<<<<<<<<<<<<<<<<<<<<<<< 1
[19:2:3] userbet 15947  在3 下了 100,累计下注 1700
[19:2:3] broad >>>>>>>>>>>>>>>>>>>>>>>>>>>>>>> message 56 size 6
[19:2:3] 区域 0  总下注400
[19:2:3] 区域 1  总下注500
[19:2:3] 区域 2  总下注200
[19:2:3] 区域 3  总下注200
[19:2:3] 区域 4  总下注200
[19:2:3] 区域 5  总下注200
[19:2:3] send >>>>>>>>>>>>>>>>>>>>>>>>>>>>>>> 0 message 57 size 112
[19:2:3] 玩家15947在区域 0  总下注400
[19:2:3] 玩家15947在区域 1  总下注500
[19:2:3] 玩家15947在区域 2  总下注200
[19:2:3] 玩家15947在区域 3  总下注200
[19:2:3] 玩家15947在区域 4  总下注200
[19:2:3] 玩家15947在区域 5  总下注200
[19:2:3] 玩家15947 总下注1700
[19:2:3] send >>>>>>>>>>>>>>>>>>>>>>>>>>>>>>> 1 message 57 size 112
[19:2:3] recv  55 <<<<<<<<<<<<<<<<<<<<<<<<<<<<<<< 1
[19:2:3] userbet 15947  在2 下了 100,累计下注 1800
[19:2:3] broad >>>>>>>>>>>>>>>>>>>>>>>>>>>>>>> message 56 size 6
[19:2:3] 区域 0  总下注400
[19:2:3] 区域 1  总下注500
[19:2:3] 区域 2  总下注300
[19:2:3] 区域 3  总下注200
[19:2:3] 区域 4  总下注200
[19:2:3] 区域 5  总下注200
[19:2:3] send >>>>>>>>>>>>>>>>>>>>>>>>>>>>>>> 0 message 57 size 112
[19:2:3] 玩家15947在区域 0  总下注400
[19:2:3] 玩家15947在区域 1  总下注500
[19:2:3] 玩家15947在区域 2  总下注300
[19:2:3] 玩家15947在区域 3  总下注200
[19:2:3] 玩家15947在区域 4  总下注200
[19:2:3] 玩家15947在区域 5  总下注200
[19:2:3] 玩家15947 总下注1800
[19:2:3] send >>>>>>>>>>>>>>>>>>>>>>>>>>>>>>> 1 message 57 size 112
[19:2:4] recv  55 <<<<<<<<<<<<<<<<<<<<<<<<<<<<<<< 1
[19:2:4] userbet 15947  在2 下了 100,累计下注 1900
[19:2:4] broad >>>>>>>>>>>>>>>>>>>>>>>>>>>>>>> message 56 size 6
[19:2:4] 区域 0  总下注400
[19:2:4] 区域 1  总下注500
[19:2:4] 区域 2  总下注400
[19:2:4] 区域 3  总下注200
[19:2:4] 区域 4  总下注200
[19:2:4] 区域 5  总下注200
[19:2:4] send >>>>>>>>>>>>>>>>>>>>>>>>>>>>>>> 0 message 57 size 112
[19:2:4] 玩家15947在区域 0  总下注400
[19:2:4] 玩家15947在区域 1  总下注500
[19:2:4] 玩家15947在区域 2  总下注400
[19:2:4] 玩家15947在区域 3  总下注200
[19:2:4] 玩家15947在区域 4  总下注200
[19:2:4] 玩家15947在区域 5  总下注200
[19:2:4] 玩家15947 总下注1900
[19:2:4] send >>>>>>>>>>>>>>>>>>>>>>>>>>>>>>> 1 message 57 size 112
[19:2:4] recv  55 <<<<<<<<<<<<<<<<<<<<<<<<<<<<<<< 1
[19:2:4] userbet 15947  在5 下了 100,累计下注 2000
[19:2:4] broad >>>>>>>>>>>>>>>>>>>>>>>>>>>>>>> message 56 size 6
[19:2:4] 区域 0  总下注400
[19:2:4] 区域 1  总下注500
[19:2:4] 区域 2  总下注400
[19:2:4] 区域 3  总下注200
[19:2:4] 区域 4  总下注200
[19:2:4] 区域 5  总下注300
[19:2:4] send >>>>>>>>>>>>>>>>>>>>>>>>>>>>>>> 0 message 57 size 112
[19:2:4] 玩家15947在区域 0  总下注400
[19:2:4] 玩家15947在区域 1  总下注500
[19:2:4] 玩家15947在区域 2  总下注400
[19:2:4] 玩家15947在区域 3  总下注200
[19:2:4] 玩家15947在区域 4  总下注200
[19:2:4] 玩家15947在区域 5  总下注300
[19:2:4] 玩家15947 总下注2000
[19:2:4] send >>>>>>>>>>>>>>>>>>>>>>>>>>>>>>> 1 message 57 size 112
[19:2:5] card 0 9,1,   type 8   point 9
[19:2:5] card 1 1,3,   type 0   point 6
[19:2:5] card 2 0,8,   type 0   point 2
[19:2:5] card 3 2,13,   type 0   point 3
[19:2:5] broad >>>>>>>>>>>>>>>>>>>>>>>>>>>>>>> message 52 size 16
[19:2:20] 区域 0 结算 400
[19:2:20] 区域 1 结算 500
[19:2:20] 区域 2 结算 -400
[19:2:20] 区域 3 结算 200
[19:2:20] 区域 4 结算 0
[19:2:20] 区域 5 结算 0
[19:2:20] 玩家0[16223]  结算 -700
[19:2:20] 玩家1[15947]  结算 700
[19:2:20] broad >>>>>>>>>>>>>>>>>>>>>>>>>>>>>>> message 58 size 86
[19:2:22] 玩家0[16223]  结算 -700, 分数 -700, 总分数 -700
[19:2:22] 玩家1[15947]  结算 700, 分数 700, 总分数 700
[19:2:22] ******************游戏结束********************************



[19:2:25] broad >>>>>>>>>>>>>>>>>>>>>>>>>>>>>>> message 72 size 4
[19:2:38] 0:16223 ready
[19:2:43] 1:15947 ready
[19:2:43] *****************游戏开始***************
[19:2:43] [0][16223]连庄局数 2,总局数2
[19:2:43] [1][15947]连庄局数 0,总局数2
[19:2:43] 游戏局数 2,总局数 4
[19:2:43] broad >>>>>>>>>>>>>>>>>>>>>>>>>>>>>>> message 71 size 8
[19:2:43] broad >>>>>>>>>>>>>>>>>>>>>>>>>>>>>>> message 51 size 0
[19:2:53] card 0 2,3,   type 0   point 2
[19:2:53] card 1 13,12,   type 0   point 0
[19:2:53] card 2 6,7,   type 0   point 5
[19:2:53] card 3 1,8,   type 0   point 2
[19:2:53] broad >>>>>>>>>>>>>>>>>>>>>>>>>>>>>>> message 52 size 16
[19:3:8] 区域 0 结算 0
[19:3:8] 区域 1 结算 0
[19:3:8] 区域 2 结算 0
[19:3:8] 区域 3 结算 0
[19:3:8] 区域 4 结算 0
[19:3:8] 区域 5 结算 0
[19:3:8] 玩家0[16223]  结算 0
[19:3:8] 玩家1[15947]  结算 0
[19:3:8] broad >>>>>>>>>>>>>>>>>>>>>>>>>>>>>>> message 58 size 86
[19:3:10] 玩家0[16223]  结算 0, 分数 0, 总分数 -700
[19:3:10] 玩家1[15947]  结算 0, 分数 0, 总分数 700
[19:3:10] ******************游戏结束********************************



[19:3:18] *************************小结算***********************
[19:3:18] [Phone15947,15947] [闲] 输赢金币 700 ,排名 0
[19:3:18] [Phone16223,16223] [庄] 输赢金币 -700 ,排名 1
[19:3:18] broad >>>>>>>>>>>>>>>>>>>>>>>>>>>>>>> message 73 size 44
[19:3:18] user[16223] 坐庄次数 2,每个人当庄次数2 
[19:3:18] user[15947] 坐庄次数 0,每个人当庄次数2 
[19:3:18] broad >>>>>>>>>>>>>>>>>>>>>>>>>>>>>>> message 72 size 4
[19:3:23] 1:15947 ready
[19:3:57] 0:16223 ready
[19:3:57] *****************游戏开始***************
[19:3:57] [0][16223]连庄局数 2,总局数3
[19:3:57] [1][15947]连庄局数 1,总局数3
[19:3:57] 通知 庄家 1 坐庄次数 1
[19:3:57] broad >>>>>>>>>>>>>>>>>>>>>>>>>>>>>>> message 69 size 1
[19:3:57] 游戏局数 3,总局数 4
[19:3:57] broad >>>>>>>>>>>>>>>>>>>>>>>>>>>>>>> message 71 size 8
[19:3:57] broad >>>>>>>>>>>>>>>>>>>>>>>>>>>>>>> message 51 size 0
[19:4:1] recv  55 <<<<<<<<<<<<<<<<<<<<<<<<<<<<<<< 0
[19:4:1] userbet 16223  在4 下了 100,累计下注 100
[19:4:1] broad >>>>>>>>>>>>>>>>>>>>>>>>>>>>>>> message 56 size 6
[19:4:1] 区域 0  总下注0
[19:4:1] 区域 1  总下注0
[19:4:1] 区域 2  总下注0
[19:4:1] 区域 3  总下注0
[19:4:1] 区域 4  总下注100
[19:4:1] 区域 5  总下注0
[19:4:1] 玩家16223在区域 0  总下注0
[19:4:1] 玩家16223在区域 1  总下注0
[19:4:1] 玩家16223在区域 2  总下注0
[19:4:1] 玩家16223在区域 3  总下注0
[19:4:1] 玩家16223在区域 4  总下注100
[19:4:1] 玩家16223在区域 5  总下注0
[19:4:1] 玩家16223 总下注100
[19:4:1] send >>>>>>>>>>>>>>>>>>>>>>>>>>>>>>> 0 message 57 size 112
[19:4:1] send >>>>>>>>>>>>>>>>>>>>>>>>>>>>>>> 1 message 57 size 112
[19:4:2] recv  55 <<<<<<<<<<<<<<<<<<<<<<<<<<<<<<< 0
[19:4:2] userbet 16223  在4 下了 100,累计下注 200
[19:4:2] broad >>>>>>>>>>>>>>>>>>>>>>>>>>>>>>> message 56 size 6
[19:4:2] 区域 0  总下注0
[19:4:2] 区域 1  总下注0
[19:4:2] 区域 2  总下注0
[19:4:2] 区域 3  总下注0
[19:4:2] 区域 4  总下注200
[19:4:2] 区域 5  总下注0
[19:4:2] 玩家16223在区域 0  总下注0
[19:4:2] 玩家16223在区域 1  总下注0
[19:4:2] 玩家16223在区域 2  总下注0
[19:4:2] 玩家16223在区域 3  总下注0
[19:4:2] 玩家16223在区域 4  总下注200
[19:4:2] 玩家16223在区域 5  总下注0
[19:4:2] 玩家16223 总下注200
[19:4:2] send >>>>>>>>>>>>>>>>>>>>>>>>>>>>>>> 0 message 57 size 112
[19:4:2] send >>>>>>>>>>>>>>>>>>>>>>>>>>>>>>> 1 message 57 size 112
[19:4:2] recv  55 <<<<<<<<<<<<<<<<<<<<<<<<<<<<<<< 0
[19:4:2] userbet 16223  在2 下了 100,累计下注 300
[19:4:2] broad >>>>>>>>>>>>>>>>>>>>>>>>>>>>>>> message 56 size 6
[19:4:2] 区域 0  总下注0
[19:4:2] 区域 1  总下注0
[19:4:2] 区域 2  总下注100
[19:4:2] 区域 3  总下注0
[19:4:2] 区域 4  总下注200
[19:4:2] 区域 5  总下注0
[19:4:2] 玩家16223在区域 0  总下注0
[19:4:2] 玩家16223在区域 1  总下注0
[19:4:2] 玩家16223在区域 2  总下注100
[19:4:2] 玩家16223在区域 3  总下注0
[19:4:2] 玩家16223在区域 4  总下注200
[19:4:2] 玩家16223在区域 5  总下注0
[19:4:2] 玩家16223 总下注300
[19:4:2] send >>>>>>>>>>>>>>>>>>>>>>>>>>>>>>> 0 message 57 size 112
[19:4:2] send >>>>>>>>>>>>>>>>>>>>>>>>>>>>>>> 1 message 57 size 112
[19:4:2] recv  55 <<<<<<<<<<<<<<<<<<<<<<<<<<<<<<< 0
[19:4:2] userbet 16223  在2 下了 100,累计下注 400
[19:4:2] broad >>>>>>>>>>>>>>>>>>>>>>>>>>>>>>> message 56 size 6
[19:4:2] 区域 0  总下注0
[19:4:2] 区域 1  总下注0
[19:4:2] 区域 2  总下注200
[19:4:2] 区域 3  总下注0
[19:4:2] 区域 4  总下注200
[19:4:2] 区域 5  总下注0
[19:4:2] 玩家16223在区域 0  总下注0
[19:4:2] 玩家16223在区域 1  总下注0
[19:4:2] 玩家16223在区域 2  总下注200
[19:4:2] 玩家16223在区域 3  总下注0
[19:4:2] 玩家16223在区域 4  总下注200
[19:4:2] 玩家16223在区域 5  总下注0
[19:4:2] 玩家16223 总下注400
[19:4:2] send >>>>>>>>>>>>>>>>>>>>>>>>>>>>>>> 0 message 57 size 112
[19:4:2] send >>>>>>>>>>>>>>>>>>>>>>>>>>>>>>> 1 message 57 size 112
[19:4:2] recv  55 <<<<<<<<<<<<<<<<<<<<<<<<<<<<<<< 0
[19:4:2] userbet 16223  在2 下了 100,累计下注 500
[19:4:2] broad >>>>>>>>>>>>>>>>>>>>>>>>>>>>>>> message 56 size 6
[19:4:2] 区域 0  总下注0
[19:4:2] 区域 1  总下注0
[19:4:2] 区域 2  总下注300
[19:4:2] 区域 3  总下注0
[19:4:2] 区域 4  总下注200
[19:4:2] 区域 5  总下注0
[19:4:2] 玩家16223在区域 0  总下注0
[19:4:2] 玩家16223在区域 1  总下注0
[19:4:2] 玩家16223在区域 2  总下注300
[19:4:2] 玩家16223在区域 3  总下注0
[19:4:2] 玩家16223在区域 4  总下注200
[19:4:2] 玩家16223在区域 5  总下注0
[19:4:2] 玩家16223 总下注500
[19:4:2] send >>>>>>>>>>>>>>>>>>>>>>>>>>>>>>> 0 message 57 size 112
[19:4:2] send >>>>>>>>>>>>>>>>>>>>>>>>>>>>>>> 1 message 57 size 112
[19:4:2] recv  55 <<<<<<<<<<<<<<<<<<<<<<<<<<<<<<< 0
[19:4:2] userbet 16223  在2 下了 100,累计下注 600
[19:4:2] broad >>>>>>>>>>>>>>>>>>>>>>>>>>>>>>> message 56 size 6
[19:4:2] 区域 0  总下注0
[19:4:2] 区域 1  总下注0
[19:4:2] 区域 2  总下注400
[19:4:2] 区域 3  总下注0
[19:4:2] 区域 4  总下注200
[19:4:2] 区域 5  总下注0
[19:4:2] 玩家16223在区域 0  总下注0
[19:4:2] 玩家16223在区域 1  总下注0
[19:4:2] 玩家16223在区域 2  总下注400
[19:4:2] 玩家16223在区域 3  总下注0
[19:4:2] 玩家16223在区域 4  总下注200
[19:4:2] 玩家16223在区域 5  总下注0
[19:4:2] 玩家16223 总下注600
[19:4:2] send >>>>>>>>>>>>>>>>>>>>>>>>>>>>>>> 0 message 57 size 112
[19:4:2] send >>>>>>>>>>>>>>>>>>>>>>>>>>>>>>> 1 message 57 size 112
[19:4:2] recv  55 <<<<<<<<<<<<<<<<<<<<<<<<<<<<<<< 0
[19:4:2] userbet 16223  在3 下了 100,累计下注 700
[19:4:2] broad >>>>>>>>>>>>>>>>>>>>>>>>>>>>>>> message 56 size 6
[19:4:2] 区域 0  总下注0
[19:4:2] 区域 1  总下注0
[19:4:2] 区域 2  总下注400
[19:4:2] 区域 3  总下注100
[19:4:2] 区域 4  总下注200
[19:4:2] 区域 5  总下注0
[19:4:2] 玩家16223在区域 0  总下注0
[19:4:2] 玩家16223在区域 1  总下注0
[19:4:2] 玩家16223在区域 2  总下注400
[19:4:2] 玩家16223在区域 3  总下注100
[19:4:2] 玩家16223在区域 4  总下注200
[19:4:2] 玩家16223在区域 5  总下注0
[19:4:2] 玩家16223 总下注700
[19:4:2] send >>>>>>>>>>>>>>>>>>>>>>>>>>>>>>> 0 message 57 size 112
[19:4:2] send >>>>>>>>>>>>>>>>>>>>>>>>>>>>>>> 1 message 57 size 112
[19:4:2] recv  55 <<<<<<<<<<<<<<<<<<<<<<<<<<<<<<< 0
[19:4:2] userbet 16223  在2 下了 100,累计下注 800
[19:4:2] broad >>>>>>>>>>>>>>>>>>>>>>>>>>>>>>> message 56 size 6
[19:4:2] 区域 0  总下注0
[19:4:2] 区域 1  总下注0
[19:4:2] 区域 2  总下注500
[19:4:2] 区域 3  总下注100
[19:4:2] 区域 4  总下注200
[19:4:2] 区域 5  总下注0
[19:4:2] 玩家16223在区域 0  总下注0
[19:4:2] 玩家16223在区域 1  总下注0
[19:4:2] 玩家16223在区域 2  总下注500
[19:4:2] 玩家16223在区域 3  总下注100
[19:4:2] 玩家16223在区域 4  总下注200
[19:4:2] 玩家16223在区域 5  总下注0
[19:4:2] 玩家16223 总下注800
[19:4:2] send >>>>>>>>>>>>>>>>>>>>>>>>>>>>>>> 0 message 57 size 112
[19:4:2] send >>>>>>>>>>>>>>>>>>>>>>>>>>>>>>> 1 message 57 size 112
[19:4:2] recv  55 <<<<<<<<<<<<<<<<<<<<<<<<<<<<<<< 0
[19:4:2] userbet 16223  在3 下了 100,累计下注 900
[19:4:2] broad >>>>>>>>>>>>>>>>>>>>>>>>>>>>>>> message 56 size 6
[19:4:2] 区域 0  总下注0
[19:4:2] 区域 1  总下注0
[19:4:2] 区域 2  总下注500
[19:4:2] 区域 3  总下注200
[19:4:2] 区域 4  总下注200
[19:4:2] 区域 5  总下注0
[19:4:2] 玩家16223在区域 0  总下注0
[19:4:2] 玩家16223在区域 1  总下注0
[19:4:2] 玩家16223在区域 2  总下注500
[19:4:2] 玩家16223在区域 3  总下注200
[19:4:2] 玩家16223在区域 4  总下注200
[19:4:2] 玩家16223在区域 5  总下注0
[19:4:2] 玩家16223 总下注900
[19:4:2] send >>>>>>>>>>>>>>>>>>>>>>>>>>>>>>> 0 message 57 size 112
[19:4:2] send >>>>>>>>>>>>>>>>>>>>>>>>>>>>>>> 1 message 57 size 112
[19:4:4] recv  55 <<<<<<<<<<<<<<<<<<<<<<<<<<<<<<< 0
[19:4:4] userbet 16223  在4 下了 1000,累计下注 1900
[19:4:4] broad >>>>>>>>>>>>>>>>>>>>>>>>>>>>>>> message 56 size 6
[19:4:4] 区域 0  总下注0
[19:4:4] 区域 1  总下注0
[19:4:4] 区域 2  总下注500
[19:4:4] 区域 3  总下注200
[19:4:4] 区域 4  总下注1200
[19:4:4] 区域 5  总下注0
[19:4:4] 玩家16223在区域 0  总下注0
[19:4:4] 玩家16223在区域 1  总下注0
[19:4:4] 玩家16223在区域 2  总下注500
[19:4:4] 玩家16223在区域 3  总下注200
[19:4:4] 玩家16223在区域 4  总下注1200
[19:4:4] 玩家16223在区域 5  总下注0
[19:4:4] 玩家16223 总下注1900
[19:4:4] send >>>>>>>>>>>>>>>>>>>>>>>>>>>>>>> 0 message 57 size 112
[19:4:4] send >>>>>>>>>>>>>>>>>>>>>>>>>>>>>>> 1 message 57 size 112
[19:4:4] recv  55 <<<<<<<<<<<<<<<<<<<<<<<<<<<<<<< 0
[19:4:4] userbet 16223  在4 下了 1000,累计下注 2900
[19:4:4] broad >>>>>>>>>>>>>>>>>>>>>>>>>>>>>>> message 56 size 6
[19:4:4] 区域 0  总下注0
[19:4:4] 区域 1  总下注0
[19:4:4] 区域 2  总下注500
[19:4:4] 区域 3  总下注200
[19:4:4] 区域 4  总下注2200
[19:4:4] 区域 5  总下注0
[19:4:4] 玩家16223在区域 0  总下注0
[19:4:4] 玩家16223在区域 1  总下注0
[19:4:4] 玩家16223在区域 2  总下注500
[19:4:4] 玩家16223在区域 3  总下注200
[19:4:4] 玩家16223在区域 4  总下注2200
[19:4:4] 玩家16223在区域 5  总下注0
[19:4:4] 玩家16223 总下注2900
[19:4:4] send >>>>>>>>>>>>>>>>>>>>>>>>>>>>>>> 0 message 57 size 112
[19:4:4] send >>>>>>>>>>>>>>>>>>>>>>>>>>>>>>> 1 message 57 size 112
[19:4:4] recv  55 <<<<<<<<<<<<<<<<<<<<<<<<<<<<<<< 0
[19:4:4] userbet 16223  在4 下了 1000,累计下注 3900
[19:4:4] broad >>>>>>>>>>>>>>>>>>>>>>>>>>>>>>> message 56 size 6
[19:4:4] 区域 0  总下注0
[19:4:4] 区域 1  总下注0
[19:4:4] 区域 2  总下注500
[19:4:4] 区域 3  总下注200
[19:4:4] 区域 4  总下注3200
[19:4:4] 区域 5  总下注0
[19:4:4] 玩家16223在区域 0  总下注0
[19:4:4] 玩家16223在区域 1  总下注0
[19:4:4] 玩家16223在区域 2  总下注500
[19:4:4] 玩家16223在区域 3  总下注200
[19:4:4] 玩家16223在区域 4  总下注3200
[19:4:4] 玩家16223在区域 5  总下注0
[19:4:4] 玩家16223 总下注3900
[19:4:4] send >>>>>>>>>>>>>>>>>>>>>>>>>>>>>>> 0 message 57 size 112
[19:4:4] send >>>>>>>>>>>>>>>>>>>>>>>>>>>>>>> 1 message 57 size 112
[19:4:4] recv  55 <<<<<<<<<<<<<<<<<<<<<<<<<<<<<<< 0
[19:4:4] userbet 16223  在4 下了 1000,累计下注 4900
[19:4:4] broad >>>>>>>>>>>>>>>>>>>>>>>>>>>>>>> message 56 size 6
[19:4:4] 区域 0  总下注0
[19:4:4] 区域 1  总下注0
[19:4:4] 区域 2  总下注500
[19:4:4] 区域 3  总下注200
[19:4:4] 区域 4  总下注4200
[19:4:4] 区域 5  总下注0
[19:4:4] 玩家16223在区域 0  总下注0
[19:4:4] 玩家16223在区域 1  总下注0
[19:4:4] 玩家16223在区域 2  总下注500
[19:4:4] 玩家16223在区域 3  总下注200
[19:4:4] 玩家16223在区域 4  总下注4200
[19:4:4] 玩家16223在区域 5  总下注0
[19:4:4] 玩家16223 总下注4900
[19:4:4] send >>>>>>>>>>>>>>>>>>>>>>>>>>>>>>> 0 message 57 size 112
[19:4:4] send >>>>>>>>>>>>>>>>>>>>>>>>>>>>>>> 1 message 57 size 112
[19:4:5] recv  55 <<<<<<<<<<<<<<<<<<<<<<<<<<<<<<< 0
[19:4:5] userbet 16223  在4 下了 1000,累计下注 5900
[19:4:5] broad >>>>>>>>>>>>>>>>>>>>>>>>>>>>>>> message 56 size 6
[19:4:5] 区域 0  总下注0
[19:4:5] 区域 1  总下注0
[19:4:5] 区域 2  总下注500
[19:4:5] 区域 3  总下注200
[19:4:5] 区域 4  总下注5200
[19:4:5] 区域 5  总下注0
[19:4:5] 玩家16223在区域 0  总下注0
[19:4:5] 玩家16223在区域 1  总下注0
[19:4:5] 玩家16223在区域 2  总下注500
[19:4:5] 玩家16223在区域 3  总下注200
[19:4:5] 玩家16223在区域 4  总下注5200
[19:4:5] 玩家16223在区域 5  总下注0
[19:4:5] 玩家16223 总下注5900
[19:4:5] send >>>>>>>>>>>>>>>>>>>>>>>>>>>>>>> 0 message 57 size 112
[19:4:5] send >>>>>>>>>>>>>>>>>>>>>>>>>>>>>>> 1 message 57 size 112
[19:4:5] recv  55 <<<<<<<<<<<<<<<<<<<<<<<<<<<<<<< 0
[19:4:5] userbet 16223  在3 下了 1000,累计下注 6900
[19:4:5] broad >>>>>>>>>>>>>>>>>>>>>>>>>>>>>>> message 56 size 6
[19:4:5] 区域 0  总下注0
[19:4:5] 区域 1  总下注0
[19:4:5] 区域 2  总下注500
[19:4:5] 区域 3  总下注1200
[19:4:5] 区域 4  总下注5200
[19:4:5] 区域 5  总下注0
[19:4:5] 玩家16223在区域 0  总下注0
[19:4:5] 玩家16223在区域 1  总下注0
[19:4:5] 玩家16223在区域 2  总下注500
[19:4:5] 玩家16223在区域 3  总下注1200
[19:4:5] 玩家16223在区域 4  总下注5200
[19:4:5] 玩家16223在区域 5  总下注0
[19:4:5] 玩家16223 总下注6900
[19:4:5] send >>>>>>>>>>>>>>>>>>>>>>>>>>>>>>> 0 message 57 size 112
[19:4:5] send >>>>>>>>>>>>>>>>>>>>>>>>>>>>>>> 1 message 57 size 112
[19:4:5] recv  55 <<<<<<<<<<<<<<<<<<<<<<<<<<<<<<< 0
[19:4:5] userbet 16223  在2 下了 1000,累计下注 7900
[19:4:5] broad >>>>>>>>>>>>>>>>>>>>>>>>>>>>>>> message 56 size 6
[19:4:5] 区域 0  总下注0
[19:4:5] 区域 1  总下注0
[19:4:5] 区域 2  总下注1500
[19:4:5] 区域 3  总下注1200
[19:4:5] 区域 4  总下注5200
[19:4:5] 区域 5  总下注0
[19:4:5] 玩家16223在区域 0  总下注0
[19:4:5] 玩家16223在区域 1  总下注0
[19:4:5] 玩家16223在区域 2  总下注1500
[19:4:5] 玩家16223在区域 3  总下注1200
[19:4:5] 玩家16223在区域 4  总下注5200
[19:4:5] 玩家16223在区域 5  总下注0
[19:4:5] 玩家16223 总下注7900
[19:4:5] send >>>>>>>>>>>>>>>>>>>>>>>>>>>>>>> 0 message 57 size 112
[19:4:5] send >>>>>>>>>>>>>>>>>>>>>>>>>>>>>>> 1 message 57 size 112
[19:4:5] recv  55 <<<<<<<<<<<<<<<<<<<<<<<<<<<<<<< 0
[19:4:5] userbet 16223  在3 下了 1000,累计下注 8900
[19:4:5] broad >>>>>>>>>>>>>>>>>>>>>>>>>>>>>>> message 56 size 6
[19:4:5] 区域 0  总下注0
[19:4:5] 区域 1  总下注0
[19:4:5] 区域 2  总下注1500
[19:4:5] 区域 3  总下注2200
[19:4:5] 区域 4  总下注5200
[19:4:5] 区域 5  总下注0
[19:4:5] 玩家16223在区域 0  总下注0
[19:4:5] 玩家16223在区域 1  总下注0
[19:4:5] 玩家16223在区域 2  总下注1500
[19:4:5] 玩家16223在区域 3  总下注2200
[19:4:5] 玩家16223在区域 4  总下注5200
[19:4:5] 玩家16223在区域 5  总下注0
[19:4:5] 玩家16223 总下注8900
[19:4:5] send >>>>>>>>>>>>>>>>>>>>>>>>>>>>>>> 0 message 57 size 112
[19:4:5] send >>>>>>>>>>>>>>>>>>>>>>>>>>>>>>> 1 message 57 size 112
[19:4:5] recv  55 <<<<<<<<<<<<<<<<<<<<<<<<<<<<<<< 0
[19:4:5] userbet 16223  在3 下了 1000,累计下注 9900
[19:4:5] broad >>>>>>>>>>>>>>>>>>>>>>>>>>>>>>> message 56 size 6
[19:4:5] 区域 0  总下注0
[19:4:5] 区域 1  总下注0
[19:4:5] 区域 2  总下注1500
[19:4:5] 区域 3  总下注3200
[19:4:5] 区域 4  总下注5200
[19:4:5] 区域 5  总下注0
[19:4:5] 玩家16223在区域 0  总下注0
[19:4:5] 玩家16223在区域 1  总下注0
[19:4:5] 玩家16223在区域 2  总下注1500
[19:4:5] 玩家16223在区域 3  总下注3200
[19:4:5] 玩家16223在区域 4  总下注5200
[19:4:5] 玩家16223在区域 5  总下注0
[19:4:5] 玩家16223 总下注9900
[19:4:5] send >>>>>>>>>>>>>>>>>>>>>>>>>>>>>>> 0 message 57 size 112
[19:4:5] send >>>>>>>>>>>>>>>>>>>>>>>>>>>>>>> 1 message 57 size 112
[19:4:6] recv  55 <<<<<<<<<<<<<<<<<<<<<<<<<<<<<<< 0
[19:4:6] userbet 16223  在5 下了 1000,累计下注 10900
[19:4:6] broad >>>>>>>>>>>>>>>>>>>>>>>>>>>>>>> message 56 size 6
[19:4:6] 区域 0  总下注0
[19:4:6] 区域 1  总下注0
[19:4:6] 区域 2  总下注1500
[19:4:6] 区域 3  总下注3200
[19:4:6] 区域 4  总下注5200
[19:4:6] 区域 5  总下注1000
[19:4:6] 玩家16223在区域 0  总下注0
[19:4:6] 玩家16223在区域 1  总下注0
[19:4:6] 玩家16223在区域 2  总下注1500
[19:4:6] 玩家16223在区域 3  总下注3200
[19:4:6] 玩家16223在区域 4  总下注5200
[19:4:6] 玩家16223在区域 5  总下注1000
[19:4:6] 玩家16223 总下注10900
[19:4:6] send >>>>>>>>>>>>>>>>>>>>>>>>>>>>>>> 0 message 57 size 112
[19:4:6] send >>>>>>>>>>>>>>>>>>>>>>>>>>>>>>> 1 message 57 size 112
[19:4:6] recv  55 <<<<<<<<<<<<<<<<<<<<<<<<<<<<<<< 0
[19:4:6] userbet 16223  在0 下了 1000,累计下注 11900
[19:4:6] broad >>>>>>>>>>>>>>>>>>>>>>>>>>>>>>> message 56 size 6
[19:4:6] 区域 0  总下注1000
[19:4:6] 区域 1  总下注0
[19:4:6] 区域 2  总下注1500
[19:4:6] 区域 3  总下注3200
[19:4:6] 区域 4  总下注5200
[19:4:6] 区域 5  总下注1000
[19:4:6] 玩家16223在区域 0  总下注1000
[19:4:6] 玩家16223在区域 1  总下注0
[19:4:6] 玩家16223在区域 2  总下注1500
[19:4:6] 玩家16223在区域 3  总下注3200
[19:4:6] 玩家16223在区域 4  总下注5200
[19:4:6] 玩家16223在区域 5  总下注1000
[19:4:6] 玩家16223 总下注11900
[19:4:6] send >>>>>>>>>>>>>>>>>>>>>>>>>>>>>>> 0 message 57 size 112
[19:4:6] send >>>>>>>>>>>>>>>>>>>>>>>>>>>>>>> 1 message 57 size 112
[19:4:6] recv  55 <<<<<<<<<<<<<<<<<<<<<<<<<<<<<<< 0
[19:4:6] userbet 16223  在5 下了 1000,累计下注 12900
[19:4:6] broad >>>>>>>>>>>>>>>>>>>>>>>>>>>>>>> message 56 size 6
[19:4:6] 区域 0  总下注1000
[19:4:6] 区域 1  总下注0
[19:4:6] 区域 2  总下注1500
[19:4:6] 区域 3  总下注3200
[19:4:6] 区域 4  总下注5200
[19:4:6] 区域 5  总下注2000
[19:4:6] 玩家16223在区域 0  总下注1000
[19:4:6] 玩家16223在区域 1  总下注0
[19:4:6] 玩家16223在区域 2  总下注1500
[19:4:6] 玩家16223在区域 3  总下注3200
[19:4:6] 玩家16223在区域 4  总下注5200
[19:4:6] 玩家16223在区域 5  总下注2000
[19:4:6] 玩家16223 总下注12900
[19:4:6] send >>>>>>>>>>>>>>>>>>>>>>>>>>>>>>> 0 message 57 size 112
[19:4:6] send >>>>>>>>>>>>>>>>>>>>>>>>>>>>>>> 1 message 57 size 112
[19:4:6] recv  55 <<<<<<<<<<<<<<<<<<<<<<<<<<<<<<< 0
[19:4:6] userbet 16223  在1 下了 1000,累计下注 13900
[19:4:6] broad >>>>>>>>>>>>>>>>>>>>>>>>>>>>>>> message 56 size 6
[19:4:6] 区域 0  总下注1000
[19:4:6] 区域 1  总下注1000
[19:4:6] 区域 2  总下注1500
[19:4:6] 区域 3  总下注3200
[19:4:6] 区域 4  总下注5200
[19:4:6] 区域 5  总下注2000
[19:4:6] 玩家16223在区域 0  总下注1000
[19:4:6] 玩家16223在区域 1  总下注1000
[19:4:6] 玩家16223在区域 2  总下注1500
[19:4:6] 玩家16223在区域 3  总下注3200
[19:4:6] 玩家16223在区域 4  总下注5200
[19:4:6] 玩家16223在区域 5  总下注2000
[19:4:6] 玩家16223 总下注13900
[19:4:6] send >>>>>>>>>>>>>>>>>>>>>>>>>>>>>>> 0 message 57 size 112
[19:4:6] send >>>>>>>>>>>>>>>>>>>>>>>>>>>>>>> 1 message 57 size 112
[19:4:6] recv  55 <<<<<<<<<<<<<<<<<<<<<<<<<<<<<<< 0
[19:4:6] userbet 16223  在1 下了 1000,累计下注 14900
[19:4:6] broad >>>>>>>>>>>>>>>>>>>>>>>>>>>>>>> message 56 size 6
[19:4:6] 区域 0  总下注1000
[19:4:6] 区域 1  总下注2000
[19:4:6] 区域 2  总下注1500
[19:4:6] 区域 3  总下注3200
[19:4:6] 区域 4  总下注5200
[19:4:6] 区域 5  总下注2000
[19:4:6] 玩家16223在区域 0  总下注1000
[19:4:6] 玩家16223在区域 1  总下注2000
[19:4:6] 玩家16223在区域 2  总下注1500
[19:4:6] 玩家16223在区域 3  总下注3200
[19:4:6] 玩家16223在区域 4  总下注5200
[19:4:6] 玩家16223在区域 5  总下注2000
[19:4:6] 玩家16223 总下注14900
[19:4:6] send >>>>>>>>>>>>>>>>>>>>>>>>>>>>>>> 0 message 57 size 112
[19:4:6] send >>>>>>>>>>>>>>>>>>>>>>>>>>>>>>> 1 message 57 size 112
[19:4:6] recv  55 <<<<<<<<<<<<<<<<<<<<<<<<<<<<<<< 0
[19:4:6] userbet 16223  在1 下了 1000,累计下注 15900
[19:4:6] broad >>>>>>>>>>>>>>>>>>>>>>>>>>>>>>> message 56 size 6
[19:4:6] 区域 0  总下注1000
[19:4:6] 区域 1  总下注3000
[19:4:6] 区域 2  总下注1500
[19:4:6] 区域 3  总下注3200
[19:4:6] 区域 4  总下注5200
[19:4:6] 区域 5  总下注2000
[19:4:6] 玩家16223在区域 0  总下注1000
[19:4:6] 玩家16223在区域 1  总下注3000
[19:4:6] 玩家16223在区域 2  总下注1500
[19:4:6] 玩家16223在区域 3  总下注3200
[19:4:6] 玩家16223在区域 4  总下注5200
[19:4:6] 玩家16223在区域 5  总下注2000
[19:4:6] 玩家16223 总下注15900
[19:4:6] send >>>>>>>>>>>>>>>>>>>>>>>>>>>>>>> 0 message 57 size 112
[19:4:6] send >>>>>>>>>>>>>>>>>>>>>>>>>>>>>>> 1 message 57 size 112
[19:4:6] recv  55 <<<<<<<<<<<<<<<<<<<<<<<<<<<<<<< 0
[19:4:6] userbet 16223  在1 下了 1000,累计下注 16900
[19:4:6] broad >>>>>>>>>>>>>>>>>>>>>>>>>>>>>>> message 56 size 6
[19:4:6] 区域 0  总下注1000
[19:4:6] 区域 1  总下注4000
[19:4:6] 区域 2  总下注1500
[19:4:6] 区域 3  总下注3200
[19:4:6] 区域 4  总下注5200
[19:4:6] 区域 5  总下注2000
[19:4:6] 玩家16223在区域 0  总下注1000
[19:4:6] 玩家16223在区域 1  总下注4000
[19:4:6] 玩家16223在区域 2  总下注1500
[19:4:6] 玩家16223在区域 3  总下注3200
[19:4:6] 玩家16223在区域 4  总下注5200
[19:4:6] 玩家16223在区域 5  总下注2000
[19:4:6] 玩家16223 总下注16900
[19:4:6] send >>>>>>>>>>>>>>>>>>>>>>>>>>>>>>> 0 message 57 size 112
[19:4:6] send >>>>>>>>>>>>>>>>>>>>>>>>>>>>>>> 1 message 57 size 112
[19:4:7] recv  55 <<<<<<<<<<<<<<<<<<<<<<<<<<<<<<< 0
[19:4:7] userbet 16223  在1 下了 1000,累计下注 17900
[19:4:7] broad >>>>>>>>>>>>>>>>>>>>>>>>>>>>>>> message 56 size 6
[19:4:7] 区域 0  总下注1000
[19:4:7] 区域 1  总下注5000
[19:4:7] 区域 2  总下注1500
[19:4:7] 区域 3  总下注3200
[19:4:7] 区域 4  总下注5200
[19:4:7] 区域 5  总下注2000
[19:4:7] 玩家16223在区域 0  总下注1000
[19:4:7] 玩家16223在区域 1  总下注5000
[19:4:7] 玩家16223在区域 2  总下注1500
[19:4:7] 玩家16223在区域 3  总下注3200
[19:4:7] 玩家16223在区域 4  总下注5200
[19:4:7] 玩家16223在区域 5  总下注2000
[19:4:7] 玩家16223 总下注17900
[19:4:7] send >>>>>>>>>>>>>>>>>>>>>>>>>>>>>>> 0 message 57 size 112
[19:4:7] send >>>>>>>>>>>>>>>>>>>>>>>>>>>>>>> 1 message 57 size 112
[19:4:7] recv  55 <<<<<<<<<<<<<<<<<<<<<<<<<<<<<<< 0
[19:4:7] userbet 16223  在5 下了 1000,累计下注 18900
[19:4:7] broad >>>>>>>>>>>>>>>>>>>>>>>>>>>>>>> message 56 size 6
[19:4:7] 区域 0  总下注1000
[19:4:7] 区域 1  总下注5000
[19:4:7] 区域 2  总下注1500
[19:4:7] 区域 3  总下注3200
[19:4:7] 区域 4  总下注5200
[19:4:7] 区域 5  总下注3000
[19:4:7] 玩家16223在区域 0  总下注1000
[19:4:7] 玩家16223在区域 1  总下注5000
[19:4:7] 玩家16223在区域 2  总下注1500
[19:4:7] 玩家16223在区域 3  总下注3200
[19:4:7] 玩家16223在区域 4  总下注5200
[19:4:7] 玩家16223在区域 5  总下注3000
[19:4:7] 玩家16223 总下注18900
[19:4:7] send >>>>>>>>>>>>>>>>>>>>>>>>>>>>>>> 0 message 57 size 112
[19:4:7] send >>>>>>>>>>>>>>>>>>>>>>>>>>>>>>> 1 message 57 size 112
[19:4:7] recv  55 <<<<<<<<<<<<<<<<<<<<<<<<<<<<<<< 0
[19:4:7] userbet 16223  在0 下了 1000,累计下注 19900
[19:4:7] broad >>>>>>>>>>>>>>>>>>>>>>>>>>>>>>> message 56 size 6
[19:4:7] 区域 0  总下注2000
[19:4:7] 区域 1  总下注5000
[19:4:7] 区域 2  总下注1500
[19:4:7] 区域 3  总下注3200
[19:4:7] 区域 4  总下注5200
[19:4:7] 区域 5  总下注3000
[19:4:7] 玩家16223在区域 0  总下注2000
[19:4:7] 玩家16223在区域 1  总下注5000
[19:4:7] 玩家16223在区域 2  总下注1500
[19:4:7] 玩家16223在区域 3  总下注3200
[19:4:7] 玩家16223在区域 4  总下注5200
[19:4:7] 玩家16223在区域 5  总下注3000
[19:4:7] 玩家16223 总下注19900
[19:4:7] send >>>>>>>>>>>>>>>>>>>>>>>>>>>>>>> 0 message 57 size 112
[19:4:7] send >>>>>>>>>>>>>>>>>>>>>>>>>>>>>>> 1 message 57 size 112
[19:4:7] recv  55 <<<<<<<<<<<<<<<<<<<<<<<<<<<<<<< 0
[19:4:7] userbet 16223  在2 下了 1000,累计下注 20900
[19:4:7] broad >>>>>>>>>>>>>>>>>>>>>>>>>>>>>>> message 56 size 6
[19:4:7] 区域 0  总下注2000
[19:4:7] 区域 1  总下注5000
[19:4:7] 区域 2  总下注2500
[19:4:7] 区域 3  总下注3200
[19:4:7] 区域 4  总下注5200
[19:4:7] 区域 5  总下注3000
[19:4:7] 玩家16223在区域 0  总下注2000
[19:4:7] 玩家16223在区域 1  总下注5000
[19:4:7] 玩家16223在区域 2  总下注2500
[19:4:7] 玩家16223在区域 3  总下注3200
[19:4:7] 玩家16223在区域 4  总下注5200
[19:4:7] 玩家16223在区域 5  总下注3000
[19:4:7] 玩家16223 总下注20900
[19:4:7] send >>>>>>>>>>>>>>>>>>>>>>>>>>>>>>> 0 message 57 size 112
[19:4:7] send >>>>>>>>>>>>>>>>>>>>>>>>>>>>>>> 1 message 57 size 112
[19:4:7] recv  55 <<<<<<<<<<<<<<<<<<<<<<<<<<<<<<< 0
[19:4:7] userbet 16223  在2 下了 1000,累计下注 21900
[19:4:7] broad >>>>>>>>>>>>>>>>>>>>>>>>>>>>>>> message 56 size 6
[19:4:7] 区域 0  总下注2000
[19:4:7] 区域 1  总下注5000
[19:4:7] 区域 2  总下注3500
[19:4:7] 区域 3  总下注3200
[19:4:7] 区域 4  总下注5200
[19:4:7] 区域 5  总下注3000
[19:4:7] 玩家16223在区域 0  总下注2000
[19:4:7] 玩家16223在区域 1  总下注5000
[19:4:7] 玩家16223在区域 2  总下注3500
[19:4:7] 玩家16223在区域 3  总下注3200
[19:4:7] 玩家16223在区域 4  总下注5200
[19:4:7] 玩家16223在区域 5  总下注3000
[19:4:7] 玩家16223 总下注21900
[19:4:7] send >>>>>>>>>>>>>>>>>>>>>>>>>>>>>>> 0 message 57 size 112
[19:4:7] send >>>>>>>>>>>>>>>>>>>>>>>>>>>>>>> 1 message 57 size 112
[19:4:7] card 0 2,4,   type 0   point 8
[19:4:7] card 1 8,1,   type 0   point 2
[19:4:7] card 2 5,6,   type 0   point 0
[19:4:7] card 3 7,11,   type 0   point 7
[19:4:7] broad >>>>>>>>>>>>>>>>>>>>>>>>>>>>>>> message 52 size 16
[19:4:7] recv  55 <<<<<<<<<<<<<<<<<<<<<<<<<<<<<<< 0
[19:4:7] userbet 16223  在2 下了 1000,累计下注 22900
[19:4:7] broad >>>>>>>>>>>>>>>>>>>>>>>>>>>>>>> message 56 size 6
[19:4:7] 区域 0  总下注2000
[19:4:7] 区域 1  总下注5000
[19:4:7] 区域 2  总下注4500
[19:4:7] 区域 3  总下注3200
[19:4:7] 区域 4  总下注5200
[19:4:7] 区域 5  总下注3000
[19:4:7] 玩家16223在区域 0  总下注2000
[19:4:7] 玩家16223在区域 1  总下注5000
[19:4:7] 玩家16223在区域 2  总下注4500
[19:4:7] 玩家16223在区域 3  总下注3200
[19:4:7] 玩家16223在区域 4  总下注5200
[19:4:7] 玩家16223在区域 5  总下注3000
[19:4:7] 玩家16223 总下注22900
[19:4:7] send >>>>>>>>>>>>>>>>>>>>>>>>>>>>>>> 0 message 57 size 112
[19:4:7] send >>>>>>>>>>>>>>>>>>>>>>>>>>>>>>> 1 message 57 size 112
[19:4:22] 区域 0 结算 2000
[19:4:22] 区域 1 结算 -5000
[19:4:22] 区域 2 结算 -4500
[19:4:22] 区域 3 结算 0
[19:4:22] 区域 4 结算 -5200
[19:4:22] 区域 5 结算 0
[19:4:22] 玩家0[16223]  结算 -12700
[19:4:22] 玩家1[15947]  结算 12700
[19:4:22] broad >>>>>>>>>>>>>>>>>>>>>>>>>>>>>>> message 58 size 86
[19:4:24] 玩家0[16223]  结算 -12700, 分数 -12700, 总分数 -13400
[19:4:24] 玩家1[15947]  结算 12700, 分数 12700, 总分数 13400
[19:4:24] ******************游戏结束********************************



[19:4:27] broad >>>>>>>>>>>>>>>>>>>>>>>>>>>>>>> message 72 size 4
[19:4:31] 0:16223 ready
[19:4:33] 1:15947 ready
[19:4:33] *****************游戏开始***************
[19:4:33] [0][16223]连庄局数 2,总局数4
[19:4:33] [1][15947]连庄局数 2,总局数4
[19:4:33] 游戏局数 4,总局数 4
[19:4:33] broad >>>>>>>>>>>>>>>>>>>>>>>>>>>>>>> message 71 size 8
[19:4:33] broad >>>>>>>>>>>>>>>>>>>>>>>>>>>>>>> message 51 size 0
[19:4:35] recv  55 <<<<<<<<<<<<<<<<<<<<<<<<<<<<<<< 0
[19:4:35] userbet 16223  在2 下了 1000,累计下注 1000
[19:4:35] broad >>>>>>>>>>>>>>>>>>>>>>>>>>>>>>> message 56 size 6
[19:4:35] 区域 0  总下注0
[19:4:35] 区域 1  总下注0
[19:4:35] 区域 2  总下注1000
[19:4:35] 区域 3  总下注0
[19:4:35] 区域 4  总下注0
[19:4:35] 区域 5  总下注0
[19:4:35] 玩家16223在区域 0  总下注0
[19:4:35] 玩家16223在区域 1  总下注0
[19:4:35] 玩家16223在区域 2  总下注1000
[19:4:35] 玩家16223在区域 3  总下注0
[19:4:35] 玩家16223在区域 4  总下注0
[19:4:35] 玩家16223在区域 5  总下注0
[19:4:35] 玩家16223 总下注1000
[19:4:35] send >>>>>>>>>>>>>>>>>>>>>>>>>>>>>>> 0 message 57 size 112
[19:4:35] send >>>>>>>>>>>>>>>>>>>>>>>>>>>>>>> 1 message 57 size 112
[19:4:35] recv  55 <<<<<<<<<<<<<<<<<<<<<<<<<<<<<<< 0
[19:4:35] userbet 16223  在2 下了 1000,累计下注 2000
[19:4:35] broad >>>>>>>>>>>>>>>>>>>>>>>>>>>>>>> message 56 size 6
[19:4:35] 区域 0  总下注0
[19:4:35] 区域 1  总下注0
[19:4:35] 区域 2  总下注2000
[19:4:35] 区域 3  总下注0
[19:4:35] 区域 4  总下注0
[19:4:35] 区域 5  总下注0
[19:4:35] 玩家16223在区域 0  总下注0
[19:4:35] 玩家16223在区域 1  总下注0
[19:4:35] 玩家16223在区域 2  总下注2000
[19:4:35] 玩家16223在区域 3  总下注0
[19:4:35] 玩家16223在区域 4  总下注0
[19:4:35] 玩家16223在区域 5  总下注0
[19:4:35] 玩家16223 总下注2000
[19:4:35] send >>>>>>>>>>>>>>>>>>>>>>>>>>>>>>> 0 message 57 size 112
[19:4:35] send >>>>>>>>>>>>>>>>>>>>>>>>>>>>>>> 1 message 57 size 112
[19:4:35] recv  55 <<<<<<<<<<<<<<<<<<<<<<<<<<<<<<< 0
[19:4:35] userbet 16223  在4 下了 1000,累计下注 3000
[19:4:35] broad >>>>>>>>>>>>>>>>>>>>>>>>>>>>>>> message 56 size 6
[19:4:35] 区域 0  总下注0
[19:4:35] 区域 1  总下注0
[19:4:35] 区域 2  总下注2000
[19:4:35] 区域 3  总下注0
[19:4:35] 区域 4  总下注1000
[19:4:35] 区域 5  总下注0
[19:4:35] 玩家16223在区域 0  总下注0
[19:4:35] 玩家16223在区域 1  总下注0
[19:4:35] 玩家16223在区域 2  总下注2000
[19:4:35] 玩家16223在区域 3  总下注0
[19:4:35] 玩家16223在区域 4  总下注1000
[19:4:35] 玩家16223在区域 5  总下注0
[19:4:35] 玩家16223 总下注3000
[19:4:35] send >>>>>>>>>>>>>>>>>>>>>>>>>>>>>>> 0 message 57 size 112
[19:4:35] send >>>>>>>>>>>>>>>>>>>>>>>>>>>>>>> 1 message 57 size 112
[19:4:36] recv  55 <<<<<<<<<<<<<<<<<<<<<<<<<<<<<<< 0
[19:4:36] userbet 16223  在4 下了 1000,累计下注 4000
[19:4:36] broad >>>>>>>>>>>>>>>>>>>>>>>>>>>>>>> message 56 size 6
[19:4:36] 区域 0  总下注0
[19:4:36] 区域 1  总下注0
[19:4:36] 区域 2  总下注2000
[19:4:36] 区域 3  总下注0
[19:4:36] 区域 4  总下注2000
[19:4:36] 区域 5  总下注0
[19:4:36] 玩家16223在区域 0  总下注0
[19:4:36] 玩家16223在区域 1  总下注0
[19:4:36] 玩家16223在区域 2  总下注2000
[19:4:36] 玩家16223在区域 3  总下注0
[19:4:36] 玩家16223在区域 4  总下注2000
[19:4:36] 玩家16223在区域 5  总下注0
[19:4:36] 玩家16223 总下注4000
[19:4:36] send >>>>>>>>>>>>>>>>>>>>>>>>>>>>>>> 0 message 57 size 112
[19:4:36] send >>>>>>>>>>>>>>>>>>>>>>>>>>>>>>> 1 message 57 size 112
[19:4:36] recv  55 <<<<<<<<<<<<<<<<<<<<<<<<<<<<<<< 0
[19:4:36] userbet 16223  在4 下了 1000,累计下注 5000
[19:4:36] broad >>>>>>>>>>>>>>>>>>>>>>>>>>>>>>> message 56 size 6
[19:4:36] 区域 0  总下注0
[19:4:36] 区域 1  总下注0
[19:4:36] 区域 2  总下注2000
[19:4:36] 区域 3  总下注0
[19:4:36] 区域 4  总下注3000
[19:4:36] 区域 5  总下注0
[19:4:36] 玩家16223在区域 0  总下注0
[19:4:36] 玩家16223在区域 1  总下注0
[19:4:36] 玩家16223在区域 2  总下注2000
[19:4:36] 玩家16223在区域 3  总下注0
[19:4:36] 玩家16223在区域 4  总下注3000
[19:4:36] 玩家16223在区域 5  总下注0
[19:4:36] 玩家16223 总下注5000
[19:4:36] send >>>>>>>>>>>>>>>>>>>>>>>>>>>>>>> 0 message 57 size 112
[19:4:36] send >>>>>>>>>>>>>>>>>>>>>>>>>>>>>>> 1 message 57 size 112
[19:4:36] recv  55 <<<<<<<<<<<<<<<<<<<<<<<<<<<<<<< 0
[19:4:36] userbet 16223  在1 下了 1000,累计下注 6000
[19:4:36] broad >>>>>>>>>>>>>>>>>>>>>>>>>>>>>>> message 56 size 6
[19:4:36] 区域 0  总下注0
[19:4:36] 区域 1  总下注1000
[19:4:36] 区域 2  总下注2000
[19:4:36] 区域 3  总下注0
[19:4:36] 区域 4  总下注3000
[19:4:36] 区域 5  总下注0
[19:4:36] 玩家16223在区域 0  总下注0
[19:4:36] 玩家16223在区域 1  总下注1000
[19:4:36] 玩家16223在区域 2  总下注2000
[19:4:36] 玩家16223在区域 3  总下注0
[19:4:36] 玩家16223在区域 4  总下注3000
[19:4:36] 玩家16223在区域 5  总下注0
[19:4:36] 玩家16223 总下注6000
[19:4:36] send >>>>>>>>>>>>>>>>>>>>>>>>>>>>>>> 0 message 57 size 112
[19:4:36] send >>>>>>>>>>>>>>>>>>>>>>>>>>>>>>> 1 message 57 size 112
[19:4:36] recv  55 <<<<<<<<<<<<<<<<<<<<<<<<<<<<<<< 0
[19:4:36] userbet 16223  在1 下了 1000,累计下注 7000
[19:4:36] broad >>>>>>>>>>>>>>>>>>>>>>>>>>>>>>> message 56 size 6
[19:4:36] 区域 0  总下注0
[19:4:36] 区域 1  总下注2000
[19:4:36] 区域 2  总下注2000
[19:4:36] 区域 3  总下注0
[19:4:36] 区域 4  总下注3000
[19:4:36] 区域 5  总下注0
[19:4:36] 玩家16223在区域 0  总下注0
[19:4:36] 玩家16223在区域 1  总下注2000
[19:4:36] 玩家16223在区域 2  总下注2000
[19:4:36] 玩家16223在区域 3  总下注0
[19:4:36] 玩家16223在区域 4  总下注3000
[19:4:36] 玩家16223在区域 5  总下注0
[19:4:36] 玩家16223 总下注7000
[19:4:36] send >>>>>>>>>>>>>>>>>>>>>>>>>>>>>>> 0 message 57 size 112
[19:4:36] send >>>>>>>>>>>>>>>>>>>>>>>>>>>>>>> 1 message 57 size 112
[19:4:36] recv  55 <<<<<<<<<<<<<<<<<<<<<<<<<<<<<<< 0
[19:4:36] userbet 16223  在5 下了 1000,累计下注 8000
[19:4:36] broad >>>>>>>>>>>>>>>>>>>>>>>>>>>>>>> message 56 size 6
[19:4:36] 区域 0  总下注0
[19:4:36] 区域 1  总下注2000
[19:4:36] 区域 2  总下注2000
[19:4:36] 区域 3  总下注0
[19:4:36] 区域 4  总下注3000
[19:4:36] 区域 5  总下注1000
[19:4:36] 玩家16223在区域 0  总下注0
[19:4:36] 玩家16223在区域 1  总下注2000
[19:4:36] 玩家16223在区域 2  总下注2000
[19:4:36] 玩家16223在区域 3  总下注0
[19:4:36] 玩家16223在区域 4  总下注3000
[19:4:36] 玩家16223在区域 5  总下注1000
[19:4:36] 玩家16223 总下注8000
[19:4:36] send >>>>>>>>>>>>>>>>>>>>>>>>>>>>>>> 0 message 57 size 112
[19:4:36] send >>>>>>>>>>>>>>>>>>>>>>>>>>>>>>> 1 message 57 size 112
[19:4:36] recv  55 <<<<<<<<<<<<<<<<<<<<<<<<<<<<<<< 0
[19:4:36] userbet 16223  在1 下了 1000,累计下注 9000
[19:4:36] broad >>>>>>>>>>>>>>>>>>>>>>>>>>>>>>> message 56 size 6
[19:4:36] 区域 0  总下注0
[19:4:36] 区域 1  总下注3000
[19:4:36] 区域 2  总下注2000
[19:4:36] 区域 3  总下注0
[19:4:36] 区域 4  总下注3000
[19:4:36] 区域 5  总下注1000
[19:4:36] 玩家16223在区域 0  总下注0
[19:4:36] 玩家16223在区域 1  总下注3000
[19:4:36] 玩家16223在区域 2  总下注2000
[19:4:36] 玩家16223在区域 3  总下注0
[19:4:36] 玩家16223在区域 4  总下注3000
[19:4:36] 玩家16223在区域 5  总下注1000
[19:4:36] 玩家16223 总下注9000
[19:4:36] send >>>>>>>>>>>>>>>>>>>>>>>>>>>>>>> 0 message 57 size 112
[19:4:36] send >>>>>>>>>>>>>>>>>>>>>>>>>>>>>>> 1 message 57 size 112
[19:4:36] recv  55 <<<<<<<<<<<<<<<<<<<<<<<<<<<<<<< 0
[19:4:36] userbet 16223  在1 下了 1000,累计下注 10000
[19:4:36] broad >>>>>>>>>>>>>>>>>>>>>>>>>>>>>>> message 56 size 6
[19:4:36] 区域 0  总下注0
[19:4:36] 区域 1  总下注4000
[19:4:36] 区域 2  总下注2000
[19:4:36] 区域 3  总下注0
[19:4:36] 区域 4  总下注3000
[19:4:36] 区域 5  总下注1000
[19:4:36] 玩家16223在区域 0  总下注0
[19:4:36] 玩家16223在区域 1  总下注4000
[19:4:36] 玩家16223在区域 2  总下注2000
[19:4:36] 玩家16223在区域 3  总下注0
[19:4:36] 玩家16223在区域 4  总下注3000
[19:4:36] 玩家16223在区域 5  总下注1000
[19:4:36] 玩家16223 总下注10000
[19:4:36] send >>>>>>>>>>>>>>>>>>>>>>>>>>>>>>> 0 message 57 size 112
[19:4:36] send >>>>>>>>>>>>>>>>>>>>>>>>>>>>>>> 1 message 57 size 112
[19:4:37] recv  55 <<<<<<<<<<<<<<<<<<<<<<<<<<<<<<< 0
[19:4:37] userbet 16223  在1 下了 1000,累计下注 11000
[19:4:37] broad >>>>>>>>>>>>>>>>>>>>>>>>>>>>>>> message 56 size 6
[19:4:37] 区域 0  总下注0
[19:4:37] 区域 1  总下注5000
[19:4:37] 区域 2  总下注2000
[19:4:37] 区域 3  总下注0
[19:4:37] 区域 4  总下注3000
[19:4:37] 区域 5  总下注1000
[19:4:37] 玩家16223在区域 0  总下注0
[19:4:37] 玩家16223在区域 1  总下注5000
[19:4:37] 玩家16223在区域 2  总下注2000
[19:4:37] 玩家16223在区域 3  总下注0
[19:4:37] 玩家16223在区域 4  总下注3000
[19:4:37] 玩家16223在区域 5  总下注1000
[19:4:37] 玩家16223 总下注11000
[19:4:37] send >>>>>>>>>>>>>>>>>>>>>>>>>>>>>>> 0 message 57 size 112
[19:4:37] send >>>>>>>>>>>>>>>>>>>>>>>>>>>>>>> 1 message 57 size 112
[19:4:37] recv  55 <<<<<<<<<<<<<<<<<<<<<<<<<<<<<<< 0
[19:4:37] userbet 16223  在3 下了 1000,累计下注 12000
[19:4:37] broad >>>>>>>>>>>>>>>>>>>>>>>>>>>>>>> message 56 size 6
[19:4:37] 区域 0  总下注0
[19:4:37] 区域 1  总下注5000
[19:4:37] 区域 2  总下注2000
[19:4:37] 区域 3  总下注1000
[19:4:37] 区域 4  总下注3000
[19:4:37] 区域 5  总下注1000
[19:4:37] 玩家16223在区域 0  总下注0
[19:4:37] 玩家16223在区域 1  总下注5000
[19:4:37] 玩家16223在区域 2  总下注2000
[19:4:37] 玩家16223在区域 3  总下注1000
[19:4:37] 玩家16223在区域 4  总下注3000
[19:4:37] 玩家16223在区域 5  总下注1000
[19:4:37] 玩家16223 总下注12000
[19:4:37] send >>>>>>>>>>>>>>>>>>>>>>>>>>>>>>> 0 message 57 size 112
[19:4:37] send >>>>>>>>>>>>>>>>>>>>>>>>>>>>>>> 1 message 57 size 112
[19:4:37] recv  55 <<<<<<<<<<<<<<<<<<<<<<<<<<<<<<< 0
[19:4:37] userbet 16223  在1 下了 1000,累计下注 13000
[19:4:37] broad >>>>>>>>>>>>>>>>>>>>>>>>>>>>>>> message 56 size 6
[19:4:37] 区域 0  总下注0
[19:4:37] 区域 1  总下注6000
[19:4:37] 区域 2  总下注2000
[19:4:37] 区域 3  总下注1000
[19:4:37] 区域 4  总下注3000
[19:4:37] 区域 5  总下注1000
[19:4:37] 玩家16223在区域 0  总下注0
[19:4:37] 玩家16223在区域 1  总下注6000
[19:4:37] 玩家16223在区域 2  总下注2000
[19:4:37] 玩家16223在区域 3  总下注1000
[19:4:37] 玩家16223在区域 4  总下注3000
[19:4:37] 玩家16223在区域 5  总下注1000
[19:4:37] 玩家16223 总下注13000
[19:4:37] send >>>>>>>>>>>>>>>>>>>>>>>>>>>>>>> 0 message 57 size 112
[19:4:37] send >>>>>>>>>>>>>>>>>>>>>>>>>>>>>>> 1 message 57 size 112
[19:4:37] recv  55 <<<<<<<<<<<<<<<<<<<<<<<<<<<<<<< 0
[19:4:37] userbet 16223  在3 下了 1000,累计下注 14000
[19:4:37] broad >>>>>>>>>>>>>>>>>>>>>>>>>>>>>>> message 56 size 6
[19:4:37] 区域 0  总下注0
[19:4:37] 区域 1  总下注6000
[19:4:37] 区域 2  总下注2000
[19:4:37] 区域 3  总下注2000
[19:4:37] 区域 4  总下注3000
[19:4:37] 区域 5  总下注1000
[19:4:37] 玩家16223在区域 0  总下注0
[19:4:37] 玩家16223在区域 1  总下注6000
[19:4:37] 玩家16223在区域 2  总下注2000
[19:4:37] 玩家16223在区域 3  总下注2000
[19:4:37] 玩家16223在区域 4  总下注3000
[19:4:37] 玩家16223在区域 5  总下注1000
[19:4:37] 玩家16223 总下注14000
[19:4:37] send >>>>>>>>>>>>>>>>>>>>>>>>>>>>>>> 0 message 57 size 112
[19:4:37] send >>>>>>>>>>>>>>>>>>>>>>>>>>>>>>> 1 message 57 size 112
[19:4:37] recv  55 <<<<<<<<<<<<<<<<<<<<<<<<<<<<<<< 0
[19:4:37] userbet 16223  在1 下了 1000,累计下注 15000
[19:4:37] broad >>>>>>>>>>>>>>>>>>>>>>>>>>>>>>> message 56 size 6
[19:4:37] 区域 0  总下注0
[19:4:37] 区域 1  总下注7000
[19:4:37] 区域 2  总下注2000
[19:4:37] 区域 3  总下注2000
[19:4:37] 区域 4  总下注3000
[19:4:37] 区域 5  总下注1000
[19:4:37] 玩家16223在区域 0  总下注0
[19:4:37] 玩家16223在区域 1  总下注7000
[19:4:37] 玩家16223在区域 2  总下注2000
[19:4:37] 玩家16223在区域 3  总下注2000
[19:4:37] 玩家16223在区域 4  总下注3000
[19:4:37] 玩家16223在区域 5  总下注1000
[19:4:37] 玩家16223 总下注15000
[19:4:37] send >>>>>>>>>>>>>>>>>>>>>>>>>>>>>>> 0 message 57 size 112
[19:4:37] send >>>>>>>>>>>>>>>>>>>>>>>>>>>>>>> 1 message 57 size 112
[19:4:37] recv  55 <<<<<<<<<<<<<<<<<<<<<<<<<<<<<<< 0
[19:4:37] userbet 16223  在3 下了 1000,累计下注 16000
[19:4:37] broad >>>>>>>>>>>>>>>>>>>>>>>>>>>>>>> message 56 size 6
[19:4:37] 区域 0  总下注0
[19:4:37] 区域 1  总下注7000
[19:4:37] 区域 2  总下注2000
[19:4:37] 区域 3  总下注3000
[19:4:37] 区域 4  总下注3000
[19:4:37] 区域 5  总下注1000
[19:4:37] 玩家16223在区域 0  总下注0
[19:4:37] 玩家16223在区域 1  总下注7000
[19:4:37] 玩家16223在区域 2  总下注2000
[19:4:37] 玩家16223在区域 3  总下注3000
[19:4:37] 玩家16223在区域 4  总下注3000
[19:4:37] 玩家16223在区域 5  总下注1000
[19:4:37] 玩家16223 总下注16000
[19:4:37] send >>>>>>>>>>>>>>>>>>>>>>>>>>>>>>> 0 message 57 size 112
[19:4:37] send >>>>>>>>>>>>>>>>>>>>>>>>>>>>>>> 1 message 57 size 112
[19:4:37] recv  55 <<<<<<<<<<<<<<<<<<<<<<<<<<<<<<< 0
[19:4:37] userbet 16223  在5 下了 1000,累计下注 17000
[19:4:37] broad >>>>>>>>>>>>>>>>>>>>>>>>>>>>>>> message 56 size 6
[19:4:37] 区域 0  总下注0
[19:4:37] 区域 1  总下注7000
[19:4:37] 区域 2  总下注2000
[19:4:37] 区域 3  总下注3000
[19:4:37] 区域 4  总下注3000
[19:4:37] 区域 5  总下注2000
[19:4:37] 玩家16223在区域 0  总下注0
[19:4:37] 玩家16223在区域 1  总下注7000
[19:4:37] 玩家16223在区域 2  总下注2000
[19:4:37] 玩家16223在区域 3  总下注3000
[19:4:37] 玩家16223在区域 4  总下注3000
[19:4:37] 玩家16223在区域 5  总下注2000
[19:4:37] 玩家16223 总下注17000
[19:4:37] send >>>>>>>>>>>>>>>>>>>>>>>>>>>>>>> 0 message 57 size 112
[19:4:37] send >>>>>>>>>>>>>>>>>>>>>>>>>>>>>>> 1 message 57 size 112
[19:4:37] recv  55 <<<<<<<<<<<<<<<<<<<<<<<<<<<<<<< 0
[19:4:37] userbet 16223  在5 下了 1000,累计下注 18000
[19:4:37] broad >>>>>>>>>>>>>>>>>>>>>>>>>>>>>>> message 56 size 6
[19:4:37] 区域 0  总下注0
[19:4:37] 区域 1  总下注7000
[19:4:37] 区域 2  总下注2000
[19:4:37] 区域 3  总下注3000
[19:4:37] 区域 4  总下注3000
[19:4:37] 区域 5  总下注3000
[19:4:37] 玩家16223在区域 0  总下注0
[19:4:37] 玩家16223在区域 1  总下注7000
[19:4:37] 玩家16223在区域 2  总下注2000
[19:4:37] 玩家16223在区域 3  总下注3000
[19:4:37] 玩家16223在区域 4  总下注3000
[19:4:37] 玩家16223在区域 5  总下注3000
[19:4:37] 玩家16223 总下注18000
[19:4:37] send >>>>>>>>>>>>>>>>>>>>>>>>>>>>>>> 0 message 57 size 112
[19:4:37] send >>>>>>>>>>>>>>>>>>>>>>>>>>>>>>> 1 message 57 size 112
[19:4:37] recv  55 <<<<<<<<<<<<<<<<<<<<<<<<<<<<<<< 0
[19:4:37] userbet 16223  在0 下了 1000,累计下注 19000
[19:4:37] broad >>>>>>>>>>>>>>>>>>>>>>>>>>>>>>> message 56 size 6
[19:4:37] 区域 0  总下注1000
[19:4:37] 区域 1  总下注7000
[19:4:37] 区域 2  总下注2000
[19:4:37] 区域 3  总下注3000
[19:4:37] 区域 4  总下注3000
[19:4:37] 区域 5  总下注3000
[19:4:37] 玩家16223在区域 0  总下注1000
[19:4:37] 玩家16223在区域 1  总下注7000
[19:4:37] 玩家16223在区域 2  总下注2000
[19:4:37] 玩家16223在区域 3  总下注3000
[19:4:37] 玩家16223在区域 4  总下注3000
[19:4:37] 玩家16223在区域 5  总下注3000
[19:4:37] 玩家16223 总下注19000
[19:4:37] send >>>>>>>>>>>>>>>>>>>>>>>>>>>>>>> 0 message 57 size 112
[19:4:37] send >>>>>>>>>>>>>>>>>>>>>>>>>>>>>>> 1 message 57 size 112
[19:4:38] recv  55 <<<<<<<<<<<<<<<<<<<<<<<<<<<<<<< 0
[19:4:38] userbet 16223  在0 下了 1000,累计下注 20000
[19:4:38] broad >>>>>>>>>>>>>>>>>>>>>>>>>>>>>>> message 56 size 6
[19:4:38] 区域 0  总下注2000
[19:4:38] 区域 1  总下注7000
[19:4:38] 区域 2  总下注2000
[19:4:38] 区域 3  总下注3000
[19:4:38] 区域 4  总下注3000
[19:4:38] 区域 5  总下注3000
[19:4:38] 玩家16223在区域 0  总下注2000
[19:4:38] 玩家16223在区域 1  总下注7000
[19:4:38] 玩家16223在区域 2  总下注2000
[19:4:38] 玩家16223在区域 3  总下注3000
[19:4:38] 玩家16223在区域 4  总下注3000
[19:4:38] 玩家16223在区域 5  总下注3000
[19:4:38] 玩家16223 总下注20000
[19:4:38] send >>>>>>>>>>>>>>>>>>>>>>>>>>>>>>> 0 message 57 size 112
[19:4:38] send >>>>>>>>>>>>>>>>>>>>>>>>>>>>>>> 1 message 57 size 112
[19:4:38] recv  55 <<<<<<<<<<<<<<<<<<<<<<<<<<<<<<< 0
[19:4:38] userbet 16223  在4 下了 1000,累计下注 21000
[19:4:38] broad >>>>>>>>>>>>>>>>>>>>>>>>>>>>>>> message 56 size 6
[19:4:38] 区域 0  总下注2000
[19:4:38] 区域 1  总下注7000
[19:4:38] 区域 2  总下注2000
[19:4:38] 区域 3  总下注3000
[19:4:38] 区域 4  总下注4000
[19:4:38] 区域 5  总下注3000
[19:4:38] 玩家16223在区域 0  总下注2000
[19:4:38] 玩家16223在区域 1  总下注7000
[19:4:38] 玩家16223在区域 2  总下注2000
[19:4:38] 玩家16223在区域 3  总下注3000
[19:4:38] 玩家16223在区域 4  总下注4000
[19:4:38] 玩家16223在区域 5  总下注3000
[19:4:38] 玩家16223 总下注21000
[19:4:38] send >>>>>>>>>>>>>>>>>>>>>>>>>>>>>>> 0 message 57 size 112
[19:4:38] send >>>>>>>>>>>>>>>>>>>>>>>>>>>>>>> 1 message 57 size 112
[19:4:38] recv  55 <<<<<<<<<<<<<<<<<<<<<<<<<<<<<<< 0
[19:4:38] userbet 16223  在4 下了 1000,累计下注 22000
[19:4:38] broad >>>>>>>>>>>>>>>>>>>>>>>>>>>>>>> message 56 size 6
[19:4:38] 区域 0  总下注2000
[19:4:38] 区域 1  总下注7000
[19:4:38] 区域 2  总下注2000
[19:4:38] 区域 3  总下注3000
[19:4:38] 区域 4  总下注5000
[19:4:38] 区域 5  总下注3000
[19:4:38] 玩家16223在区域 0  总下注2000
[19:4:38] 玩家16223在区域 1  总下注7000
[19:4:38] 玩家16223在区域 2  总下注2000
[19:4:38] 玩家16223在区域 3  总下注3000
[19:4:38] 玩家16223在区域 4  总下注5000
[19:4:38] 玩家16223在区域 5  总下注3000
[19:4:38] 玩家16223 总下注22000
[19:4:38] send >>>>>>>>>>>>>>>>>>>>>>>>>>>>>>> 0 message 57 size 112
[19:4:38] send >>>>>>>>>>>>>>>>>>>>>>>>>>>>>>> 1 message 57 size 112
[19:4:38] recv  55 <<<<<<<<<<<<<<<<<<<<<<<<<<<<<<< 0
[19:4:38] userbet 16223  在3 下了 1000,累计下注 23000
[19:4:38] broad >>>>>>>>>>>>>>>>>>>>>>>>>>>>>>> message 56 size 6
[19:4:38] 区域 0  总下注2000
[19:4:38] 区域 1  总下注7000
[19:4:38] 区域 2  总下注2000
[19:4:38] 区域 3  总下注4000
[19:4:38] 区域 4  总下注5000
[19:4:38] 区域 5  总下注3000
[19:4:38] 玩家16223在区域 0  总下注2000
[19:4:38] 玩家16223在区域 1  总下注7000
[19:4:38] 玩家16223在区域 2  总下注2000
[19:4:38] 玩家16223在区域 3  总下注4000
[19:4:38] 玩家16223在区域 4  总下注5000
[19:4:38] 玩家16223在区域 5  总下注3000
[19:4:38] 玩家16223 总下注23000
[19:4:38] send >>>>>>>>>>>>>>>>>>>>>>>>>>>>>>> 0 message 57 size 112
[19:4:38] send >>>>>>>>>>>>>>>>>>>>>>>>>>>>>>> 1 message 57 size 112
[19:4:38] recv  55 <<<<<<<<<<<<<<<<<<<<<<<<<<<<<<< 0
[19:4:38] userbet 16223  在4 下了 1000,累计下注 24000
[19:4:38] broad >>>>>>>>>>>>>>>>>>>>>>>>>>>>>>> message 56 size 6
[19:4:38] 区域 0  总下注2000
[19:4:38] 区域 1  总下注7000
[19:4:38] 区域 2  总下注2000
[19:4:38] 区域 3  总下注4000
[19:4:38] 区域 4  总下注6000
[19:4:38] 区域 5  总下注3000
[19:4:38] 玩家16223在区域 0  总下注2000
[19:4:38] 玩家16223在区域 1  总下注7000
[19:4:38] 玩家16223在区域 2  总下注2000
[19:4:38] 玩家16223在区域 3  总下注4000
[19:4:38] 玩家16223在区域 4  总下注6000
[19:4:38] 玩家16223在区域 5  总下注3000
[19:4:38] 玩家16223 总下注24000
[19:4:38] send >>>>>>>>>>>>>>>>>>>>>>>>>>>>>>> 0 message 57 size 112
[19:4:38] send >>>>>>>>>>>>>>>>>>>>>>>>>>>>>>> 1 message 57 size 112
[19:4:38] recv  55 <<<<<<<<<<<<<<<<<<<<<<<<<<<<<<< 0
[19:4:38] userbet 16223  在3 下了 1000,累计下注 25000
[19:4:38] broad >>>>>>>>>>>>>>>>>>>>>>>>>>>>>>> message 56 size 6
[19:4:38] 区域 0  总下注2000
[19:4:38] 区域 1  总下注7000
[19:4:38] 区域 2  总下注2000
[19:4:38] 区域 3  总下注5000
[19:4:38] 区域 4  总下注6000
[19:4:38] 区域 5  总下注3000
[19:4:38] 玩家16223在区域 0  总下注2000
[19:4:38] 玩家16223在区域 1  总下注7000
[19:4:38] 玩家16223在区域 2  总下注2000
[19:4:38] 玩家16223在区域 3  总下注5000
[19:4:38] 玩家16223在区域 4  总下注6000
[19:4:38] 玩家16223在区域 5  总下注3000
[19:4:38] 玩家16223 总下注25000
[19:4:38] send >>>>>>>>>>>>>>>>>>>>>>>>>>>>>>> 0 message 57 size 112
[19:4:38] send >>>>>>>>>>>>>>>>>>>>>>>>>>>>>>> 1 message 57 size 112
[19:4:38] recv  55 <<<<<<<<<<<<<<<<<<<<<<<<<<<<<<< 0
[19:4:38] userbet 16223  在4 下了 1000,累计下注 26000
[19:4:38] broad >>>>>>>>>>>>>>>>>>>>>>>>>>>>>>> message 56 size 6
[19:4:38] 区域 0  总下注2000
[19:4:38] 区域 1  总下注7000
[19:4:38] 区域 2  总下注2000
[19:4:38] 区域 3  总下注5000
[19:4:38] 区域 4  总下注7000
[19:4:38] 区域 5  总下注3000
[19:4:38] 玩家16223在区域 0  总下注2000
[19:4:38] 玩家16223在区域 1  总下注7000
[19:4:38] 玩家16223在区域 2  总下注2000
[19:4:38] 玩家16223在区域 3  总下注5000
[19:4:38] 玩家16223在区域 4  总下注7000
[19:4:38] 玩家16223在区域 5  总下注3000
[19:4:38] 玩家16223 总下注26000
[19:4:38] send >>>>>>>>>>>>>>>>>>>>>>>>>>>>>>> 0 message 57 size 112
[19:4:38] send >>>>>>>>>>>>>>>>>>>>>>>>>>>>>>> 1 message 57 size 112
[19:4:38] recv  55 <<<<<<<<<<<<<<<<<<<<<<<<<<<<<<< 0
[19:4:38] userbet 16223  在4 下了 1000,累计下注 27000
[19:4:38] broad >>>>>>>>>>>>>>>>>>>>>>>>>>>>>>> message 56 size 6
[19:4:38] 区域 0  总下注2000
[19:4:38] 区域 1  总下注7000
[19:4:38] 区域 2  总下注2000
[19:4:38] 区域 3  总下注5000
[19:4:38] 区域 4  总下注8000
[19:4:38] 区域 5  总下注3000
[19:4:38] 玩家16223在区域 0  总下注2000
[19:4:38] 玩家16223在区域 1  总下注7000
[19:4:38] 玩家16223在区域 2  总下注2000
[19:4:38] 玩家16223在区域 3  总下注5000
[19:4:38] 玩家16223在区域 4  总下注8000
[19:4:38] 玩家16223在区域 5  总下注3000
[19:4:38] 玩家16223 总下注27000
[19:4:38] send >>>>>>>>>>>>>>>>>>>>>>>>>>>>>>> 0 message 57 size 112
[19:4:38] send >>>>>>>>>>>>>>>>>>>>>>>>>>>>>>> 1 message 57 size 112
[19:4:39] recv  55 <<<<<<<<<<<<<<<<<<<<<<<<<<<<<<< 0
[19:4:39] userbet 16223  在4 下了 1000,累计下注 28000
[19:4:39] broad >>>>>>>>>>>>>>>>>>>>>>>>>>>>>>> message 56 size 6
[19:4:39] 区域 0  总下注2000
[19:4:39] 区域 1  总下注7000
[19:4:39] 区域 2  总下注2000
[19:4:39] 区域 3  总下注5000
[19:4:39] 区域 4  总下注9000
[19:4:39] 区域 5  总下注3000
[19:4:39] 玩家16223在区域 0  总下注2000
[19:4:39] 玩家16223在区域 1  总下注7000
[19:4:39] 玩家16223在区域 2  总下注2000
[19:4:39] 玩家16223在区域 3  总下注5000
[19:4:39] 玩家16223在区域 4  总下注9000
[19:4:39] 玩家16223在区域 5  总下注3000
[19:4:39] 玩家16223 总下注28000
[19:4:39] send >>>>>>>>>>>>>>>>>>>>>>>>>>>>>>> 0 message 57 size 112
[19:4:39] send >>>>>>>>>>>>>>>>>>>>>>>>>>>>>>> 1 message 57 size 112
[19:4:39] recv  55 <<<<<<<<<<<<<<<<<<<<<<<<<<<<<<< 0
[19:4:39] userbet 16223  在4 下了 1000,累计下注 29000
[19:4:39] broad >>>>>>>>>>>>>>>>>>>>>>>>>>>>>>> message 56 size 6
[19:4:39] 区域 0  总下注2000
[19:4:39] 区域 1  总下注7000
[19:4:39] 区域 2  总下注2000
[19:4:39] 区域 3  总下注5000
[19:4:39] 区域 4  总下注10000
[19:4:39] 区域 5  总下注3000
[19:4:39] 玩家16223在区域 0  总下注2000
[19:4:39] 玩家16223在区域 1  总下注7000
[19:4:39] 玩家16223在区域 2  总下注2000
[19:4:39] 玩家16223在区域 3  总下注5000
[19:4:39] 玩家16223在区域 4  总下注10000
[19:4:39] 玩家16223在区域 5  总下注3000
[19:4:39] 玩家16223 总下注29000
[19:4:39] send >>>>>>>>>>>>>>>>>>>>>>>>>>>>>>> 0 message 57 size 112
[19:4:39] send >>>>>>>>>>>>>>>>>>>>>>>>>>>>>>> 1 message 57 size 112
[19:4:39] recv  55 <<<<<<<<<<<<<<<<<<<<<<<<<<<<<<< 0
[19:4:39] userbet 16223  在1 下了 1000,累计下注 30000
[19:4:39] broad >>>>>>>>>>>>>>>>>>>>>>>>>>>>>>> message 56 size 6
[19:4:39] 区域 0  总下注2000
[19:4:39] 区域 1  总下注8000
[19:4:39] 区域 2  总下注2000
[19:4:39] 区域 3  总下注5000
[19:4:39] 区域 4  总下注10000
[19:4:39] 区域 5  总下注3000
[19:4:39] 玩家16223在区域 0  总下注2000
[19:4:39] 玩家16223在区域 1  总下注8000
[19:4:39] 玩家16223在区域 2  总下注2000
[19:4:39] 玩家16223在区域 3  总下注5000
[19:4:39] 玩家16223在区域 4  总下注10000
[19:4:39] 玩家16223在区域 5  总下注3000
[19:4:39] 玩家16223 总下注30000
[19:4:39] send >>>>>>>>>>>>>>>>>>>>>>>>>>>>>>> 0 message 57 size 112
[19:4:39] send >>>>>>>>>>>>>>>>>>>>>>>>>>>>>>> 1 message 57 size 112
[19:4:39] recv  55 <<<<<<<<<<<<<<<<<<<<<<<<<<<<<<< 0
[19:4:39] userbet 16223  在1 下了 1000,累计下注 31000
[19:4:39] broad >>>>>>>>>>>>>>>>>>>>>>>>>>>>>>> message 56 size 6
[19:4:39] 区域 0  总下注2000
[19:4:39] 区域 1  总下注9000
[19:4:39] 区域 2  总下注2000
[19:4:39] 区域 3  总下注5000
[19:4:39] 区域 4  总下注10000
[19:4:39] 区域 5  总下注3000
[19:4:39] 玩家16223在区域 0  总下注2000
[19:4:39] 玩家16223在区域 1  总下注9000
[19:4:39] 玩家16223在区域 2  总下注2000
[19:4:39] 玩家16223在区域 3  总下注5000
[19:4:39] 玩家16223在区域 4  总下注10000
[19:4:39] 玩家16223在区域 5  总下注3000
[19:4:39] 玩家16223 总下注31000
[19:4:39] send >>>>>>>>>>>>>>>>>>>>>>>>>>>>>>> 0 message 57 size 112
[19:4:39] send >>>>>>>>>>>>>>>>>>>>>>>>>>>>>>> 1 message 57 size 112
[19:4:39] recv  55 <<<<<<<<<<<<<<<<<<<<<<<<<<<<<<< 0
[19:4:39] userbet 16223  在1 下了 1000,累计下注 32000
[19:4:39] broad >>>>>>>>>>>>>>>>>>>>>>>>>>>>>>> message 56 size 6
[19:4:39] 区域 0  总下注2000
[19:4:39] 区域 1  总下注10000
[19:4:39] 区域 2  总下注2000
[19:4:39] 区域 3  总下注5000
[19:4:39] 区域 4  总下注10000
[19:4:39] 区域 5  总下注3000
[19:4:39] 玩家16223在区域 0  总下注2000
[19:4:39] 玩家16223在区域 1  总下注10000
[19:4:39] 玩家16223在区域 2  总下注2000
[19:4:39] 玩家16223在区域 3  总下注5000
[19:4:39] 玩家16223在区域 4  总下注10000
[19:4:39] 玩家16223在区域 5  总下注3000
[19:4:39] 玩家16223 总下注32000
[19:4:39] send >>>>>>>>>>>>>>>>>>>>>>>>>>>>>>> 0 message 57 size 112
[19:4:39] send >>>>>>>>>>>>>>>>>>>>>>>>>>>>>>> 1 message 57 size 112
[19:4:39] recv  55 <<<<<<<<<<<<<<<<<<<<<<<<<<<<<<< 0
[19:4:39] userbet 16223  在1 下了 1000,累计下注 33000
[19:4:39] broad >>>>>>>>>>>>>>>>>>>>>>>>>>>>>>> message 56 size 6
[19:4:39] 区域 0  总下注2000
[19:4:39] 区域 1  总下注11000
[19:4:39] 区域 2  总下注2000
[19:4:39] 区域 3  总下注5000
[19:4:39] 区域 4  总下注10000
[19:4:39] 区域 5  总下注3000
[19:4:39] 玩家16223在区域 0  总下注2000
[19:4:39] 玩家16223在区域 1  总下注11000
[19:4:39] 玩家16223在区域 2  总下注2000
[19:4:39] 玩家16223在区域 3  总下注5000
[19:4:39] 玩家16223在区域 4  总下注10000
[19:4:39] 玩家16223在区域 5  总下注3000
[19:4:39] 玩家16223 总下注33000
[19:4:39] send >>>>>>>>>>>>>>>>>>>>>>>>>>>>>>> 0 message 57 size 112
[19:4:39] send >>>>>>>>>>>>>>>>>>>>>>>>>>>>>>> 1 message 57 size 112
[19:4:39] recv  55 <<<<<<<<<<<<<<<<<<<<<<<<<<<<<<< 0
[19:4:39] userbet 16223  在1 下了 1000,累计下注 34000
[19:4:39] broad >>>>>>>>>>>>>>>>>>>>>>>>>>>>>>> message 56 size 6
[19:4:39] 区域 0  总下注2000
[19:4:39] 区域 1  总下注12000
[19:4:39] 区域 2  总下注2000
[19:4:39] 区域 3  总下注5000
[19:4:39] 区域 4  总下注10000
[19:4:39] 区域 5  总下注3000
[19:4:39] 玩家16223在区域 0  总下注2000
[19:4:39] 玩家16223在区域 1  总下注12000
[19:4:39] 玩家16223在区域 2  总下注2000
[19:4:39] 玩家16223在区域 3  总下注5000
[19:4:39] 玩家16223在区域 4  总下注10000
[19:4:39] 玩家16223在区域 5  总下注3000
[19:4:39] 玩家16223 总下注34000
[19:4:39] send >>>>>>>>>>>>>>>>>>>>>>>>>>>>>>> 0 message 57 size 112
[19:4:39] send >>>>>>>>>>>>>>>>>>>>>>>>>>>>>>> 1 message 57 size 112
[19:4:40] recv  55 <<<<<<<<<<<<<<<<<<<<<<<<<<<<<<< 0
[19:4:40] userbet 16223  在1 下了 1000,累计下注 35000
[19:4:40] broad >>>>>>>>>>>>>>>>>>>>>>>>>>>>>>> message 56 size 6
[19:4:40] 区域 0  总下注2000
[19:4:40] 区域 1  总下注13000
[19:4:40] 区域 2  总下注2000
[19:4:40] 区域 3  总下注5000
[19:4:40] 区域 4  总下注10000
[19:4:40] 区域 5  总下注3000
[19:4:40] 玩家16223在区域 0  总下注2000
[19:4:40] 玩家16223在区域 1  总下注13000
[19:4:40] 玩家16223在区域 2  总下注2000
[19:4:40] 玩家16223在区域 3  总下注5000
[19:4:40] 玩家16223在区域 4  总下注10000
[19:4:40] 玩家16223在区域 5  总下注3000
[19:4:40] 玩家16223 总下注35000
[19:4:40] send >>>>>>>>>>>>>>>>>>>>>>>>>>>>>>> 0 message 57 size 112
[19:4:40] send >>>>>>>>>>>>>>>>>>>>>>>>>>>>>>> 1 message 57 size 112
[19:4:40] recv  55 <<<<<<<<<<<<<<<<<<<<<<<<<<<<<<< 0
[19:4:40] userbet 16223  在1 下了 1000,累计下注 36000
[19:4:40] broad >>>>>>>>>>>>>>>>>>>>>>>>>>>>>>> message 56 size 6
[19:4:40] 区域 0  总下注2000
[19:4:40] 区域 1  总下注14000
[19:4:40] 区域 2  总下注2000
[19:4:40] 区域 3  总下注5000
[19:4:40] 区域 4  总下注10000
[19:4:40] 区域 5  总下注3000
[19:4:40] 玩家16223在区域 0  总下注2000
[19:4:40] 玩家16223在区域 1  总下注14000
[19:4:40] 玩家16223在区域 2  总下注2000
[19:4:40] 玩家16223在区域 3  总下注5000
[19:4:40] 玩家16223在区域 4  总下注10000
[19:4:40] 玩家16223在区域 5  总下注3000
[19:4:40] 玩家16223 总下注36000
[19:4:40] send >>>>>>>>>>>>>>>>>>>>>>>>>>>>>>> 0 message 57 size 112
[19:4:40] send >>>>>>>>>>>>>>>>>>>>>>>>>>>>>>> 1 message 57 size 112
[19:4:40] recv  55 <<<<<<<<<<<<<<<<<<<<<<<<<<<<<<< 0
[19:4:40] userbet 16223  在1 下了 1000,累计下注 37000
[19:4:40] broad >>>>>>>>>>>>>>>>>>>>>>>>>>>>>>> message 56 size 6
[19:4:40] 区域 0  总下注2000
[19:4:40] 区域 1  总下注15000
[19:4:40] 区域 2  总下注2000
[19:4:40] 区域 3  总下注5000
[19:4:40] 区域 4  总下注10000
[19:4:40] 区域 5  总下注3000
[19:4:40] 玩家16223在区域 0  总下注2000
[19:4:40] 玩家16223在区域 1  总下注15000
[19:4:40] 玩家16223在区域 2  总下注2000
[19:4:40] 玩家16223在区域 3  总下注5000
[19:4:40] 玩家16223在区域 4  总下注10000
[19:4:40] 玩家16223在区域 5  总下注3000
[19:4:40] 玩家16223 总下注37000
[19:4:40] send >>>>>>>>>>>>>>>>>>>>>>>>>>>>>>> 0 message 57 size 112
[19:4:40] send >>>>>>>>>>>>>>>>>>>>>>>>>>>>>>> 1 message 57 size 112
[19:4:40] recv  55 <<<<<<<<<<<<<<<<<<<<<<<<<<<<<<< 0
[19:4:40] userbet 16223  在1 下了 1000,累计下注 38000
[19:4:40] broad >>>>>>>>>>>>>>>>>>>>>>>>>>>>>>> message 56 size 6
[19:4:40] 区域 0  总下注2000
[19:4:40] 区域 1  总下注16000
[19:4:40] 区域 2  总下注2000
[19:4:40] 区域 3  总下注5000
[19:4:40] 区域 4  总下注10000
[19:4:40] 区域 5  总下注3000
[19:4:40] 玩家16223在区域 0  总下注2000
[19:4:40] 玩家16223在区域 1  总下注16000
[19:4:40] 玩家16223在区域 2  总下注2000
[19:4:40] 玩家16223在区域 3  总下注5000
[19:4:40] 玩家16223在区域 4  总下注10000
[19:4:40] 玩家16223在区域 5  总下注3000
[19:4:40] 玩家16223 总下注38000
[19:4:40] send >>>>>>>>>>>>>>>>>>>>>>>>>>>>>>> 0 message 57 size 112
[19:4:40] send >>>>>>>>>>>>>>>>>>>>>>>>>>>>>>> 1 message 57 size 112
[19:4:40] recv  55 <<<<<<<<<<<<<<<<<<<<<<<<<<<<<<< 0
[19:4:40] userbet 16223  在1 下了 1000,累计下注 39000
[19:4:40] broad >>>>>>>>>>>>>>>>>>>>>>>>>>>>>>> message 56 size 6
[19:4:40] 区域 0  总下注2000
[19:4:40] 区域 1  总下注17000
[19:4:40] 区域 2  总下注2000
[19:4:40] 区域 3  总下注5000
[19:4:40] 区域 4  总下注10000
[19:4:40] 区域 5  总下注3000
[19:4:40] 玩家16223在区域 0  总下注2000
[19:4:40] 玩家16223在区域 1  总下注17000
[19:4:40] 玩家16223在区域 2  总下注2000
[19:4:40] 玩家16223在区域 3  总下注5000
[19:4:40] 玩家16223在区域 4  总下注10000
[19:4:40] 玩家16223在区域 5  总下注3000
[19:4:40] 玩家16223 总下注39000
[19:4:40] send >>>>>>>>>>>>>>>>>>>>>>>>>>>>>>> 0 message 57 size 112
[19:4:40] send >>>>>>>>>>>>>>>>>>>>>>>>>>>>>>> 1 message 57 size 112
[19:4:40] recv  55 <<<<<<<<<<<<<<<<<<<<<<<<<<<<<<< 0
[19:4:40] userbet 16223  在1 下了 1000,累计下注 40000
[19:4:40] broad >>>>>>>>>>>>>>>>>>>>>>>>>>>>>>> message 56 size 6
[19:4:40] 区域 0  总下注2000
[19:4:40] 区域 1  总下注18000
[19:4:40] 区域 2  总下注2000
[19:4:40] 区域 3  总下注5000
[19:4:40] 区域 4  总下注10000
[19:4:40] 区域 5  总下注3000
[19:4:40] 玩家16223在区域 0  总下注2000
[19:4:40] 玩家16223在区域 1  总下注18000
[19:4:40] 玩家16223在区域 2  总下注2000
[19:4:40] 玩家16223在区域 3  总下注5000
[19:4:40] 玩家16223在区域 4  总下注10000
[19:4:40] 玩家16223在区域 5  总下注3000
[19:4:40] 玩家16223 总下注40000
[19:4:40] send >>>>>>>>>>>>>>>>>>>>>>>>>>>>>>> 0 message 57 size 112
[19:4:40] send >>>>>>>>>>>>>>>>>>>>>>>>>>>>>>> 1 message 57 size 112
[19:4:40] recv  55 <<<<<<<<<<<<<<<<<<<<<<<<<<<<<<< 0
[19:4:40] userbet 16223  在1 下了 1000,累计下注 41000
[19:4:40] broad >>>>>>>>>>>>>>>>>>>>>>>>>>>>>>> message 56 size 6
[19:4:40] 区域 0  总下注2000
[19:4:40] 区域 1  总下注19000
[19:4:40] 区域 2  总下注2000
[19:4:40] 区域 3  总下注5000
[19:4:40] 区域 4  总下注10000
[19:4:40] 区域 5  总下注3000
[19:4:40] 玩家16223在区域 0  总下注2000
[19:4:40] 玩家16223在区域 1  总下注19000
[19:4:40] 玩家16223在区域 2  总下注2000
[19:4:40] 玩家16223在区域 3  总下注5000
[19:4:40] 玩家16223在区域 4  总下注10000
[19:4:40] 玩家16223在区域 5  总下注3000
[19:4:40] 玩家16223 总下注41000
[19:4:40] send >>>>>>>>>>>>>>>>>>>>>>>>>>>>>>> 0 message 57 size 112
[19:4:40] send >>>>>>>>>>>>>>>>>>>>>>>>>>>>>>> 1 message 57 size 112
[19:4:41] recv  55 <<<<<<<<<<<<<<<<<<<<<<<<<<<<<<< 0
[19:4:41] userbet 16223  在5 下了 1000,累计下注 42000
[19:4:41] broad >>>>>>>>>>>>>>>>>>>>>>>>>>>>>>> message 56 size 6
[19:4:41] 区域 0  总下注2000
[19:4:41] 区域 1  总下注19000
[19:4:41] 区域 2  总下注2000
[19:4:41] 区域 3  总下注5000
[19:4:41] 区域 4  总下注10000
[19:4:41] 区域 5  总下注4000
[19:4:41] 玩家16223在区域 0  总下注2000
[19:4:41] 玩家16223在区域 1  总下注19000
[19:4:41] 玩家16223在区域 2  总下注2000
[19:4:41] 玩家16223在区域 3  总下注5000
[19:4:41] 玩家16223在区域 4  总下注10000
[19:4:41] 玩家16223在区域 5  总下注4000
[19:4:41] 玩家16223 总下注42000
[19:4:41] send >>>>>>>>>>>>>>>>>>>>>>>>>>>>>>> 0 message 57 size 112
[19:4:41] send >>>>>>>>>>>>>>>>>>>>>>>>>>>>>>> 1 message 57 size 112
[19:4:41] recv  55 <<<<<<<<<<<<<<<<<<<<<<<<<<<<<<< 0
[19:4:41] userbet 16223  在5 下了 1000,累计下注 43000
[19:4:41] broad >>>>>>>>>>>>>>>>>>>>>>>>>>>>>>> message 56 size 6
[19:4:41] 区域 0  总下注2000
[19:4:41] 区域 1  总下注19000
[19:4:41] 区域 2  总下注2000
[19:4:41] 区域 3  总下注5000
[19:4:41] 区域 4  总下注10000
[19:4:41] 区域 5  总下注5000
[19:4:41] 玩家16223在区域 0  总下注2000
[19:4:41] 玩家16223在区域 1  总下注19000
[19:4:41] 玩家16223在区域 2  总下注2000
[19:4:41] 玩家16223在区域 3  总下注5000
[19:4:41] 玩家16223在区域 4  总下注10000
[19:4:41] 玩家16223在区域 5  总下注5000
[19:4:41] 玩家16223 总下注43000
[19:4:41] send >>>>>>>>>>>>>>>>>>>>>>>>>>>>>>> 0 message 57 size 112
[19:4:41] send >>>>>>>>>>>>>>>>>>>>>>>>>>>>>>> 1 message 57 size 112
[19:4:41] recv  55 <<<<<<<<<<<<<<<<<<<<<<<<<<<<<<< 0
[19:4:41] userbet 16223  在5 下了 1000,累计下注 44000
[19:4:41] broad >>>>>>>>>>>>>>>>>>>>>>>>>>>>>>> message 56 size 6
[19:4:41] 区域 0  总下注2000
[19:4:41] 区域 1  总下注19000
[19:4:41] 区域 2  总下注2000
[19:4:41] 区域 3  总下注5000
[19:4:41] 区域 4  总下注10000
[19:4:41] 区域 5  总下注6000
[19:4:41] 玩家16223在区域 0  总下注2000
[19:4:41] 玩家16223在区域 1  总下注19000
[19:4:41] 玩家16223在区域 2  总下注2000
[19:4:41] 玩家16223在区域 3  总下注5000
[19:4:41] 玩家16223在区域 4  总下注10000
[19:4:41] 玩家16223在区域 5  总下注6000
[19:4:41] 玩家16223 总下注44000
[19:4:41] send >>>>>>>>>>>>>>>>>>>>>>>>>>>>>>> 0 message 57 size 112
[19:4:41] send >>>>>>>>>>>>>>>>>>>>>>>>>>>>>>> 1 message 57 size 112
[19:4:41] recv  55 <<<<<<<<<<<<<<<<<<<<<<<<<<<<<<< 0
[19:4:41] userbet 16223  在5 下了 1000,累计下注 45000
[19:4:41] broad >>>>>>>>>>>>>>>>>>>>>>>>>>>>>>> message 56 size 6
[19:4:41] 区域 0  总下注2000
[19:4:41] 区域 1  总下注19000
[19:4:41] 区域 2  总下注2000
[19:4:41] 区域 3  总下注5000
[19:4:41] 区域 4  总下注10000
[19:4:41] 区域 5  总下注7000
[19:4:41] 玩家16223在区域 0  总下注2000
[19:4:41] 玩家16223在区域 1  总下注19000
[19:4:41] 玩家16223在区域 2  总下注2000
[19:4:41] 玩家16223在区域 3  总下注5000
[19:4:41] 玩家16223在区域 4  总下注10000
[19:4:41] 玩家16223在区域 5  总下注7000
[19:4:41] 玩家16223 总下注45000
[19:4:41] send >>>>>>>>>>>>>>>>>>>>>>>>>>>>>>> 0 message 57 size 112
[19:4:41] send >>>>>>>>>>>>>>>>>>>>>>>>>>>>>>> 1 message 57 size 112
[19:4:41] recv  55 <<<<<<<<<<<<<<<<<<<<<<<<<<<<<<< 0
[19:4:41] userbet 16223  在1 下了 1000,累计下注 46000
[19:4:41] broad >>>>>>>>>>>>>>>>>>>>>>>>>>>>>>> message 56 size 6
[19:4:41] 区域 0  总下注2000
[19:4:41] 区域 1  总下注20000
[19:4:41] 区域 2  总下注2000
[19:4:41] 区域 3  总下注5000
[19:4:41] 区域 4  总下注10000
[19:4:41] 区域 5  总下注7000
[19:4:41] 玩家16223在区域 0  总下注2000
[19:4:41] 玩家16223在区域 1  总下注20000
[19:4:41] 玩家16223在区域 2  总下注2000
[19:4:41] 玩家16223在区域 3  总下注5000
[19:4:41] 玩家16223在区域 4  总下注10000
[19:4:41] 玩家16223在区域 5  总下注7000
[19:4:41] 玩家16223 总下注46000
[19:4:41] send >>>>>>>>>>>>>>>>>>>>>>>>>>>>>>> 0 message 57 size 112
[19:4:41] send >>>>>>>>>>>>>>>>>>>>>>>>>>>>>>> 1 message 57 size 112
[19:4:41] recv  55 <<<<<<<<<<<<<<<<<<<<<<<<<<<<<<< 0
[19:4:41] userbet 16223  在1 下了 1000,累计下注 47000
[19:4:41] broad >>>>>>>>>>>>>>>>>>>>>>>>>>>>>>> message 56 size 6
[19:4:41] 区域 0  总下注2000
[19:4:41] 区域 1  总下注21000
[19:4:41] 区域 2  总下注2000
[19:4:41] 区域 3  总下注5000
[19:4:41] 区域 4  总下注10000
[19:4:41] 区域 5  总下注7000
[19:4:41] 玩家16223在区域 0  总下注2000
[19:4:41] 玩家16223在区域 1  总下注21000
[19:4:41] 玩家16223在区域 2  总下注2000
[19:4:41] 玩家16223在区域 3  总下注5000
[19:4:41] 玩家16223在区域 4  总下注10000
[19:4:41] 玩家16223在区域 5  总下注7000
[19:4:41] 玩家16223 总下注47000
[19:4:41] send >>>>>>>>>>>>>>>>>>>>>>>>>>>>>>> 0 message 57 size 112
[19:4:41] send >>>>>>>>>>>>>>>>>>>>>>>>>>>>>>> 1 message 57 size 112
[19:4:41] recv  55 <<<<<<<<<<<<<<<<<<<<<<<<<<<<<<< 0
[19:4:41] userbet 16223  在1 下了 1000,累计下注 48000
[19:4:41] broad >>>>>>>>>>>>>>>>>>>>>>>>>>>>>>> message 56 size 6
[19:4:41] 区域 0  总下注2000
[19:4:41] 区域 1  总下注22000
[19:4:41] 区域 2  总下注2000
[19:4:41] 区域 3  总下注5000
[19:4:41] 区域 4  总下注10000
[19:4:41] 区域 5  总下注7000
[19:4:41] 玩家16223在区域 0  总下注2000
[19:4:41] 玩家16223在区域 1  总下注22000
[19:4:41] 玩家16223在区域 2  总下注2000
[19:4:41] 玩家16223在区域 3  总下注5000
[19:4:41] 玩家16223在区域 4  总下注10000
[19:4:41] 玩家16223在区域 5  总下注7000
[19:4:41] 玩家16223 总下注48000
[19:4:41] send >>>>>>>>>>>>>>>>>>>>>>>>>>>>>>> 0 message 57 size 112
[19:4:41] send >>>>>>>>>>>>>>>>>>>>>>>>>>>>>>> 1 message 57 size 112
[19:4:42] recv  55 <<<<<<<<<<<<<<<<<<<<<<<<<<<<<<< 0
[19:4:42] userbet 16223  在1 下了 1000,累计下注 49000
[19:4:42] broad >>>>>>>>>>>>>>>>>>>>>>>>>>>>>>> message 56 size 6
[19:4:42] 区域 0  总下注2000
[19:4:42] 区域 1  总下注23000
[19:4:42] 区域 2  总下注2000
[19:4:42] 区域 3  总下注5000
[19:4:42] 区域 4  总下注10000
[19:4:42] 区域 5  总下注7000
[19:4:42] 玩家16223在区域 0  总下注2000
[19:4:42] 玩家16223在区域 1  总下注23000
[19:4:42] 玩家16223在区域 2  总下注2000
[19:4:42] 玩家16223在区域 3  总下注5000
[19:4:42] 玩家16223在区域 4  总下注10000
[19:4:42] 玩家16223在区域 5  总下注7000
[19:4:42] 玩家16223 总下注49000
[19:4:42] send >>>>>>>>>>>>>>>>>>>>>>>>>>>>>>> 0 message 57 size 112
[19:4:42] send >>>>>>>>>>>>>>>>>>>>>>>>>>>>>>> 1 message 57 size 112
[19:4:42] recv  55 <<<<<<<<<<<<<<<<<<<<<<<<<<<<<<< 0
[19:4:42] userbet 16223  在1 下了 1000,累计下注 50000
[19:4:42] broad >>>>>>>>>>>>>>>>>>>>>>>>>>>>>>> message 56 size 6
[19:4:42] 区域 0  总下注2000
[19:4:42] 区域 1  总下注24000
[19:4:42] 区域 2  总下注2000
[19:4:42] 区域 3  总下注5000
[19:4:42] 区域 4  总下注10000
[19:4:42] 区域 5  总下注7000
[19:4:42] 玩家16223在区域 0  总下注2000
[19:4:42] 玩家16223在区域 1  总下注24000
[19:4:42] 玩家16223在区域 2  总下注2000
[19:4:42] 玩家16223在区域 3  总下注5000
[19:4:42] 玩家16223在区域 4  总下注10000
[19:4:42] 玩家16223在区域 5  总下注7000
[19:4:42] 玩家16223 总下注50000
[19:4:42] send >>>>>>>>>>>>>>>>>>>>>>>>>>>>>>> 0 message 57 size 112
[19:4:42] send >>>>>>>>>>>>>>>>>>>>>>>>>>>>>>> 1 message 57 size 112
[19:4:43] card 0 9,5,   type 0   point 3
[19:4:43] card 1 8,b,   type 0   point 9
[19:4:43] card 2 3,0,   type 0   point 6
[19:4:43] card 3 5,6,   type 0   point 0
[19:4:43] broad >>>>>>>>>>>>>>>>>>>>>>>>>>>>>>> message 52 size 16
[19:4:58] 区域 0 结算 2000
[19:4:58] 区域 1 结算 24000
[19:4:58] 区域 2 结算 2000
[19:4:58] 区域 3 结算 5000
[19:4:58] 区域 4 结算 10000
[19:4:58] 区域 5 结算 7000
[19:4:58] 玩家0[16223]  结算 50000
[19:4:58] 玩家1[15947]  结算 -50000
[19:4:58] broad >>>>>>>>>>>>>>>>>>>>>>>>>>>>>>> message 58 size 86
[19:5:0] 玩家0[16223]  结算 50000, 分数 50000, 总分数 36600
[19:5:0] 玩家1[15947]  结算 -50000, 分数 -50000, 总分数 -36600
[19:5:0] ******************游戏结束********************************



[19:5:7] *************************小结算***********************
[19:5:7] [Phone16223,16223] [闲] 输赢金币 37300 ,排名 0
[19:5:7] [Phone15947,15947] [庄] 输赢金币 -37300 ,排名 1
[19:5:7] broad >>>>>>>>>>>>>>>>>>>>>>>>>>>>>>> message 73 size 44
[19:5:7] user[16223] 坐庄次数 2,每个人当庄次数2 
[19:5:7] user[15947] 坐庄次数 2,每个人当庄次数2 
[19:5:7] *************************大结算***********************
[19:5:7] [Phone16223,16223]  输赢金币 36600 ,总分数 36600，胜局 1 ,最大胜局 1,大赢家 1
[19:5:7] [Phone15947,15947]  输赢金币 -36600 ,总分数 -36600，胜局 2 ,最大胜局 1,大赢家 0
[19:5:7] broad >>>>>>>>>>>>>>>>>>>>>>>>>>>>>>> message 70 size 68
