[16:29:53] 0:18074 sit
[16:29:54] 0:18074 onGetState
[16:29:54] send >>>>>>>>>>>>>>>>>>>>>>>>>>>>>>> 0 message 72 size 4
[16:29:54] 游戏局数 0,总局数 4
[16:29:54] broad >>>>>>>>>>>>>>>>>>>>>>>>>>>>>>> message 71 size 8
[16:30:10] 0:18074 ready
[16:30:18] 1:14087 sit
[16:30:18] 1:14087 onGetState
[16:30:18] send >>>>>>>>>>>>>>>>>>>>>>>>>>>>>>> 1 message 72 size 4
[16:30:18] 游戏局数 0,总局数 4
[16:30:18] broad >>>>>>>>>>>>>>>>>>>>>>>>>>>>>>> message 71 size 8
[16:30:19] 1:14087 ready
[16:30:19] *****************游戏开始***************
[16:30:19] [0][18074]连庄局数 1,总局数1
[16:30:19] [1][14087]连庄局数 0,总局数1
[16:30:19] 通知 庄家 0 坐庄次数 1
[16:30:19] broad >>>>>>>>>>>>>>>>>>>>>>>>>>>>>>> message 69 size 1
[16:30:19] 游戏局数 1,总局数 4
[16:30:19] broad >>>>>>>>>>>>>>>>>>>>>>>>>>>>>>> message 71 size 8
[16:30:19] broad >>>>>>>>>>>>>>>>>>>>>>>>>>>>>>> message 51 size 0
[16:30:29] card 0 11,2,   type 0   point 4
[16:30:29] card 1 5,7,   type 0   point 7
[16:30:29] card 2 1,4,   type 0   point 2
[16:30:29] card 3 9,8,   type 0   point 7
[16:30:29] broad >>>>>>>>>>>>>>>>>>>>>>>>>>>>>>> message 52 size 16
[16:30:44] 区域 0 结算 0
[16:30:44] 区域 1 结算 0
[16:30:44] 区域 2 结算 0
[16:30:44] 区域 3 结算 0
[16:30:44] 区域 4 结算 0
[16:30:44] 区域 5 结算 0
[16:30:44] 玩家0[18074]  结算 0
[16:30:44] 玩家1[14087]  结算 0
[16:30:44] broad >>>>>>>>>>>>>>>>>>>>>>>>>>>>>>> message 58 size 86
[16:30:46] 玩家0[18074]  结算 0, 分数 0, 总分数 0
[16:30:46] 玩家1[14087]  结算 0, 分数 0, 总分数 0
[16:30:46] ******************游戏结束********************************



[16:30:49] broad >>>>>>>>>>>>>>>>>>>>>>>>>>>>>>> message 72 size 4
[16:30:50] 0:18074 ready
[16:31:5] 1:14087 ready
[16:31:5] *****************游戏开始***************
[16:31:5] [0][18074]连庄局数 2,总局数2
[16:31:5] [1][14087]连庄局数 0,总局数2
[16:31:5] 游戏局数 2,总局数 4
[16:31:5] broad >>>>>>>>>>>>>>>>>>>>>>>>>>>>>>> message 71 size 8
[16:31:5] broad >>>>>>>>>>>>>>>>>>>>>>>>>>>>>>> message 51 size 0
[16:31:15] card 0 8,6,   type 0   point 4
[16:31:15] card 1 12,9,   type 0   point 2
[16:31:15] card 2 e,8,   type 0   point 8
[16:31:15] card 3 11,7,   type 0   point 7
[16:31:15] broad >>>>>>>>>>>>>>>>>>>>>>>>>>>>>>> message 52 size 16
[16:31:30] 区域 0 结算 0
[16:31:30] 区域 1 结算 0
[16:31:30] 区域 2 结算 0
[16:31:30] 区域 3 结算 0
[16:31:30] 区域 4 结算 0
[16:31:30] 区域 5 结算 0
[16:31:30] 玩家0[18074]  结算 0
[16:31:30] 玩家1[14087]  结算 0
[16:31:30] broad >>>>>>>>>>>>>>>>>>>>>>>>>>>>>>> message 58 size 86
[16:31:32] 玩家0[18074]  结算 0, 分数 0, 总分数 0
[16:31:32] 玩家1[14087]  结算 0, 分数 0, 总分数 0
[16:31:32] ******************游戏结束********************************



[16:31:40] *************************小结算***********************
[16:31:40] [Phone18074,18074] [庄] 输赢金币 0 ,排名 0
[16:31:40] [Phone14087,14087] [闲] 输赢金币 0 ,排名 0
[16:31:40] broad >>>>>>>>>>>>>>>>>>>>>>>>>>>>>>> message 73 size 44
[16:31:40] user[18074] 坐庄次数 2,每个人当庄次数2 
[16:31:40] user[14087] 坐庄次数 0,每个人当庄次数2 
[16:31:40] broad >>>>>>>>>>>>>>>>>>>>>>>>>>>>>>> message 72 size 4
[16:31:42] 0:18074 ready
[16:31:43] 1:14087 ready
[16:31:43] *****************游戏开始***************
[16:31:43] [0][18074]连庄局数 2,总局数3
[16:31:43] [1][14087]连庄局数 1,总局数3
[16:31:43] 通知 庄家 1 坐庄次数 1
[16:31:43] broad >>>>>>>>>>>>>>>>>>>>>>>>>>>>>>> message 69 size 1
[16:31:43] 游戏局数 3,总局数 4
[16:31:43] broad >>>>>>>>>>>>>>>>>>>>>>>>>>>>>>> message 71 size 8
[16:31:43] broad >>>>>>>>>>>>>>>>>>>>>>>>>>>>>>> message 51 size 0
[16:31:49] recv  55 <<<<<<<<<<<<<<<<<<<<<<<<<<<<<<< 0
[16:31:49] userbet 18074  在2 下了 10,累计下注 10
[16:31:49] broad >>>>>>>>>>>>>>>>>>>>>>>>>>>>>>> message 56 size 6
[16:31:49] 区域 0  总下注0
[16:31:49] 区域 1  总下注0
[16:31:49] 区域 2  总下注10
[16:31:49] 区域 3  总下注0
[16:31:49] 区域 4  总下注0
[16:31:49] 区域 5  总下注0
[16:31:49] 玩家18074在区域 0  总下注0
[16:31:49] 玩家18074在区域 1  总下注0
[16:31:49] 玩家18074在区域 2  总下注10
[16:31:49] 玩家18074在区域 3  总下注0
[16:31:49] 玩家18074在区域 4  总下注0
[16:31:49] 玩家18074在区域 5  总下注0
[16:31:49] 玩家18074 总下注10
[16:31:49] send >>>>>>>>>>>>>>>>>>>>>>>>>>>>>>> 0 message 57 size 112
[16:31:49] send >>>>>>>>>>>>>>>>>>>>>>>>>>>>>>> 1 message 57 size 112
[16:31:49] recv  55 <<<<<<<<<<<<<<<<<<<<<<<<<<<<<<< 0
[16:31:49] userbet 18074  在2 下了 10,累计下注 20
[16:31:49] broad >>>>>>>>>>>>>>>>>>>>>>>>>>>>>>> message 56 size 6
[16:31:49] 区域 0  总下注0
[16:31:49] 区域 1  总下注0
[16:31:49] 区域 2  总下注20
[16:31:49] 区域 3  总下注0
[16:31:49] 区域 4  总下注0
[16:31:49] 区域 5  总下注0
[16:31:49] 玩家18074在区域 0  总下注0
[16:31:49] 玩家18074在区域 1  总下注0
[16:31:49] 玩家18074在区域 2  总下注20
[16:31:49] 玩家18074在区域 3  总下注0
[16:31:49] 玩家18074在区域 4  总下注0
[16:31:49] 玩家18074在区域 5  总下注0
[16:31:49] 玩家18074 总下注20
[16:31:49] send >>>>>>>>>>>>>>>>>>>>>>>>>>>>>>> 0 message 57 size 112
[16:31:49] send >>>>>>>>>>>>>>>>>>>>>>>>>>>>>>> 1 message 57 size 112
[16:31:49] recv  55 <<<<<<<<<<<<<<<<<<<<<<<<<<<<<<< 0
[16:31:49] userbet 18074  在2 下了 10,累计下注 30
[16:31:49] broad >>>>>>>>>>>>>>>>>>>>>>>>>>>>>>> message 56 size 6
[16:31:49] 区域 0  总下注0
[16:31:49] 区域 1  总下注0
[16:31:49] 区域 2  总下注30
[16:31:49] 区域 3  总下注0
[16:31:49] 区域 4  总下注0
[16:31:49] 区域 5  总下注0
[16:31:49] 玩家18074在区域 0  总下注0
[16:31:49] 玩家18074在区域 1  总下注0
[16:31:49] 玩家18074在区域 2  总下注30
[16:31:49] 玩家18074在区域 3  总下注0
[16:31:49] 玩家18074在区域 4  总下注0
[16:31:49] 玩家18074在区域 5  总下注0
[16:31:49] 玩家18074 总下注30
[16:31:49] send >>>>>>>>>>>>>>>>>>>>>>>>>>>>>>> 0 message 57 size 112
[16:31:49] send >>>>>>>>>>>>>>>>>>>>>>>>>>>>>>> 1 message 57 size 112
[16:31:49] recv  55 <<<<<<<<<<<<<<<<<<<<<<<<<<<<<<< 0
[16:31:49] userbet 18074  在2 下了 10,累计下注 40
[16:31:49] broad >>>>>>>>>>>>>>>>>>>>>>>>>>>>>>> message 56 size 6
[16:31:49] 区域 0  总下注0
[16:31:49] 区域 1  总下注0
[16:31:49] 区域 2  总下注40
[16:31:49] 区域 3  总下注0
[16:31:49] 区域 4  总下注0
[16:31:49] 区域 5  总下注0
[16:31:49] 玩家18074在区域 0  总下注0
[16:31:49] 玩家18074在区域 1  总下注0
[16:31:49] 玩家18074在区域 2  总下注40
[16:31:49] 玩家18074在区域 3  总下注0
[16:31:49] 玩家18074在区域 4  总下注0
[16:31:49] 玩家18074在区域 5  总下注0
[16:31:49] 玩家18074 总下注40
[16:31:49] send >>>>>>>>>>>>>>>>>>>>>>>>>>>>>>> 0 message 57 size 112
[16:31:49] send >>>>>>>>>>>>>>>>>>>>>>>>>>>>>>> 1 message 57 size 112
[16:31:50] recv  55 <<<<<<<<<<<<<<<<<<<<<<<<<<<<<<< 0
[16:31:50] userbet 18074  在0 下了 10,累计下注 50
[16:31:50] broad >>>>>>>>>>>>>>>>>>>>>>>>>>>>>>> message 56 size 6
[16:31:50] 区域 0  总下注10
[16:31:50] 区域 1  总下注0
[16:31:50] 区域 2  总下注40
[16:31:50] 区域 3  总下注0
[16:31:50] 区域 4  总下注0
[16:31:50] 区域 5  总下注0
[16:31:50] 玩家18074在区域 0  总下注10
[16:31:50] 玩家18074在区域 1  总下注0
[16:31:50] 玩家18074在区域 2  总下注40
[16:31:50] 玩家18074在区域 3  总下注0
[16:31:50] 玩家18074在区域 4  总下注0
[16:31:50] 玩家18074在区域 5  总下注0
[16:31:50] 玩家18074 总下注50
[16:31:50] send >>>>>>>>>>>>>>>>>>>>>>>>>>>>>>> 0 message 57 size 112
[16:31:50] send >>>>>>>>>>>>>>>>>>>>>>>>>>>>>>> 1 message 57 size 112
[16:31:50] recv  55 <<<<<<<<<<<<<<<<<<<<<<<<<<<<<<< 0
[16:31:50] userbet 18074  在0 下了 10,累计下注 60
[16:31:50] broad >>>>>>>>>>>>>>>>>>>>>>>>>>>>>>> message 56 size 6
[16:31:50] 区域 0  总下注20
[16:31:50] 区域 1  总下注0
[16:31:50] 区域 2  总下注40
[16:31:50] 区域 3  总下注0
[16:31:50] 区域 4  总下注0
[16:31:50] 区域 5  总下注0
[16:31:50] 玩家18074在区域 0  总下注20
[16:31:50] 玩家18074在区域 1  总下注0
[16:31:50] 玩家18074在区域 2  总下注40
[16:31:50] 玩家18074在区域 3  总下注0
[16:31:50] 玩家18074在区域 4  总下注0
[16:31:50] 玩家18074在区域 5  总下注0
[16:31:50] 玩家18074 总下注60
[16:31:50] send >>>>>>>>>>>>>>>>>>>>>>>>>>>>>>> 0 message 57 size 112
[16:31:50] send >>>>>>>>>>>>>>>>>>>>>>>>>>>>>>> 1 message 57 size 112
[16:31:50] recv  55 <<<<<<<<<<<<<<<<<<<<<<<<<<<<<<< 0
[16:31:50] userbet 18074  在0 下了 10,累计下注 70
[16:31:50] broad >>>>>>>>>>>>>>>>>>>>>>>>>>>>>>> message 56 size 6
[16:31:50] 区域 0  总下注30
[16:31:50] 区域 1  总下注0
[16:31:50] 区域 2  总下注40
[16:31:50] 区域 3  总下注0
[16:31:50] 区域 4  总下注0
[16:31:50] 区域 5  总下注0
[16:31:50] 玩家18074在区域 0  总下注30
[16:31:50] 玩家18074在区域 1  总下注0
[16:31:50] 玩家18074在区域 2  总下注40
[16:31:50] 玩家18074在区域 3  总下注0
[16:31:50] 玩家18074在区域 4  总下注0
[16:31:50] 玩家18074在区域 5  总下注0
[16:31:50] 玩家18074 总下注70
[16:31:50] send >>>>>>>>>>>>>>>>>>>>>>>>>>>>>>> 0 message 57 size 112
[16:31:50] send >>>>>>>>>>>>>>>>>>>>>>>>>>>>>>> 1 message 57 size 112
[16:31:50] recv  55 <<<<<<<<<<<<<<<<<<<<<<<<<<<<<<< 0
[16:31:50] userbet 18074  在0 下了 10,累计下注 80
[16:31:50] broad >>>>>>>>>>>>>>>>>>>>>>>>>>>>>>> message 56 size 6
[16:31:50] 区域 0  总下注40
[16:31:50] 区域 1  总下注0
[16:31:50] 区域 2  总下注40
[16:31:50] 区域 3  总下注0
[16:31:50] 区域 4  总下注0
[16:31:50] 区域 5  总下注0
[16:31:50] 玩家18074在区域 0  总下注40
[16:31:50] 玩家18074在区域 1  总下注0
[16:31:50] 玩家18074在区域 2  总下注40
[16:31:50] 玩家18074在区域 3  总下注0
[16:31:50] 玩家18074在区域 4  总下注0
[16:31:50] 玩家18074在区域 5  总下注0
[16:31:50] 玩家18074 总下注80
[16:31:50] send >>>>>>>>>>>>>>>>>>>>>>>>>>>>>>> 0 message 57 size 112
[16:31:50] send >>>>>>>>>>>>>>>>>>>>>>>>>>>>>>> 1 message 57 size 112
[16:31:52] recv  55 <<<<<<<<<<<<<<<<<<<<<<<<<<<<<<< 0
[16:31:52] userbet 18074  在1 下了 50,累计下注 130
[16:31:52] broad >>>>>>>>>>>>>>>>>>>>>>>>>>>>>>> message 56 size 6
[16:31:52] 区域 0  总下注40
[16:31:52] 区域 1  总下注50
[16:31:52] 区域 2  总下注40
[16:31:52] 区域 3  总下注0
[16:31:52] 区域 4  总下注0
[16:31:52] 区域 5  总下注0
[16:31:52] 玩家18074在区域 0  总下注40
[16:31:52] 玩家18074在区域 1  总下注50
[16:31:52] 玩家18074在区域 2  总下注40
[16:31:52] 玩家18074在区域 3  总下注0
[16:31:52] 玩家18074在区域 4  总下注0
[16:31:52] 玩家18074在区域 5  总下注0
[16:31:52] 玩家18074 总下注130
[16:31:52] send >>>>>>>>>>>>>>>>>>>>>>>>>>>>>>> 0 message 57 size 112
[16:31:52] send >>>>>>>>>>>>>>>>>>>>>>>>>>>>>>> 1 message 57 size 112
[16:31:52] recv  55 <<<<<<<<<<<<<<<<<<<<<<<<<<<<<<< 0
[16:31:52] userbet 18074  在1 下了 50,累计下注 180
[16:31:52] broad >>>>>>>>>>>>>>>>>>>>>>>>>>>>>>> message 56 size 6
[16:31:52] 区域 0  总下注40
[16:31:52] 区域 1  总下注100
[16:31:52] 区域 2  总下注40
[16:31:52] 区域 3  总下注0
[16:31:52] 区域 4  总下注0
[16:31:52] 区域 5  总下注0
[16:31:52] 玩家18074在区域 0  总下注40
[16:31:52] 玩家18074在区域 1  总下注100
[16:31:52] 玩家18074在区域 2  总下注40
[16:31:52] 玩家18074在区域 3  总下注0
[16:31:52] 玩家18074在区域 4  总下注0
[16:31:52] 玩家18074在区域 5  总下注0
[16:31:52] 玩家18074 总下注180
[16:31:52] send >>>>>>>>>>>>>>>>>>>>>>>>>>>>>>> 0 message 57 size 112
[16:31:52] send >>>>>>>>>>>>>>>>>>>>>>>>>>>>>>> 1 message 57 size 112
[16:31:52] recv  55 <<<<<<<<<<<<<<<<<<<<<<<<<<<<<<< 0
[16:31:52] userbet 18074  在1 下了 50,累计下注 230
[16:31:52] broad >>>>>>>>>>>>>>>>>>>>>>>>>>>>>>> message 56 size 6
[16:31:52] 区域 0  总下注40
[16:31:52] 区域 1  总下注150
[16:31:52] 区域 2  总下注40
[16:31:52] 区域 3  总下注0
[16:31:52] 区域 4  总下注0
[16:31:52] 区域 5  总下注0
[16:31:52] 玩家18074在区域 0  总下注40
[16:31:52] 玩家18074在区域 1  总下注150
[16:31:52] 玩家18074在区域 2  总下注40
[16:31:52] 玩家18074在区域 3  总下注0
[16:31:52] 玩家18074在区域 4  总下注0
[16:31:52] 玩家18074在区域 5  总下注0
[16:31:52] 玩家18074 总下注230
[16:31:52] send >>>>>>>>>>>>>>>>>>>>>>>>>>>>>>> 0 message 57 size 112
[16:31:52] send >>>>>>>>>>>>>>>>>>>>>>>>>>>>>>> 1 message 57 size 112
[16:31:52] recv  55 <<<<<<<<<<<<<<<<<<<<<<<<<<<<<<< 0
[16:31:52] userbet 18074  在1 下了 50,累计下注 280
[16:31:52] broad >>>>>>>>>>>>>>>>>>>>>>>>>>>>>>> message 56 size 6
[16:31:52] 区域 0  总下注40
[16:31:52] 区域 1  总下注200
[16:31:52] 区域 2  总下注40
[16:31:52] 区域 3  总下注0
[16:31:52] 区域 4  总下注0
[16:31:52] 区域 5  总下注0
[16:31:52] 玩家18074在区域 0  总下注40
[16:31:52] 玩家18074在区域 1  总下注200
[16:31:52] 玩家18074在区域 2  总下注40
[16:31:52] 玩家18074在区域 3  总下注0
[16:31:52] 玩家18074在区域 4  总下注0
[16:31:52] 玩家18074在区域 5  总下注0
[16:31:52] 玩家18074 总下注280
[16:31:52] send >>>>>>>>>>>>>>>>>>>>>>>>>>>>>>> 0 message 57 size 112
[16:31:52] send >>>>>>>>>>>>>>>>>>>>>>>>>>>>>>> 1 message 57 size 112
[16:31:52] recv  55 <<<<<<<<<<<<<<<<<<<<<<<<<<<<<<< 0
[16:31:52] userbet 18074  在1 下了 50,累计下注 330
[16:31:52] broad >>>>>>>>>>>>>>>>>>>>>>>>>>>>>>> message 56 size 6
[16:31:52] 区域 0  总下注40
[16:31:52] 区域 1  总下注250
[16:31:52] 区域 2  总下注40
[16:31:52] 区域 3  总下注0
[16:31:52] 区域 4  总下注0
[16:31:52] 区域 5  总下注0
[16:31:52] 玩家18074在区域 0  总下注40
[16:31:52] 玩家18074在区域 1  总下注250
[16:31:52] 玩家18074在区域 2  总下注40
[16:31:52] 玩家18074在区域 3  总下注0
[16:31:52] 玩家18074在区域 4  总下注0
[16:31:52] 玩家18074在区域 5  总下注0
[16:31:52] 玩家18074 总下注330
[16:31:52] send >>>>>>>>>>>>>>>>>>>>>>>>>>>>>>> 0 message 57 size 112
[16:31:52] send >>>>>>>>>>>>>>>>>>>>>>>>>>>>>>> 1 message 57 size 112
[16:31:52] recv  55 <<<<<<<<<<<<<<<<<<<<<<<<<<<<<<< 0
[16:31:52] userbet 18074  在1 下了 50,累计下注 380
[16:31:52] broad >>>>>>>>>>>>>>>>>>>>>>>>>>>>>>> message 56 size 6
[16:31:52] 区域 0  总下注40
[16:31:52] 区域 1  总下注300
[16:31:52] 区域 2  总下注40
[16:31:52] 区域 3  总下注0
[16:31:52] 区域 4  总下注0
[16:31:52] 区域 5  总下注0
[16:31:52] 玩家18074在区域 0  总下注40
[16:31:52] 玩家18074在区域 1  总下注300
[16:31:52] 玩家18074在区域 2  总下注40
[16:31:52] 玩家18074在区域 3  总下注0
[16:31:52] 玩家18074在区域 4  总下注0
[16:31:52] 玩家18074在区域 5  总下注0
[16:31:52] 玩家18074 总下注380
[16:31:52] send >>>>>>>>>>>>>>>>>>>>>>>>>>>>>>> 0 message 57 size 112
[16:31:52] send >>>>>>>>>>>>>>>>>>>>>>>>>>>>>>> 1 message 57 size 112
[16:31:53] card 0 6,10,   type 0   point 1
[16:31:53] card 1 12,5,   type 0   point 1
[16:31:53] card 2 7,6,   type 0   point 5
[16:31:53] card 3 9,0,   type 0   point 9
[16:31:53] broad >>>>>>>>>>>>>>>>>>>>>>>>>>>>>>> message 52 size 16
[16:32:8] 区域 0 结算 -40
[16:32:8] 区域 1 结算 -300
[16:32:8] 区域 2 结算 -40
[16:32:8] 区域 3 结算 0
[16:32:8] 区域 4 结算 0
[16:32:8] 区域 5 结算 0
[16:32:8] 玩家0[18074]  结算 -380
[16:32:8] 玩家1[14087]  结算 380
[16:32:8] broad >>>>>>>>>>>>>>>>>>>>>>>>>>>>>>> message 58 size 86
[16:32:10] 玩家0[18074]  结算 -380, 分数 -380, 总分数 -380
[16:32:10] 玩家1[14087]  结算 380, 分数 380, 总分数 380
[16:32:10] ******************游戏结束********************************



[16:32:13] broad >>>>>>>>>>>>>>>>>>>>>>>>>>>>>>> message 72 size 4
[16:32:15] 1:14087 ready
[16:32:15] 0:18074 ready
[16:32:15] *****************游戏开始***************
[16:32:15] [0][18074]连庄局数 2,总局数4
[16:32:15] [1][14087]连庄局数 2,总局数4
[16:32:15] 游戏局数 4,总局数 4
[16:32:15] broad >>>>>>>>>>>>>>>>>>>>>>>>>>>>>>> message 71 size 8
[16:32:15] broad >>>>>>>>>>>>>>>>>>>>>>>>>>>>>>> message 51 size 0
[16:32:25] card 0 7,e,   type 0   point 9
[16:32:25] card 1 2,4,   type 0   point 8
[16:32:25] card 2 6,4,   type 0   point 4
[16:32:25] card 3 9,f,   type 0   point 4
[16:32:25] broad >>>>>>>>>>>>>>>>>>>>>>>>>>>>>>> message 52 size 16
[16:32:40] 区域 0 结算 0
[16:32:40] 区域 1 结算 0
[16:32:40] 区域 2 结算 0
[16:32:40] 区域 3 结算 0
[16:32:40] 区域 4 结算 0
[16:32:40] 区域 5 结算 0
[16:32:40] 玩家0[18074]  结算 0
[16:32:40] 玩家1[14087]  结算 0
[16:32:40] broad >>>>>>>>>>>>>>>>>>>>>>>>>>>>>>> message 58 size 86
[16:32:42] 玩家0[18074]  结算 0, 分数 0, 总分数 -380
[16:32:42] 玩家1[14087]  结算 0, 分数 0, 总分数 380
[16:32:42] ******************游戏结束********************************



[16:32:50] *************************小结算***********************
[16:32:50] [Phone14087,14087] [庄] 输赢金币 380 ,排名 0
[16:32:50] [Phone18074,18074] [闲] 输赢金币 -380 ,排名 1
[16:32:50] broad >>>>>>>>>>>>>>>>>>>>>>>>>>>>>>> message 73 size 44
[16:32:50] user[18074] 坐庄次数 2,每个人当庄次数2 
[16:32:50] user[14087] 坐庄次数 2,每个人当庄次数2 
[16:32:50] *************************大结算***********************
[16:32:50] [Phone18074,18074]  输赢金币 -380 ,总分数 -380，胜局 0 ,最大胜局 0,大赢家 0
[16:32:50] [Phone14087,14087]  输赢金币 380 ,总分数 380，胜局 1 ,最大胜局 1,大赢家 1
[16:32:50] broad >>>>>>>>>>>>>>>>>>>>>>>>>>>>>>> message 70 size 68
