 2018-04-24 19:00:20 CServerGameDesk::SendRemaindedGameCount 923: 发送玩家0,Phone10151,iNowGameCount=0
 2018-04-24 19:01:13 CServerGameDesk::SendRemaindedGameCount 923: 发送玩家0,Phone10151,iNowGameCount=0
 2018-04-24 19:01:13 CServerGameDesk::SendRemaindedGameCount 923: 发送玩家1,Phone10149,iNowGameCount=0
 2018-04-24 19:04:37 CServerGameDesk::SendRemaindedGameCount 923: 发送玩家0,Phone10151,iNowGameCount=0
 2018-04-24 19:04:37 CServerGameDesk::SendRemaindedGameCount 923: 发送玩家1,Phone10149,iNowGameCount=0
 2018-04-24 19:04:37 CServerGameDesk::SendRemaindedGameCount 923: 发送玩家2,Phone14436,iNowGameCount=0
 2018-04-24 19:10:20 CServerGameDesk::SendRemaindedGameCount 923: 发送玩家0,Phone10151,iNowGameCount=0
 2018-04-24 19:10:20 CServerGameDesk::SendRemaindedGameCount 923: 发送玩家1,Phone10149,iNowGameCount=0
 2018-04-24 19:10:20 CServerGameDesk::SendRemaindedGameCount 923: 发送玩家2,Phone14436,iNowGameCount=0
 2018-04-24 19:10:20 CServerGameDesk::SendRemaindedGameCount 923: 发送玩家3,Phone19827,iNowGameCount=0
 2018-04-24 19:10:22 ThingHandleEx::ExecuteGameBegin 1460: 20111004：游戏开始, m_iRunGameCount0
 2018-04-24 19:14:50 ThingHandleEx::ExecuteZhuaPai 2561: 玩家Phone14436要胡
 2018-04-24 19:14:54 ThingHandleEx::ExecuteZhongNiao 1428: 中鸟阶段:S: ZhongNiao[0]=5
 2018-04-24 19:14:54 ThingHandleEx::ExecuteZhongNiao 1434: 中码结算, 该局玩家0的码分=-2
 2018-04-24 19:14:54 ThingHandleEx::ExecuteZhongNiao 1434: 中码结算, 该局玩家1的码分=-2
 2018-04-24 19:14:54 ThingHandleEx::ExecuteZhongNiao 1434: 中码结算, 该局玩家2的码分=6
 2018-04-24 19:14:54 ThingHandleEx::ExecuteZhongNiao 1434: 中码结算, 该局玩家3的码分=-2
 2018-04-24 19:14:59 ThingHandleEx::ExecuteCountFen 2804: 算分,玩家  的自摸次数=1
 2018-04-24 19:14:59 ThingHandleEx::ExecuteCountFen 2860:  游戏结算,玩家 0 ,Phone10151 的杠分=3 胡番=-2 码分=-2
 2018-04-24 19:14:59 ThingHandleEx::ExecuteCountFen 2861:  游戏结算,玩家 0 的总分=-1
 2018-04-24 19:14:59 ThingHandleEx::ExecuteCountFen 2860:  游戏结算,玩家 1 ,Phone10149 的杠分=-1 胡番=-2 码分=-2
 2018-04-24 19:14:59 ThingHandleEx::ExecuteCountFen 2861:  游戏结算,玩家 1 的总分=-5
 2018-04-24 19:14:59 ThingHandleEx::ExecuteCountFen 2860:  游戏结算,玩家 2 ,Phone14436 的杠分=-1 胡番=6 码分=6
 2018-04-24 19:14:59 ThingHandleEx::ExecuteCountFen 2861:  游戏结算,玩家 2 的总分=11
 2018-04-24 19:14:59 ThingHandleEx::ExecuteCountFen 2860:  游戏结算,玩家 3 ,Phone19827 的杠分=-1 胡番=-2 码分=-2
 2018-04-24 19:14:59 ThingHandleEx::ExecuteCountFen 2861:  游戏结算,玩家 3 的总分=-5
 2018-04-24 19:14:59 CServerGameDesk::GameFinish 376: 游戏正常结束，发送大结算
 2018-04-24 19:14:59 CServerGameDesk::UpdateCalculateBoard 898: 玩家0,Phone10151的自摸次数=0明杠=1,暗杠=0,中码=0,点炮=0,总成绩=-1
 2018-04-24 19:14:59 CServerGameDesk::UpdateCalculateBoard 898: 玩家1,Phone10149的自摸次数=0明杠=0,暗杠=0,中码=0,点炮=0,总成绩=-5
 2018-04-24 19:14:59 CServerGameDesk::UpdateCalculateBoard 898: 玩家2,Phone14436的自摸次数=1明杠=0,暗杠=0,中码=1,点炮=0,总成绩=11
 2018-04-24 19:14:59 CServerGameDesk::UpdateCalculateBoard 898: 玩家3,Phone19827的自摸次数=0明杠=0,暗杠=0,中码=0,点炮=0,总成绩=-5
 2018-04-24 19:14:59 CServerGameDesk::GameFinish 394: 第1局正常结束
