 2018-06-11 16:18:59 CServerGameDesk::SendRemaindedGameCount 924: 发送玩家0,回首往事,iNowGameCount=0
 2018-06-11 16:19:25 CServerGameDesk::SendRemaindedGameCount 924: 发送玩家0,回首往事,iNowGameCount=0
 2018-06-11 16:19:25 CServerGameDesk::SendRemaindedGameCount 924: 发送玩家1,亚军,iNowGameCount=0
 2018-06-11 16:19:28 CServerGameDesk::SendRemaindedGameCount 924: 发送玩家0,回首往事,iNowGameCount=0
 2018-06-11 16:19:28 CServerGameDesk::SendRemaindedGameCount 924: 发送玩家1,亚军,iNowGameCount=0
 2018-06-11 16:19:28 CServerGameDesk::SendRemaindedGameCount 924: 发送玩家2,南漂鱼儿,iNowGameCount=0
 2018-06-11 16:20:16 CServerGameDesk::SendRemaindedGameCount 924: 发送玩家0,回首往事,iNowGameCount=0
 2018-06-11 16:20:16 CServerGameDesk::SendRemaindedGameCount 924: 发送玩家1,亚军,iNowGameCount=0
 2018-06-11 16:20:16 CServerGameDesk::SendRemaindedGameCount 924: 发送玩家2,南漂鱼儿,iNowGameCount=0
 2018-06-11 16:20:16 CServerGameDesk::SendRemaindedGameCount 924: 发送玩家3,胡鹏,iNowGameCount=0
 2018-06-11 16:20:23 ThingHandleEx::ExecuteGameBegin 1460: 20111004：游戏开始, m_iRunGameCount0
 2018-06-11 16:22:53 CServerGameDesk::UserReCome 576: 玩家 ,亚军的托管状态=0
 2018-06-11 16:22:53 CServerGameDesk::SendRemaindedGameCount 924: 发送玩家0,回首往事,iNowGameCount=1
 2018-06-11 16:22:53 CServerGameDesk::SendRemaindedGameCount 924: 发送玩家1,亚军,iNowGameCount=1
 2018-06-11 16:22:53 CServerGameDesk::SendRemaindedGameCount 924: 发送玩家2,南漂鱼儿,iNowGameCount=1
 2018-06-11 16:22:53 CServerGameDesk::SendRemaindedGameCount 924: 发送玩家3,胡鹏,iNowGameCount=1
 2018-06-11 16:25:04 ThingHandleEx::ExecuteZhuaPai 2561: 玩家南漂鱼儿要胡
 2018-06-11 16:25:07 ThingHandleEx::ExecuteZhongNiao 1428: 中鸟阶段:S: ZhongNiao[0]=15
 2018-06-11 16:25:07 ThingHandleEx::ExecuteZhongNiao 1434: 中码结算, 该局玩家0的码分=-2
 2018-06-11 16:25:07 ThingHandleEx::ExecuteZhongNiao 1434: 中码结算, 该局玩家1的码分=-2
 2018-06-11 16:25:07 ThingHandleEx::ExecuteZhongNiao 1434: 中码结算, 该局玩家2的码分=6
 2018-06-11 16:25:07 ThingHandleEx::ExecuteZhongNiao 1434: 中码结算, 该局玩家3的码分=-2
 2018-06-11 16:25:12 ThingHandleEx::ExecuteCountFen 2804: 算分,玩家  的自摸次数=1
 2018-06-11 16:25:12 ThingHandleEx::ExecuteCountFen 2860:  游戏结算,玩家 0 ,回首往事 的杠分=0 胡番=-2 码分=-2
 2018-06-11 16:25:12 ThingHandleEx::ExecuteCountFen 2861:  游戏结算,玩家 0 的总分=-4
 2018-06-11 16:25:12 ThingHandleEx::ExecuteCountFen 2860:  游戏结算,玩家 1 ,亚军 的杠分=0 胡番=-2 码分=-2
 2018-06-11 16:25:12 ThingHandleEx::ExecuteCountFen 2861:  游戏结算,玩家 1 的总分=-4
 2018-06-11 16:25:12 ThingHandleEx::ExecuteCountFen 2860:  游戏结算,玩家 2 ,南漂鱼儿 的杠分=0 胡番=6 码分=6
 2018-06-11 16:25:12 ThingHandleEx::ExecuteCountFen 2861:  游戏结算,玩家 2 的总分=12
 2018-06-11 16:25:12 ThingHandleEx::ExecuteCountFen 2860:  游戏结算,玩家 3 ,胡鹏 的杠分=0 胡番=-2 码分=-2
 2018-06-11 16:25:12 ThingHandleEx::ExecuteCountFen 2861:  游戏结算,玩家 3 的总分=-4
 2018-06-11 16:25:13 CServerGameDesk::GameFinish 376: 游戏正常结束，发送大结算
 2018-06-11 16:25:13 CServerGameDesk::UpdateCalculateBoard 899: 玩家0,回首往事的自摸次数=0明杠=0,暗杠=0,中码=0,点炮=0,总成绩=-4
 2018-06-11 16:25:13 CServerGameDesk::UpdateCalculateBoard 899: 玩家1,亚军的自摸次数=0明杠=0,暗杠=0,中码=0,点炮=0,总成绩=-4
 2018-06-11 16:25:13 CServerGameDesk::UpdateCalculateBoard 899: 玩家2,南漂鱼儿的自摸次数=1明杠=0,暗杠=0,中码=1,点炮=0,总成绩=12
 2018-06-11 16:25:13 CServerGameDesk::UpdateCalculateBoard 899: 玩家3,胡鹏的自摸次数=0明杠=0,暗杠=0,中码=0,点炮=0,总成绩=-4
 2018-06-11 16:25:13 CServerGameDesk::GameFinish 394: 第1局正常结束
