 2018-05-19 17:55:52 CServerGameDesk::SendRemaindedGameCount 923: 发送玩家0,Lyon,iNowGameCount=0
 2018-05-19 17:56:16 CServerGameDesk::SendRemaindedGameCount 923: 发送玩家0,Lyon,iNowGameCount=0
 2018-05-19 17:56:16 CServerGameDesk::SendRemaindedGameCount 923: 发送玩家1,天道酬勤21011,iNowGameCount=0
 2018-05-19 17:56:27 CServerGameDesk::SendRemaindedGameCount 923: 发送玩家0,Lyon,iNowGameCount=0
 2018-05-19 17:56:27 CServerGameDesk::SendRemaindedGameCount 923: 发送玩家1,天道酬勤21011,iNowGameCount=0
 2018-05-19 17:56:27 CServerGameDesk::SendRemaindedGameCount 923: 发送玩家2,乐天,iNowGameCount=0
 2018-05-19 17:56:38 CServerGameDesk::SendRemaindedGameCount 923: 发送玩家0,Lyon,iNowGameCount=0
 2018-05-19 17:56:38 CServerGameDesk::SendRemaindedGameCount 923: 发送玩家1,天道酬勤21011,iNowGameCount=0
 2018-05-19 17:56:38 CServerGameDesk::SendRemaindedGameCount 923: 发送玩家2,乐天,iNowGameCount=0
 2018-05-19 17:56:38 CServerGameDesk::SendRemaindedGameCount 923: 发送玩家3,乘风破浪21006,iNowGameCount=0
 2018-05-19 17:56:40 ThingHandleEx::ExecuteGameBegin 1460: 20111004：游戏开始, m_iRunGameCount0
 2018-05-19 17:57:08 ThingHandleEx::ExecuteCountFen 2860:  游戏结算,玩家 0 ,Lyon 的杠分=0 胡番=0 码分=0
 2018-05-19 17:57:08 ThingHandleEx::ExecuteCountFen 2861:  游戏结算,玩家 0 的总分=0
 2018-05-19 17:57:08 ThingHandleEx::ExecuteCountFen 2860:  游戏结算,玩家 1 ,天道酬勤21011 的杠分=0 胡番=0 码分=0
 2018-05-19 17:57:08 ThingHandleEx::ExecuteCountFen 2861:  游戏结算,玩家 1 的总分=0
 2018-05-19 17:57:08 ThingHandleEx::ExecuteCountFen 2860:  游戏结算,玩家 2 ,乐天 的杠分=0 胡番=0 码分=0
 2018-05-19 17:57:08 ThingHandleEx::ExecuteCountFen 2861:  游戏结算,玩家 2 的总分=0
 2018-05-19 17:57:08 ThingHandleEx::ExecuteCountFen 2860:  游戏结算,玩家 3 ,乘风破浪21006 的杠分=0 胡番=0 码分=0
 2018-05-19 17:57:08 ThingHandleEx::ExecuteCountFen 2861:  游戏结算,玩家 3 的总分=0
 2018-05-19 17:57:08 CServerGameDesk::DissMissRoomBefore 841: 玩了0局, 中途解散房间
 2018-05-19 17:57:08 CServerGameDesk::UpdateCalculateBoard 898: 玩家0,Lyon的自摸次数=0明杠=0,暗杠=0,中码=0,点炮=0,总成绩=0
 2018-05-19 17:57:08 CServerGameDesk::UpdateCalculateBoard 898: 玩家1,天道酬勤21011的自摸次数=0明杠=0,暗杠=0,中码=0,点炮=0,总成绩=0
 2018-05-19 17:57:08 CServerGameDesk::UpdateCalculateBoard 898: 玩家2,乐天的自摸次数=0明杠=0,暗杠=0,中码=0,点炮=0,总成绩=0
 2018-05-19 17:57:08 CServerGameDesk::UpdateCalculateBoard 898: 玩家3,乘风破浪21006的自摸次数=0明杠=0,暗杠=0,中码=0,点炮=0,总成绩=0
 2018-05-19 17:57:08 CServerGameDesk::GameFinish 288: 游戏解散结束
