 2018-06-13 22:39:13 CServerGameDesk::SendRemaindedGameCount 924: 发送玩家0,钻石雨,iNowGameCount=0
 2018-06-13 22:40:39 CServerGameDesk::SendRemaindedGameCount 924: 发送玩家0,钻石雨,iNowGameCount=0
 2018-06-13 22:40:39 CServerGameDesk::SendRemaindedGameCount 924: 发送玩家1,约麻小二,iNowGameCount=0
 2018-06-13 22:40:46 CServerGameDesk::SendRemaindedGameCount 924: 发送玩家0,钻石雨,iNowGameCount=0
 2018-06-13 22:40:46 CServerGameDesk::SendRemaindedGameCount 924: 发送玩家1,约麻小二,iNowGameCount=0
 2018-06-13 22:40:46 CServerGameDesk::SendRemaindedGameCount 924: 发送玩家2,乐透九江客服,iNowGameCount=0
 2018-06-13 22:40:53 CServerGameDesk::SendRemaindedGameCount 924: 发送玩家0,钻石雨,iNowGameCount=0
 2018-06-13 22:40:53 CServerGameDesk::SendRemaindedGameCount 924: 发送玩家1,约麻小二,iNowGameCount=0
 2018-06-13 22:40:53 CServerGameDesk::SendRemaindedGameCount 924: 发送玩家2,乐透九江客服,iNowGameCount=0
 2018-06-13 22:40:53 CServerGameDesk::SendRemaindedGameCount 924: 发送玩家3,麻馆小二,iNowGameCount=0
 2018-06-13 22:40:58 ThingHandleEx::ExecuteGameBegin 1460: 20111004：游戏开始, m_iRunGameCount0
 2018-06-13 22:41:32 ThingHandleEx::ExecuteZhuaPai 2561: 玩家乐透九江客服要胡
 2018-06-13 22:41:36 ThingHandleEx::ExecuteZhongNiao 1428: 中鸟阶段:S: ZhongNiao[0]=8
 2018-06-13 22:41:36 ThingHandleEx::ExecuteZhongNiao 1434: 中码结算, 该局玩家0的码分=0
 2018-06-13 22:41:36 ThingHandleEx::ExecuteZhongNiao 1434: 中码结算, 该局玩家1的码分=0
 2018-06-13 22:41:36 ThingHandleEx::ExecuteZhongNiao 1434: 中码结算, 该局玩家2的码分=0
 2018-06-13 22:41:36 ThingHandleEx::ExecuteZhongNiao 1434: 中码结算, 该局玩家3的码分=0
 2018-06-13 22:41:41 ThingHandleEx::ExecuteCountFen 2804: 算分,玩家  的自摸次数=1
 2018-06-13 22:41:41 ThingHandleEx::ExecuteCountFen 2860:  游戏结算,玩家 0 ,钻石雨 的杠分=0 胡番=-2 码分=0
 2018-06-13 22:41:41 ThingHandleEx::ExecuteCountFen 2861:  游戏结算,玩家 0 的总分=-2
 2018-06-13 22:41:41 ThingHandleEx::ExecuteCountFen 2860:  游戏结算,玩家 1 ,约麻小二 的杠分=0 胡番=-2 码分=0
 2018-06-13 22:41:41 ThingHandleEx::ExecuteCountFen 2861:  游戏结算,玩家 1 的总分=-2
 2018-06-13 22:41:41 ThingHandleEx::ExecuteCountFen 2860:  游戏结算,玩家 2 ,乐透九江客服 的杠分=0 胡番=6 码分=0
 2018-06-13 22:41:41 ThingHandleEx::ExecuteCountFen 2861:  游戏结算,玩家 2 的总分=6
 2018-06-13 22:41:41 ThingHandleEx::ExecuteCountFen 2860:  游戏结算,玩家 3 ,麻馆小二 的杠分=0 胡番=-2 码分=0
 2018-06-13 22:41:41 ThingHandleEx::ExecuteCountFen 2861:  游戏结算,玩家 3 的总分=-2
 2018-06-13 22:41:42 CServerGameDesk::GameFinish 376: 游戏正常结束，发送大结算
 2018-06-13 22:41:42 CServerGameDesk::UpdateCalculateBoard 899: 玩家0,钻石雨的自摸次数=0明杠=0,暗杠=0,中码=0,点炮=0,总成绩=-2
 2018-06-13 22:41:42 CServerGameDesk::UpdateCalculateBoard 899: 玩家1,约麻小二的自摸次数=0明杠=0,暗杠=0,中码=0,点炮=0,总成绩=-2
 2018-06-13 22:41:42 CServerGameDesk::UpdateCalculateBoard 899: 玩家2,乐透九江客服的自摸次数=1明杠=0,暗杠=0,中码=0,点炮=0,总成绩=6
 2018-06-13 22:41:42 CServerGameDesk::UpdateCalculateBoard 899: 玩家3,麻馆小二的自摸次数=0明杠=0,暗杠=0,中码=0,点炮=0,总成绩=-2
 2018-06-13 22:41:42 CServerGameDesk::GameFinish 394: 第1局正常结束
