 2018-06-03 17:19:28 CServerGameDesk::SendRemaindedGameCount 924: 发送玩家0,婷婷,iNowGameCount=0
 2018-06-03 17:20:26 CServerGameDesk::SendRemaindedGameCount 924: 发送玩家0,婷婷,iNowGameCount=0
 2018-06-03 17:20:26 CServerGameDesk::SendRemaindedGameCount 924: 发送玩家1,美好的一天,iNowGameCount=0
 2018-06-03 17:22:43 CServerGameDesk::SendRemaindedGameCount 924: 发送玩家0,婷婷,iNowGameCount=0
 2018-06-03 17:22:43 CServerGameDesk::SendRemaindedGameCount 924: 发送玩家1,美好的一天,iNowGameCount=0
 2018-06-03 17:22:43 CServerGameDesk::SendRemaindedGameCount 924: 发送玩家2,感恩,iNowGameCount=0
 2018-06-03 17:24:48 CServerGameDesk::SendRemaindedGameCount 924: 发送玩家0,婷婷,iNowGameCount=0
 2018-06-03 17:24:48 CServerGameDesk::SendRemaindedGameCount 924: 发送玩家1,美好的一天,iNowGameCount=0
 2018-06-03 17:24:48 CServerGameDesk::SendRemaindedGameCount 924: 发送玩家2,感恩,iNowGameCount=0
 2018-06-03 17:24:48 CServerGameDesk::SendRemaindedGameCount 924: 发送玩家3,平淡21210,iNowGameCount=0
 2018-06-03 17:24:54 ThingHandleEx::ExecuteGameBegin 1460: 20111004：游戏开始, m_iRunGameCount0
 2018-06-03 17:30:05 ThingHandleEx::ExecuteCountFen 2860:  游戏结算,玩家 0 ,婷婷 的杠分=0 胡番=0 码分=0
 2018-06-03 17:30:05 ThingHandleEx::ExecuteCountFen 2861:  游戏结算,玩家 0 的总分=0
 2018-06-03 17:30:05 ThingHandleEx::ExecuteCountFen 2860:  游戏结算,玩家 1 ,美好的一天 的杠分=0 胡番=0 码分=0
 2018-06-03 17:30:05 ThingHandleEx::ExecuteCountFen 2861:  游戏结算,玩家 1 的总分=0
 2018-06-03 17:30:05 ThingHandleEx::ExecuteCountFen 2860:  游戏结算,玩家 2 ,感恩 的杠分=0 胡番=0 码分=0
 2018-06-03 17:30:05 ThingHandleEx::ExecuteCountFen 2861:  游戏结算,玩家 2 的总分=0
 2018-06-03 17:30:05 ThingHandleEx::ExecuteCountFen 2860:  游戏结算,玩家 3 ,平淡21210 的杠分=0 胡番=0 码分=0
 2018-06-03 17:30:05 ThingHandleEx::ExecuteCountFen 2861:  游戏结算,玩家 3 的总分=0
 2018-06-03 17:30:05 CServerGameDesk::DissMissRoomBefore 841: 玩了0局, 中途解散房间
 2018-06-03 17:30:05 CServerGameDesk::UpdateCalculateBoard 899: 玩家0,婷婷的自摸次数=0明杠=0,暗杠=0,中码=0,点炮=0,总成绩=0
 2018-06-03 17:30:05 CServerGameDesk::UpdateCalculateBoard 899: 玩家1,美好的一天的自摸次数=0明杠=0,暗杠=0,中码=0,点炮=0,总成绩=0
 2018-06-03 17:30:05 CServerGameDesk::UpdateCalculateBoard 899: 玩家2,感恩的自摸次数=0明杠=0,暗杠=0,中码=0,点炮=0,总成绩=0
 2018-06-03 17:30:05 CServerGameDesk::UpdateCalculateBoard 899: 玩家3,平淡21210的自摸次数=0明杠=0,暗杠=0,中码=0,点炮=0,总成绩=0
 2018-06-03 17:30:05 CServerGameDesk::GameFinish 288: 游戏解散结束
