[2018-04-25 17:50:43] 掷2颗色子确定起牌方向： byGetPaiDir=0-Phone14610, 4 6
[2018-04-25 17:50:46] 掷2颗色子确定起牌敦数事件: 5 2 7
[2018-04-25 17:50:51] 玩家0-Phone14610的门牌： 
[2018-04-25 17:50:51]   门牌1=0
[2018-04-25 17:50:51]   门牌2=0
[2018-04-25 17:50:51]   门牌3=0
[2018-04-25 17:50:51]   门牌4=0
[2018-04-25 17:50:51]   门牌5=0
[2018-04-25 17:50:51]   门牌6=0
[2018-04-25 17:50:51]   门牌7=0
[2018-04-25 17:50:51]   门牌8=0
[2018-04-25 17:50:51]   门牌9=0
[2018-04-25 17:50:51]   门牌10=0
[2018-04-25 17:50:51]   门牌11=0
[2018-04-25 17:50:51]   门牌12=0
[2018-04-25 17:50:51]   门牌13=0
[2018-04-25 17:50:51]   门牌14=0
[2018-04-25 17:50:51]   门牌15=255
[2018-04-25 17:50:51]   门牌16=255
[2018-04-25 17:50:51]   门牌17=255
[2018-04-25 17:50:51]   门牌18=255
[2018-04-25 17:50:51]   门牌19=255
[2018-04-25 17:50:51]   门牌20=255
[2018-04-25 17:50:51]   门牌21=255
[2018-04-25 17:50:51]   门牌22=255
[2018-04-25 17:50:51]   门牌23=255
[2018-04-25 17:50:51]   门牌24=255
[2018-04-25 17:50:51]   门牌25=255
[2018-04-25 17:50:51]   门牌26=255
[2018-04-25 17:50:51]   门牌27=255
[2018-04-25 17:50:51]   门牌28=255
[2018-04-25 17:50:51] 玩家1-Phone16983的门牌： 
[2018-04-25 17:50:51]   门牌1=255
[2018-04-25 17:50:51]   门牌2=255
[2018-04-25 17:50:51]   门牌3=255
[2018-04-25 17:50:51]   门牌4=255
[2018-04-25 17:50:51]   门牌5=255
[2018-04-25 17:50:51]   门牌6=255
[2018-04-25 17:50:51]   门牌7=255
[2018-04-25 17:50:51]   门牌8=255
[2018-04-25 17:50:51]   门牌9=255
[2018-04-25 17:50:51]   门牌10=255
[2018-04-25 17:50:51]   门牌11=255
[2018-04-25 17:50:51]   门牌12=255
[2018-04-25 17:50:51]   门牌13=255
[2018-04-25 17:50:51]   门牌14=255
[2018-04-25 17:50:51]   门牌15=255
[2018-04-25 17:50:51]   门牌16=255
[2018-04-25 17:50:51]   门牌17=255
[2018-04-25 17:50:51]   门牌18=255
[2018-04-25 17:50:51]   门牌19=255
[2018-04-25 17:50:51]   门牌20=255
[2018-04-25 17:50:51]   门牌21=255
[2018-04-25 17:50:51]   门牌22=255
[2018-04-25 17:50:51]   门牌23=255
[2018-04-25 17:50:51]   门牌24=255
[2018-04-25 17:50:51]   门牌25=255
[2018-04-25 17:50:51]   门牌26=255
[2018-04-25 17:50:51]   门牌27=255
[2018-04-25 17:50:51]   门牌28=255
[2018-04-25 17:50:51] 玩家2-Phone16504的门牌： 
[2018-04-25 17:50:51]   门牌1=255
[2018-04-25 17:50:51]   门牌2=255
[2018-04-25 17:50:51]   门牌3=255
[2018-04-25 17:50:51]   门牌4=255
[2018-04-25 17:50:51]   门牌5=255
[2018-04-25 17:50:51]   门牌6=255
[2018-04-25 17:50:51]   门牌7=255
[2018-04-25 17:50:51]   门牌8=255
[2018-04-25 17:50:51]   门牌9=255
[2018-04-25 17:50:51]   门牌10=255
[2018-04-25 17:50:51]   门牌11=255
[2018-04-25 17:50:51]   门牌12=0
[2018-04-25 17:50:51]   门牌13=0
[2018-04-25 17:50:51]   门牌14=0
[2018-04-25 17:50:51]   门牌15=0
[2018-04-25 17:50:51]   门牌16=0
[2018-04-25 17:50:51]   门牌17=0
[2018-04-25 17:50:51]   门牌18=0
[2018-04-25 17:50:51]   门牌19=0
[2018-04-25 17:50:51]   门牌20=0
[2018-04-25 17:50:51]   门牌21=0
[2018-04-25 17:50:51]   门牌22=0
[2018-04-25 17:50:51]   门牌23=0
[2018-04-25 17:50:51]   门牌24=0
[2018-04-25 17:50:51]   门牌25=0
[2018-04-25 17:50:51]   门牌26=0
[2018-04-25 17:50:51]   门牌27=0
[2018-04-25 17:50:51]   门牌28=0
[2018-04-25 17:50:51] 玩家3-Phone14586的门牌： 
[2018-04-25 17:50:51]   门牌1=0
[2018-04-25 17:50:51]   门牌2=0
[2018-04-25 17:50:51]   门牌3=0
[2018-04-25 17:50:51]   门牌4=0
[2018-04-25 17:50:51]   门牌5=0
[2018-04-25 17:50:51]   门牌6=0
[2018-04-25 17:50:51]   门牌7=0
[2018-04-25 17:50:51]   门牌8=0
[2018-04-25 17:50:51]   门牌9=0
[2018-04-25 17:50:51]   门牌10=0
[2018-04-25 17:50:51]   门牌11=0
[2018-04-25 17:50:51]   门牌12=0
[2018-04-25 17:50:51]   门牌13=0
[2018-04-25 17:50:51]   门牌14=0
[2018-04-25 17:50:51]   门牌15=0
[2018-04-25 17:50:51]   门牌16=0
[2018-04-25 17:50:51]   门牌17=0
[2018-04-25 17:50:51]   门牌18=0
[2018-04-25 17:50:51]   门牌19=0
[2018-04-25 17:50:51]   门牌20=0
[2018-04-25 17:50:51]   门牌21=0
[2018-04-25 17:50:51]   门牌22=0
[2018-04-25 17:50:51]   门牌23=0
[2018-04-25 17:50:51]   门牌24=0
[2018-04-25 17:50:51]   门牌25=255
[2018-04-25 17:50:51]   门牌26=255
[2018-04-25 17:50:51]   门牌27=255
[2018-04-25 17:50:51]   门牌28=255
[2018-04-25 17:58:37] 掷2颗色子确定起牌方向： byGetPaiDir=3-Phone14586, 4 2
[2018-04-25 17:58:40] 掷2颗色子确定起牌敦数事件: 1 1 2
[2018-04-25 17:58:45] 玩家0-Phone14610的门牌： 
[2018-04-25 17:58:45]   门牌1=255
[2018-04-25 17:58:45]   门牌2=255
[2018-04-25 17:58:45]   门牌3=255
[2018-04-25 17:58:45]   门牌4=255
[2018-04-25 17:58:45]   门牌5=255
[2018-04-25 17:58:45]   门牌6=255
[2018-04-25 17:58:45]   门牌7=255
[2018-04-25 17:58:45]   门牌8=255
[2018-04-25 17:58:45]   门牌9=255
[2018-04-25 17:58:45]   门牌10=255
[2018-04-25 17:58:45]   门牌11=255
[2018-04-25 17:58:45]   门牌12=255
[2018-04-25 17:58:45]   门牌13=255
[2018-04-25 17:58:45]   门牌14=255
[2018-04-25 17:58:45]   门牌15=255
[2018-04-25 17:58:45]   门牌16=255
[2018-04-25 17:58:45]   门牌17=255
[2018-04-25 17:58:45]   门牌18=255
[2018-04-25 17:58:45]   门牌19=255
[2018-04-25 17:58:45]   门牌20=255
[2018-04-25 17:58:45]   门牌21=255
[2018-04-25 17:58:45]   门牌22=255
[2018-04-25 17:58:45]   门牌23=255
[2018-04-25 17:58:45]   门牌24=255
[2018-04-25 17:58:45]   门牌25=255
[2018-04-25 17:58:45]   门牌26=255
[2018-04-25 17:58:45]   门牌27=255
[2018-04-25 17:58:45]   门牌28=0
[2018-04-25 17:58:45] 玩家1-Phone16983的门牌： 
[2018-04-25 17:58:45]   门牌1=0
[2018-04-25 17:58:45]   门牌2=0
[2018-04-25 17:58:45]   门牌3=0
[2018-04-25 17:58:45]   门牌4=0
[2018-04-25 17:58:45]   门牌5=0
[2018-04-25 17:58:45]   门牌6=0
[2018-04-25 17:58:45]   门牌7=0
[2018-04-25 17:58:45]   门牌8=0
[2018-04-25 17:58:45]   门牌9=0
[2018-04-25 17:58:45]   门牌10=0
[2018-04-25 17:58:45]   门牌11=0
[2018-04-25 17:58:45]   门牌12=0
[2018-04-25 17:58:45]   门牌13=0
[2018-04-25 17:58:45]   门牌14=0
[2018-04-25 17:58:45]   门牌15=0
[2018-04-25 17:58:45]   门牌16=0
[2018-04-25 17:58:45]   门牌17=0
[2018-04-25 17:58:45]   门牌18=0
[2018-04-25 17:58:45]   门牌19=0
[2018-04-25 17:58:45]   门牌20=0
[2018-04-25 17:58:45]   门牌21=0
[2018-04-25 17:58:45]   门牌22=0
[2018-04-25 17:58:45]   门牌23=0
[2018-04-25 17:58:45]   门牌24=0
[2018-04-25 17:58:45]   门牌25=0
[2018-04-25 17:58:45]   门牌26=0
[2018-04-25 17:58:45]   门牌27=255
[2018-04-25 17:58:45]   门牌28=255
[2018-04-25 17:58:45] 玩家2-Phone16504的门牌： 
[2018-04-25 17:58:45]   门牌1=0
[2018-04-25 17:58:45]   门牌2=0
[2018-04-25 17:58:45]   门牌3=0
[2018-04-25 17:58:45]   门牌4=0
[2018-04-25 17:58:45]   门牌5=0
[2018-04-25 17:58:45]   门牌6=0
[2018-04-25 17:58:45]   门牌7=0
[2018-04-25 17:58:45]   门牌8=0
[2018-04-25 17:58:45]   门牌9=0
[2018-04-25 17:58:45]   门牌10=0
[2018-04-25 17:58:45]   门牌11=0
[2018-04-25 17:58:45]   门牌12=0
[2018-04-25 17:58:45]   门牌13=0
[2018-04-25 17:58:45]   门牌14=0
[2018-04-25 17:58:45]   门牌15=0
[2018-04-25 17:58:45]   门牌16=0
[2018-04-25 17:58:45]   门牌17=0
[2018-04-25 17:58:45]   门牌18=0
[2018-04-25 17:58:45]   门牌19=0
[2018-04-25 17:58:45]   门牌20=0
[2018-04-25 17:58:45]   门牌21=0
[2018-04-25 17:58:45]   门牌22=0
[2018-04-25 17:58:45]   门牌23=0
[2018-04-25 17:58:45]   门牌24=0
[2018-04-25 17:58:45]   门牌25=0
[2018-04-25 17:58:45]   门牌26=0
[2018-04-25 17:58:45]   门牌27=255
[2018-04-25 17:58:45]   门牌28=255
[2018-04-25 17:58:45] 玩家3-Phone14586的门牌： 
[2018-04-25 17:58:45]   门牌1=255
[2018-04-25 17:58:45]   门牌2=255
[2018-04-25 17:58:45]   门牌3=255
[2018-04-25 17:58:45]   门牌4=255
[2018-04-25 17:58:45]   门牌5=255
[2018-04-25 17:58:45]   门牌6=255
[2018-04-25 17:58:45]   门牌7=255
[2018-04-25 17:58:45]   门牌8=255
[2018-04-25 17:58:45]   门牌9=255
[2018-04-25 17:58:45]   门牌10=255
[2018-04-25 17:58:45]   门牌11=255
[2018-04-25 17:58:45]   门牌12=255
[2018-04-25 17:58:45]   门牌13=255
[2018-04-25 17:58:45]   门牌14=255
[2018-04-25 17:58:45]   门牌15=255
[2018-04-25 17:58:45]   门牌16=255
[2018-04-25 17:58:45]   门牌17=255
[2018-04-25 17:58:45]   门牌18=255
[2018-04-25 17:58:45]   门牌19=255
[2018-04-25 17:58:45]   门牌20=255
[2018-04-25 17:58:45]   门牌21=255
[2018-04-25 17:58:45]   门牌22=255
[2018-04-25 17:58:45]   门牌23=255
[2018-04-25 17:58:45]   门牌24=255
[2018-04-25 17:58:45]   门牌25=255
[2018-04-25 17:58:45]   门牌26=255
[2018-04-25 17:58:45]   门牌27=255
[2018-04-25 17:58:45]   门牌28=255
[2018-04-25 17:59:15] 解散房间 VIP=1
[2018-04-25 17:59:15] 发送大结算
