 2018-06-05 13:56:51 CServerGameDesk::sendState 482: sendstate >>>>>>>>>>>>>>>>>>>>>>>>>>>>>>> 0 state: 0
 2018-06-05 13:58:56 CServerGameDesk::UserNetCut 338: DeskNo: 0 UserID: 11094 netcut 
 2018-06-05 13:58:56 ExtensionListenerController::Add 17: Listen Add 8
 2018-06-05 13:58:56 Listener::OnAdd 20: 
 2018-06-05 13:58:56 _ERROR_ GameFinishListener::countScore 61: 
 2018-06-05 13:58:56 ExtensionListenerController::Remove 27: Listen Remove 10
 2018-06-05 13:58:57 GameFinishListener::update 27: 玩家0,11094结算0, 分数0 总分数0
 2018-06-05 13:58:57 ExtensionListenerController::OnListenEnd 99: Listen End 8
 2018-06-05 13:58:57 ExtensionListenerController::Remove 27: Listen Remove 8
 2018-06-05 13:58:57 Listener::OnRemove 27: 
 2018-06-05 13:58:57 CServerGameDesk::GameFinish 212: GameFinish 10
 2018-06-05 13:58:57 Listener::OnRemove 27: 
 2018-06-05 13:58:57 CServerGameDesk::GameClear 521: clean game





 2018-06-05 13:58:57 ExtensionListenerController::Add 17: Listen Add 2
 2018-06-05 13:58:57 Listener::OnAdd 20: 
 2018-06-05 13:58:57 CServerGameDesk::SetGameStation 168: GameStation  25
 2018-06-05 14:01:56 CServerGameDesk::GameFinish 212: GameFinish 0
 2018-06-05 14:01:56 Listener::OnRemove 27: 
 2018-06-05 14:01:56 CServerGameDesk::GameClear 521: clean game





 2018-06-05 14:01:56 ExtensionListenerController::Add 17: Listen Add 0
 2018-06-05 14:01:56 Listener::OnAdd 20: 
 2018-06-05 14:01:56 CServerGameDesk::SetGameStation 168: GameStation  0
 2018-06-05 14:01:56 CServerGameDesk::GameReset 542: reset game
 2018-06-05 14:02:46 CServerGameDesk::UserSitDesk 311: DeskNo: 0 UserID: 11094 sit 
