 2018-05-25 17:09:18 CServerGameDesk::sendState 482: sendstate >>>>>>>>>>>>>>>>>>>>>>>>>>>>>>> 0 state: 0
 2018-05-25 17:09:19 ExtensionListenerController::Listen 41: recv<<<<<<<<<<<<<<<<<<<<<<<<<<<<<<<<< User(19936)  MsgID(100)  size(41)
 2018-05-25 17:09:20 CServerGameDesk::GameFinish 212: GameFinish 13
 2018-05-25 17:09:20 ExtensionListenerController::Add 17: Listen Add 9
 2018-05-25 17:09:20 Listener::OnAdd 20: 
 2018-05-25 17:09:20 ExtensionListenerController::OnListenEnd 81: Listen End 9
 2018-05-25 17:09:20 ExtensionListenerController::Remove 27: Listen Remove 9
 2018-05-25 17:09:20 Listener::OnRemove 27: 
 2018-05-25 17:09:20 Listener::OnRemove 27: 
 2018-05-25 17:09:20 CServerGameDesk::GameClear 521: clean game





 2018-05-25 17:09:20 ExtensionListenerController::Add 17: Listen Add 0
 2018-05-25 17:09:20 Listener::OnAdd 20: 
 2018-05-25 17:09:20 CServerGameDesk::SetGameStation 168: GameStation  0
 2018-05-25 17:09:20 CServerGameDesk::GameReset 542: reset game
 2018-05-25 17:53:59 CServerGameDesk::UserSitDesk 311: DeskNo: 0 UserID: 20930 sit 
 2018-05-25 17:53:59 CServerGameDesk::UserNetCut 338: DeskNo: 0 UserID: 20930 netcut 
 2018-05-25 17:53:59 ExtensionListenerController::Add 17: Listen Add 8
 2018-05-25 17:53:59 Listener::OnAdd 20: 
 2018-05-25 17:53:59 _ERROR_ GameFinishListener::countScore 61: 
 2018-05-25 17:53:59 ExtensionListenerController::Remove 27: Listen Remove 10
 2018-05-25 17:54:01 CServerGameDesk::UserReCome 370: DeskNo: 0 UserID: 20930 recome 
 2018-05-25 17:54:01 CServerGameDesk::UserNetCut 338: DeskNo: 0 UserID: 20930 netcut 
 2018-05-25 17:54:01 ExtensionListenerController::Add 17: Listen Add 8
 2018-05-25 17:57:01 CServerGameDesk::GameFinish 212: GameFinish 0
 2018-05-25 17:57:01 Listener::OnRemove 27: 
 2018-05-25 17:57:01 Listener::OnRemove 27: 
 2018-05-25 17:57:01 CServerGameDesk::GameClear 521: clean game





 2018-05-25 17:57:01 ExtensionListenerController::Add 17: Listen Add 0
 2018-05-25 17:57:01 Listener::OnAdd 20: 
 2018-05-25 17:57:01 CServerGameDesk::SetGameStation 168: GameStation  0
 2018-05-25 17:57:01 CServerGameDesk::GameReset 542: reset game
