 2018-06-05 14:02:47 CServerGameDesk::sendState 482: sendstate >>>>>>>>>>>>>>>>>>>>>>>>>>>>>>> 0 state: 0
 2018-06-05 14:03:06 CServerGameDesk::UserSitDesk 311: DeskNo: 1 UserID: 10026 sit 
 2018-06-05 14:03:09 CServerGameDesk::sendState 482: sendstate >>>>>>>>>>>>>>>>>>>>>>>>>>>>>>> 1 state: 0
 2018-06-05 14:03:09 CServerGameDesk::UserSitDesk 311: DeskNo: 2 UserID: 13921 sit 
 2018-06-05 14:03:10 CServerGameDesk::sendState 482: sendstate >>>>>>>>>>>>>>>>>>>>>>>>>>>>>>> 2 state: 0
 2018-06-05 14:03:11 CServerGameDesk::UserSitDesk 311: DeskNo: 3 UserID: 10025 sit 
 2018-06-05 14:03:11 CServerGameDesk::HandleNotifyMessage 107: deskNO: 0,UserID :11094 agree
 2018-06-05 14:03:12 CServerGameDesk::HandleNotifyMessage 107: deskNO: 1,UserID :10026 agree
 2018-06-05 14:03:12 CServerGameDesk::sendState 482: sendstate >>>>>>>>>>>>>>>>>>>>>>>>>>>>>>> 3 state: 0
 2018-06-05 14:03:13 CServerGameDesk::HandleNotifyMessage 107: deskNO: 2,UserID :13921 agree
 2018-06-05 14:03:13 CServerGameDesk::HandleNotifyMessage 107: deskNO: 3,UserID :10025 agree
 2018-06-05 14:03:13 CServerGameDesk::GameBegin 181: ---------------GameBegin (0/2)---------------
 2018-06-05 14:03:13 ExtensionListenerController::Remove 27: Listen Remove 0
 2018-06-05 14:03:13 Listener::OnRemove 27: 
 2018-06-05 14:03:13 ExtensionListenerController::Remove 27: Listen Remove 1
 2018-06-05 14:03:13 ExtensionListenerController::Remove 27: Listen Remove 2
 2018-06-05 14:03:13 ExtensionListenerController::Add 17: Listen Add 3
 2018-06-05 14:03:13 Listener::OnAdd 20: 
 2018-06-05 14:03:13 ExtensionListenerController::Add 17: Listen Add 10
 2018-06-05 14:03:13 Listener::OnAdd 20: 
 2018-06-05 14:03:13 ExtensionListenerController::OnListenEnd 99: Listen End 3
 2018-06-05 14:03:13 ExtensionListenerController::Remove 27: Listen Remove 3
 2018-06-05 14:03:13 Listener::OnRemove 27: 
 2018-06-05 14:03:13 ExtensionListenerController::Add 17: Listen Add 4
 2018-06-05 14:03:13 Listener::OnAdd 20: 
 2018-06-05 14:03:13 CServerGameDesk::SetGameStation 168: GameStation  20
 2018-06-05 14:03:13 SendCardPlayerListener::sendCard 126: card 0:6,12,33,5,39,11,1d,11,4f,25,1c,3d,7,29,19,5,2d,a,36,22,8,3b,1c,2,2c,18,27,
 2018-06-05 14:03:13 CServerGameDesk::send2 474: send >>>>>>>>>>>>>>>>>>>>>>>>>>>>>>> to0 message id: 201 size: 113
 2018-06-05 14:03:13 SendCardPlayerListener::sendCard 126: card 1:26,1b,36,b,1a,b,1d,35,1,a,22,24,32,4e,32,2b,3d,4,23,17,2b,2a,13,33,21,2d,34,
 2018-06-05 14:03:13 CServerGameDesk::send2 474: send >>>>>>>>>>>>>>>>>>>>>>>>>>>>>>> to1 message id: 201 size: 113
 2018-06-05 14:03:13 SendCardPlayerListener::sendCard 126: card 2:18,38,28,16,23,24,3c,15,7,1a,14,2a,29,21,31,2,39,3c,9,2c,37,28,3a,d,3b,3a,4f,
 2018-06-05 14:03:13 CServerGameDesk::send2 474: send >>>>>>>>>>>>>>>>>>>>>>>>>>>>>>> to2 message id: 201 size: 113
 2018-06-05 14:03:13 SendCardPlayerListener::sendCard 126: card 3:25,34,4e,9,17,14,8,16,15,35,19,c,26,3,31,1,c,1b,27,d,38,13,6,3,12,4,37,
 2018-06-05 14:03:13 CServerGameDesk::send2 474: send >>>>>>>>>>>>>>>>>>>>>>>>>>>>>>> to3 message id: 201 size: 113
 2018-06-05 14:03:13 CServerGameDesk::send2all 463: broad >>>>>>>>>>>>>>>>>>>>>>>>>>>>>>> message id:211 size:63
 2018-06-05 14:03:13 SendCardPlayerListener::notiFine 182: 玩家 11094,LNN0003王罚 joker's Count 0
 2018-06-05 14:03:13 CServerGameDesk::send2all 463: broad >>>>>>>>>>>>>>>>>>>>>>>>>>>>>>> message id:211 size:63
 2018-06-05 14:03:13 SendCardPlayerListener::notiFine 182: 玩家 10025,LNN0001王罚 joker's Count 1
 2018-06-05 14:03:14 ExtensionListenerController::OnListenEnd 99: Listen End 4
 2018-06-05 14:03:14 ExtensionListenerController::Remove 27: Listen Remove 4
 2018-06-05 14:03:14 Listener::OnRemove 27: 
 2018-06-05 14:03:14 ExtensionListenerController::Add 17: Listen Add 5
 2018-06-05 14:03:14 Listener::OnAdd 20: 
 2018-06-05 14:03:14 CServerGameDesk::SetGameStation 168: GameStation  21
 2018-06-05 14:03:14 CServerGameDesk::send2all 463: broad >>>>>>>>>>>>>>>>>>>>>>>>>>>>>>> message id:209 size:1
 2018-06-05 14:03:14 CallListener::notiCall 142: notify user 10026call
 2018-06-05 14:03:15 ExtensionListenerController::Listen 41: recv<<<<<<<<<<<<<<<<<<<<<<<<<<<<<<<<< User(10026)  MsgID(100)  size(41)
 2018-06-05 14:03:15 CallListener::recvCall 119: recv user 10026 call 0
 2018-06-05 14:03:15 DataManage::setChallenger 603: 玩家 10026,1叫牌
 2018-06-05 14:03:15 CServerGameDesk::send2all 463: broad >>>>>>>>>>>>>>>>>>>>>>>>>>>>>>> message id:214 size:1
 2018-06-05 14:03:16 ExtensionListenerController::OnListenEnd 99: Listen End 5
 2018-06-05 14:03:16 ExtensionListenerController::Remove 27: Listen Remove 5
 2018-06-05 14:03:16 Listener::OnRemove 27: 
 2018-06-05 14:03:16 ExtensionListenerController::Add 17: Listen Add 7
 2018-06-05 14:03:16 Listener::OnAdd 20: 
 2018-06-05 14:03:16 CServerGameDesk::SetGameStation 168: GameStation  24
 2018-06-05 14:03:16 CServerGameDesk::send2all 463: broad >>>>>>>>>>>>>>>>>>>>>>>>>>>>>>> message id:202 size:1
 2018-06-05 14:03:18 ExtensionListenerController::Listen 41: recv<<<<<<<<<<<<<<<<<<<<<<<<<<<<<<<<< User(10026)  MsgID(100)  size(41)
 2018-06-05 14:03:18 PlayCardListener::recvPlayerCard 165: 玩家 10026 出牌 22,(1)
 2018-06-05 14:03:18 PlayCardListener::recvPlayerCard 170: 玩家 10026 手牌 26,1b,36,b,1a,b,1d,35,1,a,22,24,32,4e,32,2b,3d,4,23,17,2b,2a,13,33,21,2d,34,(27)
 2018-06-05 14:03:18 DataManage::checkPlayCard 494: user [10026-1] checkPlayCard 22,[1]
 2018-06-05 14:03:18 CServerGameDesk::send2 474: send >>>>>>>>>>>>>>>>>>>>>>>>>>>>>>> to0 message id: 217 size: 57
 2018-06-05 14:03:18 CServerGameDesk::send2 474: send >>>>>>>>>>>>>>>>>>>>>>>>>>>>>>> to1 message id: 217 size: 57
 2018-06-05 14:03:18 CServerGameDesk::send2 474: send >>>>>>>>>>>>>>>>>>>>>>>>>>>>>>> to2 message id: 217 size: 57
 2018-06-05 14:03:18 CServerGameDesk::send2 474: send >>>>>>>>>>>>>>>>>>>>>>>>>>>>>>> to3 message id: 217 size: 57
 2018-06-05 14:03:18 PlayCardListener::notiNext 328: noti 0 next play
 2018-06-05 14:03:18 CServerGameDesk::send2all 463: broad >>>>>>>>>>>>>>>>>>>>>>>>>>>>>>> message id:203 size:102
 2018-06-05 14:03:33 PlayCardListener::AutoPlayCard 494: 自动出牌 last 1  cur 0
 2018-06-05 14:03:33 PlayCardListener::AutoPlayCard 522: 玩家 0  自动出牌 跟牌 出牌 1
 2018-06-05 14:03:33 PlayCardListener::recvPlayerCard 165: 玩家 11094 出牌 3b,(1)
 2018-06-05 14:03:33 PlayCardListener::recvPlayerCard 170: 玩家 11094 手牌 6,12,33,5,39,11,1d,11,4f,25,1c,3d,7,29,19,5,2d,a,36,22,8,3b,1c,2,2c,18,27,(27)
 2018-06-05 14:03:33 DataManage::checkPlayCard 494: user [11094-0] checkPlayCard 3b,[1]
 2018-06-05 14:03:33 CServerGameDesk::send2 474: send >>>>>>>>>>>>>>>>>>>>>>>>>>>>>>> to0 message id: 217 size: 57
 2018-06-05 14:03:33 CServerGameDesk::send2 474: send >>>>>>>>>>>>>>>>>>>>>>>>>>>>>>> to1 message id: 217 size: 57
 2018-06-05 14:03:33 CServerGameDesk::send2 474: send >>>>>>>>>>>>>>>>>>>>>>>>>>>>>>> to2 message id: 217 size: 57
 2018-06-05 14:03:33 CServerGameDesk::send2 474: send >>>>>>>>>>>>>>>>>>>>>>>>>>>>>>> to3 message id: 217 size: 57
 2018-06-05 14:03:33 PlayCardListener::notiNext 328: noti 3 next play
 2018-06-05 14:03:33 CServerGameDesk::send2all 463: broad >>>>>>>>>>>>>>>>>>>>>>>>>>>>>>> message id:203 size:102
 2018-06-05 14:03:48 PlayCardListener::AutoPlayCard 494: 自动出牌 last 0  cur 3
 2018-06-05 14:03:48 PlayCardListener::AutoPlayCard 515: 玩家 3  自动出牌 跟牌 不要
 2018-06-05 14:03:48 PlayCardListener::recvPass 233: recv  pass Cur 3 player 3 ,lastout 0 ,next 2,nextActive 2
 2018-06-05 14:03:48 PlayCardListener::recvPass 271: 3不要，通知下家 2 出牌
 2018-06-05 14:03:48 PlayCardListener::notiNext 328: noti 2 next play
 2018-06-05 14:03:48 CServerGameDesk::send2all 463: broad >>>>>>>>>>>>>>>>>>>>>>>>>>>>>>> message id:203 size:102
 2018-06-05 14:03:54 CServerGameDesk::GameFinish 212: GameFinish 13
 2018-06-05 14:03:54 ExtensionListenerController::Add 17: Listen Add 9
 2018-06-05 14:03:54 Listener::OnAdd 20: 
 2018-06-05 14:03:54 DismissRoomListener::NotiTotalResult 57: *************************大结算***********************
 2018-06-05 14:03:54 DismissRoomListener::NotiTotalResult 63: [LNN0003,11094]  输赢金币 0,大赢家 0
 2018-06-05 14:03:54 DismissRoomListener::NotiTotalResult 63: [LNN0002,10026]  输赢金币 0,大赢家 0
 2018-06-05 14:03:54 DismissRoomListener::NotiTotalResult 63: [LNN0004,13921]  输赢金币 0,大赢家 0
 2018-06-05 14:03:54 DismissRoomListener::NotiTotalResult 63: [LNN0001,10025]  输赢金币 0,大赢家 0
 2018-06-05 14:03:54 CServerGameDesk::send2all 463: broad >>>>>>>>>>>>>>>>>>>>>>>>>>>>>>> message id:216 size:36
 2018-06-05 14:03:54 ExtensionListenerController::OnListenEnd 99: Listen End 9
 2018-06-05 14:03:54 ExtensionListenerController::Remove 27: Listen Remove 9
 2018-06-05 14:03:54 Listener::OnRemove 27: 
 2018-06-05 14:03:54 Listener::OnRemove 27: 
 2018-06-05 14:03:54 Listener::OnRemove 27: 
 2018-06-05 14:03:54 CServerGameDesk::GameClear 521: clean game





 2018-06-05 14:03:54 ExtensionListenerController::Add 17: Listen Add 0
 2018-06-05 14:03:54 Listener::OnAdd 20: 
 2018-06-05 14:03:54 CServerGameDesk::SetGameStation 168: GameStation  0
 2018-06-05 14:03:54 CServerGameDesk::GameReset 542: reset game
 2018-06-05 17:44:54 CServerGameDesk::UserSitDesk 311: DeskNo: 0 UserID: 21832 sit 
