 2018-06-05 19:04:13 CServerGameDesk::sendState 482: sendstate >>>>>>>>>>>>>>>>>>>>>>>>>>>>>>> 3 state: 25
 2018-06-05 19:04:20 CServerGameDesk::HandleNotifyMessage 107: deskNO: 3,UserID :10224 agree
 2018-06-05 19:08:52 CServerGameDesk::GameFinish 212: GameFinish 13
 2018-06-05 19:08:52 ExtensionListenerController::Add 17: Listen Add 9
 2018-06-05 19:08:52 Listener::OnAdd 20: 
 2018-06-05 19:08:52 DismissRoomListener::NotiTotalResult 57: *************************大结算***********************
 2018-06-05 19:08:52 DismissRoomListener::NotiTotalResult 63: [LNN0003,11094]  输赢金币 -1300,大赢家 0
 2018-06-05 19:08:52 DismissRoomListener::NotiTotalResult 63: [LNN0002,10026]  输赢金币 700,大赢家 1
 2018-06-05 19:08:52 DismissRoomListener::NotiTotalResult 63: [LNN0001,10025]  输赢金币 -100,大赢家 0
 2018-06-05 19:08:52 DismissRoomListener::NotiTotalResult 63: [Phone10224,10224]  输赢金币 700,大赢家 1
 2018-06-05 19:08:52 CServerGameDesk::send2all 463: broad >>>>>>>>>>>>>>>>>>>>>>>>>>>>>>> message id:216 size:36
 2018-06-05 19:08:52 ExtensionListenerController::OnListenEnd 99: Listen End 9
 2018-06-05 19:08:52 ExtensionListenerController::Remove 27: Listen Remove 9
 2018-06-05 19:08:52 Listener::OnRemove 27: 
 2018-06-05 19:08:52 Listener::OnRemove 27: 
 2018-06-05 19:08:52 CServerGameDesk::GameClear 521: clean game





 2018-06-05 19:08:52 ExtensionListenerController::Add 17: Listen Add 0
 2018-06-05 19:08:52 Listener::OnAdd 20: 
 2018-06-05 19:08:52 CServerGameDesk::SetGameStation 168: GameStation  0
 2018-06-05 19:08:52 CServerGameDesk::GameReset 542: reset game
 2018-06-05 19:09:07 CServerGameDesk::UserSitDesk 311: DeskNo: 0 UserID: 10224 sit 
