[2018-06-03 17:41:31] 掷2颗色子确定起牌方向： byGetPaiDir=0-婷婷, 3 2
[2018-06-03 17:41:34] 掷2颗色子确定起牌敦数事件: 1 1 2
[2018-06-03 17:41:39] 玩家0-婷婷的门牌： 
[2018-06-03 17:41:39]   门牌1=0
[2018-06-03 17:41:39]   门牌2=0
[2018-06-03 17:41:39]   门牌3=0
[2018-06-03 17:41:39]   门牌4=0
[2018-06-03 17:41:39]   门牌5=255
[2018-06-03 17:41:39]   门牌6=255
[2018-06-03 17:41:39]   门牌7=255
[2018-06-03 17:41:39]   门牌8=255
[2018-06-03 17:41:39]   门牌9=255
[2018-06-03 17:41:39]   门牌10=255
[2018-06-03 17:41:39]   门牌11=255
[2018-06-03 17:41:39]   门牌12=255
[2018-06-03 17:41:39]   门牌13=255
[2018-06-03 17:41:39]   门牌14=255
[2018-06-03 17:41:39]   门牌15=255
[2018-06-03 17:41:39]   门牌16=255
[2018-06-03 17:41:39]   门牌17=255
[2018-06-03 17:41:39]   门牌18=255
[2018-06-03 17:41:39]   门牌19=255
[2018-06-03 17:41:39]   门牌20=255
[2018-06-03 17:41:39]   门牌21=255
[2018-06-03 17:41:39]   门牌22=255
[2018-06-03 17:41:39]   门牌23=255
[2018-06-03 17:41:39]   门牌24=255
[2018-06-03 17:41:39]   门牌25=255
[2018-06-03 17:41:39]   门牌26=255
[2018-06-03 17:41:39]   门牌27=255
[2018-06-03 17:41:39]   门牌28=255
[2018-06-03 17:41:39] 玩家1-平淡21210的门牌： 
[2018-06-03 17:41:39]   门牌1=255
[2018-06-03 17:41:39]   门牌2=255
[2018-06-03 17:41:39]   门牌3=255
[2018-06-03 17:41:39]   门牌4=255
[2018-06-03 17:41:39]   门牌5=255
[2018-06-03 17:41:39]   门牌6=255
[2018-06-03 17:41:39]   门牌7=255
[2018-06-03 17:41:39]   门牌8=255
[2018-06-03 17:41:39]   门牌9=255
[2018-06-03 17:41:39]   门牌10=255
[2018-06-03 17:41:39]   门牌11=255
[2018-06-03 17:41:39]   门牌12=255
[2018-06-03 17:41:39]   门牌13=255
[2018-06-03 17:41:39]   门牌14=255
[2018-06-03 17:41:39]   门牌15=255
[2018-06-03 17:41:39]   门牌16=255
[2018-06-03 17:41:39]   门牌17=255
[2018-06-03 17:41:39]   门牌18=255
[2018-06-03 17:41:39]   门牌19=255
[2018-06-03 17:41:39]   门牌20=255
[2018-06-03 17:41:39]   门牌21=255
[2018-06-03 17:41:39]   门牌22=255
[2018-06-03 17:41:39]   门牌23=255
[2018-06-03 17:41:39]   门牌24=255
[2018-06-03 17:41:39]   门牌25=255
[2018-06-03 17:41:39]   门牌26=255
[2018-06-03 17:41:39]   门牌27=255
[2018-06-03 17:41:39]   门牌28=255
[2018-06-03 17:41:39] 玩家2-感恩的门牌： 
[2018-06-03 17:41:39]   门牌1=255
[2018-06-03 17:41:39]   门牌2=0
[2018-06-03 17:41:39]   门牌3=0
[2018-06-03 17:41:39]   门牌4=0
[2018-06-03 17:41:39]   门牌5=0
[2018-06-03 17:41:39]   门牌6=0
[2018-06-03 17:41:39]   门牌7=0
[2018-06-03 17:41:39]   门牌8=0
[2018-06-03 17:41:39]   门牌9=0
[2018-06-03 17:41:39]   门牌10=0
[2018-06-03 17:41:39]   门牌11=0
[2018-06-03 17:41:39]   门牌12=0
[2018-06-03 17:41:39]   门牌13=0
[2018-06-03 17:41:39]   门牌14=0
[2018-06-03 17:41:39]   门牌15=0
[2018-06-03 17:41:39]   门牌16=0
[2018-06-03 17:41:39]   门牌17=0
[2018-06-03 17:41:39]   门牌18=0
[2018-06-03 17:41:39]   门牌19=0
[2018-06-03 17:41:39]   门牌20=0
[2018-06-03 17:41:39]   门牌21=0
[2018-06-03 17:41:39]   门牌22=0
[2018-06-03 17:41:39]   门牌23=0
[2018-06-03 17:41:39]   门牌24=0
[2018-06-03 17:41:39]   门牌25=0
[2018-06-03 17:41:39]   门牌26=0
[2018-06-03 17:41:39]   门牌27=0
[2018-06-03 17:41:39]   门牌28=0
[2018-06-03 17:41:39] 玩家3-美好的一天的门牌： 
[2018-06-03 17:41:39]   门牌1=0
[2018-06-03 17:41:39]   门牌2=0
[2018-06-03 17:41:39]   门牌3=0
[2018-06-03 17:41:39]   门牌4=0
[2018-06-03 17:41:39]   门牌5=0
[2018-06-03 17:41:39]   门牌6=0
[2018-06-03 17:41:39]   门牌7=0
[2018-06-03 17:41:39]   门牌8=0
[2018-06-03 17:41:39]   门牌9=0
[2018-06-03 17:41:39]   门牌10=0
[2018-06-03 17:41:39]   门牌11=0
[2018-06-03 17:41:39]   门牌12=0
[2018-06-03 17:41:39]   门牌13=0
[2018-06-03 17:41:39]   门牌14=0
[2018-06-03 17:41:39]   门牌15=0
[2018-06-03 17:41:39]   门牌16=0
[2018-06-03 17:41:39]   门牌17=0
[2018-06-03 17:41:39]   门牌18=0
[2018-06-03 17:41:39]   门牌19=0
[2018-06-03 17:41:39]   门牌20=0
[2018-06-03 17:41:39]   门牌21=0
[2018-06-03 17:41:39]   门牌22=0
[2018-06-03 17:41:39]   门牌23=0
[2018-06-03 17:41:39]   门牌24=0
[2018-06-03 17:41:39]   门牌25=255
[2018-06-03 17:41:39]   门牌26=255
[2018-06-03 17:41:39]   门牌27=255
[2018-06-03 17:41:39]   门牌28=255
[2018-06-03 17:48:43] 解散房间 VIP=1
[2018-06-03 17:48:43] 发送大结算
