[2018-06-03 18:07:56] 掷2颗色子确定起牌方向： byGetPaiDir=3-感恩, 4 2
[2018-06-03 18:07:59] 掷2颗色子确定起牌敦数事件: 3 5 8
[2018-06-03 18:08:04] 玩家0-婷婷的门牌： 
[2018-06-03 18:08:04]   门牌1=255
[2018-06-03 18:08:04]   门牌2=255
[2018-06-03 18:08:04]   门牌3=255
[2018-06-03 18:08:04]   门牌4=255
[2018-06-03 18:08:04]   门牌5=255
[2018-06-03 18:08:04]   门牌6=255
[2018-06-03 18:08:04]   门牌7=255
[2018-06-03 18:08:04]   门牌8=255
[2018-06-03 18:08:04]   门牌9=255
[2018-06-03 18:08:04]   门牌10=255
[2018-06-03 18:08:04]   门牌11=255
[2018-06-03 18:08:04]   门牌12=255
[2018-06-03 18:08:04]   门牌13=255
[2018-06-03 18:08:04]   门牌14=255
[2018-06-03 18:08:04]   门牌15=255
[2018-06-03 18:08:04]   门牌16=255
[2018-06-03 18:08:04]   门牌17=255
[2018-06-03 18:08:04]   门牌18=255
[2018-06-03 18:08:04]   门牌19=255
[2018-06-03 18:08:04]   门牌20=255
[2018-06-03 18:08:04]   门牌21=255
[2018-06-03 18:08:04]   门牌22=255
[2018-06-03 18:08:04]   门牌23=255
[2018-06-03 18:08:04]   门牌24=255
[2018-06-03 18:08:04]   门牌25=255
[2018-06-03 18:08:04]   门牌26=255
[2018-06-03 18:08:04]   门牌27=255
[2018-06-03 18:08:04]   门牌28=255
[2018-06-03 18:08:04] 玩家1-美好的一天的门牌： 
[2018-06-03 18:08:04]   门牌1=255
[2018-06-03 18:08:04]   门牌2=255
[2018-06-03 18:08:04]   门牌3=255
[2018-06-03 18:08:04]   门牌4=255
[2018-06-03 18:08:04]   门牌5=255
[2018-06-03 18:08:04]   门牌6=255
[2018-06-03 18:08:04]   门牌7=255
[2018-06-03 18:08:04]   门牌8=255
[2018-06-03 18:08:04]   门牌9=255
[2018-06-03 18:08:04]   门牌10=255
[2018-06-03 18:08:04]   门牌11=255
[2018-06-03 18:08:04]   门牌12=0
[2018-06-03 18:08:04]   门牌13=0
[2018-06-03 18:08:04]   门牌14=0
[2018-06-03 18:08:04]   门牌15=0
[2018-06-03 18:08:04]   门牌16=0
[2018-06-03 18:08:04]   门牌17=0
[2018-06-03 18:08:04]   门牌18=0
[2018-06-03 18:08:04]   门牌19=0
[2018-06-03 18:08:04]   门牌20=0
[2018-06-03 18:08:04]   门牌21=0
[2018-06-03 18:08:04]   门牌22=0
[2018-06-03 18:08:04]   门牌23=0
[2018-06-03 18:08:04]   门牌24=0
[2018-06-03 18:08:04]   门牌25=0
[2018-06-03 18:08:04]   门牌26=0
[2018-06-03 18:08:04]   门牌27=255
[2018-06-03 18:08:04]   门牌28=255
[2018-06-03 18:08:04] 玩家2-平淡21210的门牌： 
[2018-06-03 18:08:04]   门牌1=0
[2018-06-03 18:08:04]   门牌2=0
[2018-06-03 18:08:04]   门牌3=0
[2018-06-03 18:08:04]   门牌4=0
[2018-06-03 18:08:04]   门牌5=0
[2018-06-03 18:08:04]   门牌6=0
[2018-06-03 18:08:04]   门牌7=0
[2018-06-03 18:08:04]   门牌8=0
[2018-06-03 18:08:04]   门牌9=0
[2018-06-03 18:08:04]   门牌10=0
[2018-06-03 18:08:04]   门牌11=0
[2018-06-03 18:08:04]   门牌12=0
[2018-06-03 18:08:04]   门牌13=0
[2018-06-03 18:08:04]   门牌14=0
[2018-06-03 18:08:04]   门牌15=0
[2018-06-03 18:08:04]   门牌16=0
[2018-06-03 18:08:04]   门牌17=0
[2018-06-03 18:08:04]   门牌18=0
[2018-06-03 18:08:04]   门牌19=0
[2018-06-03 18:08:04]   门牌20=0
[2018-06-03 18:08:04]   门牌21=0
[2018-06-03 18:08:04]   门牌22=0
[2018-06-03 18:08:04]   门牌23=0
[2018-06-03 18:08:04]   门牌24=0
[2018-06-03 18:08:04]   门牌25=0
[2018-06-03 18:08:04]   门牌26=0
[2018-06-03 18:08:04]   门牌27=0
[2018-06-03 18:08:04]   门牌28=0
[2018-06-03 18:08:04] 玩家3-感恩的门牌： 
[2018-06-03 18:08:04]   门牌1=0
[2018-06-03 18:08:04]   门牌2=0
[2018-06-03 18:08:04]   门牌3=0
[2018-06-03 18:08:04]   门牌4=0
[2018-06-03 18:08:04]   门牌5=0
[2018-06-03 18:08:04]   门牌6=0
[2018-06-03 18:08:04]   门牌7=0
[2018-06-03 18:08:04]   门牌8=0
[2018-06-03 18:08:04]   门牌9=0
[2018-06-03 18:08:04]   门牌10=0
[2018-06-03 18:08:04]   门牌11=255
[2018-06-03 18:08:04]   门牌12=255
[2018-06-03 18:08:04]   门牌13=255
[2018-06-03 18:08:04]   门牌14=255
[2018-06-03 18:08:04]   门牌15=255
[2018-06-03 18:08:04]   门牌16=255
[2018-06-03 18:08:04]   门牌17=255
[2018-06-03 18:08:04]   门牌18=255
[2018-06-03 18:08:04]   门牌19=255
[2018-06-03 18:08:04]   门牌20=255
[2018-06-03 18:08:04]   门牌21=255
[2018-06-03 18:08:04]   门牌22=255
[2018-06-03 18:08:04]   门牌23=255
[2018-06-03 18:08:04]   门牌24=255
[2018-06-03 18:08:04]   门牌25=255
[2018-06-03 18:08:04]   门牌26=255
[2018-06-03 18:08:04]   门牌27=255
[2018-06-03 18:08:04]   门牌28=255
