[22:16:10] 0:20810 sit
[22:16:11] 0:20810 onGetState
[22:16:11] send >>>>>>>>>>>>>>>>>>>>>>>>>>>>>>> 0 message 72 size 4
[22:16:11] 游戏局数 0,总局数 4
[22:16:11] broad >>>>>>>>>>>>>>>>>>>>>>>>>>>>>>> message 71 size 8
[22:16:15] 0:20810 ready
[22:16:37] 0:20810 leave
[22:34:37] 0:20622 sit
[22:34:38] 0:20622 onGetState
[22:34:38] send >>>>>>>>>>>>>>>>>>>>>>>>>>>>>>> 0 message 72 size 4
[22:34:38] 游戏局数 0,总局数 4
[22:34:38] broad >>>>>>>>>>>>>>>>>>>>>>>>>>>>>>> message 71 size 8
[22:34:52] 0:20622 leave
[22:34:55] 0:20622 sit
[22:34:56] 0:20622 onGetState
[22:34:56] send >>>>>>>>>>>>>>>>>>>>>>>>>>>>>>> 0 message 72 size 4
[22:34:56] 游戏局数 0,总局数 4
[22:34:56] broad >>>>>>>>>>>>>>>>>>>>>>>>>>>>>>> message 71 size 8
[22:35:11] 0:20622 leave
[22:35:21] 0:20622 sit
[22:35:22] 0:20622 onGetState
[22:35:22] send >>>>>>>>>>>>>>>>>>>>>>>>>>>>>>> 0 message 72 size 4
[22:35:22] 游戏局数 0,总局数 4
[22:35:22] broad >>>>>>>>>>>>>>>>>>>>>>>>>>>>>>> message 71 size 8
[22:35:23] 0:20622 ready
[22:36:12] 0:20622 leave
