[18:23:46] 0:20024 sit
[18:23:46] 1:21243 sit
[18:23:47] 0:20024 onGetState
[18:23:47] send >>>>>>>>>>>>>>>>>>>>>>>>>>>>>>> 0 message 72 size 4
[18:23:47] 游戏局数 0,总局数 4
[18:23:47] broad >>>>>>>>>>>>>>>>>>>>>>>>>>>>>>> message 71 size 8
[18:23:47] 1:21243 onGetState
[18:23:47] send >>>>>>>>>>>>>>>>>>>>>>>>>>>>>>> 1 message 72 size 4
[18:23:47] 游戏局数 0,总局数 4
[18:23:47] broad >>>>>>>>>>>>>>>>>>>>>>>>>>>>>>> message 71 size 8
[18:23:49] 2:20436 sit
[18:23:50] 2:20436 onGetState
[18:23:50] send >>>>>>>>>>>>>>>>>>>>>>>>>>>>>>> 2 message 72 size 4
[18:23:50] 游戏局数 0,总局数 4
[18:23:50] broad >>>>>>>>>>>>>>>>>>>>>>>>>>>>>>> message 71 size 8
[18:24:1] 0:20024 leave
[18:24:1] 1:21243 leave
[18:24:4] 2:20436 leave
[18:24:9] 0:20024 sit
[18:24:10] 1:21243 sit
[18:24:10] 0:20024 onGetState
[18:24:10] send >>>>>>>>>>>>>>>>>>>>>>>>>>>>>>> 0 message 72 size 4
[18:24:10] 游戏局数 0,总局数 4
[18:24:10] broad >>>>>>>>>>>>>>>>>>>>>>>>>>>>>>> message 71 size 8
[18:24:11] 2:21245 sit
[18:24:11] 1:21243 onGetState
[18:24:11] send >>>>>>>>>>>>>>>>>>>>>>>>>>>>>>> 1 message 72 size 4
[18:24:11] 游戏局数 0,总局数 4
[18:24:11] broad >>>>>>>>>>>>>>>>>>>>>>>>>>>>>>> message 71 size 8
[18:24:12] 3:20436 sit
[18:24:12] 2:21245 onGetState
[18:24:12] send >>>>>>>>>>>>>>>>>>>>>>>>>>>>>>> 2 message 72 size 4
[18:24:12] 游戏局数 0,总局数 4
[18:24:12] broad >>>>>>>>>>>>>>>>>>>>>>>>>>>>>>> message 71 size 8
[18:24:12] 3:20436 onGetState
[18:24:12] send >>>>>>>>>>>>>>>>>>>>>>>>>>>>>>> 3 message 72 size 4
[18:24:12] 游戏局数 0,总局数 4
[18:24:12] broad >>>>>>>>>>>>>>>>>>>>>>>>>>>>>>> message 71 size 8
[18:24:13] 3:20436 ready
[18:24:14] 0:20024 ready
[18:24:15] 1:21243 ready
[18:24:15] 2:21245 ready
[18:24:15] *****************游戏开始***************
[18:24:15] [0][20024]连庄局数 1,总局数1
[18:24:15] [1][21243]连庄局数 0,总局数1
[18:24:15] [2][21245]连庄局数 0,总局数1
[18:24:15] [3][20436]连庄局数 0,总局数1
[18:24:15] 通知 庄家 0 坐庄次数 1
[18:24:15] broad >>>>>>>>>>>>>>>>>>>>>>>>>>>>>>> message 69 size 1
[18:24:15] 游戏局数 1,总局数 4
[18:24:15] broad >>>>>>>>>>>>>>>>>>>>>>>>>>>>>>> message 71 size 8
[18:24:15] broad >>>>>>>>>>>>>>>>>>>>>>>>>>>>>>> message 51 size 0
[18:24:21] recv  55 <<<<<<<<<<<<<<<<<<<<<<<<<<<<<<< 1
[18:24:21] userbet 21243  在5 下了 10,累计下注 10
[18:24:21] broad >>>>>>>>>>>>>>>>>>>>>>>>>>>>>>> message 56 size 6
[18:24:21] 区域 0  总下注0
[18:24:21] 区域 1  总下注0
[18:24:21] 区域 2  总下注0
[18:24:21] 区域 3  总下注0
[18:24:21] 区域 4  总下注0
[18:24:21] 区域 5  总下注10
[18:24:21] send >>>>>>>>>>>>>>>>>>>>>>>>>>>>>>> 0 message 57 size 112
[18:24:21] 玩家21243在区域 0  总下注0
[18:24:21] 玩家21243在区域 1  总下注0
[18:24:21] 玩家21243在区域 2  总下注0
[18:24:21] 玩家21243在区域 3  总下注0
[18:24:21] 玩家21243在区域 4  总下注0
[18:24:21] 玩家21243在区域 5  总下注10
[18:24:21] 玩家21243 总下注10
[18:24:21] send >>>>>>>>>>>>>>>>>>>>>>>>>>>>>>> 1 message 57 size 112
[18:24:21] 玩家21245在区域 0  总下注0
[18:24:21] 玩家21245在区域 1  总下注0
[18:24:21] 玩家21245在区域 2  总下注0
[18:24:21] 玩家21245在区域 3  总下注0
[18:24:21] 玩家21245在区域 4  总下注0
[18:24:21] 玩家21245在区域 5  总下注0
[18:24:21] 玩家21245 总下注0
[18:24:21] send >>>>>>>>>>>>>>>>>>>>>>>>>>>>>>> 2 message 57 size 112
[18:24:21] 玩家20436在区域 0  总下注0
[18:24:21] 玩家20436在区域 1  总下注0
[18:24:21] 玩家20436在区域 2  总下注0
[18:24:21] 玩家20436在区域 3  总下注0
[18:24:21] 玩家20436在区域 4  总下注0
[18:24:21] 玩家20436在区域 5  总下注0
[18:24:21] 玩家20436 总下注0
[18:24:21] send >>>>>>>>>>>>>>>>>>>>>>>>>>>>>>> 3 message 57 size 112
[18:24:21] recv  55 <<<<<<<<<<<<<<<<<<<<<<<<<<<<<<< 1
[18:24:21] userbet 21243  在2 下了 10,累计下注 20
[18:24:21] broad >>>>>>>>>>>>>>>>>>>>>>>>>>>>>>> message 56 size 6
[18:24:21] 区域 0  总下注0
[18:24:21] 区域 1  总下注0
[18:24:21] 区域 2  总下注10
[18:24:21] 区域 3  总下注0
[18:24:21] 区域 4  总下注0
[18:24:21] 区域 5  总下注10
[18:24:21] send >>>>>>>>>>>>>>>>>>>>>>>>>>>>>>> 0 message 57 size 112
[18:24:21] 玩家21243在区域 0  总下注0
[18:24:21] 玩家21243在区域 1  总下注0
[18:24:21] 玩家21243在区域 2  总下注10
[18:24:21] 玩家21243在区域 3  总下注0
[18:24:21] 玩家21243在区域 4  总下注0
[18:24:21] 玩家21243在区域 5  总下注10
[18:24:21] 玩家21243 总下注20
[18:24:21] send >>>>>>>>>>>>>>>>>>>>>>>>>>>>>>> 1 message 57 size 112
[18:24:21] 玩家21245在区域 0  总下注0
[18:24:21] 玩家21245在区域 1  总下注0
[18:24:21] 玩家21245在区域 2  总下注0
[18:24:21] 玩家21245在区域 3  总下注0
[18:24:21] 玩家21245在区域 4  总下注0
[18:24:21] 玩家21245在区域 5  总下注0
[18:24:21] 玩家21245 总下注0
[18:24:21] send >>>>>>>>>>>>>>>>>>>>>>>>>>>>>>> 2 message 57 size 112
[18:24:21] 玩家20436在区域 0  总下注0
[18:24:21] 玩家20436在区域 1  总下注0
[18:24:21] 玩家20436在区域 2  总下注0
[18:24:21] 玩家20436在区域 3  总下注0
[18:24:21] 玩家20436在区域 4  总下注0
[18:24:21] 玩家20436在区域 5  总下注0
[18:24:21] 玩家20436 总下注0
[18:24:21] send >>>>>>>>>>>>>>>>>>>>>>>>>>>>>>> 3 message 57 size 112
[18:24:21] recv  55 <<<<<<<<<<<<<<<<<<<<<<<<<<<<<<< 1
[18:24:21] userbet 21243  在4 下了 10,累计下注 30
[18:24:21] broad >>>>>>>>>>>>>>>>>>>>>>>>>>>>>>> message 56 size 6
[18:24:21] 区域 0  总下注0
[18:24:21] 区域 1  总下注0
[18:24:21] 区域 2  总下注10
[18:24:21] 区域 3  总下注0
[18:24:21] 区域 4  总下注10
[18:24:21] 区域 5  总下注10
[18:24:21] send >>>>>>>>>>>>>>>>>>>>>>>>>>>>>>> 0 message 57 size 112
[18:24:21] 玩家21243在区域 0  总下注0
[18:24:21] 玩家21243在区域 1  总下注0
[18:24:21] 玩家21243在区域 2  总下注10
[18:24:21] 玩家21243在区域 3  总下注0
[18:24:21] 玩家21243在区域 4  总下注10
[18:24:21] 玩家21243在区域 5  总下注10
[18:24:21] 玩家21243 总下注30
[18:24:21] send >>>>>>>>>>>>>>>>>>>>>>>>>>>>>>> 1 message 57 size 112
[18:24:21] 玩家21245在区域 0  总下注0
[18:24:21] 玩家21245在区域 1  总下注0
[18:24:21] 玩家21245在区域 2  总下注0
[18:24:21] 玩家21245在区域 3  总下注0
[18:24:21] 玩家21245在区域 4  总下注0
[18:24:21] 玩家21245在区域 5  总下注0
[18:24:21] 玩家21245 总下注0
[18:24:21] send >>>>>>>>>>>>>>>>>>>>>>>>>>>>>>> 2 message 57 size 112
[18:24:21] 玩家20436在区域 0  总下注0
[18:24:21] 玩家20436在区域 1  总下注0
[18:24:21] 玩家20436在区域 2  总下注0
[18:24:21] 玩家20436在区域 3  总下注0
[18:24:21] 玩家20436在区域 4  总下注0
[18:24:21] 玩家20436在区域 5  总下注0
[18:24:21] 玩家20436 总下注0
[18:24:21] send >>>>>>>>>>>>>>>>>>>>>>>>>>>>>>> 3 message 57 size 112
[18:24:22] recv  55 <<<<<<<<<<<<<<<<<<<<<<<<<<<<<<< 2
[18:24:22] userbet 21245  在1 下了 10,累计下注 10
[18:24:22] broad >>>>>>>>>>>>>>>>>>>>>>>>>>>>>>> message 56 size 6
[18:24:22] 区域 0  总下注0
[18:24:22] 区域 1  总下注10
[18:24:22] 区域 2  总下注10
[18:24:22] 区域 3  总下注0
[18:24:22] 区域 4  总下注10
[18:24:22] 区域 5  总下注10
[18:24:22] send >>>>>>>>>>>>>>>>>>>>>>>>>>>>>>> 0 message 57 size 112
[18:24:22] 玩家21243在区域 0  总下注0
[18:24:22] 玩家21243在区域 1  总下注0
[18:24:22] 玩家21243在区域 2  总下注10
[18:24:22] 玩家21243在区域 3  总下注0
[18:24:22] 玩家21243在区域 4  总下注10
[18:24:22] 玩家21243在区域 5  总下注10
[18:24:22] 玩家21243 总下注30
[18:24:22] send >>>>>>>>>>>>>>>>>>>>>>>>>>>>>>> 1 message 57 size 112
[18:24:22] 玩家21245在区域 0  总下注0
[18:24:22] 玩家21245在区域 1  总下注10
[18:24:22] 玩家21245在区域 2  总下注0
[18:24:22] 玩家21245在区域 3  总下注0
[18:24:22] 玩家21245在区域 4  总下注0
[18:24:22] 玩家21245在区域 5  总下注0
[18:24:22] 玩家21245 总下注10
[18:24:22] send >>>>>>>>>>>>>>>>>>>>>>>>>>>>>>> 2 message 57 size 112
[18:24:22] 玩家20436在区域 0  总下注0
[18:24:22] 玩家20436在区域 1  总下注0
[18:24:22] 玩家20436在区域 2  总下注0
[18:24:22] 玩家20436在区域 3  总下注0
[18:24:22] 玩家20436在区域 4  总下注0
[18:24:22] 玩家20436在区域 5  总下注0
[18:24:22] 玩家20436 总下注0
[18:24:22] send >>>>>>>>>>>>>>>>>>>>>>>>>>>>>>> 3 message 57 size 112
[18:24:22] recv  55 <<<<<<<<<<<<<<<<<<<<<<<<<<<<<<< 2
[18:24:22] userbet 21245  在1 下了 10,累计下注 20
[18:24:22] broad >>>>>>>>>>>>>>>>>>>>>>>>>>>>>>> message 56 size 6
[18:24:22] 区域 0  总下注0
[18:24:22] 区域 1  总下注20
[18:24:22] 区域 2  总下注10
[18:24:22] 区域 3  总下注0
[18:24:22] 区域 4  总下注10
[18:24:22] 区域 5  总下注10
[18:24:22] send >>>>>>>>>>>>>>>>>>>>>>>>>>>>>>> 0 message 57 size 112
[18:24:22] 玩家21243在区域 0  总下注0
[18:24:22] 玩家21243在区域 1  总下注0
[18:24:22] 玩家21243在区域 2  总下注10
[18:24:22] 玩家21243在区域 3  总下注0
[18:24:22] 玩家21243在区域 4  总下注10
[18:24:22] 玩家21243在区域 5  总下注10
[18:24:22] 玩家21243 总下注30
[18:24:22] send >>>>>>>>>>>>>>>>>>>>>>>>>>>>>>> 1 message 57 size 112
[18:24:22] 玩家21245在区域 0  总下注0
[18:24:22] 玩家21245在区域 1  总下注20
[18:24:22] 玩家21245在区域 2  总下注0
[18:24:22] 玩家21245在区域 3  总下注0
[18:24:22] 玩家21245在区域 4  总下注0
[18:24:22] 玩家21245在区域 5  总下注0
[18:24:22] 玩家21245 总下注20
[18:24:22] send >>>>>>>>>>>>>>>>>>>>>>>>>>>>>>> 2 message 57 size 112
[18:24:22] 玩家20436在区域 0  总下注0
[18:24:22] 玩家20436在区域 1  总下注0
[18:24:22] 玩家20436在区域 2  总下注0
[18:24:22] 玩家20436在区域 3  总下注0
[18:24:22] 玩家20436在区域 4  总下注0
[18:24:22] 玩家20436在区域 5  总下注0
[18:24:22] 玩家20436 总下注0
[18:24:22] send >>>>>>>>>>>>>>>>>>>>>>>>>>>>>>> 3 message 57 size 112
[18:24:22] recv  55 <<<<<<<<<<<<<<<<<<<<<<<<<<<<<<< 2
[18:24:22] userbet 21245  在1 下了 10,累计下注 30
[18:24:22] broad >>>>>>>>>>>>>>>>>>>>>>>>>>>>>>> message 56 size 6
[18:24:22] 区域 0  总下注0
[18:24:22] 区域 1  总下注30
[18:24:22] 区域 2  总下注10
[18:24:22] 区域 3  总下注0
[18:24:22] 区域 4  总下注10
[18:24:22] 区域 5  总下注10
[18:24:22] send >>>>>>>>>>>>>>>>>>>>>>>>>>>>>>> 0 message 57 size 112
[18:24:22] 玩家21243在区域 0  总下注0
[18:24:22] 玩家21243在区域 1  总下注0
[18:24:22] 玩家21243在区域 2  总下注10
[18:24:22] 玩家21243在区域 3  总下注0
[18:24:22] 玩家21243在区域 4  总下注10
[18:24:22] 玩家21243在区域 5  总下注10
[18:24:22] 玩家21243 总下注30
[18:24:22] send >>>>>>>>>>>>>>>>>>>>>>>>>>>>>>> 1 message 57 size 112
[18:24:22] 玩家21245在区域 0  总下注0
[18:24:22] 玩家21245在区域 1  总下注30
[18:24:22] 玩家21245在区域 2  总下注0
[18:24:22] 玩家21245在区域 3  总下注0
[18:24:22] 玩家21245在区域 4  总下注0
[18:24:22] 玩家21245在区域 5  总下注0
[18:24:22] 玩家21245 总下注30
[18:24:22] send >>>>>>>>>>>>>>>>>>>>>>>>>>>>>>> 2 message 57 size 112
[18:24:22] 玩家20436在区域 0  总下注0
[18:24:22] 玩家20436在区域 1  总下注0
[18:24:22] 玩家20436在区域 2  总下注0
[18:24:22] 玩家20436在区域 3  总下注0
[18:24:22] 玩家20436在区域 4  总下注0
[18:24:22] 玩家20436在区域 5  总下注0
[18:24:22] 玩家20436 总下注0
[18:24:22] send >>>>>>>>>>>>>>>>>>>>>>>>>>>>>>> 3 message 57 size 112
[18:24:23] recv  55 <<<<<<<<<<<<<<<<<<<<<<<<<<<<<<< 2
[18:24:23] userbet 21245  在1 下了 10,累计下注 40
[18:24:23] broad >>>>>>>>>>>>>>>>>>>>>>>>>>>>>>> message 56 size 6
[18:24:23] 区域 0  总下注0
[18:24:23] 区域 1  总下注40
[18:24:23] 区域 2  总下注10
[18:24:23] 区域 3  总下注0
[18:24:23] 区域 4  总下注10
[18:24:23] 区域 5  总下注10
[18:24:23] send >>>>>>>>>>>>>>>>>>>>>>>>>>>>>>> 0 message 57 size 112
[18:24:23] 玩家21243在区域 0  总下注0
[18:24:23] 玩家21243在区域 1  总下注0
[18:24:23] 玩家21243在区域 2  总下注10
[18:24:23] 玩家21243在区域 3  总下注0
[18:24:23] 玩家21243在区域 4  总下注10
[18:24:23] 玩家21243在区域 5  总下注10
[18:24:23] 玩家21243 总下注30
[18:24:23] send >>>>>>>>>>>>>>>>>>>>>>>>>>>>>>> 1 message 57 size 112
[18:24:23] 玩家21245在区域 0  总下注0
[18:24:23] 玩家21245在区域 1  总下注40
[18:24:23] 玩家21245在区域 2  总下注0
[18:24:23] 玩家21245在区域 3  总下注0
[18:24:23] 玩家21245在区域 4  总下注0
[18:24:23] 玩家21245在区域 5  总下注0
[18:24:23] 玩家21245 总下注40
[18:24:23] send >>>>>>>>>>>>>>>>>>>>>>>>>>>>>>> 2 message 57 size 112
[18:24:23] 玩家20436在区域 0  总下注0
[18:24:23] 玩家20436在区域 1  总下注0
[18:24:23] 玩家20436在区域 2  总下注0
[18:24:23] 玩家20436在区域 3  总下注0
[18:24:23] 玩家20436在区域 4  总下注0
[18:24:23] 玩家20436在区域 5  总下注0
[18:24:23] 玩家20436 总下注0
[18:24:23] send >>>>>>>>>>>>>>>>>>>>>>>>>>>>>>> 3 message 57 size 112
[18:24:23] recv  55 <<<<<<<<<<<<<<<<<<<<<<<<<<<<<<< 2
[18:24:23] userbet 21245  在1 下了 10,累计下注 50
[18:24:23] broad >>>>>>>>>>>>>>>>>>>>>>>>>>>>>>> message 56 size 6
[18:24:23] 区域 0  总下注0
[18:24:23] 区域 1  总下注50
[18:24:23] 区域 2  总下注10
[18:24:23] 区域 3  总下注0
[18:24:23] 区域 4  总下注10
[18:24:23] 区域 5  总下注10
[18:24:23] send >>>>>>>>>>>>>>>>>>>>>>>>>>>>>>> 0 message 57 size 112
[18:24:23] 玩家21243在区域 0  总下注0
[18:24:23] 玩家21243在区域 1  总下注0
[18:24:23] 玩家21243在区域 2  总下注10
[18:24:23] 玩家21243在区域 3  总下注0
[18:24:23] 玩家21243在区域 4  总下注10
[18:24:23] 玩家21243在区域 5  总下注10
[18:24:23] 玩家21243 总下注30
[18:24:23] send >>>>>>>>>>>>>>>>>>>>>>>>>>>>>>> 1 message 57 size 112
[18:24:23] 玩家21245在区域 0  总下注0
[18:24:23] 玩家21245在区域 1  总下注50
[18:24:23] 玩家21245在区域 2  总下注0
[18:24:23] 玩家21245在区域 3  总下注0
[18:24:23] 玩家21245在区域 4  总下注0
[18:24:23] 玩家21245在区域 5  总下注0
[18:24:23] 玩家21245 总下注50
[18:24:23] send >>>>>>>>>>>>>>>>>>>>>>>>>>>>>>> 2 message 57 size 112
[18:24:23] 玩家20436在区域 0  总下注0
[18:24:23] 玩家20436在区域 1  总下注0
[18:24:23] 玩家20436在区域 2  总下注0
[18:24:23] 玩家20436在区域 3  总下注0
[18:24:23] 玩家20436在区域 4  总下注0
[18:24:23] 玩家20436在区域 5  总下注0
[18:24:23] 玩家20436 总下注0
[18:24:23] send >>>>>>>>>>>>>>>>>>>>>>>>>>>>>>> 3 message 57 size 112
[18:24:23] recv  55 <<<<<<<<<<<<<<<<<<<<<<<<<<<<<<< 2
[18:24:23] userbet 21245  在1 下了 10,累计下注 60
[18:24:23] broad >>>>>>>>>>>>>>>>>>>>>>>>>>>>>>> message 56 size 6
[18:24:23] 区域 0  总下注0
[18:24:23] 区域 1  总下注60
[18:24:23] 区域 2  总下注10
[18:24:23] 区域 3  总下注0
[18:24:23] 区域 4  总下注10
[18:24:23] 区域 5  总下注10
[18:24:23] send >>>>>>>>>>>>>>>>>>>>>>>>>>>>>>> 0 message 57 size 112
[18:24:23] 玩家21243在区域 0  总下注0
[18:24:23] 玩家21243在区域 1  总下注0
[18:24:23] 玩家21243在区域 2  总下注10
[18:24:23] 玩家21243在区域 3  总下注0
[18:24:23] 玩家21243在区域 4  总下注10
[18:24:23] 玩家21243在区域 5  总下注10
[18:24:23] 玩家21243 总下注30
[18:24:23] send >>>>>>>>>>>>>>>>>>>>>>>>>>>>>>> 1 message 57 size 112
[18:24:23] 玩家21245在区域 0  总下注0
[18:24:23] 玩家21245在区域 1  总下注60
[18:24:23] 玩家21245在区域 2  总下注0
[18:24:23] 玩家21245在区域 3  总下注0
[18:24:23] 玩家21245在区域 4  总下注0
[18:24:23] 玩家21245在区域 5  总下注0
[18:24:23] 玩家21245 总下注60
[18:24:23] send >>>>>>>>>>>>>>>>>>>>>>>>>>>>>>> 2 message 57 size 112
[18:24:23] 玩家20436在区域 0  总下注0
[18:24:23] 玩家20436在区域 1  总下注0
[18:24:23] 玩家20436在区域 2  总下注0
[18:24:23] 玩家20436在区域 3  总下注0
[18:24:23] 玩家20436在区域 4  总下注0
[18:24:23] 玩家20436在区域 5  总下注0
[18:24:23] 玩家20436 总下注0
[18:24:23] send >>>>>>>>>>>>>>>>>>>>>>>>>>>>>>> 3 message 57 size 112
[18:24:23] recv  55 <<<<<<<<<<<<<<<<<<<<<<<<<<<<<<< 3
[18:24:23] userbet 20436  在1 下了 10,累计下注 10
[18:24:23] broad >>>>>>>>>>>>>>>>>>>>>>>>>>>>>>> message 56 size 6
[18:24:23] 区域 0  总下注0
[18:24:23] 区域 1  总下注70
[18:24:23] 区域 2  总下注10
[18:24:23] 区域 3  总下注0
[18:24:23] 区域 4  总下注10
[18:24:23] 区域 5  总下注10
[18:24:23] send >>>>>>>>>>>>>>>>>>>>>>>>>>>>>>> 0 message 57 size 112
[18:24:23] 玩家21243在区域 0  总下注0
[18:24:23] 玩家21243在区域 1  总下注0
[18:24:23] 玩家21243在区域 2  总下注10
[18:24:23] 玩家21243在区域 3  总下注0
[18:24:23] 玩家21243在区域 4  总下注10
[18:24:23] 玩家21243在区域 5  总下注10
[18:24:23] 玩家21243 总下注30
[18:24:23] send >>>>>>>>>>>>>>>>>>>>>>>>>>>>>>> 1 message 57 size 112
[18:24:23] 玩家21245在区域 0  总下注0
[18:24:23] 玩家21245在区域 1  总下注60
[18:24:23] 玩家21245在区域 2  总下注0
[18:24:23] 玩家21245在区域 3  总下注0
[18:24:23] 玩家21245在区域 4  总下注0
[18:24:23] 玩家21245在区域 5  总下注0
[18:24:23] 玩家21245 总下注60
[18:24:23] send >>>>>>>>>>>>>>>>>>>>>>>>>>>>>>> 2 message 57 size 112
[18:24:23] 玩家20436在区域 0  总下注0
[18:24:23] 玩家20436在区域 1  总下注10
[18:24:23] 玩家20436在区域 2  总下注0
[18:24:23] 玩家20436在区域 3  总下注0
[18:24:23] 玩家20436在区域 4  总下注0
[18:24:23] 玩家20436在区域 5  总下注0
[18:24:23] 玩家20436 总下注10
[18:24:23] send >>>>>>>>>>>>>>>>>>>>>>>>>>>>>>> 3 message 57 size 112
[18:24:23] recv  55 <<<<<<<<<<<<<<<<<<<<<<<<<<<<<<< 2
[18:24:23] userbet 21245  在1 下了 10,累计下注 70
[18:24:23] broad >>>>>>>>>>>>>>>>>>>>>>>>>>>>>>> message 56 size 6
[18:24:23] 区域 0  总下注0
[18:24:23] 区域 1  总下注80
[18:24:23] 区域 2  总下注10
[18:24:23] 区域 3  总下注0
[18:24:23] 区域 4  总下注10
[18:24:23] 区域 5  总下注10
[18:24:23] send >>>>>>>>>>>>>>>>>>>>>>>>>>>>>>> 0 message 57 size 112
[18:24:23] 玩家21243在区域 0  总下注0
[18:24:23] 玩家21243在区域 1  总下注0
[18:24:23] 玩家21243在区域 2  总下注10
[18:24:23] 玩家21243在区域 3  总下注0
[18:24:23] 玩家21243在区域 4  总下注10
[18:24:23] 玩家21243在区域 5  总下注10
[18:24:23] 玩家21243 总下注30
[18:24:23] send >>>>>>>>>>>>>>>>>>>>>>>>>>>>>>> 1 message 57 size 112
[18:24:23] 玩家21245在区域 0  总下注0
[18:24:23] 玩家21245在区域 1  总下注70
[18:24:23] 玩家21245在区域 2  总下注0
[18:24:23] 玩家21245在区域 3  总下注0
[18:24:23] 玩家21245在区域 4  总下注0
[18:24:23] 玩家21245在区域 5  总下注0
[18:24:23] 玩家21245 总下注70
[18:24:23] send >>>>>>>>>>>>>>>>>>>>>>>>>>>>>>> 2 message 57 size 112
[18:24:23] 玩家20436在区域 0  总下注0
[18:24:23] 玩家20436在区域 1  总下注10
[18:24:23] 玩家20436在区域 2  总下注0
[18:24:23] 玩家20436在区域 3  总下注0
[18:24:23] 玩家20436在区域 4  总下注0
[18:24:23] 玩家20436在区域 5  总下注0
[18:24:23] 玩家20436 总下注10
[18:24:23] send >>>>>>>>>>>>>>>>>>>>>>>>>>>>>>> 3 message 57 size 112
[18:24:23] recv  55 <<<<<<<<<<<<<<<<<<<<<<<<<<<<<<< 3
[18:24:23] userbet 20436  在3 下了 10,累计下注 20
[18:24:23] broad >>>>>>>>>>>>>>>>>>>>>>>>>>>>>>> message 56 size 6
[18:24:23] 区域 0  总下注0
[18:24:23] 区域 1  总下注80
[18:24:23] 区域 2  总下注10
[18:24:23] 区域 3  总下注10
[18:24:23] 区域 4  总下注10
[18:24:23] 区域 5  总下注10
[18:24:23] send >>>>>>>>>>>>>>>>>>>>>>>>>>>>>>> 0 message 57 size 112
[18:24:23] 玩家21243在区域 0  总下注0
[18:24:23] 玩家21243在区域 1  总下注0
[18:24:23] 玩家21243在区域 2  总下注10
[18:24:23] 玩家21243在区域 3  总下注0
[18:24:23] 玩家21243在区域 4  总下注10
[18:24:23] 玩家21243在区域 5  总下注10
[18:24:23] 玩家21243 总下注30
[18:24:23] send >>>>>>>>>>>>>>>>>>>>>>>>>>>>>>> 1 message 57 size 112
[18:24:23] 玩家21245在区域 0  总下注0
[18:24:23] 玩家21245在区域 1  总下注70
[18:24:23] 玩家21245在区域 2  总下注0
[18:24:23] 玩家21245在区域 3  总下注0
[18:24:23] 玩家21245在区域 4  总下注0
[18:24:23] 玩家21245在区域 5  总下注0
[18:24:23] 玩家21245 总下注70
[18:24:23] send >>>>>>>>>>>>>>>>>>>>>>>>>>>>>>> 2 message 57 size 112
[18:24:23] 玩家20436在区域 0  总下注0
[18:24:23] 玩家20436在区域 1  总下注10
[18:24:23] 玩家20436在区域 2  总下注0
[18:24:23] 玩家20436在区域 3  总下注10
[18:24:23] 玩家20436在区域 4  总下注0
[18:24:23] 玩家20436在区域 5  总下注0
[18:24:23] 玩家20436 总下注20
[18:24:23] send >>>>>>>>>>>>>>>>>>>>>>>>>>>>>>> 3 message 57 size 112
[18:24:23] recv  55 <<<<<<<<<<<<<<<<<<<<<<<<<<<<<<< 2
[18:24:23] userbet 21245  在1 下了 10,累计下注 80
[18:24:23] broad >>>>>>>>>>>>>>>>>>>>>>>>>>>>>>> message 56 size 6
[18:24:23] 区域 0  总下注0
[18:24:23] 区域 1  总下注90
[18:24:23] 区域 2  总下注10
[18:24:23] 区域 3  总下注10
[18:24:23] 区域 4  总下注10
[18:24:23] 区域 5  总下注10
[18:24:23] send >>>>>>>>>>>>>>>>>>>>>>>>>>>>>>> 0 message 57 size 112
[18:24:23] 玩家21243在区域 0  总下注0
[18:24:23] 玩家21243在区域 1  总下注0
[18:24:23] 玩家21243在区域 2  总下注10
[18:24:23] 玩家21243在区域 3  总下注0
[18:24:23] 玩家21243在区域 4  总下注10
[18:24:23] 玩家21243在区域 5  总下注10
[18:24:23] 玩家21243 总下注30
[18:24:23] send >>>>>>>>>>>>>>>>>>>>>>>>>>>>>>> 1 message 57 size 112
[18:24:23] 玩家21245在区域 0  总下注0
[18:24:23] 玩家21245在区域 1  总下注80
[18:24:23] 玩家21245在区域 2  总下注0
[18:24:23] 玩家21245在区域 3  总下注0
[18:24:23] 玩家21245在区域 4  总下注0
[18:24:23] 玩家21245在区域 5  总下注0
[18:24:23] 玩家21245 总下注80
[18:24:23] send >>>>>>>>>>>>>>>>>>>>>>>>>>>>>>> 2 message 57 size 112
[18:24:23] 玩家20436在区域 0  总下注0
[18:24:23] 玩家20436在区域 1  总下注10
[18:24:23] 玩家20436在区域 2  总下注0
[18:24:23] 玩家20436在区域 3  总下注10
[18:24:23] 玩家20436在区域 4  总下注0
[18:24:23] 玩家20436在区域 5  总下注0
[18:24:23] 玩家20436 总下注20
[18:24:23] send >>>>>>>>>>>>>>>>>>>>>>>>>>>>>>> 3 message 57 size 112
[18:24:24] recv  55 <<<<<<<<<<<<<<<<<<<<<<<<<<<<<<< 3
[18:24:24] userbet 20436  在3 下了 10,累计下注 30
[18:24:24] broad >>>>>>>>>>>>>>>>>>>>>>>>>>>>>>> message 56 size 6
[18:24:24] 区域 0  总下注0
[18:24:24] 区域 1  总下注90
[18:24:24] 区域 2  总下注10
[18:24:24] 区域 3  总下注20
[18:24:24] 区域 4  总下注10
[18:24:24] 区域 5  总下注10
[18:24:24] send >>>>>>>>>>>>>>>>>>>>>>>>>>>>>>> 0 message 57 size 112
[18:24:24] 玩家21243在区域 0  总下注0
[18:24:24] 玩家21243在区域 1  总下注0
[18:24:24] 玩家21243在区域 2  总下注10
[18:24:24] 玩家21243在区域 3  总下注0
[18:24:24] 玩家21243在区域 4  总下注10
[18:24:24] 玩家21243在区域 5  总下注10
[18:24:24] 玩家21243 总下注30
[18:24:24] send >>>>>>>>>>>>>>>>>>>>>>>>>>>>>>> 1 message 57 size 112
[18:24:24] 玩家21245在区域 0  总下注0
[18:24:24] 玩家21245在区域 1  总下注80
[18:24:24] 玩家21245在区域 2  总下注0
[18:24:24] 玩家21245在区域 3  总下注0
[18:24:24] 玩家21245在区域 4  总下注0
[18:24:24] 玩家21245在区域 5  总下注0
[18:24:24] 玩家21245 总下注80
[18:24:24] send >>>>>>>>>>>>>>>>>>>>>>>>>>>>>>> 2 message 57 size 112
[18:24:24] 玩家20436在区域 0  总下注0
[18:24:24] 玩家20436在区域 1  总下注10
[18:24:24] 玩家20436在区域 2  总下注0
[18:24:24] 玩家20436在区域 3  总下注20
[18:24:24] 玩家20436在区域 4  总下注0
[18:24:24] 玩家20436在区域 5  总下注0
[18:24:24] 玩家20436 总下注30
[18:24:24] send >>>>>>>>>>>>>>>>>>>>>>>>>>>>>>> 3 message 57 size 112
[18:24:24] recv  55 <<<<<<<<<<<<<<<<<<<<<<<<<<<<<<< 2
[18:24:24] userbet 21245  在1 下了 10,累计下注 90
[18:24:24] broad >>>>>>>>>>>>>>>>>>>>>>>>>>>>>>> message 56 size 6
[18:24:24] 区域 0  总下注0
[18:24:24] 区域 1  总下注100
[18:24:24] 区域 2  总下注10
[18:24:24] 区域 3  总下注20
[18:24:24] 区域 4  总下注10
[18:24:24] 区域 5  总下注10
[18:24:24] send >>>>>>>>>>>>>>>>>>>>>>>>>>>>>>> 0 message 57 size 112
[18:24:24] 玩家21243在区域 0  总下注0
[18:24:24] 玩家21243在区域 1  总下注0
[18:24:24] 玩家21243在区域 2  总下注10
[18:24:24] 玩家21243在区域 3  总下注0
[18:24:24] 玩家21243在区域 4  总下注10
[18:24:24] 玩家21243在区域 5  总下注10
[18:24:24] 玩家21243 总下注30
[18:24:24] send >>>>>>>>>>>>>>>>>>>>>>>>>>>>>>> 1 message 57 size 112
[18:24:24] 玩家21245在区域 0  总下注0
[18:24:24] 玩家21245在区域 1  总下注90
[18:24:24] 玩家21245在区域 2  总下注0
[18:24:24] 玩家21245在区域 3  总下注0
[18:24:24] 玩家21245在区域 4  总下注0
[18:24:24] 玩家21245在区域 5  总下注0
[18:24:24] 玩家21245 总下注90
[18:24:24] send >>>>>>>>>>>>>>>>>>>>>>>>>>>>>>> 2 message 57 size 112
[18:24:24] 玩家20436在区域 0  总下注0
[18:24:24] 玩家20436在区域 1  总下注10
[18:24:24] 玩家20436在区域 2  总下注0
[18:24:24] 玩家20436在区域 3  总下注20
[18:24:24] 玩家20436在区域 4  总下注0
[18:24:24] 玩家20436在区域 5  总下注0
[18:24:24] 玩家20436 总下注30
[18:24:24] send >>>>>>>>>>>>>>>>>>>>>>>>>>>>>>> 3 message 57 size 112
[18:24:24] recv  55 <<<<<<<<<<<<<<<<<<<<<<<<<<<<<<< 3
[18:24:24] userbet 20436  在0 下了 10,累计下注 40
[18:24:24] broad >>>>>>>>>>>>>>>>>>>>>>>>>>>>>>> message 56 size 6
[18:24:24] 区域 0  总下注10
[18:24:24] 区域 1  总下注100
[18:24:24] 区域 2  总下注10
[18:24:24] 区域 3  总下注20
[18:24:24] 区域 4  总下注10
[18:24:24] 区域 5  总下注10
[18:24:24] send >>>>>>>>>>>>>>>>>>>>>>>>>>>>>>> 0 message 57 size 112
[18:24:24] 玩家21243在区域 0  总下注0
[18:24:24] 玩家21243在区域 1  总下注0
[18:24:24] 玩家21243在区域 2  总下注10
[18:24:24] 玩家21243在区域 3  总下注0
[18:24:24] 玩家21243在区域 4  总下注10
[18:24:24] 玩家21243在区域 5  总下注10
[18:24:24] 玩家21243 总下注30
[18:24:24] send >>>>>>>>>>>>>>>>>>>>>>>>>>>>>>> 1 message 57 size 112
[18:24:24] 玩家21245在区域 0  总下注0
[18:24:24] 玩家21245在区域 1  总下注90
[18:24:24] 玩家21245在区域 2  总下注0
[18:24:24] 玩家21245在区域 3  总下注0
[18:24:24] 玩家21245在区域 4  总下注0
[18:24:24] 玩家21245在区域 5  总下注0
[18:24:24] 玩家21245 总下注90
[18:24:24] send >>>>>>>>>>>>>>>>>>>>>>>>>>>>>>> 2 message 57 size 112
[18:24:24] 玩家20436在区域 0  总下注10
[18:24:24] 玩家20436在区域 1  总下注10
[18:24:24] 玩家20436在区域 2  总下注0
[18:24:24] 玩家20436在区域 3  总下注20
[18:24:24] 玩家20436在区域 4  总下注0
[18:24:24] 玩家20436在区域 5  总下注0
[18:24:24] 玩家20436 总下注40
[18:24:24] send >>>>>>>>>>>>>>>>>>>>>>>>>>>>>>> 3 message 57 size 112
[18:24:24] recv  55 <<<<<<<<<<<<<<<<<<<<<<<<<<<<<<< 3
[18:24:24] userbet 20436  在0 下了 10,累计下注 50
[18:24:24] broad >>>>>>>>>>>>>>>>>>>>>>>>>>>>>>> message 56 size 6
[18:24:24] 区域 0  总下注20
[18:24:24] 区域 1  总下注100
[18:24:24] 区域 2  总下注10
[18:24:24] 区域 3  总下注20
[18:24:24] 区域 4  总下注10
[18:24:24] 区域 5  总下注10
[18:24:24] send >>>>>>>>>>>>>>>>>>>>>>>>>>>>>>> 0 message 57 size 112
[18:24:24] 玩家21243在区域 0  总下注0
[18:24:24] 玩家21243在区域 1  总下注0
[18:24:24] 玩家21243在区域 2  总下注10
[18:24:24] 玩家21243在区域 3  总下注0
[18:24:24] 玩家21243在区域 4  总下注10
[18:24:24] 玩家21243在区域 5  总下注10
[18:24:24] 玩家21243 总下注30
[18:24:24] send >>>>>>>>>>>>>>>>>>>>>>>>>>>>>>> 1 message 57 size 112
[18:24:24] 玩家21245在区域 0  总下注0
[18:24:24] 玩家21245在区域 1  总下注90
[18:24:24] 玩家21245在区域 2  总下注0
[18:24:24] 玩家21245在区域 3  总下注0
[18:24:24] 玩家21245在区域 4  总下注0
[18:24:24] 玩家21245在区域 5  总下注0
[18:24:24] 玩家21245 总下注90
[18:24:24] send >>>>>>>>>>>>>>>>>>>>>>>>>>>>>>> 2 message 57 size 112
[18:24:24] 玩家20436在区域 0  总下注20
[18:24:24] 玩家20436在区域 1  总下注10
[18:24:24] 玩家20436在区域 2  总下注0
[18:24:24] 玩家20436在区域 3  总下注20
[18:24:24] 玩家20436在区域 4  总下注0
[18:24:24] 玩家20436在区域 5  总下注0
[18:24:24] 玩家20436 总下注50
[18:24:24] send >>>>>>>>>>>>>>>>>>>>>>>>>>>>>>> 3 message 57 size 112
[18:24:24] recv  55 <<<<<<<<<<<<<<<<<<<<<<<<<<<<<<< 1
[18:24:24] userbet 21243  在4 下了 10,累计下注 40
[18:24:24] broad >>>>>>>>>>>>>>>>>>>>>>>>>>>>>>> message 56 size 6
[18:24:24] 区域 0  总下注20
[18:24:24] 区域 1  总下注100
[18:24:24] 区域 2  总下注10
[18:24:24] 区域 3  总下注20
[18:24:24] 区域 4  总下注20
[18:24:24] 区域 5  总下注10
[18:24:24] send >>>>>>>>>>>>>>>>>>>>>>>>>>>>>>> 0 message 57 size 112
[18:24:24] 玩家21243在区域 0  总下注0
[18:24:24] 玩家21243在区域 1  总下注0
[18:24:24] 玩家21243在区域 2  总下注10
[18:24:24] 玩家21243在区域 3  总下注0
[18:24:24] 玩家21243在区域 4  总下注20
[18:24:24] 玩家21243在区域 5  总下注10
[18:24:24] 玩家21243 总下注40
[18:24:24] send >>>>>>>>>>>>>>>>>>>>>>>>>>>>>>> 1 message 57 size 112
[18:24:24] 玩家21245在区域 0  总下注0
[18:24:24] 玩家21245在区域 1  总下注90
[18:24:24] 玩家21245在区域 2  总下注0
[18:24:24] 玩家21245在区域 3  总下注0
[18:24:24] 玩家21245在区域 4  总下注0
[18:24:24] 玩家21245在区域 5  总下注0
[18:24:24] 玩家21245 总下注90
[18:24:24] send >>>>>>>>>>>>>>>>>>>>>>>>>>>>>>> 2 message 57 size 112
[18:24:24] 玩家20436在区域 0  总下注20
[18:24:24] 玩家20436在区域 1  总下注10
[18:24:24] 玩家20436在区域 2  总下注0
[18:24:24] 玩家20436在区域 3  总下注20
[18:24:24] 玩家20436在区域 4  总下注0
[18:24:24] 玩家20436在区域 5  总下注0
[18:24:24] 玩家20436 总下注50
[18:24:24] send >>>>>>>>>>>>>>>>>>>>>>>>>>>>>>> 3 message 57 size 112
[18:24:24] recv  55 <<<<<<<<<<<<<<<<<<<<<<<<<<<<<<< 3
[18:24:24] userbet 20436  在1 下了 10,累计下注 60
[18:24:24] broad >>>>>>>>>>>>>>>>>>>>>>>>>>>>>>> message 56 size 6
[18:24:24] 区域 0  总下注20
[18:24:24] 区域 1  总下注110
[18:24:24] 区域 2  总下注10
[18:24:24] 区域 3  总下注20
[18:24:24] 区域 4  总下注20
[18:24:24] 区域 5  总下注10
[18:24:24] send >>>>>>>>>>>>>>>>>>>>>>>>>>>>>>> 0 message 57 size 112
[18:24:24] 玩家21243在区域 0  总下注0
[18:24:24] 玩家21243在区域 1  总下注0
[18:24:24] 玩家21243在区域 2  总下注10
[18:24:24] 玩家21243在区域 3  总下注0
[18:24:24] 玩家21243在区域 4  总下注20
[18:24:24] 玩家21243在区域 5  总下注10
[18:24:24] 玩家21243 总下注40
[18:24:24] send >>>>>>>>>>>>>>>>>>>>>>>>>>>>>>> 1 message 57 size 112
[18:24:24] 玩家21245在区域 0  总下注0
[18:24:24] 玩家21245在区域 1  总下注90
[18:24:24] 玩家21245在区域 2  总下注0
[18:24:24] 玩家21245在区域 3  总下注0
[18:24:24] 玩家21245在区域 4  总下注0
[18:24:24] 玩家21245在区域 5  总下注0
[18:24:24] 玩家21245 总下注90
[18:24:24] send >>>>>>>>>>>>>>>>>>>>>>>>>>>>>>> 2 message 57 size 112
[18:24:24] 玩家20436在区域 0  总下注20
[18:24:24] 玩家20436在区域 1  总下注20
[18:24:24] 玩家20436在区域 2  总下注0
[18:24:24] 玩家20436在区域 3  总下注20
[18:24:24] 玩家20436在区域 4  总下注0
[18:24:24] 玩家20436在区域 5  总下注0
[18:24:24] 玩家20436 总下注60
[18:24:24] send >>>>>>>>>>>>>>>>>>>>>>>>>>>>>>> 3 message 57 size 112
[18:24:24] recv  55 <<<<<<<<<<<<<<<<<<<<<<<<<<<<<<< 1
[18:24:24] userbet 21243  在4 下了 10,累计下注 50
[18:24:24] broad >>>>>>>>>>>>>>>>>>>>>>>>>>>>>>> message 56 size 6
[18:24:24] 区域 0  总下注20
[18:24:24] 区域 1  总下注110
[18:24:24] 区域 2  总下注10
[18:24:24] 区域 3  总下注20
[18:24:24] 区域 4  总下注30
[18:24:24] 区域 5  总下注10
[18:24:24] send >>>>>>>>>>>>>>>>>>>>>>>>>>>>>>> 0 message 57 size 112
[18:24:24] 玩家21243在区域 0  总下注0
[18:24:24] 玩家21243在区域 1  总下注0
[18:24:24] 玩家21243在区域 2  总下注10
[18:24:24] 玩家21243在区域 3  总下注0
[18:24:24] 玩家21243在区域 4  总下注30
[18:24:24] 玩家21243在区域 5  总下注10
[18:24:24] 玩家21243 总下注50
[18:24:24] send >>>>>>>>>>>>>>>>>>>>>>>>>>>>>>> 1 message 57 size 112
[18:24:24] 玩家21245在区域 0  总下注0
[18:24:24] 玩家21245在区域 1  总下注90
[18:24:24] 玩家21245在区域 2  总下注0
[18:24:24] 玩家21245在区域 3  总下注0
[18:24:24] 玩家21245在区域 4  总下注0
[18:24:24] 玩家21245在区域 5  总下注0
[18:24:24] 玩家21245 总下注90
[18:24:24] send >>>>>>>>>>>>>>>>>>>>>>>>>>>>>>> 2 message 57 size 112
[18:24:24] 玩家20436在区域 0  总下注20
[18:24:24] 玩家20436在区域 1  总下注20
[18:24:24] 玩家20436在区域 2  总下注0
[18:24:24] 玩家20436在区域 3  总下注20
[18:24:24] 玩家20436在区域 4  总下注0
[18:24:24] 玩家20436在区域 5  总下注0
[18:24:24] 玩家20436 总下注60
[18:24:24] send >>>>>>>>>>>>>>>>>>>>>>>>>>>>>>> 3 message 57 size 112
[18:24:24] recv  55 <<<<<<<<<<<<<<<<<<<<<<<<<<<<<<< 3
[18:24:24] userbet 20436  在0 下了 10,累计下注 70
[18:24:24] broad >>>>>>>>>>>>>>>>>>>>>>>>>>>>>>> message 56 size 6
[18:24:24] 区域 0  总下注30
[18:24:24] 区域 1  总下注110
[18:24:24] 区域 2  总下注10
[18:24:24] 区域 3  总下注20
[18:24:24] 区域 4  总下注30
[18:24:24] 区域 5  总下注10
[18:24:24] send >>>>>>>>>>>>>>>>>>>>>>>>>>>>>>> 0 message 57 size 112
[18:24:24] 玩家21243在区域 0  总下注0
[18:24:24] 玩家21243在区域 1  总下注0
[18:24:24] 玩家21243在区域 2  总下注10
[18:24:24] 玩家21243在区域 3  总下注0
[18:24:24] 玩家21243在区域 4  总下注30
[18:24:24] 玩家21243在区域 5  总下注10
[18:24:24] 玩家21243 总下注50
[18:24:24] send >>>>>>>>>>>>>>>>>>>>>>>>>>>>>>> 1 message 57 size 112
[18:24:24] 玩家21245在区域 0  总下注0
[18:24:24] 玩家21245在区域 1  总下注90
[18:24:24] 玩家21245在区域 2  总下注0
[18:24:24] 玩家21245在区域 3  总下注0
[18:24:24] 玩家21245在区域 4  总下注0
[18:24:24] 玩家21245在区域 5  总下注0
[18:24:24] 玩家21245 总下注90
[18:24:24] send >>>>>>>>>>>>>>>>>>>>>>>>>>>>>>> 2 message 57 size 112
[18:24:24] 玩家20436在区域 0  总下注30
[18:24:24] 玩家20436在区域 1  总下注20
[18:24:24] 玩家20436在区域 2  总下注0
[18:24:24] 玩家20436在区域 3  总下注20
[18:24:24] 玩家20436在区域 4  总下注0
[18:24:24] 玩家20436在区域 5  总下注0
[18:24:24] 玩家20436 总下注70
[18:24:24] send >>>>>>>>>>>>>>>>>>>>>>>>>>>>>>> 3 message 57 size 112
[18:24:24] recv  55 <<<<<<<<<<<<<<<<<<<<<<<<<<<<<<< 3
[18:24:24] userbet 20436  在1 下了 10,累计下注 80
[18:24:24] broad >>>>>>>>>>>>>>>>>>>>>>>>>>>>>>> message 56 size 6
[18:24:24] 区域 0  总下注30
[18:24:24] 区域 1  总下注120
[18:24:24] 区域 2  总下注10
[18:24:24] 区域 3  总下注20
[18:24:24] 区域 4  总下注30
[18:24:24] 区域 5  总下注10
[18:24:24] send >>>>>>>>>>>>>>>>>>>>>>>>>>>>>>> 0 message 57 size 112
[18:24:24] 玩家21243在区域 0  总下注0
[18:24:24] 玩家21243在区域 1  总下注0
[18:24:24] 玩家21243在区域 2  总下注10
[18:24:24] 玩家21243在区域 3  总下注0
[18:24:24] 玩家21243在区域 4  总下注30
[18:24:24] 玩家21243在区域 5  总下注10
[18:24:24] 玩家21243 总下注50
[18:24:24] send >>>>>>>>>>>>>>>>>>>>>>>>>>>>>>> 1 message 57 size 112
[18:24:24] 玩家21245在区域 0  总下注0
[18:24:24] 玩家21245在区域 1  总下注90
[18:24:24] 玩家21245在区域 2  总下注0
[18:24:24] 玩家21245在区域 3  总下注0
[18:24:24] 玩家21245在区域 4  总下注0
[18:24:24] 玩家21245在区域 5  总下注0
[18:24:24] 玩家21245 总下注90
[18:24:24] send >>>>>>>>>>>>>>>>>>>>>>>>>>>>>>> 2 message 57 size 112
[18:24:24] 玩家20436在区域 0  总下注30
[18:24:24] 玩家20436在区域 1  总下注30
[18:24:24] 玩家20436在区域 2  总下注0
[18:24:24] 玩家20436在区域 3  总下注20
[18:24:24] 玩家20436在区域 4  总下注0
[18:24:24] 玩家20436在区域 5  总下注0
[18:24:24] 玩家20436 总下注80
[18:24:24] send >>>>>>>>>>>>>>>>>>>>>>>>>>>>>>> 3 message 57 size 112
[18:24:24] recv  55 <<<<<<<<<<<<<<<<<<<<<<<<<<<<<<< 1
[18:24:24] userbet 21243  在4 下了 10,累计下注 60
[18:24:24] broad >>>>>>>>>>>>>>>>>>>>>>>>>>>>>>> message 56 size 6
[18:24:24] 区域 0  总下注30
[18:24:24] 区域 1  总下注120
[18:24:24] 区域 2  总下注10
[18:24:24] 区域 3  总下注20
[18:24:24] 区域 4  总下注40
[18:24:24] 区域 5  总下注10
[18:24:24] send >>>>>>>>>>>>>>>>>>>>>>>>>>>>>>> 0 message 57 size 112
[18:24:24] 玩家21243在区域 0  总下注0
[18:24:24] 玩家21243在区域 1  总下注0
[18:24:24] 玩家21243在区域 2  总下注10
[18:24:24] 玩家21243在区域 3  总下注0
[18:24:24] 玩家21243在区域 4  总下注40
[18:24:24] 玩家21243在区域 5  总下注10
[18:24:24] 玩家21243 总下注60
[18:24:24] send >>>>>>>>>>>>>>>>>>>>>>>>>>>>>>> 1 message 57 size 112
[18:24:24] 玩家21245在区域 0  总下注0
[18:24:24] 玩家21245在区域 1  总下注90
[18:24:24] 玩家21245在区域 2  总下注0
[18:24:24] 玩家21245在区域 3  总下注0
[18:24:24] 玩家21245在区域 4  总下注0
[18:24:24] 玩家21245在区域 5  总下注0
[18:24:24] 玩家21245 总下注90
[18:24:24] send >>>>>>>>>>>>>>>>>>>>>>>>>>>>>>> 2 message 57 size 112
[18:24:24] 玩家20436在区域 0  总下注30
[18:24:24] 玩家20436在区域 1  总下注30
[18:24:24] 玩家20436在区域 2  总下注0
[18:24:24] 玩家20436在区域 3  总下注20
[18:24:24] 玩家20436在区域 4  总下注0
[18:24:24] 玩家20436在区域 5  总下注0
[18:24:24] 玩家20436 总下注80
[18:24:24] send >>>>>>>>>>>>>>>>>>>>>>>>>>>>>>> 3 message 57 size 112
[18:24:24] recv  55 <<<<<<<<<<<<<<<<<<<<<<<<<<<<<<< 3
[18:24:24] userbet 20436  在0 下了 10,累计下注 90
[18:24:24] broad >>>>>>>>>>>>>>>>>>>>>>>>>>>>>>> message 56 size 6
[18:24:24] 区域 0  总下注40
[18:24:24] 区域 1  总下注120
[18:24:24] 区域 2  总下注10
[18:24:24] 区域 3  总下注20
[18:24:24] 区域 4  总下注40
[18:24:24] 区域 5  总下注10
[18:24:24] send >>>>>>>>>>>>>>>>>>>>>>>>>>>>>>> 0 message 57 size 112
[18:24:24] 玩家21243在区域 0  总下注0
[18:24:24] 玩家21243在区域 1  总下注0
[18:24:24] 玩家21243在区域 2  总下注10
[18:24:24] 玩家21243在区域 3  总下注0
[18:24:24] 玩家21243在区域 4  总下注40
[18:24:24] 玩家21243在区域 5  总下注10
[18:24:24] 玩家21243 总下注60
[18:24:24] send >>>>>>>>>>>>>>>>>>>>>>>>>>>>>>> 1 message 57 size 112
[18:24:24] 玩家21245在区域 0  总下注0
[18:24:24] 玩家21245在区域 1  总下注90
[18:24:24] 玩家21245在区域 2  总下注0
[18:24:24] 玩家21245在区域 3  总下注0
[18:24:24] 玩家21245在区域 4  总下注0
[18:24:24] 玩家21245在区域 5  总下注0
[18:24:24] 玩家21245 总下注90
[18:24:24] send >>>>>>>>>>>>>>>>>>>>>>>>>>>>>>> 2 message 57 size 112
[18:24:24] 玩家20436在区域 0  总下注40
[18:24:24] 玩家20436在区域 1  总下注30
[18:24:24] 玩家20436在区域 2  总下注0
[18:24:24] 玩家20436在区域 3  总下注20
[18:24:24] 玩家20436在区域 4  总下注0
[18:24:24] 玩家20436在区域 5  总下注0
[18:24:24] 玩家20436 总下注90
[18:24:24] send >>>>>>>>>>>>>>>>>>>>>>>>>>>>>>> 3 message 57 size 112
[18:24:24] recv  55 <<<<<<<<<<<<<<<<<<<<<<<<<<<<<<< 3
[18:24:24] userbet 20436  在1 下了 10,累计下注 100
[18:24:24] broad >>>>>>>>>>>>>>>>>>>>>>>>>>>>>>> message 56 size 6
[18:24:24] 区域 0  总下注40
[18:24:24] 区域 1  总下注130
[18:24:24] 区域 2  总下注10
[18:24:24] 区域 3  总下注20
[18:24:24] 区域 4  总下注40
[18:24:24] 区域 5  总下注10
[18:24:24] send >>>>>>>>>>>>>>>>>>>>>>>>>>>>>>> 0 message 57 size 112
[18:24:24] 玩家21243在区域 0  总下注0
[18:24:24] 玩家21243在区域 1  总下注0
[18:24:24] 玩家21243在区域 2  总下注10
[18:24:24] 玩家21243在区域 3  总下注0
[18:24:24] 玩家21243在区域 4  总下注40
[18:24:24] 玩家21243在区域 5  总下注10
[18:24:24] 玩家21243 总下注60
[18:24:24] send >>>>>>>>>>>>>>>>>>>>>>>>>>>>>>> 1 message 57 size 112
[18:24:24] 玩家21245在区域 0  总下注0
[18:24:24] 玩家21245在区域 1  总下注90
[18:24:24] 玩家21245在区域 2  总下注0
[18:24:24] 玩家21245在区域 3  总下注0
[18:24:24] 玩家21245在区域 4  总下注0
[18:24:24] 玩家21245在区域 5  总下注0
[18:24:24] 玩家21245 总下注90
[18:24:24] send >>>>>>>>>>>>>>>>>>>>>>>>>>>>>>> 2 message 57 size 112
[18:24:24] 玩家20436在区域 0  总下注40
[18:24:24] 玩家20436在区域 1  总下注40
[18:24:24] 玩家20436在区域 2  总下注0
[18:24:24] 玩家20436在区域 3  总下注20
[18:24:24] 玩家20436在区域 4  总下注0
[18:24:24] 玩家20436在区域 5  总下注0
[18:24:24] 玩家20436 总下注100
[18:24:24] send >>>>>>>>>>>>>>>>>>>>>>>>>>>>>>> 3 message 57 size 112
[18:24:24] recv  55 <<<<<<<<<<<<<<<<<<<<<<<<<<<<<<< 1
[18:24:24] userbet 21243  在4 下了 10,累计下注 70
[18:24:24] broad >>>>>>>>>>>>>>>>>>>>>>>>>>>>>>> message 56 size 6
[18:24:24] 区域 0  总下注40
[18:24:24] 区域 1  总下注130
[18:24:24] 区域 2  总下注10
[18:24:24] 区域 3  总下注20
[18:24:24] 区域 4  总下注50
[18:24:24] 区域 5  总下注10
[18:24:24] send >>>>>>>>>>>>>>>>>>>>>>>>>>>>>>> 0 message 57 size 112
[18:24:24] 玩家21243在区域 0  总下注0
[18:24:24] 玩家21243在区域 1  总下注0
[18:24:24] 玩家21243在区域 2  总下注10
[18:24:24] 玩家21243在区域 3  总下注0
[18:24:24] 玩家21243在区域 4  总下注50
[18:24:24] 玩家21243在区域 5  总下注10
[18:24:24] 玩家21243 总下注70
[18:24:24] send >>>>>>>>>>>>>>>>>>>>>>>>>>>>>>> 1 message 57 size 112
[18:24:24] 玩家21245在区域 0  总下注0
[18:24:24] 玩家21245在区域 1  总下注90
[18:24:24] 玩家21245在区域 2  总下注0
[18:24:24] 玩家21245在区域 3  总下注0
[18:24:24] 玩家21245在区域 4  总下注0
[18:24:24] 玩家21245在区域 5  总下注0
[18:24:24] 玩家21245 总下注90
[18:24:24] send >>>>>>>>>>>>>>>>>>>>>>>>>>>>>>> 2 message 57 size 112
[18:24:24] 玩家20436在区域 0  总下注40
[18:24:24] 玩家20436在区域 1  总下注40
[18:24:24] 玩家20436在区域 2  总下注0
[18:24:24] 玩家20436在区域 3  总下注20
[18:24:24] 玩家20436在区域 4  总下注0
[18:24:24] 玩家20436在区域 5  总下注0
[18:24:24] 玩家20436 总下注100
[18:24:24] send >>>>>>>>>>>>>>>>>>>>>>>>>>>>>>> 3 message 57 size 112
[18:24:25] recv  55 <<<<<<<<<<<<<<<<<<<<<<<<<<<<<<< 3
[18:24:25] userbet 20436  在1 下了 10,累计下注 110
[18:24:25] broad >>>>>>>>>>>>>>>>>>>>>>>>>>>>>>> message 56 size 6
[18:24:25] 区域 0  总下注40
[18:24:25] 区域 1  总下注140
[18:24:25] 区域 2  总下注10
[18:24:25] 区域 3  总下注20
[18:24:25] 区域 4  总下注50
[18:24:25] 区域 5  总下注10
[18:24:25] send >>>>>>>>>>>>>>>>>>>>>>>>>>>>>>> 0 message 57 size 112
[18:24:25] 玩家21243在区域 0  总下注0
[18:24:25] 玩家21243在区域 1  总下注0
[18:24:25] 玩家21243在区域 2  总下注10
[18:24:25] 玩家21243在区域 3  总下注0
[18:24:25] 玩家21243在区域 4  总下注50
[18:24:25] 玩家21243在区域 5  总下注10
[18:24:25] 玩家21243 总下注70
[18:24:25] send >>>>>>>>>>>>>>>>>>>>>>>>>>>>>>> 1 message 57 size 112
[18:24:25] 玩家21245在区域 0  总下注0
[18:24:25] 玩家21245在区域 1  总下注90
[18:24:25] 玩家21245在区域 2  总下注0
[18:24:25] 玩家21245在区域 3  总下注0
[18:24:25] 玩家21245在区域 4  总下注0
[18:24:25] 玩家21245在区域 5  总下注0
[18:24:25] 玩家21245 总下注90
[18:24:25] send >>>>>>>>>>>>>>>>>>>>>>>>>>>>>>> 2 message 57 size 112
[18:24:25] 玩家20436在区域 0  总下注40
[18:24:25] 玩家20436在区域 1  总下注50
[18:24:25] 玩家20436在区域 2  总下注0
[18:24:25] 玩家20436在区域 3  总下注20
[18:24:25] 玩家20436在区域 4  总下注0
[18:24:25] 玩家20436在区域 5  总下注0
[18:24:25] 玩家20436 总下注110
[18:24:25] send >>>>>>>>>>>>>>>>>>>>>>>>>>>>>>> 3 message 57 size 112
[18:24:25] recv  55 <<<<<<<<<<<<<<<<<<<<<<<<<<<<<<< 1
[18:24:25] userbet 21243  在4 下了 10,累计下注 80
[18:24:25] broad >>>>>>>>>>>>>>>>>>>>>>>>>>>>>>> message 56 size 6
[18:24:25] 区域 0  总下注40
[18:24:25] 区域 1  总下注140
[18:24:25] 区域 2  总下注10
[18:24:25] 区域 3  总下注20
[18:24:25] 区域 4  总下注60
[18:24:25] 区域 5  总下注10
[18:24:25] send >>>>>>>>>>>>>>>>>>>>>>>>>>>>>>> 0 message 57 size 112
[18:24:25] 玩家21243在区域 0  总下注0
[18:24:25] 玩家21243在区域 1  总下注0
[18:24:25] 玩家21243在区域 2  总下注10
[18:24:25] 玩家21243在区域 3  总下注0
[18:24:25] 玩家21243在区域 4  总下注60
[18:24:25] 玩家21243在区域 5  总下注10
[18:24:25] 玩家21243 总下注80
[18:24:25] send >>>>>>>>>>>>>>>>>>>>>>>>>>>>>>> 1 message 57 size 112
[18:24:25] 玩家21245在区域 0  总下注0
[18:24:25] 玩家21245在区域 1  总下注90
[18:24:25] 玩家21245在区域 2  总下注0
[18:24:25] 玩家21245在区域 3  总下注0
[18:24:25] 玩家21245在区域 4  总下注0
[18:24:25] 玩家21245在区域 5  总下注0
[18:24:25] 玩家21245 总下注90
[18:24:25] send >>>>>>>>>>>>>>>>>>>>>>>>>>>>>>> 2 message 57 size 112
[18:24:25] 玩家20436在区域 0  总下注40
[18:24:25] 玩家20436在区域 1  总下注50
[18:24:25] 玩家20436在区域 2  总下注0
[18:24:25] 玩家20436在区域 3  总下注20
[18:24:25] 玩家20436在区域 4  总下注0
[18:24:25] 玩家20436在区域 5  总下注0
[18:24:25] 玩家20436 总下注110
[18:24:25] send >>>>>>>>>>>>>>>>>>>>>>>>>>>>>>> 3 message 57 size 112
[18:24:25] recv  55 <<<<<<<<<<<<<<<<<<<<<<<<<<<<<<< 3
[18:24:25] userbet 20436  在1 下了 10,累计下注 120
[18:24:25] broad >>>>>>>>>>>>>>>>>>>>>>>>>>>>>>> message 56 size 6
[18:24:25] 区域 0  总下注40
[18:24:25] 区域 1  总下注150
[18:24:25] 区域 2  总下注10
[18:24:25] 区域 3  总下注20
[18:24:25] 区域 4  总下注60
[18:24:25] 区域 5  总下注10
[18:24:25] send >>>>>>>>>>>>>>>>>>>>>>>>>>>>>>> 0 message 57 size 112
[18:24:25] 玩家21243在区域 0  总下注0
[18:24:25] 玩家21243在区域 1  总下注0
[18:24:25] 玩家21243在区域 2  总下注10
[18:24:25] 玩家21243在区域 3  总下注0
[18:24:25] 玩家21243在区域 4  总下注60
[18:24:25] 玩家21243在区域 5  总下注10
[18:24:25] 玩家21243 总下注80
[18:24:25] send >>>>>>>>>>>>>>>>>>>>>>>>>>>>>>> 1 message 57 size 112
[18:24:25] 玩家21245在区域 0  总下注0
[18:24:25] 玩家21245在区域 1  总下注90
[18:24:25] 玩家21245在区域 2  总下注0
[18:24:25] 玩家21245在区域 3  总下注0
[18:24:25] 玩家21245在区域 4  总下注0
[18:24:25] 玩家21245在区域 5  总下注0
[18:24:25] 玩家21245 总下注90
[18:24:25] send >>>>>>>>>>>>>>>>>>>>>>>>>>>>>>> 2 message 57 size 112
[18:24:25] 玩家20436在区域 0  总下注40
[18:24:25] 玩家20436在区域 1  总下注60
[18:24:25] 玩家20436在区域 2  总下注0
[18:24:25] 玩家20436在区域 3  总下注20
[18:24:25] 玩家20436在区域 4  总下注0
[18:24:25] 玩家20436在区域 5  总下注0
[18:24:25] 玩家20436 总下注120
[18:24:25] send >>>>>>>>>>>>>>>>>>>>>>>>>>>>>>> 3 message 57 size 112
[18:24:25] recv  55 <<<<<<<<<<<<<<<<<<<<<<<<<<<<<<< 2
[18:24:25] userbet 21245  在5 下了 10,累计下注 100
[18:24:25] broad >>>>>>>>>>>>>>>>>>>>>>>>>>>>>>> message 56 size 6
[18:24:25] 区域 0  总下注40
[18:24:25] 区域 1  总下注150
[18:24:25] 区域 2  总下注10
[18:24:25] 区域 3  总下注20
[18:24:25] 区域 4  总下注60
[18:24:25] 区域 5  总下注20
[18:24:25] send >>>>>>>>>>>>>>>>>>>>>>>>>>>>>>> 0 message 57 size 112
[18:24:25] 玩家21243在区域 0  总下注0
[18:24:25] 玩家21243在区域 1  总下注0
[18:24:25] 玩家21243在区域 2  总下注10
[18:24:25] 玩家21243在区域 3  总下注0
[18:24:25] 玩家21243在区域 4  总下注60
[18:24:25] 玩家21243在区域 5  总下注10
[18:24:25] 玩家21243 总下注80
[18:24:25] send >>>>>>>>>>>>>>>>>>>>>>>>>>>>>>> 1 message 57 size 112
[18:24:25] 玩家21245在区域 0  总下注0
[18:24:25] 玩家21245在区域 1  总下注90
[18:24:25] 玩家21245在区域 2  总下注0
[18:24:25] 玩家21245在区域 3  总下注0
[18:24:25] 玩家21245在区域 4  总下注0
[18:24:25] 玩家21245在区域 5  总下注10
[18:24:25] 玩家21245 总下注100
[18:24:25] send >>>>>>>>>>>>>>>>>>>>>>>>>>>>>>> 2 message 57 size 112
[18:24:25] 玩家20436在区域 0  总下注40
[18:24:25] 玩家20436在区域 1  总下注60
[18:24:25] 玩家20436在区域 2  总下注0
[18:24:25] 玩家20436在区域 3  总下注20
[18:24:25] 玩家20436在区域 4  总下注0
[18:24:25] 玩家20436在区域 5  总下注0
[18:24:25] 玩家20436 总下注120
[18:24:25] send >>>>>>>>>>>>>>>>>>>>>>>>>>>>>>> 3 message 57 size 112
[18:24:25] recv  55 <<<<<<<<<<<<<<<<<<<<<<<<<<<<<<< 3
[18:24:25] userbet 20436  在0 下了 10,累计下注 130
[18:24:25] broad >>>>>>>>>>>>>>>>>>>>>>>>>>>>>>> message 56 size 6
[18:24:25] 区域 0  总下注50
[18:24:25] 区域 1  总下注150
[18:24:25] 区域 2  总下注10
[18:24:25] 区域 3  总下注20
[18:24:25] 区域 4  总下注60
[18:24:25] 区域 5  总下注20
[18:24:25] send >>>>>>>>>>>>>>>>>>>>>>>>>>>>>>> 0 message 57 size 112
[18:24:25] 玩家21243在区域 0  总下注0
[18:24:25] 玩家21243在区域 1  总下注0
[18:24:25] 玩家21243在区域 2  总下注10
[18:24:25] 玩家21243在区域 3  总下注0
[18:24:25] 玩家21243在区域 4  总下注60
[18:24:25] 玩家21243在区域 5  总下注10
[18:24:25] 玩家21243 总下注80
[18:24:25] send >>>>>>>>>>>>>>>>>>>>>>>>>>>>>>> 1 message 57 size 112
[18:24:25] 玩家21245在区域 0  总下注0
[18:24:25] 玩家21245在区域 1  总下注90
[18:24:25] 玩家21245在区域 2  总下注0
[18:24:25] 玩家21245在区域 3  总下注0
[18:24:25] 玩家21245在区域 4  总下注0
[18:24:25] 玩家21245在区域 5  总下注10
[18:24:25] 玩家21245 总下注100
[18:24:25] send >>>>>>>>>>>>>>>>>>>>>>>>>>>>>>> 2 message 57 size 112
[18:24:25] 玩家20436在区域 0  总下注50
[18:24:25] 玩家20436在区域 1  总下注60
[18:24:25] 玩家20436在区域 2  总下注0
[18:24:25] 玩家20436在区域 3  总下注20
[18:24:25] 玩家20436在区域 4  总下注0
[18:24:25] 玩家20436在区域 5  总下注0
[18:24:25] 玩家20436 总下注130
[18:24:25] send >>>>>>>>>>>>>>>>>>>>>>>>>>>>>>> 3 message 57 size 112
[18:24:25] recv  55 <<<<<<<<<<<<<<<<<<<<<<<<<<<<<<< 3
[18:24:25] userbet 20436  在1 下了 10,累计下注 140
[18:24:25] broad >>>>>>>>>>>>>>>>>>>>>>>>>>>>>>> message 56 size 6
[18:24:25] 区域 0  总下注50
[18:24:25] 区域 1  总下注160
[18:24:25] 区域 2  总下注10
[18:24:25] 区域 3  总下注20
[18:24:25] 区域 4  总下注60
[18:24:25] 区域 5  总下注20
[18:24:25] send >>>>>>>>>>>>>>>>>>>>>>>>>>>>>>> 0 message 57 size 112
[18:24:25] 玩家21243在区域 0  总下注0
[18:24:25] 玩家21243在区域 1  总下注0
[18:24:25] 玩家21243在区域 2  总下注10
[18:24:25] 玩家21243在区域 3  总下注0
[18:24:25] 玩家21243在区域 4  总下注60
[18:24:25] 玩家21243在区域 5  总下注10
[18:24:25] 玩家21243 总下注80
[18:24:25] send >>>>>>>>>>>>>>>>>>>>>>>>>>>>>>> 1 message 57 size 112
[18:24:25] 玩家21245在区域 0  总下注0
[18:24:25] 玩家21245在区域 1  总下注90
[18:24:25] 玩家21245在区域 2  总下注0
[18:24:25] 玩家21245在区域 3  总下注0
[18:24:25] 玩家21245在区域 4  总下注0
[18:24:25] 玩家21245在区域 5  总下注10
[18:24:25] 玩家21245 总下注100
[18:24:25] send >>>>>>>>>>>>>>>>>>>>>>>>>>>>>>> 2 message 57 size 112
[18:24:25] 玩家20436在区域 0  总下注50
[18:24:25] 玩家20436在区域 1  总下注70
[18:24:25] 玩家20436在区域 2  总下注0
[18:24:25] 玩家20436在区域 3  总下注20
[18:24:25] 玩家20436在区域 4  总下注0
[18:24:25] 玩家20436在区域 5  总下注0
[18:24:25] 玩家20436 总下注140
[18:24:25] send >>>>>>>>>>>>>>>>>>>>>>>>>>>>>>> 3 message 57 size 112
[18:24:25] recv  55 <<<<<<<<<<<<<<<<<<<<<<<<<<<<<<< 3
[18:24:25] userbet 20436  在1 下了 10,累计下注 150
[18:24:25] broad >>>>>>>>>>>>>>>>>>>>>>>>>>>>>>> message 56 size 6
[18:24:25] 区域 0  总下注50
[18:24:25] 区域 1  总下注170
[18:24:25] 区域 2  总下注10
[18:24:25] 区域 3  总下注20
[18:24:25] 区域 4  总下注60
[18:24:25] 区域 5  总下注20
[18:24:25] send >>>>>>>>>>>>>>>>>>>>>>>>>>>>>>> 0 message 57 size 112
[18:24:25] 玩家21243在区域 0  总下注0
[18:24:25] 玩家21243在区域 1  总下注0
[18:24:25] 玩家21243在区域 2  总下注10
[18:24:25] 玩家21243在区域 3  总下注0
[18:24:25] 玩家21243在区域 4  总下注60
[18:24:25] 玩家21243在区域 5  总下注10
[18:24:25] 玩家21243 总下注80
[18:24:25] send >>>>>>>>>>>>>>>>>>>>>>>>>>>>>>> 1 message 57 size 112
[18:24:25] 玩家21245在区域 0  总下注0
[18:24:25] 玩家21245在区域 1  总下注90
[18:24:25] 玩家21245在区域 2  总下注0
[18:24:25] 玩家21245在区域 3  总下注0
[18:24:25] 玩家21245在区域 4  总下注0
[18:24:25] 玩家21245在区域 5  总下注10
[18:24:25] 玩家21245 总下注100
[18:24:25] send >>>>>>>>>>>>>>>>>>>>>>>>>>>>>>> 2 message 57 size 112
[18:24:25] 玩家20436在区域 0  总下注50
[18:24:25] 玩家20436在区域 1  总下注80
[18:24:25] 玩家20436在区域 2  总下注0
[18:24:25] 玩家20436在区域 3  总下注20
[18:24:25] 玩家20436在区域 4  总下注0
[18:24:25] 玩家20436在区域 5  总下注0
[18:24:25] 玩家20436 总下注150
[18:24:25] send >>>>>>>>>>>>>>>>>>>>>>>>>>>>>>> 3 message 57 size 112
[18:24:25] recv  55 <<<<<<<<<<<<<<<<<<<<<<<<<<<<<<< 2
[18:24:25] userbet 21245  在1 下了 10,累计下注 110
[18:24:25] broad >>>>>>>>>>>>>>>>>>>>>>>>>>>>>>> message 56 size 6
[18:24:25] 区域 0  总下注50
[18:24:25] 区域 1  总下注180
[18:24:25] 区域 2  总下注10
[18:24:25] 区域 3  总下注20
[18:24:25] 区域 4  总下注60
[18:24:25] 区域 5  总下注20
[18:24:25] send >>>>>>>>>>>>>>>>>>>>>>>>>>>>>>> 0 message 57 size 112
[18:24:25] 玩家21243在区域 0  总下注0
[18:24:25] 玩家21243在区域 1  总下注0
[18:24:25] 玩家21243在区域 2  总下注10
[18:24:25] 玩家21243在区域 3  总下注0
[18:24:25] 玩家21243在区域 4  总下注60
[18:24:25] 玩家21243在区域 5  总下注10
[18:24:25] 玩家21243 总下注80
[18:24:25] send >>>>>>>>>>>>>>>>>>>>>>>>>>>>>>> 1 message 57 size 112
[18:24:25] 玩家21245在区域 0  总下注0
[18:24:25] 玩家21245在区域 1  总下注100
[18:24:25] 玩家21245在区域 2  总下注0
[18:24:25] 玩家21245在区域 3  总下注0
[18:24:25] 玩家21245在区域 4  总下注0
[18:24:25] 玩家21245在区域 5  总下注10
[18:24:25] 玩家21245 总下注110
[18:24:25] send >>>>>>>>>>>>>>>>>>>>>>>>>>>>>>> 2 message 57 size 112
[18:24:25] 玩家20436在区域 0  总下注50
[18:24:25] 玩家20436在区域 1  总下注80
[18:24:25] 玩家20436在区域 2  总下注0
[18:24:25] 玩家20436在区域 3  总下注20
[18:24:25] 玩家20436在区域 4  总下注0
[18:24:25] 玩家20436在区域 5  总下注0
[18:24:25] 玩家20436 总下注150
[18:24:25] send >>>>>>>>>>>>>>>>>>>>>>>>>>>>>>> 3 message 57 size 112
[18:24:25] card 0 8,6,   type 0   point 4
[18:24:25] card 1 0,5,   type 0   point 8
[18:24:25] card 2 10,7,   type 0   point 8
[18:24:25] card 3 d,9,   type 0   point 5
[18:24:25] broad >>>>>>>>>>>>>>>>>>>>>>>>>>>>>>> message 52 size 16
[18:24:25] recv  55 <<<<<<<<<<<<<<<<<<<<<<<<<<<<<<< 2
[18:24:25] userbet 21245  在5 下了 10,累计下注 120
[18:24:25] broad >>>>>>>>>>>>>>>>>>>>>>>>>>>>>>> message 56 size 6
[18:24:25] 区域 0  总下注50
[18:24:25] 区域 1  总下注180
[18:24:25] 区域 2  总下注10
[18:24:25] 区域 3  总下注20
[18:24:25] 区域 4  总下注60
[18:24:25] 区域 5  总下注30
[18:24:25] send >>>>>>>>>>>>>>>>>>>>>>>>>>>>>>> 0 message 57 size 112
[18:24:25] 玩家21243在区域 0  总下注0
[18:24:25] 玩家21243在区域 1  总下注0
[18:24:25] 玩家21243在区域 2  总下注10
[18:24:25] 玩家21243在区域 3  总下注0
[18:24:25] 玩家21243在区域 4  总下注60
[18:24:25] 玩家21243在区域 5  总下注10
[18:24:25] 玩家21243 总下注80
[18:24:25] send >>>>>>>>>>>>>>>>>>>>>>>>>>>>>>> 1 message 57 size 112
[18:24:25] 玩家21245在区域 0  总下注0
[18:24:25] 玩家21245在区域 1  总下注100
[18:24:25] 玩家21245在区域 2  总下注0
[18:24:25] 玩家21245在区域 3  总下注0
[18:24:25] 玩家21245在区域 4  总下注0
[18:24:25] 玩家21245在区域 5  总下注20
[18:24:25] 玩家21245 总下注120
[18:24:25] send >>>>>>>>>>>>>>>>>>>>>>>>>>>>>>> 2 message 57 size 112
[18:24:25] 玩家20436在区域 0  总下注50
[18:24:25] 玩家20436在区域 1  总下注80
[18:24:25] 玩家20436在区域 2  总下注0
[18:24:25] 玩家20436在区域 3  总下注20
[18:24:25] 玩家20436在区域 4  总下注0
[18:24:25] 玩家20436在区域 5  总下注0
[18:24:25] 玩家20436 总下注150
[18:24:25] send >>>>>>>>>>>>>>>>>>>>>>>>>>>>>>> 3 message 57 size 112
[18:24:40] 区域 0 结算 -50
[18:24:40] 区域 1 结算 180
[18:24:40] 区域 2 结算 10
[18:24:40] 区域 3 结算 0
[18:24:40] 区域 4 结算 60
[18:24:40] 区域 5 结算 0
[18:24:40] 玩家0[20024]  结算 -200
[18:24:40] 玩家1[21243]  结算 70
[18:24:40] 玩家2[21245]  结算 100
[18:24:40] 玩家3[20436]  结算 30
[18:24:40] broad >>>>>>>>>>>>>>>>>>>>>>>>>>>>>>> message 58 size 86
[18:24:42] 玩家0[20024]  结算 -200, 分数 -200, 总分数 0
[18:24:42] 玩家1[21243]  结算 70, 分数 70, 总分数 0
[18:24:42] 玩家2[21245]  结算 100, 分数 100, 总分数 0
[18:24:42] 玩家3[20436]  结算 30, 分数 30, 总分数 0
[18:24:42] ******************游戏结束********************************



[18:24:45] broad >>>>>>>>>>>>>>>>>>>>>>>>>>>>>>> message 72 size 4
[18:24:48] 3:20436 ready
[18:24:48] 0:20024 ready
[18:24:50] 1:21243 ready
[18:24:50] 2:21245 ready
[18:24:50] *****************游戏开始***************
[18:24:50] [0][20024]连庄局数 1,总局数2
[18:24:50] [1][21243]连庄局数 1,总局数2
[18:24:50] [2][21245]连庄局数 0,总局数2
[18:24:50] [3][20436]连庄局数 0,总局数2
[18:24:50] 通知 庄家 1 坐庄次数 1
[18:24:50] broad >>>>>>>>>>>>>>>>>>>>>>>>>>>>>>> message 69 size 1
[18:24:50] 游戏局数 2,总局数 4
[18:24:50] broad >>>>>>>>>>>>>>>>>>>>>>>>>>>>>>> message 71 size 8
[18:24:50] broad >>>>>>>>>>>>>>>>>>>>>>>>>>>>>>> message 51 size 0
[18:24:51] 2:21245 ready
[18:24:52] 2:21245 ready
[18:24:55] recv  55 <<<<<<<<<<<<<<<<<<<<<<<<<<<<<<< 3
[18:24:55] userbet 20436  在1 下了 10,累计下注 10
[18:24:55] broad >>>>>>>>>>>>>>>>>>>>>>>>>>>>>>> message 56 size 6
[18:24:55] 区域 0  总下注0
[18:24:55] 区域 1  总下注10
[18:24:55] 区域 2  总下注0
[18:24:55] 区域 3  总下注0
[18:24:55] 区域 4  总下注0
[18:24:55] 区域 5  总下注0
[18:24:55] 玩家20024在区域 0  总下注0
[18:24:55] 玩家20024在区域 1  总下注0
[18:24:55] 玩家20024在区域 2  总下注0
[18:24:55] 玩家20024在区域 3  总下注0
[18:24:55] 玩家20024在区域 4  总下注0
[18:24:55] 玩家20024在区域 5  总下注0
[18:24:55] 玩家20024 总下注0
[18:24:55] send >>>>>>>>>>>>>>>>>>>>>>>>>>>>>>> 0 message 57 size 112
[18:24:55] send >>>>>>>>>>>>>>>>>>>>>>>>>>>>>>> 1 message 57 size 112
[18:24:55] 玩家21245在区域 0  总下注0
[18:24:55] 玩家21245在区域 1  总下注0
[18:24:55] 玩家21245在区域 2  总下注0
[18:24:55] 玩家21245在区域 3  总下注0
[18:24:55] 玩家21245在区域 4  总下注0
[18:24:55] 玩家21245在区域 5  总下注0
[18:24:55] 玩家21245 总下注0
[18:24:55] send >>>>>>>>>>>>>>>>>>>>>>>>>>>>>>> 2 message 57 size 112
[18:24:55] 玩家20436在区域 0  总下注0
[18:24:55] 玩家20436在区域 1  总下注10
[18:24:55] 玩家20436在区域 2  总下注0
[18:24:55] 玩家20436在区域 3  总下注0
[18:24:55] 玩家20436在区域 4  总下注0
[18:24:55] 玩家20436在区域 5  总下注0
[18:24:55] 玩家20436 总下注10
[18:24:55] send >>>>>>>>>>>>>>>>>>>>>>>>>>>>>>> 3 message 57 size 112
[18:24:55] recv  55 <<<<<<<<<<<<<<<<<<<<<<<<<<<<<<< 3
[18:24:55] userbet 20436  在0 下了 10,累计下注 20
[18:24:55] broad >>>>>>>>>>>>>>>>>>>>>>>>>>>>>>> message 56 size 6
[18:24:55] 区域 0  总下注10
[18:24:55] 区域 1  总下注10
[18:24:55] 区域 2  总下注0
[18:24:55] 区域 3  总下注0
[18:24:55] 区域 4  总下注0
[18:24:55] 区域 5  总下注0
[18:24:55] 玩家20024在区域 0  总下注0
[18:24:55] 玩家20024在区域 1  总下注0
[18:24:55] 玩家20024在区域 2  总下注0
[18:24:55] 玩家20024在区域 3  总下注0
[18:24:55] 玩家20024在区域 4  总下注0
[18:24:55] 玩家20024在区域 5  总下注0
[18:24:55] 玩家20024 总下注0
[18:24:55] send >>>>>>>>>>>>>>>>>>>>>>>>>>>>>>> 0 message 57 size 112
[18:24:55] send >>>>>>>>>>>>>>>>>>>>>>>>>>>>>>> 1 message 57 size 112
[18:24:55] 玩家21245在区域 0  总下注0
[18:24:55] 玩家21245在区域 1  总下注0
[18:24:55] 玩家21245在区域 2  总下注0
[18:24:55] 玩家21245在区域 3  总下注0
[18:24:55] 玩家21245在区域 4  总下注0
[18:24:55] 玩家21245在区域 5  总下注0
[18:24:55] 玩家21245 总下注0
[18:24:55] send >>>>>>>>>>>>>>>>>>>>>>>>>>>>>>> 2 message 57 size 112
[18:24:55] 玩家20436在区域 0  总下注10
[18:24:55] 玩家20436在区域 1  总下注10
[18:24:55] 玩家20436在区域 2  总下注0
[18:24:55] 玩家20436在区域 3  总下注0
[18:24:55] 玩家20436在区域 4  总下注0
[18:24:55] 玩家20436在区域 5  总下注0
[18:24:55] 玩家20436 总下注20
[18:24:55] send >>>>>>>>>>>>>>>>>>>>>>>>>>>>>>> 3 message 57 size 112
[18:24:55] recv  55 <<<<<<<<<<<<<<<<<<<<<<<<<<<<<<< 3
[18:24:55] userbet 20436  在0 下了 10,累计下注 30
[18:24:55] broad >>>>>>>>>>>>>>>>>>>>>>>>>>>>>>> message 56 size 6
[18:24:55] 区域 0  总下注20
[18:24:55] 区域 1  总下注10
[18:24:55] 区域 2  总下注0
[18:24:55] 区域 3  总下注0
[18:24:55] 区域 4  总下注0
[18:24:55] 区域 5  总下注0
[18:24:55] 玩家20024在区域 0  总下注0
[18:24:55] 玩家20024在区域 1  总下注0
[18:24:55] 玩家20024在区域 2  总下注0
[18:24:55] 玩家20024在区域 3  总下注0
[18:24:55] 玩家20024在区域 4  总下注0
[18:24:55] 玩家20024在区域 5  总下注0
[18:24:55] 玩家20024 总下注0
[18:24:55] send >>>>>>>>>>>>>>>>>>>>>>>>>>>>>>> 0 message 57 size 112
[18:24:55] send >>>>>>>>>>>>>>>>>>>>>>>>>>>>>>> 1 message 57 size 112
[18:24:55] 玩家21245在区域 0  总下注0
[18:24:55] 玩家21245在区域 1  总下注0
[18:24:55] 玩家21245在区域 2  总下注0
[18:24:55] 玩家21245在区域 3  总下注0
[18:24:55] 玩家21245在区域 4  总下注0
[18:24:55] 玩家21245在区域 5  总下注0
[18:24:55] 玩家21245 总下注0
[18:24:55] send >>>>>>>>>>>>>>>>>>>>>>>>>>>>>>> 2 message 57 size 112
[18:24:55] 玩家20436在区域 0  总下注20
[18:24:55] 玩家20436在区域 1  总下注10
[18:24:55] 玩家20436在区域 2  总下注0
[18:24:55] 玩家20436在区域 3  总下注0
[18:24:55] 玩家20436在区域 4  总下注0
[18:24:55] 玩家20436在区域 5  总下注0
[18:24:55] 玩家20436 总下注30
[18:24:55] send >>>>>>>>>>>>>>>>>>>>>>>>>>>>>>> 3 message 57 size 112
[18:24:55] recv  55 <<<<<<<<<<<<<<<<<<<<<<<<<<<<<<< 3
[18:24:55] userbet 20436  在0 下了 10,累计下注 40
[18:24:55] broad >>>>>>>>>>>>>>>>>>>>>>>>>>>>>>> message 56 size 6
[18:24:55] 区域 0  总下注30
[18:24:55] 区域 1  总下注10
[18:24:55] 区域 2  总下注0
[18:24:55] 区域 3  总下注0
[18:24:55] 区域 4  总下注0
[18:24:55] 区域 5  总下注0
[18:24:55] 玩家20024在区域 0  总下注0
[18:24:55] 玩家20024在区域 1  总下注0
[18:24:55] 玩家20024在区域 2  总下注0
[18:24:55] 玩家20024在区域 3  总下注0
[18:24:55] 玩家20024在区域 4  总下注0
[18:24:55] 玩家20024在区域 5  总下注0
[18:24:55] 玩家20024 总下注0
[18:24:55] send >>>>>>>>>>>>>>>>>>>>>>>>>>>>>>> 0 message 57 size 112
[18:24:55] send >>>>>>>>>>>>>>>>>>>>>>>>>>>>>>> 1 message 57 size 112
[18:24:55] 玩家21245在区域 0  总下注0
[18:24:55] 玩家21245在区域 1  总下注0
[18:24:55] 玩家21245在区域 2  总下注0
[18:24:55] 玩家21245在区域 3  总下注0
[18:24:55] 玩家21245在区域 4  总下注0
[18:24:55] 玩家21245在区域 5  总下注0
[18:24:55] 玩家21245 总下注0
[18:24:55] send >>>>>>>>>>>>>>>>>>>>>>>>>>>>>>> 2 message 57 size 112
[18:24:55] 玩家20436在区域 0  总下注30
[18:24:55] 玩家20436在区域 1  总下注10
[18:24:55] 玩家20436在区域 2  总下注0
[18:24:55] 玩家20436在区域 3  总下注0
[18:24:55] 玩家20436在区域 4  总下注0
[18:24:55] 玩家20436在区域 5  总下注0
[18:24:55] 玩家20436 总下注40
[18:24:55] send >>>>>>>>>>>>>>>>>>>>>>>>>>>>>>> 3 message 57 size 112
[18:24:55] recv  55 <<<<<<<<<<<<<<<<<<<<<<<<<<<<<<< 3
[18:24:55] userbet 20436  在1 下了 10,累计下注 50
[18:24:55] broad >>>>>>>>>>>>>>>>>>>>>>>>>>>>>>> message 56 size 6
[18:24:55] 区域 0  总下注30
[18:24:55] 区域 1  总下注20
[18:24:55] 区域 2  总下注0
[18:24:55] 区域 3  总下注0
[18:24:55] 区域 4  总下注0
[18:24:55] 区域 5  总下注0
[18:24:55] 玩家20024在区域 0  总下注0
[18:24:55] 玩家20024在区域 1  总下注0
[18:24:55] 玩家20024在区域 2  总下注0
[18:24:55] 玩家20024在区域 3  总下注0
[18:24:55] 玩家20024在区域 4  总下注0
[18:24:55] 玩家20024在区域 5  总下注0
[18:24:55] 玩家20024 总下注0
[18:24:55] send >>>>>>>>>>>>>>>>>>>>>>>>>>>>>>> 0 message 57 size 112
[18:24:55] send >>>>>>>>>>>>>>>>>>>>>>>>>>>>>>> 1 message 57 size 112
[18:24:55] 玩家21245在区域 0  总下注0
[18:24:55] 玩家21245在区域 1  总下注0
[18:24:55] 玩家21245在区域 2  总下注0
[18:24:55] 玩家21245在区域 3  总下注0
[18:24:55] 玩家21245在区域 4  总下注0
[18:24:55] 玩家21245在区域 5  总下注0
[18:24:55] 玩家21245 总下注0
[18:24:55] send >>>>>>>>>>>>>>>>>>>>>>>>>>>>>>> 2 message 57 size 112
[18:24:55] 玩家20436在区域 0  总下注30
[18:24:55] 玩家20436在区域 1  总下注20
[18:24:55] 玩家20436在区域 2  总下注0
[18:24:55] 玩家20436在区域 3  总下注0
[18:24:55] 玩家20436在区域 4  总下注0
[18:24:55] 玩家20436在区域 5  总下注0
[18:24:55] 玩家20436 总下注50
[18:24:55] send >>>>>>>>>>>>>>>>>>>>>>>>>>>>>>> 3 message 57 size 112
[18:24:55] recv  55 <<<<<<<<<<<<<<<<<<<<<<<<<<<<<<< 3
[18:24:55] userbet 20436  在0 下了 10,累计下注 60
[18:24:55] broad >>>>>>>>>>>>>>>>>>>>>>>>>>>>>>> message 56 size 6
[18:24:55] 区域 0  总下注40
[18:24:55] 区域 1  总下注20
[18:24:55] 区域 2  总下注0
[18:24:55] 区域 3  总下注0
[18:24:55] 区域 4  总下注0
[18:24:55] 区域 5  总下注0
[18:24:55] 玩家20024在区域 0  总下注0
[18:24:55] 玩家20024在区域 1  总下注0
[18:24:55] 玩家20024在区域 2  总下注0
[18:24:55] 玩家20024在区域 3  总下注0
[18:24:55] 玩家20024在区域 4  总下注0
[18:24:55] 玩家20024在区域 5  总下注0
[18:24:55] 玩家20024 总下注0
[18:24:55] send >>>>>>>>>>>>>>>>>>>>>>>>>>>>>>> 0 message 57 size 112
[18:24:55] send >>>>>>>>>>>>>>>>>>>>>>>>>>>>>>> 1 message 57 size 112
[18:24:55] 玩家21245在区域 0  总下注0
[18:24:55] 玩家21245在区域 1  总下注0
[18:24:55] 玩家21245在区域 2  总下注0
[18:24:55] 玩家21245在区域 3  总下注0
[18:24:55] 玩家21245在区域 4  总下注0
[18:24:55] 玩家21245在区域 5  总下注0
[18:24:55] 玩家21245 总下注0
[18:24:55] send >>>>>>>>>>>>>>>>>>>>>>>>>>>>>>> 2 message 57 size 112
[18:24:55] 玩家20436在区域 0  总下注40
[18:24:55] 玩家20436在区域 1  总下注20
[18:24:55] 玩家20436在区域 2  总下注0
[18:24:55] 玩家20436在区域 3  总下注0
[18:24:55] 玩家20436在区域 4  总下注0
[18:24:55] 玩家20436在区域 5  总下注0
[18:24:55] 玩家20436 总下注60
[18:24:55] send >>>>>>>>>>>>>>>>>>>>>>>>>>>>>>> 3 message 57 size 112
[18:24:56] recv  55 <<<<<<<<<<<<<<<<<<<<<<<<<<<<<<< 3
[18:24:56] userbet 20436  在0 下了 10,累计下注 70
[18:24:56] broad >>>>>>>>>>>>>>>>>>>>>>>>>>>>>>> message 56 size 6
[18:24:56] 区域 0  总下注50
[18:24:56] 区域 1  总下注20
[18:24:56] 区域 2  总下注0
[18:24:56] 区域 3  总下注0
[18:24:56] 区域 4  总下注0
[18:24:56] 区域 5  总下注0
[18:24:56] 玩家20024在区域 0  总下注0
[18:24:56] 玩家20024在区域 1  总下注0
[18:24:56] 玩家20024在区域 2  总下注0
[18:24:56] 玩家20024在区域 3  总下注0
[18:24:56] 玩家20024在区域 4  总下注0
[18:24:56] 玩家20024在区域 5  总下注0
[18:24:56] 玩家20024 总下注0
[18:24:56] send >>>>>>>>>>>>>>>>>>>>>>>>>>>>>>> 0 message 57 size 112
[18:24:56] send >>>>>>>>>>>>>>>>>>>>>>>>>>>>>>> 1 message 57 size 112
[18:24:56] 玩家21245在区域 0  总下注0
[18:24:56] 玩家21245在区域 1  总下注0
[18:24:56] 玩家21245在区域 2  总下注0
[18:24:56] 玩家21245在区域 3  总下注0
[18:24:56] 玩家21245在区域 4  总下注0
[18:24:56] 玩家21245在区域 5  总下注0
[18:24:56] 玩家21245 总下注0
[18:24:56] send >>>>>>>>>>>>>>>>>>>>>>>>>>>>>>> 2 message 57 size 112
[18:24:56] 玩家20436在区域 0  总下注50
[18:24:56] 玩家20436在区域 1  总下注20
[18:24:56] 玩家20436在区域 2  总下注0
[18:24:56] 玩家20436在区域 3  总下注0
[18:24:56] 玩家20436在区域 4  总下注0
[18:24:56] 玩家20436在区域 5  总下注0
[18:24:56] 玩家20436 总下注70
[18:24:56] send >>>>>>>>>>>>>>>>>>>>>>>>>>>>>>> 3 message 57 size 112
[18:24:56] recv  55 <<<<<<<<<<<<<<<<<<<<<<<<<<<<<<< 3
[18:24:56] userbet 20436  在0 下了 10,累计下注 80
[18:24:56] broad >>>>>>>>>>>>>>>>>>>>>>>>>>>>>>> message 56 size 6
[18:24:56] 区域 0  总下注60
[18:24:56] 区域 1  总下注20
[18:24:56] 区域 2  总下注0
[18:24:56] 区域 3  总下注0
[18:24:56] 区域 4  总下注0
[18:24:56] 区域 5  总下注0
[18:24:56] 玩家20024在区域 0  总下注0
[18:24:56] 玩家20024在区域 1  总下注0
[18:24:56] 玩家20024在区域 2  总下注0
[18:24:56] 玩家20024在区域 3  总下注0
[18:24:56] 玩家20024在区域 4  总下注0
[18:24:56] 玩家20024在区域 5  总下注0
[18:24:56] 玩家20024 总下注0
[18:24:56] send >>>>>>>>>>>>>>>>>>>>>>>>>>>>>>> 0 message 57 size 112
[18:24:56] send >>>>>>>>>>>>>>>>>>>>>>>>>>>>>>> 1 message 57 size 112
[18:24:56] 玩家21245在区域 0  总下注0
[18:24:56] 玩家21245在区域 1  总下注0
[18:24:56] 玩家21245在区域 2  总下注0
[18:24:56] 玩家21245在区域 3  总下注0
[18:24:56] 玩家21245在区域 4  总下注0
[18:24:56] 玩家21245在区域 5  总下注0
[18:24:56] 玩家21245 总下注0
[18:24:56] send >>>>>>>>>>>>>>>>>>>>>>>>>>>>>>> 2 message 57 size 112
[18:24:56] 玩家20436在区域 0  总下注60
[18:24:56] 玩家20436在区域 1  总下注20
[18:24:56] 玩家20436在区域 2  总下注0
[18:24:56] 玩家20436在区域 3  总下注0
[18:24:56] 玩家20436在区域 4  总下注0
[18:24:56] 玩家20436在区域 5  总下注0
[18:24:56] 玩家20436 总下注80
[18:24:56] send >>>>>>>>>>>>>>>>>>>>>>>>>>>>>>> 3 message 57 size 112
[18:24:56] recv  55 <<<<<<<<<<<<<<<<<<<<<<<<<<<<<<< 3
[18:24:56] userbet 20436  在1 下了 10,累计下注 90
[18:24:56] broad >>>>>>>>>>>>>>>>>>>>>>>>>>>>>>> message 56 size 6
[18:24:56] 区域 0  总下注60
[18:24:56] 区域 1  总下注30
[18:24:56] 区域 2  总下注0
[18:24:56] 区域 3  总下注0
[18:24:56] 区域 4  总下注0
[18:24:56] 区域 5  总下注0
[18:24:56] 玩家20024在区域 0  总下注0
[18:24:56] 玩家20024在区域 1  总下注0
[18:24:56] 玩家20024在区域 2  总下注0
[18:24:56] 玩家20024在区域 3  总下注0
[18:24:56] 玩家20024在区域 4  总下注0
[18:24:56] 玩家20024在区域 5  总下注0
[18:24:56] 玩家20024 总下注0
[18:24:56] send >>>>>>>>>>>>>>>>>>>>>>>>>>>>>>> 0 message 57 size 112
[18:24:56] send >>>>>>>>>>>>>>>>>>>>>>>>>>>>>>> 1 message 57 size 112
[18:24:56] 玩家21245在区域 0  总下注0
[18:24:56] 玩家21245在区域 1  总下注0
[18:24:56] 玩家21245在区域 2  总下注0
[18:24:56] 玩家21245在区域 3  总下注0
[18:24:56] 玩家21245在区域 4  总下注0
[18:24:56] 玩家21245在区域 5  总下注0
[18:24:56] 玩家21245 总下注0
[18:24:56] send >>>>>>>>>>>>>>>>>>>>>>>>>>>>>>> 2 message 57 size 112
[18:24:56] 玩家20436在区域 0  总下注60
[18:24:56] 玩家20436在区域 1  总下注30
[18:24:56] 玩家20436在区域 2  总下注0
[18:24:56] 玩家20436在区域 3  总下注0
[18:24:56] 玩家20436在区域 4  总下注0
[18:24:56] 玩家20436在区域 5  总下注0
[18:24:56] 玩家20436 总下注90
[18:24:56] send >>>>>>>>>>>>>>>>>>>>>>>>>>>>>>> 3 message 57 size 112
[18:24:57] recv  55 <<<<<<<<<<<<<<<<<<<<<<<<<<<<<<< 3
[18:24:57] userbet 20436  在0 下了 10,累计下注 100
[18:24:57] broad >>>>>>>>>>>>>>>>>>>>>>>>>>>>>>> message 56 size 6
[18:24:57] 区域 0  总下注70
[18:24:57] 区域 1  总下注30
[18:24:57] 区域 2  总下注0
[18:24:57] 区域 3  总下注0
[18:24:57] 区域 4  总下注0
[18:24:57] 区域 5  总下注0
[18:24:57] 玩家20024在区域 0  总下注0
[18:24:57] 玩家20024在区域 1  总下注0
[18:24:57] 玩家20024在区域 2  总下注0
[18:24:57] 玩家20024在区域 3  总下注0
[18:24:57] 玩家20024在区域 4  总下注0
[18:24:57] 玩家20024在区域 5  总下注0
[18:24:57] 玩家20024 总下注0
[18:24:57] send >>>>>>>>>>>>>>>>>>>>>>>>>>>>>>> 0 message 57 size 112
[18:24:57] send >>>>>>>>>>>>>>>>>>>>>>>>>>>>>>> 1 message 57 size 112
[18:24:57] 玩家21245在区域 0  总下注0
[18:24:57] 玩家21245在区域 1  总下注0
[18:24:57] 玩家21245在区域 2  总下注0
[18:24:57] 玩家21245在区域 3  总下注0
[18:24:57] 玩家21245在区域 4  总下注0
[18:24:57] 玩家21245在区域 5  总下注0
[18:24:57] 玩家21245 总下注0
[18:24:57] send >>>>>>>>>>>>>>>>>>>>>>>>>>>>>>> 2 message 57 size 112
[18:24:57] 玩家20436在区域 0  总下注70
[18:24:57] 玩家20436在区域 1  总下注30
[18:24:57] 玩家20436在区域 2  总下注0
[18:24:57] 玩家20436在区域 3  总下注0
[18:24:57] 玩家20436在区域 4  总下注0
[18:24:57] 玩家20436在区域 5  总下注0
[18:24:57] 玩家20436 总下注100
[18:24:57] send >>>>>>>>>>>>>>>>>>>>>>>>>>>>>>> 3 message 57 size 112
[18:24:57] recv  55 <<<<<<<<<<<<<<<<<<<<<<<<<<<<<<< 3
[18:24:57] userbet 20436  在0 下了 10,累计下注 110
[18:24:57] broad >>>>>>>>>>>>>>>>>>>>>>>>>>>>>>> message 56 size 6
[18:24:57] 区域 0  总下注80
[18:24:57] 区域 1  总下注30
[18:24:57] 区域 2  总下注0
[18:24:57] 区域 3  总下注0
[18:24:57] 区域 4  总下注0
[18:24:57] 区域 5  总下注0
[18:24:57] 玩家20024在区域 0  总下注0
[18:24:57] 玩家20024在区域 1  总下注0
[18:24:57] 玩家20024在区域 2  总下注0
[18:24:57] 玩家20024在区域 3  总下注0
[18:24:57] 玩家20024在区域 4  总下注0
[18:24:57] 玩家20024在区域 5  总下注0
[18:24:57] 玩家20024 总下注0
[18:24:57] send >>>>>>>>>>>>>>>>>>>>>>>>>>>>>>> 0 message 57 size 112
[18:24:57] send >>>>>>>>>>>>>>>>>>>>>>>>>>>>>>> 1 message 57 size 112
[18:24:57] 玩家21245在区域 0  总下注0
[18:24:57] 玩家21245在区域 1  总下注0
[18:24:57] 玩家21245在区域 2  总下注0
[18:24:57] 玩家21245在区域 3  总下注0
[18:24:57] 玩家21245在区域 4  总下注0
[18:24:57] 玩家21245在区域 5  总下注0
[18:24:57] 玩家21245 总下注0
[18:24:57] send >>>>>>>>>>>>>>>>>>>>>>>>>>>>>>> 2 message 57 size 112
[18:24:57] 玩家20436在区域 0  总下注80
[18:24:57] 玩家20436在区域 1  总下注30
[18:24:57] 玩家20436在区域 2  总下注0
[18:24:57] 玩家20436在区域 3  总下注0
[18:24:57] 玩家20436在区域 4  总下注0
[18:24:57] 玩家20436在区域 5  总下注0
[18:24:57] 玩家20436 总下注110
[18:24:57] send >>>>>>>>>>>>>>>>>>>>>>>>>>>>>>> 3 message 57 size 112
[18:24:57] recv  55 <<<<<<<<<<<<<<<<<<<<<<<<<<<<<<< 3
[18:24:57] userbet 20436  在1 下了 10,累计下注 120
[18:24:57] broad >>>>>>>>>>>>>>>>>>>>>>>>>>>>>>> message 56 size 6
[18:24:57] 区域 0  总下注80
[18:24:57] 区域 1  总下注40
[18:24:57] 区域 2  总下注0
[18:24:57] 区域 3  总下注0
[18:24:57] 区域 4  总下注0
[18:24:57] 区域 5  总下注0
[18:24:57] 玩家20024在区域 0  总下注0
[18:24:57] 玩家20024在区域 1  总下注0
[18:24:57] 玩家20024在区域 2  总下注0
[18:24:57] 玩家20024在区域 3  总下注0
[18:24:57] 玩家20024在区域 4  总下注0
[18:24:57] 玩家20024在区域 5  总下注0
[18:24:57] 玩家20024 总下注0
[18:24:57] send >>>>>>>>>>>>>>>>>>>>>>>>>>>>>>> 0 message 57 size 112
[18:24:57] send >>>>>>>>>>>>>>>>>>>>>>>>>>>>>>> 1 message 57 size 112
[18:24:57] 玩家21245在区域 0  总下注0
[18:24:57] 玩家21245在区域 1  总下注0
[18:24:57] 玩家21245在区域 2  总下注0
[18:24:57] 玩家21245在区域 3  总下注0
[18:24:57] 玩家21245在区域 4  总下注0
[18:24:57] 玩家21245在区域 5  总下注0
[18:24:57] 玩家21245 总下注0
[18:24:57] send >>>>>>>>>>>>>>>>>>>>>>>>>>>>>>> 2 message 57 size 112
[18:24:57] 玩家20436在区域 0  总下注80
[18:24:57] 玩家20436在区域 1  总下注40
[18:24:57] 玩家20436在区域 2  总下注0
[18:24:57] 玩家20436在区域 3  总下注0
[18:24:57] 玩家20436在区域 4  总下注0
[18:24:57] 玩家20436在区域 5  总下注0
[18:24:57] 玩家20436 总下注120
[18:24:57] send >>>>>>>>>>>>>>>>>>>>>>>>>>>>>>> 3 message 57 size 112
[18:24:57] recv  55 <<<<<<<<<<<<<<<<<<<<<<<<<<<<<<< 3
[18:24:57] userbet 20436  在0 下了 10,累计下注 130
[18:24:57] broad >>>>>>>>>>>>>>>>>>>>>>>>>>>>>>> message 56 size 6
[18:24:57] 区域 0  总下注90
[18:24:57] 区域 1  总下注40
[18:24:57] 区域 2  总下注0
[18:24:57] 区域 3  总下注0
[18:24:57] 区域 4  总下注0
[18:24:57] 区域 5  总下注0
[18:24:57] 玩家20024在区域 0  总下注0
[18:24:57] 玩家20024在区域 1  总下注0
[18:24:57] 玩家20024在区域 2  总下注0
[18:24:57] 玩家20024在区域 3  总下注0
[18:24:57] 玩家20024在区域 4  总下注0
[18:24:57] 玩家20024在区域 5  总下注0
[18:24:57] 玩家20024 总下注0
[18:24:57] send >>>>>>>>>>>>>>>>>>>>>>>>>>>>>>> 0 message 57 size 112
[18:24:57] send >>>>>>>>>>>>>>>>>>>>>>>>>>>>>>> 1 message 57 size 112
[18:24:57] 玩家21245在区域 0  总下注0
[18:24:57] 玩家21245在区域 1  总下注0
[18:24:57] 玩家21245在区域 2  总下注0
[18:24:57] 玩家21245在区域 3  总下注0
[18:24:57] 玩家21245在区域 4  总下注0
[18:24:57] 玩家21245在区域 5  总下注0
[18:24:57] 玩家21245 总下注0
[18:24:57] send >>>>>>>>>>>>>>>>>>>>>>>>>>>>>>> 2 message 57 size 112
[18:24:57] 玩家20436在区域 0  总下注90
[18:24:57] 玩家20436在区域 1  总下注40
[18:24:57] 玩家20436在区域 2  总下注0
[18:24:57] 玩家20436在区域 3  总下注0
[18:24:57] 玩家20436在区域 4  总下注0
[18:24:57] 玩家20436在区域 5  总下注0
[18:24:57] 玩家20436 总下注130
[18:24:57] send >>>>>>>>>>>>>>>>>>>>>>>>>>>>>>> 3 message 57 size 112
[18:24:57] recv  55 <<<<<<<<<<<<<<<<<<<<<<<<<<<<<<< 3
[18:24:57] userbet 20436  在0 下了 10,累计下注 140
[18:24:57] broad >>>>>>>>>>>>>>>>>>>>>>>>>>>>>>> message 56 size 6
[18:24:57] 区域 0  总下注100
[18:24:57] 区域 1  总下注40
[18:24:57] 区域 2  总下注0
[18:24:57] 区域 3  总下注0
[18:24:57] 区域 4  总下注0
[18:24:57] 区域 5  总下注0
[18:24:57] 玩家20024在区域 0  总下注0
[18:24:57] 玩家20024在区域 1  总下注0
[18:24:57] 玩家20024在区域 2  总下注0
[18:24:57] 玩家20024在区域 3  总下注0
[18:24:57] 玩家20024在区域 4  总下注0
[18:24:57] 玩家20024在区域 5  总下注0
[18:24:57] 玩家20024 总下注0
[18:24:57] send >>>>>>>>>>>>>>>>>>>>>>>>>>>>>>> 0 message 57 size 112
[18:24:57] send >>>>>>>>>>>>>>>>>>>>>>>>>>>>>>> 1 message 57 size 112
[18:24:57] 玩家21245在区域 0  总下注0
[18:24:57] 玩家21245在区域 1  总下注0
[18:24:57] 玩家21245在区域 2  总下注0
[18:24:57] 玩家21245在区域 3  总下注0
[18:24:57] 玩家21245在区域 4  总下注0
[18:24:57] 玩家21245在区域 5  总下注0
[18:24:57] 玩家21245 总下注0
[18:24:57] send >>>>>>>>>>>>>>>>>>>>>>>>>>>>>>> 2 message 57 size 112
[18:24:57] 玩家20436在区域 0  总下注100
[18:24:57] 玩家20436在区域 1  总下注40
[18:24:57] 玩家20436在区域 2  总下注0
[18:24:57] 玩家20436在区域 3  总下注0
[18:24:57] 玩家20436在区域 4  总下注0
[18:24:57] 玩家20436在区域 5  总下注0
[18:24:57] 玩家20436 总下注140
[18:24:57] send >>>>>>>>>>>>>>>>>>>>>>>>>>>>>>> 3 message 57 size 112
[18:24:58] recv  55 <<<<<<<<<<<<<<<<<<<<<<<<<<<<<<< 0
[18:24:58] userbet 20024  在4 下了 10,累计下注 10
[18:24:58] broad >>>>>>>>>>>>>>>>>>>>>>>>>>>>>>> message 56 size 6
[18:24:58] 区域 0  总下注100
[18:24:58] 区域 1  总下注40
[18:24:58] 区域 2  总下注0
[18:24:58] 区域 3  总下注0
[18:24:58] 区域 4  总下注10
[18:24:58] 区域 5  总下注0
[18:24:58] 玩家20024在区域 0  总下注0
[18:24:58] 玩家20024在区域 1  总下注0
[18:24:58] 玩家20024在区域 2  总下注0
[18:24:58] 玩家20024在区域 3  总下注0
[18:24:58] 玩家20024在区域 4  总下注10
[18:24:58] 玩家20024在区域 5  总下注0
[18:24:58] 玩家20024 总下注10
[18:24:58] send >>>>>>>>>>>>>>>>>>>>>>>>>>>>>>> 0 message 57 size 112
[18:24:58] send >>>>>>>>>>>>>>>>>>>>>>>>>>>>>>> 1 message 57 size 112
[18:24:58] 玩家21245在区域 0  总下注0
[18:24:58] 玩家21245在区域 1  总下注0
[18:24:58] 玩家21245在区域 2  总下注0
[18:24:58] 玩家21245在区域 3  总下注0
[18:24:58] 玩家21245在区域 4  总下注0
[18:24:58] 玩家21245在区域 5  总下注0
[18:24:58] 玩家21245 总下注0
[18:24:58] send >>>>>>>>>>>>>>>>>>>>>>>>>>>>>>> 2 message 57 size 112
[18:24:58] 玩家20436在区域 0  总下注100
[18:24:58] 玩家20436在区域 1  总下注40
[18:24:58] 玩家20436在区域 2  总下注0
[18:24:58] 玩家20436在区域 3  总下注0
[18:24:58] 玩家20436在区域 4  总下注0
[18:24:58] 玩家20436在区域 5  总下注0
[18:24:58] 玩家20436 总下注140
[18:24:58] send >>>>>>>>>>>>>>>>>>>>>>>>>>>>>>> 3 message 57 size 112
[18:24:58] recv  55 <<<<<<<<<<<<<<<<<<<<<<<<<<<<<<< 0
[18:24:58] userbet 20024  在4 下了 10,累计下注 20
[18:24:58] broad >>>>>>>>>>>>>>>>>>>>>>>>>>>>>>> message 56 size 6
[18:24:58] 区域 0  总下注100
[18:24:58] 区域 1  总下注40
[18:24:58] 区域 2  总下注0
[18:24:58] 区域 3  总下注0
[18:24:58] 区域 4  总下注20
[18:24:58] 区域 5  总下注0
[18:24:58] 玩家20024在区域 0  总下注0
[18:24:58] 玩家20024在区域 1  总下注0
[18:24:58] 玩家20024在区域 2  总下注0
[18:24:58] 玩家20024在区域 3  总下注0
[18:24:58] 玩家20024在区域 4  总下注20
[18:24:58] 玩家20024在区域 5  总下注0
[18:24:58] 玩家20024 总下注20
[18:24:58] send >>>>>>>>>>>>>>>>>>>>>>>>>>>>>>> 0 message 57 size 112
[18:24:58] send >>>>>>>>>>>>>>>>>>>>>>>>>>>>>>> 1 message 57 size 112
[18:24:58] 玩家21245在区域 0  总下注0
[18:24:58] 玩家21245在区域 1  总下注0
[18:24:58] 玩家21245在区域 2  总下注0
[18:24:58] 玩家21245在区域 3  总下注0
[18:24:58] 玩家21245在区域 4  总下注0
[18:24:58] 玩家21245在区域 5  总下注0
[18:24:58] 玩家21245 总下注0
[18:24:58] send >>>>>>>>>>>>>>>>>>>>>>>>>>>>>>> 2 message 57 size 112
[18:24:58] 玩家20436在区域 0  总下注100
[18:24:58] 玩家20436在区域 1  总下注40
[18:24:58] 玩家20436在区域 2  总下注0
[18:24:58] 玩家20436在区域 3  总下注0
[18:24:58] 玩家20436在区域 4  总下注0
[18:24:58] 玩家20436在区域 5  总下注0
[18:24:58] 玩家20436 总下注140
[18:24:58] send >>>>>>>>>>>>>>>>>>>>>>>>>>>>>>> 3 message 57 size 112
[18:24:58] recv  55 <<<<<<<<<<<<<<<<<<<<<<<<<<<<<<< 3
[18:24:58] userbet 20436  在0 下了 10,累计下注 150
[18:24:58] broad >>>>>>>>>>>>>>>>>>>>>>>>>>>>>>> message 56 size 6
[18:24:58] 区域 0  总下注110
[18:24:58] 区域 1  总下注40
[18:24:58] 区域 2  总下注0
[18:24:58] 区域 3  总下注0
[18:24:58] 区域 4  总下注20
[18:24:58] 区域 5  总下注0
[18:24:58] 玩家20024在区域 0  总下注0
[18:24:58] 玩家20024在区域 1  总下注0
[18:24:58] 玩家20024在区域 2  总下注0
[18:24:58] 玩家20024在区域 3  总下注0
[18:24:58] 玩家20024在区域 4  总下注20
[18:24:58] 玩家20024在区域 5  总下注0
[18:24:58] 玩家20024 总下注20
[18:24:58] send >>>>>>>>>>>>>>>>>>>>>>>>>>>>>>> 0 message 57 size 112
[18:24:58] send >>>>>>>>>>>>>>>>>>>>>>>>>>>>>>> 1 message 57 size 112
[18:24:58] 玩家21245在区域 0  总下注0
[18:24:58] 玩家21245在区域 1  总下注0
[18:24:58] 玩家21245在区域 2  总下注0
[18:24:58] 玩家21245在区域 3  总下注0
[18:24:58] 玩家21245在区域 4  总下注0
[18:24:58] 玩家21245在区域 5  总下注0
[18:24:58] 玩家21245 总下注0
[18:24:58] send >>>>>>>>>>>>>>>>>>>>>>>>>>>>>>> 2 message 57 size 112
[18:24:58] 玩家20436在区域 0  总下注110
[18:24:58] 玩家20436在区域 1  总下注40
[18:24:58] 玩家20436在区域 2  总下注0
[18:24:58] 玩家20436在区域 3  总下注0
[18:24:58] 玩家20436在区域 4  总下注0
[18:24:58] 玩家20436在区域 5  总下注0
[18:24:58] 玩家20436 总下注150
[18:24:58] send >>>>>>>>>>>>>>>>>>>>>>>>>>>>>>> 3 message 57 size 112
[18:24:58] recv  55 <<<<<<<<<<<<<<<<<<<<<<<<<<<<<<< 0
[18:24:58] userbet 20024  在2 下了 10,累计下注 30
[18:24:58] broad >>>>>>>>>>>>>>>>>>>>>>>>>>>>>>> message 56 size 6
[18:24:58] 区域 0  总下注110
[18:24:58] 区域 1  总下注40
[18:24:58] 区域 2  总下注10
[18:24:58] 区域 3  总下注0
[18:24:58] 区域 4  总下注20
[18:24:58] 区域 5  总下注0
[18:24:58] 玩家20024在区域 0  总下注0
[18:24:58] 玩家20024在区域 1  总下注0
[18:24:58] 玩家20024在区域 2  总下注10
[18:24:58] 玩家20024在区域 3  总下注0
[18:24:58] 玩家20024在区域 4  总下注20
[18:24:58] 玩家20024在区域 5  总下注0
[18:24:58] 玩家20024 总下注30
[18:24:58] send >>>>>>>>>>>>>>>>>>>>>>>>>>>>>>> 0 message 57 size 112
[18:24:58] send >>>>>>>>>>>>>>>>>>>>>>>>>>>>>>> 1 message 57 size 112
[18:24:58] 玩家21245在区域 0  总下注0
[18:24:58] 玩家21245在区域 1  总下注0
[18:24:58] 玩家21245在区域 2  总下注0
[18:24:58] 玩家21245在区域 3  总下注0
[18:24:58] 玩家21245在区域 4  总下注0
[18:24:58] 玩家21245在区域 5  总下注0
[18:24:58] 玩家21245 总下注0
[18:24:58] send >>>>>>>>>>>>>>>>>>>>>>>>>>>>>>> 2 message 57 size 112
[18:24:58] 玩家20436在区域 0  总下注110
[18:24:58] 玩家20436在区域 1  总下注40
[18:24:58] 玩家20436在区域 2  总下注0
[18:24:58] 玩家20436在区域 3  总下注0
[18:24:58] 玩家20436在区域 4  总下注0
[18:24:58] 玩家20436在区域 5  总下注0
[18:24:58] 玩家20436 总下注150
[18:24:58] send >>>>>>>>>>>>>>>>>>>>>>>>>>>>>>> 3 message 57 size 112
[18:24:58] recv  55 <<<<<<<<<<<<<<<<<<<<<<<<<<<<<<< 3
[18:24:58] userbet 20436  在0 下了 10,累计下注 160
[18:24:58] broad >>>>>>>>>>>>>>>>>>>>>>>>>>>>>>> message 56 size 6
[18:24:58] 区域 0  总下注120
[18:24:58] 区域 1  总下注40
[18:24:58] 区域 2  总下注10
[18:24:58] 区域 3  总下注0
[18:24:58] 区域 4  总下注20
[18:24:58] 区域 5  总下注0
[18:24:58] 玩家20024在区域 0  总下注0
[18:24:58] 玩家20024在区域 1  总下注0
[18:24:58] 玩家20024在区域 2  总下注10
[18:24:58] 玩家20024在区域 3  总下注0
[18:24:58] 玩家20024在区域 4  总下注20
[18:24:58] 玩家20024在区域 5  总下注0
[18:24:58] 玩家20024 总下注30
[18:24:58] send >>>>>>>>>>>>>>>>>>>>>>>>>>>>>>> 0 message 57 size 112
[18:24:58] send >>>>>>>>>>>>>>>>>>>>>>>>>>>>>>> 1 message 57 size 112
[18:24:58] 玩家21245在区域 0  总下注0
[18:24:58] 玩家21245在区域 1  总下注0
[18:24:58] 玩家21245在区域 2  总下注0
[18:24:58] 玩家21245在区域 3  总下注0
[18:24:58] 玩家21245在区域 4  总下注0
[18:24:58] 玩家21245在区域 5  总下注0
[18:24:58] 玩家21245 总下注0
[18:24:58] send >>>>>>>>>>>>>>>>>>>>>>>>>>>>>>> 2 message 57 size 112
[18:24:58] 玩家20436在区域 0  总下注120
[18:24:58] 玩家20436在区域 1  总下注40
[18:24:58] 玩家20436在区域 2  总下注0
[18:24:58] 玩家20436在区域 3  总下注0
[18:24:58] 玩家20436在区域 4  总下注0
[18:24:58] 玩家20436在区域 5  总下注0
[18:24:58] 玩家20436 总下注160
[18:24:58] send >>>>>>>>>>>>>>>>>>>>>>>>>>>>>>> 3 message 57 size 112
[18:24:58] recv  55 <<<<<<<<<<<<<<<<<<<<<<<<<<<<<<< 3
[18:24:58] userbet 20436  在1 下了 10,累计下注 170
[18:24:58] broad >>>>>>>>>>>>>>>>>>>>>>>>>>>>>>> message 56 size 6
[18:24:58] 区域 0  总下注120
[18:24:58] 区域 1  总下注50
[18:24:58] 区域 2  总下注10
[18:24:58] 区域 3  总下注0
[18:24:58] 区域 4  总下注20
[18:24:58] 区域 5  总下注0
[18:24:58] 玩家20024在区域 0  总下注0
[18:24:58] 玩家20024在区域 1  总下注0
[18:24:58] 玩家20024在区域 2  总下注10
[18:24:58] 玩家20024在区域 3  总下注0
[18:24:58] 玩家20024在区域 4  总下注20
[18:24:58] 玩家20024在区域 5  总下注0
[18:24:58] 玩家20024 总下注30
[18:24:58] send >>>>>>>>>>>>>>>>>>>>>>>>>>>>>>> 0 message 57 size 112
[18:24:58] send >>>>>>>>>>>>>>>>>>>>>>>>>>>>>>> 1 message 57 size 112
[18:24:58] 玩家21245在区域 0  总下注0
[18:24:58] 玩家21245在区域 1  总下注0
[18:24:58] 玩家21245在区域 2  总下注0
[18:24:58] 玩家21245在区域 3  总下注0
[18:24:58] 玩家21245在区域 4  总下注0
[18:24:58] 玩家21245在区域 5  总下注0
[18:24:58] 玩家21245 总下注0
[18:24:58] send >>>>>>>>>>>>>>>>>>>>>>>>>>>>>>> 2 message 57 size 112
[18:24:58] 玩家20436在区域 0  总下注120
[18:24:58] 玩家20436在区域 1  总下注50
[18:24:58] 玩家20436在区域 2  总下注0
[18:24:58] 玩家20436在区域 3  总下注0
[18:24:58] 玩家20436在区域 4  总下注0
[18:24:58] 玩家20436在区域 5  总下注0
[18:24:58] 玩家20436 总下注170
[18:24:58] send >>>>>>>>>>>>>>>>>>>>>>>>>>>>>>> 3 message 57 size 112
[18:24:58] recv  55 <<<<<<<<<<<<<<<<<<<<<<<<<<<<<<< 0
[18:24:58] userbet 20024  在2 下了 10,累计下注 40
[18:24:58] broad >>>>>>>>>>>>>>>>>>>>>>>>>>>>>>> message 56 size 6
[18:24:58] 区域 0  总下注120
[18:24:58] 区域 1  总下注50
[18:24:58] 区域 2  总下注20
[18:24:58] 区域 3  总下注0
[18:24:58] 区域 4  总下注20
[18:24:58] 区域 5  总下注0
[18:24:58] 玩家20024在区域 0  总下注0
[18:24:58] 玩家20024在区域 1  总下注0
[18:24:58] 玩家20024在区域 2  总下注20
[18:24:58] 玩家20024在区域 3  总下注0
[18:24:58] 玩家20024在区域 4  总下注20
[18:24:58] 玩家20024在区域 5  总下注0
[18:24:58] 玩家20024 总下注40
[18:24:58] send >>>>>>>>>>>>>>>>>>>>>>>>>>>>>>> 0 message 57 size 112
[18:24:58] send >>>>>>>>>>>>>>>>>>>>>>>>>>>>>>> 1 message 57 size 112
[18:24:58] 玩家21245在区域 0  总下注0
[18:24:58] 玩家21245在区域 1  总下注0
[18:24:58] 玩家21245在区域 2  总下注0
[18:24:58] 玩家21245在区域 3  总下注0
[18:24:58] 玩家21245在区域 4  总下注0
[18:24:58] 玩家21245在区域 5  总下注0
[18:24:58] 玩家21245 总下注0
[18:24:58] send >>>>>>>>>>>>>>>>>>>>>>>>>>>>>>> 2 message 57 size 112
[18:24:58] 玩家20436在区域 0  总下注120
[18:24:58] 玩家20436在区域 1  总下注50
[18:24:58] 玩家20436在区域 2  总下注0
[18:24:58] 玩家20436在区域 3  总下注0
[18:24:58] 玩家20436在区域 4  总下注0
[18:24:58] 玩家20436在区域 5  总下注0
[18:24:58] 玩家20436 总下注170
[18:24:58] send >>>>>>>>>>>>>>>>>>>>>>>>>>>>>>> 3 message 57 size 112
[18:24:58] recv  55 <<<<<<<<<<<<<<<<<<<<<<<<<<<<<<< 3
[18:24:58] userbet 20436  在0 下了 10,累计下注 180
[18:24:58] broad >>>>>>>>>>>>>>>>>>>>>>>>>>>>>>> message 56 size 6
[18:24:58] 区域 0  总下注130
[18:24:58] 区域 1  总下注50
[18:24:58] 区域 2  总下注20
[18:24:58] 区域 3  总下注0
[18:24:58] 区域 4  总下注20
[18:24:58] 区域 5  总下注0
[18:24:58] 玩家20024在区域 0  总下注0
[18:24:58] 玩家20024在区域 1  总下注0
[18:24:58] 玩家20024在区域 2  总下注20
[18:24:58] 玩家20024在区域 3  总下注0
[18:24:58] 玩家20024在区域 4  总下注20
[18:24:58] 玩家20024在区域 5  总下注0
[18:24:58] 玩家20024 总下注40
[18:24:58] send >>>>>>>>>>>>>>>>>>>>>>>>>>>>>>> 0 message 57 size 112
[18:24:58] send >>>>>>>>>>>>>>>>>>>>>>>>>>>>>>> 1 message 57 size 112
[18:24:58] 玩家21245在区域 0  总下注0
[18:24:58] 玩家21245在区域 1  总下注0
[18:24:58] 玩家21245在区域 2  总下注0
[18:24:58] 玩家21245在区域 3  总下注0
[18:24:58] 玩家21245在区域 4  总下注0
[18:24:58] 玩家21245在区域 5  总下注0
[18:24:58] 玩家21245 总下注0
[18:24:58] send >>>>>>>>>>>>>>>>>>>>>>>>>>>>>>> 2 message 57 size 112
[18:24:58] 玩家20436在区域 0  总下注130
[18:24:58] 玩家20436在区域 1  总下注50
[18:24:58] 玩家20436在区域 2  总下注0
[18:24:58] 玩家20436在区域 3  总下注0
[18:24:58] 玩家20436在区域 4  总下注0
[18:24:58] 玩家20436在区域 5  总下注0
[18:24:58] 玩家20436 总下注180
[18:24:58] send >>>>>>>>>>>>>>>>>>>>>>>>>>>>>>> 3 message 57 size 112
[18:24:58] recv  55 <<<<<<<<<<<<<<<<<<<<<<<<<<<<<<< 0
[18:24:58] userbet 20024  在2 下了 10,累计下注 50
[18:24:58] broad >>>>>>>>>>>>>>>>>>>>>>>>>>>>>>> message 56 size 6
[18:24:58] 区域 0  总下注130
[18:24:58] 区域 1  总下注50
[18:24:58] 区域 2  总下注30
[18:24:58] 区域 3  总下注0
[18:24:58] 区域 4  总下注20
[18:24:58] 区域 5  总下注0
[18:24:58] 玩家20024在区域 0  总下注0
[18:24:58] 玩家20024在区域 1  总下注0
[18:24:58] 玩家20024在区域 2  总下注30
[18:24:58] 玩家20024在区域 3  总下注0
[18:24:58] 玩家20024在区域 4  总下注20
[18:24:58] 玩家20024在区域 5  总下注0
[18:24:58] 玩家20024 总下注50
[18:24:58] send >>>>>>>>>>>>>>>>>>>>>>>>>>>>>>> 0 message 57 size 112
[18:24:58] send >>>>>>>>>>>>>>>>>>>>>>>>>>>>>>> 1 message 57 size 112
[18:24:58] 玩家21245在区域 0  总下注0
[18:24:58] 玩家21245在区域 1  总下注0
[18:24:58] 玩家21245在区域 2  总下注0
[18:24:58] 玩家21245在区域 3  总下注0
[18:24:58] 玩家21245在区域 4  总下注0
[18:24:58] 玩家21245在区域 5  总下注0
[18:24:58] 玩家21245 总下注0
[18:24:58] send >>>>>>>>>>>>>>>>>>>>>>>>>>>>>>> 2 message 57 size 112
[18:24:58] 玩家20436在区域 0  总下注130
[18:24:58] 玩家20436在区域 1  总下注50
[18:24:58] 玩家20436在区域 2  总下注0
[18:24:58] 玩家20436在区域 3  总下注0
[18:24:58] 玩家20436在区域 4  总下注0
[18:24:58] 玩家20436在区域 5  总下注0
[18:24:58] 玩家20436 总下注180
[18:24:58] send >>>>>>>>>>>>>>>>>>>>>>>>>>>>>>> 3 message 57 size 112
[18:24:58] recv  55 <<<<<<<<<<<<<<<<<<<<<<<<<<<<<<< 3
[18:24:58] userbet 20436  在1 下了 10,累计下注 190
[18:24:58] broad >>>>>>>>>>>>>>>>>>>>>>>>>>>>>>> message 56 size 6
[18:24:58] 区域 0  总下注130
[18:24:58] 区域 1  总下注60
[18:24:58] 区域 2  总下注30
[18:24:58] 区域 3  总下注0
[18:24:58] 区域 4  总下注20
[18:24:58] 区域 5  总下注0
[18:24:58] 玩家20024在区域 0  总下注0
[18:24:58] 玩家20024在区域 1  总下注0
[18:24:58] 玩家20024在区域 2  总下注30
[18:24:58] 玩家20024在区域 3  总下注0
[18:24:58] 玩家20024在区域 4  总下注20
[18:24:58] 玩家20024在区域 5  总下注0
[18:24:58] 玩家20024 总下注50
[18:24:58] send >>>>>>>>>>>>>>>>>>>>>>>>>>>>>>> 0 message 57 size 112
[18:24:58] send >>>>>>>>>>>>>>>>>>>>>>>>>>>>>>> 1 message 57 size 112
[18:24:58] 玩家21245在区域 0  总下注0
[18:24:58] 玩家21245在区域 1  总下注0
[18:24:58] 玩家21245在区域 2  总下注0
[18:24:58] 玩家21245在区域 3  总下注0
[18:24:58] 玩家21245在区域 4  总下注0
[18:24:58] 玩家21245在区域 5  总下注0
[18:24:58] 玩家21245 总下注0
[18:24:58] send >>>>>>>>>>>>>>>>>>>>>>>>>>>>>>> 2 message 57 size 112
[18:24:58] 玩家20436在区域 0  总下注130
[18:24:58] 玩家20436在区域 1  总下注60
[18:24:58] 玩家20436在区域 2  总下注0
[18:24:58] 玩家20436在区域 3  总下注0
[18:24:58] 玩家20436在区域 4  总下注0
[18:24:58] 玩家20436在区域 5  总下注0
[18:24:58] 玩家20436 总下注190
[18:24:58] send >>>>>>>>>>>>>>>>>>>>>>>>>>>>>>> 3 message 57 size 112
[18:24:58] recv  55 <<<<<<<<<<<<<<<<<<<<<<<<<<<<<<< 0
[18:24:58] userbet 20024  在4 下了 10,累计下注 60
[18:24:58] broad >>>>>>>>>>>>>>>>>>>>>>>>>>>>>>> message 56 size 6
[18:24:58] 区域 0  总下注130
[18:24:58] 区域 1  总下注60
[18:24:58] 区域 2  总下注30
[18:24:58] 区域 3  总下注0
[18:24:58] 区域 4  总下注30
[18:24:58] 区域 5  总下注0
[18:24:58] 玩家20024在区域 0  总下注0
[18:24:58] 玩家20024在区域 1  总下注0
[18:24:58] 玩家20024在区域 2  总下注30
[18:24:58] 玩家20024在区域 3  总下注0
[18:24:58] 玩家20024在区域 4  总下注30
[18:24:58] 玩家20024在区域 5  总下注0
[18:24:58] 玩家20024 总下注60
[18:24:58] send >>>>>>>>>>>>>>>>>>>>>>>>>>>>>>> 0 message 57 size 112
[18:24:58] send >>>>>>>>>>>>>>>>>>>>>>>>>>>>>>> 1 message 57 size 112
[18:24:58] 玩家21245在区域 0  总下注0
[18:24:58] 玩家21245在区域 1  总下注0
[18:24:58] 玩家21245在区域 2  总下注0
[18:24:58] 玩家21245在区域 3  总下注0
[18:24:58] 玩家21245在区域 4  总下注0
[18:24:58] 玩家21245在区域 5  总下注0
[18:24:58] 玩家21245 总下注0
[18:24:58] send >>>>>>>>>>>>>>>>>>>>>>>>>>>>>>> 2 message 57 size 112
[18:24:58] 玩家20436在区域 0  总下注130
[18:24:58] 玩家20436在区域 1  总下注60
[18:24:58] 玩家20436在区域 2  总下注0
[18:24:58] 玩家20436在区域 3  总下注0
[18:24:58] 玩家20436在区域 4  总下注0
[18:24:58] 玩家20436在区域 5  总下注0
[18:24:58] 玩家20436 总下注190
[18:24:58] send >>>>>>>>>>>>>>>>>>>>>>>>>>>>>>> 3 message 57 size 112
[18:24:58] recv  55 <<<<<<<<<<<<<<<<<<<<<<<<<<<<<<< 0
[18:24:58] userbet 20024  在4 下了 10,累计下注 70
[18:24:58] broad >>>>>>>>>>>>>>>>>>>>>>>>>>>>>>> message 56 size 6
[18:24:58] 区域 0  总下注130
[18:24:58] 区域 1  总下注60
[18:24:58] 区域 2  总下注30
[18:24:58] 区域 3  总下注0
[18:24:58] 区域 4  总下注40
[18:24:58] 区域 5  总下注0
[18:24:58] 玩家20024在区域 0  总下注0
[18:24:58] 玩家20024在区域 1  总下注0
[18:24:58] 玩家20024在区域 2  总下注30
[18:24:58] 玩家20024在区域 3  总下注0
[18:24:58] 玩家20024在区域 4  总下注40
[18:24:58] 玩家20024在区域 5  总下注0
[18:24:58] 玩家20024 总下注70
[18:24:58] send >>>>>>>>>>>>>>>>>>>>>>>>>>>>>>> 0 message 57 size 112
[18:24:58] send >>>>>>>>>>>>>>>>>>>>>>>>>>>>>>> 1 message 57 size 112
[18:24:58] 玩家21245在区域 0  总下注0
[18:24:58] 玩家21245在区域 1  总下注0
[18:24:58] 玩家21245在区域 2  总下注0
[18:24:58] 玩家21245在区域 3  总下注0
[18:24:58] 玩家21245在区域 4  总下注0
[18:24:58] 玩家21245在区域 5  总下注0
[18:24:58] 玩家21245 总下注0
[18:24:58] send >>>>>>>>>>>>>>>>>>>>>>>>>>>>>>> 2 message 57 size 112
[18:24:58] 玩家20436在区域 0  总下注130
[18:24:58] 玩家20436在区域 1  总下注60
[18:24:58] 玩家20436在区域 2  总下注0
[18:24:58] 玩家20436在区域 3  总下注0
[18:24:58] 玩家20436在区域 4  总下注0
[18:24:58] 玩家20436在区域 5  总下注0
[18:24:58] 玩家20436 总下注190
[18:24:58] send >>>>>>>>>>>>>>>>>>>>>>>>>>>>>>> 3 message 57 size 112
[18:25:1] card 0 2,7,   type 0   point 9
[18:25:1] card 1 9,f,   type 0   point 4
[18:25:1] card 2 9,5,   type 0   point 3
[18:25:1] card 3 8,10,   type 0   point 7
[18:25:1] broad >>>>>>>>>>>>>>>>>>>>>>>>>>>>>>> message 52 size 16
[18:25:1] recv  55 <<<<<<<<<<<<<<<<<<<<<<<<<<<<<<< 2
[18:25:1] userbet 21245  在1 下了 10,累计下注 10
[18:25:1] broad >>>>>>>>>>>>>>>>>>>>>>>>>>>>>>> message 56 size 6
[18:25:1] 区域 0  总下注130
[18:25:1] 区域 1  总下注70
[18:25:1] 区域 2  总下注30
[18:25:1] 区域 3  总下注0
[18:25:1] 区域 4  总下注40
[18:25:1] 区域 5  总下注0
[18:25:1] 玩家20024在区域 0  总下注0
[18:25:1] 玩家20024在区域 1  总下注0
[18:25:1] 玩家20024在区域 2  总下注30
[18:25:1] 玩家20024在区域 3  总下注0
[18:25:1] 玩家20024在区域 4  总下注40
[18:25:1] 玩家20024在区域 5  总下注0
[18:25:1] 玩家20024 总下注70
[18:25:1] send >>>>>>>>>>>>>>>>>>>>>>>>>>>>>>> 0 message 57 size 112
[18:25:1] send >>>>>>>>>>>>>>>>>>>>>>>>>>>>>>> 1 message 57 size 112
[18:25:1] 玩家21245在区域 0  总下注0
[18:25:1] 玩家21245在区域 1  总下注10
[18:25:1] 玩家21245在区域 2  总下注0
[18:25:1] 玩家21245在区域 3  总下注0
[18:25:1] 玩家21245在区域 4  总下注0
[18:25:1] 玩家21245在区域 5  总下注0
[18:25:1] 玩家21245 总下注10
[18:25:1] send >>>>>>>>>>>>>>>>>>>>>>>>>>>>>>> 2 message 57 size 112
[18:25:1] 玩家20436在区域 0  总下注130
[18:25:1] 玩家20436在区域 1  总下注60
[18:25:1] 玩家20436在区域 2  总下注0
[18:25:1] 玩家20436在区域 3  总下注0
[18:25:1] 玩家20436在区域 4  总下注0
[18:25:1] 玩家20436在区域 5  总下注0
[18:25:1] 玩家20436 总下注190
[18:25:1] send >>>>>>>>>>>>>>>>>>>>>>>>>>>>>>> 3 message 57 size 112
[18:25:16] 区域 0 结算 130
[18:25:16] 区域 1 结算 -70
[18:25:16] 区域 2 结算 -30
[18:25:16] 区域 3 结算 0
[18:25:16] 区域 4 结算 -40
[18:25:16] 区域 5 结算 0
[18:25:16] 玩家0[20024]  结算 -70
[18:25:16] 玩家1[21243]  结算 10
[18:25:16] 玩家2[21245]  结算 -10
[18:25:16] 玩家3[20436]  结算 70
[18:25:16] broad >>>>>>>>>>>>>>>>>>>>>>>>>>>>>>> message 58 size 86
[18:25:17] 玩家0[20024]  结算 -70, 分数 -70, 总分数 0
[18:25:17] 玩家1[21243]  结算 10, 分数 10, 总分数 0
[18:25:17] 玩家2[21245]  结算 -10, 分数 -10, 总分数 0
[18:25:17] 玩家3[20436]  结算 70, 分数 70, 总分数 0
[18:25:17] ******************游戏结束********************************



[18:25:20] broad >>>>>>>>>>>>>>>>>>>>>>>>>>>>>>> message 72 size 4
[18:25:33] 0:20024 leave
[18:25:33] 3:20436 leave
[18:25:35] 1:21243 leave
[18:25:35] 2:21245 leave
