[16:15:2] 0:19792 sit
[16:15:3] 0:19792 onGetState
[16:15:3] send >>>>>>>>>>>>>>>>>>>>>>>>>>>>>>> 0 message 72 size 4
[16:15:3] 游戏局数 0,总局数 4
[16:15:3] broad >>>>>>>>>>>>>>>>>>>>>>>>>>>>>>> message 71 size 8
[16:15:5] 0:19792 ready
[16:15:19] 1:10162 sit
[16:15:20] 1:10162 onGetState
[16:15:20] send >>>>>>>>>>>>>>>>>>>>>>>>>>>>>>> 1 message 72 size 4
[16:15:20] 游戏局数 0,总局数 4
[16:15:20] broad >>>>>>>>>>>>>>>>>>>>>>>>>>>>>>> message 71 size 8
[16:15:21] 1:10162 ready
[16:15:21] *****************游戏开始***************
[16:15:21] [0][19792]连庄局数 1,总局数1
[16:15:21] [1][10162]连庄局数 0,总局数1
[16:15:21] 通知 庄家 0 坐庄次数 1
[16:15:21] broad >>>>>>>>>>>>>>>>>>>>>>>>>>>>>>> message 69 size 1
[16:15:21] 游戏局数 1,总局数 4
[16:15:21] broad >>>>>>>>>>>>>>>>>>>>>>>>>>>>>>> message 71 size 8
[16:15:21] broad >>>>>>>>>>>>>>>>>>>>>>>>>>>>>>> message 51 size 0
[16:15:27] recv  55 <<<<<<<<<<<<<<<<<<<<<<<<<<<<<<< 1
[16:15:27] userbet 10162  在1 下了 10,累计下注 10
[16:15:27] broad >>>>>>>>>>>>>>>>>>>>>>>>>>>>>>> message 56 size 6
[16:15:27] 区域 0  总下注0
[16:15:27] 区域 1  总下注10
[16:15:27] 区域 2  总下注0
[16:15:27] 区域 3  总下注0
[16:15:27] 区域 4  总下注0
[16:15:27] 区域 5  总下注0
[16:15:27] send >>>>>>>>>>>>>>>>>>>>>>>>>>>>>>> 0 message 57 size 112
[16:15:27] 玩家10162在区域 0  总下注0
[16:15:27] 玩家10162在区域 1  总下注10
[16:15:27] 玩家10162在区域 2  总下注0
[16:15:27] 玩家10162在区域 3  总下注0
[16:15:27] 玩家10162在区域 4  总下注0
[16:15:27] 玩家10162在区域 5  总下注0
[16:15:27] 玩家10162 总下注10
[16:15:27] send >>>>>>>>>>>>>>>>>>>>>>>>>>>>>>> 1 message 57 size 112
[16:15:28] recv  55 <<<<<<<<<<<<<<<<<<<<<<<<<<<<<<< 1
[16:15:28] userbet 10162  在4 下了 10,累计下注 20
[16:15:28] broad >>>>>>>>>>>>>>>>>>>>>>>>>>>>>>> message 56 size 6
[16:15:28] 区域 0  总下注0
[16:15:28] 区域 1  总下注10
[16:15:28] 区域 2  总下注0
[16:15:28] 区域 3  总下注0
[16:15:28] 区域 4  总下注10
[16:15:28] 区域 5  总下注0
[16:15:28] send >>>>>>>>>>>>>>>>>>>>>>>>>>>>>>> 0 message 57 size 112
[16:15:28] 玩家10162在区域 0  总下注0
[16:15:28] 玩家10162在区域 1  总下注10
[16:15:28] 玩家10162在区域 2  总下注0
[16:15:28] 玩家10162在区域 3  总下注0
[16:15:28] 玩家10162在区域 4  总下注10
[16:15:28] 玩家10162在区域 5  总下注0
[16:15:28] 玩家10162 总下注20
[16:15:28] send >>>>>>>>>>>>>>>>>>>>>>>>>>>>>>> 1 message 57 size 112
[16:15:29] recv  55 <<<<<<<<<<<<<<<<<<<<<<<<<<<<<<< 1
[16:15:29] userbet 10162  在4 下了 50,累计下注 70
[16:15:29] broad >>>>>>>>>>>>>>>>>>>>>>>>>>>>>>> message 56 size 6
[16:15:29] 区域 0  总下注0
[16:15:29] 区域 1  总下注10
[16:15:29] 区域 2  总下注0
[16:15:29] 区域 3  总下注0
[16:15:29] 区域 4  总下注60
[16:15:29] 区域 5  总下注0
[16:15:29] send >>>>>>>>>>>>>>>>>>>>>>>>>>>>>>> 0 message 57 size 112
[16:15:29] 玩家10162在区域 0  总下注0
[16:15:29] 玩家10162在区域 1  总下注10
[16:15:29] 玩家10162在区域 2  总下注0
[16:15:29] 玩家10162在区域 3  总下注0
[16:15:29] 玩家10162在区域 4  总下注60
[16:15:29] 玩家10162在区域 5  总下注0
[16:15:29] 玩家10162 总下注70
[16:15:29] send >>>>>>>>>>>>>>>>>>>>>>>>>>>>>>> 1 message 57 size 112
[16:15:29] recv  55 <<<<<<<<<<<<<<<<<<<<<<<<<<<<<<< 1
[16:15:29] userbet 10162  在2 下了 50,累计下注 120
[16:15:29] broad >>>>>>>>>>>>>>>>>>>>>>>>>>>>>>> message 56 size 6
[16:15:29] 区域 0  总下注0
[16:15:29] 区域 1  总下注10
[16:15:29] 区域 2  总下注50
[16:15:29] 区域 3  总下注0
[16:15:29] 区域 4  总下注60
[16:15:29] 区域 5  总下注0
[16:15:29] send >>>>>>>>>>>>>>>>>>>>>>>>>>>>>>> 0 message 57 size 112
[16:15:29] 玩家10162在区域 0  总下注0
[16:15:29] 玩家10162在区域 1  总下注10
[16:15:29] 玩家10162在区域 2  总下注50
[16:15:29] 玩家10162在区域 3  总下注0
[16:15:29] 玩家10162在区域 4  总下注60
[16:15:29] 玩家10162在区域 5  总下注0
[16:15:29] 玩家10162 总下注120
[16:15:29] send >>>>>>>>>>>>>>>>>>>>>>>>>>>>>>> 1 message 57 size 112
[16:15:29] recv  55 <<<<<<<<<<<<<<<<<<<<<<<<<<<<<<< 1
[16:15:29] userbet 10162  在2 下了 50,累计下注 170
[16:15:29] broad >>>>>>>>>>>>>>>>>>>>>>>>>>>>>>> message 56 size 6
[16:15:29] 区域 0  总下注0
[16:15:29] 区域 1  总下注10
[16:15:29] 区域 2  总下注100
[16:15:29] 区域 3  总下注0
[16:15:29] 区域 4  总下注60
[16:15:29] 区域 5  总下注0
[16:15:29] send >>>>>>>>>>>>>>>>>>>>>>>>>>>>>>> 0 message 57 size 112
[16:15:29] 玩家10162在区域 0  总下注0
[16:15:29] 玩家10162在区域 1  总下注10
[16:15:29] 玩家10162在区域 2  总下注100
[16:15:29] 玩家10162在区域 3  总下注0
[16:15:29] 玩家10162在区域 4  总下注60
[16:15:29] 玩家10162在区域 5  总下注0
[16:15:29] 玩家10162 总下注170
[16:15:29] send >>>>>>>>>>>>>>>>>>>>>>>>>>>>>>> 1 message 57 size 112
[16:15:29] recv  55 <<<<<<<<<<<<<<<<<<<<<<<<<<<<<<< 1
[16:15:29] userbet 10162  在2 下了 50,累计下注 220
[16:15:29] broad >>>>>>>>>>>>>>>>>>>>>>>>>>>>>>> message 56 size 6
[16:15:29] 区域 0  总下注0
[16:15:29] 区域 1  总下注10
[16:15:29] 区域 2  总下注150
[16:15:29] 区域 3  总下注0
[16:15:29] 区域 4  总下注60
[16:15:29] 区域 5  总下注0
[16:15:29] send >>>>>>>>>>>>>>>>>>>>>>>>>>>>>>> 0 message 57 size 112
[16:15:29] 玩家10162在区域 0  总下注0
[16:15:29] 玩家10162在区域 1  总下注10
[16:15:29] 玩家10162在区域 2  总下注150
[16:15:29] 玩家10162在区域 3  总下注0
[16:15:29] 玩家10162在区域 4  总下注60
[16:15:29] 玩家10162在区域 5  总下注0
[16:15:29] 玩家10162 总下注220
[16:15:29] send >>>>>>>>>>>>>>>>>>>>>>>>>>>>>>> 1 message 57 size 112
[16:15:30] recv  55 <<<<<<<<<<<<<<<<<<<<<<<<<<<<<<< 1
[16:15:30] userbet 10162  在5 下了 50,累计下注 270
[16:15:30] broad >>>>>>>>>>>>>>>>>>>>>>>>>>>>>>> message 56 size 6
[16:15:30] 区域 0  总下注0
[16:15:30] 区域 1  总下注10
[16:15:30] 区域 2  总下注150
[16:15:30] 区域 3  总下注0
[16:15:30] 区域 4  总下注60
[16:15:30] 区域 5  总下注50
[16:15:30] send >>>>>>>>>>>>>>>>>>>>>>>>>>>>>>> 0 message 57 size 112
[16:15:30] 玩家10162在区域 0  总下注0
[16:15:30] 玩家10162在区域 1  总下注10
[16:15:30] 玩家10162在区域 2  总下注150
[16:15:30] 玩家10162在区域 3  总下注0
[16:15:30] 玩家10162在区域 4  总下注60
[16:15:30] 玩家10162在区域 5  总下注50
[16:15:30] 玩家10162 总下注270
[16:15:30] send >>>>>>>>>>>>>>>>>>>>>>>>>>>>>>> 1 message 57 size 112
[16:15:30] recv  55 <<<<<<<<<<<<<<<<<<<<<<<<<<<<<<< 1
[16:15:30] userbet 10162  在0 下了 50,累计下注 320
[16:15:30] broad >>>>>>>>>>>>>>>>>>>>>>>>>>>>>>> message 56 size 6
[16:15:30] 区域 0  总下注50
[16:15:30] 区域 1  总下注10
[16:15:30] 区域 2  总下注150
[16:15:30] 区域 3  总下注0
[16:15:30] 区域 4  总下注60
[16:15:30] 区域 5  总下注50
[16:15:30] send >>>>>>>>>>>>>>>>>>>>>>>>>>>>>>> 0 message 57 size 112
[16:15:30] 玩家10162在区域 0  总下注50
[16:15:30] 玩家10162在区域 1  总下注10
[16:15:30] 玩家10162在区域 2  总下注150
[16:15:30] 玩家10162在区域 3  总下注0
[16:15:30] 玩家10162在区域 4  总下注60
[16:15:30] 玩家10162在区域 5  总下注50
[16:15:30] 玩家10162 总下注320
[16:15:30] send >>>>>>>>>>>>>>>>>>>>>>>>>>>>>>> 1 message 57 size 112
[16:15:30] recv  55 <<<<<<<<<<<<<<<<<<<<<<<<<<<<<<< 1
[16:15:30] userbet 10162  在3 下了 50,累计下注 370
[16:15:30] broad >>>>>>>>>>>>>>>>>>>>>>>>>>>>>>> message 56 size 6
[16:15:30] 区域 0  总下注50
[16:15:30] 区域 1  总下注10
[16:15:30] 区域 2  总下注150
[16:15:30] 区域 3  总下注50
[16:15:30] 区域 4  总下注60
[16:15:30] 区域 5  总下注50
[16:15:30] send >>>>>>>>>>>>>>>>>>>>>>>>>>>>>>> 0 message 57 size 112
[16:15:30] 玩家10162在区域 0  总下注50
[16:15:30] 玩家10162在区域 1  总下注10
[16:15:30] 玩家10162在区域 2  总下注150
[16:15:30] 玩家10162在区域 3  总下注50
[16:15:30] 玩家10162在区域 4  总下注60
[16:15:30] 玩家10162在区域 5  总下注50
[16:15:30] 玩家10162 总下注370
[16:15:30] send >>>>>>>>>>>>>>>>>>>>>>>>>>>>>>> 1 message 57 size 112
[16:15:30] recv  55 <<<<<<<<<<<<<<<<<<<<<<<<<<<<<<< 1
[16:15:30] userbet 10162  在1 下了 50,累计下注 420
[16:15:30] broad >>>>>>>>>>>>>>>>>>>>>>>>>>>>>>> message 56 size 6
[16:15:30] 区域 0  总下注50
[16:15:30] 区域 1  总下注60
[16:15:30] 区域 2  总下注150
[16:15:30] 区域 3  总下注50
[16:15:30] 区域 4  总下注60
[16:15:30] 区域 5  总下注50
[16:15:30] send >>>>>>>>>>>>>>>>>>>>>>>>>>>>>>> 0 message 57 size 112
[16:15:30] 玩家10162在区域 0  总下注50
[16:15:30] 玩家10162在区域 1  总下注60
[16:15:30] 玩家10162在区域 2  总下注150
[16:15:30] 玩家10162在区域 3  总下注50
[16:15:30] 玩家10162在区域 4  总下注60
[16:15:30] 玩家10162在区域 5  总下注50
[16:15:30] 玩家10162 总下注420
[16:15:30] send >>>>>>>>>>>>>>>>>>>>>>>>>>>>>>> 1 message 57 size 112
[16:15:30] recv  55 <<<<<<<<<<<<<<<<<<<<<<<<<<<<<<< 1
[16:15:30] userbet 10162  在5 下了 50,累计下注 470
[16:15:30] broad >>>>>>>>>>>>>>>>>>>>>>>>>>>>>>> message 56 size 6
[16:15:30] 区域 0  总下注50
[16:15:30] 区域 1  总下注60
[16:15:30] 区域 2  总下注150
[16:15:30] 区域 3  总下注50
[16:15:30] 区域 4  总下注60
[16:15:30] 区域 5  总下注100
[16:15:30] send >>>>>>>>>>>>>>>>>>>>>>>>>>>>>>> 0 message 57 size 112
[16:15:30] 玩家10162在区域 0  总下注50
[16:15:30] 玩家10162在区域 1  总下注60
[16:15:30] 玩家10162在区域 2  总下注150
[16:15:30] 玩家10162在区域 3  总下注50
[16:15:30] 玩家10162在区域 4  总下注60
[16:15:30] 玩家10162在区域 5  总下注100
[16:15:30] 玩家10162 总下注470
[16:15:30] send >>>>>>>>>>>>>>>>>>>>>>>>>>>>>>> 1 message 57 size 112
[16:15:31] recv  55 <<<<<<<<<<<<<<<<<<<<<<<<<<<<<<< 1
[16:15:31] userbet 10162  在1 下了 50,累计下注 520
[16:15:31] broad >>>>>>>>>>>>>>>>>>>>>>>>>>>>>>> message 56 size 6
[16:15:31] 区域 0  总下注50
[16:15:31] 区域 1  总下注110
[16:15:31] 区域 2  总下注150
[16:15:31] 区域 3  总下注50
[16:15:31] 区域 4  总下注60
[16:15:31] 区域 5  总下注100
[16:15:31] send >>>>>>>>>>>>>>>>>>>>>>>>>>>>>>> 0 message 57 size 112
[16:15:31] 玩家10162在区域 0  总下注50
[16:15:31] 玩家10162在区域 1  总下注110
[16:15:31] 玩家10162在区域 2  总下注150
[16:15:31] 玩家10162在区域 3  总下注50
[16:15:31] 玩家10162在区域 4  总下注60
[16:15:31] 玩家10162在区域 5  总下注100
[16:15:31] 玩家10162 总下注520
[16:15:31] send >>>>>>>>>>>>>>>>>>>>>>>>>>>>>>> 1 message 57 size 112
[16:15:31] card 0 f,6,   type 0   point 1
[16:15:31] card 1 8,9,   type 0   point 7
[16:15:31] card 2 2,3,   type 0   point 2
[16:15:31] card 3 10,4,   type 0   point 7
[16:15:31] broad >>>>>>>>>>>>>>>>>>>>>>>>>>>>>>> message 52 size 16
[16:15:46] 区域 0 结算 -50
[16:15:46] 区域 1 结算 -110
[16:15:46] 区域 2 结算 -150
[16:15:46] 区域 3 结算 -50
[16:15:46] 区域 4 结算 -60
[16:15:46] 区域 5 结算 -100
[16:15:46] 玩家0[19792]  结算 520
[16:15:46] 玩家1[10162]  结算 -520
[16:15:46] broad >>>>>>>>>>>>>>>>>>>>>>>>>>>>>>> message 58 size 86
[16:15:48] 玩家0[19792]  结算 520, 分数 520, 总分数 0
[16:15:48] 玩家1[10162]  结算 -520, 分数 -520, 总分数 0
[16:15:48] ******************游戏结束********************************



[16:15:51] broad >>>>>>>>>>>>>>>>>>>>>>>>>>>>>>> message 72 size 4
[16:15:54] 0:19792 leave
[16:16:0] 1:10162 leave
