[12:40:30] 0:20156 sit
[12:40:31] 0:20156 onGetState
[12:40:31] send >>>>>>>>>>>>>>>>>>>>>>>>>>>>>>> 0 message 72 size 4
[12:40:31] 游戏局数 0,总局数 4
[12:40:31] broad >>>>>>>>>>>>>>>>>>>>>>>>>>>>>>> message 71 size 8
[12:40:36] 0:20156 ready
[12:40:41] 1:20157 sit
[12:40:42] 1:20157 onGetState
[12:40:42] send >>>>>>>>>>>>>>>>>>>>>>>>>>>>>>> 1 message 72 size 4
[12:40:42] 游戏局数 0,总局数 4
[12:40:42] broad >>>>>>>>>>>>>>>>>>>>>>>>>>>>>>> message 71 size 8
[12:40:56] 1:20157 leave
[12:41:1] 1:20157 sit
[12:41:3] 1:20157 onGetState
[12:41:3] send >>>>>>>>>>>>>>>>>>>>>>>>>>>>>>> 1 message 72 size 4
[12:41:3] 游戏局数 0,总局数 4
[12:41:3] broad >>>>>>>>>>>>>>>>>>>>>>>>>>>>>>> message 71 size 8
[12:41:4] 1:20157 ready
[12:41:4] *****************游戏开始***************
[12:41:4] [0][20156]连庄局数 1,总局数1
[12:41:4] [1][20157]连庄局数 0,总局数1
[12:41:4] 通知 庄家 0 坐庄次数 1
[12:41:4] broad >>>>>>>>>>>>>>>>>>>>>>>>>>>>>>> message 69 size 1
[12:41:4] 游戏局数 1,总局数 4
[12:41:4] broad >>>>>>>>>>>>>>>>>>>>>>>>>>>>>>> message 71 size 8
[12:41:4] broad >>>>>>>>>>>>>>>>>>>>>>>>>>>>>>> message 51 size 0
[12:41:9] 2:20158 sit
[12:41:11] 2:20158 onGetState
[12:41:11] 游戏局数 0,总局数 4
[12:41:11] broad >>>>>>>>>>>>>>>>>>>>>>>>>>>>>>> message 71 size 8
[12:41:14] card 0 9,3,   type 0   point 1
[12:41:14] card 1 10,9,   type 0   point 4
[12:41:14] card 2 8,5,   type 0   point 6
[12:41:14] card 3 12,5,   type 0   point 1
[12:41:14] broad >>>>>>>>>>>>>>>>>>>>>>>>>>>>>>> message 52 size 16
[12:41:29] 区域 0 结算 0
[12:41:29] 区域 1 结算 0
[12:41:29] 区域 2 结算 0
[12:41:29] 区域 3 结算 0
[12:41:29] 区域 4 结算 0
[12:41:29] 区域 5 结算 0
[12:41:29] 玩家0[20156]  结算 0
[12:41:29] 玩家1[20157]  结算 0
[12:41:29] 玩家2[20158]  结算 0
[12:41:29] broad >>>>>>>>>>>>>>>>>>>>>>>>>>>>>>> message 58 size 86
[12:41:31] 玩家0[20156]  结算 0, 分数 0, 总分数 0
[12:41:31] 玩家1[20157]  结算 0, 分数 0, 总分数 0
[12:41:31] 玩家2[20158]  结算 0, 分数 0, 总分数 0
[12:41:31] ******************游戏结束********************************



[12:41:34] broad >>>>>>>>>>>>>>>>>>>>>>>>>>>>>>> message 72 size 4
[12:41:49] 0:20156 leave
[12:41:49] 1:20157 leave
[12:41:49] 2:20158 leave
[12:42:43] 0:20157 sit
[12:42:45] 0:20157 onGetState
[12:42:45] send >>>>>>>>>>>>>>>>>>>>>>>>>>>>>>> 0 message 72 size 4
[12:42:45] 游戏局数 0,总局数 4
[12:42:45] broad >>>>>>>>>>>>>>>>>>>>>>>>>>>>>>> message 71 size 8
[12:42:46] 1:20156 sit
[12:42:48] 1:20156 onGetState
[12:42:48] send >>>>>>>>>>>>>>>>>>>>>>>>>>>>>>> 1 message 72 size 4
[12:42:48] 游戏局数 0,总局数 4
[12:42:48] broad >>>>>>>>>>>>>>>>>>>>>>>>>>>>>>> message 71 size 8
[12:42:48] 0:20157 ready
[12:42:49] 2:20158 sit
[12:42:51] 2:20158 onGetState
[12:42:51] send >>>>>>>>>>>>>>>>>>>>>>>>>>>>>>> 2 message 72 size 4
[12:42:51] 游戏局数 0,总局数 4
[12:42:51] broad >>>>>>>>>>>>>>>>>>>>>>>>>>>>>>> message 71 size 8
[12:42:53] 1:20156 ready
[12:42:54] 2:20158 ready
[12:42:54] *****************游戏开始***************
[12:42:55] [0][20157]连庄局数 1,总局数1
[12:42:55] [1][20156]连庄局数 0,总局数1
[12:42:55] [2][20158]连庄局数 0,总局数1
[12:42:55] 通知 庄家 0 坐庄次数 1
[12:42:55] broad >>>>>>>>>>>>>>>>>>>>>>>>>>>>>>> message 69 size 1
[12:42:55] 游戏局数 1,总局数 4
[12:42:55] broad >>>>>>>>>>>>>>>>>>>>>>>>>>>>>>> message 71 size 8
[12:42:55] broad >>>>>>>>>>>>>>>>>>>>>>>>>>>>>>> message 51 size 0
[12:43:5] card 0 9,0,   type 0   point 9
[12:43:5] card 1 f,4,   type 0   point 7
[12:43:5] card 2 c,0,   type 13   point 1
[12:43:5] card 3 8,8,   type 20   point 0
[12:43:5] broad >>>>>>>>>>>>>>>>>>>>>>>>>>>>>>> message 52 size 16
[12:43:20] 区域 0 结算 0
[12:43:20] 区域 1 结算 0
[12:43:20] 区域 2 结算 0
[12:43:20] 区域 3 结算 0
[12:43:20] 区域 4 结算 0
[12:43:20] 区域 5 结算 0
[12:43:20] 玩家0[20157]  结算 0
[12:43:20] 玩家1[20156]  结算 0
[12:43:20] 玩家2[20158]  结算 0
[12:43:20] broad >>>>>>>>>>>>>>>>>>>>>>>>>>>>>>> message 58 size 86
[12:43:21] 玩家0[20157]  结算 0, 分数 0, 总分数 0
[12:43:21] 玩家1[20156]  结算 0, 分数 0, 总分数 0
[12:43:21] 玩家2[20158]  结算 0, 分数 0, 总分数 0
[12:43:21] ******************游戏结束********************************



[12:43:24] broad >>>>>>>>>>>>>>>>>>>>>>>>>>>>>>> message 72 size 4
[12:43:26] 0:20157 ready
[12:43:27] 1:20156 ready
[12:43:36] 3:20154 sit
[12:43:38] 3:20154 onGetState
[12:43:38] send >>>>>>>>>>>>>>>>>>>>>>>>>>>>>>> 3 message 72 size 4
[12:43:38] 游戏局数 0,总局数 4
[12:43:38] broad >>>>>>>>>>>>>>>>>>>>>>>>>>>>>>> message 71 size 8
[12:43:40] 2:20158 leave
[12:43:42] 3:20154 ready
[12:43:42] *****************游戏开始***************
[12:43:42] [0][20157]连庄局数 1,总局数2
[12:43:42] [1][20156]连庄局数 1,总局数2
[12:43:42] [3][20154]连庄局数 0,总局数1
[12:43:42] 通知 庄家 1 坐庄次数 1
[12:43:42] broad >>>>>>>>>>>>>>>>>>>>>>>>>>>>>>> message 69 size 1
[12:43:42] 游戏局数 2,总局数 4
[12:43:42] broad >>>>>>>>>>>>>>>>>>>>>>>>>>>>>>> message 71 size 8
[12:43:42] broad >>>>>>>>>>>>>>>>>>>>>>>>>>>>>>> message 51 size 0
[12:43:45] 2:20158 sit
[12:43:47] 2:20158 onGetState
[12:43:47] 游戏局数 1,总局数 4
[12:43:47] broad >>>>>>>>>>>>>>>>>>>>>>>>>>>>>>> message 71 size 8
[12:43:52] card 0 8,b,   type 0   point 9
[12:43:52] card 1 1,9,   type 8   point 9
[12:43:52] card 2 3,c,   type 0   point 3
[12:43:52] card 3 8,3,   type 0   point 4
[12:43:52] broad >>>>>>>>>>>>>>>>>>>>>>>>>>>>>>> message 52 size 16
[12:44:7] 区域 0 结算 0
[12:44:7] 区域 1 结算 0
[12:44:7] 区域 2 结算 0
[12:44:7] 区域 3 结算 0
[12:44:7] 区域 4 结算 0
[12:44:7] 区域 5 结算 0
[12:44:7] 玩家0[20157]  结算 0
[12:44:7] 玩家1[20156]  结算 0
[12:44:7] 玩家2[20158]  结算 0
[12:44:7] 玩家3[20154]  结算 0
[12:44:7] broad >>>>>>>>>>>>>>>>>>>>>>>>>>>>>>> message 58 size 86
[12:44:9] 玩家0[20157]  结算 0, 分数 0, 总分数 0
[12:44:9] 玩家1[20156]  结算 0, 分数 0, 总分数 0
[12:44:9] 玩家2[20158]  结算 0, 分数 0, 总分数 0
[12:44:9] 玩家3[20154]  结算 0, 分数 0, 总分数 0
[12:44:9] ******************游戏结束********************************



[12:44:12] broad >>>>>>>>>>>>>>>>>>>>>>>>>>>>>>> message 72 size 4
[12:44:13] 1:20156 ready
[12:44:14] 0:20157 ready
[12:44:15] 2:20158 ready
[12:44:17] 3:20154 ready
[12:44:17] *****************游戏开始***************
[12:44:17] [0][20157]连庄局数 1,总局数3
[12:44:17] [1][20156]连庄局数 1,总局数3
[12:44:17] [2][20158]连庄局数 1,总局数1
[12:44:17] [3][20154]连庄局数 0,总局数2
[12:44:17] 通知 庄家 2 坐庄次数 1
[12:44:17] broad >>>>>>>>>>>>>>>>>>>>>>>>>>>>>>> message 69 size 1
[12:44:17] 游戏局数 2,总局数 4
[12:44:17] broad >>>>>>>>>>>>>>>>>>>>>>>>>>>>>>> message 71 size 8
[12:44:17] broad >>>>>>>>>>>>>>>>>>>>>>>>>>>>>>> message 51 size 0
[12:44:27] card 0 0,12,   type 0   point 7
[12:44:27] card 1 5,8,   type 0   point 6
[12:44:27] card 2 6,4,   type 0   point 4
[12:44:27] card 3 9,7,   type 0   point 8
[12:44:27] broad >>>>>>>>>>>>>>>>>>>>>>>>>>>>>>> message 52 size 16
[12:44:42] 区域 0 结算 0
[12:44:42] 区域 1 结算 0
[12:44:42] 区域 2 结算 0
[12:44:42] 区域 3 结算 0
[12:44:42] 区域 4 结算 0
[12:44:42] 区域 5 结算 0
[12:44:42] 玩家0[20157]  结算 0
[12:44:42] 玩家1[20156]  结算 0
[12:44:42] 玩家2[20158]  结算 0
[12:44:42] 玩家3[20154]  结算 0
[12:44:42] broad >>>>>>>>>>>>>>>>>>>>>>>>>>>>>>> message 58 size 86
[12:44:44] 玩家0[20157]  结算 0, 分数 0, 总分数 0
[12:44:44] 玩家1[20156]  结算 0, 分数 0, 总分数 0
[12:44:44] 玩家2[20158]  结算 0, 分数 0, 总分数 0
[12:44:44] 玩家3[20154]  结算 0, 分数 0, 总分数 0
[12:44:44] ******************游戏结束********************************



[12:44:47] broad >>>>>>>>>>>>>>>>>>>>>>>>>>>>>>> message 72 size 4
[12:45:2] 0:20157 leave
[12:45:2] 1:20156 leave
[12:45:2] 2:20158 leave
[12:45:2] 3:20154 leave
[12:45:6] 0:20158 sit
[12:45:7] 0:20158 onGetState
[12:45:7] send >>>>>>>>>>>>>>>>>>>>>>>>>>>>>>> 0 message 72 size 4
[12:45:7] 游戏局数 0,总局数 4
[12:45:7] broad >>>>>>>>>>>>>>>>>>>>>>>>>>>>>>> message 71 size 8
[12:45:9] 1:20154 sit
[12:45:10] 0:20158 ready
[12:45:10] 1:20154 onGetState
[12:45:10] send >>>>>>>>>>>>>>>>>>>>>>>>>>>>>>> 1 message 72 size 4
[12:45:10] 游戏局数 0,总局数 4
[12:45:10] broad >>>>>>>>>>>>>>>>>>>>>>>>>>>>>>> message 71 size 8
[12:45:14] 2:20156 sit
[12:45:15] 2:20156 onGetState
[12:45:15] send >>>>>>>>>>>>>>>>>>>>>>>>>>>>>>> 2 message 72 size 4
[12:45:15] 游戏局数 0,总局数 4
[12:45:15] broad >>>>>>>>>>>>>>>>>>>>>>>>>>>>>>> message 71 size 8
[12:45:17] 1:20154 ready
[12:45:19] 3:20157 sit
[12:45:20] 3:20157 onGetState
[12:45:20] send >>>>>>>>>>>>>>>>>>>>>>>>>>>>>>> 3 message 72 size 4
[12:45:20] 游戏局数 0,总局数 4
[12:45:20] broad >>>>>>>>>>>>>>>>>>>>>>>>>>>>>>> message 71 size 8
[12:45:22] 2:20156 ready
[12:45:25] 3:20157 ready
[12:45:25] *****************游戏开始***************
[12:45:25] [0][20158]连庄局数 1,总局数1
[12:45:25] [1][20154]连庄局数 0,总局数1
[12:45:25] [2][20156]连庄局数 0,总局数1
[12:45:25] [3][20157]连庄局数 0,总局数1
[12:45:25] 通知 庄家 0 坐庄次数 1
[12:45:25] broad >>>>>>>>>>>>>>>>>>>>>>>>>>>>>>> message 69 size 1
[12:45:25] 游戏局数 1,总局数 4
[12:45:25] broad >>>>>>>>>>>>>>>>>>>>>>>>>>>>>>> message 71 size 8
[12:45:25] broad >>>>>>>>>>>>>>>>>>>>>>>>>>>>>>> message 51 size 0
[12:45:35] card 0 9,8,   type 0   point 7
[12:45:35] card 1 b,12,   type 0   point 4
[12:45:35] card 2 e,13,   type 0   point 3
[12:45:35] card 3 4,5,   type 0   point 6
[12:45:35] broad >>>>>>>>>>>>>>>>>>>>>>>>>>>>>>> message 52 size 16
[12:45:50] 区域 0 结算 0
[12:45:50] 区域 1 结算 0
[12:45:50] 区域 2 结算 0
[12:45:50] 区域 3 结算 0
[12:45:50] 区域 4 结算 0
[12:45:50] 区域 5 结算 0
[12:45:50] 玩家0[20158]  结算 0
[12:45:50] 玩家1[20154]  结算 0
[12:45:50] 玩家2[20156]  结算 0
[12:45:50] 玩家3[20157]  结算 0
[12:45:50] broad >>>>>>>>>>>>>>>>>>>>>>>>>>>>>>> message 58 size 86
[12:45:51] 玩家0[20158]  结算 0, 分数 0, 总分数 0
[12:45:51] 玩家1[20154]  结算 0, 分数 0, 总分数 0
[12:45:51] 玩家2[20156]  结算 0, 分数 0, 总分数 0
[12:45:51] 玩家3[20157]  结算 0, 分数 0, 总分数 0
[12:45:51] ******************游戏结束********************************



[12:45:55] broad >>>>>>>>>>>>>>>>>>>>>>>>>>>>>>> message 72 size 4
[12:45:58] 2:20156 ready
[12:46:0] 3:20157 ready
[12:46:1] 0:20158 ready
[12:46:3] 1:20154 ready
[12:46:3] *****************游戏开始***************
[12:46:3] [0][20158]连庄局数 1,总局数2
[12:46:3] [1][20154]连庄局数 1,总局数2
[12:46:3] [2][20156]连庄局数 0,总局数2
[12:46:3] [3][20157]连庄局数 0,总局数2
[12:46:3] 通知 庄家 1 坐庄次数 1
[12:46:3] broad >>>>>>>>>>>>>>>>>>>>>>>>>>>>>>> message 69 size 1
[12:46:3] 游戏局数 2,总局数 4
[12:46:3] broad >>>>>>>>>>>>>>>>>>>>>>>>>>>>>>> message 71 size 8
[12:46:3] broad >>>>>>>>>>>>>>>>>>>>>>>>>>>>>>> message 51 size 0
[12:46:13] card 0 2,3,   type 0   point 2
[12:46:13] card 1 4,7,   type 0   point 1
[12:46:13] card 2 6,0,   type 0   point 6
[12:46:13] card 3 6,13,   type 0   point 9
[12:46:13] broad >>>>>>>>>>>>>>>>>>>>>>>>>>>>>>> message 52 size 16
[12:46:28] 区域 0 结算 0
[12:46:28] 区域 1 结算 0
[12:46:28] 区域 2 结算 0
[12:46:28] 区域 3 结算 0
[12:46:28] 区域 4 结算 0
[12:46:28] 区域 5 结算 0
[12:46:28] 玩家0[20158]  结算 0
[12:46:28] 玩家1[20154]  结算 0
[12:46:28] 玩家2[20156]  结算 0
[12:46:28] 玩家3[20157]  结算 0
[12:46:28] broad >>>>>>>>>>>>>>>>>>>>>>>>>>>>>>> message 58 size 86
[12:46:29] 玩家0[20158]  结算 0, 分数 0, 总分数 0
[12:46:29] 玩家1[20154]  结算 0, 分数 0, 总分数 0
[12:46:29] 玩家2[20156]  结算 0, 分数 0, 总分数 0
[12:46:29] 玩家3[20157]  结算 0, 分数 0, 总分数 0
[12:46:29] ******************游戏结束********************************



[12:46:32] broad >>>>>>>>>>>>>>>>>>>>>>>>>>>>>>> message 72 size 4
[12:46:37] 1:20154 ready
[12:46:40] 2:20156 ready
[12:46:42] 3:20157 ready
[12:46:44] 0:20158 ready
[12:46:44] *****************游戏开始***************
[12:46:44] [0][20158]连庄局数 1,总局数3
[12:46:44] [1][20154]连庄局数 1,总局数3
[12:46:44] [2][20156]连庄局数 1,总局数3
[12:46:44] [3][20157]连庄局数 0,总局数3
[12:46:44] 通知 庄家 2 坐庄次数 1
[12:46:44] broad >>>>>>>>>>>>>>>>>>>>>>>>>>>>>>> message 69 size 1
[12:46:44] 游戏局数 3,总局数 4
[12:46:44] broad >>>>>>>>>>>>>>>>>>>>>>>>>>>>>>> message 71 size 8
[12:46:44] broad >>>>>>>>>>>>>>>>>>>>>>>>>>>>>>> message 51 size 0
[12:46:54] card 0 b,11,   type 0   point 5
[12:46:54] card 1 1,d,   type 10   point 0
[12:46:54] card 2 4,9,   type 0   point 7
[12:46:54] card 3 5,6,   type 0   point 0
[12:46:54] broad >>>>>>>>>>>>>>>>>>>>>>>>>>>>>>> message 52 size 16
[12:47:9] 区域 0 结算 0
[12:47:9] 区域 1 结算 0
[12:47:9] 区域 2 结算 0
[12:47:9] 区域 3 结算 0
[12:47:9] 区域 4 结算 0
[12:47:9] 区域 5 结算 0
[12:47:9] 玩家0[20158]  结算 0
[12:47:9] 玩家1[20154]  结算 0
[12:47:9] 玩家2[20156]  结算 0
[12:47:9] 玩家3[20157]  结算 0
[12:47:9] broad >>>>>>>>>>>>>>>>>>>>>>>>>>>>>>> message 58 size 86
[12:47:11] 玩家0[20158]  结算 0, 分数 0, 总分数 0
[12:47:11] 玩家1[20154]  结算 0, 分数 0, 总分数 0
[12:47:11] 玩家2[20156]  结算 0, 分数 0, 总分数 0
[12:47:11] 玩家3[20157]  结算 0, 分数 0, 总分数 0
[12:47:11] ******************游戏结束********************************



[12:47:14] broad >>>>>>>>>>>>>>>>>>>>>>>>>>>>>>> message 72 size 4
[12:47:29] 0:20158 leave
[12:47:29] 1:20154 leave
[12:47:29] 2:20156 leave
[12:47:29] 3:20157 leave
