[15:2:27] 1:22255 sit
[15:2:28] 1:22255 onGetState
[15:2:28] send >>>>>>>>>>>>>>>>>>>>>>>>>>>>>>> 1 message 72 size 4
[15:2:28] 游戏局数 0,总局数 4
[15:2:28] broad >>>>>>>>>>>>>>>>>>>>>>>>>>>>>>> message 71 size 8
[15:2:31] 1:22255 ready
[15:2:31] *****************游戏开始***************
[15:2:31] [0][17690]连庄局数 1,总局数1
[15:2:31] [1][22255]连庄局数 0,总局数1
[15:2:31] 通知 庄家 0 坐庄次数 1
[15:2:31] broad >>>>>>>>>>>>>>>>>>>>>>>>>>>>>>> message 69 size 1
[15:2:31] 游戏局数 1,总局数 4
[15:2:31] broad >>>>>>>>>>>>>>>>>>>>>>>>>>>>>>> message 71 size 8
[15:2:31] broad >>>>>>>>>>>>>>>>>>>>>>>>>>>>>>> message 51 size 0
[15:2:41] card 0 5,e,   type 0   point 4
[15:2:41] card 1 3,8,   type 0   point 4
[15:2:41] card 2 9,3,   type 0   point 1
[15:2:41] card 3 0,9,   type 0   point 9
[15:2:41] broad >>>>>>>>>>>>>>>>>>>>>>>>>>>>>>> message 52 size 16
[15:2:56] 区域 0 结算 0
[15:2:56] 区域 1 结算 0
[15:2:56] 区域 2 结算 0
[15:2:56] 区域 3 结算 0
[15:2:56] 区域 4 结算 0
[15:2:56] 区域 5 结算 0
[15:2:56] 玩家0[17690]  结算 0
[15:2:56] 玩家1[22255]  结算 0
[15:2:56] broad >>>>>>>>>>>>>>>>>>>>>>>>>>>>>>> message 58 size 86
[15:2:58] 玩家0[17690]  结算 0, 分数 0, 总分数 0
[15:2:58] 玩家1[22255]  结算 0, 分数 0, 总分数 0
[15:2:58] ******************游戏结束********************************



[15:3:1] broad >>>>>>>>>>>>>>>>>>>>>>>>>>>>>>> message 72 size 4
[15:3:16] 0:17690 leave
[15:3:16] 1:22255 leave
[15:3:21] 0:22255 sit
[15:3:21] 0:22255 onGetState
[15:3:21] send >>>>>>>>>>>>>>>>>>>>>>>>>>>>>>> 0 message 72 size 4
[15:3:21] 游戏局数 0,总局数 4
[15:3:21] broad >>>>>>>>>>>>>>>>>>>>>>>>>>>>>>> message 71 size 8
[15:3:36] 0:22255 leave
[15:3:46] 0:22255 sit
[15:3:47] 0:22255 onGetState
[15:3:47] send >>>>>>>>>>>>>>>>>>>>>>>>>>>>>>> 0 message 72 size 4
[15:3:47] 游戏局数 0,总局数 4
[15:3:47] broad >>>>>>>>>>>>>>>>>>>>>>>>>>>>>>> message 71 size 8
[15:3:53] 0:22255 leave
[15:4:25] 0:17690 sit
[15:4:25] 0:17690 onGetState
[15:4:25] send >>>>>>>>>>>>>>>>>>>>>>>>>>>>>>> 0 message 72 size 4
[15:4:25] 游戏局数 0,总局数 4
[15:4:25] broad >>>>>>>>>>>>>>>>>>>>>>>>>>>>>>> message 71 size 8
[15:4:29] 0:17690 leave
[15:4:56] 0:22255 sit
[15:4:56] 0:22255 onGetState
[15:4:56] send >>>>>>>>>>>>>>>>>>>>>>>>>>>>>>> 0 message 72 size 4
[15:4:56] 游戏局数 0,总局数 4
[15:4:56] broad >>>>>>>>>>>>>>>>>>>>>>>>>>>>>>> message 71 size 8
[15:5:1] 0:22255 ready
[15:5:28] 0:22255 leave
[15:20:36] 0:22258 sit
[15:20:36] 0:22258 onGetState
[15:20:36] send >>>>>>>>>>>>>>>>>>>>>>>>>>>>>>> 0 message 72 size 4
[15:20:36] 游戏局数 0,总局数 4
[15:20:36] broad >>>>>>>>>>>>>>>>>>>>>>>>>>>>>>> message 71 size 8
[15:20:51] 0:22258 leave
[15:21:2] 0:22258 sit
[15:21:3] 0:22258 onGetState
[15:21:3] send >>>>>>>>>>>>>>>>>>>>>>>>>>>>>>> 0 message 72 size 4
[15:21:3] 游戏局数 0,总局数 4
[15:21:3] broad >>>>>>>>>>>>>>>>>>>>>>>>>>>>>>> message 71 size 8
[15:21:9] 0:22258 ready
[15:21:37] 0:22258 leave
