[15:11:15] 0:20715 sit
[15:11:16] 0:20715 onGetState
[15:11:16] send >>>>>>>>>>>>>>>>>>>>>>>>>>>>>>> 0 message 72 size 4
[15:11:16] 游戏局数 0,总局数 4
[15:11:16] broad >>>>>>>>>>>>>>>>>>>>>>>>>>>>>>> message 71 size 8
[15:11:19] 0:20715 ready
[15:11:40] 0:20715 leave
[15:12:12] 0:20715 sit
[15:12:13] 0:20715 onGetState
[15:12:13] send >>>>>>>>>>>>>>>>>>>>>>>>>>>>>>> 0 message 72 size 4
[15:12:13] 游戏局数 0,总局数 4
[15:12:13] broad >>>>>>>>>>>>>>>>>>>>>>>>>>>>>>> message 71 size 8
[15:12:28] 0:20715 leave
[15:12:54] 0:20715 sit
[15:12:54] 0:20715 onGetState
[15:12:54] send >>>>>>>>>>>>>>>>>>>>>>>>>>>>>>> 0 message 72 size 4
[15:12:54] 游戏局数 0,总局数 4
[15:12:54] broad >>>>>>>>>>>>>>>>>>>>>>>>>>>>>>> message 71 size 8
[15:13:0] 0:20715 leave
[15:14:29] 0:20625 sit
[15:14:30] 0:20625 onGetState
[15:14:30] send >>>>>>>>>>>>>>>>>>>>>>>>>>>>>>> 0 message 72 size 4
[15:14:30] 游戏局数 0,总局数 4
[15:14:30] broad >>>>>>>>>>>>>>>>>>>>>>>>>>>>>>> message 71 size 8
[15:14:33] 0:20625 ready
[15:14:37] 0:20625 leave
[15:15:58] 0:20715 sit
[15:15:59] 0:20715 onGetState
[15:15:59] send >>>>>>>>>>>>>>>>>>>>>>>>>>>>>>> 0 message 72 size 4
[15:15:59] 游戏局数 0,总局数 4
[15:15:59] broad >>>>>>>>>>>>>>>>>>>>>>>>>>>>>>> message 71 size 8
[15:16:14] 0:20715 leave
[15:30:13] 0:22098 sit
[15:30:14] 0:22098 onGetState
[15:30:14] send >>>>>>>>>>>>>>>>>>>>>>>>>>>>>>> 0 message 72 size 4
[15:30:14] 游戏局数 0,总局数 4
[15:30:14] broad >>>>>>>>>>>>>>>>>>>>>>>>>>>>>>> message 71 size 8
[15:30:15] 0:22098 ready
[15:30:30] 0:22098 leave
[15:49:21] 0:20715 sit
[15:49:21] 0:20715 onGetState
[15:49:21] send >>>>>>>>>>>>>>>>>>>>>>>>>>>>>>> 0 message 72 size 4
[15:49:21] 游戏局数 0,总局数 4
[15:49:21] broad >>>>>>>>>>>>>>>>>>>>>>>>>>>>>>> message 71 size 8
[15:49:24] 0:20715 leave
