[18:20:43] 0:17285 sit
[18:20:44] 0:17285 onGetState
[18:20:44] send >>>>>>>>>>>>>>>>>>>>>>>>>>>>>>> 0 message 72 size 4
[18:20:44] 游戏局数 0,总局数 4
[18:20:44] broad >>>>>>>>>>>>>>>>>>>>>>>>>>>>>>> message 71 size 8
[18:20:45] 0:17285 ready
[18:20:53] 1:14317 sit
[18:20:54] 1:14317 onGetState
[18:20:54] send >>>>>>>>>>>>>>>>>>>>>>>>>>>>>>> 1 message 72 size 4
[18:20:54] 游戏局数 0,总局数 4
[18:20:54] broad >>>>>>>>>>>>>>>>>>>>>>>>>>>>>>> message 71 size 8
[18:20:56] 1:14317 ready
[18:20:56] *****************游戏开始***************
[18:20:56] [0][17285]连庄局数 1,总局数1
[18:20:56] [1][14317]连庄局数 0,总局数1
[18:20:56] 通知 庄家 0 坐庄次数 1
[18:20:56] broad >>>>>>>>>>>>>>>>>>>>>>>>>>>>>>> message 69 size 1
[18:20:56] 游戏局数 1,总局数 4
[18:20:56] broad >>>>>>>>>>>>>>>>>>>>>>>>>>>>>>> message 71 size 8
[18:20:56] broad >>>>>>>>>>>>>>>>>>>>>>>>>>>>>>> message 51 size 0
[18:20:59] recv  55 <<<<<<<<<<<<<<<<<<<<<<<<<<<<<<< 1
[18:20:59] userbet 14317  在0 下了 1000,累计下注 1000
[18:20:59] broad >>>>>>>>>>>>>>>>>>>>>>>>>>>>>>> message 56 size 6
[18:20:59] 区域 0  总下注1000
[18:20:59] 区域 1  总下注0
[18:20:59] 区域 2  总下注0
[18:20:59] 区域 3  总下注0
[18:20:59] 区域 4  总下注0
[18:20:59] 区域 5  总下注0
[18:20:59] send >>>>>>>>>>>>>>>>>>>>>>>>>>>>>>> 0 message 57 size 112
[18:20:59] 玩家14317在区域 0  总下注1000
[18:20:59] 玩家14317在区域 1  总下注0
[18:20:59] 玩家14317在区域 2  总下注0
[18:20:59] 玩家14317在区域 3  总下注0
[18:20:59] 玩家14317在区域 4  总下注0
[18:20:59] 玩家14317在区域 5  总下注0
[18:20:59] 玩家14317 总下注1000
[18:20:59] send >>>>>>>>>>>>>>>>>>>>>>>>>>>>>>> 1 message 57 size 112
[18:20:59] recv  55 <<<<<<<<<<<<<<<<<<<<<<<<<<<<<<< 1
[18:20:59] userbet 14317  在0 下了 1000,累计下注 2000
[18:20:59] broad >>>>>>>>>>>>>>>>>>>>>>>>>>>>>>> message 56 size 6
[18:20:59] 区域 0  总下注2000
[18:20:59] 区域 1  总下注0
[18:20:59] 区域 2  总下注0
[18:20:59] 区域 3  总下注0
[18:20:59] 区域 4  总下注0
[18:20:59] 区域 5  总下注0
[18:20:59] send >>>>>>>>>>>>>>>>>>>>>>>>>>>>>>> 0 message 57 size 112
[18:20:59] 玩家14317在区域 0  总下注2000
[18:20:59] 玩家14317在区域 1  总下注0
[18:20:59] 玩家14317在区域 2  总下注0
[18:20:59] 玩家14317在区域 3  总下注0
[18:20:59] 玩家14317在区域 4  总下注0
[18:20:59] 玩家14317在区域 5  总下注0
[18:20:59] 玩家14317 总下注2000
[18:20:59] send >>>>>>>>>>>>>>>>>>>>>>>>>>>>>>> 1 message 57 size 112
[18:21:0] recv  55 <<<<<<<<<<<<<<<<<<<<<<<<<<<<<<< 1
[18:21:0] userbet 14317  在0 下了 1000,累计下注 3000
[18:21:0] broad >>>>>>>>>>>>>>>>>>>>>>>>>>>>>>> message 56 size 6
[18:21:0] 区域 0  总下注3000
[18:21:0] 区域 1  总下注0
[18:21:0] 区域 2  总下注0
[18:21:0] 区域 3  总下注0
[18:21:0] 区域 4  总下注0
[18:21:0] 区域 5  总下注0
[18:21:0] send >>>>>>>>>>>>>>>>>>>>>>>>>>>>>>> 0 message 57 size 112
[18:21:0] 玩家14317在区域 0  总下注3000
[18:21:0] 玩家14317在区域 1  总下注0
[18:21:0] 玩家14317在区域 2  总下注0
[18:21:0] 玩家14317在区域 3  总下注0
[18:21:0] 玩家14317在区域 4  总下注0
[18:21:0] 玩家14317在区域 5  总下注0
[18:21:0] 玩家14317 总下注3000
[18:21:0] send >>>>>>>>>>>>>>>>>>>>>>>>>>>>>>> 1 message 57 size 112
[18:21:0] recv  55 <<<<<<<<<<<<<<<<<<<<<<<<<<<<<<< 1
[18:21:0] userbet 14317  在0 下了 1000,累计下注 4000
[18:21:0] broad >>>>>>>>>>>>>>>>>>>>>>>>>>>>>>> message 56 size 6
[18:21:0] 区域 0  总下注4000
[18:21:0] 区域 1  总下注0
[18:21:0] 区域 2  总下注0
[18:21:0] 区域 3  总下注0
[18:21:0] 区域 4  总下注0
[18:21:0] 区域 5  总下注0
[18:21:0] send >>>>>>>>>>>>>>>>>>>>>>>>>>>>>>> 0 message 57 size 112
[18:21:0] 玩家14317在区域 0  总下注4000
[18:21:0] 玩家14317在区域 1  总下注0
[18:21:0] 玩家14317在区域 2  总下注0
[18:21:0] 玩家14317在区域 3  总下注0
[18:21:0] 玩家14317在区域 4  总下注0
[18:21:0] 玩家14317在区域 5  总下注0
[18:21:0] 玩家14317 总下注4000
[18:21:0] send >>>>>>>>>>>>>>>>>>>>>>>>>>>>>>> 1 message 57 size 112
[18:21:0] recv  55 <<<<<<<<<<<<<<<<<<<<<<<<<<<<<<< 1
[18:21:0] userbet 14317  在0 下了 1000,累计下注 5000
[18:21:0] broad >>>>>>>>>>>>>>>>>>>>>>>>>>>>>>> message 56 size 6
[18:21:0] 区域 0  总下注5000
[18:21:0] 区域 1  总下注0
[18:21:0] 区域 2  总下注0
[18:21:0] 区域 3  总下注0
[18:21:0] 区域 4  总下注0
[18:21:0] 区域 5  总下注0
[18:21:0] send >>>>>>>>>>>>>>>>>>>>>>>>>>>>>>> 0 message 57 size 112
[18:21:0] 玩家14317在区域 0  总下注5000
[18:21:0] 玩家14317在区域 1  总下注0
[18:21:0] 玩家14317在区域 2  总下注0
[18:21:0] 玩家14317在区域 3  总下注0
[18:21:0] 玩家14317在区域 4  总下注0
[18:21:0] 玩家14317在区域 5  总下注0
[18:21:0] 玩家14317 总下注5000
[18:21:0] send >>>>>>>>>>>>>>>>>>>>>>>>>>>>>>> 1 message 57 size 112
[18:21:0] recv  55 <<<<<<<<<<<<<<<<<<<<<<<<<<<<<<< 1
[18:21:0] userbet 14317  在0 下了 1000,累计下注 6000
[18:21:0] broad >>>>>>>>>>>>>>>>>>>>>>>>>>>>>>> message 56 size 6
[18:21:0] 区域 0  总下注6000
[18:21:0] 区域 1  总下注0
[18:21:0] 区域 2  总下注0
[18:21:0] 区域 3  总下注0
[18:21:0] 区域 4  总下注0
[18:21:0] 区域 5  总下注0
[18:21:0] send >>>>>>>>>>>>>>>>>>>>>>>>>>>>>>> 0 message 57 size 112
[18:21:0] 玩家14317在区域 0  总下注6000
[18:21:0] 玩家14317在区域 1  总下注0
[18:21:0] 玩家14317在区域 2  总下注0
[18:21:0] 玩家14317在区域 3  总下注0
[18:21:0] 玩家14317在区域 4  总下注0
[18:21:0] 玩家14317在区域 5  总下注0
[18:21:0] 玩家14317 总下注6000
[18:21:0] send >>>>>>>>>>>>>>>>>>>>>>>>>>>>>>> 1 message 57 size 112
[18:21:0] recv  55 <<<<<<<<<<<<<<<<<<<<<<<<<<<<<<< 1
[18:21:0] userbet 14317  在0 下了 1000,累计下注 7000
[18:21:0] broad >>>>>>>>>>>>>>>>>>>>>>>>>>>>>>> message 56 size 6
[18:21:0] 区域 0  总下注7000
[18:21:0] 区域 1  总下注0
[18:21:0] 区域 2  总下注0
[18:21:0] 区域 3  总下注0
[18:21:0] 区域 4  总下注0
[18:21:0] 区域 5  总下注0
[18:21:0] send >>>>>>>>>>>>>>>>>>>>>>>>>>>>>>> 0 message 57 size 112
[18:21:0] 玩家14317在区域 0  总下注7000
[18:21:0] 玩家14317在区域 1  总下注0
[18:21:0] 玩家14317在区域 2  总下注0
[18:21:0] 玩家14317在区域 3  总下注0
[18:21:0] 玩家14317在区域 4  总下注0
[18:21:0] 玩家14317在区域 5  总下注0
[18:21:0] 玩家14317 总下注7000
[18:21:0] send >>>>>>>>>>>>>>>>>>>>>>>>>>>>>>> 1 message 57 size 112
[18:21:0] recv  55 <<<<<<<<<<<<<<<<<<<<<<<<<<<<<<< 1
[18:21:0] userbet 14317  在0 下了 1000,累计下注 8000
[18:21:0] broad >>>>>>>>>>>>>>>>>>>>>>>>>>>>>>> message 56 size 6
[18:21:0] 区域 0  总下注8000
[18:21:0] 区域 1  总下注0
[18:21:0] 区域 2  总下注0
[18:21:0] 区域 3  总下注0
[18:21:0] 区域 4  总下注0
[18:21:0] 区域 5  总下注0
[18:21:0] send >>>>>>>>>>>>>>>>>>>>>>>>>>>>>>> 0 message 57 size 112
[18:21:0] 玩家14317在区域 0  总下注8000
[18:21:0] 玩家14317在区域 1  总下注0
[18:21:0] 玩家14317在区域 2  总下注0
[18:21:0] 玩家14317在区域 3  总下注0
[18:21:0] 玩家14317在区域 4  总下注0
[18:21:0] 玩家14317在区域 5  总下注0
[18:21:0] 玩家14317 总下注8000
[18:21:0] send >>>>>>>>>>>>>>>>>>>>>>>>>>>>>>> 1 message 57 size 112
[18:21:1] recv  55 <<<<<<<<<<<<<<<<<<<<<<<<<<<<<<< 1
[18:21:1] userbet 14317  在0 下了 1000,累计下注 9000
[18:21:1] broad >>>>>>>>>>>>>>>>>>>>>>>>>>>>>>> message 56 size 6
[18:21:1] 区域 0  总下注9000
[18:21:1] 区域 1  总下注0
[18:21:1] 区域 2  总下注0
[18:21:1] 区域 3  总下注0
[18:21:1] 区域 4  总下注0
[18:21:1] 区域 5  总下注0
[18:21:1] send >>>>>>>>>>>>>>>>>>>>>>>>>>>>>>> 0 message 57 size 112
[18:21:1] 玩家14317在区域 0  总下注9000
[18:21:1] 玩家14317在区域 1  总下注0
[18:21:1] 玩家14317在区域 2  总下注0
[18:21:1] 玩家14317在区域 3  总下注0
[18:21:1] 玩家14317在区域 4  总下注0
[18:21:1] 玩家14317在区域 5  总下注0
[18:21:1] 玩家14317 总下注9000
[18:21:1] send >>>>>>>>>>>>>>>>>>>>>>>>>>>>>>> 1 message 57 size 112
[18:21:4] recv  55 <<<<<<<<<<<<<<<<<<<<<<<<<<<<<<< 1
[18:21:4] userbet 14317  在1 下了 1000,累计下注 10000
[18:21:4] broad >>>>>>>>>>>>>>>>>>>>>>>>>>>>>>> message 56 size 6
[18:21:4] 区域 0  总下注9000
[18:21:4] 区域 1  总下注1000
[18:21:4] 区域 2  总下注0
[18:21:4] 区域 3  总下注0
[18:21:4] 区域 4  总下注0
[18:21:4] 区域 5  总下注0
[18:21:4] send >>>>>>>>>>>>>>>>>>>>>>>>>>>>>>> 0 message 57 size 112
[18:21:4] 玩家14317在区域 0  总下注9000
[18:21:4] 玩家14317在区域 1  总下注1000
[18:21:4] 玩家14317在区域 2  总下注0
[18:21:4] 玩家14317在区域 3  总下注0
[18:21:4] 玩家14317在区域 4  总下注0
[18:21:4] 玩家14317在区域 5  总下注0
[18:21:4] 玩家14317 总下注10000
[18:21:4] send >>>>>>>>>>>>>>>>>>>>>>>>>>>>>>> 1 message 57 size 112
[18:21:4] recv  55 <<<<<<<<<<<<<<<<<<<<<<<<<<<<<<< 1
[18:21:4] userbet 14317  在1 下了 1000,累计下注 11000
[18:21:4] broad >>>>>>>>>>>>>>>>>>>>>>>>>>>>>>> message 56 size 6
[18:21:4] 区域 0  总下注9000
[18:21:4] 区域 1  总下注2000
[18:21:4] 区域 2  总下注0
[18:21:4] 区域 3  总下注0
[18:21:4] 区域 4  总下注0
[18:21:4] 区域 5  总下注0
[18:21:4] send >>>>>>>>>>>>>>>>>>>>>>>>>>>>>>> 0 message 57 size 112
[18:21:4] 玩家14317在区域 0  总下注9000
[18:21:4] 玩家14317在区域 1  总下注2000
[18:21:4] 玩家14317在区域 2  总下注0
[18:21:4] 玩家14317在区域 3  总下注0
[18:21:4] 玩家14317在区域 4  总下注0
[18:21:4] 玩家14317在区域 5  总下注0
[18:21:4] 玩家14317 总下注11000
[18:21:4] send >>>>>>>>>>>>>>>>>>>>>>>>>>>>>>> 1 message 57 size 112
[18:21:4] recv  55 <<<<<<<<<<<<<<<<<<<<<<<<<<<<<<< 1
[18:21:4] userbet 14317  在1 下了 1000,累计下注 12000
[18:21:4] broad >>>>>>>>>>>>>>>>>>>>>>>>>>>>>>> message 56 size 6
[18:21:4] 区域 0  总下注9000
[18:21:4] 区域 1  总下注3000
[18:21:4] 区域 2  总下注0
[18:21:4] 区域 3  总下注0
[18:21:4] 区域 4  总下注0
[18:21:4] 区域 5  总下注0
[18:21:4] send >>>>>>>>>>>>>>>>>>>>>>>>>>>>>>> 0 message 57 size 112
[18:21:4] 玩家14317在区域 0  总下注9000
[18:21:4] 玩家14317在区域 1  总下注3000
[18:21:4] 玩家14317在区域 2  总下注0
[18:21:4] 玩家14317在区域 3  总下注0
[18:21:4] 玩家14317在区域 4  总下注0
[18:21:4] 玩家14317在区域 5  总下注0
[18:21:4] 玩家14317 总下注12000
[18:21:4] send >>>>>>>>>>>>>>>>>>>>>>>>>>>>>>> 1 message 57 size 112
[18:21:5] recv  55 <<<<<<<<<<<<<<<<<<<<<<<<<<<<<<< 1
[18:21:5] userbet 14317  在1 下了 1000,累计下注 13000
[18:21:5] broad >>>>>>>>>>>>>>>>>>>>>>>>>>>>>>> message 56 size 6
[18:21:5] 区域 0  总下注9000
[18:21:5] 区域 1  总下注4000
[18:21:5] 区域 2  总下注0
[18:21:5] 区域 3  总下注0
[18:21:5] 区域 4  总下注0
[18:21:5] 区域 5  总下注0
[18:21:5] send >>>>>>>>>>>>>>>>>>>>>>>>>>>>>>> 0 message 57 size 112
[18:21:5] 玩家14317在区域 0  总下注9000
[18:21:5] 玩家14317在区域 1  总下注4000
[18:21:5] 玩家14317在区域 2  总下注0
[18:21:5] 玩家14317在区域 3  总下注0
[18:21:5] 玩家14317在区域 4  总下注0
[18:21:5] 玩家14317在区域 5  总下注0
[18:21:5] 玩家14317 总下注13000
[18:21:5] send >>>>>>>>>>>>>>>>>>>>>>>>>>>>>>> 1 message 57 size 112
[18:21:5] recv  55 <<<<<<<<<<<<<<<<<<<<<<<<<<<<<<< 1
[18:21:5] userbet 14317  在1 下了 1000,累计下注 14000
[18:21:5] broad >>>>>>>>>>>>>>>>>>>>>>>>>>>>>>> message 56 size 6
[18:21:5] 区域 0  总下注9000
[18:21:5] 区域 1  总下注5000
[18:21:5] 区域 2  总下注0
[18:21:5] 区域 3  总下注0
[18:21:5] 区域 4  总下注0
[18:21:5] 区域 5  总下注0
[18:21:5] send >>>>>>>>>>>>>>>>>>>>>>>>>>>>>>> 0 message 57 size 112
[18:21:5] 玩家14317在区域 0  总下注9000
[18:21:5] 玩家14317在区域 1  总下注5000
[18:21:5] 玩家14317在区域 2  总下注0
[18:21:5] 玩家14317在区域 3  总下注0
[18:21:5] 玩家14317在区域 4  总下注0
[18:21:5] 玩家14317在区域 5  总下注0
[18:21:5] 玩家14317 总下注14000
[18:21:5] send >>>>>>>>>>>>>>>>>>>>>>>>>>>>>>> 1 message 57 size 112
[18:21:5] recv  55 <<<<<<<<<<<<<<<<<<<<<<<<<<<<<<< 1
[18:21:5] userbet 14317  在1 下了 1000,累计下注 15000
[18:21:5] broad >>>>>>>>>>>>>>>>>>>>>>>>>>>>>>> message 56 size 6
[18:21:5] 区域 0  总下注9000
[18:21:5] 区域 1  总下注6000
[18:21:5] 区域 2  总下注0
[18:21:5] 区域 3  总下注0
[18:21:5] 区域 4  总下注0
[18:21:5] 区域 5  总下注0
[18:21:5] send >>>>>>>>>>>>>>>>>>>>>>>>>>>>>>> 0 message 57 size 112
[18:21:5] 玩家14317在区域 0  总下注9000
[18:21:5] 玩家14317在区域 1  总下注6000
[18:21:5] 玩家14317在区域 2  总下注0
[18:21:5] 玩家14317在区域 3  总下注0
[18:21:5] 玩家14317在区域 4  总下注0
[18:21:5] 玩家14317在区域 5  总下注0
[18:21:5] 玩家14317 总下注15000
[18:21:5] send >>>>>>>>>>>>>>>>>>>>>>>>>>>>>>> 1 message 57 size 112
[18:21:5] recv  55 <<<<<<<<<<<<<<<<<<<<<<<<<<<<<<< 1
[18:21:5] userbet 14317  在1 下了 1000,累计下注 16000
[18:21:5] broad >>>>>>>>>>>>>>>>>>>>>>>>>>>>>>> message 56 size 6
[18:21:5] 区域 0  总下注9000
[18:21:5] 区域 1  总下注7000
[18:21:5] 区域 2  总下注0
[18:21:5] 区域 3  总下注0
[18:21:5] 区域 4  总下注0
[18:21:5] 区域 5  总下注0
[18:21:5] send >>>>>>>>>>>>>>>>>>>>>>>>>>>>>>> 0 message 57 size 112
[18:21:5] 玩家14317在区域 0  总下注9000
[18:21:5] 玩家14317在区域 1  总下注7000
[18:21:5] 玩家14317在区域 2  总下注0
[18:21:5] 玩家14317在区域 3  总下注0
[18:21:5] 玩家14317在区域 4  总下注0
[18:21:5] 玩家14317在区域 5  总下注0
[18:21:5] 玩家14317 总下注16000
[18:21:5] send >>>>>>>>>>>>>>>>>>>>>>>>>>>>>>> 1 message 57 size 112
[18:21:5] recv  55 <<<<<<<<<<<<<<<<<<<<<<<<<<<<<<< 1
[18:21:5] userbet 14317  在1 下了 1000,累计下注 17000
[18:21:5] broad >>>>>>>>>>>>>>>>>>>>>>>>>>>>>>> message 56 size 6
[18:21:5] 区域 0  总下注9000
[18:21:5] 区域 1  总下注8000
[18:21:5] 区域 2  总下注0
[18:21:5] 区域 3  总下注0
[18:21:5] 区域 4  总下注0
[18:21:5] 区域 5  总下注0
[18:21:5] send >>>>>>>>>>>>>>>>>>>>>>>>>>>>>>> 0 message 57 size 112
[18:21:5] 玩家14317在区域 0  总下注9000
[18:21:5] 玩家14317在区域 1  总下注8000
[18:21:5] 玩家14317在区域 2  总下注0
[18:21:5] 玩家14317在区域 3  总下注0
[18:21:5] 玩家14317在区域 4  总下注0
[18:21:5] 玩家14317在区域 5  总下注0
[18:21:5] 玩家14317 总下注17000
[18:21:5] send >>>>>>>>>>>>>>>>>>>>>>>>>>>>>>> 1 message 57 size 112
[18:21:6] card 0 4,3,   type 0   point 4
[18:21:6] card 1 2,5,   type 0   point 4
[18:21:6] card 2 4,d,   type 0   point 8
[18:21:6] card 3 0,5,   type 0   point 8
[18:21:6] broad >>>>>>>>>>>>>>>>>>>>>>>>>>>>>>> message 52 size 16
[18:21:21] 区域 0 结算 -9000
[18:21:21] 区域 1 结算 -8000
[18:21:21] 区域 2 结算 0
[18:21:21] 区域 3 结算 0
[18:21:21] 区域 4 结算 0
[18:21:21] 区域 5 结算 0
[18:21:21] 玩家0[17285]  结算 17000
[18:21:21] 玩家1[14317]  结算 -17000
[18:21:21] broad >>>>>>>>>>>>>>>>>>>>>>>>>>>>>>> message 58 size 86
[18:21:23] 玩家0[17285]  结算 17000, 分数 17000, 总分数 0
[18:21:23] 玩家1[14317]  结算 -17000, 分数 -17000, 总分数 0
[18:21:23] ******************游戏结束********************************



[18:21:26] broad >>>>>>>>>>>>>>>>>>>>>>>>>>>>>>> message 72 size 4
[18:21:27] 1:14317 ready
[18:21:31] 1:14317 leave
[18:21:35] 0:17285 leave
