[14:3:24] 0:22377 sit
[14:3:25] 0:22377 onGetState
[14:3:25] send >>>>>>>>>>>>>>>>>>>>>>>>>>>>>>> 0 message 72 size 4
[14:3:25] 游戏局数 0,总局数 4
[14:3:25] broad >>>>>>>>>>>>>>>>>>>>>>>>>>>>>>> message 71 size 8
[14:3:27] 0:22377 ready
[14:3:39] 1:22387 sit
[14:3:40] 1:22387 onGetState
[14:3:40] send >>>>>>>>>>>>>>>>>>>>>>>>>>>>>>> 1 message 72 size 4
[14:3:40] 游戏局数 0,总局数 4
[14:3:40] broad >>>>>>>>>>>>>>>>>>>>>>>>>>>>>>> message 71 size 8
[14:3:42] 1:22387 ready
[14:3:42] *****************游戏开始***************
[14:3:42] [0][22377]连庄局数 1,总局数1
[14:3:42] [1][22387]连庄局数 0,总局数1
[14:3:42] 通知 庄家 0 坐庄次数 1
[14:3:42] broad >>>>>>>>>>>>>>>>>>>>>>>>>>>>>>> message 69 size 1
[14:3:42] 游戏局数 1,总局数 4
[14:3:42] broad >>>>>>>>>>>>>>>>>>>>>>>>>>>>>>> message 71 size 8
[14:3:42] broad >>>>>>>>>>>>>>>>>>>>>>>>>>>>>>> message 51 size 0
[14:3:49] recv  55 <<<<<<<<<<<<<<<<<<<<<<<<<<<<<<< 1
[14:3:49] userbet 22387  在0 下了 10,累计下注 10
[14:3:49] broad >>>>>>>>>>>>>>>>>>>>>>>>>>>>>>> message 56 size 6
[14:3:49] 区域 0  总下注10
[14:3:49] 区域 1  总下注0
[14:3:49] 区域 2  总下注0
[14:3:49] 区域 3  总下注0
[14:3:49] 区域 4  总下注0
[14:3:49] 区域 5  总下注0
[14:3:49] send >>>>>>>>>>>>>>>>>>>>>>>>>>>>>>> 0 message 57 size 112
[14:3:49] 玩家22387在区域 0  总下注10
[14:3:49] 玩家22387在区域 1  总下注0
[14:3:49] 玩家22387在区域 2  总下注0
[14:3:49] 玩家22387在区域 3  总下注0
[14:3:49] 玩家22387在区域 4  总下注0
[14:3:49] 玩家22387在区域 5  总下注0
[14:3:49] 玩家22387 总下注10
[14:3:49] send >>>>>>>>>>>>>>>>>>>>>>>>>>>>>>> 1 message 57 size 112
[14:3:51] recv  55 <<<<<<<<<<<<<<<<<<<<<<<<<<<<<<< 1
[14:3:51] userbet 22387  在0 下了 10,累计下注 20
[14:3:51] broad >>>>>>>>>>>>>>>>>>>>>>>>>>>>>>> message 56 size 6
[14:3:51] 区域 0  总下注20
[14:3:51] 区域 1  总下注0
[14:3:51] 区域 2  总下注0
[14:3:51] 区域 3  总下注0
[14:3:51] 区域 4  总下注0
[14:3:51] 区域 5  总下注0
[14:3:51] send >>>>>>>>>>>>>>>>>>>>>>>>>>>>>>> 0 message 57 size 112
[14:3:51] 玩家22387在区域 0  总下注20
[14:3:51] 玩家22387在区域 1  总下注0
[14:3:51] 玩家22387在区域 2  总下注0
[14:3:51] 玩家22387在区域 3  总下注0
[14:3:51] 玩家22387在区域 4  总下注0
[14:3:51] 玩家22387在区域 5  总下注0
[14:3:51] 玩家22387 总下注20
[14:3:51] send >>>>>>>>>>>>>>>>>>>>>>>>>>>>>>> 1 message 57 size 112
[14:3:52] card 0 3,8,   type 0   point 4
[14:3:52] card 1 2,6,   type 0   point 2
[14:3:52] card 2 7,c,   type 0   point 0
[14:3:52] card 3 1,4,   type 0   point 2
[14:3:52] broad >>>>>>>>>>>>>>>>>>>>>>>>>>>>>>> message 52 size 16
[14:4:7] 区域 0 结算 20
[14:4:7] 区域 1 结算 0
[14:4:7] 区域 2 结算 0
[14:4:7] 区域 3 结算 0
[14:4:7] 区域 4 结算 0
[14:4:7] 区域 5 结算 0
[14:4:7] 玩家0[22377]  结算 -20
[14:4:7] 玩家1[22387]  结算 20
[14:4:7] broad >>>>>>>>>>>>>>>>>>>>>>>>>>>>>>> message 58 size 86
[14:4:9] 玩家0[22377]  结算 -20, 分数 -20, 总分数 0
[14:4:9] 玩家1[22387]  结算 20, 分数 20, 总分数 0
[14:4:9] ******************游戏结束********************************



[14:4:12] broad >>>>>>>>>>>>>>>>>>>>>>>>>>>>>>> message 72 size 4
[14:4:12] 0:22377 leave
[14:4:14] 1:22387 ready
[14:4:20] 1:22387 leave
[14:42:22] 0:21163 sit
[14:42:23] 0:21163 onGetState
[14:42:23] send >>>>>>>>>>>>>>>>>>>>>>>>>>>>>>> 0 message 72 size 4
[14:42:23] 游戏局数 0,总局数 4
[14:42:23] broad >>>>>>>>>>>>>>>>>>>>>>>>>>>>>>> message 71 size 8
[14:42:24] 0:21163 ready
[14:42:47] 0:21163 leave
