[14:21:57] 0:19652 sit
[14:21:57] 0:19652 onGetState
[14:21:57] send >>>>>>>>>>>>>>>>>>>>>>>>>>>>>>> 0 message 72 size 4
[14:21:57] 游戏局数 0,总局数 4
[14:21:57] broad >>>>>>>>>>>>>>>>>>>>>>>>>>>>>>> message 71 size 8
[14:22:0] 0:19652 ready
[14:22:21] 0:19652 leave
[14:22:22] 0:19652 sit
[14:22:23] 0:19652 onGetState
[14:22:23] send >>>>>>>>>>>>>>>>>>>>>>>>>>>>>>> 0 message 72 size 4
[14:22:23] 游戏局数 0,总局数 4
[14:22:23] broad >>>>>>>>>>>>>>>>>>>>>>>>>>>>>>> message 71 size 8
[14:22:29] 0:19652 ready
[14:22:38] 0:19652 leave
[14:40:31] 0:19792 sit
[14:40:32] 0:19792 onGetState
[14:40:32] send >>>>>>>>>>>>>>>>>>>>>>>>>>>>>>> 0 message 72 size 4
[14:40:32] 游戏局数 0,总局数 4
[14:40:32] broad >>>>>>>>>>>>>>>>>>>>>>>>>>>>>>> message 71 size 8
[14:40:47] 0:19792 leave
