[15:53:53] 0:20966 sit
[15:53:54] 0:20966 onGetState
[15:53:54] send >>>>>>>>>>>>>>>>>>>>>>>>>>>>>>> 0 message 72 size 4
[15:53:54] 游戏局数 0,总局数 4
[15:53:54] broad >>>>>>>>>>>>>>>>>>>>>>>>>>>>>>> message 71 size 8
[15:53:57] 0:20966 ready
[15:54:4] 1:20963 sit
[15:54:5] 1:20963 onGetState
[15:54:5] send >>>>>>>>>>>>>>>>>>>>>>>>>>>>>>> 1 message 72 size 4
[15:54:5] 游戏局数 0,总局数 4
[15:54:5] broad >>>>>>>>>>>>>>>>>>>>>>>>>>>>>>> message 71 size 8
[15:54:6] 1:20963 ready
[15:54:6] *****************游戏开始***************
[15:54:6] [0][20966]连庄局数 1,总局数1
[15:54:6] [1][20963]连庄局数 0,总局数1
[15:54:6] 通知 庄家 0 坐庄次数 1
[15:54:6] broad >>>>>>>>>>>>>>>>>>>>>>>>>>>>>>> message 69 size 1
[15:54:6] 游戏局数 1,总局数 4
[15:54:6] broad >>>>>>>>>>>>>>>>>>>>>>>>>>>>>>> message 71 size 8
[15:54:6] broad >>>>>>>>>>>>>>>>>>>>>>>>>>>>>>> message 51 size 0
[15:54:16] card 0 4,f,   type 0   point 7
[15:54:16] card 1 3,e,   type 0   point 2
[15:54:16] card 2 7,8,   type 0   point 1
[15:54:16] card 3 13,10,   type 0   point 2
[15:54:16] broad >>>>>>>>>>>>>>>>>>>>>>>>>>>>>>> message 52 size 16
[15:54:31] 区域 0 结算 0
[15:54:31] 区域 1 结算 0
[15:54:31] 区域 2 结算 0
[15:54:31] 区域 3 结算 0
[15:54:31] 区域 4 结算 0
[15:54:31] 区域 5 结算 0
[15:54:31] 玩家0[20966]  结算 0
[15:54:31] 玩家1[20963]  结算 0
[15:54:31] broad >>>>>>>>>>>>>>>>>>>>>>>>>>>>>>> message 58 size 86
[15:54:33] 玩家0[20966]  结算 0, 分数 0, 总分数 0
[15:54:33] 玩家1[20963]  结算 0, 分数 0, 总分数 0
[15:54:33] ******************游戏结束********************************



[15:54:36] broad >>>>>>>>>>>>>>>>>>>>>>>>>>>>>>> message 72 size 4
[15:54:42] 1:20963 ready
[15:54:45] 0:20966 ready
[15:54:45] *****************游戏开始***************
[15:54:45] [0][20966]连庄局数 1,总局数2
[15:54:45] [1][20963]连庄局数 1,总局数2
[15:54:45] 通知 庄家 1 坐庄次数 1
[15:54:45] broad >>>>>>>>>>>>>>>>>>>>>>>>>>>>>>> message 69 size 1
[15:54:45] 游戏局数 2,总局数 4
[15:54:45] broad >>>>>>>>>>>>>>>>>>>>>>>>>>>>>>> message 71 size 8
[15:54:45] broad >>>>>>>>>>>>>>>>>>>>>>>>>>>>>>> message 51 size 0
[15:54:55] card 0 7,11,   type 0   point 7
[15:54:55] card 1 9,4,   type 0   point 7
[15:54:55] card 2 0,6,   type 0   point 6
[15:54:55] card 3 d,2,   type 0   point 6
[15:54:55] broad >>>>>>>>>>>>>>>>>>>>>>>>>>>>>>> message 52 size 16
[15:55:10] 区域 0 结算 0
[15:55:10] 区域 1 结算 0
[15:55:10] 区域 2 结算 0
[15:55:10] 区域 3 结算 0
[15:55:10] 区域 4 结算 0
[15:55:10] 区域 5 结算 0
[15:55:10] 玩家0[20966]  结算 0
[15:55:10] 玩家1[20963]  结算 0
[15:55:10] broad >>>>>>>>>>>>>>>>>>>>>>>>>>>>>>> message 58 size 86
[15:55:11] 玩家0[20966]  结算 0, 分数 0, 总分数 0
[15:55:11] 玩家1[20963]  结算 0, 分数 0, 总分数 0
[15:55:11] ******************游戏结束********************************



[15:55:15] broad >>>>>>>>>>>>>>>>>>>>>>>>>>>>>>> message 72 size 4
[15:55:17] 0:20966 ready
[15:55:18] 1:20963 ready
[15:55:18] *****************游戏开始***************
[15:55:18] [0][20966]连庄局数 2,总局数3
[15:55:18] [1][20963]连庄局数 1,总局数3
[15:55:18] 通知 庄家 0 坐庄次数 2
[15:55:18] broad >>>>>>>>>>>>>>>>>>>>>>>>>>>>>>> message 69 size 1
[15:55:18] 游戏局数 3,总局数 4
[15:55:18] broad >>>>>>>>>>>>>>>>>>>>>>>>>>>>>>> message 71 size 8
[15:55:18] broad >>>>>>>>>>>>>>>>>>>>>>>>>>>>>>> message 51 size 0
[15:55:28] card 0 5,5,   type 23   point 2
[15:55:28] card 1 3,4,   type 0   point 4
[15:55:28] card 2 8,9,   type 0   point 7
[15:55:28] card 3 8,12,   type 0   point 5
[15:55:28] broad >>>>>>>>>>>>>>>>>>>>>>>>>>>>>>> message 52 size 16
[15:55:43] 区域 0 结算 0
[15:55:43] 区域 1 结算 0
[15:55:43] 区域 2 结算 0
[15:55:43] 区域 3 结算 0
[15:55:43] 区域 4 结算 0
[15:55:43] 区域 5 结算 0
[15:55:43] 玩家0[20966]  结算 0
[15:55:43] 玩家1[20963]  结算 0
[15:55:43] broad >>>>>>>>>>>>>>>>>>>>>>>>>>>>>>> message 58 size 86
[15:55:45] 玩家0[20966]  结算 0, 分数 0, 总分数 0
[15:55:45] 玩家1[20963]  结算 0, 分数 0, 总分数 0
[15:55:45] ******************游戏结束********************************



[15:55:48] broad >>>>>>>>>>>>>>>>>>>>>>>>>>>>>>> message 72 size 4
[15:56:3] 0:20966 leave
[15:56:3] 1:20963 leave
[15:56:9] 0:20963 sit
[15:56:10] 0:20963 onGetState
[15:56:10] send >>>>>>>>>>>>>>>>>>>>>>>>>>>>>>> 0 message 72 size 4
[15:56:10] 游戏局数 0,总局数 4
[15:56:10] broad >>>>>>>>>>>>>>>>>>>>>>>>>>>>>>> message 71 size 8
[15:56:11] 1:20966 sit
[15:56:12] 1:20966 onGetState
[15:56:12] send >>>>>>>>>>>>>>>>>>>>>>>>>>>>>>> 1 message 72 size 4
[15:56:12] 游戏局数 0,总局数 4
[15:56:12] broad >>>>>>>>>>>>>>>>>>>>>>>>>>>>>>> message 71 size 8
[15:56:16] 1:20966 ready
[15:56:17] 0:20963 ready
[15:56:17] *****************游戏开始***************
[15:56:17] [0][20963]连庄局数 1,总局数1
[15:56:17] [1][20966]连庄局数 0,总局数1
[15:56:17] 通知 庄家 0 坐庄次数 1
[15:56:17] broad >>>>>>>>>>>>>>>>>>>>>>>>>>>>>>> message 69 size 1
[15:56:17] 游戏局数 1,总局数 4
[15:56:17] broad >>>>>>>>>>>>>>>>>>>>>>>>>>>>>>> message 71 size 8
[15:56:17] broad >>>>>>>>>>>>>>>>>>>>>>>>>>>>>>> message 51 size 0
[15:56:27] card 0 8,2,   type 0   point 8
[15:56:27] card 1 e,13,   type 0   point 3
[15:56:27] card 2 6,c,   type 0   point 3
[15:56:27] card 3 0,11,   type 0   point 8
[15:56:27] broad >>>>>>>>>>>>>>>>>>>>>>>>>>>>>>> message 52 size 16
[15:56:42] 区域 0 结算 0
[15:56:42] 区域 1 结算 0
[15:56:42] 区域 2 结算 0
[15:56:42] 区域 3 结算 0
[15:56:42] 区域 4 结算 0
[15:56:42] 区域 5 结算 0
[15:56:42] 玩家0[20963]  结算 0
[15:56:42] 玩家1[20966]  结算 0
[15:56:42] broad >>>>>>>>>>>>>>>>>>>>>>>>>>>>>>> message 58 size 86
[15:56:43] 玩家0[20963]  结算 0, 分数 0, 总分数 0
[15:56:43] 玩家1[20966]  结算 0, 分数 0, 总分数 0
[15:56:43] ******************游戏结束********************************



[15:56:47] broad >>>>>>>>>>>>>>>>>>>>>>>>>>>>>>> message 72 size 4
[15:56:48] 0:20963 ready
[15:56:49] 1:20966 ready
[15:56:49] *****************游戏开始***************
[15:56:49] [0][20963]连庄局数 1,总局数2
[15:56:49] [1][20966]连庄局数 1,总局数2
[15:56:49] 通知 庄家 1 坐庄次数 1
[15:56:49] broad >>>>>>>>>>>>>>>>>>>>>>>>>>>>>>> message 69 size 1
[15:56:49] 游戏局数 2,总局数 4
[15:56:49] broad >>>>>>>>>>>>>>>>>>>>>>>>>>>>>>> message 71 size 8
[15:56:49] broad >>>>>>>>>>>>>>>>>>>>>>>>>>>>>>> message 51 size 0
[15:56:59] card 0 c,7,   type 0   point 0
[15:56:59] card 1 3,d,   type 0   point 2
[15:56:59] card 2 e,7,   type 0   point 9
[15:56:59] card 3 2,9,   type 0   point 5
[15:56:59] broad >>>>>>>>>>>>>>>>>>>>>>>>>>>>>>> message 52 size 16
[15:57:14] 区域 0 结算 0
[15:57:14] 区域 1 结算 0
[15:57:14] 区域 2 结算 0
[15:57:14] 区域 3 结算 0
[15:57:14] 区域 4 结算 0
[15:57:14] 区域 5 结算 0
[15:57:14] 玩家0[20963]  结算 0
[15:57:14] 玩家1[20966]  结算 0
[15:57:14] broad >>>>>>>>>>>>>>>>>>>>>>>>>>>>>>> message 58 size 86
[15:57:16] 玩家0[20963]  结算 0, 分数 0, 总分数 0
[15:57:16] 玩家1[20966]  结算 0, 分数 0, 总分数 0
[15:57:16] ******************游戏结束********************************



[15:57:19] broad >>>>>>>>>>>>>>>>>>>>>>>>>>>>>>> message 72 size 4
[15:57:23] 0:20963 ready
[15:57:24] 1:20966 ready
[15:57:24] *****************游戏开始***************
[15:57:24] [0][20963]连庄局数 2,总局数3
[15:57:24] [1][20966]连庄局数 1,总局数3
[15:57:24] 通知 庄家 0 坐庄次数 2
[15:57:24] broad >>>>>>>>>>>>>>>>>>>>>>>>>>>>>>> message 69 size 1
[15:57:24] 游戏局数 3,总局数 4
[15:57:24] broad >>>>>>>>>>>>>>>>>>>>>>>>>>>>>>> message 71 size 8
[15:57:24] broad >>>>>>>>>>>>>>>>>>>>>>>>>>>>>>> message 51 size 0
[15:57:34] card 0 1,1,   type 27   point 4
[15:57:34] card 1 8,0,   type 0   point 2
[15:57:34] card 2 f,2,   type 0   point 5
[15:57:34] card 3 2,8,   type 0   point 8
[15:57:34] broad >>>>>>>>>>>>>>>>>>>>>>>>>>>>>>> message 52 size 16
[15:57:49] 区域 0 结算 0
[15:57:49] 区域 1 结算 0
[15:57:49] 区域 2 结算 0
[15:57:49] 区域 3 结算 0
[15:57:49] 区域 4 结算 0
[15:57:49] 区域 5 结算 0
[15:57:49] 玩家0[20963]  结算 0
[15:57:49] 玩家1[20966]  结算 0
[15:57:49] broad >>>>>>>>>>>>>>>>>>>>>>>>>>>>>>> message 58 size 86
[15:57:51] 玩家0[20963]  结算 0, 分数 0, 总分数 0
[15:57:51] 玩家1[20966]  结算 0, 分数 0, 总分数 0
[15:57:51] ******************游戏结束********************************



[15:57:54] broad >>>>>>>>>>>>>>>>>>>>>>>>>>>>>>> message 72 size 4
[15:57:56] 0:20963 ready
[15:57:57] 1:20966 ready
[15:57:57] *****************游戏开始***************
[15:57:57] [0][20963]连庄局数 2,总局数4
[15:57:57] [1][20966]连庄局数 2,总局数4
[15:57:57] 通知 庄家 1 坐庄次数 2
[15:57:57] broad >>>>>>>>>>>>>>>>>>>>>>>>>>>>>>> message 69 size 1
[15:57:57] 游戏局数 4,总局数 4
[15:57:57] broad >>>>>>>>>>>>>>>>>>>>>>>>>>>>>>> message 71 size 8
[15:57:57] broad >>>>>>>>>>>>>>>>>>>>>>>>>>>>>>> message 51 size 0
[15:58:4] recv  55 <<<<<<<<<<<<<<<<<<<<<<<<<<<<<<< 0
[15:58:4] userbet 20963  在4 下了 100,累计下注 100
[15:58:4] broad >>>>>>>>>>>>>>>>>>>>>>>>>>>>>>> message 56 size 6
[15:58:4] 区域 0  总下注0
[15:58:4] 区域 1  总下注0
[15:58:4] 区域 2  总下注0
[15:58:4] 区域 3  总下注0
[15:58:4] 区域 4  总下注100
[15:58:4] 区域 5  总下注0
[15:58:4] 玩家20963在区域 0  总下注0
[15:58:4] 玩家20963在区域 1  总下注0
[15:58:4] 玩家20963在区域 2  总下注0
[15:58:4] 玩家20963在区域 3  总下注0
[15:58:4] 玩家20963在区域 4  总下注100
[15:58:4] 玩家20963在区域 5  总下注0
[15:58:4] 玩家20963 总下注100
[15:58:4] send >>>>>>>>>>>>>>>>>>>>>>>>>>>>>>> 0 message 57 size 112
[15:58:4] send >>>>>>>>>>>>>>>>>>>>>>>>>>>>>>> 1 message 57 size 112
[15:58:4] recv  55 <<<<<<<<<<<<<<<<<<<<<<<<<<<<<<< 0
[15:58:4] userbet 20963  在2 下了 100,累计下注 200
[15:58:4] broad >>>>>>>>>>>>>>>>>>>>>>>>>>>>>>> message 56 size 6
[15:58:4] 区域 0  总下注0
[15:58:4] 区域 1  总下注0
[15:58:4] 区域 2  总下注100
[15:58:4] 区域 3  总下注0
[15:58:4] 区域 4  总下注100
[15:58:4] 区域 5  总下注0
[15:58:4] 玩家20963在区域 0  总下注0
[15:58:4] 玩家20963在区域 1  总下注0
[15:58:4] 玩家20963在区域 2  总下注100
[15:58:4] 玩家20963在区域 3  总下注0
[15:58:4] 玩家20963在区域 4  总下注100
[15:58:4] 玩家20963在区域 5  总下注0
[15:58:4] 玩家20963 总下注200
[15:58:4] send >>>>>>>>>>>>>>>>>>>>>>>>>>>>>>> 0 message 57 size 112
[15:58:4] send >>>>>>>>>>>>>>>>>>>>>>>>>>>>>>> 1 message 57 size 112
[15:58:6] recv  55 <<<<<<<<<<<<<<<<<<<<<<<<<<<<<<< 0
[15:58:6] userbet 20963  在4 下了 100,累计下注 300
[15:58:6] broad >>>>>>>>>>>>>>>>>>>>>>>>>>>>>>> message 56 size 6
[15:58:6] 区域 0  总下注0
[15:58:6] 区域 1  总下注0
[15:58:6] 区域 2  总下注100
[15:58:6] 区域 3  总下注0
[15:58:6] 区域 4  总下注200
[15:58:6] 区域 5  总下注0
[15:58:6] 玩家20963在区域 0  总下注0
[15:58:6] 玩家20963在区域 1  总下注0
[15:58:6] 玩家20963在区域 2  总下注100
[15:58:6] 玩家20963在区域 3  总下注0
[15:58:6] 玩家20963在区域 4  总下注200
[15:58:6] 玩家20963在区域 5  总下注0
[15:58:6] 玩家20963 总下注300
[15:58:6] send >>>>>>>>>>>>>>>>>>>>>>>>>>>>>>> 0 message 57 size 112
[15:58:6] send >>>>>>>>>>>>>>>>>>>>>>>>>>>>>>> 1 message 57 size 112
[15:58:6] recv  55 <<<<<<<<<<<<<<<<<<<<<<<<<<<<<<< 0
[15:58:6] userbet 20963  在4 下了 100,累计下注 400
[15:58:6] broad >>>>>>>>>>>>>>>>>>>>>>>>>>>>>>> message 56 size 6
[15:58:6] 区域 0  总下注0
[15:58:6] 区域 1  总下注0
[15:58:6] 区域 2  总下注100
[15:58:6] 区域 3  总下注0
[15:58:6] 区域 4  总下注300
[15:58:6] 区域 5  总下注0
[15:58:6] 玩家20963在区域 0  总下注0
[15:58:6] 玩家20963在区域 1  总下注0
[15:58:6] 玩家20963在区域 2  总下注100
[15:58:6] 玩家20963在区域 3  总下注0
[15:58:6] 玩家20963在区域 4  总下注300
[15:58:6] 玩家20963在区域 5  总下注0
[15:58:6] 玩家20963 总下注400
[15:58:6] send >>>>>>>>>>>>>>>>>>>>>>>>>>>>>>> 0 message 57 size 112
[15:58:6] send >>>>>>>>>>>>>>>>>>>>>>>>>>>>>>> 1 message 57 size 112
[15:58:6] recv  55 <<<<<<<<<<<<<<<<<<<<<<<<<<<<<<< 0
[15:58:6] userbet 20963  在5 下了 100,累计下注 500
[15:58:6] broad >>>>>>>>>>>>>>>>>>>>>>>>>>>>>>> message 56 size 6
[15:58:6] 区域 0  总下注0
[15:58:6] 区域 1  总下注0
[15:58:6] 区域 2  总下注100
[15:58:6] 区域 3  总下注0
[15:58:6] 区域 4  总下注300
[15:58:6] 区域 5  总下注100
[15:58:6] 玩家20963在区域 0  总下注0
[15:58:6] 玩家20963在区域 1  总下注0
[15:58:6] 玩家20963在区域 2  总下注100
[15:58:6] 玩家20963在区域 3  总下注0
[15:58:6] 玩家20963在区域 4  总下注300
[15:58:6] 玩家20963在区域 5  总下注100
[15:58:6] 玩家20963 总下注500
[15:58:6] send >>>>>>>>>>>>>>>>>>>>>>>>>>>>>>> 0 message 57 size 112
[15:58:6] send >>>>>>>>>>>>>>>>>>>>>>>>>>>>>>> 1 message 57 size 112
[15:58:6] recv  55 <<<<<<<<<<<<<<<<<<<<<<<<<<<<<<< 0
[15:58:6] userbet 20963  在5 下了 100,累计下注 600
[15:58:6] broad >>>>>>>>>>>>>>>>>>>>>>>>>>>>>>> message 56 size 6
[15:58:6] 区域 0  总下注0
[15:58:6] 区域 1  总下注0
[15:58:6] 区域 2  总下注100
[15:58:6] 区域 3  总下注0
[15:58:6] 区域 4  总下注300
[15:58:6] 区域 5  总下注200
[15:58:6] 玩家20963在区域 0  总下注0
[15:58:6] 玩家20963在区域 1  总下注0
[15:58:6] 玩家20963在区域 2  总下注100
[15:58:6] 玩家20963在区域 3  总下注0
[15:58:6] 玩家20963在区域 4  总下注300
[15:58:6] 玩家20963在区域 5  总下注200
[15:58:6] 玩家20963 总下注600
[15:58:6] send >>>>>>>>>>>>>>>>>>>>>>>>>>>>>>> 0 message 57 size 112
[15:58:6] send >>>>>>>>>>>>>>>>>>>>>>>>>>>>>>> 1 message 57 size 112
[15:58:7] card 0 5,2,   type 0   point 4
[15:58:7] card 1 0,1,   type 0   point 4
[15:58:7] card 2 8,3,   type 0   point 4
[15:58:7] card 3 9,b,   type 0   point 6
[15:58:7] broad >>>>>>>>>>>>>>>>>>>>>>>>>>>>>>> message 52 size 16
[15:58:22] 区域 0 结算 0
[15:58:22] 区域 1 结算 0
[15:58:22] 区域 2 结算 -100
[15:58:22] 区域 3 结算 0
[15:58:22] 区域 4 结算 -300
[15:58:22] 区域 5 结算 -200
[15:58:22] 玩家0[20963]  结算 -600
[15:58:22] 玩家1[20966]  结算 600
[15:58:22] broad >>>>>>>>>>>>>>>>>>>>>>>>>>>>>>> message 58 size 86
[15:58:24] 玩家0[20963]  结算 -600, 分数 -600, 总分数 0
[15:58:24] 玩家1[20966]  结算 600, 分数 600, 总分数 0
[15:58:24] ******************游戏结束********************************



[15:58:27] broad >>>>>>>>>>>>>>>>>>>>>>>>>>>>>>> message 72 size 4
[15:58:31] 1:20966 ready
[15:58:33] 0:20963 ready
[15:58:33] *****************游戏开始***************
[15:58:33] [0][20963]连庄局数 3,总局数5
[15:58:33] [1][20966]连庄局数 2,总局数5
[15:58:33] 通知 庄家 0 坐庄次数 3
[15:58:33] broad >>>>>>>>>>>>>>>>>>>>>>>>>>>>>>> message 69 size 1
[15:58:33] 游戏局数 5,总局数 4
[15:58:33] broad >>>>>>>>>>>>>>>>>>>>>>>>>>>>>>> message 71 size 8
[15:58:33] broad >>>>>>>>>>>>>>>>>>>>>>>>>>>>>>> message 51 size 0
[15:58:36] recv  55 <<<<<<<<<<<<<<<<<<<<<<<<<<<<<<< 1
[15:58:36] userbet 20966  在1 下了 100,累计下注 100
[15:58:36] broad >>>>>>>>>>>>>>>>>>>>>>>>>>>>>>> message 56 size 6
[15:58:36] 区域 0  总下注0
[15:58:36] 区域 1  总下注100
[15:58:36] 区域 2  总下注0
[15:58:36] 区域 3  总下注0
[15:58:36] 区域 4  总下注0
[15:58:36] 区域 5  总下注0
[15:58:36] send >>>>>>>>>>>>>>>>>>>>>>>>>>>>>>> 0 message 57 size 112
[15:58:36] 玩家20966在区域 0  总下注0
[15:58:36] 玩家20966在区域 1  总下注100
[15:58:36] 玩家20966在区域 2  总下注0
[15:58:36] 玩家20966在区域 3  总下注0
[15:58:36] 玩家20966在区域 4  总下注0
[15:58:36] 玩家20966在区域 5  总下注0
[15:58:36] 玩家20966 总下注100
[15:58:36] send >>>>>>>>>>>>>>>>>>>>>>>>>>>>>>> 1 message 57 size 112
[15:58:37] recv  55 <<<<<<<<<<<<<<<<<<<<<<<<<<<<<<< 1
[15:58:37] userbet 20966  在5 下了 1000,累计下注 1100
[15:58:37] broad >>>>>>>>>>>>>>>>>>>>>>>>>>>>>>> message 56 size 6
[15:58:37] 区域 0  总下注0
[15:58:37] 区域 1  总下注100
[15:58:37] 区域 2  总下注0
[15:58:37] 区域 3  总下注0
[15:58:37] 区域 4  总下注0
[15:58:37] 区域 5  总下注1000
[15:58:37] send >>>>>>>>>>>>>>>>>>>>>>>>>>>>>>> 0 message 57 size 112
[15:58:37] 玩家20966在区域 0  总下注0
[15:58:37] 玩家20966在区域 1  总下注100
[15:58:37] 玩家20966在区域 2  总下注0
[15:58:37] 玩家20966在区域 3  总下注0
[15:58:37] 玩家20966在区域 4  总下注0
[15:58:37] 玩家20966在区域 5  总下注1000
[15:58:37] 玩家20966 总下注1100
[15:58:37] send >>>>>>>>>>>>>>>>>>>>>>>>>>>>>>> 1 message 57 size 112
[15:58:39] recv  55 <<<<<<<<<<<<<<<<<<<<<<<<<<<<<<< 1
[15:58:39] userbet 20966  在0 下了 1000,累计下注 2100
[15:58:39] broad >>>>>>>>>>>>>>>>>>>>>>>>>>>>>>> message 56 size 6
[15:58:39] 区域 0  总下注1000
[15:58:39] 区域 1  总下注100
[15:58:39] 区域 2  总下注0
[15:58:39] 区域 3  总下注0
[15:58:39] 区域 4  总下注0
[15:58:39] 区域 5  总下注1000
[15:58:39] send >>>>>>>>>>>>>>>>>>>>>>>>>>>>>>> 0 message 57 size 112
[15:58:39] 玩家20966在区域 0  总下注1000
[15:58:39] 玩家20966在区域 1  总下注100
[15:58:39] 玩家20966在区域 2  总下注0
[15:58:39] 玩家20966在区域 3  总下注0
[15:58:39] 玩家20966在区域 4  总下注0
[15:58:39] 玩家20966在区域 5  总下注1000
[15:58:39] 玩家20966 总下注2100
[15:58:39] send >>>>>>>>>>>>>>>>>>>>>>>>>>>>>>> 1 message 57 size 112
[15:58:40] recv  55 <<<<<<<<<<<<<<<<<<<<<<<<<<<<<<< 1
[15:58:40] userbet 20966  在3 下了 1000,累计下注 3100
[15:58:40] broad >>>>>>>>>>>>>>>>>>>>>>>>>>>>>>> message 56 size 6
[15:58:40] 区域 0  总下注1000
[15:58:40] 区域 1  总下注100
[15:58:40] 区域 2  总下注0
[15:58:40] 区域 3  总下注1000
[15:58:40] 区域 4  总下注0
[15:58:40] 区域 5  总下注1000
[15:58:40] send >>>>>>>>>>>>>>>>>>>>>>>>>>>>>>> 0 message 57 size 112
[15:58:40] 玩家20966在区域 0  总下注1000
[15:58:40] 玩家20966在区域 1  总下注100
[15:58:40] 玩家20966在区域 2  总下注0
[15:58:40] 玩家20966在区域 3  总下注1000
[15:58:40] 玩家20966在区域 4  总下注0
[15:58:40] 玩家20966在区域 5  总下注1000
[15:58:40] 玩家20966 总下注3100
[15:58:40] send >>>>>>>>>>>>>>>>>>>>>>>>>>>>>>> 1 message 57 size 112
[15:58:41] recv  55 <<<<<<<<<<<<<<<<<<<<<<<<<<<<<<< 1
[15:58:41] userbet 20966  在4 下了 1000,累计下注 4100
[15:58:41] broad >>>>>>>>>>>>>>>>>>>>>>>>>>>>>>> message 56 size 6
[15:58:41] 区域 0  总下注1000
[15:58:41] 区域 1  总下注100
[15:58:41] 区域 2  总下注0
[15:58:41] 区域 3  总下注1000
[15:58:41] 区域 4  总下注1000
[15:58:41] 区域 5  总下注1000
[15:58:41] send >>>>>>>>>>>>>>>>>>>>>>>>>>>>>>> 0 message 57 size 112
[15:58:41] 玩家20966在区域 0  总下注1000
[15:58:41] 玩家20966在区域 1  总下注100
[15:58:41] 玩家20966在区域 2  总下注0
[15:58:41] 玩家20966在区域 3  总下注1000
[15:58:41] 玩家20966在区域 4  总下注1000
[15:58:41] 玩家20966在区域 5  总下注1000
[15:58:41] 玩家20966 总下注4100
[15:58:41] send >>>>>>>>>>>>>>>>>>>>>>>>>>>>>>> 1 message 57 size 112
[15:58:41] recv  55 <<<<<<<<<<<<<<<<<<<<<<<<<<<<<<< 1
[15:58:41] userbet 20966  在2 下了 1000,累计下注 5100
[15:58:41] broad >>>>>>>>>>>>>>>>>>>>>>>>>>>>>>> message 56 size 6
[15:58:41] 区域 0  总下注1000
[15:58:41] 区域 1  总下注100
[15:58:41] 区域 2  总下注1000
[15:58:41] 区域 3  总下注1000
[15:58:41] 区域 4  总下注1000
[15:58:41] 区域 5  总下注1000
[15:58:41] send >>>>>>>>>>>>>>>>>>>>>>>>>>>>>>> 0 message 57 size 112
[15:58:41] 玩家20966在区域 0  总下注1000
[15:58:41] 玩家20966在区域 1  总下注100
[15:58:41] 玩家20966在区域 2  总下注1000
[15:58:41] 玩家20966在区域 3  总下注1000
[15:58:41] 玩家20966在区域 4  总下注1000
[15:58:41] 玩家20966在区域 5  总下注1000
[15:58:41] 玩家20966 总下注5100
[15:58:41] send >>>>>>>>>>>>>>>>>>>>>>>>>>>>>>> 1 message 57 size 112
[15:58:43] card 0 7,1,   type 0   point 3
[15:58:43] card 1 8,0,   type 0   point 2
[15:58:43] card 2 1,5,   type 0   point 8
[15:58:43] card 3 9,3,   type 0   point 1
[15:58:43] broad >>>>>>>>>>>>>>>>>>>>>>>>>>>>>>> message 52 size 16
[15:58:58] 区域 0 结算 1000
[15:58:58] 区域 1 结算 100
[15:58:58] 区域 2 结算 1000
[15:58:58] 区域 3 结算 1000
[15:58:58] 区域 4 结算 1000
[15:58:58] 区域 5 结算 1000
[15:58:58] 玩家0[20963]  结算 -5100
[15:58:58] 玩家1[20966]  结算 5100
[15:58:58] broad >>>>>>>>>>>>>>>>>>>>>>>>>>>>>>> message 58 size 86
[15:59:0] 玩家0[20963]  结算 -5100, 分数 -5100, 总分数 0
[15:59:0] 玩家1[20966]  结算 5100, 分数 5100, 总分数 0
[15:59:0] ******************游戏结束********************************



[15:59:3] broad >>>>>>>>>>>>>>>>>>>>>>>>>>>>>>> message 72 size 4
[15:59:4] 0:20963 ready
[15:59:6] 1:20966 ready
[15:59:6] *****************游戏开始***************
[15:59:6] [0][20963]连庄局数 3,总局数6
[15:59:6] [1][20966]连庄局数 3,总局数6
[15:59:6] 通知 庄家 1 坐庄次数 3
[15:59:6] broad >>>>>>>>>>>>>>>>>>>>>>>>>>>>>>> message 69 size 1
[15:59:6] 游戏局数 6,总局数 4
[15:59:6] broad >>>>>>>>>>>>>>>>>>>>>>>>>>>>>>> message 71 size 8
[15:59:6] broad >>>>>>>>>>>>>>>>>>>>>>>>>>>>>>> message 51 size 0
[15:59:9] recv  55 <<<<<<<<<<<<<<<<<<<<<<<<<<<<<<< 0
[15:59:9] userbet 20963  在5 下了 1000,累计下注 1000
[15:59:9] broad >>>>>>>>>>>>>>>>>>>>>>>>>>>>>>> message 56 size 6
[15:59:9] 区域 0  总下注0
[15:59:9] 区域 1  总下注0
[15:59:9] 区域 2  总下注0
[15:59:9] 区域 3  总下注0
[15:59:9] 区域 4  总下注0
[15:59:9] 区域 5  总下注1000
[15:59:9] 玩家20963在区域 0  总下注0
[15:59:9] 玩家20963在区域 1  总下注0
[15:59:9] 玩家20963在区域 2  总下注0
[15:59:9] 玩家20963在区域 3  总下注0
[15:59:9] 玩家20963在区域 4  总下注0
[15:59:9] 玩家20963在区域 5  总下注1000
[15:59:9] 玩家20963 总下注1000
[15:59:9] send >>>>>>>>>>>>>>>>>>>>>>>>>>>>>>> 0 message 57 size 112
[15:59:9] send >>>>>>>>>>>>>>>>>>>>>>>>>>>>>>> 1 message 57 size 112
[15:59:11] recv  55 <<<<<<<<<<<<<<<<<<<<<<<<<<<<<<< 0
[15:59:11] userbet 20963  在0 下了 1000,累计下注 2000
[15:59:11] broad >>>>>>>>>>>>>>>>>>>>>>>>>>>>>>> message 56 size 6
[15:59:11] 区域 0  总下注1000
[15:59:11] 区域 1  总下注0
[15:59:11] 区域 2  总下注0
[15:59:11] 区域 3  总下注0
[15:59:11] 区域 4  总下注0
[15:59:11] 区域 5  总下注1000
[15:59:11] 玩家20963在区域 0  总下注1000
[15:59:11] 玩家20963在区域 1  总下注0
[15:59:11] 玩家20963在区域 2  总下注0
[15:59:11] 玩家20963在区域 3  总下注0
[15:59:11] 玩家20963在区域 4  总下注0
[15:59:11] 玩家20963在区域 5  总下注1000
[15:59:11] 玩家20963 总下注2000
[15:59:11] send >>>>>>>>>>>>>>>>>>>>>>>>>>>>>>> 0 message 57 size 112
[15:59:11] send >>>>>>>>>>>>>>>>>>>>>>>>>>>>>>> 1 message 57 size 112
[15:59:16] card 0 4,3,   type 0   point 4
[15:59:16] card 1 2,9,   type 0   point 5
[15:59:16] card 2 d,1,   type 10   point 0
[15:59:16] card 3 6,e,   type 0   point 2
[15:59:16] broad >>>>>>>>>>>>>>>>>>>>>>>>>>>>>>> message 52 size 16
[15:59:31] 区域 0 结算 1000
[15:59:31] 区域 1 结算 0
[15:59:31] 区域 2 结算 0
[15:59:31] 区域 3 结算 0
[15:59:31] 区域 4 结算 0
[15:59:31] 区域 5 结算 1000
[15:59:31] 玩家0[20963]  结算 2000
[15:59:31] 玩家1[20966]  结算 -2000
[15:59:31] broad >>>>>>>>>>>>>>>>>>>>>>>>>>>>>>> message 58 size 86
[15:59:32] 玩家0[20963]  结算 2000, 分数 2000, 总分数 0
[15:59:32] 玩家1[20966]  结算 -2000, 分数 -2000, 总分数 0
[15:59:32] ******************游戏结束********************************



[15:59:36] broad >>>>>>>>>>>>>>>>>>>>>>>>>>>>>>> message 72 size 4
[15:59:48] 1:20966 leave
[15:59:51] 0:20963 leave
