[16:44:24] 0:20715 sit
[16:44:24] 0:20715 onGetState
[16:44:24] send >>>>>>>>>>>>>>>>>>>>>>>>>>>>>>> 0 message 72 size 4
[16:44:24] 游戏局数 0,总局数 4
[16:44:24] broad >>>>>>>>>>>>>>>>>>>>>>>>>>>>>>> message 71 size 8
[16:44:29] 0:20715 ready
[16:45:32] 0:20715 leave
[16:46:48] 0:20715 sit
[16:46:48] 0:20715 onGetState
[16:46:48] send >>>>>>>>>>>>>>>>>>>>>>>>>>>>>>> 0 message 72 size 4
[16:46:48] 游戏局数 0,总局数 4
[16:46:48] broad >>>>>>>>>>>>>>>>>>>>>>>>>>>>>>> message 71 size 8
[16:47:3] 0:20715 leave
[16:47:4] 0:20715 sit
[16:47:5] 0:20715 onGetState
[16:47:5] send >>>>>>>>>>>>>>>>>>>>>>>>>>>>>>> 0 message 72 size 4
[16:47:5] 游戏局数 0,总局数 4
[16:47:5] broad >>>>>>>>>>>>>>>>>>>>>>>>>>>>>>> message 71 size 8
[16:47:20] 0:20715 leave
[16:47:30] 0:20715 sit
[16:47:30] 0:20715 onGetState
[16:47:30] send >>>>>>>>>>>>>>>>>>>>>>>>>>>>>>> 0 message 72 size 4
[16:47:30] 游戏局数 0,总局数 4
[16:47:30] broad >>>>>>>>>>>>>>>>>>>>>>>>>>>>>>> message 71 size 8
[16:47:45] 0:20715 leave
[16:47:47] 0:20715 sit
[16:47:48] 0:20715 onGetState
[16:47:48] send >>>>>>>>>>>>>>>>>>>>>>>>>>>>>>> 0 message 72 size 4
[16:47:48] 游戏局数 0,总局数 4
[16:47:48] broad >>>>>>>>>>>>>>>>>>>>>>>>>>>>>>> message 71 size 8
[16:48:2] 0:20715 leave
[16:49:13] 0:20715 sit
[16:49:14] 0:20715 onGetState
[16:49:14] send >>>>>>>>>>>>>>>>>>>>>>>>>>>>>>> 0 message 72 size 4
[16:49:14] 游戏局数 0,总局数 4
[16:49:14] broad >>>>>>>>>>>>>>>>>>>>>>>>>>>>>>> message 71 size 8
[16:49:29] 0:20715 leave
[16:49:44] 0:20715 sit
[16:49:45] 0:20715 onGetState
[16:49:45] send >>>>>>>>>>>>>>>>>>>>>>>>>>>>>>> 0 message 72 size 4
[16:49:45] 游戏局数 0,总局数 4
[16:49:45] broad >>>>>>>>>>>>>>>>>>>>>>>>>>>>>>> message 71 size 8
[16:49:49] 0:20715 ready
[16:54:40] 0:20715 leave
