[14:24:15] 0:18606 sit
[14:24:15] 0:18606 onGetState
[14:24:15] send >>>>>>>>>>>>>>>>>>>>>>>>>>>>>>> 0 message 72 size 4
[14:24:15] 游戏局数 0,总局数 4
[14:24:15] broad >>>>>>>>>>>>>>>>>>>>>>>>>>>>>>> message 71 size 8
[14:24:17] 0:18606 ready
[14:26:52] 0:18606 leave
[14:26:53] 0:18606 sit
[14:26:53] 0:18606 onGetState
[14:26:53] send >>>>>>>>>>>>>>>>>>>>>>>>>>>>>>> 0 message 72 size 4
[14:26:53] 游戏局数 0,总局数 4
[14:26:53] broad >>>>>>>>>>>>>>>>>>>>>>>>>>>>>>> message 71 size 8
[14:27:8] 0:18606 leave
[14:34:46] 0:18606 sit
[14:34:46] 0:18606 onGetState
[14:34:46] send >>>>>>>>>>>>>>>>>>>>>>>>>>>>>>> 0 message 72 size 4
[14:34:46] 游戏局数 0,总局数 4
[14:34:46] broad >>>>>>>>>>>>>>>>>>>>>>>>>>>>>>> message 71 size 8
[14:34:54] 0:18606 ready
[14:35:52] 1:21087 sit
[14:35:53] 1:21087 onGetState
[14:35:53] send >>>>>>>>>>>>>>>>>>>>>>>>>>>>>>> 1 message 72 size 4
[14:35:53] 游戏局数 0,总局数 4
[14:35:53] broad >>>>>>>>>>>>>>>>>>>>>>>>>>>>>>> message 71 size 8
[14:35:56] 1:21087 ready
[14:35:56] *****************游戏开始***************
[14:35:56] [0][18606]连庄局数 1,总局数1
[14:35:56] [1][21087]连庄局数 0,总局数1
[14:35:56] 通知 庄家 0 坐庄次数 1
[14:35:56] broad >>>>>>>>>>>>>>>>>>>>>>>>>>>>>>> message 69 size 1
[14:35:56] 游戏局数 1,总局数 4
[14:35:56] broad >>>>>>>>>>>>>>>>>>>>>>>>>>>>>>> message 71 size 8
[14:35:56] broad >>>>>>>>>>>>>>>>>>>>>>>>>>>>>>> message 51 size 0
[14:36:6] card 0 7,2,   type 0   point 9
[14:36:6] card 1 8,c,   type 0   point 9
[14:36:6] card 2 0,9,   type 0   point 9
[14:36:6] card 3 2,3,   type 0   point 2
[14:36:6] broad >>>>>>>>>>>>>>>>>>>>>>>>>>>>>>> message 52 size 16
[14:36:21] 区域 0 结算 0
[14:36:21] 区域 1 结算 0
[14:36:21] 区域 2 结算 0
[14:36:21] 区域 3 结算 0
[14:36:21] 区域 4 结算 0
[14:36:21] 区域 5 结算 0
[14:36:21] 玩家0[18606]  结算 0
[14:36:21] 玩家1[21087]  结算 0
[14:36:21] broad >>>>>>>>>>>>>>>>>>>>>>>>>>>>>>> message 58 size 86
[14:36:23] 玩家0[18606]  结算 0, 分数 0, 总分数 0
[14:36:23] 玩家1[21087]  结算 0, 分数 0, 总分数 0
[14:36:23] ******************游戏结束********************************



[14:36:26] broad >>>>>>>>>>>>>>>>>>>>>>>>>>>>>>> message 72 size 4
[14:36:27] 1:21087 ready
[14:36:30] 0:18606 ready
[14:36:30] *****************游戏开始***************
[14:36:30] [0][18606]连庄局数 1,总局数2
[14:36:30] [1][21087]连庄局数 1,总局数2
[14:36:30] 通知 庄家 1 坐庄次数 1
[14:36:30] broad >>>>>>>>>>>>>>>>>>>>>>>>>>>>>>> message 69 size 1
[14:36:30] 游戏局数 2,总局数 4
[14:36:30] broad >>>>>>>>>>>>>>>>>>>>>>>>>>>>>>> message 71 size 8
[14:36:30] broad >>>>>>>>>>>>>>>>>>>>>>>>>>>>>>> message 51 size 0
[14:36:40] card 0 4,2,   type 0   point 8
[14:36:40] card 1 d,12,   type 0   point 3
[14:36:40] card 2 7,3,   type 0   point 5
[14:36:40] card 3 e,f,   type 0   point 5
[14:36:40] broad >>>>>>>>>>>>>>>>>>>>>>>>>>>>>>> message 52 size 16
[14:36:55] 区域 0 结算 0
[14:36:55] 区域 1 结算 0
[14:36:55] 区域 2 结算 0
[14:36:55] 区域 3 结算 0
[14:36:55] 区域 4 结算 0
[14:36:55] 区域 5 结算 0
[14:36:55] 玩家0[18606]  结算 0
[14:36:55] 玩家1[21087]  结算 0
[14:36:55] broad >>>>>>>>>>>>>>>>>>>>>>>>>>>>>>> message 58 size 86
[14:36:57] 玩家0[18606]  结算 0, 分数 0, 总分数 0
[14:36:57] 玩家1[21087]  结算 0, 分数 0, 总分数 0
[14:36:57] ******************游戏结束********************************



[14:37:0] broad >>>>>>>>>>>>>>>>>>>>>>>>>>>>>>> message 72 size 4
[14:37:15] 0:18606 leave
[14:37:15] 1:21087 leave
