[17:45:45] 0:17159 sit
[17:45:45] 0:17159 onGetState
[17:45:45] send >>>>>>>>>>>>>>>>>>>>>>>>>>>>>>> 0 message 72 size 4
[17:45:45] 游戏局数 0,总局数 4
[17:45:45] broad >>>>>>>>>>>>>>>>>>>>>>>>>>>>>>> message 71 size 8
[17:45:52] 0:17159 ready
[17:45:53] 1:20587 sit
[17:45:54] 1:20587 onGetState
[17:45:54] send >>>>>>>>>>>>>>>>>>>>>>>>>>>>>>> 1 message 72 size 4
[17:45:54] 游戏局数 0,总局数 4
[17:45:54] broad >>>>>>>>>>>>>>>>>>>>>>>>>>>>>>> message 71 size 8
[17:45:55] 1:20587 ready
[17:45:55] *****************游戏开始***************
[17:45:55] [0][17159]连庄局数 1,总局数1
[17:45:55] [1][20587]连庄局数 0,总局数1
[17:45:55] 通知 庄家 0 坐庄次数 1
[17:45:55] broad >>>>>>>>>>>>>>>>>>>>>>>>>>>>>>> message 69 size 1
[17:45:55] 游戏局数 1,总局数 4
[17:45:55] broad >>>>>>>>>>>>>>>>>>>>>>>>>>>>>>> message 71 size 8
[17:45:55] broad >>>>>>>>>>>>>>>>>>>>>>>>>>>>>>> message 51 size 0
[17:46:5] card 0 7,7,   type 21   point 2
[17:46:5] card 1 8,11,   type 0   point 6
[17:46:5] card 2 9,c,   type 0   point 6
[17:46:5] card 3 5,10,   type 0   point 3
[17:46:5] broad >>>>>>>>>>>>>>>>>>>>>>>>>>>>>>> message 52 size 16
[17:46:20] 区域 0 结算 0
[17:46:20] 区域 1 结算 0
[17:46:20] 区域 2 结算 0
[17:46:20] 区域 3 结算 0
[17:46:20] 区域 4 结算 0
[17:46:20] 区域 5 结算 0
[17:46:20] 玩家0[17159]  结算 0
[17:46:20] 玩家1[20587]  结算 0
[17:46:20] broad >>>>>>>>>>>>>>>>>>>>>>>>>>>>>>> message 58 size 86
[17:46:22] 玩家0[17159]  结算 0, 分数 0, 总分数 0
[17:46:22] 玩家1[20587]  结算 0, 分数 0, 总分数 0
[17:46:22] ******************游戏结束********************************



[17:46:25] broad >>>>>>>>>>>>>>>>>>>>>>>>>>>>>>> message 72 size 4
[17:46:27] 0:17159 ready
[17:46:28] 1:20587 ready
[17:46:28] *****************游戏开始***************
[17:46:28] [0][17159]连庄局数 1,总局数2
[17:46:28] [1][20587]连庄局数 1,总局数2
[17:46:28] 通知 庄家 1 坐庄次数 1
[17:46:28] broad >>>>>>>>>>>>>>>>>>>>>>>>>>>>>>> message 69 size 1
[17:46:28] 游戏局数 2,总局数 4
[17:46:28] broad >>>>>>>>>>>>>>>>>>>>>>>>>>>>>>> message 71 size 8
[17:46:28] broad >>>>>>>>>>>>>>>>>>>>>>>>>>>>>>> message 51 size 0
[17:46:31] recv  55 <<<<<<<<<<<<<<<<<<<<<<<<<<<<<<< 0
[17:46:31] userbet 17159  在2 下了 10,累计下注 10
[17:46:31] broad >>>>>>>>>>>>>>>>>>>>>>>>>>>>>>> message 56 size 6
[17:46:31] 区域 0  总下注0
[17:46:31] 区域 1  总下注0
[17:46:31] 区域 2  总下注10
[17:46:31] 区域 3  总下注0
[17:46:31] 区域 4  总下注0
[17:46:31] 区域 5  总下注0
[17:46:31] 玩家17159在区域 0  总下注0
[17:46:31] 玩家17159在区域 1  总下注0
[17:46:31] 玩家17159在区域 2  总下注10
[17:46:31] 玩家17159在区域 3  总下注0
[17:46:31] 玩家17159在区域 4  总下注0
[17:46:31] 玩家17159在区域 5  总下注0
[17:46:31] 玩家17159 总下注10
[17:46:31] send >>>>>>>>>>>>>>>>>>>>>>>>>>>>>>> 0 message 57 size 112
[17:46:31] send >>>>>>>>>>>>>>>>>>>>>>>>>>>>>>> 1 message 57 size 112
[17:46:32] recv  55 <<<<<<<<<<<<<<<<<<<<<<<<<<<<<<< 0
[17:46:32] userbet 17159  在4 下了 10,累计下注 20
[17:46:32] broad >>>>>>>>>>>>>>>>>>>>>>>>>>>>>>> message 56 size 6
[17:46:32] 区域 0  总下注0
[17:46:32] 区域 1  总下注0
[17:46:32] 区域 2  总下注10
[17:46:32] 区域 3  总下注0
[17:46:32] 区域 4  总下注10
[17:46:32] 区域 5  总下注0
[17:46:32] 玩家17159在区域 0  总下注0
[17:46:32] 玩家17159在区域 1  总下注0
[17:46:32] 玩家17159在区域 2  总下注10
[17:46:32] 玩家17159在区域 3  总下注0
[17:46:32] 玩家17159在区域 4  总下注10
[17:46:32] 玩家17159在区域 5  总下注0
[17:46:32] 玩家17159 总下注20
[17:46:32] send >>>>>>>>>>>>>>>>>>>>>>>>>>>>>>> 0 message 57 size 112
[17:46:32] send >>>>>>>>>>>>>>>>>>>>>>>>>>>>>>> 1 message 57 size 112
[17:46:38] card 0 1,3,   type 0   point 6
[17:46:38] card 1 8,5,   type 0   point 6
[17:46:38] card 2 3,7,   type 0   point 5
[17:46:38] card 3 11,13,   type 0   point 8
[17:46:38] broad >>>>>>>>>>>>>>>>>>>>>>>>>>>>>>> message 52 size 16
[17:46:53] 区域 0 结算 0
[17:46:53] 区域 1 结算 0
[17:46:53] 区域 2 结算 -10
[17:46:53] 区域 3 结算 0
[17:46:53] 区域 4 结算 -10
[17:46:53] 区域 5 结算 0
[17:46:53] 玩家0[17159]  结算 -20
[17:46:53] 玩家1[20587]  结算 20
[17:46:53] broad >>>>>>>>>>>>>>>>>>>>>>>>>>>>>>> message 58 size 86
[17:46:55] 玩家0[17159]  结算 -20, 分数 -20, 总分数 0
[17:46:55] 玩家1[20587]  结算 20, 分数 20, 总分数 0
[17:46:55] ******************游戏结束********************************



[17:46:58] broad >>>>>>>>>>>>>>>>>>>>>>>>>>>>>>> message 72 size 4
[17:47:13] 0:17159 leave
[17:47:13] 1:20587 leave
