[15:10:5] 0:20324 sit
[15:10:5] 0:20324 onGetState
[15:10:5] send >>>>>>>>>>>>>>>>>>>>>>>>>>>>>>> 0 message 72 size 4
[15:10:5] 游戏局数 0,总局数 4
[15:10:5] broad >>>>>>>>>>>>>>>>>>>>>>>>>>>>>>> message 71 size 8
[15:10:9] 0:20324 leave
[15:12:4] 0:20324 sit
[15:12:4] 0:20324 onGetState
[15:12:4] send >>>>>>>>>>>>>>>>>>>>>>>>>>>>>>> 0 message 72 size 4
[15:12:4] 游戏局数 0,总局数 4
[15:12:4] broad >>>>>>>>>>>>>>>>>>>>>>>>>>>>>>> message 71 size 8
[15:12:6] 1:20326 sit
[15:12:7] 1:20326 onGetState
[15:12:7] send >>>>>>>>>>>>>>>>>>>>>>>>>>>>>>> 1 message 72 size 4
[15:12:7] 游戏局数 0,总局数 4
[15:12:7] broad >>>>>>>>>>>>>>>>>>>>>>>>>>>>>>> message 71 size 8
[15:12:7] 0:20324 ready
[15:12:8] 1:20326 ready
[15:12:8] *****************游戏开始***************
[15:12:8] [0][20324]连庄局数 1,总局数1
[15:12:8] [1][20326]连庄局数 0,总局数1
[15:12:8] 通知 庄家 0 坐庄次数 1
[15:12:8] broad >>>>>>>>>>>>>>>>>>>>>>>>>>>>>>> message 69 size 1
[15:12:8] 游戏局数 1,总局数 4
[15:12:8] broad >>>>>>>>>>>>>>>>>>>>>>>>>>>>>>> message 71 size 8
[15:12:8] broad >>>>>>>>>>>>>>>>>>>>>>>>>>>>>>> message 51 size 0
[15:12:19] card 0 0,4,   type 0   point 2
[15:12:19] card 1 6,5,   type 0   point 0
[15:12:19] card 2 13,1,   type 0   point 7
[15:12:19] card 3 0,2,   type 11   point 0
[15:12:19] broad >>>>>>>>>>>>>>>>>>>>>>>>>>>>>>> message 52 size 16
[15:12:34] 区域 0 结算 0
[15:12:34] 区域 1 结算 0
[15:12:34] 区域 2 结算 0
[15:12:34] 区域 3 结算 0
[15:12:34] 区域 4 结算 0
[15:12:34] 区域 5 结算 0
[15:12:34] 玩家0[20324]  结算 0
[15:12:34] 玩家1[20326]  结算 0
[15:12:34] broad >>>>>>>>>>>>>>>>>>>>>>>>>>>>>>> message 58 size 86
[15:12:35] 玩家0[20324]  结算 0, 分数 0, 总分数 0
[15:12:35] 玩家1[20326]  结算 0, 分数 0, 总分数 0
[15:12:35] ******************游戏结束********************************



[15:12:38] 1:20326 leave
[15:12:38] broad >>>>>>>>>>>>>>>>>>>>>>>>>>>>>>> message 72 size 4
[15:12:43] 0:20324 leave
