[14:33:37] 0:22255 sit
[14:33:38] 0:22255 onGetState
[14:33:38] send >>>>>>>>>>>>>>>>>>>>>>>>>>>>>>> 0 message 72 size 4
[14:33:38] 游戏局数 0,总局数 4
[14:33:38] broad >>>>>>>>>>>>>>>>>>>>>>>>>>>>>>> message 71 size 8
[14:33:42] 0:22255 ready
[14:34:22] 0:22255 leave
[14:35:57] 0:22255 sit
[14:35:58] 0:22255 onGetState
[14:35:58] send >>>>>>>>>>>>>>>>>>>>>>>>>>>>>>> 0 message 72 size 4
[14:35:58] 游戏局数 0,总局数 4
[14:35:58] broad >>>>>>>>>>>>>>>>>>>>>>>>>>>>>>> message 71 size 8
[14:36:12] 0:22255 leave
[14:36:16] 0:22255 sit
[14:36:17] 0:22255 onGetState
[14:36:17] send >>>>>>>>>>>>>>>>>>>>>>>>>>>>>>> 0 message 72 size 4
[14:36:17] 游戏局数 0,总局数 4
[14:36:17] broad >>>>>>>>>>>>>>>>>>>>>>>>>>>>>>> message 71 size 8
[14:36:32] 0:22255 leave
[14:36:35] 0:22255 sit
[14:36:36] 0:22255 onGetState
[14:36:36] send >>>>>>>>>>>>>>>>>>>>>>>>>>>>>>> 0 message 72 size 4
[14:36:36] 游戏局数 0,总局数 4
[14:36:36] broad >>>>>>>>>>>>>>>>>>>>>>>>>>>>>>> message 71 size 8
[14:36:41] 0:22255 ready
[14:37:32] 0:22255 leave
[14:58:59] 0:17690 sit
[14:58:59] 0:17690 onGetState
[14:58:59] send >>>>>>>>>>>>>>>>>>>>>>>>>>>>>>> 0 message 72 size 4
[14:58:59] 游戏局数 0,总局数 4
[14:58:59] broad >>>>>>>>>>>>>>>>>>>>>>>>>>>>>>> message 71 size 8
[14:59:4] 0:17690 ready
