[14:33:23] 0:10454 sit
[14:33:24] 0:10454 onGetState
[14:33:24] send >>>>>>>>>>>>>>>>>>>>>>>>>>>>>>> 0 message 72 size 4
[14:33:24] 游戏局数 0,总局数 4
[14:33:24] broad >>>>>>>>>>>>>>>>>>>>>>>>>>>>>>> message 71 size 8
[14:33:32] 0:10454 leave
[14:38:20] 0:21730 sit
[14:38:21] 0:21730 onGetState
[14:38:21] send >>>>>>>>>>>>>>>>>>>>>>>>>>>>>>> 0 message 72 size 4
[14:38:21] 游戏局数 0,总局数 4
[14:38:21] broad >>>>>>>>>>>>>>>>>>>>>>>>>>>>>>> message 71 size 8
[14:38:27] 0:21730 ready
[14:39:31] 0:21730 leave
[14:43:4] 0:21730 sit
[14:43:4] 0:21730 onGetState
[14:43:4] send >>>>>>>>>>>>>>>>>>>>>>>>>>>>>>> 0 message 72 size 4
[14:43:4] 游戏局数 0,总局数 4
[14:43:4] broad >>>>>>>>>>>>>>>>>>>>>>>>>>>>>>> message 71 size 8
[14:43:6] 0:21730 ready
[14:44:3] 0:21730 leave
[14:44:5] 0:21730 sit
[14:44:5] 0:21730 onGetState
[14:44:5] send >>>>>>>>>>>>>>>>>>>>>>>>>>>>>>> 0 message 72 size 4
[14:44:5] 游戏局数 0,总局数 4
[14:44:5] broad >>>>>>>>>>>>>>>>>>>>>>>>>>>>>>> message 71 size 8
[14:44:8] 0:21730 ready
[14:44:30] 1:10454 sit
[14:44:31] 1:10454 onGetState
[14:44:31] send >>>>>>>>>>>>>>>>>>>>>>>>>>>>>>> 1 message 72 size 4
[14:44:31] 游戏局数 0,总局数 4
[14:44:31] broad >>>>>>>>>>>>>>>>>>>>>>>>>>>>>>> message 71 size 8
[14:44:33] 2:19913 sit
[14:44:33] 2:19913 onGetState
[14:44:33] send >>>>>>>>>>>>>>>>>>>>>>>>>>>>>>> 2 message 72 size 4
[14:44:33] 游戏局数 0,总局数 4
[14:44:33] broad >>>>>>>>>>>>>>>>>>>>>>>>>>>>>>> message 71 size 8
[14:44:33] 1:10454 ready
[14:44:34] 2:19913 ready
[14:44:34] *****************游戏开始***************
[14:44:34] [0][21730]连庄局数 1,总局数1
[14:44:34] [1][10454]连庄局数 0,总局数1
[14:44:34] [2][19913]连庄局数 0,总局数1
[14:44:34] 通知 庄家 0 坐庄次数 1
[14:44:34] broad >>>>>>>>>>>>>>>>>>>>>>>>>>>>>>> message 69 size 1
[14:44:34] 游戏局数 1,总局数 4
[14:44:34] broad >>>>>>>>>>>>>>>>>>>>>>>>>>>>>>> message 71 size 8
[14:44:34] broad >>>>>>>>>>>>>>>>>>>>>>>>>>>>>>> message 51 size 0
[14:44:38] recv  55 <<<<<<<<<<<<<<<<<<<<<<<<<<<<<<< 1
[14:44:38] userbet 10454  在0 下了 10,累计下注 10
[14:44:38] broad >>>>>>>>>>>>>>>>>>>>>>>>>>>>>>> message 56 size 6
[14:44:38] 区域 0  总下注10
[14:44:38] 区域 1  总下注0
[14:44:38] 区域 2  总下注0
[14:44:38] 区域 3  总下注0
[14:44:38] 区域 4  总下注0
[14:44:38] 区域 5  总下注0
[14:44:38] send >>>>>>>>>>>>>>>>>>>>>>>>>>>>>>> 0 message 57 size 112
[14:44:38] 玩家10454在区域 0  总下注10
[14:44:38] 玩家10454在区域 1  总下注0
[14:44:38] 玩家10454在区域 2  总下注0
[14:44:38] 玩家10454在区域 3  总下注0
[14:44:38] 玩家10454在区域 4  总下注0
[14:44:38] 玩家10454在区域 5  总下注0
[14:44:38] 玩家10454 总下注10
[14:44:38] send >>>>>>>>>>>>>>>>>>>>>>>>>>>>>>> 1 message 57 size 112
[14:44:38] 玩家19913在区域 0  总下注0
[14:44:38] 玩家19913在区域 1  总下注0
[14:44:38] 玩家19913在区域 2  总下注0
[14:44:38] 玩家19913在区域 3  总下注0
[14:44:38] 玩家19913在区域 4  总下注0
[14:44:38] 玩家19913在区域 5  总下注0
[14:44:38] 玩家19913 总下注0
[14:44:38] send >>>>>>>>>>>>>>>>>>>>>>>>>>>>>>> 2 message 57 size 112
[14:44:39] recv  55 <<<<<<<<<<<<<<<<<<<<<<<<<<<<<<< 1
[14:44:39] userbet 10454  在5 下了 10,累计下注 20
[14:44:39] broad >>>>>>>>>>>>>>>>>>>>>>>>>>>>>>> message 56 size 6
[14:44:39] 区域 0  总下注10
[14:44:39] 区域 1  总下注0
[14:44:39] 区域 2  总下注0
[14:44:39] 区域 3  总下注0
[14:44:39] 区域 4  总下注0
[14:44:39] 区域 5  总下注10
[14:44:39] send >>>>>>>>>>>>>>>>>>>>>>>>>>>>>>> 0 message 57 size 112
[14:44:39] 玩家10454在区域 0  总下注10
[14:44:39] 玩家10454在区域 1  总下注0
[14:44:39] 玩家10454在区域 2  总下注0
[14:44:39] 玩家10454在区域 3  总下注0
[14:44:39] 玩家10454在区域 4  总下注0
[14:44:39] 玩家10454在区域 5  总下注10
[14:44:39] 玩家10454 总下注20
[14:44:39] send >>>>>>>>>>>>>>>>>>>>>>>>>>>>>>> 1 message 57 size 112
[14:44:39] 玩家19913在区域 0  总下注0
[14:44:39] 玩家19913在区域 1  总下注0
[14:44:39] 玩家19913在区域 2  总下注0
[14:44:39] 玩家19913在区域 3  总下注0
[14:44:39] 玩家19913在区域 4  总下注0
[14:44:39] 玩家19913在区域 5  总下注0
[14:44:39] 玩家19913 总下注0
[14:44:39] send >>>>>>>>>>>>>>>>>>>>>>>>>>>>>>> 2 message 57 size 112
[14:44:39] recv  55 <<<<<<<<<<<<<<<<<<<<<<<<<<<<<<< 1
[14:44:39] userbet 10454  在1 下了 10,累计下注 30
[14:44:39] broad >>>>>>>>>>>>>>>>>>>>>>>>>>>>>>> message 56 size 6
[14:44:39] 区域 0  总下注10
[14:44:39] 区域 1  总下注10
[14:44:39] 区域 2  总下注0
[14:44:39] 区域 3  总下注0
[14:44:39] 区域 4  总下注0
[14:44:39] 区域 5  总下注10
[14:44:39] send >>>>>>>>>>>>>>>>>>>>>>>>>>>>>>> 0 message 57 size 112
[14:44:39] 玩家10454在区域 0  总下注10
[14:44:39] 玩家10454在区域 1  总下注10
[14:44:39] 玩家10454在区域 2  总下注0
[14:44:39] 玩家10454在区域 3  总下注0
[14:44:39] 玩家10454在区域 4  总下注0
[14:44:39] 玩家10454在区域 5  总下注10
[14:44:39] 玩家10454 总下注30
[14:44:39] send >>>>>>>>>>>>>>>>>>>>>>>>>>>>>>> 1 message 57 size 112
[14:44:39] 玩家19913在区域 0  总下注0
[14:44:39] 玩家19913在区域 1  总下注0
[14:44:39] 玩家19913在区域 2  总下注0
[14:44:39] 玩家19913在区域 3  总下注0
[14:44:39] 玩家19913在区域 4  总下注0
[14:44:39] 玩家19913在区域 5  总下注0
[14:44:39] 玩家19913 总下注0
[14:44:39] send >>>>>>>>>>>>>>>>>>>>>>>>>>>>>>> 2 message 57 size 112
[14:44:41] recv  55 <<<<<<<<<<<<<<<<<<<<<<<<<<<<<<< 2
[14:44:41] userbet 19913  在1 下了 50,累计下注 50
[14:44:41] broad >>>>>>>>>>>>>>>>>>>>>>>>>>>>>>> message 56 size 6
[14:44:41] 区域 0  总下注10
[14:44:41] 区域 1  总下注60
[14:44:41] 区域 2  总下注0
[14:44:41] 区域 3  总下注0
[14:44:41] 区域 4  总下注0
[14:44:41] 区域 5  总下注10
[14:44:41] send >>>>>>>>>>>>>>>>>>>>>>>>>>>>>>> 0 message 57 size 112
[14:44:41] 玩家10454在区域 0  总下注10
[14:44:41] 玩家10454在区域 1  总下注10
[14:44:41] 玩家10454在区域 2  总下注0
[14:44:41] 玩家10454在区域 3  总下注0
[14:44:41] 玩家10454在区域 4  总下注0
[14:44:41] 玩家10454在区域 5  总下注10
[14:44:41] 玩家10454 总下注30
[14:44:41] send >>>>>>>>>>>>>>>>>>>>>>>>>>>>>>> 1 message 57 size 112
[14:44:41] 玩家19913在区域 0  总下注0
[14:44:41] 玩家19913在区域 1  总下注50
[14:44:41] 玩家19913在区域 2  总下注0
[14:44:41] 玩家19913在区域 3  总下注0
[14:44:41] 玩家19913在区域 4  总下注0
[14:44:41] 玩家19913在区域 5  总下注0
[14:44:41] 玩家19913 总下注50
[14:44:41] send >>>>>>>>>>>>>>>>>>>>>>>>>>>>>>> 2 message 57 size 112
[14:44:42] recv  55 <<<<<<<<<<<<<<<<<<<<<<<<<<<<<<< 2
[14:44:42] userbet 19913  在2 下了 50,累计下注 100
[14:44:42] broad >>>>>>>>>>>>>>>>>>>>>>>>>>>>>>> message 56 size 6
[14:44:42] 区域 0  总下注10
[14:44:42] 区域 1  总下注60
[14:44:42] 区域 2  总下注50
[14:44:42] 区域 3  总下注0
[14:44:42] 区域 4  总下注0
[14:44:42] 区域 5  总下注10
[14:44:42] send >>>>>>>>>>>>>>>>>>>>>>>>>>>>>>> 0 message 57 size 112
[14:44:42] 玩家10454在区域 0  总下注10
[14:44:42] 玩家10454在区域 1  总下注10
[14:44:42] 玩家10454在区域 2  总下注0
[14:44:42] 玩家10454在区域 3  总下注0
[14:44:42] 玩家10454在区域 4  总下注0
[14:44:42] 玩家10454在区域 5  总下注10
[14:44:42] 玩家10454 总下注30
[14:44:42] send >>>>>>>>>>>>>>>>>>>>>>>>>>>>>>> 1 message 57 size 112
[14:44:42] 玩家19913在区域 0  总下注0
[14:44:42] 玩家19913在区域 1  总下注50
[14:44:42] 玩家19913在区域 2  总下注50
[14:44:42] 玩家19913在区域 3  总下注0
[14:44:42] 玩家19913在区域 4  总下注0
[14:44:42] 玩家19913在区域 5  总下注0
[14:44:42] 玩家19913 总下注100
[14:44:42] send >>>>>>>>>>>>>>>>>>>>>>>>>>>>>>> 2 message 57 size 112
[14:44:42] 0:21730 netcut
[14:44:42] recv  55 <<<<<<<<<<<<<<<<<<<<<<<<<<<<<<< 2
[14:44:42] userbet 19913  在4 下了 50,累计下注 150
[14:44:42] broad >>>>>>>>>>>>>>>>>>>>>>>>>>>>>>> message 56 size 6
[14:44:42] 区域 0  总下注10
[14:44:42] 区域 1  总下注60
[14:44:42] 区域 2  总下注50
[14:44:42] 区域 3  总下注0
[14:44:42] 区域 4  总下注50
[14:44:42] 区域 5  总下注10
[14:44:42] send >>>>>>>>>>>>>>>>>>>>>>>>>>>>>>> 0 message 57 size 112
[14:44:42] 玩家10454在区域 0  总下注10
[14:44:42] 玩家10454在区域 1  总下注10
[14:44:42] 玩家10454在区域 2  总下注0
[14:44:42] 玩家10454在区域 3  总下注0
[14:44:42] 玩家10454在区域 4  总下注0
[14:44:42] 玩家10454在区域 5  总下注10
[14:44:42] 玩家10454 总下注30
[14:44:42] send >>>>>>>>>>>>>>>>>>>>>>>>>>>>>>> 1 message 57 size 112
[14:44:42] 玩家19913在区域 0  总下注0
[14:44:42] 玩家19913在区域 1  总下注50
[14:44:42] 玩家19913在区域 2  总下注50
[14:44:42] 玩家19913在区域 3  总下注0
[14:44:42] 玩家19913在区域 4  总下注50
[14:44:42] 玩家19913在区域 5  总下注0
[14:44:42] 玩家19913 总下注150
[14:44:42] send >>>>>>>>>>>>>>>>>>>>>>>>>>>>>>> 2 message 57 size 112
[14:44:42] recv  55 <<<<<<<<<<<<<<<<<<<<<<<<<<<<<<< 2
[14:44:42] userbet 19913  在3 下了 50,累计下注 200
[14:44:42] broad >>>>>>>>>>>>>>>>>>>>>>>>>>>>>>> message 56 size 6
[14:44:42] 区域 0  总下注10
[14:44:42] 区域 1  总下注60
[14:44:42] 区域 2  总下注50
[14:44:42] 区域 3  总下注50
[14:44:42] 区域 4  总下注50
[14:44:42] 区域 5  总下注10
[14:44:42] send >>>>>>>>>>>>>>>>>>>>>>>>>>>>>>> 0 message 57 size 112
[14:44:42] 玩家10454在区域 0  总下注10
[14:44:42] 玩家10454在区域 1  总下注10
[14:44:42] 玩家10454在区域 2  总下注0
[14:44:42] 玩家10454在区域 3  总下注0
[14:44:42] 玩家10454在区域 4  总下注0
[14:44:42] 玩家10454在区域 5  总下注10
[14:44:42] 玩家10454 总下注30
[14:44:42] send >>>>>>>>>>>>>>>>>>>>>>>>>>>>>>> 1 message 57 size 112
[14:44:42] 玩家19913在区域 0  总下注0
[14:44:42] 玩家19913在区域 1  总下注50
[14:44:42] 玩家19913在区域 2  总下注50
[14:44:42] 玩家19913在区域 3  总下注50
[14:44:42] 玩家19913在区域 4  总下注50
[14:44:42] 玩家19913在区域 5  总下注0
[14:44:42] 玩家19913 总下注200
[14:44:42] send >>>>>>>>>>>>>>>>>>>>>>>>>>>>>>> 2 message 57 size 112
[14:44:44] card 0 1,13,   type 0   point 7
[14:44:44] card 1 4,10,   type 0   point 7
[14:44:44] card 2 7,5,   type 0   point 7
[14:44:44] card 3 e,f,   type 0   point 5
[14:44:44] broad >>>>>>>>>>>>>>>>>>>>>>>>>>>>>>> message 52 size 16
[14:44:59] 区域 0 结算 10
[14:44:59] 区域 1 结算 60
[14:44:59] 区域 2 结算 50
[14:44:59] 区域 3 结算 50
[14:44:59] 区域 4 结算 50
[14:44:59] 区域 5 结算 10
[14:44:59] 玩家0[21730]  结算 -230
[14:44:59] 玩家1[10454]  结算 30
[14:44:59] 玩家2[19913]  结算 200
[14:44:59] broad >>>>>>>>>>>>>>>>>>>>>>>>>>>>>>> message 58 size 86
[14:45:1] 玩家0[21730]  结算 -230, 分数 -230, 总分数 0
[14:45:1] 玩家1[10454]  结算 30, 分数 30, 总分数 0
[14:45:1] 玩家2[19913]  结算 200, 分数 200, 总分数 0
[14:45:1] ******************游戏结束********************************



[14:45:4] broad >>>>>>>>>>>>>>>>>>>>>>>>>>>>>>> message 72 size 4
[14:45:19] 0:21730 leave
[14:45:19] 1:10454 leave
[14:45:19] 2:19913 leave
[14:45:33] 0:21730 sit
[14:45:33] 0:21730 onGetState
[14:45:33] send >>>>>>>>>>>>>>>>>>>>>>>>>>>>>>> 0 message 72 size 4
[14:45:33] 游戏局数 0,总局数 4
[14:45:33] broad >>>>>>>>>>>>>>>>>>>>>>>>>>>>>>> message 71 size 8
[14:45:34] 0:21730 ready
[14:45:52] 1:10454 sit
[14:45:53] 1:10454 onGetState
[14:45:53] send >>>>>>>>>>>>>>>>>>>>>>>>>>>>>>> 1 message 72 size 4
[14:45:53] 游戏局数 0,总局数 4
[14:45:53] broad >>>>>>>>>>>>>>>>>>>>>>>>>>>>>>> message 71 size 8
[14:45:55] 1:10454 ready
[14:45:55] *****************游戏开始***************
[14:45:55] [0][21730]连庄局数 1,总局数1
[14:45:55] [1][10454]连庄局数 0,总局数1
[14:45:55] 通知 庄家 0 坐庄次数 1
[14:45:55] broad >>>>>>>>>>>>>>>>>>>>>>>>>>>>>>> message 69 size 1
[14:45:55] 游戏局数 1,总局数 4
[14:45:55] broad >>>>>>>>>>>>>>>>>>>>>>>>>>>>>>> message 71 size 8
[14:45:55] broad >>>>>>>>>>>>>>>>>>>>>>>>>>>>>>> message 51 size 0
[14:45:56] 2:19913 sit
[14:45:56] 2:19913 onGetState
[14:45:56] 游戏局数 0,总局数 4
[14:45:56] broad >>>>>>>>>>>>>>>>>>>>>>>>>>>>>>> message 71 size 8
[14:46:5] card 0 6,2,   type 0   point 2
[14:46:5] card 1 9,13,   type 0   point 2
[14:46:5] card 2 0,0,   type 28   point 4
[14:46:5] card 3 12,4,   type 0   point 5
[14:46:5] broad >>>>>>>>>>>>>>>>>>>>>>>>>>>>>>> message 52 size 16
[14:46:20] 区域 0 结算 0
[14:46:20] 区域 1 结算 0
[14:46:20] 区域 2 结算 0
[14:46:20] 区域 3 结算 0
[14:46:20] 区域 4 结算 0
[14:46:20] 区域 5 结算 0
[14:46:20] 玩家0[21730]  结算 0
[14:46:20] 玩家1[10454]  结算 0
[14:46:20] 玩家2[19913]  结算 0
[14:46:20] broad >>>>>>>>>>>>>>>>>>>>>>>>>>>>>>> message 58 size 86
[14:46:22] 玩家0[21730]  结算 0, 分数 0, 总分数 0
[14:46:22] 玩家1[10454]  结算 0, 分数 0, 总分数 0
[14:46:22] 玩家2[19913]  结算 0, 分数 0, 总分数 0
[14:46:22] ******************游戏结束********************************



[14:46:25] broad >>>>>>>>>>>>>>>>>>>>>>>>>>>>>>> message 72 size 4
[14:46:26] 0:21730 ready
[14:46:26] 2:19913 ready
[14:46:27] 1:10454 ready
[14:46:27] *****************游戏开始***************
[14:46:27] [0][21730]连庄局数 1,总局数2
[14:46:27] [1][10454]连庄局数 1,总局数2
[14:46:27] [2][19913]连庄局数 0,总局数1
[14:46:27] 通知 庄家 1 坐庄次数 1
[14:46:27] broad >>>>>>>>>>>>>>>>>>>>>>>>>>>>>>> message 69 size 1
[14:46:27] 游戏局数 1,总局数 4
[14:46:27] broad >>>>>>>>>>>>>>>>>>>>>>>>>>>>>>> message 71 size 8
[14:46:27] broad >>>>>>>>>>>>>>>>>>>>>>>>>>>>>>> message 51 size 0
[14:46:30] recv  55 <<<<<<<<<<<<<<<<<<<<<<<<<<<<<<< 2
[14:46:30] userbet 19913  在1 下了 10,累计下注 10
[14:46:30] broad >>>>>>>>>>>>>>>>>>>>>>>>>>>>>>> message 56 size 6
[14:46:30] 区域 0  总下注0
[14:46:30] 区域 1  总下注10
[14:46:30] 区域 2  总下注0
[14:46:30] 区域 3  总下注0
[14:46:30] 区域 4  总下注0
[14:46:30] 区域 5  总下注0
[14:46:30] 玩家21730在区域 0  总下注0
[14:46:30] 玩家21730在区域 1  总下注0
[14:46:30] 玩家21730在区域 2  总下注0
[14:46:30] 玩家21730在区域 3  总下注0
[14:46:30] 玩家21730在区域 4  总下注0
[14:46:30] 玩家21730在区域 5  总下注0
[14:46:30] 玩家21730 总下注0
[14:46:30] send >>>>>>>>>>>>>>>>>>>>>>>>>>>>>>> 0 message 57 size 112
[14:46:30] send >>>>>>>>>>>>>>>>>>>>>>>>>>>>>>> 1 message 57 size 112
[14:46:30] 玩家19913在区域 0  总下注0
[14:46:30] 玩家19913在区域 1  总下注10
[14:46:30] 玩家19913在区域 2  总下注0
[14:46:30] 玩家19913在区域 3  总下注0
[14:46:30] 玩家19913在区域 4  总下注0
[14:46:30] 玩家19913在区域 5  总下注0
[14:46:30] 玩家19913 总下注10
[14:46:30] send >>>>>>>>>>>>>>>>>>>>>>>>>>>>>>> 2 message 57 size 112
[14:46:30] recv  55 <<<<<<<<<<<<<<<<<<<<<<<<<<<<<<< 2
[14:46:30] userbet 19913  在3 下了 10,累计下注 20
[14:46:30] broad >>>>>>>>>>>>>>>>>>>>>>>>>>>>>>> message 56 size 6
[14:46:30] 区域 0  总下注0
[14:46:30] 区域 1  总下注10
[14:46:30] 区域 2  总下注0
[14:46:30] 区域 3  总下注10
[14:46:30] 区域 4  总下注0
[14:46:30] 区域 5  总下注0
[14:46:30] 玩家21730在区域 0  总下注0
[14:46:30] 玩家21730在区域 1  总下注0
[14:46:30] 玩家21730在区域 2  总下注0
[14:46:30] 玩家21730在区域 3  总下注0
[14:46:30] 玩家21730在区域 4  总下注0
[14:46:30] 玩家21730在区域 5  总下注0
[14:46:30] 玩家21730 总下注0
[14:46:30] send >>>>>>>>>>>>>>>>>>>>>>>>>>>>>>> 0 message 57 size 112
[14:46:30] send >>>>>>>>>>>>>>>>>>>>>>>>>>>>>>> 1 message 57 size 112
[14:46:30] 玩家19913在区域 0  总下注0
[14:46:30] 玩家19913在区域 1  总下注10
[14:46:30] 玩家19913在区域 2  总下注0
[14:46:30] 玩家19913在区域 3  总下注10
[14:46:30] 玩家19913在区域 4  总下注0
[14:46:30] 玩家19913在区域 5  总下注0
[14:46:30] 玩家19913 总下注20
[14:46:30] send >>>>>>>>>>>>>>>>>>>>>>>>>>>>>>> 2 message 57 size 112
[14:46:31] recv  55 <<<<<<<<<<<<<<<<<<<<<<<<<<<<<<< 2
[14:46:31] userbet 19913  在0 下了 10,累计下注 30
[14:46:31] broad >>>>>>>>>>>>>>>>>>>>>>>>>>>>>>> message 56 size 6
[14:46:31] 区域 0  总下注10
[14:46:31] 区域 1  总下注10
[14:46:31] 区域 2  总下注0
[14:46:31] 区域 3  总下注10
[14:46:31] 区域 4  总下注0
[14:46:31] 区域 5  总下注0
[14:46:31] 玩家21730在区域 0  总下注0
[14:46:31] 玩家21730在区域 1  总下注0
[14:46:31] 玩家21730在区域 2  总下注0
[14:46:31] 玩家21730在区域 3  总下注0
[14:46:31] 玩家21730在区域 4  总下注0
[14:46:31] 玩家21730在区域 5  总下注0
[14:46:31] 玩家21730 总下注0
[14:46:31] send >>>>>>>>>>>>>>>>>>>>>>>>>>>>>>> 0 message 57 size 112
[14:46:31] send >>>>>>>>>>>>>>>>>>>>>>>>>>>>>>> 1 message 57 size 112
[14:46:31] 玩家19913在区域 0  总下注10
[14:46:31] 玩家19913在区域 1  总下注10
[14:46:31] 玩家19913在区域 2  总下注0
[14:46:31] 玩家19913在区域 3  总下注10
[14:46:31] 玩家19913在区域 4  总下注0
[14:46:31] 玩家19913在区域 5  总下注0
[14:46:31] 玩家19913 总下注30
[14:46:31] send >>>>>>>>>>>>>>>>>>>>>>>>>>>>>>> 2 message 57 size 112
[14:46:31] recv  55 <<<<<<<<<<<<<<<<<<<<<<<<<<<<<<< 2
[14:46:31] userbet 19913  在5 下了 10,累计下注 40
[14:46:31] broad >>>>>>>>>>>>>>>>>>>>>>>>>>>>>>> message 56 size 6
[14:46:31] 区域 0  总下注10
[14:46:31] 区域 1  总下注10
[14:46:31] 区域 2  总下注0
[14:46:31] 区域 3  总下注10
[14:46:31] 区域 4  总下注0
[14:46:31] 区域 5  总下注10
[14:46:31] 玩家21730在区域 0  总下注0
[14:46:31] 玩家21730在区域 1  总下注0
[14:46:31] 玩家21730在区域 2  总下注0
[14:46:31] 玩家21730在区域 3  总下注0
[14:46:31] 玩家21730在区域 4  总下注0
[14:46:31] 玩家21730在区域 5  总下注0
[14:46:31] 玩家21730 总下注0
[14:46:31] send >>>>>>>>>>>>>>>>>>>>>>>>>>>>>>> 0 message 57 size 112
[14:46:31] send >>>>>>>>>>>>>>>>>>>>>>>>>>>>>>> 1 message 57 size 112
[14:46:31] 玩家19913在区域 0  总下注10
[14:46:31] 玩家19913在区域 1  总下注10
[14:46:31] 玩家19913在区域 2  总下注0
[14:46:31] 玩家19913在区域 3  总下注10
[14:46:31] 玩家19913在区域 4  总下注0
[14:46:31] 玩家19913在区域 5  总下注10
[14:46:31] 玩家19913 总下注40
[14:46:31] send >>>>>>>>>>>>>>>>>>>>>>>>>>>>>>> 2 message 57 size 112
[14:46:31] recv  55 <<<<<<<<<<<<<<<<<<<<<<<<<<<<<<< 2
[14:46:31] userbet 19913  在4 下了 10,累计下注 50
[14:46:31] broad >>>>>>>>>>>>>>>>>>>>>>>>>>>>>>> message 56 size 6
[14:46:31] 区域 0  总下注10
[14:46:31] 区域 1  总下注10
[14:46:31] 区域 2  总下注0
[14:46:31] 区域 3  总下注10
[14:46:31] 区域 4  总下注10
[14:46:31] 区域 5  总下注10
[14:46:31] 玩家21730在区域 0  总下注0
[14:46:31] 玩家21730在区域 1  总下注0
[14:46:31] 玩家21730在区域 2  总下注0
[14:46:31] 玩家21730在区域 3  总下注0
[14:46:31] 玩家21730在区域 4  总下注0
[14:46:31] 玩家21730在区域 5  总下注0
[14:46:31] 玩家21730 总下注0
[14:46:31] send >>>>>>>>>>>>>>>>>>>>>>>>>>>>>>> 0 message 57 size 112
[14:46:31] send >>>>>>>>>>>>>>>>>>>>>>>>>>>>>>> 1 message 57 size 112
[14:46:31] 玩家19913在区域 0  总下注10
[14:46:31] 玩家19913在区域 1  总下注10
[14:46:31] 玩家19913在区域 2  总下注0
[14:46:31] 玩家19913在区域 3  总下注10
[14:46:31] 玩家19913在区域 4  总下注10
[14:46:31] 玩家19913在区域 5  总下注10
[14:46:31] 玩家19913 总下注50
[14:46:31] send >>>>>>>>>>>>>>>>>>>>>>>>>>>>>>> 2 message 57 size 112
[14:46:33] recv  55 <<<<<<<<<<<<<<<<<<<<<<<<<<<<<<< 2
[14:46:33] userbet 19913  在1 下了 50,累计下注 100
[14:46:33] broad >>>>>>>>>>>>>>>>>>>>>>>>>>>>>>> message 56 size 6
[14:46:33] 区域 0  总下注10
[14:46:33] 区域 1  总下注60
[14:46:33] 区域 2  总下注0
[14:46:33] 区域 3  总下注10
[14:46:33] 区域 4  总下注10
[14:46:33] 区域 5  总下注10
[14:46:33] 玩家21730在区域 0  总下注0
[14:46:33] 玩家21730在区域 1  总下注0
[14:46:33] 玩家21730在区域 2  总下注0
[14:46:33] 玩家21730在区域 3  总下注0
[14:46:33] 玩家21730在区域 4  总下注0
[14:46:33] 玩家21730在区域 5  总下注0
[14:46:33] 玩家21730 总下注0
[14:46:33] send >>>>>>>>>>>>>>>>>>>>>>>>>>>>>>> 0 message 57 size 112
[14:46:33] send >>>>>>>>>>>>>>>>>>>>>>>>>>>>>>> 1 message 57 size 112
[14:46:33] 玩家19913在区域 0  总下注10
[14:46:33] 玩家19913在区域 1  总下注60
[14:46:33] 玩家19913在区域 2  总下注0
[14:46:33] 玩家19913在区域 3  总下注10
[14:46:33] 玩家19913在区域 4  总下注10
[14:46:33] 玩家19913在区域 5  总下注10
[14:46:33] 玩家19913 总下注100
[14:46:33] send >>>>>>>>>>>>>>>>>>>>>>>>>>>>>>> 2 message 57 size 112
[14:46:33] recv  55 <<<<<<<<<<<<<<<<<<<<<<<<<<<<<<< 2
[14:46:33] userbet 19913  在5 下了 50,累计下注 150
[14:46:33] broad >>>>>>>>>>>>>>>>>>>>>>>>>>>>>>> message 56 size 6
[14:46:33] 区域 0  总下注10
[14:46:33] 区域 1  总下注60
[14:46:33] 区域 2  总下注0
[14:46:33] 区域 3  总下注10
[14:46:33] 区域 4  总下注10
[14:46:33] 区域 5  总下注60
[14:46:33] 玩家21730在区域 0  总下注0
[14:46:33] 玩家21730在区域 1  总下注0
[14:46:33] 玩家21730在区域 2  总下注0
[14:46:33] 玩家21730在区域 3  总下注0
[14:46:33] 玩家21730在区域 4  总下注0
[14:46:33] 玩家21730在区域 5  总下注0
[14:46:33] 玩家21730 总下注0
[14:46:33] send >>>>>>>>>>>>>>>>>>>>>>>>>>>>>>> 0 message 57 size 112
[14:46:33] send >>>>>>>>>>>>>>>>>>>>>>>>>>>>>>> 1 message 57 size 112
[14:46:33] 玩家19913在区域 0  总下注10
[14:46:33] 玩家19913在区域 1  总下注60
[14:46:33] 玩家19913在区域 2  总下注0
[14:46:33] 玩家19913在区域 3  总下注10
[14:46:33] 玩家19913在区域 4  总下注10
[14:46:33] 玩家19913在区域 5  总下注60
[14:46:33] 玩家19913 总下注150
[14:46:33] send >>>>>>>>>>>>>>>>>>>>>>>>>>>>>>> 2 message 57 size 112
[14:46:33] recv  55 <<<<<<<<<<<<<<<<<<<<<<<<<<<<<<< 2
[14:46:33] userbet 19913  在0 下了 50,累计下注 200
[14:46:33] broad >>>>>>>>>>>>>>>>>>>>>>>>>>>>>>> message 56 size 6
[14:46:33] 区域 0  总下注60
[14:46:33] 区域 1  总下注60
[14:46:33] 区域 2  总下注0
[14:46:33] 区域 3  总下注10
[14:46:33] 区域 4  总下注10
[14:46:33] 区域 5  总下注60
[14:46:33] 玩家21730在区域 0  总下注0
[14:46:33] 玩家21730在区域 1  总下注0
[14:46:33] 玩家21730在区域 2  总下注0
[14:46:33] 玩家21730在区域 3  总下注0
[14:46:33] 玩家21730在区域 4  总下注0
[14:46:33] 玩家21730在区域 5  总下注0
[14:46:33] 玩家21730 总下注0
[14:46:33] send >>>>>>>>>>>>>>>>>>>>>>>>>>>>>>> 0 message 57 size 112
[14:46:33] send >>>>>>>>>>>>>>>>>>>>>>>>>>>>>>> 1 message 57 size 112
[14:46:33] 玩家19913在区域 0  总下注60
[14:46:33] 玩家19913在区域 1  总下注60
[14:46:33] 玩家19913在区域 2  总下注0
[14:46:33] 玩家19913在区域 3  总下注10
[14:46:33] 玩家19913在区域 4  总下注10
[14:46:33] 玩家19913在区域 5  总下注60
[14:46:33] 玩家19913 总下注200
[14:46:33] send >>>>>>>>>>>>>>>>>>>>>>>>>>>>>>> 2 message 57 size 112
[14:46:33] recv  55 <<<<<<<<<<<<<<<<<<<<<<<<<<<<<<< 2
[14:46:33] userbet 19913  在2 下了 50,累计下注 250
[14:46:33] broad >>>>>>>>>>>>>>>>>>>>>>>>>>>>>>> message 56 size 6
[14:46:33] 区域 0  总下注60
[14:46:33] 区域 1  总下注60
[14:46:33] 区域 2  总下注50
[14:46:33] 区域 3  总下注10
[14:46:33] 区域 4  总下注10
[14:46:33] 区域 5  总下注60
[14:46:33] 玩家21730在区域 0  总下注0
[14:46:33] 玩家21730在区域 1  总下注0
[14:46:33] 玩家21730在区域 2  总下注0
[14:46:33] 玩家21730在区域 3  总下注0
[14:46:33] 玩家21730在区域 4  总下注0
[14:46:33] 玩家21730在区域 5  总下注0
[14:46:33] 玩家21730 总下注0
[14:46:33] send >>>>>>>>>>>>>>>>>>>>>>>>>>>>>>> 0 message 57 size 112
[14:46:33] send >>>>>>>>>>>>>>>>>>>>>>>>>>>>>>> 1 message 57 size 112
[14:46:33] 玩家19913在区域 0  总下注60
[14:46:33] 玩家19913在区域 1  总下注60
[14:46:33] 玩家19913在区域 2  总下注50
[14:46:33] 玩家19913在区域 3  总下注10
[14:46:33] 玩家19913在区域 4  总下注10
[14:46:33] 玩家19913在区域 5  总下注60
[14:46:33] 玩家19913 总下注250
[14:46:33] send >>>>>>>>>>>>>>>>>>>>>>>>>>>>>>> 2 message 57 size 112
[14:46:33] recv  55 <<<<<<<<<<<<<<<<<<<<<<<<<<<<<<< 2
[14:46:33] userbet 19913  在3 下了 50,累计下注 300
[14:46:33] broad >>>>>>>>>>>>>>>>>>>>>>>>>>>>>>> message 56 size 6
[14:46:33] 区域 0  总下注60
[14:46:33] 区域 1  总下注60
[14:46:33] 区域 2  总下注50
[14:46:33] 区域 3  总下注60
[14:46:33] 区域 4  总下注10
[14:46:33] 区域 5  总下注60
[14:46:33] 玩家21730在区域 0  总下注0
[14:46:33] 玩家21730在区域 1  总下注0
[14:46:33] 玩家21730在区域 2  总下注0
[14:46:33] 玩家21730在区域 3  总下注0
[14:46:33] 玩家21730在区域 4  总下注0
[14:46:33] 玩家21730在区域 5  总下注0
[14:46:33] 玩家21730 总下注0
[14:46:33] send >>>>>>>>>>>>>>>>>>>>>>>>>>>>>>> 0 message 57 size 112
[14:46:33] send >>>>>>>>>>>>>>>>>>>>>>>>>>>>>>> 1 message 57 size 112
[14:46:33] 玩家19913在区域 0  总下注60
[14:46:33] 玩家19913在区域 1  总下注60
[14:46:33] 玩家19913在区域 2  总下注50
[14:46:33] 玩家19913在区域 3  总下注60
[14:46:33] 玩家19913在区域 4  总下注10
[14:46:33] 玩家19913在区域 5  总下注60
[14:46:33] 玩家19913 总下注300
[14:46:33] send >>>>>>>>>>>>>>>>>>>>>>>>>>>>>>> 2 message 57 size 112
[14:46:37] card 0 3,e,   type 0   point 2
[14:46:37] card 1 8,0,   type 0   point 2
[14:46:37] card 2 3,1,   type 0   point 6
[14:46:37] card 3 12,0,   type 0   point 7
[14:46:37] broad >>>>>>>>>>>>>>>>>>>>>>>>>>>>>>> message 52 size 16
[14:46:52] 区域 0 结算 -60
[14:46:52] 区域 1 结算 -60
[14:46:52] 区域 2 结算 -50
[14:46:52] 区域 3 结算 -60
[14:46:52] 区域 4 结算 -10
[14:46:52] 区域 5 结算 -60
[14:46:52] 玩家0[21730]  结算 0
[14:46:52] 玩家1[10454]  结算 300
[14:46:52] 玩家2[19913]  结算 -300
[14:46:52] broad >>>>>>>>>>>>>>>>>>>>>>>>>>>>>>> message 58 size 86
[14:46:54] 玩家0[21730]  结算 0, 分数 0, 总分数 0
[14:46:54] 玩家1[10454]  结算 300, 分数 300, 总分数 0
[14:46:54] 玩家2[19913]  结算 -300, 分数 -300, 总分数 0
[14:46:54] ******************游戏结束********************************



[14:46:57] broad >>>>>>>>>>>>>>>>>>>>>>>>>>>>>>> message 72 size 4
[14:46:59] 0:21730 ready
[14:46:59] 1:10454 ready
[14:47:0] 2:19913 ready
[14:47:0] *****************游戏开始***************
[14:47:0] [0][21730]连庄局数 1,总局数3
[14:47:0] [1][10454]连庄局数 1,总局数3
[14:47:0] [2][19913]连庄局数 1,总局数2
[14:47:0] 通知 庄家 2 坐庄次数 1
[14:47:0] broad >>>>>>>>>>>>>>>>>>>>>>>>>>>>>>> message 69 size 1
[14:47:0] 游戏局数 2,总局数 4
[14:47:0] broad >>>>>>>>>>>>>>>>>>>>>>>>>>>>>>> message 71 size 8
[14:47:0] broad >>>>>>>>>>>>>>>>>>>>>>>>>>>>>>> message 51 size 0
[14:47:4] recv  55 <<<<<<<<<<<<<<<<<<<<<<<<<<<<<<< 1
[14:47:4] userbet 10454  在1 下了 10,累计下注 10
[14:47:4] broad >>>>>>>>>>>>>>>>>>>>>>>>>>>>>>> message 56 size 6
[14:47:4] 区域 0  总下注0
[14:47:4] 区域 1  总下注10
[14:47:4] 区域 2  总下注0
[14:47:4] 区域 3  总下注0
[14:47:4] 区域 4  总下注0
[14:47:4] 区域 5  总下注0
[14:47:4] 玩家21730在区域 0  总下注0
[14:47:4] 玩家21730在区域 1  总下注0
[14:47:4] 玩家21730在区域 2  总下注0
[14:47:4] 玩家21730在区域 3  总下注0
[14:47:4] 玩家21730在区域 4  总下注0
[14:47:4] 玩家21730在区域 5  总下注0
[14:47:4] 玩家21730 总下注0
[14:47:4] send >>>>>>>>>>>>>>>>>>>>>>>>>>>>>>> 0 message 57 size 112
[14:47:4] 玩家10454在区域 0  总下注0
[14:47:4] 玩家10454在区域 1  总下注10
[14:47:4] 玩家10454在区域 2  总下注0
[14:47:4] 玩家10454在区域 3  总下注0
[14:47:4] 玩家10454在区域 4  总下注0
[14:47:4] 玩家10454在区域 5  总下注0
[14:47:4] 玩家10454 总下注10
[14:47:4] send >>>>>>>>>>>>>>>>>>>>>>>>>>>>>>> 1 message 57 size 112
[14:47:4] send >>>>>>>>>>>>>>>>>>>>>>>>>>>>>>> 2 message 57 size 112
[14:47:4] recv  55 <<<<<<<<<<<<<<<<<<<<<<<<<<<<<<< 1
[14:47:4] userbet 10454  在1 下了 10,累计下注 20
[14:47:4] broad >>>>>>>>>>>>>>>>>>>>>>>>>>>>>>> message 56 size 6
[14:47:4] 区域 0  总下注0
[14:47:4] 区域 1  总下注20
[14:47:4] 区域 2  总下注0
[14:47:4] 区域 3  总下注0
[14:47:4] 区域 4  总下注0
[14:47:4] 区域 5  总下注0
[14:47:4] 玩家21730在区域 0  总下注0
[14:47:4] 玩家21730在区域 1  总下注0
[14:47:4] 玩家21730在区域 2  总下注0
[14:47:4] 玩家21730在区域 3  总下注0
[14:47:4] 玩家21730在区域 4  总下注0
[14:47:4] 玩家21730在区域 5  总下注0
[14:47:4] 玩家21730 总下注0
[14:47:4] send >>>>>>>>>>>>>>>>>>>>>>>>>>>>>>> 0 message 57 size 112
[14:47:4] 玩家10454在区域 0  总下注0
[14:47:4] 玩家10454在区域 1  总下注20
[14:47:4] 玩家10454在区域 2  总下注0
[14:47:4] 玩家10454在区域 3  总下注0
[14:47:4] 玩家10454在区域 4  总下注0
[14:47:4] 玩家10454在区域 5  总下注0
[14:47:4] 玩家10454 总下注20
[14:47:4] send >>>>>>>>>>>>>>>>>>>>>>>>>>>>>>> 1 message 57 size 112
[14:47:4] send >>>>>>>>>>>>>>>>>>>>>>>>>>>>>>> 2 message 57 size 112
[14:47:4] recv  55 <<<<<<<<<<<<<<<<<<<<<<<<<<<<<<< 1
[14:47:4] userbet 10454  在0 下了 10,累计下注 30
[14:47:4] broad >>>>>>>>>>>>>>>>>>>>>>>>>>>>>>> message 56 size 6
[14:47:4] 区域 0  总下注10
[14:47:4] 区域 1  总下注20
[14:47:4] 区域 2  总下注0
[14:47:4] 区域 3  总下注0
[14:47:4] 区域 4  总下注0
[14:47:4] 区域 5  总下注0
[14:47:4] 玩家21730在区域 0  总下注0
[14:47:4] 玩家21730在区域 1  总下注0
[14:47:4] 玩家21730在区域 2  总下注0
[14:47:4] 玩家21730在区域 3  总下注0
[14:47:4] 玩家21730在区域 4  总下注0
[14:47:4] 玩家21730在区域 5  总下注0
[14:47:4] 玩家21730 总下注0
[14:47:4] send >>>>>>>>>>>>>>>>>>>>>>>>>>>>>>> 0 message 57 size 112
[14:47:4] 玩家10454在区域 0  总下注10
[14:47:4] 玩家10454在区域 1  总下注20
[14:47:4] 玩家10454在区域 2  总下注0
[14:47:4] 玩家10454在区域 3  总下注0
[14:47:4] 玩家10454在区域 4  总下注0
[14:47:4] 玩家10454在区域 5  总下注0
[14:47:4] 玩家10454 总下注30
[14:47:4] send >>>>>>>>>>>>>>>>>>>>>>>>>>>>>>> 1 message 57 size 112
[14:47:4] send >>>>>>>>>>>>>>>>>>>>>>>>>>>>>>> 2 message 57 size 112
[14:47:4] recv  55 <<<<<<<<<<<<<<<<<<<<<<<<<<<<<<< 1
[14:47:4] userbet 10454  在5 下了 10,累计下注 40
[14:47:4] broad >>>>>>>>>>>>>>>>>>>>>>>>>>>>>>> message 56 size 6
[14:47:4] 区域 0  总下注10
[14:47:4] 区域 1  总下注20
[14:47:4] 区域 2  总下注0
[14:47:4] 区域 3  总下注0
[14:47:4] 区域 4  总下注0
[14:47:4] 区域 5  总下注10
[14:47:4] 玩家21730在区域 0  总下注0
[14:47:4] 玩家21730在区域 1  总下注0
[14:47:4] 玩家21730在区域 2  总下注0
[14:47:4] 玩家21730在区域 3  总下注0
[14:47:4] 玩家21730在区域 4  总下注0
[14:47:4] 玩家21730在区域 5  总下注0
[14:47:4] 玩家21730 总下注0
[14:47:4] send >>>>>>>>>>>>>>>>>>>>>>>>>>>>>>> 0 message 57 size 112
[14:47:4] 玩家10454在区域 0  总下注10
[14:47:4] 玩家10454在区域 1  总下注20
[14:47:4] 玩家10454在区域 2  总下注0
[14:47:4] 玩家10454在区域 3  总下注0
[14:47:4] 玩家10454在区域 4  总下注0
[14:47:4] 玩家10454在区域 5  总下注10
[14:47:4] 玩家10454 总下注40
[14:47:4] send >>>>>>>>>>>>>>>>>>>>>>>>>>>>>>> 1 message 57 size 112
[14:47:4] send >>>>>>>>>>>>>>>>>>>>>>>>>>>>>>> 2 message 57 size 112
[14:47:5] recv  55 <<<<<<<<<<<<<<<<<<<<<<<<<<<<<<< 1
[14:47:5] userbet 10454  在4 下了 10,累计下注 50
[14:47:5] broad >>>>>>>>>>>>>>>>>>>>>>>>>>>>>>> message 56 size 6
[14:47:5] 区域 0  总下注10
[14:47:5] 区域 1  总下注20
[14:47:5] 区域 2  总下注0
[14:47:5] 区域 3  总下注0
[14:47:5] 区域 4  总下注10
[14:47:5] 区域 5  总下注10
[14:47:5] 玩家21730在区域 0  总下注0
[14:47:5] 玩家21730在区域 1  总下注0
[14:47:5] 玩家21730在区域 2  总下注0
[14:47:5] 玩家21730在区域 3  总下注0
[14:47:5] 玩家21730在区域 4  总下注0
[14:47:5] 玩家21730在区域 5  总下注0
[14:47:5] 玩家21730 总下注0
[14:47:5] send >>>>>>>>>>>>>>>>>>>>>>>>>>>>>>> 0 message 57 size 112
[14:47:5] 玩家10454在区域 0  总下注10
[14:47:5] 玩家10454在区域 1  总下注20
[14:47:5] 玩家10454在区域 2  总下注0
[14:47:5] 玩家10454在区域 3  总下注0
[14:47:5] 玩家10454在区域 4  总下注10
[14:47:5] 玩家10454在区域 5  总下注10
[14:47:5] 玩家10454 总下注50
[14:47:5] send >>>>>>>>>>>>>>>>>>>>>>>>>>>>>>> 1 message 57 size 112
[14:47:5] send >>>>>>>>>>>>>>>>>>>>>>>>>>>>>>> 2 message 57 size 112
[14:47:5] recv  55 <<<<<<<<<<<<<<<<<<<<<<<<<<<<<<< 1
[14:47:5] userbet 10454  在1 下了 10,累计下注 60
[14:47:5] broad >>>>>>>>>>>>>>>>>>>>>>>>>>>>>>> message 56 size 6
[14:47:5] 区域 0  总下注10
[14:47:5] 区域 1  总下注30
[14:47:5] 区域 2  总下注0
[14:47:5] 区域 3  总下注0
[14:47:5] 区域 4  总下注10
[14:47:5] 区域 5  总下注10
[14:47:5] 玩家21730在区域 0  总下注0
[14:47:5] 玩家21730在区域 1  总下注0
[14:47:5] 玩家21730在区域 2  总下注0
[14:47:5] 玩家21730在区域 3  总下注0
[14:47:5] 玩家21730在区域 4  总下注0
[14:47:5] 玩家21730在区域 5  总下注0
[14:47:5] 玩家21730 总下注0
[14:47:5] send >>>>>>>>>>>>>>>>>>>>>>>>>>>>>>> 0 message 57 size 112
[14:47:5] 玩家10454在区域 0  总下注10
[14:47:5] 玩家10454在区域 1  总下注30
[14:47:5] 玩家10454在区域 2  总下注0
[14:47:5] 玩家10454在区域 3  总下注0
[14:47:5] 玩家10454在区域 4  总下注10
[14:47:5] 玩家10454在区域 5  总下注10
[14:47:5] 玩家10454 总下注60
[14:47:5] send >>>>>>>>>>>>>>>>>>>>>>>>>>>>>>> 1 message 57 size 112
[14:47:5] send >>>>>>>>>>>>>>>>>>>>>>>>>>>>>>> 2 message 57 size 112
[14:47:5] recv  55 <<<<<<<<<<<<<<<<<<<<<<<<<<<<<<< 1
[14:47:5] userbet 10454  在5 下了 10,累计下注 70
[14:47:5] broad >>>>>>>>>>>>>>>>>>>>>>>>>>>>>>> message 56 size 6
[14:47:5] 区域 0  总下注10
[14:47:5] 区域 1  总下注30
[14:47:5] 区域 2  总下注0
[14:47:5] 区域 3  总下注0
[14:47:5] 区域 4  总下注10
[14:47:5] 区域 5  总下注20
[14:47:5] 玩家21730在区域 0  总下注0
[14:47:5] 玩家21730在区域 1  总下注0
[14:47:5] 玩家21730在区域 2  总下注0
[14:47:5] 玩家21730在区域 3  总下注0
[14:47:5] 玩家21730在区域 4  总下注0
[14:47:5] 玩家21730在区域 5  总下注0
[14:47:5] 玩家21730 总下注0
[14:47:5] send >>>>>>>>>>>>>>>>>>>>>>>>>>>>>>> 0 message 57 size 112
[14:47:5] 玩家10454在区域 0  总下注10
[14:47:5] 玩家10454在区域 1  总下注30
[14:47:5] 玩家10454在区域 2  总下注0
[14:47:5] 玩家10454在区域 3  总下注0
[14:47:5] 玩家10454在区域 4  总下注10
[14:47:5] 玩家10454在区域 5  总下注20
[14:47:5] 玩家10454 总下注70
[14:47:5] send >>>>>>>>>>>>>>>>>>>>>>>>>>>>>>> 1 message 57 size 112
[14:47:5] send >>>>>>>>>>>>>>>>>>>>>>>>>>>>>>> 2 message 57 size 112
[14:47:5] recv  55 <<<<<<<<<<<<<<<<<<<<<<<<<<<<<<< 1
[14:47:5] userbet 10454  在2 下了 10,累计下注 80
[14:47:5] broad >>>>>>>>>>>>>>>>>>>>>>>>>>>>>>> message 56 size 6
[14:47:5] 区域 0  总下注10
[14:47:5] 区域 1  总下注30
[14:47:5] 区域 2  总下注10
[14:47:5] 区域 3  总下注0
[14:47:5] 区域 4  总下注10
[14:47:5] 区域 5  总下注20
[14:47:5] 玩家21730在区域 0  总下注0
[14:47:5] 玩家21730在区域 1  总下注0
[14:47:5] 玩家21730在区域 2  总下注0
[14:47:5] 玩家21730在区域 3  总下注0
[14:47:5] 玩家21730在区域 4  总下注0
[14:47:5] 玩家21730在区域 5  总下注0
[14:47:5] 玩家21730 总下注0
[14:47:5] send >>>>>>>>>>>>>>>>>>>>>>>>>>>>>>> 0 message 57 size 112
[14:47:5] 玩家10454在区域 0  总下注10
[14:47:5] 玩家10454在区域 1  总下注30
[14:47:5] 玩家10454在区域 2  总下注10
[14:47:5] 玩家10454在区域 3  总下注0
[14:47:5] 玩家10454在区域 4  总下注10
[14:47:5] 玩家10454在区域 5  总下注20
[14:47:5] 玩家10454 总下注80
[14:47:5] send >>>>>>>>>>>>>>>>>>>>>>>>>>>>>>> 1 message 57 size 112
[14:47:5] send >>>>>>>>>>>>>>>>>>>>>>>>>>>>>>> 2 message 57 size 112
[14:47:6] recv  55 <<<<<<<<<<<<<<<<<<<<<<<<<<<<<<< 1
[14:47:6] userbet 10454  在4 下了 100,累计下注 180
[14:47:6] broad >>>>>>>>>>>>>>>>>>>>>>>>>>>>>>> message 56 size 6
[14:47:6] 区域 0  总下注10
[14:47:6] 区域 1  总下注30
[14:47:6] 区域 2  总下注10
[14:47:6] 区域 3  总下注0
[14:47:6] 区域 4  总下注110
[14:47:6] 区域 5  总下注20
[14:47:6] 玩家21730在区域 0  总下注0
[14:47:6] 玩家21730在区域 1  总下注0
[14:47:6] 玩家21730在区域 2  总下注0
[14:47:6] 玩家21730在区域 3  总下注0
[14:47:6] 玩家21730在区域 4  总下注0
[14:47:6] 玩家21730在区域 5  总下注0
[14:47:6] 玩家21730 总下注0
[14:47:6] send >>>>>>>>>>>>>>>>>>>>>>>>>>>>>>> 0 message 57 size 112
[14:47:6] 玩家10454在区域 0  总下注10
[14:47:6] 玩家10454在区域 1  总下注30
[14:47:6] 玩家10454在区域 2  总下注10
[14:47:6] 玩家10454在区域 3  总下注0
[14:47:6] 玩家10454在区域 4  总下注110
[14:47:6] 玩家10454在区域 5  总下注20
[14:47:6] 玩家10454 总下注180
[14:47:6] send >>>>>>>>>>>>>>>>>>>>>>>>>>>>>>> 1 message 57 size 112
[14:47:6] send >>>>>>>>>>>>>>>>>>>>>>>>>>>>>>> 2 message 57 size 112
[14:47:6] recv  55 <<<<<<<<<<<<<<<<<<<<<<<<<<<<<<< 1
[14:47:6] userbet 10454  在2 下了 100,累计下注 280
[14:47:6] broad >>>>>>>>>>>>>>>>>>>>>>>>>>>>>>> message 56 size 6
[14:47:6] 区域 0  总下注10
[14:47:6] 区域 1  总下注30
[14:47:6] 区域 2  总下注110
[14:47:6] 区域 3  总下注0
[14:47:6] 区域 4  总下注110
[14:47:6] 区域 5  总下注20
[14:47:6] 玩家21730在区域 0  总下注0
[14:47:6] 玩家21730在区域 1  总下注0
[14:47:6] 玩家21730在区域 2  总下注0
[14:47:6] 玩家21730在区域 3  总下注0
[14:47:6] 玩家21730在区域 4  总下注0
[14:47:6] 玩家21730在区域 5  总下注0
[14:47:6] 玩家21730 总下注0
[14:47:6] send >>>>>>>>>>>>>>>>>>>>>>>>>>>>>>> 0 message 57 size 112
[14:47:6] 玩家10454在区域 0  总下注10
[14:47:6] 玩家10454在区域 1  总下注30
[14:47:6] 玩家10454在区域 2  总下注110
[14:47:6] 玩家10454在区域 3  总下注0
[14:47:6] 玩家10454在区域 4  总下注110
[14:47:6] 玩家10454在区域 5  总下注20
[14:47:6] 玩家10454 总下注280
[14:47:6] send >>>>>>>>>>>>>>>>>>>>>>>>>>>>>>> 1 message 57 size 112
[14:47:6] send >>>>>>>>>>>>>>>>>>>>>>>>>>>>>>> 2 message 57 size 112
[14:47:6] recv  55 <<<<<<<<<<<<<<<<<<<<<<<<<<<<<<< 1
[14:47:6] userbet 10454  在3 下了 100,累计下注 380
[14:47:6] broad >>>>>>>>>>>>>>>>>>>>>>>>>>>>>>> message 56 size 6
[14:47:6] 区域 0  总下注10
[14:47:6] 区域 1  总下注30
[14:47:6] 区域 2  总下注110
[14:47:6] 区域 3  总下注100
[14:47:6] 区域 4  总下注110
[14:47:6] 区域 5  总下注20
[14:47:6] 玩家21730在区域 0  总下注0
[14:47:6] 玩家21730在区域 1  总下注0
[14:47:6] 玩家21730在区域 2  总下注0
[14:47:6] 玩家21730在区域 3  总下注0
[14:47:6] 玩家21730在区域 4  总下注0
[14:47:6] 玩家21730在区域 5  总下注0
[14:47:6] 玩家21730 总下注0
[14:47:6] send >>>>>>>>>>>>>>>>>>>>>>>>>>>>>>> 0 message 57 size 112
[14:47:6] 玩家10454在区域 0  总下注10
[14:47:6] 玩家10454在区域 1  总下注30
[14:47:6] 玩家10454在区域 2  总下注110
[14:47:6] 玩家10454在区域 3  总下注100
[14:47:6] 玩家10454在区域 4  总下注110
[14:47:6] 玩家10454在区域 5  总下注20
[14:47:6] 玩家10454 总下注380
[14:47:6] send >>>>>>>>>>>>>>>>>>>>>>>>>>>>>>> 1 message 57 size 112
[14:47:6] send >>>>>>>>>>>>>>>>>>>>>>>>>>>>>>> 2 message 57 size 112
[14:47:6] recv  55 <<<<<<<<<<<<<<<<<<<<<<<<<<<<<<< 1
[14:47:6] userbet 10454  在5 下了 100,累计下注 480
[14:47:6] broad >>>>>>>>>>>>>>>>>>>>>>>>>>>>>>> message 56 size 6
[14:47:6] 区域 0  总下注10
[14:47:6] 区域 1  总下注30
[14:47:6] 区域 2  总下注110
[14:47:6] 区域 3  总下注100
[14:47:6] 区域 4  总下注110
[14:47:6] 区域 5  总下注120
[14:47:6] 玩家21730在区域 0  总下注0
[14:47:6] 玩家21730在区域 1  总下注0
[14:47:6] 玩家21730在区域 2  总下注0
[14:47:6] 玩家21730在区域 3  总下注0
[14:47:6] 玩家21730在区域 4  总下注0
[14:47:6] 玩家21730在区域 5  总下注0
[14:47:6] 玩家21730 总下注0
[14:47:6] send >>>>>>>>>>>>>>>>>>>>>>>>>>>>>>> 0 message 57 size 112
[14:47:6] 玩家10454在区域 0  总下注10
[14:47:6] 玩家10454在区域 1  总下注30
[14:47:6] 玩家10454在区域 2  总下注110
[14:47:6] 玩家10454在区域 3  总下注100
[14:47:6] 玩家10454在区域 4  总下注110
[14:47:6] 玩家10454在区域 5  总下注120
[14:47:6] 玩家10454 总下注480
[14:47:6] send >>>>>>>>>>>>>>>>>>>>>>>>>>>>>>> 1 message 57 size 112
[14:47:6] send >>>>>>>>>>>>>>>>>>>>>>>>>>>>>>> 2 message 57 size 112
[14:47:6] recv  55 <<<<<<<<<<<<<<<<<<<<<<<<<<<<<<< 1
[14:47:6] userbet 10454  在2 下了 100,累计下注 580
[14:47:6] broad >>>>>>>>>>>>>>>>>>>>>>>>>>>>>>> message 56 size 6
[14:47:6] 区域 0  总下注10
[14:47:6] 区域 1  总下注30
[14:47:6] 区域 2  总下注210
[14:47:6] 区域 3  总下注100
[14:47:6] 区域 4  总下注110
[14:47:6] 区域 5  总下注120
[14:47:6] 玩家21730在区域 0  总下注0
[14:47:6] 玩家21730在区域 1  总下注0
[14:47:6] 玩家21730在区域 2  总下注0
[14:47:6] 玩家21730在区域 3  总下注0
[14:47:6] 玩家21730在区域 4  总下注0
[14:47:6] 玩家21730在区域 5  总下注0
[14:47:6] 玩家21730 总下注0
[14:47:6] send >>>>>>>>>>>>>>>>>>>>>>>>>>>>>>> 0 message 57 size 112
[14:47:6] 玩家10454在区域 0  总下注10
[14:47:6] 玩家10454在区域 1  总下注30
[14:47:6] 玩家10454在区域 2  总下注210
[14:47:6] 玩家10454在区域 3  总下注100
[14:47:6] 玩家10454在区域 4  总下注110
[14:47:6] 玩家10454在区域 5  总下注120
[14:47:6] 玩家10454 总下注580
[14:47:6] send >>>>>>>>>>>>>>>>>>>>>>>>>>>>>>> 1 message 57 size 112
[14:47:6] send >>>>>>>>>>>>>>>>>>>>>>>>>>>>>>> 2 message 57 size 112
[14:47:7] recv  55 <<<<<<<<<<<<<<<<<<<<<<<<<<<<<<< 1
[14:47:7] userbet 10454  在3 下了 100,累计下注 680
[14:47:7] broad >>>>>>>>>>>>>>>>>>>>>>>>>>>>>>> message 56 size 6
[14:47:7] 区域 0  总下注10
[14:47:7] 区域 1  总下注30
[14:47:7] 区域 2  总下注210
[14:47:7] 区域 3  总下注200
[14:47:7] 区域 4  总下注110
[14:47:7] 区域 5  总下注120
[14:47:7] 玩家21730在区域 0  总下注0
[14:47:7] 玩家21730在区域 1  总下注0
[14:47:7] 玩家21730在区域 2  总下注0
[14:47:7] 玩家21730在区域 3  总下注0
[14:47:7] 玩家21730在区域 4  总下注0
[14:47:7] 玩家21730在区域 5  总下注0
[14:47:7] 玩家21730 总下注0
[14:47:7] send >>>>>>>>>>>>>>>>>>>>>>>>>>>>>>> 0 message 57 size 112
[14:47:7] 玩家10454在区域 0  总下注10
[14:47:7] 玩家10454在区域 1  总下注30
[14:47:7] 玩家10454在区域 2  总下注210
[14:47:7] 玩家10454在区域 3  总下注200
[14:47:7] 玩家10454在区域 4  总下注110
[14:47:7] 玩家10454在区域 5  总下注120
[14:47:7] 玩家10454 总下注680
[14:47:7] send >>>>>>>>>>>>>>>>>>>>>>>>>>>>>>> 1 message 57 size 112
[14:47:7] send >>>>>>>>>>>>>>>>>>>>>>>>>>>>>>> 2 message 57 size 112
[14:47:10] card 0 4,c,   type 0   point 9
[14:47:10] card 1 11,d,   type 0   point 4
[14:47:10] card 2 5,5,   type 23   point 2
[14:47:10] card 3 3,12,   type 0   point 9
[14:47:10] broad >>>>>>>>>>>>>>>>>>>>>>>>>>>>>>> message 52 size 16
[14:47:25] 区域 0 结算 -10
[14:47:25] 区域 1 结算 -30
[14:47:25] 区域 2 结算 210
[14:47:25] 区域 3 结算 -200
[14:47:25] 区域 4 结算 0
[14:47:25] 区域 5 结算 0
[14:47:25] 玩家0[21730]  结算 0
[14:47:25] 玩家1[10454]  结算 -30
[14:47:25] 玩家2[19913]  结算 30
[14:47:25] broad >>>>>>>>>>>>>>>>>>>>>>>>>>>>>>> message 58 size 86
[14:47:27] 玩家0[21730]  结算 0, 分数 0, 总分数 0
[14:47:27] 玩家1[10454]  结算 -30, 分数 -30, 总分数 0
[14:47:27] 玩家2[19913]  结算 30, 分数 30, 总分数 0
[14:47:27] ******************游戏结束********************************



[14:47:30] broad >>>>>>>>>>>>>>>>>>>>>>>>>>>>>>> message 72 size 4
[14:47:31] 0:21730 ready
[14:47:45] 1:10454 leave
[14:47:45] 2:19913 leave
[14:48:34] 1:10454 sit
[14:48:35] 1:10454 onGetState
[14:48:35] send >>>>>>>>>>>>>>>>>>>>>>>>>>>>>>> 1 message 72 size 4
[14:48:35] 游戏局数 0,总局数 4
[14:48:35] broad >>>>>>>>>>>>>>>>>>>>>>>>>>>>>>> message 71 size 8
[14:48:49] 1:10454 leave
[14:48:56] 1:10454 sit
[14:48:57] 1:10454 onGetState
[14:48:57] send >>>>>>>>>>>>>>>>>>>>>>>>>>>>>>> 1 message 72 size 4
[14:48:57] 游戏局数 0,总局数 4
[14:48:57] broad >>>>>>>>>>>>>>>>>>>>>>>>>>>>>>> message 71 size 8
[14:48:59] 2:19913 sit
[14:48:59] 2:19913 onGetState
[14:48:59] send >>>>>>>>>>>>>>>>>>>>>>>>>>>>>>> 2 message 72 size 4
[14:48:59] 游戏局数 0,总局数 4
[14:48:59] broad >>>>>>>>>>>>>>>>>>>>>>>>>>>>>>> message 71 size 8
[14:49:0] 2:19913 ready
[14:49:1] 1:10454 ready
[14:49:1] *****************游戏开始***************
[14:49:1] [0][21730]连庄局数 2,总局数4
[14:49:1] [1][10454]连庄局数 0,总局数1
[14:49:1] [2][19913]连庄局数 0,总局数1
[14:49:1] 通知 庄家 0 坐庄次数 2
[14:49:1] broad >>>>>>>>>>>>>>>>>>>>>>>>>>>>>>> message 69 size 1
[14:49:1] 游戏局数 1,总局数 4
[14:49:1] broad >>>>>>>>>>>>>>>>>>>>>>>>>>>>>>> message 71 size 8
[14:49:1] broad >>>>>>>>>>>>>>>>>>>>>>>>>>>>>>> message 51 size 0
[14:49:4] recv  55 <<<<<<<<<<<<<<<<<<<<<<<<<<<<<<< 2
[14:49:4] userbet 19913  在1 下了 10,累计下注 10
[14:49:4] broad >>>>>>>>>>>>>>>>>>>>>>>>>>>>>>> message 56 size 6
[14:49:4] 区域 0  总下注0
[14:49:4] 区域 1  总下注10
[14:49:4] 区域 2  总下注0
[14:49:4] 区域 3  总下注0
[14:49:4] 区域 4  总下注0
[14:49:4] 区域 5  总下注0
[14:49:4] send >>>>>>>>>>>>>>>>>>>>>>>>>>>>>>> 0 message 57 size 112
[14:49:4] 玩家10454在区域 0  总下注0
[14:49:4] 玩家10454在区域 1  总下注0
[14:49:4] 玩家10454在区域 2  总下注0
[14:49:4] 玩家10454在区域 3  总下注0
[14:49:4] 玩家10454在区域 4  总下注0
[14:49:4] 玩家10454在区域 5  总下注0
[14:49:4] 玩家10454 总下注0
[14:49:4] send >>>>>>>>>>>>>>>>>>>>>>>>>>>>>>> 1 message 57 size 112
[14:49:4] 玩家19913在区域 0  总下注0
[14:49:4] 玩家19913在区域 1  总下注10
[14:49:4] 玩家19913在区域 2  总下注0
[14:49:4] 玩家19913在区域 3  总下注0
[14:49:4] 玩家19913在区域 4  总下注0
[14:49:4] 玩家19913在区域 5  总下注0
[14:49:4] 玩家19913 总下注10
[14:49:4] send >>>>>>>>>>>>>>>>>>>>>>>>>>>>>>> 2 message 57 size 112
[14:49:4] recv  55 <<<<<<<<<<<<<<<<<<<<<<<<<<<<<<< 2
[14:49:4] userbet 19913  在3 下了 10,累计下注 20
[14:49:4] broad >>>>>>>>>>>>>>>>>>>>>>>>>>>>>>> message 56 size 6
[14:49:4] 区域 0  总下注0
[14:49:4] 区域 1  总下注10
[14:49:4] 区域 2  总下注0
[14:49:4] 区域 3  总下注10
[14:49:4] 区域 4  总下注0
[14:49:4] 区域 5  总下注0
[14:49:4] send >>>>>>>>>>>>>>>>>>>>>>>>>>>>>>> 0 message 57 size 112
[14:49:4] 玩家10454在区域 0  总下注0
[14:49:4] 玩家10454在区域 1  总下注0
[14:49:4] 玩家10454在区域 2  总下注0
[14:49:4] 玩家10454在区域 3  总下注0
[14:49:4] 玩家10454在区域 4  总下注0
[14:49:4] 玩家10454在区域 5  总下注0
[14:49:4] 玩家10454 总下注0
[14:49:4] send >>>>>>>>>>>>>>>>>>>>>>>>>>>>>>> 1 message 57 size 112
[14:49:4] 玩家19913在区域 0  总下注0
[14:49:4] 玩家19913在区域 1  总下注10
[14:49:4] 玩家19913在区域 2  总下注0
[14:49:4] 玩家19913在区域 3  总下注10
[14:49:4] 玩家19913在区域 4  总下注0
[14:49:4] 玩家19913在区域 5  总下注0
[14:49:4] 玩家19913 总下注20
[14:49:4] send >>>>>>>>>>>>>>>>>>>>>>>>>>>>>>> 2 message 57 size 112
[14:49:4] recv  55 <<<<<<<<<<<<<<<<<<<<<<<<<<<<<<< 2
[14:49:4] userbet 19913  在0 下了 10,累计下注 30
[14:49:4] broad >>>>>>>>>>>>>>>>>>>>>>>>>>>>>>> message 56 size 6
[14:49:4] 区域 0  总下注10
[14:49:4] 区域 1  总下注10
[14:49:4] 区域 2  总下注0
[14:49:4] 区域 3  总下注10
[14:49:4] 区域 4  总下注0
[14:49:4] 区域 5  总下注0
[14:49:4] send >>>>>>>>>>>>>>>>>>>>>>>>>>>>>>> 0 message 57 size 112
[14:49:4] 玩家10454在区域 0  总下注0
[14:49:4] 玩家10454在区域 1  总下注0
[14:49:4] 玩家10454在区域 2  总下注0
[14:49:4] 玩家10454在区域 3  总下注0
[14:49:4] 玩家10454在区域 4  总下注0
[14:49:4] 玩家10454在区域 5  总下注0
[14:49:4] 玩家10454 总下注0
[14:49:4] send >>>>>>>>>>>>>>>>>>>>>>>>>>>>>>> 1 message 57 size 112
[14:49:4] 玩家19913在区域 0  总下注10
[14:49:4] 玩家19913在区域 1  总下注10
[14:49:4] 玩家19913在区域 2  总下注0
[14:49:4] 玩家19913在区域 3  总下注10
[14:49:4] 玩家19913在区域 4  总下注0
[14:49:4] 玩家19913在区域 5  总下注0
[14:49:4] 玩家19913 总下注30
[14:49:4] send >>>>>>>>>>>>>>>>>>>>>>>>>>>>>>> 2 message 57 size 112
[14:49:5] recv  55 <<<<<<<<<<<<<<<<<<<<<<<<<<<<<<< 2
[14:49:5] userbet 19913  在2 下了 10,累计下注 40
[14:49:5] broad >>>>>>>>>>>>>>>>>>>>>>>>>>>>>>> message 56 size 6
[14:49:5] 区域 0  总下注10
[14:49:5] 区域 1  总下注10
[14:49:5] 区域 2  总下注10
[14:49:5] 区域 3  总下注10
[14:49:5] 区域 4  总下注0
[14:49:5] 区域 5  总下注0
[14:49:5] send >>>>>>>>>>>>>>>>>>>>>>>>>>>>>>> 0 message 57 size 112
[14:49:5] 玩家10454在区域 0  总下注0
[14:49:5] 玩家10454在区域 1  总下注0
[14:49:5] 玩家10454在区域 2  总下注0
[14:49:5] 玩家10454在区域 3  总下注0
[14:49:5] 玩家10454在区域 4  总下注0
[14:49:5] 玩家10454在区域 5  总下注0
[14:49:5] 玩家10454 总下注0
[14:49:5] send >>>>>>>>>>>>>>>>>>>>>>>>>>>>>>> 1 message 57 size 112
[14:49:5] 玩家19913在区域 0  总下注10
[14:49:5] 玩家19913在区域 1  总下注10
[14:49:5] 玩家19913在区域 2  总下注10
[14:49:5] 玩家19913在区域 3  总下注10
[14:49:5] 玩家19913在区域 4  总下注0
[14:49:5] 玩家19913在区域 5  总下注0
[14:49:5] 玩家19913 总下注40
[14:49:5] send >>>>>>>>>>>>>>>>>>>>>>>>>>>>>>> 2 message 57 size 112
[14:49:5] recv  55 <<<<<<<<<<<<<<<<<<<<<<<<<<<<<<< 2
[14:49:5] userbet 19913  在4 下了 10,累计下注 50
[14:49:5] broad >>>>>>>>>>>>>>>>>>>>>>>>>>>>>>> message 56 size 6
[14:49:5] 区域 0  总下注10
[14:49:5] 区域 1  总下注10
[14:49:5] 区域 2  总下注10
[14:49:5] 区域 3  总下注10
[14:49:5] 区域 4  总下注10
[14:49:5] 区域 5  总下注0
[14:49:5] send >>>>>>>>>>>>>>>>>>>>>>>>>>>>>>> 0 message 57 size 112
[14:49:5] 玩家10454在区域 0  总下注0
[14:49:5] 玩家10454在区域 1  总下注0
[14:49:5] 玩家10454在区域 2  总下注0
[14:49:5] 玩家10454在区域 3  总下注0
[14:49:5] 玩家10454在区域 4  总下注0
[14:49:5] 玩家10454在区域 5  总下注0
[14:49:5] 玩家10454 总下注0
[14:49:5] send >>>>>>>>>>>>>>>>>>>>>>>>>>>>>>> 1 message 57 size 112
[14:49:5] 玩家19913在区域 0  总下注10
[14:49:5] 玩家19913在区域 1  总下注10
[14:49:5] 玩家19913在区域 2  总下注10
[14:49:5] 玩家19913在区域 3  总下注10
[14:49:5] 玩家19913在区域 4  总下注10
[14:49:5] 玩家19913在区域 5  总下注0
[14:49:5] 玩家19913 总下注50
[14:49:5] send >>>>>>>>>>>>>>>>>>>>>>>>>>>>>>> 2 message 57 size 112
[14:49:11] card 0 d,6,   type 0   point 2
[14:49:11] card 1 4,13,   type 0   point 5
[14:49:11] card 2 10,4,   type 0   point 7
[14:49:11] card 3 5,0,   type 0   point 8
[14:49:11] broad >>>>>>>>>>>>>>>>>>>>>>>>>>>>>>> message 52 size 16
[14:49:11] 0:21730 netcut
[14:49:26] 区域 0 结算 -10
[14:49:26] 区域 1 结算 -10
[14:49:26] 区域 2 结算 -10
[14:49:26] 区域 3 结算 -10
[14:49:26] 区域 4 结算 -10
[14:49:26] 区域 5 结算 0
[14:49:26] 玩家0[21730]  结算 50
[14:49:26] 玩家1[10454]  结算 0
[14:49:26] 玩家2[19913]  结算 -50
[14:49:26] broad >>>>>>>>>>>>>>>>>>>>>>>>>>>>>>> message 58 size 86
[14:49:28] 玩家0[21730]  结算 50, 分数 50, 总分数 0
[14:49:28] 玩家1[10454]  结算 0, 分数 0, 总分数 0
[14:49:28] 玩家2[19913]  结算 -50, 分数 -50, 总分数 0
[14:49:28] ******************游戏结束********************************



[14:49:31] broad >>>>>>>>>>>>>>>>>>>>>>>>>>>>>>> message 72 size 4
[14:49:38] 1:10454 ready
[14:49:39] 2:19913 ready
[14:49:39] *****************游戏开始***************
[14:49:39] 游戏局数 1,总局数 4
[14:49:39] broad >>>>>>>>>>>>>>>>>>>>>>>>>>>>>>> message 71 size 8
[14:49:39] broad >>>>>>>>>>>>>>>>>>>>>>>>>>>>>>> message 51 size 0
[14:49:49] card 0 5,5,   type 23   point 2
[14:49:49] card 1 9,13,   type 0   point 2
[14:49:49] card 2 7,4,   type 0   point 1
[14:49:49] card 3 6,3,   type 0   point 8
[14:49:49] broad >>>>>>>>>>>>>>>>>>>>>>>>>>>>>>> message 52 size 16
[14:50:6] 玩家1[10454]  结算 0, 分数 0, 总分数 0
[14:50:6] ******************游戏结束********************************



[14:50:9] broad >>>>>>>>>>>>>>>>>>>>>>>>>>>>>>> message 72 size 4
[14:50:10] 2:19913 leave
[14:50:11] 1:10454 leave
