[22:3:58] 0:22817 sit
[22:4:8] 0:22817 onGetState
[22:4:8] send >>>>>>>>>>>>>>>>>>>>>>>>>>>>>>> 0 message 72 size 4
[22:4:8] 游戏局数 0,总局数 4
[22:4:8] broad >>>>>>>>>>>>>>>>>>>>>>>>>>>>>>> message 71 size 8
[22:4:13] 0:22817 leave
[22:4:34] 0:22817 sit
[22:4:36] 0:22817 onGetState
[22:4:36] send >>>>>>>>>>>>>>>>>>>>>>>>>>>>>>> 0 message 72 size 4
[22:4:36] 游戏局数 0,总局数 4
[22:4:36] broad >>>>>>>>>>>>>>>>>>>>>>>>>>>>>>> message 71 size 8
[22:4:49] 0:22817 leave
[22:4:55] 0:22817 sit
[22:5:3] 0:22817 onGetState
[22:5:3] send >>>>>>>>>>>>>>>>>>>>>>>>>>>>>>> 0 message 72 size 4
[22:5:3] 游戏局数 0,总局数 4
[22:5:3] broad >>>>>>>>>>>>>>>>>>>>>>>>>>>>>>> message 71 size 8
[22:5:10] 0:22817 leave
[22:5:30] 0:22817 sit
[22:5:33] 0:22817 onGetState
[22:5:33] send >>>>>>>>>>>>>>>>>>>>>>>>>>>>>>> 0 message 72 size 4
[22:5:33] 游戏局数 0,总局数 4
[22:5:33] broad >>>>>>>>>>>>>>>>>>>>>>>>>>>>>>> message 71 size 8
[22:5:36] 0:22817 ready
[22:9:51] 0:22817 leave
