[18:11:54] 0:21546 sit
[18:11:56] 0:21546 onGetState
[18:11:56] send >>>>>>>>>>>>>>>>>>>>>>>>>>>>>>> 0 message 72 size 4
[18:11:56] 游戏局数 0,总局数 4
[18:11:56] broad >>>>>>>>>>>>>>>>>>>>>>>>>>>>>>> message 71 size 8
[18:12:6] 1:21921 sit
[18:12:6] 1:21921 onGetState
[18:12:6] send >>>>>>>>>>>>>>>>>>>>>>>>>>>>>>> 1 message 72 size 4
[18:12:6] 游戏局数 0,总局数 4
[18:12:6] broad >>>>>>>>>>>>>>>>>>>>>>>>>>>>>>> message 71 size 8
[18:12:10] 0:21546 leave
[18:12:11] 1:21921 ready
[18:12:12] 0:21546 sit
[18:12:13] 0:21546 onGetState
[18:12:13] send >>>>>>>>>>>>>>>>>>>>>>>>>>>>>>> 0 message 72 size 4
[18:12:13] 游戏局数 0,总局数 4
[18:12:13] broad >>>>>>>>>>>>>>>>>>>>>>>>>>>>>>> message 71 size 8
[18:12:14] 0:21546 ready
[18:12:14] *****************游戏开始***************
[18:12:14] [0][21546]连庄局数 1,总局数1
[18:12:14] [1][21921]连庄局数 0,总局数1
[18:12:14] 通知 庄家 0 坐庄次数 1
[18:12:14] broad >>>>>>>>>>>>>>>>>>>>>>>>>>>>>>> message 69 size 1
[18:12:14] 游戏局数 1,总局数 4
[18:12:14] broad >>>>>>>>>>>>>>>>>>>>>>>>>>>>>>> message 71 size 8
[18:12:14] broad >>>>>>>>>>>>>>>>>>>>>>>>>>>>>>> message 51 size 0
[18:12:21] recv  55 <<<<<<<<<<<<<<<<<<<<<<<<<<<<<<< 1
[18:12:21] userbet 21921  在0 下了 100,累计下注 100
[18:12:21] broad >>>>>>>>>>>>>>>>>>>>>>>>>>>>>>> message 56 size 6
[18:12:21] 区域 0  总下注100
[18:12:21] 区域 1  总下注0
[18:12:21] 区域 2  总下注0
[18:12:21] 区域 3  总下注0
[18:12:21] 区域 4  总下注0
[18:12:21] 区域 5  总下注0
[18:12:21] send >>>>>>>>>>>>>>>>>>>>>>>>>>>>>>> 0 message 57 size 112
[18:12:21] 玩家21921在区域 0  总下注100
[18:12:21] 玩家21921在区域 1  总下注0
[18:12:21] 玩家21921在区域 2  总下注0
[18:12:21] 玩家21921在区域 3  总下注0
[18:12:21] 玩家21921在区域 4  总下注0
[18:12:21] 玩家21921在区域 5  总下注0
[18:12:21] 玩家21921 总下注100
[18:12:21] send >>>>>>>>>>>>>>>>>>>>>>>>>>>>>>> 1 message 57 size 112
[18:12:25] card 0 5,c,   type 0   point 5
[18:12:25] card 1 0,5,   type 0   point 8
[18:12:25] card 2 6,d,   type 0   point 2
[18:12:25] card 3 3,7,   type 0   point 5
[18:12:25] broad >>>>>>>>>>>>>>>>>>>>>>>>>>>>>>> message 52 size 16
[18:12:40] 区域 0 结算 -100
[18:12:40] 区域 1 结算 0
[18:12:40] 区域 2 结算 0
[18:12:40] 区域 3 结算 0
[18:12:40] 区域 4 结算 0
[18:12:40] 区域 5 结算 0
[18:12:40] 玩家0[21546]  结算 100
[18:12:40] 玩家1[21921]  结算 -100
[18:12:40] broad >>>>>>>>>>>>>>>>>>>>>>>>>>>>>>> message 58 size 86
[18:12:41] 玩家0[21546]  结算 100, 分数 100, 总分数 0
[18:12:41] 玩家1[21921]  结算 -100, 分数 -100, 总分数 0
[18:12:41] ******************游戏结束********************************



[18:12:44] broad >>>>>>>>>>>>>>>>>>>>>>>>>>>>>>> message 72 size 4
[18:12:50] 1:21921 ready
[18:12:50] 0:21546 ready
[18:12:50] *****************游戏开始***************
[18:12:50] [0][21546]连庄局数 1,总局数2
[18:12:50] [1][21921]连庄局数 1,总局数2
[18:12:50] 通知 庄家 1 坐庄次数 1
[18:12:50] broad >>>>>>>>>>>>>>>>>>>>>>>>>>>>>>> message 69 size 1
[18:12:50] 游戏局数 2,总局数 4
[18:12:50] broad >>>>>>>>>>>>>>>>>>>>>>>>>>>>>>> message 71 size 8
[18:12:50] broad >>>>>>>>>>>>>>>>>>>>>>>>>>>>>>> message 51 size 0
[18:13:0] recv  55 <<<<<<<<<<<<<<<<<<<<<<<<<<<<<<< 0
[18:13:0] userbet 21546  在2 下了 1000,累计下注 1000
[18:13:0] broad >>>>>>>>>>>>>>>>>>>>>>>>>>>>>>> message 56 size 6
[18:13:0] 区域 0  总下注0
[18:13:0] 区域 1  总下注0
[18:13:0] 区域 2  总下注1000
[18:13:0] 区域 3  总下注0
[18:13:0] 区域 4  总下注0
[18:13:0] 区域 5  总下注0
[18:13:0] 玩家21546在区域 0  总下注0
[18:13:0] 玩家21546在区域 1  总下注0
[18:13:0] 玩家21546在区域 2  总下注1000
[18:13:0] 玩家21546在区域 3  总下注0
[18:13:0] 玩家21546在区域 4  总下注0
[18:13:0] 玩家21546在区域 5  总下注0
[18:13:0] 玩家21546 总下注1000
[18:13:0] send >>>>>>>>>>>>>>>>>>>>>>>>>>>>>>> 0 message 57 size 112
[18:13:0] send >>>>>>>>>>>>>>>>>>>>>>>>>>>>>>> 1 message 57 size 112
[18:13:0] card 0 5,e,   type 0   point 4
[18:13:0] card 1 2,6,   type 0   point 2
[18:13:0] card 2 1,10,   type 0   point 9
[18:13:0] card 3 9,6,   type 0   point 1
[18:13:0] broad >>>>>>>>>>>>>>>>>>>>>>>>>>>>>>> message 52 size 16
[18:13:15] 区域 0 结算 0
[18:13:15] 区域 1 结算 0
[18:13:15] 区域 2 结算 1000
[18:13:15] 区域 3 结算 0
[18:13:15] 区域 4 结算 0
[18:13:15] 区域 5 结算 0
[18:13:15] 玩家0[21546]  结算 1000
[18:13:15] 玩家1[21921]  结算 -1000
[18:13:15] broad >>>>>>>>>>>>>>>>>>>>>>>>>>>>>>> message 58 size 86
[18:13:17] 玩家0[21546]  结算 1000, 分数 1000, 总分数 0
[18:13:17] 玩家1[21921]  结算 -1000, 分数 -1000, 总分数 0
[18:13:17] ******************游戏结束********************************



[18:13:20] broad >>>>>>>>>>>>>>>>>>>>>>>>>>>>>>> message 72 size 4
[18:13:22] 0:21546 ready
[18:13:25] 1:21921 ready
[18:13:25] *****************游戏开始***************
[18:13:25] [0][21546]连庄局数 2,总局数3
[18:13:25] [1][21921]连庄局数 1,总局数3
[18:13:25] 通知 庄家 0 坐庄次数 2
[18:13:25] broad >>>>>>>>>>>>>>>>>>>>>>>>>>>>>>> message 69 size 1
[18:13:25] 游戏局数 3,总局数 4
[18:13:25] broad >>>>>>>>>>>>>>>>>>>>>>>>>>>>>>> message 71 size 8
[18:13:25] broad >>>>>>>>>>>>>>>>>>>>>>>>>>>>>>> message 51 size 0
[18:13:35] card 0 9,c,   type 0   point 6
[18:13:35] card 1 b,4,   type 0   point 9
[18:13:35] card 2 5,7,   type 0   point 7
[18:13:35] card 3 1,4,   type 0   point 2
[18:13:35] broad >>>>>>>>>>>>>>>>>>>>>>>>>>>>>>> message 52 size 16
[18:13:50] 区域 0 结算 0
[18:13:50] 区域 1 结算 0
[18:13:50] 区域 2 结算 0
[18:13:50] 区域 3 结算 0
[18:13:50] 区域 4 结算 0
[18:13:50] 区域 5 结算 0
[18:13:50] 玩家0[21546]  结算 0
[18:13:50] 玩家1[21921]  结算 0
[18:13:50] broad >>>>>>>>>>>>>>>>>>>>>>>>>>>>>>> message 58 size 86
[18:13:52] 玩家0[21546]  结算 0, 分数 0, 总分数 0
[18:13:52] 玩家1[21921]  结算 0, 分数 0, 总分数 0
[18:13:52] ******************游戏结束********************************



[18:13:55] broad >>>>>>>>>>>>>>>>>>>>>>>>>>>>>>> message 72 size 4
[18:13:57] 1:21921 leave
[18:13:57] 0:21546 leave
