[2017-12-22 10:03:15] 掷2颗色子确定起牌方向： byGetPaiDir=2-Phone15229, 3 6
[2017-12-22 10:03:18] 掷2颗色子确定起牌敦数事件: 5 1 6
[2017-12-22 10:03:23] 玩家0-121314的门牌： 
[2017-12-22 10:03:23]   门牌1=255
[2017-12-22 10:03:23]   门牌2=255
[2017-12-22 10:03:23]   门牌3=255
[2017-12-22 10:03:23]   门牌4=255
[2017-12-22 10:03:23]   门牌5=255
[2017-12-22 10:03:23]   门牌6=255
[2017-12-22 10:03:23]   门牌7=255
[2017-12-22 10:03:23]   门牌8=255
[2017-12-22 10:03:23]   门牌9=255
[2017-12-22 10:03:23]   门牌10=0
[2017-12-22 10:03:23]   门牌11=0
[2017-12-22 10:03:23]   门牌12=0
[2017-12-22 10:03:23]   门牌13=0
[2017-12-22 10:03:23]   门牌14=0
[2017-12-22 10:03:23]   门牌15=0
[2017-12-22 10:03:23]   门牌16=0
[2017-12-22 10:03:23]   门牌17=0
[2017-12-22 10:03:23]   门牌18=0
[2017-12-22 10:03:23]   门牌19=0
[2017-12-22 10:03:23]   门牌20=0
[2017-12-22 10:03:23]   门牌21=0
[2017-12-22 10:03:23]   门牌22=0
[2017-12-22 10:03:23]   门牌23=0
[2017-12-22 10:03:23]   门牌24=0
[2017-12-22 10:03:23]   门牌25=0
[2017-12-22 10:03:23]   门牌26=0
[2017-12-22 10:03:23]   门牌27=0
[2017-12-22 10:03:23]   门牌28=0
[2017-12-22 10:03:23] 玩家1-Phone15227的门牌： 
[2017-12-22 10:03:23]   门牌1=0
[2017-12-22 10:03:23]   门牌2=0
[2017-12-22 10:03:23]   门牌3=0
[2017-12-22 10:03:23]   门牌4=0
[2017-12-22 10:03:23]   门牌5=0
[2017-12-22 10:03:23]   门牌6=0
[2017-12-22 10:03:23]   门牌7=0
[2017-12-22 10:03:23]   门牌8=0
[2017-12-22 10:03:23]   门牌9=0
[2017-12-22 10:03:23]   门牌10=0
[2017-12-22 10:03:23]   门牌11=0
[2017-12-22 10:03:23]   门牌12=0
[2017-12-22 10:03:23]   门牌13=0
[2017-12-22 10:03:23]   门牌14=0
[2017-12-22 10:03:23]   门牌15=0
[2017-12-22 10:03:23]   门牌16=0
[2017-12-22 10:03:23]   门牌17=0
[2017-12-22 10:03:23]   门牌18=0
[2017-12-22 10:03:23]   门牌19=0
[2017-12-22 10:03:23]   门牌20=0
[2017-12-22 10:03:23]   门牌21=0
[2017-12-22 10:03:23]   门牌22=0
[2017-12-22 10:03:23]   门牌23=0
[2017-12-22 10:03:23]   门牌24=0
[2017-12-22 10:03:23]   门牌25=0
[2017-12-22 10:03:23]   门牌26=0
[2017-12-22 10:03:23]   门牌27=255
[2017-12-22 10:03:23]   门牌28=255
[2017-12-22 10:03:23] 玩家2-Phone15229的门牌： 
[2017-12-22 10:03:23]   门牌1=0
[2017-12-22 10:03:23]   门牌2=0
[2017-12-22 10:03:23]   门牌3=0
[2017-12-22 10:03:23]   门牌4=0
[2017-12-22 10:03:23]   门牌5=0
[2017-12-22 10:03:23]   门牌6=0
[2017-12-22 10:03:23]   门牌7=0
[2017-12-22 10:03:23]   门牌8=0
[2017-12-22 10:03:23]   门牌9=255
[2017-12-22 10:03:23]   门牌10=255
[2017-12-22 10:03:23]   门牌11=255
[2017-12-22 10:03:23]   门牌12=255
[2017-12-22 10:03:23]   门牌13=255
[2017-12-22 10:03:23]   门牌14=255
[2017-12-22 10:03:23]   门牌15=255
[2017-12-22 10:03:23]   门牌16=255
[2017-12-22 10:03:23]   门牌17=255
[2017-12-22 10:03:23]   门牌18=255
[2017-12-22 10:03:23]   门牌19=255
[2017-12-22 10:03:23]   门牌20=255
[2017-12-22 10:03:23]   门牌21=255
[2017-12-22 10:03:23]   门牌22=255
[2017-12-22 10:03:23]   门牌23=255
[2017-12-22 10:03:23]   门牌24=255
[2017-12-22 10:03:23]   门牌25=255
[2017-12-22 10:03:23]   门牌26=255
[2017-12-22 10:03:23]   门牌27=255
[2017-12-22 10:03:23]   门牌28=255
[2017-12-22 10:03:23] 玩家3-Phone15230的门牌： 
[2017-12-22 10:03:23]   门牌1=255
[2017-12-22 10:03:23]   门牌2=255
[2017-12-22 10:03:23]   门牌3=255
[2017-12-22 10:03:23]   门牌4=255
[2017-12-22 10:03:23]   门牌5=255
[2017-12-22 10:03:23]   门牌6=255
[2017-12-22 10:03:23]   门牌7=255
[2017-12-22 10:03:23]   门牌8=255
[2017-12-22 10:03:23]   门牌9=255
[2017-12-22 10:03:23]   门牌10=255
[2017-12-22 10:03:23]   门牌11=255
[2017-12-22 10:03:23]   门牌12=255
[2017-12-22 10:03:23]   门牌13=255
[2017-12-22 10:03:23]   门牌14=255
[2017-12-22 10:03:23]   门牌15=255
[2017-12-22 10:03:23]   门牌16=255
[2017-12-22 10:03:23]   门牌17=255
[2017-12-22 10:03:23]   门牌18=255
[2017-12-22 10:03:23]   门牌19=255
[2017-12-22 10:03:23]   门牌20=255
[2017-12-22 10:03:23]   门牌21=255
[2017-12-22 10:03:23]   门牌22=255
[2017-12-22 10:03:23]   门牌23=255
[2017-12-22 10:03:23]   门牌24=255
[2017-12-22 10:03:23]   门牌25=255
[2017-12-22 10:03:23]   门牌26=255
[2017-12-22 10:03:23]   门牌27=255
[2017-12-22 10:03:23]   门牌28=255
[2017-12-22 10:20:16] 掷2颗色子确定起牌方向： byGetPaiDir=0-121314, 1 5
[2017-12-22 10:20:19] 掷2颗色子确定起牌敦数事件: 4 5 9
[2017-12-22 10:20:24] 玩家0-121314的门牌： 
[2017-12-22 10:20:24]   门牌1=0
[2017-12-22 10:20:24]   门牌2=0
[2017-12-22 10:20:24]   门牌3=0
[2017-12-22 10:20:24]   门牌4=0
[2017-12-22 10:20:24]   门牌5=0
[2017-12-22 10:20:24]   门牌6=0
[2017-12-22 10:20:24]   门牌7=0
[2017-12-22 10:20:24]   门牌8=0
[2017-12-22 10:20:24]   门牌9=0
[2017-12-22 10:20:24]   门牌10=0
[2017-12-22 10:20:24]   门牌11=0
[2017-12-22 10:20:24]   门牌12=0
[2017-12-22 10:20:24]   门牌13=0
[2017-12-22 10:20:24]   门牌14=0
[2017-12-22 10:20:24]   门牌15=0
[2017-12-22 10:20:24]   门牌16=0
[2017-12-22 10:20:24]   门牌17=0
[2017-12-22 10:20:24]   门牌18=0
[2017-12-22 10:20:24]   门牌19=255
[2017-12-22 10:20:24]   门牌20=255
[2017-12-22 10:20:24]   门牌21=255
[2017-12-22 10:20:24]   门牌22=255
[2017-12-22 10:20:24]   门牌23=255
[2017-12-22 10:20:24]   门牌24=255
[2017-12-22 10:20:24]   门牌25=255
[2017-12-22 10:20:24]   门牌26=255
[2017-12-22 10:20:24]   门牌27=255
[2017-12-22 10:20:24]   门牌28=255
[2017-12-22 10:20:24] 玩家1-Phone15227的门牌： 
[2017-12-22 10:20:24]   门牌1=255
[2017-12-22 10:20:24]   门牌2=255
[2017-12-22 10:20:24]   门牌3=255
[2017-12-22 10:20:24]   门牌4=255
[2017-12-22 10:20:24]   门牌5=255
[2017-12-22 10:20:24]   门牌6=255
[2017-12-22 10:20:24]   门牌7=255
[2017-12-22 10:20:24]   门牌8=255
[2017-12-22 10:20:24]   门牌9=255
[2017-12-22 10:20:24]   门牌10=255
[2017-12-22 10:20:24]   门牌11=255
[2017-12-22 10:20:24]   门牌12=255
[2017-12-22 10:20:24]   门牌13=255
[2017-12-22 10:20:24]   门牌14=255
[2017-12-22 10:20:24]   门牌15=255
[2017-12-22 10:20:24]   门牌16=255
[2017-12-22 10:20:24]   门牌17=255
[2017-12-22 10:20:24]   门牌18=255
[2017-12-22 10:20:24]   门牌19=255
[2017-12-22 10:20:24]   门牌20=255
[2017-12-22 10:20:24]   门牌21=255
[2017-12-22 10:20:24]   门牌22=255
[2017-12-22 10:20:24]   门牌23=255
[2017-12-22 10:20:24]   门牌24=255
[2017-12-22 10:20:24]   门牌25=255
[2017-12-22 10:20:24]   门牌26=255
[2017-12-22 10:20:24]   门牌27=255
[2017-12-22 10:20:24]   门牌28=255
[2017-12-22 10:20:24] 玩家2-Phone15229的门牌： 
[2017-12-22 10:20:24]   门牌1=255
[2017-12-22 10:20:24]   门牌2=255
[2017-12-22 10:20:24]   门牌3=255
[2017-12-22 10:20:24]   门牌4=255
[2017-12-22 10:20:24]   门牌5=255
[2017-12-22 10:20:24]   门牌6=255
[2017-12-22 10:20:24]   门牌7=255
[2017-12-22 10:20:24]   门牌8=255
[2017-12-22 10:20:24]   门牌9=255
[2017-12-22 10:20:24]   门牌10=255
[2017-12-22 10:20:24]   门牌11=255
[2017-12-22 10:20:24]   门牌12=255
[2017-12-22 10:20:24]   门牌13=255
[2017-12-22 10:20:24]   门牌14=255
[2017-12-22 10:20:24]   门牌15=255
[2017-12-22 10:20:24]   门牌16=0
[2017-12-22 10:20:24]   门牌17=0
[2017-12-22 10:20:24]   门牌18=0
[2017-12-22 10:20:24]   门牌19=0
[2017-12-22 10:20:24]   门牌20=0
[2017-12-22 10:20:24]   门牌21=0
[2017-12-22 10:20:24]   门牌22=0
[2017-12-22 10:20:24]   门牌23=0
[2017-12-22 10:20:24]   门牌24=0
[2017-12-22 10:20:24]   门牌25=0
[2017-12-22 10:20:24]   门牌26=0
[2017-12-22 10:20:24]   门牌27=0
[2017-12-22 10:20:24]   门牌28=0
[2017-12-22 10:20:24] 玩家3-Phone15230的门牌： 
[2017-12-22 10:20:24]   门牌1=0
[2017-12-22 10:20:24]   门牌2=0
[2017-12-22 10:20:24]   门牌3=0
[2017-12-22 10:20:24]   门牌4=0
[2017-12-22 10:20:24]   门牌5=0
[2017-12-22 10:20:24]   门牌6=0
[2017-12-22 10:20:24]   门牌7=0
[2017-12-22 10:20:24]   门牌8=0
[2017-12-22 10:20:24]   门牌9=0
[2017-12-22 10:20:24]   门牌10=0
[2017-12-22 10:20:24]   门牌11=0
[2017-12-22 10:20:24]   门牌12=0
[2017-12-22 10:20:24]   门牌13=0
[2017-12-22 10:20:24]   门牌14=0
[2017-12-22 10:20:24]   门牌15=0
[2017-12-22 10:20:24]   门牌16=0
[2017-12-22 10:20:24]   门牌17=0
[2017-12-22 10:20:24]   门牌18=0
[2017-12-22 10:20:24]   门牌19=0
[2017-12-22 10:20:24]   门牌20=0
[2017-12-22 10:20:24]   门牌21=0
[2017-12-22 10:20:24]   门牌22=0
[2017-12-22 10:20:24]   门牌23=0
[2017-12-22 10:20:24]   门牌24=0
[2017-12-22 10:20:24]   门牌25=255
[2017-12-22 10:20:24]   门牌26=255
[2017-12-22 10:20:24]   门牌27=255
[2017-12-22 10:20:24]   门牌28=255
[2017-12-22 10:23:05] 掷2颗色子确定起牌方向： byGetPaiDir=2-Phone15229, 1 6
[2017-12-22 10:23:08] 掷2颗色子确定起牌敦数事件: 5 5 10
[2017-12-22 10:23:13] 玩家0-121314的门牌： 
[2017-12-22 10:23:13]   门牌1=255
[2017-12-22 10:23:13]   门牌2=255
[2017-12-22 10:23:13]   门牌3=255
[2017-12-22 10:23:13]   门牌4=255
[2017-12-22 10:23:13]   门牌5=255
[2017-12-22 10:23:13]   门牌6=255
[2017-12-22 10:23:13]   门牌7=255
[2017-12-22 10:23:13]   门牌8=255
[2017-12-22 10:23:13]   门牌9=255
[2017-12-22 10:23:13]   门牌10=255
[2017-12-22 10:23:13]   门牌11=255
[2017-12-22 10:23:13]   门牌12=255
[2017-12-22 10:23:13]   门牌13=255
[2017-12-22 10:23:13]   门牌14=255
[2017-12-22 10:23:13]   门牌15=255
[2017-12-22 10:23:13]   门牌16=255
[2017-12-22 10:23:13]   门牌17=255
[2017-12-22 10:23:13]   门牌18=0
[2017-12-22 10:23:13]   门牌19=0
[2017-12-22 10:23:13]   门牌20=0
[2017-12-22 10:23:13]   门牌21=0
[2017-12-22 10:23:13]   门牌22=0
[2017-12-22 10:23:13]   门牌23=0
[2017-12-22 10:23:13]   门牌24=0
[2017-12-22 10:23:13]   门牌25=0
[2017-12-22 10:23:13]   门牌26=0
[2017-12-22 10:23:13]   门牌27=0
[2017-12-22 10:23:13]   门牌28=0
[2017-12-22 10:23:13] 玩家1-Phone15227的门牌： 
[2017-12-22 10:23:13]   门牌1=0
[2017-12-22 10:23:13]   门牌2=0
[2017-12-22 10:23:13]   门牌3=0
[2017-12-22 10:23:13]   门牌4=0
[2017-12-22 10:23:13]   门牌5=0
[2017-12-22 10:23:13]   门牌6=0
[2017-12-22 10:23:13]   门牌7=0
[2017-12-22 10:23:13]   门牌8=0
[2017-12-22 10:23:13]   门牌9=0
[2017-12-22 10:23:13]   门牌10=0
[2017-12-22 10:23:13]   门牌11=0
[2017-12-22 10:23:13]   门牌12=0
[2017-12-22 10:23:13]   门牌13=0
[2017-12-22 10:23:13]   门牌14=0
[2017-12-22 10:23:13]   门牌15=0
[2017-12-22 10:23:13]   门牌16=0
[2017-12-22 10:23:13]   门牌17=0
[2017-12-22 10:23:13]   门牌18=0
[2017-12-22 10:23:13]   门牌19=0
[2017-12-22 10:23:13]   门牌20=0
[2017-12-22 10:23:13]   门牌21=0
[2017-12-22 10:23:13]   门牌22=0
[2017-12-22 10:23:13]   门牌23=0
[2017-12-22 10:23:13]   门牌24=0
[2017-12-22 10:23:13]   门牌25=0
[2017-12-22 10:23:13]   门牌26=0
[2017-12-22 10:23:13]   门牌27=255
[2017-12-22 10:23:13]   门牌28=255
[2017-12-22 10:23:13] 玩家2-Phone15229的门牌： 
[2017-12-22 10:23:13]   门牌1=0
[2017-12-22 10:23:13]   门牌2=0
[2017-12-22 10:23:13]   门牌3=0
[2017-12-22 10:23:13]   门牌4=0
[2017-12-22 10:23:13]   门牌5=0
[2017-12-22 10:23:13]   门牌6=0
[2017-12-22 10:23:13]   门牌7=0
[2017-12-22 10:23:13]   门牌8=0
[2017-12-22 10:23:13]   门牌9=0
[2017-12-22 10:23:13]   门牌10=0
[2017-12-22 10:23:13]   门牌11=0
[2017-12-22 10:23:13]   门牌12=0
[2017-12-22 10:23:13]   门牌13=0
[2017-12-22 10:23:13]   门牌14=0
[2017-12-22 10:23:13]   门牌15=0
[2017-12-22 10:23:13]   门牌16=0
[2017-12-22 10:23:13]   门牌17=255
[2017-12-22 10:23:13]   门牌18=255
[2017-12-22 10:23:13]   门牌19=255
[2017-12-22 10:23:13]   门牌20=255
[2017-12-22 10:23:13]   门牌21=255
[2017-12-22 10:23:13]   门牌22=255
[2017-12-22 10:23:13]   门牌23=255
[2017-12-22 10:23:13]   门牌24=255
[2017-12-22 10:23:13]   门牌25=255
[2017-12-22 10:23:13]   门牌26=255
[2017-12-22 10:23:13]   门牌27=255
[2017-12-22 10:23:13]   门牌28=255
[2017-12-22 10:23:13] 玩家3-Phone15230的门牌： 
[2017-12-22 10:23:13]   门牌1=255
[2017-12-22 10:23:13]   门牌2=255
[2017-12-22 10:23:13]   门牌3=255
[2017-12-22 10:23:13]   门牌4=255
[2017-12-22 10:23:13]   门牌5=255
[2017-12-22 10:23:13]   门牌6=255
[2017-12-22 10:23:13]   门牌7=255
[2017-12-22 10:23:13]   门牌8=255
[2017-12-22 10:23:13]   门牌9=255
[2017-12-22 10:23:13]   门牌10=255
[2017-12-22 10:23:13]   门牌11=255
[2017-12-22 10:23:13]   门牌12=255
[2017-12-22 10:23:13]   门牌13=255
[2017-12-22 10:23:13]   门牌14=255
[2017-12-22 10:23:13]   门牌15=255
[2017-12-22 10:23:13]   门牌16=255
[2017-12-22 10:23:13]   门牌17=255
[2017-12-22 10:23:13]   门牌18=255
[2017-12-22 10:23:13]   门牌19=255
[2017-12-22 10:23:13]   门牌20=255
[2017-12-22 10:23:13]   门牌21=255
[2017-12-22 10:23:13]   门牌22=255
[2017-12-22 10:23:13]   门牌23=255
[2017-12-22 10:23:13]   门牌24=255
[2017-12-22 10:23:13]   门牌25=255
[2017-12-22 10:23:13]   门牌26=255
[2017-12-22 10:23:13]   门牌27=255
[2017-12-22 10:23:13]   门牌28=255
[2017-12-22 10:29:29] 掷2颗色子确定起牌方向： byGetPaiDir=2-Phone15229, 1 6
[2017-12-22 10:29:32] 掷2颗色子确定起牌敦数事件: 5 5 10
[2017-12-22 10:29:37] 玩家0-121314的门牌： 
[2017-12-22 10:29:37]   门牌1=255
[2017-12-22 10:29:37]   门牌2=255
[2017-12-22 10:29:37]   门牌3=255
[2017-12-22 10:29:37]   门牌4=255
[2017-12-22 10:29:37]   门牌5=255
[2017-12-22 10:29:37]   门牌6=255
[2017-12-22 10:29:37]   门牌7=255
[2017-12-22 10:29:37]   门牌8=255
[2017-12-22 10:29:37]   门牌9=255
[2017-12-22 10:29:37]   门牌10=255
[2017-12-22 10:29:37]   门牌11=255
[2017-12-22 10:29:37]   门牌12=255
[2017-12-22 10:29:37]   门牌13=255
[2017-12-22 10:29:37]   门牌14=255
[2017-12-22 10:29:37]   门牌15=255
[2017-12-22 10:29:37]   门牌16=255
[2017-12-22 10:29:37]   门牌17=255
[2017-12-22 10:29:37]   门牌18=0
[2017-12-22 10:29:37]   门牌19=0
[2017-12-22 10:29:37]   门牌20=0
[2017-12-22 10:29:37]   门牌21=0
[2017-12-22 10:29:37]   门牌22=0
[2017-12-22 10:29:37]   门牌23=0
[2017-12-22 10:29:37]   门牌24=0
[2017-12-22 10:29:37]   门牌25=0
[2017-12-22 10:29:37]   门牌26=0
[2017-12-22 10:29:37]   门牌27=0
[2017-12-22 10:29:37]   门牌28=0
[2017-12-22 10:29:37] 玩家1-Phone15227的门牌： 
[2017-12-22 10:29:37]   门牌1=0
[2017-12-22 10:29:37]   门牌2=0
[2017-12-22 10:29:37]   门牌3=0
[2017-12-22 10:29:37]   门牌4=0
[2017-12-22 10:29:37]   门牌5=0
[2017-12-22 10:29:37]   门牌6=0
[2017-12-22 10:29:37]   门牌7=0
[2017-12-22 10:29:37]   门牌8=0
[2017-12-22 10:29:37]   门牌9=0
[2017-12-22 10:29:37]   门牌10=0
[2017-12-22 10:29:37]   门牌11=0
[2017-12-22 10:29:37]   门牌12=0
[2017-12-22 10:29:37]   门牌13=0
[2017-12-22 10:29:37]   门牌14=0
[2017-12-22 10:29:37]   门牌15=0
[2017-12-22 10:29:37]   门牌16=0
[2017-12-22 10:29:37]   门牌17=0
[2017-12-22 10:29:37]   门牌18=0
[2017-12-22 10:29:37]   门牌19=0
[2017-12-22 10:29:37]   门牌20=0
[2017-12-22 10:29:37]   门牌21=0
[2017-12-22 10:29:37]   门牌22=0
[2017-12-22 10:29:37]   门牌23=0
[2017-12-22 10:29:37]   门牌24=0
[2017-12-22 10:29:37]   门牌25=0
[2017-12-22 10:29:37]   门牌26=0
[2017-12-22 10:29:37]   门牌27=255
[2017-12-22 10:29:37]   门牌28=255
[2017-12-22 10:29:37] 玩家2-Phone15229的门牌： 
[2017-12-22 10:29:37]   门牌1=0
[2017-12-22 10:29:37]   门牌2=0
[2017-12-22 10:29:37]   门牌3=0
[2017-12-22 10:29:37]   门牌4=0
[2017-12-22 10:29:37]   门牌5=0
[2017-12-22 10:29:37]   门牌6=0
[2017-12-22 10:29:37]   门牌7=0
[2017-12-22 10:29:37]   门牌8=0
[2017-12-22 10:29:37]   门牌9=0
[2017-12-22 10:29:37]   门牌10=0
[2017-12-22 10:29:37]   门牌11=0
[2017-12-22 10:29:37]   门牌12=0
[2017-12-22 10:29:37]   门牌13=0
[2017-12-22 10:29:37]   门牌14=0
[2017-12-22 10:29:37]   门牌15=0
[2017-12-22 10:29:37]   门牌16=0
[2017-12-22 10:29:37]   门牌17=255
[2017-12-22 10:29:37]   门牌18=255
[2017-12-22 10:29:37]   门牌19=255
[2017-12-22 10:29:37]   门牌20=255
[2017-12-22 10:29:37]   门牌21=255
[2017-12-22 10:29:37]   门牌22=255
[2017-12-22 10:29:37]   门牌23=255
[2017-12-22 10:29:37]   门牌24=255
[2017-12-22 10:29:37]   门牌25=255
[2017-12-22 10:29:37]   门牌26=255
[2017-12-22 10:29:37]   门牌27=255
[2017-12-22 10:29:37]   门牌28=255
[2017-12-22 10:29:37] 玩家3-Phone15230的门牌： 
[2017-12-22 10:29:37]   门牌1=255
[2017-12-22 10:29:37]   门牌2=255
[2017-12-22 10:29:37]   门牌3=255
[2017-12-22 10:29:37]   门牌4=255
[2017-12-22 10:29:37]   门牌5=255
[2017-12-22 10:29:37]   门牌6=255
[2017-12-22 10:29:37]   门牌7=255
[2017-12-22 10:29:37]   门牌8=255
[2017-12-22 10:29:37]   门牌9=255
[2017-12-22 10:29:37]   门牌10=255
[2017-12-22 10:29:37]   门牌11=255
[2017-12-22 10:29:37]   门牌12=255
[2017-12-22 10:29:37]   门牌13=255
[2017-12-22 10:29:37]   门牌14=255
[2017-12-22 10:29:37]   门牌15=255
[2017-12-22 10:29:37]   门牌16=255
[2017-12-22 10:29:37]   门牌17=255
[2017-12-22 10:29:37]   门牌18=255
[2017-12-22 10:29:37]   门牌19=255
[2017-12-22 10:29:37]   门牌20=255
[2017-12-22 10:29:37]   门牌21=255
[2017-12-22 10:29:37]   门牌22=255
[2017-12-22 10:29:37]   门牌23=255
[2017-12-22 10:29:37]   门牌24=255
[2017-12-22 10:29:37]   门牌25=255
[2017-12-22 10:29:37]   门牌26=255
[2017-12-22 10:29:37]   门牌27=255
[2017-12-22 10:29:37]   门牌28=255
[2017-12-22 11:29:54] 掷2颗色子确定起牌方向： byGetPaiDir=3-Phone15230, 1 3
[2017-12-22 11:29:57] 掷2颗色子确定起牌敦数事件: 2 5 7
[2017-12-22 11:30:02] 玩家0-121314的门牌： 
[2017-12-22 11:30:02]   门牌1=255
[2017-12-22 11:30:02]   门牌2=255
[2017-12-22 11:30:02]   门牌3=255
[2017-12-22 11:30:02]   门牌4=255
[2017-12-22 11:30:02]   门牌5=255
[2017-12-22 11:30:02]   门牌6=255
[2017-12-22 11:30:02]   门牌7=255
[2017-12-22 11:30:02]   门牌8=255
[2017-12-22 11:30:02]   门牌9=255
[2017-12-22 11:30:02]   门牌10=255
[2017-12-22 11:30:02]   门牌11=255
[2017-12-22 11:30:02]   门牌12=255
[2017-12-22 11:30:02]   门牌13=255
[2017-12-22 11:30:02]   门牌14=255
[2017-12-22 11:30:02]   门牌15=255
[2017-12-22 11:30:02]   门牌16=255
[2017-12-22 11:30:02]   门牌17=255
[2017-12-22 11:30:02]   门牌18=255
[2017-12-22 11:30:02]   门牌19=255
[2017-12-22 11:30:02]   门牌20=255
[2017-12-22 11:30:02]   门牌21=255
[2017-12-22 11:30:02]   门牌22=255
[2017-12-22 11:30:02]   门牌23=255
[2017-12-22 11:30:02]   门牌24=255
[2017-12-22 11:30:02]   门牌25=255
[2017-12-22 11:30:02]   门牌26=255
[2017-12-22 11:30:02]   门牌27=255
[2017-12-22 11:30:02]   门牌28=255
[2017-12-22 11:30:02] 玩家1-Phone15227的门牌： 
[2017-12-22 11:30:02]   门牌1=255
[2017-12-22 11:30:02]   门牌2=255
[2017-12-22 11:30:02]   门牌3=255
[2017-12-22 11:30:02]   门牌4=255
[2017-12-22 11:30:02]   门牌5=255
[2017-12-22 11:30:02]   门牌6=255
[2017-12-22 11:30:02]   门牌7=255
[2017-12-22 11:30:02]   门牌8=255
[2017-12-22 11:30:02]   门牌9=255
[2017-12-22 11:30:02]   门牌10=0
[2017-12-22 11:30:02]   门牌11=0
[2017-12-22 11:30:02]   门牌12=0
[2017-12-22 11:30:02]   门牌13=0
[2017-12-22 11:30:02]   门牌14=0
[2017-12-22 11:30:02]   门牌15=0
[2017-12-22 11:30:02]   门牌16=0
[2017-12-22 11:30:02]   门牌17=0
[2017-12-22 11:30:02]   门牌18=0
[2017-12-22 11:30:02]   门牌19=0
[2017-12-22 11:30:02]   门牌20=0
[2017-12-22 11:30:02]   门牌21=0
[2017-12-22 11:30:02]   门牌22=0
[2017-12-22 11:30:02]   门牌23=0
[2017-12-22 11:30:02]   门牌24=0
[2017-12-22 11:30:02]   门牌25=0
[2017-12-22 11:30:02]   门牌26=0
[2017-12-22 11:30:02]   门牌27=255
[2017-12-22 11:30:02]   门牌28=255
[2017-12-22 11:30:02] 玩家2-Phone15229的门牌： 
[2017-12-22 11:30:02]   门牌1=0
[2017-12-22 11:30:02]   门牌2=0
[2017-12-22 11:30:02]   门牌3=0
[2017-12-22 11:30:02]   门牌4=0
[2017-12-22 11:30:02]   门牌5=0
[2017-12-22 11:30:02]   门牌6=0
[2017-12-22 11:30:02]   门牌7=0
[2017-12-22 11:30:02]   门牌8=0
[2017-12-22 11:30:02]   门牌9=0
[2017-12-22 11:30:02]   门牌10=0
[2017-12-22 11:30:02]   门牌11=0
[2017-12-22 11:30:02]   门牌12=0
[2017-12-22 11:30:02]   门牌13=0
[2017-12-22 11:30:02]   门牌14=0
[2017-12-22 11:30:02]   门牌15=0
[2017-12-22 11:30:02]   门牌16=0
[2017-12-22 11:30:02]   门牌17=0
[2017-12-22 11:30:02]   门牌18=0
[2017-12-22 11:30:02]   门牌19=0
[2017-12-22 11:30:02]   门牌20=0
[2017-12-22 11:30:02]   门牌21=0
[2017-12-22 11:30:02]   门牌22=0
[2017-12-22 11:30:02]   门牌23=0
[2017-12-22 11:30:02]   门牌24=0
[2017-12-22 11:30:02]   门牌25=0
[2017-12-22 11:30:02]   门牌26=0
[2017-12-22 11:30:02]   门牌27=0
[2017-12-22 11:30:02]   门牌28=0
[2017-12-22 11:30:02] 玩家3-Phone15230的门牌： 
[2017-12-22 11:30:02]   门牌1=0
[2017-12-22 11:30:02]   门牌2=0
[2017-12-22 11:30:02]   门牌3=0
[2017-12-22 11:30:02]   门牌4=0
[2017-12-22 11:30:02]   门牌5=0
[2017-12-22 11:30:02]   门牌6=0
[2017-12-22 11:30:02]   门牌7=0
[2017-12-22 11:30:02]   门牌8=0
[2017-12-22 11:30:02]   门牌9=255
[2017-12-22 11:30:02]   门牌10=255
[2017-12-22 11:30:02]   门牌11=255
[2017-12-22 11:30:02]   门牌12=255
[2017-12-22 11:30:02]   门牌13=255
[2017-12-22 11:30:02]   门牌14=255
[2017-12-22 11:30:02]   门牌15=255
[2017-12-22 11:30:02]   门牌16=255
[2017-12-22 11:30:02]   门牌17=255
[2017-12-22 11:30:02]   门牌18=255
[2017-12-22 11:30:02]   门牌19=255
[2017-12-22 11:30:02]   门牌20=255
[2017-12-22 11:30:02]   门牌21=255
[2017-12-22 11:30:02]   门牌22=255
[2017-12-22 11:30:02]   门牌23=255
[2017-12-22 11:30:02]   门牌24=255
[2017-12-22 11:30:02]   门牌25=255
[2017-12-22 11:30:02]   门牌26=255
[2017-12-22 11:30:02]   门牌27=255
[2017-12-22 11:30:02]   门牌28=255
[2017-12-22 11:43:36] 掷2颗色子确定起牌方向： byGetPaiDir=1-Phone15227, 1 3
[2017-12-22 11:43:39] 掷2颗色子确定起牌敦数事件: 2 5 7
[2017-12-22 11:43:44] 玩家0-121314的门牌： 
[2017-12-22 11:43:44]   门牌1=0
[2017-12-22 11:43:44]   门牌2=0
[2017-12-22 11:43:44]   门牌3=0
[2017-12-22 11:43:44]   门牌4=0
[2017-12-22 11:43:44]   门牌5=0
[2017-12-22 11:43:44]   门牌6=0
[2017-12-22 11:43:44]   门牌7=0
[2017-12-22 11:43:44]   门牌8=0
[2017-12-22 11:43:44]   门牌9=0
[2017-12-22 11:43:44]   门牌10=0
[2017-12-22 11:43:44]   门牌11=0
[2017-12-22 11:43:44]   门牌12=0
[2017-12-22 11:43:44]   门牌13=0
[2017-12-22 11:43:44]   门牌14=0
[2017-12-22 11:43:44]   门牌15=0
[2017-12-22 11:43:44]   门牌16=0
[2017-12-22 11:43:44]   门牌17=0
[2017-12-22 11:43:44]   门牌18=0
[2017-12-22 11:43:44]   门牌19=0
[2017-12-22 11:43:44]   门牌20=0
[2017-12-22 11:43:44]   门牌21=0
[2017-12-22 11:43:44]   门牌22=0
[2017-12-22 11:43:44]   门牌23=0
[2017-12-22 11:43:44]   门牌24=0
[2017-12-22 11:43:44]   门牌25=0
[2017-12-22 11:43:44]   门牌26=0
[2017-12-22 11:43:44]   门牌27=0
[2017-12-22 11:43:44]   门牌28=0
[2017-12-22 11:43:44] 玩家1-Phone15227的门牌： 
[2017-12-22 11:43:44]   门牌1=0
[2017-12-22 11:43:44]   门牌2=0
[2017-12-22 11:43:44]   门牌3=0
[2017-12-22 11:43:44]   门牌4=0
[2017-12-22 11:43:44]   门牌5=0
[2017-12-22 11:43:44]   门牌6=0
[2017-12-22 11:43:44]   门牌7=0
[2017-12-22 11:43:44]   门牌8=0
[2017-12-22 11:43:44]   门牌9=0
[2017-12-22 11:43:44]   门牌10=0
[2017-12-22 11:43:44]   门牌11=0
[2017-12-22 11:43:44]   门牌12=0
[2017-12-22 11:43:44]   门牌13=255
[2017-12-22 11:43:44]   门牌14=255
[2017-12-22 11:43:44]   门牌15=255
[2017-12-22 11:43:44]   门牌16=255
[2017-12-22 11:43:44]   门牌17=255
[2017-12-22 11:43:44]   门牌18=255
[2017-12-22 11:43:44]   门牌19=255
[2017-12-22 11:43:44]   门牌20=255
[2017-12-22 11:43:44]   门牌21=255
[2017-12-22 11:43:44]   门牌22=255
[2017-12-22 11:43:44]   门牌23=255
[2017-12-22 11:43:44]   门牌24=255
[2017-12-22 11:43:44]   门牌25=255
[2017-12-22 11:43:44]   门牌26=255
[2017-12-22 11:43:44]   门牌27=255
[2017-12-22 11:43:44]   门牌28=255
[2017-12-22 11:43:44] 玩家2-Phone15229的门牌： 
[2017-12-22 11:43:44]   门牌1=255
[2017-12-22 11:43:44]   门牌2=255
[2017-12-22 11:43:44]   门牌3=255
[2017-12-22 11:43:44]   门牌4=255
[2017-12-22 11:43:44]   门牌5=255
[2017-12-22 11:43:44]   门牌6=255
[2017-12-22 11:43:44]   门牌7=255
[2017-12-22 11:43:44]   门牌8=255
[2017-12-22 11:43:44]   门牌9=255
[2017-12-22 11:43:44]   门牌10=255
[2017-12-22 11:43:44]   门牌11=255
[2017-12-22 11:43:44]   门牌12=255
[2017-12-22 11:43:44]   门牌13=255
[2017-12-22 11:43:44]   门牌14=255
[2017-12-22 11:43:44]   门牌15=255
[2017-12-22 11:43:44]   门牌16=255
[2017-12-22 11:43:44]   门牌17=255
[2017-12-22 11:43:44]   门牌18=255
[2017-12-22 11:43:44]   门牌19=255
[2017-12-22 11:43:44]   门牌20=255
[2017-12-22 11:43:44]   门牌21=255
[2017-12-22 11:43:44]   门牌22=255
[2017-12-22 11:43:44]   门牌23=255
[2017-12-22 11:43:44]   门牌24=255
[2017-12-22 11:43:44]   门牌25=255
[2017-12-22 11:43:44]   门牌26=255
[2017-12-22 11:43:44]   门牌27=255
[2017-12-22 11:43:44]   门牌28=255
[2017-12-22 11:43:44] 玩家3-Phone15230的门牌： 
[2017-12-22 11:43:44]   门牌1=255
[2017-12-22 11:43:44]   门牌2=255
[2017-12-22 11:43:44]   门牌3=255
[2017-12-22 11:43:44]   门牌4=255
[2017-12-22 11:43:44]   门牌5=255
[2017-12-22 11:43:44]   门牌6=255
[2017-12-22 11:43:44]   门牌7=255
[2017-12-22 11:43:44]   门牌8=255
[2017-12-22 11:43:44]   门牌9=255
[2017-12-22 11:43:44]   门牌10=0
[2017-12-22 11:43:44]   门牌11=0
[2017-12-22 11:43:44]   门牌12=0
[2017-12-22 11:43:44]   门牌13=0
[2017-12-22 11:43:44]   门牌14=0
[2017-12-22 11:43:44]   门牌15=0
[2017-12-22 11:43:44]   门牌16=0
[2017-12-22 11:43:44]   门牌17=0
[2017-12-22 11:43:44]   门牌18=0
[2017-12-22 11:43:44]   门牌19=0
[2017-12-22 11:43:44]   门牌20=0
[2017-12-22 11:43:44]   门牌21=0
[2017-12-22 11:43:44]   门牌22=0
[2017-12-22 11:43:44]   门牌23=0
[2017-12-22 11:43:44]   门牌24=0
[2017-12-22 11:43:44]   门牌25=255
[2017-12-22 11:43:44]   门牌26=255
[2017-12-22 11:43:44]   门牌27=255
[2017-12-22 11:43:44]   门牌28=255
[2017-12-22 11:50:12] 掷2颗色子确定起牌方向： byGetPaiDir=2-Phone15229, 4 6
[2017-12-22 11:50:15] 掷2颗色子确定起牌敦数事件: 5 2 7
[2017-12-22 11:50:20] 玩家0-121314的门牌： 
[2017-12-22 11:50:20]   门牌1=255
[2017-12-22 11:50:20]   门牌2=255
[2017-12-22 11:50:20]   门牌3=255
[2017-12-22 11:50:20]   门牌4=255
[2017-12-22 11:50:20]   门牌5=255
[2017-12-22 11:50:20]   门牌6=255
[2017-12-22 11:50:20]   门牌7=255
[2017-12-22 11:50:20]   门牌8=255
[2017-12-22 11:50:20]   门牌9=255
[2017-12-22 11:50:20]   门牌10=255
[2017-12-22 11:50:20]   门牌11=255
[2017-12-22 11:50:20]   门牌12=0
[2017-12-22 11:50:20]   门牌13=0
[2017-12-22 11:50:20]   门牌14=0
[2017-12-22 11:50:20]   门牌15=0
[2017-12-22 11:50:20]   门牌16=0
[2017-12-22 11:50:20]   门牌17=0
[2017-12-22 11:50:20]   门牌18=0
[2017-12-22 11:50:20]   门牌19=0
[2017-12-22 11:50:20]   门牌20=0
[2017-12-22 11:50:20]   门牌21=0
[2017-12-22 11:50:20]   门牌22=0
[2017-12-22 11:50:20]   门牌23=0
[2017-12-22 11:50:20]   门牌24=0
[2017-12-22 11:50:20]   门牌25=0
[2017-12-22 11:50:20]   门牌26=0
[2017-12-22 11:50:20]   门牌27=0
[2017-12-22 11:50:20]   门牌28=0
[2017-12-22 11:50:20] 玩家1-Phone15227的门牌： 
[2017-12-22 11:50:20]   门牌1=0
[2017-12-22 11:50:20]   门牌2=0
[2017-12-22 11:50:20]   门牌3=0
[2017-12-22 11:50:20]   门牌4=0
[2017-12-22 11:50:20]   门牌5=0
[2017-12-22 11:50:20]   门牌6=0
[2017-12-22 11:50:20]   门牌7=0
[2017-12-22 11:50:20]   门牌8=0
[2017-12-22 11:50:20]   门牌9=0
[2017-12-22 11:50:20]   门牌10=0
[2017-12-22 11:50:20]   门牌11=0
[2017-12-22 11:50:20]   门牌12=0
[2017-12-22 11:50:20]   门牌13=0
[2017-12-22 11:50:20]   门牌14=0
[2017-12-22 11:50:20]   门牌15=0
[2017-12-22 11:50:20]   门牌16=0
[2017-12-22 11:50:20]   门牌17=0
[2017-12-22 11:50:20]   门牌18=0
[2017-12-22 11:50:20]   门牌19=0
[2017-12-22 11:50:20]   门牌20=0
[2017-12-22 11:50:20]   门牌21=0
[2017-12-22 11:50:20]   门牌22=0
[2017-12-22 11:50:20]   门牌23=0
[2017-12-22 11:50:20]   门牌24=0
[2017-12-22 11:50:20]   门牌25=0
[2017-12-22 11:50:20]   门牌26=0
[2017-12-22 11:50:20]   门牌27=255
[2017-12-22 11:50:20]   门牌28=255
[2017-12-22 11:50:20] 玩家2-Phone15229的门牌： 
[2017-12-22 11:50:20]   门牌1=0
[2017-12-22 11:50:20]   门牌2=0
[2017-12-22 11:50:20]   门牌3=0
[2017-12-22 11:50:20]   门牌4=0
[2017-12-22 11:50:20]   门牌5=0
[2017-12-22 11:50:20]   门牌6=0
[2017-12-22 11:50:20]   门牌7=0
[2017-12-22 11:50:20]   门牌8=0
[2017-12-22 11:50:20]   门牌9=0
[2017-12-22 11:50:20]   门牌10=0
[2017-12-22 11:50:20]   门牌11=255
[2017-12-22 11:50:20]   门牌12=255
[2017-12-22 11:50:20]   门牌13=255
[2017-12-22 11:50:20]   门牌14=255
[2017-12-22 11:50:20]   门牌15=255
[2017-12-22 11:50:20]   门牌16=255
[2017-12-22 11:50:20]   门牌17=255
[2017-12-22 11:50:20]   门牌18=255
[2017-12-22 11:50:20]   门牌19=255
[2017-12-22 11:50:20]   门牌20=255
[2017-12-22 11:50:20]   门牌21=255
[2017-12-22 11:50:20]   门牌22=255
[2017-12-22 11:50:20]   门牌23=255
[2017-12-22 11:50:20]   门牌24=255
[2017-12-22 11:50:20]   门牌25=255
[2017-12-22 11:50:20]   门牌26=255
[2017-12-22 11:50:20]   门牌27=255
[2017-12-22 11:50:20]   门牌28=255
[2017-12-22 11:50:20] 玩家3-Phone15230的门牌： 
[2017-12-22 11:50:20]   门牌1=255
[2017-12-22 11:50:20]   门牌2=255
[2017-12-22 11:50:20]   门牌3=255
[2017-12-22 11:50:20]   门牌4=255
[2017-12-22 11:50:20]   门牌5=255
[2017-12-22 11:50:20]   门牌6=255
[2017-12-22 11:50:20]   门牌7=255
[2017-12-22 11:50:20]   门牌8=255
[2017-12-22 11:50:20]   门牌9=255
[2017-12-22 11:50:20]   门牌10=255
[2017-12-22 11:50:20]   门牌11=255
[2017-12-22 11:50:20]   门牌12=255
[2017-12-22 11:50:20]   门牌13=255
[2017-12-22 11:50:20]   门牌14=255
[2017-12-22 11:50:20]   门牌15=255
[2017-12-22 11:50:20]   门牌16=255
[2017-12-22 11:50:20]   门牌17=255
[2017-12-22 11:50:20]   门牌18=255
[2017-12-22 11:50:20]   门牌19=255
[2017-12-22 11:50:20]   门牌20=255
[2017-12-22 11:50:20]   门牌21=255
[2017-12-22 11:50:20]   门牌22=255
[2017-12-22 11:50:20]   门牌23=255
[2017-12-22 11:50:20]   门牌24=255
[2017-12-22 11:50:20]   门牌25=255
[2017-12-22 11:50:20]   门牌26=255
[2017-12-22 11:50:20]   门牌27=255
[2017-12-22 11:50:20]   门牌28=255
[2017-12-22 14:13:29] 掷2颗色子确定起牌方向： byGetPaiDir=2-Phone15229, 5 5
[2017-12-22 14:13:32] 掷2颗色子确定起牌敦数事件: 5 2 7
[2017-12-22 14:13:37] 玩家0-Phone15230的门牌： 
[2017-12-22 14:13:37]   门牌1=255
[2017-12-22 14:13:37]   门牌2=255
[2017-12-22 14:13:37]   门牌3=255
[2017-12-22 14:13:37]   门牌4=255
[2017-12-22 14:13:37]   门牌5=255
[2017-12-22 14:13:37]   门牌6=255
[2017-12-22 14:13:37]   门牌7=255
[2017-12-22 14:13:37]   门牌8=255
[2017-12-22 14:13:37]   门牌9=255
[2017-12-22 14:13:37]   门牌10=255
[2017-12-22 14:13:37]   门牌11=255
[2017-12-22 14:13:37]   门牌12=0
[2017-12-22 14:13:37]   门牌13=0
[2017-12-22 14:13:37]   门牌14=0
[2017-12-22 14:13:37]   门牌15=0
[2017-12-22 14:13:37]   门牌16=0
[2017-12-22 14:13:37]   门牌17=0
[2017-12-22 14:13:37]   门牌18=0
[2017-12-22 14:13:37]   门牌19=0
[2017-12-22 14:13:37]   门牌20=0
[2017-12-22 14:13:37]   门牌21=0
[2017-12-22 14:13:37]   门牌22=0
[2017-12-22 14:13:37]   门牌23=0
[2017-12-22 14:13:37]   门牌24=0
[2017-12-22 14:13:37]   门牌25=0
[2017-12-22 14:13:37]   门牌26=0
[2017-12-22 14:13:37]   门牌27=0
[2017-12-22 14:13:37]   门牌28=0
[2017-12-22 14:13:37] 玩家1-121314的门牌： 
[2017-12-22 14:13:37]   门牌1=0
[2017-12-22 14:13:37]   门牌2=0
[2017-12-22 14:13:37]   门牌3=0
[2017-12-22 14:13:37]   门牌4=0
[2017-12-22 14:13:37]   门牌5=0
[2017-12-22 14:13:37]   门牌6=0
[2017-12-22 14:13:37]   门牌7=0
[2017-12-22 14:13:37]   门牌8=0
[2017-12-22 14:13:37]   门牌9=0
[2017-12-22 14:13:37]   门牌10=0
[2017-12-22 14:13:37]   门牌11=0
[2017-12-22 14:13:37]   门牌12=0
[2017-12-22 14:13:37]   门牌13=0
[2017-12-22 14:13:37]   门牌14=0
[2017-12-22 14:13:37]   门牌15=0
[2017-12-22 14:13:37]   门牌16=0
[2017-12-22 14:13:37]   门牌17=0
[2017-12-22 14:13:37]   门牌18=0
[2017-12-22 14:13:37]   门牌19=0
[2017-12-22 14:13:37]   门牌20=0
[2017-12-22 14:13:37]   门牌21=0
[2017-12-22 14:13:37]   门牌22=0
[2017-12-22 14:13:37]   门牌23=0
[2017-12-22 14:13:37]   门牌24=0
[2017-12-22 14:13:37]   门牌25=0
[2017-12-22 14:13:37]   门牌26=0
[2017-12-22 14:13:37]   门牌27=255
[2017-12-22 14:13:37]   门牌28=255
[2017-12-22 14:13:37] 玩家2-Phone15229的门牌： 
[2017-12-22 14:13:37]   门牌1=0
[2017-12-22 14:13:37]   门牌2=0
[2017-12-22 14:13:37]   门牌3=0
[2017-12-22 14:13:37]   门牌4=0
[2017-12-22 14:13:37]   门牌5=0
[2017-12-22 14:13:37]   门牌6=0
[2017-12-22 14:13:37]   门牌7=0
[2017-12-22 14:13:37]   门牌8=0
[2017-12-22 14:13:37]   门牌9=0
[2017-12-22 14:13:37]   门牌10=0
[2017-12-22 14:13:37]   门牌11=255
[2017-12-22 14:13:37]   门牌12=255
[2017-12-22 14:13:37]   门牌13=255
[2017-12-22 14:13:37]   门牌14=255
[2017-12-22 14:13:37]   门牌15=255
[2017-12-22 14:13:37]   门牌16=255
[2017-12-22 14:13:37]   门牌17=255
[2017-12-22 14:13:37]   门牌18=255
[2017-12-22 14:13:37]   门牌19=255
[2017-12-22 14:13:37]   门牌20=255
[2017-12-22 14:13:37]   门牌21=255
[2017-12-22 14:13:37]   门牌22=255
[2017-12-22 14:13:37]   门牌23=255
[2017-12-22 14:13:37]   门牌24=255
[2017-12-22 14:13:37]   门牌25=255
[2017-12-22 14:13:37]   门牌26=255
[2017-12-22 14:13:37]   门牌27=255
[2017-12-22 14:13:37]   门牌28=255
[2017-12-22 14:13:37] 玩家3-Phone15227的门牌： 
[2017-12-22 14:13:37]   门牌1=255
[2017-12-22 14:13:37]   门牌2=255
[2017-12-22 14:13:37]   门牌3=255
[2017-12-22 14:13:37]   门牌4=255
[2017-12-22 14:13:37]   门牌5=255
[2017-12-22 14:13:37]   门牌6=255
[2017-12-22 14:13:37]   门牌7=255
[2017-12-22 14:13:37]   门牌8=255
[2017-12-22 14:13:37]   门牌9=255
[2017-12-22 14:13:37]   门牌10=255
[2017-12-22 14:13:37]   门牌11=255
[2017-12-22 14:13:37]   门牌12=255
[2017-12-22 14:13:37]   门牌13=255
[2017-12-22 14:13:37]   门牌14=255
[2017-12-22 14:13:37]   门牌15=255
[2017-12-22 14:13:37]   门牌16=255
[2017-12-22 14:13:37]   门牌17=255
[2017-12-22 14:13:37]   门牌18=255
[2017-12-22 14:13:37]   门牌19=255
[2017-12-22 14:13:37]   门牌20=255
[2017-12-22 14:13:37]   门牌21=255
[2017-12-22 14:13:37]   门牌22=255
[2017-12-22 14:13:37]   门牌23=255
[2017-12-22 14:13:37]   门牌24=255
[2017-12-22 14:13:37]   门牌25=255
[2017-12-22 14:13:37]   门牌26=255
[2017-12-22 14:13:37]   门牌27=255
[2017-12-22 14:13:37]   门牌28=255
[2017-12-22 14:30:30] 掷2颗色子确定起牌方向： byGetPaiDir=2-Phone15229, 1 4
[2017-12-22 14:30:33] 掷2颗色子确定起牌敦数事件: 4 5 9
[2017-12-22 14:30:38] 玩家0-Phone15230的门牌： 
[2017-12-22 14:30:38]   门牌1=255
[2017-12-22 14:30:38]   门牌2=255
[2017-12-22 14:30:38]   门牌3=255
[2017-12-22 14:30:38]   门牌4=255
[2017-12-22 14:30:38]   门牌5=255
[2017-12-22 14:30:38]   门牌6=255
[2017-12-22 14:30:38]   门牌7=255
[2017-12-22 14:30:38]   门牌8=255
[2017-12-22 14:30:38]   门牌9=255
[2017-12-22 14:30:38]   门牌10=255
[2017-12-22 14:30:38]   门牌11=255
[2017-12-22 14:30:38]   门牌12=255
[2017-12-22 14:30:38]   门牌13=255
[2017-12-22 14:30:38]   门牌14=255
[2017-12-22 14:30:38]   门牌15=255
[2017-12-22 14:30:38]   门牌16=0
[2017-12-22 14:30:38]   门牌17=0
[2017-12-22 14:30:38]   门牌18=0
[2017-12-22 14:30:38]   门牌19=0
[2017-12-22 14:30:38]   门牌20=0
[2017-12-22 14:30:38]   门牌21=0
[2017-12-22 14:30:38]   门牌22=0
[2017-12-22 14:30:38]   门牌23=0
[2017-12-22 14:30:38]   门牌24=0
[2017-12-22 14:30:38]   门牌25=0
[2017-12-22 14:30:38]   门牌26=0
[2017-12-22 14:30:38]   门牌27=0
[2017-12-22 14:30:38]   门牌28=0
[2017-12-22 14:30:38] 玩家1-121314的门牌： 
[2017-12-22 14:30:38]   门牌1=0
[2017-12-22 14:30:38]   门牌2=0
[2017-12-22 14:30:38]   门牌3=0
[2017-12-22 14:30:38]   门牌4=0
[2017-12-22 14:30:38]   门牌5=0
[2017-12-22 14:30:38]   门牌6=0
[2017-12-22 14:30:38]   门牌7=0
[2017-12-22 14:30:38]   门牌8=0
[2017-12-22 14:30:38]   门牌9=0
[2017-12-22 14:30:38]   门牌10=0
[2017-12-22 14:30:38]   门牌11=0
[2017-12-22 14:30:38]   门牌12=0
[2017-12-22 14:30:38]   门牌13=0
[2017-12-22 14:30:38]   门牌14=0
[2017-12-22 14:30:38]   门牌15=0
[2017-12-22 14:30:38]   门牌16=0
[2017-12-22 14:30:38]   门牌17=0
[2017-12-22 14:30:38]   门牌18=0
[2017-12-22 14:30:38]   门牌19=0
[2017-12-22 14:30:38]   门牌20=0
[2017-12-22 14:30:38]   门牌21=0
[2017-12-22 14:30:38]   门牌22=0
[2017-12-22 14:30:38]   门牌23=0
[2017-12-22 14:30:38]   门牌24=0
[2017-12-22 14:30:38]   门牌25=0
[2017-12-22 14:30:38]   门牌26=0
[2017-12-22 14:30:38]   门牌27=255
[2017-12-22 14:30:38]   门牌28=255
[2017-12-22 14:30:38] 玩家2-Phone15229的门牌： 
[2017-12-22 14:30:38]   门牌1=0
[2017-12-22 14:30:38]   门牌2=0
[2017-12-22 14:30:38]   门牌3=0
[2017-12-22 14:30:38]   门牌4=0
[2017-12-22 14:30:38]   门牌5=0
[2017-12-22 14:30:38]   门牌6=0
[2017-12-22 14:30:38]   门牌7=0
[2017-12-22 14:30:38]   门牌8=0
[2017-12-22 14:30:38]   门牌9=0
[2017-12-22 14:30:38]   门牌10=0
[2017-12-22 14:30:38]   门牌11=0
[2017-12-22 14:30:38]   门牌12=0
[2017-12-22 14:30:38]   门牌13=0
[2017-12-22 14:30:38]   门牌14=0
[2017-12-22 14:30:38]   门牌15=255
[2017-12-22 14:30:38]   门牌16=255
[2017-12-22 14:30:38]   门牌17=255
[2017-12-22 14:30:38]   门牌18=255
[2017-12-22 14:30:38]   门牌19=255
[2017-12-22 14:30:38]   门牌20=255
[2017-12-22 14:30:38]   门牌21=255
[2017-12-22 14:30:38]   门牌22=255
[2017-12-22 14:30:38]   门牌23=255
[2017-12-22 14:30:38]   门牌24=255
[2017-12-22 14:30:38]   门牌25=255
[2017-12-22 14:30:38]   门牌26=255
[2017-12-22 14:30:38]   门牌27=255
[2017-12-22 14:30:38]   门牌28=255
[2017-12-22 14:30:38] 玩家3-Phone15227的门牌： 
[2017-12-22 14:30:38]   门牌1=255
[2017-12-22 14:30:38]   门牌2=255
[2017-12-22 14:30:38]   门牌3=255
[2017-12-22 14:30:38]   门牌4=255
[2017-12-22 14:30:38]   门牌5=255
[2017-12-22 14:30:38]   门牌6=255
[2017-12-22 14:30:38]   门牌7=255
[2017-12-22 14:30:38]   门牌8=255
[2017-12-22 14:30:38]   门牌9=255
[2017-12-22 14:30:38]   门牌10=255
[2017-12-22 14:30:38]   门牌11=255
[2017-12-22 14:30:38]   门牌12=255
[2017-12-22 14:30:38]   门牌13=255
[2017-12-22 14:30:38]   门牌14=255
[2017-12-22 14:30:38]   门牌15=255
[2017-12-22 14:30:38]   门牌16=255
[2017-12-22 14:30:38]   门牌17=255
[2017-12-22 14:30:38]   门牌18=255
[2017-12-22 14:30:38]   门牌19=255
[2017-12-22 14:30:38]   门牌20=255
[2017-12-22 14:30:38]   门牌21=255
[2017-12-22 14:30:38]   门牌22=255
[2017-12-22 14:30:38]   门牌23=255
[2017-12-22 14:30:38]   门牌24=255
[2017-12-22 14:30:38]   门牌25=255
[2017-12-22 14:30:38]   门牌26=255
[2017-12-22 14:30:38]   门牌27=255
[2017-12-22 14:30:38]   门牌28=255
[2017-12-22 16:15:28] 掷2颗色子确定起牌方向： byGetPaiDir=2-Phone15296, 5 6
[2017-12-22 16:15:31] 掷2颗色子确定起牌敦数事件: 5 3 8
[2017-12-22 16:15:36] 玩家0-121314的门牌： 
[2017-12-22 16:15:36]   门牌1=255
[2017-12-22 16:15:36]   门牌2=255
[2017-12-22 16:15:36]   门牌3=255
[2017-12-22 16:15:36]   门牌4=255
[2017-12-22 16:15:36]   门牌5=255
[2017-12-22 16:15:36]   门牌6=255
[2017-12-22 16:15:36]   门牌7=255
[2017-12-22 16:15:36]   门牌8=255
[2017-12-22 16:15:36]   门牌9=255
[2017-12-22 16:15:36]   门牌10=255
[2017-12-22 16:15:36]   门牌11=255
[2017-12-22 16:15:36]   门牌12=255
[2017-12-22 16:15:36]   门牌13=255
[2017-12-22 16:15:36]   门牌14=0
[2017-12-22 16:15:36]   门牌15=0
[2017-12-22 16:15:36]   门牌16=0
[2017-12-22 16:15:36]   门牌17=0
[2017-12-22 16:15:36]   门牌18=0
[2017-12-22 16:15:36]   门牌19=0
[2017-12-22 16:15:36]   门牌20=0
[2017-12-22 16:15:36]   门牌21=0
[2017-12-22 16:15:36]   门牌22=0
[2017-12-22 16:15:36]   门牌23=0
[2017-12-22 16:15:36]   门牌24=0
[2017-12-22 16:15:36]   门牌25=0
[2017-12-22 16:15:36]   门牌26=0
[2017-12-22 16:15:36]   门牌27=0
[2017-12-22 16:15:36]   门牌28=0
[2017-12-22 16:15:36] 玩家1-Phone15227的门牌： 
[2017-12-22 16:15:36]   门牌1=0
[2017-12-22 16:15:36]   门牌2=0
[2017-12-22 16:15:36]   门牌3=0
[2017-12-22 16:15:36]   门牌4=0
[2017-12-22 16:15:36]   门牌5=0
[2017-12-22 16:15:36]   门牌6=0
[2017-12-22 16:15:36]   门牌7=0
[2017-12-22 16:15:36]   门牌8=0
[2017-12-22 16:15:36]   门牌9=0
[2017-12-22 16:15:36]   门牌10=0
[2017-12-22 16:15:36]   门牌11=0
[2017-12-22 16:15:36]   门牌12=0
[2017-12-22 16:15:36]   门牌13=0
[2017-12-22 16:15:36]   门牌14=0
[2017-12-22 16:15:36]   门牌15=0
[2017-12-22 16:15:36]   门牌16=0
[2017-12-22 16:15:36]   门牌17=0
[2017-12-22 16:15:36]   门牌18=0
[2017-12-22 16:15:36]   门牌19=0
[2017-12-22 16:15:36]   门牌20=0
[2017-12-22 16:15:36]   门牌21=0
[2017-12-22 16:15:36]   门牌22=0
[2017-12-22 16:15:36]   门牌23=0
[2017-12-22 16:15:36]   门牌24=0
[2017-12-22 16:15:36]   门牌25=0
[2017-12-22 16:15:36]   门牌26=0
[2017-12-22 16:15:36]   门牌27=255
[2017-12-22 16:15:36]   门牌28=255
[2017-12-22 16:15:36] 玩家2-Phone15296的门牌： 
[2017-12-22 16:15:36]   门牌1=0
[2017-12-22 16:15:36]   门牌2=0
[2017-12-22 16:15:36]   门牌3=0
[2017-12-22 16:15:36]   门牌4=0
[2017-12-22 16:15:36]   门牌5=0
[2017-12-22 16:15:36]   门牌6=0
[2017-12-22 16:15:36]   门牌7=0
[2017-12-22 16:15:36]   门牌8=0
[2017-12-22 16:15:36]   门牌9=0
[2017-12-22 16:15:36]   门牌10=0
[2017-12-22 16:15:36]   门牌11=0
[2017-12-22 16:15:36]   门牌12=0
[2017-12-22 16:15:36]   门牌13=255
[2017-12-22 16:15:36]   门牌14=255
[2017-12-22 16:15:36]   门牌15=255
[2017-12-22 16:15:36]   门牌16=255
[2017-12-22 16:15:36]   门牌17=255
[2017-12-22 16:15:36]   门牌18=255
[2017-12-22 16:15:36]   门牌19=255
[2017-12-22 16:15:36]   门牌20=255
[2017-12-22 16:15:36]   门牌21=255
[2017-12-22 16:15:36]   门牌22=255
[2017-12-22 16:15:36]   门牌23=255
[2017-12-22 16:15:36]   门牌24=255
[2017-12-22 16:15:36]   门牌25=255
[2017-12-22 16:15:36]   门牌26=255
[2017-12-22 16:15:36]   门牌27=255
[2017-12-22 16:15:36]   门牌28=255
[2017-12-22 16:15:36] 玩家3-Phone15230的门牌： 
[2017-12-22 16:15:36]   门牌1=255
[2017-12-22 16:15:36]   门牌2=255
[2017-12-22 16:15:36]   门牌3=255
[2017-12-22 16:15:36]   门牌4=255
[2017-12-22 16:15:36]   门牌5=255
[2017-12-22 16:15:36]   门牌6=255
[2017-12-22 16:15:36]   门牌7=255
[2017-12-22 16:15:36]   门牌8=255
[2017-12-22 16:15:36]   门牌9=255
[2017-12-22 16:15:36]   门牌10=255
[2017-12-22 16:15:36]   门牌11=255
[2017-12-22 16:15:36]   门牌12=255
[2017-12-22 16:15:36]   门牌13=255
[2017-12-22 16:15:36]   门牌14=255
[2017-12-22 16:15:36]   门牌15=255
[2017-12-22 16:15:36]   门牌16=255
[2017-12-22 16:15:36]   门牌17=255
[2017-12-22 16:15:36]   门牌18=255
[2017-12-22 16:15:36]   门牌19=255
[2017-12-22 16:15:36]   门牌20=255
[2017-12-22 16:15:36]   门牌21=255
[2017-12-22 16:15:36]   门牌22=255
[2017-12-22 16:15:36]   门牌23=255
[2017-12-22 16:15:36]   门牌24=255
[2017-12-22 16:15:36]   门牌25=255
[2017-12-22 16:15:36]   门牌26=255
[2017-12-22 16:15:36]   门牌27=255
[2017-12-22 16:15:36]   门牌28=255
