 2018-04-25 16:26:41 ThingHandleEx::ExecuteGameBegin 1460: 20111004：游戏开始, m_iRunGameCount0
 2018-04-25 16:31:20 ThingHandleEx::ExecuteCountFen 2860:  游戏结算,玩家 0 ,ffffff 的杠分=0 胡番=0 码分=0
 2018-04-25 16:31:20 ThingHandleEx::ExecuteCountFen 2861:  游戏结算,玩家 0 的总分=0
 2018-04-25 16:31:20 ThingHandleEx::ExecuteCountFen 2860:  游戏结算,玩家 1 ,123456 的杠分=0 胡番=0 码分=0
 2018-04-25 16:31:20 ThingHandleEx::ExecuteCountFen 2861:  游戏结算,玩家 1 的总分=0
 2018-04-25 16:31:20 ThingHandleEx::ExecuteCountFen 2860:  游戏结算,玩家 2 ,121212 的杠分=0 胡番=0 码分=0
 2018-04-25 16:31:20 ThingHandleEx::ExecuteCountFen 2861:  游戏结算,玩家 2 的总分=0
 2018-04-25 16:31:20 ThingHandleEx::ExecuteCountFen 2860:  游戏结算,玩家 3 ,nnnnnn 的杠分=0 胡番=0 码分=0
 2018-04-25 16:31:20 ThingHandleEx::ExecuteCountFen 2861:  游戏结算,玩家 3 的总分=0
 2018-04-25 16:31:20 CServerGameDesk::GameFinish 394: 第0局正常结束
 2018-04-25 16:36:17 ThingHandleEx::ExecuteGameBegin 1460: 20111004：游戏开始, m_iRunGameCount0
 2018-04-25 16:38:51 ThingHandleEx::ExecuteCountFen 2860:  游戏结算,玩家 0 ,nnnnnn 的杠分=0 胡番=0 码分=0
 2018-04-25 16:38:51 ThingHandleEx::ExecuteCountFen 2861:  游戏结算,玩家 0 的总分=0
 2018-04-25 16:38:51 ThingHandleEx::ExecuteCountFen 2860:  游戏结算,玩家 1 ,121212 的杠分=0 胡番=0 码分=0
 2018-04-25 16:38:51 ThingHandleEx::ExecuteCountFen 2861:  游戏结算,玩家 1 的总分=0
 2018-04-25 16:38:51 ThingHandleEx::ExecuteCountFen 2860:  游戏结算,玩家 2 ,ffffff 的杠分=0 胡番=0 码分=0
 2018-04-25 16:38:51 ThingHandleEx::ExecuteCountFen 2861:  游戏结算,玩家 2 的总分=0
 2018-04-25 16:38:51 ThingHandleEx::ExecuteCountFen 2860:  游戏结算,玩家 3 ,123456 的杠分=0 胡番=0 码分=0
 2018-04-25 16:38:51 ThingHandleEx::ExecuteCountFen 2861:  游戏结算,玩家 3 的总分=0
 2018-04-25 16:38:52 CServerGameDesk::GameFinish 394: 第0局正常结束
