[2017-11-27 16:31:34] 掷2颗色子确定起牌方向： byGetPaiDir=2-Test, 5 2
[2017-11-27 16:31:37] 掷2颗色子确定起牌敦数事件: 1 3 4
[2017-11-27 16:31:42] 玩家0-111112的门牌： 
[2017-11-27 16:31:42]   门牌1=255
[2017-11-27 16:31:42]   门牌2=255
[2017-11-27 16:31:42]   门牌3=255
[2017-11-27 16:31:42]   门牌4=255
[2017-11-27 16:31:42]   门牌5=255
[2017-11-27 16:31:42]   门牌6=0
[2017-11-27 16:31:42]   门牌7=0
[2017-11-27 16:31:42]   门牌8=0
[2017-11-27 16:31:42]   门牌9=0
[2017-11-27 16:31:42]   门牌10=0
[2017-11-27 16:31:42]   门牌11=0
[2017-11-27 16:31:42]   门牌12=0
[2017-11-27 16:31:42]   门牌13=0
[2017-11-27 16:31:42]   门牌14=0
[2017-11-27 16:31:42]   门牌15=0
[2017-11-27 16:31:42]   门牌16=0
[2017-11-27 16:31:42]   门牌17=0
[2017-11-27 16:31:42]   门牌18=0
[2017-11-27 16:31:42]   门牌19=0
[2017-11-27 16:31:42]   门牌20=0
[2017-11-27 16:31:42]   门牌21=0
[2017-11-27 16:31:42]   门牌22=0
[2017-11-27 16:31:42]   门牌23=0
[2017-11-27 16:31:42]   门牌24=0
[2017-11-27 16:31:42]   门牌25=0
[2017-11-27 16:31:42]   门牌26=0
[2017-11-27 16:31:42]   门牌27=0
[2017-11-27 16:31:42]   门牌28=0
[2017-11-27 16:31:42] 玩家1-Phone11247的门牌： 
[2017-11-27 16:31:42]   门牌1=0
[2017-11-27 16:31:42]   门牌2=0
[2017-11-27 16:31:42]   门牌3=0
[2017-11-27 16:31:42]   门牌4=0
[2017-11-27 16:31:42]   门牌5=0
[2017-11-27 16:31:42]   门牌6=0
[2017-11-27 16:31:42]   门牌7=0
[2017-11-27 16:31:42]   门牌8=0
[2017-11-27 16:31:42]   门牌9=0
[2017-11-27 16:31:42]   门牌10=0
[2017-11-27 16:31:42]   门牌11=0
[2017-11-27 16:31:42]   门牌12=0
[2017-11-27 16:31:42]   门牌13=0
[2017-11-27 16:31:42]   门牌14=0
[2017-11-27 16:31:42]   门牌15=0
[2017-11-27 16:31:42]   门牌16=0
[2017-11-27 16:31:42]   门牌17=0
[2017-11-27 16:31:42]   门牌18=0
[2017-11-27 16:31:42]   门牌19=0
[2017-11-27 16:31:42]   门牌20=0
[2017-11-27 16:31:42]   门牌21=0
[2017-11-27 16:31:42]   门牌22=0
[2017-11-27 16:31:42]   门牌23=0
[2017-11-27 16:31:42]   门牌24=0
[2017-11-27 16:31:42]   门牌25=0
[2017-11-27 16:31:42]   门牌26=0
[2017-11-27 16:31:42]   门牌27=255
[2017-11-27 16:31:42]   门牌28=255
[2017-11-27 16:31:42] 玩家2-Test的门牌： 
[2017-11-27 16:31:42]   门牌1=0
[2017-11-27 16:31:42]   门牌2=0
[2017-11-27 16:31:42]   门牌3=0
[2017-11-27 16:31:42]   门牌4=0
[2017-11-27 16:31:42]   门牌5=255
[2017-11-27 16:31:42]   门牌6=255
[2017-11-27 16:31:42]   门牌7=255
[2017-11-27 16:31:42]   门牌8=255
[2017-11-27 16:31:42]   门牌9=255
[2017-11-27 16:31:42]   门牌10=255
[2017-11-27 16:31:42]   门牌11=255
[2017-11-27 16:31:42]   门牌12=255
[2017-11-27 16:31:42]   门牌13=255
[2017-11-27 16:31:42]   门牌14=255
[2017-11-27 16:31:42]   门牌15=255
[2017-11-27 16:31:42]   门牌16=255
[2017-11-27 16:31:42]   门牌17=255
[2017-11-27 16:31:42]   门牌18=255
[2017-11-27 16:31:42]   门牌19=255
[2017-11-27 16:31:42]   门牌20=255
[2017-11-27 16:31:42]   门牌21=255
[2017-11-27 16:31:42]   门牌22=255
[2017-11-27 16:31:42]   门牌23=255
[2017-11-27 16:31:42]   门牌24=255
[2017-11-27 16:31:42]   门牌25=255
[2017-11-27 16:31:42]   门牌26=255
[2017-11-27 16:31:42]   门牌27=255
[2017-11-27 16:31:42]   门牌28=255
[2017-11-27 16:31:42] 玩家3-Phone12675的门牌： 
[2017-11-27 16:31:42]   门牌1=255
[2017-11-27 16:31:42]   门牌2=255
[2017-11-27 16:31:42]   门牌3=255
[2017-11-27 16:31:42]   门牌4=255
[2017-11-27 16:31:42]   门牌5=255
[2017-11-27 16:31:42]   门牌6=255
[2017-11-27 16:31:42]   门牌7=255
[2017-11-27 16:31:42]   门牌8=255
[2017-11-27 16:31:42]   门牌9=255
[2017-11-27 16:31:42]   门牌10=255
[2017-11-27 16:31:42]   门牌11=255
[2017-11-27 16:31:42]   门牌12=255
[2017-11-27 16:31:42]   门牌13=255
[2017-11-27 16:31:42]   门牌14=255
[2017-11-27 16:31:42]   门牌15=255
[2017-11-27 16:31:42]   门牌16=255
[2017-11-27 16:31:42]   门牌17=255
[2017-11-27 16:31:42]   门牌18=255
[2017-11-27 16:31:42]   门牌19=255
[2017-11-27 16:31:42]   门牌20=255
[2017-11-27 16:31:42]   门牌21=255
[2017-11-27 16:31:42]   门牌22=255
[2017-11-27 16:31:42]   门牌23=255
[2017-11-27 16:31:42]   门牌24=255
[2017-11-27 16:31:42]   门牌25=255
[2017-11-27 16:31:42]   门牌26=255
[2017-11-27 16:31:42]   门牌27=255
[2017-11-27 16:31:42]   门牌28=255
[2017-11-27 16:32:32] 解散房间 VIP=1
[2017-11-27 16:32:32] 发送大结算
