 2019-01-17 16:08:00 ThingHandleEx::ExecuteCountFen 2869:  游戏结算,玩家 0 ,ZL1111 的杠分=0 胡番=0 码分=0
 2019-01-17 16:08:00 ThingHandleEx::ExecuteCountFen 2870:  游戏结算,玩家 0 的总分=0
 2019-01-17 16:08:00 ThingHandleEx::ExecuteCountFen 2869:  游戏结算,玩家 1 ,zl2222 的杠分=0 胡番=0 码分=0
 2019-01-17 16:08:00 ThingHandleEx::ExecuteCountFen 2870:  游戏结算,玩家 1 的总分=0
 2019-01-17 16:08:00 ThingHandleEx::ExecuteCountFen 2869:  游戏结算,玩家 2 ,ZL3333 的杠分=0 胡番=0 码分=0
 2019-01-17 16:08:00 ThingHandleEx::ExecuteCountFen 2870:  游戏结算,玩家 2 的总分=0
 2019-01-17 16:08:00 ThingHandleEx::ExecuteCountFen 2869:  游戏结算,玩家 3 ,Phone22932 的杠分=0 胡番=0 码分=0
 2019-01-17 16:08:00 ThingHandleEx::ExecuteCountFen 2870:  游戏结算,玩家 3 的总分=0
 2019-01-17 16:08:01 CServerGameDesk::GameFinish 394: 第0局正常结束
 2019-01-17 16:19:49 ThingHandleEx::ExecuteGameBegin 1462: 20111004：游戏开始, m_iRunGameCount0
 2019-01-17 16:25:19 CServerGameDesk::UserReCome 576: 玩家 ,Phone22932的托管状态=0
 2019-01-17 16:32:05 ThingHandleEx::ExecuteZhuaPai 2570: 玩家Phone22932要胡
 2019-01-17 16:32:07 ThingHandleEx::ExecuteZhongNiao 1430: 中鸟阶段:S: ZhongNiao[0]=26
 2019-01-17 16:32:07 ThingHandleEx::ExecuteZhongNiao 1436: 中码结算, 该局玩家0的码分=0
 2019-01-17 16:32:07 ThingHandleEx::ExecuteZhongNiao 1436: 中码结算, 该局玩家1的码分=0
 2019-01-17 16:32:07 ThingHandleEx::ExecuteZhongNiao 1436: 中码结算, 该局玩家2的码分=0
 2019-01-17 16:32:07 ThingHandleEx::ExecuteZhongNiao 1436: 中码结算, 该局玩家3的码分=0
 2019-01-17 16:32:12 ThingHandleEx::ExecuteCountFen 2813: 算分,玩家  的自摸次数=1
 2019-01-17 16:32:12 ThingHandleEx::ExecuteCountFen 2869:  游戏结算,玩家 0 ,ZL3333 的杠分=0 胡番=-2 码分=0
 2019-01-17 16:32:12 ThingHandleEx::ExecuteCountFen 2870:  游戏结算,玩家 0 的总分=-40
 2019-01-17 16:32:12 ThingHandleEx::ExecuteCountFen 2869:  游戏结算,玩家 1 ,Phone22932 的杠分=0 胡番=6 码分=0
 2019-01-17 16:32:12 ThingHandleEx::ExecuteCountFen 2870:  游戏结算,玩家 1 的总分=120
 2019-01-17 16:32:12 ThingHandleEx::ExecuteCountFen 2869:  游戏结算,玩家 2 ,ZL1111 的杠分=0 胡番=-2 码分=0
 2019-01-17 16:32:12 ThingHandleEx::ExecuteCountFen 2870:  游戏结算,玩家 2 的总分=-40
 2019-01-17 16:32:12 ThingHandleEx::ExecuteCountFen 2869:  游戏结算,玩家 3 ,zl2222 的杠分=0 胡番=-2 码分=0
 2019-01-17 16:32:12 ThingHandleEx::ExecuteCountFen 2870:  游戏结算,玩家 3 的总分=-40
 2019-01-17 16:32:12 CServerGameDesk::GameFinish 394: 第0局正常结束
