[2017-12-11 13:45:48] 掷2颗色子确定起牌方向： byGetPaiDir=0-222, 5 3
[2017-12-11 13:45:51] 掷2颗色子确定起牌敦数事件: 3 6 9
[2017-12-11 13:45:56] 玩家0-222的门牌： 
[2017-12-11 13:45:56]   门牌1=0
[2017-12-11 13:45:56]   门牌2=0
[2017-12-11 13:45:56]   门牌3=0
[2017-12-11 13:45:56]   门牌4=0
[2017-12-11 13:45:56]   门牌5=0
[2017-12-11 13:45:56]   门牌6=0
[2017-12-11 13:45:56]   门牌7=0
[2017-12-11 13:45:56]   门牌8=0
[2017-12-11 13:45:56]   门牌9=0
[2017-12-11 13:45:56]   门牌10=0
[2017-12-11 13:45:56]   门牌11=0
[2017-12-11 13:45:56]   门牌12=0
[2017-12-11 13:45:56]   门牌13=0
[2017-12-11 13:45:56]   门牌14=0
[2017-12-11 13:45:56]   门牌15=0
[2017-12-11 13:45:56]   门牌16=0
[2017-12-11 13:45:56]   门牌17=0
[2017-12-11 13:45:56]   门牌18=0
[2017-12-11 13:45:56]   门牌19=255
[2017-12-11 13:45:56]   门牌20=255
[2017-12-11 13:45:56]   门牌21=255
[2017-12-11 13:45:56]   门牌22=255
[2017-12-11 13:45:56]   门牌23=255
[2017-12-11 13:45:56]   门牌24=255
[2017-12-11 13:45:56]   门牌25=255
[2017-12-11 13:45:56]   门牌26=255
[2017-12-11 13:45:56]   门牌27=255
[2017-12-11 13:45:56]   门牌28=255
[2017-12-11 13:45:56] 玩家1-duoduo的门牌： 
[2017-12-11 13:45:56]   门牌1=255
[2017-12-11 13:45:56]   门牌2=255
[2017-12-11 13:45:56]   门牌3=255
[2017-12-11 13:45:56]   门牌4=255
[2017-12-11 13:45:56]   门牌5=255
[2017-12-11 13:45:56]   门牌6=255
[2017-12-11 13:45:56]   门牌7=255
[2017-12-11 13:45:56]   门牌8=255
[2017-12-11 13:45:56]   门牌9=255
[2017-12-11 13:45:56]   门牌10=255
[2017-12-11 13:45:56]   门牌11=255
[2017-12-11 13:45:56]   门牌12=255
[2017-12-11 13:45:56]   门牌13=255
[2017-12-11 13:45:56]   门牌14=255
[2017-12-11 13:45:56]   门牌15=255
[2017-12-11 13:45:56]   门牌16=255
[2017-12-11 13:45:56]   门牌17=255
[2017-12-11 13:45:56]   门牌18=255
[2017-12-11 13:45:56]   门牌19=255
[2017-12-11 13:45:56]   门牌20=255
[2017-12-11 13:45:56]   门牌21=255
[2017-12-11 13:45:56]   门牌22=255
[2017-12-11 13:45:56]   门牌23=255
[2017-12-11 13:45:56]   门牌24=255
[2017-12-11 13:45:56]   门牌25=255
[2017-12-11 13:45:56]   门牌26=255
[2017-12-11 13:45:56]   门牌27=255
[2017-12-11 13:45:56]   门牌28=255
[2017-12-11 13:45:56] 玩家2-666的门牌： 
[2017-12-11 13:45:56]   门牌1=255
[2017-12-11 13:45:56]   门牌2=255
[2017-12-11 13:45:56]   门牌3=255
[2017-12-11 13:45:56]   门牌4=255
[2017-12-11 13:45:56]   门牌5=255
[2017-12-11 13:45:56]   门牌6=255
[2017-12-11 13:45:56]   门牌7=255
[2017-12-11 13:45:56]   门牌8=255
[2017-12-11 13:45:56]   门牌9=255
[2017-12-11 13:45:56]   门牌10=255
[2017-12-11 13:45:56]   门牌11=255
[2017-12-11 13:45:56]   门牌12=255
[2017-12-11 13:45:56]   门牌13=255
[2017-12-11 13:45:56]   门牌14=255
[2017-12-11 13:45:56]   门牌15=255
[2017-12-11 13:45:56]   门牌16=0
[2017-12-11 13:45:56]   门牌17=0
[2017-12-11 13:45:56]   门牌18=0
[2017-12-11 13:45:56]   门牌19=0
[2017-12-11 13:45:56]   门牌20=0
[2017-12-11 13:45:56]   门牌21=0
[2017-12-11 13:45:56]   门牌22=0
[2017-12-11 13:45:56]   门牌23=0
[2017-12-11 13:45:56]   门牌24=0
[2017-12-11 13:45:56]   门牌25=0
[2017-12-11 13:45:56]   门牌26=0
[2017-12-11 13:45:56]   门牌27=0
[2017-12-11 13:45:56]   门牌28=0
[2017-12-11 13:45:56] 玩家3-444的门牌： 
[2017-12-11 13:45:56]   门牌1=0
[2017-12-11 13:45:56]   门牌2=0
[2017-12-11 13:45:56]   门牌3=0
[2017-12-11 13:45:56]   门牌4=0
[2017-12-11 13:45:56]   门牌5=0
[2017-12-11 13:45:56]   门牌6=0
[2017-12-11 13:45:56]   门牌7=0
[2017-12-11 13:45:56]   门牌8=0
[2017-12-11 13:45:56]   门牌9=0
[2017-12-11 13:45:56]   门牌10=0
[2017-12-11 13:45:56]   门牌11=0
[2017-12-11 13:45:56]   门牌12=0
[2017-12-11 13:45:56]   门牌13=0
[2017-12-11 13:45:56]   门牌14=0
[2017-12-11 13:45:56]   门牌15=0
[2017-12-11 13:45:56]   门牌16=0
[2017-12-11 13:45:56]   门牌17=0
[2017-12-11 13:45:56]   门牌18=0
[2017-12-11 13:45:56]   门牌19=0
[2017-12-11 13:45:56]   门牌20=0
[2017-12-11 13:45:56]   门牌21=0
[2017-12-11 13:45:56]   门牌22=0
[2017-12-11 13:45:56]   门牌23=0
[2017-12-11 13:45:56]   门牌24=0
[2017-12-11 13:45:56]   门牌25=255
[2017-12-11 13:45:56]   门牌26=255
[2017-12-11 13:45:56]   门牌27=255
[2017-12-11 13:45:56]   门牌28=255
[2017-12-11 13:58:51] 掷2颗色子确定起牌方向： byGetPaiDir=0-duoduo, 3 2
[2017-12-11 13:58:55] 掷2颗色子确定起牌敦数事件: 1 1 2
[2017-12-11 13:59:00] 玩家0-duoduo的门牌： 
[2017-12-11 13:59:00]   门牌1=0
[2017-12-11 13:59:00]   门牌2=0
[2017-12-11 13:59:00]   门牌3=0
[2017-12-11 13:59:00]   门牌4=0
[2017-12-11 13:59:00]   门牌5=255
[2017-12-11 13:59:00]   门牌6=255
[2017-12-11 13:59:00]   门牌7=255
[2017-12-11 13:59:00]   门牌8=255
[2017-12-11 13:59:00]   门牌9=255
[2017-12-11 13:59:00]   门牌10=255
[2017-12-11 13:59:00]   门牌11=255
[2017-12-11 13:59:00]   门牌12=255
[2017-12-11 13:59:00]   门牌13=255
[2017-12-11 13:59:00]   门牌14=255
[2017-12-11 13:59:00]   门牌15=255
[2017-12-11 13:59:00]   门牌16=255
[2017-12-11 13:59:00]   门牌17=255
[2017-12-11 13:59:00]   门牌18=255
[2017-12-11 13:59:00]   门牌19=255
[2017-12-11 13:59:00]   门牌20=255
[2017-12-11 13:59:00]   门牌21=255
[2017-12-11 13:59:00]   门牌22=255
[2017-12-11 13:59:00]   门牌23=255
[2017-12-11 13:59:00]   门牌24=255
[2017-12-11 13:59:00]   门牌25=255
[2017-12-11 13:59:00]   门牌26=255
[2017-12-11 13:59:00]   门牌27=255
[2017-12-11 13:59:00]   门牌28=255
[2017-12-11 13:59:00] 玩家1-222的门牌： 
[2017-12-11 13:59:00]   门牌1=255
[2017-12-11 13:59:00]   门牌2=255
[2017-12-11 13:59:00]   门牌3=255
[2017-12-11 13:59:00]   门牌4=255
[2017-12-11 13:59:00]   门牌5=255
[2017-12-11 13:59:00]   门牌6=255
[2017-12-11 13:59:00]   门牌7=255
[2017-12-11 13:59:00]   门牌8=255
[2017-12-11 13:59:00]   门牌9=255
[2017-12-11 13:59:00]   门牌10=255
[2017-12-11 13:59:00]   门牌11=255
[2017-12-11 13:59:00]   门牌12=255
[2017-12-11 13:59:00]   门牌13=255
[2017-12-11 13:59:00]   门牌14=255
[2017-12-11 13:59:00]   门牌15=255
[2017-12-11 13:59:00]   门牌16=255
[2017-12-11 13:59:00]   门牌17=255
[2017-12-11 13:59:00]   门牌18=255
[2017-12-11 13:59:00]   门牌19=255
[2017-12-11 13:59:00]   门牌20=255
[2017-12-11 13:59:00]   门牌21=255
[2017-12-11 13:59:00]   门牌22=255
[2017-12-11 13:59:00]   门牌23=255
[2017-12-11 13:59:00]   门牌24=255
[2017-12-11 13:59:00]   门牌25=255
[2017-12-11 13:59:00]   门牌26=255
[2017-12-11 13:59:00]   门牌27=255
[2017-12-11 13:59:00]   门牌28=255
[2017-12-11 13:59:00] 玩家2-444的门牌： 
[2017-12-11 13:59:00]   门牌1=255
[2017-12-11 13:59:00]   门牌2=0
[2017-12-11 13:59:00]   门牌3=0
[2017-12-11 13:59:00]   门牌4=0
[2017-12-11 13:59:00]   门牌5=0
[2017-12-11 13:59:00]   门牌6=0
[2017-12-11 13:59:00]   门牌7=0
[2017-12-11 13:59:00]   门牌8=0
[2017-12-11 13:59:00]   门牌9=0
[2017-12-11 13:59:00]   门牌10=0
[2017-12-11 13:59:00]   门牌11=0
[2017-12-11 13:59:00]   门牌12=0
[2017-12-11 13:59:00]   门牌13=0
[2017-12-11 13:59:00]   门牌14=0
[2017-12-11 13:59:00]   门牌15=0
[2017-12-11 13:59:00]   门牌16=0
[2017-12-11 13:59:00]   门牌17=0
[2017-12-11 13:59:00]   门牌18=0
[2017-12-11 13:59:00]   门牌19=0
[2017-12-11 13:59:00]   门牌20=0
[2017-12-11 13:59:00]   门牌21=0
[2017-12-11 13:59:00]   门牌22=0
[2017-12-11 13:59:00]   门牌23=0
[2017-12-11 13:59:00]   门牌24=0
[2017-12-11 13:59:00]   门牌25=0
[2017-12-11 13:59:00]   门牌26=0
[2017-12-11 13:59:00]   门牌27=0
[2017-12-11 13:59:00]   门牌28=0
[2017-12-11 13:59:00] 玩家3-666的门牌： 
[2017-12-11 13:59:00]   门牌1=0
[2017-12-11 13:59:00]   门牌2=0
[2017-12-11 13:59:00]   门牌3=0
[2017-12-11 13:59:00]   门牌4=0
[2017-12-11 13:59:00]   门牌5=0
[2017-12-11 13:59:00]   门牌6=0
[2017-12-11 13:59:00]   门牌7=0
[2017-12-11 13:59:00]   门牌8=0
[2017-12-11 13:59:00]   门牌9=0
[2017-12-11 13:59:00]   门牌10=0
[2017-12-11 13:59:00]   门牌11=0
[2017-12-11 13:59:00]   门牌12=0
[2017-12-11 13:59:00]   门牌13=0
[2017-12-11 13:59:00]   门牌14=0
[2017-12-11 13:59:00]   门牌15=0
[2017-12-11 13:59:00]   门牌16=0
[2017-12-11 13:59:00]   门牌17=0
[2017-12-11 13:59:00]   门牌18=0
[2017-12-11 13:59:00]   门牌19=0
[2017-12-11 13:59:00]   门牌20=0
[2017-12-11 13:59:00]   门牌21=0
[2017-12-11 13:59:00]   门牌22=0
[2017-12-11 13:59:00]   门牌23=0
[2017-12-11 13:59:00]   门牌24=0
[2017-12-11 13:59:00]   门牌25=255
[2017-12-11 13:59:00]   门牌26=255
[2017-12-11 13:59:00]   门牌27=255
[2017-12-11 13:59:00]   门牌28=255
[2017-12-11 14:19:14] 掷2颗色子确定起牌方向： byGetPaiDir=1-222, 1 5
[2017-12-11 14:19:17] 掷2颗色子确定起牌敦数事件: 4 5 9
[2017-12-11 14:19:22] 玩家0-444的门牌： 
[2017-12-11 14:19:22]   门牌1=0
[2017-12-11 14:19:22]   门牌2=0
[2017-12-11 14:19:22]   门牌3=0
[2017-12-11 14:19:22]   门牌4=0
[2017-12-11 14:19:22]   门牌5=0
[2017-12-11 14:19:22]   门牌6=0
[2017-12-11 14:19:22]   门牌7=0
[2017-12-11 14:19:22]   门牌8=0
[2017-12-11 14:19:22]   门牌9=0
[2017-12-11 14:19:22]   门牌10=0
[2017-12-11 14:19:22]   门牌11=0
[2017-12-11 14:19:22]   门牌12=0
[2017-12-11 14:19:22]   门牌13=0
[2017-12-11 14:19:22]   门牌14=0
[2017-12-11 14:19:22]   门牌15=0
[2017-12-11 14:19:22]   门牌16=0
[2017-12-11 14:19:22]   门牌17=0
[2017-12-11 14:19:22]   门牌18=0
[2017-12-11 14:19:22]   门牌19=0
[2017-12-11 14:19:22]   门牌20=0
[2017-12-11 14:19:22]   门牌21=0
[2017-12-11 14:19:22]   门牌22=0
[2017-12-11 14:19:22]   门牌23=0
[2017-12-11 14:19:22]   门牌24=0
[2017-12-11 14:19:22]   门牌25=0
[2017-12-11 14:19:22]   门牌26=0
[2017-12-11 14:19:22]   门牌27=0
[2017-12-11 14:19:22]   门牌28=0
[2017-12-11 14:19:22] 玩家1-222的门牌： 
[2017-12-11 14:19:22]   门牌1=0
[2017-12-11 14:19:22]   门牌2=0
[2017-12-11 14:19:22]   门牌3=0
[2017-12-11 14:19:22]   门牌4=0
[2017-12-11 14:19:22]   门牌5=0
[2017-12-11 14:19:22]   门牌6=0
[2017-12-11 14:19:22]   门牌7=0
[2017-12-11 14:19:22]   门牌8=0
[2017-12-11 14:19:22]   门牌9=0
[2017-12-11 14:19:22]   门牌10=0
[2017-12-11 14:19:22]   门牌11=0
[2017-12-11 14:19:22]   门牌12=0
[2017-12-11 14:19:22]   门牌13=0
[2017-12-11 14:19:22]   门牌14=0
[2017-12-11 14:19:22]   门牌15=0
[2017-12-11 14:19:22]   门牌16=0
[2017-12-11 14:19:22]   门牌17=255
[2017-12-11 14:19:22]   门牌18=255
[2017-12-11 14:19:22]   门牌19=255
[2017-12-11 14:19:22]   门牌20=255
[2017-12-11 14:19:22]   门牌21=255
[2017-12-11 14:19:22]   门牌22=255
[2017-12-11 14:19:22]   门牌23=255
[2017-12-11 14:19:22]   门牌24=255
[2017-12-11 14:19:22]   门牌25=255
[2017-12-11 14:19:22]   门牌26=255
[2017-12-11 14:19:22]   门牌27=255
[2017-12-11 14:19:22]   门牌28=255
[2017-12-11 14:19:22] 玩家2-duoduo的门牌： 
[2017-12-11 14:19:22]   门牌1=255
[2017-12-11 14:19:22]   门牌2=255
[2017-12-11 14:19:22]   门牌3=255
[2017-12-11 14:19:22]   门牌4=255
[2017-12-11 14:19:22]   门牌5=255
[2017-12-11 14:19:22]   门牌6=255
[2017-12-11 14:19:22]   门牌7=255
[2017-12-11 14:19:22]   门牌8=255
[2017-12-11 14:19:22]   门牌9=255
[2017-12-11 14:19:22]   门牌10=255
[2017-12-11 14:19:22]   门牌11=255
[2017-12-11 14:19:22]   门牌12=255
[2017-12-11 14:19:22]   门牌13=255
[2017-12-11 14:19:22]   门牌14=255
[2017-12-11 14:19:22]   门牌15=255
[2017-12-11 14:19:22]   门牌16=255
[2017-12-11 14:19:22]   门牌17=255
[2017-12-11 14:19:22]   门牌18=255
[2017-12-11 14:19:22]   门牌19=255
[2017-12-11 14:19:22]   门牌20=255
[2017-12-11 14:19:22]   门牌21=255
[2017-12-11 14:19:22]   门牌22=255
[2017-12-11 14:19:22]   门牌23=255
[2017-12-11 14:19:22]   门牌24=255
[2017-12-11 14:19:22]   门牌25=255
[2017-12-11 14:19:22]   门牌26=255
[2017-12-11 14:19:22]   门牌27=255
[2017-12-11 14:19:22]   门牌28=255
[2017-12-11 14:19:22] 玩家3-666的门牌： 
[2017-12-11 14:19:22]   门牌1=255
[2017-12-11 14:19:22]   门牌2=255
[2017-12-11 14:19:22]   门牌3=255
[2017-12-11 14:19:22]   门牌4=255
[2017-12-11 14:19:22]   门牌5=255
[2017-12-11 14:19:23]   门牌6=255
[2017-12-11 14:19:23]   门牌7=255
[2017-12-11 14:19:23]   门牌8=255
[2017-12-11 14:19:23]   门牌9=255
[2017-12-11 14:19:23]   门牌10=255
[2017-12-11 14:19:23]   门牌11=255
[2017-12-11 14:19:23]   门牌12=255
[2017-12-11 14:19:23]   门牌13=255
[2017-12-11 14:19:23]   门牌14=0
[2017-12-11 14:19:23]   门牌15=0
[2017-12-11 14:19:23]   门牌16=0
[2017-12-11 14:19:23]   门牌17=0
[2017-12-11 14:19:23]   门牌18=0
[2017-12-11 14:19:23]   门牌19=0
[2017-12-11 14:19:23]   门牌20=0
[2017-12-11 14:19:23]   门牌21=0
[2017-12-11 14:19:23]   门牌22=0
[2017-12-11 14:19:23]   门牌23=0
[2017-12-11 14:19:23]   门牌24=0
[2017-12-11 14:19:23]   门牌25=255
[2017-12-11 14:19:23]   门牌26=255
[2017-12-11 14:19:23]   门牌27=255
[2017-12-11 14:19:23]   门牌28=255
[2017-12-11 14:23:19] 掷2颗色子确定起牌方向： byGetPaiDir=3-666, 3 3
[2017-12-11 14:23:22] 掷2颗色子确定起牌敦数事件: 2 1 3
[2017-12-11 14:23:27] 玩家0-444的门牌： 
[2017-12-11 14:23:27]   门牌1=255
[2017-12-11 14:23:27]   门牌2=255
[2017-12-11 14:23:27]   门牌3=255
[2017-12-11 14:23:27]   门牌4=255
[2017-12-11 14:23:27]   门牌5=255
[2017-12-11 14:23:27]   门牌6=255
[2017-12-11 14:23:27]   门牌7=255
[2017-12-11 14:23:27]   门牌8=255
[2017-12-11 14:23:27]   门牌9=255
[2017-12-11 14:23:27]   门牌10=255
[2017-12-11 14:23:27]   门牌11=255
[2017-12-11 14:23:27]   门牌12=255
[2017-12-11 14:23:27]   门牌13=255
[2017-12-11 14:23:27]   门牌14=255
[2017-12-11 14:23:27]   门牌15=255
[2017-12-11 14:23:27]   门牌16=255
[2017-12-11 14:23:27]   门牌17=255
[2017-12-11 14:23:27]   门牌18=255
[2017-12-11 14:23:27]   门牌19=255
[2017-12-11 14:23:27]   门牌20=255
[2017-12-11 14:23:27]   门牌21=255
[2017-12-11 14:23:27]   门牌22=255
[2017-12-11 14:23:27]   门牌23=255
[2017-12-11 14:23:27]   门牌24=255
[2017-12-11 14:23:27]   门牌25=255
[2017-12-11 14:23:27]   门牌26=255
[2017-12-11 14:23:27]   门牌27=255
[2017-12-11 14:23:27]   门牌28=255
[2017-12-11 14:23:27] 玩家1-222的门牌： 
[2017-12-11 14:23:27]   门牌1=255
[2017-12-11 14:23:27]   门牌2=0
[2017-12-11 14:23:27]   门牌3=0
[2017-12-11 14:23:27]   门牌4=0
[2017-12-11 14:23:27]   门牌5=0
[2017-12-11 14:23:27]   门牌6=0
[2017-12-11 14:23:27]   门牌7=0
[2017-12-11 14:23:27]   门牌8=0
[2017-12-11 14:23:27]   门牌9=0
[2017-12-11 14:23:27]   门牌10=0
[2017-12-11 14:23:27]   门牌11=0
[2017-12-11 14:23:27]   门牌12=0
[2017-12-11 14:23:27]   门牌13=0
[2017-12-11 14:23:27]   门牌14=0
[2017-12-11 14:23:27]   门牌15=0
[2017-12-11 14:23:27]   门牌16=0
[2017-12-11 14:23:27]   门牌17=0
[2017-12-11 14:23:27]   门牌18=0
[2017-12-11 14:23:27]   门牌19=0
[2017-12-11 14:23:27]   门牌20=0
[2017-12-11 14:23:27]   门牌21=0
[2017-12-11 14:23:27]   门牌22=0
[2017-12-11 14:23:27]   门牌23=0
[2017-12-11 14:23:27]   门牌24=0
[2017-12-11 14:23:27]   门牌25=0
[2017-12-11 14:23:27]   门牌26=0
[2017-12-11 14:23:27]   门牌27=255
[2017-12-11 14:23:27]   门牌28=255
[2017-12-11 14:23:27] 玩家2-duoduo的门牌： 
[2017-12-11 14:23:27]   门牌1=0
[2017-12-11 14:23:27]   门牌2=0
[2017-12-11 14:23:27]   门牌3=0
[2017-12-11 14:23:27]   门牌4=0
[2017-12-11 14:23:27]   门牌5=0
[2017-12-11 14:23:27]   门牌6=0
[2017-12-11 14:23:27]   门牌7=0
[2017-12-11 14:23:27]   门牌8=0
[2017-12-11 14:23:27]   门牌9=0
[2017-12-11 14:23:27]   门牌10=0
[2017-12-11 14:23:27]   门牌11=0
[2017-12-11 14:23:27]   门牌12=0
[2017-12-11 14:23:27]   门牌13=0
[2017-12-11 14:23:27]   门牌14=0
[2017-12-11 14:23:27]   门牌15=0
[2017-12-11 14:23:27]   门牌16=0
[2017-12-11 14:23:27]   门牌17=0
[2017-12-11 14:23:27]   门牌18=0
[2017-12-11 14:23:27]   门牌19=0
[2017-12-11 14:23:27]   门牌20=0
[2017-12-11 14:23:27]   门牌21=0
[2017-12-11 14:23:27]   门牌22=0
[2017-12-11 14:23:27]   门牌23=0
[2017-12-11 14:23:27]   门牌24=0
[2017-12-11 14:23:27]   门牌25=0
[2017-12-11 14:23:27]   门牌26=0
[2017-12-11 14:23:27]   门牌27=0
[2017-12-11 14:23:27]   门牌28=0
[2017-12-11 14:23:27] 玩家3-666的门牌： 
[2017-12-11 14:23:27]   门牌1=255
[2017-12-11 14:23:27]   门牌2=255
[2017-12-11 14:23:27]   门牌3=255
[2017-12-11 14:23:27]   门牌4=255
[2017-12-11 14:23:27]   门牌5=255
[2017-12-11 14:23:27]   门牌6=255
[2017-12-11 14:23:27]   门牌7=255
[2017-12-11 14:23:27]   门牌8=255
[2017-12-11 14:23:27]   门牌9=255
[2017-12-11 14:23:27]   门牌10=255
[2017-12-11 14:23:27]   门牌11=255
[2017-12-11 14:23:27]   门牌12=255
[2017-12-11 14:23:27]   门牌13=255
[2017-12-11 14:23:27]   门牌14=255
[2017-12-11 14:23:27]   门牌15=255
[2017-12-11 14:23:27]   门牌16=255
[2017-12-11 14:23:27]   门牌17=255
[2017-12-11 14:23:27]   门牌18=255
[2017-12-11 14:23:27]   门牌19=255
[2017-12-11 14:23:27]   门牌20=255
[2017-12-11 14:23:27]   门牌21=255
[2017-12-11 14:23:27]   门牌22=255
[2017-12-11 14:23:27]   门牌23=255
[2017-12-11 14:23:27]   门牌24=255
[2017-12-11 14:23:27]   门牌25=255
[2017-12-11 14:23:27]   门牌26=255
[2017-12-11 14:23:27]   门牌27=255
[2017-12-11 14:23:27]   门牌28=255
[2017-12-11 14:39:24] 掷2颗色子确定起牌方向： byGetPaiDir=3-444, 4 5
[2017-12-11 14:39:27] 掷2颗色子确定起牌敦数事件: 6 2 8
[2017-12-11 14:39:32] 玩家0-duoduo的门牌： 
[2017-12-11 14:39:32]   门牌1=255
[2017-12-11 14:39:32]   门牌2=255
[2017-12-11 14:39:32]   门牌3=255
[2017-12-11 14:39:32]   门牌4=255
[2017-12-11 14:39:32]   门牌5=255
[2017-12-11 14:39:32]   门牌6=255
[2017-12-11 14:39:32]   门牌7=255
[2017-12-11 14:39:32]   门牌8=255
[2017-12-11 14:39:32]   门牌9=255
[2017-12-11 14:39:32]   门牌10=255
[2017-12-11 14:39:32]   门牌11=255
[2017-12-11 14:39:32]   门牌12=255
[2017-12-11 14:39:32]   门牌13=255
[2017-12-11 14:39:32]   门牌14=255
[2017-12-11 14:39:32]   门牌15=255
[2017-12-11 14:39:32]   门牌16=255
[2017-12-11 14:39:32]   门牌17=255
[2017-12-11 14:39:32]   门牌18=255
[2017-12-11 14:39:32]   门牌19=255
[2017-12-11 14:39:32]   门牌20=255
[2017-12-11 14:39:32]   门牌21=255
[2017-12-11 14:39:32]   门牌22=255
[2017-12-11 14:39:32]   门牌23=255
[2017-12-11 14:39:32]   门牌24=255
[2017-12-11 14:39:32]   门牌25=255
[2017-12-11 14:39:32]   门牌26=255
[2017-12-11 14:39:32]   门牌27=255
[2017-12-11 14:39:32]   门牌28=255
[2017-12-11 14:39:32] 玩家1-222的门牌： 
[2017-12-11 14:39:32]   门牌1=255
[2017-12-11 14:39:32]   门牌2=255
[2017-12-11 14:39:32]   门牌3=255
[2017-12-11 14:39:32]   门牌4=255
[2017-12-11 14:39:32]   门牌5=255
[2017-12-11 14:39:32]   门牌6=255
[2017-12-11 14:39:32]   门牌7=255
[2017-12-11 14:39:32]   门牌8=255
[2017-12-11 14:39:32]   门牌9=255
[2017-12-11 14:39:32]   门牌10=255
[2017-12-11 14:39:32]   门牌11=255
[2017-12-11 14:39:32]   门牌12=0
[2017-12-11 14:39:32]   门牌13=0
[2017-12-11 14:39:32]   门牌14=0
[2017-12-11 14:39:32]   门牌15=0
[2017-12-11 14:39:32]   门牌16=0
[2017-12-11 14:39:32]   门牌17=0
[2017-12-11 14:39:32]   门牌18=0
[2017-12-11 14:39:32]   门牌19=0
[2017-12-11 14:39:32]   门牌20=0
[2017-12-11 14:39:32]   门牌21=0
[2017-12-11 14:39:32]   门牌22=0
[2017-12-11 14:39:32]   门牌23=0
[2017-12-11 14:39:32]   门牌24=0
[2017-12-11 14:39:32]   门牌25=0
[2017-12-11 14:39:32]   门牌26=0
[2017-12-11 14:39:32]   门牌27=255
[2017-12-11 14:39:32]   门牌28=255
[2017-12-11 14:39:32] 玩家2-666的门牌： 
[2017-12-11 14:39:32]   门牌1=0
[2017-12-11 14:39:32]   门牌2=0
[2017-12-11 14:39:32]   门牌3=0
[2017-12-11 14:39:32]   门牌4=0
[2017-12-11 14:39:32]   门牌5=0
[2017-12-11 14:39:32]   门牌6=0
[2017-12-11 14:39:32]   门牌7=0
[2017-12-11 14:39:32]   门牌8=0
[2017-12-11 14:39:32]   门牌9=0
[2017-12-11 14:39:32]   门牌10=0
[2017-12-11 14:39:32]   门牌11=0
[2017-12-11 14:39:32]   门牌12=0
[2017-12-11 14:39:32]   门牌13=0
[2017-12-11 14:39:32]   门牌14=0
[2017-12-11 14:39:32]   门牌15=0
[2017-12-11 14:39:32]   门牌16=0
[2017-12-11 14:39:32]   门牌17=0
[2017-12-11 14:39:32]   门牌18=0
[2017-12-11 14:39:32]   门牌19=0
[2017-12-11 14:39:32]   门牌20=0
[2017-12-11 14:39:32]   门牌21=0
[2017-12-11 14:39:32]   门牌22=0
[2017-12-11 14:39:32]   门牌23=0
[2017-12-11 14:39:32]   门牌24=0
[2017-12-11 14:39:32]   门牌25=0
[2017-12-11 14:39:32]   门牌26=0
[2017-12-11 14:39:32]   门牌27=0
[2017-12-11 14:39:32]   门牌28=0
[2017-12-11 14:39:32] 玩家3-444的门牌： 
[2017-12-11 14:39:32]   门牌1=0
[2017-12-11 14:39:32]   门牌2=0
[2017-12-11 14:39:32]   门牌3=0
[2017-12-11 14:39:32]   门牌4=0
[2017-12-11 14:39:32]   门牌5=0
[2017-12-11 14:39:32]   门牌6=0
[2017-12-11 14:39:32]   门牌7=0
[2017-12-11 14:39:32]   门牌8=0
[2017-12-11 14:39:32]   门牌9=0
[2017-12-11 14:39:32]   门牌10=0
[2017-12-11 14:39:32]   门牌11=255
[2017-12-11 14:39:32]   门牌12=255
[2017-12-11 14:39:32]   门牌13=255
[2017-12-11 14:39:32]   门牌14=255
[2017-12-11 14:39:32]   门牌15=255
[2017-12-11 14:39:32]   门牌16=255
[2017-12-11 14:39:32]   门牌17=255
[2017-12-11 14:39:32]   门牌18=255
[2017-12-11 14:39:32]   门牌19=255
[2017-12-11 14:39:32]   门牌20=255
[2017-12-11 14:39:32]   门牌21=255
[2017-12-11 14:39:32]   门牌22=255
[2017-12-11 14:39:32]   门牌23=255
[2017-12-11 14:39:32]   门牌24=255
[2017-12-11 14:39:32]   门牌25=255
[2017-12-11 14:39:32]   门牌26=255
[2017-12-11 14:39:32]   门牌27=255
[2017-12-11 14:39:32]   门牌28=255
[2017-12-11 14:58:40] 掷2颗色子确定起牌方向： byGetPaiDir=2-duoduo, 5 1
[2017-12-11 14:58:44] 掷2颗色子确定起牌敦数事件: 6 3 9
[2017-12-11 14:58:49] 玩家0-222的门牌： 
[2017-12-11 14:58:49]   门牌1=255
[2017-12-11 14:58:49]   门牌2=255
[2017-12-11 14:58:49]   门牌3=255
[2017-12-11 14:58:49]   门牌4=255
[2017-12-11 14:58:49]   门牌5=255
[2017-12-11 14:58:49]   门牌6=255
[2017-12-11 14:58:49]   门牌7=255
[2017-12-11 14:58:49]   门牌8=255
[2017-12-11 14:58:49]   门牌9=255
[2017-12-11 14:58:49]   门牌10=255
[2017-12-11 14:58:49]   门牌11=255
[2017-12-11 14:58:49]   门牌12=255
[2017-12-11 14:58:49]   门牌13=255
[2017-12-11 14:58:49]   门牌14=255
[2017-12-11 14:58:49]   门牌15=255
[2017-12-11 14:58:49]   门牌16=0
[2017-12-11 14:58:49]   门牌17=0
[2017-12-11 14:58:49]   门牌18=0
[2017-12-11 14:58:49]   门牌19=0
[2017-12-11 14:58:49]   门牌20=0
[2017-12-11 14:58:49]   门牌21=0
[2017-12-11 14:58:49]   门牌22=0
[2017-12-11 14:58:49]   门牌23=0
[2017-12-11 14:58:49]   门牌24=0
[2017-12-11 14:58:49]   门牌25=0
[2017-12-11 14:58:49]   门牌26=0
[2017-12-11 14:58:49]   门牌27=0
[2017-12-11 14:58:49]   门牌28=0
[2017-12-11 14:58:49] 玩家1-444的门牌： 
[2017-12-11 14:58:49]   门牌1=0
[2017-12-11 14:58:49]   门牌2=0
[2017-12-11 14:58:49]   门牌3=0
[2017-12-11 14:58:49]   门牌4=0
[2017-12-11 14:58:49]   门牌5=0
[2017-12-11 14:58:49]   门牌6=0
[2017-12-11 14:58:49]   门牌7=0
[2017-12-11 14:58:49]   门牌8=0
[2017-12-11 14:58:49]   门牌9=0
[2017-12-11 14:58:49]   门牌10=0
[2017-12-11 14:58:49]   门牌11=0
[2017-12-11 14:58:49]   门牌12=0
[2017-12-11 14:58:49]   门牌13=0
[2017-12-11 14:58:49]   门牌14=0
[2017-12-11 14:58:49]   门牌15=0
[2017-12-11 14:58:49]   门牌16=0
[2017-12-11 14:58:49]   门牌17=0
[2017-12-11 14:58:49]   门牌18=0
[2017-12-11 14:58:49]   门牌19=0
[2017-12-11 14:58:49]   门牌20=0
[2017-12-11 14:58:49]   门牌21=0
[2017-12-11 14:58:49]   门牌22=0
[2017-12-11 14:58:49]   门牌23=0
[2017-12-11 14:58:49]   门牌24=0
[2017-12-11 14:58:49]   门牌25=0
[2017-12-11 14:58:49]   门牌26=0
[2017-12-11 14:58:49]   门牌27=255
[2017-12-11 14:58:49]   门牌28=255
[2017-12-11 14:58:49] 玩家2-duoduo的门牌： 
[2017-12-11 14:58:49]   门牌1=0
[2017-12-11 14:58:49]   门牌2=0
[2017-12-11 14:58:49]   门牌3=0
[2017-12-11 14:58:49]   门牌4=0
[2017-12-11 14:58:49]   门牌5=0
[2017-12-11 14:58:49]   门牌6=0
[2017-12-11 14:58:49]   门牌7=0
[2017-12-11 14:58:49]   门牌8=0
[2017-12-11 14:58:49]   门牌9=0
[2017-12-11 14:58:49]   门牌10=0
[2017-12-11 14:58:49]   门牌11=0
[2017-12-11 14:58:49]   门牌12=0
[2017-12-11 14:58:49]   门牌13=0
[2017-12-11 14:58:49]   门牌14=0
[2017-12-11 14:58:49]   门牌15=255
[2017-12-11 14:58:49]   门牌16=255
[2017-12-11 14:58:49]   门牌17=255
[2017-12-11 14:58:49]   门牌18=255
[2017-12-11 14:58:49]   门牌19=255
[2017-12-11 14:58:49]   门牌20=255
[2017-12-11 14:58:49]   门牌21=255
[2017-12-11 14:58:49]   门牌22=255
[2017-12-11 14:58:49]   门牌23=255
[2017-12-11 14:58:49]   门牌24=255
[2017-12-11 14:58:49]   门牌25=255
[2017-12-11 14:58:49]   门牌26=255
[2017-12-11 14:58:49]   门牌27=255
[2017-12-11 14:58:49]   门牌28=255
[2017-12-11 14:58:49] 玩家3-666的门牌： 
[2017-12-11 14:58:49]   门牌1=255
[2017-12-11 14:58:49]   门牌2=255
[2017-12-11 14:58:49]   门牌3=255
[2017-12-11 14:58:49]   门牌4=255
[2017-12-11 14:58:49]   门牌5=255
[2017-12-11 14:58:49]   门牌6=255
[2017-12-11 14:58:49]   门牌7=255
[2017-12-11 14:58:49]   门牌8=255
[2017-12-11 14:58:49]   门牌9=255
[2017-12-11 14:58:49]   门牌10=255
[2017-12-11 14:58:49]   门牌11=255
[2017-12-11 14:58:49]   门牌12=255
[2017-12-11 14:58:49]   门牌13=255
[2017-12-11 14:58:49]   门牌14=255
[2017-12-11 14:58:49]   门牌15=255
[2017-12-11 14:58:49]   门牌16=255
[2017-12-11 14:58:49]   门牌17=255
[2017-12-11 14:58:49]   门牌18=255
[2017-12-11 14:58:49]   门牌19=255
[2017-12-11 14:58:49]   门牌20=255
[2017-12-11 14:58:49]   门牌21=255
[2017-12-11 14:58:49]   门牌22=255
[2017-12-11 14:58:49]   门牌23=255
[2017-12-11 14:58:49]   门牌24=255
[2017-12-11 14:58:49]   门牌25=255
[2017-12-11 14:58:49]   门牌26=255
[2017-12-11 14:58:49]   门牌27=255
[2017-12-11 14:58:49]   门牌28=255
[2017-12-11 15:14:58] 掷2颗色子确定起牌方向： byGetPaiDir=3-444, 1 4
[2017-12-11 15:15:01] 掷2颗色子确定起牌敦数事件: 3 5 8
[2017-12-11 15:15:06] 玩家0-222的门牌： 
[2017-12-11 15:15:06]   门牌1=255
[2017-12-11 15:15:06]   门牌2=255
[2017-12-11 15:15:06]   门牌3=255
[2017-12-11 15:15:06]   门牌4=255
[2017-12-11 15:15:06]   门牌5=255
[2017-12-11 15:15:06]   门牌6=255
[2017-12-11 15:15:06]   门牌7=255
[2017-12-11 15:15:06]   门牌8=255
[2017-12-11 15:15:06]   门牌9=255
[2017-12-11 15:15:06]   门牌10=255
[2017-12-11 15:15:06]   门牌11=255
[2017-12-11 15:15:06]   门牌12=255
[2017-12-11 15:15:06]   门牌13=255
[2017-12-11 15:15:06]   门牌14=255
[2017-12-11 15:15:06]   门牌15=255
[2017-12-11 15:15:06]   门牌16=255
[2017-12-11 15:15:06]   门牌17=255
[2017-12-11 15:15:06]   门牌18=255
[2017-12-11 15:15:06]   门牌19=255
[2017-12-11 15:15:06]   门牌20=255
[2017-12-11 15:15:06]   门牌21=255
[2017-12-11 15:15:06]   门牌22=255
[2017-12-11 15:15:06]   门牌23=255
[2017-12-11 15:15:06]   门牌24=255
[2017-12-11 15:15:06]   门牌25=255
[2017-12-11 15:15:06]   门牌26=255
[2017-12-11 15:15:06]   门牌27=255
[2017-12-11 15:15:06]   门牌28=255
[2017-12-11 15:15:06] 玩家1-duoduo的门牌： 
[2017-12-11 15:15:06]   门牌1=255
[2017-12-11 15:15:06]   门牌2=255
[2017-12-11 15:15:06]   门牌3=255
[2017-12-11 15:15:06]   门牌4=255
[2017-12-11 15:15:06]   门牌5=255
[2017-12-11 15:15:06]   门牌6=255
[2017-12-11 15:15:06]   门牌7=255
[2017-12-11 15:15:06]   门牌8=255
[2017-12-11 15:15:06]   门牌9=255
[2017-12-11 15:15:06]   门牌10=255
[2017-12-11 15:15:06]   门牌11=255
[2017-12-11 15:15:06]   门牌12=0
[2017-12-11 15:15:06]   门牌13=0
[2017-12-11 15:15:06]   门牌14=0
[2017-12-11 15:15:06]   门牌15=0
[2017-12-11 15:15:06]   门牌16=0
[2017-12-11 15:15:06]   门牌17=0
[2017-12-11 15:15:06]   门牌18=0
[2017-12-11 15:15:06]   门牌19=0
[2017-12-11 15:15:06]   门牌20=0
[2017-12-11 15:15:06]   门牌21=0
[2017-12-11 15:15:06]   门牌22=0
[2017-12-11 15:15:06]   门牌23=0
[2017-12-11 15:15:06]   门牌24=0
[2017-12-11 15:15:06]   门牌25=0
[2017-12-11 15:15:06]   门牌26=0
[2017-12-11 15:15:06]   门牌27=255
[2017-12-11 15:15:06]   门牌28=255
[2017-12-11 15:15:06] 玩家2-666的门牌： 
[2017-12-11 15:15:06]   门牌1=0
[2017-12-11 15:15:06]   门牌2=0
[2017-12-11 15:15:06]   门牌3=0
[2017-12-11 15:15:06]   门牌4=0
[2017-12-11 15:15:06]   门牌5=0
[2017-12-11 15:15:06]   门牌6=0
[2017-12-11 15:15:06]   门牌7=0
[2017-12-11 15:15:06]   门牌8=0
[2017-12-11 15:15:06]   门牌9=0
[2017-12-11 15:15:06]   门牌10=0
[2017-12-11 15:15:06]   门牌11=0
[2017-12-11 15:15:06]   门牌12=0
[2017-12-11 15:15:06]   门牌13=0
[2017-12-11 15:15:06]   门牌14=0
[2017-12-11 15:15:06]   门牌15=0
[2017-12-11 15:15:06]   门牌16=0
[2017-12-11 15:15:06]   门牌17=0
[2017-12-11 15:15:06]   门牌18=0
[2017-12-11 15:15:06]   门牌19=0
[2017-12-11 15:15:06]   门牌20=0
[2017-12-11 15:15:06]   门牌21=0
[2017-12-11 15:15:06]   门牌22=0
[2017-12-11 15:15:06]   门牌23=0
[2017-12-11 15:15:06]   门牌24=0
[2017-12-11 15:15:06]   门牌25=0
[2017-12-11 15:15:06]   门牌26=0
[2017-12-11 15:15:06]   门牌27=0
[2017-12-11 15:15:06]   门牌28=0
[2017-12-11 15:15:06] 玩家3-444的门牌： 
[2017-12-11 15:15:06]   门牌1=0
[2017-12-11 15:15:06]   门牌2=0
[2017-12-11 15:15:06]   门牌3=0
[2017-12-11 15:15:06]   门牌4=0
[2017-12-11 15:15:06]   门牌5=0
[2017-12-11 15:15:06]   门牌6=0
[2017-12-11 15:15:06]   门牌7=0
[2017-12-11 15:15:06]   门牌8=0
[2017-12-11 15:15:06]   门牌9=0
[2017-12-11 15:15:06]   门牌10=0
[2017-12-11 15:15:06]   门牌11=255
[2017-12-11 15:15:06]   门牌12=255
[2017-12-11 15:15:06]   门牌13=255
[2017-12-11 15:15:06]   门牌14=255
[2017-12-11 15:15:06]   门牌15=255
[2017-12-11 15:15:06]   门牌16=255
[2017-12-11 15:15:06]   门牌17=255
[2017-12-11 15:15:06]   门牌18=255
[2017-12-11 15:15:06]   门牌19=255
[2017-12-11 15:15:06]   门牌20=255
[2017-12-11 15:15:06]   门牌21=255
[2017-12-11 15:15:06]   门牌22=255
[2017-12-11 15:15:06]   门牌23=255
[2017-12-11 15:15:06]   门牌24=255
[2017-12-11 15:15:06]   门牌25=255
[2017-12-11 15:15:06]   门牌26=255
[2017-12-11 15:15:06]   门牌27=255
[2017-12-11 15:15:06]   门牌28=255
[2017-12-11 15:26:28] 掷2颗色子确定起牌方向： byGetPaiDir=2-222, 4 4
[2017-12-11 15:26:31] 掷2颗色子确定起牌敦数事件: 4 2 6
[2017-12-11 15:26:36] 玩家0-666的门牌： 
[2017-12-11 15:26:36]   门牌1=255
[2017-12-11 15:26:36]   门牌2=255
[2017-12-11 15:26:36]   门牌3=255
[2017-12-11 15:26:36]   门牌4=255
[2017-12-11 15:26:36]   门牌5=255
[2017-12-11 15:26:36]   门牌6=255
[2017-12-11 15:26:36]   门牌7=255
[2017-12-11 15:26:36]   门牌8=255
[2017-12-11 15:26:36]   门牌9=255
[2017-12-11 15:26:36]   门牌10=0
[2017-12-11 15:26:36]   门牌11=0
[2017-12-11 15:26:36]   门牌12=0
[2017-12-11 15:26:36]   门牌13=0
[2017-12-11 15:26:36]   门牌14=0
[2017-12-11 15:26:36]   门牌15=0
[2017-12-11 15:26:36]   门牌16=0
[2017-12-11 15:26:36]   门牌17=0
[2017-12-11 15:26:36]   门牌18=0
[2017-12-11 15:26:36]   门牌19=0
[2017-12-11 15:26:36]   门牌20=0
[2017-12-11 15:26:36]   门牌21=0
[2017-12-11 15:26:36]   门牌22=0
[2017-12-11 15:26:36]   门牌23=0
[2017-12-11 15:26:36]   门牌24=0
[2017-12-11 15:26:36]   门牌25=0
[2017-12-11 15:26:36]   门牌26=0
[2017-12-11 15:26:36]   门牌27=0
[2017-12-11 15:26:36]   门牌28=0
[2017-12-11 15:26:36] 玩家1-duoduo的门牌： 
[2017-12-11 15:26:36]   门牌1=0
[2017-12-11 15:26:36]   门牌2=0
[2017-12-11 15:26:36]   门牌3=0
[2017-12-11 15:26:36]   门牌4=0
[2017-12-11 15:26:36]   门牌5=0
[2017-12-11 15:26:36]   门牌6=0
[2017-12-11 15:26:36]   门牌7=0
[2017-12-11 15:26:36]   门牌8=0
[2017-12-11 15:26:36]   门牌9=0
[2017-12-11 15:26:36]   门牌10=0
[2017-12-11 15:26:36]   门牌11=0
[2017-12-11 15:26:36]   门牌12=0
[2017-12-11 15:26:36]   门牌13=0
[2017-12-11 15:26:36]   门牌14=0
[2017-12-11 15:26:36]   门牌15=0
[2017-12-11 15:26:36]   门牌16=0
[2017-12-11 15:26:36]   门牌17=0
[2017-12-11 15:26:36]   门牌18=0
[2017-12-11 15:26:36]   门牌19=0
[2017-12-11 15:26:36]   门牌20=0
[2017-12-11 15:26:36]   门牌21=0
[2017-12-11 15:26:36]   门牌22=0
[2017-12-11 15:26:36]   门牌23=0
[2017-12-11 15:26:36]   门牌24=0
[2017-12-11 15:26:36]   门牌25=0
[2017-12-11 15:26:36]   门牌26=0
[2017-12-11 15:26:36]   门牌27=255
[2017-12-11 15:26:36]   门牌28=255
[2017-12-11 15:26:36] 玩家2-222的门牌： 
[2017-12-11 15:26:36]   门牌1=0
[2017-12-11 15:26:36]   门牌2=0
[2017-12-11 15:26:36]   门牌3=0
[2017-12-11 15:26:36]   门牌4=0
[2017-12-11 15:26:36]   门牌5=0
[2017-12-11 15:26:36]   门牌6=0
[2017-12-11 15:26:36]   门牌7=0
[2017-12-11 15:26:36]   门牌8=0
[2017-12-11 15:26:36]   门牌9=255
[2017-12-11 15:26:36]   门牌10=255
[2017-12-11 15:26:36]   门牌11=255
[2017-12-11 15:26:36]   门牌12=255
[2017-12-11 15:26:36]   门牌13=255
[2017-12-11 15:26:36]   门牌14=255
[2017-12-11 15:26:36]   门牌15=255
[2017-12-11 15:26:36]   门牌16=255
[2017-12-11 15:26:36]   门牌17=255
[2017-12-11 15:26:36]   门牌18=255
[2017-12-11 15:26:36]   门牌19=255
[2017-12-11 15:26:36]   门牌20=255
[2017-12-11 15:26:36]   门牌21=255
[2017-12-11 15:26:36]   门牌22=255
[2017-12-11 15:26:36]   门牌23=255
[2017-12-11 15:26:36]   门牌24=255
[2017-12-11 15:26:36]   门牌25=255
[2017-12-11 15:26:36]   门牌26=255
[2017-12-11 15:26:36]   门牌27=255
[2017-12-11 15:26:36]   门牌28=255
[2017-12-11 15:26:36] 玩家3-444的门牌： 
[2017-12-11 15:26:36]   门牌1=255
[2017-12-11 15:26:36]   门牌2=255
[2017-12-11 15:26:36]   门牌3=255
[2017-12-11 15:26:36]   门牌4=255
[2017-12-11 15:26:36]   门牌5=255
[2017-12-11 15:26:36]   门牌6=255
[2017-12-11 15:26:36]   门牌7=255
[2017-12-11 15:26:36]   门牌8=255
[2017-12-11 15:26:36]   门牌9=255
[2017-12-11 15:26:36]   门牌10=255
[2017-12-11 15:26:36]   门牌11=255
[2017-12-11 15:26:36]   门牌12=255
[2017-12-11 15:26:36]   门牌13=255
[2017-12-11 15:26:36]   门牌14=255
[2017-12-11 15:26:36]   门牌15=255
[2017-12-11 15:26:36]   门牌16=255
[2017-12-11 15:26:36]   门牌17=255
[2017-12-11 15:26:36]   门牌18=255
[2017-12-11 15:26:36]   门牌19=255
[2017-12-11 15:26:36]   门牌20=255
[2017-12-11 15:26:36]   门牌21=255
[2017-12-11 15:26:36]   门牌22=255
[2017-12-11 15:26:36]   门牌23=255
[2017-12-11 15:26:36]   门牌24=255
[2017-12-11 15:26:36]   门牌25=255
[2017-12-11 15:26:36]   门牌26=255
[2017-12-11 15:26:36]   门牌27=255
[2017-12-11 15:26:36]   门牌28=255
[2017-12-11 15:30:22] 掷2颗色子确定起牌方向： byGetPaiDir=3-444, 6 6
[2017-12-11 15:30:25] 掷2颗色子确定起牌敦数事件: 5 4 9
[2017-12-11 15:30:30] 玩家0-666的门牌： 
[2017-12-11 15:30:30]   门牌1=255
[2017-12-11 15:30:30]   门牌2=255
[2017-12-11 15:30:30]   门牌3=255
[2017-12-11 15:30:30]   门牌4=255
[2017-12-11 15:30:30]   门牌5=255
[2017-12-11 15:30:30]   门牌6=255
[2017-12-11 15:30:30]   门牌7=255
[2017-12-11 15:30:30]   门牌8=255
[2017-12-11 15:30:30]   门牌9=255
[2017-12-11 15:30:30]   门牌10=255
[2017-12-11 15:30:30]   门牌11=255
[2017-12-11 15:30:30]   门牌12=255
[2017-12-11 15:30:30]   门牌13=255
[2017-12-11 15:30:30]   门牌14=255
[2017-12-11 15:30:30]   门牌15=255
[2017-12-11 15:30:30]   门牌16=255
[2017-12-11 15:30:30]   门牌17=255
[2017-12-11 15:30:30]   门牌18=255
[2017-12-11 15:30:30]   门牌19=255
[2017-12-11 15:30:30]   门牌20=255
[2017-12-11 15:30:30]   门牌21=255
[2017-12-11 15:30:30]   门牌22=255
[2017-12-11 15:30:30]   门牌23=255
[2017-12-11 15:30:30]   门牌24=255
[2017-12-11 15:30:30]   门牌25=255
[2017-12-11 15:30:30]   门牌26=255
[2017-12-11 15:30:30]   门牌27=255
[2017-12-11 15:30:30]   门牌28=255
[2017-12-11 15:30:30] 玩家1-222的门牌： 
[2017-12-11 15:30:30]   门牌1=255
[2017-12-11 15:30:30]   门牌2=255
[2017-12-11 15:30:30]   门牌3=255
[2017-12-11 15:30:30]   门牌4=255
[2017-12-11 15:30:30]   门牌5=255
[2017-12-11 15:30:30]   门牌6=255
[2017-12-11 15:30:30]   门牌7=255
[2017-12-11 15:30:30]   门牌8=255
[2017-12-11 15:30:30]   门牌9=255
[2017-12-11 15:30:30]   门牌10=255
[2017-12-11 15:30:30]   门牌11=255
[2017-12-11 15:30:30]   门牌12=255
[2017-12-11 15:30:30]   门牌13=255
[2017-12-11 15:30:30]   门牌14=0
[2017-12-11 15:30:30]   门牌15=0
[2017-12-11 15:30:30]   门牌16=0
[2017-12-11 15:30:30]   门牌17=0
[2017-12-11 15:30:30]   门牌18=0
[2017-12-11 15:30:30]   门牌19=0
[2017-12-11 15:30:30]   门牌20=0
[2017-12-11 15:30:30]   门牌21=0
[2017-12-11 15:30:30]   门牌22=0
[2017-12-11 15:30:30]   门牌23=0
[2017-12-11 15:30:30]   门牌24=0
[2017-12-11 15:30:30]   门牌25=0
[2017-12-11 15:30:30]   门牌26=0
[2017-12-11 15:30:30]   门牌27=255
[2017-12-11 15:30:30]   门牌28=255
[2017-12-11 15:30:30] 玩家2-duoduo的门牌： 
[2017-12-11 15:30:30]   门牌1=0
[2017-12-11 15:30:30]   门牌2=0
[2017-12-11 15:30:30]   门牌3=0
[2017-12-11 15:30:30]   门牌4=0
[2017-12-11 15:30:30]   门牌5=0
[2017-12-11 15:30:30]   门牌6=0
[2017-12-11 15:30:30]   门牌7=0
[2017-12-11 15:30:30]   门牌8=0
[2017-12-11 15:30:30]   门牌9=0
[2017-12-11 15:30:30]   门牌10=0
[2017-12-11 15:30:30]   门牌11=0
[2017-12-11 15:30:30]   门牌12=0
[2017-12-11 15:30:30]   门牌13=0
[2017-12-11 15:30:30]   门牌14=0
[2017-12-11 15:30:30]   门牌15=0
[2017-12-11 15:30:30]   门牌16=0
[2017-12-11 15:30:30]   门牌17=0
[2017-12-11 15:30:30]   门牌18=0
[2017-12-11 15:30:30]   门牌19=0
[2017-12-11 15:30:30]   门牌20=0
[2017-12-11 15:30:30]   门牌21=0
[2017-12-11 15:30:30]   门牌22=0
[2017-12-11 15:30:30]   门牌23=0
[2017-12-11 15:30:30]   门牌24=0
[2017-12-11 15:30:30]   门牌25=0
[2017-12-11 15:30:30]   门牌26=0
[2017-12-11 15:30:30]   门牌27=0
[2017-12-11 15:30:30]   门牌28=0
[2017-12-11 15:30:30] 玩家3-444的门牌： 
[2017-12-11 15:30:30]   门牌1=0
[2017-12-11 15:30:30]   门牌2=0
[2017-12-11 15:30:30]   门牌3=0
[2017-12-11 15:30:30]   门牌4=0
[2017-12-11 15:30:30]   门牌5=0
[2017-12-11 15:30:30]   门牌6=0
[2017-12-11 15:30:30]   门牌7=0
[2017-12-11 15:30:30]   门牌8=0
[2017-12-11 15:30:30]   门牌9=0
[2017-12-11 15:30:30]   门牌10=0
[2017-12-11 15:30:30]   门牌11=0
[2017-12-11 15:30:30]   门牌12=0
[2017-12-11 15:30:30]   门牌13=255
[2017-12-11 15:30:30]   门牌14=255
[2017-12-11 15:30:30]   门牌15=255
[2017-12-11 15:30:30]   门牌16=255
[2017-12-11 15:30:30]   门牌17=255
[2017-12-11 15:30:30]   门牌18=255
[2017-12-11 15:30:30]   门牌19=255
[2017-12-11 15:30:30]   门牌20=255
[2017-12-11 15:30:30]   门牌21=255
[2017-12-11 15:30:30]   门牌22=255
[2017-12-11 15:30:30]   门牌23=255
[2017-12-11 15:30:30]   门牌24=255
[2017-12-11 15:30:30]   门牌25=255
[2017-12-11 15:30:30]   门牌26=255
[2017-12-11 15:30:30]   门牌27=255
[2017-12-11 15:30:30]   门牌28=255
[2017-12-11 15:33:46] 掷2颗色子确定起牌方向： byGetPaiDir=3-444, 6 4
[2017-12-11 15:33:49] 掷2颗色子确定起牌敦数事件: 4 4 8
[2017-12-11 15:33:54] 玩家0-666的门牌： 
[2017-12-11 15:33:54]   门牌1=255
[2017-12-11 15:33:54]   门牌2=255
[2017-12-11 15:33:54]   门牌3=255
[2017-12-11 15:33:54]   门牌4=255
[2017-12-11 15:33:54]   门牌5=255
[2017-12-11 15:33:54]   门牌6=255
[2017-12-11 15:33:54]   门牌7=255
[2017-12-11 15:33:54]   门牌8=255
[2017-12-11 15:33:54]   门牌9=255
[2017-12-11 15:33:54]   门牌10=255
[2017-12-11 15:33:54]   门牌11=255
[2017-12-11 15:33:54]   门牌12=255
[2017-12-11 15:33:54]   门牌13=255
[2017-12-11 15:33:54]   门牌14=255
[2017-12-11 15:33:54]   门牌15=255
[2017-12-11 15:33:54]   门牌16=255
[2017-12-11 15:33:54]   门牌17=255
[2017-12-11 15:33:54]   门牌18=255
[2017-12-11 15:33:54]   门牌19=255
[2017-12-11 15:33:54]   门牌20=255
[2017-12-11 15:33:54]   门牌21=255
[2017-12-11 15:33:54]   门牌22=255
[2017-12-11 15:33:54]   门牌23=255
[2017-12-11 15:33:54]   门牌24=255
[2017-12-11 15:33:54]   门牌25=255
[2017-12-11 15:33:54]   门牌26=255
[2017-12-11 15:33:54]   门牌27=255
[2017-12-11 15:33:54]   门牌28=255
[2017-12-11 15:33:54] 玩家1-222的门牌： 
[2017-12-11 15:33:54]   门牌1=255
[2017-12-11 15:33:54]   门牌2=255
[2017-12-11 15:33:54]   门牌3=255
[2017-12-11 15:33:54]   门牌4=255
[2017-12-11 15:33:54]   门牌5=255
[2017-12-11 15:33:54]   门牌6=255
[2017-12-11 15:33:54]   门牌7=255
[2017-12-11 15:33:54]   门牌8=255
[2017-12-11 15:33:54]   门牌9=255
[2017-12-11 15:33:54]   门牌10=255
[2017-12-11 15:33:54]   门牌11=255
[2017-12-11 15:33:54]   门牌12=0
[2017-12-11 15:33:54]   门牌13=0
[2017-12-11 15:33:54]   门牌14=0
[2017-12-11 15:33:54]   门牌15=0
[2017-12-11 15:33:54]   门牌16=0
[2017-12-11 15:33:54]   门牌17=0
[2017-12-11 15:33:54]   门牌18=0
[2017-12-11 15:33:54]   门牌19=0
[2017-12-11 15:33:54]   门牌20=0
[2017-12-11 15:33:54]   门牌21=0
[2017-12-11 15:33:54]   门牌22=0
[2017-12-11 15:33:54]   门牌23=0
[2017-12-11 15:33:54]   门牌24=0
[2017-12-11 15:33:54]   门牌25=0
[2017-12-11 15:33:54]   门牌26=0
[2017-12-11 15:33:54]   门牌27=255
[2017-12-11 15:33:54]   门牌28=255
[2017-12-11 15:33:54] 玩家2-duoduo的门牌： 
[2017-12-11 15:33:54]   门牌1=0
[2017-12-11 15:33:54]   门牌2=0
[2017-12-11 15:33:54]   门牌3=0
[2017-12-11 15:33:54]   门牌4=0
[2017-12-11 15:33:54]   门牌5=0
[2017-12-11 15:33:54]   门牌6=0
[2017-12-11 15:33:54]   门牌7=0
[2017-12-11 15:33:54]   门牌8=0
[2017-12-11 15:33:54]   门牌9=0
[2017-12-11 15:33:54]   门牌10=0
[2017-12-11 15:33:54]   门牌11=0
[2017-12-11 15:33:54]   门牌12=0
[2017-12-11 15:33:54]   门牌13=0
[2017-12-11 15:33:54]   门牌14=0
[2017-12-11 15:33:54]   门牌15=0
[2017-12-11 15:33:54]   门牌16=0
[2017-12-11 15:33:54]   门牌17=0
[2017-12-11 15:33:54]   门牌18=0
[2017-12-11 15:33:54]   门牌19=0
[2017-12-11 15:33:54]   门牌20=0
[2017-12-11 15:33:54]   门牌21=0
[2017-12-11 15:33:54]   门牌22=0
[2017-12-11 15:33:54]   门牌23=0
[2017-12-11 15:33:54]   门牌24=0
[2017-12-11 15:33:54]   门牌25=0
[2017-12-11 15:33:54]   门牌26=0
[2017-12-11 15:33:54]   门牌27=0
[2017-12-11 15:33:54]   门牌28=0
[2017-12-11 15:33:54] 玩家3-444的门牌： 
[2017-12-11 15:33:54]   门牌1=0
[2017-12-11 15:33:54]   门牌2=0
[2017-12-11 15:33:54]   门牌3=0
[2017-12-11 15:33:54]   门牌4=0
[2017-12-11 15:33:54]   门牌5=0
[2017-12-11 15:33:54]   门牌6=0
[2017-12-11 15:33:54]   门牌7=0
[2017-12-11 15:33:54]   门牌8=0
[2017-12-11 15:33:54]   门牌9=0
[2017-12-11 15:33:54]   门牌10=0
[2017-12-11 15:33:54]   门牌11=255
[2017-12-11 15:33:54]   门牌12=255
[2017-12-11 15:33:54]   门牌13=255
[2017-12-11 15:33:54]   门牌14=255
[2017-12-11 15:33:54]   门牌15=255
[2017-12-11 15:33:54]   门牌16=255
[2017-12-11 15:33:54]   门牌17=255
[2017-12-11 15:33:54]   门牌18=255
[2017-12-11 15:33:54]   门牌19=255
[2017-12-11 15:33:54]   门牌20=255
[2017-12-11 15:33:54]   门牌21=255
[2017-12-11 15:33:54]   门牌22=255
[2017-12-11 15:33:54]   门牌23=255
[2017-12-11 15:33:54]   门牌24=255
[2017-12-11 15:33:54]   门牌25=255
[2017-12-11 15:33:54]   门牌26=255
[2017-12-11 15:33:54]   门牌27=255
[2017-12-11 15:33:54]   门牌28=255
[2017-12-11 15:41:06] 掷2颗色子确定起牌方向： byGetPaiDir=1-222, 3 5
[2017-12-11 15:41:10] 掷2颗色子确定起牌敦数事件: 5 1 6
[2017-12-11 15:41:15] 玩家0-666的门牌： 
[2017-12-11 15:41:15]   门牌1=0
[2017-12-11 15:41:15]   门牌2=0
[2017-12-11 15:41:15]   门牌3=0
[2017-12-11 15:41:15]   门牌4=0
[2017-12-11 15:41:15]   门牌5=0
[2017-12-11 15:41:15]   门牌6=0
[2017-12-11 15:41:15]   门牌7=0
[2017-12-11 15:41:15]   门牌8=0
[2017-12-11 15:41:15]   门牌9=0
[2017-12-11 15:41:15]   门牌10=0
[2017-12-11 15:41:15]   门牌11=0
[2017-12-11 15:41:15]   门牌12=0
[2017-12-11 15:41:15]   门牌13=0
[2017-12-11 15:41:15]   门牌14=0
[2017-12-11 15:41:15]   门牌15=0
[2017-12-11 15:41:15]   门牌16=0
[2017-12-11 15:41:15]   门牌17=0
[2017-12-11 15:41:15]   门牌18=0
[2017-12-11 15:41:15]   门牌19=0
[2017-12-11 15:41:15]   门牌20=0
[2017-12-11 15:41:15]   门牌21=0
[2017-12-11 15:41:15]   门牌22=0
[2017-12-11 15:41:15]   门牌23=0
[2017-12-11 15:41:15]   门牌24=0
[2017-12-11 15:41:15]   门牌25=0
[2017-12-11 15:41:15]   门牌26=0
[2017-12-11 15:41:15]   门牌27=0
[2017-12-11 15:41:15]   门牌28=0
[2017-12-11 15:41:15] 玩家1-222的门牌： 
[2017-12-11 15:41:15]   门牌1=0
[2017-12-11 15:41:15]   门牌2=0
[2017-12-11 15:41:15]   门牌3=0
[2017-12-11 15:41:15]   门牌4=0
[2017-12-11 15:41:15]   门牌5=0
[2017-12-11 15:41:15]   门牌6=0
[2017-12-11 15:41:15]   门牌7=0
[2017-12-11 15:41:15]   门牌8=0
[2017-12-11 15:41:15]   门牌9=0
[2017-12-11 15:41:15]   门牌10=0
[2017-12-11 15:41:15]   门牌11=255
[2017-12-11 15:41:15]   门牌12=255
[2017-12-11 15:41:15]   门牌13=255
[2017-12-11 15:41:15]   门牌14=255
[2017-12-11 15:41:15]   门牌15=255
[2017-12-11 15:41:15]   门牌16=255
[2017-12-11 15:41:15]   门牌17=255
[2017-12-11 15:41:15]   门牌18=255
[2017-12-11 15:41:15]   门牌19=255
[2017-12-11 15:41:15]   门牌20=255
[2017-12-11 15:41:15]   门牌21=255
[2017-12-11 15:41:15]   门牌22=255
[2017-12-11 15:41:15]   门牌23=255
[2017-12-11 15:41:15]   门牌24=255
[2017-12-11 15:41:15]   门牌25=255
[2017-12-11 15:41:15]   门牌26=255
[2017-12-11 15:41:15]   门牌27=255
[2017-12-11 15:41:15]   门牌28=255
[2017-12-11 15:41:15] 玩家2-444的门牌： 
[2017-12-11 15:41:15]   门牌1=255
[2017-12-11 15:41:15]   门牌2=255
[2017-12-11 15:41:15]   门牌3=255
[2017-12-11 15:41:15]   门牌4=255
[2017-12-11 15:41:15]   门牌5=255
[2017-12-11 15:41:15]   门牌6=255
[2017-12-11 15:41:15]   门牌7=255
[2017-12-11 15:41:15]   门牌8=255
[2017-12-11 15:41:15]   门牌9=255
[2017-12-11 15:41:15]   门牌10=255
[2017-12-11 15:41:15]   门牌11=255
[2017-12-11 15:41:15]   门牌12=255
[2017-12-11 15:41:15]   门牌13=255
[2017-12-11 15:41:15]   门牌14=255
[2017-12-11 15:41:15]   门牌15=255
[2017-12-11 15:41:15]   门牌16=255
[2017-12-11 15:41:15]   门牌17=255
[2017-12-11 15:41:15]   门牌18=255
[2017-12-11 15:41:15]   门牌19=255
[2017-12-11 15:41:15]   门牌20=255
[2017-12-11 15:41:15]   门牌21=255
[2017-12-11 15:41:15]   门牌22=255
[2017-12-11 15:41:15]   门牌23=255
[2017-12-11 15:41:15]   门牌24=255
[2017-12-11 15:41:15]   门牌25=255
[2017-12-11 15:41:15]   门牌26=255
[2017-12-11 15:41:15]   门牌27=255
[2017-12-11 15:41:15]   门牌28=255
[2017-12-11 15:41:15] 玩家3-duoduo的门牌： 
[2017-12-11 15:41:15]   门牌1=255
[2017-12-11 15:41:15]   门牌2=255
[2017-12-11 15:41:15]   门牌3=255
[2017-12-11 15:41:15]   门牌4=255
[2017-12-11 15:41:15]   门牌5=255
[2017-12-11 15:41:15]   门牌6=255
[2017-12-11 15:41:15]   门牌7=255
[2017-12-11 15:41:15]   门牌8=0
[2017-12-11 15:41:15]   门牌9=0
[2017-12-11 15:41:15]   门牌10=0
[2017-12-11 15:41:15]   门牌11=0
[2017-12-11 15:41:15]   门牌12=0
[2017-12-11 15:41:15]   门牌13=0
[2017-12-11 15:41:15]   门牌14=0
[2017-12-11 15:41:15]   门牌15=0
[2017-12-11 15:41:15]   门牌16=0
[2017-12-11 15:41:15]   门牌17=0
[2017-12-11 15:41:15]   门牌18=0
[2017-12-11 15:41:15]   门牌19=0
[2017-12-11 15:41:15]   门牌20=0
[2017-12-11 15:41:15]   门牌21=0
[2017-12-11 15:41:15]   门牌22=0
[2017-12-11 15:41:15]   门牌23=0
[2017-12-11 15:41:15]   门牌24=0
[2017-12-11 15:41:15]   门牌25=255
[2017-12-11 15:41:15]   门牌26=255
[2017-12-11 15:41:15]   门牌27=255
[2017-12-11 15:41:15]   门牌28=255
[2017-12-11 16:35:00] 掷2颗色子确定起牌方向： byGetPaiDir=2-666, 2 2
[2017-12-11 16:35:03] 掷2颗色子确定起牌敦数事件: 1 6 7
[2017-12-11 16:35:08] 玩家0-222的门牌： 
[2017-12-11 16:35:08]   门牌1=255
[2017-12-11 16:35:08]   门牌2=255
[2017-12-11 16:35:08]   门牌3=255
[2017-12-11 16:35:08]   门牌4=255
[2017-12-11 16:35:08]   门牌5=255
[2017-12-11 16:35:08]   门牌6=255
[2017-12-11 16:35:08]   门牌7=255
[2017-12-11 16:35:08]   门牌8=255
[2017-12-11 16:35:08]   门牌9=255
[2017-12-11 16:35:08]   门牌10=255
[2017-12-11 16:35:08]   门牌11=255
[2017-12-11 16:35:08]   门牌12=0
[2017-12-11 16:35:08]   门牌13=0
[2017-12-11 16:35:08]   门牌14=0
[2017-12-11 16:35:08]   门牌15=0
[2017-12-11 16:35:08]   门牌16=0
[2017-12-11 16:35:08]   门牌17=0
[2017-12-11 16:35:08]   门牌18=0
[2017-12-11 16:35:08]   门牌19=0
[2017-12-11 16:35:08]   门牌20=0
[2017-12-11 16:35:08]   门牌21=0
[2017-12-11 16:35:08]   门牌22=0
[2017-12-11 16:35:08]   门牌23=0
[2017-12-11 16:35:08]   门牌24=0
[2017-12-11 16:35:08]   门牌25=0
[2017-12-11 16:35:08]   门牌26=0
[2017-12-11 16:35:08]   门牌27=0
[2017-12-11 16:35:08]   门牌28=0
[2017-12-11 16:35:08] 玩家1-444的门牌： 
[2017-12-11 16:35:08]   门牌1=0
[2017-12-11 16:35:08]   门牌2=0
[2017-12-11 16:35:08]   门牌3=0
[2017-12-11 16:35:08]   门牌4=0
[2017-12-11 16:35:08]   门牌5=0
[2017-12-11 16:35:08]   门牌6=0
[2017-12-11 16:35:08]   门牌7=0
[2017-12-11 16:35:08]   门牌8=0
[2017-12-11 16:35:08]   门牌9=0
[2017-12-11 16:35:08]   门牌10=0
[2017-12-11 16:35:08]   门牌11=0
[2017-12-11 16:35:08]   门牌12=0
[2017-12-11 16:35:08]   门牌13=0
[2017-12-11 16:35:08]   门牌14=0
[2017-12-11 16:35:08]   门牌15=0
[2017-12-11 16:35:08]   门牌16=0
[2017-12-11 16:35:08]   门牌17=0
[2017-12-11 16:35:08]   门牌18=0
[2017-12-11 16:35:08]   门牌19=0
[2017-12-11 16:35:08]   门牌20=0
[2017-12-11 16:35:08]   门牌21=0
[2017-12-11 16:35:08]   门牌22=0
[2017-12-11 16:35:08]   门牌23=0
[2017-12-11 16:35:08]   门牌24=0
[2017-12-11 16:35:08]   门牌25=0
[2017-12-11 16:35:08]   门牌26=0
[2017-12-11 16:35:08]   门牌27=255
[2017-12-11 16:35:08]   门牌28=255
[2017-12-11 16:35:08] 玩家2-666的门牌： 
[2017-12-11 16:35:08]   门牌1=0
[2017-12-11 16:35:08]   门牌2=0
[2017-12-11 16:35:08]   门牌3=0
[2017-12-11 16:35:08]   门牌4=0
[2017-12-11 16:35:08]   门牌5=0
[2017-12-11 16:35:08]   门牌6=0
[2017-12-11 16:35:08]   门牌7=0
[2017-12-11 16:35:08]   门牌8=0
[2017-12-11 16:35:08]   门牌9=0
[2017-12-11 16:35:08]   门牌10=0
[2017-12-11 16:35:08]   门牌11=255
[2017-12-11 16:35:08]   门牌12=255
[2017-12-11 16:35:08]   门牌13=255
[2017-12-11 16:35:08]   门牌14=255
[2017-12-11 16:35:08]   门牌15=255
[2017-12-11 16:35:08]   门牌16=255
[2017-12-11 16:35:08]   门牌17=255
[2017-12-11 16:35:08]   门牌18=255
[2017-12-11 16:35:08]   门牌19=255
[2017-12-11 16:35:08]   门牌20=255
[2017-12-11 16:35:08]   门牌21=255
[2017-12-11 16:35:08]   门牌22=255
[2017-12-11 16:35:08]   门牌23=255
[2017-12-11 16:35:08]   门牌24=255
[2017-12-11 16:35:08]   门牌25=255
[2017-12-11 16:35:08]   门牌26=255
[2017-12-11 16:35:08]   门牌27=255
[2017-12-11 16:35:08]   门牌28=255
[2017-12-11 16:35:08] 玩家3-duoduo的门牌： 
[2017-12-11 16:35:08]   门牌1=255
[2017-12-11 16:35:08]   门牌2=255
[2017-12-11 16:35:08]   门牌3=255
[2017-12-11 16:35:08]   门牌4=255
[2017-12-11 16:35:08]   门牌5=255
[2017-12-11 16:35:08]   门牌6=255
[2017-12-11 16:35:08]   门牌7=255
[2017-12-11 16:35:08]   门牌8=255
[2017-12-11 16:35:08]   门牌9=255
[2017-12-11 16:35:08]   门牌10=255
[2017-12-11 16:35:08]   门牌11=255
[2017-12-11 16:35:08]   门牌12=255
[2017-12-11 16:35:08]   门牌13=255
[2017-12-11 16:35:08]   门牌14=255
[2017-12-11 16:35:08]   门牌15=255
[2017-12-11 16:35:08]   门牌16=255
[2017-12-11 16:35:08]   门牌17=255
[2017-12-11 16:35:08]   门牌18=255
[2017-12-11 16:35:08]   门牌19=255
[2017-12-11 16:35:08]   门牌20=255
[2017-12-11 16:35:08]   门牌21=255
[2017-12-11 16:35:08]   门牌22=255
[2017-12-11 16:35:08]   门牌23=255
[2017-12-11 16:35:08]   门牌24=255
[2017-12-11 16:35:08]   门牌25=255
[2017-12-11 16:35:08]   门牌26=255
[2017-12-11 16:35:08]   门牌27=255
[2017-12-11 16:35:08]   门牌28=255
[2017-12-11 16:37:47] 掷2颗色子确定起牌方向： byGetPaiDir=3-666, 4 5
[2017-12-11 16:37:50] 掷2颗色子确定起牌敦数事件: 1 5 6
[2017-12-11 16:37:55] 玩家0-duoduo的门牌： 
[2017-12-11 16:37:55]   门牌1=255
[2017-12-11 16:37:55]   门牌2=255
[2017-12-11 16:37:55]   门牌3=255
[2017-12-11 16:37:55]   门牌4=255
[2017-12-11 16:37:55]   门牌5=255
[2017-12-11 16:37:55]   门牌6=255
[2017-12-11 16:37:55]   门牌7=255
[2017-12-11 16:37:55]   门牌8=255
[2017-12-11 16:37:55]   门牌9=255
[2017-12-11 16:37:55]   门牌10=255
[2017-12-11 16:37:55]   门牌11=255
[2017-12-11 16:37:55]   门牌12=255
[2017-12-11 16:37:55]   门牌13=255
[2017-12-11 16:37:55]   门牌14=255
[2017-12-11 16:37:55]   门牌15=255
[2017-12-11 16:37:55]   门牌16=255
[2017-12-11 16:37:55]   门牌17=255
[2017-12-11 16:37:55]   门牌18=255
[2017-12-11 16:37:55]   门牌19=255
[2017-12-11 16:37:55]   门牌20=255
[2017-12-11 16:37:55]   门牌21=255
[2017-12-11 16:37:55]   门牌22=255
[2017-12-11 16:37:55]   门牌23=255
[2017-12-11 16:37:55]   门牌24=255
[2017-12-11 16:37:55]   门牌25=255
[2017-12-11 16:37:55]   门牌26=255
[2017-12-11 16:37:55]   门牌27=255
[2017-12-11 16:37:55]   门牌28=255
[2017-12-11 16:37:55] 玩家1-444的门牌： 
[2017-12-11 16:37:55]   门牌1=255
[2017-12-11 16:37:55]   门牌2=255
[2017-12-11 16:37:55]   门牌3=255
[2017-12-11 16:37:55]   门牌4=255
[2017-12-11 16:37:55]   门牌5=255
[2017-12-11 16:37:55]   门牌6=255
[2017-12-11 16:37:55]   门牌7=255
[2017-12-11 16:37:55]   门牌8=0
[2017-12-11 16:37:55]   门牌9=0
[2017-12-11 16:37:55]   门牌10=0
[2017-12-11 16:37:55]   门牌11=0
[2017-12-11 16:37:55]   门牌12=0
[2017-12-11 16:37:55]   门牌13=0
[2017-12-11 16:37:55]   门牌14=0
[2017-12-11 16:37:55]   门牌15=0
[2017-12-11 16:37:55]   门牌16=0
[2017-12-11 16:37:55]   门牌17=0
[2017-12-11 16:37:55]   门牌18=0
[2017-12-11 16:37:55]   门牌19=0
[2017-12-11 16:37:55]   门牌20=0
[2017-12-11 16:37:55]   门牌21=0
[2017-12-11 16:37:55]   门牌22=0
[2017-12-11 16:37:55]   门牌23=0
[2017-12-11 16:37:55]   门牌24=0
[2017-12-11 16:37:55]   门牌25=0
[2017-12-11 16:37:55]   门牌26=0
[2017-12-11 16:37:55]   门牌27=255
[2017-12-11 16:37:55]   门牌28=255
[2017-12-11 16:37:55] 玩家2-222的门牌： 
[2017-12-11 16:37:55]   门牌1=0
[2017-12-11 16:37:55]   门牌2=0
[2017-12-11 16:37:55]   门牌3=0
[2017-12-11 16:37:55]   门牌4=0
[2017-12-11 16:37:55]   门牌5=0
[2017-12-11 16:37:55]   门牌6=0
[2017-12-11 16:37:55]   门牌7=0
[2017-12-11 16:37:55]   门牌8=0
[2017-12-11 16:37:55]   门牌9=0
[2017-12-11 16:37:55]   门牌10=0
[2017-12-11 16:37:55]   门牌11=0
[2017-12-11 16:37:55]   门牌12=0
[2017-12-11 16:37:55]   门牌13=0
[2017-12-11 16:37:55]   门牌14=0
[2017-12-11 16:37:55]   门牌15=0
[2017-12-11 16:37:55]   门牌16=0
[2017-12-11 16:37:55]   门牌17=0
[2017-12-11 16:37:55]   门牌18=0
[2017-12-11 16:37:55]   门牌19=0
[2017-12-11 16:37:55]   门牌20=0
[2017-12-11 16:37:55]   门牌21=0
[2017-12-11 16:37:55]   门牌22=0
[2017-12-11 16:37:55]   门牌23=0
[2017-12-11 16:37:55]   门牌24=0
[2017-12-11 16:37:55]   门牌25=0
[2017-12-11 16:37:55]   门牌26=0
[2017-12-11 16:37:55]   门牌27=0
[2017-12-11 16:37:55]   门牌28=0
[2017-12-11 16:37:55] 玩家3-666的门牌： 
[2017-12-11 16:37:55]   门牌1=0
[2017-12-11 16:37:55]   门牌2=0
[2017-12-11 16:37:55]   门牌3=0
[2017-12-11 16:37:55]   门牌4=0
[2017-12-11 16:37:55]   门牌5=0
[2017-12-11 16:37:55]   门牌6=0
[2017-12-11 16:37:55]   门牌7=255
[2017-12-11 16:37:55]   门牌8=255
[2017-12-11 16:37:55]   门牌9=255
[2017-12-11 16:37:55]   门牌10=255
[2017-12-11 16:37:55]   门牌11=255
[2017-12-11 16:37:55]   门牌12=255
[2017-12-11 16:37:55]   门牌13=255
[2017-12-11 16:37:55]   门牌14=255
[2017-12-11 16:37:55]   门牌15=255
[2017-12-11 16:37:55]   门牌16=255
[2017-12-11 16:37:55]   门牌17=255
[2017-12-11 16:37:55]   门牌18=255
[2017-12-11 16:37:55]   门牌19=255
[2017-12-11 16:37:55]   门牌20=255
[2017-12-11 16:37:55]   门牌21=255
[2017-12-11 16:37:55]   门牌22=255
[2017-12-11 16:37:55]   门牌23=255
[2017-12-11 16:37:55]   门牌24=255
[2017-12-11 16:37:55]   门牌25=255
[2017-12-11 16:37:55]   门牌26=255
[2017-12-11 16:37:55]   门牌27=255
[2017-12-11 16:37:55]   门牌28=255
[2017-12-11 16:45:04] 掷2颗色子确定起牌方向： byGetPaiDir=0-duoduo, 1 3
[2017-12-11 16:45:07] 掷2颗色子确定起牌敦数事件: 2 4 6
[2017-12-11 16:45:12] 玩家0-duoduo的门牌： 
[2017-12-11 16:45:12]   门牌1=0
[2017-12-11 16:45:12]   门牌2=0
[2017-12-11 16:45:12]   门牌3=0
[2017-12-11 16:45:12]   门牌4=0
[2017-12-11 16:45:12]   门牌5=0
[2017-12-11 16:45:12]   门牌6=0
[2017-12-11 16:45:12]   门牌7=0
[2017-12-11 16:45:12]   门牌8=0
[2017-12-11 16:45:12]   门牌9=0
[2017-12-11 16:45:12]   门牌10=0
[2017-12-11 16:45:12]   门牌11=0
[2017-12-11 16:45:12]   门牌12=0
[2017-12-11 16:45:12]   门牌13=255
[2017-12-11 16:45:12]   门牌14=255
[2017-12-11 16:45:12]   门牌15=255
[2017-12-11 16:45:12]   门牌16=255
[2017-12-11 16:45:12]   门牌17=255
[2017-12-11 16:45:12]   门牌18=255
[2017-12-11 16:45:12]   门牌19=255
[2017-12-11 16:45:12]   门牌20=255
[2017-12-11 16:45:12]   门牌21=255
[2017-12-11 16:45:12]   门牌22=255
[2017-12-11 16:45:12]   门牌23=255
[2017-12-11 16:45:12]   门牌24=255
[2017-12-11 16:45:12]   门牌25=255
[2017-12-11 16:45:12]   门牌26=255
[2017-12-11 16:45:12]   门牌27=255
[2017-12-11 16:45:12]   门牌28=255
[2017-12-11 16:45:12] 玩家1-444的门牌： 
[2017-12-11 16:45:12]   门牌1=255
[2017-12-11 16:45:12]   门牌2=255
[2017-12-11 16:45:12]   门牌3=255
[2017-12-11 16:45:12]   门牌4=255
[2017-12-11 16:45:12]   门牌5=255
[2017-12-11 16:45:12]   门牌6=255
[2017-12-11 16:45:12]   门牌7=255
[2017-12-11 16:45:12]   门牌8=255
[2017-12-11 16:45:12]   门牌9=255
[2017-12-11 16:45:12]   门牌10=255
[2017-12-11 16:45:12]   门牌11=255
[2017-12-11 16:45:12]   门牌12=255
[2017-12-11 16:45:12]   门牌13=255
[2017-12-11 16:45:12]   门牌14=255
[2017-12-11 16:45:12]   门牌15=255
[2017-12-11 16:45:12]   门牌16=255
[2017-12-11 16:45:12]   门牌17=255
[2017-12-11 16:45:12]   门牌18=255
[2017-12-11 16:45:12]   门牌19=255
[2017-12-11 16:45:12]   门牌20=255
[2017-12-11 16:45:12]   门牌21=255
[2017-12-11 16:45:12]   门牌22=255
[2017-12-11 16:45:12]   门牌23=255
[2017-12-11 16:45:12]   门牌24=255
[2017-12-11 16:45:12]   门牌25=255
[2017-12-11 16:45:12]   门牌26=255
[2017-12-11 16:45:12]   门牌27=255
[2017-12-11 16:45:12]   门牌28=255
[2017-12-11 16:45:12] 玩家2-222的门牌： 
[2017-12-11 16:45:12]   门牌1=255
[2017-12-11 16:45:12]   门牌2=255
[2017-12-11 16:45:12]   门牌3=255
[2017-12-11 16:45:12]   门牌4=255
[2017-12-11 16:45:12]   门牌5=255
[2017-12-11 16:45:12]   门牌6=255
[2017-12-11 16:45:12]   门牌7=255
[2017-12-11 16:45:12]   门牌8=255
[2017-12-11 16:45:12]   门牌9=255
[2017-12-11 16:45:12]   门牌10=0
[2017-12-11 16:45:12]   门牌11=0
[2017-12-11 16:45:12]   门牌12=0
[2017-12-11 16:45:12]   门牌13=0
[2017-12-11 16:45:12]   门牌14=0
[2017-12-11 16:45:12]   门牌15=0
[2017-12-11 16:45:12]   门牌16=0
[2017-12-11 16:45:12]   门牌17=0
[2017-12-11 16:45:12]   门牌18=0
[2017-12-11 16:45:12]   门牌19=0
[2017-12-11 16:45:12]   门牌20=0
[2017-12-11 16:45:12]   门牌21=0
[2017-12-11 16:45:12]   门牌22=0
[2017-12-11 16:45:12]   门牌23=0
[2017-12-11 16:45:12]   门牌24=0
[2017-12-11 16:45:12]   门牌25=0
[2017-12-11 16:45:12]   门牌26=0
[2017-12-11 16:45:12]   门牌27=0
[2017-12-11 16:45:12]   门牌28=0
[2017-12-11 16:45:12] 玩家3-666的门牌： 
[2017-12-11 16:45:12]   门牌1=0
[2017-12-11 16:45:12]   门牌2=0
[2017-12-11 16:45:12]   门牌3=0
[2017-12-11 16:45:12]   门牌4=0
[2017-12-11 16:45:12]   门牌5=0
[2017-12-11 16:45:12]   门牌6=0
[2017-12-11 16:45:12]   门牌7=0
[2017-12-11 16:45:12]   门牌8=0
[2017-12-11 16:45:12]   门牌9=0
[2017-12-11 16:45:12]   门牌10=0
[2017-12-11 16:45:12]   门牌11=0
[2017-12-11 16:45:12]   门牌12=0
[2017-12-11 16:45:12]   门牌13=0
[2017-12-11 16:45:12]   门牌14=0
[2017-12-11 16:45:12]   门牌15=0
[2017-12-11 16:45:12]   门牌16=0
[2017-12-11 16:45:12]   门牌17=0
[2017-12-11 16:45:12]   门牌18=0
[2017-12-11 16:45:12]   门牌19=0
[2017-12-11 16:45:12]   门牌20=0
[2017-12-11 16:45:12]   门牌21=0
[2017-12-11 16:45:12]   门牌22=0
[2017-12-11 16:45:12]   门牌23=0
[2017-12-11 16:45:12]   门牌24=0
[2017-12-11 16:45:12]   门牌25=255
[2017-12-11 16:45:12]   门牌26=255
[2017-12-11 16:45:12]   门牌27=255
[2017-12-11 16:45:12]   门牌28=255
[2017-12-11 16:47:32] 掷2颗色子确定起牌方向： byGetPaiDir=3-666, 4 5
[2017-12-11 16:47:35] 掷2颗色子确定起牌敦数事件: 4 2 6
[2017-12-11 16:47:40] 玩家0-duoduo的门牌： 
[2017-12-11 16:47:40]   门牌1=255
[2017-12-11 16:47:40]   门牌2=255
[2017-12-11 16:47:40]   门牌3=255
[2017-12-11 16:47:40]   门牌4=255
[2017-12-11 16:47:40]   门牌5=255
[2017-12-11 16:47:40]   门牌6=255
[2017-12-11 16:47:40]   门牌7=255
[2017-12-11 16:47:40]   门牌8=255
[2017-12-11 16:47:40]   门牌9=255
[2017-12-11 16:47:40]   门牌10=255
[2017-12-11 16:47:40]   门牌11=255
[2017-12-11 16:47:40]   门牌12=255
[2017-12-11 16:47:40]   门牌13=255
[2017-12-11 16:47:40]   门牌14=255
[2017-12-11 16:47:40]   门牌15=255
[2017-12-11 16:47:40]   门牌16=255
[2017-12-11 16:47:40]   门牌17=255
[2017-12-11 16:47:40]   门牌18=255
[2017-12-11 16:47:40]   门牌19=255
[2017-12-11 16:47:40]   门牌20=255
[2017-12-11 16:47:40]   门牌21=255
[2017-12-11 16:47:40]   门牌22=255
[2017-12-11 16:47:40]   门牌23=255
[2017-12-11 16:47:40]   门牌24=255
[2017-12-11 16:47:40]   门牌25=255
[2017-12-11 16:47:40]   门牌26=255
[2017-12-11 16:47:40]   门牌27=255
[2017-12-11 16:47:40]   门牌28=255
[2017-12-11 16:47:40] 玩家1-444的门牌： 
[2017-12-11 16:47:40]   门牌1=255
[2017-12-11 16:47:40]   门牌2=255
[2017-12-11 16:47:40]   门牌3=255
[2017-12-11 16:47:40]   门牌4=255
[2017-12-11 16:47:40]   门牌5=255
[2017-12-11 16:47:40]   门牌6=255
[2017-12-11 16:47:40]   门牌7=255
[2017-12-11 16:47:40]   门牌8=0
[2017-12-11 16:47:40]   门牌9=0
[2017-12-11 16:47:40]   门牌10=0
[2017-12-11 16:47:40]   门牌11=0
[2017-12-11 16:47:40]   门牌12=0
[2017-12-11 16:47:40]   门牌13=0
[2017-12-11 16:47:40]   门牌14=0
[2017-12-11 16:47:40]   门牌15=0
[2017-12-11 16:47:40]   门牌16=0
[2017-12-11 16:47:40]   门牌17=0
[2017-12-11 16:47:40]   门牌18=0
[2017-12-11 16:47:40]   门牌19=0
[2017-12-11 16:47:40]   门牌20=0
[2017-12-11 16:47:40]   门牌21=0
[2017-12-11 16:47:40]   门牌22=0
[2017-12-11 16:47:40]   门牌23=0
[2017-12-11 16:47:40]   门牌24=0
[2017-12-11 16:47:40]   门牌25=0
[2017-12-11 16:47:40]   门牌26=0
[2017-12-11 16:47:40]   门牌27=255
[2017-12-11 16:47:40]   门牌28=255
[2017-12-11 16:47:40] 玩家2-222的门牌： 
[2017-12-11 16:47:40]   门牌1=0
[2017-12-11 16:47:40]   门牌2=0
[2017-12-11 16:47:40]   门牌3=0
[2017-12-11 16:47:40]   门牌4=0
[2017-12-11 16:47:40]   门牌5=0
[2017-12-11 16:47:40]   门牌6=0
[2017-12-11 16:47:40]   门牌7=0
[2017-12-11 16:47:40]   门牌8=0
[2017-12-11 16:47:40]   门牌9=0
[2017-12-11 16:47:40]   门牌10=0
[2017-12-11 16:47:40]   门牌11=0
[2017-12-11 16:47:40]   门牌12=0
[2017-12-11 16:47:40]   门牌13=0
[2017-12-11 16:47:40]   门牌14=0
[2017-12-11 16:47:40]   门牌15=0
[2017-12-11 16:47:40]   门牌16=0
[2017-12-11 16:47:40]   门牌17=0
[2017-12-11 16:47:40]   门牌18=0
[2017-12-11 16:47:40]   门牌19=0
[2017-12-11 16:47:40]   门牌20=0
[2017-12-11 16:47:40]   门牌21=0
[2017-12-11 16:47:40]   门牌22=0
[2017-12-11 16:47:40]   门牌23=0
[2017-12-11 16:47:40]   门牌24=0
[2017-12-11 16:47:40]   门牌25=0
[2017-12-11 16:47:40]   门牌26=0
[2017-12-11 16:47:40]   门牌27=0
[2017-12-11 16:47:40]   门牌28=0
[2017-12-11 16:47:40] 玩家3-666的门牌： 
[2017-12-11 16:47:40]   门牌1=0
[2017-12-11 16:47:40]   门牌2=0
[2017-12-11 16:47:40]   门牌3=0
[2017-12-11 16:47:40]   门牌4=0
[2017-12-11 16:47:40]   门牌5=0
[2017-12-11 16:47:40]   门牌6=0
[2017-12-11 16:47:40]   门牌7=255
[2017-12-11 16:47:40]   门牌8=255
[2017-12-11 16:47:40]   门牌9=255
[2017-12-11 16:47:40]   门牌10=255
[2017-12-11 16:47:40]   门牌11=255
[2017-12-11 16:47:40]   门牌12=255
[2017-12-11 16:47:40]   门牌13=255
[2017-12-11 16:47:40]   门牌14=255
[2017-12-11 16:47:40]   门牌15=255
[2017-12-11 16:47:40]   门牌16=255
[2017-12-11 16:47:40]   门牌17=255
[2017-12-11 16:47:40]   门牌18=255
[2017-12-11 16:47:40]   门牌19=255
[2017-12-11 16:47:40]   门牌20=255
[2017-12-11 16:47:40]   门牌21=255
[2017-12-11 16:47:40]   门牌22=255
[2017-12-11 16:47:40]   门牌23=255
[2017-12-11 16:47:40]   门牌24=255
[2017-12-11 16:47:40]   门牌25=255
[2017-12-11 16:47:40]   门牌26=255
[2017-12-11 16:47:40]   门牌27=255
[2017-12-11 16:47:40]   门牌28=255
[2017-12-11 17:01:35] 掷2颗色子确定起牌方向： byGetPaiDir=1-444, 3 4
[2017-12-11 17:01:38] 掷2颗色子确定起牌敦数事件: 3 1 4
[2017-12-11 17:01:43] 玩家0-duoduo的门牌： 
[2017-12-11 17:01:43]   门牌1=0
[2017-12-11 17:01:43]   门牌2=0
[2017-12-11 17:01:43]   门牌3=0
[2017-12-11 17:01:43]   门牌4=0
[2017-12-11 17:01:43]   门牌5=0
[2017-12-11 17:01:43]   门牌6=0
[2017-12-11 17:01:43]   门牌7=0
[2017-12-11 17:01:43]   门牌8=0
[2017-12-11 17:01:43]   门牌9=0
[2017-12-11 17:01:43]   门牌10=0
[2017-12-11 17:01:43]   门牌11=0
[2017-12-11 17:01:43]   门牌12=0
[2017-12-11 17:01:43]   门牌13=0
[2017-12-11 17:01:43]   门牌14=0
[2017-12-11 17:01:43]   门牌15=0
[2017-12-11 17:01:43]   门牌16=0
[2017-12-11 17:01:43]   门牌17=0
[2017-12-11 17:01:43]   门牌18=0
[2017-12-11 17:01:43]   门牌19=0
[2017-12-11 17:01:43]   门牌20=0
[2017-12-11 17:01:43]   门牌21=0
[2017-12-11 17:01:43]   门牌22=0
[2017-12-11 17:01:43]   门牌23=0
[2017-12-11 17:01:43]   门牌24=0
[2017-12-11 17:01:43]   门牌25=0
[2017-12-11 17:01:43]   门牌26=0
[2017-12-11 17:01:43]   门牌27=0
[2017-12-11 17:01:43]   门牌28=0
[2017-12-11 17:01:43] 玩家1-444的门牌： 
[2017-12-11 17:01:43]   门牌1=0
[2017-12-11 17:01:43]   门牌2=0
[2017-12-11 17:01:43]   门牌3=0
[2017-12-11 17:01:43]   门牌4=0
[2017-12-11 17:01:43]   门牌5=0
[2017-12-11 17:01:43]   门牌6=0
[2017-12-11 17:01:43]   门牌7=255
[2017-12-11 17:01:43]   门牌8=255
[2017-12-11 17:01:43]   门牌9=255
[2017-12-11 17:01:43]   门牌10=255
[2017-12-11 17:01:43]   门牌11=255
[2017-12-11 17:01:43]   门牌12=255
[2017-12-11 17:01:43]   门牌13=255
[2017-12-11 17:01:43]   门牌14=255
[2017-12-11 17:01:43]   门牌15=255
[2017-12-11 17:01:43]   门牌16=255
[2017-12-11 17:01:43]   门牌17=255
[2017-12-11 17:01:43]   门牌18=255
[2017-12-11 17:01:43]   门牌19=255
[2017-12-11 17:01:43]   门牌20=255
[2017-12-11 17:01:43]   门牌21=255
[2017-12-11 17:01:43]   门牌22=255
[2017-12-11 17:01:43]   门牌23=255
[2017-12-11 17:01:43]   门牌24=255
[2017-12-11 17:01:43]   门牌25=255
[2017-12-11 17:01:43]   门牌26=255
[2017-12-11 17:01:43]   门牌27=255
[2017-12-11 17:01:43]   门牌28=255
[2017-12-11 17:01:43] 玩家2-222的门牌： 
[2017-12-11 17:01:43]   门牌1=255
[2017-12-11 17:01:43]   门牌2=255
[2017-12-11 17:01:43]   门牌3=255
[2017-12-11 17:01:43]   门牌4=255
[2017-12-11 17:01:43]   门牌5=255
[2017-12-11 17:01:43]   门牌6=255
[2017-12-11 17:01:43]   门牌7=255
[2017-12-11 17:01:43]   门牌8=255
[2017-12-11 17:01:43]   门牌9=255
[2017-12-11 17:01:43]   门牌10=255
[2017-12-11 17:01:43]   门牌11=255
[2017-12-11 17:01:43]   门牌12=255
[2017-12-11 17:01:43]   门牌13=255
[2017-12-11 17:01:43]   门牌14=255
[2017-12-11 17:01:43]   门牌15=255
[2017-12-11 17:01:43]   门牌16=255
[2017-12-11 17:01:43]   门牌17=255
[2017-12-11 17:01:43]   门牌18=255
[2017-12-11 17:01:43]   门牌19=255
[2017-12-11 17:01:43]   门牌20=255
[2017-12-11 17:01:43]   门牌21=255
[2017-12-11 17:01:43]   门牌22=255
[2017-12-11 17:01:43]   门牌23=255
[2017-12-11 17:01:43]   门牌24=255
[2017-12-11 17:01:43]   门牌25=255
[2017-12-11 17:01:43]   门牌26=255
[2017-12-11 17:01:43]   门牌27=255
[2017-12-11 17:01:43]   门牌28=255
[2017-12-11 17:01:43] 玩家3-666的门牌： 
[2017-12-11 17:01:43]   门牌1=255
[2017-12-11 17:01:43]   门牌2=255
[2017-12-11 17:01:43]   门牌3=255
[2017-12-11 17:01:43]   门牌4=0
[2017-12-11 17:01:43]   门牌5=0
[2017-12-11 17:01:43]   门牌6=0
[2017-12-11 17:01:43]   门牌7=0
[2017-12-11 17:01:43]   门牌8=0
[2017-12-11 17:01:43]   门牌9=0
[2017-12-11 17:01:43]   门牌10=0
[2017-12-11 17:01:43]   门牌11=0
[2017-12-11 17:01:43]   门牌12=0
[2017-12-11 17:01:43]   门牌13=0
[2017-12-11 17:01:43]   门牌14=0
[2017-12-11 17:01:43]   门牌15=0
[2017-12-11 17:01:43]   门牌16=0
[2017-12-11 17:01:43]   门牌17=0
[2017-12-11 17:01:43]   门牌18=0
[2017-12-11 17:01:43]   门牌19=0
[2017-12-11 17:01:43]   门牌20=0
[2017-12-11 17:01:43]   门牌21=0
[2017-12-11 17:01:43]   门牌22=0
[2017-12-11 17:01:43]   门牌23=0
[2017-12-11 17:01:43]   门牌24=0
[2017-12-11 17:01:43]   门牌25=255
[2017-12-11 17:01:43]   门牌26=255
[2017-12-11 17:01:43]   门牌27=255
[2017-12-11 17:01:43]   门牌28=255
[2017-12-11 17:02:56] 掷2颗色子确定起牌方向： byGetPaiDir=0-duoduo, 3 3
[2017-12-11 17:02:59] 掷2颗色子确定起牌敦数事件: 2 1 3
[2017-12-11 17:03:04] 玩家0-duoduo的门牌： 
[2017-12-11 17:03:04]   门牌1=0
[2017-12-11 17:03:04]   门牌2=0
[2017-12-11 17:03:04]   门牌3=0
[2017-12-11 17:03:04]   门牌4=0
[2017-12-11 17:03:04]   门牌5=0
[2017-12-11 17:03:04]   门牌6=0
[2017-12-11 17:03:04]   门牌7=255
[2017-12-11 17:03:04]   门牌8=255
[2017-12-11 17:03:04]   门牌9=255
[2017-12-11 17:03:04]   门牌10=255
[2017-12-11 17:03:04]   门牌11=255
[2017-12-11 17:03:04]   门牌12=255
[2017-12-11 17:03:04]   门牌13=255
[2017-12-11 17:03:04]   门牌14=255
[2017-12-11 17:03:04]   门牌15=255
[2017-12-11 17:03:04]   门牌16=255
[2017-12-11 17:03:04]   门牌17=255
[2017-12-11 17:03:04]   门牌18=255
[2017-12-11 17:03:04]   门牌19=255
[2017-12-11 17:03:04]   门牌20=255
[2017-12-11 17:03:04]   门牌21=255
[2017-12-11 17:03:04]   门牌22=255
[2017-12-11 17:03:04]   门牌23=255
[2017-12-11 17:03:04]   门牌24=255
[2017-12-11 17:03:04]   门牌25=255
[2017-12-11 17:03:04]   门牌26=255
[2017-12-11 17:03:04]   门牌27=255
[2017-12-11 17:03:04]   门牌28=255
[2017-12-11 17:03:04] 玩家1-444的门牌： 
[2017-12-11 17:03:04]   门牌1=255
[2017-12-11 17:03:04]   门牌2=255
[2017-12-11 17:03:04]   门牌3=255
[2017-12-11 17:03:04]   门牌4=255
[2017-12-11 17:03:04]   门牌5=255
[2017-12-11 17:03:04]   门牌6=255
[2017-12-11 17:03:04]   门牌7=255
[2017-12-11 17:03:04]   门牌8=255
[2017-12-11 17:03:04]   门牌9=255
[2017-12-11 17:03:04]   门牌10=255
[2017-12-11 17:03:04]   门牌11=255
[2017-12-11 17:03:04]   门牌12=255
[2017-12-11 17:03:04]   门牌13=255
[2017-12-11 17:03:04]   门牌14=255
[2017-12-11 17:03:04]   门牌15=255
[2017-12-11 17:03:04]   门牌16=255
[2017-12-11 17:03:04]   门牌17=255
[2017-12-11 17:03:04]   门牌18=255
[2017-12-11 17:03:04]   门牌19=255
[2017-12-11 17:03:04]   门牌20=255
[2017-12-11 17:03:04]   门牌21=255
[2017-12-11 17:03:04]   门牌22=255
[2017-12-11 17:03:04]   门牌23=255
[2017-12-11 17:03:04]   门牌24=255
[2017-12-11 17:03:04]   门牌25=255
[2017-12-11 17:03:04]   门牌26=255
[2017-12-11 17:03:04]   门牌27=255
[2017-12-11 17:03:04]   门牌28=255
[2017-12-11 17:03:04] 玩家2-222的门牌： 
[2017-12-11 17:03:04]   门牌1=255
[2017-12-11 17:03:04]   门牌2=255
[2017-12-11 17:03:04]   门牌3=255
[2017-12-11 17:03:04]   门牌4=0
[2017-12-11 17:03:04]   门牌5=0
[2017-12-11 17:03:04]   门牌6=0
[2017-12-11 17:03:04]   门牌7=0
[2017-12-11 17:03:04]   门牌8=0
[2017-12-11 17:03:04]   门牌9=0
[2017-12-11 17:03:04]   门牌10=0
[2017-12-11 17:03:04]   门牌11=0
[2017-12-11 17:03:04]   门牌12=0
[2017-12-11 17:03:04]   门牌13=0
[2017-12-11 17:03:04]   门牌14=0
[2017-12-11 17:03:04]   门牌15=0
[2017-12-11 17:03:04]   门牌16=0
[2017-12-11 17:03:04]   门牌17=0
[2017-12-11 17:03:04]   门牌18=0
[2017-12-11 17:03:04]   门牌19=0
[2017-12-11 17:03:04]   门牌20=0
[2017-12-11 17:03:04]   门牌21=0
[2017-12-11 17:03:04]   门牌22=0
[2017-12-11 17:03:04]   门牌23=0
[2017-12-11 17:03:04]   门牌24=0
[2017-12-11 17:03:04]   门牌25=0
[2017-12-11 17:03:04]   门牌26=0
[2017-12-11 17:03:04]   门牌27=0
[2017-12-11 17:03:04]   门牌28=0
[2017-12-11 17:03:04] 玩家3-666的门牌： 
[2017-12-11 17:03:04]   门牌1=0
[2017-12-11 17:03:04]   门牌2=0
[2017-12-11 17:03:04]   门牌3=0
[2017-12-11 17:03:04]   门牌4=0
[2017-12-11 17:03:04]   门牌5=0
[2017-12-11 17:03:04]   门牌6=0
[2017-12-11 17:03:04]   门牌7=0
[2017-12-11 17:03:04]   门牌8=0
[2017-12-11 17:03:04]   门牌9=0
[2017-12-11 17:03:04]   门牌10=0
[2017-12-11 17:03:04]   门牌11=0
[2017-12-11 17:03:04]   门牌12=0
[2017-12-11 17:03:04]   门牌13=0
[2017-12-11 17:03:04]   门牌14=0
[2017-12-11 17:03:04]   门牌15=0
[2017-12-11 17:03:04]   门牌16=0
[2017-12-11 17:03:04]   门牌17=0
[2017-12-11 17:03:04]   门牌18=0
[2017-12-11 17:03:04]   门牌19=0
[2017-12-11 17:03:04]   门牌20=0
[2017-12-11 17:03:04]   门牌21=0
[2017-12-11 17:03:04]   门牌22=0
[2017-12-11 17:03:04]   门牌23=0
[2017-12-11 17:03:04]   门牌24=0
[2017-12-11 17:03:04]   门牌25=255
[2017-12-11 17:03:04]   门牌26=255
[2017-12-11 17:03:04]   门牌27=255
[2017-12-11 17:03:04]   门牌28=255
[2017-12-11 17:22:35] 掷2颗色子确定起牌方向： byGetPaiDir=2-222, 1 2
[2017-12-11 17:22:38] 掷2颗色子确定起牌敦数事件: 1 5 6
[2017-12-11 17:22:43] 玩家0-duoduo的门牌： 
[2017-12-11 17:22:43]   门牌1=255
[2017-12-11 17:22:43]   门牌2=255
[2017-12-11 17:22:43]   门牌3=255
[2017-12-11 17:22:43]   门牌4=255
[2017-12-11 17:22:43]   门牌5=255
[2017-12-11 17:22:43]   门牌6=255
[2017-12-11 17:22:43]   门牌7=255
[2017-12-11 17:22:43]   门牌8=255
[2017-12-11 17:22:43]   门牌9=255
[2017-12-11 17:22:43]   门牌10=0
[2017-12-11 17:22:43]   门牌11=0
[2017-12-11 17:22:43]   门牌12=0
[2017-12-11 17:22:43]   门牌13=0
[2017-12-11 17:22:43]   门牌14=0
[2017-12-11 17:22:43]   门牌15=0
[2017-12-11 17:22:43]   门牌16=0
[2017-12-11 17:22:43]   门牌17=0
[2017-12-11 17:22:43]   门牌18=0
[2017-12-11 17:22:43]   门牌19=0
[2017-12-11 17:22:43]   门牌20=0
[2017-12-11 17:22:43]   门牌21=0
[2017-12-11 17:22:43]   门牌22=0
[2017-12-11 17:22:43]   门牌23=0
[2017-12-11 17:22:43]   门牌24=0
[2017-12-11 17:22:43]   门牌25=0
[2017-12-11 17:22:43]   门牌26=0
[2017-12-11 17:22:43]   门牌27=0
[2017-12-11 17:22:43]   门牌28=0
[2017-12-11 17:22:43] 玩家1-444的门牌： 
[2017-12-11 17:22:43]   门牌1=0
[2017-12-11 17:22:43]   门牌2=0
[2017-12-11 17:22:43]   门牌3=0
[2017-12-11 17:22:43]   门牌4=0
[2017-12-11 17:22:43]   门牌5=0
[2017-12-11 17:22:43]   门牌6=0
[2017-12-11 17:22:43]   门牌7=0
[2017-12-11 17:22:43]   门牌8=0
[2017-12-11 17:22:43]   门牌9=0
[2017-12-11 17:22:43]   门牌10=0
[2017-12-11 17:22:43]   门牌11=0
[2017-12-11 17:22:43]   门牌12=0
[2017-12-11 17:22:43]   门牌13=0
[2017-12-11 17:22:43]   门牌14=0
[2017-12-11 17:22:43]   门牌15=0
[2017-12-11 17:22:43]   门牌16=0
[2017-12-11 17:22:43]   门牌17=0
[2017-12-11 17:22:43]   门牌18=0
[2017-12-11 17:22:43]   门牌19=0
[2017-12-11 17:22:43]   门牌20=0
[2017-12-11 17:22:43]   门牌21=0
[2017-12-11 17:22:43]   门牌22=0
[2017-12-11 17:22:43]   门牌23=0
[2017-12-11 17:22:43]   门牌24=0
[2017-12-11 17:22:43]   门牌25=0
[2017-12-11 17:22:43]   门牌26=0
[2017-12-11 17:22:43]   门牌27=255
[2017-12-11 17:22:43]   门牌28=255
[2017-12-11 17:22:43] 玩家2-222的门牌： 
[2017-12-11 17:22:43]   门牌1=0
[2017-12-11 17:22:43]   门牌2=0
[2017-12-11 17:22:43]   门牌3=0
[2017-12-11 17:22:43]   门牌4=0
[2017-12-11 17:22:43]   门牌5=0
[2017-12-11 17:22:43]   门牌6=0
[2017-12-11 17:22:43]   门牌7=0
[2017-12-11 17:22:43]   门牌8=0
[2017-12-11 17:22:43]   门牌9=255
[2017-12-11 17:22:43]   门牌10=255
[2017-12-11 17:22:43]   门牌11=255
[2017-12-11 17:22:43]   门牌12=255
[2017-12-11 17:22:43]   门牌13=255
[2017-12-11 17:22:43]   门牌14=255
[2017-12-11 17:22:43]   门牌15=255
[2017-12-11 17:22:43]   门牌16=255
[2017-12-11 17:22:43]   门牌17=255
[2017-12-11 17:22:43]   门牌18=255
[2017-12-11 17:22:43]   门牌19=255
[2017-12-11 17:22:43]   门牌20=255
[2017-12-11 17:22:43]   门牌21=255
[2017-12-11 17:22:43]   门牌22=255
[2017-12-11 17:22:43]   门牌23=255
[2017-12-11 17:22:43]   门牌24=255
[2017-12-11 17:22:43]   门牌25=255
[2017-12-11 17:22:43]   门牌26=255
[2017-12-11 17:22:43]   门牌27=255
[2017-12-11 17:22:43]   门牌28=255
[2017-12-11 17:22:43] 玩家3-666的门牌： 
[2017-12-11 17:22:43]   门牌1=255
[2017-12-11 17:22:43]   门牌2=255
[2017-12-11 17:22:43]   门牌3=255
[2017-12-11 17:22:43]   门牌4=255
[2017-12-11 17:22:43]   门牌5=255
[2017-12-11 17:22:43]   门牌6=255
[2017-12-11 17:22:43]   门牌7=255
[2017-12-11 17:22:43]   门牌8=255
[2017-12-11 17:22:43]   门牌9=255
[2017-12-11 17:22:43]   门牌10=255
[2017-12-11 17:22:43]   门牌11=255
[2017-12-11 17:22:43]   门牌12=255
[2017-12-11 17:22:43]   门牌13=255
[2017-12-11 17:22:43]   门牌14=255
[2017-12-11 17:22:43]   门牌15=255
[2017-12-11 17:22:43]   门牌16=255
[2017-12-11 17:22:43]   门牌17=255
[2017-12-11 17:22:43]   门牌18=255
[2017-12-11 17:22:43]   门牌19=255
[2017-12-11 17:22:43]   门牌20=255
[2017-12-11 17:22:43]   门牌21=255
[2017-12-11 17:22:43]   门牌22=255
[2017-12-11 17:22:43]   门牌23=255
[2017-12-11 17:22:43]   门牌24=255
[2017-12-11 17:22:43]   门牌25=255
[2017-12-11 17:22:43]   门牌26=255
[2017-12-11 17:22:43]   门牌27=255
[2017-12-11 17:22:43]   门牌28=255
[2017-12-11 17:34:22] 掷2颗色子确定起牌方向： byGetPaiDir=0-444, 6 3
[2017-12-11 17:34:25] 掷2颗色子确定起牌敦数事件: 2 4 6
[2017-12-11 17:34:30] 玩家0-444的门牌： 
[2017-12-11 17:34:30]   门牌1=0
[2017-12-11 17:34:30]   门牌2=0
[2017-12-11 17:34:30]   门牌3=0
[2017-12-11 17:34:30]   门牌4=0
[2017-12-11 17:34:30]   门牌5=0
[2017-12-11 17:34:30]   门牌6=0
[2017-12-11 17:34:30]   门牌7=0
[2017-12-11 17:34:30]   门牌8=0
[2017-12-11 17:34:30]   门牌9=0
[2017-12-11 17:34:30]   门牌10=0
[2017-12-11 17:34:30]   门牌11=0
[2017-12-11 17:34:30]   门牌12=0
[2017-12-11 17:34:30]   门牌13=255
[2017-12-11 17:34:30]   门牌14=255
[2017-12-11 17:34:30]   门牌15=255
[2017-12-11 17:34:30]   门牌16=255
[2017-12-11 17:34:30]   门牌17=255
[2017-12-11 17:34:30]   门牌18=255
[2017-12-11 17:34:30]   门牌19=255
[2017-12-11 17:34:30]   门牌20=255
[2017-12-11 17:34:30]   门牌21=255
[2017-12-11 17:34:30]   门牌22=255
[2017-12-11 17:34:30]   门牌23=255
[2017-12-11 17:34:30]   门牌24=255
[2017-12-11 17:34:30]   门牌25=255
[2017-12-11 17:34:30]   门牌26=255
[2017-12-11 17:34:30]   门牌27=255
[2017-12-11 17:34:30]   门牌28=255
[2017-12-11 17:34:30] 玩家1-duoduo的门牌： 
[2017-12-11 17:34:30]   门牌1=255
[2017-12-11 17:34:30]   门牌2=255
[2017-12-11 17:34:30]   门牌3=255
[2017-12-11 17:34:30]   门牌4=255
[2017-12-11 17:34:30]   门牌5=255
[2017-12-11 17:34:30]   门牌6=255
[2017-12-11 17:34:30]   门牌7=255
[2017-12-11 17:34:30]   门牌8=255
[2017-12-11 17:34:30]   门牌9=255
[2017-12-11 17:34:30]   门牌10=255
[2017-12-11 17:34:30]   门牌11=255
[2017-12-11 17:34:30]   门牌12=255
[2017-12-11 17:34:30]   门牌13=255
[2017-12-11 17:34:30]   门牌14=255
[2017-12-11 17:34:30]   门牌15=255
[2017-12-11 17:34:30]   门牌16=255
[2017-12-11 17:34:30]   门牌17=255
[2017-12-11 17:34:30]   门牌18=255
[2017-12-11 17:34:30]   门牌19=255
[2017-12-11 17:34:30]   门牌20=255
[2017-12-11 17:34:30]   门牌21=255
[2017-12-11 17:34:30]   门牌22=255
[2017-12-11 17:34:30]   门牌23=255
[2017-12-11 17:34:30]   门牌24=255
[2017-12-11 17:34:30]   门牌25=255
[2017-12-11 17:34:30]   门牌26=255
[2017-12-11 17:34:30]   门牌27=255
[2017-12-11 17:34:30]   门牌28=255
[2017-12-11 17:34:30] 玩家2-222的门牌： 
[2017-12-11 17:34:30]   门牌1=255
[2017-12-11 17:34:30]   门牌2=255
[2017-12-11 17:34:30]   门牌3=255
[2017-12-11 17:34:30]   门牌4=255
[2017-12-11 17:34:30]   门牌5=255
[2017-12-11 17:34:30]   门牌6=255
[2017-12-11 17:34:30]   门牌7=255
[2017-12-11 17:34:30]   门牌8=255
[2017-12-11 17:34:30]   门牌9=255
[2017-12-11 17:34:30]   门牌10=0
[2017-12-11 17:34:30]   门牌11=0
[2017-12-11 17:34:30]   门牌12=0
[2017-12-11 17:34:30]   门牌13=0
[2017-12-11 17:34:30]   门牌14=0
[2017-12-11 17:34:30]   门牌15=0
[2017-12-11 17:34:30]   门牌16=0
[2017-12-11 17:34:30]   门牌17=0
[2017-12-11 17:34:30]   门牌18=0
[2017-12-11 17:34:30]   门牌19=0
[2017-12-11 17:34:30]   门牌20=0
[2017-12-11 17:34:30]   门牌21=0
[2017-12-11 17:34:30]   门牌22=0
[2017-12-11 17:34:30]   门牌23=0
[2017-12-11 17:34:30]   门牌24=0
[2017-12-11 17:34:30]   门牌25=0
[2017-12-11 17:34:30]   门牌26=0
[2017-12-11 17:34:30]   门牌27=0
[2017-12-11 17:34:30]   门牌28=0
[2017-12-11 17:34:30] 玩家3-666的门牌： 
[2017-12-11 17:34:30]   门牌1=0
[2017-12-11 17:34:30]   门牌2=0
[2017-12-11 17:34:30]   门牌3=0
[2017-12-11 17:34:30]   门牌4=0
[2017-12-11 17:34:30]   门牌5=0
[2017-12-11 17:34:30]   门牌6=0
[2017-12-11 17:34:30]   门牌7=0
[2017-12-11 17:34:30]   门牌8=0
[2017-12-11 17:34:30]   门牌9=0
[2017-12-11 17:34:30]   门牌10=0
[2017-12-11 17:34:30]   门牌11=0
[2017-12-11 17:34:30]   门牌12=0
[2017-12-11 17:34:30]   门牌13=0
[2017-12-11 17:34:30]   门牌14=0
[2017-12-11 17:34:30]   门牌15=0
[2017-12-11 17:34:30]   门牌16=0
[2017-12-11 17:34:30]   门牌17=0
[2017-12-11 17:34:30]   门牌18=0
[2017-12-11 17:34:30]   门牌19=0
[2017-12-11 17:34:30]   门牌20=0
[2017-12-11 17:34:30]   门牌21=0
[2017-12-11 17:34:30]   门牌22=0
[2017-12-11 17:34:30]   门牌23=0
[2017-12-11 17:34:30]   门牌24=0
[2017-12-11 17:34:30]   门牌25=255
[2017-12-11 17:34:30]   门牌26=255
[2017-12-11 17:34:30]   门牌27=255
[2017-12-11 17:34:30]   门牌28=255
[2017-12-11 17:53:16] 掷2颗色子确定起牌方向： byGetPaiDir=3-duoduo, 4 6
[2017-12-11 17:53:19] 掷2颗色子确定起牌敦数事件: 1 5 6
[2017-12-11 17:53:24] 玩家0-222的门牌： 
[2017-12-11 17:53:24]   门牌1=255
[2017-12-11 17:53:24]   门牌2=255
[2017-12-11 17:53:24]   门牌3=255
[2017-12-11 17:53:24]   门牌4=255
[2017-12-11 17:53:24]   门牌5=255
[2017-12-11 17:53:24]   门牌6=255
[2017-12-11 17:53:24]   门牌7=255
[2017-12-11 17:53:24]   门牌8=255
[2017-12-11 17:53:24]   门牌9=255
[2017-12-11 17:53:24]   门牌10=255
[2017-12-11 17:53:24]   门牌11=255
[2017-12-11 17:53:24]   门牌12=255
[2017-12-11 17:53:24]   门牌13=255
[2017-12-11 17:53:24]   门牌14=255
[2017-12-11 17:53:24]   门牌15=255
[2017-12-11 17:53:24]   门牌16=255
[2017-12-11 17:53:24]   门牌17=255
[2017-12-11 17:53:24]   门牌18=255
[2017-12-11 17:53:24]   门牌19=255
[2017-12-11 17:53:24]   门牌20=255
[2017-12-11 17:53:24]   门牌21=255
[2017-12-11 17:53:24]   门牌22=255
[2017-12-11 17:53:24]   门牌23=255
[2017-12-11 17:53:24]   门牌24=255
[2017-12-11 17:53:24]   门牌25=255
[2017-12-11 17:53:24]   门牌26=255
[2017-12-11 17:53:24]   门牌27=255
[2017-12-11 17:53:24]   门牌28=255
[2017-12-11 17:53:24] 玩家1-444的门牌： 
[2017-12-11 17:53:24]   门牌1=255
[2017-12-11 17:53:24]   门牌2=255
[2017-12-11 17:53:24]   门牌3=255
[2017-12-11 17:53:24]   门牌4=255
[2017-12-11 17:53:24]   门牌5=255
[2017-12-11 17:53:24]   门牌6=255
[2017-12-11 17:53:24]   门牌7=255
[2017-12-11 17:53:24]   门牌8=0
[2017-12-11 17:53:24]   门牌9=0
[2017-12-11 17:53:24]   门牌10=0
[2017-12-11 17:53:24]   门牌11=0
[2017-12-11 17:53:24]   门牌12=0
[2017-12-11 17:53:24]   门牌13=0
[2017-12-11 17:53:24]   门牌14=0
[2017-12-11 17:53:24]   门牌15=0
[2017-12-11 17:53:24]   门牌16=0
[2017-12-11 17:53:24]   门牌17=0
[2017-12-11 17:53:24]   门牌18=0
[2017-12-11 17:53:24]   门牌19=0
[2017-12-11 17:53:24]   门牌20=0
[2017-12-11 17:53:24]   门牌21=0
[2017-12-11 17:53:24]   门牌22=0
[2017-12-11 17:53:24]   门牌23=0
[2017-12-11 17:53:24]   门牌24=0
[2017-12-11 17:53:24]   门牌25=0
[2017-12-11 17:53:24]   门牌26=0
[2017-12-11 17:53:24]   门牌27=255
[2017-12-11 17:53:24]   门牌28=255
[2017-12-11 17:53:24] 玩家2-666的门牌： 
[2017-12-11 17:53:24]   门牌1=0
[2017-12-11 17:53:24]   门牌2=0
[2017-12-11 17:53:24]   门牌3=0
[2017-12-11 17:53:24]   门牌4=0
[2017-12-11 17:53:24]   门牌5=0
[2017-12-11 17:53:24]   门牌6=0
[2017-12-11 17:53:24]   门牌7=0
[2017-12-11 17:53:24]   门牌8=0
[2017-12-11 17:53:24]   门牌9=0
[2017-12-11 17:53:24]   门牌10=0
[2017-12-11 17:53:24]   门牌11=0
[2017-12-11 17:53:24]   门牌12=0
[2017-12-11 17:53:24]   门牌13=0
[2017-12-11 17:53:24]   门牌14=0
[2017-12-11 17:53:24]   门牌15=0
[2017-12-11 17:53:24]   门牌16=0
[2017-12-11 17:53:24]   门牌17=0
[2017-12-11 17:53:24]   门牌18=0
[2017-12-11 17:53:24]   门牌19=0
[2017-12-11 17:53:24]   门牌20=0
[2017-12-11 17:53:24]   门牌21=0
[2017-12-11 17:53:24]   门牌22=0
[2017-12-11 17:53:24]   门牌23=0
[2017-12-11 17:53:24]   门牌24=0
[2017-12-11 17:53:24]   门牌25=0
[2017-12-11 17:53:24]   门牌26=0
[2017-12-11 17:53:24]   门牌27=0
[2017-12-11 17:53:24]   门牌28=0
[2017-12-11 17:53:24] 玩家3-duoduo的门牌： 
[2017-12-11 17:53:24]   门牌1=0
[2017-12-11 17:53:24]   门牌2=0
[2017-12-11 17:53:24]   门牌3=0
[2017-12-11 17:53:24]   门牌4=0
[2017-12-11 17:53:24]   门牌5=0
[2017-12-11 17:53:24]   门牌6=0
[2017-12-11 17:53:24]   门牌7=255
[2017-12-11 17:53:24]   门牌8=255
[2017-12-11 17:53:24]   门牌9=255
[2017-12-11 17:53:24]   门牌10=255
[2017-12-11 17:53:24]   门牌11=255
[2017-12-11 17:53:24]   门牌12=255
[2017-12-11 17:53:24]   门牌13=255
[2017-12-11 17:53:24]   门牌14=255
[2017-12-11 17:53:24]   门牌15=255
[2017-12-11 17:53:24]   门牌16=255
[2017-12-11 17:53:24]   门牌17=255
[2017-12-11 17:53:24]   门牌18=255
[2017-12-11 17:53:24]   门牌19=255
[2017-12-11 17:53:24]   门牌20=255
[2017-12-11 17:53:24]   门牌21=255
[2017-12-11 17:53:24]   门牌22=255
[2017-12-11 17:53:24]   门牌23=255
[2017-12-11 17:53:24]   门牌24=255
[2017-12-11 17:53:24]   门牌25=255
[2017-12-11 17:53:24]   门牌26=255
[2017-12-11 17:53:24]   门牌27=255
[2017-12-11 17:53:24]   门牌28=255
[2017-12-11 18:05:05] 掷2颗色子确定起牌方向： byGetPaiDir=1-222, 1 6
[2017-12-11 18:05:08] 掷2颗色子确定起牌敦数事件: 5 4 9
[2017-12-11 18:05:13] 玩家0-duoduo的门牌： 
[2017-12-11 18:05:13]   门牌1=0
[2017-12-11 18:05:13]   门牌2=0
[2017-12-11 18:05:13]   门牌3=0
[2017-12-11 18:05:13]   门牌4=0
[2017-12-11 18:05:13]   门牌5=0
[2017-12-11 18:05:13]   门牌6=0
[2017-12-11 18:05:13]   门牌7=0
[2017-12-11 18:05:13]   门牌8=0
[2017-12-11 18:05:13]   门牌9=0
[2017-12-11 18:05:13]   门牌10=0
[2017-12-11 18:05:13]   门牌11=0
[2017-12-11 18:05:13]   门牌12=0
[2017-12-11 18:05:13]   门牌13=0
[2017-12-11 18:05:13]   门牌14=0
[2017-12-11 18:05:13]   门牌15=0
[2017-12-11 18:05:13]   门牌16=0
[2017-12-11 18:05:13]   门牌17=0
[2017-12-11 18:05:13]   门牌18=0
[2017-12-11 18:05:13]   门牌19=0
[2017-12-11 18:05:13]   门牌20=0
[2017-12-11 18:05:13]   门牌21=0
[2017-12-11 18:05:13]   门牌22=0
[2017-12-11 18:05:13]   门牌23=0
[2017-12-11 18:05:13]   门牌24=0
[2017-12-11 18:05:13]   门牌25=0
[2017-12-11 18:05:13]   门牌26=0
[2017-12-11 18:05:13]   门牌27=0
[2017-12-11 18:05:13]   门牌28=0
[2017-12-11 18:05:13] 玩家1-222的门牌： 
[2017-12-11 18:05:13]   门牌1=0
[2017-12-11 18:05:13]   门牌2=0
[2017-12-11 18:05:13]   门牌3=0
[2017-12-11 18:05:13]   门牌4=0
[2017-12-11 18:05:13]   门牌5=0
[2017-12-11 18:05:13]   门牌6=0
[2017-12-11 18:05:13]   门牌7=0
[2017-12-11 18:05:13]   门牌8=0
[2017-12-11 18:05:13]   门牌9=0
[2017-12-11 18:05:13]   门牌10=0
[2017-12-11 18:05:13]   门牌11=0
[2017-12-11 18:05:13]   门牌12=0
[2017-12-11 18:05:13]   门牌13=0
[2017-12-11 18:05:13]   门牌14=0
[2017-12-11 18:05:13]   门牌15=0
[2017-12-11 18:05:13]   门牌16=0
[2017-12-11 18:05:13]   门牌17=255
[2017-12-11 18:05:13]   门牌18=255
[2017-12-11 18:05:13]   门牌19=255
[2017-12-11 18:05:13]   门牌20=255
[2017-12-11 18:05:13]   门牌21=255
[2017-12-11 18:05:13]   门牌22=255
[2017-12-11 18:05:13]   门牌23=255
[2017-12-11 18:05:13]   门牌24=255
[2017-12-11 18:05:13]   门牌25=255
[2017-12-11 18:05:13]   门牌26=255
[2017-12-11 18:05:13]   门牌27=255
[2017-12-11 18:05:13]   门牌28=255
[2017-12-11 18:05:13] 玩家2-444的门牌： 
[2017-12-11 18:05:13]   门牌1=255
[2017-12-11 18:05:13]   门牌2=255
[2017-12-11 18:05:13]   门牌3=255
[2017-12-11 18:05:13]   门牌4=255
[2017-12-11 18:05:13]   门牌5=255
[2017-12-11 18:05:13]   门牌6=255
[2017-12-11 18:05:13]   门牌7=255
[2017-12-11 18:05:13]   门牌8=255
[2017-12-11 18:05:13]   门牌9=255
[2017-12-11 18:05:13]   门牌10=255
[2017-12-11 18:05:13]   门牌11=255
[2017-12-11 18:05:13]   门牌12=255
[2017-12-11 18:05:13]   门牌13=255
[2017-12-11 18:05:13]   门牌14=255
[2017-12-11 18:05:13]   门牌15=255
[2017-12-11 18:05:13]   门牌16=255
[2017-12-11 18:05:13]   门牌17=255
[2017-12-11 18:05:13]   门牌18=255
[2017-12-11 18:05:13]   门牌19=255
[2017-12-11 18:05:13]   门牌20=255
[2017-12-11 18:05:13]   门牌21=255
[2017-12-11 18:05:13]   门牌22=255
[2017-12-11 18:05:13]   门牌23=255
[2017-12-11 18:05:13]   门牌24=255
[2017-12-11 18:05:13]   门牌25=255
[2017-12-11 18:05:13]   门牌26=255
[2017-12-11 18:05:13]   门牌27=255
[2017-12-11 18:05:13]   门牌28=255
[2017-12-11 18:05:13] 玩家3-666的门牌： 
[2017-12-11 18:05:13]   门牌1=255
[2017-12-11 18:05:13]   门牌2=255
[2017-12-11 18:05:13]   门牌3=255
[2017-12-11 18:05:13]   门牌4=255
[2017-12-11 18:05:13]   门牌5=255
[2017-12-11 18:05:13]   门牌6=255
[2017-12-11 18:05:13]   门牌7=255
[2017-12-11 18:05:13]   门牌8=255
[2017-12-11 18:05:13]   门牌9=255
[2017-12-11 18:05:13]   门牌10=255
[2017-12-11 18:05:13]   门牌11=255
[2017-12-11 18:05:13]   门牌12=255
[2017-12-11 18:05:13]   门牌13=255
[2017-12-11 18:05:13]   门牌14=0
[2017-12-11 18:05:13]   门牌15=0
[2017-12-11 18:05:13]   门牌16=0
[2017-12-11 18:05:13]   门牌17=0
[2017-12-11 18:05:13]   门牌18=0
[2017-12-11 18:05:13]   门牌19=0
[2017-12-11 18:05:13]   门牌20=0
[2017-12-11 18:05:13]   门牌21=0
[2017-12-11 18:05:13]   门牌22=0
[2017-12-11 18:05:13]   门牌23=0
[2017-12-11 18:05:13]   门牌24=0
[2017-12-11 18:05:13]   门牌25=255
[2017-12-11 18:05:13]   门牌26=255
[2017-12-11 18:05:13]   门牌27=255
[2017-12-11 18:05:13]   门牌28=255
[2017-12-11 18:12:20] 掷2颗色子确定起牌方向： byGetPaiDir=2-pc0003, 5 1
[2017-12-11 18:12:23] 掷2颗色子确定起牌敦数事件: 6 3 9
[2017-12-11 18:12:28] 玩家0-pc0001的门牌： 
[2017-12-11 18:12:28]   门牌1=255
[2017-12-11 18:12:28]   门牌2=255
[2017-12-11 18:12:28]   门牌3=255
[2017-12-11 18:12:28]   门牌4=255
[2017-12-11 18:12:28]   门牌5=255
[2017-12-11 18:12:28]   门牌6=255
[2017-12-11 18:12:28]   门牌7=255
[2017-12-11 18:12:28]   门牌8=255
[2017-12-11 18:12:28]   门牌9=255
[2017-12-11 18:12:28]   门牌10=255
[2017-12-11 18:12:28]   门牌11=255
[2017-12-11 18:12:28]   门牌12=255
[2017-12-11 18:12:28]   门牌13=255
[2017-12-11 18:12:28]   门牌14=255
[2017-12-11 18:12:28]   门牌15=255
[2017-12-11 18:12:28]   门牌16=0
[2017-12-11 18:12:28]   门牌17=0
[2017-12-11 18:12:28]   门牌18=0
[2017-12-11 18:12:28]   门牌19=0
[2017-12-11 18:12:28]   门牌20=0
[2017-12-11 18:12:28]   门牌21=0
[2017-12-11 18:12:28]   门牌22=0
[2017-12-11 18:12:28]   门牌23=0
[2017-12-11 18:12:28]   门牌24=0
[2017-12-11 18:12:28]   门牌25=0
[2017-12-11 18:12:28]   门牌26=0
[2017-12-11 18:12:28]   门牌27=0
[2017-12-11 18:12:28]   门牌28=0
[2017-12-11 18:12:28] 玩家1-pc0002的门牌： 
[2017-12-11 18:12:28]   门牌1=0
[2017-12-11 18:12:28]   门牌2=0
[2017-12-11 18:12:28]   门牌3=0
[2017-12-11 18:12:28]   门牌4=0
[2017-12-11 18:12:28]   门牌5=0
[2017-12-11 18:12:28]   门牌6=0
[2017-12-11 18:12:28]   门牌7=0
[2017-12-11 18:12:28]   门牌8=0
[2017-12-11 18:12:28]   门牌9=0
[2017-12-11 18:12:28]   门牌10=0
[2017-12-11 18:12:28]   门牌11=0
[2017-12-11 18:12:28]   门牌12=0
[2017-12-11 18:12:28]   门牌13=0
[2017-12-11 18:12:28]   门牌14=0
[2017-12-11 18:12:28]   门牌15=0
[2017-12-11 18:12:28]   门牌16=0
[2017-12-11 18:12:28]   门牌17=0
[2017-12-11 18:12:28]   门牌18=0
[2017-12-11 18:12:28]   门牌19=0
[2017-12-11 18:12:28]   门牌20=0
[2017-12-11 18:12:28]   门牌21=0
[2017-12-11 18:12:28]   门牌22=0
[2017-12-11 18:12:28]   门牌23=0
[2017-12-11 18:12:28]   门牌24=0
[2017-12-11 18:12:28]   门牌25=0
[2017-12-11 18:12:28]   门牌26=0
[2017-12-11 18:12:28]   门牌27=255
[2017-12-11 18:12:28]   门牌28=255
[2017-12-11 18:12:28] 玩家2-pc0003的门牌： 
[2017-12-11 18:12:28]   门牌1=0
[2017-12-11 18:12:28]   门牌2=0
[2017-12-11 18:12:28]   门牌3=0
[2017-12-11 18:12:28]   门牌4=0
[2017-12-11 18:12:28]   门牌5=0
[2017-12-11 18:12:28]   门牌6=0
[2017-12-11 18:12:28]   门牌7=0
[2017-12-11 18:12:28]   门牌8=0
[2017-12-11 18:12:28]   门牌9=0
[2017-12-11 18:12:28]   门牌10=0
[2017-12-11 18:12:28]   门牌11=0
[2017-12-11 18:12:28]   门牌12=0
[2017-12-11 18:12:28]   门牌13=0
[2017-12-11 18:12:28]   门牌14=0
[2017-12-11 18:12:28]   门牌15=255
[2017-12-11 18:12:28]   门牌16=255
[2017-12-11 18:12:28]   门牌17=255
[2017-12-11 18:12:28]   门牌18=255
[2017-12-11 18:12:28]   门牌19=255
[2017-12-11 18:12:28]   门牌20=255
[2017-12-11 18:12:28]   门牌21=255
[2017-12-11 18:12:28]   门牌22=255
[2017-12-11 18:12:28]   门牌23=255
[2017-12-11 18:12:28]   门牌24=255
[2017-12-11 18:12:28]   门牌25=255
[2017-12-11 18:12:28]   门牌26=255
[2017-12-11 18:12:28]   门牌27=255
[2017-12-11 18:12:28]   门牌28=255
[2017-12-11 18:12:28] 玩家3-pc0004的门牌： 
[2017-12-11 18:12:28]   门牌1=255
[2017-12-11 18:12:28]   门牌2=255
[2017-12-11 18:12:28]   门牌3=255
[2017-12-11 18:12:28]   门牌4=255
[2017-12-11 18:12:28]   门牌5=255
[2017-12-11 18:12:28]   门牌6=255
[2017-12-11 18:12:28]   门牌7=255
[2017-12-11 18:12:28]   门牌8=255
[2017-12-11 18:12:28]   门牌9=255
[2017-12-11 18:12:28]   门牌10=255
[2017-12-11 18:12:28]   门牌11=255
[2017-12-11 18:12:28]   门牌12=255
[2017-12-11 18:12:28]   门牌13=255
[2017-12-11 18:12:28]   门牌14=255
[2017-12-11 18:12:28]   门牌15=255
[2017-12-11 18:12:28]   门牌16=255
[2017-12-11 18:12:28]   门牌17=255
[2017-12-11 18:12:28]   门牌18=255
[2017-12-11 18:12:28]   门牌19=255
[2017-12-11 18:12:28]   门牌20=255
[2017-12-11 18:12:28]   门牌21=255
[2017-12-11 18:12:28]   门牌22=255
[2017-12-11 18:12:28]   门牌23=255
[2017-12-11 18:12:28]   门牌24=255
[2017-12-11 18:12:28]   门牌25=255
[2017-12-11 18:12:28]   门牌26=255
[2017-12-11 18:12:28]   门牌27=255
[2017-12-11 18:12:28]   门牌28=255
