[2018-05-03 22:59:50] 掷2颗色子确定起牌方向： byGetPaiDir=1-安, 1 4
[2018-05-03 22:59:53] 掷2颗色子确定起牌敦数事件: 3 5 8
[2018-05-03 22:59:58] 玩家0-张生的门牌： 
[2018-05-03 22:59:58]   门牌1=0
[2018-05-03 22:59:58]   门牌2=0
[2018-05-03 22:59:58]   门牌3=0
[2018-05-03 22:59:58]   门牌4=0
[2018-05-03 22:59:58]   门牌5=0
[2018-05-03 22:59:58]   门牌6=0
[2018-05-03 22:59:58]   门牌7=0
[2018-05-03 22:59:58]   门牌8=0
[2018-05-03 22:59:58]   门牌9=0
[2018-05-03 22:59:58]   门牌10=0
[2018-05-03 22:59:58]   门牌11=0
[2018-05-03 22:59:58]   门牌12=0
[2018-05-03 22:59:58]   门牌13=0
[2018-05-03 22:59:58]   门牌14=0
[2018-05-03 22:59:58]   门牌15=0
[2018-05-03 22:59:58]   门牌16=0
[2018-05-03 22:59:58]   门牌17=0
[2018-05-03 22:59:58]   门牌18=0
[2018-05-03 22:59:58]   门牌19=0
[2018-05-03 22:59:58]   门牌20=0
[2018-05-03 22:59:58]   门牌21=0
[2018-05-03 22:59:58]   门牌22=0
[2018-05-03 22:59:58]   门牌23=0
[2018-05-03 22:59:58]   门牌24=0
[2018-05-03 22:59:58]   门牌25=0
[2018-05-03 22:59:58]   门牌26=0
[2018-05-03 22:59:58]   门牌27=0
[2018-05-03 22:59:58]   门牌28=0
[2018-05-03 22:59:58] 玩家1-安的门牌： 
[2018-05-03 22:59:58]   门牌1=0
[2018-05-03 22:59:58]   门牌2=0
[2018-05-03 22:59:58]   门牌3=0
[2018-05-03 22:59:58]   门牌4=0
[2018-05-03 22:59:58]   门牌5=0
[2018-05-03 22:59:58]   门牌6=0
[2018-05-03 22:59:58]   门牌7=0
[2018-05-03 22:59:58]   门牌8=0
[2018-05-03 22:59:58]   门牌9=0
[2018-05-03 22:59:58]   门牌10=0
[2018-05-03 22:59:58]   门牌11=0
[2018-05-03 22:59:58]   门牌12=0
[2018-05-03 22:59:58]   门牌13=0
[2018-05-03 22:59:58]   门牌14=0
[2018-05-03 22:59:58]   门牌15=255
[2018-05-03 22:59:58]   门牌16=255
[2018-05-03 22:59:58]   门牌17=255
[2018-05-03 22:59:58]   门牌18=255
[2018-05-03 22:59:58]   门牌19=255
[2018-05-03 22:59:58]   门牌20=255
[2018-05-03 22:59:58]   门牌21=255
[2018-05-03 22:59:58]   门牌22=255
[2018-05-03 22:59:58]   门牌23=255
[2018-05-03 22:59:58]   门牌24=255
[2018-05-03 22:59:58]   门牌25=255
[2018-05-03 22:59:58]   门牌26=255
[2018-05-03 22:59:58]   门牌27=255
[2018-05-03 22:59:58]   门牌28=255
[2018-05-03 22:59:58] 玩家2-改变的门牌： 
[2018-05-03 22:59:58]   门牌1=255
[2018-05-03 22:59:58]   门牌2=255
[2018-05-03 22:59:58]   门牌3=255
[2018-05-03 22:59:58]   门牌4=255
[2018-05-03 22:59:58]   门牌5=255
[2018-05-03 22:59:58]   门牌6=255
[2018-05-03 22:59:58]   门牌7=255
[2018-05-03 22:59:58]   门牌8=255
[2018-05-03 22:59:58]   门牌9=255
[2018-05-03 22:59:58]   门牌10=255
[2018-05-03 22:59:58]   门牌11=255
[2018-05-03 22:59:58]   门牌12=255
[2018-05-03 22:59:58]   门牌13=255
[2018-05-03 22:59:58]   门牌14=255
[2018-05-03 22:59:58]   门牌15=255
[2018-05-03 22:59:58]   门牌16=255
[2018-05-03 22:59:58]   门牌17=255
[2018-05-03 22:59:58]   门牌18=255
[2018-05-03 22:59:58]   门牌19=255
[2018-05-03 22:59:58]   门牌20=255
[2018-05-03 22:59:58]   门牌21=255
[2018-05-03 22:59:58]   门牌22=255
[2018-05-03 22:59:58]   门牌23=255
[2018-05-03 22:59:58]   门牌24=255
[2018-05-03 22:59:58]   门牌25=255
[2018-05-03 22:59:58]   门牌26=255
[2018-05-03 22:59:58]   门牌27=255
[2018-05-03 22:59:58]   门牌28=255
[2018-05-03 22:59:58] 玩家3-Phone19063的门牌： 
[2018-05-03 22:59:58]   门牌1=255
[2018-05-03 22:59:59]   门牌2=255
[2018-05-03 22:59:59]   门牌3=255
[2018-05-03 22:59:59]   门牌4=255
[2018-05-03 22:59:59]   门牌5=255
[2018-05-03 22:59:59]   门牌6=255
[2018-05-03 22:59:59]   门牌7=255
[2018-05-03 22:59:59]   门牌8=255
[2018-05-03 22:59:59]   门牌9=255
[2018-05-03 22:59:59]   门牌10=255
[2018-05-03 22:59:59]   门牌11=255
[2018-05-03 22:59:59]   门牌12=0
[2018-05-03 22:59:59]   门牌13=0
[2018-05-03 22:59:59]   门牌14=0
[2018-05-03 22:59:59]   门牌15=0
[2018-05-03 22:59:59]   门牌16=0
[2018-05-03 22:59:59]   门牌17=0
[2018-05-03 22:59:59]   门牌18=0
[2018-05-03 22:59:59]   门牌19=0
[2018-05-03 22:59:59]   门牌20=0
[2018-05-03 22:59:59]   门牌21=0
[2018-05-03 22:59:59]   门牌22=0
[2018-05-03 22:59:59]   门牌23=0
[2018-05-03 22:59:59]   门牌24=0
[2018-05-03 22:59:59]   门牌25=255
[2018-05-03 22:59:59]   门牌26=255
[2018-05-03 22:59:59]   门牌27=255
[2018-05-03 22:59:59]   门牌28=255
[2018-05-03 23:03:57] 掷2颗色子确定起牌方向： byGetPaiDir=2-改变, 3 4
[2018-05-03 23:04:00] 掷2颗色子确定起牌敦数事件: 3 1 4
[2018-05-03 23:04:05] 玩家0-张生的门牌： 
[2018-05-03 23:04:05]   门牌1=255
[2018-05-03 23:04:05]   门牌2=255
[2018-05-03 23:04:05]   门牌3=255
[2018-05-03 23:04:05]   门牌4=255
[2018-05-03 23:04:05]   门牌5=255
[2018-05-03 23:04:05]   门牌6=0
[2018-05-03 23:04:05]   门牌7=0
[2018-05-03 23:04:05]   门牌8=0
[2018-05-03 23:04:05]   门牌9=0
[2018-05-03 23:04:05]   门牌10=0
[2018-05-03 23:04:05]   门牌11=0
[2018-05-03 23:04:05]   门牌12=0
[2018-05-03 23:04:05]   门牌13=0
[2018-05-03 23:04:05]   门牌14=0
[2018-05-03 23:04:05]   门牌15=0
[2018-05-03 23:04:05]   门牌16=0
[2018-05-03 23:04:05]   门牌17=0
[2018-05-03 23:04:05]   门牌18=0
[2018-05-03 23:04:05]   门牌19=0
[2018-05-03 23:04:05]   门牌20=0
[2018-05-03 23:04:05]   门牌21=0
[2018-05-03 23:04:05]   门牌22=0
[2018-05-03 23:04:05]   门牌23=0
[2018-05-03 23:04:05]   门牌24=0
[2018-05-03 23:04:05]   门牌25=0
[2018-05-03 23:04:05]   门牌26=0
[2018-05-03 23:04:05]   门牌27=0
[2018-05-03 23:04:05]   门牌28=0
[2018-05-03 23:04:05] 玩家1-安的门牌： 
[2018-05-03 23:04:05]   门牌1=0
[2018-05-03 23:04:05]   门牌2=0
[2018-05-03 23:04:06]   门牌3=0
[2018-05-03 23:04:06]   门牌4=0
[2018-05-03 23:04:06]   门牌5=0
[2018-05-03 23:04:06]   门牌6=0
[2018-05-03 23:04:06]   门牌7=0
[2018-05-03 23:04:06]   门牌8=0
[2018-05-03 23:04:06]   门牌9=0
[2018-05-03 23:04:06]   门牌10=0
[2018-05-03 23:04:06]   门牌11=0
[2018-05-03 23:04:06]   门牌12=0
[2018-05-03 23:04:06]   门牌13=0
[2018-05-03 23:04:06]   门牌14=0
[2018-05-03 23:04:06]   门牌15=0
[2018-05-03 23:04:06]   门牌16=0
[2018-05-03 23:04:06]   门牌17=0
[2018-05-03 23:04:06]   门牌18=0
[2018-05-03 23:04:06]   门牌19=0
[2018-05-03 23:04:06]   门牌20=0
[2018-05-03 23:04:06]   门牌21=0
[2018-05-03 23:04:06]   门牌22=0
[2018-05-03 23:04:06]   门牌23=0
[2018-05-03 23:04:06]   门牌24=0
[2018-05-03 23:04:06]   门牌25=0
[2018-05-03 23:04:06]   门牌26=0
[2018-05-03 23:04:06]   门牌27=255
[2018-05-03 23:04:06]   门牌28=255
[2018-05-03 23:04:06] 玩家2-改变的门牌： 
[2018-05-03 23:04:06]   门牌1=0
[2018-05-03 23:04:06]   门牌2=0
[2018-05-03 23:04:06]   门牌3=0
[2018-05-03 23:04:06]   门牌4=0
[2018-05-03 23:04:06]   门牌5=255
[2018-05-03 23:04:06]   门牌6=255
[2018-05-03 23:04:06]   门牌7=255
[2018-05-03 23:04:06]   门牌8=255
[2018-05-03 23:04:06]   门牌9=255
[2018-05-03 23:04:06]   门牌10=255
[2018-05-03 23:04:06]   门牌11=255
[2018-05-03 23:04:06]   门牌12=255
[2018-05-03 23:04:06]   门牌13=255
[2018-05-03 23:04:06]   门牌14=255
[2018-05-03 23:04:06]   门牌15=255
[2018-05-03 23:04:06]   门牌16=255
[2018-05-03 23:04:06]   门牌17=255
[2018-05-03 23:04:06]   门牌18=255
[2018-05-03 23:04:06]   门牌19=255
[2018-05-03 23:04:06]   门牌20=255
[2018-05-03 23:04:06]   门牌21=255
[2018-05-03 23:04:06]   门牌22=255
[2018-05-03 23:04:06]   门牌23=255
[2018-05-03 23:04:06]   门牌24=255
[2018-05-03 23:04:06]   门牌25=255
[2018-05-03 23:04:06]   门牌26=255
[2018-05-03 23:04:06]   门牌27=255
[2018-05-03 23:04:06]   门牌28=255
[2018-05-03 23:04:06] 玩家3-Phone19063的门牌： 
[2018-05-03 23:04:06]   门牌1=255
[2018-05-03 23:04:06]   门牌2=255
[2018-05-03 23:04:06]   门牌3=255
[2018-05-03 23:04:06]   门牌4=255
[2018-05-03 23:04:06]   门牌5=255
[2018-05-03 23:04:06]   门牌6=255
[2018-05-03 23:04:06]   门牌7=255
[2018-05-03 23:04:06]   门牌8=255
[2018-05-03 23:04:06]   门牌9=255
[2018-05-03 23:04:06]   门牌10=255
[2018-05-03 23:04:06]   门牌11=255
[2018-05-03 23:04:06]   门牌12=255
[2018-05-03 23:04:06]   门牌13=255
[2018-05-03 23:04:06]   门牌14=255
[2018-05-03 23:04:06]   门牌15=255
[2018-05-03 23:04:06]   门牌16=255
[2018-05-03 23:04:06]   门牌17=255
[2018-05-03 23:04:06]   门牌18=255
[2018-05-03 23:04:06]   门牌19=255
[2018-05-03 23:04:06]   门牌20=255
[2018-05-03 23:04:06]   门牌21=255
[2018-05-03 23:04:06]   门牌22=255
[2018-05-03 23:04:06]   门牌23=255
[2018-05-03 23:04:06]   门牌24=255
[2018-05-03 23:04:06]   门牌25=255
[2018-05-03 23:04:06]   门牌26=255
[2018-05-03 23:04:06]   门牌27=255
[2018-05-03 23:04:06]   门牌28=255
[2018-05-03 23:06:21] 掷2颗色子确定起牌方向： byGetPaiDir=2-改变, 6 5
[2018-05-03 23:06:24] 掷2颗色子确定起牌敦数事件: 4 3 7
[2018-05-03 23:06:29] 玩家0-张生的门牌： 
[2018-05-03 23:06:29]   门牌1=255
[2018-05-03 23:06:29]   门牌2=255
[2018-05-03 23:06:29]   门牌3=255
[2018-05-03 23:06:29]   门牌4=255
[2018-05-03 23:06:29]   门牌5=255
[2018-05-03 23:06:29]   门牌6=255
[2018-05-03 23:06:29]   门牌7=255
[2018-05-03 23:06:29]   门牌8=255
[2018-05-03 23:06:29]   门牌9=255
[2018-05-03 23:06:29]   门牌10=255
[2018-05-03 23:06:29]   门牌11=255
[2018-05-03 23:06:29]   门牌12=0
[2018-05-03 23:06:29]   门牌13=0
[2018-05-03 23:06:29]   门牌14=0
[2018-05-03 23:06:29]   门牌15=0
[2018-05-03 23:06:29]   门牌16=0
[2018-05-03 23:06:29]   门牌17=0
[2018-05-03 23:06:29]   门牌18=0
[2018-05-03 23:06:29]   门牌19=0
[2018-05-03 23:06:29]   门牌20=0
[2018-05-03 23:06:29]   门牌21=0
[2018-05-03 23:06:29]   门牌22=0
[2018-05-03 23:06:29]   门牌23=0
[2018-05-03 23:06:29]   门牌24=0
[2018-05-03 23:06:29]   门牌25=0
[2018-05-03 23:06:29]   门牌26=0
[2018-05-03 23:06:29]   门牌27=0
[2018-05-03 23:06:29]   门牌28=0
[2018-05-03 23:06:29] 玩家1-安的门牌： 
[2018-05-03 23:06:29]   门牌1=0
[2018-05-03 23:06:29]   门牌2=0
[2018-05-03 23:06:29]   门牌3=0
[2018-05-03 23:06:29]   门牌4=0
[2018-05-03 23:06:29]   门牌5=0
[2018-05-03 23:06:29]   门牌6=0
[2018-05-03 23:06:29]   门牌7=0
[2018-05-03 23:06:29]   门牌8=0
[2018-05-03 23:06:29]   门牌9=0
[2018-05-03 23:06:29]   门牌10=0
[2018-05-03 23:06:29]   门牌11=0
[2018-05-03 23:06:29]   门牌12=0
[2018-05-03 23:06:29]   门牌13=0
[2018-05-03 23:06:29]   门牌14=0
[2018-05-03 23:06:29]   门牌15=0
[2018-05-03 23:06:29]   门牌16=0
[2018-05-03 23:06:29]   门牌17=0
[2018-05-03 23:06:29]   门牌18=0
[2018-05-03 23:06:29]   门牌19=0
[2018-05-03 23:06:29]   门牌20=0
[2018-05-03 23:06:29]   门牌21=0
[2018-05-03 23:06:29]   门牌22=0
[2018-05-03 23:06:29]   门牌23=0
[2018-05-03 23:06:29]   门牌24=0
[2018-05-03 23:06:29]   门牌25=0
[2018-05-03 23:06:29]   门牌26=0
[2018-05-03 23:06:29]   门牌27=255
[2018-05-03 23:06:29]   门牌28=255
[2018-05-03 23:06:29] 玩家2-改变的门牌： 
[2018-05-03 23:06:29]   门牌1=0
[2018-05-03 23:06:29]   门牌2=0
[2018-05-03 23:06:29]   门牌3=0
[2018-05-03 23:06:29]   门牌4=0
[2018-05-03 23:06:29]   门牌5=0
[2018-05-03 23:06:29]   门牌6=0
[2018-05-03 23:06:29]   门牌7=0
[2018-05-03 23:06:29]   门牌8=0
[2018-05-03 23:06:29]   门牌9=0
[2018-05-03 23:06:29]   门牌10=0
[2018-05-03 23:06:29]   门牌11=255
[2018-05-03 23:06:29]   门牌12=255
[2018-05-03 23:06:29]   门牌13=255
[2018-05-03 23:06:29]   门牌14=255
[2018-05-03 23:06:29]   门牌15=255
[2018-05-03 23:06:29]   门牌16=255
[2018-05-03 23:06:29]   门牌17=255
[2018-05-03 23:06:29]   门牌18=255
[2018-05-03 23:06:29]   门牌19=255
[2018-05-03 23:06:29]   门牌20=255
[2018-05-03 23:06:29]   门牌21=255
[2018-05-03 23:06:29]   门牌22=255
[2018-05-03 23:06:29]   门牌23=255
[2018-05-03 23:06:29]   门牌24=255
[2018-05-03 23:06:29]   门牌25=255
[2018-05-03 23:06:29]   门牌26=255
[2018-05-03 23:06:29]   门牌27=255
[2018-05-03 23:06:29]   门牌28=255
[2018-05-03 23:06:29] 玩家3-Phone19063的门牌： 
[2018-05-03 23:06:29]   门牌1=255
[2018-05-03 23:06:29]   门牌2=255
[2018-05-03 23:06:29]   门牌3=255
[2018-05-03 23:06:29]   门牌4=255
[2018-05-03 23:06:29]   门牌5=255
[2018-05-03 23:06:29]   门牌6=255
[2018-05-03 23:06:29]   门牌7=255
[2018-05-03 23:06:29]   门牌8=255
[2018-05-03 23:06:29]   门牌9=255
[2018-05-03 23:06:29]   门牌10=255
[2018-05-03 23:06:29]   门牌11=255
[2018-05-03 23:06:29]   门牌12=255
[2018-05-03 23:06:29]   门牌13=255
[2018-05-03 23:06:29]   门牌14=255
[2018-05-03 23:06:29]   门牌15=255
[2018-05-03 23:06:29]   门牌16=255
[2018-05-03 23:06:29]   门牌17=255
[2018-05-03 23:06:29]   门牌18=255
[2018-05-03 23:06:29]   门牌19=255
[2018-05-03 23:06:29]   门牌20=255
[2018-05-03 23:06:29]   门牌21=255
[2018-05-03 23:06:29]   门牌22=255
[2018-05-03 23:06:29]   门牌23=255
[2018-05-03 23:06:29]   门牌24=255
[2018-05-03 23:06:29]   门牌25=255
[2018-05-03 23:06:29]   门牌26=255
[2018-05-03 23:06:29]   门牌27=255
[2018-05-03 23:06:29]   门牌28=255
[2018-05-03 23:11:42] 掷2颗色子确定起牌方向： byGetPaiDir=2-改变, 4 3
[2018-05-03 23:11:45] 掷2颗色子确定起牌敦数事件: 2 2 4
[2018-05-03 23:11:50] 玩家0-张生的门牌： 
[2018-05-03 23:11:50]   门牌1=255
[2018-05-03 23:11:50]   门牌2=255
[2018-05-03 23:11:50]   门牌3=255
[2018-05-03 23:11:50]   门牌4=255
[2018-05-03 23:11:50]   门牌5=255
[2018-05-03 23:11:50]   门牌6=0
[2018-05-03 23:11:50]   门牌7=0
[2018-05-03 23:11:50]   门牌8=0
[2018-05-03 23:11:50]   门牌9=0
[2018-05-03 23:11:50]   门牌10=0
[2018-05-03 23:11:50]   门牌11=0
[2018-05-03 23:11:50]   门牌12=0
[2018-05-03 23:11:50]   门牌13=0
[2018-05-03 23:11:50]   门牌14=0
[2018-05-03 23:11:50]   门牌15=0
[2018-05-03 23:11:50]   门牌16=0
[2018-05-03 23:11:50]   门牌17=0
[2018-05-03 23:11:50]   门牌18=0
[2018-05-03 23:11:50]   门牌19=0
[2018-05-03 23:11:50]   门牌20=0
[2018-05-03 23:11:50]   门牌21=0
[2018-05-03 23:11:50]   门牌22=0
[2018-05-03 23:11:50]   门牌23=0
[2018-05-03 23:11:50]   门牌24=0
[2018-05-03 23:11:50]   门牌25=0
[2018-05-03 23:11:50]   门牌26=0
[2018-05-03 23:11:50]   门牌27=0
[2018-05-03 23:11:50]   门牌28=0
[2018-05-03 23:11:50] 玩家1-安的门牌： 
[2018-05-03 23:11:50]   门牌1=0
[2018-05-03 23:11:50]   门牌2=0
[2018-05-03 23:11:50]   门牌3=0
[2018-05-03 23:11:50]   门牌4=0
[2018-05-03 23:11:50]   门牌5=0
[2018-05-03 23:11:50]   门牌6=0
[2018-05-03 23:11:50]   门牌7=0
[2018-05-03 23:11:50]   门牌8=0
[2018-05-03 23:11:50]   门牌9=0
[2018-05-03 23:11:50]   门牌10=0
[2018-05-03 23:11:50]   门牌11=0
[2018-05-03 23:11:50]   门牌12=0
[2018-05-03 23:11:50]   门牌13=0
[2018-05-03 23:11:50]   门牌14=0
[2018-05-03 23:11:50]   门牌15=0
[2018-05-03 23:11:50]   门牌16=0
[2018-05-03 23:11:50]   门牌17=0
[2018-05-03 23:11:50]   门牌18=0
[2018-05-03 23:11:50]   门牌19=0
[2018-05-03 23:11:50]   门牌20=0
[2018-05-03 23:11:50]   门牌21=0
[2018-05-03 23:11:50]   门牌22=0
[2018-05-03 23:11:50]   门牌23=0
[2018-05-03 23:11:50]   门牌24=0
[2018-05-03 23:11:50]   门牌25=0
[2018-05-03 23:11:50]   门牌26=0
[2018-05-03 23:11:50]   门牌27=255
[2018-05-03 23:11:50]   门牌28=255
[2018-05-03 23:11:50] 玩家2-改变的门牌： 
[2018-05-03 23:11:50]   门牌1=0
[2018-05-03 23:11:50]   门牌2=0
[2018-05-03 23:11:50]   门牌3=0
[2018-05-03 23:11:50]   门牌4=0
[2018-05-03 23:11:50]   门牌5=255
[2018-05-03 23:11:50]   门牌6=255
[2018-05-03 23:11:50]   门牌7=255
[2018-05-03 23:11:50]   门牌8=255
[2018-05-03 23:11:50]   门牌9=255
[2018-05-03 23:11:50]   门牌10=255
[2018-05-03 23:11:50]   门牌11=255
[2018-05-03 23:11:50]   门牌12=255
[2018-05-03 23:11:50]   门牌13=255
[2018-05-03 23:11:50]   门牌14=255
[2018-05-03 23:11:50]   门牌15=255
[2018-05-03 23:11:50]   门牌16=255
[2018-05-03 23:11:50]   门牌17=255
[2018-05-03 23:11:50]   门牌18=255
[2018-05-03 23:11:50]   门牌19=255
[2018-05-03 23:11:50]   门牌20=255
[2018-05-03 23:11:50]   门牌21=255
[2018-05-03 23:11:50]   门牌22=255
[2018-05-03 23:11:50]   门牌23=255
[2018-05-03 23:11:50]   门牌24=255
[2018-05-03 23:11:50]   门牌25=255
[2018-05-03 23:11:50]   门牌26=255
[2018-05-03 23:11:50]   门牌27=255
[2018-05-03 23:11:50]   门牌28=255
[2018-05-03 23:11:50] 玩家3-Phone19063的门牌： 
[2018-05-03 23:11:50]   门牌1=255
[2018-05-03 23:11:50]   门牌2=255
[2018-05-03 23:11:50]   门牌3=255
[2018-05-03 23:11:50]   门牌4=255
[2018-05-03 23:11:50]   门牌5=255
[2018-05-03 23:11:50]   门牌6=255
[2018-05-03 23:11:50]   门牌7=255
[2018-05-03 23:11:50]   门牌8=255
[2018-05-03 23:11:50]   门牌9=255
[2018-05-03 23:11:50]   门牌10=255
[2018-05-03 23:11:50]   门牌11=255
[2018-05-03 23:11:50]   门牌12=255
[2018-05-03 23:11:50]   门牌13=255
[2018-05-03 23:11:50]   门牌14=255
[2018-05-03 23:11:50]   门牌15=255
[2018-05-03 23:11:50]   门牌16=255
[2018-05-03 23:11:50]   门牌17=255
[2018-05-03 23:11:50]   门牌18=255
[2018-05-03 23:11:50]   门牌19=255
[2018-05-03 23:11:50]   门牌20=255
[2018-05-03 23:11:50]   门牌21=255
[2018-05-03 23:11:50]   门牌22=255
[2018-05-03 23:11:50]   门牌23=255
[2018-05-03 23:11:50]   门牌24=255
[2018-05-03 23:11:50]   门牌25=255
[2018-05-03 23:11:50]   门牌26=255
[2018-05-03 23:11:50]   门牌27=255
[2018-05-03 23:11:50]   门牌28=255
