 2017-11-03 22:59:03 CServerGameDesk::GameBegin 416: Game Start (0/0)
 2017-11-03 22:59:03 CServerGameDesk::GameBegin 422: Player Phone10059(Phone10059) at position 0/0
 2017-11-03 22:59:03 CServerGameDesk::GameBegin 422: Player Phone10060(Phone10060) at position 1/1
 2017-11-03 22:59:03 CServerGameDesk::GameBegin 422: Player Phone10295(Phone10295) at position 2/2
 2017-11-03 22:59:03 CServerGameDesk::GameBegin 422: Player Phone11834(Phone11834) at position 3/3
 2017-11-03 22:59:03 CServerGameDesk::OnBeforeProcedureStart 177: before procedure start, from 0 to 1
 2017-11-03 22:59:03 CServerGameDesk::OnProcedureChanged 202: procedure change from 0 to 1
 2017-11-03 22:59:03 MsgDelegateGameBegin::SendGameBegin 54: game begin
 2017-11-03 22:59:05 CServerGameDesk::OnBeforeProcedureStart 177: before procedure start, from 1 to 2
 2017-11-03 22:59:05 CServerGameDesk::OnProcedureChanged 202: procedure change from 1 to 2
 2017-11-03 22:59:08 MsgDelegateDistributeCard::OnSend 43: dispatch cards
 2017-11-03 22:59:11 CServerGameDesk::OnBeforeProcedureStart 177: before procedure start, from 2 to 101
 2017-11-03 22:59:11 MsgDelegateHuanZhang::SendQuestionToPlayer 150: question huan zhang
 2017-11-03 22:59:11 MsgDelegateHuanZhang::SendQuestionToPlayer 150: question huan zhang
 2017-11-03 22:59:11 MsgDelegateHuanZhang::SendQuestionToPlayer 150: question huan zhang
 2017-11-03 22:59:11 MsgDelegateHuanZhang::SendQuestionToPlayer 150: question huan zhang
 2017-11-03 22:59:11 CServerGameDesk::OnProcedureChanged 202: procedure change from 2 to 101
 2017-11-03 22:59:25 CServerGameDesk::OnBeforeProcedureStart 177: before procedure start, from 101 to 100
 2017-11-03 22:59:25 MsgDelegateDingQue::OnSend 109: question ding que
 2017-11-03 22:59:25 MsgDelegateDingQue::OnSend 109: question ding que
 2017-11-03 22:59:25 MsgDelegateDingQue::OnSend 109: question ding que
 2017-11-03 22:59:25 MsgDelegateDingQue::OnSend 109: question ding que
 2017-11-03 22:59:25 CServerGameDesk::OnProcedureChanged 202: procedure change from 101 to 100
 2017-11-03 22:59:31 MsgDelegateDingQue::OnResponse 150: Player 2 select que men 0
 2017-11-03 22:59:33 MsgDelegateDingQue::OnResponse 150: Player 3 select que men 1
 2017-11-03 22:59:35 MsgDelegateFirstRound::SendFirstRound 42: first run
 2017-11-03 22:59:36 CServerGameDesk::OnBeforeProcedureStart 177: before procedure start, from 100 to 4
 2017-11-03 22:59:36 ProcedureAfterGetCardImpl::OnStart 132: Player 3 find action with hand 2,2,3,3,4,5,6,7,7,9,9,13,27,29 and interceptionList  latest draw card 9
 2017-11-03 22:59:36 ProcedureAfterGetCardImpl::OnStart 146: done
 2017-11-03 22:59:36 CServerGameDesk::OnProcedureChanged 202: procedure change from 100 to 4
 2017-11-03 22:59:36 CServerGameDesk::OnBeforeProcedureStart 177: before procedure start, from 4 to 9
 2017-11-03 22:59:36 MsgDelegateWaitDiscard::OnSend 134: waiting on player 3 to discard, with candidates :13 !
 2017-11-03 22:59:36 CServerGameDesk::OnProcedureChanged 202: procedure change from 4 to 9
 2017-11-03 22:59:38 MsgDelegateWaitDiscard::OnResponse 206: player 3 tried to discard(valid:1, expected player:3)
 2017-11-03 22:59:38 MsgDelegateWaitDiscard::OnResponse 218: the card is 13
 2017-11-03 22:59:38 MsgDelegateWaitDiscard::OnDiscardCard 40: player 3 discard card 13(idx 11)
 2017-11-03 22:59:38 MsgDelegateDiscardResult::OnSend 49: player 3 discard 13 0
 2017-11-03 22:59:38 CServerGameDesk::OnBeforeProcedureStart 177: before procedure start, from 9 to 6
 2017-11-03 22:59:38 ProcedureInterceptCardImpl::OnStart 316: check interceptable card 13 from Player 3
 2017-11-03 22:59:38 ProcedureInterceptCardJumpDelegateImpl::JumpWhenNoAction 47:  active player changed 3 -> 2
 2017-11-03 22:59:38 CServerGameDesk::OnProcedureChanged 202: procedure change from 9 to 6
 2017-11-03 22:59:39 CServerGameDesk::OnBeforeProcedureStart 177: before procedure start, from 6 to 3
 2017-11-03 22:59:39 MsgDelegateDrawCard::OnSend 61: 2 draw card 5
 2017-11-03 22:59:39 CServerGameDesk::OnProcedureChanged 202: procedure change from 6 to 3
 2017-11-03 22:59:39 CServerGameDesk::OnBeforeProcedureStart 177: before procedure start, from 3 to 4
 2017-11-03 22:59:39 ProcedureAfterGetCardImpl::OnStart 132: Player 2 find action with hand 2,6,7,11,12,14,18,21,23,24,24,26,28,5 and interceptionList  latest draw card 5
 2017-11-03 22:59:39 ProcedureAfterGetCardImpl::OnStart 146: done
 2017-11-03 22:59:39 CServerGameDesk::OnProcedureChanged 202: procedure change from 3 to 4
 2017-11-03 22:59:39 CServerGameDesk::OnBeforeProcedureStart 177: before procedure start, from 4 to 9
 2017-11-03 22:59:39 MsgDelegateWaitDiscard::OnSend 134: waiting on player 2 to discard, with candidates :2,6,7,5 !
 2017-11-03 22:59:39 CServerGameDesk::OnProcedureChanged 202: procedure change from 4 to 9
 2017-11-03 22:59:45 MsgDelegateWaitDiscard::OnResponse 206: player 2 tried to discard(valid:1, expected player:2)
 2017-11-03 22:59:45 MsgDelegateWaitDiscard::OnResponse 218: the card is 5
 2017-11-03 22:59:45 MsgDelegateWaitDiscard::OnDiscardCard 40: player 2 discard card 5(idx 13)
 2017-11-03 22:59:45 MsgDelegateDiscardResult::OnSend 49: player 2 discard 5 0
 2017-11-03 22:59:45 CServerGameDesk::OnBeforeProcedureStart 177: before procedure start, from 9 to 6
 2017-11-03 22:59:45 ProcedureInterceptCardImpl::OnStart 316: check interceptable card 5 from Player 2
 2017-11-03 22:59:45 ProcedureInterceptCardJumpDelegateImpl::JumpWhenNoAction 47:  active player changed 2 -> 1
 2017-11-03 22:59:45 CServerGameDesk::OnProcedureChanged 202: procedure change from 9 to 6
 2017-11-03 22:59:45 CServerGameDesk::OnBeforeProcedureStart 177: before procedure start, from 6 to 3
 2017-11-03 22:59:45 MsgDelegateDrawCard::OnSend 61: 1 draw card 8
 2017-11-03 22:59:45 CServerGameDesk::OnProcedureChanged 202: procedure change from 6 to 3
 2017-11-03 22:59:45 CServerGameDesk::OnBeforeProcedureStart 177: before procedure start, from 3 to 4
 2017-11-03 22:59:45 ProcedureAfterGetCardImpl::OnStart 132: Player 1 find action with hand 1,4,5,9,12,15,16,17,21,25,25,28,28,8 and interceptionList  latest draw card 8
 2017-11-03 22:59:45 ProcedureAfterGetCardImpl::OnStart 146: done
 2017-11-03 22:59:45 CServerGameDesk::OnProcedureChanged 202: procedure change from 3 to 4
 2017-11-03 22:59:45 CServerGameDesk::OnBeforeProcedureStart 177: before procedure start, from 4 to 9
 2017-11-03 22:59:45 MsgDelegateWaitDiscard::OnSend 134: waiting on player 1 to discard, with candidates :1,4,5,9,8 !
 2017-11-03 22:59:45 CServerGameDesk::OnProcedureChanged 202: procedure change from 4 to 9
 2017-11-03 22:59:47 MsgDelegateWaitDiscard::OnResponse 206: player 1 tried to discard(valid:1, expected player:1)
 2017-11-03 22:59:47 MsgDelegateWaitDiscard::OnResponse 218: the card is 8
 2017-11-03 22:59:47 MsgDelegateWaitDiscard::OnDiscardCard 40: player 1 discard card 8(idx 13)
 2017-11-03 22:59:47 MsgDelegateDiscardResult::OnSend 49: player 1 discard 8 0
 2017-11-03 22:59:47 CServerGameDesk::OnBeforeProcedureStart 177: before procedure start, from 9 to 6
 2017-11-03 22:59:47 ProcedureInterceptCardImpl::OnStart 316: check interceptable card 8 from Player 1
 2017-11-03 22:59:47 ProcedureInterceptCardJumpDelegateImpl::JumpWhenNoAction 47:  active player changed 1 -> 0
 2017-11-03 22:59:47 CServerGameDesk::OnProcedureChanged 202: procedure change from 9 to 6
 2017-11-03 22:59:47 CServerGameDesk::OnBeforeProcedureStart 177: before procedure start, from 6 to 3
 2017-11-03 22:59:47 MsgDelegateDrawCard::OnSend 61: 0 draw card 16
 2017-11-03 22:59:47 CServerGameDesk::OnProcedureChanged 202: procedure change from 6 to 3
 2017-11-03 22:59:47 CServerGameDesk::OnBeforeProcedureStart 177: before procedure start, from 3 to 4
 2017-11-03 22:59:47 ProcedureAfterGetCardImpl::OnStart 132: Player 0 find action with hand 12,14,14,15,15,17,21,22,22,23,25,26,29,16 and interceptionList  latest draw card 16
 2017-11-03 22:59:47 ProcedureAfterGetCardImpl::OnStart 146: done
 2017-11-03 22:59:47 CServerGameDesk::OnProcedureChanged 202: procedure change from 3 to 4
 2017-11-03 22:59:47 CServerGameDesk::OnBeforeProcedureStart 177: before procedure start, from 4 to 9
 2017-11-03 22:59:47 MsgDelegateWaitDiscard::OnSend 134: waiting on player 0 to discard, with candidates :12,14,14,15,15,17,21,22,22,23,25,26,29,16 !
 2017-11-03 22:59:47 CServerGameDesk::OnProcedureChanged 202: procedure change from 4 to 9
 2017-11-03 22:59:55 MsgDelegateWaitDiscard::OnResponse 206: player 0 tried to discard(valid:1, expected player:0)
 2017-11-03 22:59:55 MsgDelegateWaitDiscard::OnResponse 218: the card is 29
 2017-11-03 22:59:55 MsgDelegateWaitDiscard::OnDiscardCard 40: player 0 discard card 29(idx 12)
 2017-11-03 22:59:55 MsgDelegateDiscardResult::OnSend 49: player 0 discard 29 0
 2017-11-03 22:59:55 CServerGameDesk::OnBeforeProcedureStart 177: before procedure start, from 9 to 6
 2017-11-03 22:59:55 ProcedureInterceptCardImpl::OnStart 316: check interceptable card 29 from Player 0
 2017-11-03 22:59:55 ProcedureInterceptCardJumpDelegateImpl::JumpWhenNoAction 47:  active player changed 0 -> 3
 2017-11-03 22:59:55 CServerGameDesk::OnProcedureChanged 202: procedure change from 9 to 6
 2017-11-03 22:59:55 CServerGameDesk::OnBeforeProcedureStart 177: before procedure start, from 6 to 3
 2017-11-03 22:59:55 MsgDelegateDrawCard::OnSend 61: 3 draw card 25
 2017-11-03 22:59:55 CServerGameDesk::OnProcedureChanged 202: procedure change from 6 to 3
 2017-11-03 22:59:55 CServerGameDesk::OnBeforeProcedureStart 177: before procedure start, from 3 to 4
 2017-11-03 22:59:55 ProcedureAfterGetCardImpl::OnStart 132: Player 3 find action with hand 2,2,3,3,4,5,6,7,7,9,9,27,29,25 and interceptionList  latest draw card 25
 2017-11-03 22:59:55 ProcedureAfterGetCardImpl::OnStart 146: done
 2017-11-03 22:59:55 CServerGameDesk::OnProcedureChanged 202: procedure change from 3 to 4
 2017-11-03 22:59:55 CServerGameDesk::OnBeforeProcedureStart 177: before procedure start, from 4 to 9
 2017-11-03 22:59:55 MsgDelegateWaitDiscard::OnSend 134: waiting on player 3 to discard, with candidates :2,2,3,3,4,5,6,7,7,9,9,27,29,25 !
 2017-11-03 22:59:55 CServerGameDesk::OnProcedureChanged 202: procedure change from 4 to 9
 2017-11-03 23:00:04 MsgDelegateWaitDiscard::OnResponse 206: player 3 tried to discard(valid:1, expected player:3)
 2017-11-03 23:00:04 MsgDelegateWaitDiscard::OnResponse 218: the card is 29
 2017-11-03 23:00:04 MsgDelegateWaitDiscard::OnDiscardCard 40: player 3 discard card 29(idx 12)
 2017-11-03 23:00:04 MsgDelegateDiscardResult::OnSend 49: player 3 discard 29 0
 2017-11-03 23:00:04 CServerGameDesk::OnBeforeProcedureStart 177: before procedure start, from 9 to 6
 2017-11-03 23:00:04 ProcedureInterceptCardImpl::OnStart 316: check interceptable card 29 from Player 3
 2017-11-03 23:00:04 ProcedureInterceptCardJumpDelegateImpl::JumpWhenNoAction 47:  active player changed 3 -> 2
 2017-11-03 23:00:04 CServerGameDesk::OnProcedureChanged 202: procedure change from 9 to 6
 2017-11-03 23:00:04 CServerGameDesk::OnBeforeProcedureStart 177: before procedure start, from 6 to 3
 2017-11-03 23:00:04 MsgDelegateDrawCard::OnSend 61: 2 draw card 8
 2017-11-03 23:00:04 CServerGameDesk::OnProcedureChanged 202: procedure change from 6 to 3
 2017-11-03 23:00:04 CServerGameDesk::OnBeforeProcedureStart 177: before procedure start, from 3 to 4
 2017-11-03 23:00:04 ProcedureAfterGetCardImpl::OnStart 132: Player 2 find action with hand 11,12,14,18,21,23,24,24,26,28,2,6,7,8 and interceptionList  latest draw card 8
 2017-11-03 23:00:04 ProcedureAfterGetCardImpl::OnStart 146: done
 2017-11-03 23:00:04 CServerGameDesk::OnProcedureChanged 202: procedure change from 3 to 4
 2017-11-03 23:00:04 CServerGameDesk::OnBeforeProcedureStart 177: before procedure start, from 4 to 9
 2017-11-03 23:00:04 MsgDelegateWaitDiscard::OnSend 134: waiting on player 2 to discard, with candidates :2,6,7,8 !
 2017-11-03 23:00:04 CServerGameDesk::OnProcedureChanged 202: procedure change from 4 to 9
 2017-11-03 23:00:06 MsgDelegateWaitDiscard::OnResponse 206: player 2 tried to discard(valid:1, expected player:2)
 2017-11-03 23:00:06 MsgDelegateWaitDiscard::OnResponse 218: the card is 8
 2017-11-03 23:00:06 MsgDelegateWaitDiscard::OnDiscardCard 40: player 2 discard card 8(idx 13)
 2017-11-03 23:00:06 MsgDelegateDiscardResult::OnSend 49: player 2 discard 8 0
 2017-11-03 23:00:06 CServerGameDesk::OnBeforeProcedureStart 177: before procedure start, from 9 to 6
 2017-11-03 23:00:06 ProcedureInterceptCardImpl::OnStart 316: check interceptable card 8 from Player 2
 2017-11-03 23:00:06 ProcedureInterceptCardJumpDelegateImpl::JumpWhenNoAction 47:  active player changed 2 -> 1
 2017-11-03 23:00:06 CServerGameDesk::OnProcedureChanged 202: procedure change from 9 to 6
 2017-11-03 23:00:06 CServerGameDesk::OnBeforeProcedureStart 177: before procedure start, from 6 to 3
 2017-11-03 23:00:06 MsgDelegateDrawCard::OnSend 61: 1 draw card 12
 2017-11-03 23:00:06 CServerGameDesk::OnProcedureChanged 202: procedure change from 6 to 3
 2017-11-03 23:00:06 CServerGameDesk::OnBeforeProcedureStart 177: before procedure start, from 3 to 4
 2017-11-03 23:00:06 ProcedureAfterGetCardImpl::OnStart 132: Player 1 find action with hand 12,15,16,17,21,25,25,28,28,1,4,5,9,12 and interceptionList  latest draw card 12
 2017-11-03 23:00:06 ProcedureAfterGetCardImpl::OnStart 146: done
 2017-11-03 23:00:06 CServerGameDesk::OnProcedureChanged 202: procedure change from 3 to 4
 2017-11-03 23:00:06 CServerGameDesk::OnBeforeProcedureStart 177: before procedure start, from 4 to 9
 2017-11-03 23:00:06 MsgDelegateWaitDiscard::OnSend 134: waiting on player 1 to discard, with candidates :1,4,5,9 !
 2017-11-03 23:00:06 CServerGameDesk::OnProcedureChanged 202: procedure change from 4 to 9
 2017-11-03 23:00:08 MsgDelegateWaitDiscard::OnResponse 206: player 1 tried to discard(valid:1, expected player:1)
 2017-11-03 23:00:08 MsgDelegateWaitDiscard::OnResponse 218: the card is 4
 2017-11-03 23:00:08 MsgDelegateWaitDiscard::OnDiscardCard 40: player 1 discard card 4(idx 10)
 2017-11-03 23:00:08 MsgDelegateDiscardResult::OnSend 49: player 1 discard 4 0
 2017-11-03 23:00:08 CServerGameDesk::OnBeforeProcedureStart 177: before procedure start, from 9 to 6
 2017-11-03 23:00:08 ProcedureInterceptCardImpl::OnStart 316: check interceptable card 4 from Player 1
 2017-11-03 23:00:08 ProcedureInterceptCardJumpDelegateImpl::JumpWhenNoAction 47:  active player changed 1 -> 0
 2017-11-03 23:00:08 CServerGameDesk::OnProcedureChanged 202: procedure change from 9 to 6
 2017-11-03 23:00:08 CServerGameDesk::OnBeforeProcedureStart 177: before procedure start, from 6 to 3
 2017-11-03 23:00:08 MsgDelegateDrawCard::OnSend 61: 0 draw card 2
 2017-11-03 23:00:08 CServerGameDesk::OnProcedureChanged 202: procedure change from 6 to 3
 2017-11-03 23:00:08 CServerGameDesk::OnBeforeProcedureStart 177: before procedure start, from 3 to 4
 2017-11-03 23:00:08 ProcedureAfterGetCardImpl::OnStart 132: Player 0 find action with hand 12,14,14,15,15,16,17,21,22,22,23,25,26,2 and interceptionList  latest draw card 2
 2017-11-03 23:00:08 ProcedureAfterGetCardImpl::OnStart 146: done
 2017-11-03 23:00:08 CServerGameDesk::OnProcedureChanged 202: procedure change from 3 to 4
 2017-11-03 23:00:08 CServerGameDesk::OnBeforeProcedureStart 177: before procedure start, from 4 to 9
 2017-11-03 23:00:08 MsgDelegateWaitDiscard::OnSend 134: waiting on player 0 to discard, with candidates :2 !
 2017-11-03 23:00:08 CServerGameDesk::OnProcedureChanged 202: procedure change from 4 to 9
 2017-11-03 23:00:09 MsgDelegateWaitDiscard::OnResponse 206: player 0 tried to discard(valid:1, expected player:0)
 2017-11-03 23:00:09 MsgDelegateWaitDiscard::OnResponse 218: the card is 2
 2017-11-03 23:00:09 MsgDelegateWaitDiscard::OnDiscardCard 40: player 0 discard card 2(idx 13)
 2017-11-03 23:00:09 MsgDelegateDiscardResult::OnSend 49: player 0 discard 2 0
 2017-11-03 23:00:09 CServerGameDesk::OnBeforeProcedureStart 177: before procedure start, from 9 to 6
 2017-11-03 23:00:09 ProcedureInterceptCardImpl::OnStart 316: check interceptable card 2 from Player 0
 2017-11-03 23:00:09 ProcedureInterceptCardImpl::OnStart 349: Player 3 have actions type:2 from:0 card:2 cards:2,2,2
 with hand 2,2,3,3,4,5,6,7,7,9,9,25,27 interceptions  card 2
 2017-11-03 23:00:09 ProcedureInterceptCardImpl::OnStart 355: question sent
 2017-11-03 23:00:09 MsgDelegateInterception::OnSend 109: intercepted card : 2
 2017-11-03 23:00:09 MsgDelegateInterception::OnSend 110: player 3 have actions type:2 from:0 card:2 cards:2,2,2

 2017-11-03 23:00:09 CServerGameDesk::OnProcedureChanged 202: procedure change from 9 to 6
 2017-11-03 23:00:11 MsgDelegateInterception::Peng 195: player 3 select 2
 2017-11-03 23:00:11 CServerGameDesk::OnBeforeProcedureStart 177: before procedure start, from 6 to 7
 2017-11-03 23:00:11 MsgDelegateInterceptionResult::OnSend 28: player 3 do with type 2
 2017-11-03 23:00:11 ProcedureDetermineInterceptJumpDelegateImpl::JumpAfterAction 91:  active player changed 0 -> 3
 2017-11-03 23:00:11 CServerGameDesk::OnProcedureChanged 202: procedure change from 6 to 7
 2017-11-03 23:00:11 CServerGameDesk::OnBeforeProcedureStart 177: before procedure start, from 7 to 8
 2017-11-03 23:00:11 ProcedureAfterGetCardImpl::OnStart 132: Player 3 find action with hand 3,3,4,5,6,7,7,9,9,25,27 and interceptionList type:2 from:0 card:2 cards:2,2,2
 latest draw card 255
 2017-11-03 23:00:11 ProcedureAfterGetCardImpl::OnStart 146: done
 2017-11-03 23:00:11 CServerGameDesk::OnProcedureChanged 202: procedure change from 7 to 8
 2017-11-03 23:00:11 CServerGameDesk::OnBeforeProcedureStart 177: before procedure start, from 8 to 9
 2017-11-03 23:00:11 MsgDelegateWaitDiscard::OnSend 134: waiting on player 3 to discard, with candidates :3,3,4,5,6,7,7,9,9,25,27 !
 2017-11-03 23:00:11 CServerGameDesk::OnProcedureChanged 202: procedure change from 8 to 9
 2017-11-03 23:00:12 MsgDelegateWaitDiscard::OnResponse 206: player 3 tried to discard(valid:1, expected player:3)
 2017-11-03 23:00:12 MsgDelegateWaitDiscard::OnResponse 218: the card is 25
 2017-11-03 23:00:12 MsgDelegateWaitDiscard::OnDiscardCard 40: player 3 discard card 25(idx 9)
 2017-11-03 23:00:12 MsgDelegateDiscardResult::OnSend 49: player 3 discard 25 0
 2017-11-03 23:00:12 CServerGameDesk::OnBeforeProcedureStart 177: before procedure start, from 9 to 6
 2017-11-03 23:00:12 ProcedureInterceptCardImpl::OnStart 316: check interceptable card 25 from Player 3
 2017-11-03 23:00:12 ProcedureInterceptCardImpl::OnStart 349: Player 1 have actions type:2 from:3 card:25 cards:25,25,25
 with hand 12,12,15,16,17,21,25,25,28,28,1,5,9 interceptions  card 25
 2017-11-03 23:00:12 ProcedureInterceptCardImpl::OnStart 355: question sent
 2017-11-03 23:00:12 MsgDelegateInterception::OnSend 109: intercepted card : 25
 2017-11-03 23:00:12 MsgDelegateInterception::OnSend 110: player 1 have actions type:2 from:3 card:25 cards:25,25,25

 2017-11-03 23:00:12 CServerGameDesk::OnProcedureChanged 202: procedure change from 9 to 6
 2017-11-03 23:00:14 MsgDelegateInterception::Peng 195: player 1 select 25
 2017-11-03 23:00:14 CServerGameDesk::OnBeforeProcedureStart 177: before procedure start, from 6 to 7
 2017-11-03 23:00:14 MsgDelegateInterceptionResult::OnSend 28: player 1 do with type 2
 2017-11-03 23:00:14 ProcedureDetermineInterceptJumpDelegateImpl::JumpAfterAction 91:  active player changed 3 -> 1
 2017-11-03 23:00:14 CServerGameDesk::OnProcedureChanged 202: procedure change from 6 to 7
 2017-11-03 23:00:14 CServerGameDesk::OnBeforeProcedureStart 177: before procedure start, from 7 to 8
 2017-11-03 23:00:14 ProcedureAfterGetCardImpl::OnStart 132: Player 1 find action with hand 12,12,15,16,17,21,28,28,1,5,9 and interceptionList type:2 from:3 card:25 cards:25,25,25
 latest draw card 255
 2017-11-03 23:00:14 ProcedureAfterGetCardImpl::OnStart 146: done
 2017-11-03 23:00:14 CServerGameDesk::OnProcedureChanged 202: procedure change from 7 to 8
 2017-11-03 23:00:14 CServerGameDesk::OnBeforeProcedureStart 177: before procedure start, from 8 to 9
 2017-11-03 23:00:14 MsgDelegateWaitDiscard::OnSend 134: waiting on player 1 to discard, with candidates :1,5,9 !
 2017-11-03 23:00:14 CServerGameDesk::OnProcedureChanged 202: procedure change from 8 to 9
 2017-11-03 23:00:15 MsgDelegateWaitDiscard::OnResponse 206: player 1 tried to discard(valid:1, expected player:1)
 2017-11-03 23:00:15 MsgDelegateWaitDiscard::OnResponse 218: the card is 1
 2017-11-03 23:00:15 MsgDelegateWaitDiscard::OnDiscardCard 40: player 1 discard card 1(idx 8)
 2017-11-03 23:00:15 MsgDelegateDiscardResult::OnSend 49: player 1 discard 1 0
 2017-11-03 23:00:15 CServerGameDesk::OnBeforeProcedureStart 177: before procedure start, from 9 to 6
 2017-11-03 23:00:15 ProcedureInterceptCardImpl::OnStart 316: check interceptable card 1 from Player 1
 2017-11-03 23:00:15 ProcedureInterceptCardJumpDelegateImpl::JumpWhenNoAction 47:  active player changed 1 -> 0
 2017-11-03 23:00:15 CServerGameDesk::OnProcedureChanged 202: procedure change from 9 to 6
 2017-11-03 23:00:15 CServerGameDesk::OnBeforeProcedureStart 177: before procedure start, from 6 to 3
 2017-11-03 23:00:15 MsgDelegateDrawCard::OnSend 61: 0 draw card 22
 2017-11-03 23:00:15 CServerGameDesk::OnProcedureChanged 202: procedure change from 6 to 3
 2017-11-03 23:00:15 CServerGameDesk::OnBeforeProcedureStart 177: before procedure start, from 3 to 4
 2017-11-03 23:00:15 ProcedureAfterGetCardImpl::OnStart 132: Player 0 find action with hand 12,14,14,15,15,16,17,21,22,22,23,25,26,22 and interceptionList  latest draw card 22
 2017-11-03 23:00:15 ProcedureAfterGetCardImpl::OnStart 146: done
 2017-11-03 23:00:15 CServerGameDesk::OnProcedureChanged 202: procedure change from 3 to 4
 2017-11-03 23:00:15 CServerGameDesk::OnBeforeProcedureStart 177: before procedure start, from 4 to 9
 2017-11-03 23:00:15 MsgDelegateWaitDiscard::OnSend 134: waiting on player 0 to discard, with candidates :12,14,14,15,15,16,17,21,22,22,23,25,26,22 !
 2017-11-03 23:00:15 CServerGameDesk::OnProcedureChanged 202: procedure change from 4 to 9
 2017-11-03 23:00:17 MsgDelegateWaitDiscard::OnResponse 206: player 0 tried to discard(valid:1, expected player:0)
 2017-11-03 23:00:17 MsgDelegateWaitDiscard::OnResponse 218: the card is 21
 2017-11-03 23:00:17 MsgDelegateWaitDiscard::OnDiscardCard 40: player 0 discard card 21(idx 7)
 2017-11-03 23:00:17 MsgDelegateDiscardResult::OnSend 49: player 0 discard 21 0
 2017-11-03 23:00:17 CServerGameDesk::OnBeforeProcedureStart 177: before procedure start, from 9 to 6
 2017-11-03 23:00:17 ProcedureInterceptCardImpl::OnStart 316: check interceptable card 21 from Player 0
 2017-11-03 23:00:17 ProcedureInterceptCardJumpDelegateImpl::JumpWhenNoAction 47:  active player changed 0 -> 3
 2017-11-03 23:00:17 CServerGameDesk::OnProcedureChanged 202: procedure change from 9 to 6
 2017-11-03 23:00:18 CServerGameDesk::OnBeforeProcedureStart 177: before procedure start, from 6 to 3
 2017-11-03 23:00:18 MsgDelegateDrawCard::OnSend 61: 3 draw card 29
 2017-11-03 23:00:18 CServerGameDesk::OnProcedureChanged 202: procedure change from 6 to 3
 2017-11-03 23:00:18 CServerGameDesk::OnBeforeProcedureStart 177: before procedure start, from 3 to 4
 2017-11-03 23:00:18 ProcedureAfterGetCardImpl::OnStart 132: Player 3 find action with hand 3,3,4,5,6,7,7,9,9,27,29 and interceptionList type:2 from:0 card:2 cards:2,2,2
 latest draw card 29
 2017-11-03 23:00:18 ProcedureAfterGetCardImpl::OnStart 146: done
 2017-11-03 23:00:18 CServerGameDesk::OnProcedureChanged 202: procedure change from 3 to 4
 2017-11-03 23:00:18 CServerGameDesk::OnBeforeProcedureStart 177: before procedure start, from 4 to 9
 2017-11-03 23:00:18 MsgDelegateWaitDiscard::OnSend 134: waiting on player 3 to discard, with candidates :3,3,4,5,6,7,7,9,9,27,29 !
 2017-11-03 23:00:18 CServerGameDesk::OnProcedureChanged 202: procedure change from 4 to 9
 2017-11-03 23:00:20 MsgDelegateWaitDiscard::OnResponse 206: player 3 tried to discard(valid:1, expected player:3)
 2017-11-03 23:00:20 MsgDelegateWaitDiscard::OnResponse 218: the card is 29
 2017-11-03 23:00:20 MsgDelegateWaitDiscard::OnDiscardCard 40: player 3 discard card 29(idx 10)
 2017-11-03 23:00:20 MsgDelegateDiscardResult::OnSend 49: player 3 discard 29 0
 2017-11-03 23:00:20 CServerGameDesk::OnBeforeProcedureStart 177: before procedure start, from 9 to 6
 2017-11-03 23:00:20 ProcedureInterceptCardImpl::OnStart 316: check interceptable card 29 from Player 3
 2017-11-03 23:00:20 ProcedureInterceptCardJumpDelegateImpl::JumpWhenNoAction 47:  active player changed 3 -> 2
 2017-11-03 23:00:20 CServerGameDesk::OnProcedureChanged 202: procedure change from 9 to 6
 2017-11-03 23:00:20 CServerGameDesk::OnBeforeProcedureStart 177: before procedure start, from 6 to 3
 2017-11-03 23:00:20 MsgDelegateDrawCard::OnSend 61: 2 draw card 6
 2017-11-03 23:00:20 CServerGameDesk::OnProcedureChanged 202: procedure change from 6 to 3
 2017-11-03 23:00:20 CServerGameDesk::OnBeforeProcedureStart 177: before procedure start, from 3 to 4
 2017-11-03 23:00:20 ProcedureAfterGetCardImpl::OnStart 132: Player 2 find action with hand 11,12,14,18,21,23,24,24,26,28,2,6,7,6 and interceptionList  latest draw card 6
 2017-11-03 23:00:20 ProcedureAfterGetCardImpl::OnStart 146: done
 2017-11-03 23:00:20 CServerGameDesk::OnProcedureChanged 202: procedure change from 3 to 4
 2017-11-03 23:00:20 CServerGameDesk::OnBeforeProcedureStart 177: before procedure start, from 4 to 9
 2017-11-03 23:00:20 MsgDelegateWaitDiscard::OnSend 134: waiting on player 2 to discard, with candidates :2,6,7,6 !
 2017-11-03 23:00:20 CServerGameDesk::OnProcedureChanged 202: procedure change from 4 to 9
 2017-11-03 23:00:21 MsgDelegateWaitDiscard::OnResponse 206: player 2 tried to discard(valid:1, expected player:2)
 2017-11-03 23:00:21 MsgDelegateWaitDiscard::OnResponse 218: the card is 7
 2017-11-03 23:00:21 MsgDelegateWaitDiscard::OnDiscardCard 40: player 2 discard card 7(idx 12)
 2017-11-03 23:00:21 MsgDelegateDiscardResult::OnSend 49: player 2 discard 7 0
 2017-11-03 23:00:21 CServerGameDesk::OnBeforeProcedureStart 177: before procedure start, from 9 to 6
 2017-11-03 23:00:21 ProcedureInterceptCardImpl::OnStart 316: check interceptable card 7 from Player 2
 2017-11-03 23:00:21 ProcedureInterceptCardImpl::OnStart 349: Player 3 have actions type:2 from:2 card:7 cards:7,7,7
 with hand 3,3,4,5,6,7,7,9,9,27 interceptions type:2 from:0 card:2 cards:2,2,2
 card 7
 2017-11-03 23:00:21 ProcedureInterceptCardImpl::OnStart 355: question sent
 2017-11-03 23:00:21 MsgDelegateInterception::OnSend 109: intercepted card : 7
 2017-11-03 23:00:21 MsgDelegateInterception::OnSend 110: player 3 have actions type:2 from:2 card:7 cards:7,7,7

 2017-11-03 23:00:21 CServerGameDesk::OnProcedureChanged 202: procedure change from 9 to 6
 2017-11-03 23:00:23 MsgDelegateInterception::Peng 195: player 3 select 7
 2017-11-03 23:00:23 CServerGameDesk::OnBeforeProcedureStart 177: before procedure start, from 6 to 7
 2017-11-03 23:00:23 MsgDelegateInterceptionResult::OnSend 28: player 3 do with type 2
 2017-11-03 23:00:23 ProcedureDetermineInterceptJumpDelegateImpl::JumpAfterAction 91:  active player changed 2 -> 3
 2017-11-03 23:00:23 CServerGameDesk::OnProcedureChanged 202: procedure change from 6 to 7
 2017-11-03 23:00:23 CServerGameDesk::OnBeforeProcedureStart 177: before procedure start, from 7 to 8
 2017-11-03 23:00:23 ProcedureAfterGetCardImpl::OnStart 132: Player 3 find action with hand 3,3,4,5,6,9,9,27 and interceptionList type:2 from:0 card:2 cards:2,2,2
type:2 from:2 card:7 cards:7,7,7
 latest draw card 255
 2017-11-03 23:00:23 ProcedureAfterGetCardImpl::OnStart 146: done
 2017-11-03 23:00:23 CServerGameDesk::OnProcedureChanged 202: procedure change from 7 to 8
 2017-11-03 23:00:23 CServerGameDesk::OnBeforeProcedureStart 177: before procedure start, from 8 to 9
 2017-11-03 23:00:23 MsgDelegateWaitDiscard::OnSend 134: waiting on player 3 to discard, with candidates :3,3,4,5,6,9,9,27 !
 2017-11-03 23:00:23 CServerGameDesk::OnProcedureChanged 202: procedure change from 8 to 9
 2017-11-03 23:00:24 MsgDelegateWaitDiscard::OnResponse 206: player 3 tried to discard(valid:1, expected player:3)
 2017-11-03 23:00:24 MsgDelegateWaitDiscard::OnResponse 218: the card is 27
 2017-11-03 23:00:24 MsgDelegateWaitDiscard::OnDiscardCard 40: player 3 discard card 27(idx 7)
 2017-11-03 23:00:24 MsgDelegateDiscardResult::OnSend 49: player 3 discard 27 0
 2017-11-03 23:00:24 CServerGameDesk::OnBeforeProcedureStart 177: before procedure start, from 9 to 6
 2017-11-03 23:00:24 ProcedureInterceptCardImpl::OnStart 316: check interceptable card 27 from Player 3
 2017-11-03 23:00:24 ProcedureInterceptCardJumpDelegateImpl::JumpWhenNoAction 47:  active player changed 3 -> 2
 2017-11-03 23:00:24 CServerGameDesk::OnProcedureChanged 202: procedure change from 9 to 6
 2017-11-03 23:00:24 CServerGameDesk::OnBeforeProcedureStart 177: before procedure start, from 6 to 3
 2017-11-03 23:00:24 MsgDelegateDrawCard::OnSend 61: 2 draw card 5
 2017-11-03 23:00:24 CServerGameDesk::OnProcedureChanged 202: procedure change from 6 to 3
 2017-11-03 23:00:24 CServerGameDesk::OnBeforeProcedureStart 177: before procedure start, from 3 to 4
 2017-11-03 23:00:24 ProcedureAfterGetCardImpl::OnStart 132: Player 2 find action with hand 11,12,14,18,21,23,24,24,26,28,2,6,6,5 and interceptionList  latest draw card 5
 2017-11-03 23:00:24 ProcedureAfterGetCardImpl::OnStart 146: done
 2017-11-03 23:00:24 CServerGameDesk::OnProcedureChanged 202: procedure change from 3 to 4
 2017-11-03 23:00:24 CServerGameDesk::OnBeforeProcedureStart 177: before procedure start, from 4 to 9
 2017-11-03 23:00:24 MsgDelegateWaitDiscard::OnSend 134: waiting on player 2 to discard, with candidates :2,6,6,5 !
 2017-11-03 23:00:24 CServerGameDesk::OnProcedureChanged 202: procedure change from 4 to 9
 2017-11-03 23:00:26 MsgDelegateWaitDiscard::OnResponse 206: player 2 tried to discard(valid:1, expected player:2)
 2017-11-03 23:00:26 MsgDelegateWaitDiscard::OnResponse 218: the card is 5
 2017-11-03 23:00:26 MsgDelegateWaitDiscard::OnDiscardCard 40: player 2 discard card 5(idx 13)
 2017-11-03 23:00:26 MsgDelegateDiscardResult::OnSend 49: player 2 discard 5 0
 2017-11-03 23:00:26 CServerGameDesk::OnBeforeProcedureStart 177: before procedure start, from 9 to 6
 2017-11-03 23:00:26 ProcedureInterceptCardImpl::OnStart 316: check interceptable card 5 from Player 2
 2017-11-03 23:00:26 ProcedureInterceptCardJumpDelegateImpl::JumpWhenNoAction 47:  active player changed 2 -> 1
 2017-11-03 23:00:26 CServerGameDesk::OnProcedureChanged 202: procedure change from 9 to 6
 2017-11-03 23:00:27 CServerGameDesk::OnBeforeProcedureStart 177: before procedure start, from 6 to 3
 2017-11-03 23:00:27 MsgDelegateDrawCard::OnSend 61: 1 draw card 19
 2017-11-03 23:00:27 CServerGameDesk::OnProcedureChanged 202: procedure change from 6 to 3
 2017-11-03 23:00:27 CServerGameDesk::OnBeforeProcedureStart 177: before procedure start, from 3 to 4
 2017-11-03 23:00:27 ProcedureAfterGetCardImpl::OnStart 132: Player 1 find action with hand 12,12,15,16,17,21,28,28,5,9,19 and interceptionList type:2 from:3 card:25 cards:25,25,25
 latest draw card 19
 2017-11-03 23:00:27 ProcedureAfterGetCardImpl::OnStart 146: done
 2017-11-03 23:00:27 CServerGameDesk::OnProcedureChanged 202: procedure change from 3 to 4
 2017-11-03 23:00:27 CServerGameDesk::OnBeforeProcedureStart 177: before procedure start, from 4 to 9
 2017-11-03 23:00:27 MsgDelegateWaitDiscard::OnSend 134: waiting on player 1 to discard, with candidates :5,9 !
 2017-11-03 23:00:27 CServerGameDesk::OnProcedureChanged 202: procedure change from 4 to 9
 2017-11-03 23:00:29 MsgDelegateWaitDiscard::OnResponse 206: player 1 tried to discard(valid:1, expected player:1)
 2017-11-03 23:00:29 MsgDelegateWaitDiscard::OnResponse 218: the card is 9
 2017-11-03 23:00:29 MsgDelegateWaitDiscard::OnDiscardCard 40: player 1 discard card 9(idx 9)
 2017-11-03 23:00:29 MsgDelegateDiscardResult::OnSend 49: player 1 discard 9 0
 2017-11-03 23:00:29 CServerGameDesk::OnBeforeProcedureStart 177: before procedure start, from 9 to 6
 2017-11-03 23:00:29 ProcedureInterceptCardImpl::OnStart 316: check interceptable card 9 from Player 1
 2017-11-03 23:00:29 ProcedureInterceptCardImpl::OnStart 349: Player 3 have actions type:2 from:1 card:9 cards:9,9,9
type:16 from:1 card:9 cards:3,3,4,5,6,9,9,9
 with hand 3,3,4,5,6,9,9 interceptions type:2 from:0 card:2 cards:2,2,2
type:2 from:2 card:7 cards:7,7,7
 card 9
 2017-11-03 23:00:29 ProcedureInterceptCardImpl::OnStart 355: question sent
 2017-11-03 23:00:29 MsgDelegateInterception::OnSend 109: intercepted card : 9
 2017-11-03 23:00:29 MsgDelegateInterception::OnSend 110: player 3 have actions type:2 from:1 card:9 cards:9,9,9
type:16 from:1 card:9 cards:3,3,4,5,6,9,9,9

 2017-11-03 23:00:29 CServerGameDesk::OnProcedureChanged 202: procedure change from 9 to 6
 2017-11-03 23:00:32 MsgDelegateInterception::Win 247: player 3 select 9
 2017-11-03 23:00:32 CServerGameDesk::OnBeforeProcedureStart 177: before procedure start, from 6 to 7
 2017-11-03 23:00:32 MsgDelegateInterceptionResult::OnSend 28: player 3 do with type 16
 2017-11-03 23:00:32 ProcedureDetermineInterceptJumpDelegateImpl::JumpAfterAction 91:  active player changed 1 -> 0
 2017-11-03 23:00:32 CServerGameDesk::OnProcedureChanged 202: procedure change from 6 to 7
 2017-11-03 23:00:33 CServerGameDesk::OnBeforeProcedureStart 177: before procedure start, from 7 to 3
 2017-11-03 23:00:33 MsgDelegateDrawCard::OnSend 61: 0 draw card 8
 2017-11-03 23:00:33 CServerGameDesk::OnProcedureChanged 202: procedure change from 7 to 3
 2017-11-03 23:00:33 CServerGameDesk::OnBeforeProcedureStart 177: before procedure start, from 3 to 4
 2017-11-03 23:00:33 ProcedureAfterGetCardImpl::OnStart 132: Player 0 find action with hand 12,14,14,15,15,16,17,22,22,22,23,25,26,8 and interceptionList  latest draw card 8
 2017-11-03 23:00:33 ProcedureAfterGetCardImpl::OnStart 146: done
 2017-11-03 23:00:33 CServerGameDesk::OnProcedureChanged 202: procedure change from 3 to 4
 2017-11-03 23:00:33 CServerGameDesk::OnBeforeProcedureStart 177: before procedure start, from 4 to 9
 2017-11-03 23:00:33 MsgDelegateWaitDiscard::OnSend 134: waiting on player 0 to discard, with candidates :8 !
 2017-11-03 23:00:33 CServerGameDesk::OnProcedureChanged 202: procedure change from 4 to 9
 2017-11-03 23:00:34 MsgDelegateWaitDiscard::OnResponse 206: player 0 tried to discard(valid:1, expected player:0)
 2017-11-03 23:00:34 MsgDelegateWaitDiscard::OnResponse 218: the card is 8
 2017-11-03 23:00:34 MsgDelegateWaitDiscard::OnDiscardCard 40: player 0 discard card 8(idx 13)
 2017-11-03 23:00:34 MsgDelegateDiscardResult::OnSend 49: player 0 discard 8 0
 2017-11-03 23:00:34 CServerGameDesk::OnBeforeProcedureStart 177: before procedure start, from 9 to 6
 2017-11-03 23:00:34 ProcedureInterceptCardImpl::OnStart 316: check interceptable card 8 from Player 0
 2017-11-03 23:00:34 ProcedureInterceptCardJumpDelegateImpl::JumpWhenNoAction 47:  active player changed 0 -> 2
 2017-11-03 23:00:34 CServerGameDesk::OnProcedureChanged 202: procedure change from 9 to 6
 2017-11-03 23:00:34 CServerGameDesk::OnBeforeProcedureStart 177: before procedure start, from 6 to 3
 2017-11-03 23:00:34 MsgDelegateDrawCard::OnSend 61: 2 draw card 11
 2017-11-03 23:00:34 CServerGameDesk::OnProcedureChanged 202: procedure change from 6 to 3
 2017-11-03 23:00:35 CServerGameDesk::OnBeforeProcedureStart 177: before procedure start, from 3 to 4
 2017-11-03 23:00:35 ProcedureAfterGetCardImpl::OnStart 132: Player 2 find action with hand 11,12,14,18,21,23,24,24,26,28,2,6,6,11 and interceptionList  latest draw card 11
 2017-11-03 23:00:35 ProcedureAfterGetCardImpl::OnStart 146: done
 2017-11-03 23:00:35 CServerGameDesk::OnProcedureChanged 202: procedure change from 3 to 4
 2017-11-03 23:00:35 CServerGameDesk::OnBeforeProcedureStart 177: before procedure start, from 4 to 9
 2017-11-03 23:00:35 MsgDelegateWaitDiscard::OnSend 134: waiting on player 2 to discard, with candidates :2,6,6 !
 2017-11-03 23:00:35 CServerGameDesk::OnProcedureChanged 202: procedure change from 4 to 9
 2017-11-03 23:00:41 MsgDelegateWaitDiscard::OnResponse 206: player 2 tried to discard(valid:1, expected player:2)
 2017-11-03 23:00:41 MsgDelegateWaitDiscard::OnResponse 218: the card is 2
 2017-11-03 23:00:41 MsgDelegateWaitDiscard::OnDiscardCard 40: player 2 discard card 2(idx 10)
 2017-11-03 23:00:41 MsgDelegateDiscardResult::OnSend 49: player 2 discard 2 0
 2017-11-03 23:00:41 CServerGameDesk::OnBeforeProcedureStart 177: before procedure start, from 9 to 6
 2017-11-03 23:00:41 ProcedureInterceptCardImpl::OnStart 316: check interceptable card 2 from Player 2
 2017-11-03 23:00:41 ProcedureInterceptCardJumpDelegateImpl::JumpWhenNoAction 47:  active player changed 2 -> 1
 2017-11-03 23:00:41 CServerGameDesk::OnProcedureChanged 202: procedure change from 9 to 6
 2017-11-03 23:00:41 CServerGameDesk::OnBeforeProcedureStart 177: before procedure start, from 6 to 3
 2017-11-03 23:00:41 MsgDelegateDrawCard::OnSend 61: 1 draw card 18
 2017-11-03 23:00:41 CServerGameDesk::OnProcedureChanged 202: procedure change from 6 to 3
 2017-11-03 23:00:41 CServerGameDesk::OnBeforeProcedureStart 177: before procedure start, from 3 to 4
 2017-11-03 23:00:41 ProcedureAfterGetCardImpl::OnStart 132: Player 1 find action with hand 12,12,15,16,17,19,21,28,28,5,18 and interceptionList type:2 from:3 card:25 cards:25,25,25
 latest draw card 18
 2017-11-03 23:00:41 ProcedureAfterGetCardImpl::OnStart 146: done
 2017-11-03 23:00:41 CServerGameDesk::OnProcedureChanged 202: procedure change from 3 to 4
 2017-11-03 23:00:41 CServerGameDesk::OnBeforeProcedureStart 177: before procedure start, from 4 to 9
 2017-11-03 23:00:41 MsgDelegateWaitDiscard::OnSend 134: waiting on player 1 to discard, with candidates :5 !
 2017-11-03 23:00:41 CServerGameDesk::OnProcedureChanged 202: procedure change from 4 to 9
 2017-11-03 23:00:42 MsgDelegateWaitDiscard::OnResponse 206: player 1 tried to discard(valid:1, expected player:1)
 2017-11-03 23:00:42 MsgDelegateWaitDiscard::OnResponse 218: the card is 5
 2017-11-03 23:00:42 MsgDelegateWaitDiscard::OnDiscardCard 40: player 1 discard card 5(idx 9)
 2017-11-03 23:00:42 MsgDelegateDiscardResult::OnSend 49: player 1 discard 5 0
 2017-11-03 23:00:42 CServerGameDesk::OnBeforeProcedureStart 177: before procedure start, from 9 to 6
 2017-11-03 23:00:42 ProcedureInterceptCardImpl::OnStart 316: check interceptable card 5 from Player 1
 2017-11-03 23:00:42 ProcedureInterceptCardJumpDelegateImpl::JumpWhenNoAction 47:  active player changed 1 -> 0
 2017-11-03 23:00:42 CServerGameDesk::OnProcedureChanged 202: procedure change from 9 to 6
 2017-11-03 23:00:42 CServerGameDesk::OnBeforeProcedureStart 177: before procedure start, from 6 to 3
 2017-11-03 23:00:42 MsgDelegateDrawCard::OnSend 61: 0 draw card 27
 2017-11-03 23:00:42 CServerGameDesk::OnProcedureChanged 202: procedure change from 6 to 3
 2017-11-03 23:00:43 CServerGameDesk::OnBeforeProcedureStart 177: before procedure start, from 3 to 4
 2017-11-03 23:00:43 ProcedureAfterGetCardImpl::OnStart 132: Player 0 find action with hand 12,14,14,15,15,16,17,22,22,22,23,25,26,27 and interceptionList  latest draw card 27
 2017-11-03 23:00:43 ProcedureAfterGetCardImpl::OnStart 146: done
 2017-11-03 23:00:43 CServerGameDesk::OnProcedureChanged 202: procedure change from 3 to 4
 2017-11-03 23:00:43 CServerGameDesk::OnBeforeProcedureStart 177: before procedure start, from 4 to 9
 2017-11-03 23:00:43 MsgDelegateWaitDiscard::OnSend 134: waiting on player 0 to discard, with candidates :12,14,14,15,15,16,17,22,22,22,23,25,26,27 !
 2017-11-03 23:00:43 CServerGameDesk::OnProcedureChanged 202: procedure change from 4 to 9
 2017-11-03 23:00:46 MsgDelegateWaitDiscard::OnResponse 206: player 0 tried to discard(valid:1, expected player:0)
 2017-11-03 23:00:46 MsgDelegateWaitDiscard::OnResponse 218: the card is 23
 2017-11-03 23:00:46 MsgDelegateWaitDiscard::OnDiscardCard 40: player 0 discard card 23(idx 10)
 2017-11-03 23:00:46 MsgDelegateDiscardResult::OnSend 49: player 0 discard 23 0
 2017-11-03 23:00:46 CServerGameDesk::OnBeforeProcedureStart 177: before procedure start, from 9 to 6
 2017-11-03 23:00:46 ProcedureInterceptCardImpl::OnStart 316: check interceptable card 23 from Player 0
 2017-11-03 23:00:46 ProcedureInterceptCardJumpDelegateImpl::JumpWhenNoAction 47:  active player changed 0 -> 2
 2017-11-03 23:00:46 CServerGameDesk::OnProcedureChanged 202: procedure change from 9 to 6
 2017-11-03 23:00:46 CServerGameDesk::OnBeforeProcedureStart 177: before procedure start, from 6 to 3
 2017-11-03 23:00:46 MsgDelegateDrawCard::OnSend 61: 2 draw card 19
 2017-11-03 23:00:46 CServerGameDesk::OnProcedureChanged 202: procedure change from 6 to 3
 2017-11-03 23:00:46 CServerGameDesk::OnBeforeProcedureStart 177: before procedure start, from 3 to 4
 2017-11-03 23:00:46 ProcedureAfterGetCardImpl::OnStart 132: Player 2 find action with hand 11,11,12,14,18,21,23,24,24,26,28,6,6,19 and interceptionList  latest draw card 19
 2017-11-03 23:00:46 ProcedureAfterGetCardImpl::OnStart 146: done
 2017-11-03 23:00:46 CServerGameDesk::OnProcedureChanged 202: procedure change from 3 to 4
 2017-11-03 23:00:46 CServerGameDesk::OnBeforeProcedureStart 177: before procedure start, from 4 to 9
 2017-11-03 23:00:46 MsgDelegateWaitDiscard::OnSend 134: waiting on player 2 to discard, with candidates :6,6 !
 2017-11-03 23:00:46 CServerGameDesk::OnProcedureChanged 202: procedure change from 4 to 9
 2017-11-03 23:00:48 MsgDelegateWaitDiscard::OnResponse 206: player 2 tried to discard(valid:1, expected player:2)
 2017-11-03 23:00:48 MsgDelegateWaitDiscard::OnResponse 218: the card is 6
 2017-11-03 23:00:48 MsgDelegateWaitDiscard::OnDiscardCard 40: player 2 discard card 6(idx 11)
 2017-11-03 23:00:48 MsgDelegateDiscardResult::OnSend 49: player 2 discard 6 0
 2017-11-03 23:00:48 CServerGameDesk::OnBeforeProcedureStart 177: before procedure start, from 9 to 6
 2017-11-03 23:00:48 ProcedureInterceptCardImpl::OnStart 316: check interceptable card 6 from Player 2
 2017-11-03 23:00:48 ProcedureInterceptCardJumpDelegateImpl::JumpWhenNoAction 47:  active player changed 2 -> 1
 2017-11-03 23:00:48 CServerGameDesk::OnProcedureChanged 202: procedure change from 9 to 6
 2017-11-03 23:00:48 CServerGameDesk::OnBeforeProcedureStart 177: before procedure start, from 6 to 3
 2017-11-03 23:00:48 MsgDelegateDrawCard::OnSend 61: 1 draw card 1
 2017-11-03 23:00:48 CServerGameDesk::OnProcedureChanged 202: procedure change from 6 to 3
 2017-11-03 23:00:48 CServerGameDesk::OnBeforeProcedureStart 177: before procedure start, from 3 to 4
 2017-11-03 23:00:48 ProcedureAfterGetCardImpl::OnStart 132: Player 1 find action with hand 12,12,15,16,17,18,19,21,28,28,1 and interceptionList type:2 from:3 card:25 cards:25,25,25
 latest draw card 1
 2017-11-03 23:00:48 ProcedureAfterGetCardImpl::OnStart 146: done
 2017-11-03 23:00:48 CServerGameDesk::OnProcedureChanged 202: procedure change from 3 to 4
 2017-11-03 23:00:48 CServerGameDesk::OnBeforeProcedureStart 177: before procedure start, from 4 to 9
 2017-11-03 23:00:48 MsgDelegateWaitDiscard::OnSend 134: waiting on player 1 to discard, with candidates :1 !
 2017-11-03 23:00:48 CServerGameDesk::OnProcedureChanged 202: procedure change from 4 to 9
 2017-11-03 23:00:50 MsgDelegateWaitDiscard::OnResponse 206: player 1 tried to discard(valid:1, expected player:1)
 2017-11-03 23:00:50 MsgDelegateWaitDiscard::OnResponse 218: the card is 1
 2017-11-03 23:00:50 MsgDelegateWaitDiscard::OnDiscardCard 40: player 1 discard card 1(idx 10)
 2017-11-03 23:00:50 MsgDelegateDiscardResult::OnSend 49: player 1 discard 1 0
 2017-11-03 23:00:50 CServerGameDesk::OnBeforeProcedureStart 177: before procedure start, from 9 to 6
 2017-11-03 23:00:50 ProcedureInterceptCardImpl::OnStart 316: check interceptable card 1 from Player 1
 2017-11-03 23:00:50 ProcedureInterceptCardJumpDelegateImpl::JumpWhenNoAction 47:  active player changed 1 -> 0
 2017-11-03 23:00:50 CServerGameDesk::OnProcedureChanged 202: procedure change from 9 to 6
 2017-11-03 23:00:50 CServerGameDesk::OnBeforeProcedureStart 177: before procedure start, from 6 to 3
 2017-11-03 23:00:50 MsgDelegateDrawCard::OnSend 61: 0 draw card 11
 2017-11-03 23:00:50 CServerGameDesk::OnProcedureChanged 202: procedure change from 6 to 3
 2017-11-03 23:00:50 CServerGameDesk::OnBeforeProcedureStart 177: before procedure start, from 3 to 4
 2017-11-03 23:00:50 ProcedureAfterGetCardImpl::OnStart 132: Player 0 find action with hand 12,14,14,15,15,16,17,22,22,22,25,26,27,11 and interceptionList  latest draw card 11
 2017-11-03 23:00:50 ProcedureAfterGetCardImpl::OnStart 146: done
 2017-11-03 23:00:50 CServerGameDesk::OnProcedureChanged 202: procedure change from 3 to 4
 2017-11-03 23:00:50 CServerGameDesk::OnBeforeProcedureStart 177: before procedure start, from 4 to 9
 2017-11-03 23:00:50 MsgDelegateWaitDiscard::OnSend 134: waiting on player 0 to discard, with candidates :12,14,14,15,15,16,17,22,22,22,25,26,27,11 !
 2017-11-03 23:00:50 CServerGameDesk::OnProcedureChanged 202: procedure change from 4 to 9
 2017-11-03 23:01:01 MsgDelegateWaitDiscard::OnResponse 206: player 0 tried to discard(valid:1, expected player:0)
 2017-11-03 23:01:01 MsgDelegateWaitDiscard::OnResponse 218: the card is 15
 2017-11-03 23:01:01 MsgDelegateWaitDiscard::OnDiscardCard 40: player 0 discard card 15(idx 3)
 2017-11-03 23:01:01 MsgDelegateDiscardResult::OnSend 49: player 0 discard 15 0
 2017-11-03 23:01:01 CServerGameDesk::OnBeforeProcedureStart 177: before procedure start, from 9 to 6
 2017-11-03 23:01:01 ProcedureInterceptCardImpl::OnStart 316: check interceptable card 15 from Player 0
 2017-11-03 23:01:01 ProcedureInterceptCardJumpDelegateImpl::JumpWhenNoAction 47:  active player changed 0 -> 2
 2017-11-03 23:01:01 CServerGameDesk::OnProcedureChanged 202: procedure change from 9 to 6
 2017-11-03 23:01:01 CServerGameDesk::OnBeforeProcedureStart 177: before procedure start, from 6 to 3
 2017-11-03 23:01:01 MsgDelegateDrawCard::OnSend 61: 2 draw card 15
 2017-11-03 23:01:01 CServerGameDesk::OnProcedureChanged 202: procedure change from 6 to 3
 2017-11-03 23:01:01 CServerGameDesk::OnBeforeProcedureStart 177: before procedure start, from 3 to 4
 2017-11-03 23:01:01 ProcedureAfterGetCardImpl::OnStart 132: Player 2 find action with hand 11,11,12,14,18,19,21,23,24,24,26,28,6,15 and interceptionList  latest draw card 15
 2017-11-03 23:01:01 ProcedureAfterGetCardImpl::OnStart 146: done
 2017-11-03 23:01:01 CServerGameDesk::OnProcedureChanged 202: procedure change from 3 to 4
 2017-11-03 23:01:01 CServerGameDesk::OnBeforeProcedureStart 177: before procedure start, from 4 to 9
 2017-11-03 23:01:01 MsgDelegateWaitDiscard::OnSend 134: waiting on player 2 to discard, with candidates :6 !
 2017-11-03 23:01:01 CServerGameDesk::OnProcedureChanged 202: procedure change from 4 to 9
 2017-11-03 23:01:03 MsgDelegateWaitDiscard::OnResponse 206: player 2 tried to discard(valid:1, expected player:2)
 2017-11-03 23:01:03 MsgDelegateWaitDiscard::OnResponse 218: the card is 6
 2017-11-03 23:01:03 MsgDelegateWaitDiscard::OnDiscardCard 40: player 2 discard card 6(idx 12)
 2017-11-03 23:01:03 MsgDelegateDiscardResult::OnSend 49: player 2 discard 6 0
 2017-11-03 23:01:03 CServerGameDesk::OnBeforeProcedureStart 177: before procedure start, from 9 to 6
 2017-11-03 23:01:03 ProcedureInterceptCardImpl::OnStart 316: check interceptable card 6 from Player 2
 2017-11-03 23:01:03 ProcedureInterceptCardJumpDelegateImpl::JumpWhenNoAction 47:  active player changed 2 -> 1
 2017-11-03 23:01:03 CServerGameDesk::OnProcedureChanged 202: procedure change from 9 to 6
 2017-11-03 23:01:03 CServerGameDesk::OnBeforeProcedureStart 177: before procedure start, from 6 to 3
 2017-11-03 23:01:03 MsgDelegateDrawCard::OnSend 61: 1 draw card 23
 2017-11-03 23:01:03 CServerGameDesk::OnProcedureChanged 202: procedure change from 6 to 3
 2017-11-03 23:01:03 CServerGameDesk::OnBeforeProcedureStart 177: before procedure start, from 3 to 4
 2017-11-03 23:01:03 ProcedureAfterGetCardImpl::OnStart 132: Player 1 find action with hand 12,12,15,16,17,18,19,21,28,28,23 and interceptionList type:2 from:3 card:25 cards:25,25,25
 latest draw card 23
 2017-11-03 23:01:03 ProcedureAfterGetCardImpl::OnStart 146: done
 2017-11-03 23:01:03 CServerGameDesk::OnProcedureChanged 202: procedure change from 3 to 4
 2017-11-03 23:01:03 CServerGameDesk::OnBeforeProcedureStart 177: before procedure start, from 4 to 9
 2017-11-03 23:01:03 MsgDelegateWaitDiscard::OnSend 134: waiting on player 1 to discard, with candidates :12,12,15,16,17,18,19,21,28,28,23 !
 2017-11-03 23:01:03 CServerGameDesk::OnProcedureChanged 202: procedure change from 4 to 9
 2017-11-03 23:01:16 MsgDelegateWaitDiscard::OnResponse 206: player 1 tried to discard(valid:1, expected player:1)
 2017-11-03 23:01:16 MsgDelegateWaitDiscard::OnResponse 218: the card is 21
 2017-11-03 23:01:16 MsgDelegateWaitDiscard::OnDiscardCard 40: player 1 discard card 21(idx 7)
 2017-11-03 23:01:16 MsgDelegateDiscardResult::OnSend 49: player 1 discard 21 0
 2017-11-03 23:01:16 CServerGameDesk::OnBeforeProcedureStart 177: before procedure start, from 9 to 6
 2017-11-03 23:01:16 ProcedureInterceptCardImpl::OnStart 316: check interceptable card 21 from Player 1
 2017-11-03 23:01:16 ProcedureInterceptCardJumpDelegateImpl::JumpWhenNoAction 47:  active player changed 1 -> 0
 2017-11-03 23:01:16 CServerGameDesk::OnProcedureChanged 202: procedure change from 9 to 6
 2017-11-03 23:01:16 CServerGameDesk::OnBeforeProcedureStart 177: before procedure start, from 6 to 3
 2017-11-03 23:01:16 MsgDelegateDrawCard::OnSend 61: 0 draw card 16
 2017-11-03 23:01:16 CServerGameDesk::OnProcedureChanged 202: procedure change from 6 to 3
 2017-11-03 23:01:16 CServerGameDesk::OnBeforeProcedureStart 177: before procedure start, from 3 to 4
 2017-11-03 23:01:16 ProcedureAfterGetCardImpl::OnStart 132: Player 0 find action with hand 11,12,14,14,15,16,17,22,22,22,25,26,27,16 and interceptionList  latest draw card 16
 2017-11-03 23:01:16 ProcedureAfterGetCardImpl::OnStart 146: done
 2017-11-03 23:01:16 CServerGameDesk::OnProcedureChanged 202: procedure change from 3 to 4
 2017-11-03 23:01:16 CServerGameDesk::OnBeforeProcedureStart 177: before procedure start, from 4 to 9
 2017-11-03 23:01:16 MsgDelegateWaitDiscard::OnSend 134: waiting on player 0 to discard, with candidates :11,12,14,14,15,16,17,22,22,22,25,26,27,16 !
 2017-11-03 23:01:16 CServerGameDesk::OnProcedureChanged 202: procedure change from 4 to 9
 2017-11-03 23:01:18 MsgDelegateWaitDiscard::OnResponse 206: player 0 tried to discard(valid:1, expected player:0)
 2017-11-03 23:01:18 MsgDelegateWaitDiscard::OnResponse 218: the card is 16
 2017-11-03 23:01:18 MsgDelegateWaitDiscard::OnDiscardCard 40: player 0 discard card 16(idx 5)
 2017-11-03 23:01:18 MsgDelegateDiscardResult::OnSend 49: player 0 discard 16 1
 2017-11-03 23:01:18 CServerGameDesk::OnBeforeProcedureStart 177: before procedure start, from 9 to 6
 2017-11-03 23:01:18 ProcedureInterceptCardImpl::OnStart 316: check interceptable card 16 from Player 0
 2017-11-03 23:01:18 ProcedureInterceptCardJumpDelegateImpl::JumpWhenNoAction 47:  active player changed 0 -> 2
 2017-11-03 23:01:18 CServerGameDesk::OnProcedureChanged 202: procedure change from 9 to 6
 2017-11-03 23:01:18 CServerGameDesk::OnBeforeProcedureStart 177: before procedure start, from 6 to 3
 2017-11-03 23:01:18 MsgDelegateDrawCard::OnSend 61: 2 draw card 14
 2017-11-03 23:01:18 CServerGameDesk::OnProcedureChanged 202: procedure change from 6 to 3
 2017-11-03 23:01:18 CServerGameDesk::OnBeforeProcedureStart 177: before procedure start, from 3 to 4
 2017-11-03 23:01:18 ProcedureAfterGetCardImpl::OnStart 132: Player 2 find action with hand 11,11,12,14,15,18,19,21,23,24,24,26,28,14 and interceptionList  latest draw card 14
 2017-11-03 23:01:18 ProcedureAfterGetCardImpl::OnStart 146: done
 2017-11-03 23:01:18 CServerGameDesk::OnProcedureChanged 202: procedure change from 3 to 4
 2017-11-03 23:01:19 CServerGameDesk::OnBeforeProcedureStart 177: before procedure start, from 4 to 9
 2017-11-03 23:01:19 MsgDelegateWaitDiscard::OnSend 134: waiting on player 2 to discard, with candidates :11,11,12,14,15,18,19,21,23,24,24,26,28,14 !
 2017-11-03 23:01:19 CServerGameDesk::OnProcedureChanged 202: procedure change from 4 to 9
 2017-11-03 23:01:24 MsgDelegateWaitDiscard::OnResponse 206: player 2 tried to discard(valid:1, expected player:2)
 2017-11-03 23:01:24 MsgDelegateWaitDiscard::OnResponse 218: the card is 14
 2017-11-03 23:01:24 MsgDelegateWaitDiscard::OnDiscardCard 40: player 2 discard card 14(idx 3)
 2017-11-03 23:01:24 MsgDelegateDiscardResult::OnSend 49: player 2 discard 14 0
 2017-11-03 23:01:24 CServerGameDesk::OnBeforeProcedureStart 177: before procedure start, from 9 to 6
 2017-11-03 23:01:24 ProcedureInterceptCardImpl::OnStart 316: check interceptable card 14 from Player 2
 2017-11-03 23:01:24 ProcedureInterceptCardImpl::OnStart 349: Player 0 have actions type:2 from:2 card:14 cards:14,14,14
 with hand 11,12,14,14,15,16,17,22,22,22,25,26,27 interceptions  card 14
 2017-11-03 23:01:24 ProcedureInterceptCardImpl::OnStart 355: question sent
 2017-11-03 23:01:24 MsgDelegateInterception::OnSend 109: intercepted card : 14
 2017-11-03 23:01:24 MsgDelegateInterception::OnSend 110: player 0 have actions type:2 from:2 card:14 cards:14,14,14

 2017-11-03 23:01:24 CServerGameDesk::OnProcedureChanged 202: procedure change from 9 to 6
 2017-11-03 23:01:26 MsgDelegateInterception::Peng 195: player 0 select 14
 2017-11-03 23:01:26 CServerGameDesk::OnBeforeProcedureStart 177: before procedure start, from 6 to 7
 2017-11-03 23:01:26 MsgDelegateInterceptionResult::OnSend 28: player 0 do with type 2
 2017-11-03 23:01:26 ProcedureDetermineInterceptJumpDelegateImpl::JumpAfterAction 91:  active player changed 2 -> 0
 2017-11-03 23:01:26 CServerGameDesk::OnProcedureChanged 202: procedure change from 6 to 7
 2017-11-03 23:01:26 CServerGameDesk::OnBeforeProcedureStart 177: before procedure start, from 7 to 8
 2017-11-03 23:01:26 ProcedureAfterGetCardImpl::OnStart 132: Player 0 find action with hand 11,12,15,16,17,22,22,22,25,26,27 and interceptionList type:2 from:2 card:14 cards:14,14,14
 latest draw card 255
 2017-11-03 23:01:26 ProcedureAfterGetCardImpl::OnStart 146: done
 2017-11-03 23:01:26 CServerGameDesk::OnProcedureChanged 202: procedure change from 7 to 8
 2017-11-03 23:01:27 CServerGameDesk::OnBeforeProcedureStart 177: before procedure start, from 8 to 9
 2017-11-03 23:01:27 MsgDelegateWaitDiscard::OnSend 134: waiting on player 0 to discard, with candidates :11,12,15,16,17,22,22,22,25,26,27 !
 2017-11-03 23:01:27 CServerGameDesk::OnProcedureChanged 202: procedure change from 8 to 9
 2017-11-03 23:01:29 MsgDelegateWaitDiscard::OnResponse 206: player 0 tried to discard(valid:1, expected player:0)
 2017-11-03 23:01:29 MsgDelegateWaitDiscard::OnResponse 218: the card is 11
 2017-11-03 23:01:29 MsgDelegateWaitDiscard::OnDiscardCard 40: player 0 discard card 11(idx 0)
 2017-11-03 23:01:29 MsgDelegateDiscardResult::OnSend 49: player 0 discard 11 1
 2017-11-03 23:01:29 CServerGameDesk::OnBeforeProcedureStart 177: before procedure start, from 9 to 6
 2017-11-03 23:01:29 ProcedureInterceptCardImpl::OnStart 316: check interceptable card 11 from Player 0
 2017-11-03 23:01:29 ProcedureInterceptCardImpl::OnStart 349: Player 2 have actions type:2 from:0 card:11 cards:11,11,11
 with hand 11,11,12,14,15,18,19,21,23,24,24,26,28 interceptions  card 11
 2017-11-03 23:01:29 ProcedureInterceptCardImpl::OnStart 355: question sent
 2017-11-03 23:01:29 MsgDelegateInterception::OnSend 109: intercepted card : 11
 2017-11-03 23:01:29 MsgDelegateInterception::OnSend 110: player 2 have actions type:2 from:0 card:11 cards:11,11,11

 2017-11-03 23:01:29 CServerGameDesk::OnProcedureChanged 202: procedure change from 9 to 6
 2017-11-03 23:01:31 MsgDelegateInterception::Peng 195: player 2 select 11
 2017-11-03 23:01:31 CServerGameDesk::OnBeforeProcedureStart 177: before procedure start, from 6 to 7
 2017-11-03 23:01:31 MsgDelegateInterceptionResult::OnSend 28: player 2 do with type 2
 2017-11-03 23:01:31 ProcedureDetermineInterceptJumpDelegateImpl::JumpAfterAction 91:  active player changed 0 -> 2
 2017-11-03 23:01:31 CServerGameDesk::OnProcedureChanged 202: procedure change from 6 to 7
 2017-11-03 23:01:31 CServerGameDesk::OnBeforeProcedureStart 177: before procedure start, from 7 to 8
 2017-11-03 23:01:31 ProcedureAfterGetCardImpl::OnStart 132: Player 2 find action with hand 12,14,15,18,19,21,23,24,24,26,28 and interceptionList type:2 from:0 card:11 cards:11,11,11
 latest draw card 255
 2017-11-03 23:01:31 ProcedureAfterGetCardImpl::OnStart 146: done
 2017-11-03 23:01:31 CServerGameDesk::OnProcedureChanged 202: procedure change from 7 to 8
 2017-11-03 23:01:31 CServerGameDesk::OnBeforeProcedureStart 177: before procedure start, from 8 to 9
 2017-11-03 23:01:31 MsgDelegateWaitDiscard::OnSend 134: waiting on player 2 to discard, with candidates :12,14,15,18,19,21,23,24,24,26,28 !
 2017-11-03 23:01:31 CServerGameDesk::OnProcedureChanged 202: procedure change from 8 to 9
 2017-11-03 23:01:39 MsgDelegateWaitDiscard::OnResponse 206: player 2 tried to discard(valid:1, expected player:2)
 2017-11-03 23:01:39 MsgDelegateWaitDiscard::OnResponse 218: the card is 12
 2017-11-03 23:01:39 MsgDelegateWaitDiscard::OnDiscardCard 40: player 2 discard card 12(idx 0)
 2017-11-03 23:01:39 MsgDelegateDiscardResult::OnSend 49: player 2 discard 12 0
 2017-11-03 23:01:39 CServerGameDesk::OnBeforeProcedureStart 177: before procedure start, from 9 to 6
 2017-11-03 23:01:39 ProcedureInterceptCardImpl::OnStart 316: check interceptable card 12 from Player 2
 2017-11-03 23:01:39 ProcedureInterceptCardImpl::OnStart 349: Player 1 have actions type:2 from:2 card:12 cards:12,12,12
 with hand 12,12,15,16,17,18,19,23,28,28 interceptions type:2 from:3 card:25 cards:25,25,25
 card 12
 2017-11-03 23:01:39 ProcedureInterceptCardImpl::OnStart 355: question sent
 2017-11-03 23:01:39 ProcedureInterceptCardImpl::OnStart 349: Player 0 have actions type:16 from:2 card:12 cards:12,15,16,17,22,22,22,25,26,27,12
 with hand 12,15,16,17,22,22,22,25,26,27 interceptions type:2 from:2 card:14 cards:14,14,14
 card 12
 2017-11-03 23:01:39 ProcedureInterceptCardImpl::OnStart 355: question sent
 2017-11-03 23:01:39 MsgDelegateInterception::OnSend 109: intercepted card : 12
 2017-11-03 23:01:39 MsgDelegateInterception::OnSend 110: player 0 have actions type:16 from:2 card:12 cards:12,15,16,17,22,22,22,25,26,27,12

 2017-11-03 23:01:39 CServerGameDesk::OnProcedureChanged 202: procedure change from 9 to 6
 2017-11-03 23:01:41 MsgDelegateInterception::Win 247: player 0 select 12
 2017-11-03 23:01:41 CServerGameDesk::OnBeforeProcedureStart 177: before procedure start, from 6 to 7
 2017-11-03 23:01:41 MsgDelegateInterceptionResult::OnSend 28: player 0 do with type 16
 2017-11-03 23:01:41 ProcedureDetermineInterceptJumpDelegateImpl::JumpAfterAction 91:  active player changed 2 -> 1
 2017-11-03 23:01:41 CServerGameDesk::OnProcedureChanged 202: procedure change from 6 to 7
 2017-11-03 23:01:41 CServerGameDesk::OnBeforeProcedureStart 177: before procedure start, from 7 to 3
 2017-11-03 23:01:41 MsgDelegateDrawCard::OnSend 61: 1 draw card 3
 2017-11-03 23:01:41 CServerGameDesk::OnProcedureChanged 202: procedure change from 7 to 3
 2017-11-03 23:01:41 CServerGameDesk::OnBeforeProcedureStart 177: before procedure start, from 3 to 4
 2017-11-03 23:01:41 ProcedureAfterGetCardImpl::OnStart 132: Player 1 find action with hand 12,12,15,16,17,18,19,23,28,28,3 and interceptionList type:2 from:3 card:25 cards:25,25,25
 latest draw card 3
 2017-11-03 23:01:41 ProcedureAfterGetCardImpl::OnStart 146: done
 2017-11-03 23:01:41 CServerGameDesk::OnProcedureChanged 202: procedure change from 3 to 4
 2017-11-03 23:01:41 CServerGameDesk::OnBeforeProcedureStart 177: before procedure start, from 4 to 9
 2017-11-03 23:01:41 MsgDelegateWaitDiscard::OnSend 134: waiting on player 1 to discard, with candidates :3 !
 2017-11-03 23:01:41 CServerGameDesk::OnProcedureChanged 202: procedure change from 4 to 9
 2017-11-03 23:01:47 MsgDelegateWaitDiscard::OnResponse 206: player 1 tried to discard(valid:1, expected player:1)
 2017-11-03 23:01:47 MsgDelegateWaitDiscard::OnResponse 218: the card is 3
 2017-11-03 23:01:47 MsgDelegateWaitDiscard::OnDiscardCard 40: player 1 discard card 3(idx 10)
 2017-11-03 23:01:47 MsgDelegateDiscardResult::OnSend 49: player 1 discard 3 0
 2017-11-03 23:01:47 CServerGameDesk::OnBeforeProcedureStart 177: before procedure start, from 9 to 6
 2017-11-03 23:01:47 ProcedureInterceptCardImpl::OnStart 316: check interceptable card 3 from Player 1
 2017-11-03 23:01:47 ProcedureInterceptCardJumpDelegateImpl::JumpWhenNoAction 47:  active player changed 1 -> 2
 2017-11-03 23:01:47 CServerGameDesk::OnProcedureChanged 202: procedure change from 9 to 6
 2017-11-03 23:01:47 CServerGameDesk::OnBeforeProcedureStart 177: before procedure start, from 6 to 3
 2017-11-03 23:01:47 MsgDelegateDrawCard::OnSend 61: 2 draw card 1
 2017-11-03 23:01:47 CServerGameDesk::OnProcedureChanged 202: procedure change from 6 to 3
 2017-11-03 23:01:47 CServerGameDesk::OnBeforeProcedureStart 177: before procedure start, from 3 to 4
 2017-11-03 23:01:47 ProcedureAfterGetCardImpl::OnStart 132: Player 2 find action with hand 14,15,18,19,21,23,24,24,26,28,1 and interceptionList type:2 from:0 card:11 cards:11,11,11
 latest draw card 1
 2017-11-03 23:01:47 ProcedureAfterGetCardImpl::OnStart 146: done
 2017-11-03 23:01:47 CServerGameDesk::OnProcedureChanged 202: procedure change from 3 to 4
 2017-11-03 23:01:48 CServerGameDesk::OnBeforeProcedureStart 177: before procedure start, from 4 to 9
 2017-11-03 23:01:48 MsgDelegateWaitDiscard::OnSend 134: waiting on player 2 to discard, with candidates :1 !
 2017-11-03 23:01:48 CServerGameDesk::OnProcedureChanged 202: procedure change from 4 to 9
 2017-11-03 23:01:50 MsgDelegateWaitDiscard::OnResponse 206: player 2 tried to discard(valid:1, expected player:2)
 2017-11-03 23:01:50 MsgDelegateWaitDiscard::OnResponse 218: the card is 1
 2017-11-03 23:01:50 MsgDelegateWaitDiscard::OnDiscardCard 40: player 2 discard card 1(idx 10)
 2017-11-03 23:01:50 MsgDelegateDiscardResult::OnSend 49: player 2 discard 1 0
 2017-11-03 23:01:50 CServerGameDesk::OnBeforeProcedureStart 177: before procedure start, from 9 to 6
 2017-11-03 23:01:50 ProcedureInterceptCardImpl::OnStart 316: check interceptable card 1 from Player 2
 2017-11-03 23:01:50 ProcedureInterceptCardJumpDelegateImpl::JumpWhenNoAction 47:  active player changed 2 -> 1
 2017-11-03 23:01:50 CServerGameDesk::OnProcedureChanged 202: procedure change from 9 to 6
 2017-11-03 23:01:50 CServerGameDesk::OnBeforeProcedureStart 177: before procedure start, from 6 to 3
 2017-11-03 23:01:50 MsgDelegateDrawCard::OnSend 61: 1 draw card 26
 2017-11-03 23:01:50 CServerGameDesk::OnProcedureChanged 202: procedure change from 6 to 3
 2017-11-03 23:01:50 CServerGameDesk::OnBeforeProcedureStart 177: before procedure start, from 3 to 4
 2017-11-03 23:01:50 ProcedureAfterGetCardImpl::OnStart 132: Player 1 find action with hand 12,12,15,16,17,18,19,23,28,28,26 and interceptionList type:2 from:3 card:25 cards:25,25,25
 latest draw card 26
 2017-11-03 23:01:50 ProcedureAfterGetCardImpl::OnStart 146: done
 2017-11-03 23:01:50 CServerGameDesk::OnProcedureChanged 202: procedure change from 3 to 4
 2017-11-03 23:01:50 CServerGameDesk::OnBeforeProcedureStart 177: before procedure start, from 4 to 9
 2017-11-03 23:01:50 MsgDelegateWaitDiscard::OnSend 134: waiting on player 1 to discard, with candidates :12,12,15,16,17,18,19,23,28,28,26 !
 2017-11-03 23:01:50 CServerGameDesk::OnProcedureChanged 202: procedure change from 4 to 9
 2017-11-03 23:01:53 MsgDelegateWaitDiscard::OnResponse 206: player 1 tried to discard(valid:1, expected player:1)
 2017-11-03 23:01:53 MsgDelegateWaitDiscard::OnResponse 218: the card is 23
 2017-11-03 23:01:53 MsgDelegateWaitDiscard::OnDiscardCard 40: player 1 discard card 23(idx 7)
 2017-11-03 23:01:53 MsgDelegateDiscardResult::OnSend 49: player 1 discard 23 0
 2017-11-03 23:01:53 CServerGameDesk::OnBeforeProcedureStart 177: before procedure start, from 9 to 6
 2017-11-03 23:01:53 ProcedureInterceptCardImpl::OnStart 316: check interceptable card 23 from Player 1
 2017-11-03 23:01:53 ProcedureInterceptCardJumpDelegateImpl::JumpWhenNoAction 47:  active player changed 1 -> 2
 2017-11-03 23:01:53 CServerGameDesk::OnProcedureChanged 202: procedure change from 9 to 6
 2017-11-03 23:01:53 CServerGameDesk::OnBeforeProcedureStart 177: before procedure start, from 6 to 3
 2017-11-03 23:01:53 MsgDelegateDrawCard::OnSend 61: 2 draw card 27
 2017-11-03 23:01:53 CServerGameDesk::OnProcedureChanged 202: procedure change from 6 to 3
 2017-11-03 23:01:53 CServerGameDesk::OnBeforeProcedureStart 177: before procedure start, from 3 to 4
 2017-11-03 23:01:53 ProcedureAfterGetCardImpl::OnStart 132: Player 2 find action with hand 14,15,18,19,21,23,24,24,26,28,27 and interceptionList type:2 from:0 card:11 cards:11,11,11
 latest draw card 27
 2017-11-03 23:01:53 ProcedureAfterGetCardImpl::OnStart 146: done
 2017-11-03 23:01:53 CServerGameDesk::OnProcedureChanged 202: procedure change from 3 to 4
 2017-11-03 23:01:53 CServerGameDesk::OnBeforeProcedureStart 177: before procedure start, from 4 to 9
 2017-11-03 23:01:53 MsgDelegateWaitDiscard::OnSend 134: waiting on player 2 to discard, with candidates :14,15,18,19,21,23,24,24,26,28,27 !
 2017-11-03 23:01:53 CServerGameDesk::OnProcedureChanged 202: procedure change from 4 to 9
 2017-11-03 23:02:00 MsgDelegateWaitDiscard::OnResponse 206: player 2 tried to discard(valid:1, expected player:2)
 2017-11-03 23:02:00 MsgDelegateWaitDiscard::OnResponse 218: the card is 21
 2017-11-03 23:02:00 MsgDelegateWaitDiscard::OnDiscardCard 40: player 2 discard card 21(idx 4)
 2017-11-03 23:02:00 MsgDelegateDiscardResult::OnSend 49: player 2 discard 21 0
 2017-11-03 23:02:00 CServerGameDesk::OnBeforeProcedureStart 177: before procedure start, from 9 to 6
 2017-11-03 23:02:00 ProcedureInterceptCardImpl::OnStart 316: check interceptable card 21 from Player 2
 2017-11-03 23:02:00 ProcedureInterceptCardJumpDelegateImpl::JumpWhenNoAction 47:  active player changed 2 -> 1
 2017-11-03 23:02:00 CServerGameDesk::OnProcedureChanged 202: procedure change from 9 to 6
 2017-11-03 23:02:00 CServerGameDesk::OnBeforeProcedureStart 177: before procedure start, from 6 to 3
 2017-11-03 23:02:00 MsgDelegateDrawCard::OnSend 61: 1 draw card 26
 2017-11-03 23:02:00 CServerGameDesk::OnProcedureChanged 202: procedure change from 6 to 3
 2017-11-03 23:02:00 CServerGameDesk::OnBeforeProcedureStart 177: before procedure start, from 3 to 4
 2017-11-03 23:02:00 ProcedureAfterGetCardImpl::OnStart 132: Player 1 find action with hand 12,12,15,16,17,18,19,26,28,28,26 and interceptionList type:2 from:3 card:25 cards:25,25,25
 latest draw card 26
 2017-11-03 23:02:00 ProcedureAfterGetCardImpl::OnStart 146: done
 2017-11-03 23:02:00 CServerGameDesk::OnProcedureChanged 202: procedure change from 3 to 4
 2017-11-03 23:02:01 CServerGameDesk::OnBeforeProcedureStart 177: before procedure start, from 4 to 9
 2017-11-03 23:02:01 MsgDelegateWaitDiscard::OnSend 134: waiting on player 1 to discard, with candidates :12,12,15,16,17,18,19,26,28,28,26 !
 2017-11-03 23:02:01 CServerGameDesk::OnProcedureChanged 202: procedure change from 4 to 9
 2017-11-03 23:02:08 MsgDelegateWaitDiscard::OnResponse 206: player 1 tried to discard(valid:1, expected player:1)
 2017-11-03 23:02:08 MsgDelegateWaitDiscard::OnResponse 218: the card is 12
 2017-11-03 23:02:08 MsgDelegateWaitDiscard::OnDiscardCard 40: player 1 discard card 12(idx 0)
 2017-11-03 23:02:08 MsgDelegateDiscardResult::OnSend 49: player 1 discard 12 0
 2017-11-03 23:02:08 CServerGameDesk::OnBeforeProcedureStart 177: before procedure start, from 9 to 6
 2017-11-03 23:02:08 ProcedureInterceptCardImpl::OnStart 316: check interceptable card 12 from Player 1
 2017-11-03 23:02:08 ProcedureInterceptCardJumpDelegateImpl::JumpWhenNoAction 47:  active player changed 1 -> 2
 2017-11-03 23:02:08 CServerGameDesk::OnProcedureChanged 202: procedure change from 9 to 6
 2017-11-03 23:02:08 CServerGameDesk::OnBeforeProcedureStart 177: before procedure start, from 6 to 3
 2017-11-03 23:02:08 MsgDelegateDrawCard::OnSend 61: 2 draw card 19
 2017-11-03 23:02:08 CServerGameDesk::OnProcedureChanged 202: procedure change from 6 to 3
 2017-11-03 23:02:08 CServerGameDesk::OnBeforeProcedureStart 177: before procedure start, from 3 to 4
 2017-11-03 23:02:08 ProcedureAfterGetCardImpl::OnStart 132: Player 2 find action with hand 14,15,18,19,23,24,24,26,27,28,19 and interceptionList type:2 from:0 card:11 cards:11,11,11
 latest draw card 19
 2017-11-03 23:02:08 ProcedureAfterGetCardImpl::OnStart 146: done
 2017-11-03 23:02:08 CServerGameDesk::OnProcedureChanged 202: procedure change from 3 to 4
 2017-11-03 23:02:08 CServerGameDesk::OnBeforeProcedureStart 177: before procedure start, from 4 to 9
 2017-11-03 23:02:08 MsgDelegateWaitDiscard::OnSend 134: waiting on player 2 to discard, with candidates :14,15,18,19,23,24,24,26,27,28,19 !
 2017-11-03 23:02:08 CServerGameDesk::OnProcedureChanged 202: procedure change from 4 to 9
 2017-11-03 23:02:11 MsgDelegateWaitDiscard::OnResponse 206: player 2 tried to discard(valid:1, expected player:2)
 2017-11-03 23:02:11 MsgDelegateWaitDiscard::OnResponse 218: the card is 19
 2017-11-03 23:02:11 MsgDelegateWaitDiscard::OnDiscardCard 40: player 2 discard card 19(idx 3)
 2017-11-03 23:02:11 MsgDelegateDiscardResult::OnSend 49: player 2 discard 19 0
 2017-11-03 23:02:11 CServerGameDesk::OnBeforeProcedureStart 177: before procedure start, from 9 to 6
 2017-11-03 23:02:11 ProcedureInterceptCardImpl::OnStart 316: check interceptable card 19 from Player 2
 2017-11-03 23:02:11 ProcedureInterceptCardJumpDelegateImpl::JumpWhenNoAction 47:  active player changed 2 -> 1
 2017-11-03 23:02:11 CServerGameDesk::OnProcedureChanged 202: procedure change from 9 to 6
 2017-11-03 23:02:11 CServerGameDesk::OnBeforeProcedureStart 177: before procedure start, from 6 to 3
 2017-11-03 23:02:11 MsgDelegateDrawCard::OnSend 61: 1 draw card 11
 2017-11-03 23:02:11 CServerGameDesk::OnProcedureChanged 202: procedure change from 6 to 3
 2017-11-03 23:02:11 CServerGameDesk::OnBeforeProcedureStart 177: before procedure start, from 3 to 4
 2017-11-03 23:02:11 ProcedureAfterGetCardImpl::OnStart 132: Player 1 find action with hand 12,15,16,17,18,19,26,26,28,28,11 and interceptionList type:2 from:3 card:25 cards:25,25,25
 latest draw card 11
 2017-11-03 23:02:11 ProcedureAfterGetCardImpl::OnStart 146: done
 2017-11-03 23:02:11 CServerGameDesk::OnProcedureChanged 202: procedure change from 3 to 4
 2017-11-03 23:02:11 CServerGameDesk::OnBeforeProcedureStart 177: before procedure start, from 4 to 9
 2017-11-03 23:02:11 MsgDelegateWaitDiscard::OnSend 134: waiting on player 1 to discard, with candidates :12,15,16,17,18,19,26,26,28,28,11 !
 2017-11-03 23:02:11 CServerGameDesk::OnProcedureChanged 202: procedure change from 4 to 9
 2017-11-03 23:02:14 MsgDelegateWaitDiscard::OnResponse 206: player 1 tried to discard(valid:1, expected player:1)
 2017-11-03 23:02:14 MsgDelegateWaitDiscard::OnResponse 218: the card is 12
 2017-11-03 23:02:14 MsgDelegateWaitDiscard::OnDiscardCard 40: player 1 discard card 12(idx 0)
 2017-11-03 23:02:14 MsgDelegateDiscardResult::OnSend 49: player 1 discard 12 0
 2017-11-03 23:02:14 CServerGameDesk::OnBeforeProcedureStart 177: before procedure start, from 9 to 6
 2017-11-03 23:02:14 ProcedureInterceptCardImpl::OnStart 316: check interceptable card 12 from Player 1
 2017-11-03 23:02:14 ProcedureInterceptCardJumpDelegateImpl::JumpWhenNoAction 47:  active player changed 1 -> 2
 2017-11-03 23:02:14 CServerGameDesk::OnProcedureChanged 202: procedure change from 9 to 6
 2017-11-03 23:02:14 CServerGameDesk::OnBeforeProcedureStart 177: before procedure start, from 6 to 3
 2017-11-03 23:02:14 MsgDelegateDrawCard::OnSend 61: 2 draw card 1
 2017-11-03 23:02:14 CServerGameDesk::OnProcedureChanged 202: procedure change from 6 to 3
 2017-11-03 23:02:14 CServerGameDesk::OnBeforeProcedureStart 177: before procedure start, from 3 to 4
 2017-11-03 23:02:14 ProcedureAfterGetCardImpl::OnStart 132: Player 2 find action with hand 14,15,18,19,23,24,24,26,27,28,1 and interceptionList type:2 from:0 card:11 cards:11,11,11
 latest draw card 1
 2017-11-03 23:02:14 ProcedureAfterGetCardImpl::OnStart 146: done
 2017-11-03 23:02:14 CServerGameDesk::OnProcedureChanged 202: procedure change from 3 to 4
 2017-11-03 23:02:14 CServerGameDesk::OnBeforeProcedureStart 177: before procedure start, from 4 to 9
 2017-11-03 23:02:14 MsgDelegateWaitDiscard::OnSend 134: waiting on player 2 to discard, with candidates :1 !
 2017-11-03 23:02:14 CServerGameDesk::OnProcedureChanged 202: procedure change from 4 to 9
 2017-11-03 23:02:16 MsgDelegateWaitDiscard::OnResponse 206: player 2 tried to discard(valid:1, expected player:2)
 2017-11-03 23:02:16 MsgDelegateWaitDiscard::OnResponse 218: the card is 1
 2017-11-03 23:02:16 MsgDelegateWaitDiscard::OnDiscardCard 40: player 2 discard card 1(idx 10)
 2017-11-03 23:02:16 MsgDelegateDiscardResult::OnSend 49: player 2 discard 1 0
 2017-11-03 23:02:16 CServerGameDesk::OnBeforeProcedureStart 177: before procedure start, from 9 to 6
 2017-11-03 23:02:16 ProcedureInterceptCardImpl::OnStart 316: check interceptable card 1 from Player 2
 2017-11-03 23:02:16 ProcedureInterceptCardJumpDelegateImpl::JumpWhenNoAction 47:  active player changed 2 -> 1
 2017-11-03 23:02:16 CServerGameDesk::OnProcedureChanged 202: procedure change from 9 to 6
 2017-11-03 23:02:17 CServerGameDesk::OnBeforeProcedureStart 177: before procedure start, from 6 to 3
 2017-11-03 23:02:17 MsgDelegateDrawCard::OnSend 61: 1 draw card 29
 2017-11-03 23:02:17 CServerGameDesk::OnProcedureChanged 202: procedure change from 6 to 3
 2017-11-03 23:02:17 CServerGameDesk::OnBeforeProcedureStart 177: before procedure start, from 3 to 4
 2017-11-03 23:02:17 ProcedureAfterGetCardImpl::OnStart 132: Player 1 find action with hand 11,15,16,17,18,19,26,26,28,28,29 and interceptionList type:2 from:3 card:25 cards:25,25,25
 latest draw card 29
 2017-11-03 23:02:17 ProcedureAfterGetCardImpl::OnStart 146: done
 2017-11-03 23:02:17 CServerGameDesk::OnProcedureChanged 202: procedure change from 3 to 4
 2017-11-03 23:02:17 CServerGameDesk::OnBeforeProcedureStart 177: before procedure start, from 4 to 9
 2017-11-03 23:02:17 MsgDelegateWaitDiscard::OnSend 134: waiting on player 1 to discard, with candidates :11,15,16,17,18,19,26,26,28,28,29 !
 2017-11-03 23:02:17 CServerGameDesk::OnProcedureChanged 202: procedure change from 4 to 9
 2017-11-03 23:02:20 MsgDelegateWaitDiscard::OnResponse 206: player 1 tried to discard(valid:1, expected player:1)
 2017-11-03 23:02:20 MsgDelegateWaitDiscard::OnResponse 218: the card is 29
 2017-11-03 23:02:20 MsgDelegateWaitDiscard::OnDiscardCard 40: player 1 discard card 29(idx 10)
 2017-11-03 23:02:20 MsgDelegateDiscardResult::OnSend 49: player 1 discard 29 0
 2017-11-03 23:02:20 CServerGameDesk::OnBeforeProcedureStart 177: before procedure start, from 9 to 6
 2017-11-03 23:02:20 ProcedureInterceptCardImpl::OnStart 316: check interceptable card 29 from Player 1
 2017-11-03 23:02:20 ProcedureInterceptCardJumpDelegateImpl::JumpWhenNoAction 47:  active player changed 1 -> 2
 2017-11-03 23:02:20 CServerGameDesk::OnProcedureChanged 202: procedure change from 9 to 6
 2017-11-03 23:02:20 CServerGameDesk::OnBeforeProcedureStart 177: before procedure start, from 6 to 3
 2017-11-03 23:02:20 MsgDelegateDrawCard::OnSend 61: 2 draw card 7
 2017-11-03 23:02:20 CServerGameDesk::OnProcedureChanged 202: procedure change from 6 to 3
 2017-11-03 23:02:20 CServerGameDesk::OnBeforeProcedureStart 177: before procedure start, from 3 to 4
 2017-11-03 23:02:20 ProcedureAfterGetCardImpl::OnStart 132: Player 2 find action with hand 14,15,18,19,23,24,24,26,27,28,7 and interceptionList type:2 from:0 card:11 cards:11,11,11
 latest draw card 7
 2017-11-03 23:02:20 ProcedureAfterGetCardImpl::OnStart 146: done
 2017-11-03 23:02:20 CServerGameDesk::OnProcedureChanged 202: procedure change from 3 to 4
 2017-11-03 23:02:20 CServerGameDesk::OnBeforeProcedureStart 177: before procedure start, from 4 to 9
 2017-11-03 23:02:20 MsgDelegateWaitDiscard::OnSend 134: waiting on player 2 to discard, with candidates :7 !
 2017-11-03 23:02:20 CServerGameDesk::OnProcedureChanged 202: procedure change from 4 to 9
 2017-11-03 23:02:21 MsgDelegateWaitDiscard::OnResponse 206: player 2 tried to discard(valid:1, expected player:2)
 2017-11-03 23:02:21 MsgDelegateWaitDiscard::OnResponse 218: the card is 7
 2017-11-03 23:02:21 MsgDelegateWaitDiscard::OnDiscardCard 40: player 2 discard card 7(idx 10)
 2017-11-03 23:02:21 MsgDelegateDiscardResult::OnSend 49: player 2 discard 7 0
 2017-11-03 23:02:21 CServerGameDesk::OnBeforeProcedureStart 177: before procedure start, from 9 to 6
 2017-11-03 23:02:21 ProcedureInterceptCardImpl::OnStart 316: check interceptable card 7 from Player 2
 2017-11-03 23:02:21 ProcedureInterceptCardJumpDelegateImpl::JumpWhenNoAction 47:  active player changed 2 -> 1
 2017-11-03 23:02:21 CServerGameDesk::OnProcedureChanged 202: procedure change from 9 to 6
 2017-11-03 23:02:21 CServerGameDesk::OnBeforeProcedureStart 177: before procedure start, from 6 to 3
 2017-11-03 23:02:21 MsgDelegateDrawCard::OnSend 61: 1 draw card 13
 2017-11-03 23:02:21 CServerGameDesk::OnProcedureChanged 202: procedure change from 6 to 3
 2017-11-03 23:02:21 CServerGameDesk::OnBeforeProcedureStart 177: before procedure start, from 3 to 4
 2017-11-03 23:02:21 ProcedureAfterGetCardImpl::OnStart 132: Player 1 find action with hand 11,15,16,17,18,19,26,26,28,28,13 and interceptionList type:2 from:3 card:25 cards:25,25,25
 latest draw card 13
 2017-11-03 23:02:21 ProcedureAfterGetCardImpl::OnStart 146: done
 2017-11-03 23:02:21 CServerGameDesk::OnProcedureChanged 202: procedure change from 3 to 4
 2017-11-03 23:02:22 CServerGameDesk::OnBeforeProcedureStart 177: before procedure start, from 4 to 9
 2017-11-03 23:02:22 MsgDelegateWaitDiscard::OnSend 134: waiting on player 1 to discard, with candidates :11,15,16,17,18,19,26,26,28,28,13 !
 2017-11-03 23:02:22 CServerGameDesk::OnProcedureChanged 202: procedure change from 4 to 9
 2017-11-03 23:02:24 MsgDelegateWaitDiscard::OnResponse 206: player 1 tried to discard(valid:1, expected player:1)
 2017-11-03 23:02:24 MsgDelegateWaitDiscard::OnResponse 218: the card is 11
 2017-11-03 23:02:24 MsgDelegateWaitDiscard::OnDiscardCard 40: player 1 discard card 11(idx 0)
 2017-11-03 23:02:24 MsgDelegateDiscardResult::OnSend 49: player 1 discard 11 0
 2017-11-03 23:02:24 CServerGameDesk::OnBeforeProcedureStart 177: before procedure start, from 9 to 6
 2017-11-03 23:02:24 ProcedureInterceptCardImpl::OnStart 316: check interceptable card 11 from Player 1
 2017-11-03 23:02:24 ProcedureInterceptCardJumpDelegateImpl::JumpWhenNoAction 47:  active player changed 1 -> 2
 2017-11-03 23:02:24 CServerGameDesk::OnProcedureChanged 202: procedure change from 9 to 6
 2017-11-03 23:02:24 CServerGameDesk::OnBeforeProcedureStart 177: before procedure start, from 6 to 3
 2017-11-03 23:02:24 MsgDelegateDrawCard::OnSend 61: 2 draw card 13
 2017-11-03 23:02:24 CServerGameDesk::OnProcedureChanged 202: procedure change from 6 to 3
 2017-11-03 23:02:24 CServerGameDesk::OnBeforeProcedureStart 177: before procedure start, from 3 to 4
 2017-11-03 23:02:24 ProcedureAfterGetCardImpl::OnStart 132: Player 2 find action with hand 14,15,18,19,23,24,24,26,27,28,13 and interceptionList type:2 from:0 card:11 cards:11,11,11
 latest draw card 13
 2017-11-03 23:02:24 ProcedureAfterGetCardImpl::OnStart 146: done
 2017-11-03 23:02:24 CServerGameDesk::OnProcedureChanged 202: procedure change from 3 to 4
 2017-11-03 23:02:24 CServerGameDesk::OnBeforeProcedureStart 177: before procedure start, from 4 to 9
 2017-11-03 23:02:24 MsgDelegateWaitDiscard::OnSend 134: waiting on player 2 to discard, with candidates :14,15,18,19,23,24,24,26,27,28,13 !
 2017-11-03 23:02:24 CServerGameDesk::OnProcedureChanged 202: procedure change from 4 to 9
 2017-11-03 23:02:30 MsgDelegateWaitDiscard::OnResponse 206: player 2 tried to discard(valid:1, expected player:2)
 2017-11-03 23:02:30 MsgDelegateWaitDiscard::OnResponse 218: the card is 23
 2017-11-03 23:02:30 MsgDelegateWaitDiscard::OnDiscardCard 40: player 2 discard card 23(idx 4)
 2017-11-03 23:02:30 MsgDelegateDiscardResult::OnSend 49: player 2 discard 23 0
 2017-11-03 23:02:31 CServerGameDesk::OnBeforeProcedureStart 177: before procedure start, from 9 to 6
 2017-11-03 23:02:31 ProcedureInterceptCardImpl::OnStart 316: check interceptable card 23 from Player 2
 2017-11-03 23:02:31 ProcedureInterceptCardJumpDelegateImpl::JumpWhenNoAction 47:  active player changed 2 -> 1
 2017-11-03 23:02:31 CServerGameDesk::OnProcedureChanged 202: procedure change from 9 to 6
 2017-11-03 23:02:31 CServerGameDesk::OnBeforeProcedureStart 177: before procedure start, from 6 to 3
 2017-11-03 23:02:31 MsgDelegateDrawCard::OnSend 61: 1 draw card 18
 2017-11-03 23:02:31 CServerGameDesk::OnProcedureChanged 202: procedure change from 6 to 3
 2017-11-03 23:02:31 CServerGameDesk::OnBeforeProcedureStart 177: before procedure start, from 3 to 4
 2017-11-03 23:02:31 ProcedureAfterGetCardImpl::OnStart 132: Player 1 find action with hand 13,15,16,17,18,19,26,26,28,28,18 and interceptionList type:2 from:3 card:25 cards:25,25,25
 latest draw card 18
 2017-11-03 23:02:31 ProcedureAfterGetCardImpl::OnStart 146: done
 2017-11-03 23:02:31 CServerGameDesk::OnProcedureChanged 202: procedure change from 3 to 4
 2017-11-03 23:02:31 CServerGameDesk::OnBeforeProcedureStart 177: before procedure start, from 4 to 9
 2017-11-03 23:02:31 MsgDelegateWaitDiscard::OnSend 134: waiting on player 1 to discard, with candidates :13,15,16,17,18,19,26,26,28,28,18 !
 2017-11-03 23:02:31 CServerGameDesk::OnProcedureChanged 202: procedure change from 4 to 9
 2017-11-03 23:02:33 MsgDelegateWaitDiscard::OnResponse 206: player 1 tried to discard(valid:1, expected player:1)
 2017-11-03 23:02:33 MsgDelegateWaitDiscard::OnResponse 218: the card is 18
 2017-11-03 23:02:33 MsgDelegateWaitDiscard::OnDiscardCard 40: player 1 discard card 18(idx 4)
 2017-11-03 23:02:33 MsgDelegateDiscardResult::OnSend 49: player 1 discard 18 0
 2017-11-03 23:02:33 CServerGameDesk::OnBeforeProcedureStart 177: before procedure start, from 9 to 6
 2017-11-03 23:02:33 ProcedureInterceptCardImpl::OnStart 316: check interceptable card 18 from Player 1
 2017-11-03 23:02:33 ProcedureInterceptCardJumpDelegateImpl::JumpWhenNoAction 47:  active player changed 1 -> 2
 2017-11-03 23:02:33 CServerGameDesk::OnProcedureChanged 202: procedure change from 9 to 6
 2017-11-03 23:02:33 CServerGameDesk::OnBeforeProcedureStart 177: before procedure start, from 6 to 3
 2017-11-03 23:02:33 MsgDelegateDrawCard::OnSend 61: 2 draw card 24
 2017-11-03 23:02:33 CServerGameDesk::OnProcedureChanged 202: procedure change from 6 to 3
 2017-11-03 23:02:33 CServerGameDesk::OnBeforeProcedureStart 177: before procedure start, from 3 to 4
 2017-11-03 23:02:33 ProcedureAfterGetCardImpl::OnStart 132: Player 2 find action with hand 13,14,15,18,19,24,24,26,27,28,24 and interceptionList type:2 from:0 card:11 cards:11,11,11
 latest draw card 24
 2017-11-03 23:02:33 ProcedureAfterGetCardImpl::OnStart 146: done
 2017-11-03 23:02:33 CServerGameDesk::OnProcedureChanged 202: procedure change from 3 to 4
 2017-11-03 23:02:33 CServerGameDesk::OnBeforeProcedureStart 177: before procedure start, from 4 to 9
 2017-11-03 23:02:33 MsgDelegateWaitDiscard::OnSend 134: waiting on player 2 to discard, with candidates :13,14,15,18,19,24,24,26,27,28,24 !
 2017-11-03 23:02:33 CServerGameDesk::OnProcedureChanged 202: procedure change from 4 to 9
 2017-11-03 23:02:37 MsgDelegateWaitDiscard::OnResponse 206: player 2 tried to discard(valid:1, expected player:2)
 2017-11-03 23:02:37 MsgDelegateWaitDiscard::OnResponse 218: the card is 19
 2017-11-03 23:02:37 MsgDelegateWaitDiscard::OnDiscardCard 40: player 2 discard card 19(idx 4)
 2017-11-03 23:02:37 MsgDelegateDiscardResult::OnSend 49: player 2 discard 19 1
 2017-11-03 23:02:37 CServerGameDesk::OnBeforeProcedureStart 177: before procedure start, from 9 to 6
 2017-11-03 23:02:37 ProcedureInterceptCardImpl::OnStart 316: check interceptable card 19 from Player 2
 2017-11-03 23:02:37 ProcedureInterceptCardJumpDelegateImpl::JumpWhenNoAction 47:  active player changed 2 -> 1
 2017-11-03 23:02:37 CServerGameDesk::OnProcedureChanged 202: procedure change from 9 to 6
 2017-11-03 23:02:37 CServerGameDesk::OnBeforeProcedureStart 177: before procedure start, from 6 to 3
 2017-11-03 23:02:37 MsgDelegateDrawCard::OnSend 61: 1 draw card 18
 2017-11-03 23:02:37 CServerGameDesk::OnProcedureChanged 202: procedure change from 6 to 3
 2017-11-03 23:02:38 CServerGameDesk::OnBeforeProcedureStart 177: before procedure start, from 3 to 4
 2017-11-03 23:02:38 ProcedureAfterGetCardImpl::OnStart 132: Player 1 find action with hand 13,15,16,17,18,19,26,26,28,28,18 and interceptionList type:2 from:3 card:25 cards:25,25,25
 latest draw card 18
 2017-11-03 23:02:38 ProcedureAfterGetCardImpl::OnStart 146: done
 2017-11-03 23:02:38 CServerGameDesk::OnProcedureChanged 202: procedure change from 3 to 4
 2017-11-03 23:02:38 CServerGameDesk::OnBeforeProcedureStart 177: before procedure start, from 4 to 9
 2017-11-03 23:02:38 MsgDelegateWaitDiscard::OnSend 134: waiting on player 1 to discard, with candidates :13,15,16,17,18,19,26,26,28,28,18 !
 2017-11-03 23:02:38 CServerGameDesk::OnProcedureChanged 202: procedure change from 4 to 9
 2017-11-03 23:02:39 MsgDelegateWaitDiscard::OnResponse 206: player 1 tried to discard(valid:1, expected player:1)
 2017-11-03 23:02:39 MsgDelegateWaitDiscard::OnResponse 218: the card is 18
 2017-11-03 23:02:39 MsgDelegateWaitDiscard::OnDiscardCard 40: player 1 discard card 18(idx 4)
 2017-11-03 23:02:39 MsgDelegateDiscardResult::OnSend 49: player 1 discard 18 0
 2017-11-03 23:02:39 CServerGameDesk::OnBeforeProcedureStart 177: before procedure start, from 9 to 6
 2017-11-03 23:02:39 ProcedureInterceptCardImpl::OnStart 316: check interceptable card 18 from Player 1
 2017-11-03 23:02:39 ProcedureInterceptCardImpl::OnStart 349: Player 2 have actions type:16 from:1 card:18 cards:13,14,15,18,24,24,24,26,27,28,18
 with hand 13,14,15,18,24,24,24,26,27,28 interceptions type:2 from:0 card:11 cards:11,11,11
 card 18
 2017-11-03 23:02:39 ProcedureInterceptCardImpl::OnStart 355: question sent
 2017-11-03 23:02:39 MsgDelegateInterception::OnSend 109: intercepted card : 18
 2017-11-03 23:02:39 MsgDelegateInterception::OnSend 110: player 2 have actions type:16 from:1 card:18 cards:13,14,15,18,24,24,24,26,27,28,18

 2017-11-03 23:02:39 CServerGameDesk::OnProcedureChanged 202: procedure change from 9 to 6
 2017-11-03 23:02:41 MsgDelegateInterception::Win 247: player 2 select 18
 2017-11-03 23:02:41 CServerGameDesk::OnBeforeProcedureStart 177: before procedure start, from 6 to 7
 2017-11-03 23:02:41 MsgDelegateInterceptionResult::OnSend 28: player 2 do with type 16
 2017-11-03 23:02:41 CServerGameDesk::OnProcedureChanged 202: procedure change from 6 to 7
 2017-11-03 23:02:41 CServerGameDesk::OnBeforeProcedureStart 177: before procedure start, from 7 to 11
 2017-11-03 23:02:41 CServerGameDesk::OnProcedureChanged 202: procedure change from 7 to 11
 2017-11-03 23:02:41 MsgDelegateLiquidation::DelaySendMsg 89: Player   has inner win type :0 
 2017-11-03 23:02:41 MsgDelegateLiquidation::DelaySendMsg 90: Player   has outter win type :150 
 2017-11-03 23:02:41 MsgDelegateLiquidation::DelaySendMsg 89: Player  has inner win type :0 
 2017-11-03 23:02:41 MsgDelegateLiquidation::DelaySendMsg 90: Player  has outter win type :150 
 2017-11-03 23:02:41 MsgDelegateLiquidation::DelaySendMsg 89: Player  has inner win type :2 
 2017-11-03 23:02:41 MsgDelegateLiquidation::DelaySendMsg 90: Player  has outter win type :152 
 2017-11-03 23:02:41 MsgDelegateLiquidation::DelaySendMsg 108: Liquidation
 2017-11-03 23:02:42 CServerGameDesk::OnBeforeProcedureStart 177: before procedure start, from 11 to 0
 2017-11-03 23:02:42 CServerGameDesk::OnProcedureChanged 202: procedure change from 11 to 0
 2017-11-03 23:02:42 CServerGameDesk::DoGameStatistic 993: Do Statistic
 2017-11-03 23:02:42 CServerGameDesk::DoGameStatistic 1010: >> zimo:0 jiepao:0 dianpao:0 totalScore1
 2017-11-03 23:02:42 CServerGameDesk::DoGameStatistic 1068: << zimo:0 jiepao:1 dianpao:0 totalScore1
 2017-11-03 23:02:42 CServerGameDesk::DoGameStatistic 1010: >> zimo:0 jiepao:0 dianpao:0 totalScore-5
 2017-11-03 23:02:42 CServerGameDesk::DoGameStatistic 1068: << zimo:0 jiepao:0 dianpao:2 totalScore-5
 2017-11-03 23:02:42 CServerGameDesk::DoGameStatistic 1010: >> zimo:0 jiepao:0 dianpao:0 totalScore0
 2017-11-03 23:02:42 CServerGameDesk::DoGameStatistic 1068: << zimo:0 jiepao:1 dianpao:1 totalScore0
 2017-11-03 23:02:42 CServerGameDesk::DoGameStatistic 1010: >> zimo:0 jiepao:0 dianpao:0 totalScore4
 2017-11-03 23:02:42 CServerGameDesk::DoGameStatistic 1068: << zimo:0 jiepao:1 dianpao:0 totalScore4
 2017-11-03 23:02:42 CServerGameDesk::OnProcedureLiquidationFinish 880: all rounds finished , send total score board 
 2017-11-03 23:02:42 CServerGameDesk::GameClear 302: clean game





 2017-11-03 23:02:42 CServerGameDesk::GameClear 302: clean game





 2017-11-03 23:02:42 CServerGameDesk::GameReset 316: reset game
