 2017-11-02 15:32:37 CServerGameDesk::GameBegin 416: Game Start (0/0)
 2017-11-02 15:32:37 CServerGameDesk::GameBegin 422: Player dzb001(dzb001) at position 0/0
 2017-11-02 15:32:37 CServerGameDesk::GameBegin 422: Player dzb002(dzb002) at position 1/1
 2017-11-02 15:32:37 CServerGameDesk::GameBegin 422: Player dzb003(dzb003) at position 2/2
 2017-11-02 15:32:37 CServerGameDesk::GameBegin 422: Player Phone13175(Phone13175) at position 3/3
 2017-11-02 15:32:37 CServerGameDesk::OnBeforeProcedureStart 177: before procedure start, from 0 to 1
 2017-11-02 15:32:37 CServerGameDesk::OnProcedureChanged 202: procedure change from 0 to 1
 2017-11-02 15:32:37 MsgDelegateGameBegin::SendGameBegin 54: game begin
 2017-11-02 15:32:39 CServerGameDesk::OnBeforeProcedureStart 177: before procedure start, from 1 to 2
 2017-11-02 15:32:39 CServerGameDesk::OnProcedureChanged 202: procedure change from 1 to 2
 2017-11-02 15:32:41 MsgDelegateDistributeCard::OnSend 43: dispatch cards
 2017-11-02 15:32:44 CServerGameDesk::OnBeforeProcedureStart 177: before procedure start, from 2 to 101
 2017-11-02 15:32:44 MsgDelegateHuanZhang::SendQuestionToPlayer 150: question huan zhang
 2017-11-02 15:32:44 MsgDelegateHuanZhang::SendQuestionToPlayer 150: question huan zhang
 2017-11-02 15:32:44 MsgDelegateHuanZhang::SendQuestionToPlayer 150: question huan zhang
 2017-11-02 15:32:44 MsgDelegateHuanZhang::SendQuestionToPlayer 150: question huan zhang
 2017-11-02 15:32:44 CServerGameDesk::OnProcedureChanged 202: procedure change from 2 to 101
 2017-11-02 15:33:17 CServerGameDesk::OnBeforeProcedureStart 177: before procedure start, from 101 to 100
 2017-11-02 15:33:17 MsgDelegateDingQue::OnSend 109: question ding que
 2017-11-02 15:33:17 MsgDelegateDingQue::OnSend 109: question ding que
 2017-11-02 15:33:17 MsgDelegateDingQue::OnSend 109: question ding que
 2017-11-02 15:33:17 MsgDelegateDingQue::OnSend 109: question ding que
 2017-11-02 15:33:17 CServerGameDesk::OnProcedureChanged 202: procedure change from 101 to 100
 2017-11-02 15:33:28 MsgDelegateFirstRound::SendFirstRound 42: first run
 2017-11-02 15:33:28 CServerGameDesk::OnBeforeProcedureStart 177: before procedure start, from 100 to 4
 2017-11-02 15:33:28 ProcedureAfterGetCardImpl::OnStart 132: Player 2 find action with hand 2,3,7,8,9,12,13,14,16,23,24,25,28,28 and interceptionList  latest draw card 28
 2017-11-02 15:33:28 ProcedureAfterGetCardImpl::OnStart 146: done
 2017-11-02 15:33:28 CServerGameDesk::OnProcedureChanged 202: procedure change from 100 to 4
 2017-11-02 15:33:28 CServerGameDesk::OnBeforeProcedureStart 177: before procedure start, from 4 to 9
 2017-11-02 15:33:28 MsgDelegateWaitDiscard::OnSend 134: waiting on player 2 to discard, with candidates :12,13,14,16 !
 2017-11-02 15:33:28 CServerGameDesk::OnProcedureChanged 202: procedure change from 4 to 9
 2017-11-02 15:33:50 MsgDelegateWaitDiscard::OnDiscardCard 40: player 2 discard card 16(idx 8)
 2017-11-02 15:33:50 MsgDelegateDiscardResult::OnSend 49: player 2 discard 16 0
 2017-11-02 15:33:50 CServerGameDesk::OnBeforeProcedureStart 177: before procedure start, from 9 to 6
 2017-11-02 15:33:50 ProcedureInterceptCardImpl::OnStart 316: check interceptable card 16 from Player 2
 2017-11-02 15:33:50 ProcedureInterceptCardJumpDelegateImpl::JumpWhenNoAction 47:  active player changed 2 -> 1
 2017-11-02 15:33:50 CServerGameDesk::OnProcedureChanged 202: procedure change from 9 to 6
 2017-11-02 15:33:50 CServerGameDesk::OnBeforeProcedureStart 177: before procedure start, from 6 to 3
 2017-11-02 15:33:50 MsgDelegateDrawCard::OnSend 61: 1 draw card 16
 2017-11-02 15:33:50 CServerGameDesk::OnProcedureChanged 202: procedure change from 6 to 3
 2017-11-02 15:33:50 CServerGameDesk::OnBeforeProcedureStart 177: before procedure start, from 3 to 4
 2017-11-02 15:33:50 ProcedureAfterGetCardImpl::OnStart 132: Player 1 find action with hand 2,3,6,7,8,11,11,14,18,27,28,28,29,16 and interceptionList  latest draw card 16
 2017-11-02 15:33:50 ProcedureAfterGetCardImpl::OnStart 146: done
 2017-11-02 15:33:50 CServerGameDesk::OnProcedureChanged 202: procedure change from 3 to 4
 2017-11-02 15:33:51 CServerGameDesk::OnBeforeProcedureStart 177: before procedure start, from 4 to 9
 2017-11-02 15:33:51 MsgDelegateWaitDiscard::OnSend 134: waiting on player 1 to discard, with candidates :11,11,14,18,16 !
 2017-11-02 15:33:51 CServerGameDesk::OnProcedureChanged 202: procedure change from 4 to 9
 2017-11-02 15:34:12 MsgDelegateWaitDiscard::OnDiscardCard 40: player 1 discard card 16(idx 13)
 2017-11-02 15:34:12 MsgDelegateDiscardResult::OnSend 49: player 1 discard 16 0
 2017-11-02 15:34:13 CServerGameDesk::OnBeforeProcedureStart 177: before procedure start, from 9 to 6
 2017-11-02 15:34:13 ProcedureInterceptCardImpl::OnStart 316: check interceptable card 16 from Player 1
 2017-11-02 15:34:13 ProcedureInterceptCardJumpDelegateImpl::JumpWhenNoAction 47:  active player changed 1 -> 0
 2017-11-02 15:34:13 CServerGameDesk::OnProcedureChanged 202: procedure change from 9 to 6
 2017-11-02 15:34:13 CServerGameDesk::OnBeforeProcedureStart 177: before procedure start, from 6 to 3
 2017-11-02 15:34:13 MsgDelegateDrawCard::OnSend 61: 0 draw card 26
 2017-11-02 15:34:13 CServerGameDesk::OnProcedureChanged 202: procedure change from 6 to 3
 2017-11-02 15:34:13 CServerGameDesk::OnBeforeProcedureStart 177: before procedure start, from 3 to 4
 2017-11-02 15:34:13 ProcedureAfterGetCardImpl::OnStart 132: Player 0 find action with hand 1,5,5,5,9,12,12,13,14,15,16,18,19,26 and interceptionList  latest draw card 26
 2017-11-02 15:34:13 ProcedureAfterGetCardImpl::OnStart 146: done
 2017-11-02 15:34:13 CServerGameDesk::OnProcedureChanged 202: procedure change from 3 to 4
 2017-11-02 15:34:13 CServerGameDesk::OnBeforeProcedureStart 177: before procedure start, from 4 to 9
 2017-11-02 15:34:13 MsgDelegateWaitDiscard::OnSend 134: waiting on player 0 to discard, with candidates :26 !
 2017-11-02 15:34:13 CServerGameDesk::OnProcedureChanged 202: procedure change from 4 to 9
 2017-11-02 15:34:35 MsgDelegateWaitDiscard::OnDiscardCard 40: player 0 discard card 26(idx 13)
 2017-11-02 15:34:35 MsgDelegateDiscardResult::OnSend 49: player 0 discard 26 0
 2017-11-02 15:34:35 CServerGameDesk::OnBeforeProcedureStart 177: before procedure start, from 9 to 6
 2017-11-02 15:34:35 ProcedureInterceptCardImpl::OnStart 316: check interceptable card 26 from Player 0
 2017-11-02 15:34:35 ProcedureInterceptCardImpl::OnStart 349: Player 3 have actions type:2 from:0 card:26 cards:26,26,26
 with hand 4,4,6,6,7,17,17,17,19,21,26,26,27 interceptions  card 26
 2017-11-02 15:34:35 ProcedureInterceptCardImpl::OnStart 355: question sent
 2017-11-02 15:34:35 MsgDelegateInterception::OnSend 109: intercepted card : 26
 2017-11-02 15:34:35 MsgDelegateInterception::OnSend 110: player 3 have actions type:2 from:0 card:26 cards:26,26,26

 2017-11-02 15:34:35 CServerGameDesk::OnProcedureChanged 202: procedure change from 9 to 6
 2017-11-02 15:34:57 MsgDelegateInterception::Ignore 281: player 3 ignore 
 2017-11-02 15:34:57 MsgDelegateInterceptionResult::OnSend 28: player 3 do with type 0
 2017-11-02 15:34:57 ProcedureInterceptCardJumpDelegateImpl::JumpWhenNoAction 47:  active player changed 0 -> 3
 2017-11-02 15:34:57 CServerGameDesk::OnBeforeProcedureStart 177: before procedure start, from 6 to 3
 2017-11-02 15:34:57 MsgDelegateDrawCard::OnSend 61: 3 draw card 29
 2017-11-02 15:34:57 CServerGameDesk::OnProcedureChanged 202: procedure change from 6 to 3
 2017-11-02 15:34:57 CServerGameDesk::OnBeforeProcedureStart 177: before procedure start, from 3 to 4
 2017-11-02 15:34:57 ProcedureAfterGetCardImpl::OnStart 132: Player 3 find action with hand 4,4,6,6,7,17,17,17,19,21,26,26,27,29 and interceptionList  latest draw card 29
 2017-11-02 15:34:57 ProcedureAfterGetCardImpl::OnStart 146: done
 2017-11-02 15:34:57 CServerGameDesk::OnProcedureChanged 202: procedure change from 3 to 4
 2017-11-02 15:34:57 CServerGameDesk::OnBeforeProcedureStart 177: before procedure start, from 4 to 9
 2017-11-02 15:34:57 MsgDelegateWaitDiscard::OnSend 134: waiting on player 3 to discard, with candidates :17,17,17,19 !
 2017-11-02 15:34:57 CServerGameDesk::OnProcedureChanged 202: procedure change from 4 to 9
 2017-11-02 15:35:19 MsgDelegateWaitDiscard::OnDiscardCard 40: player 3 discard card 19(idx 8)
 2017-11-02 15:35:19 MsgDelegateDiscardResult::OnSend 49: player 3 discard 19 0
 2017-11-02 15:35:19 CServerGameDesk::OnBeforeProcedureStart 177: before procedure start, from 9 to 6
 2017-11-02 15:35:19 ProcedureInterceptCardImpl::OnStart 316: check interceptable card 19 from Player 3
 2017-11-02 15:35:19 ProcedureInterceptCardJumpDelegateImpl::JumpWhenNoAction 47:  active player changed 3 -> 2
 2017-11-02 15:35:19 CServerGameDesk::OnProcedureChanged 202: procedure change from 9 to 6
 2017-11-02 15:35:19 CServerGameDesk::OnBeforeProcedureStart 177: before procedure start, from 6 to 3
 2017-11-02 15:35:19 MsgDelegateDrawCard::OnSend 61: 2 draw card 15
 2017-11-02 15:35:19 CServerGameDesk::OnProcedureChanged 202: procedure change from 6 to 3
 2017-11-02 15:35:19 CServerGameDesk::OnBeforeProcedureStart 177: before procedure start, from 3 to 4
 2017-11-02 15:35:19 ProcedureAfterGetCardImpl::OnStart 132: Player 2 find action with hand 2,3,7,8,9,23,24,25,28,28,12,13,14,15 and interceptionList  latest draw card 15
 2017-11-02 15:35:19 ProcedureAfterGetCardImpl::OnStart 146: done
 2017-11-02 15:35:19 CServerGameDesk::OnProcedureChanged 202: procedure change from 3 to 4
 2017-11-02 15:35:19 CServerGameDesk::OnBeforeProcedureStart 177: before procedure start, from 4 to 9
 2017-11-02 15:35:19 MsgDelegateWaitDiscard::OnSend 134: waiting on player 2 to discard, with candidates :12,13,14,15 !
 2017-11-02 15:35:19 CServerGameDesk::OnProcedureChanged 202: procedure change from 4 to 9
 2017-11-02 15:35:41 MsgDelegateWaitDiscard::OnDiscardCard 40: player 2 discard card 15(idx 13)
 2017-11-02 15:35:41 MsgDelegateDiscardResult::OnSend 49: player 2 discard 15 1
 2017-11-02 15:35:41 CServerGameDesk::OnBeforeProcedureStart 177: before procedure start, from 9 to 6
 2017-11-02 15:35:41 ProcedureInterceptCardImpl::OnStart 316: check interceptable card 15 from Player 2
 2017-11-02 15:35:41 ProcedureInterceptCardJumpDelegateImpl::JumpWhenNoAction 47:  active player changed 2 -> 1
 2017-11-02 15:35:41 CServerGameDesk::OnProcedureChanged 202: procedure change from 9 to 6
 2017-11-02 15:35:41 CServerGameDesk::OnBeforeProcedureStart 177: before procedure start, from 6 to 3
 2017-11-02 15:35:41 MsgDelegateDrawCard::OnSend 61: 1 draw card 21
 2017-11-02 15:35:41 CServerGameDesk::OnProcedureChanged 202: procedure change from 6 to 3
 2017-11-02 15:35:41 CServerGameDesk::OnBeforeProcedureStart 177: before procedure start, from 3 to 4
 2017-11-02 15:35:41 ProcedureAfterGetCardImpl::OnStart 132: Player 1 find action with hand 2,3,6,7,8,27,28,28,29,11,11,14,18,21 and interceptionList  latest draw card 21
 2017-11-02 15:35:41 ProcedureAfterGetCardImpl::OnStart 146: done
 2017-11-02 15:35:41 CServerGameDesk::OnProcedureChanged 202: procedure change from 3 to 4
 2017-11-02 15:35:41 CServerGameDesk::OnBeforeProcedureStart 177: before procedure start, from 4 to 9
 2017-11-02 15:35:41 MsgDelegateWaitDiscard::OnSend 134: waiting on player 1 to discard, with candidates :11,11,14,18 !
 2017-11-02 15:35:41 CServerGameDesk::OnProcedureChanged 202: procedure change from 4 to 9
 2017-11-02 15:36:03 MsgDelegateWaitDiscard::OnDiscardCard 40: player 1 discard card 18(idx 12)
 2017-11-02 15:36:03 MsgDelegateDiscardResult::OnSend 49: player 1 discard 18 0
 2017-11-02 15:36:03 CServerGameDesk::OnBeforeProcedureStart 177: before procedure start, from 9 to 6
 2017-11-02 15:36:03 ProcedureInterceptCardImpl::OnStart 316: check interceptable card 18 from Player 1
 2017-11-02 15:36:03 ProcedureInterceptCardJumpDelegateImpl::JumpWhenNoAction 47:  active player changed 1 -> 0
 2017-11-02 15:36:03 CServerGameDesk::OnProcedureChanged 202: procedure change from 9 to 6
 2017-11-02 15:36:03 CServerGameDesk::OnBeforeProcedureStart 177: before procedure start, from 6 to 3
 2017-11-02 15:36:03 MsgDelegateDrawCard::OnSend 61: 0 draw card 13
 2017-11-02 15:36:03 CServerGameDesk::OnProcedureChanged 202: procedure change from 6 to 3
 2017-11-02 15:36:04 CServerGameDesk::OnBeforeProcedureStart 177: before procedure start, from 3 to 4
 2017-11-02 15:36:04 ProcedureAfterGetCardImpl::OnStart 132: Player 0 find action with hand 1,5,5,5,9,12,12,13,14,15,16,18,19,13 and interceptionList  latest draw card 13
 2017-11-02 15:36:04 ProcedureAfterGetCardImpl::OnStart 146: done
 2017-11-02 15:36:04 CServerGameDesk::OnProcedureChanged 202: procedure change from 3 to 4
 2017-11-02 15:36:04 CServerGameDesk::OnBeforeProcedureStart 177: before procedure start, from 4 to 9
 2017-11-02 15:36:04 MsgDelegateWaitDiscard::OnSend 134: waiting on player 0 to discard, with candidates :1,5,5,5,9,12,12,13,14,15,16,18,19,13 !
 2017-11-02 15:36:04 CServerGameDesk::OnProcedureChanged 202: procedure change from 4 to 9
 2017-11-02 15:36:25 MsgDelegateWaitDiscard::OnDiscardCard 40: player 0 discard card 13(idx 7)
 2017-11-02 15:36:25 MsgDelegateDiscardResult::OnSend 49: player 0 discard 13 0
 2017-11-02 15:36:26 CServerGameDesk::OnBeforeProcedureStart 177: before procedure start, from 9 to 6
 2017-11-02 15:36:26 ProcedureInterceptCardImpl::OnStart 316: check interceptable card 13 from Player 0
 2017-11-02 15:36:26 ProcedureInterceptCardJumpDelegateImpl::JumpWhenNoAction 47:  active player changed 0 -> 3
 2017-11-02 15:36:26 CServerGameDesk::OnProcedureChanged 202: procedure change from 9 to 6
 2017-11-02 15:36:26 CServerGameDesk::OnBeforeProcedureStart 177: before procedure start, from 6 to 3
 2017-11-02 15:36:26 MsgDelegateDrawCard::OnSend 61: 3 draw card 19
 2017-11-02 15:36:26 CServerGameDesk::OnProcedureChanged 202: procedure change from 6 to 3
 2017-11-02 15:36:26 CServerGameDesk::OnBeforeProcedureStart 177: before procedure start, from 3 to 4
 2017-11-02 15:36:26 ProcedureAfterGetCardImpl::OnStart 132: Player 3 find action with hand 4,4,6,6,7,21,26,26,27,29,17,17,17,19 and interceptionList  latest draw card 19
 2017-11-02 15:36:26 ProcedureAfterGetCardImpl::OnStart 146: done
 2017-11-02 15:36:26 CServerGameDesk::OnProcedureChanged 202: procedure change from 3 to 4
 2017-11-02 15:36:26 CServerGameDesk::OnBeforeProcedureStart 177: before procedure start, from 4 to 9
 2017-11-02 15:36:26 MsgDelegateWaitDiscard::OnSend 134: waiting on player 3 to discard, with candidates :17,17,17,19 !
 2017-11-02 15:36:26 CServerGameDesk::OnProcedureChanged 202: procedure change from 4 to 9
 2017-11-02 15:36:48 MsgDelegateWaitDiscard::OnDiscardCard 40: player 3 discard card 19(idx 13)
 2017-11-02 15:36:48 MsgDelegateDiscardResult::OnSend 49: player 3 discard 19 0
 2017-11-02 15:36:48 CServerGameDesk::OnBeforeProcedureStart 177: before procedure start, from 9 to 6
 2017-11-02 15:36:48 ProcedureInterceptCardImpl::OnStart 316: check interceptable card 19 from Player 3
 2017-11-02 15:36:48 ProcedureInterceptCardJumpDelegateImpl::JumpWhenNoAction 47:  active player changed 3 -> 2
 2017-11-02 15:36:48 CServerGameDesk::OnProcedureChanged 202: procedure change from 9 to 6
 2017-11-02 15:36:48 CServerGameDesk::OnBeforeProcedureStart 177: before procedure start, from 6 to 3
 2017-11-02 15:36:48 MsgDelegateDrawCard::OnSend 61: 2 draw card 18
 2017-11-02 15:36:48 CServerGameDesk::OnProcedureChanged 202: procedure change from 6 to 3
 2017-11-02 15:36:48 CServerGameDesk::OnBeforeProcedureStart 177: before procedure start, from 3 to 4
 2017-11-02 15:36:48 ProcedureAfterGetCardImpl::OnStart 132: Player 2 find action with hand 2,3,7,8,9,23,24,25,28,28,12,13,14,18 and interceptionList  latest draw card 18
 2017-11-02 15:36:48 ProcedureAfterGetCardImpl::OnStart 146: done
 2017-11-02 15:36:48 CServerGameDesk::OnProcedureChanged 202: procedure change from 3 to 4
 2017-11-02 15:36:48 CServerGameDesk::OnBeforeProcedureStart 177: before procedure start, from 4 to 9
 2017-11-02 15:36:48 MsgDelegateWaitDiscard::OnSend 134: waiting on player 2 to discard, with candidates :12,13,14,18 !
 2017-11-02 15:36:48 CServerGameDesk::OnProcedureChanged 202: procedure change from 4 to 9
 2017-11-02 15:37:10 MsgDelegateWaitDiscard::OnDiscardCard 40: player 2 discard card 18(idx 13)
 2017-11-02 15:37:10 MsgDelegateDiscardResult::OnSend 49: player 2 discard 18 1
 2017-11-02 15:37:10 CServerGameDesk::OnBeforeProcedureStart 177: before procedure start, from 9 to 6
 2017-11-02 15:37:10 ProcedureInterceptCardImpl::OnStart 316: check interceptable card 18 from Player 2
 2017-11-02 15:37:10 ProcedureInterceptCardJumpDelegateImpl::JumpWhenNoAction 47:  active player changed 2 -> 1
 2017-11-02 15:37:10 CServerGameDesk::OnProcedureChanged 202: procedure change from 9 to 6
 2017-11-02 15:37:10 CServerGameDesk::OnBeforeProcedureStart 177: before procedure start, from 6 to 3
 2017-11-02 15:37:10 MsgDelegateDrawCard::OnSend 61: 1 draw card 24
 2017-11-02 15:37:10 CServerGameDesk::OnProcedureChanged 202: procedure change from 6 to 3
 2017-11-02 15:37:10 CServerGameDesk::OnBeforeProcedureStart 177: before procedure start, from 3 to 4
 2017-11-02 15:37:10 ProcedureAfterGetCardImpl::OnStart 132: Player 1 find action with hand 2,3,6,7,8,21,27,28,28,29,11,11,14,24 and interceptionList  latest draw card 24
 2017-11-02 15:37:10 ProcedureAfterGetCardImpl::OnStart 146: done
 2017-11-02 15:37:10 CServerGameDesk::OnProcedureChanged 202: procedure change from 3 to 4
 2017-11-02 15:37:10 CServerGameDesk::OnBeforeProcedureStart 177: before procedure start, from 4 to 9
 2017-11-02 15:37:10 MsgDelegateWaitDiscard::OnSend 134: waiting on player 1 to discard, with candidates :11,11,14 !
 2017-11-02 15:37:10 CServerGameDesk::OnProcedureChanged 202: procedure change from 4 to 9
 2017-11-02 15:37:32 MsgDelegateWaitDiscard::OnDiscardCard 40: player 1 discard card 14(idx 12)
 2017-11-02 15:37:32 MsgDelegateDiscardResult::OnSend 49: player 1 discard 14 0
 2017-11-02 15:37:32 CServerGameDesk::OnBeforeProcedureStart 177: before procedure start, from 9 to 6
 2017-11-02 15:37:32 ProcedureInterceptCardImpl::OnStart 316: check interceptable card 14 from Player 1
 2017-11-02 15:37:32 ProcedureInterceptCardJumpDelegateImpl::JumpWhenNoAction 47:  active player changed 1 -> 0
 2017-11-02 15:37:32 CServerGameDesk::OnProcedureChanged 202: procedure change from 9 to 6
 2017-11-02 15:37:32 CServerGameDesk::OnBeforeProcedureStart 177: before procedure start, from 6 to 3
 2017-11-02 15:37:32 MsgDelegateDrawCard::OnSend 61: 0 draw card 11
 2017-11-02 15:37:32 CServerGameDesk::OnProcedureChanged 202: procedure change from 6 to 3
 2017-11-02 15:37:32 CServerGameDesk::OnBeforeProcedureStart 177: before procedure start, from 3 to 4
 2017-11-02 15:37:32 ProcedureAfterGetCardImpl::OnStart 132: Player 0 find action with hand 1,5,5,5,9,12,12,13,14,15,16,18,19,11 and interceptionList  latest draw card 11
 2017-11-02 15:37:32 ProcedureAfterGetCardImpl::OnStart 146: done
 2017-11-02 15:37:32 CServerGameDesk::OnProcedureChanged 202: procedure change from 3 to 4
 2017-11-02 15:37:33 CServerGameDesk::OnBeforeProcedureStart 177: before procedure start, from 4 to 9
 2017-11-02 15:37:33 MsgDelegateWaitDiscard::OnSend 134: waiting on player 0 to discard, with candidates :1,5,5,5,9,12,12,13,14,15,16,18,19,11 !
 2017-11-02 15:37:33 CServerGameDesk::OnProcedureChanged 202: procedure change from 4 to 9
 2017-11-02 15:37:54 MsgDelegateWaitDiscard::OnDiscardCard 40: player 0 discard card 11(idx 13)
 2017-11-02 15:37:54 MsgDelegateDiscardResult::OnSend 49: player 0 discard 11 0
 2017-11-02 15:37:54 CServerGameDesk::OnBeforeProcedureStart 177: before procedure start, from 9 to 6
 2017-11-02 15:37:54 ProcedureInterceptCardImpl::OnStart 316: check interceptable card 11 from Player 0
 2017-11-02 15:37:54 ProcedureInterceptCardJumpDelegateImpl::JumpWhenNoAction 47:  active player changed 0 -> 3
 2017-11-02 15:37:54 CServerGameDesk::OnProcedureChanged 202: procedure change from 9 to 6
 2017-11-02 15:37:54 CServerGameDesk::OnBeforeProcedureStart 177: before procedure start, from 6 to 3
 2017-11-02 15:37:54 MsgDelegateDrawCard::OnSend 61: 3 draw card 25
 2017-11-02 15:37:54 CServerGameDesk::OnProcedureChanged 202: procedure change from 6 to 3
 2017-11-02 15:37:55 CServerGameDesk::OnBeforeProcedureStart 177: before procedure start, from 3 to 4
 2017-11-02 15:37:55 ProcedureAfterGetCardImpl::OnStart 132: Player 3 find action with hand 4,4,6,6,7,21,26,26,27,29,17,17,17,25 and interceptionList  latest draw card 25
 2017-11-02 15:37:55 ProcedureAfterGetCardImpl::OnStart 146: done
 2017-11-02 15:37:55 CServerGameDesk::OnProcedureChanged 202: procedure change from 3 to 4
 2017-11-02 15:37:55 CServerGameDesk::OnBeforeProcedureStart 177: before procedure start, from 4 to 9
 2017-11-02 15:37:55 MsgDelegateWaitDiscard::OnSend 134: waiting on player 3 to discard, with candidates :17,17,17 !
 2017-11-02 15:37:55 CServerGameDesk::OnProcedureChanged 202: procedure change from 4 to 9
 2017-11-02 15:38:16 MsgDelegateWaitDiscard::OnDiscardCard 40: player 3 discard card 17(idx 10)
 2017-11-02 15:38:16 MsgDelegateDiscardResult::OnSend 49: player 3 discard 17 0
 2017-11-02 15:38:17 CServerGameDesk::OnBeforeProcedureStart 177: before procedure start, from 9 to 6
 2017-11-02 15:38:17 ProcedureInterceptCardImpl::OnStart 316: check interceptable card 17 from Player 3
 2017-11-02 15:38:17 ProcedureInterceptCardJumpDelegateImpl::JumpWhenNoAction 47:  active player changed 3 -> 2
 2017-11-02 15:38:17 CServerGameDesk::OnProcedureChanged 202: procedure change from 9 to 6
 2017-11-02 15:38:17 CServerGameDesk::OnBeforeProcedureStart 177: before procedure start, from 6 to 3
 2017-11-02 15:38:17 MsgDelegateDrawCard::OnSend 61: 2 draw card 8
 2017-11-02 15:38:17 CServerGameDesk::OnProcedureChanged 202: procedure change from 6 to 3
 2017-11-02 15:38:17 CServerGameDesk::OnBeforeProcedureStart 177: before procedure start, from 3 to 4
 2017-11-02 15:38:17 ProcedureAfterGetCardImpl::OnStart 132: Player 2 find action with hand 2,3,7,8,9,23,24,25,28,28,12,13,14,8 and interceptionList  latest draw card 8
 2017-11-02 15:38:17 ProcedureAfterGetCardImpl::OnStart 146: done
 2017-11-02 15:38:17 CServerGameDesk::OnProcedureChanged 202: procedure change from 3 to 4
 2017-11-02 15:38:17 CServerGameDesk::OnBeforeProcedureStart 177: before procedure start, from 4 to 9
 2017-11-02 15:38:17 MsgDelegateWaitDiscard::OnSend 134: waiting on player 2 to discard, with candidates :12,13,14 !
 2017-11-02 15:38:17 CServerGameDesk::OnProcedureChanged 202: procedure change from 4 to 9
 2017-11-02 15:38:39 MsgDelegateWaitDiscard::OnDiscardCard 40: player 2 discard card 14(idx 12)
 2017-11-02 15:38:39 MsgDelegateDiscardResult::OnSend 49: player 2 discard 14 1
 2017-11-02 15:38:39 CServerGameDesk::OnBeforeProcedureStart 177: before procedure start, from 9 to 6
 2017-11-02 15:38:39 ProcedureInterceptCardImpl::OnStart 316: check interceptable card 14 from Player 2
 2017-11-02 15:38:39 ProcedureInterceptCardJumpDelegateImpl::JumpWhenNoAction 47:  active player changed 2 -> 1
 2017-11-02 15:38:39 CServerGameDesk::OnProcedureChanged 202: procedure change from 9 to 6
 2017-11-02 15:38:39 CServerGameDesk::OnBeforeProcedureStart 177: before procedure start, from 6 to 3
 2017-11-02 15:38:39 MsgDelegateDrawCard::OnSend 61: 1 draw card 12
 2017-11-02 15:38:39 CServerGameDesk::OnProcedureChanged 202: procedure change from 6 to 3
 2017-11-02 15:38:39 CServerGameDesk::OnBeforeProcedureStart 177: before procedure start, from 3 to 4
 2017-11-02 15:38:39 ProcedureAfterGetCardImpl::OnStart 132: Player 1 find action with hand 2,3,6,7,8,21,24,27,28,28,29,11,11,12 and interceptionList  latest draw card 12
 2017-11-02 15:38:39 ProcedureAfterGetCardImpl::OnStart 146: done
 2017-11-02 15:38:39 CServerGameDesk::OnProcedureChanged 202: procedure change from 3 to 4
 2017-11-02 15:38:39 CServerGameDesk::OnBeforeProcedureStart 177: before procedure start, from 4 to 9
 2017-11-02 15:38:39 MsgDelegateWaitDiscard::OnSend 134: waiting on player 1 to discard, with candidates :11,11,12 !
 2017-11-02 15:38:39 CServerGameDesk::OnProcedureChanged 202: procedure change from 4 to 9
 2017-11-02 15:39:01 MsgDelegateWaitDiscard::OnDiscardCard 40: player 1 discard card 12(idx 13)
 2017-11-02 15:39:01 MsgDelegateDiscardResult::OnSend 49: player 1 discard 12 0
 2017-11-02 15:39:01 CServerGameDesk::OnBeforeProcedureStart 177: before procedure start, from 9 to 6
 2017-11-02 15:39:01 ProcedureInterceptCardImpl::OnStart 316: check interceptable card 12 from Player 1
 2017-11-02 15:39:01 ProcedureInterceptCardImpl::OnStart 349: Player 0 have actions type:2 from:1 card:12 cards:12,12,12
 with hand 1,5,5,5,9,12,12,13,14,15,16,18,19 interceptions  card 12
 2017-11-02 15:39:01 ProcedureInterceptCardImpl::OnStart 355: question sent
 2017-11-02 15:39:01 MsgDelegateInterception::OnSend 109: intercepted card : 12
 2017-11-02 15:39:01 MsgDelegateInterception::OnSend 110: player 0 have actions type:2 from:1 card:12 cards:12,12,12

 2017-11-02 15:39:01 CServerGameDesk::OnProcedureChanged 202: procedure change from 9 to 6
 2017-11-02 15:39:07 MsgDelegateInterception::Peng 195: player 0 select 12
 2017-11-02 15:39:07 CServerGameDesk::OnBeforeProcedureStart 177: before procedure start, from 6 to 7
 2017-11-02 15:39:07 MsgDelegateInterceptionResult::OnSend 28: player 0 do with type 2
 2017-11-02 15:39:07 ProcedureDetermineInterceptJumpDelegateImpl::JumpAfterAction 91:  active player changed 1 -> 0
 2017-11-02 15:39:07 CServerGameDesk::OnProcedureChanged 202: procedure change from 6 to 7
 2017-11-02 15:39:08 CServerGameDesk::OnBeforeProcedureStart 177: before procedure start, from 7 to 8
 2017-11-02 15:39:08 ProcedureAfterGetCardImpl::OnStart 132: Player 0 find action with hand 1,5,5,5,9,13,14,15,16,18,19 and interceptionList type:2 from:1 card:12 cards:12,12,12
 latest draw card 255
 2017-11-02 15:39:08 ProcedureAfterGetCardImpl::OnStart 146: done
 2017-11-02 15:39:08 CServerGameDesk::OnProcedureChanged 202: procedure change from 7 to 8
 2017-11-02 15:39:08 CServerGameDesk::OnBeforeProcedureStart 177: before procedure start, from 8 to 9
 2017-11-02 15:39:08 MsgDelegateWaitDiscard::OnSend 134: waiting on player 0 to discard, with candidates :1,5,5,5,9,13,14,15,16,18,19 !
 2017-11-02 15:39:08 CServerGameDesk::OnProcedureChanged 202: procedure change from 8 to 9
 2017-11-02 15:39:12 MsgDelegateWaitDiscard::OnResponse 206: player 0 tried to discard(valid:1, expected player:0)
 2017-11-02 15:39:12 MsgDelegateWaitDiscard::OnResponse 218: the card is 1
 2017-11-02 15:39:12 MsgDelegateWaitDiscard::OnDiscardCard 40: player 0 discard card 1(idx 0)
 2017-11-02 15:39:12 MsgDelegateDiscardResult::OnSend 49: player 0 discard 1 0
 2017-11-02 15:39:12 CServerGameDesk::OnBeforeProcedureStart 177: before procedure start, from 9 to 6
 2017-11-02 15:39:12 ProcedureInterceptCardImpl::OnStart 316: check interceptable card 1 from Player 0
 2017-11-02 15:39:12 ProcedureInterceptCardJumpDelegateImpl::JumpWhenNoAction 47:  active player changed 0 -> 3
 2017-11-02 15:39:12 CServerGameDesk::OnProcedureChanged 202: procedure change from 9 to 6
 2017-11-02 15:39:13 CServerGameDesk::OnBeforeProcedureStart 177: before procedure start, from 6 to 3
 2017-11-02 15:39:13 MsgDelegateDrawCard::OnSend 61: 3 draw card 15
 2017-11-02 15:39:13 CServerGameDesk::OnProcedureChanged 202: procedure change from 6 to 3
 2017-11-02 15:39:13 CServerGameDesk::OnBeforeProcedureStart 177: before procedure start, from 3 to 4
 2017-11-02 15:39:13 ProcedureAfterGetCardImpl::OnStart 132: Player 3 find action with hand 4,4,6,6,7,21,25,26,26,27,29,17,17,15 and interceptionList  latest draw card 15
 2017-11-02 15:39:13 ProcedureAfterGetCardImpl::OnStart 146: done
 2017-11-02 15:39:13 CServerGameDesk::OnProcedureChanged 202: procedure change from 3 to 4
 2017-11-02 15:39:13 CServerGameDesk::OnBeforeProcedureStart 177: before procedure start, from 4 to 9
 2017-11-02 15:39:13 MsgDelegateWaitDiscard::OnSend 134: waiting on player 3 to discard, with candidates :17,17,15 !
 2017-11-02 15:39:13 CServerGameDesk::OnProcedureChanged 202: procedure change from 4 to 9
 2017-11-02 15:39:16 MsgDelegateWaitDiscard::OnResponse 206: player 3 tried to discard(valid:1, expected player:3)
 2017-11-02 15:39:16 MsgDelegateWaitDiscard::OnResponse 218: the card is 15
 2017-11-02 15:39:16 MsgDelegateWaitDiscard::OnDiscardCard 40: player 3 discard card 15(idx 13)
 2017-11-02 15:39:16 MsgDelegateDiscardResult::OnSend 49: player 3 discard 15 0
 2017-11-02 15:39:16 CServerGameDesk::OnBeforeProcedureStart 177: before procedure start, from 9 to 6
 2017-11-02 15:39:16 ProcedureInterceptCardImpl::OnStart 316: check interceptable card 15 from Player 3
 2017-11-02 15:39:16 ProcedureInterceptCardJumpDelegateImpl::JumpWhenNoAction 47:  active player changed 3 -> 2
 2017-11-02 15:39:16 CServerGameDesk::OnProcedureChanged 202: procedure change from 9 to 6
 2017-11-02 15:39:16 CServerGameDesk::OnBeforeProcedureStart 177: before procedure start, from 6 to 3
 2017-11-02 15:39:16 MsgDelegateDrawCard::OnSend 61: 2 draw card 14
 2017-11-02 15:39:16 CServerGameDesk::OnProcedureChanged 202: procedure change from 6 to 3
 2017-11-02 15:39:17 CServerGameDesk::OnBeforeProcedureStart 177: before procedure start, from 3 to 4
 2017-11-02 15:39:17 ProcedureAfterGetCardImpl::OnStart 132: Player 2 find action with hand 2,3,7,8,8,9,23,24,25,28,28,12,13,14 and interceptionList  latest draw card 14
 2017-11-02 15:39:17 ProcedureAfterGetCardImpl::OnStart 146: done
 2017-11-02 15:39:17 CServerGameDesk::OnProcedureChanged 202: procedure change from 3 to 4
 2017-11-02 15:39:17 CServerGameDesk::OnBeforeProcedureStart 177: before procedure start, from 4 to 9
 2017-11-02 15:39:17 MsgDelegateWaitDiscard::OnSend 134: waiting on player 2 to discard, with candidates :12,13,14 !
 2017-11-02 15:39:17 CServerGameDesk::OnProcedureChanged 202: procedure change from 4 to 9
 2017-11-02 15:39:18 MsgDelegateWaitDiscard::OnResponse 206: player 2 tried to discard(valid:1, expected player:2)
 2017-11-02 15:39:18 MsgDelegateWaitDiscard::OnResponse 218: the card is 14
 2017-11-02 15:39:18 MsgDelegateWaitDiscard::OnDiscardCard 40: player 2 discard card 14(idx 13)
 2017-11-02 15:39:18 MsgDelegateDiscardResult::OnSend 49: player 2 discard 14 0
 2017-11-02 15:39:18 CServerGameDesk::OnBeforeProcedureStart 177: before procedure start, from 9 to 6
 2017-11-02 15:39:18 ProcedureInterceptCardImpl::OnStart 316: check interceptable card 14 from Player 2
 2017-11-02 15:39:18 ProcedureInterceptCardJumpDelegateImpl::JumpWhenNoAction 47:  active player changed 2 -> 1
 2017-11-02 15:39:18 CServerGameDesk::OnProcedureChanged 202: procedure change from 9 to 6
 2017-11-02 15:39:18 CServerGameDesk::OnBeforeProcedureStart 177: before procedure start, from 6 to 3
 2017-11-02 15:39:18 MsgDelegateDrawCard::OnSend 61: 1 draw card 16
 2017-11-02 15:39:18 CServerGameDesk::OnProcedureChanged 202: procedure change from 6 to 3
 2017-11-02 15:39:18 CServerGameDesk::OnBeforeProcedureStart 177: before procedure start, from 3 to 4
 2017-11-02 15:39:18 ProcedureAfterGetCardImpl::OnStart 132: Player 1 find action with hand 2,3,6,7,8,21,24,27,28,28,29,11,11,16 and interceptionList  latest draw card 16
 2017-11-02 15:39:18 ProcedureAfterGetCardImpl::OnStart 146: done
 2017-11-02 15:39:18 CServerGameDesk::OnProcedureChanged 202: procedure change from 3 to 4
 2017-11-02 15:39:18 CServerGameDesk::OnBeforeProcedureStart 177: before procedure start, from 4 to 9
 2017-11-02 15:39:18 MsgDelegateWaitDiscard::OnSend 134: waiting on player 1 to discard, with candidates :11,11,16 !
 2017-11-02 15:39:18 CServerGameDesk::OnProcedureChanged 202: procedure change from 4 to 9
 2017-11-02 15:39:20 MsgDelegateWaitDiscard::OnResponse 206: player 1 tried to discard(valid:1, expected player:1)
 2017-11-02 15:39:20 MsgDelegateWaitDiscard::OnResponse 218: the card is 16
 2017-11-02 15:39:20 MsgDelegateWaitDiscard::OnDiscardCard 40: player 1 discard card 16(idx 13)
 2017-11-02 15:39:20 MsgDelegateDiscardResult::OnSend 49: player 1 discard 16 0
 2017-11-02 15:39:20 CServerGameDesk::OnBeforeProcedureStart 177: before procedure start, from 9 to 6
 2017-11-02 15:39:20 ProcedureInterceptCardImpl::OnStart 316: check interceptable card 16 from Player 1
 2017-11-02 15:39:20 ProcedureInterceptCardJumpDelegateImpl::JumpWhenNoAction 47:  active player changed 1 -> 0
 2017-11-02 15:39:20 CServerGameDesk::OnProcedureChanged 202: procedure change from 9 to 6
 2017-11-02 15:39:20 CServerGameDesk::OnBeforeProcedureStart 177: before procedure start, from 6 to 3
 2017-11-02 15:39:20 MsgDelegateDrawCard::OnSend 61: 0 draw card 22
 2017-11-02 15:39:20 CServerGameDesk::OnProcedureChanged 202: procedure change from 6 to 3
 2017-11-02 15:39:21 CServerGameDesk::OnBeforeProcedureStart 177: before procedure start, from 3 to 4
 2017-11-02 15:39:21 ProcedureAfterGetCardImpl::OnStart 132: Player 0 find action with hand 5,5,5,9,13,14,15,16,18,19,22 and interceptionList type:2 from:1 card:12 cards:12,12,12
 latest draw card 22
 2017-11-02 15:39:21 ProcedureAfterGetCardImpl::OnStart 146: done
 2017-11-02 15:39:21 CServerGameDesk::OnProcedureChanged 202: procedure change from 3 to 4
 2017-11-02 15:39:21 CServerGameDesk::OnBeforeProcedureStart 177: before procedure start, from 4 to 9
 2017-11-02 15:39:21 MsgDelegateWaitDiscard::OnSend 134: waiting on player 0 to discard, with candidates :22 !
 2017-11-02 15:39:21 CServerGameDesk::OnProcedureChanged 202: procedure change from 4 to 9
 2017-11-02 15:39:22 MsgDelegateWaitDiscard::OnResponse 206: player 0 tried to discard(valid:1, expected player:0)
 2017-11-02 15:39:22 MsgDelegateWaitDiscard::OnResponse 218: the card is 22
 2017-11-02 15:39:22 MsgDelegateWaitDiscard::OnDiscardCard 40: player 0 discard card 22(idx 10)
 2017-11-02 15:39:22 MsgDelegateDiscardResult::OnSend 49: player 0 discard 22 0
 2017-11-02 15:39:22 CServerGameDesk::OnBeforeProcedureStart 177: before procedure start, from 9 to 6
 2017-11-02 15:39:22 ProcedureInterceptCardImpl::OnStart 316: check interceptable card 22 from Player 0
 2017-11-02 15:39:22 ProcedureInterceptCardJumpDelegateImpl::JumpWhenNoAction 47:  active player changed 0 -> 3
 2017-11-02 15:39:22 CServerGameDesk::OnProcedureChanged 202: procedure change from 9 to 6
 2017-11-02 15:39:22 CServerGameDesk::OnBeforeProcedureStart 177: before procedure start, from 6 to 3
 2017-11-02 15:39:22 MsgDelegateDrawCard::OnSend 61: 3 draw card 27
 2017-11-02 15:39:22 CServerGameDesk::OnProcedureChanged 202: procedure change from 6 to 3
 2017-11-02 15:39:22 CServerGameDesk::OnBeforeProcedureStart 177: before procedure start, from 3 to 4
 2017-11-02 15:39:22 ProcedureAfterGetCardImpl::OnStart 132: Player 3 find action with hand 4,4,6,6,7,21,25,26,26,27,29,17,17,27 and interceptionList  latest draw card 27
 2017-11-02 15:39:22 ProcedureAfterGetCardImpl::OnStart 146: done
 2017-11-02 15:39:22 CServerGameDesk::OnProcedureChanged 202: procedure change from 3 to 4
 2017-11-02 15:39:22 CServerGameDesk::OnBeforeProcedureStart 177: before procedure start, from 4 to 9
 2017-11-02 15:39:22 MsgDelegateWaitDiscard::OnSend 134: waiting on player 3 to discard, with candidates :17,17 !
 2017-11-02 15:39:22 CServerGameDesk::OnProcedureChanged 202: procedure change from 4 to 9
 2017-11-02 15:39:25 MsgDelegateWaitDiscard::OnResponse 206: player 3 tried to discard(valid:1, expected player:3)
 2017-11-02 15:39:25 MsgDelegateWaitDiscard::OnResponse 218: the card is 17
 2017-11-02 15:39:25 MsgDelegateWaitDiscard::OnDiscardCard 40: player 3 discard card 17(idx 11)
 2017-11-02 15:39:25 MsgDelegateDiscardResult::OnSend 49: player 3 discard 17 0
 2017-11-02 15:39:25 CServerGameDesk::OnBeforeProcedureStart 177: before procedure start, from 9 to 6
 2017-11-02 15:39:25 ProcedureInterceptCardImpl::OnStart 316: check interceptable card 17 from Player 3
 2017-11-02 15:39:25 ProcedureInterceptCardJumpDelegateImpl::JumpWhenNoAction 47:  active player changed 3 -> 2
 2017-11-02 15:39:25 CServerGameDesk::OnProcedureChanged 202: procedure change from 9 to 6
 2017-11-02 15:39:25 CServerGameDesk::OnBeforeProcedureStart 177: before procedure start, from 6 to 3
 2017-11-02 15:39:25 MsgDelegateDrawCard::OnSend 61: 2 draw card 13
 2017-11-02 15:39:25 CServerGameDesk::OnProcedureChanged 202: procedure change from 6 to 3
 2017-11-02 15:39:25 CServerGameDesk::OnBeforeProcedureStart 177: before procedure start, from 3 to 4
 2017-11-02 15:39:25 ProcedureAfterGetCardImpl::OnStart 132: Player 2 find action with hand 2,3,7,8,8,9,23,24,25,28,28,12,13,13 and interceptionList  latest draw card 13
 2017-11-02 15:39:25 ProcedureAfterGetCardImpl::OnStart 146: done
 2017-11-02 15:39:25 CServerGameDesk::OnProcedureChanged 202: procedure change from 3 to 4
 2017-11-02 15:39:25 CServerGameDesk::OnBeforeProcedureStart 177: before procedure start, from 4 to 9
 2017-11-02 15:39:25 MsgDelegateWaitDiscard::OnSend 134: waiting on player 2 to discard, with candidates :12,13,13 !
 2017-11-02 15:39:25 CServerGameDesk::OnProcedureChanged 202: procedure change from 4 to 9
 2017-11-02 15:39:28 MsgDelegateWaitDiscard::OnResponse 206: player 2 tried to discard(valid:1, expected player:2)
 2017-11-02 15:39:28 MsgDelegateWaitDiscard::OnResponse 218: the card is 12
 2017-11-02 15:39:28 MsgDelegateWaitDiscard::OnDiscardCard 40: player 2 discard card 12(idx 11)
 2017-11-02 15:39:28 MsgDelegateDiscardResult::OnSend 49: player 2 discard 12 0
 2017-11-02 15:39:28 CServerGameDesk::OnBeforeProcedureStart 177: before procedure start, from 9 to 6
 2017-11-02 15:39:28 ProcedureInterceptCardImpl::OnStart 316: check interceptable card 12 from Player 2
 2017-11-02 15:39:28 ProcedureInterceptCardJumpDelegateImpl::JumpWhenNoAction 47:  active player changed 2 -> 1
 2017-11-02 15:39:28 CServerGameDesk::OnProcedureChanged 202: procedure change from 9 to 6
 2017-11-02 15:39:28 CServerGameDesk::OnBeforeProcedureStart 177: before procedure start, from 6 to 3
 2017-11-02 15:39:28 MsgDelegateDrawCard::OnSend 61: 1 draw card 2
 2017-11-02 15:39:28 CServerGameDesk::OnProcedureChanged 202: procedure change from 6 to 3
 2017-11-02 15:39:28 CServerGameDesk::OnBeforeProcedureStart 177: before procedure start, from 3 to 4
 2017-11-02 15:39:28 ProcedureAfterGetCardImpl::OnStart 132: Player 1 find action with hand 2,3,6,7,8,21,24,27,28,28,29,11,11,2 and interceptionList  latest draw card 2
 2017-11-02 15:39:28 ProcedureAfterGetCardImpl::OnStart 146: done
 2017-11-02 15:39:28 CServerGameDesk::OnProcedureChanged 202: procedure change from 3 to 4
 2017-11-02 15:39:28 CServerGameDesk::OnBeforeProcedureStart 177: before procedure start, from 4 to 9
 2017-11-02 15:39:28 MsgDelegateWaitDiscard::OnSend 134: waiting on player 1 to discard, with candidates :11,11 !
 2017-11-02 15:39:28 CServerGameDesk::OnProcedureChanged 202: procedure change from 4 to 9
 2017-11-02 15:39:30 MsgDelegateWaitDiscard::OnResponse 206: player 1 tried to discard(valid:1, expected player:1)
 2017-11-02 15:39:30 MsgDelegateWaitDiscard::OnResponse 218: the card is 11
 2017-11-02 15:39:30 MsgDelegateWaitDiscard::OnDiscardCard 40: player 1 discard card 11(idx 11)
 2017-11-02 15:39:30 MsgDelegateDiscardResult::OnSend 49: player 1 discard 11 0
 2017-11-02 15:39:30 CServerGameDesk::OnBeforeProcedureStart 177: before procedure start, from 9 to 6
 2017-11-02 15:39:30 ProcedureInterceptCardImpl::OnStart 316: check interceptable card 11 from Player 1
 2017-11-02 15:39:30 ProcedureInterceptCardJumpDelegateImpl::JumpWhenNoAction 47:  active player changed 1 -> 0
 2017-11-02 15:39:30 CServerGameDesk::OnProcedureChanged 202: procedure change from 9 to 6
 2017-11-02 15:39:30 CServerGameDesk::OnBeforeProcedureStart 177: before procedure start, from 6 to 3
 2017-11-02 15:39:30 MsgDelegateDrawCard::OnSend 61: 0 draw card 19
 2017-11-02 15:39:30 CServerGameDesk::OnProcedureChanged 202: procedure change from 6 to 3
 2017-11-02 15:39:30 CServerGameDesk::OnBeforeProcedureStart 177: before procedure start, from 3 to 4
 2017-11-02 15:39:30 ProcedureAfterGetCardImpl::OnStart 132: Player 0 find action with hand 5,5,5,9,13,14,15,16,18,19,19 and interceptionList type:2 from:1 card:12 cards:12,12,12
 latest draw card 19
 2017-11-02 15:39:30 ProcedureAfterGetCardImpl::OnStart 146: done
 2017-11-02 15:39:30 CServerGameDesk::OnProcedureChanged 202: procedure change from 3 to 4
 2017-11-02 15:39:30 CServerGameDesk::OnBeforeProcedureStart 177: before procedure start, from 4 to 9
 2017-11-02 15:39:30 MsgDelegateWaitDiscard::OnSend 134: waiting on player 0 to discard, with candidates :5,5,5,9,13,14,15,16,18,19,19 !
 2017-11-02 15:39:30 CServerGameDesk::OnProcedureChanged 202: procedure change from 4 to 9
 2017-11-02 15:39:34 MsgDelegateWaitDiscard::OnResponse 206: player 0 tried to discard(valid:1, expected player:0)
 2017-11-02 15:39:34 MsgDelegateWaitDiscard::OnResponse 218: the card is 9
 2017-11-02 15:39:34 MsgDelegateWaitDiscard::OnDiscardCard 40: player 0 discard card 9(idx 3)
 2017-11-02 15:39:34 MsgDelegateDiscardResult::OnSend 49: player 0 discard 9 0
 2017-11-02 15:39:34 CServerGameDesk::OnBeforeProcedureStart 177: before procedure start, from 9 to 6
 2017-11-02 15:39:34 ProcedureInterceptCardImpl::OnStart 316: check interceptable card 9 from Player 0
 2017-11-02 15:39:34 ProcedureInterceptCardJumpDelegateImpl::JumpWhenNoAction 47:  active player changed 0 -> 3
 2017-11-02 15:39:34 CServerGameDesk::OnProcedureChanged 202: procedure change from 9 to 6
 2017-11-02 15:39:34 CServerGameDesk::OnBeforeProcedureStart 177: before procedure start, from 6 to 3
 2017-11-02 15:39:34 MsgDelegateDrawCard::OnSend 61: 3 draw card 11
 2017-11-02 15:39:34 CServerGameDesk::OnProcedureChanged 202: procedure change from 6 to 3
 2017-11-02 15:39:34 CServerGameDesk::OnBeforeProcedureStart 177: before procedure start, from 3 to 4
 2017-11-02 15:39:34 ProcedureAfterGetCardImpl::OnStart 132: Player 3 find action with hand 4,4,6,6,7,21,25,26,26,27,27,29,17,11 and interceptionList  latest draw card 11
 2017-11-02 15:39:34 ProcedureAfterGetCardImpl::OnStart 146: done
 2017-11-02 15:39:34 CServerGameDesk::OnProcedureChanged 202: procedure change from 3 to 4
 2017-11-02 15:39:34 CServerGameDesk::OnBeforeProcedureStart 177: before procedure start, from 4 to 9
 2017-11-02 15:39:34 MsgDelegateWaitDiscard::OnSend 134: waiting on player 3 to discard, with candidates :17,11 !
 2017-11-02 15:39:34 CServerGameDesk::OnProcedureChanged 202: procedure change from 4 to 9
 2017-11-02 15:39:37 MsgDelegateWaitDiscard::OnResponse 206: player 3 tried to discard(valid:1, expected player:3)
 2017-11-02 15:39:37 MsgDelegateWaitDiscard::OnResponse 218: the card is 11
 2017-11-02 15:39:37 MsgDelegateWaitDiscard::OnDiscardCard 40: player 3 discard card 11(idx 13)
 2017-11-02 15:39:37 MsgDelegateDiscardResult::OnSend 49: player 3 discard 11 0
 2017-11-02 15:39:37 CServerGameDesk::OnBeforeProcedureStart 177: before procedure start, from 9 to 6
 2017-11-02 15:39:37 ProcedureInterceptCardImpl::OnStart 316: check interceptable card 11 from Player 3
 2017-11-02 15:39:37 ProcedureInterceptCardJumpDelegateImpl::JumpWhenNoAction 47:  active player changed 3 -> 2
 2017-11-02 15:39:37 CServerGameDesk::OnProcedureChanged 202: procedure change from 9 to 6
 2017-11-02 15:39:37 CServerGameDesk::OnBeforeProcedureStart 177: before procedure start, from 6 to 3
 2017-11-02 15:39:37 MsgDelegateDrawCard::OnSend 61: 2 draw card 15
 2017-11-02 15:39:37 CServerGameDesk::OnProcedureChanged 202: procedure change from 6 to 3
 2017-11-02 15:39:37 CServerGameDesk::OnBeforeProcedureStart 177: before procedure start, from 3 to 4
 2017-11-02 15:39:37 ProcedureAfterGetCardImpl::OnStart 132: Player 2 find action with hand 2,3,7,8,8,9,23,24,25,28,28,13,13,15 and interceptionList  latest draw card 15
 2017-11-02 15:39:37 ProcedureAfterGetCardImpl::OnStart 146: done
 2017-11-02 15:39:37 CServerGameDesk::OnProcedureChanged 202: procedure change from 3 to 4
 2017-11-02 15:39:37 CServerGameDesk::OnBeforeProcedureStart 177: before procedure start, from 4 to 9
 2017-11-02 15:39:37 MsgDelegateWaitDiscard::OnSend 134: waiting on player 2 to discard, with candidates :13,13,15 !
 2017-11-02 15:39:37 CServerGameDesk::OnProcedureChanged 202: procedure change from 4 to 9
 2017-11-02 15:39:39 MsgDelegateWaitDiscard::OnResponse 206: player 2 tried to discard(valid:1, expected player:2)
 2017-11-02 15:39:39 MsgDelegateWaitDiscard::OnResponse 218: the card is 15
 2017-11-02 15:39:39 MsgDelegateWaitDiscard::OnDiscardCard 40: player 2 discard card 15(idx 13)
 2017-11-02 15:39:39 MsgDelegateDiscardResult::OnSend 49: player 2 discard 15 0
 2017-11-02 15:39:39 CServerGameDesk::OnBeforeProcedureStart 177: before procedure start, from 9 to 6
 2017-11-02 15:39:39 ProcedureInterceptCardImpl::OnStart 316: check interceptable card 15 from Player 2
 2017-11-02 15:39:39 ProcedureInterceptCardJumpDelegateImpl::JumpWhenNoAction 47:  active player changed 2 -> 1
 2017-11-02 15:39:39 CServerGameDesk::OnProcedureChanged 202: procedure change from 9 to 6
 2017-11-02 15:39:39 CServerGameDesk::OnBeforeProcedureStart 177: before procedure start, from 6 to 3
 2017-11-02 15:39:39 MsgDelegateDrawCard::OnSend 61: 1 draw card 8
 2017-11-02 15:39:39 CServerGameDesk::OnProcedureChanged 202: procedure change from 6 to 3
 2017-11-02 15:39:39 CServerGameDesk::OnBeforeProcedureStart 177: before procedure start, from 3 to 4
 2017-11-02 15:39:39 ProcedureAfterGetCardImpl::OnStart 132: Player 1 find action with hand 2,2,3,6,7,8,21,24,27,28,28,29,11,8 and interceptionList  latest draw card 8
 2017-11-02 15:39:39 ProcedureAfterGetCardImpl::OnStart 146: done
 2017-11-02 15:39:39 CServerGameDesk::OnProcedureChanged 202: procedure change from 3 to 4
 2017-11-02 15:39:39 CServerGameDesk::OnBeforeProcedureStart 177: before procedure start, from 4 to 9
 2017-11-02 15:39:39 MsgDelegateWaitDiscard::OnSend 134: waiting on player 1 to discard, with candidates :11 !
 2017-11-02 15:39:39 CServerGameDesk::OnProcedureChanged 202: procedure change from 4 to 9
 2017-11-02 15:39:41 MsgDelegateWaitDiscard::OnResponse 206: player 1 tried to discard(valid:1, expected player:1)
 2017-11-02 15:39:41 MsgDelegateWaitDiscard::OnResponse 218: the card is 11
 2017-11-02 15:39:41 MsgDelegateWaitDiscard::OnDiscardCard 40: player 1 discard card 11(idx 12)
 2017-11-02 15:39:41 MsgDelegateDiscardResult::OnSend 49: player 1 discard 11 0
 2017-11-02 15:39:41 CServerGameDesk::OnBeforeProcedureStart 177: before procedure start, from 9 to 6
 2017-11-02 15:39:41 ProcedureInterceptCardImpl::OnStart 316: check interceptable card 11 from Player 1
 2017-11-02 15:39:41 ProcedureInterceptCardJumpDelegateImpl::JumpWhenNoAction 47:  active player changed 1 -> 0
 2017-11-02 15:39:41 CServerGameDesk::OnProcedureChanged 202: procedure change from 9 to 6
 2017-11-02 15:39:41 CServerGameDesk::OnBeforeProcedureStart 177: before procedure start, from 6 to 3
 2017-11-02 15:39:41 MsgDelegateDrawCard::OnSend 61: 0 draw card 3
 2017-11-02 15:39:41 CServerGameDesk::OnProcedureChanged 202: procedure change from 6 to 3
 2017-11-02 15:39:41 CServerGameDesk::OnBeforeProcedureStart 177: before procedure start, from 3 to 4
 2017-11-02 15:39:41 ProcedureAfterGetCardImpl::OnStart 132: Player 0 find action with hand 5,5,5,13,14,15,16,18,19,19,3 and interceptionList type:2 from:1 card:12 cards:12,12,12
 latest draw card 3
 2017-11-02 15:39:41 ProcedureAfterGetCardImpl::OnStart 146: done
 2017-11-02 15:39:41 CServerGameDesk::OnProcedureChanged 202: procedure change from 3 to 4
 2017-11-02 15:39:41 CServerGameDesk::OnBeforeProcedureStart 177: before procedure start, from 4 to 9
 2017-11-02 15:39:41 MsgDelegateWaitDiscard::OnSend 134: waiting on player 0 to discard, with candidates :5,5,5,13,14,15,16,18,19,19,3 !
 2017-11-02 15:39:41 CServerGameDesk::OnProcedureChanged 202: procedure change from 4 to 9
 2017-11-02 15:39:47 MsgDelegateWaitDiscard::OnResponse 206: player 0 tried to discard(valid:1, expected player:0)
 2017-11-02 15:39:47 MsgDelegateWaitDiscard::OnResponse 218: the card is 3
 2017-11-02 15:39:47 MsgDelegateWaitDiscard::OnDiscardCard 40: player 0 discard card 3(idx 10)
 2017-11-02 15:39:47 MsgDelegateDiscardResult::OnSend 49: player 0 discard 3 1
 2017-11-02 15:39:47 CServerGameDesk::OnBeforeProcedureStart 177: before procedure start, from 9 to 6
 2017-11-02 15:39:47 ProcedureInterceptCardImpl::OnStart 316: check interceptable card 3 from Player 0
 2017-11-02 15:39:47 ProcedureInterceptCardJumpDelegateImpl::JumpWhenNoAction 47:  active player changed 0 -> 3
 2017-11-02 15:39:47 CServerGameDesk::OnProcedureChanged 202: procedure change from 9 to 6
 2017-11-02 15:39:48 CServerGameDesk::OnBeforeProcedureStart 177: before procedure start, from 6 to 3
 2017-11-02 15:39:48 MsgDelegateDrawCard::OnSend 61: 3 draw card 29
 2017-11-02 15:39:48 CServerGameDesk::OnProcedureChanged 202: procedure change from 6 to 3
 2017-11-02 15:39:48 CServerGameDesk::OnBeforeProcedureStart 177: before procedure start, from 3 to 4
 2017-11-02 15:39:48 ProcedureAfterGetCardImpl::OnStart 132: Player 3 find action with hand 4,4,6,6,7,21,25,26,26,27,27,29,17,29 and interceptionList  latest draw card 29
 2017-11-02 15:39:48 ProcedureAfterGetCardImpl::OnStart 146: done
 2017-11-02 15:39:48 CServerGameDesk::OnProcedureChanged 202: procedure change from 3 to 4
 2017-11-02 15:39:48 CServerGameDesk::OnBeforeProcedureStart 177: before procedure start, from 4 to 9
 2017-11-02 15:39:48 MsgDelegateWaitDiscard::OnSend 134: waiting on player 3 to discard, with candidates :17 !
 2017-11-02 15:39:48 CServerGameDesk::OnProcedureChanged 202: procedure change from 4 to 9
 2017-11-02 15:39:52 MsgDelegateWaitDiscard::OnResponse 206: player 3 tried to discard(valid:1, expected player:3)
 2017-11-02 15:39:52 MsgDelegateWaitDiscard::OnResponse 218: the card is 17
 2017-11-02 15:39:52 MsgDelegateWaitDiscard::OnDiscardCard 40: player 3 discard card 17(idx 12)
 2017-11-02 15:39:52 MsgDelegateDiscardResult::OnSend 49: player 3 discard 17 0
 2017-11-02 15:39:52 CServerGameDesk::OnBeforeProcedureStart 177: before procedure start, from 9 to 6
 2017-11-02 15:39:52 ProcedureInterceptCardImpl::OnStart 316: check interceptable card 17 from Player 3
 2017-11-02 15:39:52 ProcedureInterceptCardImpl::OnStart 349: Player 0 have actions type:16 from:3 card:17 cards:5,5,5,13,14,15,16,18,19,19,17
 with hand 5,5,5,13,14,15,16,18,19,19 interceptions type:2 from:1 card:12 cards:12,12,12
 card 17
 2017-11-02 15:39:52 ProcedureInterceptCardImpl::OnStart 355: question sent
 2017-11-02 15:39:52 MsgDelegateInterception::OnSend 109: intercepted card : 17
 2017-11-02 15:39:52 MsgDelegateInterception::OnSend 110: player 0 have actions type:16 from:3 card:17 cards:5,5,5,13,14,15,16,18,19,19,17

 2017-11-02 15:39:52 CServerGameDesk::OnProcedureChanged 202: procedure change from 9 to 6
 2017-11-02 15:39:54 MsgDelegateInterception::Win 247: player 0 select 17
 2017-11-02 15:39:54 CServerGameDesk::OnBeforeProcedureStart 177: before procedure start, from 6 to 7
 2017-11-02 15:39:54 MsgDelegateInterceptionResult::OnSend 28: player 0 do with type 16
 2017-11-02 15:39:54 ProcedureDetermineInterceptJumpDelegateImpl::JumpAfterAction 91:  active player changed 3 -> 2
 2017-11-02 15:39:54 CServerGameDesk::OnProcedureChanged 202: procedure change from 6 to 7
 2017-11-02 15:39:54 CServerGameDesk::OnBeforeProcedureStart 177: before procedure start, from 7 to 3
 2017-11-02 15:39:54 MsgDelegateDrawCard::OnSend 61: 2 draw card 24
 2017-11-02 15:39:54 CServerGameDesk::OnProcedureChanged 202: procedure change from 7 to 3
 2017-11-02 15:39:54 CServerGameDesk::OnBeforeProcedureStart 177: before procedure start, from 3 to 4
 2017-11-02 15:39:54 ProcedureAfterGetCardImpl::OnStart 132: Player 2 find action with hand 2,3,7,8,8,9,23,24,25,28,28,13,13,24 and interceptionList  latest draw card 24
 2017-11-02 15:39:54 ProcedureAfterGetCardImpl::OnStart 146: done
 2017-11-02 15:39:54 CServerGameDesk::OnProcedureChanged 202: procedure change from 3 to 4
 2017-11-02 15:39:54 CServerGameDesk::OnBeforeProcedureStart 177: before procedure start, from 4 to 9
 2017-11-02 15:39:54 MsgDelegateWaitDiscard::OnSend 134: waiting on player 2 to discard, with candidates :13,13 !
 2017-11-02 15:39:54 CServerGameDesk::OnProcedureChanged 202: procedure change from 4 to 9
 2017-11-02 15:40:01 MsgDelegateWaitDiscard::OnResponse 206: player 2 tried to discard(valid:1, expected player:2)
 2017-11-02 15:40:01 MsgDelegateWaitDiscard::OnResponse 218: the card is 13
 2017-11-02 15:40:01 MsgDelegateWaitDiscard::OnDiscardCard 40: player 2 discard card 13(idx 11)
 2017-11-02 15:40:01 MsgDelegateDiscardResult::OnSend 49: player 2 discard 13 0
 2017-11-02 15:40:01 CServerGameDesk::OnBeforeProcedureStart 177: before procedure start, from 9 to 6
 2017-11-02 15:40:01 ProcedureInterceptCardImpl::OnStart 316: check interceptable card 13 from Player 2
 2017-11-02 15:40:01 ProcedureInterceptCardJumpDelegateImpl::JumpWhenNoAction 47:  active player changed 2 -> 1
 2017-11-02 15:40:01 CServerGameDesk::OnProcedureChanged 202: procedure change from 9 to 6
 2017-11-02 15:40:01 CServerGameDesk::OnBeforeProcedureStart 177: before procedure start, from 6 to 3
 2017-11-02 15:40:01 MsgDelegateDrawCard::OnSend 61: 1 draw card 23
 2017-11-02 15:40:01 CServerGameDesk::OnProcedureChanged 202: procedure change from 6 to 3
 2017-11-02 15:40:01 CServerGameDesk::OnBeforeProcedureStart 177: before procedure start, from 3 to 4
 2017-11-02 15:40:01 ProcedureAfterGetCardImpl::OnStart 132: Player 1 find action with hand 2,2,3,6,7,8,8,21,24,27,28,28,29,23 and interceptionList  latest draw card 23
 2017-11-02 15:40:01 ProcedureAfterGetCardImpl::OnStart 146: done
 2017-11-02 15:40:01 CServerGameDesk::OnProcedureChanged 202: procedure change from 3 to 4
 2017-11-02 15:40:01 CServerGameDesk::OnBeforeProcedureStart 177: before procedure start, from 4 to 9
 2017-11-02 15:40:01 MsgDelegateWaitDiscard::OnSend 134: waiting on player 1 to discard, with candidates :2,2,3,6,7,8,8,21,24,27,28,28,29,23 !
 2017-11-02 15:40:01 CServerGameDesk::OnProcedureChanged 202: procedure change from 4 to 9
 2017-11-02 15:40:23 MsgDelegateWaitDiscard::OnDiscardCard 40: player 1 discard card 23(idx 13)
 2017-11-02 15:40:23 MsgDelegateDiscardResult::OnSend 49: player 1 discard 23 0
 2017-11-02 15:40:23 CServerGameDesk::OnBeforeProcedureStart 177: before procedure start, from 9 to 6
 2017-11-02 15:40:23 ProcedureInterceptCardImpl::OnStart 316: check interceptable card 23 from Player 1
 2017-11-02 15:40:23 ProcedureInterceptCardJumpDelegateImpl::JumpWhenNoAction 47:  active player changed 1 -> 3
 2017-11-02 15:40:23 CServerGameDesk::OnProcedureChanged 202: procedure change from 9 to 6
 2017-11-02 15:40:23 CServerGameDesk::OnBeforeProcedureStart 177: before procedure start, from 6 to 3
 2017-11-02 15:40:23 MsgDelegateDrawCard::OnSend 61: 3 draw card 26
 2017-11-02 15:40:23 CServerGameDesk::OnProcedureChanged 202: procedure change from 6 to 3
 2017-11-02 15:40:23 CServerGameDesk::OnBeforeProcedureStart 177: before procedure start, from 3 to 4
 2017-11-02 15:40:23 ProcedureAfterGetCardImpl::OnStart 132: Player 3 find action with hand 4,4,6,6,7,21,25,26,26,27,27,29,29,26 and interceptionList  latest draw card 26
 2017-11-02 15:40:23 ProcedureAfterGetCardImpl::OnStart 146: done
 2017-11-02 15:40:23 CServerGameDesk::OnProcedureChanged 202: procedure change from 3 to 4
 2017-11-02 15:40:23 CServerGameDesk::OnBeforeProcedureStart 177: before procedure start, from 4 to 9
 2017-11-02 15:40:23 MsgDelegateWaitDiscard::OnSend 134: waiting on player 3 to discard, with candidates :4,4,6,6,7,21,25,26,26,27,27,29,29,26 !
 2017-11-02 15:40:23 CServerGameDesk::OnProcedureChanged 202: procedure change from 4 to 9
 2017-11-02 15:40:32 MsgDelegateWaitDiscard::OnResponse 206: player 3 tried to discard(valid:1, expected player:3)
 2017-11-02 15:40:32 MsgDelegateWaitDiscard::OnResponse 218: the card is 21
 2017-11-02 15:40:32 MsgDelegateWaitDiscard::OnDiscardCard 40: player 3 discard card 21(idx 5)
 2017-11-02 15:40:32 MsgDelegateDiscardResult::OnSend 49: player 3 discard 21 0
 2017-11-02 15:40:32 CServerGameDesk::OnBeforeProcedureStart 177: before procedure start, from 9 to 6
 2017-11-02 15:40:32 ProcedureInterceptCardImpl::OnStart 316: check interceptable card 21 from Player 3
 2017-11-02 15:40:32 ProcedureInterceptCardJumpDelegateImpl::JumpWhenNoAction 47:  active player changed 3 -> 2
 2017-11-02 15:40:32 CServerGameDesk::OnProcedureChanged 202: procedure change from 9 to 6
 2017-11-02 15:40:32 CServerGameDesk::OnBeforeProcedureStart 177: before procedure start, from 6 to 3
 2017-11-02 15:40:32 MsgDelegateDrawCard::OnSend 61: 2 draw card 24
 2017-11-02 15:40:32 CServerGameDesk::OnProcedureChanged 202: procedure change from 6 to 3
 2017-11-02 15:40:32 CServerGameDesk::OnBeforeProcedureStart 177: before procedure start, from 3 to 4
 2017-11-02 15:40:32 ProcedureAfterGetCardImpl::OnStart 132: Player 2 find action with hand 2,3,7,8,8,9,23,24,24,25,28,28,13,24 and interceptionList  latest draw card 24
 2017-11-02 15:40:32 ProcedureAfterGetCardImpl::OnStart 146: done
 2017-11-02 15:40:32 CServerGameDesk::OnProcedureChanged 202: procedure change from 3 to 4
 2017-11-02 15:40:32 CServerGameDesk::OnBeforeProcedureStart 177: before procedure start, from 4 to 9
 2017-11-02 15:40:32 MsgDelegateWaitDiscard::OnSend 134: waiting on player 2 to discard, with candidates :13 !
 2017-11-02 15:40:32 CServerGameDesk::OnProcedureChanged 202: procedure change from 4 to 9
 2017-11-02 15:40:33 MsgDelegateWaitDiscard::OnResponse 206: player 2 tried to discard(valid:1, expected player:2)
 2017-11-02 15:40:33 MsgDelegateWaitDiscard::OnResponse 218: the card is 13
 2017-11-02 15:40:33 MsgDelegateWaitDiscard::OnDiscardCard 40: player 2 discard card 13(idx 12)
 2017-11-02 15:40:33 MsgDelegateDiscardResult::OnSend 49: player 2 discard 13 0
 2017-11-02 15:40:33 CServerGameDesk::OnBeforeProcedureStart 177: before procedure start, from 9 to 6
 2017-11-02 15:40:33 ProcedureInterceptCardImpl::OnStart 316: check interceptable card 13 from Player 2
 2017-11-02 15:40:33 ProcedureInterceptCardJumpDelegateImpl::JumpWhenNoAction 47:  active player changed 2 -> 1
 2017-11-02 15:40:33 CServerGameDesk::OnProcedureChanged 202: procedure change from 9 to 6
 2017-11-02 15:40:33 CServerGameDesk::OnBeforeProcedureStart 177: before procedure start, from 6 to 3
 2017-11-02 15:40:33 MsgDelegateDrawCard::OnSend 61: 1 draw card 1
 2017-11-02 15:40:33 CServerGameDesk::OnProcedureChanged 202: procedure change from 6 to 3
 2017-11-02 15:40:34 CServerGameDesk::OnBeforeProcedureStart 177: before procedure start, from 3 to 4
 2017-11-02 15:40:34 ProcedureAfterGetCardImpl::OnStart 132: Player 1 find action with hand 2,2,3,6,7,8,8,21,24,27,28,28,29,1 and interceptionList  latest draw card 1
 2017-11-02 15:40:34 ProcedureAfterGetCardImpl::OnStart 146: done
 2017-11-02 15:40:34 CServerGameDesk::OnProcedureChanged 202: procedure change from 3 to 4
 2017-11-02 15:40:34 CServerGameDesk::OnBeforeProcedureStart 177: before procedure start, from 4 to 9
 2017-11-02 15:40:34 MsgDelegateWaitDiscard::OnSend 134: waiting on player 1 to discard, with candidates :2,2,3,6,7,8,8,21,24,27,28,28,29,1 !
 2017-11-02 15:40:34 CServerGameDesk::OnProcedureChanged 202: procedure change from 4 to 9
 2017-11-02 15:40:37 MsgDelegateWaitDiscard::OnResponse 206: player 1 tried to discard(valid:1, expected player:1)
 2017-11-02 15:40:37 MsgDelegateWaitDiscard::OnResponse 218: the card is 2
 2017-11-02 15:40:37 MsgDelegateWaitDiscard::OnDiscardCard 40: player 1 discard card 2(idx 0)
 2017-11-02 15:40:37 MsgDelegateDiscardResult::OnSend 49: player 1 discard 2 0
 2017-11-02 15:40:37 CServerGameDesk::OnBeforeProcedureStart 177: before procedure start, from 9 to 6
 2017-11-02 15:40:37 ProcedureInterceptCardImpl::OnStart 316: check interceptable card 2 from Player 1
 2017-11-02 15:40:37 ProcedureInterceptCardJumpDelegateImpl::JumpWhenNoAction 47:  active player changed 1 -> 3
 2017-11-02 15:40:37 CServerGameDesk::OnProcedureChanged 202: procedure change from 9 to 6
 2017-11-02 15:40:37 CServerGameDesk::OnBeforeProcedureStart 177: before procedure start, from 6 to 3
 2017-11-02 15:40:37 MsgDelegateDrawCard::OnSend 61: 3 draw card 1
 2017-11-02 15:40:37 CServerGameDesk::OnProcedureChanged 202: procedure change from 6 to 3
 2017-11-02 15:40:37 CServerGameDesk::OnBeforeProcedureStart 177: before procedure start, from 3 to 4
 2017-11-02 15:40:37 ProcedureAfterGetCardImpl::OnStart 132: Player 3 find action with hand 4,4,6,6,7,25,26,26,26,27,27,29,29,1 and interceptionList  latest draw card 1
 2017-11-02 15:40:37 ProcedureAfterGetCardImpl::OnStart 146: done
 2017-11-02 15:40:37 CServerGameDesk::OnProcedureChanged 202: procedure change from 3 to 4
 2017-11-02 15:40:37 CServerGameDesk::OnBeforeProcedureStart 177: before procedure start, from 4 to 9
 2017-11-02 15:40:37 MsgDelegateWaitDiscard::OnSend 134: waiting on player 3 to discard, with candidates :4,4,6,6,7,25,26,26,26,27,27,29,29,1 !
 2017-11-02 15:40:37 CServerGameDesk::OnProcedureChanged 202: procedure change from 4 to 9
 2017-11-02 15:40:47 MsgDelegateWaitDiscard::OnResponse 206: player 3 tried to discard(valid:1, expected player:3)
 2017-11-02 15:40:47 MsgDelegateWaitDiscard::OnResponse 218: the card is 1
 2017-11-02 15:40:47 MsgDelegateWaitDiscard::OnDiscardCard 40: player 3 discard card 1(idx 13)
 2017-11-02 15:40:47 MsgDelegateDiscardResult::OnSend 49: player 3 discard 1 0
 2017-11-02 15:40:47 CServerGameDesk::OnBeforeProcedureStart 177: before procedure start, from 9 to 6
 2017-11-02 15:40:47 ProcedureInterceptCardImpl::OnStart 316: check interceptable card 1 from Player 3
 2017-11-02 15:40:47 ProcedureInterceptCardJumpDelegateImpl::JumpWhenNoAction 47:  active player changed 3 -> 2
 2017-11-02 15:40:47 CServerGameDesk::OnProcedureChanged 202: procedure change from 9 to 6
 2017-11-02 15:40:47 CServerGameDesk::OnBeforeProcedureStart 177: before procedure start, from 6 to 3
 2017-11-02 15:40:47 MsgDelegateDrawCard::OnSend 61: 2 draw card 2
 2017-11-02 15:40:47 CServerGameDesk::OnProcedureChanged 202: procedure change from 6 to 3
 2017-11-02 15:40:47 CServerGameDesk::OnBeforeProcedureStart 177: before procedure start, from 3 to 4
 2017-11-02 15:40:47 ProcedureAfterGetCardImpl::OnStart 132: Player 2 find action with hand 2,3,7,8,8,9,23,24,24,24,25,28,28,2 and interceptionList  latest draw card 2
 2017-11-02 15:40:47 ProcedureAfterGetCardImpl::OnStart 146: done
 2017-11-02 15:40:47 CServerGameDesk::OnProcedureChanged 202: procedure change from 3 to 4
 2017-11-02 15:40:47 CServerGameDesk::OnBeforeProcedureStart 177: before procedure start, from 4 to 9
 2017-11-02 15:40:47 MsgDelegateWaitDiscard::OnSend 134: waiting on player 2 to discard, with candidates :2,3,7,8,8,9,23,24,24,24,25,28,28,2 !
 2017-11-02 15:40:47 CServerGameDesk::OnProcedureChanged 202: procedure change from 4 to 9
 2017-11-02 15:40:54 MsgDelegateWaitDiscard::OnResponse 206: player 2 tried to discard(valid:1, expected player:2)
 2017-11-02 15:40:54 MsgDelegateWaitDiscard::OnResponse 218: the card is 8
 2017-11-02 15:40:54 MsgDelegateWaitDiscard::OnDiscardCard 40: player 2 discard card 8(idx 3)
 2017-11-02 15:40:54 MsgDelegateDiscardResult::OnSend 49: player 2 discard 8 0
 2017-11-02 15:40:54 CServerGameDesk::OnBeforeProcedureStart 177: before procedure start, from 9 to 6
 2017-11-02 15:40:54 ProcedureInterceptCardImpl::OnStart 316: check interceptable card 8 from Player 2
 2017-11-02 15:40:54 ProcedureInterceptCardImpl::OnStart 349: Player 1 have actions type:2 from:2 card:8 cards:8,8,8
 with hand 1,2,3,6,7,8,8,21,24,27,28,28,29 interceptions  card 8
 2017-11-02 15:40:54 ProcedureInterceptCardImpl::OnStart 355: question sent
 2017-11-02 15:40:54 MsgDelegateInterception::OnSend 109: intercepted card : 8
 2017-11-02 15:40:54 MsgDelegateInterception::OnSend 110: player 1 have actions type:2 from:2 card:8 cards:8,8,8

 2017-11-02 15:40:54 CServerGameDesk::OnProcedureChanged 202: procedure change from 9 to 6
 2017-11-02 15:40:58 MsgDelegateInterception::Peng 195: player 1 select 8
 2017-11-02 15:40:58 CServerGameDesk::OnBeforeProcedureStart 177: before procedure start, from 6 to 7
 2017-11-02 15:40:58 MsgDelegateInterceptionResult::OnSend 28: player 1 do with type 2
 2017-11-02 15:40:58 ProcedureDetermineInterceptJumpDelegateImpl::JumpAfterAction 91:  active player changed 2 -> 1
 2017-11-02 15:40:58 CServerGameDesk::OnProcedureChanged 202: procedure change from 6 to 7
 2017-11-02 15:40:58 CServerGameDesk::OnBeforeProcedureStart 177: before procedure start, from 7 to 8
 2017-11-02 15:40:58 ProcedureAfterGetCardImpl::OnStart 132: Player 1 find action with hand 1,2,3,6,7,21,24,27,28,28,29 and interceptionList type:2 from:2 card:8 cards:8,8,8
 latest draw card 255
 2017-11-02 15:40:58 ProcedureAfterGetCardImpl::OnStart 146: done
 2017-11-02 15:40:58 CServerGameDesk::OnProcedureChanged 202: procedure change from 7 to 8
 2017-11-02 15:40:58 CServerGameDesk::OnBeforeProcedureStart 177: before procedure start, from 8 to 9
 2017-11-02 15:40:58 MsgDelegateWaitDiscard::OnSend 134: waiting on player 1 to discard, with candidates :1,2,3,6,7,21,24,27,28,28,29 !
 2017-11-02 15:40:58 CServerGameDesk::OnProcedureChanged 202: procedure change from 8 to 9
 2017-11-02 15:41:00 MsgDelegateWaitDiscard::OnResponse 206: player 1 tried to discard(valid:1, expected player:1)
 2017-11-02 15:41:00 MsgDelegateWaitDiscard::OnResponse 218: the card is 21
 2017-11-02 15:41:00 MsgDelegateWaitDiscard::OnDiscardCard 40: player 1 discard card 21(idx 5)
 2017-11-02 15:41:00 MsgDelegateDiscardResult::OnSend 49: player 1 discard 21 0
 2017-11-02 15:41:00 CServerGameDesk::OnBeforeProcedureStart 177: before procedure start, from 9 to 6
 2017-11-02 15:41:00 ProcedureInterceptCardImpl::OnStart 316: check interceptable card 21 from Player 1
 2017-11-02 15:41:00 ProcedureInterceptCardJumpDelegateImpl::JumpWhenNoAction 47:  active player changed 1 -> 3
 2017-11-02 15:41:00 CServerGameDesk::OnProcedureChanged 202: procedure change from 9 to 6
 2017-11-02 15:41:00 CServerGameDesk::OnBeforeProcedureStart 177: before procedure start, from 6 to 3
 2017-11-02 15:41:00 MsgDelegateDrawCard::OnSend 61: 3 draw card 1
 2017-11-02 15:41:00 CServerGameDesk::OnProcedureChanged 202: procedure change from 6 to 3
 2017-11-02 15:41:01 CServerGameDesk::OnBeforeProcedureStart 177: before procedure start, from 3 to 4
 2017-11-02 15:41:01 ProcedureAfterGetCardImpl::OnStart 132: Player 3 find action with hand 4,4,6,6,7,25,26,26,26,27,27,29,29,1 and interceptionList  latest draw card 1
 2017-11-02 15:41:01 ProcedureAfterGetCardImpl::OnStart 146: done
 2017-11-02 15:41:01 CServerGameDesk::OnProcedureChanged 202: procedure change from 3 to 4
 2017-11-02 15:41:01 CServerGameDesk::OnBeforeProcedureStart 177: before procedure start, from 4 to 9
 2017-11-02 15:41:01 MsgDelegateWaitDiscard::OnSend 134: waiting on player 3 to discard, with candidates :4,4,6,6,7,25,26,26,26,27,27,29,29,1 !
 2017-11-02 15:41:01 CServerGameDesk::OnProcedureChanged 202: procedure change from 4 to 9
 2017-11-02 15:41:11 MsgDelegateWaitDiscard::OnResponse 206: player 3 tried to discard(valid:1, expected player:3)
 2017-11-02 15:41:11 MsgDelegateWaitDiscard::OnResponse 218: the card is 1
 2017-11-02 15:41:11 MsgDelegateWaitDiscard::OnDiscardCard 40: player 3 discard card 1(idx 13)
 2017-11-02 15:41:11 MsgDelegateDiscardResult::OnSend 49: player 3 discard 1 0
 2017-11-02 15:41:11 CServerGameDesk::OnBeforeProcedureStart 177: before procedure start, from 9 to 6
 2017-11-02 15:41:11 ProcedureInterceptCardImpl::OnStart 316: check interceptable card 1 from Player 3
 2017-11-02 15:41:11 ProcedureInterceptCardJumpDelegateImpl::JumpWhenNoAction 47:  active player changed 3 -> 2
 2017-11-02 15:41:11 CServerGameDesk::OnProcedureChanged 202: procedure change from 9 to 6
 2017-11-02 15:41:11 CServerGameDesk::OnBeforeProcedureStart 177: before procedure start, from 6 to 3
 2017-11-02 15:41:11 MsgDelegateDrawCard::OnSend 61: 2 draw card 25
 2017-11-02 15:41:11 CServerGameDesk::OnProcedureChanged 202: procedure change from 6 to 3
 2017-11-02 15:41:11 CServerGameDesk::OnBeforeProcedureStart 177: before procedure start, from 3 to 4
 2017-11-02 15:41:11 ProcedureAfterGetCardImpl::OnStart 132: Player 2 find action with hand 2,2,3,7,8,9,23,24,24,24,25,28,28,25 and interceptionList  latest draw card 25
 2017-11-02 15:41:11 ProcedureAfterGetCardImpl::OnStart 146: done
 2017-11-02 15:41:11 CServerGameDesk::OnProcedureChanged 202: procedure change from 3 to 4
 2017-11-02 15:41:12 CServerGameDesk::OnBeforeProcedureStart 177: before procedure start, from 4 to 9
 2017-11-02 15:41:12 MsgDelegateWaitDiscard::OnSend 134: waiting on player 2 to discard, with candidates :2,2,3,7,8,9,23,24,24,24,25,28,28,25 !
 2017-11-02 15:41:12 CServerGameDesk::OnProcedureChanged 202: procedure change from 4 to 9
 2017-11-02 15:41:18 MsgDelegateWaitDiscard::OnResponse 206: player 2 tried to discard(valid:1, expected player:2)
 2017-11-02 15:41:18 MsgDelegateWaitDiscard::OnResponse 218: the card is 3
 2017-11-02 15:41:18 MsgDelegateWaitDiscard::OnDiscardCard 40: player 2 discard card 3(idx 2)
 2017-11-02 15:41:18 MsgDelegateDiscardResult::OnSend 49: player 2 discard 3 0
 2017-11-02 15:41:19 CServerGameDesk::OnBeforeProcedureStart 177: before procedure start, from 9 to 6
 2017-11-02 15:41:19 ProcedureInterceptCardImpl::OnStart 316: check interceptable card 3 from Player 2
 2017-11-02 15:41:19 ProcedureInterceptCardJumpDelegateImpl::JumpWhenNoAction 47:  active player changed 2 -> 1
 2017-11-02 15:41:19 CServerGameDesk::OnProcedureChanged 202: procedure change from 9 to 6
 2017-11-02 15:41:19 CServerGameDesk::OnBeforeProcedureStart 177: before procedure start, from 6 to 3
 2017-11-02 15:41:19 MsgDelegateDrawCard::OnSend 61: 1 draw card 23
 2017-11-02 15:41:19 CServerGameDesk::OnProcedureChanged 202: procedure change from 6 to 3
 2017-11-02 15:41:19 CServerGameDesk::OnBeforeProcedureStart 177: before procedure start, from 3 to 4
 2017-11-02 15:41:19 ProcedureAfterGetCardImpl::OnStart 132: Player 1 find action with hand 1,2,3,6,7,24,27,28,28,29,23 and interceptionList type:2 from:2 card:8 cards:8,8,8
 latest draw card 23
 2017-11-02 15:41:19 ProcedureAfterGetCardImpl::OnStart 146: done
 2017-11-02 15:41:19 CServerGameDesk::OnProcedureChanged 202: procedure change from 3 to 4
 2017-11-02 15:41:19 CServerGameDesk::OnBeforeProcedureStart 177: before procedure start, from 4 to 9
 2017-11-02 15:41:19 MsgDelegateWaitDiscard::OnSend 134: waiting on player 1 to discard, with candidates :1,2,3,6,7,24,27,28,28,29,23 !
 2017-11-02 15:41:19 CServerGameDesk::OnProcedureChanged 202: procedure change from 4 to 9
 2017-11-02 15:41:22 MsgDelegateWaitDiscard::OnResponse 206: player 1 tried to discard(valid:1, expected player:1)
 2017-11-02 15:41:22 MsgDelegateWaitDiscard::OnResponse 218: the card is 28
 2017-11-02 15:41:22 MsgDelegateWaitDiscard::OnDiscardCard 40: player 1 discard card 28(idx 7)
 2017-11-02 15:41:22 MsgDelegateDiscardResult::OnSend 49: player 1 discard 28 0
 2017-11-02 15:41:22 CServerGameDesk::OnBeforeProcedureStart 177: before procedure start, from 9 to 6
 2017-11-02 15:41:22 ProcedureInterceptCardImpl::OnStart 316: check interceptable card 28 from Player 1
 2017-11-02 15:41:22 ProcedureInterceptCardImpl::OnStart 349: Player 2 have actions type:2 from:1 card:28 cards:28,28,28
 with hand 2,2,7,8,9,23,24,24,24,25,25,28,28 interceptions  card 28
 2017-11-02 15:41:22 ProcedureInterceptCardImpl::OnStart 355: question sent
 2017-11-02 15:41:22 MsgDelegateInterception::OnSend 109: intercepted card : 28
 2017-11-02 15:41:22 MsgDelegateInterception::OnSend 110: player 2 have actions type:2 from:1 card:28 cards:28,28,28

 2017-11-02 15:41:22 CServerGameDesk::OnProcedureChanged 202: procedure change from 9 to 6
 2017-11-02 15:41:26 MsgDelegateInterception::Peng 195: player 2 select 28
 2017-11-02 15:41:26 CServerGameDesk::OnBeforeProcedureStart 177: before procedure start, from 6 to 7
 2017-11-02 15:41:26 MsgDelegateInterceptionResult::OnSend 28: player 2 do with type 2
 2017-11-02 15:41:26 ProcedureDetermineInterceptJumpDelegateImpl::JumpAfterAction 91:  active player changed 1 -> 2
 2017-11-02 15:41:26 CServerGameDesk::OnProcedureChanged 202: procedure change from 6 to 7
 2017-11-02 15:41:26 CServerGameDesk::OnBeforeProcedureStart 177: before procedure start, from 7 to 8
 2017-11-02 15:41:26 ProcedureAfterGetCardImpl::OnStart 132: Player 2 find action with hand 2,2,7,8,9,23,24,24,24,25,25 and interceptionList type:2 from:1 card:28 cards:28,28,28
 latest draw card 255
 2017-11-02 15:41:26 ProcedureAfterGetCardImpl::OnStart 146: done
 2017-11-02 15:41:26 CServerGameDesk::OnProcedureChanged 202: procedure change from 7 to 8
 2017-11-02 15:41:26 CServerGameDesk::OnBeforeProcedureStart 177: before procedure start, from 8 to 9
 2017-11-02 15:41:26 MsgDelegateWaitDiscard::OnSend 134: waiting on player 2 to discard, with candidates :2,2,7,8,9,23,24,24,24,25,25 !
 2017-11-02 15:41:26 CServerGameDesk::OnProcedureChanged 202: procedure change from 8 to 9
 2017-11-02 15:41:27 MsgDelegateWaitDiscard::OnResponse 206: player 2 tried to discard(valid:1, expected player:2)
 2017-11-02 15:41:27 MsgDelegateWaitDiscard::OnResponse 218: the card is 23
 2017-11-02 15:41:27 MsgDelegateWaitDiscard::OnDiscardCard 40: player 2 discard card 23(idx 5)
 2017-11-02 15:41:27 MsgDelegateDiscardResult::OnSend 49: player 2 discard 23 0
 2017-11-02 15:41:27 CServerGameDesk::OnBeforeProcedureStart 177: before procedure start, from 9 to 6
 2017-11-02 15:41:27 ProcedureInterceptCardImpl::OnStart 316: check interceptable card 23 from Player 2
 2017-11-02 15:41:27 ProcedureInterceptCardJumpDelegateImpl::JumpWhenNoAction 47:  active player changed 2 -> 1
 2017-11-02 15:41:27 CServerGameDesk::OnProcedureChanged 202: procedure change from 9 to 6
 2017-11-02 15:41:27 CServerGameDesk::OnBeforeProcedureStart 177: before procedure start, from 6 to 3
 2017-11-02 15:41:27 MsgDelegateDrawCard::OnSend 61: 1 draw card 21
 2017-11-02 15:41:27 CServerGameDesk::OnProcedureChanged 202: procedure change from 6 to 3
 2017-11-02 15:41:27 CServerGameDesk::OnBeforeProcedureStart 177: before procedure start, from 3 to 4
 2017-11-02 15:41:27 ProcedureAfterGetCardImpl::OnStart 132: Player 1 find action with hand 1,2,3,6,7,23,24,27,28,29,21 and interceptionList type:2 from:2 card:8 cards:8,8,8
 latest draw card 21
 2017-11-02 15:41:27 ProcedureAfterGetCardImpl::OnStart 146: done
 2017-11-02 15:41:27 CServerGameDesk::OnProcedureChanged 202: procedure change from 3 to 4
 2017-11-02 15:41:28 CServerGameDesk::OnBeforeProcedureStart 177: before procedure start, from 4 to 9
 2017-11-02 15:41:28 MsgDelegateWaitDiscard::OnSend 134: waiting on player 1 to discard, with candidates :1,2,3,6,7,23,24,27,28,29,21 !
 2017-11-02 15:41:28 CServerGameDesk::OnProcedureChanged 202: procedure change from 4 to 9
 2017-11-02 15:41:32 MsgDelegateWaitDiscard::OnResponse 206: player 1 tried to discard(valid:1, expected player:1)
 2017-11-02 15:41:32 MsgDelegateWaitDiscard::OnResponse 218: the card is 21
 2017-11-02 15:41:32 MsgDelegateWaitDiscard::OnDiscardCard 40: player 1 discard card 21(idx 10)
 2017-11-02 15:41:32 MsgDelegateDiscardResult::OnSend 49: player 1 discard 21 0
 2017-11-02 15:41:32 CServerGameDesk::OnBeforeProcedureStart 177: before procedure start, from 9 to 6
 2017-11-02 15:41:32 ProcedureInterceptCardImpl::OnStart 316: check interceptable card 21 from Player 1
 2017-11-02 15:41:32 ProcedureInterceptCardJumpDelegateImpl::JumpWhenNoAction 47:  active player changed 1 -> 3
 2017-11-02 15:41:32 CServerGameDesk::OnProcedureChanged 202: procedure change from 9 to 6
 2017-11-02 15:41:32 CServerGameDesk::OnBeforeProcedureStart 177: before procedure start, from 6 to 3
 2017-11-02 15:41:32 MsgDelegateDrawCard::OnSend 61: 3 draw card 4
 2017-11-02 15:41:32 CServerGameDesk::OnProcedureChanged 202: procedure change from 6 to 3
 2017-11-02 15:41:32 CServerGameDesk::OnBeforeProcedureStart 177: before procedure start, from 3 to 4
 2017-11-02 15:41:32 ProcedureAfterGetCardImpl::OnStart 132: Player 3 find action with hand 4,4,6,6,7,25,26,26,26,27,27,29,29,4 and interceptionList  latest draw card 4
 2017-11-02 15:41:32 ProcedureAfterGetCardImpl::OnStart 146: done
 2017-11-02 15:41:32 CServerGameDesk::OnProcedureChanged 202: procedure change from 3 to 4
 2017-11-02 15:41:32 CServerGameDesk::OnBeforeProcedureStart 177: before procedure start, from 4 to 9
 2017-11-02 15:41:32 MsgDelegateWaitDiscard::OnSend 134: waiting on player 3 to discard, with candidates :4,4,6,6,7,25,26,26,26,27,27,29,29,4 !
 2017-11-02 15:41:32 CServerGameDesk::OnProcedureChanged 202: procedure change from 4 to 9
 2017-11-02 15:41:36 MsgDelegateWaitDiscard::OnResponse 206: player 3 tried to discard(valid:1, expected player:3)
 2017-11-02 15:41:36 MsgDelegateWaitDiscard::OnResponse 218: the card is 7
 2017-11-02 15:41:36 MsgDelegateWaitDiscard::OnDiscardCard 40: player 3 discard card 7(idx 4)
 2017-11-02 15:41:36 MsgDelegateDiscardResult::OnSend 49: player 3 discard 7 0
 2017-11-02 15:41:36 CServerGameDesk::OnBeforeProcedureStart 177: before procedure start, from 9 to 6
 2017-11-02 15:41:36 ProcedureInterceptCardImpl::OnStart 316: check interceptable card 7 from Player 3
 2017-11-02 15:41:36 ProcedureInterceptCardJumpDelegateImpl::JumpWhenNoAction 47:  active player changed 3 -> 2
 2017-11-02 15:41:36 CServerGameDesk::OnProcedureChanged 202: procedure change from 9 to 6
 2017-11-02 15:41:37 CServerGameDesk::OnBeforeProcedureStart 177: before procedure start, from 6 to 3
 2017-11-02 15:41:37 MsgDelegateDrawCard::OnSend 61: 2 draw card 3
 2017-11-02 15:41:37 CServerGameDesk::OnProcedureChanged 202: procedure change from 6 to 3
 2017-11-02 15:41:37 CServerGameDesk::OnBeforeProcedureStart 177: before procedure start, from 3 to 4
 2017-11-02 15:41:37 ProcedureAfterGetCardImpl::OnStart 132: Player 2 find action with hand 2,2,7,8,9,24,24,24,25,25,3 and interceptionList type:2 from:1 card:28 cards:28,28,28
 latest draw card 3
 2017-11-02 15:41:37 ProcedureAfterGetCardImpl::OnStart 146: done
 2017-11-02 15:41:37 CServerGameDesk::OnProcedureChanged 202: procedure change from 3 to 4
 2017-11-02 15:41:37 CServerGameDesk::OnBeforeProcedureStart 177: before procedure start, from 4 to 9
 2017-11-02 15:41:37 MsgDelegateWaitDiscard::OnSend 134: waiting on player 2 to discard, with candidates :2,2,7,8,9,24,24,24,25,25,3 !
 2017-11-02 15:41:37 CServerGameDesk::OnProcedureChanged 202: procedure change from 4 to 9
 2017-11-02 15:41:45 MsgDelegateWaitDiscard::OnResponse 206: player 2 tried to discard(valid:1, expected player:2)
 2017-11-02 15:41:45 MsgDelegateWaitDiscard::OnResponse 218: the card is 3
 2017-11-02 15:41:45 MsgDelegateWaitDiscard::OnDiscardCard 40: player 2 discard card 3(idx 10)
 2017-11-02 15:41:45 MsgDelegateDiscardResult::OnSend 49: player 2 discard 3 1
 2017-11-02 15:41:45 CServerGameDesk::OnBeforeProcedureStart 177: before procedure start, from 9 to 6
 2017-11-02 15:41:45 ProcedureInterceptCardImpl::OnStart 316: check interceptable card 3 from Player 2
 2017-11-02 15:41:45 ProcedureInterceptCardJumpDelegateImpl::JumpWhenNoAction 47:  active player changed 2 -> 1
 2017-11-02 15:41:45 CServerGameDesk::OnProcedureChanged 202: procedure change from 9 to 6
 2017-11-02 15:41:46 CServerGameDesk::OnBeforeProcedureStart 177: before procedure start, from 6 to 3
 2017-11-02 15:41:46 MsgDelegateDrawCard::OnSend 61: 1 draw card 22
 2017-11-02 15:41:46 CServerGameDesk::OnProcedureChanged 202: procedure change from 6 to 3
 2017-11-02 15:41:46 CServerGameDesk::OnBeforeProcedureStart 177: before procedure start, from 3 to 4
 2017-11-02 15:41:46 ProcedureAfterGetCardImpl::OnStart 132: Player 1 find action with hand 1,2,3,6,7,23,24,27,28,29,22 and interceptionList type:2 from:2 card:8 cards:8,8,8
 latest draw card 22
 2017-11-02 15:41:46 ProcedureAfterGetCardImpl::OnStart 146: done
 2017-11-02 15:41:46 CServerGameDesk::OnProcedureChanged 202: procedure change from 3 to 4
 2017-11-02 15:41:46 CServerGameDesk::OnBeforeProcedureStart 177: before procedure start, from 4 to 9
 2017-11-02 15:41:46 MsgDelegateWaitDiscard::OnSend 134: waiting on player 1 to discard, with candidates :1,2,3,6,7,23,24,27,28,29,22 !
 2017-11-02 15:41:46 CServerGameDesk::OnProcedureChanged 202: procedure change from 4 to 9
 2017-11-02 15:41:58 MsgDelegateWaitDiscard::OnResponse 206: player 1 tried to discard(valid:1, expected player:1)
 2017-11-02 15:41:58 MsgDelegateWaitDiscard::OnResponse 218: the card is 7
 2017-11-02 15:41:58 MsgDelegateWaitDiscard::OnDiscardCard 40: player 1 discard card 7(idx 4)
 2017-11-02 15:41:58 MsgDelegateDiscardResult::OnSend 49: player 1 discard 7 0
 2017-11-02 15:41:58 CServerGameDesk::OnBeforeProcedureStart 177: before procedure start, from 9 to 6
 2017-11-02 15:41:58 ProcedureInterceptCardImpl::OnStart 316: check interceptable card 7 from Player 1
 2017-11-02 15:41:58 ProcedureInterceptCardJumpDelegateImpl::JumpWhenNoAction 47:  active player changed 1 -> 3
 2017-11-02 15:41:58 CServerGameDesk::OnProcedureChanged 202: procedure change from 9 to 6
 2017-11-02 15:41:58 CServerGameDesk::OnBeforeProcedureStart 177: before procedure start, from 6 to 3
 2017-11-02 15:41:58 MsgDelegateDrawCard::OnSend 61: 3 draw card 6
 2017-11-02 15:41:58 CServerGameDesk::OnProcedureChanged 202: procedure change from 6 to 3
 2017-11-02 15:41:58 CServerGameDesk::OnBeforeProcedureStart 177: before procedure start, from 3 to 4
 2017-11-02 15:41:58 ProcedureAfterGetCardImpl::OnStart 132: Player 3 find action with hand 4,4,4,6,6,25,26,26,26,27,27,29,29,6 and interceptionList  latest draw card 6
 2017-11-02 15:41:58 ProcedureAfterGetCardImpl::OnStart 146: done
 2017-11-02 15:41:58 CServerGameDesk::OnProcedureChanged 202: procedure change from 3 to 4
 2017-11-02 15:41:58 CServerGameDesk::OnBeforeProcedureStart 177: before procedure start, from 4 to 9
 2017-11-02 15:41:58 MsgDelegateWaitDiscard::OnSend 134: waiting on player 3 to discard, with candidates :4,4,4,6,6,25,26,26,26,27,27,29,29,6 !
 2017-11-02 15:41:58 CServerGameDesk::OnProcedureChanged 202: procedure change from 4 to 9
 2017-11-02 15:42:04 MsgDelegateWaitDiscard::OnResponse 206: player 3 tried to discard(valid:1, expected player:3)
 2017-11-02 15:42:04 MsgDelegateWaitDiscard::OnResponse 218: the card is 6
 2017-11-02 15:42:04 MsgDelegateWaitDiscard::OnDiscardCard 40: player 3 discard card 6(idx 3)
 2017-11-02 15:42:04 MsgDelegateDiscardResult::OnSend 49: player 3 discard 6 0
 2017-11-02 15:42:04 CServerGameDesk::OnBeforeProcedureStart 177: before procedure start, from 9 to 6
 2017-11-02 15:42:04 ProcedureInterceptCardImpl::OnStart 316: check interceptable card 6 from Player 3
 2017-11-02 15:42:04 ProcedureInterceptCardImpl::OnStart 349: Player 1 have actions type:16 from:3 card:6 cards:1,2,3,6,22,23,24,27,28,29,6
 with hand 1,2,3,6,22,23,24,27,28,29 interceptions type:2 from:2 card:8 cards:8,8,8
 card 6
 2017-11-02 15:42:04 ProcedureInterceptCardImpl::OnStart 355: question sent
 2017-11-02 15:42:04 MsgDelegateInterception::OnSend 109: intercepted card : 6
 2017-11-02 15:42:04 MsgDelegateInterception::OnSend 110: player 1 have actions type:16 from:3 card:6 cards:1,2,3,6,22,23,24,27,28,29,6

 2017-11-02 15:42:04 CServerGameDesk::OnProcedureChanged 202: procedure change from 9 to 6
 2017-11-02 15:42:06 MsgDelegateInterception::Win 247: player 1 select 6
 2017-11-02 15:42:06 CServerGameDesk::OnBeforeProcedureStart 177: before procedure start, from 6 to 7
 2017-11-02 15:42:06 MsgDelegateInterceptionResult::OnSend 28: player 1 do with type 16
 2017-11-02 15:42:06 ProcedureDetermineInterceptJumpDelegateImpl::JumpAfterAction 91:  active player changed 3 -> 2
 2017-11-02 15:42:06 CServerGameDesk::OnProcedureChanged 202: procedure change from 6 to 7
 2017-11-02 15:42:06 CServerGameDesk::OnBeforeProcedureStart 177: before procedure start, from 7 to 3
 2017-11-02 15:42:06 MsgDelegateDrawCard::OnSend 61: 2 draw card 5
 2017-11-02 15:42:06 CServerGameDesk::OnProcedureChanged 202: procedure change from 7 to 3
 2017-11-02 15:42:06 CServerGameDesk::OnBeforeProcedureStart 177: before procedure start, from 3 to 4
 2017-11-02 15:42:06 ProcedureAfterGetCardImpl::OnStart 132: Player 2 find action with hand 2,2,7,8,9,24,24,24,25,25,5 and interceptionList type:2 from:1 card:28 cards:28,28,28
 latest draw card 5
 2017-11-02 15:42:06 ProcedureAfterGetCardImpl::OnStart 146: done
 2017-11-02 15:42:06 CServerGameDesk::OnProcedureChanged 202: procedure change from 3 to 4
 2017-11-02 15:42:06 CServerGameDesk::OnBeforeProcedureStart 177: before procedure start, from 4 to 9
 2017-11-02 15:42:06 MsgDelegateWaitDiscard::OnSend 134: waiting on player 2 to discard, with candidates :2,2,7,8,9,24,24,24,25,25,5 !
 2017-11-02 15:42:06 CServerGameDesk::OnProcedureChanged 202: procedure change from 4 to 9
 2017-11-02 15:42:15 MsgDelegateWaitDiscard::OnResponse 206: player 2 tried to discard(valid:1, expected player:2)
 2017-11-02 15:42:15 MsgDelegateWaitDiscard::OnResponse 218: the card is 5
 2017-11-02 15:42:15 MsgDelegateWaitDiscard::OnDiscardCard 40: player 2 discard card 5(idx 10)
 2017-11-02 15:42:15 MsgDelegateDiscardResult::OnSend 49: player 2 discard 5 1
 2017-11-02 15:42:15 CServerGameDesk::OnBeforeProcedureStart 177: before procedure start, from 9 to 6
 2017-11-02 15:42:15 ProcedureInterceptCardImpl::OnStart 316: check interceptable card 5 from Player 2
 2017-11-02 15:42:15 ProcedureInterceptCardJumpDelegateImpl::JumpWhenNoAction 47:  active player changed 2 -> 3
 2017-11-02 15:42:15 CServerGameDesk::OnProcedureChanged 202: procedure change from 9 to 6
 2017-11-02 15:42:15 CServerGameDesk::OnBeforeProcedureStart 177: before procedure start, from 6 to 3
 2017-11-02 15:42:15 MsgDelegateDrawCard::OnSend 61: 3 draw card 22
 2017-11-02 15:42:15 CServerGameDesk::OnProcedureChanged 202: procedure change from 6 to 3
 2017-11-02 15:42:15 CServerGameDesk::OnBeforeProcedureStart 177: before procedure start, from 3 to 4
 2017-11-02 15:42:15 ProcedureAfterGetCardImpl::OnStart 132: Player 3 find action with hand 4,4,4,6,6,25,26,26,26,27,27,29,29,22 and interceptionList  latest draw card 22
 2017-11-02 15:42:15 ProcedureAfterGetCardImpl::OnStart 146: done
 2017-11-02 15:42:15 CServerGameDesk::OnProcedureChanged 202: procedure change from 3 to 4
 2017-11-02 15:42:15 CServerGameDesk::OnBeforeProcedureStart 177: before procedure start, from 4 to 9
 2017-11-02 15:42:15 MsgDelegateWaitDiscard::OnSend 134: waiting on player 3 to discard, with candidates :4,4,4,6,6,25,26,26,26,27,27,29,29,22 !
 2017-11-02 15:42:15 CServerGameDesk::OnProcedureChanged 202: procedure change from 4 to 9
 2017-11-02 15:42:24 MsgDelegateWaitDiscard::OnResponse 206: player 3 tried to discard(valid:1, expected player:3)
 2017-11-02 15:42:24 MsgDelegateWaitDiscard::OnResponse 218: the card is 25
 2017-11-02 15:42:24 MsgDelegateWaitDiscard::OnDiscardCard 40: player 3 discard card 25(idx 5)
 2017-11-02 15:42:24 MsgDelegateDiscardResult::OnSend 49: player 3 discard 25 0
 2017-11-02 15:42:24 CServerGameDesk::OnBeforeProcedureStart 177: before procedure start, from 9 to 6
 2017-11-02 15:42:24 ProcedureInterceptCardImpl::OnStart 316: check interceptable card 25 from Player 3
 2017-11-02 15:42:24 ProcedureInterceptCardImpl::OnStart 349: Player 2 have actions type:2 from:3 card:25 cards:25,25,25
type:16 from:3 card:25 cards:2,2,7,8,9,24,24,24,25,25,25
 with hand 2,2,7,8,9,24,24,24,25,25 interceptions type:2 from:1 card:28 cards:28,28,28
 card 25
 2017-11-02 15:42:24 ProcedureInterceptCardImpl::OnStart 355: question sent
 2017-11-02 15:42:24 MsgDelegateInterception::OnSend 109: intercepted card : 25
 2017-11-02 15:42:24 MsgDelegateInterception::OnSend 110: player 2 have actions type:2 from:3 card:25 cards:25,25,25
type:16 from:3 card:25 cards:2,2,7,8,9,24,24,24,25,25,25

 2017-11-02 15:42:24 CServerGameDesk::OnProcedureChanged 202: procedure change from 9 to 6
 2017-11-02 15:42:26 MsgDelegateInterception::Win 247: player 2 select 25
 2017-11-02 15:42:26 CServerGameDesk::OnBeforeProcedureStart 177: before procedure start, from 6 to 7
 2017-11-02 15:42:26 MsgDelegateInterceptionResult::OnSend 28: player 2 do with type 16
 2017-11-02 15:42:26 CServerGameDesk::OnProcedureChanged 202: procedure change from 6 to 7
 2017-11-02 15:42:26 CServerGameDesk::OnBeforeProcedureStart 177: before procedure start, from 7 to 11
 2017-11-02 15:42:26 CServerGameDesk::OnProcedureChanged 202: procedure change from 7 to 11
 2017-11-02 15:42:26 MsgDelegateLiquidation::DelaySendMsg 89: Player   has inner win type :0 
 2017-11-02 15:42:26 MsgDelegateLiquidation::DelaySendMsg 90: Player   has outter win type :150 
 2017-11-02 15:42:26 MsgDelegateLiquidation::DelaySendMsg 89: Player  has inner win type :0 
 2017-11-02 15:42:26 MsgDelegateLiquidation::DelaySendMsg 90: Player  has outter win type :150 
 2017-11-02 15:42:26 MsgDelegateLiquidation::DelaySendMsg 89: Player  has inner win type :0 
 2017-11-02 15:42:26 MsgDelegateLiquidation::DelaySendMsg 90: Player  has outter win type :150 
 2017-11-02 15:42:26 MsgDelegateLiquidation::DelaySendMsg 108: Liquidation
 2017-11-02 15:42:27 CServerGameDesk::OnBeforeProcedureStart 177: before procedure start, from 11 to 0
 2017-11-02 15:42:27 CServerGameDesk::OnProcedureChanged 202: procedure change from 11 to 0
 2017-11-02 15:42:27 CServerGameDesk::DoGameStatistic 993: Do Statistic
 2017-11-02 15:42:27 CServerGameDesk::DoGameStatistic 1010: >> zimo:0 jiepao:0 dianpao:0 totalScore1
 2017-11-02 15:42:27 CServerGameDesk::DoGameStatistic 1068: << zimo:0 jiepao:1 dianpao:0 totalScore1
 2017-11-02 15:42:27 CServerGameDesk::DoGameStatistic 1010: >> zimo:0 jiepao:0 dianpao:0 totalScore1
 2017-11-02 15:42:27 CServerGameDesk::DoGameStatistic 1068: << zimo:0 jiepao:1 dianpao:0 totalScore1
 2017-11-02 15:42:27 CServerGameDesk::DoGameStatistic 1010: >> zimo:0 jiepao:0 dianpao:0 totalScore1
 2017-11-02 15:42:27 CServerGameDesk::DoGameStatistic 1068: << zimo:0 jiepao:1 dianpao:0 totalScore1
 2017-11-02 15:42:27 CServerGameDesk::DoGameStatistic 1010: >> zimo:0 jiepao:0 dianpao:0 totalScore-3
 2017-11-02 15:42:27 CServerGameDesk::DoGameStatistic 1068: << zimo:0 jiepao:0 dianpao:3 totalScore-3
 2017-11-02 15:42:27 CServerGameDesk::OnProcedureLiquidationFinish 880: all rounds finished , send total score board 
 2017-11-02 15:42:27 CServerGameDesk::GameClear 302: clean game





 2017-11-02 15:42:27 CServerGameDesk::GameClear 302: clean game





 2017-11-02 15:42:27 CServerGameDesk::GameReset 316: reset game
