 2018-04-18 11:14:01 CServerGameDesk::GameBegin 427: Game Start (0/0)
 2018-04-18 11:14:01 CServerGameDesk::GameBegin 433: Player Phone16437(Phone16437) at position 0/0
 2018-04-18 11:14:01 CServerGameDesk::GameBegin 433: Player Phone19525(Phone19525) at position 1/1
 2018-04-18 11:14:01 CServerGameDesk::GameBegin 433: Player Phone19524(Phone19524) at position 2/2
 2018-04-18 11:14:01 CServerGameDesk::GameBegin 433: Player Phone19527(Phone19527) at position 3/3
 2018-04-18 11:14:01 CServerGameDesk::OnBeforeProcedureStart 177: before procedure start, from 0 to 1
 2018-04-18 11:14:01 CServerGameDesk::OnProcedureChanged 202: procedure change from 0 to 1
 2018-04-18 11:14:01 MsgDelegateGameBegin::SendGameBegin 54: game begin
 2018-04-18 11:14:02 CServerGameDesk::OnBeforeProcedureStart 177: before procedure start, from 1 to 2
 2018-04-18 11:14:02 CServerGameDesk::OnProcedureChanged 202: procedure change from 1 to 2
 2018-04-18 11:14:02 MsgDelegateDistributeCard::OnSend 43: dispatch cards
 2018-04-18 11:14:02 CServerGameDesk::OnBeforeProcedureStart 177: before procedure start, from 2 to 101
 2018-04-18 11:14:02 MsgDelegateHuanZhang::SendQuestionToPlayer 150: question huan zhang
 2018-04-18 11:14:02 MsgDelegateHuanZhang::SendQuestionToPlayer 150: question huan zhang
 2018-04-18 11:14:02 MsgDelegateHuanZhang::SendQuestionToPlayer 150: question huan zhang
 2018-04-18 11:14:02 MsgDelegateHuanZhang::SendQuestionToPlayer 150: question huan zhang
 2018-04-18 11:14:02 CServerGameDesk::OnProcedureChanged 202: procedure change from 2 to 101
 2018-04-18 11:14:33 CServerGameDesk::OnBeforeProcedureStart 177: before procedure start, from 101 to 100
 2018-04-18 11:14:33 MsgDelegateDingQue::OnSend 109: question ding que
 2018-04-18 11:14:33 MsgDelegateDingQue::OnSend 109: question ding que
 2018-04-18 11:14:33 MsgDelegateDingQue::OnSend 109: question ding que
 2018-04-18 11:14:33 MsgDelegateDingQue::OnSend 109: question ding que
 2018-04-18 11:14:33 CServerGameDesk::OnProcedureChanged 202: procedure change from 101 to 100
 2018-04-18 11:14:38 MsgDelegateDingQue::OnResponse 150: Player 1 select que men 2
 2018-04-18 11:14:41 MsgDelegateDingQue::OnResponse 150: Player 2 select que men 1
 2018-04-18 11:14:42 MsgDelegateFirstRound::SendFirstRound 42: first run
 2018-04-18 11:14:43 CServerGameDesk::OnBeforeProcedureStart 177: before procedure start, from 100 to 4
 2018-04-18 11:14:43 ProcedureAfterGetCardImpl::OnStart 132: Player 3 find action with hand 6,9,12,14,16,18,22,22,23,23,24,25,26,28 and interceptionList  latest draw card 14
 2018-04-18 11:14:43 ProcedureAfterGetCardImpl::OnStart 146: done
 2018-04-18 11:14:43 CServerGameDesk::OnProcedureChanged 202: procedure change from 100 to 4
 2018-04-18 11:14:43 CServerGameDesk::OnBeforeProcedureStart 177: before procedure start, from 4 to 9
 2018-04-18 11:14:43 MsgDelegateWaitDiscard::OnSend 134: waiting on player 3 to discard, with candidates :6,9 !
 2018-04-18 11:14:43 CServerGameDesk::OnProcedureChanged 202: procedure change from 4 to 9
 2018-04-18 11:15:02 MsgDelegateWaitDiscard::OnResponse 206: player 3 tried to discard(valid:1, expected player:3)
 2018-04-18 11:15:02 MsgDelegateWaitDiscard::OnResponse 218: the card is 9
 2018-04-18 11:15:02 MsgDelegateWaitDiscard::OnDiscardCard 40: player 3 discard card 9(idx 1)
 2018-04-18 11:15:02 MsgDelegateDiscardResult::OnSend 49: player 3 discard 9 0
 2018-04-18 11:15:02 CServerGameDesk::OnBeforeProcedureStart 177: before procedure start, from 9 to 6
 2018-04-18 11:15:02 ProcedureInterceptCardImpl::OnStart 316: check interceptable card 9 from Player 3
 2018-04-18 11:15:02 ProcedureInterceptCardJumpDelegateImpl::JumpWhenNoAction 47:  active player changed 3 -> 2
 2018-04-18 11:15:02 CServerGameDesk::OnProcedureChanged 202: procedure change from 9 to 6
 2018-04-18 11:15:02 CServerGameDesk::OnBeforeProcedureStart 177: before procedure start, from 6 to 3
 2018-04-18 11:15:02 MsgDelegateDrawCard::OnSend 61: 2 draw card 6
 2018-04-18 11:15:02 CServerGameDesk::OnProcedureChanged 202: procedure change from 6 to 3
 2018-04-18 11:15:02 CServerGameDesk::OnBeforeProcedureStart 177: before procedure start, from 3 to 4
 2018-04-18 11:15:02 ProcedureAfterGetCardImpl::OnStart 132: Player 2 find action with hand 1,3,5,5,8,12,12,22,25,26,27,29,29,6 and interceptionList  latest draw card 6
 2018-04-18 11:15:02 ProcedureAfterGetCardImpl::OnStart 146: done
 2018-04-18 11:15:02 CServerGameDesk::OnProcedureChanged 202: procedure change from 3 to 4
 2018-04-18 11:15:02 CServerGameDesk::OnBeforeProcedureStart 177: before procedure start, from 4 to 9
 2018-04-18 11:15:02 MsgDelegateWaitDiscard::OnSend 134: waiting on player 2 to discard, with candidates :12,12 !
 2018-04-18 11:15:02 CServerGameDesk::OnProcedureChanged 202: procedure change from 4 to 9
 2018-04-18 11:15:06 MsgDelegateWaitDiscard::OnResponse 206: player 2 tried to discard(valid:1, expected player:2)
 2018-04-18 11:15:06 MsgDelegateWaitDiscard::OnResponse 218: the card is 12
 2018-04-18 11:15:06 MsgDelegateWaitDiscard::OnDiscardCard 40: player 2 discard card 12(idx 5)
 2018-04-18 11:15:06 MsgDelegateDiscardResult::OnSend 49: player 2 discard 12 0
 2018-04-18 11:15:06 CServerGameDesk::OnBeforeProcedureStart 177: before procedure start, from 9 to 6
 2018-04-18 11:15:06 ProcedureInterceptCardImpl::OnStart 316: check interceptable card 12 from Player 2
 2018-04-18 11:15:06 ProcedureInterceptCardJumpDelegateImpl::JumpWhenNoAction 47:  active player changed 2 -> 1
 2018-04-18 11:15:06 CServerGameDesk::OnProcedureChanged 202: procedure change from 9 to 6
 2018-04-18 11:15:06 CServerGameDesk::OnBeforeProcedureStart 177: before procedure start, from 6 to 3
 2018-04-18 11:15:06 MsgDelegateDrawCard::OnSend 61: 1 draw card 28
 2018-04-18 11:15:06 CServerGameDesk::OnProcedureChanged 202: procedure change from 6 to 3
 2018-04-18 11:15:06 CServerGameDesk::OnBeforeProcedureStart 177: before procedure start, from 3 to 4
 2018-04-18 11:15:06 ProcedureAfterGetCardImpl::OnStart 132: Player 1 find action with hand 3,4,5,5,7,11,11,11,13,14,14,16,18,28 and interceptionList  latest draw card 28
 2018-04-18 11:15:06 ProcedureAfterGetCardImpl::OnStart 146: done
 2018-04-18 11:15:06 CServerGameDesk::OnProcedureChanged 202: procedure change from 3 to 4
 2018-04-18 11:15:06 CServerGameDesk::OnBeforeProcedureStart 177: before procedure start, from 4 to 9
 2018-04-18 11:15:06 MsgDelegateWaitDiscard::OnSend 134: waiting on player 1 to discard, with candidates :28 !
 2018-04-18 11:15:06 CServerGameDesk::OnProcedureChanged 202: procedure change from 4 to 9
 2018-04-18 11:15:09 MsgDelegateWaitDiscard::OnResponse 206: player 1 tried to discard(valid:1, expected player:1)
 2018-04-18 11:15:09 MsgDelegateWaitDiscard::OnResponse 218: the card is 28
 2018-04-18 11:15:09 MsgDelegateWaitDiscard::OnDiscardCard 40: player 1 discard card 28(idx 13)
 2018-04-18 11:15:09 MsgDelegateDiscardResult::OnSend 49: player 1 discard 28 0
 2018-04-18 11:15:09 CServerGameDesk::OnBeforeProcedureStart 177: before procedure start, from 9 to 6
 2018-04-18 11:15:09 ProcedureInterceptCardImpl::OnStart 316: check interceptable card 28 from Player 1
 2018-04-18 11:15:09 ProcedureInterceptCardJumpDelegateImpl::JumpWhenNoAction 47:  active player changed 1 -> 0
 2018-04-18 11:15:09 CServerGameDesk::OnProcedureChanged 202: procedure change from 9 to 6
 2018-04-18 11:15:09 CServerGameDesk::OnBeforeProcedureStart 177: before procedure start, from 6 to 3
 2018-04-18 11:15:09 MsgDelegateDrawCard::OnSend 61: 0 draw card 21
 2018-04-18 11:15:09 CServerGameDesk::OnProcedureChanged 202: procedure change from 6 to 3
 2018-04-18 11:15:09 CServerGameDesk::OnBeforeProcedureStart 177: before procedure start, from 3 to 4
 2018-04-18 11:15:09 ProcedureAfterGetCardImpl::OnStart 132: Player 0 find action with hand 1,4,9,15,16,17,17,19,19,21,22,25,29,21 and interceptionList  latest draw card 21
 2018-04-18 11:15:09 ProcedureAfterGetCardImpl::OnStart 146: done
 2018-04-18 11:15:09 CServerGameDesk::OnProcedureChanged 202: procedure change from 3 to 4
 2018-04-18 11:15:09 CServerGameDesk::OnBeforeProcedureStart 177: before procedure start, from 4 to 9
 2018-04-18 11:15:09 MsgDelegateWaitDiscard::OnSend 134: waiting on player 0 to discard, with candidates :1,4,9 !
 2018-04-18 11:15:09 CServerGameDesk::OnProcedureChanged 202: procedure change from 4 to 9
 2018-04-18 11:15:12 MsgDelegateWaitDiscard::OnResponse 206: player 0 tried to discard(valid:1, expected player:0)
 2018-04-18 11:15:12 MsgDelegateWaitDiscard::OnResponse 218: the card is 1
 2018-04-18 11:15:12 MsgDelegateWaitDiscard::OnDiscardCard 40: player 0 discard card 1(idx 0)
 2018-04-18 11:15:12 MsgDelegateDiscardResult::OnSend 49: player 0 discard 1 0
 2018-04-18 11:15:12 CServerGameDesk::OnBeforeProcedureStart 177: before procedure start, from 9 to 6
 2018-04-18 11:15:12 ProcedureInterceptCardImpl::OnStart 316: check interceptable card 1 from Player 0
 2018-04-18 11:15:12 ProcedureInterceptCardJumpDelegateImpl::JumpWhenNoAction 47:  active player changed 0 -> 3
 2018-04-18 11:15:12 CServerGameDesk::OnProcedureChanged 202: procedure change from 9 to 6
 2018-04-18 11:15:12 CServerGameDesk::OnBeforeProcedureStart 177: before procedure start, from 6 to 3
 2018-04-18 11:15:12 MsgDelegateDrawCard::OnSend 61: 3 draw card 28
 2018-04-18 11:15:12 CServerGameDesk::OnProcedureChanged 202: procedure change from 6 to 3
 2018-04-18 11:15:12 CServerGameDesk::OnBeforeProcedureStart 177: before procedure start, from 3 to 4
 2018-04-18 11:15:12 ProcedureAfterGetCardImpl::OnStart 132: Player 3 find action with hand 12,14,16,18,22,22,23,23,24,25,26,28,6,28 and interceptionList  latest draw card 28
 2018-04-18 11:15:12 ProcedureAfterGetCardImpl::OnStart 146: done
 2018-04-18 11:15:12 CServerGameDesk::OnProcedureChanged 202: procedure change from 3 to 4
 2018-04-18 11:15:12 CServerGameDesk::OnBeforeProcedureStart 177: before procedure start, from 4 to 9
 2018-04-18 11:15:12 MsgDelegateWaitDiscard::OnSend 134: waiting on player 3 to discard, with candidates :6 !
 2018-04-18 11:15:12 CServerGameDesk::OnProcedureChanged 202: procedure change from 4 to 9
 2018-04-18 11:15:15 MsgDelegateWaitDiscard::OnResponse 206: player 3 tried to discard(valid:1, expected player:3)
 2018-04-18 11:15:15 MsgDelegateWaitDiscard::OnResponse 218: the card is 6
 2018-04-18 11:15:15 MsgDelegateWaitDiscard::OnDiscardCard 40: player 3 discard card 6(idx 12)
 2018-04-18 11:15:15 MsgDelegateDiscardResult::OnSend 49: player 3 discard 6 0
 2018-04-18 11:15:15 CServerGameDesk::OnBeforeProcedureStart 177: before procedure start, from 9 to 6
 2018-04-18 11:15:15 ProcedureInterceptCardImpl::OnStart 316: check interceptable card 6 from Player 3
 2018-04-18 11:15:15 ProcedureInterceptCardJumpDelegateImpl::JumpWhenNoAction 47:  active player changed 3 -> 2
 2018-04-18 11:15:15 CServerGameDesk::OnProcedureChanged 202: procedure change from 9 to 6
 2018-04-18 11:15:15 CServerGameDesk::OnBeforeProcedureStart 177: before procedure start, from 6 to 3
 2018-04-18 11:15:15 MsgDelegateDrawCard::OnSend 61: 2 draw card 27
 2018-04-18 11:15:15 CServerGameDesk::OnProcedureChanged 202: procedure change from 6 to 3
 2018-04-18 11:15:15 CServerGameDesk::OnBeforeProcedureStart 177: before procedure start, from 3 to 4
 2018-04-18 11:15:15 ProcedureAfterGetCardImpl::OnStart 132: Player 2 find action with hand 1,3,5,5,6,8,22,25,26,27,29,29,12,27 and interceptionList  latest draw card 27
 2018-04-18 11:15:15 ProcedureAfterGetCardImpl::OnStart 146: done
 2018-04-18 11:15:15 CServerGameDesk::OnProcedureChanged 202: procedure change from 3 to 4
 2018-04-18 11:15:15 CServerGameDesk::OnBeforeProcedureStart 177: before procedure start, from 4 to 9
 2018-04-18 11:15:15 MsgDelegateWaitDiscard::OnSend 134: waiting on player 2 to discard, with candidates :12 !
 2018-04-18 11:15:15 CServerGameDesk::OnProcedureChanged 202: procedure change from 4 to 9
 2018-04-18 11:15:17 MsgDelegateWaitDiscard::OnResponse 206: player 2 tried to discard(valid:1, expected player:2)
 2018-04-18 11:15:17 MsgDelegateWaitDiscard::OnResponse 218: the card is 12
 2018-04-18 11:15:17 MsgDelegateWaitDiscard::OnDiscardCard 40: player 2 discard card 12(idx 12)
 2018-04-18 11:15:17 MsgDelegateDiscardResult::OnSend 49: player 2 discard 12 0
 2018-04-18 11:15:17 CServerGameDesk::OnBeforeProcedureStart 177: before procedure start, from 9 to 6
 2018-04-18 11:15:17 ProcedureInterceptCardImpl::OnStart 316: check interceptable card 12 from Player 2
 2018-04-18 11:15:17 ProcedureInterceptCardJumpDelegateImpl::JumpWhenNoAction 47:  active player changed 2 -> 1
 2018-04-18 11:15:17 CServerGameDesk::OnProcedureChanged 202: procedure change from 9 to 6
 2018-04-18 11:15:17 CServerGameDesk::OnBeforeProcedureStart 177: before procedure start, from 6 to 3
 2018-04-18 11:15:17 MsgDelegateDrawCard::OnSend 61: 1 draw card 3
 2018-04-18 11:15:17 CServerGameDesk::OnProcedureChanged 202: procedure change from 6 to 3
 2018-04-18 11:15:17 CServerGameDesk::OnBeforeProcedureStart 177: before procedure start, from 3 to 4
 2018-04-18 11:15:17 ProcedureAfterGetCardImpl::OnStart 132: Player 1 find action with hand 3,4,5,5,7,11,11,11,13,14,14,16,18,3 and interceptionList  latest draw card 3
 2018-04-18 11:15:17 ProcedureAfterGetCardImpl::OnStart 146: done
 2018-04-18 11:15:17 CServerGameDesk::OnProcedureChanged 202: procedure change from 3 to 4
 2018-04-18 11:15:17 CServerGameDesk::OnBeforeProcedureStart 177: before procedure start, from 4 to 9
 2018-04-18 11:15:17 MsgDelegateWaitDiscard::OnSend 134: waiting on player 1 to discard, with candidates :3,4,5,5,7,11,11,11,13,14,14,16,18,3 !
 2018-04-18 11:15:17 CServerGameDesk::OnProcedureChanged 202: procedure change from 4 to 9
 2018-04-18 11:15:23 MsgDelegateWaitDiscard::OnResponse 206: player 1 tried to discard(valid:1, expected player:1)
 2018-04-18 11:15:23 MsgDelegateWaitDiscard::OnResponse 218: the card is 7
 2018-04-18 11:15:23 MsgDelegateWaitDiscard::OnDiscardCard 40: player 1 discard card 7(idx 4)
 2018-04-18 11:15:23 MsgDelegateDiscardResult::OnSend 49: player 1 discard 7 0
 2018-04-18 11:15:23 CServerGameDesk::OnBeforeProcedureStart 177: before procedure start, from 9 to 6
 2018-04-18 11:15:23 ProcedureInterceptCardImpl::OnStart 316: check interceptable card 7 from Player 1
 2018-04-18 11:15:23 ProcedureInterceptCardJumpDelegateImpl::JumpWhenNoAction 47:  active player changed 1 -> 0
 2018-04-18 11:15:23 CServerGameDesk::OnProcedureChanged 202: procedure change from 9 to 6
 2018-04-18 11:15:23 CServerGameDesk::OnBeforeProcedureStart 177: before procedure start, from 6 to 3
 2018-04-18 11:15:23 MsgDelegateDrawCard::OnSend 61: 0 draw card 19
 2018-04-18 11:15:23 CServerGameDesk::OnProcedureChanged 202: procedure change from 6 to 3
 2018-04-18 11:15:23 CServerGameDesk::OnBeforeProcedureStart 177: before procedure start, from 3 to 4
 2018-04-18 11:15:23 ProcedureAfterGetCardImpl::OnStart 132: Player 0 find action with hand 15,16,17,17,19,19,21,21,22,25,29,4,9,19 and interceptionList  latest draw card 19
 2018-04-18 11:15:23 ProcedureAfterGetCardImpl::OnStart 146: done
 2018-04-18 11:15:23 CServerGameDesk::OnProcedureChanged 202: procedure change from 3 to 4
 2018-04-18 11:15:23 CServerGameDesk::OnBeforeProcedureStart 177: before procedure start, from 4 to 9
 2018-04-18 11:15:23 MsgDelegateWaitDiscard::OnSend 134: waiting on player 0 to discard, with candidates :4,9 !
 2018-04-18 11:15:23 CServerGameDesk::OnProcedureChanged 202: procedure change from 4 to 9
 2018-04-18 11:15:25 MsgDelegateWaitDiscard::OnResponse 206: player 0 tried to discard(valid:1, expected player:0)
 2018-04-18 11:15:25 MsgDelegateWaitDiscard::OnResponse 218: the card is 9
 2018-04-18 11:15:25 MsgDelegateWaitDiscard::OnDiscardCard 40: player 0 discard card 9(idx 12)
 2018-04-18 11:15:25 MsgDelegateDiscardResult::OnSend 49: player 0 discard 9 0
 2018-04-18 11:15:25 CServerGameDesk::OnBeforeProcedureStart 177: before procedure start, from 9 to 6
 2018-04-18 11:15:25 ProcedureInterceptCardImpl::OnStart 316: check interceptable card 9 from Player 0
 2018-04-18 11:15:25 ProcedureInterceptCardJumpDelegateImpl::JumpWhenNoAction 47:  active player changed 0 -> 3
 2018-04-18 11:15:25 CServerGameDesk::OnProcedureChanged 202: procedure change from 9 to 6
 2018-04-18 11:15:25 CServerGameDesk::OnBeforeProcedureStart 177: before procedure start, from 6 to 3
 2018-04-18 11:15:25 MsgDelegateDrawCard::OnSend 61: 3 draw card 29
 2018-04-18 11:15:25 CServerGameDesk::OnProcedureChanged 202: procedure change from 6 to 3
 2018-04-18 11:15:25 CServerGameDesk::OnBeforeProcedureStart 177: before procedure start, from 3 to 4
 2018-04-18 11:15:25 ProcedureAfterGetCardImpl::OnStart 132: Player 3 find action with hand 12,14,16,18,22,22,23,23,24,25,26,28,28,29 and interceptionList  latest draw card 29
 2018-04-18 11:15:25 ProcedureAfterGetCardImpl::OnStart 146: done
 2018-04-18 11:15:25 CServerGameDesk::OnProcedureChanged 202: procedure change from 3 to 4
 2018-04-18 11:15:25 CServerGameDesk::OnBeforeProcedureStart 177: before procedure start, from 4 to 9
 2018-04-18 11:15:25 MsgDelegateWaitDiscard::OnSend 134: waiting on player 3 to discard, with candidates :12,14,16,18,22,22,23,23,24,25,26,28,28,29 !
 2018-04-18 11:15:25 CServerGameDesk::OnProcedureChanged 202: procedure change from 4 to 9
 2018-04-18 11:15:27 MsgDelegateWaitDiscard::OnResponse 206: player 3 tried to discard(valid:1, expected player:3)
 2018-04-18 11:15:27 MsgDelegateWaitDiscard::OnResponse 218: the card is 29
 2018-04-18 11:15:27 MsgDelegateWaitDiscard::OnDiscardCard 40: player 3 discard card 29(idx 13)
 2018-04-18 11:15:27 MsgDelegateDiscardResult::OnSend 49: player 3 discard 29 0
 2018-04-18 11:15:27 CServerGameDesk::OnBeforeProcedureStart 177: before procedure start, from 9 to 6
 2018-04-18 11:15:27 ProcedureInterceptCardImpl::OnStart 316: check interceptable card 29 from Player 3
 2018-04-18 11:15:27 ProcedureInterceptCardImpl::OnStart 349: Player 2 have actions type:2 from:3 card:29 cards:29,29,29
 with hand 1,3,5,5,6,8,22,25,26,27,27,29,29 interceptions  card 29
 2018-04-18 11:15:27 ProcedureInterceptCardImpl::OnStart 355: question sent
 2018-04-18 11:15:27 MsgDelegateInterception::OnSend 109: intercepted card : 29
 2018-04-18 11:15:27 MsgDelegateInterception::OnSend 110: player 2 have actions type:2 from:3 card:29 cards:29,29,29

 2018-04-18 11:15:27 CServerGameDesk::OnProcedureChanged 202: procedure change from 9 to 6
 2018-04-18 11:15:32 MsgDelegateInterception::Peng 195: player 2 select 29
 2018-04-18 11:15:32 CServerGameDesk::OnBeforeProcedureStart 177: before procedure start, from 6 to 7
 2018-04-18 11:15:32 MsgDelegateInterceptionResult::OnSend 28: player 2 do with type 2
 2018-04-18 11:15:32 ProcedureDetermineInterceptJumpDelegateImpl::JumpAfterAction 91:  active player changed 3 -> 2
 2018-04-18 11:15:32 CServerGameDesk::OnProcedureChanged 202: procedure change from 6 to 7
 2018-04-18 11:15:32 CServerGameDesk::OnBeforeProcedureStart 177: before procedure start, from 7 to 8
 2018-04-18 11:15:32 ProcedureAfterGetCardImpl::OnStart 132: Player 2 find action with hand 1,3,5,5,6,8,22,25,26,27,27 and interceptionList type:2 from:3 card:29 cards:29,29,29
 latest draw card 255
 2018-04-18 11:15:32 ProcedureAfterGetCardImpl::OnStart 146: done
 2018-04-18 11:15:32 CServerGameDesk::OnProcedureChanged 202: procedure change from 7 to 8
 2018-04-18 11:15:32 CServerGameDesk::OnBeforeProcedureStart 177: before procedure start, from 8 to 9
 2018-04-18 11:15:32 MsgDelegateWaitDiscard::OnSend 134: waiting on player 2 to discard, with candidates :1,3,5,5,6,8,22,25,26,27,27 !
 2018-04-18 11:15:32 CServerGameDesk::OnProcedureChanged 202: procedure change from 8 to 9
 2018-04-18 11:15:34 MsgDelegateWaitDiscard::OnResponse 206: player 2 tried to discard(valid:1, expected player:2)
 2018-04-18 11:15:34 MsgDelegateWaitDiscard::OnResponse 218: the card is 22
 2018-04-18 11:15:34 MsgDelegateWaitDiscard::OnDiscardCard 40: player 2 discard card 22(idx 6)
 2018-04-18 11:15:34 MsgDelegateDiscardResult::OnSend 49: player 2 discard 22 0
 2018-04-18 11:15:34 CServerGameDesk::OnBeforeProcedureStart 177: before procedure start, from 9 to 6
 2018-04-18 11:15:34 ProcedureInterceptCardImpl::OnStart 316: check interceptable card 22 from Player 2
 2018-04-18 11:15:34 ProcedureInterceptCardImpl::OnStart 349: Player 3 have actions type:2 from:2 card:22 cards:22,22,22
 with hand 12,14,16,18,22,22,23,23,24,25,26,28,28 interceptions  card 22
 2018-04-18 11:15:34 ProcedureInterceptCardImpl::OnStart 355: question sent
 2018-04-18 11:15:34 MsgDelegateInterception::OnSend 109: intercepted card : 22
 2018-04-18 11:15:34 MsgDelegateInterception::OnSend 110: player 3 have actions type:2 from:2 card:22 cards:22,22,22

 2018-04-18 11:15:34 CServerGameDesk::OnProcedureChanged 202: procedure change from 9 to 6
 2018-04-18 11:15:37 MsgDelegateInterception::Peng 195: player 3 select 22
 2018-04-18 11:15:38 CServerGameDesk::OnBeforeProcedureStart 177: before procedure start, from 6 to 7
 2018-04-18 11:15:38 MsgDelegateInterceptionResult::OnSend 28: player 3 do with type 2
 2018-04-18 11:15:38 ProcedureDetermineInterceptJumpDelegateImpl::JumpAfterAction 91:  active player changed 2 -> 3
 2018-04-18 11:15:38 CServerGameDesk::OnProcedureChanged 202: procedure change from 6 to 7
 2018-04-18 11:15:38 CServerGameDesk::OnBeforeProcedureStart 177: before procedure start, from 7 to 8
 2018-04-18 11:15:38 ProcedureAfterGetCardImpl::OnStart 132: Player 3 find action with hand 12,14,16,18,23,23,24,25,26,28,28 and interceptionList type:2 from:2 card:22 cards:22,22,22
 latest draw card 255
 2018-04-18 11:15:38 ProcedureAfterGetCardImpl::OnStart 146: done
 2018-04-18 11:15:38 CServerGameDesk::OnProcedureChanged 202: procedure change from 7 to 8
 2018-04-18 11:15:38 CServerGameDesk::OnBeforeProcedureStart 177: before procedure start, from 8 to 9
 2018-04-18 11:15:38 MsgDelegateWaitDiscard::OnSend 134: waiting on player 3 to discard, with candidates :12,14,16,18,23,23,24,25,26,28,28 !
 2018-04-18 11:15:38 CServerGameDesk::OnProcedureChanged 202: procedure change from 8 to 9
 2018-04-18 11:15:42 MsgDelegateWaitDiscard::OnResponse 206: player 3 tried to discard(valid:1, expected player:3)
 2018-04-18 11:15:42 MsgDelegateWaitDiscard::OnResponse 218: the card is 18
 2018-04-18 11:15:42 MsgDelegateWaitDiscard::OnDiscardCard 40: player 3 discard card 18(idx 3)
 2018-04-18 11:15:42 MsgDelegateDiscardResult::OnSend 49: player 3 discard 18 0
 2018-04-18 11:15:42 CServerGameDesk::OnBeforeProcedureStart 177: before procedure start, from 9 to 6
 2018-04-18 11:15:42 ProcedureInterceptCardImpl::OnStart 316: check interceptable card 18 from Player 3
 2018-04-18 11:15:42 ProcedureInterceptCardJumpDelegateImpl::JumpWhenNoAction 47:  active player changed 3 -> 2
 2018-04-18 11:15:42 CServerGameDesk::OnProcedureChanged 202: procedure change from 9 to 6
 2018-04-18 11:15:42 CServerGameDesk::OnBeforeProcedureStart 177: before procedure start, from 6 to 3
 2018-04-18 11:15:42 MsgDelegateDrawCard::OnSend 61: 2 draw card 7
 2018-04-18 11:15:42 CServerGameDesk::OnProcedureChanged 202: procedure change from 6 to 3
 2018-04-18 11:15:42 CServerGameDesk::OnBeforeProcedureStart 177: before procedure start, from 3 to 4
 2018-04-18 11:15:42 ProcedureAfterGetCardImpl::OnStart 132: Player 2 find action with hand 1,3,5,5,6,8,25,26,27,27,7 and interceptionList type:2 from:3 card:29 cards:29,29,29
 latest draw card 7
 2018-04-18 11:15:42 ProcedureAfterGetCardImpl::OnStart 146: done
 2018-04-18 11:15:42 CServerGameDesk::OnProcedureChanged 202: procedure change from 3 to 4
 2018-04-18 11:15:42 CServerGameDesk::OnBeforeProcedureStart 177: before procedure start, from 4 to 9
 2018-04-18 11:15:42 MsgDelegateWaitDiscard::OnSend 134: waiting on player 2 to discard, with candidates :1,3,5,5,6,8,25,26,27,27,7 !
 2018-04-18 11:15:42 CServerGameDesk::OnProcedureChanged 202: procedure change from 4 to 9
 2018-04-18 11:15:45 MsgDelegateWaitDiscard::OnResponse 206: player 2 tried to discard(valid:1, expected player:2)
 2018-04-18 11:15:45 MsgDelegateWaitDiscard::OnResponse 218: the card is 27
 2018-04-18 11:15:45 MsgDelegateWaitDiscard::OnDiscardCard 40: player 2 discard card 27(idx 8)
 2018-04-18 11:15:45 MsgDelegateDiscardResult::OnSend 49: player 2 discard 27 0
 2018-04-18 11:15:45 CServerGameDesk::OnBeforeProcedureStart 177: before procedure start, from 9 to 6
 2018-04-18 11:15:45 ProcedureInterceptCardImpl::OnStart 316: check interceptable card 27 from Player 2
 2018-04-18 11:15:45 ProcedureInterceptCardJumpDelegateImpl::JumpWhenNoAction 47:  active player changed 2 -> 1
 2018-04-18 11:15:45 CServerGameDesk::OnProcedureChanged 202: procedure change from 9 to 6
 2018-04-18 11:15:45 CServerGameDesk::OnBeforeProcedureStart 177: before procedure start, from 6 to 3
 2018-04-18 11:15:45 MsgDelegateDrawCard::OnSend 61: 1 draw card 23
 2018-04-18 11:15:45 CServerGameDesk::OnProcedureChanged 202: procedure change from 6 to 3
 2018-04-18 11:15:45 CServerGameDesk::OnBeforeProcedureStart 177: before procedure start, from 3 to 4
 2018-04-18 11:15:45 ProcedureAfterGetCardImpl::OnStart 132: Player 1 find action with hand 3,3,4,5,5,11,11,11,13,14,14,16,18,23 and interceptionList  latest draw card 23
 2018-04-18 11:15:45 ProcedureAfterGetCardImpl::OnStart 146: done
 2018-04-18 11:15:45 CServerGameDesk::OnProcedureChanged 202: procedure change from 3 to 4
 2018-04-18 11:15:45 CServerGameDesk::OnBeforeProcedureStart 177: before procedure start, from 4 to 9
 2018-04-18 11:15:45 MsgDelegateWaitDiscard::OnSend 134: waiting on player 1 to discard, with candidates :23 !
 2018-04-18 11:15:45 CServerGameDesk::OnProcedureChanged 202: procedure change from 4 to 9
 2018-04-18 11:15:57 MsgDelegateWaitDiscard::OnResponse 206: player 1 tried to discard(valid:1, expected player:1)
 2018-04-18 11:15:57 MsgDelegateWaitDiscard::OnResponse 218: the card is 23
 2018-04-18 11:15:57 MsgDelegateWaitDiscard::OnDiscardCard 40: player 1 discard card 23(idx 13)
 2018-04-18 11:15:57 MsgDelegateDiscardResult::OnSend 49: player 1 discard 23 0
 2018-04-18 11:15:57 CServerGameDesk::OnBeforeProcedureStart 177: before procedure start, from 9 to 6
 2018-04-18 11:15:57 ProcedureInterceptCardImpl::OnStart 316: check interceptable card 23 from Player 1
 2018-04-18 11:15:57 ProcedureInterceptCardImpl::OnStart 349: Player 3 have actions type:2 from:1 card:23 cards:23,23,23
 with hand 12,14,16,23,23,24,25,26,28,28 interceptions type:2 from:2 card:22 cards:22,22,22
 card 23
 2018-04-18 11:15:57 ProcedureInterceptCardImpl::OnStart 355: question sent
 2018-04-18 11:15:57 MsgDelegateInterception::OnSend 109: intercepted card : 23
 2018-04-18 11:15:57 MsgDelegateInterception::OnSend 110: player 3 have actions type:2 from:1 card:23 cards:23,23,23

 2018-04-18 11:15:57 CServerGameDesk::OnProcedureChanged 202: procedure change from 9 to 6
 2018-04-18 11:16:00 MsgDelegateInterception::Peng 195: player 3 select 23
 2018-04-18 11:16:00 CServerGameDesk::OnBeforeProcedureStart 177: before procedure start, from 6 to 7
 2018-04-18 11:16:00 MsgDelegateInterceptionResult::OnSend 28: player 3 do with type 2
 2018-04-18 11:16:00 ProcedureDetermineInterceptJumpDelegateImpl::JumpAfterAction 91:  active player changed 1 -> 3
 2018-04-18 11:16:00 CServerGameDesk::OnProcedureChanged 202: procedure change from 6 to 7
 2018-04-18 11:16:00 CServerGameDesk::OnBeforeProcedureStart 177: before procedure start, from 7 to 8
 2018-04-18 11:16:00 ProcedureAfterGetCardImpl::OnStart 132: Player 3 find action with hand 12,14,16,24,25,26,28,28 and interceptionList type:2 from:2 card:22 cards:22,22,22
type:2 from:1 card:23 cards:23,23,23
 latest draw card 255
 2018-04-18 11:16:00 ProcedureAfterGetCardImpl::OnStart 146: done
 2018-04-18 11:16:00 CServerGameDesk::OnProcedureChanged 202: procedure change from 7 to 8
 2018-04-18 11:16:00 CServerGameDesk::OnBeforeProcedureStart 177: before procedure start, from 8 to 9
 2018-04-18 11:16:00 MsgDelegateWaitDiscard::OnSend 134: waiting on player 3 to discard, with candidates :12,14,16,24,25,26,28,28 !
 2018-04-18 11:16:00 CServerGameDesk::OnProcedureChanged 202: procedure change from 8 to 9
 2018-04-18 11:16:04 MsgDelegateWaitDiscard::OnResponse 206: player 3 tried to discard(valid:1, expected player:3)
 2018-04-18 11:16:04 MsgDelegateWaitDiscard::OnResponse 218: the card is 12
 2018-04-18 11:16:04 MsgDelegateWaitDiscard::OnDiscardCard 40: player 3 discard card 12(idx 0)
 2018-04-18 11:16:04 MsgDelegateDiscardResult::OnSend 49: player 3 discard 12 0
 2018-04-18 11:16:04 CServerGameDesk::OnBeforeProcedureStart 177: before procedure start, from 9 to 6
 2018-04-18 11:16:04 ProcedureInterceptCardImpl::OnStart 316: check interceptable card 12 from Player 3
 2018-04-18 11:16:04 ProcedureInterceptCardJumpDelegateImpl::JumpWhenNoAction 47:  active player changed 3 -> 2
 2018-04-18 11:16:04 CServerGameDesk::OnProcedureChanged 202: procedure change from 9 to 6
 2018-04-18 11:16:04 CServerGameDesk::OnBeforeProcedureStart 177: before procedure start, from 6 to 3
 2018-04-18 11:16:04 MsgDelegateDrawCard::OnSend 61: 2 draw card 2
 2018-04-18 11:16:04 CServerGameDesk::OnProcedureChanged 202: procedure change from 6 to 3
 2018-04-18 11:16:04 CServerGameDesk::OnBeforeProcedureStart 177: before procedure start, from 3 to 4
 2018-04-18 11:16:04 ProcedureAfterGetCardImpl::OnStart 132: Player 2 find action with hand 1,3,5,5,6,7,8,25,26,27,2 and interceptionList type:2 from:3 card:29 cards:29,29,29
 latest draw card 2
 2018-04-18 11:16:04 ProcedureAfterGetCardImpl::OnStart 146: done
 2018-04-18 11:16:04 ProcedureAfterGetCardImpl::OnStart 156: Player 2 have actions type:16 from:2 card:2 cards:1,3,5,5,6,7,8,25,26,27,2

 2018-04-18 11:16:04 MsgDelegateInterception::OnSend 109: intercepted card : 2
 2018-04-18 11:16:04 MsgDelegateInterception::OnSend 110: player 2 have actions type:16 from:2 card:2 cards:1,3,5,5,6,7,8,25,26,27,2

 2018-04-18 11:16:04 CServerGameDesk::OnProcedureChanged 202: procedure change from 3 to 4
 2018-04-18 11:16:07 MsgDelegateInterception::Win 247: player 2 select 2
 2018-04-18 11:16:07 CServerGameDesk::OnBeforeProcedureStart 177: before procedure start, from 4 to 7
 2018-04-18 11:16:07 MsgDelegateInterceptionResult::OnSend 28: player 2 do with type 16
 2018-04-18 11:16:07 ProcedureDetermineInterceptJumpDelegateImpl::JumpAfterAction 91:  active player changed 2 -> 1
 2018-04-18 11:16:07 CServerGameDesk::OnProcedureChanged 202: procedure change from 4 to 7
 2018-04-18 11:16:07 CServerGameDesk::OnBeforeProcedureStart 177: before procedure start, from 7 to 3
 2018-04-18 11:16:07 MsgDelegateDrawCard::OnSend 61: 1 draw card 21
 2018-04-18 11:16:07 CServerGameDesk::OnProcedureChanged 202: procedure change from 7 to 3
 2018-04-18 11:16:07 CServerGameDesk::OnBeforeProcedureStart 177: before procedure start, from 3 to 4
 2018-04-18 11:16:07 ProcedureAfterGetCardImpl::OnStart 132: Player 1 find action with hand 3,3,4,5,5,11,11,11,13,14,14,16,18,21 and interceptionList  latest draw card 21
 2018-04-18 11:16:07 ProcedureAfterGetCardImpl::OnStart 146: done
 2018-04-18 11:16:07 CServerGameDesk::OnProcedureChanged 202: procedure change from 3 to 4
 2018-04-18 11:16:07 CServerGameDesk::OnBeforeProcedureStart 177: before procedure start, from 4 to 9
 2018-04-18 11:16:07 MsgDelegateWaitDiscard::OnSend 134: waiting on player 1 to discard, with candidates :21 !
 2018-04-18 11:16:07 CServerGameDesk::OnProcedureChanged 202: procedure change from 4 to 9
 2018-04-18 11:16:10 MsgDelegateWaitDiscard::OnResponse 206: player 1 tried to discard(valid:1, expected player:1)
 2018-04-18 11:16:10 MsgDelegateWaitDiscard::OnResponse 218: the card is 21
 2018-04-18 11:16:10 MsgDelegateWaitDiscard::OnDiscardCard 40: player 1 discard card 21(idx 13)
 2018-04-18 11:16:10 MsgDelegateDiscardResult::OnSend 49: player 1 discard 21 0
 2018-04-18 11:16:10 CServerGameDesk::OnBeforeProcedureStart 177: before procedure start, from 9 to 6
 2018-04-18 11:16:10 ProcedureInterceptCardImpl::OnStart 316: check interceptable card 21 from Player 1
 2018-04-18 11:16:10 ProcedureInterceptCardImpl::OnStart 349: Player 0 have actions type:2 from:1 card:21 cards:21,21,21
 with hand 15,16,17,17,19,19,19,21,21,22,25,29,4 interceptions  card 21
 2018-04-18 11:16:10 ProcedureInterceptCardImpl::OnStart 355: question sent
 2018-04-18 11:16:10 MsgDelegateInterception::OnSend 109: intercepted card : 21
 2018-04-18 11:16:10 MsgDelegateInterception::OnSend 110: player 0 have actions type:2 from:1 card:21 cards:21,21,21

 2018-04-18 11:16:10 CServerGameDesk::OnProcedureChanged 202: procedure change from 9 to 6
 2018-04-18 11:16:14 MsgDelegateInterception::Peng 195: player 0 select 21
 2018-04-18 11:16:14 CServerGameDesk::OnBeforeProcedureStart 177: before procedure start, from 6 to 7
 2018-04-18 11:16:14 MsgDelegateInterceptionResult::OnSend 28: player 0 do with type 2
 2018-04-18 11:16:14 ProcedureDetermineInterceptJumpDelegateImpl::JumpAfterAction 91:  active player changed 1 -> 0
 2018-04-18 11:16:14 CServerGameDesk::OnProcedureChanged 202: procedure change from 6 to 7
 2018-04-18 11:16:14 CServerGameDesk::OnBeforeProcedureStart 177: before procedure start, from 7 to 8
 2018-04-18 11:16:14 ProcedureAfterGetCardImpl::OnStart 132: Player 0 find action with hand 15,16,17,17,19,19,19,22,25,29,4 and interceptionList type:2 from:1 card:21 cards:21,21,21
 latest draw card 255
 2018-04-18 11:16:14 ProcedureAfterGetCardImpl::OnStart 146: done
 2018-04-18 11:16:14 CServerGameDesk::OnProcedureChanged 202: procedure change from 7 to 8
 2018-04-18 11:16:14 CServerGameDesk::OnBeforeProcedureStart 177: before procedure start, from 8 to 9
 2018-04-18 11:16:14 MsgDelegateWaitDiscard::OnSend 134: waiting on player 0 to discard, with candidates :4 !
 2018-04-18 11:16:14 CServerGameDesk::OnProcedureChanged 202: procedure change from 8 to 9
 2018-04-18 11:16:15 MsgDelegateWaitDiscard::OnResponse 206: player 0 tried to discard(valid:1, expected player:0)
 2018-04-18 11:16:15 MsgDelegateWaitDiscard::OnResponse 218: the card is 4
 2018-04-18 11:16:15 MsgDelegateWaitDiscard::OnDiscardCard 40: player 0 discard card 4(idx 10)
 2018-04-18 11:16:15 MsgDelegateDiscardResult::OnSend 49: player 0 discard 4 0
 2018-04-18 11:16:15 CServerGameDesk::OnBeforeProcedureStart 177: before procedure start, from 9 to 6
 2018-04-18 11:16:15 ProcedureInterceptCardImpl::OnStart 316: check interceptable card 4 from Player 0
 2018-04-18 11:16:15 ProcedureInterceptCardJumpDelegateImpl::JumpWhenNoAction 47:  active player changed 0 -> 3
 2018-04-18 11:16:15 CServerGameDesk::OnProcedureChanged 202: procedure change from 9 to 6
 2018-04-18 11:16:15 CServerGameDesk::OnBeforeProcedureStart 177: before procedure start, from 6 to 3
 2018-04-18 11:16:15 MsgDelegateDrawCard::OnSend 61: 3 draw card 3
 2018-04-18 11:16:15 CServerGameDesk::OnProcedureChanged 202: procedure change from 6 to 3
 2018-04-18 11:16:15 CServerGameDesk::OnBeforeProcedureStart 177: before procedure start, from 3 to 4
 2018-04-18 11:16:15 ProcedureAfterGetCardImpl::OnStart 132: Player 3 find action with hand 14,16,24,25,26,28,28,3 and interceptionList type:2 from:2 card:22 cards:22,22,22
type:2 from:1 card:23 cards:23,23,23
 latest draw card 3
 2018-04-18 11:16:15 ProcedureAfterGetCardImpl::OnStart 146: done
 2018-04-18 11:16:15 CServerGameDesk::OnProcedureChanged 202: procedure change from 3 to 4
 2018-04-18 11:16:15 CServerGameDesk::OnBeforeProcedureStart 177: before procedure start, from 4 to 9
 2018-04-18 11:16:15 MsgDelegateWaitDiscard::OnSend 134: waiting on player 3 to discard, with candidates :3 !
 2018-04-18 11:16:15 CServerGameDesk::OnProcedureChanged 202: procedure change from 4 to 9
 2018-04-18 11:16:18 MsgDelegateWaitDiscard::OnResponse 206: player 3 tried to discard(valid:1, expected player:3)
 2018-04-18 11:16:18 MsgDelegateWaitDiscard::OnResponse 218: the card is 3
 2018-04-18 11:16:18 MsgDelegateWaitDiscard::OnDiscardCard 40: player 3 discard card 3(idx 7)
 2018-04-18 11:16:18 MsgDelegateDiscardResult::OnSend 49: player 3 discard 3 1
 2018-04-18 11:16:18 CServerGameDesk::OnBeforeProcedureStart 177: before procedure start, from 9 to 6
 2018-04-18 11:16:18 ProcedureInterceptCardImpl::OnStart 316: check interceptable card 3 from Player 3
 2018-04-18 11:16:18 ProcedureInterceptCardImpl::OnStart 349: Player 1 have actions type:2 from:3 card:3 cards:3,3,3
 with hand 3,3,4,5,5,11,11,11,13,14,14,16,18 interceptions  card 3
 2018-04-18 11:16:18 ProcedureInterceptCardImpl::OnStart 355: question sent
 2018-04-18 11:16:18 MsgDelegateInterception::OnSend 109: intercepted card : 3
 2018-04-18 11:16:18 MsgDelegateInterception::OnSend 110: player 1 have actions type:2 from:3 card:3 cards:3,3,3

 2018-04-18 11:16:18 CServerGameDesk::OnProcedureChanged 202: procedure change from 9 to 6
 2018-04-18 11:16:22 MsgDelegateInterception::Peng 195: player 1 select 3
 2018-04-18 11:16:22 CServerGameDesk::OnBeforeProcedureStart 177: before procedure start, from 6 to 7
 2018-04-18 11:16:22 MsgDelegateInterceptionResult::OnSend 28: player 1 do with type 2
 2018-04-18 11:16:22 ProcedureDetermineInterceptJumpDelegateImpl::JumpAfterAction 91:  active player changed 3 -> 1
 2018-04-18 11:16:22 CServerGameDesk::OnProcedureChanged 202: procedure change from 6 to 7
 2018-04-18 11:16:22 CServerGameDesk::OnBeforeProcedureStart 177: before procedure start, from 7 to 8
 2018-04-18 11:16:22 ProcedureAfterGetCardImpl::OnStart 132: Player 1 find action with hand 4,5,5,11,11,11,13,14,14,16,18 and interceptionList type:2 from:3 card:3 cards:3,3,3
 latest draw card 255
 2018-04-18 11:16:22 ProcedureAfterGetCardImpl::OnStart 146: done
 2018-04-18 11:16:22 CServerGameDesk::OnProcedureChanged 202: procedure change from 7 to 8
 2018-04-18 11:16:22 CServerGameDesk::OnBeforeProcedureStart 177: before procedure start, from 8 to 9
 2018-04-18 11:16:22 MsgDelegateWaitDiscard::OnSend 134: waiting on player 1 to discard, with candidates :4,5,5,11,11,11,13,14,14,16,18 !
 2018-04-18 11:16:22 CServerGameDesk::OnProcedureChanged 202: procedure change from 8 to 9
 2018-04-18 11:16:24 MsgDelegateWaitDiscard::OnResponse 206: player 1 tried to discard(valid:1, expected player:1)
 2018-04-18 11:16:24 MsgDelegateWaitDiscard::OnResponse 218: the card is 4
 2018-04-18 11:16:24 MsgDelegateWaitDiscard::OnDiscardCard 40: player 1 discard card 4(idx 0)
 2018-04-18 11:16:24 MsgDelegateDiscardResult::OnSend 49: player 1 discard 4 0
 2018-04-18 11:16:24 CServerGameDesk::OnBeforeProcedureStart 177: before procedure start, from 9 to 6
 2018-04-18 11:16:24 ProcedureInterceptCardImpl::OnStart 316: check interceptable card 4 from Player 1
 2018-04-18 11:16:24 ProcedureInterceptCardJumpDelegateImpl::JumpWhenNoAction 47:  active player changed 1 -> 0
 2018-04-18 11:16:24 CServerGameDesk::OnProcedureChanged 202: procedure change from 9 to 6
 2018-04-18 11:16:24 CServerGameDesk::OnBeforeProcedureStart 177: before procedure start, from 6 to 3
 2018-04-18 11:16:24 MsgDelegateDrawCard::OnSend 61: 0 draw card 13
 2018-04-18 11:16:24 CServerGameDesk::OnProcedureChanged 202: procedure change from 6 to 3
 2018-04-18 11:16:24 CServerGameDesk::OnBeforeProcedureStart 177: before procedure start, from 3 to 4
 2018-04-18 11:16:24 ProcedureAfterGetCardImpl::OnStart 132: Player 0 find action with hand 15,16,17,17,19,19,19,22,25,29,13 and interceptionList type:2 from:1 card:21 cards:21,21,21
 latest draw card 13
 2018-04-18 11:16:24 ProcedureAfterGetCardImpl::OnStart 146: done
 2018-04-18 11:16:24 CServerGameDesk::OnProcedureChanged 202: procedure change from 3 to 4
 2018-04-18 11:16:24 CServerGameDesk::OnBeforeProcedureStart 177: before procedure start, from 4 to 9
 2018-04-18 11:16:24 MsgDelegateWaitDiscard::OnSend 134: waiting on player 0 to discard, with candidates :15,16,17,17,19,19,19,22,25,29,13 !
 2018-04-18 11:16:24 CServerGameDesk::OnProcedureChanged 202: procedure change from 4 to 9
 2018-04-18 11:16:26 MsgDelegateWaitDiscard::OnResponse 206: player 0 tried to discard(valid:1, expected player:0)
 2018-04-18 11:16:26 MsgDelegateWaitDiscard::OnResponse 218: the card is 29
 2018-04-18 11:16:26 MsgDelegateWaitDiscard::OnDiscardCard 40: player 0 discard card 29(idx 9)
 2018-04-18 11:16:26 MsgDelegateDiscardResult::OnSend 49: player 0 discard 29 0
 2018-04-18 11:16:26 CServerGameDesk::OnBeforeProcedureStart 177: before procedure start, from 9 to 6
 2018-04-18 11:16:26 ProcedureInterceptCardImpl::OnStart 316: check interceptable card 29 from Player 0
 2018-04-18 11:16:26 ProcedureInterceptCardJumpDelegateImpl::JumpWhenNoAction 47:  active player changed 0 -> 3
 2018-04-18 11:16:26 CServerGameDesk::OnProcedureChanged 202: procedure change from 9 to 6
 2018-04-18 11:16:26 CServerGameDesk::OnBeforeProcedureStart 177: before procedure start, from 6 to 3
 2018-04-18 11:16:26 MsgDelegateDrawCard::OnSend 61: 3 draw card 15
 2018-04-18 11:16:26 CServerGameDesk::OnProcedureChanged 202: procedure change from 6 to 3
 2018-04-18 11:16:26 CServerGameDesk::OnBeforeProcedureStart 177: before procedure start, from 3 to 4
 2018-04-18 11:16:26 ProcedureAfterGetCardImpl::OnStart 132: Player 3 find action with hand 14,16,24,25,26,28,28,15 and interceptionList type:2 from:2 card:22 cards:22,22,22
type:2 from:1 card:23 cards:23,23,23
 latest draw card 15
 2018-04-18 11:16:26 ProcedureAfterGetCardImpl::OnStart 146: done
 2018-04-18 11:16:26 ProcedureAfterGetCardImpl::OnStart 156: Player 3 have actions type:16 from:3 card:15 cards:14,16,24,25,26,28,28,15

 2018-04-18 11:16:26 MsgDelegateInterception::OnSend 109: intercepted card : 15
 2018-04-18 11:16:26 MsgDelegateInterception::OnSend 110: player 3 have actions type:16 from:3 card:15 cards:14,16,24,25,26,28,28,15

 2018-04-18 11:16:26 CServerGameDesk::OnProcedureChanged 202: procedure change from 3 to 4
 2018-04-18 11:16:29 MsgDelegateInterception::Win 247: player 3 select 15
 2018-04-18 11:16:29 CServerGameDesk::OnBeforeProcedureStart 177: before procedure start, from 4 to 7
 2018-04-18 11:16:29 MsgDelegateInterceptionResult::OnSend 28: player 3 do with type 16
 2018-04-18 11:16:29 ProcedureDetermineInterceptJumpDelegateImpl::JumpAfterAction 91:  active player changed 3 -> 1
 2018-04-18 11:16:29 CServerGameDesk::OnProcedureChanged 202: procedure change from 4 to 7
 2018-04-18 11:16:29 CServerGameDesk::OnBeforeProcedureStart 177: before procedure start, from 7 to 3
 2018-04-18 11:16:29 MsgDelegateDrawCard::OnSend 61: 1 draw card 18
 2018-04-18 11:16:29 CServerGameDesk::OnProcedureChanged 202: procedure change from 7 to 3
 2018-04-18 11:16:29 CServerGameDesk::OnBeforeProcedureStart 177: before procedure start, from 3 to 4
 2018-04-18 11:16:29 ProcedureAfterGetCardImpl::OnStart 132: Player 1 find action with hand 5,5,11,11,11,13,14,14,16,18,18 and interceptionList type:2 from:3 card:3 cards:3,3,3
 latest draw card 18
 2018-04-18 11:16:29 ProcedureAfterGetCardImpl::OnStart 146: done
 2018-04-18 11:16:29 CServerGameDesk::OnProcedureChanged 202: procedure change from 3 to 4
 2018-04-18 11:16:29 CServerGameDesk::OnBeforeProcedureStart 177: before procedure start, from 4 to 9
 2018-04-18 11:16:29 MsgDelegateWaitDiscard::OnSend 134: waiting on player 1 to discard, with candidates :5,5,11,11,11,13,14,14,16,18,18 !
 2018-04-18 11:16:29 CServerGameDesk::OnProcedureChanged 202: procedure change from 4 to 9
 2018-04-18 11:16:33 MsgDelegateWaitDiscard::OnResponse 206: player 1 tried to discard(valid:1, expected player:1)
 2018-04-18 11:16:33 MsgDelegateWaitDiscard::OnResponse 218: the card is 16
 2018-04-18 11:16:33 MsgDelegateWaitDiscard::OnDiscardCard 40: player 1 discard card 16(idx 8)
 2018-04-18 11:16:33 MsgDelegateDiscardResult::OnSend 49: player 1 discard 16 0
 2018-04-18 11:16:33 CServerGameDesk::OnBeforeProcedureStart 177: before procedure start, from 9 to 6
 2018-04-18 11:16:33 ProcedureInterceptCardImpl::OnStart 316: check interceptable card 16 from Player 1
 2018-04-18 11:16:33 ProcedureInterceptCardJumpDelegateImpl::JumpWhenNoAction 47:  active player changed 1 -> 0
 2018-04-18 11:16:33 CServerGameDesk::OnProcedureChanged 202: procedure change from 9 to 6
 2018-04-18 11:16:33 CServerGameDesk::OnBeforeProcedureStart 177: before procedure start, from 6 to 3
 2018-04-18 11:16:33 MsgDelegateDrawCard::OnSend 61: 0 draw card 8
 2018-04-18 11:16:33 CServerGameDesk::OnProcedureChanged 202: procedure change from 6 to 3
 2018-04-18 11:16:33 CServerGameDesk::OnBeforeProcedureStart 177: before procedure start, from 3 to 4
 2018-04-18 11:16:33 ProcedureAfterGetCardImpl::OnStart 132: Player 0 find action with hand 13,15,16,17,17,19,19,19,22,25,8 and interceptionList type:2 from:1 card:21 cards:21,21,21
 latest draw card 8
 2018-04-18 11:16:33 ProcedureAfterGetCardImpl::OnStart 146: done
 2018-04-18 11:16:33 CServerGameDesk::OnProcedureChanged 202: procedure change from 3 to 4
 2018-04-18 11:16:33 CServerGameDesk::OnBeforeProcedureStart 177: before procedure start, from 4 to 9
 2018-04-18 11:16:33 MsgDelegateWaitDiscard::OnSend 134: waiting on player 0 to discard, with candidates :8 !
 2018-04-18 11:16:33 CServerGameDesk::OnProcedureChanged 202: procedure change from 4 to 9
 2018-04-18 11:16:35 MsgDelegateWaitDiscard::OnResponse 206: player 0 tried to discard(valid:1, expected player:0)
 2018-04-18 11:16:35 MsgDelegateWaitDiscard::OnResponse 218: the card is 8
 2018-04-18 11:16:35 MsgDelegateWaitDiscard::OnDiscardCard 40: player 0 discard card 8(idx 10)
 2018-04-18 11:16:35 MsgDelegateDiscardResult::OnSend 49: player 0 discard 8 0
 2018-04-18 11:16:35 CServerGameDesk::OnBeforeProcedureStart 177: before procedure start, from 9 to 6
 2018-04-18 11:16:35 ProcedureInterceptCardImpl::OnStart 316: check interceptable card 8 from Player 0
 2018-04-18 11:16:35 ProcedureInterceptCardJumpDelegateImpl::JumpWhenNoAction 47:  active player changed 0 -> 1
 2018-04-18 11:16:35 CServerGameDesk::OnProcedureChanged 202: procedure change from 9 to 6
 2018-04-18 11:16:35 CServerGameDesk::OnBeforeProcedureStart 177: before procedure start, from 6 to 3
 2018-04-18 11:16:35 MsgDelegateDrawCard::OnSend 61: 1 draw card 1
 2018-04-18 11:16:35 CServerGameDesk::OnProcedureChanged 202: procedure change from 6 to 3
 2018-04-18 11:16:35 CServerGameDesk::OnBeforeProcedureStart 177: before procedure start, from 3 to 4
 2018-04-18 11:16:35 ProcedureAfterGetCardImpl::OnStart 132: Player 1 find action with hand 5,5,11,11,11,13,14,14,18,18,1 and interceptionList type:2 from:3 card:3 cards:3,3,3
 latest draw card 1
 2018-04-18 11:16:35 ProcedureAfterGetCardImpl::OnStart 146: done
 2018-04-18 11:16:35 CServerGameDesk::OnProcedureChanged 202: procedure change from 3 to 4
 2018-04-18 11:16:35 CServerGameDesk::OnBeforeProcedureStart 177: before procedure start, from 4 to 9
 2018-04-18 11:16:35 MsgDelegateWaitDiscard::OnSend 134: waiting on player 1 to discard, with candidates :5,5,11,11,11,13,14,14,18,18,1 !
 2018-04-18 11:16:35 CServerGameDesk::OnProcedureChanged 202: procedure change from 4 to 9
 2018-04-18 11:16:37 MsgDelegateWaitDiscard::OnResponse 206: player 1 tried to discard(valid:1, expected player:1)
 2018-04-18 11:16:37 MsgDelegateWaitDiscard::OnResponse 218: the card is 1
 2018-04-18 11:16:37 MsgDelegateWaitDiscard::OnDiscardCard 40: player 1 discard card 1(idx 10)
 2018-04-18 11:16:37 MsgDelegateDiscardResult::OnSend 49: player 1 discard 1 0
 2018-04-18 11:16:37 CServerGameDesk::OnBeforeProcedureStart 177: before procedure start, from 9 to 6
 2018-04-18 11:16:37 ProcedureInterceptCardImpl::OnStart 316: check interceptable card 1 from Player 1
 2018-04-18 11:16:37 ProcedureInterceptCardJumpDelegateImpl::JumpWhenNoAction 47:  active player changed 1 -> 0
 2018-04-18 11:16:37 CServerGameDesk::OnProcedureChanged 202: procedure change from 9 to 6
 2018-04-18 11:16:37 CServerGameDesk::OnBeforeProcedureStart 177: before procedure start, from 6 to 3
 2018-04-18 11:16:37 MsgDelegateDrawCard::OnSend 61: 0 draw card 6
 2018-04-18 11:16:37 CServerGameDesk::OnProcedureChanged 202: procedure change from 6 to 3
 2018-04-18 11:16:37 CServerGameDesk::OnBeforeProcedureStart 177: before procedure start, from 3 to 4
 2018-04-18 11:16:37 ProcedureAfterGetCardImpl::OnStart 132: Player 0 find action with hand 13,15,16,17,17,19,19,19,22,25,6 and interceptionList type:2 from:1 card:21 cards:21,21,21
 latest draw card 6
 2018-04-18 11:16:37 ProcedureAfterGetCardImpl::OnStart 146: done
 2018-04-18 11:16:37 CServerGameDesk::OnProcedureChanged 202: procedure change from 3 to 4
 2018-04-18 11:16:37 CServerGameDesk::OnBeforeProcedureStart 177: before procedure start, from 4 to 9
 2018-04-18 11:16:37 MsgDelegateWaitDiscard::OnSend 134: waiting on player 0 to discard, with candidates :6 !
 2018-04-18 11:16:37 CServerGameDesk::OnProcedureChanged 202: procedure change from 4 to 9
 2018-04-18 11:16:39 MsgDelegateWaitDiscard::OnResponse 206: player 0 tried to discard(valid:1, expected player:0)
 2018-04-18 11:16:39 MsgDelegateWaitDiscard::OnResponse 218: the card is 6
 2018-04-18 11:16:39 MsgDelegateWaitDiscard::OnDiscardCard 40: player 0 discard card 6(idx 10)
 2018-04-18 11:16:39 MsgDelegateDiscardResult::OnSend 49: player 0 discard 6 0
 2018-04-18 11:16:39 CServerGameDesk::OnBeforeProcedureStart 177: before procedure start, from 9 to 6
 2018-04-18 11:16:39 ProcedureInterceptCardImpl::OnStart 316: check interceptable card 6 from Player 0
 2018-04-18 11:16:39 ProcedureInterceptCardJumpDelegateImpl::JumpWhenNoAction 47:  active player changed 0 -> 1
 2018-04-18 11:16:39 CServerGameDesk::OnProcedureChanged 202: procedure change from 9 to 6
 2018-04-18 11:16:39 CServerGameDesk::OnBeforeProcedureStart 177: before procedure start, from 6 to 3
 2018-04-18 11:16:39 MsgDelegateDrawCard::OnSend 61: 1 draw card 15
 2018-04-18 11:16:39 CServerGameDesk::OnProcedureChanged 202: procedure change from 6 to 3
 2018-04-18 11:16:39 CServerGameDesk::OnBeforeProcedureStart 177: before procedure start, from 3 to 4
 2018-04-18 11:16:39 ProcedureAfterGetCardImpl::OnStart 132: Player 1 find action with hand 5,5,11,11,11,13,14,14,18,18,15 and interceptionList type:2 from:3 card:3 cards:3,3,3
 latest draw card 15
 2018-04-18 11:16:39 ProcedureAfterGetCardImpl::OnStart 146: done
 2018-04-18 11:16:39 CServerGameDesk::OnProcedureChanged 202: procedure change from 3 to 4
 2018-04-18 11:16:39 CServerGameDesk::OnBeforeProcedureStart 177: before procedure start, from 4 to 9
 2018-04-18 11:16:39 MsgDelegateWaitDiscard::OnSend 134: waiting on player 1 to discard, with candidates :5,5,11,11,11,13,14,14,18,18,15 !
 2018-04-18 11:16:39 CServerGameDesk::OnProcedureChanged 202: procedure change from 4 to 9
 2018-04-18 11:16:41 MsgDelegateWaitDiscard::OnResponse 206: player 1 tried to discard(valid:1, expected player:1)
 2018-04-18 11:16:41 MsgDelegateWaitDiscard::OnResponse 218: the card is 14
 2018-04-18 11:16:41 MsgDelegateWaitDiscard::OnDiscardCard 40: player 1 discard card 14(idx 6)
 2018-04-18 11:16:41 MsgDelegateDiscardResult::OnSend 49: player 1 discard 14 0
 2018-04-18 11:16:41 CServerGameDesk::OnBeforeProcedureStart 177: before procedure start, from 9 to 6
 2018-04-18 11:16:41 ProcedureInterceptCardImpl::OnStart 316: check interceptable card 14 from Player 1
 2018-04-18 11:16:41 ProcedureInterceptCardJumpDelegateImpl::JumpWhenNoAction 47:  active player changed 1 -> 0
 2018-04-18 11:16:41 CServerGameDesk::OnProcedureChanged 202: procedure change from 9 to 6
 2018-04-18 11:16:41 CServerGameDesk::OnBeforeProcedureStart 177: before procedure start, from 6 to 3
 2018-04-18 11:16:41 MsgDelegateDrawCard::OnSend 61: 0 draw card 23
 2018-04-18 11:16:41 CServerGameDesk::OnProcedureChanged 202: procedure change from 6 to 3
 2018-04-18 11:16:41 CServerGameDesk::OnBeforeProcedureStart 177: before procedure start, from 3 to 4
 2018-04-18 11:16:41 ProcedureAfterGetCardImpl::OnStart 132: Player 0 find action with hand 13,15,16,17,17,19,19,19,22,25,23 and interceptionList type:2 from:1 card:21 cards:21,21,21
 latest draw card 23
 2018-04-18 11:16:41 ProcedureAfterGetCardImpl::OnStart 146: done
 2018-04-18 11:16:41 CServerGameDesk::OnProcedureChanged 202: procedure change from 3 to 4
 2018-04-18 11:16:41 CServerGameDesk::OnBeforeProcedureStart 177: before procedure start, from 4 to 9
 2018-04-18 11:16:41 MsgDelegateWaitDiscard::OnSend 134: waiting on player 0 to discard, with candidates :13,15,16,17,17,19,19,19,22,25,23 !
 2018-04-18 11:16:41 CServerGameDesk::OnProcedureChanged 202: procedure change from 4 to 9
 2018-04-18 11:16:43 MsgDelegateWaitDiscard::OnResponse 206: player 0 tried to discard(valid:1, expected player:0)
 2018-04-18 11:16:43 MsgDelegateWaitDiscard::OnResponse 218: the card is 25
 2018-04-18 11:16:43 MsgDelegateWaitDiscard::OnDiscardCard 40: player 0 discard card 25(idx 9)
 2018-04-18 11:16:43 MsgDelegateDiscardResult::OnSend 49: player 0 discard 25 0
 2018-04-18 11:16:43 CServerGameDesk::OnBeforeProcedureStart 177: before procedure start, from 9 to 6
 2018-04-18 11:16:43 ProcedureInterceptCardImpl::OnStart 316: check interceptable card 25 from Player 0
 2018-04-18 11:16:43 ProcedureInterceptCardJumpDelegateImpl::JumpWhenNoAction 47:  active player changed 0 -> 1
 2018-04-18 11:16:43 CServerGameDesk::OnProcedureChanged 202: procedure change from 9 to 6
 2018-04-18 11:16:43 CServerGameDesk::OnBeforeProcedureStart 177: before procedure start, from 6 to 3
 2018-04-18 11:16:43 MsgDelegateDrawCard::OnSend 61: 1 draw card 16
 2018-04-18 11:16:43 CServerGameDesk::OnProcedureChanged 202: procedure change from 6 to 3
 2018-04-18 11:16:43 CServerGameDesk::OnBeforeProcedureStart 177: before procedure start, from 3 to 4
 2018-04-18 11:16:43 ProcedureAfterGetCardImpl::OnStart 132: Player 1 find action with hand 5,5,11,11,11,13,14,15,18,18,16 and interceptionList type:2 from:3 card:3 cards:3,3,3
 latest draw card 16
 2018-04-18 11:16:43 ProcedureAfterGetCardImpl::OnStart 146: done
 2018-04-18 11:16:43 CServerGameDesk::OnProcedureChanged 202: procedure change from 3 to 4
 2018-04-18 11:16:43 CServerGameDesk::OnBeforeProcedureStart 177: before procedure start, from 4 to 9
 2018-04-18 11:16:43 MsgDelegateWaitDiscard::OnSend 134: waiting on player 1 to discard, with candidates :5,5,11,11,11,13,14,15,18,18,16 !
 2018-04-18 11:16:43 CServerGameDesk::OnProcedureChanged 202: procedure change from 4 to 9
 2018-04-18 11:16:46 MsgDelegateWaitDiscard::OnResponse 206: player 1 tried to discard(valid:1, expected player:1)
 2018-04-18 11:16:46 MsgDelegateWaitDiscard::OnResponse 218: the card is 16
 2018-04-18 11:16:46 MsgDelegateWaitDiscard::OnDiscardCard 40: player 1 discard card 16(idx 10)
 2018-04-18 11:16:46 MsgDelegateDiscardResult::OnSend 49: player 1 discard 16 1
 2018-04-18 11:16:46 CServerGameDesk::OnBeforeProcedureStart 177: before procedure start, from 9 to 6
 2018-04-18 11:16:46 ProcedureInterceptCardImpl::OnStart 316: check interceptable card 16 from Player 1
 2018-04-18 11:16:46 ProcedureInterceptCardJumpDelegateImpl::JumpWhenNoAction 47:  active player changed 1 -> 0
 2018-04-18 11:16:46 CServerGameDesk::OnProcedureChanged 202: procedure change from 9 to 6
 2018-04-18 11:16:46 CServerGameDesk::OnBeforeProcedureStart 177: before procedure start, from 6 to 3
 2018-04-18 11:16:46 MsgDelegateDrawCard::OnSend 61: 0 draw card 13
 2018-04-18 11:16:46 CServerGameDesk::OnProcedureChanged 202: procedure change from 6 to 3
 2018-04-18 11:16:46 CServerGameDesk::OnBeforeProcedureStart 177: before procedure start, from 3 to 4
 2018-04-18 11:16:46 ProcedureAfterGetCardImpl::OnStart 132: Player 0 find action with hand 13,15,16,17,17,19,19,19,22,23,13 and interceptionList type:2 from:1 card:21 cards:21,21,21
 latest draw card 13
 2018-04-18 11:16:46 ProcedureAfterGetCardImpl::OnStart 146: done
 2018-04-18 11:16:46 CServerGameDesk::OnProcedureChanged 202: procedure change from 3 to 4
 2018-04-18 11:16:46 CServerGameDesk::OnBeforeProcedureStart 177: before procedure start, from 4 to 9
 2018-04-18 11:16:46 MsgDelegateWaitDiscard::OnSend 134: waiting on player 0 to discard, with candidates :13,15,16,17,17,19,19,19,22,23,13 !
 2018-04-18 11:16:46 CServerGameDesk::OnProcedureChanged 202: procedure change from 4 to 9
 2018-04-18 11:16:48 MsgDelegateWaitDiscard::OnResponse 206: player 0 tried to discard(valid:1, expected player:0)
 2018-04-18 11:16:48 MsgDelegateWaitDiscard::OnResponse 218: the card is 17
 2018-04-18 11:16:48 MsgDelegateWaitDiscard::OnDiscardCard 40: player 0 discard card 17(idx 3)
 2018-04-18 11:16:48 MsgDelegateDiscardResult::OnSend 49: player 0 discard 17 0
 2018-04-18 11:16:48 CServerGameDesk::OnBeforeProcedureStart 177: before procedure start, from 9 to 6
 2018-04-18 11:16:48 ProcedureInterceptCardImpl::OnStart 316: check interceptable card 17 from Player 0
 2018-04-18 11:16:48 ProcedureInterceptCardJumpDelegateImpl::JumpWhenNoAction 47:  active player changed 0 -> 1
 2018-04-18 11:16:48 CServerGameDesk::OnProcedureChanged 202: procedure change from 9 to 6
 2018-04-18 11:16:48 CServerGameDesk::OnBeforeProcedureStart 177: before procedure start, from 6 to 3
 2018-04-18 11:16:48 MsgDelegateDrawCard::OnSend 61: 1 draw card 4
 2018-04-18 11:16:48 CServerGameDesk::OnProcedureChanged 202: procedure change from 6 to 3
 2018-04-18 11:16:48 CServerGameDesk::OnBeforeProcedureStart 177: before procedure start, from 3 to 4
 2018-04-18 11:16:48 ProcedureAfterGetCardImpl::OnStart 132: Player 1 find action with hand 5,5,11,11,11,13,14,15,18,18,4 and interceptionList type:2 from:3 card:3 cards:3,3,3
 latest draw card 4
 2018-04-18 11:16:48 ProcedureAfterGetCardImpl::OnStart 146: done
 2018-04-18 11:16:48 CServerGameDesk::OnProcedureChanged 202: procedure change from 3 to 4
 2018-04-18 11:16:48 CServerGameDesk::OnBeforeProcedureStart 177: before procedure start, from 4 to 9
 2018-04-18 11:16:48 MsgDelegateWaitDiscard::OnSend 134: waiting on player 1 to discard, with candidates :5,5,11,11,11,13,14,15,18,18,4 !
 2018-04-18 11:16:48 CServerGameDesk::OnProcedureChanged 202: procedure change from 4 to 9
 2018-04-18 11:16:50 MsgDelegateWaitDiscard::OnResponse 206: player 1 tried to discard(valid:1, expected player:1)
 2018-04-18 11:16:50 MsgDelegateWaitDiscard::OnResponse 218: the card is 4
 2018-04-18 11:16:50 MsgDelegateWaitDiscard::OnDiscardCard 40: player 1 discard card 4(idx 10)
 2018-04-18 11:16:50 MsgDelegateDiscardResult::OnSend 49: player 1 discard 4 1
 2018-04-18 11:16:50 CServerGameDesk::OnBeforeProcedureStart 177: before procedure start, from 9 to 6
 2018-04-18 11:16:50 ProcedureInterceptCardImpl::OnStart 316: check interceptable card 4 from Player 1
 2018-04-18 11:16:50 ProcedureInterceptCardJumpDelegateImpl::JumpWhenNoAction 47:  active player changed 1 -> 0
 2018-04-18 11:16:50 CServerGameDesk::OnProcedureChanged 202: procedure change from 9 to 6
 2018-04-18 11:16:50 CServerGameDesk::OnBeforeProcedureStart 177: before procedure start, from 6 to 3
 2018-04-18 11:16:50 MsgDelegateDrawCard::OnSend 61: 0 draw card 19
 2018-04-18 11:16:50 CServerGameDesk::OnProcedureChanged 202: procedure change from 6 to 3
 2018-04-18 11:16:50 CServerGameDesk::OnBeforeProcedureStart 177: before procedure start, from 3 to 4
 2018-04-18 11:16:50 ProcedureAfterGetCardImpl::OnStart 132: Player 0 find action with hand 13,13,15,16,17,19,19,19,22,23,19 and interceptionList type:2 from:1 card:21 cards:21,21,21
 latest draw card 19
 2018-04-18 11:16:50 ProcedureAfterGetCardImpl::OnStart 146: done
 2018-04-18 11:16:50 ProcedureAfterGetCardImpl::OnStart 156: Player 0 have actions type:4 from:0 card:19 cards:19,19,19,19

 2018-04-18 11:16:50 MsgDelegateInterception::OnSend 109: intercepted card : 19
 2018-04-18 11:16:50 MsgDelegateInterception::OnSend 110: player 0 have actions type:4 from:0 card:19 cards:19,19,19,19

 2018-04-18 11:16:50 CServerGameDesk::OnProcedureChanged 202: procedure change from 3 to 4
 2018-04-18 11:16:55 MsgDelegateInterception::Gang 210: player 0 select 19
 2018-04-18 11:16:55 CServerGameDesk::OnBeforeProcedureStart 177: before procedure start, from 4 to 7
 2018-04-18 11:16:55 MsgDelegateInterceptionResult::OnSend 28: player 0 do with type 4
 2018-04-18 11:16:55 CServerGameDesk::OnProcedureChanged 202: procedure change from 4 to 7
 2018-04-18 11:16:55 CServerGameDesk::OnBeforeProcedureStart 177: before procedure start, from 7 to 5
 2018-04-18 11:16:55 MsgDelegateDrawCard::OnSend 61: 0 draw card 11
 2018-04-18 11:16:55 CServerGameDesk::OnProcedureChanged 202: procedure change from 7 to 5
 2018-04-18 11:16:55 CServerGameDesk::OnBeforeProcedureStart 177: before procedure start, from 5 to 4
 2018-04-18 11:16:55 ProcedureAfterGetCardImpl::OnStart 132: Player 0 find action with hand 13,13,15,16,17,22,23,11 and interceptionList type:2 from:1 card:21 cards:21,21,21
type:4 from:0 card:19 cards:19,19,19,19
 latest draw card 11
 2018-04-18 11:16:55 ProcedureAfterGetCardImpl::OnStart 146: done
 2018-04-18 11:16:55 CServerGameDesk::OnProcedureChanged 202: procedure change from 5 to 4
 2018-04-18 11:16:55 CServerGameDesk::OnBeforeProcedureStart 177: before procedure start, from 4 to 9
 2018-04-18 11:16:55 MsgDelegateWaitDiscard::OnSend 134: waiting on player 0 to discard, with candidates :13,13,15,16,17,22,23,11 !
 2018-04-18 11:16:55 CServerGameDesk::OnProcedureChanged 202: procedure change from 4 to 9
 2018-04-18 11:16:57 MsgDelegateWaitDiscard::OnResponse 206: player 0 tried to discard(valid:1, expected player:0)
 2018-04-18 11:16:57 MsgDelegateWaitDiscard::OnResponse 218: the card is 11
 2018-04-18 11:16:57 MsgDelegateWaitDiscard::OnDiscardCard 40: player 0 discard card 11(idx 7)
 2018-04-18 11:16:57 MsgDelegateDiscardResult::OnSend 49: player 0 discard 11 1
 2018-04-18 11:16:58 CServerGameDesk::OnBeforeProcedureStart 177: before procedure start, from 9 to 6
 2018-04-18 11:16:58 ProcedureInterceptCardImpl::OnStart 316: check interceptable card 11 from Player 0
 2018-04-18 11:16:58 ProcedureInterceptCardImpl::OnStart 349: Player 1 have actions type:2 from:0 card:11 cards:11,11,11
type:3 from:0 card:11 cards:11,11,11,11
 with hand 5,5,11,11,11,13,14,15,18,18 interceptions type:2 from:3 card:3 cards:3,3,3
 card 11
 2018-04-18 11:16:58 ProcedureInterceptCardImpl::OnStart 355: question sent
 2018-04-18 11:16:58 MsgDelegateInterception::OnSend 109: intercepted card : 11
 2018-04-18 11:16:58 MsgDelegateInterception::OnSend 110: player 1 have actions type:2 from:0 card:11 cards:11,11,11
type:3 from:0 card:11 cards:11,11,11,11

 2018-04-18 11:16:58 CServerGameDesk::OnProcedureChanged 202: procedure change from 9 to 6
 2018-04-18 11:17:00 MsgDelegateInterception::Gang 210: player 1 select 11
 2018-04-18 11:17:00 CServerGameDesk::OnBeforeProcedureStart 177: before procedure start, from 6 to 7
 2018-04-18 11:17:00 MsgDelegateInterceptionResult::OnSend 28: player 1 do with type 3
 2018-04-18 11:17:00 ProcedureDetermineInterceptJumpDelegateImpl::JumpAfterAction 91:  active player changed 0 -> 1
 2018-04-18 11:17:00 CServerGameDesk::OnProcedureChanged 202: procedure change from 6 to 7
 2018-04-18 11:17:00 CServerGameDesk::OnBeforeProcedureStart 177: before procedure start, from 7 to 5
 2018-04-18 11:17:00 MsgDelegateDrawCard::OnSend 61: 1 draw card 9
 2018-04-18 11:17:00 CServerGameDesk::OnProcedureChanged 202: procedure change from 7 to 5
 2018-04-18 11:17:00 CServerGameDesk::OnBeforeProcedureStart 177: before procedure start, from 5 to 4
 2018-04-18 11:17:00 ProcedureAfterGetCardImpl::OnStart 132: Player 1 find action with hand 5,5,13,14,15,18,18,9 and interceptionList type:2 from:3 card:3 cards:3,3,3
type:3 from:0 card:11 cards:11,11,11,11
 latest draw card 9
 2018-04-18 11:17:00 ProcedureAfterGetCardImpl::OnStart 146: done
 2018-04-18 11:17:00 CServerGameDesk::OnProcedureChanged 202: procedure change from 5 to 4
 2018-04-18 11:17:00 CServerGameDesk::OnBeforeProcedureStart 177: before procedure start, from 4 to 9
 2018-04-18 11:17:00 MsgDelegateWaitDiscard::OnSend 134: waiting on player 1 to discard, with candidates :5,5,13,14,15,18,18,9 !
 2018-04-18 11:17:00 CServerGameDesk::OnProcedureChanged 202: procedure change from 4 to 9
 2018-04-18 11:17:02 MsgDelegateWaitDiscard::OnResponse 206: player 1 tried to discard(valid:1, expected player:1)
 2018-04-18 11:17:02 MsgDelegateWaitDiscard::OnResponse 218: the card is 9
 2018-04-18 11:17:02 MsgDelegateWaitDiscard::OnDiscardCard 40: player 1 discard card 9(idx 7)
 2018-04-18 11:17:02 MsgDelegateDiscardResult::OnSend 49: player 1 discard 9 1
 2018-04-18 11:17:02 CServerGameDesk::OnBeforeProcedureStart 177: before procedure start, from 9 to 6
 2018-04-18 11:17:02 ProcedureInterceptCardImpl::OnStart 316: check interceptable card 9 from Player 1
 2018-04-18 11:17:02 ProcedureInterceptCardJumpDelegateImpl::JumpWhenNoAction 47:  active player changed 1 -> 0
 2018-04-18 11:17:02 CServerGameDesk::OnProcedureChanged 202: procedure change from 9 to 6
 2018-04-18 11:17:02 CServerGameDesk::OnBeforeProcedureStart 177: before procedure start, from 6 to 3
 2018-04-18 11:17:02 MsgDelegateDrawCard::OnSend 61: 0 draw card 4
 2018-04-18 11:17:02 CServerGameDesk::OnProcedureChanged 202: procedure change from 6 to 3
 2018-04-18 11:17:02 CServerGameDesk::OnBeforeProcedureStart 177: before procedure start, from 3 to 4
 2018-04-18 11:17:02 ProcedureAfterGetCardImpl::OnStart 132: Player 0 find action with hand 13,13,15,16,17,22,23,4 and interceptionList type:2 from:1 card:21 cards:21,21,21
type:4 from:0 card:19 cards:19,19,19,19
 latest draw card 4
 2018-04-18 11:17:02 ProcedureAfterGetCardImpl::OnStart 146: done
 2018-04-18 11:17:02 CServerGameDesk::OnProcedureChanged 202: procedure change from 3 to 4
 2018-04-18 11:17:02 CServerGameDesk::OnBeforeProcedureStart 177: before procedure start, from 4 to 9
 2018-04-18 11:17:02 MsgDelegateWaitDiscard::OnSend 134: waiting on player 0 to discard, with candidates :4 !
 2018-04-18 11:17:02 CServerGameDesk::OnProcedureChanged 202: procedure change from 4 to 9
 2018-04-18 11:17:04 MsgDelegateWaitDiscard::OnResponse 206: player 0 tried to discard(valid:1, expected player:0)
 2018-04-18 11:17:04 MsgDelegateWaitDiscard::OnResponse 218: the card is 4
 2018-04-18 11:17:04 MsgDelegateWaitDiscard::OnDiscardCard 40: player 0 discard card 4(idx 7)
 2018-04-18 11:17:04 MsgDelegateDiscardResult::OnSend 49: player 0 discard 4 1
 2018-04-18 11:17:04 CServerGameDesk::OnBeforeProcedureStart 177: before procedure start, from 9 to 6
 2018-04-18 11:17:04 ProcedureInterceptCardImpl::OnStart 316: check interceptable card 4 from Player 0
 2018-04-18 11:17:04 ProcedureInterceptCardJumpDelegateImpl::JumpWhenNoAction 47:  active player changed 0 -> 1
 2018-04-18 11:17:04 CServerGameDesk::OnProcedureChanged 202: procedure change from 9 to 6
 2018-04-18 11:17:04 CServerGameDesk::OnBeforeProcedureStart 177: before procedure start, from 6 to 3
 2018-04-18 11:17:04 MsgDelegateDrawCard::OnSend 61: 1 draw card 1
 2018-04-18 11:17:04 CServerGameDesk::OnProcedureChanged 202: procedure change from 6 to 3
 2018-04-18 11:17:04 CServerGameDesk::OnBeforeProcedureStart 177: before procedure start, from 3 to 4
 2018-04-18 11:17:04 ProcedureAfterGetCardImpl::OnStart 132: Player 1 find action with hand 5,5,13,14,15,18,18,1 and interceptionList type:2 from:3 card:3 cards:3,3,3
type:3 from:0 card:11 cards:11,11,11,11
 latest draw card 1
 2018-04-18 11:17:04 ProcedureAfterGetCardImpl::OnStart 146: done
 2018-04-18 11:17:04 CServerGameDesk::OnProcedureChanged 202: procedure change from 3 to 4
 2018-04-18 11:17:04 CServerGameDesk::OnBeforeProcedureStart 177: before procedure start, from 4 to 9
 2018-04-18 11:17:04 MsgDelegateWaitDiscard::OnSend 134: waiting on player 1 to discard, with candidates :5,5,13,14,15,18,18,1 !
 2018-04-18 11:17:04 CServerGameDesk::OnProcedureChanged 202: procedure change from 4 to 9
 2018-04-18 11:17:06 MsgDelegateWaitDiscard::OnResponse 206: player 1 tried to discard(valid:1, expected player:1)
 2018-04-18 11:17:06 MsgDelegateWaitDiscard::OnResponse 218: the card is 1
 2018-04-18 11:17:06 MsgDelegateWaitDiscard::OnDiscardCard 40: player 1 discard card 1(idx 7)
 2018-04-18 11:17:06 MsgDelegateDiscardResult::OnSend 49: player 1 discard 1 1
 2018-04-18 11:17:06 CServerGameDesk::OnBeforeProcedureStart 177: before procedure start, from 9 to 6
 2018-04-18 11:17:06 ProcedureInterceptCardImpl::OnStart 316: check interceptable card 1 from Player 1
 2018-04-18 11:17:06 ProcedureInterceptCardJumpDelegateImpl::JumpWhenNoAction 47:  active player changed 1 -> 0
 2018-04-18 11:17:06 CServerGameDesk::OnProcedureChanged 202: procedure change from 9 to 6
 2018-04-18 11:17:06 CServerGameDesk::OnBeforeProcedureStart 177: before procedure start, from 6 to 3
 2018-04-18 11:17:06 MsgDelegateDrawCard::OnSend 61: 0 draw card 26
 2018-04-18 11:17:06 CServerGameDesk::OnProcedureChanged 202: procedure change from 6 to 3
 2018-04-18 11:17:06 CServerGameDesk::OnBeforeProcedureStart 177: before procedure start, from 3 to 4
 2018-04-18 11:17:06 ProcedureAfterGetCardImpl::OnStart 132: Player 0 find action with hand 13,13,15,16,17,22,23,26 and interceptionList type:2 from:1 card:21 cards:21,21,21
type:4 from:0 card:19 cards:19,19,19,19
 latest draw card 26
 2018-04-18 11:17:06 ProcedureAfterGetCardImpl::OnStart 146: done
 2018-04-18 11:17:06 CServerGameDesk::OnProcedureChanged 202: procedure change from 3 to 4
 2018-04-18 11:17:06 CServerGameDesk::OnBeforeProcedureStart 177: before procedure start, from 4 to 9
 2018-04-18 11:17:06 MsgDelegateWaitDiscard::OnSend 134: waiting on player 0 to discard, with candidates :13,13,15,16,17,22,23,26 !
 2018-04-18 11:17:06 CServerGameDesk::OnProcedureChanged 202: procedure change from 4 to 9
 2018-04-18 11:17:08 MsgDelegateWaitDiscard::OnResponse 206: player 0 tried to discard(valid:1, expected player:0)
 2018-04-18 11:17:08 MsgDelegateWaitDiscard::OnResponse 218: the card is 26
 2018-04-18 11:17:08 MsgDelegateWaitDiscard::OnDiscardCard 40: player 0 discard card 26(idx 7)
 2018-04-18 11:17:08 MsgDelegateDiscardResult::OnSend 49: player 0 discard 26 1
 2018-04-18 11:17:08 CServerGameDesk::OnBeforeProcedureStart 177: before procedure start, from 9 to 6
 2018-04-18 11:17:08 ProcedureInterceptCardImpl::OnStart 316: check interceptable card 26 from Player 0
 2018-04-18 11:17:08 ProcedureInterceptCardJumpDelegateImpl::JumpWhenNoAction 47:  active player changed 0 -> 1
 2018-04-18 11:17:08 CServerGameDesk::OnProcedureChanged 202: procedure change from 9 to 6
 2018-04-18 11:17:08 CServerGameDesk::OnBeforeProcedureStart 177: before procedure start, from 6 to 3
 2018-04-18 11:17:08 MsgDelegateDrawCard::OnSend 61: 1 draw card 21
 2018-04-18 11:17:08 CServerGameDesk::OnProcedureChanged 202: procedure change from 6 to 3
 2018-04-18 11:17:08 CServerGameDesk::OnBeforeProcedureStart 177: before procedure start, from 3 to 4
 2018-04-18 11:17:08 ProcedureAfterGetCardImpl::OnStart 132: Player 1 find action with hand 5,5,13,14,15,18,18,21 and interceptionList type:2 from:3 card:3 cards:3,3,3
type:3 from:0 card:11 cards:11,11,11,11
 latest draw card 21
 2018-04-18 11:17:08 ProcedureAfterGetCardImpl::OnStart 146: done
 2018-04-18 11:17:08 CServerGameDesk::OnProcedureChanged 202: procedure change from 3 to 4
 2018-04-18 11:17:08 CServerGameDesk::OnBeforeProcedureStart 177: before procedure start, from 4 to 9
 2018-04-18 11:17:08 MsgDelegateWaitDiscard::OnSend 134: waiting on player 1 to discard, with candidates :21 !
 2018-04-18 11:17:08 CServerGameDesk::OnProcedureChanged 202: procedure change from 4 to 9
 2018-04-18 11:17:09 MsgDelegateWaitDiscard::OnResponse 206: player 1 tried to discard(valid:1, expected player:1)
 2018-04-18 11:17:09 MsgDelegateWaitDiscard::OnResponse 218: the card is 21
 2018-04-18 11:17:09 MsgDelegateWaitDiscard::OnDiscardCard 40: player 1 discard card 21(idx 7)
 2018-04-18 11:17:09 MsgDelegateDiscardResult::OnSend 49: player 1 discard 21 1
 2018-04-18 11:17:09 CServerGameDesk::OnBeforeProcedureStart 177: before procedure start, from 9 to 6
 2018-04-18 11:17:09 ProcedureInterceptCardImpl::OnStart 316: check interceptable card 21 from Player 1
 2018-04-18 11:17:09 ProcedureInterceptCardImpl::OnStart 349: Player 0 have actions type:16 from:1 card:21 cards:13,13,15,16,17,22,23,21
 with hand 13,13,15,16,17,22,23 interceptions type:2 from:1 card:21 cards:21,21,21
type:4 from:0 card:19 cards:19,19,19,19
 card 21
 2018-04-18 11:17:09 ProcedureInterceptCardImpl::OnStart 355: question sent
 2018-04-18 11:17:09 MsgDelegateInterception::OnSend 109: intercepted card : 21
 2018-04-18 11:17:09 MsgDelegateInterception::OnSend 110: player 0 have actions type:16 from:1 card:21 cards:13,13,15,16,17,22,23,21

 2018-04-18 11:17:09 CServerGameDesk::OnProcedureChanged 202: procedure change from 9 to 6
 2018-04-18 11:17:11 MsgDelegateInterception::Win 247: player 0 select 21
 2018-04-18 11:17:11 CServerGameDesk::OnBeforeProcedureStart 177: before procedure start, from 6 to 7
 2018-04-18 11:17:11 MsgDelegateInterceptionResult::OnSend 28: player 0 do with type 16
 2018-04-18 11:17:11 CServerGameDesk::OnProcedureChanged 202: procedure change from 6 to 7
 2018-04-18 11:17:11 CServerGameDesk::OnBeforeProcedureStart 177: before procedure start, from 7 to 11
 2018-04-18 11:17:11 CServerGameDesk::OnProcedureChanged 202: procedure change from 7 to 11
 2018-04-18 11:17:12 CServerGameDesk::OnBeforeProcedureStart 177: before procedure start, from 11 to 0
 2018-04-18 11:17:12 CServerGameDesk::OnProcedureChanged 202: procedure change from 11 to 0
 2018-04-18 11:17:12 MsgDelegateLiquidation::DelaySendMsg 89: Player   has inner win type :0 
 2018-04-18 11:17:12 MsgDelegateLiquidation::DelaySendMsg 90: Player   has outter win type :150 
 2018-04-18 11:17:12 MsgDelegateLiquidation::DelaySendMsg 89: Player  has inner win type :0 14 
 2018-04-18 11:17:12 MsgDelegateLiquidation::DelaySendMsg 90: Player  has outter win type :150 169 
 2018-04-18 11:17:12 MsgDelegateLiquidation::DelaySendMsg 89: Player  has inner win type :0 10 14 
 2018-04-18 11:17:12 MsgDelegateLiquidation::DelaySendMsg 90: Player  has outter win type :150 164 169 
 2018-04-18 11:17:12 MsgDelegateLiquidation::DelaySendMsg 108: Liquidation
 2018-04-18 11:17:12 CServerGameDesk::DoGameStatistic 1022: Do Statistic
 2018-04-18 11:17:12 CServerGameDesk::DoGameStatistic 1039: >> zimo:0 jiepao:0 dianpao:0 totalScore-2
 2018-04-18 11:17:12 CServerGameDesk::DoGameStatistic 1097: << zimo:0 jiepao:1 dianpao:0 totalScore-2
 2018-04-18 11:17:12 CServerGameDesk::DoGameStatistic 1039: >> zimo:0 jiepao:0 dianpao:0 totalScore-8
 2018-04-18 11:17:12 CServerGameDesk::DoGameStatistic 1097: << zimo:0 jiepao:0 dianpao:1 totalScore-8
 2018-04-18 11:17:12 CServerGameDesk::DoGameStatistic 1039: >> zimo:0 jiepao:0 dianpao:0 totalScore6
 2018-04-18 11:17:12 CServerGameDesk::DoGameStatistic 1097: << zimo:1 jiepao:0 dianpao:0 totalScore6
 2018-04-18 11:17:12 CServerGameDesk::DoGameStatistic 1039: >> zimo:0 jiepao:0 dianpao:0 totalScore4
 2018-04-18 11:17:12 CServerGameDesk::DoGameStatistic 1097: << zimo:1 jiepao:0 dianpao:0 totalScore4
 2018-04-18 11:17:12 CServerGameDesk::OnProcedureLiquidationFinish 909: all rounds finished , send total score board 
 2018-04-18 11:17:12 CServerGameDesk::GameClear 307: clean game





 2018-04-18 11:17:12 CServerGameDesk::GameClear 307: clean game





 2018-04-18 11:17:12 CServerGameDesk::GameReset 321: reset game
