 2018-02-06 18:01:58 CServerGameDesk::GameBegin 423: Game Start (0/0)
 2018-02-06 18:01:58 CServerGameDesk::GameBegin 429: Player y00001(y00001) at position 0/0
 2018-02-06 18:01:58 CServerGameDesk::GameBegin 429: Player ÄÎÔÆ¾Ó(Phone11248) at position 1/1
 2018-02-06 18:01:58 CServerGameDesk::GameBegin 429: Player y00002(y00002) at position 2/2
 2018-02-06 18:01:58 CServerGameDesk::GameBegin 429: Player Ç¾Þ±10146(Phone10146) at position 3/3
 2018-02-06 18:01:58 CServerGameDesk::OnBeforeProcedureStart 177: before procedure start, from 0 to 1
 2018-02-06 18:01:58 CServerGameDesk::OnProcedureChanged 202: procedure change from 0 to 1
 2018-02-06 18:01:58 MsgDelegateGameBegin::SendGameBegin 54: game begin
 2018-02-06 18:02:00 CServerGameDesk::OnBeforeProcedureStart 177: before procedure start, from 1 to 2
 2018-02-06 18:02:00 CServerGameDesk::OnProcedureChanged 202: procedure change from 1 to 2
 2018-02-06 18:02:03 MsgDelegateDistributeCard::OnSend 43: dispatch cards
 2018-02-06 18:02:06 CServerGameDesk::OnBeforeProcedureStart 177: before procedure start, from 2 to 101
 2018-02-06 18:02:06 MsgDelegateHuanZhang::SendQuestionToPlayer 150: question huan zhang
 2018-02-06 18:02:06 MsgDelegateHuanZhang::SendQuestionToPlayer 150: question huan zhang
 2018-02-06 18:02:06 MsgDelegateHuanZhang::SendQuestionToPlayer 150: question huan zhang
 2018-02-06 18:02:06 MsgDelegateHuanZhang::SendQuestionToPlayer 150: question huan zhang
 2018-02-06 18:02:06 CServerGameDesk::OnProcedureChanged 202: procedure change from 2 to 101
 2018-02-06 18:02:41 CServerGameDesk::OnBeforeProcedureStart 177: before procedure start, from 101 to 100
 2018-02-06 18:02:41 MsgDelegateDingQue::OnSend 109: question ding que
 2018-02-06 18:02:41 MsgDelegateDingQue::OnSend 109: question ding que
 2018-02-06 18:02:41 MsgDelegateDingQue::OnSend 109: question ding que
 2018-02-06 18:02:41 MsgDelegateDingQue::OnSend 109: question ding que
 2018-02-06 18:02:41 CServerGameDesk::OnProcedureChanged 202: procedure change from 101 to 100
 2018-02-06 18:02:44 MsgDelegateDingQue::OnResponse 150: Player 1 select que men 0
 2018-02-06 18:02:45 MsgDelegateDingQue::OnResponse 150: Player 2 select que men 0
 2018-02-06 18:02:47 MsgDelegateDingQue::OnResponse 150: Player 3 select que men 2
 2018-02-06 18:02:52 MsgDelegateDingQue::OnResponse 150: Player 0 select que men 1
 2018-02-06 18:02:52 CServerGameDesk::OnBeforeProcedureStart 177: before procedure start, from 100 to 4
 2018-02-06 18:02:52 ProcedureAfterGetCardImpl::OnStart 132: Player 3 find action with hand 1,2,3,4,6,7,9,13,13,14,14,18,18,19 and interceptionList  latest draw card 21
 2018-02-06 18:02:52 ProcedureAfterGetCardImpl::OnStart 146: done
 2018-02-06 18:02:52 CServerGameDesk::OnProcedureChanged 202: procedure change from 100 to 4
 2018-02-06 18:02:52 MsgDelegateFirstRound::SendFirstRound 42: first run
 2018-02-06 18:02:52 CServerGameDesk::OnBeforeProcedureStart 177: before procedure start, from 4 to 9
 2018-02-06 18:02:52 MsgDelegateWaitDiscard::OnSend 134: waiting on player 3 to discard, with candidates :1,2,3,4,6,7,9,13,13,14,14,18,18,19 !
 2018-02-06 18:02:52 CServerGameDesk::OnProcedureChanged 202: procedure change from 4 to 9
 2018-02-06 18:02:55 MsgDelegateWaitDiscard::OnResponse 206: player 3 tried to discard(valid:1, expected player:3)
 2018-02-06 18:02:55 MsgDelegateWaitDiscard::OnResponse 218: the card is 19
 2018-02-06 18:02:55 MsgDelegateWaitDiscard::OnDiscardCard 40: player 3 discard card 19(idx 13)
 2018-02-06 18:02:55 MsgDelegateDiscardResult::OnSend 49: player 3 discard 19 0
 2018-02-06 18:02:55 CServerGameDesk::OnBeforeProcedureStart 177: before procedure start, from 9 to 6
 2018-02-06 18:02:55 ProcedureInterceptCardImpl::OnStart 316: check interceptable card 19 from Player 3
 2018-02-06 18:02:55 ProcedureInterceptCardJumpDelegateImpl::JumpWhenNoAction 47:  active player changed 3 -> 2
 2018-02-06 18:02:55 CServerGameDesk::OnProcedureChanged 202: procedure change from 9 to 6
 2018-02-06 18:02:55 CServerGameDesk::OnBeforeProcedureStart 177: before procedure start, from 6 to 3
 2018-02-06 18:02:55 MsgDelegateDrawCard::OnSend 61: 2 draw card 15
 2018-02-06 18:02:55 CServerGameDesk::OnProcedureChanged 202: procedure change from 6 to 3
 2018-02-06 18:02:55 CServerGameDesk::OnBeforeProcedureStart 177: before procedure start, from 3 to 4
 2018-02-06 18:02:55 ProcedureAfterGetCardImpl::OnStart 132: Player 2 find action with hand 13,15,16,18,21,22,23,24,25,25,26,26,28,15 and interceptionList  latest draw card 15
 2018-02-06 18:02:55 ProcedureAfterGetCardImpl::OnStart 146: done
 2018-02-06 18:02:55 CServerGameDesk::OnProcedureChanged 202: procedure change from 3 to 4
 2018-02-06 18:02:55 CServerGameDesk::OnBeforeProcedureStart 177: before procedure start, from 4 to 9
 2018-02-06 18:02:55 MsgDelegateWaitDiscard::OnSend 134: waiting on player 2 to discard, with candidates :13,15,16,18,21,22,23,24,25,25,26,26,28,15 !
 2018-02-06 18:02:55 CServerGameDesk::OnProcedureChanged 202: procedure change from 4 to 9
 2018-02-06 18:03:01 MsgDelegateWaitDiscard::OnResponse 206: player 2 tried to discard(valid:1, expected player:2)
 2018-02-06 18:03:01 MsgDelegateWaitDiscard::OnResponse 218: the card is 18
 2018-02-06 18:03:01 MsgDelegateWaitDiscard::OnDiscardCard 40: player 2 discard card 18(idx 3)
 2018-02-06 18:03:01 MsgDelegateDiscardResult::OnSend 49: player 2 discard 18 0
 2018-02-06 18:03:01 CServerGameDesk::OnBeforeProcedureStart 177: before procedure start, from 9 to 6
 2018-02-06 18:03:01 ProcedureInterceptCardImpl::OnStart 316: check interceptable card 18 from Player 2
 2018-02-06 18:03:01 ProcedureInterceptCardImpl::OnStart 349: Player 3 have actions type:2 from:2 card:18 cards:18,18,18
 with hand 1,2,3,4,6,7,9,13,13,14,14,18,18 interceptions  card 18
 2018-02-06 18:03:01 ProcedureInterceptCardImpl::OnStart 355: question sent
 2018-02-06 18:03:01 MsgDelegateInterception::OnSend 109: intercepted card : 18
 2018-02-06 18:03:01 MsgDelegateInterception::OnSend 110: player 3 have actions type:2 from:2 card:18 cards:18,18,18

 2018-02-06 18:03:01 CServerGameDesk::OnProcedureChanged 202: procedure change from 9 to 6
 2018-02-06 18:03:03 MsgDelegateInterception::Peng 195: player 3 select 18
 2018-02-06 18:03:03 CServerGameDesk::OnBeforeProcedureStart 177: before procedure start, from 6 to 7
 2018-02-06 18:03:03 MsgDelegateInterceptionResult::OnSend 28: player 3 do with type 2
 2018-02-06 18:03:03 ProcedureDetermineInterceptJumpDelegateImpl::JumpAfterAction 91:  active player changed 2 -> 3
 2018-02-06 18:03:03 CServerGameDesk::OnProcedureChanged 202: procedure change from 6 to 7
 2018-02-06 18:03:03 CServerGameDesk::OnBeforeProcedureStart 177: before procedure start, from 7 to 8
 2018-02-06 18:03:03 ProcedureAfterGetCardImpl::OnStart 132: Player 3 find action with hand 1,2,3,4,6,7,9,13,13,14,14 and interceptionList type:2 from:2 card:18 cards:18,18,18
 latest draw card 255
 2018-02-06 18:03:03 ProcedureAfterGetCardImpl::OnStart 146: done
 2018-02-06 18:03:03 CServerGameDesk::OnProcedureChanged 202: procedure change from 7 to 8
 2018-02-06 18:03:03 CServerGameDesk::OnBeforeProcedureStart 177: before procedure start, from 8 to 9
 2018-02-06 18:03:03 MsgDelegateWaitDiscard::OnSend 134: waiting on player 3 to discard, with candidates :1,2,3,4,6,7,9,13,13,14,14 !
 2018-02-06 18:03:03 CServerGameDesk::OnProcedureChanged 202: procedure change from 8 to 9
 2018-02-06 18:03:11 MsgDelegateWaitDiscard::OnResponse 206: player 3 tried to discard(valid:1, expected player:3)
 2018-02-06 18:03:11 MsgDelegateWaitDiscard::OnResponse 218: the card is 9
 2018-02-06 18:03:11 MsgDelegateWaitDiscard::OnDiscardCard 40: player 3 discard card 9(idx 6)
 2018-02-06 18:03:11 MsgDelegateDiscardResult::OnSend 49: player 3 discard 9 0
 2018-02-06 18:03:11 CServerGameDesk::OnBeforeProcedureStart 177: before procedure start, from 9 to 6
 2018-02-06 18:03:11 ProcedureInterceptCardImpl::OnStart 316: check interceptable card 9 from Player 3
 2018-02-06 18:03:11 ProcedureInterceptCardJumpDelegateImpl::JumpWhenNoAction 47:  active player changed 3 -> 2
 2018-02-06 18:03:11 CServerGameDesk::OnProcedureChanged 202: procedure change from 9 to 6
 2018-02-06 18:03:11 CServerGameDesk::OnBeforeProcedureStart 177: before procedure start, from 6 to 3
 2018-02-06 18:03:11 MsgDelegateDrawCard::OnSend 61: 2 draw card 23
 2018-02-06 18:03:11 CServerGameDesk::OnProcedureChanged 202: procedure change from 6 to 3
 2018-02-06 18:03:11 CServerGameDesk::OnBeforeProcedureStart 177: before procedure start, from 3 to 4
 2018-02-06 18:03:11 ProcedureAfterGetCardImpl::OnStart 132: Player 2 find action with hand 13,15,15,16,21,22,23,24,25,25,26,26,28,23 and interceptionList  latest draw card 23
 2018-02-06 18:03:11 ProcedureAfterGetCardImpl::OnStart 146: done
 2018-02-06 18:03:11 CServerGameDesk::OnProcedureChanged 202: procedure change from 3 to 4
 2018-02-06 18:03:11 CServerGameDesk::OnBeforeProcedureStart 177: before procedure start, from 4 to 9
 2018-02-06 18:03:11 MsgDelegateWaitDiscard::OnSend 134: waiting on player 2 to discard, with candidates :13,15,15,16,21,22,23,24,25,25,26,26,28,23 !
 2018-02-06 18:03:11 CServerGameDesk::OnProcedureChanged 202: procedure change from 4 to 9
 2018-02-06 18:03:13 MsgDelegateWaitDiscard::OnResponse 206: player 2 tried to discard(valid:1, expected player:2)
 2018-02-06 18:03:13 MsgDelegateWaitDiscard::OnResponse 218: the card is 13
 2018-02-06 18:03:13 MsgDelegateWaitDiscard::OnDiscardCard 40: player 2 discard card 13(idx 0)
 2018-02-06 18:03:13 MsgDelegateDiscardResult::OnSend 49: player 2 discard 13 0
 2018-02-06 18:03:13 CServerGameDesk::OnBeforeProcedureStart 177: before procedure start, from 9 to 6
 2018-02-06 18:03:13 ProcedureInterceptCardImpl::OnStart 316: check interceptable card 13 from Player 2
 2018-02-06 18:03:13 ProcedureInterceptCardImpl::OnStart 349: Player 3 have actions type:2 from:2 card:13 cards:13,13,13
 with hand 1,2,3,4,6,7,13,13,14,14 interceptions type:2 from:2 card:18 cards:18,18,18
 card 13
 2018-02-06 18:03:13 ProcedureInterceptCardImpl::OnStart 355: question sent
 2018-02-06 18:03:13 MsgDelegateInterception::OnSend 109: intercepted card : 13
 2018-02-06 18:03:13 MsgDelegateInterception::OnSend 110: player 3 have actions type:2 from:2 card:13 cards:13,13,13

 2018-02-06 18:03:13 CServerGameDesk::OnProcedureChanged 202: procedure change from 9 to 6
 2018-02-06 18:03:15 MsgDelegateInterception::Peng 195: player 3 select 13
 2018-02-06 18:03:15 CServerGameDesk::OnBeforeProcedureStart 177: before procedure start, from 6 to 7
 2018-02-06 18:03:15 MsgDelegateInterceptionResult::OnSend 28: player 3 do with type 2
 2018-02-06 18:03:15 ProcedureDetermineInterceptJumpDelegateImpl::JumpAfterAction 91:  active player changed 2 -> 3
 2018-02-06 18:03:15 CServerGameDesk::OnProcedureChanged 202: procedure change from 6 to 7
 2018-02-06 18:03:15 CServerGameDesk::OnBeforeProcedureStart 177: before procedure start, from 7 to 8
 2018-02-06 18:03:15 ProcedureAfterGetCardImpl::OnStart 132: Player 3 find action with hand 1,2,3,4,6,7,14,14 and interceptionList type:2 from:2 card:18 cards:18,18,18
type:2 from:2 card:13 cards:13,13,13
 latest draw card 255
 2018-02-06 18:03:15 ProcedureAfterGetCardImpl::OnStart 146: done
 2018-02-06 18:03:15 CServerGameDesk::OnProcedureChanged 202: procedure change from 7 to 8
 2018-02-06 18:03:15 CServerGameDesk::OnBeforeProcedureStart 177: before procedure start, from 8 to 9
 2018-02-06 18:03:15 MsgDelegateWaitDiscard::OnSend 134: waiting on player 3 to discard, with candidates :1,2,3,4,6,7,14,14 !
 2018-02-06 18:03:15 CServerGameDesk::OnProcedureChanged 202: procedure change from 8 to 9
 2018-02-06 18:03:16 MsgDelegateWaitDiscard::OnResponse 206: player 3 tried to discard(valid:1, expected player:3)
 2018-02-06 18:03:16 MsgDelegateWaitDiscard::OnResponse 218: the card is 1
 2018-02-06 18:03:16 MsgDelegateWaitDiscard::OnDiscardCard 40: player 3 discard card 1(idx 0)
 2018-02-06 18:03:16 MsgDelegateDiscardResult::OnSend 49: player 3 discard 1 0
 2018-02-06 18:03:16 CServerGameDesk::OnBeforeProcedureStart 177: before procedure start, from 9 to 6
 2018-02-06 18:03:16 ProcedureInterceptCardImpl::OnStart 316: check interceptable card 1 from Player 3
 2018-02-06 18:03:16 ProcedureInterceptCardJumpDelegateImpl::JumpWhenNoAction 47:  active player changed 3 -> 2
 2018-02-06 18:03:16 CServerGameDesk::OnProcedureChanged 202: procedure change from 9 to 6
 2018-02-06 18:03:16 CServerGameDesk::OnBeforeProcedureStart 177: before procedure start, from 6 to 3
 2018-02-06 18:03:16 MsgDelegateDrawCard::OnSend 61: 2 draw card 7
 2018-02-06 18:03:16 CServerGameDesk::OnProcedureChanged 202: procedure change from 6 to 3
 2018-02-06 18:03:16 CServerGameDesk::OnBeforeProcedureStart 177: before procedure start, from 3 to 4
 2018-02-06 18:03:16 ProcedureAfterGetCardImpl::OnStart 132: Player 2 find action with hand 15,15,16,21,22,23,23,24,25,25,26,26,28,7 and interceptionList  latest draw card 7
 2018-02-06 18:03:16 ProcedureAfterGetCardImpl::OnStart 146: done
 2018-02-06 18:03:16 CServerGameDesk::OnProcedureChanged 202: procedure change from 3 to 4
 2018-02-06 18:03:16 CServerGameDesk::OnBeforeProcedureStart 177: before procedure start, from 4 to 9
 2018-02-06 18:03:16 MsgDelegateWaitDiscard::OnSend 134: waiting on player 2 to discard, with candidates :7 !
 2018-02-06 18:03:16 CServerGameDesk::OnProcedureChanged 202: procedure change from 4 to 9
 2018-02-06 18:03:18 MsgDelegateWaitDiscard::OnResponse 206: player 2 tried to discard(valid:1, expected player:2)
 2018-02-06 18:03:18 MsgDelegateWaitDiscard::OnResponse 218: the card is 7
 2018-02-06 18:03:18 MsgDelegateWaitDiscard::OnDiscardCard 40: player 2 discard card 7(idx 13)
 2018-02-06 18:03:18 MsgDelegateDiscardResult::OnSend 49: player 2 discard 7 0
 2018-02-06 18:03:18 CServerGameDesk::OnBeforeProcedureStart 177: before procedure start, from 9 to 6
 2018-02-06 18:03:18 ProcedureInterceptCardImpl::OnStart 316: check interceptable card 7 from Player 2
 2018-02-06 18:03:18 ProcedureInterceptCardJumpDelegateImpl::JumpWhenNoAction 47:  active player changed 2 -> 1
 2018-02-06 18:03:18 CServerGameDesk::OnProcedureChanged 202: procedure change from 9 to 6
 2018-02-06 18:03:18 CServerGameDesk::OnBeforeProcedureStart 177: before procedure start, from 6 to 3
 2018-02-06 18:03:18 MsgDelegateDrawCard::OnSend 61: 1 draw card 28
 2018-02-06 18:03:18 CServerGameDesk::OnProcedureChanged 202: procedure change from 6 to 3
 2018-02-06 18:03:18 CServerGameDesk::OnBeforeProcedureStart 177: before procedure start, from 3 to 4
 2018-02-06 18:03:18 ProcedureAfterGetCardImpl::OnStart 132: Player 1 find action with hand 7,11,12,12,16,17,18,19,21,22,23,28,29,28 and interceptionList  latest draw card 28
 2018-02-06 18:03:18 ProcedureAfterGetCardImpl::OnStart 146: done
 2018-02-06 18:03:18 CServerGameDesk::OnProcedureChanged 202: procedure change from 3 to 4
 2018-02-06 18:03:18 CServerGameDesk::OnBeforeProcedureStart 177: before procedure start, from 4 to 9
 2018-02-06 18:03:18 MsgDelegateWaitDiscard::OnSend 134: waiting on player 1 to discard, with candidates :7 !
 2018-02-06 18:03:18 CServerGameDesk::OnProcedureChanged 202: procedure change from 4 to 9
 2018-02-06 18:03:21 MsgDelegateWaitDiscard::OnResponse 206: player 1 tried to discard(valid:1, expected player:1)
 2018-02-06 18:03:21 MsgDelegateWaitDiscard::OnResponse 218: the card is 7
 2018-02-06 18:03:21 MsgDelegateWaitDiscard::OnDiscardCard 40: player 1 discard card 7(idx 0)
 2018-02-06 18:03:21 MsgDelegateDiscardResult::OnSend 49: player 1 discard 7 0
 2018-02-06 18:03:22 CServerGameDesk::OnBeforeProcedureStart 177: before procedure start, from 9 to 6
 2018-02-06 18:03:22 ProcedureInterceptCardImpl::OnStart 316: check interceptable card 7 from Player 1
 2018-02-06 18:03:22 ProcedureInterceptCardJumpDelegateImpl::JumpWhenNoAction 47:  active player changed 1 -> 0
 2018-02-06 18:03:22 CServerGameDesk::OnProcedureChanged 202: procedure change from 9 to 6
 2018-02-06 18:03:22 CServerGameDesk::OnBeforeProcedureStart 177: before procedure start, from 6 to 3
 2018-02-06 18:03:22 MsgDelegateDrawCard::OnSend 61: 0 draw card 24
 2018-02-06 18:03:22 CServerGameDesk::OnProcedureChanged 202: procedure change from 6 to 3
 2018-02-06 18:03:22 CServerGameDesk::OnBeforeProcedureStart 177: before procedure start, from 3 to 4
 2018-02-06 18:03:22 ProcedureAfterGetCardImpl::OnStart 132: Player 0 find action with hand 5,5,5,6,9,19,19,21,22,22,24,25,26,24 and interceptionList  latest draw card 24
 2018-02-06 18:03:22 ProcedureAfterGetCardImpl::OnStart 146: done
 2018-02-06 18:03:22 CServerGameDesk::OnProcedureChanged 202: procedure change from 3 to 4
 2018-02-06 18:03:22 CServerGameDesk::OnBeforeProcedureStart 177: before procedure start, from 4 to 9
 2018-02-06 18:03:22 MsgDelegateWaitDiscard::OnSend 134: waiting on player 0 to discard, with candidates :19,19 !
 2018-02-06 18:03:22 CServerGameDesk::OnProcedureChanged 202: procedure change from 4 to 9
 2018-02-06 18:03:24 MsgDelegateWaitDiscard::OnResponse 206: player 0 tried to discard(valid:1, expected player:0)
 2018-02-06 18:03:24 MsgDelegateWaitDiscard::OnResponse 218: the card is 19
 2018-02-06 18:03:24 MsgDelegateWaitDiscard::OnDiscardCard 40: player 0 discard card 19(idx 5)
 2018-02-06 18:03:24 MsgDelegateDiscardResult::OnSend 49: player 0 discard 19 0
 2018-02-06 18:03:24 CServerGameDesk::OnBeforeProcedureStart 177: before procedure start, from 9 to 6
 2018-02-06 18:03:24 ProcedureInterceptCardImpl::OnStart 316: check interceptable card 19 from Player 0
 2018-02-06 18:03:24 ProcedureInterceptCardJumpDelegateImpl::JumpWhenNoAction 47:  active player changed 0 -> 3
 2018-02-06 18:03:24 CServerGameDesk::OnProcedureChanged 202: procedure change from 9 to 6
 2018-02-06 18:03:24 CServerGameDesk::OnBeforeProcedureStart 177: before procedure start, from 6 to 3
 2018-02-06 18:03:24 MsgDelegateDrawCard::OnSend 61: 3 draw card 17
 2018-02-06 18:03:24 CServerGameDesk::OnProcedureChanged 202: procedure change from 6 to 3
 2018-02-06 18:03:24 CServerGameDesk::OnBeforeProcedureStart 177: before procedure start, from 3 to 4
 2018-02-06 18:03:24 ProcedureAfterGetCardImpl::OnStart 132: Player 3 find action with hand 2,3,4,6,7,14,14,17 and interceptionList type:2 from:2 card:18 cards:18,18,18
type:2 from:2 card:13 cards:13,13,13
 latest draw card 17
 2018-02-06 18:03:24 ProcedureAfterGetCardImpl::OnStart 146: done
 2018-02-06 18:03:24 CServerGameDesk::OnProcedureChanged 202: procedure change from 3 to 4
 2018-02-06 18:03:24 CServerGameDesk::OnBeforeProcedureStart 177: before procedure start, from 4 to 9
 2018-02-06 18:03:24 MsgDelegateWaitDiscard::OnSend 134: waiting on player 3 to discard, with candidates :2,3,4,6,7,14,14,17 !
 2018-02-06 18:03:24 CServerGameDesk::OnProcedureChanged 202: procedure change from 4 to 9
 2018-02-06 18:03:25 MsgDelegateWaitDiscard::OnResponse 206: player 3 tried to discard(valid:1, expected player:3)
 2018-02-06 18:03:25 MsgDelegateWaitDiscard::OnResponse 218: the card is 17
 2018-02-06 18:03:25 MsgDelegateWaitDiscard::OnDiscardCard 40: player 3 discard card 17(idx 7)
 2018-02-06 18:03:25 MsgDelegateDiscardResult::OnSend 49: player 3 discard 17 1
 2018-02-06 18:03:25 CServerGameDesk::OnBeforeProcedureStart 177: before procedure start, from 9 to 6
 2018-02-06 18:03:25 ProcedureInterceptCardImpl::OnStart 316: check interceptable card 17 from Player 3
 2018-02-06 18:03:25 ProcedureInterceptCardJumpDelegateImpl::JumpWhenNoAction 47:  active player changed 3 -> 2
 2018-02-06 18:03:25 CServerGameDesk::OnProcedureChanged 202: procedure change from 9 to 6
 2018-02-06 18:03:25 CServerGameDesk::OnBeforeProcedureStart 177: before procedure start, from 6 to 3
 2018-02-06 18:03:25 MsgDelegateDrawCard::OnSend 61: 2 draw card 6
 2018-02-06 18:03:25 CServerGameDesk::OnProcedureChanged 202: procedure change from 6 to 3
 2018-02-06 18:03:26 CServerGameDesk::OnBeforeProcedureStart 177: before procedure start, from 3 to 4
 2018-02-06 18:03:26 ProcedureAfterGetCardImpl::OnStart 132: Player 2 find action with hand 15,15,16,21,22,23,23,24,25,25,26,26,28,6 and interceptionList  latest draw card 6
 2018-02-06 18:03:26 ProcedureAfterGetCardImpl::OnStart 146: done
 2018-02-06 18:03:26 CServerGameDesk::OnProcedureChanged 202: procedure change from 3 to 4
 2018-02-06 18:03:26 CServerGameDesk::OnBeforeProcedureStart 177: before procedure start, from 4 to 9
 2018-02-06 18:03:26 MsgDelegateWaitDiscard::OnSend 134: waiting on player 2 to discard, with candidates :6 !
 2018-02-06 18:03:26 CServerGameDesk::OnProcedureChanged 202: procedure change from 4 to 9
 2018-02-06 18:03:29 MsgDelegateWaitDiscard::OnResponse 206: player 2 tried to discard(valid:1, expected player:2)
 2018-02-06 18:03:29 MsgDelegateWaitDiscard::OnResponse 218: the card is 6
 2018-02-06 18:03:29 MsgDelegateWaitDiscard::OnDiscardCard 40: player 2 discard card 6(idx 13)
 2018-02-06 18:03:29 MsgDelegateDiscardResult::OnSend 49: player 2 discard 6 0
 2018-02-06 18:03:29 CServerGameDesk::OnBeforeProcedureStart 177: before procedure start, from 9 to 6
 2018-02-06 18:03:29 ProcedureInterceptCardImpl::OnStart 316: check interceptable card 6 from Player 2
 2018-02-06 18:03:29 ProcedureInterceptCardJumpDelegateImpl::JumpWhenNoAction 47:  active player changed 2 -> 1
 2018-02-06 18:03:29 CServerGameDesk::OnProcedureChanged 202: procedure change from 9 to 6
 2018-02-06 18:03:29 CServerGameDesk::OnBeforeProcedureStart 177: before procedure start, from 6 to 3
 2018-02-06 18:03:29 MsgDelegateDrawCard::OnSend 61: 1 draw card 1
 2018-02-06 18:03:29 CServerGameDesk::OnProcedureChanged 202: procedure change from 6 to 3
 2018-02-06 18:03:30 CServerGameDesk::OnBeforeProcedureStart 177: before procedure start, from 3 to 4
 2018-02-06 18:03:30 ProcedureAfterGetCardImpl::OnStart 132: Player 1 find action with hand 11,12,12,16,17,18,19,21,22,23,28,28,29,1 and interceptionList  latest draw card 1
 2018-02-06 18:03:30 ProcedureAfterGetCardImpl::OnStart 146: done
 2018-02-06 18:03:30 CServerGameDesk::OnProcedureChanged 202: procedure change from 3 to 4
 2018-02-06 18:03:30 CServerGameDesk::OnBeforeProcedureStart 177: before procedure start, from 4 to 9
 2018-02-06 18:03:30 MsgDelegateWaitDiscard::OnSend 134: waiting on player 1 to discard, with candidates :1 !
 2018-02-06 18:03:30 CServerGameDesk::OnProcedureChanged 202: procedure change from 4 to 9
 2018-02-06 18:03:35 MsgDelegateWaitDiscard::OnResponse 206: player 1 tried to discard(valid:1, expected player:1)
 2018-02-06 18:03:35 MsgDelegateWaitDiscard::OnResponse 218: the card is 1
 2018-02-06 18:03:35 MsgDelegateWaitDiscard::OnDiscardCard 40: player 1 discard card 1(idx 13)
 2018-02-06 18:03:35 MsgDelegateDiscardResult::OnSend 49: player 1 discard 1 0
 2018-02-06 18:03:35 CServerGameDesk::OnBeforeProcedureStart 177: before procedure start, from 9 to 6
 2018-02-06 18:03:35 ProcedureInterceptCardImpl::OnStart 316: check interceptable card 1 from Player 1
 2018-02-06 18:03:35 ProcedureInterceptCardJumpDelegateImpl::JumpWhenNoAction 47:  active player changed 1 -> 0
 2018-02-06 18:03:35 CServerGameDesk::OnProcedureChanged 202: procedure change from 9 to 6
 2018-02-06 18:03:35 CServerGameDesk::OnBeforeProcedureStart 177: before procedure start, from 6 to 3
 2018-02-06 18:03:35 MsgDelegateDrawCard::OnSend 61: 0 draw card 29
 2018-02-06 18:03:35 CServerGameDesk::OnProcedureChanged 202: procedure change from 6 to 3
 2018-02-06 18:03:35 CServerGameDesk::OnBeforeProcedureStart 177: before procedure start, from 3 to 4
 2018-02-06 18:03:35 ProcedureAfterGetCardImpl::OnStart 132: Player 0 find action with hand 5,5,5,6,9,21,22,22,24,24,25,26,19,29 and interceptionList  latest draw card 29
 2018-02-06 18:03:35 ProcedureAfterGetCardImpl::OnStart 146: done
 2018-02-06 18:03:35 CServerGameDesk::OnProcedureChanged 202: procedure change from 3 to 4
 2018-02-06 18:03:35 CServerGameDesk::OnBeforeProcedureStart 177: before procedure start, from 4 to 9
 2018-02-06 18:03:35 MsgDelegateWaitDiscard::OnSend 134: waiting on player 0 to discard, with candidates :19 !
 2018-02-06 18:03:35 CServerGameDesk::OnProcedureChanged 202: procedure change from 4 to 9
 2018-02-06 18:03:37 MsgDelegateWaitDiscard::OnResponse 206: player 0 tried to discard(valid:1, expected player:0)
 2018-02-06 18:03:37 MsgDelegateWaitDiscard::OnResponse 218: the card is 19
 2018-02-06 18:03:37 MsgDelegateWaitDiscard::OnDiscardCard 40: player 0 discard card 19(idx 12)
 2018-02-06 18:03:37 MsgDelegateDiscardResult::OnSend 49: player 0 discard 19 0
 2018-02-06 18:03:37 CServerGameDesk::OnBeforeProcedureStart 177: before procedure start, from 9 to 6
 2018-02-06 18:03:37 ProcedureInterceptCardImpl::OnStart 316: check interceptable card 19 from Player 0
 2018-02-06 18:03:37 ProcedureInterceptCardJumpDelegateImpl::JumpWhenNoAction 47:  active player changed 0 -> 3
 2018-02-06 18:03:37 CServerGameDesk::OnProcedureChanged 202: procedure change from 9 to 6
 2018-02-06 18:03:37 CServerGameDesk::OnBeforeProcedureStart 177: before procedure start, from 6 to 3
 2018-02-06 18:03:37 MsgDelegateDrawCard::OnSend 61: 3 draw card 11
 2018-02-06 18:03:37 CServerGameDesk::OnProcedureChanged 202: procedure change from 6 to 3
 2018-02-06 18:03:37 CServerGameDesk::OnBeforeProcedureStart 177: before procedure start, from 3 to 4
 2018-02-06 18:03:37 ProcedureAfterGetCardImpl::OnStart 132: Player 3 find action with hand 2,3,4,6,7,14,14,11 and interceptionList type:2 from:2 card:18 cards:18,18,18
type:2 from:2 card:13 cards:13,13,13
 latest draw card 11
 2018-02-06 18:03:37 ProcedureAfterGetCardImpl::OnStart 146: done
 2018-02-06 18:03:37 CServerGameDesk::OnProcedureChanged 202: procedure change from 3 to 4
 2018-02-06 18:03:37 CServerGameDesk::OnBeforeProcedureStart 177: before procedure start, from 4 to 9
 2018-02-06 18:03:37 MsgDelegateWaitDiscard::OnSend 134: waiting on player 3 to discard, with candidates :2,3,4,6,7,14,14,11 !
 2018-02-06 18:03:37 CServerGameDesk::OnProcedureChanged 202: procedure change from 4 to 9
 2018-02-06 18:03:38 MsgDelegateWaitDiscard::OnResponse 206: player 3 tried to discard(valid:1, expected player:3)
 2018-02-06 18:03:38 MsgDelegateWaitDiscard::OnResponse 218: the card is 11
 2018-02-06 18:03:38 MsgDelegateWaitDiscard::OnDiscardCard 40: player 3 discard card 11(idx 7)
 2018-02-06 18:03:38 MsgDelegateDiscardResult::OnSend 49: player 3 discard 11 1
 2018-02-06 18:03:38 CServerGameDesk::OnBeforeProcedureStart 177: before procedure start, from 9 to 6
 2018-02-06 18:03:38 ProcedureInterceptCardImpl::OnStart 316: check interceptable card 11 from Player 3
 2018-02-06 18:03:38 ProcedureInterceptCardJumpDelegateImpl::JumpWhenNoAction 47:  active player changed 3 -> 2
 2018-02-06 18:03:38 CServerGameDesk::OnProcedureChanged 202: procedure change from 9 to 6
 2018-02-06 18:03:39 CServerGameDesk::OnBeforeProcedureStart 177: before procedure start, from 6 to 3
 2018-02-06 18:03:39 MsgDelegateDrawCard::OnSend 61: 2 draw card 11
 2018-02-06 18:03:39 CServerGameDesk::OnProcedureChanged 202: procedure change from 6 to 3
 2018-02-06 18:03:39 CServerGameDesk::OnBeforeProcedureStart 177: before procedure start, from 3 to 4
 2018-02-06 18:03:39 ProcedureAfterGetCardImpl::OnStart 132: Player 2 find action with hand 15,15,16,21,22,23,23,24,25,25,26,26,28,11 and interceptionList  latest draw card 11
 2018-02-06 18:03:39 ProcedureAfterGetCardImpl::OnStart 146: done
 2018-02-06 18:03:39 CServerGameDesk::OnProcedureChanged 202: procedure change from 3 to 4
 2018-02-06 18:03:39 CServerGameDesk::OnBeforeProcedureStart 177: before procedure start, from 4 to 9
 2018-02-06 18:03:39 MsgDelegateWaitDiscard::OnSend 134: waiting on player 2 to discard, with candidates :15,15,16,21,22,23,23,24,25,25,26,26,28,11 !
 2018-02-06 18:03:39 CServerGameDesk::OnProcedureChanged 202: procedure change from 4 to 9
 2018-02-06 18:03:40 MsgDelegateWaitDiscard::OnResponse 206: player 2 tried to discard(valid:1, expected player:2)
 2018-02-06 18:03:40 MsgDelegateWaitDiscard::OnResponse 218: the card is 11
 2018-02-06 18:03:40 MsgDelegateWaitDiscard::OnDiscardCard 40: player 2 discard card 11(idx 13)
 2018-02-06 18:03:40 MsgDelegateDiscardResult::OnSend 49: player 2 discard 11 0
 2018-02-06 18:03:40 CServerGameDesk::OnBeforeProcedureStart 177: before procedure start, from 9 to 6
 2018-02-06 18:03:40 ProcedureInterceptCardImpl::OnStart 316: check interceptable card 11 from Player 2
 2018-02-06 18:03:40 ProcedureInterceptCardJumpDelegateImpl::JumpWhenNoAction 47:  active player changed 2 -> 1
 2018-02-06 18:03:40 CServerGameDesk::OnProcedureChanged 202: procedure change from 9 to 6
 2018-02-06 18:03:40 CServerGameDesk::OnBeforeProcedureStart 177: before procedure start, from 6 to 3
 2018-02-06 18:03:40 MsgDelegateDrawCard::OnSend 61: 1 draw card 17
 2018-02-06 18:03:40 CServerGameDesk::OnProcedureChanged 202: procedure change from 6 to 3
 2018-02-06 18:03:40 CServerGameDesk::OnBeforeProcedureStart 177: before procedure start, from 3 to 4
 2018-02-06 18:03:40 ProcedureAfterGetCardImpl::OnStart 132: Player 1 find action with hand 11,12,12,16,17,18,19,21,22,23,28,28,29,17 and interceptionList  latest draw card 17
 2018-02-06 18:03:40 ProcedureAfterGetCardImpl::OnStart 146: done
 2018-02-06 18:03:40 CServerGameDesk::OnProcedureChanged 202: procedure change from 3 to 4
 2018-02-06 18:03:40 CServerGameDesk::OnBeforeProcedureStart 177: before procedure start, from 4 to 9
 2018-02-06 18:03:40 MsgDelegateWaitDiscard::OnSend 134: waiting on player 1 to discard, with candidates :11,12,12,16,17,18,19,21,22,23,28,28,29,17 !
 2018-02-06 18:03:40 CServerGameDesk::OnProcedureChanged 202: procedure change from 4 to 9
 2018-02-06 18:03:42 MsgDelegateWaitDiscard::OnResponse 206: player 1 tried to discard(valid:1, expected player:1)
 2018-02-06 18:03:42 MsgDelegateWaitDiscard::OnResponse 218: the card is 11
 2018-02-06 18:03:42 MsgDelegateWaitDiscard::OnDiscardCard 40: player 1 discard card 11(idx 0)
 2018-02-06 18:03:42 MsgDelegateDiscardResult::OnSend 49: player 1 discard 11 0
 2018-02-06 18:03:42 CServerGameDesk::OnBeforeProcedureStart 177: before procedure start, from 9 to 6
 2018-02-06 18:03:42 ProcedureInterceptCardImpl::OnStart 316: check interceptable card 11 from Player 1
 2018-02-06 18:03:42 ProcedureInterceptCardJumpDelegateImpl::JumpWhenNoAction 47:  active player changed 1 -> 0
 2018-02-06 18:03:42 CServerGameDesk::OnProcedureChanged 202: procedure change from 9 to 6
 2018-02-06 18:03:42 CServerGameDesk::OnBeforeProcedureStart 177: before procedure start, from 6 to 3
 2018-02-06 18:03:42 MsgDelegateDrawCard::OnSend 61: 0 draw card 21
 2018-02-06 18:03:42 CServerGameDesk::OnProcedureChanged 202: procedure change from 6 to 3
 2018-02-06 18:03:42 CServerGameDesk::OnBeforeProcedureStart 177: before procedure start, from 3 to 4
 2018-02-06 18:03:42 ProcedureAfterGetCardImpl::OnStart 132: Player 0 find action with hand 5,5,5,6,9,21,22,22,24,24,25,26,29,21 and interceptionList  latest draw card 21
 2018-02-06 18:03:42 ProcedureAfterGetCardImpl::OnStart 146: done
 2018-02-06 18:03:42 CServerGameDesk::OnProcedureChanged 202: procedure change from 3 to 4
 2018-02-06 18:03:43 CServerGameDesk::OnBeforeProcedureStart 177: before procedure start, from 4 to 9
 2018-02-06 18:03:43 MsgDelegateWaitDiscard::OnSend 134: waiting on player 0 to discard, with candidates :5,5,5,6,9,21,22,22,24,24,25,26,29,21 !
 2018-02-06 18:03:43 CServerGameDesk::OnProcedureChanged 202: procedure change from 4 to 9
 2018-02-06 18:03:46 MsgDelegateWaitDiscard::OnResponse 206: player 0 tried to discard(valid:1, expected player:0)
 2018-02-06 18:03:46 MsgDelegateWaitDiscard::OnResponse 218: the card is 9
 2018-02-06 18:03:46 MsgDelegateWaitDiscard::OnDiscardCard 40: player 0 discard card 9(idx 4)
 2018-02-06 18:03:46 MsgDelegateDiscardResult::OnSend 49: player 0 discard 9 0
 2018-02-06 18:03:46 CServerGameDesk::OnBeforeProcedureStart 177: before procedure start, from 9 to 6
 2018-02-06 18:03:46 ProcedureInterceptCardImpl::OnStart 316: check interceptable card 9 from Player 0
 2018-02-06 18:03:46 ProcedureInterceptCardJumpDelegateImpl::JumpWhenNoAction 47:  active player changed 0 -> 3
 2018-02-06 18:03:46 CServerGameDesk::OnProcedureChanged 202: procedure change from 9 to 6
 2018-02-06 18:03:46 CServerGameDesk::OnBeforeProcedureStart 177: before procedure start, from 6 to 3
 2018-02-06 18:03:46 MsgDelegateDrawCard::OnSend 61: 3 draw card 28
 2018-02-06 18:03:46 CServerGameDesk::OnProcedureChanged 202: procedure change from 6 to 3
 2018-02-06 18:03:46 CServerGameDesk::OnBeforeProcedureStart 177: before procedure start, from 3 to 4
 2018-02-06 18:03:46 ProcedureAfterGetCardImpl::OnStart 132: Player 3 find action with hand 2,3,4,6,7,14,14,28 and interceptionList type:2 from:2 card:18 cards:18,18,18
type:2 from:2 card:13 cards:13,13,13
 latest draw card 28
 2018-02-06 18:03:46 ProcedureAfterGetCardImpl::OnStart 146: done
 2018-02-06 18:03:46 CServerGameDesk::OnProcedureChanged 202: procedure change from 3 to 4
 2018-02-06 18:03:46 CServerGameDesk::OnBeforeProcedureStart 177: before procedure start, from 4 to 9
 2018-02-06 18:03:46 MsgDelegateWaitDiscard::OnSend 134: waiting on player 3 to discard, with candidates :28 !
 2018-02-06 18:03:46 CServerGameDesk::OnProcedureChanged 202: procedure change from 4 to 9
 2018-02-06 18:03:49 MsgDelegateWaitDiscard::OnResponse 206: player 3 tried to discard(valid:1, expected player:3)
 2018-02-06 18:03:49 MsgDelegateWaitDiscard::OnResponse 218: the card is 28
 2018-02-06 18:03:49 MsgDelegateWaitDiscard::OnDiscardCard 40: player 3 discard card 28(idx 7)
 2018-02-06 18:03:49 MsgDelegateDiscardResult::OnSend 49: player 3 discard 28 1
 2018-02-06 18:03:49 CServerGameDesk::OnBeforeProcedureStart 177: before procedure start, from 9 to 6
 2018-02-06 18:03:49 ProcedureInterceptCardImpl::OnStart 316: check interceptable card 28 from Player 3
 2018-02-06 18:03:49 ProcedureInterceptCardImpl::OnStart 349: Player 1 have actions type:2 from:3 card:28 cards:28,28,28
 with hand 12,12,16,17,17,18,19,21,22,23,28,28,29 interceptions  card 28
 2018-02-06 18:03:49 ProcedureInterceptCardImpl::OnStart 355: question sent
 2018-02-06 18:03:49 MsgDelegateInterception::OnSend 109: intercepted card : 28
 2018-02-06 18:03:49 MsgDelegateInterception::OnSend 110: player 1 have actions type:2 from:3 card:28 cards:28,28,28

 2018-02-06 18:03:49 CServerGameDesk::OnProcedureChanged 202: procedure change from 9 to 6
 2018-02-06 18:03:51 MsgDelegateInterception::Peng 195: player 1 select 28
 2018-02-06 18:03:51 CServerGameDesk::OnBeforeProcedureStart 177: before procedure start, from 6 to 7
 2018-02-06 18:03:51 MsgDelegateInterceptionResult::OnSend 28: player 1 do with type 2
 2018-02-06 18:03:51 ProcedureDetermineInterceptJumpDelegateImpl::JumpAfterAction 91:  active player changed 3 -> 1
 2018-02-06 18:03:51 CServerGameDesk::OnProcedureChanged 202: procedure change from 6 to 7
 2018-02-06 18:03:51 CServerGameDesk::OnBeforeProcedureStart 177: before procedure start, from 7 to 8
 2018-02-06 18:03:51 ProcedureAfterGetCardImpl::OnStart 132: Player 1 find action with hand 12,12,16,17,17,18,19,21,22,23,29 and interceptionList type:2 from:3 card:28 cards:28,28,28
 latest draw card 255
 2018-02-06 18:03:51 ProcedureAfterGetCardImpl::OnStart 146: done
 2018-02-06 18:03:51 CServerGameDesk::OnProcedureChanged 202: procedure change from 7 to 8
 2018-02-06 18:03:51 CServerGameDesk::OnBeforeProcedureStart 177: before procedure start, from 8 to 9
 2018-02-06 18:03:51 MsgDelegateWaitDiscard::OnSend 134: waiting on player 1 to discard, with candidates :12,12,16,17,17,18,19,21,22,23,29 !
 2018-02-06 18:03:51 CServerGameDesk::OnProcedureChanged 202: procedure change from 8 to 9
 2018-02-06 18:03:55 MsgDelegateWaitDiscard::OnResponse 206: player 1 tried to discard(valid:1, expected player:1)
 2018-02-06 18:03:55 MsgDelegateWaitDiscard::OnResponse 218: the card is 29
 2018-02-06 18:03:55 MsgDelegateWaitDiscard::OnDiscardCard 40: player 1 discard card 29(idx 10)
 2018-02-06 18:03:55 MsgDelegateDiscardResult::OnSend 49: player 1 discard 29 0
 2018-02-06 18:03:55 CServerGameDesk::OnBeforeProcedureStart 177: before procedure start, from 9 to 6
 2018-02-06 18:03:55 ProcedureInterceptCardImpl::OnStart 316: check interceptable card 29 from Player 1
 2018-02-06 18:03:55 ProcedureInterceptCardJumpDelegateImpl::JumpWhenNoAction 47:  active player changed 1 -> 0
 2018-02-06 18:03:55 CServerGameDesk::OnProcedureChanged 202: procedure change from 9 to 6
 2018-02-06 18:03:55 CServerGameDesk::OnBeforeProcedureStart 177: before procedure start, from 6 to 3
 2018-02-06 18:03:55 MsgDelegateDrawCard::OnSend 61: 0 draw card 29
 2018-02-06 18:03:55 CServerGameDesk::OnProcedureChanged 202: procedure change from 6 to 3
 2018-02-06 18:03:55 CServerGameDesk::OnBeforeProcedureStart 177: before procedure start, from 3 to 4
 2018-02-06 18:03:55 ProcedureAfterGetCardImpl::OnStart 132: Player 0 find action with hand 5,5,5,6,21,21,22,22,24,24,25,26,29,29 and interceptionList  latest draw card 29
 2018-02-06 18:03:55 ProcedureAfterGetCardImpl::OnStart 146: done
 2018-02-06 18:03:55 CServerGameDesk::OnProcedureChanged 202: procedure change from 3 to 4
 2018-02-06 18:03:55 CServerGameDesk::OnBeforeProcedureStart 177: before procedure start, from 4 to 9
 2018-02-06 18:03:55 MsgDelegateWaitDiscard::OnSend 134: waiting on player 0 to discard, with candidates :5,5,5,6,21,21,22,22,24,24,25,26,29,29 !
 2018-02-06 18:03:55 CServerGameDesk::OnProcedureChanged 202: procedure change from 4 to 9
 2018-02-06 18:04:00 MsgDelegateWaitDiscard::OnResponse 206: player 0 tried to discard(valid:1, expected player:0)
 2018-02-06 18:04:00 MsgDelegateWaitDiscard::OnResponse 218: the card is 5
 2018-02-06 18:04:00 MsgDelegateWaitDiscard::OnDiscardCard 40: player 0 discard card 5(idx 0)
 2018-02-06 18:04:00 MsgDelegateDiscardResult::OnSend 49: player 0 discard 5 0
 2018-02-06 18:04:00 CServerGameDesk::OnBeforeProcedureStart 177: before procedure start, from 9 to 6
 2018-02-06 18:04:00 ProcedureInterceptCardImpl::OnStart 316: check interceptable card 5 from Player 0
 2018-02-06 18:04:00 ProcedureInterceptCardImpl::OnStart 349: Player 3 have actions type:16 from:0 card:5 cards:2,3,4,6,7,14,14,5
 with hand 2,3,4,6,7,14,14 interceptions type:2 from:2 card:18 cards:18,18,18
type:2 from:2 card:13 cards:13,13,13
 card 5
 2018-02-06 18:04:00 ProcedureInterceptCardImpl::OnStart 355: question sent
 2018-02-06 18:04:00 MsgDelegateInterception::OnSend 109: intercepted card : 5
 2018-02-06 18:04:00 MsgDelegateInterception::OnSend 110: player 3 have actions type:16 from:0 card:5 cards:2,3,4,6,7,14,14,5

 2018-02-06 18:04:00 CServerGameDesk::OnProcedureChanged 202: procedure change from 9 to 6
 2018-02-06 18:04:01 MsgDelegateInterception::Win 247: player 3 select 5
 2018-02-06 18:04:01 CServerGameDesk::OnBeforeProcedureStart 177: before procedure start, from 6 to 7
 2018-02-06 18:04:01 MsgDelegateInterceptionResult::OnSend 28: player 3 do with type 16
 2018-02-06 18:04:01 ProcedureDetermineInterceptJumpDelegateImpl::JumpAfterAction 91:  active player changed 0 -> 2
 2018-02-06 18:04:01 CServerGameDesk::OnProcedureChanged 202: procedure change from 6 to 7
 2018-02-06 18:04:01 CServerGameDesk::OnBeforeProcedureStart 177: before procedure start, from 7 to 3
 2018-02-06 18:04:01 MsgDelegateDrawCard::OnSend 61: 2 draw card 2
 2018-02-06 18:04:01 CServerGameDesk::OnProcedureChanged 202: procedure change from 7 to 3
 2018-02-06 18:04:01 CServerGameDesk::OnBeforeProcedureStart 177: before procedure start, from 3 to 4
 2018-02-06 18:04:01 ProcedureAfterGetCardImpl::OnStart 132: Player 2 find action with hand 15,15,16,21,22,23,23,24,25,25,26,26,28,2 and interceptionList  latest draw card 2
 2018-02-06 18:04:01 ProcedureAfterGetCardImpl::OnStart 146: done
 2018-02-06 18:04:01 CServerGameDesk::OnProcedureChanged 202: procedure change from 3 to 4
 2018-02-06 18:04:01 CServerGameDesk::OnBeforeProcedureStart 177: before procedure start, from 4 to 9
 2018-02-06 18:04:01 MsgDelegateWaitDiscard::OnSend 134: waiting on player 2 to discard, with candidates :2 !
 2018-02-06 18:04:01 CServerGameDesk::OnProcedureChanged 202: procedure change from 4 to 9
 2018-02-06 18:04:03 MsgDelegateWaitDiscard::OnResponse 206: player 2 tried to discard(valid:1, expected player:2)
 2018-02-06 18:04:03 MsgDelegateWaitDiscard::OnResponse 218: the card is 2
 2018-02-06 18:04:03 MsgDelegateWaitDiscard::OnDiscardCard 40: player 2 discard card 2(idx 13)
 2018-02-06 18:04:03 MsgDelegateDiscardResult::OnSend 49: player 2 discard 2 0
 2018-02-06 18:04:03 CServerGameDesk::OnBeforeProcedureStart 177: before procedure start, from 9 to 6
 2018-02-06 18:04:03 ProcedureInterceptCardImpl::OnStart 316: check interceptable card 2 from Player 2
 2018-02-06 18:04:03 ProcedureInterceptCardJumpDelegateImpl::JumpWhenNoAction 47:  active player changed 2 -> 1
 2018-02-06 18:04:03 CServerGameDesk::OnProcedureChanged 202: procedure change from 9 to 6
 2018-02-06 18:04:03 CServerGameDesk::OnBeforeProcedureStart 177: before procedure start, from 6 to 3
 2018-02-06 18:04:03 MsgDelegateDrawCard::OnSend 61: 1 draw card 8
 2018-02-06 18:04:03 CServerGameDesk::OnProcedureChanged 202: procedure change from 6 to 3
 2018-02-06 18:04:03 CServerGameDesk::OnBeforeProcedureStart 177: before procedure start, from 3 to 4
 2018-02-06 18:04:03 ProcedureAfterGetCardImpl::OnStart 132: Player 1 find action with hand 12,12,16,17,17,18,19,21,22,23,8 and interceptionList type:2 from:3 card:28 cards:28,28,28
 latest draw card 8
 2018-02-06 18:04:03 ProcedureAfterGetCardImpl::OnStart 146: done
 2018-02-06 18:04:03 CServerGameDesk::OnProcedureChanged 202: procedure change from 3 to 4
 2018-02-06 18:04:03 CServerGameDesk::OnBeforeProcedureStart 177: before procedure start, from 4 to 9
 2018-02-06 18:04:03 MsgDelegateWaitDiscard::OnSend 134: waiting on player 1 to discard, with candidates :8 !
 2018-02-06 18:04:03 CServerGameDesk::OnProcedureChanged 202: procedure change from 4 to 9
 2018-02-06 18:04:06 MsgDelegateWaitDiscard::OnResponse 206: player 1 tried to discard(valid:1, expected player:1)
 2018-02-06 18:04:06 MsgDelegateWaitDiscard::OnResponse 218: the card is 8
 2018-02-06 18:04:06 MsgDelegateWaitDiscard::OnDiscardCard 40: player 1 discard card 8(idx 10)
 2018-02-06 18:04:06 MsgDelegateDiscardResult::OnSend 49: player 1 discard 8 1
 2018-02-06 18:04:06 CServerGameDesk::OnBeforeProcedureStart 177: before procedure start, from 9 to 6
 2018-02-06 18:04:06 ProcedureInterceptCardImpl::OnStart 316: check interceptable card 8 from Player 1
 2018-02-06 18:04:06 ProcedureInterceptCardJumpDelegateImpl::JumpWhenNoAction 47:  active player changed 1 -> 0
 2018-02-06 18:04:06 CServerGameDesk::OnProcedureChanged 202: procedure change from 9 to 6
 2018-02-06 18:04:06 CServerGameDesk::OnBeforeProcedureStart 177: before procedure start, from 6 to 3
 2018-02-06 18:04:06 MsgDelegateDrawCard::OnSend 61: 0 draw card 25
 2018-02-06 18:04:06 CServerGameDesk::OnProcedureChanged 202: procedure change from 6 to 3
 2018-02-06 18:04:06 CServerGameDesk::OnBeforeProcedureStart 177: before procedure start, from 3 to 4
 2018-02-06 18:04:06 ProcedureAfterGetCardImpl::OnStart 132: Player 0 find action with hand 5,5,6,21,21,22,22,24,24,25,26,29,29,25 and interceptionList  latest draw card 25
 2018-02-06 18:04:06 ProcedureAfterGetCardImpl::OnStart 146: done
 2018-02-06 18:04:06 CServerGameDesk::OnProcedureChanged 202: procedure change from 3 to 4
 2018-02-06 18:04:06 CServerGameDesk::OnBeforeProcedureStart 177: before procedure start, from 4 to 9
 2018-02-06 18:04:06 MsgDelegateWaitDiscard::OnSend 134: waiting on player 0 to discard, with candidates :5,5,6,21,21,22,22,24,24,25,26,29,29,25 !
 2018-02-06 18:04:06 CServerGameDesk::OnProcedureChanged 202: procedure change from 4 to 9
 2018-02-06 18:04:09 MsgDelegateWaitDiscard::OnResponse 206: player 0 tried to discard(valid:1, expected player:0)
 2018-02-06 18:04:09 MsgDelegateWaitDiscard::OnResponse 218: the card is 6
 2018-02-06 18:04:09 MsgDelegateWaitDiscard::OnDiscardCard 40: player 0 discard card 6(idx 2)
 2018-02-06 18:04:09 MsgDelegateDiscardResult::OnSend 49: player 0 discard 6 0
 2018-02-06 18:04:09 CServerGameDesk::OnBeforeProcedureStart 177: before procedure start, from 9 to 6
 2018-02-06 18:04:09 ProcedureInterceptCardImpl::OnStart 316: check interceptable card 6 from Player 0
 2018-02-06 18:04:09 ProcedureInterceptCardJumpDelegateImpl::JumpWhenNoAction 47:  active player changed 0 -> 2
 2018-02-06 18:04:09 CServerGameDesk::OnProcedureChanged 202: procedure change from 9 to 6
 2018-02-06 18:04:09 CServerGameDesk::OnBeforeProcedureStart 177: before procedure start, from 6 to 3
 2018-02-06 18:04:09 MsgDelegateDrawCard::OnSend 61: 2 draw card 23
 2018-02-06 18:04:09 CServerGameDesk::OnProcedureChanged 202: procedure change from 6 to 3
 2018-02-06 18:04:09 CServerGameDesk::OnBeforeProcedureStart 177: before procedure start, from 3 to 4
 2018-02-06 18:04:09 ProcedureAfterGetCardImpl::OnStart 132: Player 2 find action with hand 15,15,16,21,22,23,23,24,25,25,26,26,28,23 and interceptionList  latest draw card 23
 2018-02-06 18:04:09 ProcedureAfterGetCardImpl::OnStart 146: done
 2018-02-06 18:04:09 CServerGameDesk::OnProcedureChanged 202: procedure change from 3 to 4
 2018-02-06 18:04:09 CServerGameDesk::OnBeforeProcedureStart 177: before procedure start, from 4 to 9
 2018-02-06 18:04:09 MsgDelegateWaitDiscard::OnSend 134: waiting on player 2 to discard, with candidates :15,15,16,21,22,23,23,24,25,25,26,26,28,23 !
 2018-02-06 18:04:09 CServerGameDesk::OnProcedureChanged 202: procedure change from 4 to 9
 2018-02-06 18:04:11 MsgDelegateWaitDiscard::OnResponse 206: player 2 tried to discard(valid:1, expected player:2)
 2018-02-06 18:04:11 MsgDelegateWaitDiscard::OnResponse 218: the card is 16
 2018-02-06 18:04:11 MsgDelegateWaitDiscard::OnDiscardCard 40: player 2 discard card 16(idx 2)
 2018-02-06 18:04:11 MsgDelegateDiscardResult::OnSend 49: player 2 discard 16 0
 2018-02-06 18:04:11 CServerGameDesk::OnBeforeProcedureStart 177: before procedure start, from 9 to 6
 2018-02-06 18:04:11 ProcedureInterceptCardImpl::OnStart 316: check interceptable card 16 from Player 2
 2018-02-06 18:04:11 ProcedureInterceptCardJumpDelegateImpl::JumpWhenNoAction 47:  active player changed 2 -> 1
 2018-02-06 18:04:11 CServerGameDesk::OnProcedureChanged 202: procedure change from 9 to 6
 2018-02-06 18:04:11 CServerGameDesk::OnBeforeProcedureStart 177: before procedure start, from 6 to 3
 2018-02-06 18:04:11 MsgDelegateDrawCard::OnSend 61: 1 draw card 7
 2018-02-06 18:04:11 CServerGameDesk::OnProcedureChanged 202: procedure change from 6 to 3
 2018-02-06 18:04:11 CServerGameDesk::OnBeforeProcedureStart 177: before procedure start, from 3 to 4
 2018-02-06 18:04:11 ProcedureAfterGetCardImpl::OnStart 132: Player 1 find action with hand 12,12,16,17,17,18,19,21,22,23,7 and interceptionList type:2 from:3 card:28 cards:28,28,28
 latest draw card 7
 2018-02-06 18:04:11 ProcedureAfterGetCardImpl::OnStart 146: done
 2018-02-06 18:04:11 CServerGameDesk::OnProcedureChanged 202: procedure change from 3 to 4
 2018-02-06 18:04:11 CServerGameDesk::OnBeforeProcedureStart 177: before procedure start, from 4 to 9
 2018-02-06 18:04:11 MsgDelegateWaitDiscard::OnSend 134: waiting on player 1 to discard, with candidates :7 !
 2018-02-06 18:04:11 CServerGameDesk::OnProcedureChanged 202: procedure change from 4 to 9
 2018-02-06 18:04:13 MsgDelegateWaitDiscard::OnResponse 206: player 1 tried to discard(valid:1, expected player:1)
 2018-02-06 18:04:13 MsgDelegateWaitDiscard::OnResponse 218: the card is 7
 2018-02-06 18:04:13 MsgDelegateWaitDiscard::OnDiscardCard 40: player 1 discard card 7(idx 10)
 2018-02-06 18:04:13 MsgDelegateDiscardResult::OnSend 49: player 1 discard 7 1
 2018-02-06 18:04:13 CServerGameDesk::OnBeforeProcedureStart 177: before procedure start, from 9 to 6
 2018-02-06 18:04:13 ProcedureInterceptCardImpl::OnStart 316: check interceptable card 7 from Player 1
 2018-02-06 18:04:13 ProcedureInterceptCardJumpDelegateImpl::JumpWhenNoAction 47:  active player changed 1 -> 0
 2018-02-06 18:04:13 CServerGameDesk::OnProcedureChanged 202: procedure change from 9 to 6
 2018-02-06 18:04:13 CServerGameDesk::OnBeforeProcedureStart 177: before procedure start, from 6 to 3
 2018-02-06 18:04:13 MsgDelegateDrawCard::OnSend 61: 0 draw card 3
 2018-02-06 18:04:13 CServerGameDesk::OnProcedureChanged 202: procedure change from 6 to 3
 2018-02-06 18:04:13 CServerGameDesk::OnBeforeProcedureStart 177: before procedure start, from 3 to 4
 2018-02-06 18:04:13 ProcedureAfterGetCardImpl::OnStart 132: Player 0 find action with hand 5,5,21,21,22,22,24,24,25,25,26,29,29,3 and interceptionList  latest draw card 3
 2018-02-06 18:04:13 ProcedureAfterGetCardImpl::OnStart 146: done
 2018-02-06 18:04:13 CServerGameDesk::OnProcedureChanged 202: procedure change from 3 to 4
 2018-02-06 18:04:13 CServerGameDesk::OnBeforeProcedureStart 177: before procedure start, from 4 to 9
 2018-02-06 18:04:13 MsgDelegateWaitDiscard::OnSend 134: waiting on player 0 to discard, with candidates :5,5,21,21,22,22,24,24,25,25,26,29,29,3 !
 2018-02-06 18:04:13 CServerGameDesk::OnProcedureChanged 202: procedure change from 4 to 9
 2018-02-06 18:04:15 MsgDelegateWaitDiscard::OnResponse 206: player 0 tried to discard(valid:1, expected player:0)
 2018-02-06 18:04:15 MsgDelegateWaitDiscard::OnResponse 218: the card is 3
 2018-02-06 18:04:15 MsgDelegateWaitDiscard::OnDiscardCard 40: player 0 discard card 3(idx 13)
 2018-02-06 18:04:15 MsgDelegateDiscardResult::OnSend 49: player 0 discard 3 1
 2018-02-06 18:04:15 CServerGameDesk::OnBeforeProcedureStart 177: before procedure start, from 9 to 6
 2018-02-06 18:04:15 ProcedureInterceptCardImpl::OnStart 316: check interceptable card 3 from Player 0
 2018-02-06 18:04:15 ProcedureInterceptCardJumpDelegateImpl::JumpWhenNoAction 47:  active player changed 0 -> 2
 2018-02-06 18:04:15 CServerGameDesk::OnProcedureChanged 202: procedure change from 9 to 6
 2018-02-06 18:04:15 CServerGameDesk::OnBeforeProcedureStart 177: before procedure start, from 6 to 3
 2018-02-06 18:04:15 MsgDelegateDrawCard::OnSend 61: 2 draw card 8
 2018-02-06 18:04:15 CServerGameDesk::OnProcedureChanged 202: procedure change from 6 to 3
 2018-02-06 18:04:15 CServerGameDesk::OnBeforeProcedureStart 177: before procedure start, from 3 to 4
 2018-02-06 18:04:15 ProcedureAfterGetCardImpl::OnStart 132: Player 2 find action with hand 15,15,21,22,23,23,23,24,25,25,26,26,28,8 and interceptionList  latest draw card 8
 2018-02-06 18:04:15 ProcedureAfterGetCardImpl::OnStart 146: done
 2018-02-06 18:04:15 CServerGameDesk::OnProcedureChanged 202: procedure change from 3 to 4
 2018-02-06 18:04:15 CServerGameDesk::OnBeforeProcedureStart 177: before procedure start, from 4 to 9
 2018-02-06 18:04:15 MsgDelegateWaitDiscard::OnSend 134: waiting on player 2 to discard, with candidates :8 !
 2018-02-06 18:04:15 CServerGameDesk::OnProcedureChanged 202: procedure change from 4 to 9
 2018-02-06 18:04:17 MsgDelegateWaitDiscard::OnResponse 206: player 2 tried to discard(valid:1, expected player:2)
 2018-02-06 18:04:17 MsgDelegateWaitDiscard::OnResponse 218: the card is 8
 2018-02-06 18:04:17 MsgDelegateWaitDiscard::OnDiscardCard 40: player 2 discard card 8(idx 13)
 2018-02-06 18:04:17 MsgDelegateDiscardResult::OnSend 49: player 2 discard 8 0
 2018-02-06 18:04:17 CServerGameDesk::OnBeforeProcedureStart 177: before procedure start, from 9 to 6
 2018-02-06 18:04:17 ProcedureInterceptCardImpl::OnStart 316: check interceptable card 8 from Player 2
 2018-02-06 18:04:17 ProcedureInterceptCardJumpDelegateImpl::JumpWhenNoAction 47:  active player changed 2 -> 1
 2018-02-06 18:04:17 CServerGameDesk::OnProcedureChanged 202: procedure change from 9 to 6
 2018-02-06 18:04:17 CServerGameDesk::OnBeforeProcedureStart 177: before procedure start, from 6 to 3
 2018-02-06 18:04:17 MsgDelegateDrawCard::OnSend 61: 1 draw card 6
 2018-02-06 18:04:17 CServerGameDesk::OnProcedureChanged 202: procedure change from 6 to 3
 2018-02-06 18:04:17 CServerGameDesk::OnBeforeProcedureStart 177: before procedure start, from 3 to 4
 2018-02-06 18:04:17 ProcedureAfterGetCardImpl::OnStart 132: Player 1 find action with hand 12,12,16,17,17,18,19,21,22,23,6 and interceptionList type:2 from:3 card:28 cards:28,28,28
 latest draw card 6
 2018-02-06 18:04:17 ProcedureAfterGetCardImpl::OnStart 146: done
 2018-02-06 18:04:17 CServerGameDesk::OnProcedureChanged 202: procedure change from 3 to 4
 2018-02-06 18:04:17 CServerGameDesk::OnBeforeProcedureStart 177: before procedure start, from 4 to 9
 2018-02-06 18:04:17 MsgDelegateWaitDiscard::OnSend 134: waiting on player 1 to discard, with candidates :6 !
 2018-02-06 18:04:17 CServerGameDesk::OnProcedureChanged 202: procedure change from 4 to 9
 2018-02-06 18:04:18 MsgDelegateWaitDiscard::OnResponse 206: player 1 tried to discard(valid:1, expected player:1)
 2018-02-06 18:04:18 MsgDelegateWaitDiscard::OnResponse 218: the card is 6
 2018-02-06 18:04:18 MsgDelegateWaitDiscard::OnDiscardCard 40: player 1 discard card 6(idx 10)
 2018-02-06 18:04:18 MsgDelegateDiscardResult::OnSend 49: player 1 discard 6 1
 2018-02-06 18:04:18 CServerGameDesk::OnBeforeProcedureStart 177: before procedure start, from 9 to 6
 2018-02-06 18:04:18 ProcedureInterceptCardImpl::OnStart 316: check interceptable card 6 from Player 1
 2018-02-06 18:04:18 ProcedureInterceptCardJumpDelegateImpl::JumpWhenNoAction 47:  active player changed 1 -> 0
 2018-02-06 18:04:18 CServerGameDesk::OnProcedureChanged 202: procedure change from 9 to 6
 2018-02-06 18:04:18 CServerGameDesk::OnBeforeProcedureStart 177: before procedure start, from 6 to 3
 2018-02-06 18:04:18 MsgDelegateDrawCard::OnSend 61: 0 draw card 27
 2018-02-06 18:04:18 CServerGameDesk::OnProcedureChanged 202: procedure change from 6 to 3
 2018-02-06 18:04:18 CServerGameDesk::OnBeforeProcedureStart 177: before procedure start, from 3 to 4
 2018-02-06 18:04:18 ProcedureAfterGetCardImpl::OnStart 132: Player 0 find action with hand 5,5,21,21,22,22,24,24,25,25,26,29,29,27 and interceptionList  latest draw card 27
 2018-02-06 18:04:18 ProcedureAfterGetCardImpl::OnStart 146: done
 2018-02-06 18:04:18 CServerGameDesk::OnProcedureChanged 202: procedure change from 3 to 4
 2018-02-06 18:04:18 CServerGameDesk::OnBeforeProcedureStart 177: before procedure start, from 4 to 9
 2018-02-06 18:04:18 MsgDelegateWaitDiscard::OnSend 134: waiting on player 0 to discard, with candidates :5,5,21,21,22,22,24,24,25,25,26,29,29,27 !
 2018-02-06 18:04:18 CServerGameDesk::OnProcedureChanged 202: procedure change from 4 to 9
 2018-02-06 18:04:23 MsgDelegateWaitDiscard::OnResponse 206: player 0 tried to discard(valid:1, expected player:0)
 2018-02-06 18:04:23 MsgDelegateWaitDiscard::OnResponse 218: the card is 25
 2018-02-06 18:04:23 MsgDelegateWaitDiscard::OnDiscardCard 40: player 0 discard card 25(idx 8)
 2018-02-06 18:04:23 MsgDelegateDiscardResult::OnSend 49: player 0 discard 25 1
 2018-02-06 18:04:23 CServerGameDesk::OnBeforeProcedureStart 177: before procedure start, from 9 to 6
 2018-02-06 18:04:23 ProcedureInterceptCardImpl::OnStart 316: check interceptable card 25 from Player 0
 2018-02-06 18:04:23 ProcedureInterceptCardImpl::OnStart 349: Player 2 have actions type:2 from:0 card:25 cards:25,25,25
 with hand 15,15,21,22,23,23,23,24,25,25,26,26,28 interceptions  card 25
 2018-02-06 18:04:23 ProcedureInterceptCardImpl::OnStart 355: question sent
 2018-02-06 18:04:23 MsgDelegateInterception::OnSend 109: intercepted card : 25
 2018-02-06 18:04:23 MsgDelegateInterception::OnSend 110: player 2 have actions type:2 from:0 card:25 cards:25,25,25

 2018-02-06 18:04:23 CServerGameDesk::OnProcedureChanged 202: procedure change from 9 to 6
 2018-02-06 18:04:25 MsgDelegateInterception::Peng 195: player 2 select 25
 2018-02-06 18:04:25 CServerGameDesk::OnBeforeProcedureStart 177: before procedure start, from 6 to 7
 2018-02-06 18:04:25 MsgDelegateInterceptionResult::OnSend 28: player 2 do with type 2
 2018-02-06 18:04:25 ProcedureDetermineInterceptJumpDelegateImpl::JumpAfterAction 91:  active player changed 0 -> 2
 2018-02-06 18:04:25 CServerGameDesk::OnProcedureChanged 202: procedure change from 6 to 7
 2018-02-06 18:04:26 CServerGameDesk::OnBeforeProcedureStart 177: before procedure start, from 7 to 8
 2018-02-06 18:04:26 ProcedureAfterGetCardImpl::OnStart 132: Player 2 find action with hand 15,15,21,22,23,23,23,24,26,26,28 and interceptionList type:2 from:0 card:25 cards:25,25,25
 latest draw card 255
 2018-02-06 18:04:26 ProcedureAfterGetCardImpl::OnStart 146: done
 2018-02-06 18:04:26 CServerGameDesk::OnProcedureChanged 202: procedure change from 7 to 8
 2018-02-06 18:04:26 CServerGameDesk::OnBeforeProcedureStart 177: before procedure start, from 8 to 9
 2018-02-06 18:04:26 MsgDelegateWaitDiscard::OnSend 134: waiting on player 2 to discard, with candidates :15,15,21,22,23,23,23,24,26,26,28 !
 2018-02-06 18:04:26 CServerGameDesk::OnProcedureChanged 202: procedure change from 8 to 9
 2018-02-06 18:04:26 MsgDelegateWaitDiscard::OnResponse 206: player 2 tried to discard(valid:1, expected player:2)
 2018-02-06 18:04:26 MsgDelegateWaitDiscard::OnResponse 218: the card is 21
 2018-02-06 18:04:26 MsgDelegateWaitDiscard::OnDiscardCard 40: player 2 discard card 21(idx 2)
 2018-02-06 18:04:26 MsgDelegateDiscardResult::OnSend 49: player 2 discard 21 0
 2018-02-06 18:04:26 CServerGameDesk::OnBeforeProcedureStart 177: before procedure start, from 9 to 6
 2018-02-06 18:04:26 ProcedureInterceptCardImpl::OnStart 316: check interceptable card 21 from Player 2
 2018-02-06 18:04:26 ProcedureInterceptCardImpl::OnStart 349: Player 0 have actions type:2 from:2 card:21 cards:21,21,21
 with hand 5,5,21,21,22,22,24,24,25,26,27,29,29 interceptions  card 21
 2018-02-06 18:04:26 ProcedureInterceptCardImpl::OnStart 355: question sent
 2018-02-06 18:04:26 MsgDelegateInterception::OnSend 109: intercepted card : 21
 2018-02-06 18:04:26 MsgDelegateInterception::OnSend 110: player 0 have actions type:2 from:2 card:21 cards:21,21,21

 2018-02-06 18:04:26 CServerGameDesk::OnProcedureChanged 202: procedure change from 9 to 6
 2018-02-06 18:04:27 MsgDelegateInterception::Peng 195: player 0 select 21
 2018-02-06 18:04:27 CServerGameDesk::OnBeforeProcedureStart 177: before procedure start, from 6 to 7
 2018-02-06 18:04:27 MsgDelegateInterceptionResult::OnSend 28: player 0 do with type 2
 2018-02-06 18:04:27 ProcedureDetermineInterceptJumpDelegateImpl::JumpAfterAction 91:  active player changed 2 -> 0
 2018-02-06 18:04:27 CServerGameDesk::OnProcedureChanged 202: procedure change from 6 to 7
 2018-02-06 18:04:27 CServerGameDesk::OnBeforeProcedureStart 177: before procedure start, from 7 to 8
 2018-02-06 18:04:27 ProcedureAfterGetCardImpl::OnStart 132: Player 0 find action with hand 5,5,22,22,24,24,25,26,27,29,29 and interceptionList type:2 from:2 card:21 cards:21,21,21
 latest draw card 255
 2018-02-06 18:04:27 ProcedureAfterGetCardImpl::OnStart 146: done
 2018-02-06 18:04:27 CServerGameDesk::OnProcedureChanged 202: procedure change from 7 to 8
 2018-02-06 18:04:28 CServerGameDesk::OnBeforeProcedureStart 177: before procedure start, from 8 to 9
 2018-02-06 18:04:28 MsgDelegateWaitDiscard::OnSend 134: waiting on player 0 to discard, with candidates :5,5,22,22,24,24,25,26,27,29,29 !
 2018-02-06 18:04:28 CServerGameDesk::OnProcedureChanged 202: procedure change from 8 to 9
 2018-02-06 18:04:45 MsgDelegateWaitDiscard::OnResponse 206: player 0 tried to discard(valid:1, expected player:0)
 2018-02-06 18:04:45 MsgDelegateWaitDiscard::OnResponse 218: the card is 27
 2018-02-06 18:04:45 MsgDelegateWaitDiscard::OnDiscardCard 40: player 0 discard card 27(idx 8)
 2018-02-06 18:04:45 MsgDelegateDiscardResult::OnSend 49: player 0 discard 27 0
 2018-02-06 18:04:45 CServerGameDesk::OnBeforeProcedureStart 177: before procedure start, from 9 to 6
 2018-02-06 18:04:45 ProcedureInterceptCardImpl::OnStart 316: check interceptable card 27 from Player 0
 2018-02-06 18:04:45 ProcedureInterceptCardJumpDelegateImpl::JumpWhenNoAction 47:  active player changed 0 -> 2
 2018-02-06 18:04:45 CServerGameDesk::OnProcedureChanged 202: procedure change from 9 to 6
 2018-02-06 18:04:45 CServerGameDesk::OnBeforeProcedureStart 177: before procedure start, from 6 to 3
 2018-02-06 18:04:45 MsgDelegateDrawCard::OnSend 61: 2 draw card 16
 2018-02-06 18:04:45 CServerGameDesk::OnProcedureChanged 202: procedure change from 6 to 3
 2018-02-06 18:04:45 CServerGameDesk::OnBeforeProcedureStart 177: before procedure start, from 3 to 4
 2018-02-06 18:04:45 ProcedureAfterGetCardImpl::OnStart 132: Player 2 find action with hand 15,15,22,23,23,23,24,26,26,28,16 and interceptionList type:2 from:0 card:25 cards:25,25,25
 latest draw card 16
 2018-02-06 18:04:45 ProcedureAfterGetCardImpl::OnStart 146: done
 2018-02-06 18:04:45 CServerGameDesk::OnProcedureChanged 202: procedure change from 3 to 4
 2018-02-06 18:04:45 CServerGameDesk::OnBeforeProcedureStart 177: before procedure start, from 4 to 9
 2018-02-06 18:04:45 MsgDelegateWaitDiscard::OnSend 134: waiting on player 2 to discard, with candidates :15,15,22,23,23,23,24,26,26,28,16 !
 2018-02-06 18:04:45 CServerGameDesk::OnProcedureChanged 202: procedure change from 4 to 9
 2018-02-06 18:04:47 MsgDelegateWaitDiscard::OnResponse 206: player 2 tried to discard(valid:1, expected player:2)
 2018-02-06 18:04:47 MsgDelegateWaitDiscard::OnResponse 218: the card is 16
 2018-02-06 18:04:47 MsgDelegateWaitDiscard::OnDiscardCard 40: player 2 discard card 16(idx 10)
 2018-02-06 18:04:47 MsgDelegateDiscardResult::OnSend 49: player 2 discard 16 0
 2018-02-06 18:04:47 CServerGameDesk::OnBeforeProcedureStart 177: before procedure start, from 9 to 6
 2018-02-06 18:04:47 ProcedureInterceptCardImpl::OnStart 316: check interceptable card 16 from Player 2
 2018-02-06 18:04:47 ProcedureInterceptCardJumpDelegateImpl::JumpWhenNoAction 47:  active player changed 2 -> 1
 2018-02-06 18:04:47 CServerGameDesk::OnProcedureChanged 202: procedure change from 9 to 6
 2018-02-06 18:04:47 CServerGameDesk::OnBeforeProcedureStart 177: before procedure start, from 6 to 3
 2018-02-06 18:04:47 MsgDelegateDrawCard::OnSend 61: 1 draw card 24
 2018-02-06 18:04:47 CServerGameDesk::OnProcedureChanged 202: procedure change from 6 to 3
 2018-02-06 18:04:47 CServerGameDesk::OnBeforeProcedureStart 177: before procedure start, from 3 to 4
 2018-02-06 18:04:47 ProcedureAfterGetCardImpl::OnStart 132: Player 1 find action with hand 12,12,16,17,17,18,19,21,22,23,24 and interceptionList type:2 from:3 card:28 cards:28,28,28
 latest draw card 24
 2018-02-06 18:04:47 ProcedureAfterGetCardImpl::OnStart 146: done
 2018-02-06 18:04:47 CServerGameDesk::OnProcedureChanged 202: procedure change from 3 to 4
 2018-02-06 18:04:47 CServerGameDesk::OnBeforeProcedureStart 177: before procedure start, from 4 to 9
 2018-02-06 18:04:47 MsgDelegateWaitDiscard::OnSend 134: waiting on player 1 to discard, with candidates :12,12,16,17,17,18,19,21,22,23,24 !
 2018-02-06 18:04:47 CServerGameDesk::OnProcedureChanged 202: procedure change from 4 to 9
 2018-02-06 18:05:00 MsgDelegateWaitDiscard::OnResponse 206: player 1 tried to discard(valid:1, expected player:1)
 2018-02-06 18:05:00 MsgDelegateWaitDiscard::OnResponse 218: the card is 19
 2018-02-06 18:05:00 MsgDelegateWaitDiscard::OnDiscardCard 40: player 1 discard card 19(idx 6)
 2018-02-06 18:05:00 MsgDelegateDiscardResult::OnSend 49: player 1 discard 19 1
 2018-02-06 18:05:00 CServerGameDesk::OnBeforeProcedureStart 177: before procedure start, from 9 to 6
 2018-02-06 18:05:00 ProcedureInterceptCardImpl::OnStart 316: check interceptable card 19 from Player 1
 2018-02-06 18:05:00 ProcedureInterceptCardJumpDelegateImpl::JumpWhenNoAction 47:  active player changed 1 -> 0
 2018-02-06 18:05:00 CServerGameDesk::OnProcedureChanged 202: procedure change from 9 to 6
 2018-02-06 18:05:00 CServerGameDesk::OnBeforeProcedureStart 177: before procedure start, from 6 to 3
 2018-02-06 18:05:00 MsgDelegateDrawCard::OnSend 61: 0 draw card 12
 2018-02-06 18:05:00 CServerGameDesk::OnProcedureChanged 202: procedure change from 6 to 3
 2018-02-06 18:05:00 CServerGameDesk::OnBeforeProcedureStart 177: before procedure start, from 3 to 4
 2018-02-06 18:05:00 ProcedureAfterGetCardImpl::OnStart 132: Player 0 find action with hand 5,5,22,22,24,24,25,26,29,29,12 and interceptionList type:2 from:2 card:21 cards:21,21,21
 latest draw card 12
 2018-02-06 18:05:00 ProcedureAfterGetCardImpl::OnStart 146: done
 2018-02-06 18:05:00 CServerGameDesk::OnProcedureChanged 202: procedure change from 3 to 4
 2018-02-06 18:05:00 CServerGameDesk::OnBeforeProcedureStart 177: before procedure start, from 4 to 9
 2018-02-06 18:05:00 MsgDelegateWaitDiscard::OnSend 134: waiting on player 0 to discard, with candidates :12 !
 2018-02-06 18:05:00 CServerGameDesk::OnProcedureChanged 202: procedure change from 4 to 9
 2018-02-06 18:05:03 MsgDelegateWaitDiscard::OnResponse 206: player 0 tried to discard(valid:1, expected player:0)
 2018-02-06 18:05:03 MsgDelegateWaitDiscard::OnResponse 218: the card is 12
 2018-02-06 18:05:03 MsgDelegateWaitDiscard::OnDiscardCard 40: player 0 discard card 12(idx 10)
 2018-02-06 18:05:03 MsgDelegateDiscardResult::OnSend 49: player 0 discard 12 0
 2018-02-06 18:05:03 CServerGameDesk::OnBeforeProcedureStart 177: before procedure start, from 9 to 6
 2018-02-06 18:05:03 ProcedureInterceptCardImpl::OnStart 316: check interceptable card 12 from Player 0
 2018-02-06 18:05:03 ProcedureInterceptCardImpl::OnStart 349: Player 1 have actions type:2 from:0 card:12 cards:12,12,12
 with hand 12,12,16,17,17,18,21,22,23,24 interceptions type:2 from:3 card:28 cards:28,28,28
 card 12
 2018-02-06 18:05:03 ProcedureInterceptCardImpl::OnStart 355: question sent
 2018-02-06 18:05:03 MsgDelegateInterception::OnSend 109: intercepted card : 12
 2018-02-06 18:05:03 MsgDelegateInterception::OnSend 110: player 1 have actions type:2 from:0 card:12 cards:12,12,12

 2018-02-06 18:05:03 CServerGameDesk::OnProcedureChanged 202: procedure change from 9 to 6
 2018-02-06 18:05:04 MsgDelegateInterception::Peng 195: player 1 select 12
 2018-02-06 18:05:04 CServerGameDesk::OnBeforeProcedureStart 177: before procedure start, from 6 to 7
 2018-02-06 18:05:04 MsgDelegateInterceptionResult::OnSend 28: player 1 do with type 2
 2018-02-06 18:05:04 ProcedureDetermineInterceptJumpDelegateImpl::JumpAfterAction 91:  active player changed 0 -> 1
 2018-02-06 18:05:04 CServerGameDesk::OnProcedureChanged 202: procedure change from 6 to 7
 2018-02-06 18:05:04 CServerGameDesk::OnBeforeProcedureStart 177: before procedure start, from 7 to 8
 2018-02-06 18:05:04 ProcedureAfterGetCardImpl::OnStart 132: Player 1 find action with hand 16,17,17,18,21,22,23,24 and interceptionList type:2 from:3 card:28 cards:28,28,28
type:2 from:0 card:12 cards:12,12,12
 latest draw card 255
 2018-02-06 18:05:04 ProcedureAfterGetCardImpl::OnStart 146: done
 2018-02-06 18:05:04 CServerGameDesk::OnProcedureChanged 202: procedure change from 7 to 8
 2018-02-06 18:05:04 CServerGameDesk::OnBeforeProcedureStart 177: before procedure start, from 8 to 9
 2018-02-06 18:05:04 MsgDelegateWaitDiscard::OnSend 134: waiting on player 1 to discard, with candidates :16,17,17,18,21,22,23,24 !
 2018-02-06 18:05:04 CServerGameDesk::OnProcedureChanged 202: procedure change from 8 to 9
 2018-02-06 18:05:05 MsgDelegateWaitDiscard::OnResponse 206: player 1 tried to discard(valid:1, expected player:1)
 2018-02-06 18:05:05 MsgDelegateWaitDiscard::OnResponse 218: the card is 17
 2018-02-06 18:05:05 MsgDelegateWaitDiscard::OnDiscardCard 40: player 1 discard card 17(idx 1)
 2018-02-06 18:05:05 MsgDelegateDiscardResult::OnSend 49: player 1 discard 17 0
 2018-02-06 18:05:05 CServerGameDesk::OnBeforeProcedureStart 177: before procedure start, from 9 to 6
 2018-02-06 18:05:05 ProcedureInterceptCardImpl::OnStart 316: check interceptable card 17 from Player 1
 2018-02-06 18:05:05 ProcedureInterceptCardJumpDelegateImpl::JumpWhenNoAction 47:  active player changed 1 -> 0
 2018-02-06 18:05:05 CServerGameDesk::OnProcedureChanged 202: procedure change from 9 to 6
 2018-02-06 18:05:05 CServerGameDesk::OnBeforeProcedureStart 177: before procedure start, from 6 to 3
 2018-02-06 18:05:05 MsgDelegateDrawCard::OnSend 61: 0 draw card 4
 2018-02-06 18:05:05 CServerGameDesk::OnProcedureChanged 202: procedure change from 6 to 3
 2018-02-06 18:05:06 CServerGameDesk::OnBeforeProcedureStart 177: before procedure start, from 3 to 4
 2018-02-06 18:05:06 ProcedureAfterGetCardImpl::OnStart 132: Player 0 find action with hand 5,5,22,22,24,24,25,26,29,29,4 and interceptionList type:2 from:2 card:21 cards:21,21,21
 latest draw card 4
 2018-02-06 18:05:06 ProcedureAfterGetCardImpl::OnStart 146: done
 2018-02-06 18:05:06 CServerGameDesk::OnProcedureChanged 202: procedure change from 3 to 4
 2018-02-06 18:05:06 CServerGameDesk::OnBeforeProcedureStart 177: before procedure start, from 4 to 9
 2018-02-06 18:05:06 MsgDelegateWaitDiscard::OnSend 134: waiting on player 0 to discard, with candidates :5,5,22,22,24,24,25,26,29,29,4 !
 2018-02-06 18:05:06 CServerGameDesk::OnProcedureChanged 202: procedure change from 4 to 9
 2018-02-06 18:05:07 MsgDelegateWaitDiscard::OnResponse 206: player 0 tried to discard(valid:1, expected player:0)
 2018-02-06 18:05:07 MsgDelegateWaitDiscard::OnResponse 218: the card is 4
 2018-02-06 18:05:07 MsgDelegateWaitDiscard::OnDiscardCard 40: player 0 discard card 4(idx 10)
 2018-02-06 18:05:07 MsgDelegateDiscardResult::OnSend 49: player 0 discard 4 0
 2018-02-06 18:05:07 CServerGameDesk::OnBeforeProcedureStart 177: before procedure start, from 9 to 6
 2018-02-06 18:05:07 ProcedureInterceptCardImpl::OnStart 316: check interceptable card 4 from Player 0
 2018-02-06 18:05:07 ProcedureInterceptCardJumpDelegateImpl::JumpWhenNoAction 47:  active player changed 0 -> 2
 2018-02-06 18:05:07 CServerGameDesk::OnProcedureChanged 202: procedure change from 9 to 6
 2018-02-06 18:05:07 CServerGameDesk::OnBeforeProcedureStart 177: before procedure start, from 6 to 3
 2018-02-06 18:05:07 MsgDelegateDrawCard::OnSend 61: 2 draw card 29
 2018-02-06 18:05:07 CServerGameDesk::OnProcedureChanged 202: procedure change from 6 to 3
 2018-02-06 18:05:08 CServerGameDesk::OnBeforeProcedureStart 177: before procedure start, from 3 to 4
 2018-02-06 18:05:08 ProcedureAfterGetCardImpl::OnStart 132: Player 2 find action with hand 15,15,22,23,23,23,24,26,26,28,29 and interceptionList type:2 from:0 card:25 cards:25,25,25
 latest draw card 29
 2018-02-06 18:05:08 ProcedureAfterGetCardImpl::OnStart 146: done
 2018-02-06 18:05:08 CServerGameDesk::OnProcedureChanged 202: procedure change from 3 to 4
 2018-02-06 18:05:08 CServerGameDesk::OnBeforeProcedureStart 177: before procedure start, from 4 to 9
 2018-02-06 18:05:08 MsgDelegateWaitDiscard::OnSend 134: waiting on player 2 to discard, with candidates :15,15,22,23,23,23,24,26,26,28,29 !
 2018-02-06 18:05:08 CServerGameDesk::OnProcedureChanged 202: procedure change from 4 to 9
 2018-02-06 18:05:10 MsgDelegateWaitDiscard::OnResponse 206: player 2 tried to discard(valid:1, expected player:2)
 2018-02-06 18:05:10 MsgDelegateWaitDiscard::OnResponse 218: the card is 22
 2018-02-06 18:05:10 MsgDelegateWaitDiscard::OnDiscardCard 40: player 2 discard card 22(idx 2)
 2018-02-06 18:05:10 MsgDelegateDiscardResult::OnSend 49: player 2 discard 22 0
 2018-02-06 18:05:10 CServerGameDesk::OnBeforeProcedureStart 177: before procedure start, from 9 to 6
 2018-02-06 18:05:10 ProcedureInterceptCardImpl::OnStart 316: check interceptable card 22 from Player 2
 2018-02-06 18:05:10 ProcedureInterceptCardImpl::OnStart 349: Player 0 have actions type:2 from:2 card:22 cards:22,22,22
 with hand 5,5,22,22,24,24,25,26,29,29 interceptions type:2 from:2 card:21 cards:21,21,21
 card 22
 2018-02-06 18:05:10 ProcedureInterceptCardImpl::OnStart 355: question sent
 2018-02-06 18:05:10 MsgDelegateInterception::OnSend 109: intercepted card : 22
 2018-02-06 18:05:10 MsgDelegateInterception::OnSend 110: player 0 have actions type:2 from:2 card:22 cards:22,22,22

 2018-02-06 18:05:10 CServerGameDesk::OnProcedureChanged 202: procedure change from 9 to 6
 2018-02-06 18:05:12 MsgDelegateInterception::Peng 195: player 0 select 22
 2018-02-06 18:05:12 CServerGameDesk::OnBeforeProcedureStart 177: before procedure start, from 6 to 7
 2018-02-06 18:05:12 MsgDelegateInterceptionResult::OnSend 28: player 0 do with type 2
 2018-02-06 18:05:12 ProcedureDetermineInterceptJumpDelegateImpl::JumpAfterAction 91:  active player changed 2 -> 0
 2018-02-06 18:05:12 CServerGameDesk::OnProcedureChanged 202: procedure change from 6 to 7
 2018-02-06 18:05:12 CServerGameDesk::OnBeforeProcedureStart 177: before procedure start, from 7 to 8
 2018-02-06 18:05:12 ProcedureAfterGetCardImpl::OnStart 132: Player 0 find action with hand 5,5,24,24,25,26,29,29 and interceptionList type:2 from:2 card:21 cards:21,21,21
type:2 from:2 card:22 cards:22,22,22
 latest draw card 255
 2018-02-06 18:05:12 ProcedureAfterGetCardImpl::OnStart 146: done
 2018-02-06 18:05:12 CServerGameDesk::OnProcedureChanged 202: procedure change from 7 to 8
 2018-02-06 18:05:12 CServerGameDesk::OnBeforeProcedureStart 177: before procedure start, from 8 to 9
 2018-02-06 18:05:12 MsgDelegateWaitDiscard::OnSend 134: waiting on player 0 to discard, with candidates :5,5,24,24,25,26,29,29 !
 2018-02-06 18:05:12 CServerGameDesk::OnProcedureChanged 202: procedure change from 8 to 9
 2018-02-06 18:05:14 MsgDelegateWaitDiscard::OnResponse 206: player 0 tried to discard(valid:1, expected player:0)
 2018-02-06 18:05:14 MsgDelegateWaitDiscard::OnResponse 218: the card is 24
 2018-02-06 18:05:14 MsgDelegateWaitDiscard::OnDiscardCard 40: player 0 discard card 24(idx 2)
 2018-02-06 18:05:14 MsgDelegateDiscardResult::OnSend 49: player 0 discard 24 0
 2018-02-06 18:05:14 CServerGameDesk::OnBeforeProcedureStart 177: before procedure start, from 9 to 6
 2018-02-06 18:05:14 ProcedureInterceptCardImpl::OnStart 316: check interceptable card 24 from Player 0
 2018-02-06 18:05:14 ProcedureInterceptCardImpl::OnStart 349: Player 1 have actions type:16 from:0 card:24 cards:16,17,18,21,22,23,24,24
 with hand 16,17,18,21,22,23,24 interceptions type:2 from:3 card:28 cards:28,28,28
type:2 from:0 card:12 cards:12,12,12
 card 24
 2018-02-06 18:05:14 ProcedureInterceptCardImpl::OnStart 355: question sent
 2018-02-06 18:05:14 MsgDelegateInterception::OnSend 109: intercepted card : 24
 2018-02-06 18:05:14 MsgDelegateInterception::OnSend 110: player 1 have actions type:16 from:0 card:24 cards:16,17,18,21,22,23,24,24

 2018-02-06 18:05:14 CServerGameDesk::OnProcedureChanged 202: procedure change from 9 to 6
 2018-02-06 18:05:15 MsgDelegateInterception::Win 247: player 1 select 24
 2018-02-06 18:05:16 CServerGameDesk::OnBeforeProcedureStart 177: before procedure start, from 6 to 7
 2018-02-06 18:05:16 MsgDelegateInterceptionResult::OnSend 28: player 1 do with type 16
 2018-02-06 18:05:16 ProcedureDetermineInterceptJumpDelegateImpl::JumpAfterAction 91:  active player changed 0 -> 2
 2018-02-06 18:05:16 CServerGameDesk::OnProcedureChanged 202: procedure change from 6 to 7
 2018-02-06 18:05:16 CServerGameDesk::OnBeforeProcedureStart 177: before procedure start, from 7 to 3
 2018-02-06 18:05:16 MsgDelegateDrawCard::OnSend 61: 2 draw card 1
 2018-02-06 18:05:16 CServerGameDesk::OnProcedureChanged 202: procedure change from 7 to 3
 2018-02-06 18:05:16 CServerGameDesk::OnBeforeProcedureStart 177: before procedure start, from 3 to 4
 2018-02-06 18:05:16 ProcedureAfterGetCardImpl::OnStart 132: Player 2 find action with hand 15,15,23,23,23,24,26,26,28,29,1 and interceptionList type:2 from:0 card:25 cards:25,25,25
 latest draw card 1
 2018-02-06 18:05:16 ProcedureAfterGetCardImpl::OnStart 146: done
 2018-02-06 18:05:16 CServerGameDesk::OnProcedureChanged 202: procedure change from 3 to 4
 2018-02-06 18:05:16 CServerGameDesk::OnBeforeProcedureStart 177: before procedure start, from 4 to 9
 2018-02-06 18:05:16 MsgDelegateWaitDiscard::OnSend 134: waiting on player 2 to discard, with candidates :1 !
 2018-02-06 18:05:16 CServerGameDesk::OnProcedureChanged 202: procedure change from 4 to 9
 2018-02-06 18:05:17 MsgDelegateWaitDiscard::OnResponse 206: player 2 tried to discard(valid:1, expected player:2)
 2018-02-06 18:05:17 MsgDelegateWaitDiscard::OnResponse 218: the card is 1
 2018-02-06 18:05:17 MsgDelegateWaitDiscard::OnDiscardCard 40: player 2 discard card 1(idx 10)
 2018-02-06 18:05:17 MsgDelegateDiscardResult::OnSend 49: player 2 discard 1 0
 2018-02-06 18:05:17 CServerGameDesk::OnBeforeProcedureStart 177: before procedure start, from 9 to 6
 2018-02-06 18:05:17 ProcedureInterceptCardImpl::OnStart 316: check interceptable card 1 from Player 2
 2018-02-06 18:05:17 ProcedureInterceptCardJumpDelegateImpl::JumpWhenNoAction 47:  active player changed 2 -> 0
 2018-02-06 18:05:17 CServerGameDesk::OnProcedureChanged 202: procedure change from 9 to 6
 2018-02-06 18:05:17 CServerGameDesk::OnBeforeProcedureStart 177: before procedure start, from 6 to 3
 2018-02-06 18:05:17 MsgDelegateDrawCard::OnSend 61: 0 draw card 2
 2018-02-06 18:05:17 CServerGameDesk::OnProcedureChanged 202: procedure change from 6 to 3
 2018-02-06 18:05:17 CServerGameDesk::OnBeforeProcedureStart 177: before procedure start, from 3 to 4
 2018-02-06 18:05:17 ProcedureAfterGetCardImpl::OnStart 132: Player 0 find action with hand 5,5,24,25,26,29,29,2 and interceptionList type:2 from:2 card:21 cards:21,21,21
type:2 from:2 card:22 cards:22,22,22
 latest draw card 2
 2018-02-06 18:05:17 ProcedureAfterGetCardImpl::OnStart 146: done
 2018-02-06 18:05:17 CServerGameDesk::OnProcedureChanged 202: procedure change from 3 to 4
 2018-02-06 18:05:17 CServerGameDesk::OnBeforeProcedureStart 177: before procedure start, from 4 to 9
 2018-02-06 18:05:17 MsgDelegateWaitDiscard::OnSend 134: waiting on player 0 to discard, with candidates :5,5,24,25,26,29,29,2 !
 2018-02-06 18:05:17 CServerGameDesk::OnProcedureChanged 202: procedure change from 4 to 9
 2018-02-06 18:05:19 MsgDelegateWaitDiscard::OnResponse 206: player 0 tried to discard(valid:1, expected player:0)
 2018-02-06 18:05:19 MsgDelegateWaitDiscard::OnResponse 218: the card is 2
 2018-02-06 18:05:19 MsgDelegateWaitDiscard::OnDiscardCard 40: player 0 discard card 2(idx 7)
 2018-02-06 18:05:19 MsgDelegateDiscardResult::OnSend 49: player 0 discard 2 1
 2018-02-06 18:05:19 CServerGameDesk::OnBeforeProcedureStart 177: before procedure start, from 9 to 6
 2018-02-06 18:05:19 ProcedureInterceptCardImpl::OnStart 316: check interceptable card 2 from Player 0
 2018-02-06 18:05:19 ProcedureInterceptCardJumpDelegateImpl::JumpWhenNoAction 47:  active player changed 0 -> 2
 2018-02-06 18:05:19 CServerGameDesk::OnProcedureChanged 202: procedure change from 9 to 6
 2018-02-06 18:05:19 CServerGameDesk::OnBeforeProcedureStart 177: before procedure start, from 6 to 3
 2018-02-06 18:05:19 MsgDelegateDrawCard::OnSend 61: 2 draw card 12
 2018-02-06 18:05:19 CServerGameDesk::OnProcedureChanged 202: procedure change from 6 to 3
 2018-02-06 18:05:19 CServerGameDesk::OnBeforeProcedureStart 177: before procedure start, from 3 to 4
 2018-02-06 18:05:19 ProcedureAfterGetCardImpl::OnStart 132: Player 2 find action with hand 15,15,23,23,23,24,26,26,28,29,12 and interceptionList type:2 from:0 card:25 cards:25,25,25
 latest draw card 12
 2018-02-06 18:05:19 ProcedureAfterGetCardImpl::OnStart 146: done
 2018-02-06 18:05:19 CServerGameDesk::OnProcedureChanged 202: procedure change from 3 to 4
 2018-02-06 18:05:19 CServerGameDesk::OnBeforeProcedureStart 177: before procedure start, from 4 to 9
 2018-02-06 18:05:19 MsgDelegateWaitDiscard::OnSend 134: waiting on player 2 to discard, with candidates :15,15,23,23,23,24,26,26,28,29,12 !
 2018-02-06 18:05:19 CServerGameDesk::OnProcedureChanged 202: procedure change from 4 to 9
 2018-02-06 18:05:20 MsgDelegateWaitDiscard::OnResponse 206: player 2 tried to discard(valid:1, expected player:2)
 2018-02-06 18:05:20 MsgDelegateWaitDiscard::OnResponse 218: the card is 29
 2018-02-06 18:05:20 MsgDelegateWaitDiscard::OnDiscardCard 40: player 2 discard card 29(idx 9)
 2018-02-06 18:05:20 MsgDelegateDiscardResult::OnSend 49: player 2 discard 29 0
 2018-02-06 18:05:20 CServerGameDesk::OnBeforeProcedureStart 177: before procedure start, from 9 to 6
 2018-02-06 18:05:20 ProcedureInterceptCardImpl::OnStart 316: check interceptable card 29 from Player 2
 2018-02-06 18:05:20 ProcedureInterceptCardImpl::OnStart 349: Player 0 have actions type:2 from:2 card:29 cards:29,29,29
type:16 from:2 card:29 cards:5,5,24,25,26,29,29,29
 with hand 5,5,24,25,26,29,29 interceptions type:2 from:2 card:21 cards:21,21,21
type:2 from:2 card:22 cards:22,22,22
 card 29
 2018-02-06 18:05:20 ProcedureInterceptCardImpl::OnStart 355: question sent
 2018-02-06 18:05:20 MsgDelegateInterception::OnSend 109: intercepted card : 29
 2018-02-06 18:05:20 MsgDelegateInterception::OnSend 110: player 0 have actions type:2 from:2 card:29 cards:29,29,29
type:16 from:2 card:29 cards:5,5,24,25,26,29,29,29

 2018-02-06 18:05:20 CServerGameDesk::OnProcedureChanged 202: procedure change from 9 to 6
 2018-02-06 18:05:21 MsgDelegateInterception::Win 247: player 0 select 29
 2018-02-06 18:05:21 CServerGameDesk::OnBeforeProcedureStart 177: before procedure start, from 6 to 7
 2018-02-06 18:05:21 MsgDelegateInterceptionResult::OnSend 28: player 0 do with type 16
 2018-02-06 18:05:21 CServerGameDesk::OnProcedureChanged 202: procedure change from 6 to 7
 2018-02-06 18:05:21 CServerGameDesk::OnBeforeProcedureStart 177: before procedure start, from 7 to 11
 2018-02-06 18:05:21 CServerGameDesk::OnProcedureChanged 202: procedure change from 7 to 11
 2018-02-06 18:05:21 MsgDelegateLiquidation::DelaySendMsg 89: Player   has inner win type :0 
 2018-02-06 18:05:21 MsgDelegateLiquidation::DelaySendMsg 90: Player   has outter win type :150 
 2018-02-06 18:05:21 MsgDelegateLiquidation::DelaySendMsg 89: Player  has inner win type :0 
 2018-02-06 18:05:21 MsgDelegateLiquidation::DelaySendMsg 90: Player  has outter win type :150 
 2018-02-06 18:05:21 MsgDelegateLiquidation::DelaySendMsg 89: Player  has inner win type :0 10 
 2018-02-06 18:05:21 MsgDelegateLiquidation::DelaySendMsg 90: Player  has outter win type :150 164 
 2018-02-06 18:05:21 MsgDelegateLiquidation::DelaySendMsg 108: Liquidation
 2018-02-06 18:05:22 CServerGameDesk::OnBeforeProcedureStart 177: before procedure start, from 11 to 0
 2018-02-06 18:05:22 CServerGameDesk::OnProcedureChanged 202: procedure change from 11 to 0
 2018-02-06 18:05:22 CServerGameDesk::DoGameStatistic 1002: Do Statistic
 2018-02-06 18:05:22 CServerGameDesk::DoGameStatistic 1019: >> zimo:0 jiepao:0 dianpao:0 totalScore-2
 2018-02-06 18:05:22 CServerGameDesk::DoGameStatistic 1077: << zimo:0 jiepao:1 dianpao:2 totalScore-2
 2018-02-06 18:05:22 CServerGameDesk::DoGameStatistic 1019: >> zimo:0 jiepao:0 dianpao:0 totalScore1
 2018-02-06 18:05:22 CServerGameDesk::DoGameStatistic 1077: << zimo:0 jiepao:1 dianpao:0 totalScore1
 2018-02-06 18:05:22 CServerGameDesk::DoGameStatistic 1019: >> zimo:0 jiepao:0 dianpao:0 totalScore-1
 2018-02-06 18:05:22 CServerGameDesk::DoGameStatistic 1077: << zimo:0 jiepao:0 dianpao:1 totalScore-1
 2018-02-06 18:05:22 CServerGameDesk::DoGameStatistic 1019: >> zimo:0 jiepao:0 dianpao:0 totalScore2
 2018-02-06 18:05:22 CServerGameDesk::DoGameStatistic 1077: << zimo:0 jiepao:1 dianpao:0 totalScore2
 2018-02-06 18:05:22 CServerGameDesk::OnProcedureLiquidationFinish 889: all rounds finished , send total score board 
 2018-02-06 18:05:22 CServerGameDesk::GameClear 309: clean game





 2018-02-06 18:05:22 CServerGameDesk::GameClear 309: clean game





 2018-02-06 18:05:22 CServerGameDesk::GameReset 323: reset game
