 2018-01-19 12:01:28 CServerGameDesk::GameBegin 416: Game Start (0/0)
 2018-01-19 12:01:28 CServerGameDesk::GameBegin 422: Player hn1400(hn1400) at position 0/0
 2018-01-19 12:01:28 CServerGameDesk::GameBegin 422: Player hn1401(hn1401) at position 1/1
 2018-01-19 12:01:28 CServerGameDesk::GameBegin 422: Player hn1402(hn1402) at position 2/2
 2018-01-19 12:01:28 CServerGameDesk::GameBegin 422: Player Phone15968(Phone15968) at position 3/3
 2018-01-19 12:01:28 CServerGameDesk::OnBeforeProcedureStart 177: before procedure start, from 0 to 1
 2018-01-19 12:01:28 CServerGameDesk::OnProcedureChanged 202: procedure change from 0 to 1
 2018-01-19 12:01:28 MsgDelegateGameBegin::SendGameBegin 54: game begin
 2018-01-19 12:01:30 CServerGameDesk::OnBeforeProcedureStart 177: before procedure start, from 1 to 2
 2018-01-19 12:01:30 CServerGameDesk::OnProcedureChanged 202: procedure change from 1 to 2
 2018-01-19 12:01:33 MsgDelegateDistributeCard::OnSend 43: dispatch cards
 2018-01-19 12:01:36 CServerGameDesk::OnBeforeProcedureStart 177: before procedure start, from 2 to 101
 2018-01-19 12:01:36 MsgDelegateHuanZhang::SendQuestionToPlayer 150: question huan zhang
 2018-01-19 12:01:36 MsgDelegateHuanZhang::SendQuestionToPlayer 150: question huan zhang
 2018-01-19 12:01:36 MsgDelegateHuanZhang::SendQuestionToPlayer 150: question huan zhang
 2018-01-19 12:01:36 MsgDelegateHuanZhang::SendQuestionToPlayer 150: question huan zhang
 2018-01-19 12:01:36 CServerGameDesk::OnProcedureChanged 202: procedure change from 2 to 101
 2018-01-19 12:02:00 CServerGameDesk::OnBeforeProcedureStart 177: before procedure start, from 101 to 100
 2018-01-19 12:02:00 MsgDelegateDingQue::OnSend 109: question ding que
 2018-01-19 12:02:00 MsgDelegateDingQue::OnSend 109: question ding que
 2018-01-19 12:02:00 MsgDelegateDingQue::OnSend 109: question ding que
 2018-01-19 12:02:00 MsgDelegateDingQue::OnSend 109: question ding que
 2018-01-19 12:02:00 CServerGameDesk::OnProcedureChanged 202: procedure change from 101 to 100
 2018-01-19 12:02:01 MsgDelegateDingQue::OnResponse 150: Player 1 select que men 2
 2018-01-19 12:02:02 MsgDelegateDingQue::OnResponse 150: Player 2 select que men 0
 2018-01-19 12:02:03 MsgDelegateDingQue::OnResponse 150: Player 0 select que men 1
 2018-01-19 12:02:04 MsgDelegateDingQue::OnResponse 150: Player 3 select que men 1
 2018-01-19 12:02:05 CServerGameDesk::OnBeforeProcedureStart 177: before procedure start, from 100 to 4
 2018-01-19 12:02:05 ProcedureAfterGetCardImpl::OnStart 132: Player 1 find action with hand 3,4,7,9,11,12,12,14,14,17,18,23,24,28 and interceptionList  latest draw card 24
 2018-01-19 12:02:05 ProcedureAfterGetCardImpl::OnStart 146: done
 2018-01-19 12:02:05 CServerGameDesk::OnProcedureChanged 202: procedure change from 100 to 4
 2018-01-19 12:02:05 MsgDelegateFirstRound::SendFirstRound 42: first run
 2018-01-19 12:02:05 CServerGameDesk::OnBeforeProcedureStart 177: before procedure start, from 4 to 9
 2018-01-19 12:02:05 MsgDelegateWaitDiscard::OnSend 134: waiting on player 1 to discard, with candidates :23,24,28 !
 2018-01-19 12:02:05 CServerGameDesk::OnProcedureChanged 202: procedure change from 4 to 9
 2018-01-19 12:02:06 MsgDelegateWaitDiscard::OnResponse 206: player 1 tried to discard(valid:1, expected player:1)
 2018-01-19 12:02:06 MsgDelegateWaitDiscard::OnResponse 218: the card is 23
 2018-01-19 12:02:06 MsgDelegateWaitDiscard::OnDiscardCard 40: player 1 discard card 23(idx 11)
 2018-01-19 12:02:06 MsgDelegateDiscardResult::OnSend 49: player 1 discard 23 0
 2018-01-19 12:02:06 CServerGameDesk::OnBeforeProcedureStart 177: before procedure start, from 9 to 6
 2018-01-19 12:02:06 ProcedureInterceptCardImpl::OnStart 316: check interceptable card 23 from Player 1
 2018-01-19 12:02:06 ProcedureInterceptCardImpl::OnStart 349: Player 2 have actions type:2 from:1 card:23 cards:23,23,23
 with hand 5,5,8,11,12,15,22,22,22,23,23,24,26 interceptions  card 23
 2018-01-19 12:02:06 ProcedureInterceptCardImpl::OnStart 355: question sent
 2018-01-19 12:02:06 MsgDelegateInterception::OnSend 109: intercepted card : 23
 2018-01-19 12:02:06 MsgDelegateInterception::OnSend 110: player 2 have actions type:2 from:1 card:23 cards:23,23,23

 2018-01-19 12:02:06 CServerGameDesk::OnProcedureChanged 202: procedure change from 9 to 6
 2018-01-19 12:02:08 MsgDelegateInterception::Peng 195: player 2 select 23
 2018-01-19 12:02:08 CServerGameDesk::OnBeforeProcedureStart 177: before procedure start, from 6 to 7
 2018-01-19 12:02:08 MsgDelegateInterceptionResult::OnSend 28: player 2 do with type 2
 2018-01-19 12:02:08 ProcedureDetermineInterceptJumpDelegateImpl::JumpAfterAction 91:  active player changed 1 -> 2
 2018-01-19 12:02:08 CServerGameDesk::OnProcedureChanged 202: procedure change from 6 to 7
 2018-01-19 12:02:08 CServerGameDesk::OnBeforeProcedureStart 177: before procedure start, from 7 to 8
 2018-01-19 12:02:08 ProcedureAfterGetCardImpl::OnStart 132: Player 2 find action with hand 11,12,15,22,22,22,24,26,5,5,8 and interceptionList type:2 from:1 card:23 cards:23,23,23
 latest draw card 255
 2018-01-19 12:02:08 ProcedureAfterGetCardImpl::OnStart 146: done
 2018-01-19 12:02:08 CServerGameDesk::OnProcedureChanged 202: procedure change from 7 to 8
 2018-01-19 12:02:08 CServerGameDesk::OnBeforeProcedureStart 177: before procedure start, from 8 to 9
 2018-01-19 12:02:08 MsgDelegateWaitDiscard::OnSend 134: waiting on player 2 to discard, with candidates :5,5,8 !
 2018-01-19 12:02:08 CServerGameDesk::OnProcedureChanged 202: procedure change from 8 to 9
 2018-01-19 12:02:09 MsgDelegateWaitDiscard::OnResponse 206: player 2 tried to discard(valid:1, expected player:2)
 2018-01-19 12:02:09 MsgDelegateWaitDiscard::OnResponse 218: the card is 5
 2018-01-19 12:02:09 MsgDelegateWaitDiscard::OnDiscardCard 40: player 2 discard card 5(idx 8)
 2018-01-19 12:02:09 MsgDelegateDiscardResult::OnSend 49: player 2 discard 5 0
 2018-01-19 12:02:09 CServerGameDesk::OnBeforeProcedureStart 177: before procedure start, from 9 to 6
 2018-01-19 12:02:09 ProcedureInterceptCardImpl::OnStart 316: check interceptable card 5 from Player 2
 2018-01-19 12:02:09 ProcedureInterceptCardJumpDelegateImpl::JumpWhenNoAction 47:  active player changed 2 -> 1
 2018-01-19 12:02:09 CServerGameDesk::OnProcedureChanged 202: procedure change from 9 to 6
 2018-01-19 12:02:09 CServerGameDesk::OnBeforeProcedureStart 177: before procedure start, from 6 to 3
 2018-01-19 12:02:09 MsgDelegateDrawCard::OnSend 61: 1 draw card 4
 2018-01-19 12:02:09 CServerGameDesk::OnProcedureChanged 202: procedure change from 6 to 3
 2018-01-19 12:02:09 CServerGameDesk::OnBeforeProcedureStart 177: before procedure start, from 3 to 4
 2018-01-19 12:02:09 ProcedureAfterGetCardImpl::OnStart 132: Player 1 find action with hand 3,4,7,9,11,12,12,14,14,17,18,24,28,4 and interceptionList  latest draw card 4
 2018-01-19 12:02:09 ProcedureAfterGetCardImpl::OnStart 146: done
 2018-01-19 12:02:09 CServerGameDesk::OnProcedureChanged 202: procedure change from 3 to 4
 2018-01-19 12:02:09 CServerGameDesk::OnBeforeProcedureStart 177: before procedure start, from 4 to 9
 2018-01-19 12:02:09 MsgDelegateWaitDiscard::OnSend 134: waiting on player 1 to discard, with candidates :24,28 !
 2018-01-19 12:02:09 CServerGameDesk::OnProcedureChanged 202: procedure change from 4 to 9
 2018-01-19 12:02:11 MsgDelegateWaitDiscard::OnResponse 206: player 1 tried to discard(valid:1, expected player:1)
 2018-01-19 12:02:11 MsgDelegateWaitDiscard::OnResponse 218: the card is 24
 2018-01-19 12:02:11 MsgDelegateWaitDiscard::OnDiscardCard 40: player 1 discard card 24(idx 11)
 2018-01-19 12:02:11 MsgDelegateDiscardResult::OnSend 49: player 1 discard 24 0
 2018-01-19 12:02:11 CServerGameDesk::OnBeforeProcedureStart 177: before procedure start, from 9 to 6
 2018-01-19 12:02:11 ProcedureInterceptCardImpl::OnStart 316: check interceptable card 24 from Player 1
 2018-01-19 12:02:11 ProcedureInterceptCardJumpDelegateImpl::JumpWhenNoAction 47:  active player changed 1 -> 0
 2018-01-19 12:02:11 CServerGameDesk::OnProcedureChanged 202: procedure change from 9 to 6
 2018-01-19 12:02:11 CServerGameDesk::OnBeforeProcedureStart 177: before procedure start, from 6 to 3
 2018-01-19 12:02:11 MsgDelegateDrawCard::OnSend 61: 0 draw card 12
 2018-01-19 12:02:11 CServerGameDesk::OnProcedureChanged 202: procedure change from 6 to 3
 2018-01-19 12:02:11 CServerGameDesk::OnBeforeProcedureStart 177: before procedure start, from 3 to 4
 2018-01-19 12:02:11 ProcedureAfterGetCardImpl::OnStart 132: Player 0 find action with hand 2,2,5,6,9,16,17,18,19,26,27,29,29,12 and interceptionList  latest draw card 12
 2018-01-19 12:02:11 ProcedureAfterGetCardImpl::OnStart 146: done
 2018-01-19 12:02:11 CServerGameDesk::OnProcedureChanged 202: procedure change from 3 to 4
 2018-01-19 12:02:11 CServerGameDesk::OnBeforeProcedureStart 177: before procedure start, from 4 to 9
 2018-01-19 12:02:11 MsgDelegateWaitDiscard::OnSend 134: waiting on player 0 to discard, with candidates :16,17,18,19,12 !
 2018-01-19 12:02:11 CServerGameDesk::OnProcedureChanged 202: procedure change from 4 to 9
 2018-01-19 12:02:13 MsgDelegateWaitDiscard::OnResponse 206: player 0 tried to discard(valid:1, expected player:0)
 2018-01-19 12:02:13 MsgDelegateWaitDiscard::OnResponse 218: the card is 16
 2018-01-19 12:02:13 MsgDelegateWaitDiscard::OnDiscardCard 40: player 0 discard card 16(idx 5)
 2018-01-19 12:02:13 MsgDelegateDiscardResult::OnSend 49: player 0 discard 16 0
 2018-01-19 12:02:13 CServerGameDesk::OnBeforeProcedureStart 177: before procedure start, from 9 to 6
 2018-01-19 12:02:13 ProcedureInterceptCardImpl::OnStart 316: check interceptable card 16 from Player 0
 2018-01-19 12:02:13 ProcedureInterceptCardJumpDelegateImpl::JumpWhenNoAction 47:  active player changed 0 -> 3
 2018-01-19 12:02:13 CServerGameDesk::OnProcedureChanged 202: procedure change from 9 to 6
 2018-01-19 12:02:13 CServerGameDesk::OnBeforeProcedureStart 177: before procedure start, from 6 to 3
 2018-01-19 12:02:13 MsgDelegateDrawCard::OnSend 61: 3 draw card 16
 2018-01-19 12:02:13 CServerGameDesk::OnProcedureChanged 202: procedure change from 6 to 3
 2018-01-19 12:02:13 CServerGameDesk::OnBeforeProcedureStart 177: before procedure start, from 3 to 4
 2018-01-19 12:02:13 ProcedureAfterGetCardImpl::OnStart 132: Player 3 find action with hand 3,7,7,8,9,11,11,14,21,21,23,24,25,16 and interceptionList  latest draw card 16
 2018-01-19 12:02:13 ProcedureAfterGetCardImpl::OnStart 146: done
 2018-01-19 12:02:13 CServerGameDesk::OnProcedureChanged 202: procedure change from 3 to 4
 2018-01-19 12:02:13 CServerGameDesk::OnBeforeProcedureStart 177: before procedure start, from 4 to 9
 2018-01-19 12:02:13 MsgDelegateWaitDiscard::OnSend 134: waiting on player 3 to discard, with candidates :11,11,14,16 !
 2018-01-19 12:02:13 CServerGameDesk::OnProcedureChanged 202: procedure change from 4 to 9
 2018-01-19 12:02:15 MsgDelegateWaitDiscard::OnResponse 206: player 3 tried to discard(valid:1, expected player:3)
 2018-01-19 12:02:15 MsgDelegateWaitDiscard::OnResponse 218: the card is 14
 2018-01-19 12:02:15 MsgDelegateWaitDiscard::OnDiscardCard 40: player 3 discard card 14(idx 7)
 2018-01-19 12:02:15 MsgDelegateDiscardResult::OnSend 49: player 3 discard 14 0
 2018-01-19 12:02:15 CServerGameDesk::OnBeforeProcedureStart 177: before procedure start, from 9 to 6
 2018-01-19 12:02:15 ProcedureInterceptCardImpl::OnStart 316: check interceptable card 14 from Player 3
 2018-01-19 12:02:15 ProcedureInterceptCardImpl::OnStart 349: Player 1 have actions type:2 from:3 card:14 cards:14,14,14
 with hand 3,4,4,7,9,11,12,12,14,14,17,18,28 interceptions  card 14
 2018-01-19 12:02:15 ProcedureInterceptCardImpl::OnStart 355: question sent
 2018-01-19 12:02:15 MsgDelegateInterception::OnSend 109: intercepted card : 14
 2018-01-19 12:02:15 MsgDelegateInterception::OnSend 110: player 1 have actions type:2 from:3 card:14 cards:14,14,14

 2018-01-19 12:02:15 CServerGameDesk::OnProcedureChanged 202: procedure change from 9 to 6
 2018-01-19 12:02:16 MsgDelegateInterception::Peng 195: player 1 select 14
 2018-01-19 12:02:16 CServerGameDesk::OnBeforeProcedureStart 177: before procedure start, from 6 to 7
 2018-01-19 12:02:16 MsgDelegateInterceptionResult::OnSend 28: player 1 do with type 2
 2018-01-19 12:02:16 ProcedureDetermineInterceptJumpDelegateImpl::JumpAfterAction 91:  active player changed 3 -> 1
 2018-01-19 12:02:16 CServerGameDesk::OnProcedureChanged 202: procedure change from 6 to 7
 2018-01-19 12:02:16 CServerGameDesk::OnBeforeProcedureStart 177: before procedure start, from 7 to 8
 2018-01-19 12:02:16 ProcedureAfterGetCardImpl::OnStart 132: Player 1 find action with hand 3,4,4,7,9,11,12,12,17,18,28 and interceptionList type:2 from:3 card:14 cards:14,14,14
 latest draw card 255
 2018-01-19 12:02:16 ProcedureAfterGetCardImpl::OnStart 146: done
 2018-01-19 12:02:16 CServerGameDesk::OnProcedureChanged 202: procedure change from 7 to 8
 2018-01-19 12:02:16 CServerGameDesk::OnBeforeProcedureStart 177: before procedure start, from 8 to 9
 2018-01-19 12:02:16 MsgDelegateWaitDiscard::OnSend 134: waiting on player 1 to discard, with candidates :28 !
 2018-01-19 12:02:16 CServerGameDesk::OnProcedureChanged 202: procedure change from 8 to 9
 2018-01-19 12:02:19 MsgDelegateWaitDiscard::OnResponse 206: player 1 tried to discard(valid:1, expected player:1)
 2018-01-19 12:02:19 MsgDelegateWaitDiscard::OnResponse 218: the card is 28
 2018-01-19 12:02:19 MsgDelegateWaitDiscard::OnDiscardCard 40: player 1 discard card 28(idx 10)
 2018-01-19 12:02:19 MsgDelegateDiscardResult::OnSend 49: player 1 discard 28 0
 2018-01-19 12:02:19 CServerGameDesk::OnBeforeProcedureStart 177: before procedure start, from 9 to 6
 2018-01-19 12:02:19 ProcedureInterceptCardImpl::OnStart 316: check interceptable card 28 from Player 1
 2018-01-19 12:02:19 ProcedureInterceptCardJumpDelegateImpl::JumpWhenNoAction 47:  active player changed 1 -> 0
 2018-01-19 12:02:19 CServerGameDesk::OnProcedureChanged 202: procedure change from 9 to 6
 2018-01-19 12:02:19 CServerGameDesk::OnBeforeProcedureStart 177: before procedure start, from 6 to 3
 2018-01-19 12:02:19 MsgDelegateDrawCard::OnSend 61: 0 draw card 8
 2018-01-19 12:02:19 CServerGameDesk::OnProcedureChanged 202: procedure change from 6 to 3
 2018-01-19 12:02:19 CServerGameDesk::OnBeforeProcedureStart 177: before procedure start, from 3 to 4
 2018-01-19 12:02:19 ProcedureAfterGetCardImpl::OnStart 132: Player 0 find action with hand 2,2,5,6,9,26,27,29,29,12,17,18,19,8 and interceptionList  latest draw card 8
 2018-01-19 12:02:19 ProcedureAfterGetCardImpl::OnStart 146: done
 2018-01-19 12:02:19 CServerGameDesk::OnProcedureChanged 202: procedure change from 3 to 4
 2018-01-19 12:02:19 CServerGameDesk::OnBeforeProcedureStart 177: before procedure start, from 4 to 9
 2018-01-19 12:02:19 MsgDelegateWaitDiscard::OnSend 134: waiting on player 0 to discard, with candidates :12,17,18,19 !
 2018-01-19 12:02:19 CServerGameDesk::OnProcedureChanged 202: procedure change from 4 to 9
 2018-01-19 12:02:22 MsgDelegateWaitDiscard::OnResponse 206: player 0 tried to discard(valid:1, expected player:0)
 2018-01-19 12:02:22 MsgDelegateWaitDiscard::OnResponse 218: the card is 12
 2018-01-19 12:02:22 MsgDelegateWaitDiscard::OnDiscardCard 40: player 0 discard card 12(idx 9)
 2018-01-19 12:02:22 MsgDelegateDiscardResult::OnSend 49: player 0 discard 12 0
 2018-01-19 12:02:22 CServerGameDesk::OnBeforeProcedureStart 177: before procedure start, from 9 to 6
 2018-01-19 12:02:22 ProcedureInterceptCardImpl::OnStart 316: check interceptable card 12 from Player 0
 2018-01-19 12:02:22 ProcedureInterceptCardImpl::OnStart 349: Player 1 have actions type:2 from:0 card:12 cards:12,12,12
 with hand 3,4,4,7,9,11,12,12,17,18 interceptions type:2 from:3 card:14 cards:14,14,14
 card 12
 2018-01-19 12:02:22 ProcedureInterceptCardImpl::OnStart 355: question sent
 2018-01-19 12:02:22 MsgDelegateInterception::OnSend 109: intercepted card : 12
 2018-01-19 12:02:22 MsgDelegateInterception::OnSend 110: player 1 have actions type:2 from:0 card:12 cards:12,12,12

 2018-01-19 12:02:22 CServerGameDesk::OnProcedureChanged 202: procedure change from 9 to 6
 2018-01-19 12:02:24 MsgDelegateInterception::Peng 195: player 1 select 12
 2018-01-19 12:02:24 CServerGameDesk::OnBeforeProcedureStart 177: before procedure start, from 6 to 7
 2018-01-19 12:02:24 MsgDelegateInterceptionResult::OnSend 28: player 1 do with type 2
 2018-01-19 12:02:24 ProcedureDetermineInterceptJumpDelegateImpl::JumpAfterAction 91:  active player changed 0 -> 1
 2018-01-19 12:02:24 CServerGameDesk::OnProcedureChanged 202: procedure change from 6 to 7
 2018-01-19 12:02:24 CServerGameDesk::OnBeforeProcedureStart 177: before procedure start, from 7 to 8
 2018-01-19 12:02:24 ProcedureAfterGetCardImpl::OnStart 132: Player 1 find action with hand 3,4,4,7,9,11,17,18 and interceptionList type:2 from:3 card:14 cards:14,14,14
type:2 from:0 card:12 cards:12,12,12
 latest draw card 255
 2018-01-19 12:02:24 ProcedureAfterGetCardImpl::OnStart 146: done
 2018-01-19 12:02:24 CServerGameDesk::OnProcedureChanged 202: procedure change from 7 to 8
 2018-01-19 12:02:24 CServerGameDesk::OnBeforeProcedureStart 177: before procedure start, from 8 to 9
 2018-01-19 12:02:24 MsgDelegateWaitDiscard::OnSend 134: waiting on player 1 to discard, with candidates :3,4,4,7,9,11,17,18 !
 2018-01-19 12:02:24 CServerGameDesk::OnProcedureChanged 202: procedure change from 8 to 9
 2018-01-19 12:02:27 MsgDelegateWaitDiscard::OnResponse 206: player 1 tried to discard(valid:1, expected player:1)
 2018-01-19 12:02:27 MsgDelegateWaitDiscard::OnResponse 218: the card is 11
 2018-01-19 12:02:27 MsgDelegateWaitDiscard::OnDiscardCard 40: player 1 discard card 11(idx 5)
 2018-01-19 12:02:27 MsgDelegateDiscardResult::OnSend 49: player 1 discard 11 0
 2018-01-19 12:02:27 CServerGameDesk::OnBeforeProcedureStart 177: before procedure start, from 9 to 6
 2018-01-19 12:02:27 ProcedureInterceptCardImpl::OnStart 316: check interceptable card 11 from Player 1
 2018-01-19 12:02:27 ProcedureInterceptCardJumpDelegateImpl::JumpWhenNoAction 47:  active player changed 1 -> 0
 2018-01-19 12:02:27 CServerGameDesk::OnProcedureChanged 202: procedure change from 9 to 6
 2018-01-19 12:02:27 CServerGameDesk::OnBeforeProcedureStart 177: before procedure start, from 6 to 3
 2018-01-19 12:02:27 MsgDelegateDrawCard::OnSend 61: 0 draw card 14
 2018-01-19 12:02:27 CServerGameDesk::OnProcedureChanged 202: procedure change from 6 to 3
 2018-01-19 12:02:27 CServerGameDesk::OnBeforeProcedureStart 177: before procedure start, from 3 to 4
 2018-01-19 12:02:27 ProcedureAfterGetCardImpl::OnStart 132: Player 0 find action with hand 2,2,5,6,8,9,26,27,29,29,17,18,19,14 and interceptionList  latest draw card 14
 2018-01-19 12:02:27 ProcedureAfterGetCardImpl::OnStart 146: done
 2018-01-19 12:02:27 CServerGameDesk::OnProcedureChanged 202: procedure change from 3 to 4
 2018-01-19 12:02:27 CServerGameDesk::OnBeforeProcedureStart 177: before procedure start, from 4 to 9
 2018-01-19 12:02:27 MsgDelegateWaitDiscard::OnSend 134: waiting on player 0 to discard, with candidates :17,18,19,14 !
 2018-01-19 12:02:27 CServerGameDesk::OnProcedureChanged 202: procedure change from 4 to 9
 2018-01-19 12:02:30 MsgDelegateWaitDiscard::OnResponse 206: player 0 tried to discard(valid:1, expected player:0)
 2018-01-19 12:02:30 MsgDelegateWaitDiscard::OnResponse 218: the card is 17
 2018-01-19 12:02:30 MsgDelegateWaitDiscard::OnDiscardCard 40: player 0 discard card 17(idx 10)
 2018-01-19 12:02:30 MsgDelegateDiscardResult::OnSend 49: player 0 discard 17 0
 2018-01-19 12:02:30 CServerGameDesk::OnBeforeProcedureStart 177: before procedure start, from 9 to 6
 2018-01-19 12:02:30 ProcedureInterceptCardImpl::OnStart 316: check interceptable card 17 from Player 0
 2018-01-19 12:02:30 ProcedureInterceptCardJumpDelegateImpl::JumpWhenNoAction 47:  active player changed 0 -> 3
 2018-01-19 12:02:30 CServerGameDesk::OnProcedureChanged 202: procedure change from 9 to 6
 2018-01-19 12:02:30 CServerGameDesk::OnBeforeProcedureStart 177: before procedure start, from 6 to 3
 2018-01-19 12:02:30 MsgDelegateDrawCard::OnSend 61: 3 draw card 13
 2018-01-19 12:02:30 CServerGameDesk::OnProcedureChanged 202: procedure change from 6 to 3
 2018-01-19 12:02:30 CServerGameDesk::OnBeforeProcedureStart 177: before procedure start, from 3 to 4
 2018-01-19 12:02:30 ProcedureAfterGetCardImpl::OnStart 132: Player 3 find action with hand 3,7,7,8,9,21,21,23,24,25,11,11,16,13 and interceptionList  latest draw card 13
 2018-01-19 12:02:30 ProcedureAfterGetCardImpl::OnStart 146: done
 2018-01-19 12:02:30 CServerGameDesk::OnProcedureChanged 202: procedure change from 3 to 4
 2018-01-19 12:02:30 CServerGameDesk::OnBeforeProcedureStart 177: before procedure start, from 4 to 9
 2018-01-19 12:02:30 MsgDelegateWaitDiscard::OnSend 134: waiting on player 3 to discard, with candidates :11,11,16,13 !
 2018-01-19 12:02:30 CServerGameDesk::OnProcedureChanged 202: procedure change from 4 to 9
 2018-01-19 12:02:32 MsgDelegateWaitDiscard::OnDiscardCard 40: player 3 discard card 13(idx 13)
 2018-01-19 12:02:32 MsgDelegateDiscardResult::OnSend 49: player 3 discard 13 0
 2018-01-19 12:02:32 CServerGameDesk::OnBeforeProcedureStart 177: before procedure start, from 9 to 6
 2018-01-19 12:02:32 ProcedureInterceptCardImpl::OnStart 316: check interceptable card 13 from Player 3
 2018-01-19 12:02:32 ProcedureInterceptCardJumpDelegateImpl::JumpWhenNoAction 47:  active player changed 3 -> 2
 2018-01-19 12:02:32 CServerGameDesk::OnProcedureChanged 202: procedure change from 9 to 6
 2018-01-19 12:02:32 CServerGameDesk::OnBeforeProcedureStart 177: before procedure start, from 6 to 3
 2018-01-19 12:02:32 MsgDelegateDrawCard::OnSend 61: 2 draw card 27
 2018-01-19 12:02:32 CServerGameDesk::OnProcedureChanged 202: procedure change from 6 to 3
 2018-01-19 12:02:32 CServerGameDesk::OnBeforeProcedureStart 177: before procedure start, from 3 to 4
 2018-01-19 12:02:32 ProcedureAfterGetCardImpl::OnStart 132: Player 2 find action with hand 11,12,15,22,22,22,24,26,5,8,27 and interceptionList type:2 from:1 card:23 cards:23,23,23
 latest draw card 27
 2018-01-19 12:02:32 ProcedureAfterGetCardImpl::OnStart 146: done
 2018-01-19 12:02:32 CServerGameDesk::OnProcedureChanged 202: procedure change from 3 to 4
 2018-01-19 12:02:32 CServerGameDesk::OnBeforeProcedureStart 177: before procedure start, from 4 to 9
 2018-01-19 12:02:32 MsgDelegateWaitDiscard::OnSend 134: waiting on player 2 to discard, with candidates :5,8 !
 2018-01-19 12:02:32 CServerGameDesk::OnProcedureChanged 202: procedure change from 4 to 9
 2018-01-19 12:02:33 MsgDelegateWaitDiscard::OnResponse 206: player 2 tried to discard(valid:1, expected player:2)
 2018-01-19 12:02:33 MsgDelegateWaitDiscard::OnResponse 218: the card is 5
 2018-01-19 12:02:33 MsgDelegateWaitDiscard::OnDiscardCard 40: player 2 discard card 5(idx 8)
 2018-01-19 12:02:33 MsgDelegateDiscardResult::OnSend 49: player 2 discard 5 0
 2018-01-19 12:02:33 CServerGameDesk::OnBeforeProcedureStart 177: before procedure start, from 9 to 6
 2018-01-19 12:02:33 ProcedureInterceptCardImpl::OnStart 316: check interceptable card 5 from Player 2
 2018-01-19 12:02:33 ProcedureInterceptCardJumpDelegateImpl::JumpWhenNoAction 47:  active player changed 2 -> 1
 2018-01-19 12:02:33 CServerGameDesk::OnProcedureChanged 202: procedure change from 9 to 6
 2018-01-19 12:02:33 CServerGameDesk::OnBeforeProcedureStart 177: before procedure start, from 6 to 3
 2018-01-19 12:02:33 MsgDelegateDrawCard::OnSend 61: 1 draw card 1
 2018-01-19 12:02:33 CServerGameDesk::OnProcedureChanged 202: procedure change from 6 to 3
 2018-01-19 12:02:33 CServerGameDesk::OnBeforeProcedureStart 177: before procedure start, from 3 to 4
 2018-01-19 12:02:33 ProcedureAfterGetCardImpl::OnStart 132: Player 1 find action with hand 3,4,4,7,9,17,18,1 and interceptionList type:2 from:3 card:14 cards:14,14,14
type:2 from:0 card:12 cards:12,12,12
 latest draw card 1
 2018-01-19 12:02:33 ProcedureAfterGetCardImpl::OnStart 146: done
 2018-01-19 12:02:33 CServerGameDesk::OnProcedureChanged 202: procedure change from 3 to 4
 2018-01-19 12:02:33 CServerGameDesk::OnBeforeProcedureStart 177: before procedure start, from 4 to 9
 2018-01-19 12:02:33 MsgDelegateWaitDiscard::OnSend 134: waiting on player 1 to discard, with candidates :3,4,4,7,9,17,18,1 !
 2018-01-19 12:02:33 CServerGameDesk::OnProcedureChanged 202: procedure change from 4 to 9
 2018-01-19 12:02:35 MsgDelegateWaitDiscard::OnResponse 206: player 1 tried to discard(valid:1, expected player:1)
 2018-01-19 12:02:35 MsgDelegateWaitDiscard::OnResponse 218: the card is 1
 2018-01-19 12:02:35 MsgDelegateWaitDiscard::OnDiscardCard 40: player 1 discard card 1(idx 7)
 2018-01-19 12:02:35 MsgDelegateDiscardResult::OnSend 49: player 1 discard 1 0
 2018-01-19 12:02:35 CServerGameDesk::OnBeforeProcedureStart 177: before procedure start, from 9 to 6
 2018-01-19 12:02:35 ProcedureInterceptCardImpl::OnStart 316: check interceptable card 1 from Player 1
 2018-01-19 12:02:35 ProcedureInterceptCardJumpDelegateImpl::JumpWhenNoAction 47:  active player changed 1 -> 0
 2018-01-19 12:02:35 CServerGameDesk::OnProcedureChanged 202: procedure change from 9 to 6
 2018-01-19 12:02:35 CServerGameDesk::OnBeforeProcedureStart 177: before procedure start, from 6 to 3
 2018-01-19 12:02:35 MsgDelegateDrawCard::OnSend 61: 0 draw card 18
 2018-01-19 12:02:35 CServerGameDesk::OnProcedureChanged 202: procedure change from 6 to 3
 2018-01-19 12:02:35 CServerGameDesk::OnBeforeProcedureStart 177: before procedure start, from 3 to 4
 2018-01-19 12:02:35 ProcedureAfterGetCardImpl::OnStart 132: Player 0 find action with hand 2,2,5,6,8,9,26,27,29,29,14,18,19,18 and interceptionList  latest draw card 18
 2018-01-19 12:02:35 ProcedureAfterGetCardImpl::OnStart 146: done
 2018-01-19 12:02:35 CServerGameDesk::OnProcedureChanged 202: procedure change from 3 to 4
 2018-01-19 12:02:35 CServerGameDesk::OnBeforeProcedureStart 177: before procedure start, from 4 to 9
 2018-01-19 12:02:35 MsgDelegateWaitDiscard::OnSend 134: waiting on player 0 to discard, with candidates :14,18,19,18 !
 2018-01-19 12:02:35 CServerGameDesk::OnProcedureChanged 202: procedure change from 4 to 9
 2018-01-19 12:02:37 MsgDelegateWaitDiscard::OnResponse 206: player 0 tried to discard(valid:1, expected player:0)
 2018-01-19 12:02:37 MsgDelegateWaitDiscard::OnResponse 218: the card is 14
 2018-01-19 12:02:37 MsgDelegateWaitDiscard::OnDiscardCard 40: player 0 discard card 14(idx 10)
 2018-01-19 12:02:37 MsgDelegateDiscardResult::OnSend 49: player 0 discard 14 0
 2018-01-19 12:02:37 CServerGameDesk::OnBeforeProcedureStart 177: before procedure start, from 9 to 6
 2018-01-19 12:02:37 ProcedureInterceptCardImpl::OnStart 316: check interceptable card 14 from Player 0
 2018-01-19 12:02:37 ProcedureInterceptCardJumpDelegateImpl::JumpWhenNoAction 47:  active player changed 0 -> 3
 2018-01-19 12:02:37 CServerGameDesk::OnProcedureChanged 202: procedure change from 9 to 6
 2018-01-19 12:02:37 CServerGameDesk::OnBeforeProcedureStart 177: before procedure start, from 6 to 3
 2018-01-19 12:02:37 MsgDelegateDrawCard::OnSend 61: 3 draw card 19
 2018-01-19 12:02:37 CServerGameDesk::OnProcedureChanged 202: procedure change from 6 to 3
 2018-01-19 12:02:37 CServerGameDesk::OnBeforeProcedureStart 177: before procedure start, from 3 to 4
 2018-01-19 12:02:37 ProcedureAfterGetCardImpl::OnStart 132: Player 3 find action with hand 3,7,7,8,9,21,21,23,24,25,11,11,16,19 and interceptionList  latest draw card 19
 2018-01-19 12:02:37 ProcedureAfterGetCardImpl::OnStart 146: done
 2018-01-19 12:02:37 CServerGameDesk::OnProcedureChanged 202: procedure change from 3 to 4
 2018-01-19 12:02:37 CServerGameDesk::OnBeforeProcedureStart 177: before procedure start, from 4 to 9
 2018-01-19 12:02:37 MsgDelegateWaitDiscard::OnSend 134: waiting on player 3 to discard, with candidates :11,11,16,19 !
 2018-01-19 12:02:37 CServerGameDesk::OnProcedureChanged 202: procedure change from 4 to 9
 2018-01-19 12:02:38 MsgDelegateWaitDiscard::OnDiscardCard 40: player 3 discard card 19(idx 13)
 2018-01-19 12:02:38 MsgDelegateDiscardResult::OnSend 49: player 3 discard 19 0
 2018-01-19 12:02:39 CServerGameDesk::OnBeforeProcedureStart 177: before procedure start, from 9 to 6
 2018-01-19 12:02:39 ProcedureInterceptCardImpl::OnStart 316: check interceptable card 19 from Player 3
 2018-01-19 12:02:39 ProcedureInterceptCardJumpDelegateImpl::JumpWhenNoAction 47:  active player changed 3 -> 2
 2018-01-19 12:02:39 CServerGameDesk::OnProcedureChanged 202: procedure change from 9 to 6
 2018-01-19 12:02:39 CServerGameDesk::OnBeforeProcedureStart 177: before procedure start, from 6 to 3
 2018-01-19 12:02:39 MsgDelegateDrawCard::OnSend 61: 2 draw card 15
 2018-01-19 12:02:39 CServerGameDesk::OnProcedureChanged 202: procedure change from 6 to 3
 2018-01-19 12:02:39 CServerGameDesk::OnBeforeProcedureStart 177: before procedure start, from 3 to 4
 2018-01-19 12:02:39 ProcedureAfterGetCardImpl::OnStart 132: Player 2 find action with hand 11,12,15,22,22,22,24,26,27,8,15 and interceptionList type:2 from:1 card:23 cards:23,23,23
 latest draw card 15
 2018-01-19 12:02:39 ProcedureAfterGetCardImpl::OnStart 146: done
 2018-01-19 12:02:39 CServerGameDesk::OnProcedureChanged 202: procedure change from 3 to 4
 2018-01-19 12:02:39 CServerGameDesk::OnBeforeProcedureStart 177: before procedure start, from 4 to 9
 2018-01-19 12:02:39 MsgDelegateWaitDiscard::OnSend 134: waiting on player 2 to discard, with candidates :8 !
 2018-01-19 12:02:39 CServerGameDesk::OnProcedureChanged 202: procedure change from 4 to 9
 2018-01-19 12:02:42 MsgDelegateWaitDiscard::OnResponse 206: player 2 tried to discard(valid:1, expected player:2)
 2018-01-19 12:02:42 MsgDelegateWaitDiscard::OnResponse 218: the card is 8
 2018-01-19 12:02:42 MsgDelegateWaitDiscard::OnDiscardCard 40: player 2 discard card 8(idx 9)
 2018-01-19 12:02:42 MsgDelegateDiscardResult::OnSend 49: player 2 discard 8 0
 2018-01-19 12:02:42 CServerGameDesk::OnBeforeProcedureStart 177: before procedure start, from 9 to 6
 2018-01-19 12:02:42 ProcedureInterceptCardImpl::OnStart 316: check interceptable card 8 from Player 2
 2018-01-19 12:02:42 ProcedureInterceptCardJumpDelegateImpl::JumpWhenNoAction 47:  active player changed 2 -> 1
 2018-01-19 12:02:42 CServerGameDesk::OnProcedureChanged 202: procedure change from 9 to 6
 2018-01-19 12:02:42 CServerGameDesk::OnBeforeProcedureStart 177: before procedure start, from 6 to 3
 2018-01-19 12:02:42 MsgDelegateDrawCard::OnSend 61: 1 draw card 13
 2018-01-19 12:02:42 CServerGameDesk::OnProcedureChanged 202: procedure change from 6 to 3
 2018-01-19 12:02:42 CServerGameDesk::OnBeforeProcedureStart 177: before procedure start, from 3 to 4
 2018-01-19 12:02:42 ProcedureAfterGetCardImpl::OnStart 132: Player 1 find action with hand 3,4,4,7,9,17,18,13 and interceptionList type:2 from:3 card:14 cards:14,14,14
type:2 from:0 card:12 cards:12,12,12
 latest draw card 13
 2018-01-19 12:02:42 ProcedureAfterGetCardImpl::OnStart 146: done
 2018-01-19 12:02:42 CServerGameDesk::OnProcedureChanged 202: procedure change from 3 to 4
 2018-01-19 12:02:42 CServerGameDesk::OnBeforeProcedureStart 177: before procedure start, from 4 to 9
 2018-01-19 12:02:42 MsgDelegateWaitDiscard::OnSend 134: waiting on player 1 to discard, with candidates :3,4,4,7,9,17,18,13 !
 2018-01-19 12:02:42 CServerGameDesk::OnProcedureChanged 202: procedure change from 4 to 9
 2018-01-19 12:02:45 MsgDelegateWaitDiscard::OnResponse 206: player 1 tried to discard(valid:1, expected player:1)
 2018-01-19 12:02:45 MsgDelegateWaitDiscard::OnResponse 218: the card is 13
 2018-01-19 12:02:45 MsgDelegateWaitDiscard::OnDiscardCard 40: player 1 discard card 13(idx 7)
 2018-01-19 12:02:45 MsgDelegateDiscardResult::OnSend 49: player 1 discard 13 0
 2018-01-19 12:02:45 CServerGameDesk::OnBeforeProcedureStart 177: before procedure start, from 9 to 6
 2018-01-19 12:02:45 ProcedureInterceptCardImpl::OnStart 316: check interceptable card 13 from Player 1
 2018-01-19 12:02:45 ProcedureInterceptCardJumpDelegateImpl::JumpWhenNoAction 47:  active player changed 1 -> 0
 2018-01-19 12:02:45 CServerGameDesk::OnProcedureChanged 202: procedure change from 9 to 6
 2018-01-19 12:02:45 CServerGameDesk::OnBeforeProcedureStart 177: before procedure start, from 6 to 3
 2018-01-19 12:02:45 MsgDelegateDrawCard::OnSend 61: 0 draw card 17
 2018-01-19 12:02:45 CServerGameDesk::OnProcedureChanged 202: procedure change from 6 to 3
 2018-01-19 12:02:45 CServerGameDesk::OnBeforeProcedureStart 177: before procedure start, from 3 to 4
 2018-01-19 12:02:45 ProcedureAfterGetCardImpl::OnStart 132: Player 0 find action with hand 2,2,5,6,8,9,26,27,29,29,18,18,19,17 and interceptionList  latest draw card 17
 2018-01-19 12:02:45 ProcedureAfterGetCardImpl::OnStart 146: done
 2018-01-19 12:02:45 CServerGameDesk::OnProcedureChanged 202: procedure change from 3 to 4
 2018-01-19 12:02:45 CServerGameDesk::OnBeforeProcedureStart 177: before procedure start, from 4 to 9
 2018-01-19 12:02:45 MsgDelegateWaitDiscard::OnSend 134: waiting on player 0 to discard, with candidates :18,18,19,17 !
 2018-01-19 12:02:45 CServerGameDesk::OnProcedureChanged 202: procedure change from 4 to 9
 2018-01-19 12:02:46 MsgDelegateWaitDiscard::OnResponse 206: player 0 tried to discard(valid:1, expected player:0)
 2018-01-19 12:02:46 MsgDelegateWaitDiscard::OnResponse 218: the card is 18
 2018-01-19 12:02:46 MsgDelegateWaitDiscard::OnDiscardCard 40: player 0 discard card 18(idx 10)
 2018-01-19 12:02:46 MsgDelegateDiscardResult::OnSend 49: player 0 discard 18 0
 2018-01-19 12:02:46 CServerGameDesk::OnBeforeProcedureStart 177: before procedure start, from 9 to 6
 2018-01-19 12:02:46 ProcedureInterceptCardImpl::OnStart 316: check interceptable card 18 from Player 0
 2018-01-19 12:02:46 ProcedureInterceptCardJumpDelegateImpl::JumpWhenNoAction 47:  active player changed 0 -> 3
 2018-01-19 12:02:46 CServerGameDesk::OnProcedureChanged 202: procedure change from 9 to 6
 2018-01-19 12:02:46 CServerGameDesk::OnBeforeProcedureStart 177: before procedure start, from 6 to 3
 2018-01-19 12:02:46 MsgDelegateDrawCard::OnSend 61: 3 draw card 6
 2018-01-19 12:02:46 CServerGameDesk::OnProcedureChanged 202: procedure change from 6 to 3
 2018-01-19 12:02:46 CServerGameDesk::OnBeforeProcedureStart 177: before procedure start, from 3 to 4
 2018-01-19 12:02:46 ProcedureAfterGetCardImpl::OnStart 132: Player 3 find action with hand 3,7,7,8,9,21,21,23,24,25,11,11,16,6 and interceptionList  latest draw card 6
 2018-01-19 12:02:46 ProcedureAfterGetCardImpl::OnStart 146: done
 2018-01-19 12:02:46 CServerGameDesk::OnProcedureChanged 202: procedure change from 3 to 4
 2018-01-19 12:02:46 CServerGameDesk::OnBeforeProcedureStart 177: before procedure start, from 4 to 9
 2018-01-19 12:02:46 MsgDelegateWaitDiscard::OnSend 134: waiting on player 3 to discard, with candidates :11,11,16 !
 2018-01-19 12:02:46 CServerGameDesk::OnProcedureChanged 202: procedure change from 4 to 9
 2018-01-19 12:02:47 MsgDelegateWaitDiscard::OnDiscardCard 40: player 3 discard card 16(idx 12)
 2018-01-19 12:02:47 MsgDelegateDiscardResult::OnSend 49: player 3 discard 16 0
 2018-01-19 12:02:47 CServerGameDesk::OnBeforeProcedureStart 177: before procedure start, from 9 to 6
 2018-01-19 12:02:47 ProcedureInterceptCardImpl::OnStart 316: check interceptable card 16 from Player 3
 2018-01-19 12:02:47 ProcedureInterceptCardJumpDelegateImpl::JumpWhenNoAction 47:  active player changed 3 -> 2
 2018-01-19 12:02:47 CServerGameDesk::OnProcedureChanged 202: procedure change from 9 to 6
 2018-01-19 12:02:47 CServerGameDesk::OnBeforeProcedureStart 177: before procedure start, from 6 to 3
 2018-01-19 12:02:47 MsgDelegateDrawCard::OnSend 61: 2 draw card 19
 2018-01-19 12:02:47 CServerGameDesk::OnProcedureChanged 202: procedure change from 6 to 3
 2018-01-19 12:02:47 CServerGameDesk::OnBeforeProcedureStart 177: before procedure start, from 3 to 4
 2018-01-19 12:02:47 ProcedureAfterGetCardImpl::OnStart 132: Player 2 find action with hand 11,12,15,15,22,22,22,24,26,27,19 and interceptionList type:2 from:1 card:23 cards:23,23,23
 latest draw card 19
 2018-01-19 12:02:47 ProcedureAfterGetCardImpl::OnStart 146: done
 2018-01-19 12:02:47 CServerGameDesk::OnProcedureChanged 202: procedure change from 3 to 4
 2018-01-19 12:02:48 CServerGameDesk::OnBeforeProcedureStart 177: before procedure start, from 4 to 9
 2018-01-19 12:02:48 MsgDelegateWaitDiscard::OnSend 134: waiting on player 2 to discard, with candidates :11,12,15,15,22,22,22,24,26,27,19 !
 2018-01-19 12:02:48 CServerGameDesk::OnProcedureChanged 202: procedure change from 4 to 9
 2018-01-19 12:02:49 MsgDelegateWaitDiscard::OnResponse 206: player 2 tried to discard(valid:1, expected player:2)
 2018-01-19 12:02:49 MsgDelegateWaitDiscard::OnResponse 218: the card is 19
 2018-01-19 12:02:49 MsgDelegateWaitDiscard::OnDiscardCard 40: player 2 discard card 19(idx 10)
 2018-01-19 12:02:49 MsgDelegateDiscardResult::OnSend 49: player 2 discard 19 0
 2018-01-19 12:02:49 CServerGameDesk::OnBeforeProcedureStart 177: before procedure start, from 9 to 6
 2018-01-19 12:02:49 ProcedureInterceptCardImpl::OnStart 316: check interceptable card 19 from Player 2
 2018-01-19 12:02:49 ProcedureInterceptCardJumpDelegateImpl::JumpWhenNoAction 47:  active player changed 2 -> 1
 2018-01-19 12:02:49 CServerGameDesk::OnProcedureChanged 202: procedure change from 9 to 6
 2018-01-19 12:02:50 CServerGameDesk::OnBeforeProcedureStart 177: before procedure start, from 6 to 3
 2018-01-19 12:02:50 MsgDelegateDrawCard::OnSend 61: 1 draw card 26
 2018-01-19 12:02:50 CServerGameDesk::OnProcedureChanged 202: procedure change from 6 to 3
 2018-01-19 12:02:50 CServerGameDesk::OnBeforeProcedureStart 177: before procedure start, from 3 to 4
 2018-01-19 12:02:50 ProcedureAfterGetCardImpl::OnStart 132: Player 1 find action with hand 3,4,4,7,9,17,18,26 and interceptionList type:2 from:3 card:14 cards:14,14,14
type:2 from:0 card:12 cards:12,12,12
 latest draw card 26
 2018-01-19 12:02:50 ProcedureAfterGetCardImpl::OnStart 146: done
 2018-01-19 12:02:50 CServerGameDesk::OnProcedureChanged 202: procedure change from 3 to 4
 2018-01-19 12:02:50 CServerGameDesk::OnBeforeProcedureStart 177: before procedure start, from 4 to 9
 2018-01-19 12:02:50 MsgDelegateWaitDiscard::OnSend 134: waiting on player 1 to discard, with candidates :26 !
 2018-01-19 12:02:50 CServerGameDesk::OnProcedureChanged 202: procedure change from 4 to 9
 2018-01-19 12:02:52 MsgDelegateWaitDiscard::OnResponse 206: player 1 tried to discard(valid:1, expected player:1)
 2018-01-19 12:02:52 MsgDelegateWaitDiscard::OnResponse 218: the card is 26
 2018-01-19 12:02:52 MsgDelegateWaitDiscard::OnDiscardCard 40: player 1 discard card 26(idx 7)
 2018-01-19 12:02:52 MsgDelegateDiscardResult::OnSend 49: player 1 discard 26 0
 2018-01-19 12:02:52 CServerGameDesk::OnBeforeProcedureStart 177: before procedure start, from 9 to 6
 2018-01-19 12:02:52 ProcedureInterceptCardImpl::OnStart 316: check interceptable card 26 from Player 1
 2018-01-19 12:02:52 ProcedureInterceptCardJumpDelegateImpl::JumpWhenNoAction 47:  active player changed 1 -> 0
 2018-01-19 12:02:52 CServerGameDesk::OnProcedureChanged 202: procedure change from 9 to 6
 2018-01-19 12:02:52 CServerGameDesk::OnBeforeProcedureStart 177: before procedure start, from 6 to 3
 2018-01-19 12:02:52 MsgDelegateDrawCard::OnSend 61: 0 draw card 13
 2018-01-19 12:02:52 CServerGameDesk::OnProcedureChanged 202: procedure change from 6 to 3
 2018-01-19 12:02:52 CServerGameDesk::OnBeforeProcedureStart 177: before procedure start, from 3 to 4
 2018-01-19 12:02:52 ProcedureAfterGetCardImpl::OnStart 132: Player 0 find action with hand 2,2,5,6,8,9,26,27,29,29,17,18,19,13 and interceptionList  latest draw card 13
 2018-01-19 12:02:52 ProcedureAfterGetCardImpl::OnStart 146: done
 2018-01-19 12:02:52 CServerGameDesk::OnProcedureChanged 202: procedure change from 3 to 4
 2018-01-19 12:02:52 CServerGameDesk::OnBeforeProcedureStart 177: before procedure start, from 4 to 9
 2018-01-19 12:02:52 MsgDelegateWaitDiscard::OnSend 134: waiting on player 0 to discard, with candidates :17,18,19,13 !
 2018-01-19 12:02:52 CServerGameDesk::OnProcedureChanged 202: procedure change from 4 to 9
 2018-01-19 12:02:55 MsgDelegateWaitDiscard::OnResponse 206: player 0 tried to discard(valid:1, expected player:0)
 2018-01-19 12:02:55 MsgDelegateWaitDiscard::OnResponse 218: the card is 17
 2018-01-19 12:02:55 MsgDelegateWaitDiscard::OnDiscardCard 40: player 0 discard card 17(idx 10)
 2018-01-19 12:02:55 MsgDelegateDiscardResult::OnSend 49: player 0 discard 17 0
 2018-01-19 12:02:55 CServerGameDesk::OnBeforeProcedureStart 177: before procedure start, from 9 to 6
 2018-01-19 12:02:55 ProcedureInterceptCardImpl::OnStart 316: check interceptable card 17 from Player 0
 2018-01-19 12:02:55 ProcedureInterceptCardJumpDelegateImpl::JumpWhenNoAction 47:  active player changed 0 -> 3
 2018-01-19 12:02:55 CServerGameDesk::OnProcedureChanged 202: procedure change from 9 to 6
 2018-01-19 12:02:55 CServerGameDesk::OnBeforeProcedureStart 177: before procedure start, from 6 to 3
 2018-01-19 12:02:55 MsgDelegateDrawCard::OnSend 61: 3 draw card 21
 2018-01-19 12:02:55 CServerGameDesk::OnProcedureChanged 202: procedure change from 6 to 3
 2018-01-19 12:02:55 CServerGameDesk::OnBeforeProcedureStart 177: before procedure start, from 3 to 4
 2018-01-19 12:02:55 ProcedureAfterGetCardImpl::OnStart 132: Player 3 find action with hand 3,6,7,7,8,9,21,21,23,24,25,11,11,21 and interceptionList  latest draw card 21
 2018-01-19 12:02:55 ProcedureAfterGetCardImpl::OnStart 146: done
 2018-01-19 12:02:55 CServerGameDesk::OnProcedureChanged 202: procedure change from 3 to 4
 2018-01-19 12:02:55 CServerGameDesk::OnBeforeProcedureStart 177: before procedure start, from 4 to 9
 2018-01-19 12:02:55 MsgDelegateWaitDiscard::OnSend 134: waiting on player 3 to discard, with candidates :11,11 !
 2018-01-19 12:02:55 CServerGameDesk::OnProcedureChanged 202: procedure change from 4 to 9
 2018-01-19 12:02:56 MsgDelegateWaitDiscard::OnDiscardCard 40: player 3 discard card 11(idx 11)
 2018-01-19 12:02:56 MsgDelegateDiscardResult::OnSend 49: player 3 discard 11 0
 2018-01-19 12:02:56 CServerGameDesk::OnBeforeProcedureStart 177: before procedure start, from 9 to 6
 2018-01-19 12:02:56 ProcedureInterceptCardImpl::OnStart 316: check interceptable card 11 from Player 3
 2018-01-19 12:02:56 ProcedureInterceptCardJumpDelegateImpl::JumpWhenNoAction 47:  active player changed 3 -> 2
 2018-01-19 12:02:56 CServerGameDesk::OnProcedureChanged 202: procedure change from 9 to 6
 2018-01-19 12:02:56 CServerGameDesk::OnBeforeProcedureStart 177: before procedure start, from 6 to 3
 2018-01-19 12:02:56 MsgDelegateDrawCard::OnSend 61: 2 draw card 25
 2018-01-19 12:02:56 CServerGameDesk::OnProcedureChanged 202: procedure change from 6 to 3
 2018-01-19 12:02:56 CServerGameDesk::OnBeforeProcedureStart 177: before procedure start, from 3 to 4
 2018-01-19 12:02:56 ProcedureAfterGetCardImpl::OnStart 132: Player 2 find action with hand 11,12,15,15,22,22,22,24,26,27,25 and interceptionList type:2 from:1 card:23 cards:23,23,23
 latest draw card 25
 2018-01-19 12:02:56 ProcedureAfterGetCardImpl::OnStart 146: done
 2018-01-19 12:02:56 CServerGameDesk::OnProcedureChanged 202: procedure change from 3 to 4
 2018-01-19 12:02:56 CServerGameDesk::OnBeforeProcedureStart 177: before procedure start, from 4 to 9
 2018-01-19 12:02:56 MsgDelegateWaitDiscard::OnSend 134: waiting on player 2 to discard, with candidates :11,12,15,15,22,22,22,24,26,27,25 !
 2018-01-19 12:02:56 CServerGameDesk::OnProcedureChanged 202: procedure change from 4 to 9
 2018-01-19 12:02:59 MsgDelegateWaitDiscard::OnResponse 206: player 2 tried to discard(valid:1, expected player:2)
 2018-01-19 12:02:59 MsgDelegateWaitDiscard::OnResponse 218: the card is 24
 2018-01-19 12:02:59 MsgDelegateWaitDiscard::OnDiscardCard 40: player 2 discard card 24(idx 7)
 2018-01-19 12:02:59 MsgDelegateDiscardResult::OnSend 49: player 2 discard 24 0
 2018-01-19 12:02:59 CServerGameDesk::OnBeforeProcedureStart 177: before procedure start, from 9 to 6
 2018-01-19 12:02:59 ProcedureInterceptCardImpl::OnStart 316: check interceptable card 24 from Player 2
 2018-01-19 12:02:59 ProcedureInterceptCardJumpDelegateImpl::JumpWhenNoAction 47:  active player changed 2 -> 1
 2018-01-19 12:02:59 CServerGameDesk::OnProcedureChanged 202: procedure change from 9 to 6
 2018-01-19 12:02:59 CServerGameDesk::OnBeforeProcedureStart 177: before procedure start, from 6 to 3
 2018-01-19 12:02:59 MsgDelegateDrawCard::OnSend 61: 1 draw card 27
 2018-01-19 12:02:59 CServerGameDesk::OnProcedureChanged 202: procedure change from 6 to 3
 2018-01-19 12:02:59 CServerGameDesk::OnBeforeProcedureStart 177: before procedure start, from 3 to 4
 2018-01-19 12:02:59 ProcedureAfterGetCardImpl::OnStart 132: Player 1 find action with hand 3,4,4,7,9,17,18,27 and interceptionList type:2 from:3 card:14 cards:14,14,14
type:2 from:0 card:12 cards:12,12,12
 latest draw card 27
 2018-01-19 12:02:59 ProcedureAfterGetCardImpl::OnStart 146: done
 2018-01-19 12:02:59 CServerGameDesk::OnProcedureChanged 202: procedure change from 3 to 4
 2018-01-19 12:02:59 CServerGameDesk::OnBeforeProcedureStart 177: before procedure start, from 4 to 9
 2018-01-19 12:02:59 MsgDelegateWaitDiscard::OnSend 134: waiting on player 1 to discard, with candidates :27 !
 2018-01-19 12:02:59 CServerGameDesk::OnProcedureChanged 202: procedure change from 4 to 9
 2018-01-19 12:03:02 MsgDelegateWaitDiscard::OnResponse 206: player 1 tried to discard(valid:1, expected player:1)
 2018-01-19 12:03:02 MsgDelegateWaitDiscard::OnResponse 218: the card is 27
 2018-01-19 12:03:02 MsgDelegateWaitDiscard::OnDiscardCard 40: player 1 discard card 27(idx 7)
 2018-01-19 12:03:02 MsgDelegateDiscardResult::OnSend 49: player 1 discard 27 0
 2018-01-19 12:03:02 CServerGameDesk::OnBeforeProcedureStart 177: before procedure start, from 9 to 6
 2018-01-19 12:03:02 ProcedureInterceptCardImpl::OnStart 316: check interceptable card 27 from Player 1
 2018-01-19 12:03:02 ProcedureInterceptCardJumpDelegateImpl::JumpWhenNoAction 47:  active player changed 1 -> 0
 2018-01-19 12:03:02 CServerGameDesk::OnProcedureChanged 202: procedure change from 9 to 6
 2018-01-19 12:03:02 CServerGameDesk::OnBeforeProcedureStart 177: before procedure start, from 6 to 3
 2018-01-19 12:03:02 MsgDelegateDrawCard::OnSend 61: 0 draw card 1
 2018-01-19 12:03:02 CServerGameDesk::OnProcedureChanged 202: procedure change from 6 to 3
 2018-01-19 12:03:02 CServerGameDesk::OnBeforeProcedureStart 177: before procedure start, from 3 to 4
 2018-01-19 12:03:02 ProcedureAfterGetCardImpl::OnStart 132: Player 0 find action with hand 2,2,5,6,8,9,26,27,29,29,13,18,19,1 and interceptionList  latest draw card 1
 2018-01-19 12:03:02 ProcedureAfterGetCardImpl::OnStart 146: done
 2018-01-19 12:03:02 CServerGameDesk::OnProcedureChanged 202: procedure change from 3 to 4
 2018-01-19 12:03:03 CServerGameDesk::OnBeforeProcedureStart 177: before procedure start, from 4 to 9
 2018-01-19 12:03:03 MsgDelegateWaitDiscard::OnSend 134: waiting on player 0 to discard, with candidates :13,18,19 !
 2018-01-19 12:03:03 CServerGameDesk::OnProcedureChanged 202: procedure change from 4 to 9
 2018-01-19 12:03:05 MsgDelegateWaitDiscard::OnResponse 206: player 0 tried to discard(valid:1, expected player:0)
 2018-01-19 12:03:05 MsgDelegateWaitDiscard::OnResponse 218: the card is 13
 2018-01-19 12:03:05 MsgDelegateWaitDiscard::OnDiscardCard 40: player 0 discard card 13(idx 10)
 2018-01-19 12:03:05 MsgDelegateDiscardResult::OnSend 49: player 0 discard 13 0
 2018-01-19 12:03:05 CServerGameDesk::OnBeforeProcedureStart 177: before procedure start, from 9 to 6
 2018-01-19 12:03:05 ProcedureInterceptCardImpl::OnStart 316: check interceptable card 13 from Player 0
 2018-01-19 12:03:05 ProcedureInterceptCardImpl::OnStart 349: Player 2 have actions type:16 from:0 card:13 cards:11,12,15,15,22,22,22,25,26,27,13
 with hand 11,12,15,15,22,22,22,25,26,27 interceptions type:2 from:1 card:23 cards:23,23,23
 card 13
 2018-01-19 12:03:05 ProcedureInterceptCardImpl::OnStart 355: question sent
 2018-01-19 12:03:05 MsgDelegateInterception::OnSend 109: intercepted card : 13
 2018-01-19 12:03:05 MsgDelegateInterception::OnSend 110: player 2 have actions type:16 from:0 card:13 cards:11,12,15,15,22,22,22,25,26,27,13

 2018-01-19 12:03:05 CServerGameDesk::OnProcedureChanged 202: procedure change from 9 to 6
 2018-01-19 12:03:06 MsgDelegateInterception::Win 247: player 2 select 13
 2018-01-19 12:03:07 CServerGameDesk::OnBeforeProcedureStart 177: before procedure start, from 6 to 7
 2018-01-19 12:03:07 MsgDelegateInterceptionResult::OnSend 28: player 2 do with type 16
 2018-01-19 12:03:07 ProcedureDetermineInterceptJumpDelegateImpl::JumpAfterAction 91:  active player changed 0 -> 3
 2018-01-19 12:03:07 CServerGameDesk::OnProcedureChanged 202: procedure change from 6 to 7
 2018-01-19 12:03:07 CServerGameDesk::OnBeforeProcedureStart 177: before procedure start, from 7 to 3
 2018-01-19 12:03:07 MsgDelegateDrawCard::OnSend 61: 3 draw card 24
 2018-01-19 12:03:07 CServerGameDesk::OnProcedureChanged 202: procedure change from 7 to 3
 2018-01-19 12:03:07 CServerGameDesk::OnBeforeProcedureStart 177: before procedure start, from 3 to 4
 2018-01-19 12:03:07 ProcedureAfterGetCardImpl::OnStart 132: Player 3 find action with hand 3,6,7,7,8,9,21,21,21,23,24,25,11,24 and interceptionList  latest draw card 24
 2018-01-19 12:03:07 ProcedureAfterGetCardImpl::OnStart 146: done
 2018-01-19 12:03:07 CServerGameDesk::OnProcedureChanged 202: procedure change from 3 to 4
 2018-01-19 12:03:07 CServerGameDesk::OnBeforeProcedureStart 177: before procedure start, from 4 to 9
 2018-01-19 12:03:07 MsgDelegateWaitDiscard::OnSend 134: waiting on player 3 to discard, with candidates :11 !
 2018-01-19 12:03:07 CServerGameDesk::OnProcedureChanged 202: procedure change from 4 to 9
 2018-01-19 12:03:08 MsgDelegateWaitDiscard::OnDiscardCard 40: player 3 discard card 11(idx 12)
 2018-01-19 12:03:08 MsgDelegateDiscardResult::OnSend 49: player 3 discard 11 0
 2018-01-19 12:03:08 CServerGameDesk::OnBeforeProcedureStart 177: before procedure start, from 9 to 6
 2018-01-19 12:03:08 ProcedureInterceptCardImpl::OnStart 316: check interceptable card 11 from Player 3
 2018-01-19 12:03:08 ProcedureInterceptCardJumpDelegateImpl::JumpWhenNoAction 47:  active player changed 3 -> 1
 2018-01-19 12:03:08 CServerGameDesk::OnProcedureChanged 202: procedure change from 9 to 6
 2018-01-19 12:03:08 CServerGameDesk::OnBeforeProcedureStart 177: before procedure start, from 6 to 3
 2018-01-19 12:03:08 MsgDelegateDrawCard::OnSend 61: 1 draw card 28
 2018-01-19 12:03:08 CServerGameDesk::OnProcedureChanged 202: procedure change from 6 to 3
 2018-01-19 12:03:08 CServerGameDesk::OnBeforeProcedureStart 177: before procedure start, from 3 to 4
 2018-01-19 12:03:08 ProcedureAfterGetCardImpl::OnStart 132: Player 1 find action with hand 3,4,4,7,9,17,18,28 and interceptionList type:2 from:3 card:14 cards:14,14,14
type:2 from:0 card:12 cards:12,12,12
 latest draw card 28
 2018-01-19 12:03:08 ProcedureAfterGetCardImpl::OnStart 146: done
 2018-01-19 12:03:08 CServerGameDesk::OnProcedureChanged 202: procedure change from 3 to 4
 2018-01-19 12:03:08 CServerGameDesk::OnBeforeProcedureStart 177: before procedure start, from 4 to 9
 2018-01-19 12:03:08 MsgDelegateWaitDiscard::OnSend 134: waiting on player 1 to discard, with candidates :28 !
 2018-01-19 12:03:08 CServerGameDesk::OnProcedureChanged 202: procedure change from 4 to 9
 2018-01-19 12:03:10 MsgDelegateWaitDiscard::OnResponse 206: player 1 tried to discard(valid:1, expected player:1)
 2018-01-19 12:03:10 MsgDelegateWaitDiscard::OnResponse 218: the card is 28
 2018-01-19 12:03:10 MsgDelegateWaitDiscard::OnDiscardCard 40: player 1 discard card 28(idx 7)
 2018-01-19 12:03:10 MsgDelegateDiscardResult::OnSend 49: player 1 discard 28 0
 2018-01-19 12:03:10 CServerGameDesk::OnBeforeProcedureStart 177: before procedure start, from 9 to 6
 2018-01-19 12:03:10 ProcedureInterceptCardImpl::OnStart 316: check interceptable card 28 from Player 1
 2018-01-19 12:03:10 ProcedureInterceptCardJumpDelegateImpl::JumpWhenNoAction 47:  active player changed 1 -> 0
 2018-01-19 12:03:10 CServerGameDesk::OnProcedureChanged 202: procedure change from 9 to 6
 2018-01-19 12:03:10 CServerGameDesk::OnBeforeProcedureStart 177: before procedure start, from 6 to 3
 2018-01-19 12:03:10 MsgDelegateDrawCard::OnSend 61: 0 draw card 21
 2018-01-19 12:03:10 CServerGameDesk::OnProcedureChanged 202: procedure change from 6 to 3
 2018-01-19 12:03:10 CServerGameDesk::OnBeforeProcedureStart 177: before procedure start, from 3 to 4
 2018-01-19 12:03:10 ProcedureAfterGetCardImpl::OnStart 132: Player 0 find action with hand 1,2,2,5,6,8,9,26,27,29,29,18,19,21 and interceptionList  latest draw card 21
 2018-01-19 12:03:10 ProcedureAfterGetCardImpl::OnStart 146: done
 2018-01-19 12:03:10 CServerGameDesk::OnProcedureChanged 202: procedure change from 3 to 4
 2018-01-19 12:03:10 CServerGameDesk::OnBeforeProcedureStart 177: before procedure start, from 4 to 9
 2018-01-19 12:03:10 MsgDelegateWaitDiscard::OnSend 134: waiting on player 0 to discard, with candidates :18,19 !
 2018-01-19 12:03:10 CServerGameDesk::OnProcedureChanged 202: procedure change from 4 to 9
 2018-01-19 12:03:12 MsgDelegateWaitDiscard::OnResponse 206: player 0 tried to discard(valid:1, expected player:0)
 2018-01-19 12:03:12 MsgDelegateWaitDiscard::OnResponse 218: the card is 18
 2018-01-19 12:03:12 MsgDelegateWaitDiscard::OnDiscardCard 40: player 0 discard card 18(idx 11)
 2018-01-19 12:03:12 MsgDelegateDiscardResult::OnSend 49: player 0 discard 18 0
 2018-01-19 12:03:12 CServerGameDesk::OnBeforeProcedureStart 177: before procedure start, from 9 to 6
 2018-01-19 12:03:12 ProcedureInterceptCardImpl::OnStart 316: check interceptable card 18 from Player 0
 2018-01-19 12:03:12 ProcedureInterceptCardJumpDelegateImpl::JumpWhenNoAction 47:  active player changed 0 -> 3
 2018-01-19 12:03:12 CServerGameDesk::OnProcedureChanged 202: procedure change from 9 to 6
 2018-01-19 12:03:12 CServerGameDesk::OnBeforeProcedureStart 177: before procedure start, from 6 to 3
 2018-01-19 12:03:12 MsgDelegateDrawCard::OnSend 61: 3 draw card 29
 2018-01-19 12:03:12 CServerGameDesk::OnProcedureChanged 202: procedure change from 6 to 3
 2018-01-19 12:03:12 CServerGameDesk::OnBeforeProcedureStart 177: before procedure start, from 3 to 4
 2018-01-19 12:03:12 ProcedureAfterGetCardImpl::OnStart 132: Player 3 find action with hand 3,6,7,7,8,9,21,21,21,23,24,24,25,29 and interceptionList  latest draw card 29
 2018-01-19 12:03:12 ProcedureAfterGetCardImpl::OnStart 146: done
 2018-01-19 12:03:12 CServerGameDesk::OnProcedureChanged 202: procedure change from 3 to 4
 2018-01-19 12:03:12 CServerGameDesk::OnBeforeProcedureStart 177: before procedure start, from 4 to 9
 2018-01-19 12:03:12 MsgDelegateWaitDiscard::OnSend 134: waiting on player 3 to discard, with candidates :3,6,7,7,8,9,21,21,21,23,24,24,25,29 !
 2018-01-19 12:03:12 CServerGameDesk::OnProcedureChanged 202: procedure change from 4 to 9
 2018-01-19 12:03:14 MsgDelegateWaitDiscard::OnDiscardCard 40: player 3 discard card 29(idx 13)
 2018-01-19 12:03:14 MsgDelegateDiscardResult::OnSend 49: player 3 discard 29 0
 2018-01-19 12:03:14 CServerGameDesk::OnBeforeProcedureStart 177: before procedure start, from 9 to 6
 2018-01-19 12:03:14 ProcedureInterceptCardImpl::OnStart 316: check interceptable card 29 from Player 3
 2018-01-19 12:03:14 ProcedureInterceptCardImpl::OnStart 349: Player 0 have actions type:2 from:3 card:29 cards:29,29,29
 with hand 1,2,2,5,6,8,9,21,26,27,29,29,19 interceptions  card 29
 2018-01-19 12:03:14 ProcedureInterceptCardImpl::OnStart 355: question sent
 2018-01-19 12:03:14 MsgDelegateInterception::OnSend 109: intercepted card : 29
 2018-01-19 12:03:14 MsgDelegateInterception::OnSend 110: player 0 have actions type:2 from:3 card:29 cards:29,29,29

 2018-01-19 12:03:14 CServerGameDesk::OnProcedureChanged 202: procedure change from 9 to 6
 2018-01-19 12:03:15 MsgDelegateInterception::Peng 195: player 0 select 29
 2018-01-19 12:03:15 CServerGameDesk::OnBeforeProcedureStart 177: before procedure start, from 6 to 7
 2018-01-19 12:03:15 MsgDelegateInterceptionResult::OnSend 28: player 0 do with type 2
 2018-01-19 12:03:15 ProcedureDetermineInterceptJumpDelegateImpl::JumpAfterAction 91:  active player changed 3 -> 0
 2018-01-19 12:03:15 CServerGameDesk::OnProcedureChanged 202: procedure change from 6 to 7
 2018-01-19 12:03:15 CServerGameDesk::OnBeforeProcedureStart 177: before procedure start, from 7 to 8
 2018-01-19 12:03:15 ProcedureAfterGetCardImpl::OnStart 132: Player 0 find action with hand 1,2,2,5,6,8,9,21,26,27,19 and interceptionList type:2 from:3 card:29 cards:29,29,29
 latest draw card 255
 2018-01-19 12:03:15 ProcedureAfterGetCardImpl::OnStart 146: done
 2018-01-19 12:03:15 CServerGameDesk::OnProcedureChanged 202: procedure change from 7 to 8
 2018-01-19 12:03:15 CServerGameDesk::OnBeforeProcedureStart 177: before procedure start, from 8 to 9
 2018-01-19 12:03:15 MsgDelegateWaitDiscard::OnSend 134: waiting on player 0 to discard, with candidates :19 !
 2018-01-19 12:03:15 CServerGameDesk::OnProcedureChanged 202: procedure change from 8 to 9
 2018-01-19 12:03:17 MsgDelegateWaitDiscard::OnResponse 206: player 0 tried to discard(valid:1, expected player:0)
 2018-01-19 12:03:17 MsgDelegateWaitDiscard::OnResponse 218: the card is 19
 2018-01-19 12:03:17 MsgDelegateWaitDiscard::OnDiscardCard 40: player 0 discard card 19(idx 10)
 2018-01-19 12:03:17 MsgDelegateDiscardResult::OnSend 49: player 0 discard 19 0
 2018-01-19 12:03:17 CServerGameDesk::OnBeforeProcedureStart 177: before procedure start, from 9 to 6
 2018-01-19 12:03:17 ProcedureInterceptCardImpl::OnStart 316: check interceptable card 19 from Player 0
 2018-01-19 12:03:17 ProcedureInterceptCardJumpDelegateImpl::JumpWhenNoAction 47:  active player changed 0 -> 3
 2018-01-19 12:03:17 CServerGameDesk::OnProcedureChanged 202: procedure change from 9 to 6
 2018-01-19 12:03:17 CServerGameDesk::OnBeforeProcedureStart 177: before procedure start, from 6 to 3
 2018-01-19 12:03:17 MsgDelegateDrawCard::OnSend 61: 3 draw card 16
 2018-01-19 12:03:17 CServerGameDesk::OnProcedureChanged 202: procedure change from 6 to 3
 2018-01-19 12:03:17 CServerGameDesk::OnBeforeProcedureStart 177: before procedure start, from 3 to 4
 2018-01-19 12:03:17 ProcedureAfterGetCardImpl::OnStart 132: Player 3 find action with hand 3,6,7,7,8,9,21,21,21,23,24,24,25,16 and interceptionList  latest draw card 16
 2018-01-19 12:03:17 ProcedureAfterGetCardImpl::OnStart 146: done
 2018-01-19 12:03:17 CServerGameDesk::OnProcedureChanged 202: procedure change from 3 to 4
 2018-01-19 12:03:17 CServerGameDesk::OnBeforeProcedureStart 177: before procedure start, from 4 to 9
 2018-01-19 12:03:17 MsgDelegateWaitDiscard::OnSend 134: waiting on player 3 to discard, with candidates :16 !
 2018-01-19 12:03:17 CServerGameDesk::OnProcedureChanged 202: procedure change from 4 to 9
 2018-01-19 12:03:18 MsgDelegateWaitDiscard::OnDiscardCard 40: player 3 discard card 16(idx 13)
 2018-01-19 12:03:18 MsgDelegateDiscardResult::OnSend 49: player 3 discard 16 0
 2018-01-19 12:03:18 CServerGameDesk::OnBeforeProcedureStart 177: before procedure start, from 9 to 6
 2018-01-19 12:03:18 ProcedureInterceptCardImpl::OnStart 316: check interceptable card 16 from Player 3
 2018-01-19 12:03:18 ProcedureInterceptCardJumpDelegateImpl::JumpWhenNoAction 47:  active player changed 3 -> 1
 2018-01-19 12:03:18 CServerGameDesk::OnProcedureChanged 202: procedure change from 9 to 6
 2018-01-19 12:03:18 CServerGameDesk::OnBeforeProcedureStart 177: before procedure start, from 6 to 3
 2018-01-19 12:03:18 MsgDelegateDrawCard::OnSend 61: 1 draw card 16
 2018-01-19 12:03:18 CServerGameDesk::OnProcedureChanged 202: procedure change from 6 to 3
 2018-01-19 12:03:18 CServerGameDesk::OnBeforeProcedureStart 177: before procedure start, from 3 to 4
 2018-01-19 12:03:18 ProcedureAfterGetCardImpl::OnStart 132: Player 1 find action with hand 3,4,4,7,9,17,18,16 and interceptionList type:2 from:3 card:14 cards:14,14,14
type:2 from:0 card:12 cards:12,12,12
 latest draw card 16
 2018-01-19 12:03:18 ProcedureAfterGetCardImpl::OnStart 146: done
 2018-01-19 12:03:18 CServerGameDesk::OnProcedureChanged 202: procedure change from 3 to 4
 2018-01-19 12:03:18 CServerGameDesk::OnBeforeProcedureStart 177: before procedure start, from 4 to 9
 2018-01-19 12:03:18 MsgDelegateWaitDiscard::OnSend 134: waiting on player 1 to discard, with candidates :3,4,4,7,9,17,18,16 !
 2018-01-19 12:03:18 CServerGameDesk::OnProcedureChanged 202: procedure change from 4 to 9
 2018-01-19 12:03:21 MsgDelegateWaitDiscard::OnResponse 206: player 1 tried to discard(valid:1, expected player:1)
 2018-01-19 12:03:21 MsgDelegateWaitDiscard::OnResponse 218: the card is 3
 2018-01-19 12:03:21 MsgDelegateWaitDiscard::OnDiscardCard 40: player 1 discard card 3(idx 0)
 2018-01-19 12:03:21 MsgDelegateDiscardResult::OnSend 49: player 1 discard 3 0
 2018-01-19 12:03:21 CServerGameDesk::OnBeforeProcedureStart 177: before procedure start, from 9 to 6
 2018-01-19 12:03:21 ProcedureInterceptCardImpl::OnStart 316: check interceptable card 3 from Player 1
 2018-01-19 12:03:21 ProcedureInterceptCardJumpDelegateImpl::JumpWhenNoAction 47:  active player changed 1 -> 0
 2018-01-19 12:03:21 CServerGameDesk::OnProcedureChanged 202: procedure change from 9 to 6
 2018-01-19 12:03:21 CServerGameDesk::OnBeforeProcedureStart 177: before procedure start, from 6 to 3
 2018-01-19 12:03:21 MsgDelegateDrawCard::OnSend 61: 0 draw card 8
 2018-01-19 12:03:21 CServerGameDesk::OnProcedureChanged 202: procedure change from 6 to 3
 2018-01-19 12:03:21 CServerGameDesk::OnBeforeProcedureStart 177: before procedure start, from 3 to 4
 2018-01-19 12:03:21 ProcedureAfterGetCardImpl::OnStart 132: Player 0 find action with hand 1,2,2,5,6,8,9,21,26,27,8 and interceptionList type:2 from:3 card:29 cards:29,29,29
 latest draw card 8
 2018-01-19 12:03:21 ProcedureAfterGetCardImpl::OnStart 146: done
 2018-01-19 12:03:21 CServerGameDesk::OnProcedureChanged 202: procedure change from 3 to 4
 2018-01-19 12:03:22 CServerGameDesk::OnBeforeProcedureStart 177: before procedure start, from 4 to 9
 2018-01-19 12:03:22 MsgDelegateWaitDiscard::OnSend 134: waiting on player 0 to discard, with candidates :1,2,2,5,6,8,9,21,26,27,8 !
 2018-01-19 12:03:22 CServerGameDesk::OnProcedureChanged 202: procedure change from 4 to 9
 2018-01-19 12:03:22 MsgDelegateWaitDiscard::OnResponse 206: player 0 tried to discard(valid:1, expected player:0)
 2018-01-19 12:03:22 MsgDelegateWaitDiscard::OnResponse 218: the card is 21
 2018-01-19 12:03:22 MsgDelegateWaitDiscard::OnDiscardCard 40: player 0 discard card 21(idx 7)
 2018-01-19 12:03:22 MsgDelegateDiscardResult::OnSend 49: player 0 discard 21 0
 2018-01-19 12:03:22 CServerGameDesk::OnBeforeProcedureStart 177: before procedure start, from 9 to 6
 2018-01-19 12:03:22 ProcedureInterceptCardImpl::OnStart 316: check interceptable card 21 from Player 0
 2018-01-19 12:03:22 ProcedureInterceptCardImpl::OnStart 349: Player 3 have actions type:2 from:0 card:21 cards:21,21,21
type:3 from:0 card:21 cards:21,21,21,21
 with hand 3,6,7,7,8,9,21,21,21,23,24,24,25 interceptions  card 21
 2018-01-19 12:03:22 ProcedureInterceptCardImpl::OnStart 355: question sent
 2018-01-19 12:03:22 MsgDelegateInterception::OnSend 109: intercepted card : 21
 2018-01-19 12:03:22 MsgDelegateInterception::OnSend 110: player 3 have actions type:2 from:0 card:21 cards:21,21,21
type:3 from:0 card:21 cards:21,21,21,21

 2018-01-19 12:03:22 CServerGameDesk::OnProcedureChanged 202: procedure change from 9 to 6
 2018-01-19 12:03:24 MsgDelegateInterception::Ignore 281: player 3 ignore 
 2018-01-19 12:03:24 MsgDelegateInterceptionResult::OnSend 28: player 3 do with type 0
 2018-01-19 12:03:24 ProcedureInterceptCardJumpDelegateImpl::JumpWhenNoAction 47:  active player changed 0 -> 3
 2018-01-19 12:03:24 CServerGameDesk::OnBeforeProcedureStart 177: before procedure start, from 6 to 3
 2018-01-19 12:03:24 MsgDelegateDrawCard::OnSend 61: 3 draw card 17
 2018-01-19 12:03:24 CServerGameDesk::OnProcedureChanged 202: procedure change from 6 to 3
 2018-01-19 12:03:24 CServerGameDesk::OnBeforeProcedureStart 177: before procedure start, from 3 to 4
 2018-01-19 12:03:24 ProcedureAfterGetCardImpl::OnStart 132: Player 3 find action with hand 3,6,7,7,8,9,21,21,21,23,24,24,25,17 and interceptionList  latest draw card 17
 2018-01-19 12:03:24 ProcedureAfterGetCardImpl::OnStart 146: done
 2018-01-19 12:03:24 CServerGameDesk::OnProcedureChanged 202: procedure change from 3 to 4
 2018-01-19 12:03:24 CServerGameDesk::OnBeforeProcedureStart 177: before procedure start, from 4 to 9
 2018-01-19 12:03:24 MsgDelegateWaitDiscard::OnSend 134: waiting on player 3 to discard, with candidates :17 !
 2018-01-19 12:03:24 CServerGameDesk::OnProcedureChanged 202: procedure change from 4 to 9
 2018-01-19 12:03:25 MsgDelegateWaitDiscard::OnDiscardCard 40: player 3 discard card 17(idx 13)
 2018-01-19 12:03:25 MsgDelegateDiscardResult::OnSend 49: player 3 discard 17 0
 2018-01-19 12:03:25 CServerGameDesk::OnBeforeProcedureStart 177: before procedure start, from 9 to 6
 2018-01-19 12:03:25 ProcedureInterceptCardImpl::OnStart 316: check interceptable card 17 from Player 3
 2018-01-19 12:03:25 ProcedureInterceptCardJumpDelegateImpl::JumpWhenNoAction 47:  active player changed 3 -> 1
 2018-01-19 12:03:25 CServerGameDesk::OnProcedureChanged 202: procedure change from 9 to 6
 2018-01-19 12:03:25 CServerGameDesk::OnBeforeProcedureStart 177: before procedure start, from 6 to 3
 2018-01-19 12:03:25 MsgDelegateDrawCard::OnSend 61: 1 draw card 9
 2018-01-19 12:03:25 CServerGameDesk::OnProcedureChanged 202: procedure change from 6 to 3
 2018-01-19 12:03:25 CServerGameDesk::OnBeforeProcedureStart 177: before procedure start, from 3 to 4
 2018-01-19 12:03:25 ProcedureAfterGetCardImpl::OnStart 132: Player 1 find action with hand 4,4,7,9,16,17,18,9 and interceptionList type:2 from:3 card:14 cards:14,14,14
type:2 from:0 card:12 cards:12,12,12
 latest draw card 9
 2018-01-19 12:03:25 ProcedureAfterGetCardImpl::OnStart 146: done
 2018-01-19 12:03:25 CServerGameDesk::OnProcedureChanged 202: procedure change from 3 to 4
 2018-01-19 12:03:25 CServerGameDesk::OnBeforeProcedureStart 177: before procedure start, from 4 to 9
 2018-01-19 12:03:25 MsgDelegateWaitDiscard::OnSend 134: waiting on player 1 to discard, with candidates :4,4,7,9,16,17,18,9 !
 2018-01-19 12:03:25 CServerGameDesk::OnProcedureChanged 202: procedure change from 4 to 9
 2018-01-19 12:03:27 MsgDelegateWaitDiscard::OnResponse 206: player 1 tried to discard(valid:1, expected player:1)
 2018-01-19 12:03:27 MsgDelegateWaitDiscard::OnResponse 218: the card is 7
 2018-01-19 12:03:27 MsgDelegateWaitDiscard::OnDiscardCard 40: player 1 discard card 7(idx 2)
 2018-01-19 12:03:27 MsgDelegateDiscardResult::OnSend 49: player 1 discard 7 1
 2018-01-19 12:03:27 CServerGameDesk::OnBeforeProcedureStart 177: before procedure start, from 9 to 6
 2018-01-19 12:03:27 ProcedureInterceptCardImpl::OnStart 316: check interceptable card 7 from Player 1
 2018-01-19 12:03:27 ProcedureInterceptCardImpl::OnStart 349: Player 3 have actions type:2 from:1 card:7 cards:7,7,7
 with hand 3,6,7,7,8,9,21,21,21,23,24,24,25 interceptions  card 7
 2018-01-19 12:03:27 ProcedureInterceptCardImpl::OnStart 355: question sent
 2018-01-19 12:03:27 MsgDelegateInterception::OnSend 109: intercepted card : 7
 2018-01-19 12:03:27 MsgDelegateInterception::OnSend 110: player 3 have actions type:2 from:1 card:7 cards:7,7,7

 2018-01-19 12:03:27 CServerGameDesk::OnProcedureChanged 202: procedure change from 9 to 6
 2018-01-19 12:03:28 MsgDelegateInterception::Ignore 281: player 3 ignore 
 2018-01-19 12:03:28 MsgDelegateInterceptionResult::OnSend 28: player 3 do with type 0
 2018-01-19 12:03:28 ProcedureInterceptCardJumpDelegateImpl::JumpWhenNoAction 47:  active player changed 1 -> 0
 2018-01-19 12:03:28 CServerGameDesk::OnBeforeProcedureStart 177: before procedure start, from 6 to 3
 2018-01-19 12:03:28 MsgDelegateDrawCard::OnSend 61: 0 draw card 29
 2018-01-19 12:03:28 CServerGameDesk::OnProcedureChanged 202: procedure change from 6 to 3
 2018-01-19 12:03:29 CServerGameDesk::OnBeforeProcedureStart 177: before procedure start, from 3 to 4
 2018-01-19 12:03:29 ProcedureAfterGetCardImpl::OnStart 132: Player 0 find action with hand 1,2,2,5,6,8,8,9,26,27,29 and interceptionList type:2 from:3 card:29 cards:29,29,29
 latest draw card 29
 2018-01-19 12:03:29 ProcedureAfterGetCardImpl::OnStart 146: done
 2018-01-19 12:03:29 ProcedureAfterGetCardImpl::OnStart 156: Player 0 have actions type:5 from:0 card:29 cards:29,29,29,29

 2018-01-19 12:03:29 MsgDelegateInterception::OnSend 109: intercepted card : 29
 2018-01-19 12:03:29 MsgDelegateInterception::OnSend 110: player 0 have actions type:5 from:0 card:29 cards:29,29,29,29

 2018-01-19 12:03:29 CServerGameDesk::OnProcedureChanged 202: procedure change from 3 to 4
 2018-01-19 12:03:30 MsgDelegateInterception::Gang 210: player 0 select 29
 2018-01-19 12:03:30 CServerGameDesk::OnBeforeProcedureStart 177: before procedure start, from 4 to 7
 2018-01-19 12:03:30 MsgDelegateInterceptionResult::OnSend 28: player 0 do with type 5
 2018-01-19 12:03:30 CServerGameDesk::OnProcedureChanged 202: procedure change from 4 to 7
 2018-01-19 12:03:30 CServerGameDesk::OnBeforeProcedureStart 177: before procedure start, from 7 to 103
 2018-01-19 12:03:30 ProcedureInterceptCardImpl::OnStart 316: check interceptable card 29 from Player 0
 2018-01-19 12:03:30 CServerGameDesk::OnProcedureChanged 202: procedure change from 7 to 103
 2018-01-19 12:03:30 CServerGameDesk::OnBeforeProcedureStart 177: before procedure start, from 103 to 5
 2018-01-19 12:03:30 MsgDelegateDrawCard::OnSend 61: 0 draw card 6
 2018-01-19 12:03:30 CServerGameDesk::OnProcedureChanged 202: procedure change from 103 to 5
 2018-01-19 12:03:30 CServerGameDesk::OnBeforeProcedureStart 177: before procedure start, from 5 to 4
 2018-01-19 12:03:30 ProcedureAfterGetCardImpl::OnStart 132: Player 0 find action with hand 1,2,2,5,6,8,8,9,26,27,6 and interceptionList type:5 from:0 card:29 cards:29,29,29,29
 latest draw card 6
 2018-01-19 12:03:30 ProcedureAfterGetCardImpl::OnStart 146: done
 2018-01-19 12:03:30 CServerGameDesk::OnProcedureChanged 202: procedure change from 5 to 4
 2018-01-19 12:03:30 CServerGameDesk::OnBeforeProcedureStart 177: before procedure start, from 4 to 9
 2018-01-19 12:03:30 MsgDelegateWaitDiscard::OnSend 134: waiting on player 0 to discard, with candidates :1,2,2,5,6,8,8,9,26,27,6 !
 2018-01-19 12:03:30 CServerGameDesk::OnProcedureChanged 202: procedure change from 4 to 9
 2018-01-19 12:03:32 MsgDelegateWaitDiscard::OnResponse 206: player 0 tried to discard(valid:1, expected player:0)
 2018-01-19 12:03:32 MsgDelegateWaitDiscard::OnResponse 218: the card is 1
 2018-01-19 12:03:32 MsgDelegateWaitDiscard::OnDiscardCard 40: player 0 discard card 1(idx 0)
 2018-01-19 12:03:32 MsgDelegateDiscardResult::OnSend 49: player 0 discard 1 0
 2018-01-19 12:03:32 CServerGameDesk::OnBeforeProcedureStart 177: before procedure start, from 9 to 6
 2018-01-19 12:03:32 ProcedureInterceptCardImpl::OnStart 316: check interceptable card 1 from Player 0
 2018-01-19 12:03:32 ProcedureInterceptCardJumpDelegateImpl::JumpWhenNoAction 47:  active player changed 0 -> 3
 2018-01-19 12:03:32 CServerGameDesk::OnProcedureChanged 202: procedure change from 9 to 6
 2018-01-19 12:03:32 CServerGameDesk::OnBeforeProcedureStart 177: before procedure start, from 6 to 3
 2018-01-19 12:03:32 MsgDelegateDrawCard::OnSend 61: 3 draw card 2
 2018-01-19 12:03:32 CServerGameDesk::OnProcedureChanged 202: procedure change from 6 to 3
 2018-01-19 12:03:32 CServerGameDesk::OnBeforeProcedureStart 177: before procedure start, from 3 to 4
 2018-01-19 12:03:32 ProcedureAfterGetCardImpl::OnStart 132: Player 3 find action with hand 3,6,7,7,8,9,21,21,21,23,24,24,25,2 and interceptionList  latest draw card 2
 2018-01-19 12:03:32 ProcedureAfterGetCardImpl::OnStart 146: done
 2018-01-19 12:03:32 CServerGameDesk::OnProcedureChanged 202: procedure change from 3 to 4
 2018-01-19 12:03:32 CServerGameDesk::OnBeforeProcedureStart 177: before procedure start, from 4 to 9
 2018-01-19 12:03:32 MsgDelegateWaitDiscard::OnSend 134: waiting on player 3 to discard, with candidates :3,6,7,7,8,9,21,21,21,23,24,24,25,2 !
 2018-01-19 12:03:32 CServerGameDesk::OnProcedureChanged 202: procedure change from 4 to 9
 2018-01-19 12:03:33 MsgDelegateWaitDiscard::OnDiscardCard 40: player 3 discard card 2(idx 13)
 2018-01-19 12:03:33 MsgDelegateDiscardResult::OnSend 49: player 3 discard 2 0
 2018-01-19 12:03:33 CServerGameDesk::OnBeforeProcedureStart 177: before procedure start, from 9 to 6
 2018-01-19 12:03:33 ProcedureInterceptCardImpl::OnStart 316: check interceptable card 2 from Player 3
 2018-01-19 12:03:33 ProcedureInterceptCardImpl::OnStart 349: Player 0 have actions type:2 from:3 card:2 cards:2,2,2
 with hand 2,2,5,6,6,8,8,9,26,27 interceptions type:5 from:0 card:29 cards:29,29,29,29
 card 2
 2018-01-19 12:03:33 ProcedureInterceptCardImpl::OnStart 355: question sent
 2018-01-19 12:03:33 MsgDelegateInterception::OnSend 109: intercepted card : 2
 2018-01-19 12:03:33 MsgDelegateInterception::OnSend 110: player 0 have actions type:2 from:3 card:2 cards:2,2,2

 2018-01-19 12:03:33 CServerGameDesk::OnProcedureChanged 202: procedure change from 9 to 6
 2018-01-19 12:03:34 MsgDelegateInterception::Peng 195: player 0 select 2
 2018-01-19 12:03:34 CServerGameDesk::OnBeforeProcedureStart 177: before procedure start, from 6 to 7
 2018-01-19 12:03:34 MsgDelegateInterceptionResult::OnSend 28: player 0 do with type 2
 2018-01-19 12:03:34 ProcedureDetermineInterceptJumpDelegateImpl::JumpAfterAction 91:  active player changed 3 -> 0
 2018-01-19 12:03:34 CServerGameDesk::OnProcedureChanged 202: procedure change from 6 to 7
 2018-01-19 12:03:34 CServerGameDesk::OnBeforeProcedureStart 177: before procedure start, from 7 to 8
 2018-01-19 12:03:34 ProcedureAfterGetCardImpl::OnStart 132: Player 0 find action with hand 5,6,6,8,8,9,26,27 and interceptionList type:5 from:0 card:29 cards:29,29,29,29
type:2 from:3 card:2 cards:2,2,2
 latest draw card 255
 2018-01-19 12:03:34 ProcedureAfterGetCardImpl::OnStart 146: done
 2018-01-19 12:03:34 CServerGameDesk::OnProcedureChanged 202: procedure change from 7 to 8
 2018-01-19 12:03:34 CServerGameDesk::OnBeforeProcedureStart 177: before procedure start, from 8 to 9
 2018-01-19 12:03:34 MsgDelegateWaitDiscard::OnSend 134: waiting on player 0 to discard, with candidates :5,6,6,8,8,9,26,27 !
 2018-01-19 12:03:34 CServerGameDesk::OnProcedureChanged 202: procedure change from 8 to 9
 2018-01-19 12:03:37 MsgDelegateWaitDiscard::OnResponse 206: player 0 tried to discard(valid:1, expected player:0)
 2018-01-19 12:03:37 MsgDelegateWaitDiscard::OnResponse 218: the card is 5
 2018-01-19 12:03:37 MsgDelegateWaitDiscard::OnDiscardCard 40: player 0 discard card 5(idx 0)
 2018-01-19 12:03:37 MsgDelegateDiscardResult::OnSend 49: player 0 discard 5 0
 2018-01-19 12:03:37 CServerGameDesk::OnBeforeProcedureStart 177: before procedure start, from 9 to 6
 2018-01-19 12:03:37 ProcedureInterceptCardImpl::OnStart 316: check interceptable card 5 from Player 0
 2018-01-19 12:03:37 ProcedureInterceptCardJumpDelegateImpl::JumpWhenNoAction 47:  active player changed 0 -> 3
 2018-01-19 12:03:37 CServerGameDesk::OnProcedureChanged 202: procedure change from 9 to 6
 2018-01-19 12:03:37 CServerGameDesk::OnBeforeProcedureStart 177: before procedure start, from 6 to 3
 2018-01-19 12:03:37 MsgDelegateDrawCard::OnSend 61: 3 draw card 25
 2018-01-19 12:03:37 CServerGameDesk::OnProcedureChanged 202: procedure change from 6 to 3
 2018-01-19 12:03:37 CServerGameDesk::OnBeforeProcedureStart 177: before procedure start, from 3 to 4
 2018-01-19 12:03:37 ProcedureAfterGetCardImpl::OnStart 132: Player 3 find action with hand 3,6,7,7,8,9,21,21,21,23,24,24,25,25 and interceptionList  latest draw card 25
 2018-01-19 12:03:37 ProcedureAfterGetCardImpl::OnStart 146: done
 2018-01-19 12:03:37 CServerGameDesk::OnProcedureChanged 202: procedure change from 3 to 4
 2018-01-19 12:03:38 CServerGameDesk::OnBeforeProcedureStart 177: before procedure start, from 4 to 9
 2018-01-19 12:03:38 MsgDelegateWaitDiscard::OnSend 134: waiting on player 3 to discard, with candidates :3,6,7,7,8,9,21,21,21,23,24,24,25,25 !
 2018-01-19 12:03:38 CServerGameDesk::OnProcedureChanged 202: procedure change from 4 to 9
 2018-01-19 12:03:39 MsgDelegateWaitDiscard::OnDiscardCard 40: player 3 discard card 25(idx 12)
 2018-01-19 12:03:39 MsgDelegateDiscardResult::OnSend 49: player 3 discard 25 0
 2018-01-19 12:03:39 CServerGameDesk::OnBeforeProcedureStart 177: before procedure start, from 9 to 6
 2018-01-19 12:03:39 ProcedureInterceptCardImpl::OnStart 316: check interceptable card 25 from Player 3
 2018-01-19 12:03:39 ProcedureInterceptCardJumpDelegateImpl::JumpWhenNoAction 47:  active player changed 3 -> 1
 2018-01-19 12:03:39 CServerGameDesk::OnProcedureChanged 202: procedure change from 9 to 6
 2018-01-19 12:03:39 CServerGameDesk::OnBeforeProcedureStart 177: before procedure start, from 6 to 3
 2018-01-19 12:03:39 MsgDelegateDrawCard::OnSend 61: 1 draw card 26
 2018-01-19 12:03:39 CServerGameDesk::OnProcedureChanged 202: procedure change from 6 to 3
 2018-01-19 12:03:39 CServerGameDesk::OnBeforeProcedureStart 177: before procedure start, from 3 to 4
 2018-01-19 12:03:39 ProcedureAfterGetCardImpl::OnStart 132: Player 1 find action with hand 4,4,9,9,16,17,18,26 and interceptionList type:2 from:3 card:14 cards:14,14,14
type:2 from:0 card:12 cards:12,12,12
 latest draw card 26
 2018-01-19 12:03:39 ProcedureAfterGetCardImpl::OnStart 146: done
 2018-01-19 12:03:39 CServerGameDesk::OnProcedureChanged 202: procedure change from 3 to 4
 2018-01-19 12:03:39 CServerGameDesk::OnBeforeProcedureStart 177: before procedure start, from 4 to 9
 2018-01-19 12:03:39 MsgDelegateWaitDiscard::OnSend 134: waiting on player 1 to discard, with candidates :26 !
 2018-01-19 12:03:39 CServerGameDesk::OnProcedureChanged 202: procedure change from 4 to 9
 2018-01-19 12:03:42 MsgDelegateWaitDiscard::OnResponse 206: player 1 tried to discard(valid:1, expected player:1)
 2018-01-19 12:03:42 MsgDelegateWaitDiscard::OnResponse 218: the card is 26
 2018-01-19 12:03:42 MsgDelegateWaitDiscard::OnDiscardCard 40: player 1 discard card 26(idx 7)
 2018-01-19 12:03:42 MsgDelegateDiscardResult::OnSend 49: player 1 discard 26 1
 2018-01-19 12:03:42 CServerGameDesk::OnBeforeProcedureStart 177: before procedure start, from 9 to 6
 2018-01-19 12:03:42 ProcedureInterceptCardImpl::OnStart 316: check interceptable card 26 from Player 1
 2018-01-19 12:03:42 ProcedureInterceptCardJumpDelegateImpl::JumpWhenNoAction 47:  active player changed 1 -> 0
 2018-01-19 12:03:42 CServerGameDesk::OnProcedureChanged 202: procedure change from 9 to 6
 2018-01-19 12:03:42 CServerGameDesk::OnBeforeProcedureStart 177: before procedure start, from 6 to 3
 2018-01-19 12:03:42 MsgDelegateDrawCard::OnSend 61: 0 draw card 7
 2018-01-19 12:03:42 CServerGameDesk::OnProcedureChanged 202: procedure change from 6 to 3
 2018-01-19 12:03:42 CServerGameDesk::OnBeforeProcedureStart 177: before procedure start, from 3 to 4
 2018-01-19 12:03:42 ProcedureAfterGetCardImpl::OnStart 132: Player 0 find action with hand 6,6,8,8,9,26,27,7 and interceptionList type:5 from:0 card:29 cards:29,29,29,29
type:2 from:3 card:2 cards:2,2,2
 latest draw card 7
 2018-01-19 12:03:42 ProcedureAfterGetCardImpl::OnStart 146: done
 2018-01-19 12:03:42 CServerGameDesk::OnProcedureChanged 202: procedure change from 3 to 4
 2018-01-19 12:03:42 CServerGameDesk::OnBeforeProcedureStart 177: before procedure start, from 4 to 9
 2018-01-19 12:03:42 MsgDelegateWaitDiscard::OnSend 134: waiting on player 0 to discard, with candidates :6,6,8,8,9,26,27,7 !
 2018-01-19 12:03:42 CServerGameDesk::OnProcedureChanged 202: procedure change from 4 to 9
 2018-01-19 12:03:45 MsgDelegateWaitDiscard::OnResponse 206: player 0 tried to discard(valid:1, expected player:0)
 2018-01-19 12:03:45 MsgDelegateWaitDiscard::OnResponse 218: the card is 8
 2018-01-19 12:03:45 MsgDelegateWaitDiscard::OnDiscardCard 40: player 0 discard card 8(idx 2)
 2018-01-19 12:03:45 MsgDelegateDiscardResult::OnSend 49: player 0 discard 8 0
 2018-01-19 12:03:45 CServerGameDesk::OnBeforeProcedureStart 177: before procedure start, from 9 to 6
 2018-01-19 12:03:45 ProcedureInterceptCardImpl::OnStart 316: check interceptable card 8 from Player 0
 2018-01-19 12:03:45 ProcedureInterceptCardJumpDelegateImpl::JumpWhenNoAction 47:  active player changed 0 -> 3
 2018-01-19 12:03:45 CServerGameDesk::OnProcedureChanged 202: procedure change from 9 to 6
 2018-01-19 12:03:45 CServerGameDesk::OnBeforeProcedureStart 177: before procedure start, from 6 to 3
 2018-01-19 12:03:45 MsgDelegateDrawCard::OnSend 61: 3 draw card 1
 2018-01-19 12:03:45 CServerGameDesk::OnProcedureChanged 202: procedure change from 6 to 3
 2018-01-19 12:03:45 CServerGameDesk::OnBeforeProcedureStart 177: before procedure start, from 3 to 4
 2018-01-19 12:03:45 ProcedureAfterGetCardImpl::OnStart 132: Player 3 find action with hand 3,6,7,7,8,9,21,21,21,23,24,24,25,1 and interceptionList  latest draw card 1
 2018-01-19 12:03:45 ProcedureAfterGetCardImpl::OnStart 146: done
 2018-01-19 12:03:45 CServerGameDesk::OnProcedureChanged 202: procedure change from 3 to 4
 2018-01-19 12:03:45 CServerGameDesk::OnBeforeProcedureStart 177: before procedure start, from 4 to 9
 2018-01-19 12:03:45 MsgDelegateWaitDiscard::OnSend 134: waiting on player 3 to discard, with candidates :3,6,7,7,8,9,21,21,21,23,24,24,25,1 !
 2018-01-19 12:03:45 CServerGameDesk::OnProcedureChanged 202: procedure change from 4 to 9
 2018-01-19 12:03:46 MsgDelegateWaitDiscard::OnDiscardCard 40: player 3 discard card 1(idx 13)
 2018-01-19 12:03:46 MsgDelegateDiscardResult::OnSend 49: player 3 discard 1 0
 2018-01-19 12:03:46 CServerGameDesk::OnBeforeProcedureStart 177: before procedure start, from 9 to 6
 2018-01-19 12:03:46 ProcedureInterceptCardImpl::OnStart 316: check interceptable card 1 from Player 3
 2018-01-19 12:03:46 ProcedureInterceptCardJumpDelegateImpl::JumpWhenNoAction 47:  active player changed 3 -> 1
 2018-01-19 12:03:46 CServerGameDesk::OnProcedureChanged 202: procedure change from 9 to 6
 2018-01-19 12:03:47 CServerGameDesk::OnBeforeProcedureStart 177: before procedure start, from 6 to 3
 2018-01-19 12:03:47 MsgDelegateDrawCard::OnSend 61: 1 draw card 22
 2018-01-19 12:03:47 CServerGameDesk::OnProcedureChanged 202: procedure change from 6 to 3
 2018-01-19 12:03:47 CServerGameDesk::OnBeforeProcedureStart 177: before procedure start, from 3 to 4
 2018-01-19 12:03:47 ProcedureAfterGetCardImpl::OnStart 132: Player 1 find action with hand 4,4,9,9,16,17,18,22 and interceptionList type:2 from:3 card:14 cards:14,14,14
type:2 from:0 card:12 cards:12,12,12
 latest draw card 22
 2018-01-19 12:03:47 ProcedureAfterGetCardImpl::OnStart 146: done
 2018-01-19 12:03:47 CServerGameDesk::OnProcedureChanged 202: procedure change from 3 to 4
 2018-01-19 12:03:47 CServerGameDesk::OnBeforeProcedureStart 177: before procedure start, from 4 to 9
 2018-01-19 12:03:47 MsgDelegateWaitDiscard::OnSend 134: waiting on player 1 to discard, with candidates :22 !
 2018-01-19 12:03:47 CServerGameDesk::OnProcedureChanged 202: procedure change from 4 to 9
 2018-01-19 12:03:48 MsgDelegateWaitDiscard::OnResponse 206: player 1 tried to discard(valid:1, expected player:1)
 2018-01-19 12:03:48 MsgDelegateWaitDiscard::OnResponse 218: the card is 22
 2018-01-19 12:03:48 MsgDelegateWaitDiscard::OnDiscardCard 40: player 1 discard card 22(idx 7)
 2018-01-19 12:03:48 MsgDelegateDiscardResult::OnSend 49: player 1 discard 22 1
 2018-01-19 12:03:48 CServerGameDesk::OnBeforeProcedureStart 177: before procedure start, from 9 to 6
 2018-01-19 12:03:48 ProcedureInterceptCardImpl::OnStart 316: check interceptable card 22 from Player 1
 2018-01-19 12:03:48 ProcedureInterceptCardJumpDelegateImpl::JumpWhenNoAction 47:  active player changed 1 -> 0
 2018-01-19 12:03:48 CServerGameDesk::OnProcedureChanged 202: procedure change from 9 to 6
 2018-01-19 12:03:48 CServerGameDesk::OnBeforeProcedureStart 177: before procedure start, from 6 to 3
 2018-01-19 12:03:48 MsgDelegateDrawCard::OnSend 61: 0 draw card 15
 2018-01-19 12:03:48 CServerGameDesk::OnProcedureChanged 202: procedure change from 6 to 3
 2018-01-19 12:03:48 CServerGameDesk::OnBeforeProcedureStart 177: before procedure start, from 3 to 4
 2018-01-19 12:03:48 ProcedureAfterGetCardImpl::OnStart 132: Player 0 find action with hand 6,6,7,8,9,26,27,15 and interceptionList type:5 from:0 card:29 cards:29,29,29,29
type:2 from:3 card:2 cards:2,2,2
 latest draw card 15
 2018-01-19 12:03:48 ProcedureAfterGetCardImpl::OnStart 146: done
 2018-01-19 12:03:48 CServerGameDesk::OnProcedureChanged 202: procedure change from 3 to 4
 2018-01-19 12:03:48 CServerGameDesk::OnBeforeProcedureStart 177: before procedure start, from 4 to 9
 2018-01-19 12:03:48 MsgDelegateWaitDiscard::OnSend 134: waiting on player 0 to discard, with candidates :15 !
 2018-01-19 12:03:48 CServerGameDesk::OnProcedureChanged 202: procedure change from 4 to 9
 2018-01-19 12:03:50 MsgDelegateWaitDiscard::OnResponse 206: player 0 tried to discard(valid:1, expected player:0)
 2018-01-19 12:03:50 MsgDelegateWaitDiscard::OnResponse 218: the card is 15
 2018-01-19 12:03:50 MsgDelegateWaitDiscard::OnDiscardCard 40: player 0 discard card 15(idx 7)
 2018-01-19 12:03:50 MsgDelegateDiscardResult::OnSend 49: player 0 discard 15 1
 2018-01-19 12:03:50 CServerGameDesk::OnBeforeProcedureStart 177: before procedure start, from 9 to 6
 2018-01-19 12:03:50 ProcedureInterceptCardImpl::OnStart 316: check interceptable card 15 from Player 0
 2018-01-19 12:03:50 ProcedureInterceptCardJumpDelegateImpl::JumpWhenNoAction 47:  active player changed 0 -> 3
 2018-01-19 12:03:50 CServerGameDesk::OnProcedureChanged 202: procedure change from 9 to 6
 2018-01-19 12:03:50 CServerGameDesk::OnBeforeProcedureStart 177: before procedure start, from 6 to 3
 2018-01-19 12:03:50 MsgDelegateDrawCard::OnSend 61: 3 draw card 13
 2018-01-19 12:03:50 CServerGameDesk::OnProcedureChanged 202: procedure change from 6 to 3
 2018-01-19 12:03:50 CServerGameDesk::OnBeforeProcedureStart 177: before procedure start, from 3 to 4
 2018-01-19 12:03:50 ProcedureAfterGetCardImpl::OnStart 132: Player 3 find action with hand 3,6,7,7,8,9,21,21,21,23,24,24,25,13 and interceptionList  latest draw card 13
 2018-01-19 12:03:50 ProcedureAfterGetCardImpl::OnStart 146: done
 2018-01-19 12:03:50 CServerGameDesk::OnProcedureChanged 202: procedure change from 3 to 4
 2018-01-19 12:03:50 CServerGameDesk::OnBeforeProcedureStart 177: before procedure start, from 4 to 9
 2018-01-19 12:03:50 MsgDelegateWaitDiscard::OnSend 134: waiting on player 3 to discard, with candidates :13 !
 2018-01-19 12:03:50 CServerGameDesk::OnProcedureChanged 202: procedure change from 4 to 9
 2018-01-19 12:03:51 MsgDelegateWaitDiscard::OnDiscardCard 40: player 3 discard card 13(idx 13)
 2018-01-19 12:03:51 MsgDelegateDiscardResult::OnSend 49: player 3 discard 13 0
 2018-01-19 12:03:51 CServerGameDesk::OnBeforeProcedureStart 177: before procedure start, from 9 to 6
 2018-01-19 12:03:51 ProcedureInterceptCardImpl::OnStart 316: check interceptable card 13 from Player 3
 2018-01-19 12:03:51 ProcedureInterceptCardJumpDelegateImpl::JumpWhenNoAction 47:  active player changed 3 -> 1
 2018-01-19 12:03:51 CServerGameDesk::OnProcedureChanged 202: procedure change from 9 to 6
 2018-01-19 12:03:51 CServerGameDesk::OnBeforeProcedureStart 177: before procedure start, from 6 to 3
 2018-01-19 12:03:51 MsgDelegateDrawCard::OnSend 61: 1 draw card 25
 2018-01-19 12:03:51 CServerGameDesk::OnProcedureChanged 202: procedure change from 6 to 3
 2018-01-19 12:03:51 CServerGameDesk::OnBeforeProcedureStart 177: before procedure start, from 3 to 4
 2018-01-19 12:03:51 ProcedureAfterGetCardImpl::OnStart 132: Player 1 find action with hand 4,4,9,9,16,17,18,25 and interceptionList type:2 from:3 card:14 cards:14,14,14
type:2 from:0 card:12 cards:12,12,12
 latest draw card 25
 2018-01-19 12:03:51 ProcedureAfterGetCardImpl::OnStart 146: done
 2018-01-19 12:03:51 CServerGameDesk::OnProcedureChanged 202: procedure change from 3 to 4
 2018-01-19 12:03:51 CServerGameDesk::OnBeforeProcedureStart 177: before procedure start, from 4 to 9
 2018-01-19 12:03:51 MsgDelegateWaitDiscard::OnSend 134: waiting on player 1 to discard, with candidates :25 !
 2018-01-19 12:03:51 CServerGameDesk::OnProcedureChanged 202: procedure change from 4 to 9
 2018-01-19 12:03:53 MsgDelegateWaitDiscard::OnResponse 206: player 1 tried to discard(valid:1, expected player:1)
 2018-01-19 12:03:53 MsgDelegateWaitDiscard::OnResponse 218: the card is 25
 2018-01-19 12:03:53 MsgDelegateWaitDiscard::OnDiscardCard 40: player 1 discard card 25(idx 7)
 2018-01-19 12:03:53 MsgDelegateDiscardResult::OnSend 49: player 1 discard 25 1
 2018-01-19 12:03:53 CServerGameDesk::OnBeforeProcedureStart 177: before procedure start, from 9 to 6
 2018-01-19 12:03:53 ProcedureInterceptCardImpl::OnStart 316: check interceptable card 25 from Player 1
 2018-01-19 12:03:53 ProcedureInterceptCardImpl::OnStart 349: Player 0 have actions type:16 from:1 card:25 cards:6,6,7,8,9,26,27,25
 with hand 6,6,7,8,9,26,27 interceptions type:5 from:0 card:29 cards:29,29,29,29
type:2 from:3 card:2 cards:2,2,2
 card 25
 2018-01-19 12:03:53 ProcedureInterceptCardImpl::OnStart 355: question sent
 2018-01-19 12:03:53 MsgDelegateInterception::OnSend 109: intercepted card : 25
 2018-01-19 12:03:53 MsgDelegateInterception::OnSend 110: player 0 have actions type:16 from:1 card:25 cards:6,6,7,8,9,26,27,25

 2018-01-19 12:03:53 CServerGameDesk::OnProcedureChanged 202: procedure change from 9 to 6
 2018-01-19 12:03:54 MsgDelegateInterception::Win 247: player 0 select 25
 2018-01-19 12:03:54 CServerGameDesk::OnBeforeProcedureStart 177: before procedure start, from 6 to 7
 2018-01-19 12:03:54 MsgDelegateInterceptionResult::OnSend 28: player 0 do with type 16
 2018-01-19 12:03:54 ProcedureDetermineInterceptJumpDelegateImpl::JumpAfterAction 91:  active player changed 1 -> 3
 2018-01-19 12:03:54 CServerGameDesk::OnProcedureChanged 202: procedure change from 6 to 7
 2018-01-19 12:03:54 CServerGameDesk::OnBeforeProcedureStart 177: before procedure start, from 7 to 3
 2018-01-19 12:03:54 MsgDelegateDrawCard::OnSend 61: 3 draw card 4
 2018-01-19 12:03:54 CServerGameDesk::OnProcedureChanged 202: procedure change from 7 to 3
 2018-01-19 12:03:54 CServerGameDesk::OnBeforeProcedureStart 177: before procedure start, from 3 to 4
 2018-01-19 12:03:54 ProcedureAfterGetCardImpl::OnStart 132: Player 3 find action with hand 3,6,7,7,8,9,21,21,21,23,24,24,25,4 and interceptionList  latest draw card 4
 2018-01-19 12:03:54 ProcedureAfterGetCardImpl::OnStart 146: done
 2018-01-19 12:03:54 CServerGameDesk::OnProcedureChanged 202: procedure change from 3 to 4
 2018-01-19 12:03:55 CServerGameDesk::OnBeforeProcedureStart 177: before procedure start, from 4 to 9
 2018-01-19 12:03:55 MsgDelegateWaitDiscard::OnSend 134: waiting on player 3 to discard, with candidates :3,6,7,7,8,9,21,21,21,23,24,24,25,4 !
 2018-01-19 12:03:55 CServerGameDesk::OnProcedureChanged 202: procedure change from 4 to 9
 2018-01-19 12:03:56 MsgDelegateWaitDiscard::OnDiscardCard 40: player 3 discard card 4(idx 13)
 2018-01-19 12:03:56 MsgDelegateDiscardResult::OnSend 49: player 3 discard 4 0
 2018-01-19 12:03:56 CServerGameDesk::OnBeforeProcedureStart 177: before procedure start, from 9 to 6
 2018-01-19 12:03:56 ProcedureInterceptCardImpl::OnStart 316: check interceptable card 4 from Player 3
 2018-01-19 12:03:56 ProcedureInterceptCardImpl::OnStart 349: Player 1 have actions type:2 from:3 card:4 cards:4,4,4
type:16 from:3 card:4 cards:4,4,9,9,16,17,18,4
 with hand 4,4,9,9,16,17,18 interceptions type:2 from:3 card:14 cards:14,14,14
type:2 from:0 card:12 cards:12,12,12
 card 4
 2018-01-19 12:03:56 ProcedureInterceptCardImpl::OnStart 355: question sent
 2018-01-19 12:03:56 MsgDelegateInterception::OnSend 109: intercepted card : 4
 2018-01-19 12:03:56 MsgDelegateInterception::OnSend 110: player 1 have actions type:2 from:3 card:4 cards:4,4,4
type:16 from:3 card:4 cards:4,4,9,9,16,17,18,4

 2018-01-19 12:03:56 CServerGameDesk::OnProcedureChanged 202: procedure change from 9 to 6
 2018-01-19 12:03:57 MsgDelegateInterception::Win 247: player 1 select 4
 2018-01-19 12:03:57 CServerGameDesk::OnBeforeProcedureStart 177: before procedure start, from 6 to 7
 2018-01-19 12:03:57 MsgDelegateInterceptionResult::OnSend 28: player 1 do with type 16
 2018-01-19 12:03:57 CServerGameDesk::OnProcedureChanged 202: procedure change from 6 to 7
 2018-01-19 12:03:57 CServerGameDesk::OnBeforeProcedureStart 177: before procedure start, from 7 to 11
 2018-01-19 12:03:57 CServerGameDesk::OnProcedureChanged 202: procedure change from 7 to 11
 2018-01-19 12:03:57 MsgDelegateLiquidation::DelaySendMsg 89: Player   has inner win type :0 
 2018-01-19 12:03:57 MsgDelegateLiquidation::DelaySendMsg 90: Player   has outter win type :150 
 2018-01-19 12:03:57 MsgDelegateLiquidation::DelaySendMsg 89: Player  has inner win type :0 
 2018-01-19 12:03:57 MsgDelegateLiquidation::DelaySendMsg 90: Player  has outter win type :150 
 2018-01-19 12:03:57 MsgDelegateLiquidation::DelaySendMsg 89: Player  has inner win type :0 
 2018-01-19 12:03:57 MsgDelegateLiquidation::DelaySendMsg 90: Player  has outter win type :150 
 2018-01-19 12:03:57 MsgDelegateLiquidation::DelaySendMsg 108: Liquidation
 2018-01-19 12:03:58 CServerGameDesk::OnBeforeProcedureStart 177: before procedure start, from 11 to 0
 2018-01-19 12:03:58 CServerGameDesk::OnProcedureChanged 202: procedure change from 11 to 0
 2018-01-19 12:03:58 CServerGameDesk::DoGameStatistic 995: Do Statistic
 2018-01-19 12:03:58 CServerGameDesk::DoGameStatistic 1012: >> zimo:0 jiepao:0 dianpao:0 totalScore3
 2018-01-19 12:03:58 CServerGameDesk::DoGameStatistic 1070: << zimo:0 jiepao:1 dianpao:1 totalScore3
 2018-01-19 12:03:58 CServerGameDesk::DoGameStatistic 1012: >> zimo:0 jiepao:0 dianpao:0 totalScore-2
 2018-01-19 12:03:58 CServerGameDesk::DoGameStatistic 1070: << zimo:0 jiepao:1 dianpao:1 totalScore-2
 2018-01-19 12:03:58 CServerGameDesk::DoGameStatistic 1012: >> zimo:0 jiepao:0 dianpao:0 totalScore1
 2018-01-19 12:03:58 CServerGameDesk::DoGameStatistic 1070: << zimo:0 jiepao:1 dianpao:0 totalScore1
 2018-01-19 12:03:58 CServerGameDesk::DoGameStatistic 1012: >> zimo:0 jiepao:0 dianpao:0 totalScore-2
 2018-01-19 12:03:58 CServerGameDesk::DoGameStatistic 1070: << zimo:0 jiepao:0 dianpao:1 totalScore-2
 2018-01-19 12:03:58 CServerGameDesk::OnProcedureLiquidationFinish 882: all rounds finished , send total score board 
 2018-01-19 12:03:58 CServerGameDesk::GameClear 302: clean game





 2018-01-19 12:03:58 CServerGameDesk::GameClear 302: clean game





 2018-01-19 12:03:58 CServerGameDesk::GameReset 316: reset game
