 2018-06-20 20:39:42 CServerGameDesk::GameBegin 427: Game Start (0/0)
 2018-06-20 20:39:42 CServerGameDesk::GameBegin 433: Player mmkmmk(mmkmmk) at position 0/0
 2018-06-20 20:39:42 CServerGameDesk::GameBegin 433: Player 飞(Phone19056) at position 1/1
 2018-06-20 20:39:42 CServerGameDesk::GameBegin 433: Player Phone22476(Phone22476) at position 2/2
 2018-06-20 20:39:42 CServerGameDesk::GameBegin 433: Player 米奇游戏－寇经理(Phone19809) at position 3/3
 2018-06-20 20:39:42 CServerGameDesk::OnBeforeProcedureStart 177: before procedure start, from 0 to 1
 2018-06-20 20:39:42 CServerGameDesk::OnProcedureChanged 202: procedure change from 0 to 1
 2018-06-20 20:39:42 MsgDelegateGameBegin::SendGameBegin 54: game begin
 2018-06-20 20:39:43 CServerGameDesk::OnBeforeProcedureStart 177: before procedure start, from 1 to 2
 2018-06-20 20:39:43 CServerGameDesk::OnProcedureChanged 202: procedure change from 1 to 2
 2018-06-20 20:39:43 MsgDelegateDistributeCard::OnSend 43: dispatch cards
 2018-06-20 20:39:43 CServerGameDesk::OnBeforeProcedureStart 177: before procedure start, from 2 to 101
 2018-06-20 20:39:43 MsgDelegateHuanZhang::SendQuestionToPlayer 150: question huan zhang
 2018-06-20 20:39:43 MsgDelegateHuanZhang::SendQuestionToPlayer 150: question huan zhang
 2018-06-20 20:39:43 MsgDelegateHuanZhang::SendQuestionToPlayer 150: question huan zhang
 2018-06-20 20:39:43 MsgDelegateHuanZhang::SendQuestionToPlayer 150: question huan zhang
 2018-06-20 20:39:43 CServerGameDesk::OnProcedureChanged 202: procedure change from 2 to 101
 2018-06-20 20:39:54 CServerGameDesk::OnBeforeProcedureStart 177: before procedure start, from 101 to 100
 2018-06-20 20:39:54 MsgDelegateDingQue::OnSend 109: question ding que
 2018-06-20 20:39:54 MsgDelegateDingQue::OnSend 109: question ding que
 2018-06-20 20:39:54 MsgDelegateDingQue::OnSend 109: question ding que
 2018-06-20 20:39:54 MsgDelegateDingQue::OnSend 109: question ding que
 2018-06-20 20:39:54 CServerGameDesk::OnProcedureChanged 202: procedure change from 101 to 100
 2018-06-20 20:39:58 MsgDelegateDingQue::OnResponse 150: Player 1 select que men 2
 2018-06-20 20:39:59 MsgDelegateDingQue::OnResponse 150: Player 2 select que men 1
 2018-06-20 20:40:00 MsgDelegateDingQue::OnResponse 150: Player 0 select que men 2
 2018-06-20 20:40:04 MsgDelegateFirstRound::SendFirstRound 42: first run
 2018-06-20 20:40:04 CServerGameDesk::OnBeforeProcedureStart 177: before procedure start, from 100 to 4
 2018-06-20 20:40:04 ProcedureAfterGetCardImpl::OnStart 132: Player 1 find action with hand 2,2,3,4,9,11,15,16,17,19,22,24,26,29 and interceptionList  latest draw card 29
 2018-06-20 20:40:04 ProcedureAfterGetCardImpl::OnStart 146: done
 2018-06-20 20:40:04 CServerGameDesk::OnProcedureChanged 202: procedure change from 100 to 4
 2018-06-20 20:40:04 CServerGameDesk::OnBeforeProcedureStart 177: before procedure start, from 4 to 9
 2018-06-20 20:40:04 MsgDelegateWaitDiscard::OnSend 134: waiting on player 1 to discard, with candidates :22,24,26,29 !
 2018-06-20 20:40:04 CServerGameDesk::OnProcedureChanged 202: procedure change from 4 to 9
 2018-06-20 20:40:12 MsgDelegateWaitDiscard::OnResponse 206: player 1 tried to discard(valid:1, expected player:1)
 2018-06-20 20:40:12 MsgDelegateWaitDiscard::OnResponse 218: the card is 29
 2018-06-20 20:40:12 MsgDelegateWaitDiscard::OnDiscardCard 40: player 1 discard card 29(idx 13)
 2018-06-20 20:40:12 MsgDelegateDiscardResult::OnSend 49: player 1 discard 29 0
 2018-06-20 20:40:12 CServerGameDesk::OnBeforeProcedureStart 177: before procedure start, from 9 to 6
 2018-06-20 20:40:12 ProcedureInterceptCardImpl::OnStart 316: check interceptable card 29 from Player 1
 2018-06-20 20:40:12 ProcedureInterceptCardImpl::OnStart 349: Player 2 have actions type:2 from:1 card:29 cards:29,29,29
 with hand 9,21,23,25,26,26,27,27,28,28,28,29,29 interceptions  card 29
 2018-06-20 20:40:12 ProcedureInterceptCardImpl::OnStart 355: question sent
 2018-06-20 20:40:12 MsgDelegateInterception::OnSend 109: intercepted card : 29
 2018-06-20 20:40:12 MsgDelegateInterception::OnSend 110: player 2 have actions type:2 from:1 card:29 cards:29,29,29

 2018-06-20 20:40:12 CServerGameDesk::OnProcedureChanged 202: procedure change from 9 to 6
 2018-06-20 20:40:30 MsgDelegateInterception::Peng 195: player 2 select 29
 2018-06-20 20:40:30 CServerGameDesk::OnBeforeProcedureStart 177: before procedure start, from 6 to 7
 2018-06-20 20:40:30 MsgDelegateInterceptionResult::OnSend 28: player 2 do with type 2
 2018-06-20 20:40:30 ProcedureDetermineInterceptJumpDelegateImpl::JumpAfterAction 91:  active player changed 1 -> 2
 2018-06-20 20:40:30 CServerGameDesk::OnProcedureChanged 202: procedure change from 6 to 7
 2018-06-20 20:40:30 CServerGameDesk::OnBeforeProcedureStart 177: before procedure start, from 7 to 8
 2018-06-20 20:40:30 ProcedureAfterGetCardImpl::OnStart 132: Player 2 find action with hand 9,21,23,25,26,26,27,27,28,28,28 and interceptionList type:2 from:1 card:29 cards:29,29,29
 latest draw card 255
 2018-06-20 20:40:30 ProcedureAfterGetCardImpl::OnStart 146: done
 2018-06-20 20:40:30 CServerGameDesk::OnProcedureChanged 202: procedure change from 7 to 8
 2018-06-20 20:40:30 CServerGameDesk::OnBeforeProcedureStart 177: before procedure start, from 8 to 9
 2018-06-20 20:40:30 MsgDelegateWaitDiscard::OnSend 134: waiting on player 2 to discard, with candidates :9,21,23,25,26,26,27,27,28,28,28 !
 2018-06-20 20:40:30 CServerGameDesk::OnProcedureChanged 202: procedure change from 8 to 9
 2018-06-20 20:40:32 MsgDelegateWaitDiscard::OnResponse 206: player 2 tried to discard(valid:1, expected player:2)
 2018-06-20 20:40:32 MsgDelegateWaitDiscard::OnResponse 218: the card is 9
 2018-06-20 20:40:32 MsgDelegateWaitDiscard::OnDiscardCard 40: player 2 discard card 9(idx 0)
 2018-06-20 20:40:32 MsgDelegateDiscardResult::OnSend 49: player 2 discard 9 0
 2018-06-20 20:40:32 CServerGameDesk::OnBeforeProcedureStart 177: before procedure start, from 9 to 6
 2018-06-20 20:40:32 ProcedureInterceptCardImpl::OnStart 316: check interceptable card 9 from Player 2
 2018-06-20 20:40:32 ProcedureInterceptCardJumpDelegateImpl::JumpWhenNoAction 47:  active player changed 2 -> 1
 2018-06-20 20:40:32 CServerGameDesk::OnProcedureChanged 202: procedure change from 9 to 6
 2018-06-20 20:40:33 CServerGameDesk::OnBeforeProcedureStart 177: before procedure start, from 6 to 3
 2018-06-20 20:40:33 MsgDelegateDrawCard::OnSend 61: 1 draw card 5
 2018-06-20 20:40:33 CServerGameDesk::OnProcedureChanged 202: procedure change from 6 to 3
 2018-06-20 20:40:33 CServerGameDesk::OnBeforeProcedureStart 177: before procedure start, from 3 to 4
 2018-06-20 20:40:33 ProcedureAfterGetCardImpl::OnStart 132: Player 1 find action with hand 2,2,3,4,9,11,15,16,17,19,22,24,26,5 and interceptionList  latest draw card 5
 2018-06-20 20:40:33 ProcedureAfterGetCardImpl::OnStart 146: done
 2018-06-20 20:40:33 CServerGameDesk::OnProcedureChanged 202: procedure change from 3 to 4
 2018-06-20 20:40:33 CServerGameDesk::OnBeforeProcedureStart 177: before procedure start, from 4 to 9
 2018-06-20 20:40:33 MsgDelegateWaitDiscard::OnSend 134: waiting on player 1 to discard, with candidates :22,24,26 !
 2018-06-20 20:40:33 CServerGameDesk::OnProcedureChanged 202: procedure change from 4 to 9
 2018-06-20 20:40:34 MsgDelegateWaitDiscard::OnDiscardCard 40: player 1 discard card 26(idx 12)
 2018-06-20 20:40:34 MsgDelegateDiscardResult::OnSend 49: player 1 discard 26 0
 2018-06-20 20:40:34 CServerGameDesk::OnBeforeProcedureStart 177: before procedure start, from 9 to 6
 2018-06-20 20:40:34 ProcedureInterceptCardImpl::OnStart 316: check interceptable card 26 from Player 1
 2018-06-20 20:40:34 ProcedureInterceptCardImpl::OnStart 349: Player 2 have actions type:2 from:1 card:26 cards:26,26,26
 with hand 21,23,25,26,26,27,27,28,28,28 interceptions type:2 from:1 card:29 cards:29,29,29
 card 26
 2018-06-20 20:40:34 ProcedureInterceptCardImpl::OnStart 355: question sent
 2018-06-20 20:40:34 MsgDelegateInterception::OnSend 109: intercepted card : 26
 2018-06-20 20:40:34 MsgDelegateInterception::OnSend 110: player 2 have actions type:2 from:1 card:26 cards:26,26,26

 2018-06-20 20:40:34 CServerGameDesk::OnProcedureChanged 202: procedure change from 9 to 6
 2018-06-20 20:40:54 MsgDelegateInterception::Ignore 281: player 2 ignore 
 2018-06-20 20:40:54 MsgDelegateInterceptionResult::OnSend 28: player 2 do with type 0
 2018-06-20 20:40:54 ProcedureInterceptCardJumpDelegateImpl::JumpWhenNoAction 47:  active player changed 1 -> 0
 2018-06-20 20:40:54 CServerGameDesk::OnBeforeProcedureStart 177: before procedure start, from 6 to 3
 2018-06-20 20:40:54 MsgDelegateDrawCard::OnSend 61: 0 draw card 24
 2018-06-20 20:40:54 CServerGameDesk::OnProcedureChanged 202: procedure change from 6 to 3
 2018-06-20 20:40:54 CServerGameDesk::OnBeforeProcedureStart 177: before procedure start, from 3 to 4
 2018-06-20 20:40:54 ProcedureAfterGetCardImpl::OnStart 132: Player 0 find action with hand 1,6,6,8,8,11,12,13,14,14,21,22,27,24 and interceptionList  latest draw card 24
 2018-06-20 20:40:54 ProcedureAfterGetCardImpl::OnStart 146: done
 2018-06-20 20:40:54 CServerGameDesk::OnProcedureChanged 202: procedure change from 3 to 4
 2018-06-20 20:40:54 CServerGameDesk::OnBeforeProcedureStart 177: before procedure start, from 4 to 9
 2018-06-20 20:40:54 MsgDelegateWaitDiscard::OnSend 134: waiting on player 0 to discard, with candidates :21,22,27,24 !
 2018-06-20 20:40:54 CServerGameDesk::OnProcedureChanged 202: procedure change from 4 to 9
 2018-06-20 20:40:57 MsgDelegateWaitDiscard::OnResponse 206: player 0 tried to discard(valid:1, expected player:0)
 2018-06-20 20:40:57 MsgDelegateWaitDiscard::OnResponse 218: the card is 24
 2018-06-20 20:40:57 MsgDelegateWaitDiscard::OnDiscardCard 40: player 0 discard card 24(idx 13)
 2018-06-20 20:40:57 MsgDelegateDiscardResult::OnSend 49: player 0 discard 24 0
 2018-06-20 20:40:57 CServerGameDesk::OnBeforeProcedureStart 177: before procedure start, from 9 to 6
 2018-06-20 20:40:57 ProcedureInterceptCardImpl::OnStart 316: check interceptable card 24 from Player 0
 2018-06-20 20:40:57 ProcedureInterceptCardJumpDelegateImpl::JumpWhenNoAction 47:  active player changed 0 -> 3
 2018-06-20 20:40:57 CServerGameDesk::OnProcedureChanged 202: procedure change from 9 to 6
 2018-06-20 20:40:57 CServerGameDesk::OnBeforeProcedureStart 177: before procedure start, from 6 to 3
 2018-06-20 20:40:57 MsgDelegateDrawCard::OnSend 61: 3 draw card 17
 2018-06-20 20:40:57 CServerGameDesk::OnProcedureChanged 202: procedure change from 6 to 3
 2018-06-20 20:40:57 CServerGameDesk::OnBeforeProcedureStart 177: before procedure start, from 3 to 4
 2018-06-20 20:40:57 ProcedureAfterGetCardImpl::OnStart 132: Player 3 find action with hand 5,7,7,9,11,12,12,13,13,13,15,16,19,17 and interceptionList  latest draw card 17
 2018-06-20 20:40:57 ProcedureAfterGetCardImpl::OnStart 146: done
 2018-06-20 20:40:57 CServerGameDesk::OnProcedureChanged 202: procedure change from 3 to 4
 2018-06-20 20:40:57 CServerGameDesk::OnBeforeProcedureStart 177: before procedure start, from 4 to 9
 2018-06-20 20:40:57 MsgDelegateWaitDiscard::OnSend 134: waiting on player 3 to discard, with candidates :5,7,7,9,11,12,12,13,13,13,15,16,19,17 !
 2018-06-20 20:40:57 CServerGameDesk::OnProcedureChanged 202: procedure change from 4 to 9
 2018-06-20 20:41:02 MsgDelegateWaitDiscard::OnResponse 206: player 3 tried to discard(valid:1, expected player:3)
 2018-06-20 20:41:02 MsgDelegateWaitDiscard::OnResponse 218: the card is 5
 2018-06-20 20:41:02 MsgDelegateWaitDiscard::OnDiscardCard 40: player 3 discard card 5(idx 0)
 2018-06-20 20:41:02 MsgDelegateDiscardResult::OnSend 49: player 3 discard 5 0
 2018-06-20 20:41:02 CServerGameDesk::OnBeforeProcedureStart 177: before procedure start, from 9 to 6
 2018-06-20 20:41:02 ProcedureInterceptCardImpl::OnStart 316: check interceptable card 5 from Player 3
 2018-06-20 20:41:02 ProcedureInterceptCardJumpDelegateImpl::JumpWhenNoAction 47:  active player changed 3 -> 2
 2018-06-20 20:41:02 CServerGameDesk::OnProcedureChanged 202: procedure change from 9 to 6
 2018-06-20 20:41:02 CServerGameDesk::OnBeforeProcedureStart 177: before procedure start, from 6 to 3
 2018-06-20 20:41:02 MsgDelegateDrawCard::OnSend 61: 2 draw card 18
 2018-06-20 20:41:02 CServerGameDesk::OnProcedureChanged 202: procedure change from 6 to 3
 2018-06-20 20:41:02 CServerGameDesk::OnBeforeProcedureStart 177: before procedure start, from 3 to 4
 2018-06-20 20:41:02 ProcedureAfterGetCardImpl::OnStart 132: Player 2 find action with hand 21,23,25,26,26,27,27,28,28,28,18 and interceptionList type:2 from:1 card:29 cards:29,29,29
 latest draw card 18
 2018-06-20 20:41:02 ProcedureAfterGetCardImpl::OnStart 146: done
 2018-06-20 20:41:02 CServerGameDesk::OnProcedureChanged 202: procedure change from 3 to 4
 2018-06-20 20:41:02 CServerGameDesk::OnBeforeProcedureStart 177: before procedure start, from 4 to 9
 2018-06-20 20:41:02 MsgDelegateWaitDiscard::OnSend 134: waiting on player 2 to discard, with candidates :18 !
 2018-06-20 20:41:02 CServerGameDesk::OnProcedureChanged 202: procedure change from 4 to 9
 2018-06-20 20:41:06 MsgDelegateWaitDiscard::OnResponse 206: player 2 tried to discard(valid:1, expected player:2)
 2018-06-20 20:41:06 MsgDelegateWaitDiscard::OnResponse 218: the card is 18
 2018-06-20 20:41:06 MsgDelegateWaitDiscard::OnDiscardCard 40: player 2 discard card 18(idx 10)
 2018-06-20 20:41:06 MsgDelegateDiscardResult::OnSend 49: player 2 discard 18 1
 2018-06-20 20:41:06 CServerGameDesk::OnBeforeProcedureStart 177: before procedure start, from 9 to 6
 2018-06-20 20:41:06 ProcedureInterceptCardImpl::OnStart 316: check interceptable card 18 from Player 2
 2018-06-20 20:41:06 ProcedureInterceptCardJumpDelegateImpl::JumpWhenNoAction 47:  active player changed 2 -> 1
 2018-06-20 20:41:06 CServerGameDesk::OnProcedureChanged 202: procedure change from 9 to 6
 2018-06-20 20:41:06 CServerGameDesk::OnBeforeProcedureStart 177: before procedure start, from 6 to 3
 2018-06-20 20:41:06 MsgDelegateDrawCard::OnSend 61: 1 draw card 2
 2018-06-20 20:41:06 CServerGameDesk::OnProcedureChanged 202: procedure change from 6 to 3
 2018-06-20 20:41:06 CServerGameDesk::OnBeforeProcedureStart 177: before procedure start, from 3 to 4
 2018-06-20 20:41:06 ProcedureAfterGetCardImpl::OnStart 132: Player 1 find action with hand 2,2,3,4,5,9,11,15,16,17,19,22,24,2 and interceptionList  latest draw card 2
 2018-06-20 20:41:06 ProcedureAfterGetCardImpl::OnStart 146: done
 2018-06-20 20:41:06 CServerGameDesk::OnProcedureChanged 202: procedure change from 3 to 4
 2018-06-20 20:41:06 CServerGameDesk::OnBeforeProcedureStart 177: before procedure start, from 4 to 9
 2018-06-20 20:41:06 MsgDelegateWaitDiscard::OnSend 134: waiting on player 1 to discard, with candidates :22,24 !
 2018-06-20 20:41:06 CServerGameDesk::OnProcedureChanged 202: procedure change from 4 to 9
 2018-06-20 20:41:07 MsgDelegateWaitDiscard::OnDiscardCard 40: player 1 discard card 24(idx 12)
 2018-06-20 20:41:07 MsgDelegateDiscardResult::OnSend 49: player 1 discard 24 0
 2018-06-20 20:41:07 CServerGameDesk::OnBeforeProcedureStart 177: before procedure start, from 9 to 6
 2018-06-20 20:41:07 ProcedureInterceptCardImpl::OnStart 316: check interceptable card 24 from Player 1
 2018-06-20 20:41:07 ProcedureInterceptCardJumpDelegateImpl::JumpWhenNoAction 47:  active player changed 1 -> 0
 2018-06-20 20:41:07 CServerGameDesk::OnProcedureChanged 202: procedure change from 9 to 6
 2018-06-20 20:41:07 CServerGameDesk::OnBeforeProcedureStart 177: before procedure start, from 6 to 3
 2018-06-20 20:41:07 MsgDelegateDrawCard::OnSend 61: 0 draw card 7
 2018-06-20 20:41:07 CServerGameDesk::OnProcedureChanged 202: procedure change from 6 to 3
 2018-06-20 20:41:07 CServerGameDesk::OnBeforeProcedureStart 177: before procedure start, from 3 to 4
 2018-06-20 20:41:07 ProcedureAfterGetCardImpl::OnStart 132: Player 0 find action with hand 1,6,6,8,8,11,12,13,14,14,21,22,27,7 and interceptionList  latest draw card 7
 2018-06-20 20:41:07 ProcedureAfterGetCardImpl::OnStart 146: done
 2018-06-20 20:41:07 CServerGameDesk::OnProcedureChanged 202: procedure change from 3 to 4
 2018-06-20 20:41:07 CServerGameDesk::OnBeforeProcedureStart 177: before procedure start, from 4 to 9
 2018-06-20 20:41:07 MsgDelegateWaitDiscard::OnSend 134: waiting on player 0 to discard, with candidates :21,22,27 !
 2018-06-20 20:41:07 CServerGameDesk::OnProcedureChanged 202: procedure change from 4 to 9
 2018-06-20 20:41:09 MsgDelegateWaitDiscard::OnResponse 206: player 0 tried to discard(valid:1, expected player:0)
 2018-06-20 20:41:09 MsgDelegateWaitDiscard::OnResponse 218: the card is 27
 2018-06-20 20:41:09 MsgDelegateWaitDiscard::OnDiscardCard 40: player 0 discard card 27(idx 12)
 2018-06-20 20:41:09 MsgDelegateDiscardResult::OnSend 49: player 0 discard 27 0
 2018-06-20 20:41:09 CServerGameDesk::OnBeforeProcedureStart 177: before procedure start, from 9 to 6
 2018-06-20 20:41:09 ProcedureInterceptCardImpl::OnStart 316: check interceptable card 27 from Player 0
 2018-06-20 20:41:09 ProcedureInterceptCardImpl::OnStart 349: Player 2 have actions type:2 from:0 card:27 cards:27,27,27
 with hand 21,23,25,26,26,27,27,28,28,28 interceptions type:2 from:1 card:29 cards:29,29,29
 card 27
 2018-06-20 20:41:09 ProcedureInterceptCardImpl::OnStart 355: question sent
 2018-06-20 20:41:09 MsgDelegateInterception::OnSend 109: intercepted card : 27
 2018-06-20 20:41:09 MsgDelegateInterception::OnSend 110: player 2 have actions type:2 from:0 card:27 cards:27,27,27

 2018-06-20 20:41:09 CServerGameDesk::OnProcedureChanged 202: procedure change from 9 to 6
 2018-06-20 20:41:15 MsgDelegateInterception::Peng 195: player 2 select 27
 2018-06-20 20:41:15 CServerGameDesk::OnBeforeProcedureStart 177: before procedure start, from 6 to 7
 2018-06-20 20:41:15 MsgDelegateInterceptionResult::OnSend 28: player 2 do with type 2
 2018-06-20 20:41:15 ProcedureDetermineInterceptJumpDelegateImpl::JumpAfterAction 91:  active player changed 0 -> 2
 2018-06-20 20:41:15 CServerGameDesk::OnProcedureChanged 202: procedure change from 6 to 7
 2018-06-20 20:41:15 CServerGameDesk::OnBeforeProcedureStart 177: before procedure start, from 7 to 8
 2018-06-20 20:41:15 ProcedureAfterGetCardImpl::OnStart 132: Player 2 find action with hand 21,23,25,26,26,28,28,28 and interceptionList type:2 from:1 card:29 cards:29,29,29
type:2 from:0 card:27 cards:27,27,27
 latest draw card 255
 2018-06-20 20:41:15 ProcedureAfterGetCardImpl::OnStart 146: done
 2018-06-20 20:41:15 CServerGameDesk::OnProcedureChanged 202: procedure change from 7 to 8
 2018-06-20 20:41:15 CServerGameDesk::OnBeforeProcedureStart 177: before procedure start, from 8 to 9
 2018-06-20 20:41:15 MsgDelegateWaitDiscard::OnSend 134: waiting on player 2 to discard, with candidates :21,23,25,26,26,28,28,28 !
 2018-06-20 20:41:15 CServerGameDesk::OnProcedureChanged 202: procedure change from 8 to 9
 2018-06-20 20:41:16 MsgDelegateWaitDiscard::OnResponse 206: player 2 tried to discard(valid:1, expected player:2)
 2018-06-20 20:41:16 MsgDelegateWaitDiscard::OnResponse 218: the card is 21
 2018-06-20 20:41:16 MsgDelegateWaitDiscard::OnDiscardCard 40: player 2 discard card 21(idx 0)
 2018-06-20 20:41:16 MsgDelegateDiscardResult::OnSend 49: player 2 discard 21 1
 2018-06-20 20:41:16 CServerGameDesk::OnBeforeProcedureStart 177: before procedure start, from 9 to 6
 2018-06-20 20:41:16 ProcedureInterceptCardImpl::OnStart 316: check interceptable card 21 from Player 2
 2018-06-20 20:41:16 ProcedureInterceptCardJumpDelegateImpl::JumpWhenNoAction 47:  active player changed 2 -> 1
 2018-06-20 20:41:16 CServerGameDesk::OnProcedureChanged 202: procedure change from 9 to 6
 2018-06-20 20:41:16 CServerGameDesk::OnBeforeProcedureStart 177: before procedure start, from 6 to 3
 2018-06-20 20:41:16 MsgDelegateDrawCard::OnSend 61: 1 draw card 19
 2018-06-20 20:41:16 CServerGameDesk::OnProcedureChanged 202: procedure change from 6 to 3
 2018-06-20 20:41:16 CServerGameDesk::OnBeforeProcedureStart 177: before procedure start, from 3 to 4
 2018-06-20 20:41:16 ProcedureAfterGetCardImpl::OnStart 132: Player 1 find action with hand 2,2,2,3,4,5,9,11,15,16,17,19,22,19 and interceptionList  latest draw card 19
 2018-06-20 20:41:16 ProcedureAfterGetCardImpl::OnStart 146: done
 2018-06-20 20:41:16 CServerGameDesk::OnProcedureChanged 202: procedure change from 3 to 4
 2018-06-20 20:41:17 CServerGameDesk::OnBeforeProcedureStart 177: before procedure start, from 4 to 9
 2018-06-20 20:41:17 MsgDelegateWaitDiscard::OnSend 134: waiting on player 1 to discard, with candidates :22 !
 2018-06-20 20:41:17 CServerGameDesk::OnProcedureChanged 202: procedure change from 4 to 9
 2018-06-20 20:41:17 MsgDelegateWaitDiscard::OnDiscardCard 40: player 1 discard card 22(idx 12)
 2018-06-20 20:41:17 MsgDelegateDiscardResult::OnSend 49: player 1 discard 22 0
 2018-06-20 20:41:18 CServerGameDesk::OnBeforeProcedureStart 177: before procedure start, from 9 to 6
 2018-06-20 20:41:18 ProcedureInterceptCardImpl::OnStart 316: check interceptable card 22 from Player 1
 2018-06-20 20:41:18 ProcedureInterceptCardJumpDelegateImpl::JumpWhenNoAction 47:  active player changed 1 -> 0
 2018-06-20 20:41:18 CServerGameDesk::OnProcedureChanged 202: procedure change from 9 to 6
 2018-06-20 20:41:18 CServerGameDesk::OnBeforeProcedureStart 177: before procedure start, from 6 to 3
 2018-06-20 20:41:18 MsgDelegateDrawCard::OnSend 61: 0 draw card 14
 2018-06-20 20:41:18 CServerGameDesk::OnProcedureChanged 202: procedure change from 6 to 3
 2018-06-20 20:41:18 CServerGameDesk::OnBeforeProcedureStart 177: before procedure start, from 3 to 4
 2018-06-20 20:41:18 ProcedureAfterGetCardImpl::OnStart 132: Player 0 find action with hand 1,6,6,7,8,8,11,12,13,14,14,21,22,14 and interceptionList  latest draw card 14
 2018-06-20 20:41:18 ProcedureAfterGetCardImpl::OnStart 146: done
 2018-06-20 20:41:18 CServerGameDesk::OnProcedureChanged 202: procedure change from 3 to 4
 2018-06-20 20:41:18 CServerGameDesk::OnBeforeProcedureStart 177: before procedure start, from 4 to 9
 2018-06-20 20:41:18 MsgDelegateWaitDiscard::OnSend 134: waiting on player 0 to discard, with candidates :21,22 !
 2018-06-20 20:41:18 CServerGameDesk::OnProcedureChanged 202: procedure change from 4 to 9
 2018-06-20 20:41:34 MsgDelegateWaitDiscard::OnResponse 206: player 0 tried to discard(valid:1, expected player:0)
 2018-06-20 20:41:34 MsgDelegateWaitDiscard::OnResponse 218: the card is 22
 2018-06-20 20:41:34 MsgDelegateWaitDiscard::OnDiscardCard 40: player 0 discard card 22(idx 12)
 2018-06-20 20:41:34 MsgDelegateDiscardResult::OnSend 49: player 0 discard 22 0
 2018-06-20 20:41:34 CServerGameDesk::OnBeforeProcedureStart 177: before procedure start, from 9 to 6
 2018-06-20 20:41:34 ProcedureInterceptCardImpl::OnStart 316: check interceptable card 22 from Player 0
 2018-06-20 20:41:34 ProcedureInterceptCardJumpDelegateImpl::JumpWhenNoAction 47:  active player changed 0 -> 3
 2018-06-20 20:41:34 CServerGameDesk::OnProcedureChanged 202: procedure change from 9 to 6
 2018-06-20 20:41:34 CServerGameDesk::OnBeforeProcedureStart 177: before procedure start, from 6 to 3
 2018-06-20 20:41:34 MsgDelegateDrawCard::OnSend 61: 3 draw card 15
 2018-06-20 20:41:34 CServerGameDesk::OnProcedureChanged 202: procedure change from 6 to 3
 2018-06-20 20:41:35 CServerGameDesk::OnBeforeProcedureStart 177: before procedure start, from 3 to 4
 2018-06-20 20:41:35 ProcedureAfterGetCardImpl::OnStart 132: Player 3 find action with hand 7,7,9,11,12,12,13,13,13,15,16,17,19,15 and interceptionList  latest draw card 15
 2018-06-20 20:41:35 ProcedureAfterGetCardImpl::OnStart 146: done
 2018-06-20 20:41:35 CServerGameDesk::OnProcedureChanged 202: procedure change from 3 to 4
 2018-06-20 20:41:35 CServerGameDesk::OnBeforeProcedureStart 177: before procedure start, from 4 to 9
 2018-06-20 20:41:35 MsgDelegateWaitDiscard::OnSend 134: waiting on player 3 to discard, with candidates :7,7,9,11,12,12,13,13,13,15,16,17,19,15 !
 2018-06-20 20:41:35 CServerGameDesk::OnProcedureChanged 202: procedure change from 4 to 9
 2018-06-20 20:41:43 MsgDelegateWaitDiscard::OnResponse 206: player 3 tried to discard(valid:1, expected player:3)
 2018-06-20 20:41:43 MsgDelegateWaitDiscard::OnResponse 218: the card is 11
 2018-06-20 20:41:43 MsgDelegateWaitDiscard::OnDiscardCard 40: player 3 discard card 11(idx 3)
 2018-06-20 20:41:43 MsgDelegateDiscardResult::OnSend 49: player 3 discard 11 0
 2018-06-20 20:41:43 CServerGameDesk::OnBeforeProcedureStart 177: before procedure start, from 9 to 6
 2018-06-20 20:41:43 ProcedureInterceptCardImpl::OnStart 316: check interceptable card 11 from Player 3
 2018-06-20 20:41:43 ProcedureInterceptCardJumpDelegateImpl::JumpWhenNoAction 47:  active player changed 3 -> 2
 2018-06-20 20:41:43 CServerGameDesk::OnProcedureChanged 202: procedure change from 9 to 6
 2018-06-20 20:41:43 CServerGameDesk::OnBeforeProcedureStart 177: before procedure start, from 6 to 3
 2018-06-20 20:41:43 MsgDelegateDrawCard::OnSend 61: 2 draw card 22
 2018-06-20 20:41:43 CServerGameDesk::OnProcedureChanged 202: procedure change from 6 to 3
 2018-06-20 20:41:44 CServerGameDesk::OnBeforeProcedureStart 177: before procedure start, from 3 to 4
 2018-06-20 20:41:44 ProcedureAfterGetCardImpl::OnStart 132: Player 2 find action with hand 23,25,26,26,28,28,28,22 and interceptionList type:2 from:1 card:29 cards:29,29,29
type:2 from:0 card:27 cards:27,27,27
 latest draw card 22
 2018-06-20 20:41:44 ProcedureAfterGetCardImpl::OnStart 146: done
 2018-06-20 20:41:44 CServerGameDesk::OnProcedureChanged 202: procedure change from 3 to 4
 2018-06-20 20:41:44 CServerGameDesk::OnBeforeProcedureStart 177: before procedure start, from 4 to 9
 2018-06-20 20:41:44 MsgDelegateWaitDiscard::OnSend 134: waiting on player 2 to discard, with candidates :23,25,26,26,28,28,28,22 !
 2018-06-20 20:41:44 CServerGameDesk::OnProcedureChanged 202: procedure change from 4 to 9
 2018-06-20 20:41:47 MsgDelegateWaitDiscard::OnResponse 206: player 2 tried to discard(valid:1, expected player:2)
 2018-06-20 20:41:47 MsgDelegateWaitDiscard::OnResponse 218: the card is 25
 2018-06-20 20:41:47 MsgDelegateWaitDiscard::OnDiscardCard 40: player 2 discard card 25(idx 1)
 2018-06-20 20:41:47 MsgDelegateDiscardResult::OnSend 49: player 2 discard 25 1
 2018-06-20 20:41:47 CServerGameDesk::OnBeforeProcedureStart 177: before procedure start, from 9 to 6
 2018-06-20 20:41:47 ProcedureInterceptCardImpl::OnStart 316: check interceptable card 25 from Player 2
 2018-06-20 20:41:47 ProcedureInterceptCardJumpDelegateImpl::JumpWhenNoAction 47:  active player changed 2 -> 1
 2018-06-20 20:41:47 CServerGameDesk::OnProcedureChanged 202: procedure change from 9 to 6
 2018-06-20 20:41:47 CServerGameDesk::OnBeforeProcedureStart 177: before procedure start, from 6 to 3
 2018-06-20 20:41:47 MsgDelegateDrawCard::OnSend 61: 1 draw card 21
 2018-06-20 20:41:47 CServerGameDesk::OnProcedureChanged 202: procedure change from 6 to 3
 2018-06-20 20:41:47 CServerGameDesk::OnBeforeProcedureStart 177: before procedure start, from 3 to 4
 2018-06-20 20:41:47 ProcedureAfterGetCardImpl::OnStart 132: Player 1 find action with hand 2,2,2,3,4,5,9,11,15,16,17,19,19,21 and interceptionList  latest draw card 21
 2018-06-20 20:41:47 ProcedureAfterGetCardImpl::OnStart 146: done
 2018-06-20 20:41:47 CServerGameDesk::OnProcedureChanged 202: procedure change from 3 to 4
 2018-06-20 20:41:47 CServerGameDesk::OnBeforeProcedureStart 177: before procedure start, from 4 to 9
 2018-06-20 20:41:47 MsgDelegateWaitDiscard::OnSend 134: waiting on player 1 to discard, with candidates :21 !
 2018-06-20 20:41:47 CServerGameDesk::OnProcedureChanged 202: procedure change from 4 to 9
 2018-06-20 20:41:48 MsgDelegateWaitDiscard::OnDiscardCard 40: player 1 discard card 21(idx 13)
 2018-06-20 20:41:48 MsgDelegateDiscardResult::OnSend 49: player 1 discard 21 0
 2018-06-20 20:41:48 CServerGameDesk::OnBeforeProcedureStart 177: before procedure start, from 9 to 6
 2018-06-20 20:41:48 ProcedureInterceptCardImpl::OnStart 316: check interceptable card 21 from Player 1
 2018-06-20 20:41:48 ProcedureInterceptCardImpl::OnStart 349: Player 2 have actions type:16 from:1 card:21 cards:22,23,26,26,28,28,28,21
 with hand 22,23,26,26,28,28,28 interceptions type:2 from:1 card:29 cards:29,29,29
type:2 from:0 card:27 cards:27,27,27
 card 21
 2018-06-20 20:41:48 ProcedureInterceptCardImpl::OnStart 355: question sent
 2018-06-20 20:41:48 MsgDelegateInterception::OnSend 109: intercepted card : 21
 2018-06-20 20:41:48 MsgDelegateInterception::OnSend 110: player 2 have actions type:16 from:1 card:21 cards:22,23,26,26,28,28,28,21

 2018-06-20 20:41:48 CServerGameDesk::OnProcedureChanged 202: procedure change from 9 to 6
 2018-06-20 20:42:01 MsgDelegateInterception::Win 247: player 2 select 21
 2018-06-20 20:42:01 CServerGameDesk::OnBeforeProcedureStart 177: before procedure start, from 6 to 7
 2018-06-20 20:42:01 MsgDelegateInterceptionResult::OnSend 28: player 2 do with type 16
 2018-06-20 20:42:01 ProcedureDetermineInterceptJumpDelegateImpl::JumpAfterAction 91:  active player changed 1 -> 0
 2018-06-20 20:42:01 CServerGameDesk::OnProcedureChanged 202: procedure change from 6 to 7
 2018-06-20 20:42:01 CServerGameDesk::OnBeforeProcedureStart 177: before procedure start, from 7 to 3
 2018-06-20 20:42:01 MsgDelegateDrawCard::OnSend 61: 0 draw card 4
 2018-06-20 20:42:01 CServerGameDesk::OnProcedureChanged 202: procedure change from 7 to 3
 2018-06-20 20:42:01 CServerGameDesk::OnBeforeProcedureStart 177: before procedure start, from 3 to 4
 2018-06-20 20:42:01 ProcedureAfterGetCardImpl::OnStart 132: Player 0 find action with hand 1,6,6,7,8,8,11,12,13,14,14,14,21,4 and interceptionList  latest draw card 4
 2018-06-20 20:42:01 ProcedureAfterGetCardImpl::OnStart 146: done
 2018-06-20 20:42:01 CServerGameDesk::OnProcedureChanged 202: procedure change from 3 to 4
 2018-06-20 20:42:01 CServerGameDesk::OnBeforeProcedureStart 177: before procedure start, from 4 to 9
 2018-06-20 20:42:01 MsgDelegateWaitDiscard::OnSend 134: waiting on player 0 to discard, with candidates :21 !
 2018-06-20 20:42:01 CServerGameDesk::OnProcedureChanged 202: procedure change from 4 to 9
 2018-06-20 20:42:21 MsgDelegateWaitDiscard::OnDiscardCard 40: player 0 discard card 21(idx 12)
 2018-06-20 20:42:21 MsgDelegateDiscardResult::OnSend 49: player 0 discard 21 0
 2018-06-20 20:42:21 CServerGameDesk::OnBeforeProcedureStart 177: before procedure start, from 9 to 6
 2018-06-20 20:42:21 ProcedureInterceptCardImpl::OnStart 316: check interceptable card 21 from Player 0
 2018-06-20 20:42:21 ProcedureInterceptCardJumpDelegateImpl::JumpWhenNoAction 47:  active player changed 0 -> 3
 2018-06-20 20:42:21 CServerGameDesk::OnProcedureChanged 202: procedure change from 9 to 6
 2018-06-20 20:42:21 CServerGameDesk::OnBeforeProcedureStart 177: before procedure start, from 6 to 3
 2018-06-20 20:42:21 MsgDelegateDrawCard::OnSend 61: 3 draw card 19
 2018-06-20 20:42:21 CServerGameDesk::OnProcedureChanged 202: procedure change from 6 to 3
 2018-06-20 20:42:21 CServerGameDesk::OnBeforeProcedureStart 177: before procedure start, from 3 to 4
 2018-06-20 20:42:21 ProcedureAfterGetCardImpl::OnStart 132: Player 3 find action with hand 7,7,9,12,12,13,13,13,15,15,16,17,19,19 and interceptionList  latest draw card 19
 2018-06-20 20:42:21 ProcedureAfterGetCardImpl::OnStart 146: done
 2018-06-20 20:42:21 CServerGameDesk::OnProcedureChanged 202: procedure change from 3 to 4
 2018-06-20 20:42:21 CServerGameDesk::OnBeforeProcedureStart 177: before procedure start, from 4 to 9
 2018-06-20 20:42:21 MsgDelegateWaitDiscard::OnSend 134: waiting on player 3 to discard, with candidates :7,7,9,12,12,13,13,13,15,15,16,17,19,19 !
 2018-06-20 20:42:21 CServerGameDesk::OnProcedureChanged 202: procedure change from 4 to 9
 2018-06-20 20:42:28 MsgDelegateWaitDiscard::OnResponse 206: player 3 tried to discard(valid:1, expected player:3)
 2018-06-20 20:42:28 MsgDelegateWaitDiscard::OnResponse 218: the card is 9
 2018-06-20 20:42:28 MsgDelegateWaitDiscard::OnDiscardCard 40: player 3 discard card 9(idx 2)
 2018-06-20 20:42:28 MsgDelegateDiscardResult::OnSend 49: player 3 discard 9 0
 2018-06-20 20:42:28 CServerGameDesk::OnBeforeProcedureStart 177: before procedure start, from 9 to 6
 2018-06-20 20:42:28 ProcedureInterceptCardImpl::OnStart 316: check interceptable card 9 from Player 3
 2018-06-20 20:42:28 ProcedureInterceptCardJumpDelegateImpl::JumpWhenNoAction 47:  active player changed 3 -> 1
 2018-06-20 20:42:28 CServerGameDesk::OnProcedureChanged 202: procedure change from 9 to 6
 2018-06-20 20:42:28 CServerGameDesk::OnBeforeProcedureStart 177: before procedure start, from 6 to 3
 2018-06-20 20:42:28 MsgDelegateDrawCard::OnSend 61: 1 draw card 21
 2018-06-20 20:42:28 CServerGameDesk::OnProcedureChanged 202: procedure change from 6 to 3
 2018-06-20 20:42:28 CServerGameDesk::OnBeforeProcedureStart 177: before procedure start, from 3 to 4
 2018-06-20 20:42:28 ProcedureAfterGetCardImpl::OnStart 132: Player 1 find action with hand 2,2,2,3,4,5,9,11,15,16,17,19,19,21 and interceptionList  latest draw card 21
 2018-06-20 20:42:28 ProcedureAfterGetCardImpl::OnStart 146: done
 2018-06-20 20:42:28 CServerGameDesk::OnProcedureChanged 202: procedure change from 3 to 4
 2018-06-20 20:42:28 CServerGameDesk::OnBeforeProcedureStart 177: before procedure start, from 4 to 9
 2018-06-20 20:42:28 MsgDelegateWaitDiscard::OnSend 134: waiting on player 1 to discard, with candidates :21 !
 2018-06-20 20:42:28 CServerGameDesk::OnProcedureChanged 202: procedure change from 4 to 9
 2018-06-20 20:42:29 MsgDelegateWaitDiscard::OnDiscardCard 40: player 1 discard card 21(idx 13)
 2018-06-20 20:42:29 MsgDelegateDiscardResult::OnSend 49: player 1 discard 21 0
 2018-06-20 20:42:29 CServerGameDesk::OnBeforeProcedureStart 177: before procedure start, from 9 to 6
 2018-06-20 20:42:29 ProcedureInterceptCardImpl::OnStart 316: check interceptable card 21 from Player 1
 2018-06-20 20:42:29 ProcedureInterceptCardJumpDelegateImpl::JumpWhenNoAction 47:  active player changed 1 -> 0
 2018-06-20 20:42:29 CServerGameDesk::OnProcedureChanged 202: procedure change from 9 to 6
 2018-06-20 20:42:29 CServerGameDesk::OnBeforeProcedureStart 177: before procedure start, from 6 to 3
 2018-06-20 20:42:29 MsgDelegateDrawCard::OnSend 61: 0 draw card 18
 2018-06-20 20:42:29 CServerGameDesk::OnProcedureChanged 202: procedure change from 6 to 3
 2018-06-20 20:42:30 CServerGameDesk::OnBeforeProcedureStart 177: before procedure start, from 3 to 4
 2018-06-20 20:42:30 ProcedureAfterGetCardImpl::OnStart 132: Player 0 find action with hand 1,4,6,6,7,8,8,11,12,13,14,14,14,18 and interceptionList  latest draw card 18
 2018-06-20 20:42:30 ProcedureAfterGetCardImpl::OnStart 146: done
 2018-06-20 20:42:30 CServerGameDesk::OnProcedureChanged 202: procedure change from 3 to 4
 2018-06-20 20:42:30 CServerGameDesk::OnBeforeProcedureStart 177: before procedure start, from 4 to 9
 2018-06-20 20:42:30 MsgDelegateWaitDiscard::OnSend 134: waiting on player 0 to discard, with candidates :1,4,6,6,7,8,8,11,12,13,14,14,14,18 !
 2018-06-20 20:42:30 CServerGameDesk::OnProcedureChanged 202: procedure change from 4 to 9
 2018-06-20 20:42:50 MsgDelegateWaitDiscard::OnDiscardCard 40: player 0 discard card 18(idx 13)
 2018-06-20 20:42:50 MsgDelegateDiscardResult::OnSend 49: player 0 discard 18 0
 2018-06-20 20:42:50 CServerGameDesk::OnBeforeProcedureStart 177: before procedure start, from 9 to 6
 2018-06-20 20:42:50 ProcedureInterceptCardImpl::OnStart 316: check interceptable card 18 from Player 0
 2018-06-20 20:42:50 ProcedureInterceptCardJumpDelegateImpl::JumpWhenNoAction 47:  active player changed 0 -> 3
 2018-06-20 20:42:50 CServerGameDesk::OnProcedureChanged 202: procedure change from 9 to 6
 2018-06-20 20:42:50 CServerGameDesk::OnBeforeProcedureStart 177: before procedure start, from 6 to 3
 2018-06-20 20:42:50 MsgDelegateDrawCard::OnSend 61: 3 draw card 23
 2018-06-20 20:42:50 CServerGameDesk::OnProcedureChanged 202: procedure change from 6 to 3
 2018-06-20 20:42:50 CServerGameDesk::OnBeforeProcedureStart 177: before procedure start, from 3 to 4
 2018-06-20 20:42:50 ProcedureAfterGetCardImpl::OnStart 132: Player 3 find action with hand 7,7,12,12,13,13,13,15,15,16,17,19,19,23 and interceptionList  latest draw card 23
 2018-06-20 20:42:50 ProcedureAfterGetCardImpl::OnStart 146: done
 2018-06-20 20:42:50 CServerGameDesk::OnProcedureChanged 202: procedure change from 3 to 4
 2018-06-20 20:42:50 CServerGameDesk::OnBeforeProcedureStart 177: before procedure start, from 4 to 9
 2018-06-20 20:42:50 MsgDelegateWaitDiscard::OnSend 134: waiting on player 3 to discard, with candidates :23 !
 2018-06-20 20:42:50 CServerGameDesk::OnProcedureChanged 202: procedure change from 4 to 9
 2018-06-20 20:42:54 MsgDelegateWaitDiscard::OnResponse 206: player 3 tried to discard(valid:1, expected player:3)
 2018-06-20 20:42:54 MsgDelegateWaitDiscard::OnResponse 218: the card is 23
 2018-06-20 20:42:54 MsgDelegateWaitDiscard::OnDiscardCard 40: player 3 discard card 23(idx 13)
 2018-06-20 20:42:54 MsgDelegateDiscardResult::OnSend 49: player 3 discard 23 0
 2018-06-20 20:42:54 CServerGameDesk::OnBeforeProcedureStart 177: before procedure start, from 9 to 6
 2018-06-20 20:42:54 ProcedureInterceptCardImpl::OnStart 316: check interceptable card 23 from Player 3
 2018-06-20 20:42:54 ProcedureInterceptCardJumpDelegateImpl::JumpWhenNoAction 47:  active player changed 3 -> 1
 2018-06-20 20:42:54 CServerGameDesk::OnProcedureChanged 202: procedure change from 9 to 6
 2018-06-20 20:42:54 CServerGameDesk::OnBeforeProcedureStart 177: before procedure start, from 6 to 3
 2018-06-20 20:42:54 MsgDelegateDrawCard::OnSend 61: 1 draw card 3
 2018-06-20 20:42:54 CServerGameDesk::OnProcedureChanged 202: procedure change from 6 to 3
 2018-06-20 20:42:54 CServerGameDesk::OnBeforeProcedureStart 177: before procedure start, from 3 to 4
 2018-06-20 20:42:54 ProcedureAfterGetCardImpl::OnStart 132: Player 1 find action with hand 2,2,2,3,4,5,9,11,15,16,17,19,19,3 and interceptionList  latest draw card 3
 2018-06-20 20:42:54 ProcedureAfterGetCardImpl::OnStart 146: done
 2018-06-20 20:42:54 CServerGameDesk::OnProcedureChanged 202: procedure change from 3 to 4
 2018-06-20 20:42:55 CServerGameDesk::OnBeforeProcedureStart 177: before procedure start, from 4 to 9
 2018-06-20 20:42:55 MsgDelegateWaitDiscard::OnSend 134: waiting on player 1 to discard, with candidates :2,2,2,3,4,5,9,11,15,16,17,19,19,3 !
 2018-06-20 20:42:55 CServerGameDesk::OnProcedureChanged 202: procedure change from 4 to 9
 2018-06-20 20:42:56 MsgDelegateWaitDiscard::OnDiscardCard 40: player 1 discard card 3(idx 3)
 2018-06-20 20:42:56 MsgDelegateDiscardResult::OnSend 49: player 1 discard 3 0
 2018-06-20 20:42:56 CServerGameDesk::OnBeforeProcedureStart 177: before procedure start, from 9 to 6
 2018-06-20 20:42:56 ProcedureInterceptCardImpl::OnStart 316: check interceptable card 3 from Player 1
 2018-06-20 20:42:56 ProcedureInterceptCardJumpDelegateImpl::JumpWhenNoAction 47:  active player changed 1 -> 0
 2018-06-20 20:42:56 CServerGameDesk::OnProcedureChanged 202: procedure change from 9 to 6
 2018-06-20 20:42:56 CServerGameDesk::OnBeforeProcedureStart 177: before procedure start, from 6 to 3
 2018-06-20 20:42:56 MsgDelegateDrawCard::OnSend 61: 0 draw card 22
 2018-06-20 20:42:56 CServerGameDesk::OnProcedureChanged 202: procedure change from 6 to 3
 2018-06-20 20:42:56 CServerGameDesk::OnBeforeProcedureStart 177: before procedure start, from 3 to 4
 2018-06-20 20:42:56 ProcedureAfterGetCardImpl::OnStart 132: Player 0 find action with hand 1,4,6,6,7,8,8,11,12,13,14,14,14,22 and interceptionList  latest draw card 22
 2018-06-20 20:42:56 ProcedureAfterGetCardImpl::OnStart 146: done
 2018-06-20 20:42:56 CServerGameDesk::OnProcedureChanged 202: procedure change from 3 to 4
 2018-06-20 20:42:56 CServerGameDesk::OnBeforeProcedureStart 177: before procedure start, from 4 to 9
 2018-06-20 20:42:56 MsgDelegateWaitDiscard::OnSend 134: waiting on player 0 to discard, with candidates :22 !
 2018-06-20 20:42:56 CServerGameDesk::OnProcedureChanged 202: procedure change from 4 to 9
 2018-06-20 20:43:07 MsgDelegateWaitDiscard::OnResponse 206: player 0 tried to discard(valid:1, expected player:0)
 2018-06-20 20:43:07 MsgDelegateWaitDiscard::OnResponse 218: the card is 22
 2018-06-20 20:43:07 MsgDelegateWaitDiscard::OnDiscardCard 40: player 0 discard card 22(idx 13)
 2018-06-20 20:43:07 MsgDelegateDiscardResult::OnSend 49: player 0 discard 22 0
 2018-06-20 20:43:07 CServerGameDesk::OnBeforeProcedureStart 177: before procedure start, from 9 to 6
 2018-06-20 20:43:07 ProcedureInterceptCardImpl::OnStart 316: check interceptable card 22 from Player 0
 2018-06-20 20:43:07 ProcedureInterceptCardJumpDelegateImpl::JumpWhenNoAction 47:  active player changed 0 -> 3
 2018-06-20 20:43:07 CServerGameDesk::OnProcedureChanged 202: procedure change from 9 to 6
 2018-06-20 20:43:07 CServerGameDesk::OnBeforeProcedureStart 177: before procedure start, from 6 to 3
 2018-06-20 20:43:07 MsgDelegateDrawCard::OnSend 61: 3 draw card 17
 2018-06-20 20:43:07 CServerGameDesk::OnProcedureChanged 202: procedure change from 6 to 3
 2018-06-20 20:43:07 CServerGameDesk::OnBeforeProcedureStart 177: before procedure start, from 3 to 4
 2018-06-20 20:43:07 ProcedureAfterGetCardImpl::OnStart 132: Player 3 find action with hand 7,7,12,12,13,13,13,15,15,16,17,19,19,17 and interceptionList  latest draw card 17
 2018-06-20 20:43:07 ProcedureAfterGetCardImpl::OnStart 146: done
 2018-06-20 20:43:07 CServerGameDesk::OnProcedureChanged 202: procedure change from 3 to 4
 2018-06-20 20:43:07 CServerGameDesk::OnBeforeProcedureStart 177: before procedure start, from 4 to 9
 2018-06-20 20:43:07 MsgDelegateWaitDiscard::OnSend 134: waiting on player 3 to discard, with candidates :7,7,12,12,13,13,13,15,15,16,17,19,19,17 !
 2018-06-20 20:43:07 CServerGameDesk::OnProcedureChanged 202: procedure change from 4 to 9
 2018-06-20 20:43:12 MsgDelegateWaitDiscard::OnResponse 206: player 3 tried to discard(valid:1, expected player:3)
 2018-06-20 20:43:12 MsgDelegateWaitDiscard::OnResponse 218: the card is 15
 2018-06-20 20:43:12 MsgDelegateWaitDiscard::OnDiscardCard 40: player 3 discard card 15(idx 7)
 2018-06-20 20:43:12 MsgDelegateDiscardResult::OnSend 49: player 3 discard 15 0
 2018-06-20 20:43:12 CServerGameDesk::OnBeforeProcedureStart 177: before procedure start, from 9 to 6
 2018-06-20 20:43:12 ProcedureInterceptCardImpl::OnStart 316: check interceptable card 15 from Player 3
 2018-06-20 20:43:12 ProcedureInterceptCardJumpDelegateImpl::JumpWhenNoAction 47:  active player changed 3 -> 1
 2018-06-20 20:43:12 CServerGameDesk::OnProcedureChanged 202: procedure change from 9 to 6
 2018-06-20 20:43:12 CServerGameDesk::OnBeforeProcedureStart 177: before procedure start, from 6 to 3
 2018-06-20 20:43:12 MsgDelegateDrawCard::OnSend 61: 1 draw card 25
 2018-06-20 20:43:12 CServerGameDesk::OnProcedureChanged 202: procedure change from 6 to 3
 2018-06-20 20:43:13 CServerGameDesk::OnBeforeProcedureStart 177: before procedure start, from 3 to 4
 2018-06-20 20:43:13 ProcedureAfterGetCardImpl::OnStart 132: Player 1 find action with hand 2,2,2,3,4,5,9,11,15,16,17,19,19,25 and interceptionList  latest draw card 25
 2018-06-20 20:43:13 ProcedureAfterGetCardImpl::OnStart 146: done
 2018-06-20 20:43:13 CServerGameDesk::OnProcedureChanged 202: procedure change from 3 to 4
 2018-06-20 20:43:13 CServerGameDesk::OnBeforeProcedureStart 177: before procedure start, from 4 to 9
 2018-06-20 20:43:13 MsgDelegateWaitDiscard::OnSend 134: waiting on player 1 to discard, with candidates :25 !
 2018-06-20 20:43:13 CServerGameDesk::OnProcedureChanged 202: procedure change from 4 to 9
 2018-06-20 20:43:14 MsgDelegateWaitDiscard::OnDiscardCard 40: player 1 discard card 25(idx 13)
 2018-06-20 20:43:14 MsgDelegateDiscardResult::OnSend 49: player 1 discard 25 0
 2018-06-20 20:43:14 CServerGameDesk::OnBeforeProcedureStart 177: before procedure start, from 9 to 6
 2018-06-20 20:43:14 ProcedureInterceptCardImpl::OnStart 316: check interceptable card 25 from Player 1
 2018-06-20 20:43:14 ProcedureInterceptCardJumpDelegateImpl::JumpWhenNoAction 47:  active player changed 1 -> 0
 2018-06-20 20:43:14 CServerGameDesk::OnProcedureChanged 202: procedure change from 9 to 6
 2018-06-20 20:43:14 CServerGameDesk::OnBeforeProcedureStart 177: before procedure start, from 6 to 3
 2018-06-20 20:43:14 MsgDelegateDrawCard::OnSend 61: 0 draw card 24
 2018-06-20 20:43:14 CServerGameDesk::OnProcedureChanged 202: procedure change from 6 to 3
 2018-06-20 20:43:14 CServerGameDesk::OnBeforeProcedureStart 177: before procedure start, from 3 to 4
 2018-06-20 20:43:14 ProcedureAfterGetCardImpl::OnStart 132: Player 0 find action with hand 1,4,6,6,7,8,8,11,12,13,14,14,14,24 and interceptionList  latest draw card 24
 2018-06-20 20:43:14 ProcedureAfterGetCardImpl::OnStart 146: done
 2018-06-20 20:43:14 CServerGameDesk::OnProcedureChanged 202: procedure change from 3 to 4
 2018-06-20 20:43:14 CServerGameDesk::OnBeforeProcedureStart 177: before procedure start, from 4 to 9
 2018-06-20 20:43:14 MsgDelegateWaitDiscard::OnSend 134: waiting on player 0 to discard, with candidates :24 !
 2018-06-20 20:43:14 CServerGameDesk::OnProcedureChanged 202: procedure change from 4 to 9
 2018-06-20 20:43:18 MsgDelegateWaitDiscard::OnResponse 206: player 0 tried to discard(valid:1, expected player:0)
 2018-06-20 20:43:18 MsgDelegateWaitDiscard::OnResponse 218: the card is 24
 2018-06-20 20:43:18 MsgDelegateWaitDiscard::OnDiscardCard 40: player 0 discard card 24(idx 13)
 2018-06-20 20:43:18 MsgDelegateDiscardResult::OnSend 49: player 0 discard 24 0
 2018-06-20 20:43:18 CServerGameDesk::OnBeforeProcedureStart 177: before procedure start, from 9 to 6
 2018-06-20 20:43:18 ProcedureInterceptCardImpl::OnStart 316: check interceptable card 24 from Player 0
 2018-06-20 20:43:18 ProcedureInterceptCardJumpDelegateImpl::JumpWhenNoAction 47:  active player changed 0 -> 3
 2018-06-20 20:43:18 CServerGameDesk::OnProcedureChanged 202: procedure change from 9 to 6
 2018-06-20 20:43:18 CServerGameDesk::OnBeforeProcedureStart 177: before procedure start, from 6 to 3
 2018-06-20 20:43:18 MsgDelegateDrawCard::OnSend 61: 3 draw card 18
 2018-06-20 20:43:18 CServerGameDesk::OnProcedureChanged 202: procedure change from 6 to 3
 2018-06-20 20:43:18 CServerGameDesk::OnBeforeProcedureStart 177: before procedure start, from 3 to 4
 2018-06-20 20:43:18 ProcedureAfterGetCardImpl::OnStart 132: Player 3 find action with hand 7,7,12,12,13,13,13,15,16,17,17,19,19,18 and interceptionList  latest draw card 18
 2018-06-20 20:43:18 ProcedureAfterGetCardImpl::OnStart 146: done
 2018-06-20 20:43:18 CServerGameDesk::OnProcedureChanged 202: procedure change from 3 to 4
 2018-06-20 20:43:18 CServerGameDesk::OnBeforeProcedureStart 177: before procedure start, from 4 to 9
 2018-06-20 20:43:18 MsgDelegateWaitDiscard::OnSend 134: waiting on player 3 to discard, with candidates :7,7,12,12,13,13,13,15,16,17,17,19,19,18 !
 2018-06-20 20:43:18 CServerGameDesk::OnProcedureChanged 202: procedure change from 4 to 9
 2018-06-20 20:43:26 MsgDelegateWaitDiscard::OnResponse 206: player 3 tried to discard(valid:1, expected player:3)
 2018-06-20 20:43:26 MsgDelegateWaitDiscard::OnResponse 218: the card is 19
 2018-06-20 20:43:26 MsgDelegateWaitDiscard::OnDiscardCard 40: player 3 discard card 19(idx 11)
 2018-06-20 20:43:26 MsgDelegateDiscardResult::OnSend 49: player 3 discard 19 0
 2018-06-20 20:43:26 CServerGameDesk::OnBeforeProcedureStart 177: before procedure start, from 9 to 6
 2018-06-20 20:43:26 ProcedureInterceptCardImpl::OnStart 316: check interceptable card 19 from Player 3
 2018-06-20 20:43:26 ProcedureInterceptCardImpl::OnStart 349: Player 1 have actions type:2 from:3 card:19 cards:19,19,19
 with hand 2,2,2,3,4,5,9,11,15,16,17,19,19 interceptions  card 19
 2018-06-20 20:43:26 ProcedureInterceptCardImpl::OnStart 355: question sent
 2018-06-20 20:43:26 MsgDelegateInterception::OnSend 109: intercepted card : 19
 2018-06-20 20:43:26 MsgDelegateInterception::OnSend 110: player 1 have actions type:2 from:3 card:19 cards:19,19,19

 2018-06-20 20:43:26 CServerGameDesk::OnProcedureChanged 202: procedure change from 9 to 6
 2018-06-20 20:43:26 MsgDelegateInterception::Ignore 281: player 1 ignore 
 2018-06-20 20:43:26 MsgDelegateInterceptionResult::OnSend 28: player 1 do with type 0
 2018-06-20 20:43:26 ProcedureInterceptCardJumpDelegateImpl::JumpWhenNoAction 47:  active player changed 3 -> 1
 2018-06-20 20:43:27 CServerGameDesk::OnBeforeProcedureStart 177: before procedure start, from 6 to 3
 2018-06-20 20:43:27 MsgDelegateDrawCard::OnSend 61: 1 draw card 4
 2018-06-20 20:43:27 CServerGameDesk::OnProcedureChanged 202: procedure change from 6 to 3
 2018-06-20 20:43:27 CServerGameDesk::OnBeforeProcedureStart 177: before procedure start, from 3 to 4
 2018-06-20 20:43:27 ProcedureAfterGetCardImpl::OnStart 132: Player 1 find action with hand 2,2,2,3,4,5,9,11,15,16,17,19,19,4 and interceptionList  latest draw card 4
 2018-06-20 20:43:27 ProcedureAfterGetCardImpl::OnStart 146: done
 2018-06-20 20:43:27 CServerGameDesk::OnProcedureChanged 202: procedure change from 3 to 4
 2018-06-20 20:43:27 CServerGameDesk::OnBeforeProcedureStart 177: before procedure start, from 4 to 9
 2018-06-20 20:43:27 MsgDelegateWaitDiscard::OnSend 134: waiting on player 1 to discard, with candidates :2,2,2,3,4,5,9,11,15,16,17,19,19,4 !
 2018-06-20 20:43:27 CServerGameDesk::OnProcedureChanged 202: procedure change from 4 to 9
 2018-06-20 20:43:28 MsgDelegateWaitDiscard::OnDiscardCard 40: player 1 discard card 4(idx 4)
 2018-06-20 20:43:28 MsgDelegateDiscardResult::OnSend 49: player 1 discard 4 0
 2018-06-20 20:43:28 CServerGameDesk::OnBeforeProcedureStart 177: before procedure start, from 9 to 6
 2018-06-20 20:43:28 ProcedureInterceptCardImpl::OnStart 316: check interceptable card 4 from Player 1
 2018-06-20 20:43:28 ProcedureInterceptCardJumpDelegateImpl::JumpWhenNoAction 47:  active player changed 1 -> 0
 2018-06-20 20:43:28 CServerGameDesk::OnProcedureChanged 202: procedure change from 9 to 6
 2018-06-20 20:43:28 CServerGameDesk::OnBeforeProcedureStart 177: before procedure start, from 6 to 3
 2018-06-20 20:43:28 MsgDelegateDrawCard::OnSend 61: 0 draw card 25
 2018-06-20 20:43:28 CServerGameDesk::OnProcedureChanged 202: procedure change from 6 to 3
 2018-06-20 20:43:28 CServerGameDesk::OnBeforeProcedureStart 177: before procedure start, from 3 to 4
 2018-06-20 20:43:28 ProcedureAfterGetCardImpl::OnStart 132: Player 0 find action with hand 1,4,6,6,7,8,8,11,12,13,14,14,14,25 and interceptionList  latest draw card 25
 2018-06-20 20:43:28 ProcedureAfterGetCardImpl::OnStart 146: done
 2018-06-20 20:43:28 CServerGameDesk::OnProcedureChanged 202: procedure change from 3 to 4
 2018-06-20 20:43:28 CServerGameDesk::OnBeforeProcedureStart 177: before procedure start, from 4 to 9
 2018-06-20 20:43:28 MsgDelegateWaitDiscard::OnSend 134: waiting on player 0 to discard, with candidates :25 !
 2018-06-20 20:43:28 CServerGameDesk::OnProcedureChanged 202: procedure change from 4 to 9
 2018-06-20 20:43:30 MsgDelegateWaitDiscard::OnResponse 206: player 0 tried to discard(valid:1, expected player:0)
 2018-06-20 20:43:30 MsgDelegateWaitDiscard::OnResponse 218: the card is 25
 2018-06-20 20:43:30 MsgDelegateWaitDiscard::OnDiscardCard 40: player 0 discard card 25(idx 13)
 2018-06-20 20:43:30 MsgDelegateDiscardResult::OnSend 49: player 0 discard 25 0
 2018-06-20 20:43:30 CServerGameDesk::OnBeforeProcedureStart 177: before procedure start, from 9 to 6
 2018-06-20 20:43:30 ProcedureInterceptCardImpl::OnStart 316: check interceptable card 25 from Player 0
 2018-06-20 20:43:30 ProcedureInterceptCardJumpDelegateImpl::JumpWhenNoAction 47:  active player changed 0 -> 3
 2018-06-20 20:43:30 CServerGameDesk::OnProcedureChanged 202: procedure change from 9 to 6
 2018-06-20 20:43:30 CServerGameDesk::OnBeforeProcedureStart 177: before procedure start, from 6 to 3
 2018-06-20 20:43:30 MsgDelegateDrawCard::OnSend 61: 3 draw card 5
 2018-06-20 20:43:30 CServerGameDesk::OnProcedureChanged 202: procedure change from 6 to 3
 2018-06-20 20:43:31 CServerGameDesk::OnBeforeProcedureStart 177: before procedure start, from 3 to 4
 2018-06-20 20:43:31 ProcedureAfterGetCardImpl::OnStart 132: Player 3 find action with hand 7,7,12,12,13,13,13,15,16,17,17,18,19,5 and interceptionList  latest draw card 5
 2018-06-20 20:43:31 ProcedureAfterGetCardImpl::OnStart 146: done
 2018-06-20 20:43:31 CServerGameDesk::OnProcedureChanged 202: procedure change from 3 to 4
 2018-06-20 20:43:31 CServerGameDesk::OnBeforeProcedureStart 177: before procedure start, from 4 to 9
 2018-06-20 20:43:31 MsgDelegateWaitDiscard::OnSend 134: waiting on player 3 to discard, with candidates :7,7,12,12,13,13,13,15,16,17,17,18,19,5 !
 2018-06-20 20:43:31 CServerGameDesk::OnProcedureChanged 202: procedure change from 4 to 9
 2018-06-20 20:43:33 MsgDelegateWaitDiscard::OnResponse 206: player 3 tried to discard(valid:1, expected player:3)
 2018-06-20 20:43:33 MsgDelegateWaitDiscard::OnResponse 218: the card is 5
 2018-06-20 20:43:33 MsgDelegateWaitDiscard::OnDiscardCard 40: player 3 discard card 5(idx 13)
 2018-06-20 20:43:33 MsgDelegateDiscardResult::OnSend 49: player 3 discard 5 1
 2018-06-20 20:43:33 CServerGameDesk::OnBeforeProcedureStart 177: before procedure start, from 9 to 6
 2018-06-20 20:43:33 ProcedureInterceptCardImpl::OnStart 316: check interceptable card 5 from Player 3
 2018-06-20 20:43:33 ProcedureInterceptCardJumpDelegateImpl::JumpWhenNoAction 47:  active player changed 3 -> 1
 2018-06-20 20:43:33 CServerGameDesk::OnProcedureChanged 202: procedure change from 9 to 6
 2018-06-20 20:43:33 CServerGameDesk::OnBeforeProcedureStart 177: before procedure start, from 6 to 3
 2018-06-20 20:43:33 MsgDelegateDrawCard::OnSend 61: 1 draw card 26
 2018-06-20 20:43:33 CServerGameDesk::OnProcedureChanged 202: procedure change from 6 to 3
 2018-06-20 20:43:33 CServerGameDesk::OnBeforeProcedureStart 177: before procedure start, from 3 to 4
 2018-06-20 20:43:33 ProcedureAfterGetCardImpl::OnStart 132: Player 1 find action with hand 2,2,2,3,4,5,9,11,15,16,17,19,19,26 and interceptionList  latest draw card 26
 2018-06-20 20:43:33 ProcedureAfterGetCardImpl::OnStart 146: done
 2018-06-20 20:43:33 CServerGameDesk::OnProcedureChanged 202: procedure change from 3 to 4
 2018-06-20 20:43:33 CServerGameDesk::OnBeforeProcedureStart 177: before procedure start, from 4 to 9
 2018-06-20 20:43:33 MsgDelegateWaitDiscard::OnSend 134: waiting on player 1 to discard, with candidates :26 !
 2018-06-20 20:43:33 CServerGameDesk::OnProcedureChanged 202: procedure change from 4 to 9
 2018-06-20 20:43:34 MsgDelegateWaitDiscard::OnDiscardCard 40: player 1 discard card 26(idx 13)
 2018-06-20 20:43:34 MsgDelegateDiscardResult::OnSend 49: player 1 discard 26 0
 2018-06-20 20:43:34 CServerGameDesk::OnBeforeProcedureStart 177: before procedure start, from 9 to 6
 2018-06-20 20:43:34 ProcedureInterceptCardImpl::OnStart 316: check interceptable card 26 from Player 1
 2018-06-20 20:43:34 ProcedureInterceptCardJumpDelegateImpl::JumpWhenNoAction 47:  active player changed 1 -> 0
 2018-06-20 20:43:34 CServerGameDesk::OnProcedureChanged 202: procedure change from 9 to 6
 2018-06-20 20:43:34 CServerGameDesk::OnBeforeProcedureStart 177: before procedure start, from 6 to 3
 2018-06-20 20:43:34 MsgDelegateDrawCard::OnSend 61: 0 draw card 16
 2018-06-20 20:43:34 CServerGameDesk::OnProcedureChanged 202: procedure change from 6 to 3
 2018-06-20 20:43:34 CServerGameDesk::OnBeforeProcedureStart 177: before procedure start, from 3 to 4
 2018-06-20 20:43:34 ProcedureAfterGetCardImpl::OnStart 132: Player 0 find action with hand 1,4,6,6,7,8,8,11,12,13,14,14,14,16 and interceptionList  latest draw card 16
 2018-06-20 20:43:34 ProcedureAfterGetCardImpl::OnStart 146: done
 2018-06-20 20:43:34 CServerGameDesk::OnProcedureChanged 202: procedure change from 3 to 4
 2018-06-20 20:43:34 CServerGameDesk::OnBeforeProcedureStart 177: before procedure start, from 4 to 9
 2018-06-20 20:43:34 MsgDelegateWaitDiscard::OnSend 134: waiting on player 0 to discard, with candidates :1,4,6,6,7,8,8,11,12,13,14,14,14,16 !
 2018-06-20 20:43:34 CServerGameDesk::OnProcedureChanged 202: procedure change from 4 to 9
 2018-06-20 20:43:38 MsgDelegateWaitDiscard::OnResponse 206: player 0 tried to discard(valid:1, expected player:0)
 2018-06-20 20:43:38 MsgDelegateWaitDiscard::OnResponse 218: the card is 16
 2018-06-20 20:43:38 MsgDelegateWaitDiscard::OnDiscardCard 40: player 0 discard card 16(idx 13)
 2018-06-20 20:43:38 MsgDelegateDiscardResult::OnSend 49: player 0 discard 16 0
 2018-06-20 20:43:38 CServerGameDesk::OnBeforeProcedureStart 177: before procedure start, from 9 to 6
 2018-06-20 20:43:38 ProcedureInterceptCardImpl::OnStart 316: check interceptable card 16 from Player 0
 2018-06-20 20:43:38 ProcedureInterceptCardJumpDelegateImpl::JumpWhenNoAction 47:  active player changed 0 -> 3
 2018-06-20 20:43:38 CServerGameDesk::OnProcedureChanged 202: procedure change from 9 to 6
 2018-06-20 20:43:38 CServerGameDesk::OnBeforeProcedureStart 177: before procedure start, from 6 to 3
 2018-06-20 20:43:38 MsgDelegateDrawCard::OnSend 61: 3 draw card 7
 2018-06-20 20:43:38 CServerGameDesk::OnProcedureChanged 202: procedure change from 6 to 3
 2018-06-20 20:43:38 CServerGameDesk::OnBeforeProcedureStart 177: before procedure start, from 3 to 4
 2018-06-20 20:43:38 ProcedureAfterGetCardImpl::OnStart 132: Player 3 find action with hand 7,7,12,12,13,13,13,15,16,17,17,18,19,7 and interceptionList  latest draw card 7
 2018-06-20 20:43:38 ProcedureAfterGetCardImpl::OnStart 146: done
 2018-06-20 20:43:38 ProcedureAfterGetCardImpl::OnStart 156: Player 3 have actions type:16 from:3 card:7 cards:7,7,12,12,13,13,13,15,16,17,17,18,19,7

 2018-06-20 20:43:38 MsgDelegateInterception::OnSend 109: intercepted card : 7
 2018-06-20 20:43:38 MsgDelegateInterception::OnSend 110: player 3 have actions type:16 from:3 card:7 cards:7,7,12,12,13,13,13,15,16,17,17,18,19,7

 2018-06-20 20:43:38 CServerGameDesk::OnProcedureChanged 202: procedure change from 3 to 4
 2018-06-20 20:43:42 MsgDelegateInterception::Win 247: player 3 select 7
 2018-06-20 20:43:42 CServerGameDesk::OnBeforeProcedureStart 177: before procedure start, from 4 to 7
 2018-06-20 20:43:42 MsgDelegateInterceptionResult::OnSend 28: player 3 do with type 16
 2018-06-20 20:43:42 ProcedureDetermineInterceptJumpDelegateImpl::JumpAfterAction 91:  active player changed 3 -> 1
 2018-06-20 20:43:42 CServerGameDesk::OnProcedureChanged 202: procedure change from 4 to 7
 2018-06-20 20:43:42 CServerGameDesk::OnBeforeProcedureStart 177: before procedure start, from 7 to 3
 2018-06-20 20:43:42 MsgDelegateDrawCard::OnSend 61: 1 draw card 4
 2018-06-20 20:43:42 CServerGameDesk::OnProcedureChanged 202: procedure change from 7 to 3
 2018-06-20 20:43:42 CServerGameDesk::OnBeforeProcedureStart 177: before procedure start, from 3 to 4
 2018-06-20 20:43:42 ProcedureAfterGetCardImpl::OnStart 132: Player 1 find action with hand 2,2,2,3,4,5,9,11,15,16,17,19,19,4 and interceptionList  latest draw card 4
 2018-06-20 20:43:42 ProcedureAfterGetCardImpl::OnStart 146: done
 2018-06-20 20:43:42 CServerGameDesk::OnProcedureChanged 202: procedure change from 3 to 4
 2018-06-20 20:43:42 CServerGameDesk::OnBeforeProcedureStart 177: before procedure start, from 4 to 9
 2018-06-20 20:43:42 MsgDelegateWaitDiscard::OnSend 134: waiting on player 1 to discard, with candidates :2,2,2,3,4,5,9,11,15,16,17,19,19,4 !
 2018-06-20 20:43:42 CServerGameDesk::OnProcedureChanged 202: procedure change from 4 to 9
 2018-06-20 20:43:43 MsgDelegateWaitDiscard::OnDiscardCard 40: player 1 discard card 4(idx 4)
 2018-06-20 20:43:43 MsgDelegateDiscardResult::OnSend 49: player 1 discard 4 0
 2018-06-20 20:43:43 CServerGameDesk::OnBeforeProcedureStart 177: before procedure start, from 9 to 6
 2018-06-20 20:43:43 ProcedureInterceptCardImpl::OnStart 316: check interceptable card 4 from Player 1
 2018-06-20 20:43:43 ProcedureInterceptCardJumpDelegateImpl::JumpWhenNoAction 47:  active player changed 1 -> 0
 2018-06-20 20:43:43 CServerGameDesk::OnProcedureChanged 202: procedure change from 9 to 6
 2018-06-20 20:43:43 CServerGameDesk::OnBeforeProcedureStart 177: before procedure start, from 6 to 3
 2018-06-20 20:43:43 MsgDelegateDrawCard::OnSend 61: 0 draw card 6
 2018-06-20 20:43:43 CServerGameDesk::OnProcedureChanged 202: procedure change from 6 to 3
 2018-06-20 20:43:43 CServerGameDesk::OnBeforeProcedureStart 177: before procedure start, from 3 to 4
 2018-06-20 20:43:43 ProcedureAfterGetCardImpl::OnStart 132: Player 0 find action with hand 1,4,6,6,7,8,8,11,12,13,14,14,14,6 and interceptionList  latest draw card 6
 2018-06-20 20:43:43 ProcedureAfterGetCardImpl::OnStart 146: done
 2018-06-20 20:43:43 CServerGameDesk::OnProcedureChanged 202: procedure change from 3 to 4
 2018-06-20 20:43:43 CServerGameDesk::OnBeforeProcedureStart 177: before procedure start, from 4 to 9
 2018-06-20 20:43:43 MsgDelegateWaitDiscard::OnSend 134: waiting on player 0 to discard, with candidates :1,4,6,6,7,8,8,11,12,13,14,14,14,6 !
 2018-06-20 20:43:43 CServerGameDesk::OnProcedureChanged 202: procedure change from 4 to 9
 2018-06-20 20:43:52 MsgDelegateWaitDiscard::OnResponse 206: player 0 tried to discard(valid:1, expected player:0)
 2018-06-20 20:43:52 MsgDelegateWaitDiscard::OnResponse 218: the card is 1
 2018-06-20 20:43:52 MsgDelegateWaitDiscard::OnDiscardCard 40: player 0 discard card 1(idx 0)
 2018-06-20 20:43:52 MsgDelegateDiscardResult::OnSend 49: player 0 discard 1 0
 2018-06-20 20:43:52 CServerGameDesk::OnBeforeProcedureStart 177: before procedure start, from 9 to 6
 2018-06-20 20:43:52 ProcedureInterceptCardImpl::OnStart 316: check interceptable card 1 from Player 0
 2018-06-20 20:43:52 ProcedureInterceptCardJumpDelegateImpl::JumpWhenNoAction 47:  active player changed 0 -> 1
 2018-06-20 20:43:52 CServerGameDesk::OnProcedureChanged 202: procedure change from 9 to 6
 2018-06-20 20:43:52 CServerGameDesk::OnBeforeProcedureStart 177: before procedure start, from 6 to 3
 2018-06-20 20:43:52 MsgDelegateDrawCard::OnSend 61: 1 draw card 23
 2018-06-20 20:43:52 CServerGameDesk::OnProcedureChanged 202: procedure change from 6 to 3
 2018-06-20 20:43:52 CServerGameDesk::OnBeforeProcedureStart 177: before procedure start, from 3 to 4
 2018-06-20 20:43:52 ProcedureAfterGetCardImpl::OnStart 132: Player 1 find action with hand 2,2,2,3,4,5,9,11,15,16,17,19,19,23 and interceptionList  latest draw card 23
 2018-06-20 20:43:52 ProcedureAfterGetCardImpl::OnStart 146: done
 2018-06-20 20:43:52 CServerGameDesk::OnProcedureChanged 202: procedure change from 3 to 4
 2018-06-20 20:43:52 CServerGameDesk::OnBeforeProcedureStart 177: before procedure start, from 4 to 9
 2018-06-20 20:43:52 MsgDelegateWaitDiscard::OnSend 134: waiting on player 1 to discard, with candidates :23 !
 2018-06-20 20:43:52 CServerGameDesk::OnProcedureChanged 202: procedure change from 4 to 9
 2018-06-20 20:43:53 MsgDelegateWaitDiscard::OnDiscardCard 40: player 1 discard card 23(idx 13)
 2018-06-20 20:43:53 MsgDelegateDiscardResult::OnSend 49: player 1 discard 23 0
 2018-06-20 20:43:53 CServerGameDesk::OnBeforeProcedureStart 177: before procedure start, from 9 to 6
 2018-06-20 20:43:53 ProcedureInterceptCardImpl::OnStart 316: check interceptable card 23 from Player 1
 2018-06-20 20:43:53 ProcedureInterceptCardJumpDelegateImpl::JumpWhenNoAction 47:  active player changed 1 -> 0
 2018-06-20 20:43:53 CServerGameDesk::OnProcedureChanged 202: procedure change from 9 to 6
 2018-06-20 20:43:53 CServerGameDesk::OnBeforeProcedureStart 177: before procedure start, from 6 to 3
 2018-06-20 20:43:53 MsgDelegateDrawCard::OnSend 61: 0 draw card 1
 2018-06-20 20:43:53 CServerGameDesk::OnProcedureChanged 202: procedure change from 6 to 3
 2018-06-20 20:43:53 CServerGameDesk::OnBeforeProcedureStart 177: before procedure start, from 3 to 4
 2018-06-20 20:43:53 ProcedureAfterGetCardImpl::OnStart 132: Player 0 find action with hand 4,6,6,6,7,8,8,11,12,13,14,14,14,1 and interceptionList  latest draw card 1
 2018-06-20 20:43:53 ProcedureAfterGetCardImpl::OnStart 146: done
 2018-06-20 20:43:53 CServerGameDesk::OnProcedureChanged 202: procedure change from 3 to 4
 2018-06-20 20:43:53 CServerGameDesk::OnBeforeProcedureStart 177: before procedure start, from 4 to 9
 2018-06-20 20:43:53 MsgDelegateWaitDiscard::OnSend 134: waiting on player 0 to discard, with candidates :4,6,6,6,7,8,8,11,12,13,14,14,14,1 !
 2018-06-20 20:43:53 CServerGameDesk::OnProcedureChanged 202: procedure change from 4 to 9
 2018-06-20 20:43:56 MsgDelegateWaitDiscard::OnResponse 206: player 0 tried to discard(valid:1, expected player:0)
 2018-06-20 20:43:56 MsgDelegateWaitDiscard::OnResponse 218: the card is 1
 2018-06-20 20:43:56 MsgDelegateWaitDiscard::OnDiscardCard 40: player 0 discard card 1(idx 13)
 2018-06-20 20:43:56 MsgDelegateDiscardResult::OnSend 49: player 0 discard 1 0
 2018-06-20 20:43:56 CServerGameDesk::OnBeforeProcedureStart 177: before procedure start, from 9 to 6
 2018-06-20 20:43:56 ProcedureInterceptCardImpl::OnStart 316: check interceptable card 1 from Player 0
 2018-06-20 20:43:56 ProcedureInterceptCardJumpDelegateImpl::JumpWhenNoAction 47:  active player changed 0 -> 1
 2018-06-20 20:43:56 CServerGameDesk::OnProcedureChanged 202: procedure change from 9 to 6
 2018-06-20 20:43:56 CServerGameDesk::OnBeforeProcedureStart 177: before procedure start, from 6 to 3
 2018-06-20 20:43:56 MsgDelegateDrawCard::OnSend 61: 1 draw card 24
 2018-06-20 20:43:56 CServerGameDesk::OnProcedureChanged 202: procedure change from 6 to 3
 2018-06-20 20:43:56 CServerGameDesk::OnBeforeProcedureStart 177: before procedure start, from 3 to 4
 2018-06-20 20:43:56 ProcedureAfterGetCardImpl::OnStart 132: Player 1 find action with hand 2,2,2,3,4,5,9,11,15,16,17,19,19,24 and interceptionList  latest draw card 24
 2018-06-20 20:43:56 ProcedureAfterGetCardImpl::OnStart 146: done
 2018-06-20 20:43:56 CServerGameDesk::OnProcedureChanged 202: procedure change from 3 to 4
 2018-06-20 20:43:56 CServerGameDesk::OnBeforeProcedureStart 177: before procedure start, from 4 to 9
 2018-06-20 20:43:56 MsgDelegateWaitDiscard::OnSend 134: waiting on player 1 to discard, with candidates :24 !
 2018-06-20 20:43:56 CServerGameDesk::OnProcedureChanged 202: procedure change from 4 to 9
 2018-06-20 20:43:57 MsgDelegateWaitDiscard::OnDiscardCard 40: player 1 discard card 24(idx 13)
 2018-06-20 20:43:57 MsgDelegateDiscardResult::OnSend 49: player 1 discard 24 0
 2018-06-20 20:43:57 CServerGameDesk::OnBeforeProcedureStart 177: before procedure start, from 9 to 6
 2018-06-20 20:43:57 ProcedureInterceptCardImpl::OnStart 316: check interceptable card 24 from Player 1
 2018-06-20 20:43:57 ProcedureInterceptCardJumpDelegateImpl::JumpWhenNoAction 47:  active player changed 1 -> 0
 2018-06-20 20:43:57 CServerGameDesk::OnProcedureChanged 202: procedure change from 9 to 6
 2018-06-20 20:43:57 CServerGameDesk::OnBeforeProcedureStart 177: before procedure start, from 6 to 3
 2018-06-20 20:43:57 MsgDelegateDrawCard::OnSend 61: 0 draw card 16
 2018-06-20 20:43:57 CServerGameDesk::OnProcedureChanged 202: procedure change from 6 to 3
 2018-06-20 20:43:57 CServerGameDesk::OnBeforeProcedureStart 177: before procedure start, from 3 to 4
 2018-06-20 20:43:57 ProcedureAfterGetCardImpl::OnStart 132: Player 0 find action with hand 4,6,6,6,7,8,8,11,12,13,14,14,14,16 and interceptionList  latest draw card 16
 2018-06-20 20:43:57 ProcedureAfterGetCardImpl::OnStart 146: done
 2018-06-20 20:43:57 CServerGameDesk::OnProcedureChanged 202: procedure change from 3 to 4
 2018-06-20 20:43:57 CServerGameDesk::OnBeforeProcedureStart 177: before procedure start, from 4 to 9
 2018-06-20 20:43:57 MsgDelegateWaitDiscard::OnSend 134: waiting on player 0 to discard, with candidates :4,6,6,6,7,8,8,11,12,13,14,14,14,16 !
 2018-06-20 20:43:57 CServerGameDesk::OnProcedureChanged 202: procedure change from 4 to 9
 2018-06-20 20:43:59 MsgDelegateWaitDiscard::OnResponse 206: player 0 tried to discard(valid:1, expected player:0)
 2018-06-20 20:43:59 MsgDelegateWaitDiscard::OnResponse 218: the card is 16
 2018-06-20 20:43:59 MsgDelegateWaitDiscard::OnDiscardCard 40: player 0 discard card 16(idx 13)
 2018-06-20 20:43:59 MsgDelegateDiscardResult::OnSend 49: player 0 discard 16 0
 2018-06-20 20:43:59 CServerGameDesk::OnBeforeProcedureStart 177: before procedure start, from 9 to 6
 2018-06-20 20:43:59 ProcedureInterceptCardImpl::OnStart 316: check interceptable card 16 from Player 0
 2018-06-20 20:43:59 ProcedureInterceptCardJumpDelegateImpl::JumpWhenNoAction 47:  active player changed 0 -> 1
 2018-06-20 20:43:59 CServerGameDesk::OnProcedureChanged 202: procedure change from 9 to 6
 2018-06-20 20:44:00 CServerGameDesk::OnBeforeProcedureStart 177: before procedure start, from 6 to 3
 2018-06-20 20:44:00 MsgDelegateDrawCard::OnSend 61: 1 draw card 3
 2018-06-20 20:44:00 CServerGameDesk::OnProcedureChanged 202: procedure change from 6 to 3
 2018-06-20 20:44:00 CServerGameDesk::OnBeforeProcedureStart 177: before procedure start, from 3 to 4
 2018-06-20 20:44:00 ProcedureAfterGetCardImpl::OnStart 132: Player 1 find action with hand 2,2,2,3,4,5,9,11,15,16,17,19,19,3 and interceptionList  latest draw card 3
 2018-06-20 20:44:00 ProcedureAfterGetCardImpl::OnStart 146: done
 2018-06-20 20:44:00 CServerGameDesk::OnProcedureChanged 202: procedure change from 3 to 4
 2018-06-20 20:44:00 CServerGameDesk::OnBeforeProcedureStart 177: before procedure start, from 4 to 9
 2018-06-20 20:44:00 MsgDelegateWaitDiscard::OnSend 134: waiting on player 1 to discard, with candidates :2,2,2,3,4,5,9,11,15,16,17,19,19,3 !
 2018-06-20 20:44:00 CServerGameDesk::OnProcedureChanged 202: procedure change from 4 to 9
 2018-06-20 20:44:01 MsgDelegateWaitDiscard::OnDiscardCard 40: player 1 discard card 3(idx 3)
 2018-06-20 20:44:01 MsgDelegateDiscardResult::OnSend 49: player 1 discard 3 0
 2018-06-20 20:44:01 CServerGameDesk::OnBeforeProcedureStart 177: before procedure start, from 9 to 6
 2018-06-20 20:44:01 ProcedureInterceptCardImpl::OnStart 316: check interceptable card 3 from Player 1
 2018-06-20 20:44:01 ProcedureInterceptCardJumpDelegateImpl::JumpWhenNoAction 47:  active player changed 1 -> 0
 2018-06-20 20:44:01 CServerGameDesk::OnProcedureChanged 202: procedure change from 9 to 6
 2018-06-20 20:44:01 CServerGameDesk::OnBeforeProcedureStart 177: before procedure start, from 6 to 3
 2018-06-20 20:44:01 MsgDelegateDrawCard::OnSend 61: 0 draw card 8
 2018-06-20 20:44:01 CServerGameDesk::OnProcedureChanged 202: procedure change from 6 to 3
 2018-06-20 20:44:01 CServerGameDesk::OnBeforeProcedureStart 177: before procedure start, from 3 to 4
 2018-06-20 20:44:01 ProcedureAfterGetCardImpl::OnStart 132: Player 0 find action with hand 4,6,6,6,7,8,8,11,12,13,14,14,14,8 and interceptionList  latest draw card 8
 2018-06-20 20:44:01 ProcedureAfterGetCardImpl::OnStart 146: done
 2018-06-20 20:44:01 CServerGameDesk::OnProcedureChanged 202: procedure change from 3 to 4
 2018-06-20 20:44:01 CServerGameDesk::OnBeforeProcedureStart 177: before procedure start, from 4 to 9
 2018-06-20 20:44:01 MsgDelegateWaitDiscard::OnSend 134: waiting on player 0 to discard, with candidates :4,6,6,6,7,8,8,11,12,13,14,14,14,8 !
 2018-06-20 20:44:01 CServerGameDesk::OnProcedureChanged 202: procedure change from 4 to 9
 2018-06-20 20:44:09 MsgDelegateWaitDiscard::OnResponse 206: player 0 tried to discard(valid:1, expected player:0)
 2018-06-20 20:44:09 MsgDelegateWaitDiscard::OnResponse 218: the card is 4
 2018-06-20 20:44:09 MsgDelegateWaitDiscard::OnDiscardCard 40: player 0 discard card 4(idx 0)
 2018-06-20 20:44:09 MsgDelegateDiscardResult::OnSend 49: player 0 discard 4 0
 2018-06-20 20:44:09 CServerGameDesk::OnBeforeProcedureStart 177: before procedure start, from 9 to 6
 2018-06-20 20:44:09 ProcedureInterceptCardImpl::OnStart 316: check interceptable card 4 from Player 0
 2018-06-20 20:44:09 ProcedureInterceptCardJumpDelegateImpl::JumpWhenNoAction 47:  active player changed 0 -> 1
 2018-06-20 20:44:09 CServerGameDesk::OnProcedureChanged 202: procedure change from 9 to 6
 2018-06-20 20:44:10 CServerGameDesk::OnBeforeProcedureStart 177: before procedure start, from 6 to 3
 2018-06-20 20:44:10 MsgDelegateDrawCard::OnSend 61: 1 draw card 28
 2018-06-20 20:44:10 CServerGameDesk::OnProcedureChanged 202: procedure change from 6 to 3
 2018-06-20 20:44:10 CServerGameDesk::OnBeforeProcedureStart 177: before procedure start, from 3 to 4
 2018-06-20 20:44:10 ProcedureAfterGetCardImpl::OnStart 132: Player 1 find action with hand 2,2,2,3,4,5,9,11,15,16,17,19,19,28 and interceptionList  latest draw card 28
 2018-06-20 20:44:10 ProcedureAfterGetCardImpl::OnStart 146: done
 2018-06-20 20:44:10 CServerGameDesk::OnProcedureChanged 202: procedure change from 3 to 4
 2018-06-20 20:44:10 CServerGameDesk::OnBeforeProcedureStart 177: before procedure start, from 4 to 9
 2018-06-20 20:44:10 MsgDelegateWaitDiscard::OnSend 134: waiting on player 1 to discard, with candidates :28 !
 2018-06-20 20:44:10 CServerGameDesk::OnProcedureChanged 202: procedure change from 4 to 9
 2018-06-20 20:44:11 MsgDelegateWaitDiscard::OnDiscardCard 40: player 1 discard card 28(idx 13)
 2018-06-20 20:44:11 MsgDelegateDiscardResult::OnSend 49: player 1 discard 28 0
 2018-06-20 20:44:11 CServerGameDesk::OnBeforeProcedureStart 177: before procedure start, from 9 to 6
 2018-06-20 20:44:11 ProcedureInterceptCardImpl::OnStart 316: check interceptable card 28 from Player 1
 2018-06-20 20:44:11 ProcedureInterceptCardJumpDelegateImpl::JumpWhenNoAction 47:  active player changed 1 -> 0
 2018-06-20 20:44:11 CServerGameDesk::OnProcedureChanged 202: procedure change from 9 to 6
 2018-06-20 20:44:11 CServerGameDesk::OnBeforeProcedureStart 177: before procedure start, from 6 to 3
 2018-06-20 20:44:11 MsgDelegateDrawCard::OnSend 61: 0 draw card 12
 2018-06-20 20:44:11 CServerGameDesk::OnProcedureChanged 202: procedure change from 6 to 3
 2018-06-20 20:44:11 CServerGameDesk::OnBeforeProcedureStart 177: before procedure start, from 3 to 4
 2018-06-20 20:44:11 ProcedureAfterGetCardImpl::OnStart 132: Player 0 find action with hand 6,6,6,7,8,8,8,11,12,13,14,14,14,12 and interceptionList  latest draw card 12
 2018-06-20 20:44:11 ProcedureAfterGetCardImpl::OnStart 146: done
 2018-06-20 20:44:11 CServerGameDesk::OnProcedureChanged 202: procedure change from 3 to 4
 2018-06-20 20:44:11 CServerGameDesk::OnBeforeProcedureStart 177: before procedure start, from 4 to 9
 2018-06-20 20:44:11 MsgDelegateWaitDiscard::OnSend 134: waiting on player 0 to discard, with candidates :6,6,6,7,8,8,8,11,12,13,14,14,14,12 !
 2018-06-20 20:44:11 CServerGameDesk::OnProcedureChanged 202: procedure change from 4 to 9
 2018-06-20 20:44:13 MsgDelegateWaitDiscard::OnResponse 206: player 0 tried to discard(valid:1, expected player:0)
 2018-06-20 20:44:13 MsgDelegateWaitDiscard::OnResponse 218: the card is 12
 2018-06-20 20:44:13 MsgDelegateWaitDiscard::OnDiscardCard 40: player 0 discard card 12(idx 8)
 2018-06-20 20:44:13 MsgDelegateDiscardResult::OnSend 49: player 0 discard 12 1
 2018-06-20 20:44:13 CServerGameDesk::OnBeforeProcedureStart 177: before procedure start, from 9 to 6
 2018-06-20 20:44:13 ProcedureInterceptCardImpl::OnStart 316: check interceptable card 12 from Player 0
 2018-06-20 20:44:13 ProcedureInterceptCardJumpDelegateImpl::JumpWhenNoAction 47:  active player changed 0 -> 1
 2018-06-20 20:44:13 CServerGameDesk::OnProcedureChanged 202: procedure change from 9 to 6
 2018-06-20 20:44:13 CServerGameDesk::OnBeforeProcedureStart 177: before procedure start, from 6 to 3
 2018-06-20 20:44:13 MsgDelegateDrawCard::OnSend 61: 1 draw card 3
 2018-06-20 20:44:13 CServerGameDesk::OnProcedureChanged 202: procedure change from 6 to 3
 2018-06-20 20:44:13 CServerGameDesk::OnBeforeProcedureStart 177: before procedure start, from 3 to 4
 2018-06-20 20:44:13 ProcedureAfterGetCardImpl::OnStart 132: Player 1 find action with hand 2,2,2,3,4,5,9,11,15,16,17,19,19,3 and interceptionList  latest draw card 3
 2018-06-20 20:44:13 ProcedureAfterGetCardImpl::OnStart 146: done
 2018-06-20 20:44:13 CServerGameDesk::OnProcedureChanged 202: procedure change from 3 to 4
 2018-06-20 20:44:14 CServerGameDesk::OnBeforeProcedureStart 177: before procedure start, from 4 to 9
 2018-06-20 20:44:14 MsgDelegateWaitDiscard::OnSend 134: waiting on player 1 to discard, with candidates :2,2,2,3,4,5,9,11,15,16,17,19,19,3 !
 2018-06-20 20:44:14 CServerGameDesk::OnProcedureChanged 202: procedure change from 4 to 9
 2018-06-20 20:44:15 MsgDelegateWaitDiscard::OnDiscardCard 40: player 1 discard card 3(idx 3)
 2018-06-20 20:44:15 MsgDelegateDiscardResult::OnSend 49: player 1 discard 3 0
 2018-06-20 20:44:15 CServerGameDesk::OnBeforeProcedureStart 177: before procedure start, from 9 to 6
 2018-06-20 20:44:15 ProcedureInterceptCardImpl::OnStart 316: check interceptable card 3 from Player 1
 2018-06-20 20:44:15 ProcedureInterceptCardJumpDelegateImpl::JumpWhenNoAction 47:  active player changed 1 -> 0
 2018-06-20 20:44:15 CServerGameDesk::OnProcedureChanged 202: procedure change from 9 to 6
 2018-06-20 20:44:15 CServerGameDesk::OnBeforeProcedureStart 177: before procedure start, from 6 to 3
 2018-06-20 20:44:15 MsgDelegateDrawCard::OnSend 61: 0 draw card 27
 2018-06-20 20:44:15 CServerGameDesk::OnProcedureChanged 202: procedure change from 6 to 3
 2018-06-20 20:44:15 CServerGameDesk::OnBeforeProcedureStart 177: before procedure start, from 3 to 4
 2018-06-20 20:44:15 ProcedureAfterGetCardImpl::OnStart 132: Player 0 find action with hand 6,6,6,7,8,8,8,11,12,13,14,14,14,27 and interceptionList  latest draw card 27
 2018-06-20 20:44:15 ProcedureAfterGetCardImpl::OnStart 146: done
 2018-06-20 20:44:15 CServerGameDesk::OnProcedureChanged 202: procedure change from 3 to 4
 2018-06-20 20:44:15 CServerGameDesk::OnBeforeProcedureStart 177: before procedure start, from 4 to 9
 2018-06-20 20:44:15 MsgDelegateWaitDiscard::OnSend 134: waiting on player 0 to discard, with candidates :27 !
 2018-06-20 20:44:15 CServerGameDesk::OnProcedureChanged 202: procedure change from 4 to 9
 2018-06-20 20:44:16 MsgDelegateWaitDiscard::OnResponse 206: player 0 tried to discard(valid:1, expected player:0)
 2018-06-20 20:44:16 MsgDelegateWaitDiscard::OnResponse 218: the card is 27
 2018-06-20 20:44:16 MsgDelegateWaitDiscard::OnDiscardCard 40: player 0 discard card 27(idx 13)
 2018-06-20 20:44:16 MsgDelegateDiscardResult::OnSend 49: player 0 discard 27 1
 2018-06-20 20:44:16 CServerGameDesk::OnBeforeProcedureStart 177: before procedure start, from 9 to 6
 2018-06-20 20:44:16 ProcedureInterceptCardImpl::OnStart 316: check interceptable card 27 from Player 0
 2018-06-20 20:44:16 ProcedureInterceptCardJumpDelegateImpl::JumpWhenNoAction 47:  active player changed 0 -> 1
 2018-06-20 20:44:16 CServerGameDesk::OnProcedureChanged 202: procedure change from 9 to 6
 2018-06-20 20:44:16 CServerGameDesk::OnBeforeProcedureStart 177: before procedure start, from 6 to 3
 2018-06-20 20:44:16 MsgDelegateDrawCard::OnSend 61: 1 draw card 23
 2018-06-20 20:44:16 CServerGameDesk::OnProcedureChanged 202: procedure change from 6 to 3
 2018-06-20 20:44:16 CServerGameDesk::OnBeforeProcedureStart 177: before procedure start, from 3 to 4
 2018-06-20 20:44:16 ProcedureAfterGetCardImpl::OnStart 132: Player 1 find action with hand 2,2,2,3,4,5,9,11,15,16,17,19,19,23 and interceptionList  latest draw card 23
 2018-06-20 20:44:16 ProcedureAfterGetCardImpl::OnStart 146: done
 2018-06-20 20:44:16 CServerGameDesk::OnProcedureChanged 202: procedure change from 3 to 4
 2018-06-20 20:44:16 CServerGameDesk::OnBeforeProcedureStart 177: before procedure start, from 4 to 9
 2018-06-20 20:44:16 MsgDelegateWaitDiscard::OnSend 134: waiting on player 1 to discard, with candidates :23 !
 2018-06-20 20:44:16 CServerGameDesk::OnProcedureChanged 202: procedure change from 4 to 9
 2018-06-20 20:44:17 MsgDelegateWaitDiscard::OnDiscardCard 40: player 1 discard card 23(idx 13)
 2018-06-20 20:44:17 MsgDelegateDiscardResult::OnSend 49: player 1 discard 23 0
 2018-06-20 20:44:17 CServerGameDesk::OnBeforeProcedureStart 177: before procedure start, from 9 to 6
 2018-06-20 20:44:17 ProcedureInterceptCardImpl::OnStart 316: check interceptable card 23 from Player 1
 2018-06-20 20:44:17 ProcedureInterceptCardJumpDelegateImpl::JumpWhenNoAction 47:  active player changed 1 -> 0
 2018-06-20 20:44:17 CServerGameDesk::OnProcedureChanged 202: procedure change from 9 to 6
 2018-06-20 20:44:17 CServerGameDesk::OnBeforeProcedureStart 177: before procedure start, from 6 to 3
 2018-06-20 20:44:17 MsgDelegateDrawCard::OnSend 61: 0 draw card 29
 2018-06-20 20:44:17 CServerGameDesk::OnProcedureChanged 202: procedure change from 6 to 3
 2018-06-20 20:44:17 CServerGameDesk::OnBeforeProcedureStart 177: before procedure start, from 3 to 4
 2018-06-20 20:44:17 ProcedureAfterGetCardImpl::OnStart 132: Player 0 find action with hand 6,6,6,7,8,8,8,11,12,13,14,14,14,29 and interceptionList  latest draw card 29
 2018-06-20 20:44:17 ProcedureAfterGetCardImpl::OnStart 146: done
 2018-06-20 20:44:17 CServerGameDesk::OnProcedureChanged 202: procedure change from 3 to 4
 2018-06-20 20:44:17 CServerGameDesk::OnBeforeProcedureStart 177: before procedure start, from 4 to 9
 2018-06-20 20:44:17 MsgDelegateWaitDiscard::OnSend 134: waiting on player 0 to discard, with candidates :29 !
 2018-06-20 20:44:17 CServerGameDesk::OnProcedureChanged 202: procedure change from 4 to 9
 2018-06-20 20:44:19 MsgDelegateWaitDiscard::OnResponse 206: player 0 tried to discard(valid:1, expected player:0)
 2018-06-20 20:44:19 MsgDelegateWaitDiscard::OnResponse 218: the card is 29
 2018-06-20 20:44:19 MsgDelegateWaitDiscard::OnDiscardCard 40: player 0 discard card 29(idx 13)
 2018-06-20 20:44:19 MsgDelegateDiscardResult::OnSend 49: player 0 discard 29 1
 2018-06-20 20:44:19 CServerGameDesk::OnBeforeProcedureStart 177: before procedure start, from 9 to 6
 2018-06-20 20:44:19 ProcedureInterceptCardImpl::OnStart 316: check interceptable card 29 from Player 0
 2018-06-20 20:44:19 ProcedureInterceptCardJumpDelegateImpl::JumpWhenNoAction 47:  active player changed 0 -> 1
 2018-06-20 20:44:19 CServerGameDesk::OnProcedureChanged 202: procedure change from 9 to 6
 2018-06-20 20:44:20 CServerGameDesk::OnBeforeProcedureStart 177: before procedure start, from 6 to 3
 2018-06-20 20:44:20 MsgDelegateDrawCard::OnSend 61: 1 draw card 17
 2018-06-20 20:44:20 CServerGameDesk::OnProcedureChanged 202: procedure change from 6 to 3
 2018-06-20 20:44:20 CServerGameDesk::OnBeforeProcedureStart 177: before procedure start, from 3 to 4
 2018-06-20 20:44:20 ProcedureAfterGetCardImpl::OnStart 132: Player 1 find action with hand 2,2,2,3,4,5,9,11,15,16,17,19,19,17 and interceptionList  latest draw card 17
 2018-06-20 20:44:20 ProcedureAfterGetCardImpl::OnStart 146: done
 2018-06-20 20:44:20 CServerGameDesk::OnProcedureChanged 202: procedure change from 3 to 4
 2018-06-20 20:44:20 CServerGameDesk::OnBeforeProcedureStart 177: before procedure start, from 4 to 9
 2018-06-20 20:44:20 MsgDelegateWaitDiscard::OnSend 134: waiting on player 1 to discard, with candidates :2,2,2,3,4,5,9,11,15,16,17,19,19,17 !
 2018-06-20 20:44:20 CServerGameDesk::OnProcedureChanged 202: procedure change from 4 to 9
 2018-06-20 20:44:29 MsgDelegateWaitDiscard::OnResponse 206: player 1 tried to discard(valid:1, expected player:1)
 2018-06-20 20:44:29 MsgDelegateWaitDiscard::OnResponse 218: the card is 9
 2018-06-20 20:44:29 MsgDelegateWaitDiscard::OnDiscardCard 40: player 1 discard card 9(idx 6)
 2018-06-20 20:44:29 MsgDelegateDiscardResult::OnSend 49: player 1 discard 9 0
 2018-06-20 20:44:29 CServerGameDesk::OnBeforeProcedureStart 177: before procedure start, from 9 to 6
 2018-06-20 20:44:29 ProcedureInterceptCardImpl::OnStart 316: check interceptable card 9 from Player 1
 2018-06-20 20:44:29 ProcedureInterceptCardImpl::OnStart 349: Player 0 have actions type:16 from:1 card:9 cards:6,6,6,7,8,8,8,11,12,13,14,14,14,9
 with hand 6,6,6,7,8,8,8,11,12,13,14,14,14 interceptions  card 9
 2018-06-20 20:44:29 ProcedureInterceptCardImpl::OnStart 355: question sent
 2018-06-20 20:44:29 MsgDelegateInterception::OnSend 109: intercepted card : 9
 2018-06-20 20:44:29 MsgDelegateInterception::OnSend 110: player 0 have actions type:16 from:1 card:9 cards:6,6,6,7,8,8,8,11,12,13,14,14,14,9

 2018-06-20 20:44:29 CServerGameDesk::OnProcedureChanged 202: procedure change from 9 to 6
 2018-06-20 20:44:31 MsgDelegateInterception::Win 247: player 0 select 9
 2018-06-20 20:44:31 CServerGameDesk::OnBeforeProcedureStart 177: before procedure start, from 6 to 7
 2018-06-20 20:44:31 MsgDelegateInterceptionResult::OnSend 28: player 0 do with type 16
 2018-06-20 20:44:31 CServerGameDesk::OnProcedureChanged 202: procedure change from 6 to 7
 2018-06-20 20:44:31 CServerGameDesk::OnBeforeProcedureStart 177: before procedure start, from 7 to 11
 2018-06-20 20:44:31 CServerGameDesk::OnProcedureChanged 202: procedure change from 7 to 11
 2018-06-20 20:44:31 CServerGameDesk::OnBeforeProcedureStart 177: before procedure start, from 11 to 0
 2018-06-20 20:44:31 CServerGameDesk::OnProcedureChanged 202: procedure change from 11 to 0
 2018-06-20 20:44:31 MsgDelegateLiquidation::DelaySendMsg 89: Player   has inner win type :0 9 
 2018-06-20 20:44:31 MsgDelegateLiquidation::DelaySendMsg 90: Player   has outter win type :150 163 
 2018-06-20 20:44:31 MsgDelegateLiquidation::DelaySendMsg 89: Player  has inner win type :2 
 2018-06-20 20:44:31 MsgDelegateLiquidation::DelaySendMsg 90: Player  has outter win type :152 
 2018-06-20 20:44:31 MsgDelegateLiquidation::DelaySendMsg 89: Player  has inner win type :0 9 14 
 2018-06-20 20:44:31 MsgDelegateLiquidation::DelaySendMsg 90: Player  has outter win type :150 163 169 
 2018-06-20 20:44:31 MsgDelegateLiquidation::DelaySendMsg 108: Liquidation
 2018-06-20 20:44:31 CServerGameDesk::DoGameStatistic 1022: Do Statistic
 2018-06-20 20:44:31 CServerGameDesk::DoGameStatistic 1039: >> zimo:0 jiepao:0 dianpao:0 totalScore-1
 2018-06-20 20:44:31 CServerGameDesk::DoGameStatistic 1097: << zimo:0 jiepao:1 dianpao:0 totalScore-1
 2018-06-20 20:44:31 CServerGameDesk::DoGameStatistic 1039: >> zimo:0 jiepao:0 dianpao:0 totalScore-9
 2018-06-20 20:44:31 CServerGameDesk::DoGameStatistic 1097: << zimo:0 jiepao:0 dianpao:2 totalScore-9
 2018-06-20 20:44:31 CServerGameDesk::DoGameStatistic 1039: >> zimo:0 jiepao:0 dianpao:0 totalScore4
 2018-06-20 20:44:31 CServerGameDesk::DoGameStatistic 1097: << zimo:0 jiepao:1 dianpao:0 totalScore4
 2018-06-20 20:44:31 CServerGameDesk::DoGameStatistic 1039: >> zimo:0 jiepao:0 dianpao:0 totalScore6
 2018-06-20 20:44:31 CServerGameDesk::DoGameStatistic 1097: << zimo:1 jiepao:0 dianpao:0 totalScore6
 2018-06-20 20:44:31 CServerGameDesk::OnProcedureLiquidationFinish 909: all rounds finished , send total score board 
 2018-06-20 20:44:31 CServerGameDesk::GameClear 307: clean game





 2018-06-20 20:44:31 CServerGameDesk::GameClear 307: clean game





 2018-06-20 20:44:31 CServerGameDesk::GameReset 321: reset game
