[DEBUG][26/04/2018 11:12:50.546] :[19878]in GameFinish,flag:10,bDeskstation:1
[DEBUG][26/04/2018 11:12:50.546] :[19878]正常结束游戏，iwinflag:1
[INFO ][26/04/2018 11:12:50.546] :[19878][S To C]:  Send GameFinishData To Client:iUpGradeStation:0,iTurePoint:<-8,8,0,0,>,iChangeMoney:<-8,8,0,0,0,0,0,0,>,iWinNum:<-1,1,>,
[DEBUG][26/04/2018 11:13:25.640] :[19878]in GameFinish,flag:10,bDeskstation:0
[DEBUG][26/04/2018 11:13:25.640] :[19878]正常结束游戏，iwinflag:-1
[DEBUG][26/04/2018 11:13:25.640] :[19878]正常结束游戏时分数为0，m_iWinFlg:-1,指导费：8
[DEBUG][26/04/2018 11:13:25.640] :[19878]正常结束游戏时分数为0，玩家0的金币数：9989886
[DEBUG][26/04/2018 11:13:25.640] :[19878]正常结束游戏时分数为0，玩家1的金币数：10001315
[INFO ][26/04/2018 11:13:25.640] :[19878][S To C]:  Send GameFinishData To Client:iUpGradeStation:1,iTurePoint:<0,0,0,0,>,iChangeMoney:<0,0,0,0,0,0,0,0,>,iWinNum:<-1,1,>,
[DEBUG][26/04/2018 11:13:59.953] :[19878]玩家认输,bdeskstation:0,m_bGameStation:22
[DEBUG][26/04/2018 11:13:59.953] :[19878]in GameFinish,flag:10,bDeskstation:0
[DEBUG][26/04/2018 11:13:59.953] :[19878]正常结束游戏，iwinflag:1
[INFO ][26/04/2018 11:13:59.953] :[19878][S To C]:  Send GameFinishData To Client:iUpGradeStation:0,iTurePoint:<-8,8,0,0,>,iChangeMoney:<-8,8,0,0,0,0,0,0,>,iWinNum:<-2,2,>,
[DEBUG][26/04/2018 11:17:30.671] :[19814]玩家认输,bdeskstation:1,m_bGameStation:22
[DEBUG][26/04/2018 11:17:30.671] :[19814]in GameFinish,flag:10,bDeskstation:0
[DEBUG][26/04/2018 11:17:30.671] :[19814]正常结束游戏，iwinflag:0
[INFO ][26/04/2018 11:17:30.671] :[19814][S To C]:  Send GameFinishData To Client:iUpGradeStation:1,iTurePoint:<8,-8,0,0,>,iChangeMoney:<8,-8,0,0,0,0,0,0,>,iWinNum:<1,-1,>,
[DEBUG][26/04/2018 11:18:38.812] :[19814]in GameFinish,flag:0,bDeskstation:1
[DEBUG][26/04/2018 11:20:59.375] :[19814]in GameFinish,flag:10,bDeskstation:0
[DEBUG][26/04/2018 11:20:59.375] :[19814]正常结束游戏，iwinflag:0
[INFO ][26/04/2018 11:20:59.375] :[19814][S To C]:  Send GameFinishData To Client:iUpGradeStation:0,iTurePoint:<8,-8,0,0,>,iChangeMoney:<8,-8,0,0,0,0,0,0,>,iWinNum:<2,-2,>,
