[2018-01-19 14:04:55] 掷2颗色子确定起牌方向： byGetPaiDir=0-hn2300, 1 5
[2018-01-19 14:04:58] 掷2颗色子确定起牌敦数事件: 4 5 9
[2018-01-19 14:05:03] 玩家0-hn2300的门牌： 
[2018-01-19 14:05:03]   门牌1=0
[2018-01-19 14:05:03]   门牌2=0
[2018-01-19 14:05:03]   门牌3=0
[2018-01-19 14:05:03]   门牌4=0
[2018-01-19 14:05:03]   门牌5=0
[2018-01-19 14:05:03]   门牌6=0
[2018-01-19 14:05:03]   门牌7=0
[2018-01-19 14:05:03]   门牌8=0
[2018-01-19 14:05:03]   门牌9=0
[2018-01-19 14:05:03]   门牌10=0
[2018-01-19 14:05:03]   门牌11=0
[2018-01-19 14:05:03]   门牌12=0
[2018-01-19 14:05:03]   门牌13=0
[2018-01-19 14:05:03]   门牌14=0
[2018-01-19 14:05:03]   门牌15=0
[2018-01-19 14:05:03]   门牌16=0
[2018-01-19 14:05:03]   门牌17=0
[2018-01-19 14:05:03]   门牌18=0
[2018-01-19 14:05:03]   门牌19=255
[2018-01-19 14:05:03]   门牌20=255
[2018-01-19 14:05:03]   门牌21=255
[2018-01-19 14:05:03]   门牌22=255
[2018-01-19 14:05:03]   门牌23=255
[2018-01-19 14:05:03]   门牌24=255
[2018-01-19 14:05:03]   门牌25=255
[2018-01-19 14:05:03]   门牌26=255
[2018-01-19 14:05:03]   门牌27=255
[2018-01-19 14:05:03]   门牌28=255
[2018-01-19 14:05:03] 玩家1-hn2301的门牌： 
[2018-01-19 14:05:03]   门牌1=255
[2018-01-19 14:05:03]   门牌2=255
[2018-01-19 14:05:03]   门牌3=255
[2018-01-19 14:05:03]   门牌4=255
[2018-01-19 14:05:03]   门牌5=255
[2018-01-19 14:05:03]   门牌6=255
[2018-01-19 14:05:03]   门牌7=255
[2018-01-19 14:05:03]   门牌8=255
[2018-01-19 14:05:03]   门牌9=255
[2018-01-19 14:05:03]   门牌10=255
[2018-01-19 14:05:03]   门牌11=255
[2018-01-19 14:05:03]   门牌12=255
[2018-01-19 14:05:03]   门牌13=255
[2018-01-19 14:05:03]   门牌14=255
[2018-01-19 14:05:03]   门牌15=255
[2018-01-19 14:05:03]   门牌16=255
[2018-01-19 14:05:03]   门牌17=255
[2018-01-19 14:05:03]   门牌18=255
[2018-01-19 14:05:03]   门牌19=255
[2018-01-19 14:05:03]   门牌20=255
[2018-01-19 14:05:03]   门牌21=255
[2018-01-19 14:05:03]   门牌22=255
[2018-01-19 14:05:03]   门牌23=255
[2018-01-19 14:05:03]   门牌24=255
[2018-01-19 14:05:03]   门牌25=255
[2018-01-19 14:05:03]   门牌26=255
[2018-01-19 14:05:03]   门牌27=255
[2018-01-19 14:05:03]   门牌28=255
[2018-01-19 14:05:03] 玩家2-hn2302的门牌： 
[2018-01-19 14:05:03]   门牌1=255
[2018-01-19 14:05:03]   门牌2=255
[2018-01-19 14:05:03]   门牌3=255
[2018-01-19 14:05:03]   门牌4=255
[2018-01-19 14:05:03]   门牌5=255
[2018-01-19 14:05:03]   门牌6=255
[2018-01-19 14:05:03]   门牌7=255
[2018-01-19 14:05:03]   门牌8=255
[2018-01-19 14:05:03]   门牌9=255
[2018-01-19 14:05:03]   门牌10=255
[2018-01-19 14:05:03]   门牌11=255
[2018-01-19 14:05:03]   门牌12=255
[2018-01-19 14:05:03]   门牌13=255
[2018-01-19 14:05:03]   门牌14=255
[2018-01-19 14:05:03]   门牌15=255
[2018-01-19 14:05:03]   门牌16=0
[2018-01-19 14:05:03]   门牌17=0
[2018-01-19 14:05:03]   门牌18=0
[2018-01-19 14:05:03]   门牌19=0
[2018-01-19 14:05:03]   门牌20=0
[2018-01-19 14:05:03]   门牌21=0
[2018-01-19 14:05:03]   门牌22=0
[2018-01-19 14:05:03]   门牌23=0
[2018-01-19 14:05:03]   门牌24=0
[2018-01-19 14:05:03]   门牌25=0
[2018-01-19 14:05:03]   门牌26=0
[2018-01-19 14:05:03]   门牌27=0
[2018-01-19 14:05:03]   门牌28=0
[2018-01-19 14:05:03] 玩家3-ceshi004的门牌： 
[2018-01-19 14:05:03]   门牌1=0
[2018-01-19 14:05:03]   门牌2=0
[2018-01-19 14:05:03]   门牌3=0
[2018-01-19 14:05:03]   门牌4=0
[2018-01-19 14:05:03]   门牌5=0
[2018-01-19 14:05:03]   门牌6=0
[2018-01-19 14:05:03]   门牌7=0
[2018-01-19 14:05:03]   门牌8=0
[2018-01-19 14:05:03]   门牌9=0
[2018-01-19 14:05:03]   门牌10=0
[2018-01-19 14:05:03]   门牌11=0
[2018-01-19 14:05:03]   门牌12=0
[2018-01-19 14:05:03]   门牌13=0
[2018-01-19 14:05:03]   门牌14=0
[2018-01-19 14:05:03]   门牌15=0
[2018-01-19 14:05:03]   门牌16=0
[2018-01-19 14:05:03]   门牌17=0
[2018-01-19 14:05:03]   门牌18=0
[2018-01-19 14:05:03]   门牌19=0
[2018-01-19 14:05:03]   门牌20=0
[2018-01-19 14:05:03]   门牌21=0
[2018-01-19 14:05:03]   门牌22=0
[2018-01-19 14:05:03]   门牌23=0
[2018-01-19 14:05:03]   门牌24=0
[2018-01-19 14:05:03]   门牌25=255
[2018-01-19 14:05:03]   门牌26=255
[2018-01-19 14:05:03]   门牌27=255
[2018-01-19 14:05:03]   门牌28=255
