 2017-12-05 17:07:33 CServerGameDesk::GameBegin 416: Game Start (0/4)
 2017-12-05 17:07:33 CServerGameDesk::GameBegin 422: Player Phone14320(Phone14320) at position 0/0
 2017-12-05 17:07:33 CServerGameDesk::GameBegin 422: Player Phone14639(Phone14639) at position 1/1
 2017-12-05 17:07:33 CServerGameDesk::GameBegin 422: Player Phone14630(Phone14630) at position 2/2
 2017-12-05 17:07:33 CServerGameDesk::GameBegin 422: Player ºÚ»¢(Phone14634) at position 3/3
 2017-12-05 17:07:33 CServerGameDesk::OnBeforeProcedureStart 177: before procedure start, from 0 to 1
 2017-12-05 17:07:33 CServerGameDesk::OnProcedureChanged 202: procedure change from 0 to 1
 2017-12-05 17:07:33 MsgDelegateGameBegin::SendGameBegin 54: game begin
 2017-12-05 17:07:35 CServerGameDesk::OnBeforeProcedureStart 177: before procedure start, from 1 to 2
 2017-12-05 17:07:35 CServerGameDesk::OnProcedureChanged 202: procedure change from 1 to 2
 2017-12-05 17:07:38 MsgDelegateDistributeCard::OnSend 43: dispatch cards
 2017-12-05 17:07:41 CServerGameDesk::OnBeforeProcedureStart 177: before procedure start, from 2 to 101
 2017-12-05 17:07:41 MsgDelegateHuanZhang::SendQuestionToPlayer 150: question huan zhang
 2017-12-05 17:07:41 MsgDelegateHuanZhang::SendQuestionToPlayer 150: question huan zhang
 2017-12-05 17:07:41 MsgDelegateHuanZhang::SendQuestionToPlayer 150: question huan zhang
 2017-12-05 17:07:41 MsgDelegateHuanZhang::SendQuestionToPlayer 150: question huan zhang
 2017-12-05 17:07:41 CServerGameDesk::OnProcedureChanged 202: procedure change from 2 to 101
 2017-12-05 17:08:27 CServerGameDesk::OnBeforeProcedureStart 177: before procedure start, from 101 to 100
 2017-12-05 17:08:27 MsgDelegateDingQue::OnSend 109: question ding que
 2017-12-05 17:08:27 MsgDelegateDingQue::OnSend 109: question ding que
 2017-12-05 17:08:27 MsgDelegateDingQue::OnSend 109: question ding que
 2017-12-05 17:08:27 MsgDelegateDingQue::OnSend 109: question ding que
 2017-12-05 17:08:27 CServerGameDesk::OnProcedureChanged 202: procedure change from 101 to 100
 2017-12-05 17:08:42 MsgDelegateDingQue::OnResponse 150: Player 0 select que men 2
 2017-12-05 17:08:45 MsgDelegateDingQue::OnResponse 150: Player 1 select que men 0
 2017-12-05 17:08:47 MsgDelegateDingQue::OnResponse 150: Player 2 select que men 1
 2017-12-05 17:09:50 CServerGameDesk::GameClear 302: clean game





 2017-12-05 17:09:50 CServerGameDesk::GameReset 316: reset game
