 2017-11-07 23:56:28 CServerGameDesk::GameBegin 416: Game Start (0/4)
 2017-11-07 23:56:28 CServerGameDesk::GameBegin 422: Player ***´ó****** *********(Phone13358) at position 0/0
 2017-11-07 23:56:28 CServerGameDesk::GameBegin 422: Player Ä§Í¾ ¿Í·þ(Phone13376) at position 1/1
 2017-11-07 23:56:28 CServerGameDesk::GameBegin 422: Player Phone13379(Phone13379) at position 2/2
 2017-11-07 23:56:28 CServerGameDesk::GameBegin 422: Player Phone13378(Phone13378) at position 3/3
 2017-11-07 23:56:28 CServerGameDesk::OnBeforeProcedureStart 177: before procedure start, from 0 to 1
 2017-11-07 23:56:28 CServerGameDesk::OnProcedureChanged 202: procedure change from 0 to 1
 2017-11-07 23:56:28 MsgDelegateGameBegin::SendGameBegin 54: game begin
 2017-11-07 23:56:30 CServerGameDesk::OnBeforeProcedureStart 177: before procedure start, from 1 to 2
 2017-11-07 23:56:30 CServerGameDesk::OnProcedureChanged 202: procedure change from 1 to 2
 2017-11-07 23:56:33 MsgDelegateDistributeCard::OnSend 43: dispatch cards
 2017-11-07 23:56:36 CServerGameDesk::OnBeforeProcedureStart 177: before procedure start, from 2 to 101
 2017-11-07 23:56:36 MsgDelegateHuanZhang::SendQuestionToPlayer 150: question huan zhang
 2017-11-07 23:56:36 MsgDelegateHuanZhang::SendQuestionToPlayer 150: question huan zhang
 2017-11-07 23:56:36 MsgDelegateHuanZhang::SendQuestionToPlayer 150: question huan zhang
 2017-11-07 23:56:36 MsgDelegateHuanZhang::SendQuestionToPlayer 150: question huan zhang
 2017-11-07 23:56:36 CServerGameDesk::OnProcedureChanged 202: procedure change from 2 to 101
 2017-11-07 23:57:41 CServerGameDesk::OnBeforeProcedureStart 177: before procedure start, from 101 to 100
 2017-11-07 23:57:41 MsgDelegateDingQue::OnSend 109: question ding que
 2017-11-07 23:57:41 MsgDelegateDingQue::OnSend 109: question ding que
 2017-11-07 23:57:41 MsgDelegateDingQue::OnSend 109: question ding que
 2017-11-07 23:57:41 MsgDelegateDingQue::OnSend 109: question ding que
 2017-11-07 23:57:41 CServerGameDesk::OnProcedureChanged 202: procedure change from 101 to 100
 2017-11-07 23:57:53 MsgDelegateDingQue::OnResponse 150: Player 3 select que men 2
 2017-11-07 23:57:55 MsgDelegateDingQue::OnResponse 150: Player 2 select que men 0
 2017-11-07 23:58:15 MsgDelegateDingQue::OnResponse 150: Player 1 select que men 1
 2017-11-07 23:58:16 MsgDelegateDingQue::OnResponse 150: Player 0 select que men 1
 2017-11-07 23:58:16 CServerGameDesk::OnBeforeProcedureStart 177: before procedure start, from 100 to 4
 2017-11-07 23:58:16 ProcedureAfterGetCardImpl::OnStart 132: Player 1 find action with hand 1,1,3,6,9,15,22,22,23,24,25,26,26,29 and interceptionList  latest draw card 23
 2017-11-07 23:58:16 ProcedureAfterGetCardImpl::OnStart 146: done
 2017-11-07 23:58:16 CServerGameDesk::OnProcedureChanged 202: procedure change from 100 to 4
 2017-11-07 23:58:16 MsgDelegateFirstRound::SendFirstRound 42: first run
 2017-11-07 23:58:16 CServerGameDesk::OnBeforeProcedureStart 177: before procedure start, from 4 to 9
 2017-11-07 23:58:16 MsgDelegateWaitDiscard::OnSend 134: waiting on player 1 to discard, with candidates :15 !
 2017-11-07 23:58:16 CServerGameDesk::OnProcedureChanged 202: procedure change from 4 to 9
 2017-11-07 23:58:27 MsgDelegateWaitDiscard::OnResponse 206: player 1 tried to discard(valid:1, expected player:1)
 2017-11-07 23:58:27 MsgDelegateWaitDiscard::OnResponse 218: the card is 15
 2017-11-07 23:58:27 MsgDelegateWaitDiscard::OnDiscardCard 40: player 1 discard card 15(idx 5)
 2017-11-07 23:58:27 MsgDelegateDiscardResult::OnSend 49: player 1 discard 15 0
 2017-11-07 23:58:27 CServerGameDesk::OnBeforeProcedureStart 177: before procedure start, from 9 to 6
 2017-11-07 23:58:27 ProcedureInterceptCardImpl::OnStart 316: check interceptable card 15 from Player 1
 2017-11-07 23:58:27 ProcedureInterceptCardJumpDelegateImpl::JumpWhenNoAction 47:  active player changed 1 -> 0
 2017-11-07 23:58:27 CServerGameDesk::OnProcedureChanged 202: procedure change from 9 to 6
 2017-11-07 23:58:27 CServerGameDesk::OnBeforeProcedureStart 177: before procedure start, from 6 to 3
 2017-11-07 23:58:27 MsgDelegateDrawCard::OnSend 61: 0 draw card 4
 2017-11-07 23:58:27 CServerGameDesk::OnProcedureChanged 202: procedure change from 6 to 3
 2017-11-07 23:58:27 CServerGameDesk::OnBeforeProcedureStart 177: before procedure start, from 3 to 4
 2017-11-07 23:58:27 ProcedureAfterGetCardImpl::OnStart 132: Player 0 find action with hand 2,2,4,5,8,8,11,11,12,14,19,23,23,4 and interceptionList  latest draw card 4
 2017-11-07 23:58:27 ProcedureAfterGetCardImpl::OnStart 146: done
 2017-11-07 23:58:27 CServerGameDesk::OnProcedureChanged 202: procedure change from 3 to 4
 2017-11-07 23:58:28 CServerGameDesk::OnBeforeProcedureStart 177: before procedure start, from 4 to 9
 2017-11-07 23:58:28 MsgDelegateWaitDiscard::OnSend 134: waiting on player 0 to discard, with candidates :11,11,12,14,19 !
 2017-11-07 23:58:28 CServerGameDesk::OnProcedureChanged 202: procedure change from 4 to 9
 2017-11-07 23:58:34 MsgDelegateWaitDiscard::OnResponse 206: player 0 tried to discard(valid:1, expected player:0)
 2017-11-07 23:58:34 MsgDelegateWaitDiscard::OnResponse 218: the card is 19
 2017-11-07 23:58:34 MsgDelegateWaitDiscard::OnDiscardCard 40: player 0 discard card 19(idx 10)
 2017-11-07 23:58:34 MsgDelegateDiscardResult::OnSend 49: player 0 discard 19 0
 2017-11-07 23:58:34 CServerGameDesk::OnBeforeProcedureStart 177: before procedure start, from 9 to 6
 2017-11-07 23:58:34 ProcedureInterceptCardImpl::OnStart 316: check interceptable card 19 from Player 0
 2017-11-07 23:58:34 ProcedureInterceptCardJumpDelegateImpl::JumpWhenNoAction 47:  active player changed 0 -> 3
 2017-11-07 23:58:34 CServerGameDesk::OnProcedureChanged 202: procedure change from 9 to 6
 2017-11-07 23:58:34 CServerGameDesk::OnBeforeProcedureStart 177: before procedure start, from 6 to 3
 2017-11-07 23:58:34 MsgDelegateDrawCard::OnSend 61: 3 draw card 9
 2017-11-07 23:58:34 CServerGameDesk::OnProcedureChanged 202: procedure change from 6 to 3
 2017-11-07 23:58:34 CServerGameDesk::OnBeforeProcedureStart 177: before procedure start, from 3 to 4
 2017-11-07 23:58:34 ProcedureAfterGetCardImpl::OnStart 132: Player 3 find action with hand 2,3,7,7,7,9,15,16,19,21,25,25,27,9 and interceptionList  latest draw card 9
 2017-11-07 23:58:34 ProcedureAfterGetCardImpl::OnStart 146: done
 2017-11-07 23:58:34 CServerGameDesk::OnProcedureChanged 202: procedure change from 3 to 4
 2017-11-07 23:58:34 CServerGameDesk::OnBeforeProcedureStart 177: before procedure start, from 4 to 9
 2017-11-07 23:58:34 MsgDelegateWaitDiscard::OnSend 134: waiting on player 3 to discard, with candidates :21,25,25,27 !
 2017-11-07 23:58:34 CServerGameDesk::OnProcedureChanged 202: procedure change from 4 to 9
 2017-11-07 23:58:44 MsgDelegateWaitDiscard::OnResponse 206: player 3 tried to discard(valid:1, expected player:3)
 2017-11-07 23:58:44 MsgDelegateWaitDiscard::OnResponse 218: the card is 21
 2017-11-07 23:58:44 MsgDelegateWaitDiscard::OnDiscardCard 40: player 3 discard card 21(idx 9)
 2017-11-07 23:58:44 MsgDelegateDiscardResult::OnSend 49: player 3 discard 21 0
 2017-11-07 23:58:44 CServerGameDesk::OnBeforeProcedureStart 177: before procedure start, from 9 to 6
 2017-11-07 23:58:44 ProcedureInterceptCardImpl::OnStart 316: check interceptable card 21 from Player 3
 2017-11-07 23:58:44 ProcedureInterceptCardJumpDelegateImpl::JumpWhenNoAction 47:  active player changed 3 -> 2
 2017-11-07 23:58:44 CServerGameDesk::OnProcedureChanged 202: procedure change from 9 to 6
 2017-11-07 23:58:44 CServerGameDesk::OnBeforeProcedureStart 177: before procedure start, from 6 to 3
 2017-11-07 23:58:44 MsgDelegateDrawCard::OnSend 61: 2 draw card 1
 2017-11-07 23:58:44 CServerGameDesk::OnProcedureChanged 202: procedure change from 6 to 3
 2017-11-07 23:58:44 CServerGameDesk::OnBeforeProcedureStart 177: before procedure start, from 3 to 4
 2017-11-07 23:58:44 ProcedureAfterGetCardImpl::OnStart 132: Player 2 find action with hand 1,2,4,8,11,14,17,18,18,19,21,22,27,1 and interceptionList  latest draw card 1
 2017-11-07 23:58:44 ProcedureAfterGetCardImpl::OnStart 146: done
 2017-11-07 23:58:44 CServerGameDesk::OnProcedureChanged 202: procedure change from 3 to 4
 2017-11-07 23:58:44 CServerGameDesk::OnBeforeProcedureStart 177: before procedure start, from 4 to 9
 2017-11-07 23:58:44 MsgDelegateWaitDiscard::OnSend 134: waiting on player 2 to discard, with candidates :1,2,4,8,1 !
 2017-11-07 23:58:44 CServerGameDesk::OnProcedureChanged 202: procedure change from 4 to 9
 2017-11-07 23:58:51 MsgDelegateWaitDiscard::OnResponse 206: player 2 tried to discard(valid:1, expected player:2)
 2017-11-07 23:58:51 MsgDelegateWaitDiscard::OnResponse 218: the card is 8
 2017-11-07 23:58:51 MsgDelegateWaitDiscard::OnDiscardCard 40: player 2 discard card 8(idx 3)
 2017-11-07 23:58:51 MsgDelegateDiscardResult::OnSend 49: player 2 discard 8 0
 2017-11-07 23:58:51 CServerGameDesk::OnBeforeProcedureStart 177: before procedure start, from 9 to 6
 2017-11-07 23:58:51 ProcedureInterceptCardImpl::OnStart 316: check interceptable card 8 from Player 2
 2017-11-07 23:58:51 ProcedureInterceptCardImpl::OnStart 349: Player 0 have actions type:2 from:2 card:8 cards:8,8,8
 with hand 2,2,4,4,5,8,8,23,23,11,11,12,14 interceptions  card 8
 2017-11-07 23:58:51 ProcedureInterceptCardImpl::OnStart 355: question sent
 2017-11-07 23:58:51 MsgDelegateInterception::OnSend 109: intercepted card : 8
 2017-11-07 23:58:51 MsgDelegateInterception::OnSend 110: player 0 have actions type:2 from:2 card:8 cards:8,8,8

 2017-11-07 23:58:51 CServerGameDesk::OnProcedureChanged 202: procedure change from 9 to 6
 2017-11-07 23:59:11 MsgDelegateInterception::Peng 195: player 0 select 8
 2017-11-07 23:59:11 CServerGameDesk::OnBeforeProcedureStart 177: before procedure start, from 6 to 7
 2017-11-07 23:59:11 MsgDelegateInterceptionResult::OnSend 28: player 0 do with type 2
 2017-11-07 23:59:11 ProcedureDetermineInterceptJumpDelegateImpl::JumpAfterAction 91:  active player changed 2 -> 0
 2017-11-07 23:59:11 CServerGameDesk::OnProcedureChanged 202: procedure change from 6 to 7
 2017-11-07 23:59:11 CServerGameDesk::OnBeforeProcedureStart 177: before procedure start, from 7 to 8
 2017-11-07 23:59:11 ProcedureAfterGetCardImpl::OnStart 132: Player 0 find action with hand 2,2,4,4,5,23,23,11,11,12,14 and interceptionList type:2 from:2 card:8 cards:8,8,8
 latest draw card 255
 2017-11-07 23:59:11 ProcedureAfterGetCardImpl::OnStart 146: done
 2017-11-07 23:59:11 CServerGameDesk::OnProcedureChanged 202: procedure change from 7 to 8
 2017-11-07 23:59:11 CServerGameDesk::OnBeforeProcedureStart 177: before procedure start, from 8 to 9
 2017-11-07 23:59:11 MsgDelegateWaitDiscard::OnSend 134: waiting on player 0 to discard, with candidates :11,11,12,14 !
 2017-11-07 23:59:11 CServerGameDesk::OnProcedureChanged 202: procedure change from 8 to 9
 2017-11-07 23:59:20 MsgDelegateWaitDiscard::OnResponse 206: player 0 tried to discard(valid:1, expected player:0)
 2017-11-07 23:59:20 MsgDelegateWaitDiscard::OnResponse 218: the card is 14
 2017-11-07 23:59:20 MsgDelegateWaitDiscard::OnDiscardCard 40: player 0 discard card 14(idx 10)
 2017-11-07 23:59:20 MsgDelegateDiscardResult::OnSend 49: player 0 discard 14 0
 2017-11-07 23:59:20 CServerGameDesk::OnBeforeProcedureStart 177: before procedure start, from 9 to 6
 2017-11-07 23:59:20 ProcedureInterceptCardImpl::OnStart 316: check interceptable card 14 from Player 0
 2017-11-07 23:59:20 ProcedureInterceptCardJumpDelegateImpl::JumpWhenNoAction 47:  active player changed 0 -> 3
 2017-11-07 23:59:20 CServerGameDesk::OnProcedureChanged 202: procedure change from 9 to 6
 2017-11-07 23:59:20 CServerGameDesk::OnBeforeProcedureStart 177: before procedure start, from 6 to 3
 2017-11-07 23:59:20 MsgDelegateDrawCard::OnSend 61: 3 draw card 16
 2017-11-07 23:59:20 CServerGameDesk::OnProcedureChanged 202: procedure change from 6 to 3
 2017-11-07 23:59:20 CServerGameDesk::OnBeforeProcedureStart 177: before procedure start, from 3 to 4
 2017-11-07 23:59:20 ProcedureAfterGetCardImpl::OnStart 132: Player 3 find action with hand 2,3,7,7,7,9,9,15,16,19,25,25,27,16 and interceptionList  latest draw card 16
 2017-11-07 23:59:20 ProcedureAfterGetCardImpl::OnStart 146: done
 2017-11-07 23:59:20 CServerGameDesk::OnProcedureChanged 202: procedure change from 3 to 4
 2017-11-07 23:59:20 CServerGameDesk::OnBeforeProcedureStart 177: before procedure start, from 4 to 9
 2017-11-07 23:59:20 MsgDelegateWaitDiscard::OnSend 134: waiting on player 3 to discard, with candidates :25,25,27 !
 2017-11-07 23:59:20 CServerGameDesk::OnProcedureChanged 202: procedure change from 4 to 9
 2017-11-08 00:00:06 CServerGameDesk::GameClear 302: clean game





 2017-11-08 00:00:06 CServerGameDesk::GameReset 316: reset game
