 2017-12-07 15:14:37 CServerGameDesk::GameBegin 416: Game Start (0/4)
 2017-12-07 15:14:37 CServerGameDesk::GameBegin 422: Player Αυ±σ(Phone12991) at position 0/0
 2017-12-07 15:14:37 CServerGameDesk::GameBegin 422: Player Phone14713(Phone14713) at position 1/1
 2017-12-07 15:14:37 CServerGameDesk::GameBegin 422: Player Phone10418(Phone10418) at position 2/2
 2017-12-07 15:14:37 CServerGameDesk::GameBegin 422: Player Phone14712(Phone14712) at position 3/3
 2017-12-07 15:14:37 CServerGameDesk::OnBeforeProcedureStart 177: before procedure start, from 0 to 1
 2017-12-07 15:14:37 CServerGameDesk::OnProcedureChanged 202: procedure change from 0 to 1
 2017-12-07 15:14:37 MsgDelegateGameBegin::SendGameBegin 54: game begin
 2017-12-07 15:14:39 CServerGameDesk::OnBeforeProcedureStart 177: before procedure start, from 1 to 2
 2017-12-07 15:14:39 CServerGameDesk::OnProcedureChanged 202: procedure change from 1 to 2
 2017-12-07 15:14:41 MsgDelegateDistributeCard::OnSend 43: dispatch cards
 2017-12-07 15:14:44 CServerGameDesk::OnBeforeProcedureStart 177: before procedure start, from 2 to 101
 2017-12-07 15:14:44 MsgDelegateHuanZhang::SendQuestionToPlayer 150: question huan zhang
 2017-12-07 15:14:44 MsgDelegateHuanZhang::SendQuestionToPlayer 150: question huan zhang
 2017-12-07 15:14:44 MsgDelegateHuanZhang::SendQuestionToPlayer 150: question huan zhang
 2017-12-07 15:14:44 MsgDelegateHuanZhang::SendQuestionToPlayer 150: question huan zhang
 2017-12-07 15:14:44 CServerGameDesk::OnProcedureChanged 202: procedure change from 2 to 101
 2017-12-07 15:15:58 CServerGameDesk::OnBeforeProcedureStart 177: before procedure start, from 101 to 100
 2017-12-07 15:15:58 MsgDelegateDingQue::OnSend 109: question ding que
 2017-12-07 15:15:58 MsgDelegateDingQue::OnSend 109: question ding que
 2017-12-07 15:15:58 MsgDelegateDingQue::OnSend 109: question ding que
 2017-12-07 15:15:58 MsgDelegateDingQue::OnSend 109: question ding que
 2017-12-07 15:15:58 CServerGameDesk::OnProcedureChanged 202: procedure change from 101 to 100
 2017-12-07 15:16:04 MsgDelegateDingQue::OnResponse 150: Player 0 select que men 0
 2017-12-07 15:16:08 MsgDelegateDingQue::OnResponse 150: Player 2 select que men 0
 2017-12-07 15:16:10 MsgDelegateDingQue::OnResponse 150: Player 3 select que men 0
 2017-12-07 15:16:13 MsgDelegateDingQue::OnResponse 150: Player 1 select que men 0
 2017-12-07 15:16:13 CServerGameDesk::OnBeforeProcedureStart 177: before procedure start, from 100 to 4
 2017-12-07 15:16:13 ProcedureAfterGetCardImpl::OnStart 132: Player 3 find action with hand 1,1,3,4,5,5,8,8,22,23,23,27,29,29 and interceptionList  latest draw card 29
 2017-12-07 15:16:13 ProcedureAfterGetCardImpl::OnStart 146: done
 2017-12-07 15:16:13 CServerGameDesk::OnProcedureChanged 202: procedure change from 100 to 4
 2017-12-07 15:16:13 MsgDelegateFirstRound::SendFirstRound 42: first run
 2017-12-07 15:16:13 CServerGameDesk::OnBeforeProcedureStart 177: before procedure start, from 4 to 9
 2017-12-07 15:16:13 MsgDelegateWaitDiscard::OnSend 134: waiting on player 3 to discard, with candidates :1,1,3,4,5,5,8,8 !
 2017-12-07 15:16:13 CServerGameDesk::OnProcedureChanged 202: procedure change from 4 to 9
 2017-12-07 15:16:22 MsgDelegateWaitDiscard::OnResponse 206: player 3 tried to discard(valid:1, expected player:3)
 2017-12-07 15:16:22 MsgDelegateWaitDiscard::OnResponse 218: the card is 3
 2017-12-07 15:16:22 MsgDelegateWaitDiscard::OnDiscardCard 40: player 3 discard card 3(idx 2)
 2017-12-07 15:16:22 MsgDelegateDiscardResult::OnSend 49: player 3 discard 3 0
 2017-12-07 15:16:22 CServerGameDesk::OnBeforeProcedureStart 177: before procedure start, from 9 to 6
 2017-12-07 15:16:22 ProcedureInterceptCardImpl::OnStart 316: check interceptable card 3 from Player 3
 2017-12-07 15:16:22 ProcedureInterceptCardJumpDelegateImpl::JumpWhenNoAction 47:  active player changed 3 -> 2
 2017-12-07 15:16:22 CServerGameDesk::OnProcedureChanged 202: procedure change from 9 to 6
 2017-12-07 15:16:22 CServerGameDesk::OnBeforeProcedureStart 177: before procedure start, from 6 to 3
 2017-12-07 15:16:22 MsgDelegateDrawCard::OnSend 61: 2 draw card 25
 2017-12-07 15:16:22 CServerGameDesk::OnProcedureChanged 202: procedure change from 6 to 3
 2017-12-07 15:16:23 CServerGameDesk::OnBeforeProcedureStart 177: before procedure start, from 3 to 4
 2017-12-07 15:16:23 ProcedureAfterGetCardImpl::OnStart 132: Player 2 find action with hand 11,11,13,13,16,17,17,18,19,19,24,26,28,25 and interceptionList  latest draw card 25
 2017-12-07 15:16:23 ProcedureAfterGetCardImpl::OnStart 146: done
 2017-12-07 15:16:23 CServerGameDesk::OnProcedureChanged 202: procedure change from 3 to 4
 2017-12-07 15:16:23 CServerGameDesk::OnBeforeProcedureStart 177: before procedure start, from 4 to 9
 2017-12-07 15:16:23 MsgDelegateWaitDiscard::OnSend 134: waiting on player 2 to discard, with candidates :11,11,13,13,16,17,17,18,19,19,24,26,28,25 !
 2017-12-07 15:16:23 CServerGameDesk::OnProcedureChanged 202: procedure change from 4 to 9
 2017-12-07 15:16:28 MsgDelegateWaitDiscard::OnResponse 206: player 2 tried to discard(valid:1, expected player:2)
 2017-12-07 15:16:28 MsgDelegateWaitDiscard::OnResponse 218: the card is 16
 2017-12-07 15:16:28 MsgDelegateWaitDiscard::OnDiscardCard 40: player 2 discard card 16(idx 4)
 2017-12-07 15:16:28 MsgDelegateDiscardResult::OnSend 49: player 2 discard 16 0
 2017-12-07 15:16:28 CServerGameDesk::OnBeforeProcedureStart 177: before procedure start, from 9 to 6
 2017-12-07 15:16:28 ProcedureInterceptCardImpl::OnStart 316: check interceptable card 16 from Player 2
 2017-12-07 15:16:28 ProcedureInterceptCardImpl::OnStart 349: Player 0 have actions type:2 from:2 card:16 cards:16,16,16
 with hand 11,13,14,15,15,16,16,17,18,23,25,26,28 interceptions  card 16
 2017-12-07 15:16:28 ProcedureInterceptCardImpl::OnStart 355: question sent
 2017-12-07 15:16:28 MsgDelegateInterception::OnSend 109: intercepted card : 16
 2017-12-07 15:16:28 MsgDelegateInterception::OnSend 110: player 0 have actions type:2 from:2 card:16 cards:16,16,16

 2017-12-07 15:16:28 CServerGameDesk::OnProcedureChanged 202: procedure change from 9 to 6
 2017-12-07 15:16:39 MsgDelegateInterception::Peng 195: player 0 select 16
 2017-12-07 15:16:39 CServerGameDesk::OnBeforeProcedureStart 177: before procedure start, from 6 to 7
 2017-12-07 15:16:39 MsgDelegateInterceptionResult::OnSend 28: player 0 do with type 2
 2017-12-07 15:16:39 ProcedureDetermineInterceptJumpDelegateImpl::JumpAfterAction 91:  active player changed 2 -> 0
 2017-12-07 15:16:39 CServerGameDesk::OnProcedureChanged 202: procedure change from 6 to 7
 2017-12-07 15:16:39 CServerGameDesk::OnBeforeProcedureStart 177: before procedure start, from 7 to 8
 2017-12-07 15:16:39 ProcedureAfterGetCardImpl::OnStart 132: Player 0 find action with hand 11,13,14,15,15,17,18,23,25,26,28 and interceptionList type:2 from:2 card:16 cards:16,16,16
 latest draw card 255
 2017-12-07 15:16:39 ProcedureAfterGetCardImpl::OnStart 146: done
 2017-12-07 15:16:39 CServerGameDesk::OnProcedureChanged 202: procedure change from 7 to 8
 2017-12-07 15:16:39 CServerGameDesk::OnBeforeProcedureStart 177: before procedure start, from 8 to 9
 2017-12-07 15:16:39 MsgDelegateWaitDiscard::OnSend 134: waiting on player 0 to discard, with candidates :11,13,14,15,15,17,18,23,25,26,28 !
 2017-12-07 15:16:39 CServerGameDesk::OnProcedureChanged 202: procedure change from 8 to 9
 2017-12-07 15:16:48 MsgDelegateWaitDiscard::OnResponse 206: player 0 tried to discard(valid:1, expected player:0)
 2017-12-07 15:16:48 MsgDelegateWaitDiscard::OnResponse 218: the card is 17
 2017-12-07 15:16:48 MsgDelegateWaitDiscard::OnDiscardCard 40: player 0 discard card 17(idx 5)
 2017-12-07 15:16:48 MsgDelegateDiscardResult::OnSend 49: player 0 discard 17 0
 2017-12-07 15:16:48 CServerGameDesk::OnBeforeProcedureStart 177: before procedure start, from 9 to 6
 2017-12-07 15:16:48 ProcedureInterceptCardImpl::OnStart 316: check interceptable card 17 from Player 0
 2017-12-07 15:16:48 ProcedureInterceptCardImpl::OnStart 349: Player 2 have actions type:2 from:0 card:17 cards:17,17,17
 with hand 11,11,13,13,17,17,18,19,19,24,25,26,28 interceptions  card 17
 2017-12-07 15:16:48 ProcedureInterceptCardImpl::OnStart 355: question sent
 2017-12-07 15:16:48 MsgDelegateInterception::OnSend 109: intercepted card : 17
 2017-12-07 15:16:48 MsgDelegateInterception::OnSend 110: player 2 have actions type:2 from:0 card:17 cards:17,17,17

 2017-12-07 15:16:48 CServerGameDesk::OnProcedureChanged 202: procedure change from 9 to 6
 2017-12-07 15:17:03 MsgDelegateInterception::Peng 195: player 2 select 17
 2017-12-07 15:17:03 CServerGameDesk::OnBeforeProcedureStart 177: before procedure start, from 6 to 7
 2017-12-07 15:17:03 MsgDelegateInterceptionResult::OnSend 28: player 2 do with type 2
 2017-12-07 15:17:03 ProcedureDetermineInterceptJumpDelegateImpl::JumpAfterAction 91:  active player changed 0 -> 2
 2017-12-07 15:17:03 CServerGameDesk::OnProcedureChanged 202: procedure change from 6 to 7
 2017-12-07 15:17:03 CServerGameDesk::OnBeforeProcedureStart 177: before procedure start, from 7 to 8
 2017-12-07 15:17:03 ProcedureAfterGetCardImpl::OnStart 132: Player 2 find action with hand 11,11,13,13,18,19,19,24,25,26,28 and interceptionList type:2 from:0 card:17 cards:17,17,17
 latest draw card 255
 2017-12-07 15:17:03 ProcedureAfterGetCardImpl::OnStart 146: done
 2017-12-07 15:17:03 CServerGameDesk::OnProcedureChanged 202: procedure change from 7 to 8
 2017-12-07 15:17:03 CServerGameDesk::OnBeforeProcedureStart 177: before procedure start, from 8 to 9
 2017-12-07 15:17:03 MsgDelegateWaitDiscard::OnSend 134: waiting on player 2 to discard, with candidates :11,11,13,13,18,19,19,24,25,26,28 !
 2017-12-07 15:17:03 CServerGameDesk::OnProcedureChanged 202: procedure change from 8 to 9
 2017-12-07 15:17:12 MsgDelegateWaitDiscard::OnResponse 206: player 2 tried to discard(valid:1, expected player:2)
 2017-12-07 15:17:12 MsgDelegateWaitDiscard::OnResponse 218: the card is 28
 2017-12-07 15:17:12 MsgDelegateWaitDiscard::OnDiscardCard 40: player 2 discard card 28(idx 10)
 2017-12-07 15:17:12 MsgDelegateDiscardResult::OnSend 49: player 2 discard 28 0
 2017-12-07 15:17:12 CServerGameDesk::OnBeforeProcedureStart 177: before procedure start, from 9 to 6
 2017-12-07 15:17:12 ProcedureInterceptCardImpl::OnStart 316: check interceptable card 28 from Player 2
 2017-12-07 15:17:12 ProcedureInterceptCardJumpDelegateImpl::JumpWhenNoAction 47:  active player changed 2 -> 1
 2017-12-07 15:17:12 CServerGameDesk::OnProcedureChanged 202: procedure change from 9 to 6
 2017-12-07 15:17:12 CServerGameDesk::OnBeforeProcedureStart 177: before procedure start, from 6 to 3
 2017-12-07 15:17:12 MsgDelegateDrawCard::OnSend 61: 1 draw card 12
 2017-12-07 15:17:12 CServerGameDesk::OnProcedureChanged 202: procedure change from 6 to 3
 2017-12-07 15:17:12 CServerGameDesk::OnBeforeProcedureStart 177: before procedure start, from 3 to 4
 2017-12-07 15:17:12 ProcedureAfterGetCardImpl::OnStart 132: Player 1 find action with hand 1,4,6,7,7,7,7,9,21,21,21,25,27,12 and interceptionList  latest draw card 12
 2017-12-07 15:17:12 ProcedureAfterGetCardImpl::OnStart 146: done
 2017-12-07 15:17:12 CServerGameDesk::OnProcedureChanged 202: procedure change from 3 to 4
 2017-12-07 15:17:12 CServerGameDesk::OnBeforeProcedureStart 177: before procedure start, from 4 to 9
 2017-12-07 15:17:12 MsgDelegateWaitDiscard::OnSend 134: waiting on player 1 to discard, with candidates :1,4,6,7,7,7,7,9 !
 2017-12-07 15:17:12 CServerGameDesk::OnProcedureChanged 202: procedure change from 4 to 9
 2017-12-07 15:17:22 MsgDelegateWaitDiscard::OnResponse 206: player 1 tried to discard(valid:1, expected player:1)
 2017-12-07 15:17:22 MsgDelegateWaitDiscard::OnResponse 218: the card is 1
 2017-12-07 15:17:22 MsgDelegateWaitDiscard::OnDiscardCard 40: player 1 discard card 1(idx 0)
 2017-12-07 15:17:22 MsgDelegateDiscardResult::OnSend 49: player 1 discard 1 0
 2017-12-07 15:17:22 CServerGameDesk::OnBeforeProcedureStart 177: before procedure start, from 9 to 6
 2017-12-07 15:17:22 ProcedureInterceptCardImpl::OnStart 316: check interceptable card 1 from Player 1
 2017-12-07 15:17:22 ProcedureInterceptCardJumpDelegateImpl::JumpWhenNoAction 47:  active player changed 1 -> 0
 2017-12-07 15:17:22 CServerGameDesk::OnProcedureChanged 202: procedure change from 9 to 6
 2017-12-07 15:17:22 CServerGameDesk::OnBeforeProcedureStart 177: before procedure start, from 6 to 3
 2017-12-07 15:17:22 MsgDelegateDrawCard::OnSend 61: 0 draw card 23
 2017-12-07 15:17:22 CServerGameDesk::OnProcedureChanged 202: procedure change from 6 to 3
 2017-12-07 15:17:22 CServerGameDesk::OnBeforeProcedureStart 177: before procedure start, from 3 to 4
 2017-12-07 15:17:22 ProcedureAfterGetCardImpl::OnStart 132: Player 0 find action with hand 11,13,14,15,15,18,23,25,26,28,23 and interceptionList type:2 from:2 card:16 cards:16,16,16
 latest draw card 23
 2017-12-07 15:17:22 ProcedureAfterGetCardImpl::OnStart 146: done
 2017-12-07 15:17:22 CServerGameDesk::OnProcedureChanged 202: procedure change from 3 to 4
 2017-12-07 15:17:22 CServerGameDesk::OnBeforeProcedureStart 177: before procedure start, from 4 to 9
 2017-12-07 15:17:22 MsgDelegateWaitDiscard::OnSend 134: waiting on player 0 to discard, with candidates :11,13,14,15,15,18,23,25,26,28,23 !
 2017-12-07 15:17:22 CServerGameDesk::OnProcedureChanged 202: procedure change from 4 to 9
 2017-12-07 15:17:27 MsgDelegateWaitDiscard::OnResponse 206: player 0 tried to discard(valid:1, expected player:0)
 2017-12-07 15:17:27 MsgDelegateWaitDiscard::OnResponse 218: the card is 11
 2017-12-07 15:17:27 MsgDelegateWaitDiscard::OnDiscardCard 40: player 0 discard card 11(idx 0)
 2017-12-07 15:17:27 MsgDelegateDiscardResult::OnSend 49: player 0 discard 11 0
 2017-12-07 15:17:27 CServerGameDesk::OnBeforeProcedureStart 177: before procedure start, from 9 to 6
 2017-12-07 15:17:27 ProcedureInterceptCardImpl::OnStart 316: check interceptable card 11 from Player 0
 2017-12-07 15:17:27 ProcedureInterceptCardImpl::OnStart 349: Player 2 have actions type:2 from:0 card:11 cards:11,11,11
 with hand 11,11,13,13,18,19,19,24,25,26 interceptions type:2 from:0 card:17 cards:17,17,17
 card 11
 2017-12-07 15:17:27 ProcedureInterceptCardImpl::OnStart 355: question sent
 2017-12-07 15:17:27 MsgDelegateInterception::OnSend 109: intercepted card : 11
 2017-12-07 15:17:27 MsgDelegateInterception::OnSend 110: player 2 have actions type:2 from:0 card:11 cards:11,11,11

 2017-12-07 15:17:27 CServerGameDesk::OnProcedureChanged 202: procedure change from 9 to 6
 2017-12-07 15:17:31 MsgDelegateInterception::Peng 195: player 2 select 11
 2017-12-07 15:17:31 CServerGameDesk::OnBeforeProcedureStart 177: before procedure start, from 6 to 7
 2017-12-07 15:17:31 MsgDelegateInterceptionResult::OnSend 28: player 2 do with type 2
 2017-12-07 15:17:31 ProcedureDetermineInterceptJumpDelegateImpl::JumpAfterAction 91:  active player changed 0 -> 2
 2017-12-07 15:17:31 CServerGameDesk::OnProcedureChanged 202: procedure change from 6 to 7
 2017-12-07 15:17:31 CServerGameDesk::OnBeforeProcedureStart 177: before procedure start, from 7 to 8
 2017-12-07 15:17:31 ProcedureAfterGetCardImpl::OnStart 132: Player 2 find action with hand 13,13,18,19,19,24,25,26 and interceptionList type:2 from:0 card:17 cards:17,17,17
type:2 from:0 card:11 cards:11,11,11
 latest draw card 255
 2017-12-07 15:17:31 ProcedureAfterGetCardImpl::OnStart 146: done
 2017-12-07 15:17:31 CServerGameDesk::OnProcedureChanged 202: procedure change from 7 to 8
 2017-12-07 15:17:31 CServerGameDesk::OnBeforeProcedureStart 177: before procedure start, from 8 to 9
 2017-12-07 15:17:31 MsgDelegateWaitDiscard::OnSend 134: waiting on player 2 to discard, with candidates :13,13,18,19,19,24,25,26 !
 2017-12-07 15:17:31 CServerGameDesk::OnProcedureChanged 202: procedure change from 8 to 9
 2017-12-07 15:17:33 MsgDelegateWaitDiscard::OnResponse 206: player 2 tried to discard(valid:1, expected player:2)
 2017-12-07 15:17:33 MsgDelegateWaitDiscard::OnResponse 218: the card is 26
 2017-12-07 15:17:33 MsgDelegateWaitDiscard::OnDiscardCard 40: player 2 discard card 26(idx 7)
 2017-12-07 15:17:33 MsgDelegateDiscardResult::OnSend 49: player 2 discard 26 0
 2017-12-07 15:17:33 CServerGameDesk::OnBeforeProcedureStart 177: before procedure start, from 9 to 6
 2017-12-07 15:17:33 ProcedureInterceptCardImpl::OnStart 316: check interceptable card 26 from Player 2
 2017-12-07 15:17:33 ProcedureInterceptCardJumpDelegateImpl::JumpWhenNoAction 47:  active player changed 2 -> 1
 2017-12-07 15:17:33 CServerGameDesk::OnProcedureChanged 202: procedure change from 9 to 6
 2017-12-07 15:17:33 CServerGameDesk::OnBeforeProcedureStart 177: before procedure start, from 6 to 3
 2017-12-07 15:17:33 MsgDelegateDrawCard::OnSend 61: 1 draw card 9
 2017-12-07 15:17:33 CServerGameDesk::OnProcedureChanged 202: procedure change from 6 to 3
 2017-12-07 15:17:33 CServerGameDesk::OnBeforeProcedureStart 177: before procedure start, from 3 to 4
 2017-12-07 15:17:33 ProcedureAfterGetCardImpl::OnStart 132: Player 1 find action with hand 12,21,21,21,25,27,4,6,7,7,7,7,9,9 and interceptionList  latest draw card 9
 2017-12-07 15:17:33 ProcedureAfterGetCardImpl::OnStart 146: done
 2017-12-07 15:17:33 CServerGameDesk::OnProcedureChanged 202: procedure change from 3 to 4
 2017-12-07 15:17:33 CServerGameDesk::OnBeforeProcedureStart 177: before procedure start, from 4 to 9
 2017-12-07 15:17:33 MsgDelegateWaitDiscard::OnSend 134: waiting on player 1 to discard, with candidates :4,6,7,7,7,7,9,9 !
 2017-12-07 15:17:33 CServerGameDesk::OnProcedureChanged 202: procedure change from 4 to 9
 2017-12-07 15:17:35 MsgDelegateWaitDiscard::OnResponse 206: player 1 tried to discard(valid:1, expected player:1)
 2017-12-07 15:17:35 MsgDelegateWaitDiscard::OnResponse 218: the card is 4
 2017-12-07 15:17:35 MsgDelegateWaitDiscard::OnDiscardCard 40: player 1 discard card 4(idx 6)
 2017-12-07 15:17:35 MsgDelegateDiscardResult::OnSend 49: player 1 discard 4 0
 2017-12-07 15:17:35 CServerGameDesk::OnBeforeProcedureStart 177: before procedure start, from 9 to 6
 2017-12-07 15:17:35 ProcedureInterceptCardImpl::OnStart 316: check interceptable card 4 from Player 1
 2017-12-07 15:17:35 ProcedureInterceptCardJumpDelegateImpl::JumpWhenNoAction 47:  active player changed 1 -> 0
 2017-12-07 15:17:35 CServerGameDesk::OnProcedureChanged 202: procedure change from 9 to 6
 2017-12-07 15:17:36 CServerGameDesk::OnBeforeProcedureStart 177: before procedure start, from 6 to 3
 2017-12-07 15:17:36 MsgDelegateDrawCard::OnSend 61: 0 draw card 13
 2017-12-07 15:17:36 CServerGameDesk::OnProcedureChanged 202: procedure change from 6 to 3
 2017-12-07 15:17:36 CServerGameDesk::OnBeforeProcedureStart 177: before procedure start, from 3 to 4
 2017-12-07 15:17:36 ProcedureAfterGetCardImpl::OnStart 132: Player 0 find action with hand 13,14,15,15,18,23,23,25,26,28,13 and interceptionList type:2 from:2 card:16 cards:16,16,16
 latest draw card 13
 2017-12-07 15:17:36 ProcedureAfterGetCardImpl::OnStart 146: done
 2017-12-07 15:17:36 CServerGameDesk::OnProcedureChanged 202: procedure change from 3 to 4
 2017-12-07 15:17:36 CServerGameDesk::OnBeforeProcedureStart 177: before procedure start, from 4 to 9
 2017-12-07 15:17:36 MsgDelegateWaitDiscard::OnSend 134: waiting on player 0 to discard, with candidates :13,14,15,15,18,23,23,25,26,28,13 !
 2017-12-07 15:17:36 CServerGameDesk::OnProcedureChanged 202: procedure change from 4 to 9
 2017-12-07 15:17:38 MsgDelegateWaitDiscard::OnResponse 206: player 0 tried to discard(valid:1, expected player:0)
 2017-12-07 15:17:38 MsgDelegateWaitDiscard::OnResponse 218: the card is 13
 2017-12-07 15:17:38 MsgDelegateWaitDiscard::OnDiscardCard 40: player 0 discard card 13(idx 0)
 2017-12-07 15:17:38 MsgDelegateDiscardResult::OnSend 49: player 0 discard 13 0
 2017-12-07 15:17:39 CServerGameDesk::OnBeforeProcedureStart 177: before procedure start, from 9 to 6
 2017-12-07 15:17:39 ProcedureInterceptCardImpl::OnStart 316: check interceptable card 13 from Player 0
 2017-12-07 15:17:39 ProcedureInterceptCardImpl::OnStart 349: Player 2 have actions type:2 from:0 card:13 cards:13,13,13
 with hand 13,13,18,19,19,24,25 interceptions type:2 from:0 card:17 cards:17,17,17
type:2 from:0 card:11 cards:11,11,11
 card 13
 2017-12-07 15:17:39 ProcedureInterceptCardImpl::OnStart 355: question sent
 2017-12-07 15:17:39 MsgDelegateInterception::OnSend 109: intercepted card : 13
 2017-12-07 15:17:39 MsgDelegateInterception::OnSend 110: player 2 have actions type:2 from:0 card:13 cards:13,13,13

 2017-12-07 15:17:39 CServerGameDesk::OnProcedureChanged 202: procedure change from 9 to 6
 2017-12-07 15:17:40 MsgDelegateInterception::Peng 195: player 2 select 13
 2017-12-07 15:17:40 CServerGameDesk::OnBeforeProcedureStart 177: before procedure start, from 6 to 7
 2017-12-07 15:17:40 MsgDelegateInterceptionResult::OnSend 28: player 2 do with type 2
 2017-12-07 15:17:40 ProcedureDetermineInterceptJumpDelegateImpl::JumpAfterAction 91:  active player changed 0 -> 2
 2017-12-07 15:17:40 CServerGameDesk::OnProcedureChanged 202: procedure change from 6 to 7
 2017-12-07 15:17:40 CServerGameDesk::OnBeforeProcedureStart 177: before procedure start, from 7 to 8
 2017-12-07 15:17:40 ProcedureAfterGetCardImpl::OnStart 132: Player 2 find action with hand 18,19,19,24,25 and interceptionList type:2 from:0 card:17 cards:17,17,17
type:2 from:0 card:11 cards:11,11,11
type:2 from:0 card:13 cards:13,13,13
 latest draw card 255
 2017-12-07 15:17:40 ProcedureAfterGetCardImpl::OnStart 146: done
 2017-12-07 15:17:40 CServerGameDesk::OnProcedureChanged 202: procedure change from 7 to 8
 2017-12-07 15:17:40 CServerGameDesk::OnBeforeProcedureStart 177: before procedure start, from 8 to 9
 2017-12-07 15:17:40 MsgDelegateWaitDiscard::OnSend 134: waiting on player 2 to discard, with candidates :18,19,19,24,25 !
 2017-12-07 15:17:40 CServerGameDesk::OnProcedureChanged 202: procedure change from 8 to 9
 2017-12-07 15:17:42 MsgDelegateWaitDiscard::OnResponse 206: player 2 tried to discard(valid:1, expected player:2)
 2017-12-07 15:17:42 MsgDelegateWaitDiscard::OnResponse 218: the card is 24
 2017-12-07 15:17:42 MsgDelegateWaitDiscard::OnDiscardCard 40: player 2 discard card 24(idx 3)
 2017-12-07 15:17:42 MsgDelegateDiscardResult::OnSend 49: player 2 discard 24 0
 2017-12-07 15:17:42 CServerGameDesk::OnBeforeProcedureStart 177: before procedure start, from 9 to 6
 2017-12-07 15:17:42 ProcedureInterceptCardImpl::OnStart 316: check interceptable card 24 from Player 2
 2017-12-07 15:17:42 ProcedureInterceptCardJumpDelegateImpl::JumpWhenNoAction 47:  active player changed 2 -> 1
 2017-12-07 15:17:42 CServerGameDesk::OnProcedureChanged 202: procedure change from 9 to 6
 2017-12-07 15:17:42 CServerGameDesk::OnBeforeProcedureStart 177: before procedure start, from 6 to 3
 2017-12-07 15:17:42 MsgDelegateDrawCard::OnSend 61: 1 draw card 29
 2017-12-07 15:17:42 CServerGameDesk::OnProcedureChanged 202: procedure change from 6 to 3
 2017-12-07 15:17:42 CServerGameDesk::OnBeforeProcedureStart 177: before procedure start, from 3 to 4
 2017-12-07 15:17:42 ProcedureAfterGetCardImpl::OnStart 132: Player 1 find action with hand 12,21,21,21,25,27,6,7,7,7,7,9,9,29 and interceptionList  latest draw card 29
 2017-12-07 15:17:42 ProcedureAfterGetCardImpl::OnStart 146: done
 2017-12-07 15:17:42 CServerGameDesk::OnProcedureChanged 202: procedure change from 3 to 4
 2017-12-07 15:17:42 CServerGameDesk::OnBeforeProcedureStart 177: before procedure start, from 4 to 9
 2017-12-07 15:17:42 MsgDelegateWaitDiscard::OnSend 134: waiting on player 1 to discard, with candidates :6,7,7,7,7,9,9 !
 2017-12-07 15:17:42 CServerGameDesk::OnProcedureChanged 202: procedure change from 4 to 9
 2017-12-07 15:17:45 MsgDelegateWaitDiscard::OnResponse 206: player 1 tried to discard(valid:1, expected player:1)
 2017-12-07 15:17:45 MsgDelegateWaitDiscard::OnResponse 218: the card is 6
 2017-12-07 15:17:45 MsgDelegateWaitDiscard::OnDiscardCard 40: player 1 discard card 6(idx 6)
 2017-12-07 15:17:45 MsgDelegateDiscardResult::OnSend 49: player 1 discard 6 0
 2017-12-07 15:17:45 CServerGameDesk::OnBeforeProcedureStart 177: before procedure start, from 9 to 6
 2017-12-07 15:17:45 ProcedureInterceptCardImpl::OnStart 316: check interceptable card 6 from Player 1
 2017-12-07 15:17:45 ProcedureInterceptCardJumpDelegateImpl::JumpWhenNoAction 47:  active player changed 1 -> 0
 2017-12-07 15:17:45 CServerGameDesk::OnProcedureChanged 202: procedure change from 9 to 6
 2017-12-07 15:17:45 CServerGameDesk::OnBeforeProcedureStart 177: before procedure start, from 6 to 3
 2017-12-07 15:17:45 MsgDelegateDrawCard::OnSend 61: 0 draw card 14
 2017-12-07 15:17:45 CServerGameDesk::OnProcedureChanged 202: procedure change from 6 to 3
 2017-12-07 15:17:45 CServerGameDesk::OnBeforeProcedureStart 177: before procedure start, from 3 to 4
 2017-12-07 15:17:45 ProcedureAfterGetCardImpl::OnStart 132: Player 0 find action with hand 13,14,15,15,18,23,23,25,26,28,14 and interceptionList type:2 from:2 card:16 cards:16,16,16
 latest draw card 14
 2017-12-07 15:17:45 ProcedureAfterGetCardImpl::OnStart 146: done
 2017-12-07 15:17:45 CServerGameDesk::OnProcedureChanged 202: procedure change from 3 to 4
 2017-12-07 15:17:45 CServerGameDesk::OnBeforeProcedureStart 177: before procedure start, from 4 to 9
 2017-12-07 15:17:45 MsgDelegateWaitDiscard::OnSend 134: waiting on player 0 to discard, with candidates :13,14,15,15,18,23,23,25,26,28,14 !
 2017-12-07 15:17:45 CServerGameDesk::OnProcedureChanged 202: procedure change from 4 to 9
 2017-12-07 15:17:48 MsgDelegateWaitDiscard::OnResponse 206: player 0 tried to discard(valid:1, expected player:0)
 2017-12-07 15:17:48 MsgDelegateWaitDiscard::OnResponse 218: the card is 28
 2017-12-07 15:17:48 MsgDelegateWaitDiscard::OnDiscardCard 40: player 0 discard card 28(idx 9)
 2017-12-07 15:17:48 MsgDelegateDiscardResult::OnSend 49: player 0 discard 28 0
 2017-12-07 15:17:48 CServerGameDesk::OnBeforeProcedureStart 177: before procedure start, from 9 to 6
 2017-12-07 15:17:48 ProcedureInterceptCardImpl::OnStart 316: check interceptable card 28 from Player 0
 2017-12-07 15:17:48 ProcedureInterceptCardJumpDelegateImpl::JumpWhenNoAction 47:  active player changed 0 -> 3
 2017-12-07 15:17:48 CServerGameDesk::OnProcedureChanged 202: procedure change from 9 to 6
 2017-12-07 15:17:48 CServerGameDesk::OnBeforeProcedureStart 177: before procedure start, from 6 to 3
 2017-12-07 15:17:48 MsgDelegateDrawCard::OnSend 61: 3 draw card 6
 2017-12-07 15:17:48 CServerGameDesk::OnProcedureChanged 202: procedure change from 6 to 3
 2017-12-07 15:17:49 CServerGameDesk::OnBeforeProcedureStart 177: before procedure start, from 3 to 4
 2017-12-07 15:17:49 ProcedureAfterGetCardImpl::OnStart 132: Player 3 find action with hand 22,23,23,27,29,29,1,1,4,5,5,8,8,6 and interceptionList  latest draw card 6
 2017-12-07 15:17:49 ProcedureAfterGetCardImpl::OnStart 146: done
 2017-12-07 15:17:49 CServerGameDesk::OnProcedureChanged 202: procedure change from 3 to 4
 2017-12-07 15:17:49 CServerGameDesk::OnBeforeProcedureStart 177: before procedure start, from 4 to 9
 2017-12-07 15:17:49 MsgDelegateWaitDiscard::OnSend 134: waiting on player 3 to discard, with candidates :1,1,4,5,5,8,8,6 !
 2017-12-07 15:17:49 CServerGameDesk::OnProcedureChanged 202: procedure change from 4 to 9
 2017-12-07 15:17:59 MsgDelegateWaitDiscard::OnResponse 206: player 3 tried to discard(valid:1, expected player:3)
 2017-12-07 15:17:59 MsgDelegateWaitDiscard::OnResponse 218: the card is 4
 2017-12-07 15:17:59 MsgDelegateWaitDiscard::OnDiscardCard 40: player 3 discard card 4(idx 8)
 2017-12-07 15:17:59 MsgDelegateDiscardResult::OnSend 49: player 3 discard 4 0
 2017-12-07 15:17:59 CServerGameDesk::OnBeforeProcedureStart 177: before procedure start, from 9 to 6
 2017-12-07 15:17:59 ProcedureInterceptCardImpl::OnStart 316: check interceptable card 4 from Player 3
 2017-12-07 15:17:59 ProcedureInterceptCardJumpDelegateImpl::JumpWhenNoAction 47:  active player changed 3 -> 2
 2017-12-07 15:17:59 CServerGameDesk::OnProcedureChanged 202: procedure change from 9 to 6
 2017-12-07 15:17:59 CServerGameDesk::OnBeforeProcedureStart 177: before procedure start, from 6 to 3
 2017-12-07 15:17:59 MsgDelegateDrawCard::OnSend 61: 2 draw card 12
 2017-12-07 15:17:59 CServerGameDesk::OnProcedureChanged 202: procedure change from 6 to 3
 2017-12-07 15:17:59 CServerGameDesk::OnBeforeProcedureStart 177: before procedure start, from 3 to 4
 2017-12-07 15:17:59 ProcedureAfterGetCardImpl::OnStart 132: Player 2 find action with hand 18,19,19,25,12 and interceptionList type:2 from:0 card:17 cards:17,17,17
type:2 from:0 card:11 cards:11,11,11
type:2 from:0 card:13 cards:13,13,13
 latest draw card 12
 2017-12-07 15:17:59 ProcedureAfterGetCardImpl::OnStart 146: done
 2017-12-07 15:17:59 CServerGameDesk::OnProcedureChanged 202: procedure change from 3 to 4
 2017-12-07 15:17:59 CServerGameDesk::OnBeforeProcedureStart 177: before procedure start, from 4 to 9
 2017-12-07 15:17:59 MsgDelegateWaitDiscard::OnSend 134: waiting on player 2 to discard, with candidates :18,19,19,25,12 !
 2017-12-07 15:17:59 CServerGameDesk::OnProcedureChanged 202: procedure change from 4 to 9
 2017-12-07 15:18:07 MsgDelegateWaitDiscard::OnResponse 206: player 2 tried to discard(valid:1, expected player:2)
 2017-12-07 15:18:07 MsgDelegateWaitDiscard::OnResponse 218: the card is 25
 2017-12-07 15:18:07 MsgDelegateWaitDiscard::OnDiscardCard 40: player 2 discard card 25(idx 3)
 2017-12-07 15:18:07 MsgDelegateDiscardResult::OnSend 49: player 2 discard 25 0
 2017-12-07 15:18:07 CServerGameDesk::OnBeforeProcedureStart 177: before procedure start, from 9 to 6
 2017-12-07 15:18:07 ProcedureInterceptCardImpl::OnStart 316: check interceptable card 25 from Player 2
 2017-12-07 15:18:07 ProcedureInterceptCardJumpDelegateImpl::JumpWhenNoAction 47:  active player changed 2 -> 1
 2017-12-07 15:18:07 CServerGameDesk::OnProcedureChanged 202: procedure change from 9 to 6
 2017-12-07 15:18:07 CServerGameDesk::OnBeforeProcedureStart 177: before procedure start, from 6 to 3
 2017-12-07 15:18:07 MsgDelegateDrawCard::OnSend 61: 1 draw card 19
 2017-12-07 15:18:07 CServerGameDesk::OnProcedureChanged 202: procedure change from 6 to 3
 2017-12-07 15:18:08 CServerGameDesk::OnBeforeProcedureStart 177: before procedure start, from 3 to 4
 2017-12-07 15:18:08 ProcedureAfterGetCardImpl::OnStart 132: Player 1 find action with hand 12,21,21,21,25,27,29,7,7,7,7,9,9,19 and interceptionList  latest draw card 19
 2017-12-07 15:18:08 ProcedureAfterGetCardImpl::OnStart 146: done
 2017-12-07 15:18:08 CServerGameDesk::OnProcedureChanged 202: procedure change from 3 to 4
 2017-12-07 15:18:08 CServerGameDesk::OnBeforeProcedureStart 177: before procedure start, from 4 to 9
 2017-12-07 15:18:08 MsgDelegateWaitDiscard::OnSend 134: waiting on player 1 to discard, with candidates :7,7,7,7,9,9 !
 2017-12-07 15:18:08 CServerGameDesk::OnProcedureChanged 202: procedure change from 4 to 9
 2017-12-07 15:18:13 MsgDelegateWaitDiscard::OnResponse 206: player 1 tried to discard(valid:1, expected player:1)
 2017-12-07 15:18:13 MsgDelegateWaitDiscard::OnResponse 218: the card is 9
 2017-12-07 15:18:13 MsgDelegateWaitDiscard::OnDiscardCard 40: player 1 discard card 9(idx 11)
 2017-12-07 15:18:13 MsgDelegateDiscardResult::OnSend 49: player 1 discard 9 0
 2017-12-07 15:18:13 CServerGameDesk::OnBeforeProcedureStart 177: before procedure start, from 9 to 6
 2017-12-07 15:18:13 ProcedureInterceptCardImpl::OnStart 316: check interceptable card 9 from Player 1
 2017-12-07 15:18:13 ProcedureInterceptCardJumpDelegateImpl::JumpWhenNoAction 47:  active player changed 1 -> 0
 2017-12-07 15:18:13 CServerGameDesk::OnProcedureChanged 202: procedure change from 9 to 6
 2017-12-07 15:18:13 CServerGameDesk::OnBeforeProcedureStart 177: before procedure start, from 6 to 3
 2017-12-07 15:18:13 MsgDelegateDrawCard::OnSend 61: 0 draw card 3
 2017-12-07 15:18:13 CServerGameDesk::OnProcedureChanged 202: procedure change from 6 to 3
 2017-12-07 15:18:13 CServerGameDesk::OnBeforeProcedureStart 177: before procedure start, from 3 to 4
 2017-12-07 15:18:13 ProcedureAfterGetCardImpl::OnStart 132: Player 0 find action with hand 13,14,14,15,15,18,23,23,25,26,3 and interceptionList type:2 from:2 card:16 cards:16,16,16
 latest draw card 3
 2017-12-07 15:18:13 ProcedureAfterGetCardImpl::OnStart 146: done
 2017-12-07 15:18:13 CServerGameDesk::OnProcedureChanged 202: procedure change from 3 to 4
 2017-12-07 15:18:13 CServerGameDesk::OnBeforeProcedureStart 177: before procedure start, from 4 to 9
 2017-12-07 15:18:13 MsgDelegateWaitDiscard::OnSend 134: waiting on player 0 to discard, with candidates :3 !
 2017-12-07 15:18:13 CServerGameDesk::OnProcedureChanged 202: procedure change from 4 to 9
 2017-12-07 15:18:37 MsgDelegateWaitDiscard::OnResponse 206: player 0 tried to discard(valid:1, expected player:0)
 2017-12-07 15:18:37 MsgDelegateWaitDiscard::OnResponse 218: the card is 3
 2017-12-07 15:18:37 MsgDelegateWaitDiscard::OnDiscardCard 40: player 0 discard card 3(idx 10)
 2017-12-07 15:18:37 MsgDelegateDiscardResult::OnSend 49: player 0 discard 3 0
 2017-12-07 15:18:37 CServerGameDesk::OnBeforeProcedureStart 177: before procedure start, from 9 to 6
 2017-12-07 15:18:37 ProcedureInterceptCardImpl::OnStart 316: check interceptable card 3 from Player 0
 2017-12-07 15:18:37 ProcedureInterceptCardJumpDelegateImpl::JumpWhenNoAction 47:  active player changed 0 -> 3
 2017-12-07 15:18:37 CServerGameDesk::OnProcedureChanged 202: procedure change from 9 to 6
 2017-12-07 15:18:37 CServerGameDesk::OnBeforeProcedureStart 177: before procedure start, from 6 to 3
 2017-12-07 15:18:37 MsgDelegateDrawCard::OnSend 61: 3 draw card 16
 2017-12-07 15:18:37 CServerGameDesk::OnProcedureChanged 202: procedure change from 6 to 3
 2017-12-07 15:18:37 CServerGameDesk::OnBeforeProcedureStart 177: before procedure start, from 3 to 4
 2017-12-07 15:18:37 ProcedureAfterGetCardImpl::OnStart 132: Player 3 find action with hand 22,23,23,27,29,29,1,1,5,5,6,8,8,16 and interceptionList  latest draw card 16
 2017-12-07 15:18:37 ProcedureAfterGetCardImpl::OnStart 146: done
 2017-12-07 15:18:37 CServerGameDesk::OnProcedureChanged 202: procedure change from 3 to 4
 2017-12-07 15:18:37 CServerGameDesk::OnBeforeProcedureStart 177: before procedure start, from 4 to 9
 2017-12-07 15:18:37 MsgDelegateWaitDiscard::OnSend 134: waiting on player 3 to discard, with candidates :1,1,5,5,6,8,8 !
 2017-12-07 15:18:37 CServerGameDesk::OnProcedureChanged 202: procedure change from 4 to 9
 2017-12-07 15:21:36 CServerGameDesk::GameClear 302: clean game





 2017-12-07 15:21:36 CServerGameDesk::GameReset 316: reset game
