 2017-11-06 18:55:14 CServerGameDesk::GameBegin 416: Game Start (0/4)
 2017-11-06 18:55:14 CServerGameDesk::GameBegin 422: Player Phone13271(Phone13271) at position 0/0
 2017-11-06 18:55:14 CServerGameDesk::GameBegin 422: Player Phone11654(Phone11654) at position 1/1
 2017-11-06 18:55:14 CServerGameDesk::GameBegin 422: Player ¹þà¶ÎÖµÂ(Phone13115) at position 2/2
 2017-11-06 18:55:14 CServerGameDesk::GameBegin 422: Player yyyyyy(yyyyyy) at position 3/3
 2017-11-06 18:55:14 CServerGameDesk::OnBeforeProcedureStart 177: before procedure start, from 0 to 1
 2017-11-06 18:55:14 CServerGameDesk::OnProcedureChanged 202: procedure change from 0 to 1
 2017-11-06 18:55:14 MsgDelegateGameBegin::SendGameBegin 54: game begin
 2017-11-06 18:55:15 CServerGameDesk::OnBeforeProcedureStart 177: before procedure start, from 1 to 2
 2017-11-06 18:55:15 CServerGameDesk::OnProcedureChanged 202: procedure change from 1 to 2
 2017-11-06 18:55:18 MsgDelegateDistributeCard::OnSend 43: dispatch cards
 2017-11-06 18:55:21 CServerGameDesk::OnBeforeProcedureStart 177: before procedure start, from 2 to 101
 2017-11-06 18:55:21 MsgDelegateHuanZhang::SendQuestionToPlayer 150: question huan zhang
 2017-11-06 18:55:21 MsgDelegateHuanZhang::SendQuestionToPlayer 150: question huan zhang
 2017-11-06 18:55:21 MsgDelegateHuanZhang::SendQuestionToPlayer 150: question huan zhang
 2017-11-06 18:55:21 MsgDelegateHuanZhang::SendQuestionToPlayer 150: question huan zhang
 2017-11-06 18:55:21 CServerGameDesk::OnProcedureChanged 202: procedure change from 2 to 101
 2017-11-06 18:55:41 CServerGameDesk::OnBeforeProcedureStart 177: before procedure start, from 101 to 100
 2017-11-06 18:55:41 MsgDelegateDingQue::OnSend 109: question ding que
 2017-11-06 18:55:41 MsgDelegateDingQue::OnSend 109: question ding que
 2017-11-06 18:55:41 MsgDelegateDingQue::OnSend 109: question ding que
 2017-11-06 18:55:41 MsgDelegateDingQue::OnSend 109: question ding que
 2017-11-06 18:55:41 CServerGameDesk::OnProcedureChanged 202: procedure change from 101 to 100
 2017-11-06 18:55:44 MsgDelegateDingQue::OnResponse 150: Player 3 select que men 0
 2017-11-06 18:55:49 MsgDelegateDingQue::OnResponse 150: Player 0 select que men 2
 2017-11-06 18:55:54 MsgDelegateDingQue::OnResponse 150: Player 1 select que men 2
 2017-11-06 18:55:56 MsgDelegateDingQue::OnResponse 150: Player 2 select que men 1
 2017-11-06 18:55:56 CServerGameDesk::OnBeforeProcedureStart 177: before procedure start, from 100 to 4
 2017-11-06 18:55:56 ProcedureAfterGetCardImpl::OnStart 132: Player 2 find action with hand 1,2,4,5,13,13,21,22,23,25,25,27,28,29 and interceptionList  latest draw card 29
 2017-11-06 18:55:56 ProcedureAfterGetCardImpl::OnStart 146: done
 2017-11-06 18:55:56 CServerGameDesk::OnProcedureChanged 202: procedure change from 100 to 4
 2017-11-06 18:55:56 MsgDelegateFirstRound::SendFirstRound 42: first run
 2017-11-06 18:55:56 CServerGameDesk::OnBeforeProcedureStart 177: before procedure start, from 4 to 9
 2017-11-06 18:55:56 MsgDelegateWaitDiscard::OnSend 134: waiting on player 2 to discard, with candidates :13,13 !
 2017-11-06 18:55:56 CServerGameDesk::OnProcedureChanged 202: procedure change from 4 to 9
 2017-11-06 18:55:58 MsgDelegateWaitDiscard::OnResponse 206: player 2 tried to discard(valid:1, expected player:2)
 2017-11-06 18:55:58 MsgDelegateWaitDiscard::OnResponse 218: the card is 13
 2017-11-06 18:55:58 MsgDelegateWaitDiscard::OnDiscardCard 40: player 2 discard card 13(idx 4)
 2017-11-06 18:55:58 MsgDelegateDiscardResult::OnSend 49: player 2 discard 13 0
 2017-11-06 18:55:58 CServerGameDesk::OnBeforeProcedureStart 177: before procedure start, from 9 to 6
 2017-11-06 18:55:58 ProcedureInterceptCardImpl::OnStart 316: check interceptable card 13 from Player 2
 2017-11-06 18:55:58 ProcedureInterceptCardJumpDelegateImpl::JumpWhenNoAction 47:  active player changed 2 -> 1
 2017-11-06 18:55:58 CServerGameDesk::OnProcedureChanged 202: procedure change from 9 to 6
 2017-11-06 18:55:58 CServerGameDesk::OnBeforeProcedureStart 177: before procedure start, from 6 to 3
 2017-11-06 18:55:58 MsgDelegateDrawCard::OnSend 61: 1 draw card 18
 2017-11-06 18:55:58 CServerGameDesk::OnProcedureChanged 202: procedure change from 6 to 3
 2017-11-06 18:55:58 CServerGameDesk::OnBeforeProcedureStart 177: before procedure start, from 3 to 4
 2017-11-06 18:55:58 ProcedureAfterGetCardImpl::OnStart 132: Player 1 find action with hand 2,3,4,8,9,9,11,11,14,14,15,17,18,18 and interceptionList  latest draw card 18
 2017-11-06 18:55:58 ProcedureAfterGetCardImpl::OnStart 146: done
 2017-11-06 18:55:58 CServerGameDesk::OnProcedureChanged 202: procedure change from 3 to 4
 2017-11-06 18:55:59 CServerGameDesk::OnBeforeProcedureStart 177: before procedure start, from 4 to 9
 2017-11-06 18:55:59 MsgDelegateWaitDiscard::OnSend 134: waiting on player 1 to discard, with candidates :2,3,4,8,9,9,11,11,14,14,15,17,18,18 !
 2017-11-06 18:55:59 CServerGameDesk::OnProcedureChanged 202: procedure change from 4 to 9
 2017-11-06 18:56:05 MsgDelegateWaitDiscard::OnResponse 206: player 1 tried to discard(valid:1, expected player:1)
 2017-11-06 18:56:05 MsgDelegateWaitDiscard::OnResponse 218: the card is 8
 2017-11-06 18:56:05 MsgDelegateWaitDiscard::OnDiscardCard 40: player 1 discard card 8(idx 3)
 2017-11-06 18:56:05 MsgDelegateDiscardResult::OnSend 49: player 1 discard 8 0
 2017-11-06 18:56:05 CServerGameDesk::OnBeforeProcedureStart 177: before procedure start, from 9 to 6
 2017-11-06 18:56:05 ProcedureInterceptCardImpl::OnStart 316: check interceptable card 8 from Player 1
 2017-11-06 18:56:05 ProcedureInterceptCardImpl::OnStart 349: Player 0 have actions type:2 from:1 card:8 cards:8,8,8
 with hand 2,6,8,8,11,15,15,17,17,22,25,26,27 interceptions  card 8
 2017-11-06 18:56:05 ProcedureInterceptCardImpl::OnStart 355: question sent
 2017-11-06 18:56:05 MsgDelegateInterception::OnSend 109: intercepted card : 8
 2017-11-06 18:56:05 MsgDelegateInterception::OnSend 110: player 0 have actions type:2 from:1 card:8 cards:8,8,8

 2017-11-06 18:56:05 CServerGameDesk::OnProcedureChanged 202: procedure change from 9 to 6
 2017-11-06 18:56:06 MsgDelegateInterception::Peng 195: player 0 select 8
 2017-11-06 18:56:06 CServerGameDesk::OnBeforeProcedureStart 177: before procedure start, from 6 to 7
 2017-11-06 18:56:06 MsgDelegateInterceptionResult::OnSend 28: player 0 do with type 2
 2017-11-06 18:56:06 ProcedureDetermineInterceptJumpDelegateImpl::JumpAfterAction 91:  active player changed 1 -> 0
 2017-11-06 18:56:06 CServerGameDesk::OnProcedureChanged 202: procedure change from 6 to 7
 2017-11-06 18:56:06 CServerGameDesk::OnBeforeProcedureStart 177: before procedure start, from 7 to 8
 2017-11-06 18:56:06 ProcedureAfterGetCardImpl::OnStart 132: Player 0 find action with hand 2,6,11,15,15,17,17,22,25,26,27 and interceptionList type:2 from:1 card:8 cards:8,8,8
 latest draw card 255
 2017-11-06 18:56:06 ProcedureAfterGetCardImpl::OnStart 146: done
 2017-11-06 18:56:06 CServerGameDesk::OnProcedureChanged 202: procedure change from 7 to 8
 2017-11-06 18:56:06 CServerGameDesk::OnBeforeProcedureStart 177: before procedure start, from 8 to 9
 2017-11-06 18:56:06 MsgDelegateWaitDiscard::OnSend 134: waiting on player 0 to discard, with candidates :22,25,26,27 !
 2017-11-06 18:56:06 CServerGameDesk::OnProcedureChanged 202: procedure change from 8 to 9
 2017-11-06 18:56:11 MsgDelegateWaitDiscard::OnResponse 206: player 0 tried to discard(valid:1, expected player:0)
 2017-11-06 18:56:11 MsgDelegateWaitDiscard::OnResponse 218: the card is 25
 2017-11-06 18:56:11 MsgDelegateWaitDiscard::OnDiscardCard 40: player 0 discard card 25(idx 8)
 2017-11-06 18:56:11 MsgDelegateDiscardResult::OnSend 49: player 0 discard 25 0
 2017-11-06 18:56:11 CServerGameDesk::OnBeforeProcedureStart 177: before procedure start, from 9 to 6
 2017-11-06 18:56:11 ProcedureInterceptCardImpl::OnStart 316: check interceptable card 25 from Player 0
 2017-11-06 18:56:11 ProcedureInterceptCardImpl::OnStart 349: Player 2 have actions type:2 from:0 card:25 cards:25,25,25
 with hand 1,2,4,5,21,22,23,25,25,27,28,29,13 interceptions  card 25
 2017-11-06 18:56:11 ProcedureInterceptCardImpl::OnStart 355: question sent
 2017-11-06 18:56:11 MsgDelegateInterception::OnSend 109: intercepted card : 25
 2017-11-06 18:56:11 MsgDelegateInterception::OnSend 110: player 2 have actions type:2 from:0 card:25 cards:25,25,25

 2017-11-06 18:56:11 CServerGameDesk::OnProcedureChanged 202: procedure change from 9 to 6
 2017-11-06 18:56:12 MsgDelegateInterception::Peng 195: player 2 select 25
 2017-11-06 18:56:12 CServerGameDesk::OnBeforeProcedureStart 177: before procedure start, from 6 to 7
 2017-11-06 18:56:12 MsgDelegateInterceptionResult::OnSend 28: player 2 do with type 2
 2017-11-06 18:56:12 ProcedureDetermineInterceptJumpDelegateImpl::JumpAfterAction 91:  active player changed 0 -> 2
 2017-11-06 18:56:12 CServerGameDesk::OnProcedureChanged 202: procedure change from 6 to 7
 2017-11-06 18:56:12 CServerGameDesk::OnBeforeProcedureStart 177: before procedure start, from 7 to 8
 2017-11-06 18:56:12 ProcedureAfterGetCardImpl::OnStart 132: Player 2 find action with hand 1,2,4,5,21,22,23,27,28,29,13 and interceptionList type:2 from:0 card:25 cards:25,25,25
 latest draw card 255
 2017-11-06 18:56:12 ProcedureAfterGetCardImpl::OnStart 146: done
 2017-11-06 18:56:12 CServerGameDesk::OnProcedureChanged 202: procedure change from 7 to 8
 2017-11-06 18:56:12 CServerGameDesk::OnBeforeProcedureStart 177: before procedure start, from 8 to 9
 2017-11-06 18:56:12 MsgDelegateWaitDiscard::OnSend 134: waiting on player 2 to discard, with candidates :13 !
 2017-11-06 18:56:12 CServerGameDesk::OnProcedureChanged 202: procedure change from 8 to 9
 2017-11-06 18:56:15 MsgDelegateWaitDiscard::OnResponse 206: player 2 tried to discard(valid:1, expected player:2)
 2017-11-06 18:56:15 MsgDelegateWaitDiscard::OnResponse 218: the card is 13
 2017-11-06 18:56:15 MsgDelegateWaitDiscard::OnDiscardCard 40: player 2 discard card 13(idx 10)
 2017-11-06 18:56:15 MsgDelegateDiscardResult::OnSend 49: player 2 discard 13 0
 2017-11-06 18:56:15 CServerGameDesk::OnBeforeProcedureStart 177: before procedure start, from 9 to 6
 2017-11-06 18:56:15 ProcedureInterceptCardImpl::OnStart 316: check interceptable card 13 from Player 2
 2017-11-06 18:56:15 ProcedureInterceptCardJumpDelegateImpl::JumpWhenNoAction 47:  active player changed 2 -> 1
 2017-11-06 18:56:15 CServerGameDesk::OnProcedureChanged 202: procedure change from 9 to 6
 2017-11-06 18:56:15 CServerGameDesk::OnBeforeProcedureStart 177: before procedure start, from 6 to 3
 2017-11-06 18:56:15 MsgDelegateDrawCard::OnSend 61: 1 draw card 4
 2017-11-06 18:56:15 CServerGameDesk::OnProcedureChanged 202: procedure change from 6 to 3
 2017-11-06 18:56:15 CServerGameDesk::OnBeforeProcedureStart 177: before procedure start, from 3 to 4
 2017-11-06 18:56:15 ProcedureAfterGetCardImpl::OnStart 132: Player 1 find action with hand 2,3,4,9,9,11,11,14,14,15,17,18,18,4 and interceptionList  latest draw card 4
 2017-11-06 18:56:15 ProcedureAfterGetCardImpl::OnStart 146: done
 2017-11-06 18:56:15 CServerGameDesk::OnProcedureChanged 202: procedure change from 3 to 4
 2017-11-06 18:56:15 CServerGameDesk::OnBeforeProcedureStart 177: before procedure start, from 4 to 9
 2017-11-06 18:56:15 MsgDelegateWaitDiscard::OnSend 134: waiting on player 1 to discard, with candidates :2,3,4,9,9,11,11,14,14,15,17,18,18,4 !
 2017-11-06 18:56:15 CServerGameDesk::OnProcedureChanged 202: procedure change from 4 to 9
 2017-11-06 18:56:19 MsgDelegateWaitDiscard::OnResponse 206: player 1 tried to discard(valid:1, expected player:1)
 2017-11-06 18:56:19 MsgDelegateWaitDiscard::OnResponse 218: the card is 4
 2017-11-06 18:56:19 MsgDelegateWaitDiscard::OnDiscardCard 40: player 1 discard card 4(idx 2)
 2017-11-06 18:56:19 MsgDelegateDiscardResult::OnSend 49: player 1 discard 4 0
 2017-11-06 18:56:19 CServerGameDesk::OnBeforeProcedureStart 177: before procedure start, from 9 to 6
 2017-11-06 18:56:19 ProcedureInterceptCardImpl::OnStart 316: check interceptable card 4 from Player 1
 2017-11-06 18:56:19 ProcedureInterceptCardJumpDelegateImpl::JumpWhenNoAction 47:  active player changed 1 -> 0
 2017-11-06 18:56:19 CServerGameDesk::OnProcedureChanged 202: procedure change from 9 to 6
 2017-11-06 18:56:20 CServerGameDesk::OnBeforeProcedureStart 177: before procedure start, from 6 to 3
 2017-11-06 18:56:20 MsgDelegateDrawCard::OnSend 61: 0 draw card 27
 2017-11-06 18:56:20 CServerGameDesk::OnProcedureChanged 202: procedure change from 6 to 3
 2017-11-06 18:56:20 CServerGameDesk::OnBeforeProcedureStart 177: before procedure start, from 3 to 4
 2017-11-06 18:56:20 ProcedureAfterGetCardImpl::OnStart 132: Player 0 find action with hand 2,6,11,15,15,17,17,22,26,27,27 and interceptionList type:2 from:1 card:8 cards:8,8,8
 latest draw card 27
 2017-11-06 18:56:20 ProcedureAfterGetCardImpl::OnStart 146: done
 2017-11-06 18:56:20 CServerGameDesk::OnProcedureChanged 202: procedure change from 3 to 4
 2017-11-06 18:56:20 CServerGameDesk::OnBeforeProcedureStart 177: before procedure start, from 4 to 9
 2017-11-06 18:56:20 MsgDelegateWaitDiscard::OnSend 134: waiting on player 0 to discard, with candidates :22,26,27,27 !
 2017-11-06 18:56:20 CServerGameDesk::OnProcedureChanged 202: procedure change from 4 to 9
 2017-11-06 18:56:22 MsgDelegateWaitDiscard::OnResponse 206: player 0 tried to discard(valid:1, expected player:0)
 2017-11-06 18:56:22 MsgDelegateWaitDiscard::OnResponse 218: the card is 22
 2017-11-06 18:56:22 MsgDelegateWaitDiscard::OnDiscardCard 40: player 0 discard card 22(idx 7)
 2017-11-06 18:56:22 MsgDelegateDiscardResult::OnSend 49: player 0 discard 22 0
 2017-11-06 18:56:22 CServerGameDesk::OnBeforeProcedureStart 177: before procedure start, from 9 to 6
 2017-11-06 18:56:22 ProcedureInterceptCardImpl::OnStart 316: check interceptable card 22 from Player 0
 2017-11-06 18:56:22 ProcedureInterceptCardJumpDelegateImpl::JumpWhenNoAction 47:  active player changed 0 -> 3
 2017-11-06 18:56:22 CServerGameDesk::OnProcedureChanged 202: procedure change from 9 to 6
 2017-11-06 18:56:23 CServerGameDesk::OnBeforeProcedureStart 177: before procedure start, from 6 to 3
 2017-11-06 18:56:23 MsgDelegateDrawCard::OnSend 61: 3 draw card 6
 2017-11-06 18:56:23 CServerGameDesk::OnProcedureChanged 202: procedure change from 6 to 3
 2017-11-06 18:56:23 CServerGameDesk::OnBeforeProcedureStart 177: before procedure start, from 3 to 4
 2017-11-06 18:56:23 ProcedureAfterGetCardImpl::OnStart 132: Player 3 find action with hand 12,13,18,19,19,21,21,22,23,23,24,26,27,6 and interceptionList  latest draw card 6
 2017-11-06 18:56:23 ProcedureAfterGetCardImpl::OnStart 146: done
 2017-11-06 18:56:23 CServerGameDesk::OnProcedureChanged 202: procedure change from 3 to 4
 2017-11-06 18:56:23 CServerGameDesk::OnBeforeProcedureStart 177: before procedure start, from 4 to 9
 2017-11-06 18:56:23 MsgDelegateWaitDiscard::OnSend 134: waiting on player 3 to discard, with candidates :6 !
 2017-11-06 18:56:23 CServerGameDesk::OnProcedureChanged 202: procedure change from 4 to 9
 2017-11-06 18:56:25 MsgDelegateWaitDiscard::OnResponse 206: player 3 tried to discard(valid:1, expected player:3)
 2017-11-06 18:56:25 MsgDelegateWaitDiscard::OnResponse 218: the card is 6
 2017-11-06 18:56:25 MsgDelegateWaitDiscard::OnDiscardCard 40: player 3 discard card 6(idx 13)
 2017-11-06 18:56:25 MsgDelegateDiscardResult::OnSend 49: player 3 discard 6 0
 2017-11-06 18:56:25 CServerGameDesk::OnBeforeProcedureStart 177: before procedure start, from 9 to 6
 2017-11-06 18:56:25 ProcedureInterceptCardImpl::OnStart 316: check interceptable card 6 from Player 3
 2017-11-06 18:56:25 ProcedureInterceptCardJumpDelegateImpl::JumpWhenNoAction 47:  active player changed 3 -> 2
 2017-11-06 18:56:25 CServerGameDesk::OnProcedureChanged 202: procedure change from 9 to 6
 2017-11-06 18:56:25 CServerGameDesk::OnBeforeProcedureStart 177: before procedure start, from 6 to 3
 2017-11-06 18:56:25 MsgDelegateDrawCard::OnSend 61: 2 draw card 9
 2017-11-06 18:56:25 CServerGameDesk::OnProcedureChanged 202: procedure change from 6 to 3
 2017-11-06 18:56:25 CServerGameDesk::OnBeforeProcedureStart 177: before procedure start, from 3 to 4
 2017-11-06 18:56:25 ProcedureAfterGetCardImpl::OnStart 132: Player 2 find action with hand 1,2,4,5,21,22,23,27,28,29,9 and interceptionList type:2 from:0 card:25 cards:25,25,25
 latest draw card 9
 2017-11-06 18:56:25 ProcedureAfterGetCardImpl::OnStart 146: done
 2017-11-06 18:56:25 CServerGameDesk::OnProcedureChanged 202: procedure change from 3 to 4
 2017-11-06 18:56:25 CServerGameDesk::OnBeforeProcedureStart 177: before procedure start, from 4 to 9
 2017-11-06 18:56:25 MsgDelegateWaitDiscard::OnSend 134: waiting on player 2 to discard, with candidates :1,2,4,5,21,22,23,27,28,29,9 !
 2017-11-06 18:56:25 CServerGameDesk::OnProcedureChanged 202: procedure change from 4 to 9
 2017-11-06 18:56:27 MsgDelegateWaitDiscard::OnResponse 206: player 2 tried to discard(valid:1, expected player:2)
 2017-11-06 18:56:27 MsgDelegateWaitDiscard::OnResponse 218: the card is 9
 2017-11-06 18:56:27 MsgDelegateWaitDiscard::OnDiscardCard 40: player 2 discard card 9(idx 10)
 2017-11-06 18:56:27 MsgDelegateDiscardResult::OnSend 49: player 2 discard 9 0
 2017-11-06 18:56:27 CServerGameDesk::OnBeforeProcedureStart 177: before procedure start, from 9 to 6
 2017-11-06 18:56:27 ProcedureInterceptCardImpl::OnStart 316: check interceptable card 9 from Player 2
 2017-11-06 18:56:27 ProcedureInterceptCardImpl::OnStart 349: Player 1 have actions type:2 from:2 card:9 cards:9,9,9
 with hand 2,3,4,9,9,11,11,14,14,15,17,18,18 interceptions  card 9
 2017-11-06 18:56:27 ProcedureInterceptCardImpl::OnStart 355: question sent
 2017-11-06 18:56:27 MsgDelegateInterception::OnSend 109: intercepted card : 9
 2017-11-06 18:56:27 MsgDelegateInterception::OnSend 110: player 1 have actions type:2 from:2 card:9 cards:9,9,9

 2017-11-06 18:56:27 CServerGameDesk::OnProcedureChanged 202: procedure change from 9 to 6
 2017-11-06 18:56:29 MsgDelegateInterception::Peng 195: player 1 select 9
 2017-11-06 18:56:30 CServerGameDesk::OnBeforeProcedureStart 177: before procedure start, from 6 to 7
 2017-11-06 18:56:30 MsgDelegateInterceptionResult::OnSend 28: player 1 do with type 2
 2017-11-06 18:56:30 ProcedureDetermineInterceptJumpDelegateImpl::JumpAfterAction 91:  active player changed 2 -> 1
 2017-11-06 18:56:30 CServerGameDesk::OnProcedureChanged 202: procedure change from 6 to 7
 2017-11-06 18:56:30 CServerGameDesk::OnBeforeProcedureStart 177: before procedure start, from 7 to 8
 2017-11-06 18:56:30 ProcedureAfterGetCardImpl::OnStart 132: Player 1 find action with hand 2,3,4,11,11,14,14,15,17,18,18 and interceptionList type:2 from:2 card:9 cards:9,9,9
 latest draw card 255
 2017-11-06 18:56:30 ProcedureAfterGetCardImpl::OnStart 146: done
 2017-11-06 18:56:30 CServerGameDesk::OnProcedureChanged 202: procedure change from 7 to 8
 2017-11-06 18:56:30 CServerGameDesk::OnBeforeProcedureStart 177: before procedure start, from 8 to 9
 2017-11-06 18:56:30 MsgDelegateWaitDiscard::OnSend 134: waiting on player 1 to discard, with candidates :2,3,4,11,11,14,14,15,17,18,18 !
 2017-11-06 18:56:30 CServerGameDesk::OnProcedureChanged 202: procedure change from 8 to 9
 2017-11-06 18:56:35 MsgDelegateWaitDiscard::OnResponse 206: player 1 tried to discard(valid:1, expected player:1)
 2017-11-06 18:56:35 MsgDelegateWaitDiscard::OnResponse 218: the card is 17
 2017-11-06 18:56:35 MsgDelegateWaitDiscard::OnDiscardCard 40: player 1 discard card 17(idx 8)
 2017-11-06 18:56:35 MsgDelegateDiscardResult::OnSend 49: player 1 discard 17 0
 2017-11-06 18:56:35 CServerGameDesk::OnBeforeProcedureStart 177: before procedure start, from 9 to 6
 2017-11-06 18:56:35 ProcedureInterceptCardImpl::OnStart 316: check interceptable card 17 from Player 1
 2017-11-06 18:56:35 ProcedureInterceptCardImpl::OnStart 349: Player 0 have actions type:2 from:1 card:17 cards:17,17,17
 with hand 2,6,11,15,15,17,17,26,27,27 interceptions type:2 from:1 card:8 cards:8,8,8
 card 17
 2017-11-06 18:56:35 ProcedureInterceptCardImpl::OnStart 355: question sent
 2017-11-06 18:56:35 MsgDelegateInterception::OnSend 109: intercepted card : 17
 2017-11-06 18:56:35 MsgDelegateInterception::OnSend 110: player 0 have actions type:2 from:1 card:17 cards:17,17,17

 2017-11-06 18:56:35 CServerGameDesk::OnProcedureChanged 202: procedure change from 9 to 6
 2017-11-06 18:56:37 MsgDelegateInterception::Peng 195: player 0 select 17
 2017-11-06 18:56:37 CServerGameDesk::OnBeforeProcedureStart 177: before procedure start, from 6 to 7
 2017-11-06 18:56:37 MsgDelegateInterceptionResult::OnSend 28: player 0 do with type 2
 2017-11-06 18:56:37 ProcedureDetermineInterceptJumpDelegateImpl::JumpAfterAction 91:  active player changed 1 -> 0
 2017-11-06 18:56:37 CServerGameDesk::OnProcedureChanged 202: procedure change from 6 to 7
 2017-11-06 18:56:38 CServerGameDesk::OnBeforeProcedureStart 177: before procedure start, from 7 to 8
 2017-11-06 18:56:38 ProcedureAfterGetCardImpl::OnStart 132: Player 0 find action with hand 2,6,11,15,15,26,27,27 and interceptionList type:2 from:1 card:8 cards:8,8,8
type:2 from:1 card:17 cards:17,17,17
 latest draw card 255
 2017-11-06 18:56:38 ProcedureAfterGetCardImpl::OnStart 146: done
 2017-11-06 18:56:38 CServerGameDesk::OnProcedureChanged 202: procedure change from 7 to 8
 2017-11-06 18:56:38 CServerGameDesk::OnBeforeProcedureStart 177: before procedure start, from 8 to 9
 2017-11-06 18:56:38 MsgDelegateWaitDiscard::OnSend 134: waiting on player 0 to discard, with candidates :26,27,27 !
 2017-11-06 18:56:38 CServerGameDesk::OnProcedureChanged 202: procedure change from 8 to 9
 2017-11-06 18:56:45 MsgDelegateWaitDiscard::OnResponse 206: player 0 tried to discard(valid:1, expected player:0)
 2017-11-06 18:56:45 MsgDelegateWaitDiscard::OnResponse 218: the card is 26
 2017-11-06 18:56:45 MsgDelegateWaitDiscard::OnDiscardCard 40: player 0 discard card 26(idx 5)
 2017-11-06 18:56:45 MsgDelegateDiscardResult::OnSend 49: player 0 discard 26 0
 2017-11-06 18:56:45 CServerGameDesk::OnBeforeProcedureStart 177: before procedure start, from 9 to 6
 2017-11-06 18:56:45 ProcedureInterceptCardImpl::OnStart 316: check interceptable card 26 from Player 0
 2017-11-06 18:56:45 ProcedureInterceptCardJumpDelegateImpl::JumpWhenNoAction 47:  active player changed 0 -> 3
 2017-11-06 18:56:45 CServerGameDesk::OnProcedureChanged 202: procedure change from 9 to 6
 2017-11-06 18:56:45 CServerGameDesk::OnBeforeProcedureStart 177: before procedure start, from 6 to 3
 2017-11-06 18:56:45 MsgDelegateDrawCard::OnSend 61: 3 draw card 5
 2017-11-06 18:56:45 CServerGameDesk::OnProcedureChanged 202: procedure change from 6 to 3
 2017-11-06 18:56:45 CServerGameDesk::OnBeforeProcedureStart 177: before procedure start, from 3 to 4
 2017-11-06 18:56:45 ProcedureAfterGetCardImpl::OnStart 132: Player 3 find action with hand 12,13,18,19,19,21,21,22,23,23,24,26,27,5 and interceptionList  latest draw card 5
 2017-11-06 18:56:45 ProcedureAfterGetCardImpl::OnStart 146: done
 2017-11-06 18:56:45 CServerGameDesk::OnProcedureChanged 202: procedure change from 3 to 4
 2017-11-06 18:56:45 CServerGameDesk::OnBeforeProcedureStart 177: before procedure start, from 4 to 9
 2017-11-06 18:56:45 MsgDelegateWaitDiscard::OnSend 134: waiting on player 3 to discard, with candidates :5 !
 2017-11-06 18:56:45 CServerGameDesk::OnProcedureChanged 202: procedure change from 4 to 9
 2017-11-06 18:56:49 MsgDelegateWaitDiscard::OnResponse 206: player 3 tried to discard(valid:1, expected player:3)
 2017-11-06 18:56:49 MsgDelegateWaitDiscard::OnResponse 218: the card is 5
 2017-11-06 18:56:49 MsgDelegateWaitDiscard::OnDiscardCard 40: player 3 discard card 5(idx 13)
 2017-11-06 18:56:49 MsgDelegateDiscardResult::OnSend 49: player 3 discard 5 0
 2017-11-06 18:56:49 CServerGameDesk::OnBeforeProcedureStart 177: before procedure start, from 9 to 6
 2017-11-06 18:56:49 ProcedureInterceptCardImpl::OnStart 316: check interceptable card 5 from Player 3
 2017-11-06 18:56:49 ProcedureInterceptCardJumpDelegateImpl::JumpWhenNoAction 47:  active player changed 3 -> 2
 2017-11-06 18:56:49 CServerGameDesk::OnProcedureChanged 202: procedure change from 9 to 6
 2017-11-06 18:56:49 CServerGameDesk::OnBeforeProcedureStart 177: before procedure start, from 6 to 3
 2017-11-06 18:56:49 MsgDelegateDrawCard::OnSend 61: 2 draw card 26
 2017-11-06 18:56:49 CServerGameDesk::OnProcedureChanged 202: procedure change from 6 to 3
 2017-11-06 18:56:49 CServerGameDesk::OnBeforeProcedureStart 177: before procedure start, from 3 to 4
 2017-11-06 18:56:49 ProcedureAfterGetCardImpl::OnStart 132: Player 2 find action with hand 1,2,4,5,21,22,23,27,28,29,26 and interceptionList type:2 from:0 card:25 cards:25,25,25
 latest draw card 26
 2017-11-06 18:56:49 ProcedureAfterGetCardImpl::OnStart 146: done
 2017-11-06 18:56:49 CServerGameDesk::OnProcedureChanged 202: procedure change from 3 to 4
 2017-11-06 18:56:49 CServerGameDesk::OnBeforeProcedureStart 177: before procedure start, from 4 to 9
 2017-11-06 18:56:49 MsgDelegateWaitDiscard::OnSend 134: waiting on player 2 to discard, with candidates :1,2,4,5,21,22,23,27,28,29,26 !
 2017-11-06 18:56:49 CServerGameDesk::OnProcedureChanged 202: procedure change from 4 to 9
 2017-11-06 18:57:09 MsgDelegateWaitDiscard::OnResponse 206: player 2 tried to discard(valid:1, expected player:2)
 2017-11-06 18:57:09 MsgDelegateWaitDiscard::OnResponse 218: the card is 1
 2017-11-06 18:57:09 MsgDelegateWaitDiscard::OnDiscardCard 40: player 2 discard card 1(idx 0)
 2017-11-06 18:57:09 MsgDelegateDiscardResult::OnSend 49: player 2 discard 1 0
 2017-11-06 18:57:09 CServerGameDesk::OnBeforeProcedureStart 177: before procedure start, from 9 to 6
 2017-11-06 18:57:09 ProcedureInterceptCardImpl::OnStart 316: check interceptable card 1 from Player 2
 2017-11-06 18:57:09 ProcedureInterceptCardJumpDelegateImpl::JumpWhenNoAction 47:  active player changed 2 -> 1
 2017-11-06 18:57:09 CServerGameDesk::OnProcedureChanged 202: procedure change from 9 to 6
 2017-11-06 18:57:09 CServerGameDesk::OnBeforeProcedureStart 177: before procedure start, from 6 to 3
 2017-11-06 18:57:09 MsgDelegateDrawCard::OnSend 61: 1 draw card 8
 2017-11-06 18:57:09 CServerGameDesk::OnProcedureChanged 202: procedure change from 6 to 3
 2017-11-06 18:57:09 CServerGameDesk::OnBeforeProcedureStart 177: before procedure start, from 3 to 4
 2017-11-06 18:57:09 ProcedureAfterGetCardImpl::OnStart 132: Player 1 find action with hand 2,3,4,11,11,14,14,15,18,18,8 and interceptionList type:2 from:2 card:9 cards:9,9,9
 latest draw card 8
 2017-11-06 18:57:09 ProcedureAfterGetCardImpl::OnStart 146: done
 2017-11-06 18:57:09 CServerGameDesk::OnProcedureChanged 202: procedure change from 3 to 4
 2017-11-06 18:57:09 CServerGameDesk::OnBeforeProcedureStart 177: before procedure start, from 4 to 9
 2017-11-06 18:57:09 MsgDelegateWaitDiscard::OnSend 134: waiting on player 1 to discard, with candidates :2,3,4,11,11,14,14,15,18,18,8 !
 2017-11-06 18:57:09 CServerGameDesk::OnProcedureChanged 202: procedure change from 4 to 9
 2017-11-06 18:57:12 MsgDelegateWaitDiscard::OnResponse 206: player 1 tried to discard(valid:1, expected player:1)
 2017-11-06 18:57:12 MsgDelegateWaitDiscard::OnResponse 218: the card is 8
 2017-11-06 18:57:12 MsgDelegateWaitDiscard::OnDiscardCard 40: player 1 discard card 8(idx 10)
 2017-11-06 18:57:12 MsgDelegateDiscardResult::OnSend 49: player 1 discard 8 0
 2017-11-06 18:57:12 CServerGameDesk::OnBeforeProcedureStart 177: before procedure start, from 9 to 6
 2017-11-06 18:57:12 ProcedureInterceptCardImpl::OnStart 316: check interceptable card 8 from Player 1
 2017-11-06 18:57:12 ProcedureInterceptCardJumpDelegateImpl::JumpWhenNoAction 47:  active player changed 1 -> 0
 2017-11-06 18:57:12 CServerGameDesk::OnProcedureChanged 202: procedure change from 9 to 6
 2017-11-06 18:57:12 CServerGameDesk::OnBeforeProcedureStart 177: before procedure start, from 6 to 3
 2017-11-06 18:57:12 MsgDelegateDrawCard::OnSend 61: 0 draw card 29
 2017-11-06 18:57:12 CServerGameDesk::OnProcedureChanged 202: procedure change from 6 to 3
 2017-11-06 18:57:12 CServerGameDesk::OnBeforeProcedureStart 177: before procedure start, from 3 to 4
 2017-11-06 18:57:12 ProcedureAfterGetCardImpl::OnStart 132: Player 0 find action with hand 2,6,11,15,15,27,27,29 and interceptionList type:2 from:1 card:8 cards:8,8,8
type:2 from:1 card:17 cards:17,17,17
 latest draw card 29
 2017-11-06 18:57:12 ProcedureAfterGetCardImpl::OnStart 146: done
 2017-11-06 18:57:12 CServerGameDesk::OnProcedureChanged 202: procedure change from 3 to 4
 2017-11-06 18:57:12 CServerGameDesk::OnBeforeProcedureStart 177: before procedure start, from 4 to 9
 2017-11-06 18:57:12 MsgDelegateWaitDiscard::OnSend 134: waiting on player 0 to discard, with candidates :27,27,29 !
 2017-11-06 18:57:12 CServerGameDesk::OnProcedureChanged 202: procedure change from 4 to 9
 2017-11-06 18:57:13 MsgDelegateWaitDiscard::OnResponse 206: player 0 tried to discard(valid:1, expected player:0)
 2017-11-06 18:57:13 MsgDelegateWaitDiscard::OnResponse 218: the card is 29
 2017-11-06 18:57:13 MsgDelegateWaitDiscard::OnDiscardCard 40: player 0 discard card 29(idx 7)
 2017-11-06 18:57:13 MsgDelegateDiscardResult::OnSend 49: player 0 discard 29 0
 2017-11-06 18:57:13 CServerGameDesk::OnBeforeProcedureStart 177: before procedure start, from 9 to 6
 2017-11-06 18:57:13 ProcedureInterceptCardImpl::OnStart 316: check interceptable card 29 from Player 0
 2017-11-06 18:57:13 ProcedureInterceptCardJumpDelegateImpl::JumpWhenNoAction 47:  active player changed 0 -> 3
 2017-11-06 18:57:13 CServerGameDesk::OnProcedureChanged 202: procedure change from 9 to 6
 2017-11-06 18:57:14 CServerGameDesk::OnBeforeProcedureStart 177: before procedure start, from 6 to 3
 2017-11-06 18:57:14 MsgDelegateDrawCard::OnSend 61: 3 draw card 12
 2017-11-06 18:57:14 CServerGameDesk::OnProcedureChanged 202: procedure change from 6 to 3
 2017-11-06 18:57:14 CServerGameDesk::OnBeforeProcedureStart 177: before procedure start, from 3 to 4
 2017-11-06 18:57:14 ProcedureAfterGetCardImpl::OnStart 132: Player 3 find action with hand 12,13,18,19,19,21,21,22,23,23,24,26,27,12 and interceptionList  latest draw card 12
 2017-11-06 18:57:14 ProcedureAfterGetCardImpl::OnStart 146: done
 2017-11-06 18:57:14 CServerGameDesk::OnProcedureChanged 202: procedure change from 3 to 4
 2017-11-06 18:57:14 CServerGameDesk::OnBeforeProcedureStart 177: before procedure start, from 4 to 9
 2017-11-06 18:57:14 MsgDelegateWaitDiscard::OnSend 134: waiting on player 3 to discard, with candidates :12,13,18,19,19,21,21,22,23,23,24,26,27,12 !
 2017-11-06 18:57:14 CServerGameDesk::OnProcedureChanged 202: procedure change from 4 to 9
 2017-11-06 18:57:16 MsgDelegateWaitDiscard::OnResponse 206: player 3 tried to discard(valid:1, expected player:3)
 2017-11-06 18:57:16 MsgDelegateWaitDiscard::OnResponse 218: the card is 18
 2017-11-06 18:57:16 MsgDelegateWaitDiscard::OnDiscardCard 40: player 3 discard card 18(idx 2)
 2017-11-06 18:57:16 MsgDelegateDiscardResult::OnSend 49: player 3 discard 18 0
 2017-11-06 18:57:16 CServerGameDesk::OnBeforeProcedureStart 177: before procedure start, from 9 to 6
 2017-11-06 18:57:16 ProcedureInterceptCardImpl::OnStart 316: check interceptable card 18 from Player 3
 2017-11-06 18:57:16 ProcedureInterceptCardImpl::OnStart 349: Player 1 have actions type:2 from:3 card:18 cards:18,18,18
 with hand 2,3,4,11,11,14,14,15,18,18 interceptions type:2 from:2 card:9 cards:9,9,9
 card 18
 2017-11-06 18:57:16 ProcedureInterceptCardImpl::OnStart 355: question sent
 2017-11-06 18:57:16 MsgDelegateInterception::OnSend 109: intercepted card : 18
 2017-11-06 18:57:16 MsgDelegateInterception::OnSend 110: player 1 have actions type:2 from:3 card:18 cards:18,18,18

 2017-11-06 18:57:16 CServerGameDesk::OnProcedureChanged 202: procedure change from 9 to 6
 2017-11-06 18:57:18 MsgDelegateInterception::Peng 195: player 1 select 18
 2017-11-06 18:57:18 CServerGameDesk::OnBeforeProcedureStart 177: before procedure start, from 6 to 7
 2017-11-06 18:57:18 MsgDelegateInterceptionResult::OnSend 28: player 1 do with type 2
 2017-11-06 18:57:18 ProcedureDetermineInterceptJumpDelegateImpl::JumpAfterAction 91:  active player changed 3 -> 1
 2017-11-06 18:57:18 CServerGameDesk::OnProcedureChanged 202: procedure change from 6 to 7
 2017-11-06 18:57:18 CServerGameDesk::OnBeforeProcedureStart 177: before procedure start, from 7 to 8
 2017-11-06 18:57:18 ProcedureAfterGetCardImpl::OnStart 132: Player 1 find action with hand 2,3,4,11,11,14,14,15 and interceptionList type:2 from:2 card:9 cards:9,9,9
type:2 from:3 card:18 cards:18,18,18
 latest draw card 255
 2017-11-06 18:57:18 ProcedureAfterGetCardImpl::OnStart 146: done
 2017-11-06 18:57:18 CServerGameDesk::OnProcedureChanged 202: procedure change from 7 to 8
 2017-11-06 18:57:18 CServerGameDesk::OnBeforeProcedureStart 177: before procedure start, from 8 to 9
 2017-11-06 18:57:18 MsgDelegateWaitDiscard::OnSend 134: waiting on player 1 to discard, with candidates :2,3,4,11,11,14,14,15 !
 2017-11-06 18:57:18 CServerGameDesk::OnProcedureChanged 202: procedure change from 8 to 9
 2017-11-06 18:57:19 MsgDelegateWaitDiscard::OnResponse 206: player 1 tried to discard(valid:1, expected player:1)
 2017-11-06 18:57:19 MsgDelegateWaitDiscard::OnResponse 218: the card is 15
 2017-11-06 18:57:19 MsgDelegateWaitDiscard::OnDiscardCard 40: player 1 discard card 15(idx 7)
 2017-11-06 18:57:19 MsgDelegateDiscardResult::OnSend 49: player 1 discard 15 0
 2017-11-06 18:57:19 CServerGameDesk::OnBeforeProcedureStart 177: before procedure start, from 9 to 6
 2017-11-06 18:57:19 ProcedureInterceptCardImpl::OnStart 316: check interceptable card 15 from Player 1
 2017-11-06 18:57:19 ProcedureInterceptCardImpl::OnStart 349: Player 0 have actions type:2 from:1 card:15 cards:15,15,15
 with hand 2,6,11,15,15,27,27 interceptions type:2 from:1 card:8 cards:8,8,8
type:2 from:1 card:17 cards:17,17,17
 card 15
 2017-11-06 18:57:19 ProcedureInterceptCardImpl::OnStart 355: question sent
 2017-11-06 18:57:19 MsgDelegateInterception::OnSend 109: intercepted card : 15
 2017-11-06 18:57:19 MsgDelegateInterception::OnSend 110: player 0 have actions type:2 from:1 card:15 cards:15,15,15

 2017-11-06 18:57:19 CServerGameDesk::OnProcedureChanged 202: procedure change from 9 to 6
 2017-11-06 18:57:23 MsgDelegateInterception::Peng 195: player 0 select 15
 2017-11-06 18:57:23 CServerGameDesk::OnBeforeProcedureStart 177: before procedure start, from 6 to 7
 2017-11-06 18:57:23 MsgDelegateInterceptionResult::OnSend 28: player 0 do with type 2
 2017-11-06 18:57:23 ProcedureDetermineInterceptJumpDelegateImpl::JumpAfterAction 91:  active player changed 1 -> 0
 2017-11-06 18:57:23 CServerGameDesk::OnProcedureChanged 202: procedure change from 6 to 7
 2017-11-06 18:57:23 CServerGameDesk::OnBeforeProcedureStart 177: before procedure start, from 7 to 8
 2017-11-06 18:57:23 ProcedureAfterGetCardImpl::OnStart 132: Player 0 find action with hand 2,6,11,27,27 and interceptionList type:2 from:1 card:8 cards:8,8,8
type:2 from:1 card:17 cards:17,17,17
type:2 from:1 card:15 cards:15,15,15
 latest draw card 255
 2017-11-06 18:57:23 ProcedureAfterGetCardImpl::OnStart 146: done
 2017-11-06 18:57:23 CServerGameDesk::OnProcedureChanged 202: procedure change from 7 to 8
 2017-11-06 18:57:23 CServerGameDesk::OnBeforeProcedureStart 177: before procedure start, from 8 to 9
 2017-11-06 18:57:23 MsgDelegateWaitDiscard::OnSend 134: waiting on player 0 to discard, with candidates :27,27 !
 2017-11-06 18:57:23 CServerGameDesk::OnProcedureChanged 202: procedure change from 8 to 9
 2017-11-06 18:57:24 MsgDelegateWaitDiscard::OnResponse 206: player 0 tried to discard(valid:1, expected player:0)
 2017-11-06 18:57:24 MsgDelegateWaitDiscard::OnResponse 218: the card is 27
 2017-11-06 18:57:24 MsgDelegateWaitDiscard::OnDiscardCard 40: player 0 discard card 27(idx 3)
 2017-11-06 18:57:24 MsgDelegateDiscardResult::OnSend 49: player 0 discard 27 0
 2017-11-06 18:57:24 CServerGameDesk::OnBeforeProcedureStart 177: before procedure start, from 9 to 6
 2017-11-06 18:57:24 ProcedureInterceptCardImpl::OnStart 316: check interceptable card 27 from Player 0
 2017-11-06 18:57:24 ProcedureInterceptCardJumpDelegateImpl::JumpWhenNoAction 47:  active player changed 0 -> 3
 2017-11-06 18:57:24 CServerGameDesk::OnProcedureChanged 202: procedure change from 9 to 6
 2017-11-06 18:57:24 CServerGameDesk::OnBeforeProcedureStart 177: before procedure start, from 6 to 3
 2017-11-06 18:57:24 MsgDelegateDrawCard::OnSend 61: 3 draw card 28
 2017-11-06 18:57:24 CServerGameDesk::OnProcedureChanged 202: procedure change from 6 to 3
 2017-11-06 18:57:24 CServerGameDesk::OnBeforeProcedureStart 177: before procedure start, from 3 to 4
 2017-11-06 18:57:24 ProcedureAfterGetCardImpl::OnStart 132: Player 3 find action with hand 12,12,13,19,19,21,21,22,23,23,24,26,27,28 and interceptionList  latest draw card 28
 2017-11-06 18:57:24 ProcedureAfterGetCardImpl::OnStart 146: done
 2017-11-06 18:57:24 CServerGameDesk::OnProcedureChanged 202: procedure change from 3 to 4
 2017-11-06 18:57:25 CServerGameDesk::OnBeforeProcedureStart 177: before procedure start, from 4 to 9
 2017-11-06 18:57:25 MsgDelegateWaitDiscard::OnSend 134: waiting on player 3 to discard, with candidates :12,12,13,19,19,21,21,22,23,23,24,26,27,28 !
 2017-11-06 18:57:25 CServerGameDesk::OnProcedureChanged 202: procedure change from 4 to 9
 2017-11-06 18:57:29 MsgDelegateWaitDiscard::OnResponse 206: player 3 tried to discard(valid:1, expected player:3)
 2017-11-06 18:57:29 MsgDelegateWaitDiscard::OnResponse 218: the card is 23
 2017-11-06 18:57:29 MsgDelegateWaitDiscard::OnDiscardCard 40: player 3 discard card 23(idx 8)
 2017-11-06 18:57:29 MsgDelegateDiscardResult::OnSend 49: player 3 discard 23 0
 2017-11-06 18:57:29 CServerGameDesk::OnBeforeProcedureStart 177: before procedure start, from 9 to 6
 2017-11-06 18:57:29 ProcedureInterceptCardImpl::OnStart 316: check interceptable card 23 from Player 3
 2017-11-06 18:57:29 ProcedureInterceptCardJumpDelegateImpl::JumpWhenNoAction 47:  active player changed 3 -> 2
 2017-11-06 18:57:29 CServerGameDesk::OnProcedureChanged 202: procedure change from 9 to 6
 2017-11-06 18:57:30 CServerGameDesk::OnBeforeProcedureStart 177: before procedure start, from 6 to 3
 2017-11-06 18:57:30 MsgDelegateDrawCard::OnSend 61: 2 draw card 29
 2017-11-06 18:57:30 CServerGameDesk::OnProcedureChanged 202: procedure change from 6 to 3
 2017-11-06 18:57:30 CServerGameDesk::OnBeforeProcedureStart 177: before procedure start, from 3 to 4
 2017-11-06 18:57:30 ProcedureAfterGetCardImpl::OnStart 132: Player 2 find action with hand 2,4,5,21,22,23,26,27,28,29,29 and interceptionList type:2 from:0 card:25 cards:25,25,25
 latest draw card 29
 2017-11-06 18:57:30 ProcedureAfterGetCardImpl::OnStart 146: done
 2017-11-06 18:57:30 CServerGameDesk::OnProcedureChanged 202: procedure change from 3 to 4
 2017-11-06 18:57:30 CServerGameDesk::OnBeforeProcedureStart 177: before procedure start, from 4 to 9
 2017-11-06 18:57:30 MsgDelegateWaitDiscard::OnSend 134: waiting on player 2 to discard, with candidates :2,4,5,21,22,23,26,27,28,29,29 !
 2017-11-06 18:57:30 CServerGameDesk::OnProcedureChanged 202: procedure change from 4 to 9
 2017-11-06 18:57:34 MsgDelegateWaitDiscard::OnResponse 206: player 2 tried to discard(valid:1, expected player:2)
 2017-11-06 18:57:34 MsgDelegateWaitDiscard::OnResponse 218: the card is 2
 2017-11-06 18:57:34 MsgDelegateWaitDiscard::OnDiscardCard 40: player 2 discard card 2(idx 0)
 2017-11-06 18:57:34 MsgDelegateDiscardResult::OnSend 49: player 2 discard 2 0
 2017-11-06 18:57:34 CServerGameDesk::OnBeforeProcedureStart 177: before procedure start, from 9 to 6
 2017-11-06 18:57:34 ProcedureInterceptCardImpl::OnStart 316: check interceptable card 2 from Player 2
 2017-11-06 18:57:34 ProcedureInterceptCardJumpDelegateImpl::JumpWhenNoAction 47:  active player changed 2 -> 1
 2017-11-06 18:57:34 CServerGameDesk::OnProcedureChanged 202: procedure change from 9 to 6
 2017-11-06 18:57:34 CServerGameDesk::OnBeforeProcedureStart 177: before procedure start, from 6 to 3
 2017-11-06 18:57:34 MsgDelegateDrawCard::OnSend 61: 1 draw card 24
 2017-11-06 18:57:34 CServerGameDesk::OnProcedureChanged 202: procedure change from 6 to 3
 2017-11-06 18:57:34 CServerGameDesk::OnBeforeProcedureStart 177: before procedure start, from 3 to 4
 2017-11-06 18:57:34 ProcedureAfterGetCardImpl::OnStart 132: Player 1 find action with hand 2,3,4,11,11,14,14,24 and interceptionList type:2 from:2 card:9 cards:9,9,9
type:2 from:3 card:18 cards:18,18,18
 latest draw card 24
 2017-11-06 18:57:34 ProcedureAfterGetCardImpl::OnStart 146: done
 2017-11-06 18:57:34 CServerGameDesk::OnProcedureChanged 202: procedure change from 3 to 4
 2017-11-06 18:57:34 CServerGameDesk::OnBeforeProcedureStart 177: before procedure start, from 4 to 9
 2017-11-06 18:57:34 MsgDelegateWaitDiscard::OnSend 134: waiting on player 1 to discard, with candidates :24 !
 2017-11-06 18:57:34 CServerGameDesk::OnProcedureChanged 202: procedure change from 4 to 9
 2017-11-06 18:57:35 MsgDelegateWaitDiscard::OnResponse 206: player 1 tried to discard(valid:1, expected player:1)
 2017-11-06 18:57:35 MsgDelegateWaitDiscard::OnResponse 218: the card is 24
 2017-11-06 18:57:35 MsgDelegateWaitDiscard::OnDiscardCard 40: player 1 discard card 24(idx 7)
 2017-11-06 18:57:35 MsgDelegateDiscardResult::OnSend 49: player 1 discard 24 1
 2017-11-06 18:57:35 CServerGameDesk::OnBeforeProcedureStart 177: before procedure start, from 9 to 6
 2017-11-06 18:57:35 ProcedureInterceptCardImpl::OnStart 316: check interceptable card 24 from Player 1
 2017-11-06 18:57:35 ProcedureInterceptCardJumpDelegateImpl::JumpWhenNoAction 47:  active player changed 1 -> 0
 2017-11-06 18:57:35 CServerGameDesk::OnProcedureChanged 202: procedure change from 9 to 6
 2017-11-06 18:57:35 CServerGameDesk::OnBeforeProcedureStart 177: before procedure start, from 6 to 3
 2017-11-06 18:57:35 MsgDelegateDrawCard::OnSend 61: 0 draw card 14
 2017-11-06 18:57:35 CServerGameDesk::OnProcedureChanged 202: procedure change from 6 to 3
 2017-11-06 18:57:35 CServerGameDesk::OnBeforeProcedureStart 177: before procedure start, from 3 to 4
 2017-11-06 18:57:35 ProcedureAfterGetCardImpl::OnStart 132: Player 0 find action with hand 2,6,11,27,14 and interceptionList type:2 from:1 card:8 cards:8,8,8
type:2 from:1 card:17 cards:17,17,17
type:2 from:1 card:15 cards:15,15,15
 latest draw card 14
 2017-11-06 18:57:35 ProcedureAfterGetCardImpl::OnStart 146: done
 2017-11-06 18:57:35 CServerGameDesk::OnProcedureChanged 202: procedure change from 3 to 4
 2017-11-06 18:57:35 CServerGameDesk::OnBeforeProcedureStart 177: before procedure start, from 4 to 9
 2017-11-06 18:57:35 MsgDelegateWaitDiscard::OnSend 134: waiting on player 0 to discard, with candidates :27 !
 2017-11-06 18:57:35 CServerGameDesk::OnProcedureChanged 202: procedure change from 4 to 9
 2017-11-06 18:57:36 MsgDelegateWaitDiscard::OnResponse 206: player 0 tried to discard(valid:1, expected player:0)
 2017-11-06 18:57:36 MsgDelegateWaitDiscard::OnResponse 218: the card is 27
 2017-11-06 18:57:36 MsgDelegateWaitDiscard::OnDiscardCard 40: player 0 discard card 27(idx 3)
 2017-11-06 18:57:36 MsgDelegateDiscardResult::OnSend 49: player 0 discard 27 0
 2017-11-06 18:57:36 CServerGameDesk::OnBeforeProcedureStart 177: before procedure start, from 9 to 6
 2017-11-06 18:57:36 ProcedureInterceptCardImpl::OnStart 316: check interceptable card 27 from Player 0
 2017-11-06 18:57:36 ProcedureInterceptCardJumpDelegateImpl::JumpWhenNoAction 47:  active player changed 0 -> 3
 2017-11-06 18:57:36 CServerGameDesk::OnProcedureChanged 202: procedure change from 9 to 6
 2017-11-06 18:57:37 CServerGameDesk::OnBeforeProcedureStart 177: before procedure start, from 6 to 3
 2017-11-06 18:57:37 MsgDelegateDrawCard::OnSend 61: 3 draw card 25
 2017-11-06 18:57:37 CServerGameDesk::OnProcedureChanged 202: procedure change from 6 to 3
 2017-11-06 18:57:37 CServerGameDesk::OnBeforeProcedureStart 177: before procedure start, from 3 to 4
 2017-11-06 18:57:37 ProcedureAfterGetCardImpl::OnStart 132: Player 3 find action with hand 12,12,13,19,19,21,21,22,23,24,26,27,28,25 and interceptionList  latest draw card 25
 2017-11-06 18:57:37 ProcedureAfterGetCardImpl::OnStart 146: done
 2017-11-06 18:57:37 CServerGameDesk::OnProcedureChanged 202: procedure change from 3 to 4
 2017-11-06 18:57:37 CServerGameDesk::OnBeforeProcedureStart 177: before procedure start, from 4 to 9
 2017-11-06 18:57:37 MsgDelegateWaitDiscard::OnSend 134: waiting on player 3 to discard, with candidates :12,12,13,19,19,21,21,22,23,24,26,27,28,25 !
 2017-11-06 18:57:37 CServerGameDesk::OnProcedureChanged 202: procedure change from 4 to 9
 2017-11-06 18:57:42 MsgDelegateWaitDiscard::OnResponse 206: player 3 tried to discard(valid:1, expected player:3)
 2017-11-06 18:57:42 MsgDelegateWaitDiscard::OnResponse 218: the card is 13
 2017-11-06 18:57:42 MsgDelegateWaitDiscard::OnDiscardCard 40: player 3 discard card 13(idx 2)
 2017-11-06 18:57:42 MsgDelegateDiscardResult::OnSend 49: player 3 discard 13 0
 2017-11-06 18:57:42 CServerGameDesk::OnBeforeProcedureStart 177: before procedure start, from 9 to 6
 2017-11-06 18:57:42 ProcedureInterceptCardImpl::OnStart 316: check interceptable card 13 from Player 3
 2017-11-06 18:57:42 ProcedureInterceptCardJumpDelegateImpl::JumpWhenNoAction 47:  active player changed 3 -> 2
 2017-11-06 18:57:42 CServerGameDesk::OnProcedureChanged 202: procedure change from 9 to 6
 2017-11-06 18:57:42 CServerGameDesk::OnBeforeProcedureStart 177: before procedure start, from 6 to 3
 2017-11-06 18:57:42 MsgDelegateDrawCard::OnSend 61: 2 draw card 6
 2017-11-06 18:57:42 CServerGameDesk::OnProcedureChanged 202: procedure change from 6 to 3
 2017-11-06 18:57:42 CServerGameDesk::OnBeforeProcedureStart 177: before procedure start, from 3 to 4
 2017-11-06 18:57:42 ProcedureAfterGetCardImpl::OnStart 132: Player 2 find action with hand 4,5,21,22,23,26,27,28,29,29,6 and interceptionList type:2 from:0 card:25 cards:25,25,25
 latest draw card 6
 2017-11-06 18:57:42 ProcedureAfterGetCardImpl::OnStart 146: done
 2017-11-06 18:57:42 ProcedureAfterGetCardImpl::OnStart 156: Player 2 have actions type:16 from:2 card:6 cards:4,5,21,22,23,26,27,28,29,29,6

 2017-11-06 18:57:42 MsgDelegateInterception::OnSend 109: intercepted card : 6
 2017-11-06 18:57:42 MsgDelegateInterception::OnSend 110: player 2 have actions type:16 from:2 card:6 cards:4,5,21,22,23,26,27,28,29,29,6

 2017-11-06 18:57:42 CServerGameDesk::OnProcedureChanged 202: procedure change from 3 to 4
 2017-11-06 18:57:43 MsgDelegateInterception::Win 247: player 2 select 6
 2017-11-06 18:57:43 CServerGameDesk::OnBeforeProcedureStart 177: before procedure start, from 4 to 7
 2017-11-06 18:57:43 MsgDelegateInterceptionResult::OnSend 28: player 2 do with type 16
 2017-11-06 18:57:43 ProcedureDetermineInterceptJumpDelegateImpl::JumpAfterAction 91:  active player changed 2 -> 1
 2017-11-06 18:57:43 CServerGameDesk::OnProcedureChanged 202: procedure change from 4 to 7
 2017-11-06 18:57:43 CServerGameDesk::OnBeforeProcedureStart 177: before procedure start, from 7 to 3
 2017-11-06 18:57:43 MsgDelegateDrawCard::OnSend 61: 1 draw card 28
 2017-11-06 18:57:43 CServerGameDesk::OnProcedureChanged 202: procedure change from 7 to 3
 2017-11-06 18:57:43 CServerGameDesk::OnBeforeProcedureStart 177: before procedure start, from 3 to 4
 2017-11-06 18:57:43 ProcedureAfterGetCardImpl::OnStart 132: Player 1 find action with hand 2,3,4,11,11,14,14,28 and interceptionList type:2 from:2 card:9 cards:9,9,9
type:2 from:3 card:18 cards:18,18,18
 latest draw card 28
 2017-11-06 18:57:43 ProcedureAfterGetCardImpl::OnStart 146: done
 2017-11-06 18:57:43 CServerGameDesk::OnProcedureChanged 202: procedure change from 3 to 4
 2017-11-06 18:57:44 CServerGameDesk::OnBeforeProcedureStart 177: before procedure start, from 4 to 9
 2017-11-06 18:57:44 MsgDelegateWaitDiscard::OnSend 134: waiting on player 1 to discard, with candidates :28 !
 2017-11-06 18:57:44 CServerGameDesk::OnProcedureChanged 202: procedure change from 4 to 9
 2017-11-06 18:57:44 MsgDelegateWaitDiscard::OnResponse 206: player 1 tried to discard(valid:1, expected player:1)
 2017-11-06 18:57:44 MsgDelegateWaitDiscard::OnResponse 218: the card is 28
 2017-11-06 18:57:44 MsgDelegateWaitDiscard::OnDiscardCard 40: player 1 discard card 28(idx 7)
 2017-11-06 18:57:44 MsgDelegateDiscardResult::OnSend 49: player 1 discard 28 1
 2017-11-06 18:57:44 CServerGameDesk::OnBeforeProcedureStart 177: before procedure start, from 9 to 6
 2017-11-06 18:57:44 ProcedureInterceptCardImpl::OnStart 316: check interceptable card 28 from Player 1
 2017-11-06 18:57:44 ProcedureInterceptCardJumpDelegateImpl::JumpWhenNoAction 47:  active player changed 1 -> 0
 2017-11-06 18:57:44 CServerGameDesk::OnProcedureChanged 202: procedure change from 9 to 6
 2017-11-06 18:57:45 CServerGameDesk::OnBeforeProcedureStart 177: before procedure start, from 6 to 3
 2017-11-06 18:57:45 MsgDelegateDrawCard::OnSend 61: 0 draw card 29
 2017-11-06 18:57:45 CServerGameDesk::OnProcedureChanged 202: procedure change from 6 to 3
 2017-11-06 18:57:45 CServerGameDesk::OnBeforeProcedureStart 177: before procedure start, from 3 to 4
 2017-11-06 18:57:45 ProcedureAfterGetCardImpl::OnStart 132: Player 0 find action with hand 2,6,11,14,29 and interceptionList type:2 from:1 card:8 cards:8,8,8
type:2 from:1 card:17 cards:17,17,17
type:2 from:1 card:15 cards:15,15,15
 latest draw card 29
 2017-11-06 18:57:45 ProcedureAfterGetCardImpl::OnStart 146: done
 2017-11-06 18:57:45 CServerGameDesk::OnProcedureChanged 202: procedure change from 3 to 4
 2017-11-06 18:57:45 CServerGameDesk::OnBeforeProcedureStart 177: before procedure start, from 4 to 9
 2017-11-06 18:57:45 MsgDelegateWaitDiscard::OnSend 134: waiting on player 0 to discard, with candidates :29 !
 2017-11-06 18:57:45 CServerGameDesk::OnProcedureChanged 202: procedure change from 4 to 9
 2017-11-06 18:57:46 MsgDelegateWaitDiscard::OnResponse 206: player 0 tried to discard(valid:1, expected player:0)
 2017-11-06 18:57:46 MsgDelegateWaitDiscard::OnResponse 218: the card is 29
 2017-11-06 18:57:46 MsgDelegateWaitDiscard::OnDiscardCard 40: player 0 discard card 29(idx 4)
 2017-11-06 18:57:46 MsgDelegateDiscardResult::OnSend 49: player 0 discard 29 0
 2017-11-06 18:57:46 CServerGameDesk::OnBeforeProcedureStart 177: before procedure start, from 9 to 6
 2017-11-06 18:57:46 ProcedureInterceptCardImpl::OnStart 316: check interceptable card 29 from Player 0
 2017-11-06 18:57:46 ProcedureInterceptCardJumpDelegateImpl::JumpWhenNoAction 47:  active player changed 0 -> 3
 2017-11-06 18:57:46 CServerGameDesk::OnProcedureChanged 202: procedure change from 9 to 6
 2017-11-06 18:57:46 CServerGameDesk::OnBeforeProcedureStart 177: before procedure start, from 6 to 3
 2017-11-06 18:57:46 MsgDelegateDrawCard::OnSend 61: 3 draw card 23
 2017-11-06 18:57:46 CServerGameDesk::OnProcedureChanged 202: procedure change from 6 to 3
 2017-11-06 18:57:46 CServerGameDesk::OnBeforeProcedureStart 177: before procedure start, from 3 to 4
 2017-11-06 18:57:46 ProcedureAfterGetCardImpl::OnStart 132: Player 3 find action with hand 12,12,19,19,21,21,22,23,24,25,26,27,28,23 and interceptionList  latest draw card 23
 2017-11-06 18:57:46 ProcedureAfterGetCardImpl::OnStart 146: done
 2017-11-06 18:57:46 CServerGameDesk::OnProcedureChanged 202: procedure change from 3 to 4
 2017-11-06 18:57:46 CServerGameDesk::OnBeforeProcedureStart 177: before procedure start, from 4 to 9
 2017-11-06 18:57:46 MsgDelegateWaitDiscard::OnSend 134: waiting on player 3 to discard, with candidates :12,12,19,19,21,21,22,23,24,25,26,27,28,23 !
 2017-11-06 18:57:46 CServerGameDesk::OnProcedureChanged 202: procedure change from 4 to 9
 2017-11-06 18:57:53 MsgDelegateWaitDiscard::OnResponse 206: player 3 tried to discard(valid:1, expected player:3)
 2017-11-06 18:57:53 MsgDelegateWaitDiscard::OnResponse 218: the card is 21
 2017-11-06 18:57:53 MsgDelegateWaitDiscard::OnDiscardCard 40: player 3 discard card 21(idx 4)
 2017-11-06 18:57:53 MsgDelegateDiscardResult::OnSend 49: player 3 discard 21 0
 2017-11-06 18:57:53 CServerGameDesk::OnBeforeProcedureStart 177: before procedure start, from 9 to 6
 2017-11-06 18:57:53 ProcedureInterceptCardImpl::OnStart 316: check interceptable card 21 from Player 3
 2017-11-06 18:57:53 ProcedureInterceptCardJumpDelegateImpl::JumpWhenNoAction 47:  active player changed 3 -> 1
 2017-11-06 18:57:53 CServerGameDesk::OnProcedureChanged 202: procedure change from 9 to 6
 2017-11-06 18:57:53 CServerGameDesk::OnBeforeProcedureStart 177: before procedure start, from 6 to 3
 2017-11-06 18:57:53 MsgDelegateDrawCard::OnSend 61: 1 draw card 5
 2017-11-06 18:57:53 CServerGameDesk::OnProcedureChanged 202: procedure change from 6 to 3
 2017-11-06 18:57:54 CServerGameDesk::OnBeforeProcedureStart 177: before procedure start, from 3 to 4
 2017-11-06 18:57:54 ProcedureAfterGetCardImpl::OnStart 132: Player 1 find action with hand 2,3,4,11,11,14,14,5 and interceptionList type:2 from:2 card:9 cards:9,9,9
type:2 from:3 card:18 cards:18,18,18
 latest draw card 5
 2017-11-06 18:57:54 ProcedureAfterGetCardImpl::OnStart 146: done
 2017-11-06 18:57:54 CServerGameDesk::OnProcedureChanged 202: procedure change from 3 to 4
 2017-11-06 18:57:54 CServerGameDesk::OnBeforeProcedureStart 177: before procedure start, from 4 to 9
 2017-11-06 18:57:54 MsgDelegateWaitDiscard::OnSend 134: waiting on player 1 to discard, with candidates :2,3,4,11,11,14,14,5 !
 2017-11-06 18:57:54 CServerGameDesk::OnProcedureChanged 202: procedure change from 4 to 9
 2017-11-06 18:57:57 MsgDelegateWaitDiscard::OnResponse 206: player 1 tried to discard(valid:1, expected player:1)
 2017-11-06 18:57:57 MsgDelegateWaitDiscard::OnResponse 218: the card is 5
 2017-11-06 18:57:57 MsgDelegateWaitDiscard::OnDiscardCard 40: player 1 discard card 5(idx 7)
 2017-11-06 18:57:57 MsgDelegateDiscardResult::OnSend 49: player 1 discard 5 1
 2017-11-06 18:57:57 CServerGameDesk::OnBeforeProcedureStart 177: before procedure start, from 9 to 6
 2017-11-06 18:57:57 ProcedureInterceptCardImpl::OnStart 316: check interceptable card 5 from Player 1
 2017-11-06 18:57:57 ProcedureInterceptCardJumpDelegateImpl::JumpWhenNoAction 47:  active player changed 1 -> 0
 2017-11-06 18:57:57 CServerGameDesk::OnProcedureChanged 202: procedure change from 9 to 6
 2017-11-06 18:57:57 CServerGameDesk::OnBeforeProcedureStart 177: before procedure start, from 6 to 3
 2017-11-06 18:57:57 MsgDelegateDrawCard::OnSend 61: 0 draw card 22
 2017-11-06 18:57:57 CServerGameDesk::OnProcedureChanged 202: procedure change from 6 to 3
 2017-11-06 18:57:57 CServerGameDesk::OnBeforeProcedureStart 177: before procedure start, from 3 to 4
 2017-11-06 18:57:57 ProcedureAfterGetCardImpl::OnStart 132: Player 0 find action with hand 2,6,11,14,22 and interceptionList type:2 from:1 card:8 cards:8,8,8
type:2 from:1 card:17 cards:17,17,17
type:2 from:1 card:15 cards:15,15,15
 latest draw card 22
 2017-11-06 18:57:57 ProcedureAfterGetCardImpl::OnStart 146: done
 2017-11-06 18:57:57 CServerGameDesk::OnProcedureChanged 202: procedure change from 3 to 4
 2017-11-06 18:57:57 CServerGameDesk::OnBeforeProcedureStart 177: before procedure start, from 4 to 9
 2017-11-06 18:57:57 MsgDelegateWaitDiscard::OnSend 134: waiting on player 0 to discard, with candidates :22 !
 2017-11-06 18:57:57 CServerGameDesk::OnProcedureChanged 202: procedure change from 4 to 9
 2017-11-06 18:57:58 MsgDelegateWaitDiscard::OnResponse 206: player 0 tried to discard(valid:1, expected player:0)
 2017-11-06 18:57:58 MsgDelegateWaitDiscard::OnResponse 218: the card is 22
 2017-11-06 18:57:58 MsgDelegateWaitDiscard::OnDiscardCard 40: player 0 discard card 22(idx 4)
 2017-11-06 18:57:58 MsgDelegateDiscardResult::OnSend 49: player 0 discard 22 0
 2017-11-06 18:57:58 CServerGameDesk::OnBeforeProcedureStart 177: before procedure start, from 9 to 6
 2017-11-06 18:57:58 ProcedureInterceptCardImpl::OnStart 316: check interceptable card 22 from Player 0
 2017-11-06 18:57:58 ProcedureInterceptCardJumpDelegateImpl::JumpWhenNoAction 47:  active player changed 0 -> 3
 2017-11-06 18:57:58 CServerGameDesk::OnProcedureChanged 202: procedure change from 9 to 6
 2017-11-06 18:57:58 CServerGameDesk::OnBeforeProcedureStart 177: before procedure start, from 6 to 3
 2017-11-06 18:57:58 MsgDelegateDrawCard::OnSend 61: 3 draw card 14
 2017-11-06 18:57:58 CServerGameDesk::OnProcedureChanged 202: procedure change from 6 to 3
 2017-11-06 18:57:58 CServerGameDesk::OnBeforeProcedureStart 177: before procedure start, from 3 to 4
 2017-11-06 18:57:58 ProcedureAfterGetCardImpl::OnStart 132: Player 3 find action with hand 12,12,19,19,21,22,23,23,24,25,26,27,28,14 and interceptionList  latest draw card 14
 2017-11-06 18:57:58 ProcedureAfterGetCardImpl::OnStart 146: done
 2017-11-06 18:57:58 CServerGameDesk::OnProcedureChanged 202: procedure change from 3 to 4
 2017-11-06 18:57:58 CServerGameDesk::OnBeforeProcedureStart 177: before procedure start, from 4 to 9
 2017-11-06 18:57:58 MsgDelegateWaitDiscard::OnSend 134: waiting on player 3 to discard, with candidates :12,12,19,19,21,22,23,23,24,25,26,27,28,14 !
 2017-11-06 18:57:58 CServerGameDesk::OnProcedureChanged 202: procedure change from 4 to 9
 2017-11-06 18:57:59 MsgDelegateWaitDiscard::OnResponse 206: player 3 tried to discard(valid:1, expected player:3)
 2017-11-06 18:57:59 MsgDelegateWaitDiscard::OnResponse 218: the card is 14
 2017-11-06 18:57:59 MsgDelegateWaitDiscard::OnDiscardCard 40: player 3 discard card 14(idx 13)
 2017-11-06 18:57:59 MsgDelegateDiscardResult::OnSend 49: player 3 discard 14 1
 2017-11-06 18:58:00 CServerGameDesk::OnBeforeProcedureStart 177: before procedure start, from 9 to 6
 2017-11-06 18:58:00 ProcedureInterceptCardImpl::OnStart 316: check interceptable card 14 from Player 3
 2017-11-06 18:58:00 ProcedureInterceptCardImpl::OnStart 349: Player 1 have actions type:2 from:3 card:14 cards:14,14,14
type:16 from:3 card:14 cards:2,3,4,11,11,14,14,14
 with hand 2,3,4,11,11,14,14 interceptions type:2 from:2 card:9 cards:9,9,9
type:2 from:3 card:18 cards:18,18,18
 card 14
 2017-11-06 18:58:00 ProcedureInterceptCardImpl::OnStart 355: question sent
 2017-11-06 18:58:00 MsgDelegateInterception::OnSend 109: intercepted card : 14
 2017-11-06 18:58:00 MsgDelegateInterception::OnSend 110: player 1 have actions type:2 from:3 card:14 cards:14,14,14
type:16 from:3 card:14 cards:2,3,4,11,11,14,14,14

 2017-11-06 18:58:00 CServerGameDesk::OnProcedureChanged 202: procedure change from 9 to 6
 2017-11-06 18:58:00 MsgDelegateInterception::Win 247: player 1 select 14
 2017-11-06 18:58:00 CServerGameDesk::OnBeforeProcedureStart 177: before procedure start, from 6 to 7
 2017-11-06 18:58:00 MsgDelegateInterceptionResult::OnSend 28: player 1 do with type 16
 2017-11-06 18:58:00 ProcedureDetermineInterceptJumpDelegateImpl::JumpAfterAction 91:  active player changed 3 -> 0
 2017-11-06 18:58:00 CServerGameDesk::OnProcedureChanged 202: procedure change from 6 to 7
 2017-11-06 18:58:01 CServerGameDesk::OnBeforeProcedureStart 177: before procedure start, from 7 to 3
 2017-11-06 18:58:01 MsgDelegateDrawCard::OnSend 61: 0 draw card 1
 2017-11-06 18:58:01 CServerGameDesk::OnProcedureChanged 202: procedure change from 7 to 3
 2017-11-06 18:58:01 CServerGameDesk::OnBeforeProcedureStart 177: before procedure start, from 3 to 4
 2017-11-06 18:58:01 ProcedureAfterGetCardImpl::OnStart 132: Player 0 find action with hand 2,6,11,14,1 and interceptionList type:2 from:1 card:8 cards:8,8,8
type:2 from:1 card:17 cards:17,17,17
type:2 from:1 card:15 cards:15,15,15
 latest draw card 1
 2017-11-06 18:58:01 ProcedureAfterGetCardImpl::OnStart 146: done
 2017-11-06 18:58:01 CServerGameDesk::OnProcedureChanged 202: procedure change from 3 to 4
 2017-11-06 18:58:01 CServerGameDesk::OnBeforeProcedureStart 177: before procedure start, from 4 to 9
 2017-11-06 18:58:01 MsgDelegateWaitDiscard::OnSend 134: waiting on player 0 to discard, with candidates :2,6,11,14,1 !
 2017-11-06 18:58:01 CServerGameDesk::OnProcedureChanged 202: procedure change from 4 to 9
 2017-11-06 18:58:02 MsgDelegateWaitDiscard::OnResponse 206: player 0 tried to discard(valid:1, expected player:0)
 2017-11-06 18:58:02 MsgDelegateWaitDiscard::OnResponse 218: the card is 1
 2017-11-06 18:58:02 MsgDelegateWaitDiscard::OnDiscardCard 40: player 0 discard card 1(idx 4)
 2017-11-06 18:58:02 MsgDelegateDiscardResult::OnSend 49: player 0 discard 1 0
 2017-11-06 18:58:02 CServerGameDesk::OnBeforeProcedureStart 177: before procedure start, from 9 to 6
 2017-11-06 18:58:02 ProcedureInterceptCardImpl::OnStart 316: check interceptable card 1 from Player 0
 2017-11-06 18:58:02 ProcedureInterceptCardJumpDelegateImpl::JumpWhenNoAction 47:  active player changed 0 -> 3
 2017-11-06 18:58:02 CServerGameDesk::OnProcedureChanged 202: procedure change from 9 to 6
 2017-11-06 18:58:02 CServerGameDesk::OnBeforeProcedureStart 177: before procedure start, from 6 to 3
 2017-11-06 18:58:02 MsgDelegateDrawCard::OnSend 61: 3 draw card 7
 2017-11-06 18:58:02 CServerGameDesk::OnProcedureChanged 202: procedure change from 6 to 3
 2017-11-06 18:58:02 CServerGameDesk::OnBeforeProcedureStart 177: before procedure start, from 3 to 4
 2017-11-06 18:58:02 ProcedureAfterGetCardImpl::OnStart 132: Player 3 find action with hand 12,12,19,19,21,22,23,23,24,25,26,27,28,7 and interceptionList  latest draw card 7
 2017-11-06 18:58:02 ProcedureAfterGetCardImpl::OnStart 146: done
 2017-11-06 18:58:02 CServerGameDesk::OnProcedureChanged 202: procedure change from 3 to 4
 2017-11-06 18:58:02 CServerGameDesk::OnBeforeProcedureStart 177: before procedure start, from 4 to 9
 2017-11-06 18:58:02 MsgDelegateWaitDiscard::OnSend 134: waiting on player 3 to discard, with candidates :7 !
 2017-11-06 18:58:02 CServerGameDesk::OnProcedureChanged 202: procedure change from 4 to 9
 2017-11-06 18:58:03 MsgDelegateWaitDiscard::OnResponse 206: player 3 tried to discard(valid:1, expected player:3)
 2017-11-06 18:58:03 MsgDelegateWaitDiscard::OnResponse 218: the card is 7
 2017-11-06 18:58:03 MsgDelegateWaitDiscard::OnDiscardCard 40: player 3 discard card 7(idx 13)
 2017-11-06 18:58:03 MsgDelegateDiscardResult::OnSend 49: player 3 discard 7 1
 2017-11-06 18:58:03 CServerGameDesk::OnBeforeProcedureStart 177: before procedure start, from 9 to 6
 2017-11-06 18:58:03 ProcedureInterceptCardImpl::OnStart 316: check interceptable card 7 from Player 3
 2017-11-06 18:58:03 ProcedureInterceptCardJumpDelegateImpl::JumpWhenNoAction 47:  active player changed 3 -> 0
 2017-11-06 18:58:03 CServerGameDesk::OnProcedureChanged 202: procedure change from 9 to 6
 2017-11-06 18:58:04 CServerGameDesk::OnBeforeProcedureStart 177: before procedure start, from 6 to 3
 2017-11-06 18:58:04 MsgDelegateDrawCard::OnSend 61: 0 draw card 15
 2017-11-06 18:58:04 CServerGameDesk::OnProcedureChanged 202: procedure change from 6 to 3
 2017-11-06 18:58:04 CServerGameDesk::OnBeforeProcedureStart 177: before procedure start, from 3 to 4
 2017-11-06 18:58:04 ProcedureAfterGetCardImpl::OnStart 132: Player 0 find action with hand 2,6,11,14,15 and interceptionList type:2 from:1 card:8 cards:8,8,8
type:2 from:1 card:17 cards:17,17,17
type:2 from:1 card:15 cards:15,15,15
 latest draw card 15
 2017-11-06 18:58:04 ProcedureAfterGetCardImpl::OnStart 146: done
 2017-11-06 18:58:04 ProcedureAfterGetCardImpl::OnStart 156: Player 0 have actions type:5 from:0 card:15 cards:15,15,15,15

 2017-11-06 18:58:04 MsgDelegateInterception::OnSend 109: intercepted card : 15
 2017-11-06 18:58:04 MsgDelegateInterception::OnSend 110: player 0 have actions type:5 from:0 card:15 cards:15,15,15,15

 2017-11-06 18:58:04 CServerGameDesk::OnProcedureChanged 202: procedure change from 3 to 4
 2017-11-06 18:58:05 MsgDelegateInterception::Gang 210: player 0 select 15
 2017-11-06 18:58:05 CServerGameDesk::OnBeforeProcedureStart 177: before procedure start, from 4 to 7
 2017-11-06 18:58:05 MsgDelegateInterceptionResult::OnSend 28: player 0 do with type 5
 2017-11-06 18:58:05 CServerGameDesk::OnProcedureChanged 202: procedure change from 4 to 7
 2017-11-06 18:58:05 CServerGameDesk::OnBeforeProcedureStart 177: before procedure start, from 7 to 103
 2017-11-06 18:58:05 ProcedureInterceptCardImpl::OnStart 316: check interceptable card 15 from Player 0
 2017-11-06 18:58:05 CServerGameDesk::OnProcedureChanged 202: procedure change from 7 to 103
 2017-11-06 18:58:05 CServerGameDesk::OnBeforeProcedureStart 177: before procedure start, from 103 to 5
 2017-11-06 18:58:05 MsgDelegateDrawCard::OnSend 61: 0 draw card 6
 2017-11-06 18:58:05 CServerGameDesk::OnProcedureChanged 202: procedure change from 103 to 5
 2017-11-06 18:58:05 CServerGameDesk::OnBeforeProcedureStart 177: before procedure start, from 5 to 4
 2017-11-06 18:58:05 ProcedureAfterGetCardImpl::OnStart 132: Player 0 find action with hand 2,6,11,14,6 and interceptionList type:2 from:1 card:8 cards:8,8,8
type:2 from:1 card:17 cards:17,17,17
type:5 from:0 card:15 cards:15,15,15,15
 latest draw card 6
 2017-11-06 18:58:05 ProcedureAfterGetCardImpl::OnStart 146: done
 2017-11-06 18:58:05 CServerGameDesk::OnProcedureChanged 202: procedure change from 5 to 4
 2017-11-06 18:58:05 CServerGameDesk::OnBeforeProcedureStart 177: before procedure start, from 4 to 9
 2017-11-06 18:58:05 MsgDelegateWaitDiscard::OnSend 134: waiting on player 0 to discard, with candidates :2,6,11,14,6 !
 2017-11-06 18:58:05 CServerGameDesk::OnProcedureChanged 202: procedure change from 4 to 9
 2017-11-06 18:58:06 MsgDelegateWaitDiscard::OnResponse 206: player 0 tried to discard(valid:1, expected player:0)
 2017-11-06 18:58:06 MsgDelegateWaitDiscard::OnResponse 218: the card is 6
 2017-11-06 18:58:06 MsgDelegateWaitDiscard::OnDiscardCard 40: player 0 discard card 6(idx 1)
 2017-11-06 18:58:06 MsgDelegateDiscardResult::OnSend 49: player 0 discard 6 0
 2017-11-06 18:58:06 CServerGameDesk::OnBeforeProcedureStart 177: before procedure start, from 9 to 6
 2017-11-06 18:58:06 ProcedureInterceptCardImpl::OnStart 316: check interceptable card 6 from Player 0
 2017-11-06 18:58:06 ProcedureInterceptCardJumpDelegateImpl::JumpWhenNoAction 47:  active player changed 0 -> 3
 2017-11-06 18:58:06 CServerGameDesk::OnProcedureChanged 202: procedure change from 9 to 6
 2017-11-06 18:58:06 CServerGameDesk::OnBeforeProcedureStart 177: before procedure start, from 6 to 3
 2017-11-06 18:58:06 MsgDelegateDrawCard::OnSend 61: 3 draw card 21
 2017-11-06 18:58:06 CServerGameDesk::OnProcedureChanged 202: procedure change from 6 to 3
 2017-11-06 18:58:06 CServerGameDesk::OnBeforeProcedureStart 177: before procedure start, from 3 to 4
 2017-11-06 18:58:06 ProcedureAfterGetCardImpl::OnStart 132: Player 3 find action with hand 12,12,19,19,21,22,23,23,24,25,26,27,28,21 and interceptionList  latest draw card 21
 2017-11-06 18:58:06 ProcedureAfterGetCardImpl::OnStart 146: done
 2017-11-06 18:58:06 CServerGameDesk::OnProcedureChanged 202: procedure change from 3 to 4
 2017-11-06 18:58:06 CServerGameDesk::OnBeforeProcedureStart 177: before procedure start, from 4 to 9
 2017-11-06 18:58:06 MsgDelegateWaitDiscard::OnSend 134: waiting on player 3 to discard, with candidates :12,12,19,19,21,22,23,23,24,25,26,27,28,21 !
 2017-11-06 18:58:06 CServerGameDesk::OnProcedureChanged 202: procedure change from 4 to 9
 2017-11-06 18:58:07 MsgDelegateWaitDiscard::OnResponse 206: player 3 tried to discard(valid:1, expected player:3)
 2017-11-06 18:58:07 MsgDelegateWaitDiscard::OnResponse 218: the card is 21
 2017-11-06 18:58:07 MsgDelegateWaitDiscard::OnDiscardCard 40: player 3 discard card 21(idx 4)
 2017-11-06 18:58:07 MsgDelegateDiscardResult::OnSend 49: player 3 discard 21 1
 2017-11-06 18:58:07 CServerGameDesk::OnBeforeProcedureStart 177: before procedure start, from 9 to 6
 2017-11-06 18:58:07 ProcedureInterceptCardImpl::OnStart 316: check interceptable card 21 from Player 3
 2017-11-06 18:58:07 ProcedureInterceptCardJumpDelegateImpl::JumpWhenNoAction 47:  active player changed 3 -> 0
 2017-11-06 18:58:07 CServerGameDesk::OnProcedureChanged 202: procedure change from 9 to 6
 2017-11-06 18:58:07 CServerGameDesk::OnBeforeProcedureStart 177: before procedure start, from 6 to 3
 2017-11-06 18:58:07 MsgDelegateDrawCard::OnSend 61: 0 draw card 9
 2017-11-06 18:58:07 CServerGameDesk::OnProcedureChanged 202: procedure change from 6 to 3
 2017-11-06 18:58:07 CServerGameDesk::OnBeforeProcedureStart 177: before procedure start, from 3 to 4
 2017-11-06 18:58:07 ProcedureAfterGetCardImpl::OnStart 132: Player 0 find action with hand 2,6,11,14,9 and interceptionList type:2 from:1 card:8 cards:8,8,8
type:2 from:1 card:17 cards:17,17,17
type:5 from:0 card:15 cards:15,15,15,15
 latest draw card 9
 2017-11-06 18:58:07 ProcedureAfterGetCardImpl::OnStart 146: done
 2017-11-06 18:58:07 CServerGameDesk::OnProcedureChanged 202: procedure change from 3 to 4
 2017-11-06 18:58:07 CServerGameDesk::OnBeforeProcedureStart 177: before procedure start, from 4 to 9
 2017-11-06 18:58:07 MsgDelegateWaitDiscard::OnSend 134: waiting on player 0 to discard, with candidates :2,6,11,14,9 !
 2017-11-06 18:58:07 CServerGameDesk::OnProcedureChanged 202: procedure change from 4 to 9
 2017-11-06 18:58:09 MsgDelegateWaitDiscard::OnResponse 206: player 0 tried to discard(valid:1, expected player:0)
 2017-11-06 18:58:09 MsgDelegateWaitDiscard::OnResponse 218: the card is 11
 2017-11-06 18:58:09 MsgDelegateWaitDiscard::OnDiscardCard 40: player 0 discard card 11(idx 2)
 2017-11-06 18:58:09 MsgDelegateDiscardResult::OnSend 49: player 0 discard 11 0
 2017-11-06 18:58:09 CServerGameDesk::OnBeforeProcedureStart 177: before procedure start, from 9 to 6
 2017-11-06 18:58:09 ProcedureInterceptCardImpl::OnStart 316: check interceptable card 11 from Player 0
 2017-11-06 18:58:09 ProcedureInterceptCardJumpDelegateImpl::JumpWhenNoAction 47:  active player changed 0 -> 3
 2017-11-06 18:58:09 CServerGameDesk::OnProcedureChanged 202: procedure change from 9 to 6
 2017-11-06 18:58:09 CServerGameDesk::OnBeforeProcedureStart 177: before procedure start, from 6 to 3
 2017-11-06 18:58:09 MsgDelegateDrawCard::OnSend 61: 3 draw card 3
 2017-11-06 18:58:09 CServerGameDesk::OnProcedureChanged 202: procedure change from 6 to 3
 2017-11-06 18:58:10 CServerGameDesk::OnBeforeProcedureStart 177: before procedure start, from 3 to 4
 2017-11-06 18:58:10 ProcedureAfterGetCardImpl::OnStart 132: Player 3 find action with hand 12,12,19,19,21,22,23,23,24,25,26,27,28,3 and interceptionList  latest draw card 3
 2017-11-06 18:58:10 ProcedureAfterGetCardImpl::OnStart 146: done
 2017-11-06 18:58:10 CServerGameDesk::OnProcedureChanged 202: procedure change from 3 to 4
 2017-11-06 18:58:10 CServerGameDesk::OnBeforeProcedureStart 177: before procedure start, from 4 to 9
 2017-11-06 18:58:10 MsgDelegateWaitDiscard::OnSend 134: waiting on player 3 to discard, with candidates :3 !
 2017-11-06 18:58:10 CServerGameDesk::OnProcedureChanged 202: procedure change from 4 to 9
 2017-11-06 18:58:10 MsgDelegateWaitDiscard::OnResponse 206: player 3 tried to discard(valid:1, expected player:3)
 2017-11-06 18:58:10 MsgDelegateWaitDiscard::OnResponse 218: the card is 3
 2017-11-06 18:58:10 MsgDelegateWaitDiscard::OnDiscardCard 40: player 3 discard card 3(idx 13)
 2017-11-06 18:58:10 MsgDelegateDiscardResult::OnSend 49: player 3 discard 3 1
 2017-11-06 18:58:10 CServerGameDesk::OnBeforeProcedureStart 177: before procedure start, from 9 to 6
 2017-11-06 18:58:10 ProcedureInterceptCardImpl::OnStart 316: check interceptable card 3 from Player 3
 2017-11-06 18:58:10 ProcedureInterceptCardJumpDelegateImpl::JumpWhenNoAction 47:  active player changed 3 -> 0
 2017-11-06 18:58:10 CServerGameDesk::OnProcedureChanged 202: procedure change from 9 to 6
 2017-11-06 18:58:10 CServerGameDesk::OnBeforeProcedureStart 177: before procedure start, from 6 to 3
 2017-11-06 18:58:10 MsgDelegateDrawCard::OnSend 61: 0 draw card 7
 2017-11-06 18:58:10 CServerGameDesk::OnProcedureChanged 202: procedure change from 6 to 3
 2017-11-06 18:58:10 CServerGameDesk::OnBeforeProcedureStart 177: before procedure start, from 3 to 4
 2017-11-06 18:58:10 ProcedureAfterGetCardImpl::OnStart 132: Player 0 find action with hand 2,6,9,14,7 and interceptionList type:2 from:1 card:8 cards:8,8,8
type:2 from:1 card:17 cards:17,17,17
type:5 from:0 card:15 cards:15,15,15,15
 latest draw card 7
 2017-11-06 18:58:10 ProcedureAfterGetCardImpl::OnStart 146: done
 2017-11-06 18:58:10 CServerGameDesk::OnProcedureChanged 202: procedure change from 3 to 4
 2017-11-06 18:58:10 CServerGameDesk::OnBeforeProcedureStart 177: before procedure start, from 4 to 9
 2017-11-06 18:58:10 MsgDelegateWaitDiscard::OnSend 134: waiting on player 0 to discard, with candidates :2,6,9,14,7 !
 2017-11-06 18:58:10 CServerGameDesk::OnProcedureChanged 202: procedure change from 4 to 9
 2017-11-06 18:58:11 MsgDelegateWaitDiscard::OnResponse 206: player 0 tried to discard(valid:1, expected player:0)
 2017-11-06 18:58:11 MsgDelegateWaitDiscard::OnResponse 218: the card is 14
 2017-11-06 18:58:11 MsgDelegateWaitDiscard::OnDiscardCard 40: player 0 discard card 14(idx 3)
 2017-11-06 18:58:11 MsgDelegateDiscardResult::OnSend 49: player 0 discard 14 0
 2017-11-06 18:58:11 CServerGameDesk::OnBeforeProcedureStart 177: before procedure start, from 9 to 6
 2017-11-06 18:58:11 ProcedureInterceptCardImpl::OnStart 316: check interceptable card 14 from Player 0
 2017-11-06 18:58:11 ProcedureInterceptCardJumpDelegateImpl::JumpWhenNoAction 47:  active player changed 0 -> 3
 2017-11-06 18:58:11 CServerGameDesk::OnProcedureChanged 202: procedure change from 9 to 6
 2017-11-06 18:58:11 CServerGameDesk::OnBeforeProcedureStart 177: before procedure start, from 6 to 3
 2017-11-06 18:58:11 MsgDelegateDrawCard::OnSend 61: 3 draw card 16
 2017-11-06 18:58:11 CServerGameDesk::OnProcedureChanged 202: procedure change from 6 to 3
 2017-11-06 18:58:11 CServerGameDesk::OnBeforeProcedureStart 177: before procedure start, from 3 to 4
 2017-11-06 18:58:11 ProcedureAfterGetCardImpl::OnStart 132: Player 3 find action with hand 12,12,19,19,21,22,23,23,24,25,26,27,28,16 and interceptionList  latest draw card 16
 2017-11-06 18:58:11 ProcedureAfterGetCardImpl::OnStart 146: done
 2017-11-06 18:58:11 CServerGameDesk::OnProcedureChanged 202: procedure change from 3 to 4
 2017-11-06 18:58:12 CServerGameDesk::OnBeforeProcedureStart 177: before procedure start, from 4 to 9
 2017-11-06 18:58:12 MsgDelegateWaitDiscard::OnSend 134: waiting on player 3 to discard, with candidates :12,12,19,19,21,22,23,23,24,25,26,27,28,16 !
 2017-11-06 18:58:12 CServerGameDesk::OnProcedureChanged 202: procedure change from 4 to 9
 2017-11-06 18:58:13 MsgDelegateWaitDiscard::OnResponse 206: player 3 tried to discard(valid:1, expected player:3)
 2017-11-06 18:58:13 MsgDelegateWaitDiscard::OnResponse 218: the card is 16
 2017-11-06 18:58:13 MsgDelegateWaitDiscard::OnDiscardCard 40: player 3 discard card 16(idx 13)
 2017-11-06 18:58:13 MsgDelegateDiscardResult::OnSend 49: player 3 discard 16 1
 2017-11-06 18:58:13 CServerGameDesk::OnBeforeProcedureStart 177: before procedure start, from 9 to 6
 2017-11-06 18:58:13 ProcedureInterceptCardImpl::OnStart 316: check interceptable card 16 from Player 3
 2017-11-06 18:58:13 ProcedureInterceptCardJumpDelegateImpl::JumpWhenNoAction 47:  active player changed 3 -> 0
 2017-11-06 18:58:13 CServerGameDesk::OnProcedureChanged 202: procedure change from 9 to 6
 2017-11-06 18:58:13 CServerGameDesk::OnBeforeProcedureStart 177: before procedure start, from 6 to 3
 2017-11-06 18:58:13 MsgDelegateDrawCard::OnSend 61: 0 draw card 26
 2017-11-06 18:58:13 CServerGameDesk::OnProcedureChanged 202: procedure change from 6 to 3
 2017-11-06 18:58:13 CServerGameDesk::OnBeforeProcedureStart 177: before procedure start, from 3 to 4
 2017-11-06 18:58:13 ProcedureAfterGetCardImpl::OnStart 132: Player 0 find action with hand 2,6,7,9,26 and interceptionList type:2 from:1 card:8 cards:8,8,8
type:2 from:1 card:17 cards:17,17,17
type:5 from:0 card:15 cards:15,15,15,15
 latest draw card 26
 2017-11-06 18:58:13 ProcedureAfterGetCardImpl::OnStart 146: done
 2017-11-06 18:58:13 CServerGameDesk::OnProcedureChanged 202: procedure change from 3 to 4
 2017-11-06 18:58:13 CServerGameDesk::OnBeforeProcedureStart 177: before procedure start, from 4 to 9
 2017-11-06 18:58:13 MsgDelegateWaitDiscard::OnSend 134: waiting on player 0 to discard, with candidates :26 !
 2017-11-06 18:58:13 CServerGameDesk::OnProcedureChanged 202: procedure change from 4 to 9
 2017-11-06 18:58:14 MsgDelegateWaitDiscard::OnResponse 206: player 0 tried to discard(valid:1, expected player:0)
 2017-11-06 18:58:14 MsgDelegateWaitDiscard::OnResponse 218: the card is 26
 2017-11-06 18:58:14 MsgDelegateWaitDiscard::OnDiscardCard 40: player 0 discard card 26(idx 4)
 2017-11-06 18:58:14 MsgDelegateDiscardResult::OnSend 49: player 0 discard 26 0
 2017-11-06 18:58:14 CServerGameDesk::OnBeforeProcedureStart 177: before procedure start, from 9 to 6
 2017-11-06 18:58:14 ProcedureInterceptCardImpl::OnStart 316: check interceptable card 26 from Player 0
 2017-11-06 18:58:14 ProcedureInterceptCardJumpDelegateImpl::JumpWhenNoAction 47:  active player changed 0 -> 3
 2017-11-06 18:58:14 CServerGameDesk::OnProcedureChanged 202: procedure change from 9 to 6
 2017-11-06 18:58:14 CServerGameDesk::OnBeforeProcedureStart 177: before procedure start, from 6 to 3
 2017-11-06 18:58:14 MsgDelegateDrawCard::OnSend 61: 3 draw card 13
 2017-11-06 18:58:14 CServerGameDesk::OnProcedureChanged 202: procedure change from 6 to 3
 2017-11-06 18:58:14 CServerGameDesk::OnBeforeProcedureStart 177: before procedure start, from 3 to 4
 2017-11-06 18:58:14 ProcedureAfterGetCardImpl::OnStart 132: Player 3 find action with hand 12,12,19,19,21,22,23,23,24,25,26,27,28,13 and interceptionList  latest draw card 13
 2017-11-06 18:58:14 ProcedureAfterGetCardImpl::OnStart 146: done
 2017-11-06 18:58:14 CServerGameDesk::OnProcedureChanged 202: procedure change from 3 to 4
 2017-11-06 18:58:14 CServerGameDesk::OnBeforeProcedureStart 177: before procedure start, from 4 to 9
 2017-11-06 18:58:14 MsgDelegateWaitDiscard::OnSend 134: waiting on player 3 to discard, with candidates :12,12,19,19,21,22,23,23,24,25,26,27,28,13 !
 2017-11-06 18:58:14 CServerGameDesk::OnProcedureChanged 202: procedure change from 4 to 9
 2017-11-06 18:58:15 MsgDelegateWaitDiscard::OnResponse 206: player 3 tried to discard(valid:1, expected player:3)
 2017-11-06 18:58:15 MsgDelegateWaitDiscard::OnResponse 218: the card is 13
 2017-11-06 18:58:15 MsgDelegateWaitDiscard::OnDiscardCard 40: player 3 discard card 13(idx 13)
 2017-11-06 18:58:15 MsgDelegateDiscardResult::OnSend 49: player 3 discard 13 1
 2017-11-06 18:58:15 CServerGameDesk::OnBeforeProcedureStart 177: before procedure start, from 9 to 6
 2017-11-06 18:58:15 ProcedureInterceptCardImpl::OnStart 316: check interceptable card 13 from Player 3
 2017-11-06 18:58:15 ProcedureInterceptCardJumpDelegateImpl::JumpWhenNoAction 47:  active player changed 3 -> 0
 2017-11-06 18:58:15 CServerGameDesk::OnProcedureChanged 202: procedure change from 9 to 6
 2017-11-06 18:58:15 CServerGameDesk::OnBeforeProcedureStart 177: before procedure start, from 6 to 3
 2017-11-06 18:58:15 MsgDelegateDrawCard::OnSend 61: 0 draw card 24
 2017-11-06 18:58:15 CServerGameDesk::OnProcedureChanged 202: procedure change from 6 to 3
 2017-11-06 18:58:15 CServerGameDesk::OnBeforeProcedureStart 177: before procedure start, from 3 to 4
 2017-11-06 18:58:15 ProcedureAfterGetCardImpl::OnStart 132: Player 0 find action with hand 2,6,7,9,24 and interceptionList type:2 from:1 card:8 cards:8,8,8
type:2 from:1 card:17 cards:17,17,17
type:5 from:0 card:15 cards:15,15,15,15
 latest draw card 24
 2017-11-06 18:58:15 ProcedureAfterGetCardImpl::OnStart 146: done
 2017-11-06 18:58:15 CServerGameDesk::OnProcedureChanged 202: procedure change from 3 to 4
 2017-11-06 18:58:15 CServerGameDesk::OnBeforeProcedureStart 177: before procedure start, from 4 to 9
 2017-11-06 18:58:15 MsgDelegateWaitDiscard::OnSend 134: waiting on player 0 to discard, with candidates :24 !
 2017-11-06 18:58:15 CServerGameDesk::OnProcedureChanged 202: procedure change from 4 to 9
 2017-11-06 18:58:16 MsgDelegateWaitDiscard::OnResponse 206: player 0 tried to discard(valid:1, expected player:0)
 2017-11-06 18:58:16 MsgDelegateWaitDiscard::OnResponse 218: the card is 24
 2017-11-06 18:58:16 MsgDelegateWaitDiscard::OnDiscardCard 40: player 0 discard card 24(idx 4)
 2017-11-06 18:58:16 MsgDelegateDiscardResult::OnSend 49: player 0 discard 24 0
 2017-11-06 18:58:16 CServerGameDesk::OnBeforeProcedureStart 177: before procedure start, from 9 to 6
 2017-11-06 18:58:16 ProcedureInterceptCardImpl::OnStart 316: check interceptable card 24 from Player 0
 2017-11-06 18:58:16 ProcedureInterceptCardJumpDelegateImpl::JumpWhenNoAction 47:  active player changed 0 -> 3
 2017-11-06 18:58:16 CServerGameDesk::OnProcedureChanged 202: procedure change from 9 to 6
 2017-11-06 18:58:16 CServerGameDesk::OnBeforeProcedureStart 177: before procedure start, from 6 to 3
 2017-11-06 18:58:16 MsgDelegateDrawCard::OnSend 61: 3 draw card 19
 2017-11-06 18:58:16 CServerGameDesk::OnProcedureChanged 202: procedure change from 6 to 3
 2017-11-06 18:58:16 CServerGameDesk::OnBeforeProcedureStart 177: before procedure start, from 3 to 4
 2017-11-06 18:58:16 ProcedureAfterGetCardImpl::OnStart 132: Player 3 find action with hand 12,12,19,19,21,22,23,23,24,25,26,27,28,19 and interceptionList  latest draw card 19
 2017-11-06 18:58:16 ProcedureAfterGetCardImpl::OnStart 146: done
 2017-11-06 18:58:16 ProcedureAfterGetCardImpl::OnStart 156: Player 3 have actions type:16 from:3 card:19 cards:12,12,19,19,21,22,23,23,24,25,26,27,28,19

 2017-11-06 18:58:16 MsgDelegateInterception::OnSend 109: intercepted card : 19
 2017-11-06 18:58:16 MsgDelegateInterception::OnSend 110: player 3 have actions type:16 from:3 card:19 cards:12,12,19,19,21,22,23,23,24,25,26,27,28,19

 2017-11-06 18:58:16 CServerGameDesk::OnProcedureChanged 202: procedure change from 3 to 4
 2017-11-06 18:58:18 MsgDelegateInterception::Win 247: player 3 select 19
 2017-11-06 18:58:18 CServerGameDesk::OnBeforeProcedureStart 177: before procedure start, from 4 to 7
 2017-11-06 18:58:18 MsgDelegateInterceptionResult::OnSend 28: player 3 do with type 16
 2017-11-06 18:58:18 CServerGameDesk::OnProcedureChanged 202: procedure change from 4 to 7
 2017-11-06 18:58:18 CServerGameDesk::OnBeforeProcedureStart 177: before procedure start, from 7 to 11
 2017-11-06 18:58:18 CServerGameDesk::OnProcedureChanged 202: procedure change from 7 to 11
 2017-11-06 18:58:18 MsgDelegateLiquidation::DelaySendMsg 89: Player  has inner win type :0 
 2017-11-06 18:58:18 MsgDelegateLiquidation::DelaySendMsg 90: Player  has outter win type :150 
 2017-11-06 18:58:18 MsgDelegateLiquidation::DelaySendMsg 89: Player  has inner win type :0 14 
 2017-11-06 18:58:18 MsgDelegateLiquidation::DelaySendMsg 90: Player  has outter win type :150 169 
 2017-11-06 18:58:18 MsgDelegateLiquidation::DelaySendMsg 89: Player  has inner win type :0 14 
 2017-11-06 18:58:18 MsgDelegateLiquidation::DelaySendMsg 90: Player  has outter win type :150 169 
 2017-11-06 18:58:18 MsgDelegateLiquidation::DelaySendMsg 108: Liquidation
 2017-11-06 18:58:19 CServerGameDesk::OnBeforeProcedureStart 177: before procedure start, from 11 to 0
 2017-11-06 18:58:19 CServerGameDesk::OnProcedureChanged 202: procedure change from 11 to 0
 2017-11-06 18:58:19 CServerGameDesk::DoGameStatistic 993: Do Statistic
 2017-11-06 18:58:19 CServerGameDesk::DoGameStatistic 1010: >> zimo:0 jiepao:0 dianpao:0 totalScore-4
 2017-11-06 18:58:19 CServerGameDesk::DoGameStatistic 1068: << zimo:0 jiepao:0 dianpao:0 totalScore-4
 2017-11-06 18:58:19 CServerGameDesk::DoGameStatistic 1010: >> zimo:0 jiepao:0 dianpao:0 totalScore-1
 2017-11-06 18:58:19 CServerGameDesk::DoGameStatistic 1068: << zimo:0 jiepao:1 dianpao:0 totalScore-1
 2017-11-06 18:58:19 CServerGameDesk::DoGameStatistic 1010: >> zimo:0 jiepao:0 dianpao:0 totalScore6
 2017-11-06 18:58:19 CServerGameDesk::DoGameStatistic 1068: << zimo:1 jiepao:0 dianpao:0 totalScore6
 2017-11-06 18:58:19 CServerGameDesk::DoGameStatistic 1010: >> zimo:0 jiepao:0 dianpao:0 totalScore-1
 2017-11-06 18:58:19 CServerGameDesk::DoGameStatistic 1068: << zimo:1 jiepao:0 dianpao:1 totalScore-1
 2017-11-06 18:58:19 CServerGameDesk::GameClear 302: clean game





 2017-11-06 18:58:31 CServerGameDesk::GameBegin 416: Game Start (1/4)
 2017-11-06 18:58:31 CServerGameDesk::GameBegin 422: Player Phone13271(Phone13271) at position 0/0
 2017-11-06 18:58:31 CServerGameDesk::GameBegin 422: Player Phone11654(Phone11654) at position 1/1
 2017-11-06 18:58:31 CServerGameDesk::GameBegin 422: Player ¹þà¶ÎÖµÂ(Phone13115) at position 2/2
 2017-11-06 18:58:31 CServerGameDesk::GameBegin 422: Player yyyyyy(yyyyyy) at position 3/3
 2017-11-06 18:58:31 CServerGameDesk::OnBeforeProcedureStart 177: before procedure start, from 0 to 1
 2017-11-06 18:58:31 CServerGameDesk::OnProcedureChanged 202: procedure change from 0 to 1
 2017-11-06 18:58:31 MsgDelegateGameBegin::SendGameBegin 54: game begin
 2017-11-06 18:58:33 CServerGameDesk::OnBeforeProcedureStart 177: before procedure start, from 1 to 2
 2017-11-06 18:58:33 CServerGameDesk::OnProcedureChanged 202: procedure change from 1 to 2
 2017-11-06 18:58:35 MsgDelegateDistributeCard::OnSend 43: dispatch cards
 2017-11-06 18:58:38 CServerGameDesk::OnBeforeProcedureStart 177: before procedure start, from 2 to 101
 2017-11-06 18:58:38 MsgDelegateHuanZhang::SendQuestionToPlayer 150: question huan zhang
 2017-11-06 18:58:38 MsgDelegateHuanZhang::SendQuestionToPlayer 150: question huan zhang
 2017-11-06 18:58:38 MsgDelegateHuanZhang::SendQuestionToPlayer 150: question huan zhang
 2017-11-06 18:58:38 MsgDelegateHuanZhang::SendQuestionToPlayer 150: question huan zhang
 2017-11-06 18:58:38 CServerGameDesk::OnProcedureChanged 202: procedure change from 2 to 101
 2017-11-06 18:58:43 CServerGameDesk::SendScoreBoard 799: zimo:0 jiepao:0 dianpao:0 angang:0 minggang:1 money:-4
 2017-11-06 18:58:43 CServerGameDesk::SendScoreBoard 799: zimo:0 jiepao:1 dianpao:0 angang:0 minggang:0 money:-1
 2017-11-06 18:58:43 CServerGameDesk::SendScoreBoard 799: zimo:1 jiepao:0 dianpao:0 angang:0 minggang:0 money:6
 2017-11-06 18:58:43 CServerGameDesk::SendScoreBoard 799: zimo:1 jiepao:0 dianpao:1 angang:0 minggang:0 money:-1
 2017-11-06 18:58:43 CServerGameDesk::SendScoreBoard 804: Send Score Board
 2017-11-06 18:58:43 CServerGameDesk::GameClear 302: clean game





 2017-11-06 18:58:43 CServerGameDesk::GameReset 316: reset game
