 2017-12-15 00:08:28 CServerGameDesk::GameBegin 416: Game Start (0/4)
 2017-12-15 00:08:28 CServerGameDesk::GameBegin 422: Player 随心飞翔(Phone14732) at position 0/0
 2017-12-15 00:08:28 CServerGameDesk::GameBegin 422: Player 浪子回头(Phone15023) at position 1/1
 2017-12-15 00:08:28 CServerGameDesk::GameBegin 422: Player 人民公社(Phone15022) at position 2/2
 2017-12-15 00:08:28 CServerGameDesk::GameBegin 422: Player 哈哈哈14892(Phone14892) at position 3/3
 2017-12-15 00:08:28 CServerGameDesk::OnBeforeProcedureStart 177: before procedure start, from 0 to 1
 2017-12-15 00:08:28 CServerGameDesk::OnProcedureChanged 202: procedure change from 0 to 1
 2017-12-15 00:08:28 MsgDelegateGameBegin::SendGameBegin 54: game begin
 2017-12-15 00:08:30 CServerGameDesk::OnBeforeProcedureStart 177: before procedure start, from 1 to 2
 2017-12-15 00:08:30 CServerGameDesk::OnProcedureChanged 202: procedure change from 1 to 2
 2017-12-15 00:08:32 MsgDelegateDistributeCard::OnSend 43: dispatch cards
 2017-12-15 00:08:35 CServerGameDesk::OnBeforeProcedureStart 177: before procedure start, from 2 to 101
 2017-12-15 00:08:35 MsgDelegateHuanZhang::SendQuestionToPlayer 150: question huan zhang
 2017-12-15 00:08:35 MsgDelegateHuanZhang::SendQuestionToPlayer 150: question huan zhang
 2017-12-15 00:08:35 MsgDelegateHuanZhang::SendQuestionToPlayer 150: question huan zhang
 2017-12-15 00:08:35 MsgDelegateHuanZhang::SendQuestionToPlayer 150: question huan zhang
 2017-12-15 00:08:35 CServerGameDesk::OnProcedureChanged 202: procedure change from 2 to 101
 2017-12-15 00:09:16 CServerGameDesk::OnBeforeProcedureStart 177: before procedure start, from 101 to 100
 2017-12-15 00:09:16 MsgDelegateDingQue::OnSend 109: question ding que
 2017-12-15 00:09:16 MsgDelegateDingQue::OnSend 109: question ding que
 2017-12-15 00:09:16 MsgDelegateDingQue::OnSend 109: question ding que
 2017-12-15 00:09:16 MsgDelegateDingQue::OnSend 109: question ding que
 2017-12-15 00:09:16 CServerGameDesk::OnProcedureChanged 202: procedure change from 101 to 100
 2017-12-15 00:09:33 MsgDelegateDingQue::OnResponse 150: Player 1 select que men 1
 2017-12-15 00:09:55 CServerGameDesk::GameClear 302: clean game





 2017-12-15 00:09:55 CServerGameDesk::GameReset 316: reset game
