 2018-05-20 19:49:37 CServerGameDesk::GameBegin 427: Game Start (0/1)
 2018-05-20 19:49:37 CServerGameDesk::GameBegin 433: Player ¿÷ÃÏ(Phone21009) at position 0/0
 2018-05-20 19:49:37 CServerGameDesk::GameBegin 433: Player  Õ«‡¥∫°£***(Phone21050) at position 1/1
 2018-05-20 19:49:37 CServerGameDesk::GameBegin 433: Player ÃÏµ¿≥Í«⁄21011(Phone21011) at position 2/2
 2018-05-20 19:49:37 CServerGameDesk::GameBegin 433: Player ≥À∑Á∆∆¿À21006(Phone21006) at position 3/3
 2018-05-20 19:49:37 CServerGameDesk::OnBeforeProcedureStart 177: before procedure start, from 0 to 1
 2018-05-20 19:49:37 CServerGameDesk::OnProcedureChanged 202: procedure change from 0 to 1
 2018-05-20 19:49:37 MsgDelegateGameBegin::SendGameBegin 54: game begin
 2018-05-20 19:49:37 CServerGameDesk::OnBeforeProcedureStart 177: before procedure start, from 1 to 2
 2018-05-20 19:49:37 CServerGameDesk::OnProcedureChanged 202: procedure change from 1 to 2
 2018-05-20 19:49:38 MsgDelegateDistributeCard::OnSend 43: dispatch cards
 2018-05-20 19:49:38 CServerGameDesk::OnBeforeProcedureStart 177: before procedure start, from 2 to 101
 2018-05-20 19:49:38 MsgDelegateHuanZhang::SendQuestionToPlayer 150: question huan zhang
 2018-05-20 19:49:38 MsgDelegateHuanZhang::SendQuestionToPlayer 150: question huan zhang
 2018-05-20 19:49:38 MsgDelegateHuanZhang::SendQuestionToPlayer 150: question huan zhang
 2018-05-20 19:49:38 MsgDelegateHuanZhang::SendQuestionToPlayer 150: question huan zhang
 2018-05-20 19:49:38 CServerGameDesk::OnProcedureChanged 202: procedure change from 2 to 101
 2018-05-20 19:50:32 CServerGameDesk::OnBeforeProcedureStart 177: before procedure start, from 101 to 100
 2018-05-20 19:50:32 MsgDelegateDingQue::OnSend 109: question ding que
 2018-05-20 19:50:32 MsgDelegateDingQue::OnSend 109: question ding que
 2018-05-20 19:50:32 MsgDelegateDingQue::OnSend 109: question ding que
 2018-05-20 19:50:32 MsgDelegateDingQue::OnSend 109: question ding que
 2018-05-20 19:50:32 CServerGameDesk::OnProcedureChanged 202: procedure change from 101 to 100
 2018-05-20 19:50:46 MsgDelegateDingQue::OnResponse 150: Player 0 select que men 2
 2018-05-20 19:51:04 CServerGameDesk::GameClear 307: clean game





 2018-05-20 19:51:04 CServerGameDesk::GameReset 321: reset game
