 2018-05-11 15:43:56 CServerGameDesk::GameBegin 427: Game Start (0/1)
 2018-05-11 15:43:56 CServerGameDesk::GameBegin 433: Player œ„…Ω√¢π˚(Phone20582) at position 0/0
 2018-05-11 15:43:56 CServerGameDesk::GameBegin 433: Player ‘∆Ï‰≈Ø—Ù(Phone20583) at position 1/1
 2018-05-11 15:43:56 CServerGameDesk::GameBegin 433: Player ∞Ÿ’Ω¥´√Ω ’‘”Ë(Phone20581) at position 2/2
 2018-05-11 15:43:56 CServerGameDesk::GameBegin 433: Player Phone20023(Phone20023) at position 3/3
 2018-05-11 15:43:56 CServerGameDesk::OnBeforeProcedureStart 177: before procedure start, from 0 to 1
 2018-05-11 15:43:56 CServerGameDesk::OnProcedureChanged 202: procedure change from 0 to 1
 2018-05-11 15:43:56 MsgDelegateGameBegin::SendGameBegin 54: game begin
 2018-05-11 15:43:56 CServerGameDesk::OnBeforeProcedureStart 177: before procedure start, from 1 to 2
 2018-05-11 15:43:56 CServerGameDesk::OnProcedureChanged 202: procedure change from 1 to 2
 2018-05-11 15:43:57 MsgDelegateDistributeCard::OnSend 43: dispatch cards
 2018-05-11 15:43:57 CServerGameDesk::OnBeforeProcedureStart 177: before procedure start, from 2 to 101
 2018-05-11 15:43:57 MsgDelegateHuanZhang::SendQuestionToPlayer 150: question huan zhang
 2018-05-11 15:43:57 MsgDelegateHuanZhang::SendQuestionToPlayer 150: question huan zhang
 2018-05-11 15:43:57 MsgDelegateHuanZhang::SendQuestionToPlayer 150: question huan zhang
 2018-05-11 15:43:57 MsgDelegateHuanZhang::SendQuestionToPlayer 150: question huan zhang
 2018-05-11 15:43:57 CServerGameDesk::OnProcedureChanged 202: procedure change from 2 to 101
 2018-05-11 15:45:53 MsgDelegateWaitDiscard::OnResponse 206: player 1 tried to discard(valid:0, expected player:0)
 2018-05-11 15:46:58 MsgDelegateHuanZhang::SendQuestionToPlayer 150: question huan zhang
 2018-05-11 15:47:30 MsgDelegateWaitDiscard::OnResponse 206: player 1 tried to discard(valid:0, expected player:0)
 2018-05-11 15:48:17 MsgDelegateHuanZhang::SendQuestionToPlayer 150: question huan zhang
 2018-05-11 15:49:13 CServerGameDesk::OnBeforeProcedureStart 177: before procedure start, from 101 to 100
 2018-05-11 15:49:13 MsgDelegateDingQue::OnSend 109: question ding que
 2018-05-11 15:49:13 MsgDelegateDingQue::OnSend 109: question ding que
 2018-05-11 15:49:13 MsgDelegateDingQue::OnSend 109: question ding que
 2018-05-11 15:49:13 MsgDelegateDingQue::OnSend 109: question ding que
 2018-05-11 15:49:13 CServerGameDesk::OnProcedureChanged 202: procedure change from 101 to 100
 2018-05-11 15:49:23 MsgDelegateDingQue::OnResponse 150: Player 0 select que men 0
 2018-05-11 15:49:24 MsgDelegateDingQue::OnResponse 150: Player 3 select que men 0
 2018-05-11 15:49:29 MsgDelegateDingQue::OnResponse 150: Player 1 select que men 1
 2018-05-11 15:50:51 CServerGameDesk::GameClear 307: clean game





 2018-05-11 15:50:51 CServerGameDesk::GameReset 321: reset game
