[2018-01-02 16:10:20] 掷2颗色子确定起牌方向： byGetPaiDir=2-cc11111, 2 3
[2018-01-02 16:10:23] 掷2颗色子确定起牌敦数事件: 2 6 8
[2018-01-02 16:10:28] 玩家0-cc111111的门牌： 
[2018-01-02 16:10:28]   门牌1=255
[2018-01-02 16:10:28]   门牌2=255
[2018-01-02 16:10:28]   门牌3=255
[2018-01-02 16:10:28]   门牌4=255
[2018-01-02 16:10:28]   门牌5=255
[2018-01-02 16:10:28]   门牌6=255
[2018-01-02 16:10:28]   门牌7=255
[2018-01-02 16:10:28]   门牌8=255
[2018-01-02 16:10:28]   门牌9=255
[2018-01-02 16:10:28]   门牌10=255
[2018-01-02 16:10:28]   门牌11=255
[2018-01-02 16:10:28]   门牌12=255
[2018-01-02 16:10:28]   门牌13=255
[2018-01-02 16:10:28]   门牌14=0
[2018-01-02 16:10:28]   门牌15=0
[2018-01-02 16:10:28]   门牌16=0
[2018-01-02 16:10:28]   门牌17=0
[2018-01-02 16:10:28]   门牌18=0
[2018-01-02 16:10:28]   门牌19=0
[2018-01-02 16:10:28]   门牌20=0
[2018-01-02 16:10:28]   门牌21=0
[2018-01-02 16:10:28]   门牌22=0
[2018-01-02 16:10:28]   门牌23=0
[2018-01-02 16:10:28]   门牌24=0
[2018-01-02 16:10:28]   门牌25=0
[2018-01-02 16:10:28]   门牌26=0
[2018-01-02 16:10:28]   门牌27=0
[2018-01-02 16:10:28]   门牌28=0
[2018-01-02 16:10:28] 玩家1-cc1111的门牌： 
[2018-01-02 16:10:28]   门牌1=0
[2018-01-02 16:10:28]   门牌2=0
[2018-01-02 16:10:28]   门牌3=0
[2018-01-02 16:10:28]   门牌4=0
[2018-01-02 16:10:28]   门牌5=0
[2018-01-02 16:10:28]   门牌6=0
[2018-01-02 16:10:28]   门牌7=0
[2018-01-02 16:10:28]   门牌8=0
[2018-01-02 16:10:28]   门牌9=0
[2018-01-02 16:10:28]   门牌10=0
[2018-01-02 16:10:28]   门牌11=0
[2018-01-02 16:10:28]   门牌12=0
[2018-01-02 16:10:28]   门牌13=0
[2018-01-02 16:10:28]   门牌14=0
[2018-01-02 16:10:28]   门牌15=0
[2018-01-02 16:10:28]   门牌16=0
[2018-01-02 16:10:28]   门牌17=0
[2018-01-02 16:10:28]   门牌18=0
[2018-01-02 16:10:28]   门牌19=0
[2018-01-02 16:10:28]   门牌20=0
[2018-01-02 16:10:28]   门牌21=0
[2018-01-02 16:10:28]   门牌22=0
[2018-01-02 16:10:28]   门牌23=0
[2018-01-02 16:10:28]   门牌24=0
[2018-01-02 16:10:28]   门牌25=0
[2018-01-02 16:10:28]   门牌26=0
[2018-01-02 16:10:28]   门牌27=255
[2018-01-02 16:10:28]   门牌28=255
[2018-01-02 16:10:28] 玩家2-cc11111的门牌： 
[2018-01-02 16:10:28]   门牌1=0
[2018-01-02 16:10:28]   门牌2=0
[2018-01-02 16:10:28]   门牌3=0
[2018-01-02 16:10:28]   门牌4=0
[2018-01-02 16:10:28]   门牌5=0
[2018-01-02 16:10:28]   门牌6=0
[2018-01-02 16:10:28]   门牌7=0
[2018-01-02 16:10:28]   门牌8=0
[2018-01-02 16:10:28]   门牌9=0
[2018-01-02 16:10:28]   门牌10=0
[2018-01-02 16:10:28]   门牌11=0
[2018-01-02 16:10:28]   门牌12=0
[2018-01-02 16:10:28]   门牌13=255
[2018-01-02 16:10:28]   门牌14=255
[2018-01-02 16:10:28]   门牌15=255
[2018-01-02 16:10:28]   门牌16=255
[2018-01-02 16:10:28]   门牌17=255
[2018-01-02 16:10:28]   门牌18=255
[2018-01-02 16:10:28]   门牌19=255
[2018-01-02 16:10:28]   门牌20=255
[2018-01-02 16:10:28]   门牌21=255
[2018-01-02 16:10:28]   门牌22=255
[2018-01-02 16:10:28]   门牌23=255
[2018-01-02 16:10:28]   门牌24=255
[2018-01-02 16:10:28]   门牌25=255
[2018-01-02 16:10:28]   门牌26=255
[2018-01-02 16:10:28]   门牌27=255
[2018-01-02 16:10:28]   门牌28=255
[2018-01-02 16:10:28] 玩家3-cc1111111的门牌： 
[2018-01-02 16:10:28]   门牌1=255
[2018-01-02 16:10:28]   门牌2=255
[2018-01-02 16:10:28]   门牌3=255
[2018-01-02 16:10:28]   门牌4=255
[2018-01-02 16:10:28]   门牌5=255
[2018-01-02 16:10:28]   门牌6=255
[2018-01-02 16:10:28]   门牌7=255
[2018-01-02 16:10:28]   门牌8=255
[2018-01-02 16:10:28]   门牌9=255
[2018-01-02 16:10:28]   门牌10=255
[2018-01-02 16:10:28]   门牌11=255
[2018-01-02 16:10:28]   门牌12=255
[2018-01-02 16:10:28]   门牌13=255
[2018-01-02 16:10:28]   门牌14=255
[2018-01-02 16:10:28]   门牌15=255
[2018-01-02 16:10:28]   门牌16=255
[2018-01-02 16:10:28]   门牌17=255
[2018-01-02 16:10:28]   门牌18=255
[2018-01-02 16:10:28]   门牌19=255
[2018-01-02 16:10:28]   门牌20=255
[2018-01-02 16:10:28]   门牌21=255
[2018-01-02 16:10:28]   门牌22=255
[2018-01-02 16:10:28]   门牌23=255
[2018-01-02 16:10:28]   门牌24=255
[2018-01-02 16:10:28]   门牌25=255
[2018-01-02 16:10:28]   门牌26=255
[2018-01-02 16:10:28]   门牌27=255
[2018-01-02 16:10:28]   门牌28=255
[2018-01-02 16:11:18] 解散房间 VIP=1
[2018-01-02 16:11:18] 发送大结算
