[2017-11-28 10:57:13] 掷2颗色子确定起牌方向： byGetPaiDir=2-hjh7, 2 1
[2017-11-28 10:57:16] 掷2颗色子确定起牌敦数事件: 6 6 12
[2017-11-28 10:57:21] 玩家0-Phone10564的门牌： 
[2017-11-28 10:57:21]   门牌1=255
[2017-11-28 10:57:21]   门牌2=255
[2017-11-28 10:57:21]   门牌3=255
[2017-11-28 10:57:21]   门牌4=255
[2017-11-28 10:57:21]   门牌5=255
[2017-11-28 10:57:21]   门牌6=255
[2017-11-28 10:57:21]   门牌7=255
[2017-11-28 10:57:21]   门牌8=255
[2017-11-28 10:57:21]   门牌9=255
[2017-11-28 10:57:21]   门牌10=255
[2017-11-28 10:57:21]   门牌11=255
[2017-11-28 10:57:21]   门牌12=255
[2017-11-28 10:57:21]   门牌13=255
[2017-11-28 10:57:21]   门牌14=255
[2017-11-28 10:57:21]   门牌15=255
[2017-11-28 10:57:21]   门牌16=255
[2017-11-28 10:57:21]   门牌17=255
[2017-11-28 10:57:21]   门牌18=255
[2017-11-28 10:57:21]   门牌19=255
[2017-11-28 10:57:21]   门牌20=255
[2017-11-28 10:57:21]   门牌21=255
[2017-11-28 10:57:21]   门牌22=0
[2017-11-28 10:57:21]   门牌23=0
[2017-11-28 10:57:21]   门牌24=0
[2017-11-28 10:57:21]   门牌25=0
[2017-11-28 10:57:21]   门牌26=0
[2017-11-28 10:57:21]   门牌27=0
[2017-11-28 10:57:21]   门牌28=0
[2017-11-28 10:57:21] 玩家1-hjh8的门牌： 
[2017-11-28 10:57:21]   门牌1=0
[2017-11-28 10:57:21]   门牌2=0
[2017-11-28 10:57:21]   门牌3=0
[2017-11-28 10:57:21]   门牌4=0
[2017-11-28 10:57:21]   门牌5=0
[2017-11-28 10:57:21]   门牌6=0
[2017-11-28 10:57:21]   门牌7=0
[2017-11-28 10:57:21]   门牌8=0
[2017-11-28 10:57:21]   门牌9=0
[2017-11-28 10:57:21]   门牌10=0
[2017-11-28 10:57:21]   门牌11=0
[2017-11-28 10:57:21]   门牌12=0
[2017-11-28 10:57:21]   门牌13=0
[2017-11-28 10:57:21]   门牌14=0
[2017-11-28 10:57:21]   门牌15=0
[2017-11-28 10:57:21]   门牌16=0
[2017-11-28 10:57:21]   门牌17=0
[2017-11-28 10:57:21]   门牌18=0
[2017-11-28 10:57:21]   门牌19=0
[2017-11-28 10:57:21]   门牌20=0
[2017-11-28 10:57:21]   门牌21=0
[2017-11-28 10:57:21]   门牌22=0
[2017-11-28 10:57:21]   门牌23=0
[2017-11-28 10:57:21]   门牌24=0
[2017-11-28 10:57:21]   门牌25=0
[2017-11-28 10:57:21]   门牌26=0
[2017-11-28 10:57:21]   门牌27=255
[2017-11-28 10:57:21]   门牌28=255
[2017-11-28 10:57:21] 玩家2-hjh7的门牌： 
[2017-11-28 10:57:21]   门牌1=0
[2017-11-28 10:57:21]   门牌2=0
[2017-11-28 10:57:21]   门牌3=0
[2017-11-28 10:57:21]   门牌4=0
[2017-11-28 10:57:21]   门牌5=0
[2017-11-28 10:57:21]   门牌6=0
[2017-11-28 10:57:21]   门牌7=0
[2017-11-28 10:57:21]   门牌8=0
[2017-11-28 10:57:21]   门牌9=0
[2017-11-28 10:57:21]   门牌10=0
[2017-11-28 10:57:21]   门牌11=0
[2017-11-28 10:57:21]   门牌12=0
[2017-11-28 10:57:21]   门牌13=0
[2017-11-28 10:57:21]   门牌14=0
[2017-11-28 10:57:21]   门牌15=0
[2017-11-28 10:57:21]   门牌16=0
[2017-11-28 10:57:21]   门牌17=0
[2017-11-28 10:57:21]   门牌18=0
[2017-11-28 10:57:21]   门牌19=0
[2017-11-28 10:57:21]   门牌20=0
[2017-11-28 10:57:21]   门牌21=255
[2017-11-28 10:57:21]   门牌22=255
[2017-11-28 10:57:21]   门牌23=255
[2017-11-28 10:57:21]   门牌24=255
[2017-11-28 10:57:21]   门牌25=255
[2017-11-28 10:57:21]   门牌26=255
[2017-11-28 10:57:21]   门牌27=255
[2017-11-28 10:57:21]   门牌28=255
[2017-11-28 10:57:21] 玩家3-hjh6的门牌： 
[2017-11-28 10:57:21]   门牌1=255
[2017-11-28 10:57:21]   门牌2=255
[2017-11-28 10:57:21]   门牌3=255
[2017-11-28 10:57:21]   门牌4=255
[2017-11-28 10:57:21]   门牌5=255
[2017-11-28 10:57:21]   门牌6=255
[2017-11-28 10:57:21]   门牌7=255
[2017-11-28 10:57:21]   门牌8=255
[2017-11-28 10:57:21]   门牌9=255
[2017-11-28 10:57:21]   门牌10=255
[2017-11-28 10:57:21]   门牌11=255
[2017-11-28 10:57:21]   门牌12=255
[2017-11-28 10:57:21]   门牌13=255
[2017-11-28 10:57:21]   门牌14=255
[2017-11-28 10:57:21]   门牌15=255
[2017-11-28 10:57:21]   门牌16=255
[2017-11-28 10:57:21]   门牌17=255
[2017-11-28 10:57:21]   门牌18=255
[2017-11-28 10:57:21]   门牌19=255
[2017-11-28 10:57:21]   门牌20=255
[2017-11-28 10:57:21]   门牌21=255
[2017-11-28 10:57:21]   门牌22=255
[2017-11-28 10:57:21]   门牌23=255
[2017-11-28 10:57:21]   门牌24=255
[2017-11-28 10:57:21]   门牌25=255
[2017-11-28 10:57:21]   门牌26=255
[2017-11-28 10:57:21]   门牌27=255
[2017-11-28 10:57:21]   门牌28=255
[2017-11-28 11:17:23] 解散房间 VIP=1
[2017-11-28 11:17:23] 发送大结算
