[2018-06-05 17:01:54] 掷2颗色子确定起牌方向： byGetPaiDir=1-改变, 5 2
[2018-06-05 17:01:57] 掷2颗色子确定起牌敦数事件: 1 2 3
[2018-06-05 17:02:02] 玩家0-陈家大小姐的门牌： 
[2018-06-05 17:02:02]   门牌1=0
[2018-06-05 17:02:02]   门牌2=0
[2018-06-05 17:02:02]   门牌3=0
[2018-06-05 17:02:02]   门牌4=0
[2018-06-05 17:02:02]   门牌5=0
[2018-06-05 17:02:02]   门牌6=0
[2018-06-05 17:02:02]   门牌7=0
[2018-06-05 17:02:02]   门牌8=0
[2018-06-05 17:02:02]   门牌9=0
[2018-06-05 17:02:02]   门牌10=0
[2018-06-05 17:02:02]   门牌11=0
[2018-06-05 17:02:02]   门牌12=0
[2018-06-05 17:02:02]   门牌13=0
[2018-06-05 17:02:02]   门牌14=0
[2018-06-05 17:02:02]   门牌15=0
[2018-06-05 17:02:02]   门牌16=0
[2018-06-05 17:02:02]   门牌17=0
[2018-06-05 17:02:02]   门牌18=0
[2018-06-05 17:02:02]   门牌19=0
[2018-06-05 17:02:02]   门牌20=0
[2018-06-05 17:02:02]   门牌21=0
[2018-06-05 17:02:02]   门牌22=0
[2018-06-05 17:02:02]   门牌23=0
[2018-06-05 17:02:02]   门牌24=0
[2018-06-05 17:02:02]   门牌25=0
[2018-06-05 17:02:02]   门牌26=0
[2018-06-05 17:02:02]   门牌27=0
[2018-06-05 17:02:02]   门牌28=0
[2018-06-05 17:02:02] 玩家1-改变的门牌： 
[2018-06-05 17:02:02]   门牌1=0
[2018-06-05 17:02:02]   门牌2=0
[2018-06-05 17:02:02]   门牌3=0
[2018-06-05 17:02:02]   门牌4=0
[2018-06-05 17:02:02]   门牌5=255
[2018-06-05 17:02:02]   门牌6=255
[2018-06-05 17:02:02]   门牌7=255
[2018-06-05 17:02:02]   门牌8=255
[2018-06-05 17:02:02]   门牌9=255
[2018-06-05 17:02:02]   门牌10=255
[2018-06-05 17:02:02]   门牌11=255
[2018-06-05 17:02:02]   门牌12=255
[2018-06-05 17:02:02]   门牌13=255
[2018-06-05 17:02:02]   门牌14=255
[2018-06-05 17:02:02]   门牌15=255
[2018-06-05 17:02:02]   门牌16=255
[2018-06-05 17:02:02]   门牌17=255
[2018-06-05 17:02:02]   门牌18=255
[2018-06-05 17:02:02]   门牌19=255
[2018-06-05 17:02:02]   门牌20=255
[2018-06-05 17:02:02]   门牌21=255
[2018-06-05 17:02:02]   门牌22=255
[2018-06-05 17:02:02]   门牌23=255
[2018-06-05 17:02:02]   门牌24=255
[2018-06-05 17:02:02]   门牌25=255
[2018-06-05 17:02:02]   门牌26=255
[2018-06-05 17:02:02]   门牌27=255
[2018-06-05 17:02:02]   门牌28=255
[2018-06-05 17:02:02] 玩家2-Phone20374的门牌： 
[2018-06-05 17:02:02]   门牌1=255
[2018-06-05 17:02:02]   门牌2=255
[2018-06-05 17:02:02]   门牌3=255
[2018-06-05 17:02:02]   门牌4=255
[2018-06-05 17:02:02]   门牌5=255
[2018-06-05 17:02:02]   门牌6=255
[2018-06-05 17:02:02]   门牌7=255
[2018-06-05 17:02:02]   门牌8=255
[2018-06-05 17:02:02]   门牌9=255
[2018-06-05 17:02:02]   门牌10=255
[2018-06-05 17:02:02]   门牌11=255
[2018-06-05 17:02:02]   门牌12=255
[2018-06-05 17:02:02]   门牌13=255
[2018-06-05 17:02:02]   门牌14=255
[2018-06-05 17:02:02]   门牌15=255
[2018-06-05 17:02:02]   门牌16=255
[2018-06-05 17:02:02]   门牌17=255
[2018-06-05 17:02:02]   门牌18=255
[2018-06-05 17:02:02]   门牌19=255
[2018-06-05 17:02:02]   门牌20=255
[2018-06-05 17:02:02]   门牌21=255
[2018-06-05 17:02:02]   门牌22=255
[2018-06-05 17:02:02]   门牌23=255
[2018-06-05 17:02:02]   门牌24=255
[2018-06-05 17:02:02]   门牌25=255
[2018-06-05 17:02:02]   门牌26=255
[2018-06-05 17:02:02]   门牌27=255
[2018-06-05 17:02:02]   门牌28=255
[2018-06-05 17:02:02] 玩家3-Phone19048的门牌： 
[2018-06-05 17:02:02]   门牌1=255
[2018-06-05 17:02:02]   门牌2=0
[2018-06-05 17:02:02]   门牌3=0
[2018-06-05 17:02:02]   门牌4=0
[2018-06-05 17:02:02]   门牌5=0
[2018-06-05 17:02:02]   门牌6=0
[2018-06-05 17:02:02]   门牌7=0
[2018-06-05 17:02:02]   门牌8=0
[2018-06-05 17:02:02]   门牌9=0
[2018-06-05 17:02:02]   门牌10=0
[2018-06-05 17:02:02]   门牌11=0
[2018-06-05 17:02:02]   门牌12=0
[2018-06-05 17:02:02]   门牌13=0
[2018-06-05 17:02:02]   门牌14=0
[2018-06-05 17:02:02]   门牌15=0
[2018-06-05 17:02:02]   门牌16=0
[2018-06-05 17:02:02]   门牌17=0
[2018-06-05 17:02:02]   门牌18=0
[2018-06-05 17:02:02]   门牌19=0
[2018-06-05 17:02:02]   门牌20=0
[2018-06-05 17:02:02]   门牌21=0
[2018-06-05 17:02:02]   门牌22=0
[2018-06-05 17:02:02]   门牌23=0
[2018-06-05 17:02:02]   门牌24=0
[2018-06-05 17:02:02]   门牌25=255
[2018-06-05 17:02:02]   门牌26=255
[2018-06-05 17:02:02]   门牌27=255
[2018-06-05 17:02:02]   门牌28=255
[2018-06-05 17:04:47] 掷2颗色子确定起牌方向： byGetPaiDir=0-陈家大小姐, 6 4
[2018-06-05 17:04:50] 掷2颗色子确定起牌敦数事件: 3 3 6
[2018-06-05 17:04:55] 玩家0-陈家大小姐的门牌： 
[2018-06-05 17:04:55]   门牌1=0
[2018-06-05 17:04:55]   门牌2=0
[2018-06-05 17:04:55]   门牌3=0
[2018-06-05 17:04:55]   门牌4=0
[2018-06-05 17:04:55]   门牌5=0
[2018-06-05 17:04:55]   门牌6=0
[2018-06-05 17:04:55]   门牌7=0
[2018-06-05 17:04:55]   门牌8=0
[2018-06-05 17:04:55]   门牌9=0
[2018-06-05 17:04:55]   门牌10=0
[2018-06-05 17:04:55]   门牌11=0
[2018-06-05 17:04:55]   门牌12=0
[2018-06-05 17:04:55]   门牌13=255
[2018-06-05 17:04:55]   门牌14=255
[2018-06-05 17:04:55]   门牌15=255
[2018-06-05 17:04:55]   门牌16=255
[2018-06-05 17:04:55]   门牌17=255
[2018-06-05 17:04:55]   门牌18=255
[2018-06-05 17:04:55]   门牌19=255
[2018-06-05 17:04:55]   门牌20=255
[2018-06-05 17:04:55]   门牌21=255
[2018-06-05 17:04:55]   门牌22=255
[2018-06-05 17:04:55]   门牌23=255
[2018-06-05 17:04:55]   门牌24=255
[2018-06-05 17:04:55]   门牌25=255
[2018-06-05 17:04:55]   门牌26=255
[2018-06-05 17:04:55]   门牌27=255
[2018-06-05 17:04:55]   门牌28=255
[2018-06-05 17:04:55] 玩家1-改变的门牌： 
[2018-06-05 17:04:55]   门牌1=255
[2018-06-05 17:04:55]   门牌2=255
[2018-06-05 17:04:55]   门牌3=255
[2018-06-05 17:04:55]   门牌4=255
[2018-06-05 17:04:55]   门牌5=255
[2018-06-05 17:04:55]   门牌6=255
[2018-06-05 17:04:55]   门牌7=255
[2018-06-05 17:04:55]   门牌8=255
[2018-06-05 17:04:55]   门牌9=255
[2018-06-05 17:04:55]   门牌10=255
[2018-06-05 17:04:55]   门牌11=255
[2018-06-05 17:04:55]   门牌12=255
[2018-06-05 17:04:55]   门牌13=255
[2018-06-05 17:04:55]   门牌14=255
[2018-06-05 17:04:55]   门牌15=255
[2018-06-05 17:04:55]   门牌16=255
[2018-06-05 17:04:55]   门牌17=255
[2018-06-05 17:04:55]   门牌18=255
[2018-06-05 17:04:55]   门牌19=255
[2018-06-05 17:04:55]   门牌20=255
[2018-06-05 17:04:55]   门牌21=255
[2018-06-05 17:04:55]   门牌22=255
[2018-06-05 17:04:55]   门牌23=255
[2018-06-05 17:04:55]   门牌24=255
[2018-06-05 17:04:55]   门牌25=255
[2018-06-05 17:04:55]   门牌26=255
[2018-06-05 17:04:55]   门牌27=255
[2018-06-05 17:04:55]   门牌28=255
[2018-06-05 17:04:55] 玩家2-Phone20374的门牌： 
[2018-06-05 17:04:55]   门牌1=255
[2018-06-05 17:04:55]   门牌2=255
[2018-06-05 17:04:55]   门牌3=255
[2018-06-05 17:04:55]   门牌4=255
[2018-06-05 17:04:55]   门牌5=255
[2018-06-05 17:04:55]   门牌6=255
[2018-06-05 17:04:55]   门牌7=255
[2018-06-05 17:04:55]   门牌8=255
[2018-06-05 17:04:55]   门牌9=255
[2018-06-05 17:04:55]   门牌10=0
[2018-06-05 17:04:55]   门牌11=0
[2018-06-05 17:04:55]   门牌12=0
[2018-06-05 17:04:55]   门牌13=0
[2018-06-05 17:04:55]   门牌14=0
[2018-06-05 17:04:55]   门牌15=0
[2018-06-05 17:04:55]   门牌16=0
[2018-06-05 17:04:55]   门牌17=0
[2018-06-05 17:04:55]   门牌18=0
[2018-06-05 17:04:55]   门牌19=0
[2018-06-05 17:04:55]   门牌20=0
[2018-06-05 17:04:55]   门牌21=0
[2018-06-05 17:04:55]   门牌22=0
[2018-06-05 17:04:55]   门牌23=0
[2018-06-05 17:04:55]   门牌24=0
[2018-06-05 17:04:55]   门牌25=0
[2018-06-05 17:04:55]   门牌26=0
[2018-06-05 17:04:55]   门牌27=0
[2018-06-05 17:04:55]   门牌28=0
[2018-06-05 17:04:55] 玩家3-Phone19048的门牌： 
[2018-06-05 17:04:55]   门牌1=0
[2018-06-05 17:04:55]   门牌2=0
[2018-06-05 17:04:55]   门牌3=0
[2018-06-05 17:04:55]   门牌4=0
[2018-06-05 17:04:55]   门牌5=0
[2018-06-05 17:04:55]   门牌6=0
[2018-06-05 17:04:55]   门牌7=0
[2018-06-05 17:04:55]   门牌8=0
[2018-06-05 17:04:55]   门牌9=0
[2018-06-05 17:04:55]   门牌10=0
[2018-06-05 17:04:55]   门牌11=0
[2018-06-05 17:04:55]   门牌12=0
[2018-06-05 17:04:55]   门牌13=0
[2018-06-05 17:04:55]   门牌14=0
[2018-06-05 17:04:55]   门牌15=0
[2018-06-05 17:04:55]   门牌16=0
[2018-06-05 17:04:55]   门牌17=0
[2018-06-05 17:04:55]   门牌18=0
[2018-06-05 17:04:55]   门牌19=0
[2018-06-05 17:04:55]   门牌20=0
[2018-06-05 17:04:55]   门牌21=0
[2018-06-05 17:04:55]   门牌22=0
[2018-06-05 17:04:55]   门牌23=0
[2018-06-05 17:04:55]   门牌24=0
[2018-06-05 17:04:55]   门牌25=255
[2018-06-05 17:04:55]   门牌26=255
[2018-06-05 17:04:55]   门牌27=255
[2018-06-05 17:04:55]   门牌28=255
