[14:34:8] *****************游戏开始***************
[14:34:8] broad >>>>>>>>>>>>>>>>>>>>>>>>>>>>>>> message 51 size 3
[14:34:8] send >>>>>>>>>>>>>>>>>>>>>>>>>>>>>>> 0 message 63 size 74
[14:34:8] send >>>>>>>>>>>>>>>>>>>>>>>>>>>>>>> 1 message 63 size 74
[14:34:8] send >>>>>>>>>>>>>>>>>>>>>>>>>>>>>>> 2 message 63 size 74
[14:34:8] send >>>>>>>>>>>>>>>>>>>>>>>>>>>>>>> 0 message 52 size 72
[14:34:8] send >>>>>>>>>>>>>>>>>>>>>>>>>>>>>>> 1 message 52 size 72
[14:34:8] send >>>>>>>>>>>>>>>>>>>>>>>>>>>>>>> 2 message 52 size 72
[14:34:8] send >>>>>>>>>>>>>>>>>>>>>>>>>>>>>>> 0 message 60 size 1
[14:34:8] send >>>>>>>>>>>>>>>>>>>>>>>>>>>>>>> 1 message 60 size 1
[14:34:8] send >>>>>>>>>>>>>>>>>>>>>>>>>>>>>>> 2 message 60 size 1
[14:34:13] broad >>>>>>>>>>>>>>>>>>>>>>>>>>>>>>> message 55 size 5
[14:34:15] recv  56 <<<<<<<<<<<<<<<<<<<<<<<<<<<<<<< 2
[14:34:15] broad >>>>>>>>>>>>>>>>>>>>>>>>>>>>>>> message 56 size 5
[14:34:15] broad >>>>>>>>>>>>>>>>>>>>>>>>>>>>>>> message 55 size 5
[14:34:20] recv  56 <<<<<<<<<<<<<<<<<<<<<<<<<<<<<<< 1
[14:34:20] broad >>>>>>>>>>>>>>>>>>>>>>>>>>>>>>> message 56 size 5
[14:34:20] broad >>>>>>>>>>>>>>>>>>>>>>>>>>>>>>> message 55 size 5
[14:34:24] recv  56 <<<<<<<<<<<<<<<<<<<<<<<<<<<<<<< 0
[14:34:24] broad >>>>>>>>>>>>>>>>>>>>>>>>>>>>>>> message 56 size 5
[14:34:24] *****************游戏开始***************
[14:34:24] broad >>>>>>>>>>>>>>>>>>>>>>>>>>>>>>> message 51 size 3
[14:34:24] send >>>>>>>>>>>>>>>>>>>>>>>>>>>>>>> 0 message 63 size 74
[14:34:24] send >>>>>>>>>>>>>>>>>>>>>>>>>>>>>>> 1 message 63 size 74
[14:34:24] send >>>>>>>>>>>>>>>>>>>>>>>>>>>>>>> 2 message 63 size 74
[14:34:24] send >>>>>>>>>>>>>>>>>>>>>>>>>>>>>>> 0 message 52 size 72
[14:34:24] send >>>>>>>>>>>>>>>>>>>>>>>>>>>>>>> 1 message 52 size 72
[14:34:24] send >>>>>>>>>>>>>>>>>>>>>>>>>>>>>>> 2 message 52 size 72
[14:34:24] send >>>>>>>>>>>>>>>>>>>>>>>>>>>>>>> 0 message 60 size 1
[14:34:24] send >>>>>>>>>>>>>>>>>>>>>>>>>>>>>>> 1 message 60 size 1
[14:34:24] send >>>>>>>>>>>>>>>>>>>>>>>>>>>>>>> 2 message 60 size 1
[14:34:24] recv  56 <<<<<<<<<<<<<<<<<<<<<<<<<<<<<<< 0
[14:34:29] broad >>>>>>>>>>>>>>>>>>>>>>>>>>>>>>> message 55 size 5
[14:34:39] recv  56 <<<<<<<<<<<<<<<<<<<<<<<<<<<<<<< 1
[14:34:39] broad >>>>>>>>>>>>>>>>>>>>>>>>>>>>>>> message 56 size 5
[14:34:39] broad >>>>>>>>>>>>>>>>>>>>>>>>>>>>>>> message 55 size 5
[14:34:40] recv  56 <<<<<<<<<<<<<<<<<<<<<<<<<<<<<<< 0
[14:34:40] broad >>>>>>>>>>>>>>>>>>>>>>>>>>>>>>> message 56 size 5
[14:34:40] broad >>>>>>>>>>>>>>>>>>>>>>>>>>>>>>> message 55 size 5
[14:34:43] recv  56 <<<<<<<<<<<<<<<<<<<<<<<<<<<<<<< 2
[14:34:43] broad >>>>>>>>>>>>>>>>>>>>>>>>>>>>>>> message 56 size 5
[14:34:43] broad >>>>>>>>>>>>>>>>>>>>>>>>>>>>>>> message 76 size 12
[14:34:44] send >>>>>>>>>>>>>>>>>>>>>>>>>>>>>>> 0 message 63 size 74
[14:34:44] send >>>>>>>>>>>>>>>>>>>>>>>>>>>>>>> 1 message 63 size 74
[14:34:44] send >>>>>>>>>>>>>>>>>>>>>>>>>>>>>>> 2 message 63 size 74
[14:34:44] send >>>>>>>>>>>>>>>>>>>>>>>>>>>>>>> 0 message 57 size 80
[14:34:44] send >>>>>>>>>>>>>>>>>>>>>>>>>>>>>>> 1 message 57 size 80
[14:34:44] send >>>>>>>>>>>>>>>>>>>>>>>>>>>>>>> 2 message 57 size 80
[14:34:44] broad >>>>>>>>>>>>>>>>>>>>>>>>>>>>>>> message 76 size 12
[14:34:44] send >>>>>>>>>>>>>>>>>>>>>>>>>>>>>>> 0 message 58 size 1
[14:34:44] send >>>>>>>>>>>>>>>>>>>>>>>>>>>>>>> 1 message 58 size 1
[14:34:44] send >>>>>>>>>>>>>>>>>>>>>>>>>>>>>>> 2 message 58 size 1
[14:34:50] recv  59 <<<<<<<<<<<<<<<<<<<<<<<<<<<<<<< 2
[14:34:50] broad >>>>>>>>>>>>>>>>>>>>>>>>>>>>>>> message 59 size 5
[14:34:50] broad >>>>>>>>>>>>>>>>>>>>>>>>>>>>>>> message 76 size 12
[14:34:54] broad >>>>>>>>>>>>>>>>>>>>>>>>>>>>>>> message 59 size 5
[14:34:54] broad >>>>>>>>>>>>>>>>>>>>>>>>>>>>>>> message 76 size 12
[14:34:54] broad >>>>>>>>>>>>>>>>>>>>>>>>>>>>>>> message 59 size 5
[14:34:54] broad >>>>>>>>>>>>>>>>>>>>>>>>>>>>>>> message 76 size 12
[14:34:54] broad >>>>>>>>>>>>>>>>>>>>>>>>>>>>>>> message 60 size 1
[14:35:4] recv  61 <<<<<<<<<<<<<<<<<<<<<<<<<<<<<<< 2
[14:35:4] broad >>>>>>>>>>>>>>>>>>>>>>>>>>>>>>> message 62 size 29
[14:35:4] broad >>>>>>>>>>>>>>>>>>>>>>>>>>>>>>> message 76 size 12
[14:35:6] broad >>>>>>>>>>>>>>>>>>>>>>>>>>>>>>> message 64 size 1
[14:35:16] recv  70 <<<<<<<<<<<<<<<<<<<<<<<<<<<<<<< 2
[14:35:16] send >>>>>>>>>>>>>>>>>>>>>>>>>>>>>>> 2 message 71 size 964
[14:35:22] recv  65 <<<<<<<<<<<<<<<<<<<<<<<<<<<<<<< 2
[14:35:22] broad >>>>>>>>>>>>>>>>>>>>>>>>>>>>>>> message 66 size 75
[14:35:26] recv  70 <<<<<<<<<<<<<<<<<<<<<<<<<<<<<<< 1
[14:35:26] send >>>>>>>>>>>>>>>>>>>>>>>>>>>>>>> 1 message 71 size 964
[14:35:28] recv  65 <<<<<<<<<<<<<<<<<<<<<<<<<<<<<<< 1
[14:35:28] broad >>>>>>>>>>>>>>>>>>>>>>>>>>>>>>> message 66 size 75
[14:35:28] broad >>>>>>>>>>>>>>>>>>>>>>>>>>>>>>> message 76 size 12
[14:35:32] recv  70 <<<<<<<<<<<<<<<<<<<<<<<<<<<<<<< 0
[14:35:32] send >>>>>>>>>>>>>>>>>>>>>>>>>>>>>>> 0 message 71 size 964
[14:35:34] recv  65 <<<<<<<<<<<<<<<<<<<<<<<<<<<<<<< 0
[14:35:34] broad >>>>>>>>>>>>>>>>>>>>>>>>>>>>>>> message 66 size 75
[14:35:34] broad >>>>>>>>>>>>>>>>>>>>>>>>>>>>>>> message 76 size 12
[14:35:39] recv  70 <<<<<<<<<<<<<<<<<<<<<<<<<<<<<<< 2
[14:35:39] send >>>>>>>>>>>>>>>>>>>>>>>>>>>>>>> 2 message 71 size 964
[14:35:43] recv  65 <<<<<<<<<<<<<<<<<<<<<<<<<<<<<<< 2
[14:35:43] broad >>>>>>>>>>>>>>>>>>>>>>>>>>>>>>> message 66 size 75
[14:35:43] broad >>>>>>>>>>>>>>>>>>>>>>>>>>>>>>> message 76 size 12
[14:35:51] recv  70 <<<<<<<<<<<<<<<<<<<<<<<<<<<<<<< 1
[14:35:51] send >>>>>>>>>>>>>>>>>>>>>>>>>>>>>>> 1 message 71 size 964
[14:35:51] recv  68 <<<<<<<<<<<<<<<<<<<<<<<<<<<<<<< 1
[14:35:51] broad >>>>>>>>>>>>>>>>>>>>>>>>>>>>>>> message 69 size 4
[14:36:4] recv  70 <<<<<<<<<<<<<<<<<<<<<<<<<<<<<<< 0
[14:36:4] send >>>>>>>>>>>>>>>>>>>>>>>>>>>>>>> 0 message 71 size 964
[14:36:4] recv  68 <<<<<<<<<<<<<<<<<<<<<<<<<<<<<<< 0
[14:36:4] broad >>>>>>>>>>>>>>>>>>>>>>>>>>>>>>> message 69 size 4
[14:36:4] broad >>>>>>>>>>>>>>>>>>>>>>>>>>>>>>> message 64 size 1
[14:36:9] recv  70 <<<<<<<<<<<<<<<<<<<<<<<<<<<<<<< 2
[14:36:9] send >>>>>>>>>>>>>>>>>>>>>>>>>>>>>>> 2 message 71 size 964
[14:36:10] recv  65 <<<<<<<<<<<<<<<<<<<<<<<<<<<<<<< 2
[14:36:10] broad >>>>>>>>>>>>>>>>>>>>>>>>>>>>>>> message 66 size 75
[14:36:12] recv  70 <<<<<<<<<<<<<<<<<<<<<<<<<<<<<<< 1
[14:36:12] send >>>>>>>>>>>>>>>>>>>>>>>>>>>>>>> 1 message 71 size 964
[14:36:13] recv  65 <<<<<<<<<<<<<<<<<<<<<<<<<<<<<<< 1
[14:36:13] broad >>>>>>>>>>>>>>>>>>>>>>>>>>>>>>> message 66 size 75
[14:36:15] recv  70 <<<<<<<<<<<<<<<<<<<<<<<<<<<<<<< 0
[14:36:15] send >>>>>>>>>>>>>>>>>>>>>>>>>>>>>>> 0 message 71 size 964
[14:36:16] recv  65 <<<<<<<<<<<<<<<<<<<<<<<<<<<<<<< 0
[14:36:16] broad >>>>>>>>>>>>>>>>>>>>>>>>>>>>>>> message 66 size 75
[14:36:21] recv  70 <<<<<<<<<<<<<<<<<<<<<<<<<<<<<<< 2
[14:36:21] send >>>>>>>>>>>>>>>>>>>>>>>>>>>>>>> 2 message 71 size 964
[14:36:21] recv  65 <<<<<<<<<<<<<<<<<<<<<<<<<<<<<<< 2
[14:36:21] broad >>>>>>>>>>>>>>>>>>>>>>>>>>>>>>> message 66 size 75
[14:36:24] recv  70 <<<<<<<<<<<<<<<<<<<<<<<<<<<<<<< 1
[14:36:24] send >>>>>>>>>>>>>>>>>>>>>>>>>>>>>>> 1 message 71 size 964
[14:36:25] recv  65 <<<<<<<<<<<<<<<<<<<<<<<<<<<<<<< 1
[14:36:25] broad >>>>>>>>>>>>>>>>>>>>>>>>>>>>>>> message 66 size 75
[14:36:26] recv  70 <<<<<<<<<<<<<<<<<<<<<<<<<<<<<<< 0
[14:36:27] send >>>>>>>>>>>>>>>>>>>>>>>>>>>>>>> 0 message 71 size 964
[14:36:27] recv  65 <<<<<<<<<<<<<<<<<<<<<<<<<<<<<<< 0
[14:36:27] broad >>>>>>>>>>>>>>>>>>>>>>>>>>>>>>> message 66 size 75
[14:36:29] recv  70 <<<<<<<<<<<<<<<<<<<<<<<<<<<<<<< 2
[14:36:29] send >>>>>>>>>>>>>>>>>>>>>>>>>>>>>>> 2 message 71 size 964
[14:36:30] recv  65 <<<<<<<<<<<<<<<<<<<<<<<<<<<<<<< 2
[14:36:30] broad >>>>>>>>>>>>>>>>>>>>>>>>>>>>>>> message 66 size 75
[14:36:45] recv  70 <<<<<<<<<<<<<<<<<<<<<<<<<<<<<<< 1
[14:36:45] send >>>>>>>>>>>>>>>>>>>>>>>>>>>>>>> 1 message 71 size 964
[14:36:46] recv  65 <<<<<<<<<<<<<<<<<<<<<<<<<<<<<<< 1
[14:36:46] broad >>>>>>>>>>>>>>>>>>>>>>>>>>>>>>> message 66 size 75
[14:36:46] broad >>>>>>>>>>>>>>>>>>>>>>>>>>>>>>> message 76 size 12
[14:36:48] recv  70 <<<<<<<<<<<<<<<<<<<<<<<<<<<<<<< 0
[14:36:48] send >>>>>>>>>>>>>>>>>>>>>>>>>>>>>>> 0 message 71 size 964
[14:36:48] recv  68 <<<<<<<<<<<<<<<<<<<<<<<<<<<<<<< 0
[14:36:48] broad >>>>>>>>>>>>>>>>>>>>>>>>>>>>>>> message 69 size 4
[14:36:50] recv  70 <<<<<<<<<<<<<<<<<<<<<<<<<<<<<<< 2
[14:36:50] send >>>>>>>>>>>>>>>>>>>>>>>>>>>>>>> 2 message 71 size 964
[14:36:51] recv  65 <<<<<<<<<<<<<<<<<<<<<<<<<<<<<<< 2
[14:36:51] broad >>>>>>>>>>>>>>>>>>>>>>>>>>>>>>> message 66 size 75
[14:36:51] broad >>>>>>>>>>>>>>>>>>>>>>>>>>>>>>> message 76 size 12
[14:36:56] recv  70 <<<<<<<<<<<<<<<<<<<<<<<<<<<<<<< 1
[14:36:56] send >>>>>>>>>>>>>>>>>>>>>>>>>>>>>>> 1 message 71 size 964
[14:36:56] recv  68 <<<<<<<<<<<<<<<<<<<<<<<<<<<<<<< 1
[14:36:56] broad >>>>>>>>>>>>>>>>>>>>>>>>>>>>>>> message 69 size 4
[14:36:57] recv  70 <<<<<<<<<<<<<<<<<<<<<<<<<<<<<<< 0
[14:36:57] send >>>>>>>>>>>>>>>>>>>>>>>>>>>>>>> 0 message 71 size 964
[14:36:57] recv  68 <<<<<<<<<<<<<<<<<<<<<<<<<<<<<<< 0
[14:36:57] broad >>>>>>>>>>>>>>>>>>>>>>>>>>>>>>> message 69 size 4
[14:36:57] broad >>>>>>>>>>>>>>>>>>>>>>>>>>>>>>> message 64 size 1
[14:37:0] recv  65 <<<<<<<<<<<<<<<<<<<<<<<<<<<<<<< 2
[14:37:0] broad >>>>>>>>>>>>>>>>>>>>>>>>>>>>>>> message 66 size 75
[14:37:2] recv  70 <<<<<<<<<<<<<<<<<<<<<<<<<<<<<<< 1
[14:37:2] send >>>>>>>>>>>>>>>>>>>>>>>>>>>>>>> 1 message 71 size 964
[14:37:2] recv  65 <<<<<<<<<<<<<<<<<<<<<<<<<<<<<<< 1
[14:37:2] broad >>>>>>>>>>>>>>>>>>>>>>>>>>>>>>> message 66 size 75
[14:37:4] recv  70 <<<<<<<<<<<<<<<<<<<<<<<<<<<<<<< 0
[14:37:4] send >>>>>>>>>>>>>>>>>>>>>>>>>>>>>>> 0 message 71 size 964
[14:37:4] recv  68 <<<<<<<<<<<<<<<<<<<<<<<<<<<<<<< 0
[14:37:4] broad >>>>>>>>>>>>>>>>>>>>>>>>>>>>>>> message 69 size 4
[14:37:7] recv  70 <<<<<<<<<<<<<<<<<<<<<<<<<<<<<<< 2
[14:37:7] send >>>>>>>>>>>>>>>>>>>>>>>>>>>>>>> 2 message 71 size 964
[14:37:8] recv  65 <<<<<<<<<<<<<<<<<<<<<<<<<<<<<<< 2
[14:37:8] broad >>>>>>>>>>>>>>>>>>>>>>>>>>>>>>> message 66 size 75
[14:37:9] broad >>>>>>>>>>>>>>>>>>>>>>>>>>>>>>> message 73 size 154
[14:37:9] *****************游戏结束***************
[14:37:27] *****************游戏开始***************
[14:37:27] broad >>>>>>>>>>>>>>>>>>>>>>>>>>>>>>> message 51 size 3
[14:37:27] send >>>>>>>>>>>>>>>>>>>>>>>>>>>>>>> 0 message 63 size 74
[14:37:27] send >>>>>>>>>>>>>>>>>>>>>>>>>>>>>>> 1 message 63 size 74
[14:37:27] send >>>>>>>>>>>>>>>>>>>>>>>>>>>>>>> 2 message 63 size 74
[14:37:27] send >>>>>>>>>>>>>>>>>>>>>>>>>>>>>>> 0 message 52 size 72
[14:37:27] send >>>>>>>>>>>>>>>>>>>>>>>>>>>>>>> 1 message 52 size 72
[14:37:27] send >>>>>>>>>>>>>>>>>>>>>>>>>>>>>>> 2 message 52 size 72
[14:37:27] send >>>>>>>>>>>>>>>>>>>>>>>>>>>>>>> 0 message 60 size 1
[14:37:27] send >>>>>>>>>>>>>>>>>>>>>>>>>>>>>>> 1 message 60 size 1
[14:37:27] send >>>>>>>>>>>>>>>>>>>>>>>>>>>>>>> 2 message 60 size 1
[14:37:32] broad >>>>>>>>>>>>>>>>>>>>>>>>>>>>>>> message 55 size 5
[14:37:40] recv  56 <<<<<<<<<<<<<<<<<<<<<<<<<<<<<<< 2
[14:37:40] broad >>>>>>>>>>>>>>>>>>>>>>>>>>>>>>> message 56 size 5
[14:37:40] broad >>>>>>>>>>>>>>>>>>>>>>>>>>>>>>> message 55 size 5
[14:37:43] recv  56 <<<<<<<<<<<<<<<<<<<<<<<<<<<<<<< 1
[14:37:43] broad >>>>>>>>>>>>>>>>>>>>>>>>>>>>>>> message 56 size 5
[14:37:43] broad >>>>>>>>>>>>>>>>>>>>>>>>>>>>>>> message 55 size 5
[14:37:47] recv  56 <<<<<<<<<<<<<<<<<<<<<<<<<<<<<<< 0
[14:37:47] broad >>>>>>>>>>>>>>>>>>>>>>>>>>>>>>> message 56 size 5
[14:37:47] broad >>>>>>>>>>>>>>>>>>>>>>>>>>>>>>> message 76 size 12
[14:37:48] send >>>>>>>>>>>>>>>>>>>>>>>>>>>>>>> 0 message 63 size 74
[14:37:48] send >>>>>>>>>>>>>>>>>>>>>>>>>>>>>>> 1 message 63 size 74
[14:37:48] send >>>>>>>>>>>>>>>>>>>>>>>>>>>>>>> 2 message 63 size 74
[14:37:48] send >>>>>>>>>>>>>>>>>>>>>>>>>>>>>>> 0 message 57 size 80
[14:37:48] send >>>>>>>>>>>>>>>>>>>>>>>>>>>>>>> 1 message 57 size 80
[14:37:48] send >>>>>>>>>>>>>>>>>>>>>>>>>>>>>>> 2 message 57 size 80
[14:37:48] broad >>>>>>>>>>>>>>>>>>>>>>>>>>>>>>> message 76 size 12
[14:37:48] send >>>>>>>>>>>>>>>>>>>>>>>>>>>>>>> 0 message 58 size 1
[14:37:48] send >>>>>>>>>>>>>>>>>>>>>>>>>>>>>>> 1 message 58 size 1
[14:37:48] send >>>>>>>>>>>>>>>>>>>>>>>>>>>>>>> 2 message 58 size 1
[14:37:53] recv  59 <<<<<<<<<<<<<<<<<<<<<<<<<<<<<<< 0
[14:37:53] broad >>>>>>>>>>>>>>>>>>>>>>>>>>>>>>> message 59 size 5
[14:37:53] broad >>>>>>>>>>>>>>>>>>>>>>>>>>>>>>> message 76 size 12
[14:37:58] broad >>>>>>>>>>>>>>>>>>>>>>>>>>>>>>> message 59 size 5
[14:37:58] broad >>>>>>>>>>>>>>>>>>>>>>>>>>>>>>> message 76 size 12
[14:37:58] broad >>>>>>>>>>>>>>>>>>>>>>>>>>>>>>> message 59 size 5
[14:37:58] broad >>>>>>>>>>>>>>>>>>>>>>>>>>>>>>> message 76 size 12
[14:37:58] broad >>>>>>>>>>>>>>>>>>>>>>>>>>>>>>> message 60 size 1
[14:38:9] broad >>>>>>>>>>>>>>>>>>>>>>>>>>>>>>> message 64 size 1
[14:38:15] recv  65 <<<<<<<<<<<<<<<<<<<<<<<<<<<<<<< 0
[14:38:15] broad >>>>>>>>>>>>>>>>>>>>>>>>>>>>>>> message 66 size 75
[14:38:18] recv  70 <<<<<<<<<<<<<<<<<<<<<<<<<<<<<<< 2
[14:38:18] send >>>>>>>>>>>>>>>>>>>>>>>>>>>>>>> 2 message 71 size 964
[14:38:19] recv  65 <<<<<<<<<<<<<<<<<<<<<<<<<<<<<<< 2
[14:38:19] broad >>>>>>>>>>>>>>>>>>>>>>>>>>>>>>> message 66 size 75
[14:38:19] broad >>>>>>>>>>>>>>>>>>>>>>>>>>>>>>> message 76 size 12
[14:38:22] recv  70 <<<<<<<<<<<<<<<<<<<<<<<<<<<<<<< 1
[14:38:22] send >>>>>>>>>>>>>>>>>>>>>>>>>>>>>>> 1 message 71 size 964
[14:38:23] recv  65 <<<<<<<<<<<<<<<<<<<<<<<<<<<<<<< 1
[14:38:23] broad >>>>>>>>>>>>>>>>>>>>>>>>>>>>>>> message 66 size 75
[14:38:23] broad >>>>>>>>>>>>>>>>>>>>>>>>>>>>>>> message 76 size 12
[14:38:26] recv  70 <<<<<<<<<<<<<<<<<<<<<<<<<<<<<<< 0
[14:38:26] send >>>>>>>>>>>>>>>>>>>>>>>>>>>>>>> 0 message 71 size 964
[14:38:28] recv  65 <<<<<<<<<<<<<<<<<<<<<<<<<<<<<<< 0
[14:38:28] broad >>>>>>>>>>>>>>>>>>>>>>>>>>>>>>> message 66 size 75
[14:38:28] broad >>>>>>>>>>>>>>>>>>>>>>>>>>>>>>> message 76 size 12
[14:38:32] recv  70 <<<<<<<<<<<<<<<<<<<<<<<<<<<<<<< 2
[14:38:32] send >>>>>>>>>>>>>>>>>>>>>>>>>>>>>>> 2 message 71 size 964
[14:38:32] recv  68 <<<<<<<<<<<<<<<<<<<<<<<<<<<<<<< 2
[14:38:32] broad >>>>>>>>>>>>>>>>>>>>>>>>>>>>>>> message 69 size 4
[14:38:34] recv  70 <<<<<<<<<<<<<<<<<<<<<<<<<<<<<<< 1
[14:38:34] send >>>>>>>>>>>>>>>>>>>>>>>>>>>>>>> 1 message 71 size 964
[14:38:34] recv  68 <<<<<<<<<<<<<<<<<<<<<<<<<<<<<<< 1
[14:38:34] broad >>>>>>>>>>>>>>>>>>>>>>>>>>>>>>> message 69 size 4
[14:38:34] broad >>>>>>>>>>>>>>>>>>>>>>>>>>>>>>> message 64 size 1
[14:38:36] recv  70 <<<<<<<<<<<<<<<<<<<<<<<<<<<<<<< 0
[14:38:36] send >>>>>>>>>>>>>>>>>>>>>>>>>>>>>>> 0 message 71 size 964
[14:38:39] recv  65 <<<<<<<<<<<<<<<<<<<<<<<<<<<<<<< 0
[14:38:39] broad >>>>>>>>>>>>>>>>>>>>>>>>>>>>>>> message 66 size 75
[14:38:59] broad >>>>>>>>>>>>>>>>>>>>>>>>>>>>>>> message 75 size 2
[14:38:59] broad >>>>>>>>>>>>>>>>>>>>>>>>>>>>>>> message 66 size 75
[14:39:19] broad >>>>>>>>>>>>>>>>>>>>>>>>>>>>>>> message 75 size 2
[14:39:19] broad >>>>>>>>>>>>>>>>>>>>>>>>>>>>>>> message 69 size 4
[14:39:40] broad >>>>>>>>>>>>>>>>>>>>>>>>>>>>>>> message 75 size 2
[14:39:40] broad >>>>>>>>>>>>>>>>>>>>>>>>>>>>>>> message 66 size 75
[14:39:40] broad >>>>>>>>>>>>>>>>>>>>>>>>>>>>>>> message 76 size 12
[14:39:42] broad >>>>>>>>>>>>>>>>>>>>>>>>>>>>>>> message 69 size 4
[14:39:44] broad >>>>>>>>>>>>>>>>>>>>>>>>>>>>>>> message 69 size 4
[14:39:44] broad >>>>>>>>>>>>>>>>>>>>>>>>>>>>>>> message 64 size 1
[14:39:46] broad >>>>>>>>>>>>>>>>>>>>>>>>>>>>>>> message 66 size 75
[14:39:48] broad >>>>>>>>>>>>>>>>>>>>>>>>>>>>>>> message 66 size 75
[14:39:48] broad >>>>>>>>>>>>>>>>>>>>>>>>>>>>>>> message 76 size 12
[14:39:50] broad >>>>>>>>>>>>>>>>>>>>>>>>>>>>>>> message 69 size 4
[14:39:52] broad >>>>>>>>>>>>>>>>>>>>>>>>>>>>>>> message 69 size 4
[14:39:52] broad >>>>>>>>>>>>>>>>>>>>>>>>>>>>>>> message 64 size 1
[14:39:54] broad >>>>>>>>>>>>>>>>>>>>>>>>>>>>>>> message 66 size 75
[14:39:56] broad >>>>>>>>>>>>>>>>>>>>>>>>>>>>>>> message 66 size 75
[14:39:58] broad >>>>>>>>>>>>>>>>>>>>>>>>>>>>>>> message 66 size 75
[14:39:59] broad >>>>>>>>>>>>>>>>>>>>>>>>>>>>>>> message 73 size 154
[14:39:59] *****************游戏结束***************
