[18:30:46] *****************游戏开始***************
[18:30:46] broad >>>>>>>>>>>>>>>>>>>>>>>>>>>>>>> message 51 size 3
[18:30:46] send >>>>>>>>>>>>>>>>>>>>>>>>>>>>>>> 0 message 63 size 74
[18:30:46] send >>>>>>>>>>>>>>>>>>>>>>>>>>>>>>> 1 message 63 size 74
[18:30:46] send >>>>>>>>>>>>>>>>>>>>>>>>>>>>>>> 2 message 63 size 74
[18:30:46] send >>>>>>>>>>>>>>>>>>>>>>>>>>>>>>> 0 message 52 size 72
[18:30:46] send >>>>>>>>>>>>>>>>>>>>>>>>>>>>>>> 1 message 52 size 72
[18:30:46] send >>>>>>>>>>>>>>>>>>>>>>>>>>>>>>> 2 message 52 size 72
[18:30:46] send >>>>>>>>>>>>>>>>>>>>>>>>>>>>>>> 0 message 60 size 1
[18:30:46] send >>>>>>>>>>>>>>>>>>>>>>>>>>>>>>> 1 message 60 size 1
[18:30:46] send >>>>>>>>>>>>>>>>>>>>>>>>>>>>>>> 2 message 60 size 1
[18:30:51] broad >>>>>>>>>>>>>>>>>>>>>>>>>>>>>>> message 55 size 5
[18:30:53] recv  56 <<<<<<<<<<<<<<<<<<<<<<<<<<<<<<< 1
[18:30:53] broad >>>>>>>>>>>>>>>>>>>>>>>>>>>>>>> message 56 size 5
[18:30:53] broad >>>>>>>>>>>>>>>>>>>>>>>>>>>>>>> message 76 size 12
[18:30:53] broad >>>>>>>>>>>>>>>>>>>>>>>>>>>>>>> message 55 size 5
[18:30:54] recv  56 <<<<<<<<<<<<<<<<<<<<<<<<<<<<<<< 0
[18:30:54] broad >>>>>>>>>>>>>>>>>>>>>>>>>>>>>>> message 56 size 5
[18:30:54] broad >>>>>>>>>>>>>>>>>>>>>>>>>>>>>>> message 55 size 5
[18:30:55] recv  56 <<<<<<<<<<<<<<<<<<<<<<<<<<<<<<< 2
[18:30:55] broad >>>>>>>>>>>>>>>>>>>>>>>>>>>>>>> message 56 size 5
[18:30:56] send >>>>>>>>>>>>>>>>>>>>>>>>>>>>>>> 0 message 63 size 74
[18:30:56] send >>>>>>>>>>>>>>>>>>>>>>>>>>>>>>> 1 message 63 size 74
[18:30:56] send >>>>>>>>>>>>>>>>>>>>>>>>>>>>>>> 2 message 63 size 74
[18:30:56] send >>>>>>>>>>>>>>>>>>>>>>>>>>>>>>> 0 message 57 size 80
[18:30:56] send >>>>>>>>>>>>>>>>>>>>>>>>>>>>>>> 1 message 57 size 80
[18:30:56] send >>>>>>>>>>>>>>>>>>>>>>>>>>>>>>> 2 message 57 size 80
[18:30:56] broad >>>>>>>>>>>>>>>>>>>>>>>>>>>>>>> message 76 size 12
[18:30:56] send >>>>>>>>>>>>>>>>>>>>>>>>>>>>>>> 0 message 58 size 1
[18:30:56] send >>>>>>>>>>>>>>>>>>>>>>>>>>>>>>> 1 message 58 size 1
[18:30:56] send >>>>>>>>>>>>>>>>>>>>>>>>>>>>>>> 2 message 58 size 1
[18:30:57] recv  59 <<<<<<<<<<<<<<<<<<<<<<<<<<<<<<< 1
[18:30:57] broad >>>>>>>>>>>>>>>>>>>>>>>>>>>>>>> message 59 size 5
[18:30:57] broad >>>>>>>>>>>>>>>>>>>>>>>>>>>>>>> message 76 size 12
[18:30:58] recv  59 <<<<<<<<<<<<<<<<<<<<<<<<<<<<<<< 0
[18:30:58] broad >>>>>>>>>>>>>>>>>>>>>>>>>>>>>>> message 59 size 5
[18:30:58] broad >>>>>>>>>>>>>>>>>>>>>>>>>>>>>>> message 76 size 12
[18:30:58] recv  59 <<<<<<<<<<<<<<<<<<<<<<<<<<<<<<< 2
[18:30:58] broad >>>>>>>>>>>>>>>>>>>>>>>>>>>>>>> message 59 size 5
[18:30:58] broad >>>>>>>>>>>>>>>>>>>>>>>>>>>>>>> message 76 size 12
[18:30:58] broad >>>>>>>>>>>>>>>>>>>>>>>>>>>>>>> message 60 size 1
[18:31:9] broad >>>>>>>>>>>>>>>>>>>>>>>>>>>>>>> message 64 size 1
[18:31:11] recv  75 <<<<<<<<<<<<<<<<<<<<<<<<<<<<<<< 1
[18:31:11] broad >>>>>>>>>>>>>>>>>>>>>>>>>>>>>>> message 75 size 2
[18:31:11] broad >>>>>>>>>>>>>>>>>>>>>>>>>>>>>>> message 66 size 75
[18:31:12] recv  75 <<<<<<<<<<<<<<<<<<<<<<<<<<<<<<< 0
[18:31:12] broad >>>>>>>>>>>>>>>>>>>>>>>>>>>>>>> message 75 size 2
[18:31:12] broad >>>>>>>>>>>>>>>>>>>>>>>>>>>>>>> message 66 size 75
[18:31:13] recv  75 <<<<<<<<<<<<<<<<<<<<<<<<<<<<<<< 2
[18:31:13] broad >>>>>>>>>>>>>>>>>>>>>>>>>>>>>>> message 75 size 2
[18:31:13] broad >>>>>>>>>>>>>>>>>>>>>>>>>>>>>>> message 66 size 75
[18:31:15] broad >>>>>>>>>>>>>>>>>>>>>>>>>>>>>>> message 66 size 75
[18:31:17] broad >>>>>>>>>>>>>>>>>>>>>>>>>>>>>>> message 66 size 75
[18:31:19] broad >>>>>>>>>>>>>>>>>>>>>>>>>>>>>>> message 66 size 75
[18:31:19] broad >>>>>>>>>>>>>>>>>>>>>>>>>>>>>>> message 76 size 12
[18:31:21] broad >>>>>>>>>>>>>>>>>>>>>>>>>>>>>>> message 66 size 75
[18:31:21] broad >>>>>>>>>>>>>>>>>>>>>>>>>>>>>>> message 76 size 12
[18:31:23] broad >>>>>>>>>>>>>>>>>>>>>>>>>>>>>>> message 66 size 75
[18:31:23] broad >>>>>>>>>>>>>>>>>>>>>>>>>>>>>>> message 76 size 12
[18:31:25] broad >>>>>>>>>>>>>>>>>>>>>>>>>>>>>>> message 66 size 75
[18:31:25] broad >>>>>>>>>>>>>>>>>>>>>>>>>>>>>>> message 76 size 12
[18:31:27] broad >>>>>>>>>>>>>>>>>>>>>>>>>>>>>>> message 66 size 75
[18:31:27] broad >>>>>>>>>>>>>>>>>>>>>>>>>>>>>>> message 76 size 12
[18:31:29] broad >>>>>>>>>>>>>>>>>>>>>>>>>>>>>>> message 69 size 4
[18:31:31] broad >>>>>>>>>>>>>>>>>>>>>>>>>>>>>>> message 69 size 4
[18:31:31] broad >>>>>>>>>>>>>>>>>>>>>>>>>>>>>>> message 64 size 1
[18:31:33] broad >>>>>>>>>>>>>>>>>>>>>>>>>>>>>>> message 66 size 75
[18:31:35] broad >>>>>>>>>>>>>>>>>>>>>>>>>>>>>>> message 66 size 75
[18:31:37] broad >>>>>>>>>>>>>>>>>>>>>>>>>>>>>>> message 69 size 4
[18:31:39] broad >>>>>>>>>>>>>>>>>>>>>>>>>>>>>>> message 66 size 75
[18:31:41] broad >>>>>>>>>>>>>>>>>>>>>>>>>>>>>>> message 66 size 75
[18:31:41] broad >>>>>>>>>>>>>>>>>>>>>>>>>>>>>>> message 76 size 12
[18:31:43] broad >>>>>>>>>>>>>>>>>>>>>>>>>>>>>>> message 69 size 4
[18:31:45] broad >>>>>>>>>>>>>>>>>>>>>>>>>>>>>>> message 69 size 4
[18:31:45] broad >>>>>>>>>>>>>>>>>>>>>>>>>>>>>>> message 64 size 1
[18:31:47] broad >>>>>>>>>>>>>>>>>>>>>>>>>>>>>>> message 66 size 75
[18:31:49] broad >>>>>>>>>>>>>>>>>>>>>>>>>>>>>>> message 66 size 75
[18:31:51] broad >>>>>>>>>>>>>>>>>>>>>>>>>>>>>>> message 66 size 75
[18:31:53] broad >>>>>>>>>>>>>>>>>>>>>>>>>>>>>>> message 66 size 75
[18:31:55] broad >>>>>>>>>>>>>>>>>>>>>>>>>>>>>>> message 66 size 75
[18:31:57] broad >>>>>>>>>>>>>>>>>>>>>>>>>>>>>>> message 66 size 75
[18:31:59] broad >>>>>>>>>>>>>>>>>>>>>>>>>>>>>>> message 69 size 4
[18:32:1] broad >>>>>>>>>>>>>>>>>>>>>>>>>>>>>>> message 69 size 4
[18:32:1] broad >>>>>>>>>>>>>>>>>>>>>>>>>>>>>>> message 64 size 1
[18:32:4] broad >>>>>>>>>>>>>>>>>>>>>>>>>>>>>>> message 66 size 75
[18:32:6] broad >>>>>>>>>>>>>>>>>>>>>>>>>>>>>>> message 66 size 75
[18:32:8] broad >>>>>>>>>>>>>>>>>>>>>>>>>>>>>>> message 66 size 75
[18:32:10] broad >>>>>>>>>>>>>>>>>>>>>>>>>>>>>>> message 66 size 75
[18:32:12] broad >>>>>>>>>>>>>>>>>>>>>>>>>>>>>>> message 69 size 4
[18:32:14] broad >>>>>>>>>>>>>>>>>>>>>>>>>>>>>>> message 69 size 4
[18:32:14] broad >>>>>>>>>>>>>>>>>>>>>>>>>>>>>>> message 64 size 1
[18:32:16] broad >>>>>>>>>>>>>>>>>>>>>>>>>>>>>>> message 66 size 75
[18:32:18] broad >>>>>>>>>>>>>>>>>>>>>>>>>>>>>>> message 69 size 4
[18:32:20] broad >>>>>>>>>>>>>>>>>>>>>>>>>>>>>>> message 69 size 4
[18:32:20] broad >>>>>>>>>>>>>>>>>>>>>>>>>>>>>>> message 64 size 1
[18:32:22] broad >>>>>>>>>>>>>>>>>>>>>>>>>>>>>>> message 66 size 75
[18:32:23] broad >>>>>>>>>>>>>>>>>>>>>>>>>>>>>>> message 73 size 154
[18:32:23] *****************游戏结束***************
