 2018-05-07 09:35:51 ThingHandleEx::ExecuteGameBegin 1460: 20111004：游戏开始, m_iRunGameCount0
 2018-05-07 09:46:32 ThingHandleEx::ExecuteCountFen 2860:  游戏结算,玩家 0 ,AAAAA0 的杠分=0 胡番=0 码分=0
 2018-05-07 09:46:32 ThingHandleEx::ExecuteCountFen 2861:  游戏结算,玩家 0 的总分=0
 2018-05-07 09:46:32 ThingHandleEx::ExecuteCountFen 2860:  游戏结算,玩家 1 ,AAAAA5 的杠分=0 胡番=0 码分=0
 2018-05-07 09:46:32 ThingHandleEx::ExecuteCountFen 2861:  游戏结算,玩家 1 的总分=0
 2018-05-07 09:46:32 ThingHandleEx::ExecuteCountFen 2860:  游戏结算,玩家 2 ,QWE666 的杠分=0 胡番=0 码分=0
 2018-05-07 09:46:32 ThingHandleEx::ExecuteCountFen 2861:  游戏结算,玩家 2 的总分=0
 2018-05-07 09:46:32 ThingHandleEx::ExecuteCountFen 2860:  游戏结算,玩家 3 ,QWE777 的杠分=0 胡番=0 码分=0
 2018-05-07 09:46:32 ThingHandleEx::ExecuteCountFen 2861:  游戏结算,玩家 3 的总分=0
 2018-05-07 09:46:33 CServerGameDesk::GameFinish 394: 第0局正常结束
 2018-05-07 09:47:05 ThingHandleEx::ExecuteGameBegin 1460: 20111004：游戏开始, m_iRunGameCount0
 2018-05-07 10:03:22 ThingHandleEx::ExecuteCountFen 2860:  游戏结算,玩家 0 ,AAAAA0 的杠分=0 胡番=0 码分=0
 2018-05-07 10:03:22 ThingHandleEx::ExecuteCountFen 2861:  游戏结算,玩家 0 的总分=0
 2018-05-07 10:03:22 ThingHandleEx::ExecuteCountFen 2860:  游戏结算,玩家 1 ,AAAAA5 的杠分=0 胡番=0 码分=0
 2018-05-07 10:03:22 ThingHandleEx::ExecuteCountFen 2861:  游戏结算,玩家 1 的总分=0
 2018-05-07 10:03:22 ThingHandleEx::ExecuteCountFen 2860:  游戏结算,玩家 2 ,QWE666 的杠分=0 胡番=0 码分=0
 2018-05-07 10:03:22 ThingHandleEx::ExecuteCountFen 2861:  游戏结算,玩家 2 的总分=0
 2018-05-07 10:03:22 ThingHandleEx::ExecuteCountFen 2860:  游戏结算,玩家 3 ,QWE777 的杠分=0 胡番=0 码分=0
 2018-05-07 10:03:22 ThingHandleEx::ExecuteCountFen 2861:  游戏结算,玩家 3 的总分=0
 2018-05-07 10:03:23 CServerGameDesk::GameFinish 394: 第0局正常结束
 2018-05-07 10:17:28 ThingHandleEx::ExecuteGameBegin 1460: 20111004：游戏开始, m_iRunGameCount0
 2018-05-07 10:34:27 ThingHandleEx::ExecuteCountFen 2860:  游戏结算,玩家 0 ,AAAAA0 的杠分=0 胡番=0 码分=0
 2018-05-07 10:34:27 ThingHandleEx::ExecuteCountFen 2861:  游戏结算,玩家 0 的总分=0
 2018-05-07 10:34:27 ThingHandleEx::ExecuteCountFen 2860:  游戏结算,玩家 1 ,AAAAA5 的杠分=0 胡番=0 码分=0
 2018-05-07 10:34:27 ThingHandleEx::ExecuteCountFen 2861:  游戏结算,玩家 1 的总分=0
 2018-05-07 10:34:27 ThingHandleEx::ExecuteCountFen 2860:  游戏结算,玩家 2 ,QWE666 的杠分=0 胡番=0 码分=0
 2018-05-07 10:34:27 ThingHandleEx::ExecuteCountFen 2861:  游戏结算,玩家 2 的总分=0
 2018-05-07 10:34:27 ThingHandleEx::ExecuteCountFen 2860:  游戏结算,玩家 3 ,QWE777 的杠分=0 胡番=0 码分=0
 2018-05-07 10:34:27 ThingHandleEx::ExecuteCountFen 2861:  游戏结算,玩家 3 的总分=0
 2018-05-07 10:34:28 CServerGameDesk::GameFinish 394: 第0局正常结束
 2018-05-07 11:17:50 ThingHandleEx::ExecuteGameBegin 1460: 20111004：游戏开始, m_iRunGameCount0
 2018-05-07 11:25:05 ThingHandleEx::ExecuteCountFen 2860:  游戏结算,玩家 0 ,AAAAA0 的杠分=0 胡番=0 码分=0
 2018-05-07 11:25:05 ThingHandleEx::ExecuteCountFen 2861:  游戏结算,玩家 0 的总分=0
 2018-05-07 11:25:05 ThingHandleEx::ExecuteCountFen 2860:  游戏结算,玩家 1 ,AAAAA5 的杠分=0 胡番=0 码分=0
 2018-05-07 11:25:05 ThingHandleEx::ExecuteCountFen 2861:  游戏结算,玩家 1 的总分=0
 2018-05-07 11:25:05 ThingHandleEx::ExecuteCountFen 2860:  游戏结算,玩家 2 ,QWE666 的杠分=0 胡番=0 码分=0
 2018-05-07 11:25:05 ThingHandleEx::ExecuteCountFen 2861:  游戏结算,玩家 2 的总分=0
 2018-05-07 11:25:05 ThingHandleEx::ExecuteCountFen 2860:  游戏结算,玩家 3 ,QWE777 的杠分=0 胡番=0 码分=0
 2018-05-07 11:25:05 ThingHandleEx::ExecuteCountFen 2861:  游戏结算,玩家 3 的总分=0
 2018-05-07 11:25:05 CServerGameDesk::GameFinish 394: 第0局正常结束
