[2018-06-13 16:45:17] 掷2颗色子确定起牌方向： byGetPaiDir=3-Nicole你摸所以一直哦婆婆哦群了我, 5 1
[2018-06-13 16:45:20] 掷2颗色子确定起牌敦数事件: 1 3 4
[2018-06-13 16:45:25] 玩家0-Phone22147的门牌： 
[2018-06-13 16:45:25]   门牌1=255
[2018-06-13 16:45:25]   门牌2=255
[2018-06-13 16:45:25]   门牌3=255
[2018-06-13 16:45:25]   门牌4=255
[2018-06-13 16:45:25]   门牌5=255
[2018-06-13 16:45:25]   门牌6=255
[2018-06-13 16:45:25]   门牌7=255
[2018-06-13 16:45:25]   门牌8=255
[2018-06-13 16:45:25]   门牌9=255
[2018-06-13 16:45:25]   门牌10=255
[2018-06-13 16:45:25]   门牌11=255
[2018-06-13 16:45:25]   门牌12=255
[2018-06-13 16:45:25]   门牌13=255
[2018-06-13 16:45:25]   门牌14=255
[2018-06-13 16:45:25]   门牌15=255
[2018-06-13 16:45:25]   门牌16=255
[2018-06-13 16:45:25]   门牌17=255
[2018-06-13 16:45:25]   门牌18=255
[2018-06-13 16:45:25]   门牌19=255
[2018-06-13 16:45:25]   门牌20=255
[2018-06-13 16:45:25]   门牌21=255
[2018-06-13 16:45:25]   门牌22=255
[2018-06-13 16:45:25]   门牌23=255
[2018-06-13 16:45:25]   门牌24=255
[2018-06-13 16:45:25]   门牌25=255
[2018-06-13 16:45:25]   门牌26=255
[2018-06-13 16:45:25]   门牌27=255
[2018-06-13 16:45:25]   门牌28=255
[2018-06-13 16:45:25] 玩家1-Phone22155的门牌： 
[2018-06-13 16:45:25]   门牌1=255
[2018-06-13 16:45:25]   门牌2=255
[2018-06-13 16:45:25]   门牌3=255
[2018-06-13 16:45:25]   门牌4=0
[2018-06-13 16:45:25]   门牌5=0
[2018-06-13 16:45:25]   门牌6=0
[2018-06-13 16:45:25]   门牌7=0
[2018-06-13 16:45:25]   门牌8=0
[2018-06-13 16:45:25]   门牌9=0
[2018-06-13 16:45:25]   门牌10=0
[2018-06-13 16:45:25]   门牌11=0
[2018-06-13 16:45:25]   门牌12=0
[2018-06-13 16:45:25]   门牌13=0
[2018-06-13 16:45:25]   门牌14=0
[2018-06-13 16:45:25]   门牌15=0
[2018-06-13 16:45:25]   门牌16=0
[2018-06-13 16:45:25]   门牌17=0
[2018-06-13 16:45:25]   门牌18=0
[2018-06-13 16:45:25]   门牌19=0
[2018-06-13 16:45:25]   门牌20=0
[2018-06-13 16:45:25]   门牌21=0
[2018-06-13 16:45:25]   门牌22=0
[2018-06-13 16:45:25]   门牌23=0
[2018-06-13 16:45:25]   门牌24=0
[2018-06-13 16:45:25]   门牌25=0
[2018-06-13 16:45:25]   门牌26=0
[2018-06-13 16:45:25]   门牌27=255
[2018-06-13 16:45:25]   门牌28=255
[2018-06-13 16:45:25] 玩家2-chenhy的门牌： 
[2018-06-13 16:45:25]   门牌1=0
[2018-06-13 16:45:25]   门牌2=0
[2018-06-13 16:45:25]   门牌3=0
[2018-06-13 16:45:25]   门牌4=0
[2018-06-13 16:45:25]   门牌5=0
[2018-06-13 16:45:25]   门牌6=0
[2018-06-13 16:45:25]   门牌7=0
[2018-06-13 16:45:25]   门牌8=0
[2018-06-13 16:45:25]   门牌9=0
[2018-06-13 16:45:25]   门牌10=0
[2018-06-13 16:45:25]   门牌11=0
[2018-06-13 16:45:25]   门牌12=0
[2018-06-13 16:45:25]   门牌13=0
[2018-06-13 16:45:25]   门牌14=0
[2018-06-13 16:45:25]   门牌15=0
[2018-06-13 16:45:25]   门牌16=0
[2018-06-13 16:45:25]   门牌17=0
[2018-06-13 16:45:25]   门牌18=0
[2018-06-13 16:45:25]   门牌19=0
[2018-06-13 16:45:25]   门牌20=0
[2018-06-13 16:45:25]   门牌21=0
[2018-06-13 16:45:25]   门牌22=0
[2018-06-13 16:45:25]   门牌23=0
[2018-06-13 16:45:25]   门牌24=0
[2018-06-13 16:45:25]   门牌25=0
[2018-06-13 16:45:25]   门牌26=0
[2018-06-13 16:45:25]   门牌27=0
[2018-06-13 16:45:25]   门牌28=0
[2018-06-13 16:45:25] 玩家3-Nicole你摸所以一直哦婆婆哦群了我的门牌： 
[2018-06-13 16:45:25]   门牌1=0
[2018-06-13 16:45:25]   门牌2=0
[2018-06-13 16:45:25]   门牌3=255
[2018-06-13 16:45:25]   门牌4=255
[2018-06-13 16:45:25]   门牌5=255
[2018-06-13 16:45:25]   门牌6=255
[2018-06-13 16:45:25]   门牌7=255
[2018-06-13 16:45:25]   门牌8=255
[2018-06-13 16:45:25]   门牌9=255
[2018-06-13 16:45:25]   门牌10=255
[2018-06-13 16:45:25]   门牌11=255
[2018-06-13 16:45:25]   门牌12=255
[2018-06-13 16:45:25]   门牌13=255
[2018-06-13 16:45:25]   门牌14=255
[2018-06-13 16:45:25]   门牌15=255
[2018-06-13 16:45:25]   门牌16=255
[2018-06-13 16:45:25]   门牌17=255
[2018-06-13 16:45:25]   门牌18=255
[2018-06-13 16:45:25]   门牌19=255
[2018-06-13 16:45:25]   门牌20=255
[2018-06-13 16:45:25]   门牌21=255
[2018-06-13 16:45:25]   门牌22=255
[2018-06-13 16:45:25]   门牌23=255
[2018-06-13 16:45:25]   门牌24=255
[2018-06-13 16:45:25]   门牌25=255
[2018-06-13 16:45:25]   门牌26=255
[2018-06-13 16:45:25]   门牌27=255
[2018-06-13 16:45:25]   门牌28=255
[2018-06-13 16:54:25] 掷2颗色子确定起牌方向： byGetPaiDir=3-Nicole你摸所以一直哦婆婆哦群了我, 1 2
[2018-06-13 16:54:28] 掷2颗色子确定起牌敦数事件: 1 5 6
[2018-06-13 16:54:33] 玩家0-Phone22147的门牌： 
[2018-06-13 16:54:33]   门牌1=255
[2018-06-13 16:54:33]   门牌2=255
[2018-06-13 16:54:33]   门牌3=255
[2018-06-13 16:54:33]   门牌4=255
[2018-06-13 16:54:33]   门牌5=255
[2018-06-13 16:54:33]   门牌6=255
[2018-06-13 16:54:33]   门牌7=255
[2018-06-13 16:54:33]   门牌8=255
[2018-06-13 16:54:33]   门牌9=255
[2018-06-13 16:54:33]   门牌10=255
[2018-06-13 16:54:33]   门牌11=255
[2018-06-13 16:54:33]   门牌12=255
[2018-06-13 16:54:33]   门牌13=255
[2018-06-13 16:54:33]   门牌14=255
[2018-06-13 16:54:33]   门牌15=255
[2018-06-13 16:54:33]   门牌16=255
[2018-06-13 16:54:33]   门牌17=255
[2018-06-13 16:54:33]   门牌18=255
[2018-06-13 16:54:33]   门牌19=255
[2018-06-13 16:54:33]   门牌20=255
[2018-06-13 16:54:33]   门牌21=255
[2018-06-13 16:54:33]   门牌22=255
[2018-06-13 16:54:33]   门牌23=255
[2018-06-13 16:54:33]   门牌24=255
[2018-06-13 16:54:33]   门牌25=255
[2018-06-13 16:54:33]   门牌26=255
[2018-06-13 16:54:33]   门牌27=255
[2018-06-13 16:54:33]   门牌28=255
[2018-06-13 16:54:33] 玩家1-Phone22155的门牌： 
[2018-06-13 16:54:33]   门牌1=255
[2018-06-13 16:54:33]   门牌2=255
[2018-06-13 16:54:33]   门牌3=255
[2018-06-13 16:54:33]   门牌4=255
[2018-06-13 16:54:33]   门牌5=255
[2018-06-13 16:54:33]   门牌6=255
[2018-06-13 16:54:33]   门牌7=255
[2018-06-13 16:54:33]   门牌8=0
[2018-06-13 16:54:33]   门牌9=0
[2018-06-13 16:54:33]   门牌10=0
[2018-06-13 16:54:33]   门牌11=0
[2018-06-13 16:54:33]   门牌12=0
[2018-06-13 16:54:33]   门牌13=0
[2018-06-13 16:54:33]   门牌14=0
[2018-06-13 16:54:33]   门牌15=0
[2018-06-13 16:54:33]   门牌16=0
[2018-06-13 16:54:33]   门牌17=0
[2018-06-13 16:54:33]   门牌18=0
[2018-06-13 16:54:33]   门牌19=0
[2018-06-13 16:54:33]   门牌20=0
[2018-06-13 16:54:33]   门牌21=0
[2018-06-13 16:54:33]   门牌22=0
[2018-06-13 16:54:33]   门牌23=0
[2018-06-13 16:54:33]   门牌24=0
[2018-06-13 16:54:33]   门牌25=0
[2018-06-13 16:54:33]   门牌26=0
[2018-06-13 16:54:33]   门牌27=255
[2018-06-13 16:54:33]   门牌28=255
[2018-06-13 16:54:33] 玩家2-chenhy的门牌： 
[2018-06-13 16:54:33]   门牌1=0
[2018-06-13 16:54:33]   门牌2=0
[2018-06-13 16:54:33]   门牌3=0
[2018-06-13 16:54:33]   门牌4=0
[2018-06-13 16:54:33]   门牌5=0
[2018-06-13 16:54:33]   门牌6=0
[2018-06-13 16:54:33]   门牌7=0
[2018-06-13 16:54:33]   门牌8=0
[2018-06-13 16:54:33]   门牌9=0
[2018-06-13 16:54:33]   门牌10=0
[2018-06-13 16:54:33]   门牌11=0
[2018-06-13 16:54:33]   门牌12=0
[2018-06-13 16:54:33]   门牌13=0
[2018-06-13 16:54:33]   门牌14=0
[2018-06-13 16:54:33]   门牌15=0
[2018-06-13 16:54:33]   门牌16=0
[2018-06-13 16:54:33]   门牌17=0
[2018-06-13 16:54:33]   门牌18=0
[2018-06-13 16:54:33]   门牌19=0
[2018-06-13 16:54:33]   门牌20=0
[2018-06-13 16:54:33]   门牌21=0
[2018-06-13 16:54:33]   门牌22=0
[2018-06-13 16:54:33]   门牌23=0
[2018-06-13 16:54:33]   门牌24=0
[2018-06-13 16:54:33]   门牌25=0
[2018-06-13 16:54:33]   门牌26=0
[2018-06-13 16:54:33]   门牌27=0
[2018-06-13 16:54:33]   门牌28=0
[2018-06-13 16:54:33] 玩家3-Nicole你摸所以一直哦婆婆哦群了我的门牌： 
[2018-06-13 16:54:33]   门牌1=0
[2018-06-13 16:54:33]   门牌2=0
[2018-06-13 16:54:33]   门牌3=0
[2018-06-13 16:54:33]   门牌4=0
[2018-06-13 16:54:33]   门牌5=0
[2018-06-13 16:54:33]   门牌6=0
[2018-06-13 16:54:33]   门牌7=255
[2018-06-13 16:54:33]   门牌8=255
[2018-06-13 16:54:33]   门牌9=255
[2018-06-13 16:54:33]   门牌10=255
[2018-06-13 16:54:33]   门牌11=255
[2018-06-13 16:54:33]   门牌12=255
[2018-06-13 16:54:33]   门牌13=255
[2018-06-13 16:54:33]   门牌14=255
[2018-06-13 16:54:33]   门牌15=255
[2018-06-13 16:54:33]   门牌16=255
[2018-06-13 16:54:33]   门牌17=255
[2018-06-13 16:54:33]   门牌18=255
[2018-06-13 16:54:33]   门牌19=255
[2018-06-13 16:54:33]   门牌20=255
[2018-06-13 16:54:33]   门牌21=255
[2018-06-13 16:54:33]   门牌22=255
[2018-06-13 16:54:33]   门牌23=255
[2018-06-13 16:54:33]   门牌24=255
[2018-06-13 16:54:33]   门牌25=255
[2018-06-13 16:54:33]   门牌26=255
[2018-06-13 16:54:33]   门牌27=255
[2018-06-13 16:54:33]   门牌28=255
