 2018-04-20 16:29:24 ThingHandleEx::ExecuteGameBegin 1460: 20111004：游戏开始, m_iRunGameCount0
 2018-04-20 16:31:19 ThingHandleEx::ExecuteZhuaPai 2561: 玩家Phone10251要胡
 2018-04-20 16:31:20 ThingHandleEx::ExecuteZhongNiao 1428: 中鸟阶段:S: ZhongNiao[0]=21
 2018-04-20 16:31:20 ThingHandleEx::ExecuteZhongNiao 1434: 中码结算, 该局玩家0的码分=-2
 2018-04-20 16:31:20 ThingHandleEx::ExecuteZhongNiao 1434: 中码结算, 该局玩家1的码分=-2
 2018-04-20 16:31:20 ThingHandleEx::ExecuteZhongNiao 1434: 中码结算, 该局玩家2的码分=-2
 2018-04-20 16:31:20 ThingHandleEx::ExecuteZhongNiao 1434: 中码结算, 该局玩家3的码分=6
 2018-04-20 16:31:25 ThingHandleEx::ExecuteCountFen 2804: 算分,玩家  的自摸次数=1
 2018-04-20 16:31:25 ThingHandleEx::ExecuteCountFen 2860:  游戏结算,玩家 0 ,武者舞者 的杠分=0 胡番=-2 码分=-2
 2018-04-20 16:31:25 ThingHandleEx::ExecuteCountFen 2861:  游戏结算,玩家 0 的总分=-80
 2018-04-20 16:31:25 ThingHandleEx::ExecuteCountFen 2860:  游戏结算,玩家 1 ,85333902 的杠分=0 胡番=-2 码分=-2
 2018-04-20 16:31:25 ThingHandleEx::ExecuteCountFen 2861:  游戏结算,玩家 1 的总分=-80
 2018-04-20 16:31:25 ThingHandleEx::ExecuteCountFen 2860:  游戏结算,玩家 2 ,恒通接插件 的杠分=0 胡番=-2 码分=-2
 2018-04-20 16:31:25 ThingHandleEx::ExecuteCountFen 2861:  游戏结算,玩家 2 的总分=-80
 2018-04-20 16:31:25 ThingHandleEx::ExecuteCountFen 2860:  游戏结算,玩家 3 ,Phone10251 的杠分=0 胡番=6 码分=6
 2018-04-20 16:31:25 ThingHandleEx::ExecuteCountFen 2861:  游戏结算,玩家 3 的总分=240
 2018-04-20 16:31:26 CServerGameDesk::GameFinish 394: 第0局正常结束
 2018-04-20 16:32:54 ThingHandleEx::ExecuteGameBegin 1460: 20111004：游戏开始, m_iRunGameCount0
 2018-04-20 16:38:44 ThingHandleEx::ExecuteCountFen 2860:  游戏结算,玩家 0 ,王上中66 的杠分=0 胡番=0 码分=0
 2018-04-20 16:38:44 ThingHandleEx::ExecuteCountFen 2861:  游戏结算,玩家 0 的总分=0
 2018-04-20 16:38:44 ThingHandleEx::ExecuteCountFen 2860:  游戏结算,玩家 1 ,85333902 的杠分=0 胡番=0 码分=0
 2018-04-20 16:38:44 ThingHandleEx::ExecuteCountFen 2861:  游戏结算,玩家 1 的总分=0
 2018-04-20 16:38:44 ThingHandleEx::ExecuteCountFen 2860:  游戏结算,玩家 2 ,w623137392 的杠分=0 胡番=0 码分=0
 2018-04-20 16:38:44 ThingHandleEx::ExecuteCountFen 2861:  游戏结算,玩家 2 的总分=0
 2018-04-20 16:38:44 ThingHandleEx::ExecuteCountFen 2860:  游戏结算,玩家 3 ,Phone10251 的杠分=0 胡番=0 码分=0
 2018-04-20 16:38:44 ThingHandleEx::ExecuteCountFen 2861:  游戏结算,玩家 3 的总分=0
 2018-04-20 16:38:44 CServerGameDesk::GameFinish 394: 第0局正常结束
