 2017-11-09 15:08:51 CServerGameDesk::GameBegin 416: Game Start (0/1)
 2017-11-09 15:08:51 CServerGameDesk::GameBegin 422: Player hjh(hjh) at position 0/0
 2017-11-09 15:08:51 CServerGameDesk::GameBegin 422: Player hjh3(hjh3) at position 1/1
 2017-11-09 15:08:51 CServerGameDesk::GameBegin 422: Player Phone12731(Phone12731) at position 2/2
 2017-11-09 15:08:51 CServerGameDesk::GameBegin 422: Player hjh2(hjh2) at position 3/3
 2017-11-09 15:08:51 CServerGameDesk::OnBeforeProcedureStart 177: before procedure start, from 0 to 1
 2017-11-09 15:08:51 CServerGameDesk::OnProcedureChanged 202: procedure change from 0 to 1
 2017-11-09 15:08:51 MsgDelegateGameBegin::SendGameBegin 53: game begin
 2017-11-09 15:08:53 CServerGameDesk::OnBeforeProcedureStart 177: before procedure start, from 1 to 2
 2017-11-09 15:08:53 CServerGameDesk::OnProcedureChanged 202: procedure change from 1 to 2
 2017-11-09 15:08:53 MsgDelegateDistributeCard::OnSend 43: dispatch cards
 2017-11-09 15:09:02 CServerGameDesk::OnBeforeProcedureStart 177: before procedure start, from 2 to 101
 2017-11-09 15:09:02 MsgDelegateHuanZhang::SendQuestionToPlayer 149: question huan zhang
 2017-11-09 15:09:02 MsgDelegateHuanZhang::SendQuestionToPlayer 149: question huan zhang
 2017-11-09 15:09:02 MsgDelegateHuanZhang::SendQuestionToPlayer 149: question huan zhang
 2017-11-09 15:09:02 MsgDelegateHuanZhang::SendQuestionToPlayer 149: question huan zhang
 2017-11-09 15:09:02 CServerGameDesk::OnProcedureChanged 202: procedure change from 2 to 101
 2017-11-09 15:09:09 CServerGameDesk::SendScoreBoard 845: zimo:0 jiepao:0 dianpao:0 angang:0 minggang:0 money:0
 2017-11-09 15:09:09 CServerGameDesk::SendScoreBoard 845: zimo:0 jiepao:0 dianpao:0 angang:0 minggang:0 money:0
 2017-11-09 15:09:09 CServerGameDesk::SendScoreBoard 845: zimo:0 jiepao:0 dianpao:0 angang:0 minggang:0 money:0
 2017-11-09 15:09:09 CServerGameDesk::SendScoreBoard 845: zimo:0 jiepao:0 dianpao:0 angang:0 minggang:0 money:0
 2017-11-09 15:09:09 CServerGameDesk::SendScoreBoard 850: Send Score Board
 2017-11-09 15:09:09 CServerGameDesk::GameClear 302: clean game





 2017-11-09 15:09:09 CServerGameDesk::GameReset 316: reset game
