 2018-06-11 12:30:59:764 CServerGameDesk::GameBegin 429: Game Start (0/0)
 2018-06-11 12:30:59:764 CServerGameDesk::GameBegin 435: Player Phone10151(Phone10151) at position 0/0
 2018-06-11 12:30:59:764 CServerGameDesk::GameBegin 435: Player ÒÚÈó(Phone19664) at position 1/1
 2018-06-11 12:30:59:764 CServerGameDesk::GameBegin 435: Player A-Lisa(Phone11368) at position 2/2
 2018-06-11 12:30:59:764 CServerGameDesk::GameBegin 435: Player Phone21218(Phone21218) at position 3/3
 2018-06-11 12:30:59:788 CServerGameDesk::OnBeforeProcedureStart 178: before procedure start, from 0 to 1
 2018-06-11 12:30:59:788 CServerGameDesk::OnProcedureChanged 203: procedure change from 0 to 1
 2018-06-11 12:30:59:789 MsgDelegateGameBegin::SendGameBegin 53: game begin
 2018-06-11 12:31:01:786 CServerGameDesk::OnBeforeProcedureStart 178: before procedure start, from 1 to 2
 2018-06-11 12:31:01:794 CServerGameDesk::OnProcedureChanged 203: procedure change from 1 to 2
 2018-06-11 12:31:01:796 MsgDelegateDistributeCard::OnSend 43: dispatch cards
 2018-06-11 12:31:01:846 CServerGameDesk::OnBeforeProcedureStart 178: before procedure start, from 2 to 101
 2018-06-11 12:31:01:846 MsgDelegateHuanZhang::SendQuestionToPlayer 149: question huan zhang
 2018-06-11 12:31:01:846 MsgDelegateHuanZhang::SendQuestionToPlayer 149: question huan zhang
 2018-06-11 12:31:01:847 MsgDelegateHuanZhang::SendQuestionToPlayer 149: question huan zhang
 2018-06-11 12:31:01:847 MsgDelegateHuanZhang::SendQuestionToPlayer 149: question huan zhang
 2018-06-11 12:31:01:847 CServerGameDesk::OnProcedureChanged 203: procedure change from 2 to 101
 2018-06-11 12:31:12:266 CServerGameDesk::HandleNotifyMessage 567: recvive player 1 message with thingID : 37
 2018-06-11 12:31:12:266 HuanZhangRspDelegate::OnSelect 82: player 1 change cards : 26,27,29
 2018-06-11 12:31:13:022 CServerGameDesk::HandleNotifyMessage 567: recvive player 0 message with thingID : 37
 2018-06-11 12:31:13:023 HuanZhangRspDelegate::OnSelect 82: player 0 change cards : 1,2,2
 2018-06-11 12:31:13:905 CServerGameDesk::HandleNotifyMessage 567: recvive player 3 message with thingID : 37
 2018-06-11 12:31:13:905 HuanZhangRspDelegate::OnSelect 82: player 3 change cards : 21,25,27
 2018-06-11 12:31:15:192 CServerGameDesk::HandleNotifyMessage 567: recvive player 2 message with thingID : 37
 2018-06-11 12:31:15:192 HuanZhangRspDelegate::OnSelect 82: player 2 change cards : 13,18,19
 2018-06-11 12:31:15:192 HuanZhangRspDelegate::OnSelect 115: swapPosition 0 -> 1, swapPosition 1 -> 3, swapPosition 2 -> 0, swapPosition 3  -> 2
 2018-06-11 12:31:15:192 MsgDelegateHuanZhangFinish::OnSend 41: player 0 get card  with 13,18,19
 2018-06-11 12:31:15:192 MsgDelegateHuanZhangFinish::OnSend 41: player 1 get card  with 1,2,2
 2018-06-11 12:31:15:192 MsgDelegateHuanZhangFinish::OnSend 41: player 2 get card  with 21,25,27
 2018-06-11 12:31:15:193 MsgDelegateHuanZhangFinish::OnSend 41: player 3 get card  with 26,27,29
 2018-06-11 12:31:20:287 CServerGameDesk::OnBeforeProcedureStart 178: before procedure start, from 101 to 100
 2018-06-11 12:31:20:287 MsgDelegateDingQue::OnSend 105: question ding que
 2018-06-11 12:31:20:287 MsgDelegateDingQue::OnSend 105: question ding que
 2018-06-11 12:31:20:287 MsgDelegateDingQue::OnSend 105: question ding que
 2018-06-11 12:31:20:288 MsgDelegateDingQue::OnSend 105: question ding que
 2018-06-11 12:31:20:288 CServerGameDesk::OnProcedureChanged 203: procedure change from 101 to 100
 2018-06-11 12:31:23:461 CServerGameDesk::HandleNotifyMessage 567: recvive player 1 message with thingID : 26
 2018-06-11 12:31:23:461 MsgDelegateDingQue::OnResponse 149: Player 1 select que men 2
 2018-06-11 12:31:23:860 CServerGameDesk::HandleNotifyMessage 567: recvive player 0 message with thingID : 26
 2018-06-11 12:31:23:860 MsgDelegateDingQue::OnResponse 149: Player 0 select que men 2
 2018-06-11 12:31:27:287 CServerGameDesk::HandleNotifyMessage 567: recvive player 3 message with thingID : 26
 2018-06-11 12:31:27:287 MsgDelegateDingQue::OnResponse 149: Player 3 select que men 0
 2018-06-11 12:31:29:400 CServerGameDesk::HandleNotifyMessage 567: recvive player 2 message with thingID : 26
 2018-06-11 12:31:29:401 MsgDelegateDingQue::OnResponse 149: Player 2 select que men 1
 2018-06-11 12:31:29:411 MsgDelegateFirstRound::SendFirstRound 42: first run
 2018-06-11 12:31:29:725 CServerGameDesk::OnBeforeProcedureStart 178: before procedure start, from 100 to 4
 2018-06-11 12:31:29:725 ProcedureAfterGetCardImpl::OnStart 132: Player 2 find action with hand 4,8,8,21,21,23,23,25,25,27,27,29,35,37 and interceptionList  latest draw card 8
 2018-06-11 12:31:29:726 ProcedureAfterGetCardImpl::OnStart 146: done
 2018-06-11 12:31:29:726 CServerGameDesk::OnProcedureChanged 203: procedure change from 100 to 4
 2018-06-11 12:31:29:788 CServerGameDesk::OnBeforeProcedureStart 178: before procedure start, from 4 to 9
 2018-06-11 12:31:29:788 MsgDelegateWaitDiscard::OnSend 220: waiting on player 2 to discard, with candidates :4,8,8,21,21,23,23,25,25,27,27,29,35,37 !
 2018-06-11 12:31:29:813 CServerGameDesk::OnProcedureChanged 203: procedure change from 4 to 9
 2018-06-11 12:31:31:793 CServerGameDesk::HandleNotifyMessage 567: recvive player 2 message with thingID : 27
 2018-06-11 12:31:31:793 MsgDelegateWaitDiscard::OnResponse 294: player 2 tried to discard(valid:1, expected player:2)
 2018-06-11 12:31:31:793 MsgDelegateWaitDiscard::OnResponse 306: the card is 37
 2018-06-11 12:31:31:793 MsgDelegateWaitDiscard::OnDiscardCard 43: player 2 discard card 37(idx 13)
 2018-06-11 12:31:31:794 MsgDelegateDiscardResult::OnSend 49: player 2 discard 37 0
 2018-06-11 12:31:31:848 CServerGameDesk::OnBeforeProcedureStart 178: before procedure start, from 9 to 6
 2018-06-11 12:31:31:848 ProcedureInterceptCardImpl::OnStart 316: check interceptable card 37 from Player 2
 2018-06-11 12:31:31:848 ProcedureInterceptCardImpl::OnStart 349: Player 0 have actions type:2 from:2 card:37 cards:37,37,37
 with hand 5,6,9,13,14,16,18,19,36,37,37,25,28 interceptions  card 37
 2018-06-11 12:31:31:848 ProcedureInterceptCardImpl::OnStart 355: question sent
 2018-06-11 12:31:31:849 MsgDelegateInterception::OnSend 126: intercepted card : 37
 2018-06-11 12:31:31:849 MsgDelegateInterception::OnSend 127: player 0 have actions type:2 from:2 card:37 cards:37,37,37

 2018-06-11 12:31:31:849 CServerGameDesk::OnProcedureChanged 203: procedure change from 9 to 6
 2018-06-11 12:31:33:491 CServerGameDesk::HandleNotifyMessage 567: recvive player 0 message with thingID : 31
 2018-06-11 12:31:33:491 MsgDelegateInterception::Peng 213: player 0 select 37
 2018-06-11 12:31:33:537 CServerGameDesk::OnBeforeProcedureStart 178: before procedure start, from 6 to 7
 2018-06-11 12:31:33:538 MsgDelegateInterceptionResult::OnSend 28: player 0 do with type 2
 2018-06-11 12:31:33:538 ProcedureDetermineInterceptJumpDelegateImpl::JumpAfterAction 91:  active player changed 2 -> 0
 2018-06-11 12:31:33:538 CServerGameDesk::OnProcedureChanged 203: procedure change from 6 to 7
 2018-06-11 12:31:33:599 CServerGameDesk::OnBeforeProcedureStart 178: before procedure start, from 7 to 8
 2018-06-11 12:31:33:599 ProcedureAfterGetCardImpl::OnStart 132: Player 0 find action with hand 5,6,9,13,14,16,18,19,36,25,28 and interceptionList type:2 from:2 card:37 cards:37,37,37
 latest draw card 255
 2018-06-11 12:31:33:599 ProcedureAfterGetCardImpl::OnStart 146: done
 2018-06-11 12:31:33:599 CServerGameDesk::OnProcedureChanged 203: procedure change from 7 to 8
 2018-06-11 12:31:33:663 CServerGameDesk::OnBeforeProcedureStart 178: before procedure start, from 8 to 9
 2018-06-11 12:31:33:663 MsgDelegateWaitDiscard::OnSend 220: waiting on player 0 to discard, with candidates :25,28 !
 2018-06-11 12:31:33:680 CServerGameDesk::OnProcedureChanged 203: procedure change from 8 to 9
 2018-06-11 12:31:35:673 CServerGameDesk::HandleNotifyMessage 567: recvive player 0 message with thingID : 27
 2018-06-11 12:31:35:673 MsgDelegateWaitDiscard::OnResponse 294: player 0 tried to discard(valid:1, expected player:0)
 2018-06-11 12:31:35:673 MsgDelegateWaitDiscard::OnResponse 306: the card is 25
 2018-06-11 12:31:35:673 MsgDelegateWaitDiscard::OnDiscardCard 43: player 0 discard card 25(idx 9)
 2018-06-11 12:31:35:675 MsgDelegateDiscardResult::OnSend 49: player 0 discard 25 0
 2018-06-11 12:31:35:725 CServerGameDesk::OnBeforeProcedureStart 178: before procedure start, from 9 to 6
 2018-06-11 12:31:35:725 ProcedureInterceptCardImpl::OnStart 316: check interceptable card 25 from Player 0
 2018-06-11 12:31:35:725 ProcedureInterceptCardImpl::OnStart 349: Player 2 have actions type:2 from:0 card:25 cards:25,25,25
 with hand 4,8,8,21,21,23,23,25,25,27,27,29,35 interceptions  card 25
 2018-06-11 12:31:35:726 ProcedureInterceptCardImpl::OnStart 355: question sent
 2018-06-11 12:31:35:726 MsgDelegateInterception::OnSend 126: intercepted card : 25
 2018-06-11 12:31:35:726 MsgDelegateInterception::OnSend 127: player 2 have actions type:2 from:0 card:25 cards:25,25,25

 2018-06-11 12:31:35:726 CServerGameDesk::OnProcedureChanged 203: procedure change from 9 to 6
 2018-06-11 12:31:38:412 CServerGameDesk::HandleNotifyMessage 567: recvive player 2 message with thingID : 31
 2018-06-11 12:31:38:412 MsgDelegateInterception::Peng 213: player 2 select 25
 2018-06-11 12:31:38:478 CServerGameDesk::OnBeforeProcedureStart 178: before procedure start, from 6 to 7
 2018-06-11 12:31:38:478 MsgDelegateInterceptionResult::OnSend 28: player 2 do with type 2
 2018-06-11 12:31:38:479 ProcedureDetermineInterceptJumpDelegateImpl::JumpAfterAction 91:  active player changed 0 -> 2
 2018-06-11 12:31:38:479 CServerGameDesk::OnProcedureChanged 203: procedure change from 6 to 7
 2018-06-11 12:31:38:537 CServerGameDesk::OnBeforeProcedureStart 178: before procedure start, from 7 to 8
 2018-06-11 12:31:38:537 ProcedureAfterGetCardImpl::OnStart 132: Player 2 find action with hand 4,8,8,21,21,23,23,27,27,29,35 and interceptionList type:2 from:0 card:25 cards:25,25,25
 latest draw card 255
 2018-06-11 12:31:38:537 ProcedureAfterGetCardImpl::OnStart 146: done
 2018-06-11 12:31:38:537 CServerGameDesk::OnProcedureChanged 203: procedure change from 7 to 8
 2018-06-11 12:31:38:598 CServerGameDesk::OnBeforeProcedureStart 178: before procedure start, from 8 to 9
 2018-06-11 12:31:38:598 MsgDelegateWaitDiscard::OnSend 220: waiting on player 2 to discard, with candidates :4,8,8,21,21,23,23,27,27,29,35 !
 2018-06-11 12:31:38:613 CServerGameDesk::OnProcedureChanged 203: procedure change from 8 to 9
 2018-06-11 12:31:40:227 CServerGameDesk::HandleNotifyMessage 567: recvive player 2 message with thingID : 27
 2018-06-11 12:31:40:228 MsgDelegateWaitDiscard::OnResponse 294: player 2 tried to discard(valid:1, expected player:2)
 2018-06-11 12:31:40:228 MsgDelegateWaitDiscard::OnResponse 306: the card is 37
 2018-06-11 12:31:40:228 ClientMsgProxy<class CServerGameDesk>::OnReceive 89: player 2 Out Card error
 2018-06-11 12:31:40:668 CServerGameDesk::HandleNotifyMessage 567: recvive player 1 message with thingID : 74
 2018-06-11 12:31:43:876 CServerGameDesk::HandleNotifyMessage 567: recvive player 1 message with thingID : 27
 2018-06-11 12:31:43:876 MsgDelegateWaitDiscard::OnResponse 294: player 1 tried to discard(valid:1, expected player:2)
 2018-06-11 12:31:43:876 ClientMsgProxy<class CServerGameDesk>::OnReceive 89: player 1 Out Card error
 2018-06-11 12:31:46:320 CServerGameDesk::HandleNotifyMessage 567: recvive player 2 message with thingID : 27
 2018-06-11 12:31:46:320 MsgDelegateWaitDiscard::OnResponse 294: player 2 tried to discard(valid:1, expected player:2)
 2018-06-11 12:31:46:320 MsgDelegateWaitDiscard::OnResponse 306: the card is 35
 2018-06-11 12:31:46:320 MsgDelegateWaitDiscard::OnDiscardCard 43: player 2 discard card 35(idx 10)
 2018-06-11 12:31:46:321 MsgDelegateDiscardResult::OnSend 49: player 2 discard 35 0
 2018-06-11 12:31:46:350 CServerGameDesk::OnBeforeProcedureStart 178: before procedure start, from 9 to 6
 2018-06-11 12:31:46:351 ProcedureInterceptCardImpl::OnStart 316: check interceptable card 35 from Player 2
 2018-06-11 12:31:46:351 ProcedureInterceptCardJumpDelegateImpl::JumpWhenNoAction 47:  active player changed 2 -> 1
 2018-06-11 12:31:46:351 CServerGameDesk::OnProcedureChanged 203: procedure change from 9 to 6
 2018-06-11 12:31:46:412 CServerGameDesk::OnBeforeProcedureStart 178: before procedure start, from 6 to 3
 2018-06-11 12:31:46:413 MsgDelegateDrawCard::OnSend 61: 1 draw card 1
 2018-06-11 12:31:46:413 CServerGameDesk::OnProcedureChanged 203: procedure change from 6 to 3
 2018-06-11 12:31:46:476 CServerGameDesk::OnBeforeProcedureStart 178: before procedure start, from 3 to 4
 2018-06-11 12:31:46:476 ProcedureAfterGetCardImpl::OnStart 132: Player 1 find action with hand 1,2,2,2,3,5,9,9,11,11,11,12,21,1 and interceptionList  latest draw card 1
 2018-06-11 12:31:46:476 ProcedureAfterGetCardImpl::OnStart 146: done
 2018-06-11 12:31:46:476 CServerGameDesk::OnProcedureChanged 203: procedure change from 3 to 4
 2018-06-11 12:31:46:538 CServerGameDesk::OnBeforeProcedureStart 178: before procedure start, from 4 to 9
 2018-06-11 12:31:46:538 MsgDelegateWaitDiscard::OnSend 220: waiting on player 1 to discard, with candidates :21 !
 2018-06-11 12:31:46:574 CServerGameDesk::OnProcedureChanged 203: procedure change from 4 to 9
 2018-06-11 12:31:47:538 MsgDelegateWaitDiscard::OnDiscardCard 43: player 1 discard card 21(idx 12)
 2018-06-11 12:31:47:539 MsgDelegateDiscardResult::OnSend 49: player 1 discard 21 0
 2018-06-11 12:31:47:599 CServerGameDesk::OnBeforeProcedureStart 178: before procedure start, from 9 to 6
 2018-06-11 12:31:47:599 ProcedureInterceptCardImpl::OnStart 316: check interceptable card 21 from Player 1
 2018-06-11 12:31:47:600 ProcedureInterceptCardImpl::OnStart 349: Player 2 have actions type:2 from:1 card:21 cards:21,21,21
 with hand 4,8,8,21,21,23,23,27,27,29 interceptions type:2 from:0 card:25 cards:25,25,25
 card 21
 2018-06-11 12:31:47:600 ProcedureInterceptCardImpl::OnStart 355: question sent
 2018-06-11 12:31:47:600 MsgDelegateInterception::OnSend 126: intercepted card : 21
 2018-06-11 12:31:47:600 MsgDelegateInterception::OnSend 127: player 2 have actions type:2 from:1 card:21 cards:21,21,21

 2018-06-11 12:31:47:601 CServerGameDesk::OnProcedureChanged 203: procedure change from 9 to 6
 2018-06-11 12:31:48:866 CServerGameDesk::HandleNotifyMessage 567: recvive player 1 message with thingID : 74
 2018-06-11 12:31:49:762 CServerGameDesk::HandleNotifyMessage 567: recvive player 2 message with thingID : 31
 2018-06-11 12:31:49:762 MsgDelegateInterception::Peng 213: player 2 select 21
 2018-06-11 12:31:49:788 CServerGameDesk::OnBeforeProcedureStart 178: before procedure start, from 6 to 7
 2018-06-11 12:31:49:788 MsgDelegateInterceptionResult::OnSend 28: player 2 do with type 2
 2018-06-11 12:31:49:789 ProcedureDetermineInterceptJumpDelegateImpl::JumpAfterAction 91:  active player changed 1 -> 2
 2018-06-11 12:31:49:789 CServerGameDesk::OnProcedureChanged 203: procedure change from 6 to 7
 2018-06-11 12:31:49:850 CServerGameDesk::OnBeforeProcedureStart 178: before procedure start, from 7 to 8
 2018-06-11 12:31:49:850 ProcedureAfterGetCardImpl::OnStart 132: Player 2 find action with hand 4,8,8,23,23,27,27,29 and interceptionList type:2 from:0 card:25 cards:25,25,25
type:2 from:1 card:21 cards:21,21,21
 latest draw card 255
 2018-06-11 12:31:49:850 ProcedureAfterGetCardImpl::OnStart 146: done
 2018-06-11 12:31:49:850 CServerGameDesk::OnProcedureChanged 203: procedure change from 7 to 8
 2018-06-11 12:31:49:912 CServerGameDesk::OnBeforeProcedureStart 178: before procedure start, from 8 to 9
 2018-06-11 12:31:49:912 MsgDelegateWaitDiscard::OnSend 220: waiting on player 2 to discard, with candidates :4,8,8,23,23,27,27,29 !
 2018-06-11 12:31:49:922 CServerGameDesk::OnProcedureChanged 203: procedure change from 8 to 9
 2018-06-11 12:31:53:447 CServerGameDesk::HandleNotifyMessage 567: recvive player 2 message with thingID : 27
 2018-06-11 12:31:53:447 MsgDelegateWaitDiscard::OnResponse 294: player 2 tried to discard(valid:1, expected player:2)
 2018-06-11 12:31:53:447 MsgDelegateWaitDiscard::OnResponse 306: the card is 29
 2018-06-11 12:31:53:447 MsgDelegateWaitDiscard::OnDiscardCard 43: player 2 discard card 29(idx 7)
 2018-06-11 12:31:53:448 MsgDelegateDiscardResult::OnSend 49: player 2 discard 29 0
 2018-06-11 12:31:53:473 CServerGameDesk::OnBeforeProcedureStart 178: before procedure start, from 9 to 6
 2018-06-11 12:31:53:473 ProcedureInterceptCardImpl::OnStart 316: check interceptable card 29 from Player 2
 2018-06-11 12:31:53:474 ProcedureInterceptCardJumpDelegateImpl::JumpWhenNoAction 47:  active player changed 2 -> 1
 2018-06-11 12:31:53:474 CServerGameDesk::OnProcedureChanged 203: procedure change from 9 to 6
 2018-06-11 12:31:53:539 CServerGameDesk::OnBeforeProcedureStart 178: before procedure start, from 6 to 3
 2018-06-11 12:31:53:541 MsgDelegateDrawCard::OnSend 61: 1 draw card 19
 2018-06-11 12:31:53:541 CServerGameDesk::OnProcedureChanged 203: procedure change from 6 to 3
 2018-06-11 12:31:53:599 CServerGameDesk::OnBeforeProcedureStart 178: before procedure start, from 3 to 4
 2018-06-11 12:31:53:599 ProcedureAfterGetCardImpl::OnStart 132: Player 1 find action with hand 1,1,2,2,2,3,5,9,9,11,11,11,12,19 and interceptionList  latest draw card 19
 2018-06-11 12:31:53:600 ProcedureAfterGetCardImpl::OnStart 146: done
 2018-06-11 12:31:53:600 CServerGameDesk::OnProcedureChanged 203: procedure change from 3 to 4
 2018-06-11 12:31:53:663 CServerGameDesk::OnBeforeProcedureStart 178: before procedure start, from 4 to 9
 2018-06-11 12:31:53:663 MsgDelegateWaitDiscard::OnSend 220: waiting on player 1 to discard, with candidates :1,1,2,2,2,3,5,9,9,11,11,11,12,19 !
 2018-06-11 12:31:53:699 CServerGameDesk::OnProcedureChanged 203: procedure change from 4 to 9
 2018-06-11 12:31:55:201 CServerGameDesk::HandleNotifyMessage 567: recvive player 1 message with thingID : 27
 2018-06-11 12:31:55:201 MsgDelegateWaitDiscard::OnResponse 294: player 1 tried to discard(valid:1, expected player:1)
 2018-06-11 12:31:55:201 MsgDelegateWaitDiscard::OnResponse 306: the card is 19
 2018-06-11 12:31:55:201 MsgDelegateWaitDiscard::OnDiscardCard 43: player 1 discard card 19(idx 13)
 2018-06-11 12:31:55:202 MsgDelegateDiscardResult::OnSend 49: player 1 discard 19 0
 2018-06-11 12:31:55:223 CServerGameDesk::OnBeforeProcedureStart 178: before procedure start, from 9 to 6
 2018-06-11 12:31:55:223 ProcedureInterceptCardImpl::OnStart 316: check interceptable card 19 from Player 1
 2018-06-11 12:31:55:223 ProcedureInterceptCardJumpDelegateImpl::JumpWhenNoAction 47:  active player changed 1 -> 0
 2018-06-11 12:31:55:223 CServerGameDesk::OnProcedureChanged 203: procedure change from 9 to 6
 2018-06-11 12:31:55:288 CServerGameDesk::OnBeforeProcedureStart 178: before procedure start, from 6 to 3
 2018-06-11 12:31:55:290 MsgDelegateDrawCard::OnSend 61: 0 draw card 12
 2018-06-11 12:31:55:290 CServerGameDesk::OnProcedureChanged 203: procedure change from 6 to 3
 2018-06-11 12:31:55:349 CServerGameDesk::OnBeforeProcedureStart 178: before procedure start, from 3 to 4
 2018-06-11 12:31:55:349 ProcedureAfterGetCardImpl::OnStart 132: Player 0 find action with hand 5,6,9,13,14,16,18,19,36,28,12 and interceptionList type:2 from:2 card:37 cards:37,37,37
 latest draw card 12
 2018-06-11 12:31:55:349 ProcedureAfterGetCardImpl::OnStart 146: done
 2018-06-11 12:31:55:349 CServerGameDesk::OnProcedureChanged 203: procedure change from 3 to 4
 2018-06-11 12:31:55:413 CServerGameDesk::OnBeforeProcedureStart 178: before procedure start, from 4 to 9
 2018-06-11 12:31:55:413 MsgDelegateWaitDiscard::OnSend 220: waiting on player 0 to discard, with candidates :28 !
 2018-06-11 12:31:55:429 CServerGameDesk::OnProcedureChanged 203: procedure change from 4 to 9
 2018-06-11 12:31:56:971 CServerGameDesk::HandleNotifyMessage 567: recvive player 0 message with thingID : 27
 2018-06-11 12:31:56:971 MsgDelegateWaitDiscard::OnResponse 294: player 0 tried to discard(valid:1, expected player:0)
 2018-06-11 12:31:56:971 MsgDelegateWaitDiscard::OnResponse 306: the card is 28
 2018-06-11 12:31:56:971 MsgDelegateWaitDiscard::OnDiscardCard 43: player 0 discard card 28(idx 9)
 2018-06-11 12:31:56:972 MsgDelegateDiscardResult::OnSend 49: player 0 discard 28 0
 2018-06-11 12:31:56:976 CServerGameDesk::OnBeforeProcedureStart 178: before procedure start, from 9 to 6
 2018-06-11 12:31:56:976 ProcedureInterceptCardImpl::OnStart 316: check interceptable card 28 from Player 0
 2018-06-11 12:31:56:976 ProcedureInterceptCardJumpDelegateImpl::JumpWhenNoAction 47:  active player changed 0 -> 3
 2018-06-11 12:31:56:976 CServerGameDesk::OnProcedureChanged 203: procedure change from 9 to 6
 2018-06-11 12:31:57:037 CServerGameDesk::OnBeforeProcedureStart 178: before procedure start, from 6 to 3
 2018-06-11 12:31:57:038 MsgDelegateDrawCard::OnSend 61: 3 draw card 24
 2018-06-11 12:31:57:038 CServerGameDesk::OnProcedureChanged 203: procedure change from 6 to 3
 2018-06-11 12:31:57:099 CServerGameDesk::OnBeforeProcedureStart 178: before procedure start, from 3 to 4
 2018-06-11 12:31:57:100 ProcedureAfterGetCardImpl::OnStart 132: Player 3 find action with hand 13,14,15,18,19,26,27,28,29,1,3,4,4,24 and interceptionList  latest draw card 24
 2018-06-11 12:31:57:100 ProcedureAfterGetCardImpl::OnStart 146: done
 2018-06-11 12:31:57:100 CServerGameDesk::OnProcedureChanged 203: procedure change from 3 to 4
 2018-06-11 12:31:57:162 CServerGameDesk::OnBeforeProcedureStart 178: before procedure start, from 4 to 9
 2018-06-11 12:31:57:162 MsgDelegateWaitDiscard::OnSend 220: waiting on player 3 to discard, with candidates :1,3,4,4 !
 2018-06-11 12:31:57:188 CServerGameDesk::OnProcedureChanged 203: procedure change from 4 to 9
 2018-06-11 12:32:01:561 CServerGameDesk::HandleNotifyMessage 567: recvive player 3 message with thingID : 27
 2018-06-11 12:32:01:561 MsgDelegateWaitDiscard::OnResponse 294: player 3 tried to discard(valid:1, expected player:3)
 2018-06-11 12:32:01:561 MsgDelegateWaitDiscard::OnResponse 306: the card is 1
 2018-06-11 12:32:01:561 MsgDelegateWaitDiscard::OnDiscardCard 43: player 3 discard card 1(idx 9)
 2018-06-11 12:32:01:562 MsgDelegateDiscardResult::OnSend 49: player 3 discard 1 0
 2018-06-11 12:32:01:602 CServerGameDesk::OnBeforeProcedureStart 178: before procedure start, from 9 to 6
 2018-06-11 12:32:01:602 ProcedureInterceptCardImpl::OnStart 316: check interceptable card 1 from Player 3
 2018-06-11 12:32:01:603 ProcedureInterceptCardImpl::OnStart 349: Player 1 have actions type:2 from:3 card:1 cards:1,1,1
 with hand 1,1,2,2,2,3,5,9,9,11,11,11,12 interceptions  card 1
 2018-06-11 12:32:01:603 ProcedureInterceptCardImpl::OnStart 355: question sent
 2018-06-11 12:32:01:603 MsgDelegateInterception::OnSend 126: intercepted card : 1
 2018-06-11 12:32:01:603 MsgDelegateInterception::OnSend 127: player 1 have actions type:2 from:3 card:1 cards:1,1,1

 2018-06-11 12:32:01:604 CServerGameDesk::OnProcedureChanged 203: procedure change from 9 to 6
 2018-06-11 12:32:04:056 CServerGameDesk::HandleNotifyMessage 567: recvive player 1 message with thingID : 31
 2018-06-11 12:32:04:056 MsgDelegateInterception::Peng 213: player 1 select 1
 2018-06-11 12:32:04:100 CServerGameDesk::OnBeforeProcedureStart 178: before procedure start, from 6 to 7
 2018-06-11 12:32:04:100 MsgDelegateInterceptionResult::OnSend 28: player 1 do with type 2
 2018-06-11 12:32:04:101 ProcedureDetermineInterceptJumpDelegateImpl::JumpAfterAction 91:  active player changed 3 -> 1
 2018-06-11 12:32:04:101 CServerGameDesk::OnProcedureChanged 203: procedure change from 6 to 7
 2018-06-11 12:32:04:164 CServerGameDesk::OnBeforeProcedureStart 178: before procedure start, from 7 to 8
 2018-06-11 12:32:04:164 ProcedureAfterGetCardImpl::OnStart 132: Player 1 find action with hand 2,2,2,3,5,9,9,11,11,11,12 and interceptionList type:2 from:3 card:1 cards:1,1,1
 latest draw card 255
 2018-06-11 12:32:04:164 ProcedureAfterGetCardImpl::OnStart 146: done
 2018-06-11 12:32:04:164 CServerGameDesk::OnProcedureChanged 203: procedure change from 7 to 8
 2018-06-11 12:32:04:225 CServerGameDesk::OnBeforeProcedureStart 178: before procedure start, from 8 to 9
 2018-06-11 12:32:04:226 MsgDelegateWaitDiscard::OnSend 220: waiting on player 1 to discard, with candidates :2,2,2,3,5,9,9,11,11,11,12 !
 2018-06-11 12:32:04:249 CServerGameDesk::OnProcedureChanged 203: procedure change from 8 to 9
 2018-06-11 12:32:05:740 CServerGameDesk::HandleNotifyMessage 567: recvive player 1 message with thingID : 27
 2018-06-11 12:32:05:740 MsgDelegateWaitDiscard::OnResponse 294: player 1 tried to discard(valid:1, expected player:1)
 2018-06-11 12:32:05:740 MsgDelegateWaitDiscard::OnResponse 306: the card is 12
 2018-06-11 12:32:05:740 MsgDelegateWaitDiscard::OnDiscardCard 43: player 1 discard card 12(idx 10)
 2018-06-11 12:32:05:741 MsgDelegateDiscardResult::OnSend 49: player 1 discard 12 0
 2018-06-11 12:32:05:787 CServerGameDesk::OnBeforeProcedureStart 178: before procedure start, from 9 to 6
 2018-06-11 12:32:05:788 ProcedureInterceptCardImpl::OnStart 316: check interceptable card 12 from Player 1
 2018-06-11 12:32:05:788 ProcedureInterceptCardJumpDelegateImpl::JumpWhenNoAction 47:  active player changed 1 -> 0
 2018-06-11 12:32:05:788 CServerGameDesk::OnProcedureChanged 203: procedure change from 9 to 6
 2018-06-11 12:32:05:849 CServerGameDesk::OnBeforeProcedureStart 178: before procedure start, from 6 to 3
 2018-06-11 12:32:05:850 MsgDelegateDrawCard::OnSend 61: 0 draw card 6
 2018-06-11 12:32:05:851 CServerGameDesk::OnProcedureChanged 203: procedure change from 6 to 3
 2018-06-11 12:32:05:912 CServerGameDesk::OnBeforeProcedureStart 178: before procedure start, from 3 to 4
 2018-06-11 12:32:05:912 ProcedureAfterGetCardImpl::OnStart 132: Player 0 find action with hand 5,6,9,12,13,14,16,18,19,36,6 and interceptionList type:2 from:2 card:37 cards:37,37,37
 latest draw card 6
 2018-06-11 12:32:05:912 ProcedureAfterGetCardImpl::OnStart 146: done
 2018-06-11 12:32:05:912 CServerGameDesk::OnProcedureChanged 203: procedure change from 3 to 4
 2018-06-11 12:32:05:974 CServerGameDesk::OnBeforeProcedureStart 178: before procedure start, from 4 to 9
 2018-06-11 12:32:05:974 MsgDelegateWaitDiscard::OnSend 220: waiting on player 0 to discard, with candidates :5,6,9,12,13,14,16,18,19,36,6 !
 2018-06-11 12:32:05:991 CServerGameDesk::OnProcedureChanged 203: procedure change from 4 to 9
 2018-06-11 12:32:08:914 CServerGameDesk::HandleNotifyMessage 567: recvive player 0 message with thingID : 27
 2018-06-11 12:32:08:914 MsgDelegateWaitDiscard::OnResponse 294: player 0 tried to discard(valid:1, expected player:0)
 2018-06-11 12:32:08:914 MsgDelegateWaitDiscard::OnResponse 306: the card is 36
 2018-06-11 12:32:08:914 MsgDelegateWaitDiscard::OnDiscardCard 43: player 0 discard card 36(idx 9)
 2018-06-11 12:32:08:915 MsgDelegateDiscardResult::OnSend 49: player 0 discard 36 0
 2018-06-11 12:32:08:976 CServerGameDesk::OnBeforeProcedureStart 178: before procedure start, from 9 to 6
 2018-06-11 12:32:08:976 ProcedureInterceptCardImpl::OnStart 316: check interceptable card 36 from Player 0
 2018-06-11 12:32:08:977 ProcedureInterceptCardJumpDelegateImpl::JumpWhenNoAction 47:  active player changed 0 -> 3
 2018-06-11 12:32:08:977 CServerGameDesk::OnProcedureChanged 203: procedure change from 9 to 6
 2018-06-11 12:32:09:037 CServerGameDesk::OnBeforeProcedureStart 178: before procedure start, from 6 to 3
 2018-06-11 12:32:09:038 MsgDelegateDrawCard::OnSend 61: 3 draw card 17
 2018-06-11 12:32:09:038 CServerGameDesk::OnProcedureChanged 203: procedure change from 6 to 3
 2018-06-11 12:32:09:101 CServerGameDesk::OnBeforeProcedureStart 178: before procedure start, from 3 to 4
 2018-06-11 12:32:09:102 ProcedureAfterGetCardImpl::OnStart 132: Player 3 find action with hand 13,14,15,18,19,24,26,27,28,29,3,4,4,17 and interceptionList  latest draw card 17
 2018-06-11 12:32:09:102 ProcedureAfterGetCardImpl::OnStart 146: done
 2018-06-11 12:32:09:102 CServerGameDesk::OnProcedureChanged 203: procedure change from 3 to 4
 2018-06-11 12:32:09:163 CServerGameDesk::OnBeforeProcedureStart 178: before procedure start, from 4 to 9
 2018-06-11 12:32:09:164 MsgDelegateWaitDiscard::OnSend 220: waiting on player 3 to discard, with candidates :3,4,4 !
 2018-06-11 12:32:09:190 CServerGameDesk::OnProcedureChanged 203: procedure change from 4 to 9
 2018-06-11 12:32:11:331 CServerGameDesk::HandleNotifyMessage 567: recvive player 3 message with thingID : 27
 2018-06-11 12:32:11:331 MsgDelegateWaitDiscard::OnResponse 294: player 3 tried to discard(valid:1, expected player:3)
 2018-06-11 12:32:11:331 MsgDelegateWaitDiscard::OnResponse 306: the card is 3
 2018-06-11 12:32:11:331 MsgDelegateWaitDiscard::OnDiscardCard 43: player 3 discard card 3(idx 10)
 2018-06-11 12:32:11:332 MsgDelegateDiscardResult::OnSend 49: player 3 discard 3 0
 2018-06-11 12:32:11:352 CServerGameDesk::OnBeforeProcedureStart 178: before procedure start, from 9 to 6
 2018-06-11 12:32:11:352 ProcedureInterceptCardImpl::OnStart 316: check interceptable card 3 from Player 3
 2018-06-11 12:32:11:353 ProcedureInterceptCardJumpDelegateImpl::JumpWhenNoAction 47:  active player changed 3 -> 2
 2018-06-11 12:32:11:353 CServerGameDesk::OnProcedureChanged 203: procedure change from 9 to 6
 2018-06-11 12:32:11:413 CServerGameDesk::OnBeforeProcedureStart 178: before procedure start, from 6 to 3
 2018-06-11 12:32:11:414 MsgDelegateDrawCard::OnSend 61: 2 draw card 36
 2018-06-11 12:32:11:414 CServerGameDesk::OnProcedureChanged 203: procedure change from 6 to 3
 2018-06-11 12:32:11:474 CServerGameDesk::OnBeforeProcedureStart 178: before procedure start, from 3 to 4
 2018-06-11 12:32:11:474 ProcedureAfterGetCardImpl::OnStart 132: Player 2 find action with hand 4,8,8,23,23,27,27,36 and interceptionList type:2 from:0 card:25 cards:25,25,25
type:2 from:1 card:21 cards:21,21,21
 latest draw card 36
 2018-06-11 12:32:11:475 ProcedureAfterGetCardImpl::OnStart 146: done
 2018-06-11 12:32:11:475 CServerGameDesk::OnProcedureChanged 203: procedure change from 3 to 4
 2018-06-11 12:32:11:540 CServerGameDesk::OnBeforeProcedureStart 178: before procedure start, from 4 to 9
 2018-06-11 12:32:11:540 MsgDelegateWaitDiscard::OnSend 220: waiting on player 2 to discard, with candidates :4,8,8,23,23,27,27,36 !
 2018-06-11 12:32:11:548 CServerGameDesk::OnProcedureChanged 203: procedure change from 4 to 9
 2018-06-11 12:32:13:952 CServerGameDesk::HandleNotifyMessage 567: recvive player 2 message with thingID : 27
 2018-06-11 12:32:13:952 MsgDelegateWaitDiscard::OnResponse 294: player 2 tried to discard(valid:1, expected player:2)
 2018-06-11 12:32:13:952 MsgDelegateWaitDiscard::OnResponse 306: the card is 36
 2018-06-11 12:32:13:952 MsgDelegateWaitDiscard::OnDiscardCard 43: player 2 discard card 36(idx 7)
 2018-06-11 12:32:13:953 MsgDelegateDiscardResult::OnSend 49: player 2 discard 36 0
 2018-06-11 12:32:13:976 CServerGameDesk::OnBeforeProcedureStart 178: before procedure start, from 9 to 6
 2018-06-11 12:32:13:976 ProcedureInterceptCardImpl::OnStart 316: check interceptable card 36 from Player 2
 2018-06-11 12:32:13:977 ProcedureInterceptCardJumpDelegateImpl::JumpWhenNoAction 47:  active player changed 2 -> 1
 2018-06-11 12:32:13:977 CServerGameDesk::OnProcedureChanged 203: procedure change from 9 to 6
 2018-06-11 12:32:14:038 CServerGameDesk::OnBeforeProcedureStart 178: before procedure start, from 6 to 3
 2018-06-11 12:32:14:039 MsgDelegateDrawCard::OnSend 61: 1 draw card 28
 2018-06-11 12:32:14:039 CServerGameDesk::OnProcedureChanged 203: procedure change from 6 to 3
 2018-06-11 12:32:14:099 CServerGameDesk::OnBeforeProcedureStart 178: before procedure start, from 3 to 4
 2018-06-11 12:32:14:099 ProcedureAfterGetCardImpl::OnStart 132: Player 1 find action with hand 2,2,2,3,5,9,9,11,11,11,28 and interceptionList type:2 from:3 card:1 cards:1,1,1
 latest draw card 28
 2018-06-11 12:32:14:099 ProcedureAfterGetCardImpl::OnStart 146: done
 2018-06-11 12:32:14:099 CServerGameDesk::OnProcedureChanged 203: procedure change from 3 to 4
 2018-06-11 12:32:14:165 CServerGameDesk::OnBeforeProcedureStart 178: before procedure start, from 4 to 9
 2018-06-11 12:32:14:165 MsgDelegateWaitDiscard::OnSend 220: waiting on player 1 to discard, with candidates :28 !
 2018-06-11 12:32:14:187 CServerGameDesk::OnProcedureChanged 203: procedure change from 4 to 9
 2018-06-11 12:32:19:464 CServerGameDesk::HandleNotifyMessage 567: recvive player 1 message with thingID : 27
 2018-06-11 12:32:19:464 MsgDelegateWaitDiscard::OnResponse 294: player 1 tried to discard(valid:1, expected player:1)
 2018-06-11 12:32:19:464 MsgDelegateWaitDiscard::OnResponse 306: the card is 28
 2018-06-11 12:32:19:464 MsgDelegateWaitDiscard::OnDiscardCard 43: player 1 discard card 28(idx 10)
 2018-06-11 12:32:19:465 MsgDelegateDiscardResult::OnSend 49: player 1 discard 28 1
 2018-06-11 12:32:19:475 CServerGameDesk::OnBeforeProcedureStart 178: before procedure start, from 9 to 6
 2018-06-11 12:32:19:475 ProcedureInterceptCardImpl::OnStart 316: check interceptable card 28 from Player 1
 2018-06-11 12:32:19:475 ProcedureInterceptCardJumpDelegateImpl::JumpWhenNoAction 47:  active player changed 1 -> 0
 2018-06-11 12:32:19:475 CServerGameDesk::OnProcedureChanged 203: procedure change from 9 to 6
 2018-06-11 12:32:19:540 CServerGameDesk::OnBeforeProcedureStart 178: before procedure start, from 6 to 3
 2018-06-11 12:32:19:541 MsgDelegateDrawCard::OnSend 61: 0 draw card 16
 2018-06-11 12:32:19:541 CServerGameDesk::OnProcedureChanged 203: procedure change from 6 to 3
 2018-06-11 12:32:19:599 CServerGameDesk::OnBeforeProcedureStart 178: before procedure start, from 3 to 4
 2018-06-11 12:32:19:599 ProcedureAfterGetCardImpl::OnStart 132: Player 0 find action with hand 5,6,6,9,12,13,14,16,18,19,16 and interceptionList type:2 from:2 card:37 cards:37,37,37
 latest draw card 16
 2018-06-11 12:32:19:599 ProcedureAfterGetCardImpl::OnStart 146: done
 2018-06-11 12:32:19:599 CServerGameDesk::OnProcedureChanged 203: procedure change from 3 to 4
 2018-06-11 12:32:19:669 CServerGameDesk::OnBeforeProcedureStart 178: before procedure start, from 4 to 9
 2018-06-11 12:32:19:669 MsgDelegateWaitDiscard::OnSend 220: waiting on player 0 to discard, with candidates :5,6,6,9,12,13,14,16,18,19,16 !
 2018-06-11 12:32:19:685 CServerGameDesk::OnProcedureChanged 203: procedure change from 4 to 9
 2018-06-11 12:32:27:005 CServerGameDesk::HandleNotifyMessage 567: recvive player 0 message with thingID : 27
 2018-06-11 12:32:27:006 MsgDelegateWaitDiscard::OnResponse 294: player 0 tried to discard(valid:1, expected player:0)
 2018-06-11 12:32:27:006 MsgDelegateWaitDiscard::OnResponse 306: the card is 9
 2018-06-11 12:32:27:006 MsgDelegateWaitDiscard::OnDiscardCard 43: player 0 discard card 9(idx 3)
 2018-06-11 12:32:27:007 MsgDelegateDiscardResult::OnSend 49: player 0 discard 9 0
 2018-06-11 12:32:27:040 CServerGameDesk::OnBeforeProcedureStart 178: before procedure start, from 9 to 6
 2018-06-11 12:32:27:040 ProcedureInterceptCardImpl::OnStart 316: check interceptable card 9 from Player 0
 2018-06-11 12:32:27:041 ProcedureInterceptCardImpl::OnStart 349: Player 1 have actions type:2 from:0 card:9 cards:9,9,9
 with hand 2,2,2,3,5,9,9,11,11,11 interceptions type:2 from:3 card:1 cards:1,1,1
 card 9
 2018-06-11 12:32:27:041 ProcedureInterceptCardImpl::OnStart 355: question sent
 2018-06-11 12:32:27:042 MsgDelegateInterception::OnSend 126: intercepted card : 9
 2018-06-11 12:32:27:042 MsgDelegateInterception::OnSend 127: player 1 have actions type:2 from:0 card:9 cards:9,9,9

 2018-06-11 12:32:27:042 CServerGameDesk::OnProcedureChanged 203: procedure change from 9 to 6
 2018-06-11 12:32:30:443 CServerGameDesk::HandleNotifyMessage 567: recvive player 1 message with thingID : 31
 2018-06-11 12:32:30:443 MsgDelegateInterception::Peng 213: player 1 select 9
 2018-06-11 12:32:30:479 CServerGameDesk::OnBeforeProcedureStart 178: before procedure start, from 6 to 7
 2018-06-11 12:32:30:479 MsgDelegateInterceptionResult::OnSend 28: player 1 do with type 2
 2018-06-11 12:32:30:480 ProcedureDetermineInterceptJumpDelegateImpl::JumpAfterAction 91:  active player changed 0 -> 1
 2018-06-11 12:32:30:480 CServerGameDesk::OnProcedureChanged 203: procedure change from 6 to 7
 2018-06-11 12:32:30:540 CServerGameDesk::OnBeforeProcedureStart 178: before procedure start, from 7 to 8
 2018-06-11 12:32:30:540 ProcedureAfterGetCardImpl::OnStart 132: Player 1 find action with hand 2,2,2,3,5,11,11,11 and interceptionList type:2 from:3 card:1 cards:1,1,1
type:2 from:0 card:9 cards:9,9,9
 latest draw card 255
 2018-06-11 12:32:30:540 ProcedureAfterGetCardImpl::OnStart 146: done
 2018-06-11 12:32:30:540 CServerGameDesk::OnProcedureChanged 203: procedure change from 7 to 8
 2018-06-11 12:32:30:606 CServerGameDesk::OnBeforeProcedureStart 178: before procedure start, from 8 to 9
 2018-06-11 12:32:30:606 MsgDelegateWaitDiscard::OnSend 220: waiting on player 1 to discard, with candidates :2,2,2,3,5,11,11,11 !
 2018-06-11 12:32:30:627 CServerGameDesk::OnProcedureChanged 203: procedure change from 8 to 9
 2018-06-11 12:32:31:804 CServerGameDesk::HandleNotifyMessage 567: recvive player 1 message with thingID : 27
 2018-06-11 12:32:31:804 MsgDelegateWaitDiscard::OnResponse 294: player 1 tried to discard(valid:1, expected player:1)
 2018-06-11 12:32:31:804 MsgDelegateWaitDiscard::OnResponse 306: the card is 5
 2018-06-11 12:32:31:804 MsgDelegateWaitDiscard::OnDiscardCard 43: player 1 discard card 5(idx 4)
 2018-06-11 12:32:31:805 MsgDelegateDiscardResult::OnSend 49: player 1 discard 5 1
 2018-06-11 12:32:31:852 CServerGameDesk::OnBeforeProcedureStart 178: before procedure start, from 9 to 6
 2018-06-11 12:32:31:852 ProcedureInterceptCardImpl::OnStart 316: check interceptable card 5 from Player 1
 2018-06-11 12:32:31:853 ProcedureInterceptCardJumpDelegateImpl::JumpWhenNoAction 47:  active player changed 1 -> 0
 2018-06-11 12:32:31:853 CServerGameDesk::OnProcedureChanged 203: procedure change from 9 to 6
 2018-06-11 12:32:31:913 CServerGameDesk::OnBeforeProcedureStart 178: before procedure start, from 6 to 3
 2018-06-11 12:32:31:915 MsgDelegateDrawCard::OnSend 61: 0 draw card 36
 2018-06-11 12:32:31:915 CServerGameDesk::OnProcedureChanged 203: procedure change from 6 to 3
 2018-06-11 12:32:31:975 CServerGameDesk::OnBeforeProcedureStart 178: before procedure start, from 3 to 4
 2018-06-11 12:32:31:975 ProcedureAfterGetCardImpl::OnStart 132: Player 0 find action with hand 5,6,6,12,13,14,16,16,18,19,36 and interceptionList type:2 from:2 card:37 cards:37,37,37
 latest draw card 36
 2018-06-11 12:32:31:975 ProcedureAfterGetCardImpl::OnStart 146: done
 2018-06-11 12:32:31:975 CServerGameDesk::OnProcedureChanged 203: procedure change from 3 to 4
 2018-06-11 12:32:32:039 CServerGameDesk::OnBeforeProcedureStart 178: before procedure start, from 4 to 9
 2018-06-11 12:32:32:039 MsgDelegateWaitDiscard::OnSend 220: waiting on player 0 to discard, with candidates :5,6,6,12,13,14,16,16,18,19,36 !
 2018-06-11 12:32:32:057 CServerGameDesk::OnProcedureChanged 203: procedure change from 4 to 9
 2018-06-11 12:32:34:465 CServerGameDesk::HandleNotifyMessage 567: recvive player 0 message with thingID : 27
 2018-06-11 12:32:34:465 MsgDelegateWaitDiscard::OnResponse 294: player 0 tried to discard(valid:1, expected player:0)
 2018-06-11 12:32:34:465 MsgDelegateWaitDiscard::OnResponse 306: the card is 36
 2018-06-11 12:32:34:465 MsgDelegateWaitDiscard::OnDiscardCard 43: player 0 discard card 36(idx 10)
 2018-06-11 12:32:34:466 MsgDelegateDiscardResult::OnSend 49: player 0 discard 36 0
 2018-06-11 12:32:34:480 CServerGameDesk::OnBeforeProcedureStart 178: before procedure start, from 9 to 6
 2018-06-11 12:32:34:480 ProcedureInterceptCardImpl::OnStart 316: check interceptable card 36 from Player 0
 2018-06-11 12:32:34:480 ProcedureInterceptCardJumpDelegateImpl::JumpWhenNoAction 47:  active player changed 0 -> 3
 2018-06-11 12:32:34:480 CServerGameDesk::OnProcedureChanged 203: procedure change from 9 to 6
 2018-06-11 12:32:34:538 CServerGameDesk::OnBeforeProcedureStart 178: before procedure start, from 6 to 3
 2018-06-11 12:32:34:540 MsgDelegateDrawCard::OnSend 61: 3 draw card 27
 2018-06-11 12:32:34:540 CServerGameDesk::OnProcedureChanged 203: procedure change from 6 to 3
 2018-06-11 12:32:34:600 CServerGameDesk::OnBeforeProcedureStart 178: before procedure start, from 3 to 4
 2018-06-11 12:32:34:600 ProcedureAfterGetCardImpl::OnStart 132: Player 3 find action with hand 13,14,15,17,18,19,24,26,27,28,29,4,4,27 and interceptionList  latest draw card 27
 2018-06-11 12:32:34:600 ProcedureAfterGetCardImpl::OnStart 146: done
 2018-06-11 12:32:34:600 CServerGameDesk::OnProcedureChanged 203: procedure change from 3 to 4
 2018-06-11 12:32:34:664 CServerGameDesk::OnBeforeProcedureStart 178: before procedure start, from 4 to 9
 2018-06-11 12:32:34:664 MsgDelegateWaitDiscard::OnSend 220: waiting on player 3 to discard, with candidates :4,4 !
 2018-06-11 12:32:34:690 CServerGameDesk::OnProcedureChanged 203: procedure change from 4 to 9
 2018-06-11 12:32:36:238 CServerGameDesk::HandleNotifyMessage 567: recvive player 3 message with thingID : 27
 2018-06-11 12:32:36:238 MsgDelegateWaitDiscard::OnResponse 294: player 3 tried to discard(valid:1, expected player:3)
 2018-06-11 12:32:36:238 MsgDelegateWaitDiscard::OnResponse 306: the card is 4
 2018-06-11 12:32:36:238 MsgDelegateWaitDiscard::OnDiscardCard 43: player 3 discard card 4(idx 11)
 2018-06-11 12:32:36:239 MsgDelegateDiscardResult::OnSend 49: player 3 discard 4 1
 2018-06-11 12:32:36:289 CServerGameDesk::OnBeforeProcedureStart 178: before procedure start, from 9 to 6
 2018-06-11 12:32:36:289 ProcedureInterceptCardImpl::OnStart 316: check interceptable card 4 from Player 3
 2018-06-11 12:32:36:289 ProcedureInterceptCardImpl::OnStart 349: Player 1 have actions type:16 from:3 card:4 cards:2,2,2,3,11,11,11,4
 with hand 2,2,2,3,11,11,11 interceptions type:2 from:3 card:1 cards:1,1,1
type:2 from:0 card:9 cards:9,9,9
 card 4
 2018-06-11 12:32:36:289 ProcedureInterceptCardImpl::OnStart 355: question sent
 2018-06-11 12:32:36:290 MsgDelegateInterception::OnSend 126: intercepted card : 4
 2018-06-11 12:32:36:290 MsgDelegateInterception::OnSend 127: player 1 have actions type:16 from:3 card:4 cards:2,2,2,3,11,11,11,4

 2018-06-11 12:32:36:290 CServerGameDesk::OnProcedureChanged 203: procedure change from 9 to 6
 2018-06-11 12:32:39:678 CServerGameDesk::HandleNotifyMessage 567: recvive player 1 message with thingID : 39
 2018-06-11 12:32:39:678 MsgDelegateInterception::Win 265: player 1 select 4
 2018-06-11 12:32:39:727 CServerGameDesk::OnBeforeProcedureStart 178: before procedure start, from 6 to 7
 2018-06-11 12:32:39:730 MsgDelegateInterceptionResult::OnSend 28: player 1 do with type 16
 2018-06-11 12:32:39:731 ProcedureDetermineInterceptJumpDelegateImpl::JumpAfterAction 91:  active player changed 3 -> 0
 2018-06-11 12:32:39:731 CServerGameDesk::OnProcedureChanged 203: procedure change from 6 to 7
 2018-06-11 12:32:39:791 CServerGameDesk::OnBeforeProcedureStart 178: before procedure start, from 7 to 3
 2018-06-11 12:32:39:792 MsgDelegateDrawCard::OnSend 61: 0 draw card 14
 2018-06-11 12:32:39:792 CServerGameDesk::OnProcedureChanged 203: procedure change from 7 to 3
 2018-06-11 12:32:39:850 CServerGameDesk::OnBeforeProcedureStart 178: before procedure start, from 3 to 4
 2018-06-11 12:32:39:850 ProcedureAfterGetCardImpl::OnStart 132: Player 0 find action with hand 5,6,6,12,13,14,16,16,18,19,14 and interceptionList type:2 from:2 card:37 cards:37,37,37
 latest draw card 14
 2018-06-11 12:32:39:851 ProcedureAfterGetCardImpl::OnStart 146: done
 2018-06-11 12:32:39:851 CServerGameDesk::OnProcedureChanged 203: procedure change from 3 to 4
 2018-06-11 12:32:39:915 CServerGameDesk::OnBeforeProcedureStart 178: before procedure start, from 4 to 9
 2018-06-11 12:32:39:915 MsgDelegateWaitDiscard::OnSend 220: waiting on player 0 to discard, with candidates :5,6,6,12,13,14,16,16,18,19,14 !
 2018-06-11 12:32:39:931 CServerGameDesk::OnProcedureChanged 203: procedure change from 4 to 9
 2018-06-11 12:32:45:639 CServerGameDesk::HandleNotifyMessage 567: recvive player 0 message with thingID : 27
 2018-06-11 12:32:45:639 MsgDelegateWaitDiscard::OnResponse 294: player 0 tried to discard(valid:1, expected player:0)
 2018-06-11 12:32:45:639 MsgDelegateWaitDiscard::OnResponse 306: the card is 5
 2018-06-11 12:32:45:639 MsgDelegateWaitDiscard::OnDiscardCard 43: player 0 discard card 5(idx 0)
 2018-06-11 12:32:45:639 MsgDelegateDiscardResult::OnSend 49: player 0 discard 5 0
 2018-06-11 12:32:45:666 CServerGameDesk::OnBeforeProcedureStart 178: before procedure start, from 9 to 6
 2018-06-11 12:32:45:667 ProcedureInterceptCardImpl::OnStart 316: check interceptable card 5 from Player 0
 2018-06-11 12:32:45:667 ProcedureInterceptCardJumpDelegateImpl::JumpWhenNoAction 47:  active player changed 0 -> 3
 2018-06-11 12:32:45:667 CServerGameDesk::OnProcedureChanged 203: procedure change from 9 to 6
 2018-06-11 12:32:45:727 CServerGameDesk::OnBeforeProcedureStart 178: before procedure start, from 6 to 3
 2018-06-11 12:32:45:728 MsgDelegateDrawCard::OnSend 61: 3 draw card 22
 2018-06-11 12:32:45:728 CServerGameDesk::OnProcedureChanged 203: procedure change from 6 to 3
 2018-06-11 12:32:45:790 CServerGameDesk::OnBeforeProcedureStart 178: before procedure start, from 3 to 4
 2018-06-11 12:32:45:790 ProcedureAfterGetCardImpl::OnStart 132: Player 3 find action with hand 13,14,15,17,18,19,24,26,27,27,28,29,4,22 and interceptionList  latest draw card 22
 2018-06-11 12:32:45:790 ProcedureAfterGetCardImpl::OnStart 146: done
 2018-06-11 12:32:45:790 CServerGameDesk::OnProcedureChanged 203: procedure change from 3 to 4
 2018-06-11 12:32:45:852 CServerGameDesk::OnBeforeProcedureStart 178: before procedure start, from 4 to 9
 2018-06-11 12:32:45:852 MsgDelegateWaitDiscard::OnSend 220: waiting on player 3 to discard, with candidates :4 !
 2018-06-11 12:32:45:877 CServerGameDesk::OnProcedureChanged 203: procedure change from 4 to 9
 2018-06-11 12:32:47:767 CServerGameDesk::HandleNotifyMessage 567: recvive player 3 message with thingID : 27
 2018-06-11 12:32:47:767 MsgDelegateWaitDiscard::OnResponse 294: player 3 tried to discard(valid:1, expected player:3)
 2018-06-11 12:32:47:767 MsgDelegateWaitDiscard::OnResponse 306: the card is 4
 2018-06-11 12:32:47:767 MsgDelegateWaitDiscard::OnDiscardCard 43: player 3 discard card 4(idx 12)
 2018-06-11 12:32:47:768 MsgDelegateDiscardResult::OnSend 49: player 3 discard 4 0
 2018-06-11 12:32:47:791 CServerGameDesk::OnBeforeProcedureStart 178: before procedure start, from 9 to 6
 2018-06-11 12:32:47:791 ProcedureInterceptCardImpl::OnStart 316: check interceptable card 4 from Player 3
 2018-06-11 12:32:47:792 ProcedureInterceptCardJumpDelegateImpl::JumpWhenNoAction 47:  active player changed 3 -> 2
 2018-06-11 12:32:47:792 CServerGameDesk::OnProcedureChanged 203: procedure change from 9 to 6
 2018-06-11 12:32:47:851 CServerGameDesk::OnBeforeProcedureStart 178: before procedure start, from 6 to 3
 2018-06-11 12:32:47:852 MsgDelegateDrawCard::OnSend 61: 2 draw card 2
 2018-06-11 12:32:47:852 CServerGameDesk::OnProcedureChanged 203: procedure change from 6 to 3
 2018-06-11 12:32:47:915 CServerGameDesk::OnBeforeProcedureStart 178: before procedure start, from 3 to 4
 2018-06-11 12:32:47:915 ProcedureAfterGetCardImpl::OnStart 132: Player 2 find action with hand 4,8,8,23,23,27,27,2 and interceptionList type:2 from:0 card:25 cards:25,25,25
type:2 from:1 card:21 cards:21,21,21
 latest draw card 2
 2018-06-11 12:32:47:915 ProcedureAfterGetCardImpl::OnStart 146: done
 2018-06-11 12:32:47:915 CServerGameDesk::OnProcedureChanged 203: procedure change from 3 to 4
 2018-06-11 12:32:47:976 CServerGameDesk::OnBeforeProcedureStart 178: before procedure start, from 4 to 9
 2018-06-11 12:32:47:976 MsgDelegateWaitDiscard::OnSend 220: waiting on player 2 to discard, with candidates :4,8,8,23,23,27,27,2 !
 2018-06-11 12:32:47:986 CServerGameDesk::OnProcedureChanged 203: procedure change from 4 to 9
 2018-06-11 12:32:52:932 CServerGameDesk::HandleNotifyMessage 567: recvive player 2 message with thingID : 27
 2018-06-11 12:32:52:933 MsgDelegateWaitDiscard::OnResponse 294: player 2 tried to discard(valid:1, expected player:2)
 2018-06-11 12:32:52:933 MsgDelegateWaitDiscard::OnResponse 306: the card is 2
 2018-06-11 12:32:52:933 MsgDelegateWaitDiscard::OnDiscardCard 43: player 2 discard card 2(idx 7)
 2018-06-11 12:32:52:934 MsgDelegateDiscardResult::OnSend 49: player 2 discard 2 0
 2018-06-11 12:32:52:976 CServerGameDesk::OnBeforeProcedureStart 178: before procedure start, from 9 to 6
 2018-06-11 12:32:52:976 ProcedureInterceptCardImpl::OnStart 316: check interceptable card 2 from Player 2
 2018-06-11 12:32:52:977 ProcedureInterceptCardJumpDelegateImpl::JumpWhenNoAction 47:  active player changed 2 -> 0
 2018-06-11 12:32:52:977 CServerGameDesk::OnProcedureChanged 203: procedure change from 9 to 6
 2018-06-11 12:32:53:040 CServerGameDesk::OnBeforeProcedureStart 178: before procedure start, from 6 to 3
 2018-06-11 12:32:53:041 MsgDelegateDrawCard::OnSend 61: 0 draw card 26
 2018-06-11 12:32:53:041 CServerGameDesk::OnProcedureChanged 203: procedure change from 6 to 3
 2018-06-11 12:32:53:102 CServerGameDesk::OnBeforeProcedureStart 178: before procedure start, from 3 to 4
 2018-06-11 12:32:53:102 ProcedureAfterGetCardImpl::OnStart 132: Player 0 find action with hand 6,6,12,13,14,14,16,16,18,19,26 and interceptionList type:2 from:2 card:37 cards:37,37,37
 latest draw card 26
 2018-06-11 12:32:53:102 ProcedureAfterGetCardImpl::OnStart 146: done
 2018-06-11 12:32:53:102 CServerGameDesk::OnProcedureChanged 203: procedure change from 3 to 4
 2018-06-11 12:32:53:165 CServerGameDesk::OnBeforeProcedureStart 178: before procedure start, from 4 to 9
 2018-06-11 12:32:53:165 MsgDelegateWaitDiscard::OnSend 220: waiting on player 0 to discard, with candidates :26 !
 2018-06-11 12:32:53:184 CServerGameDesk::OnProcedureChanged 203: procedure change from 4 to 9
 2018-06-11 12:32:55:007 CServerGameDesk::HandleNotifyMessage 567: recvive player 0 message with thingID : 27
 2018-06-11 12:32:55:007 MsgDelegateWaitDiscard::OnResponse 294: player 0 tried to discard(valid:1, expected player:0)
 2018-06-11 12:32:55:007 MsgDelegateWaitDiscard::OnResponse 306: the card is 26
 2018-06-11 12:32:55:007 MsgDelegateWaitDiscard::OnDiscardCard 43: player 0 discard card 26(idx 10)
 2018-06-11 12:32:55:008 MsgDelegateDiscardResult::OnSend 49: player 0 discard 26 0
 2018-06-11 12:32:55:041 CServerGameDesk::OnBeforeProcedureStart 178: before procedure start, from 9 to 6
 2018-06-11 12:32:55:041 ProcedureInterceptCardImpl::OnStart 316: check interceptable card 26 from Player 0
 2018-06-11 12:32:55:042 ProcedureInterceptCardJumpDelegateImpl::JumpWhenNoAction 47:  active player changed 0 -> 3
 2018-06-11 12:32:55:042 CServerGameDesk::OnProcedureChanged 203: procedure change from 9 to 6
 2018-06-11 12:32:55:105 CServerGameDesk::OnBeforeProcedureStart 178: before procedure start, from 6 to 3
 2018-06-11 12:32:55:106 MsgDelegateDrawCard::OnSend 61: 3 draw card 17
 2018-06-11 12:32:55:106 CServerGameDesk::OnProcedureChanged 203: procedure change from 6 to 3
 2018-06-11 12:32:55:164 CServerGameDesk::OnBeforeProcedureStart 178: before procedure start, from 3 to 4
 2018-06-11 12:32:55:164 ProcedureAfterGetCardImpl::OnStart 132: Player 3 find action with hand 13,14,15,17,18,19,22,24,26,27,27,28,29,17 and interceptionList  latest draw card 17
 2018-06-11 12:32:55:164 ProcedureAfterGetCardImpl::OnStart 146: done
 2018-06-11 12:32:55:165 CServerGameDesk::OnProcedureChanged 203: procedure change from 3 to 4
 2018-06-11 12:32:55:226 CServerGameDesk::OnBeforeProcedureStart 178: before procedure start, from 4 to 9
 2018-06-11 12:32:55:226 MsgDelegateWaitDiscard::OnSend 220: waiting on player 3 to discard, with candidates :13,14,15,17,18,19,22,24,26,27,27,28,29,17 !
 2018-06-11 12:32:55:252 CServerGameDesk::OnProcedureChanged 203: procedure change from 4 to 9
 2018-06-11 12:32:58:563 CServerGameDesk::HandleNotifyMessage 567: recvive player 3 message with thingID : 27
 2018-06-11 12:32:58:564 MsgDelegateWaitDiscard::OnResponse 294: player 3 tried to discard(valid:1, expected player:3)
 2018-06-11 12:32:58:564 MsgDelegateWaitDiscard::OnResponse 306: the card is 27
 2018-06-11 12:32:58:564 MsgDelegateWaitDiscard::OnDiscardCard 43: player 3 discard card 27(idx 9)
 2018-06-11 12:32:58:565 MsgDelegateDiscardResult::OnSend 49: player 3 discard 27 0
 2018-06-11 12:32:58:603 CServerGameDesk::OnBeforeProcedureStart 178: before procedure start, from 9 to 6
 2018-06-11 12:32:58:603 ProcedureInterceptCardImpl::OnStart 316: check interceptable card 27 from Player 3
 2018-06-11 12:32:58:603 ProcedureInterceptCardImpl::OnStart 349: Player 2 have actions type:2 from:3 card:27 cards:27,27,27
 with hand 4,8,8,23,23,27,27 interceptions type:2 from:0 card:25 cards:25,25,25
type:2 from:1 card:21 cards:21,21,21
 card 27
 2018-06-11 12:32:58:604 ProcedureInterceptCardImpl::OnStart 355: question sent
 2018-06-11 12:32:58:604 MsgDelegateInterception::OnSend 126: intercepted card : 27
 2018-06-11 12:32:58:604 MsgDelegateInterception::OnSend 127: player 2 have actions type:2 from:3 card:27 cards:27,27,27

 2018-06-11 12:32:58:604 CServerGameDesk::OnProcedureChanged 203: procedure change from 9 to 6
 2018-06-11 12:33:00:190 CServerGameDesk::HandleNotifyMessage 567: recvive player 2 message with thingID : 31
 2018-06-11 12:33:00:190 MsgDelegateInterception::Peng 213: player 2 select 27
 2018-06-11 12:33:00:227 CServerGameDesk::OnBeforeProcedureStart 178: before procedure start, from 6 to 7
 2018-06-11 12:33:00:227 MsgDelegateInterceptionResult::OnSend 28: player 2 do with type 2
 2018-06-11 12:33:00:228 ProcedureDetermineInterceptJumpDelegateImpl::JumpAfterAction 91:  active player changed 3 -> 2
 2018-06-11 12:33:00:228 CServerGameDesk::OnProcedureChanged 203: procedure change from 6 to 7
 2018-06-11 12:33:00:291 CServerGameDesk::OnBeforeProcedureStart 178: before procedure start, from 7 to 8
 2018-06-11 12:33:00:291 ProcedureAfterGetCardImpl::OnStart 132: Player 2 find action with hand 4,8,8,23,23 and interceptionList type:2 from:0 card:25 cards:25,25,25
type:2 from:1 card:21 cards:21,21,21
type:2 from:3 card:27 cards:27,27,27
 latest draw card 255
 2018-06-11 12:33:00:291 ProcedureAfterGetCardImpl::OnStart 146: done
 2018-06-11 12:33:00:291 CServerGameDesk::OnProcedureChanged 203: procedure change from 7 to 8
 2018-06-11 12:33:00:354 CServerGameDesk::OnBeforeProcedureStart 178: before procedure start, from 8 to 9
 2018-06-11 12:33:00:354 MsgDelegateWaitDiscard::OnSend 220: waiting on player 2 to discard, with candidates :4,8,8,23,23 !
 2018-06-11 12:33:00:363 CServerGameDesk::OnProcedureChanged 203: procedure change from 8 to 9
 2018-06-11 12:33:01:331 CServerGameDesk::HandleNotifyMessage 567: recvive player 2 message with thingID : 27
 2018-06-11 12:33:01:331 MsgDelegateWaitDiscard::OnResponse 294: player 2 tried to discard(valid:1, expected player:2)
 2018-06-11 12:33:01:331 MsgDelegateWaitDiscard::OnResponse 306: the card is 4
 2018-06-11 12:33:01:331 MsgDelegateWaitDiscard::OnDiscardCard 43: player 2 discard card 4(idx 0)
 2018-06-11 12:33:01:332 MsgDelegateDiscardResult::OnSend 49: player 2 discard 4 0
 2018-06-11 12:33:01:351 CServerGameDesk::OnBeforeProcedureStart 178: before procedure start, from 9 to 6
 2018-06-11 12:33:01:351 ProcedureInterceptCardImpl::OnStart 316: check interceptable card 4 from Player 2
 2018-06-11 12:33:01:351 ProcedureInterceptCardJumpDelegateImpl::JumpWhenNoAction 47:  active player changed 2 -> 0
 2018-06-11 12:33:01:352 CServerGameDesk::OnProcedureChanged 203: procedure change from 9 to 6
 2018-06-11 12:33:01:414 CServerGameDesk::OnBeforeProcedureStart 178: before procedure start, from 6 to 3
 2018-06-11 12:33:01:415 MsgDelegateDrawCard::OnSend 61: 0 draw card 11
 2018-06-11 12:33:01:415 CServerGameDesk::OnProcedureChanged 203: procedure change from 6 to 3
 2018-06-11 12:33:01:478 CServerGameDesk::OnBeforeProcedureStart 178: before procedure start, from 3 to 4
 2018-06-11 12:33:01:479 ProcedureAfterGetCardImpl::OnStart 132: Player 0 find action with hand 6,6,12,13,14,14,16,16,18,19,11 and interceptionList type:2 from:2 card:37 cards:37,37,37
 latest draw card 11
 2018-06-11 12:33:01:479 ProcedureAfterGetCardImpl::OnStart 146: done
 2018-06-11 12:33:01:479 CServerGameDesk::OnProcedureChanged 203: procedure change from 3 to 4
 2018-06-11 12:33:01:540 CServerGameDesk::OnBeforeProcedureStart 178: before procedure start, from 4 to 9
 2018-06-11 12:33:01:540 MsgDelegateWaitDiscard::OnSend 220: waiting on player 0 to discard, with candidates :6,6,12,13,14,14,16,16,18,19,11 !
 2018-06-11 12:33:01:556 CServerGameDesk::OnProcedureChanged 203: procedure change from 4 to 9
 2018-06-11 12:33:08:148 CServerGameDesk::HandleNotifyMessage 567: recvive player 0 message with thingID : 27
 2018-06-11 12:33:08:148 MsgDelegateWaitDiscard::OnResponse 294: player 0 tried to discard(valid:1, expected player:0)
 2018-06-11 12:33:08:148 MsgDelegateWaitDiscard::OnResponse 306: the card is 11
 2018-06-11 12:33:08:148 MsgDelegateWaitDiscard::OnDiscardCard 43: player 0 discard card 11(idx 10)
 2018-06-11 12:33:08:149 MsgDelegateDiscardResult::OnSend 49: player 0 discard 11 0
 2018-06-11 12:33:08:167 CServerGameDesk::OnBeforeProcedureStart 178: before procedure start, from 9 to 6
 2018-06-11 12:33:08:167 ProcedureInterceptCardImpl::OnStart 316: check interceptable card 11 from Player 0
 2018-06-11 12:33:08:167 ProcedureInterceptCardJumpDelegateImpl::JumpWhenNoAction 47:  active player changed 0 -> 3
 2018-06-11 12:33:08:167 CServerGameDesk::OnProcedureChanged 203: procedure change from 9 to 6
 2018-06-11 12:33:08:229 CServerGameDesk::OnBeforeProcedureStart 178: before procedure start, from 6 to 3
 2018-06-11 12:33:08:230 MsgDelegateDrawCard::OnSend 61: 3 draw card 21
 2018-06-11 12:33:08:230 CServerGameDesk::OnProcedureChanged 203: procedure change from 6 to 3
 2018-06-11 12:33:08:290 CServerGameDesk::OnBeforeProcedureStart 178: before procedure start, from 3 to 4
 2018-06-11 12:33:08:290 ProcedureAfterGetCardImpl::OnStart 132: Player 3 find action with hand 13,14,15,17,17,18,19,22,24,26,27,28,29,21 and interceptionList  latest draw card 21
 2018-06-11 12:33:08:291 ProcedureAfterGetCardImpl::OnStart 146: done
 2018-06-11 12:33:08:291 CServerGameDesk::OnProcedureChanged 203: procedure change from 3 to 4
 2018-06-11 12:33:08:351 CServerGameDesk::OnBeforeProcedureStart 178: before procedure start, from 4 to 9
 2018-06-11 12:33:08:351 MsgDelegateWaitDiscard::OnSend 220: waiting on player 3 to discard, with candidates :13,14,15,17,17,18,19,22,24,26,27,28,29,21 !
 2018-06-11 12:33:08:378 CServerGameDesk::OnProcedureChanged 203: procedure change from 4 to 9
 2018-06-11 12:33:14:561 CServerGameDesk::HandleNotifyMessage 567: recvive player 3 message with thingID : 27
 2018-06-11 12:33:14:561 MsgDelegateWaitDiscard::OnResponse 294: player 3 tried to discard(valid:1, expected player:3)
 2018-06-11 12:33:14:561 MsgDelegateWaitDiscard::OnResponse 306: the card is 21
 2018-06-11 12:33:14:562 MsgDelegateWaitDiscard::OnDiscardCard 43: player 3 discard card 21(idx 13)
 2018-06-11 12:33:14:562 MsgDelegateDiscardResult::OnSend 49: player 3 discard 21 0
 2018-06-11 12:33:14:603 CServerGameDesk::OnBeforeProcedureStart 178: before procedure start, from 9 to 6
 2018-06-11 12:33:14:603 ProcedureInterceptCardImpl::OnStart 316: check interceptable card 21 from Player 3
 2018-06-11 12:33:14:604 ProcedureInterceptCardJumpDelegateImpl::JumpWhenNoAction 47:  active player changed 3 -> 2
 2018-06-11 12:33:14:604 CServerGameDesk::OnProcedureChanged 203: procedure change from 9 to 6
 2018-06-11 12:33:14:665 CServerGameDesk::OnBeforeProcedureStart 178: before procedure start, from 6 to 3
 2018-06-11 12:33:14:666 MsgDelegateDrawCard::OnSend 61: 2 draw card 7
 2018-06-11 12:33:14:666 CServerGameDesk::OnProcedureChanged 203: procedure change from 6 to 3
 2018-06-11 12:33:14:728 CServerGameDesk::OnBeforeProcedureStart 178: before procedure start, from 3 to 4
 2018-06-11 12:33:14:728 ProcedureAfterGetCardImpl::OnStart 132: Player 2 find action with hand 8,8,23,23,7 and interceptionList type:2 from:0 card:25 cards:25,25,25
type:2 from:1 card:21 cards:21,21,21
type:2 from:3 card:27 cards:27,27,27
 latest draw card 7
 2018-06-11 12:33:14:728 ProcedureAfterGetCardImpl::OnStart 146: done
 2018-06-11 12:33:14:728 CServerGameDesk::OnProcedureChanged 203: procedure change from 3 to 4
 2018-06-11 12:33:14:791 CServerGameDesk::OnBeforeProcedureStart 178: before procedure start, from 4 to 9
 2018-06-11 12:33:14:792 MsgDelegateWaitDiscard::OnSend 220: waiting on player 2 to discard, with candidates :8,8,23,23,7 !
 2018-06-11 12:33:14:803 CServerGameDesk::OnProcedureChanged 203: procedure change from 4 to 9
 2018-06-11 12:33:17:136 CServerGameDesk::HandleNotifyMessage 567: recvive player 2 message with thingID : 27
 2018-06-11 12:33:17:136 MsgDelegateWaitDiscard::OnResponse 294: player 2 tried to discard(valid:1, expected player:2)
 2018-06-11 12:33:17:136 MsgDelegateWaitDiscard::OnResponse 306: the card is 8
 2018-06-11 12:33:17:136 MsgDelegateWaitDiscard::OnDiscardCard 43: player 2 discard card 8(idx 0)
 2018-06-11 12:33:17:137 MsgDelegateDiscardResult::OnSend 49: player 2 discard 8 1
 2018-06-11 12:33:17:164 CServerGameDesk::OnBeforeProcedureStart 178: before procedure start, from 9 to 6
 2018-06-11 12:33:17:164 ProcedureInterceptCardImpl::OnStart 316: check interceptable card 8 from Player 2
 2018-06-11 12:33:17:165 ProcedureInterceptCardJumpDelegateImpl::JumpWhenNoAction 47:  active player changed 2 -> 0
 2018-06-11 12:33:17:165 CServerGameDesk::OnProcedureChanged 203: procedure change from 9 to 6
 2018-06-11 12:33:17:229 CServerGameDesk::OnBeforeProcedureStart 178: before procedure start, from 6 to 3
 2018-06-11 12:33:17:231 MsgDelegateDrawCard::OnSend 61: 0 draw card 7
 2018-06-11 12:33:17:231 CServerGameDesk::OnProcedureChanged 203: procedure change from 6 to 3
 2018-06-11 12:33:17:290 CServerGameDesk::OnBeforeProcedureStart 178: before procedure start, from 3 to 4
 2018-06-11 12:33:17:290 ProcedureAfterGetCardImpl::OnStart 132: Player 0 find action with hand 6,6,12,13,14,14,16,16,18,19,7 and interceptionList type:2 from:2 card:37 cards:37,37,37
 latest draw card 7
 2018-06-11 12:33:17:290 ProcedureAfterGetCardImpl::OnStart 146: done
 2018-06-11 12:33:17:290 CServerGameDesk::OnProcedureChanged 203: procedure change from 3 to 4
 2018-06-11 12:33:17:354 CServerGameDesk::OnBeforeProcedureStart 178: before procedure start, from 4 to 9
 2018-06-11 12:33:17:354 MsgDelegateWaitDiscard::OnSend 220: waiting on player 0 to discard, with candidates :6,6,12,13,14,14,16,16,18,19,7 !
 2018-06-11 12:33:17:370 CServerGameDesk::OnProcedureChanged 203: procedure change from 4 to 9
 2018-06-11 12:33:22:110 CServerGameDesk::HandleNotifyMessage 567: recvive player 0 message with thingID : 27
 2018-06-11 12:33:22:110 MsgDelegateWaitDiscard::OnResponse 294: player 0 tried to discard(valid:1, expected player:0)
 2018-06-11 12:33:22:110 MsgDelegateWaitDiscard::OnResponse 306: the card is 6
 2018-06-11 12:33:22:110 MsgDelegateWaitDiscard::OnDiscardCard 43: player 0 discard card 6(idx 0)
 2018-06-11 12:33:22:111 MsgDelegateDiscardResult::OnSend 49: player 0 discard 6 0
 2018-06-11 12:33:22:167 CServerGameDesk::OnBeforeProcedureStart 178: before procedure start, from 9 to 6
 2018-06-11 12:33:22:167 ProcedureInterceptCardImpl::OnStart 316: check interceptable card 6 from Player 0
 2018-06-11 12:33:22:168 ProcedureInterceptCardImpl::OnStart 349: Player 2 have actions type:16 from:0 card:6 cards:7,8,23,23,6
 with hand 7,8,23,23 interceptions type:2 from:0 card:25 cards:25,25,25
type:2 from:1 card:21 cards:21,21,21
type:2 from:3 card:27 cards:27,27,27
 card 6
 2018-06-11 12:33:22:168 ProcedureInterceptCardImpl::OnStart 355: question sent
 2018-06-11 12:33:22:168 MsgDelegateInterception::OnSend 126: intercepted card : 6
 2018-06-11 12:33:22:168 MsgDelegateInterception::OnSend 127: player 2 have actions type:16 from:0 card:6 cards:7,8,23,23,6

 2018-06-11 12:33:22:168 CServerGameDesk::OnProcedureChanged 203: procedure change from 9 to 6
 2018-06-11 12:33:23:055 CServerGameDesk::HandleNotifyMessage 567: recvive player 2 message with thingID : 39
 2018-06-11 12:33:23:055 MsgDelegateInterception::Win 265: player 2 select 6
 2018-06-11 12:33:23:108 CServerGameDesk::OnBeforeProcedureStart 178: before procedure start, from 6 to 7
 2018-06-11 12:33:23:110 MsgDelegateInterceptionResult::OnSend 28: player 2 do with type 16
 2018-06-11 12:33:23:111 CServerGameDesk::OnProcedureChanged 203: procedure change from 6 to 7
 2018-06-11 12:33:23:165 CServerGameDesk::OnBeforeProcedureStart 178: before procedure start, from 7 to 3
 2018-06-11 12:33:23:166 MsgDelegateDrawCard::OnSend 61: 0 draw card 5
 2018-06-11 12:33:23:166 CServerGameDesk::OnProcedureChanged 203: procedure change from 7 to 3
 2018-06-11 12:33:23:227 CServerGameDesk::OnBeforeProcedureStart 178: before procedure start, from 3 to 4
 2018-06-11 12:33:23:227 ProcedureAfterGetCardImpl::OnStart 132: Player 0 find action with hand 6,7,12,13,14,14,16,16,18,19,5 and interceptionList type:2 from:2 card:37 cards:37,37,37
 latest draw card 5
 2018-06-11 12:33:23:227 ProcedureAfterGetCardImpl::OnStart 146: done
 2018-06-11 12:33:23:227 CServerGameDesk::OnProcedureChanged 203: procedure change from 3 to 4
 2018-06-11 12:33:23:292 CServerGameDesk::OnBeforeProcedureStart 178: before procedure start, from 4 to 9
 2018-06-11 12:33:23:292 MsgDelegateWaitDiscard::OnSend 220: waiting on player 0 to discard, with candidates :6,7,12,13,14,14,16,16,18,19,5 !
 2018-06-11 12:33:23:311 CServerGameDesk::OnProcedureChanged 203: procedure change from 4 to 9
 2018-06-11 12:33:25:124 CServerGameDesk::HandleNotifyMessage 567: recvive player 0 message with thingID : 27
 2018-06-11 12:33:25:124 MsgDelegateWaitDiscard::OnResponse 294: player 0 tried to discard(valid:1, expected player:0)
 2018-06-11 12:33:25:124 MsgDelegateWaitDiscard::OnResponse 306: the card is 14
 2018-06-11 12:33:25:124 MsgDelegateWaitDiscard::OnDiscardCard 43: player 0 discard card 14(idx 4)
 2018-06-11 12:33:25:125 MsgDelegateDiscardResult::OnSend 49: player 0 discard 14 0
 2018-06-11 12:33:25:165 CServerGameDesk::OnBeforeProcedureStart 178: before procedure start, from 9 to 6
 2018-06-11 12:33:25:165 ProcedureInterceptCardImpl::OnStart 316: check interceptable card 14 from Player 0
 2018-06-11 12:33:25:165 ProcedureInterceptCardJumpDelegateImpl::JumpWhenNoAction 47:  active player changed 0 -> 3
 2018-06-11 12:33:25:165 CServerGameDesk::OnProcedureChanged 203: procedure change from 9 to 6
 2018-06-11 12:33:25:229 CServerGameDesk::OnBeforeProcedureStart 178: before procedure start, from 6 to 3
 2018-06-11 12:33:25:230 MsgDelegateDrawCard::OnSend 61: 3 draw card 3
 2018-06-11 12:33:25:230 CServerGameDesk::OnProcedureChanged 203: procedure change from 6 to 3
 2018-06-11 12:33:25:290 CServerGameDesk::OnBeforeProcedureStart 178: before procedure start, from 3 to 4
 2018-06-11 12:33:25:290 ProcedureAfterGetCardImpl::OnStart 132: Player 3 find action with hand 13,14,15,17,17,18,19,22,24,26,27,28,29,3 and interceptionList  latest draw card 3
 2018-06-11 12:33:25:290 ProcedureAfterGetCardImpl::OnStart 146: done
 2018-06-11 12:33:25:290 CServerGameDesk::OnProcedureChanged 203: procedure change from 3 to 4
 2018-06-11 12:33:25:352 CServerGameDesk::OnBeforeProcedureStart 178: before procedure start, from 4 to 9
 2018-06-11 12:33:25:352 MsgDelegateWaitDiscard::OnSend 220: waiting on player 3 to discard, with candidates :3 !
 2018-06-11 12:33:25:380 CServerGameDesk::OnProcedureChanged 203: procedure change from 4 to 9
 2018-06-11 12:33:27:907 CServerGameDesk::HandleNotifyMessage 567: recvive player 3 message with thingID : 27
 2018-06-11 12:33:27:907 MsgDelegateWaitDiscard::OnResponse 294: player 3 tried to discard(valid:1, expected player:3)
 2018-06-11 12:33:27:907 MsgDelegateWaitDiscard::OnResponse 306: the card is 3
 2018-06-11 12:33:27:907 MsgDelegateWaitDiscard::OnDiscardCard 43: player 3 discard card 3(idx 13)
 2018-06-11 12:33:27:908 MsgDelegateDiscardResult::OnSend 49: player 3 discard 3 0
 2018-06-11 12:33:27:916 CServerGameDesk::OnBeforeProcedureStart 178: before procedure start, from 9 to 6
 2018-06-11 12:33:27:916 ProcedureInterceptCardImpl::OnStart 316: check interceptable card 3 from Player 3
 2018-06-11 12:33:27:917 ProcedureInterceptCardJumpDelegateImpl::JumpWhenNoAction 47:  active player changed 3 -> 0
 2018-06-11 12:33:27:917 CServerGameDesk::OnProcedureChanged 203: procedure change from 9 to 6
 2018-06-11 12:33:27:977 CServerGameDesk::OnBeforeProcedureStart 178: before procedure start, from 6 to 3
 2018-06-11 12:33:27:978 MsgDelegateDrawCard::OnSend 61: 0 draw card 3
 2018-06-11 12:33:27:978 CServerGameDesk::OnProcedureChanged 203: procedure change from 6 to 3
 2018-06-11 12:33:28:042 CServerGameDesk::OnBeforeProcedureStart 178: before procedure start, from 3 to 4
 2018-06-11 12:33:28:042 ProcedureAfterGetCardImpl::OnStart 132: Player 0 find action with hand 5,6,7,12,13,14,16,16,18,19,3 and interceptionList type:2 from:2 card:37 cards:37,37,37
 latest draw card 3
 2018-06-11 12:33:28:042 ProcedureAfterGetCardImpl::OnStart 146: done
 2018-06-11 12:33:28:042 CServerGameDesk::OnProcedureChanged 203: procedure change from 3 to 4
 2018-06-11 12:33:28:103 CServerGameDesk::OnBeforeProcedureStart 178: before procedure start, from 4 to 9
 2018-06-11 12:33:28:103 MsgDelegateWaitDiscard::OnSend 220: waiting on player 0 to discard, with candidates :5,6,7,12,13,14,16,16,18,19,3 !
 2018-06-11 12:33:28:125 CServerGameDesk::OnProcedureChanged 203: procedure change from 4 to 9
 2018-06-11 12:33:30:794 CServerGameDesk::HandleNotifyMessage 567: recvive player 0 message with thingID : 27
 2018-06-11 12:33:30:794 MsgDelegateWaitDiscard::OnResponse 294: player 0 tried to discard(valid:1, expected player:0)
 2018-06-11 12:33:30:794 MsgDelegateWaitDiscard::OnResponse 306: the card is 3
 2018-06-11 12:33:30:794 MsgDelegateWaitDiscard::OnDiscardCard 43: player 0 discard card 3(idx 10)
 2018-06-11 12:33:30:795 MsgDelegateDiscardResult::OnSend 49: player 0 discard 3 1
 2018-06-11 12:33:30:854 CServerGameDesk::OnBeforeProcedureStart 178: before procedure start, from 9 to 6
 2018-06-11 12:33:30:854 ProcedureInterceptCardImpl::OnStart 316: check interceptable card 3 from Player 0
 2018-06-11 12:33:30:854 ProcedureInterceptCardJumpDelegateImpl::JumpWhenNoAction 47:  active player changed 0 -> 3
 2018-06-11 12:33:30:854 CServerGameDesk::OnProcedureChanged 203: procedure change from 9 to 6
 2018-06-11 12:33:30:916 CServerGameDesk::OnBeforeProcedureStart 178: before procedure start, from 6 to 3
 2018-06-11 12:33:30:917 MsgDelegateDrawCard::OnSend 61: 3 draw card 7
 2018-06-11 12:33:30:917 CServerGameDesk::OnProcedureChanged 203: procedure change from 6 to 3
 2018-06-11 12:33:30:977 CServerGameDesk::OnBeforeProcedureStart 178: before procedure start, from 3 to 4
 2018-06-11 12:33:30:977 ProcedureAfterGetCardImpl::OnStart 132: Player 3 find action with hand 13,14,15,17,17,18,19,22,24,26,27,28,29,7 and interceptionList  latest draw card 7
 2018-06-11 12:33:30:977 ProcedureAfterGetCardImpl::OnStart 146: done
 2018-06-11 12:33:30:977 CServerGameDesk::OnProcedureChanged 203: procedure change from 3 to 4
 2018-06-11 12:33:31:043 CServerGameDesk::OnBeforeProcedureStart 178: before procedure start, from 4 to 9
 2018-06-11 12:33:31:043 MsgDelegateWaitDiscard::OnSend 220: waiting on player 3 to discard, with candidates :7 !
 2018-06-11 12:33:31:068 CServerGameDesk::OnProcedureChanged 203: procedure change from 4 to 9
 2018-06-11 12:33:36:938 CServerGameDesk::HandleNotifyMessage 567: recvive player 3 message with thingID : 27
 2018-06-11 12:33:36:938 MsgDelegateWaitDiscard::OnResponse 294: player 3 tried to discard(valid:1, expected player:3)
 2018-06-11 12:33:36:938 MsgDelegateWaitDiscard::OnResponse 306: the card is 7
 2018-06-11 12:33:36:938 MsgDelegateWaitDiscard::OnDiscardCard 43: player 3 discard card 7(idx 13)
 2018-06-11 12:33:36:939 MsgDelegateDiscardResult::OnSend 49: player 3 discard 7 0
 2018-06-11 12:33:36:977 CServerGameDesk::OnBeforeProcedureStart 178: before procedure start, from 9 to 6
 2018-06-11 12:33:36:977 ProcedureInterceptCardImpl::OnStart 316: check interceptable card 7 from Player 3
 2018-06-11 12:33:36:977 ProcedureInterceptCardJumpDelegateImpl::JumpWhenNoAction 47:  active player changed 3 -> 0
 2018-06-11 12:33:36:977 CServerGameDesk::OnProcedureChanged 203: procedure change from 9 to 6
 2018-06-11 12:33:37:042 CServerGameDesk::OnBeforeProcedureStart 178: before procedure start, from 6 to 3
 2018-06-11 12:33:37:043 MsgDelegateDrawCard::OnSend 61: 0 draw card 13
 2018-06-11 12:33:37:044 CServerGameDesk::OnProcedureChanged 203: procedure change from 6 to 3
 2018-06-11 12:33:37:104 CServerGameDesk::OnBeforeProcedureStart 178: before procedure start, from 3 to 4
 2018-06-11 12:33:37:104 ProcedureAfterGetCardImpl::OnStart 132: Player 0 find action with hand 5,6,7,12,13,14,16,16,18,19,13 and interceptionList type:2 from:2 card:37 cards:37,37,37
 latest draw card 13
 2018-06-11 12:33:37:104 ProcedureAfterGetCardImpl::OnStart 146: done
 2018-06-11 12:33:37:104 CServerGameDesk::OnProcedureChanged 203: procedure change from 3 to 4
 2018-06-11 12:33:37:165 CServerGameDesk::OnBeforeProcedureStart 178: before procedure start, from 4 to 9
 2018-06-11 12:33:37:165 MsgDelegateWaitDiscard::OnSend 220: waiting on player 0 to discard, with candidates :5,6,7,12,13,14,16,16,18,19,13 !
 2018-06-11 12:33:37:184 CServerGameDesk::OnProcedureChanged 203: procedure change from 4 to 9
 2018-06-11 12:33:38:768 CServerGameDesk::HandleNotifyMessage 567: recvive player 0 message with thingID : 27
 2018-06-11 12:33:38:768 MsgDelegateWaitDiscard::OnResponse 294: player 0 tried to discard(valid:1, expected player:0)
 2018-06-11 12:33:38:768 MsgDelegateWaitDiscard::OnResponse 306: the card is 13
 2018-06-11 12:33:38:768 MsgDelegateWaitDiscard::OnDiscardCard 43: player 0 discard card 13(idx 4)
 2018-06-11 12:33:38:768 MsgDelegateDiscardResult::OnSend 49: player 0 discard 13 1
 2018-06-11 12:33:38:793 CServerGameDesk::OnBeforeProcedureStart 178: before procedure start, from 9 to 6
 2018-06-11 12:33:38:793 ProcedureInterceptCardImpl::OnStart 316: check interceptable card 13 from Player 0
 2018-06-11 12:33:38:794 ProcedureInterceptCardJumpDelegateImpl::JumpWhenNoAction 47:  active player changed 0 -> 3
 2018-06-11 12:33:38:794 CServerGameDesk::OnProcedureChanged 203: procedure change from 9 to 6
 2018-06-11 12:33:38:854 CServerGameDesk::OnBeforeProcedureStart 178: before procedure start, from 6 to 3
 2018-06-11 12:33:38:855 MsgDelegateDrawCard::OnSend 61: 3 draw card 16
 2018-06-11 12:33:38:856 CServerGameDesk::OnProcedureChanged 203: procedure change from 6 to 3
 2018-06-11 12:33:38:916 CServerGameDesk::OnBeforeProcedureStart 178: before procedure start, from 3 to 4
 2018-06-11 12:33:38:916 ProcedureAfterGetCardImpl::OnStart 132: Player 3 find action with hand 13,14,15,17,17,18,19,22,24,26,27,28,29,16 and interceptionList  latest draw card 16
 2018-06-11 12:33:38:916 ProcedureAfterGetCardImpl::OnStart 146: done
 2018-06-11 12:33:38:916 CServerGameDesk::OnProcedureChanged 203: procedure change from 3 to 4
 2018-06-11 12:33:38:977 CServerGameDesk::OnBeforeProcedureStart 178: before procedure start, from 4 to 9
 2018-06-11 12:33:38:977 MsgDelegateWaitDiscard::OnSend 220: waiting on player 3 to discard, with candidates :13,14,15,17,17,18,19,22,24,26,27,28,29,16 !
 2018-06-11 12:33:39:003 CServerGameDesk::OnProcedureChanged 203: procedure change from 4 to 9
 2018-06-11 12:33:44:250 CServerGameDesk::HandleNotifyMessage 567: recvive player 3 message with thingID : 27
 2018-06-11 12:33:44:250 MsgDelegateWaitDiscard::OnResponse 294: player 3 tried to discard(valid:1, expected player:3)
 2018-06-11 12:33:44:250 MsgDelegateWaitDiscard::OnResponse 306: the card is 17
 2018-06-11 12:33:44:250 MsgDelegateWaitDiscard::OnDiscardCard 43: player 3 discard card 17(idx 3)
 2018-06-11 12:33:44:252 MsgDelegateDiscardResult::OnSend 49: player 3 discard 17 0
 2018-06-11 12:33:44:293 CServerGameDesk::OnBeforeProcedureStart 178: before procedure start, from 9 to 6
 2018-06-11 12:33:44:293 ProcedureInterceptCardImpl::OnStart 316: check interceptable card 17 from Player 3
 2018-06-11 12:33:44:293 ProcedureInterceptCardImpl::OnStart 349: Player 0 have actions type:16 from:3 card:17 cards:5,6,7,12,13,14,16,16,18,19,17
 with hand 5,6,7,12,13,14,16,16,18,19 interceptions type:2 from:2 card:37 cards:37,37,37
 card 17
 2018-06-11 12:33:44:293 ProcedureInterceptCardImpl::OnStart 355: question sent
 2018-06-11 12:33:44:294 MsgDelegateInterception::OnSend 126: intercepted card : 17
 2018-06-11 12:33:44:294 MsgDelegateInterception::OnSend 127: player 0 have actions type:16 from:3 card:17 cards:5,6,7,12,13,14,16,16,18,19,17

 2018-06-11 12:33:44:294 CServerGameDesk::OnProcedureChanged 203: procedure change from 9 to 6
 2018-06-11 12:33:45:059 CServerGameDesk::HandleNotifyMessage 567: recvive player 0 message with thingID : 39
 2018-06-11 12:33:45:059 MsgDelegateInterception::Win 265: player 0 select 17
 2018-06-11 12:33:45:103 CServerGameDesk::OnBeforeProcedureStart 178: before procedure start, from 6 to 7
 2018-06-11 12:33:45:106 MsgDelegateInterceptionResult::OnSend 28: player 0 do with type 16
 2018-06-11 12:33:45:107 CServerGameDesk::OnProcedureChanged 203: procedure change from 6 to 7
 2018-06-11 12:33:45:168 CServerGameDesk::OnBeforeProcedureStart 178: before procedure start, from 7 to 11
 2018-06-11 12:33:45:170 CServerGameDesk::OnProcedureChanged 203: procedure change from 7 to 11
 2018-06-11 12:33:45:230 CServerGameDesk::OnBeforeProcedureStart 178: before procedure start, from 11 to 0
 2018-06-11 12:33:45:230 CServerGameDesk::OnProcedureChanged 203: procedure change from 11 to 0
 2018-06-11 12:33:45:230 CServerGameDesk::Liquidate 339: Player 0 beforechangeuserpoint money = 2
 2018-06-11 12:33:45:230 CServerGameDesk::Liquidate 339: Player 1 beforechangeuserpoint money = 2
 2018-06-11 12:33:45:230 CServerGameDesk::Liquidate 339: Player 2 beforechangeuserpoint money = 2
 2018-06-11 12:33:45:230 CServerGameDesk::Liquidate 339: Player 3 beforechangeuserpoint money = -6
 2018-06-11 12:33:45:230 MsgDelegateLiquidation::DelaySendMsg 106: Player 0 has inner win type :0 8 12 
 2018-06-11 12:33:45:231 MsgDelegateLiquidation::DelaySendMsg 107: Player 0 has outter win type :0 8 12 
 2018-06-11 12:33:45:231 MsgDelegateLiquidation::DelaySendMsg 136: Player 0 ZongFen = 2
 2018-06-11 12:33:45:231 MsgDelegateLiquidation::DelaySendMsg 106: Player 1 has inner win type :0 8 
 2018-06-11 12:33:45:231 MsgDelegateLiquidation::DelaySendMsg 107: Player 1 has outter win type :0 8 
 2018-06-11 12:33:45:231 MsgDelegateLiquidation::DelaySendMsg 136: Player 1 ZongFen = 2
 2018-06-11 12:33:45:231 MsgDelegateLiquidation::DelaySendMsg 106: Player 2 has inner win type :0 8 
 2018-06-11 12:33:45:231 MsgDelegateLiquidation::DelaySendMsg 107: Player 2 has outter win type :0 8 
 2018-06-11 12:33:45:231 MsgDelegateLiquidation::DelaySendMsg 136: Player 2 ZongFen = 2
 2018-06-11 12:33:45:231 MsgDelegateLiquidation::DelaySendMsg 136: Player 3 ZongFen = -6
 2018-06-11 12:33:45:232 MsgDelegateLiquidation::DelaySendMsg 147: Liquidation
 2018-06-11 12:33:45:232 CServerGameDesk::Liquidate 358: Player 0 afterchangeuserpoint money = 2
 2018-06-11 12:33:45:232 CServerGameDesk::Liquidate 358: Player 1 afterchangeuserpoint money = 2
 2018-06-11 12:33:45:232 CServerGameDesk::Liquidate 358: Player 2 afterchangeuserpoint money = 2
 2018-06-11 12:33:45:232 CServerGameDesk::Liquidate 358: Player 3 afterchangeuserpoint money = -6
 2018-06-11 12:33:45:232 CServerGameDesk::DoGameStatistic 1106: Do Statistic
 2018-06-11 12:33:45:232 CServerGameDesk::DoGameStatistic 1123: >> zimo:0 jiepao:0 dianpao:0 totalScore2
 2018-06-11 12:33:45:232 CServerGameDesk::DoGameStatistic 1179: << zimo:0 jiepao:1 dianpao:0 totalScore2
 2018-06-11 12:33:45:232 CServerGameDesk::DoGameStatistic 1123: >> zimo:0 jiepao:0 dianpao:0 totalScore2
 2018-06-11 12:33:45:232 CServerGameDesk::DoGameStatistic 1179: << zimo:0 jiepao:1 dianpao:0 totalScore2
 2018-06-11 12:33:45:232 CServerGameDesk::DoGameStatistic 1123: >> zimo:0 jiepao:0 dianpao:0 totalScore2
 2018-06-11 12:33:45:232 CServerGameDesk::DoGameStatistic 1179: << zimo:0 jiepao:1 dianpao:0 totalScore2
 2018-06-11 12:33:45:232 CServerGameDesk::DoGameStatistic 1123: >> zimo:0 jiepao:0 dianpao:2 totalScore-6
 2018-06-11 12:33:45:232 CServerGameDesk::DoGameStatistic 1179: << zimo:0 jiepao:0 dianpao:2 totalScore-6
 2018-06-11 12:33:45:232 CServerGameDesk::OnProcedureLiquidationFinish 975: all rounds finished , send total score board 
 2018-06-11 12:33:45:233 CServerGameDesk::GameClear 308: clean game





 2018-06-11 12:33:45:233 CServerGameDesk::GameFinish 460: game finish normal
 2018-06-11 12:33:45:233 CServerGameDesk::GameClear 308: clean game





 2018-06-11 12:33:45:237 CServerGameDesk::GameReset 322: reset game
