 2018-05-04 10:09:25 CServerGameDesk::InitDeskGameStation 78: ******
 2018-05-04 17:33:17 CServerGameDesk::IsPlayGame 526: ******
 2018-05-04 17:33:17 CServerGameDesk::OnActive 667: >>>>>>>>>>>>>>>>>>>> 激活 <<<<<<<<<<<<<<<<<<<<
 2018-05-04 17:33:17 CServerGameDesk::SetGameStation 723:  <<<<<  当前状态 1  >>>>> 
 2018-05-04 17:33:17 CServerGameDesk::UserSitDesk 614: 玩家 1 坐下
 2018-05-04 17:33:18 CServerGameDesk::HandleFrameMessage 199: ******
 2018-05-04 17:33:18 CServerGameDesk::SendStateToPlayer 717: 连接反馈 <player>1  <state>1
 2018-05-04 17:33:18 CServerGameDesk::IsPlayGame 526: ******
 2018-05-04 17:33:23 CServerGameDesk::IsPlayGame 526: ******
 2018-05-04 17:33:23 CServerGameDesk::GameFinish 488: ===================  DismissFinish  ===================
 2018-05-04 17:33:23 CServerGameDesk::OnInactive 682: >>>>>>>>>>>>>>>>>>>> 休眠 <<<<<<<<<<<<<<<<<<<<
 2018-05-04 17:33:23 CServerGameDesk::SetGameStation 723:  <<<<<  当前状态 0  >>>>> 
 2018-05-04 17:33:23 CServerGameDesk::IsPlayGame 526: ******
 2018-05-04 18:34:25 CServerGameDesk::IsPlayGame 526: ******
 2018-05-04 18:34:25 CServerGameDesk::IsPlayGame 526: ******
 2018-05-04 18:34:25 CServerGameDesk::OnActive 667: >>>>>>>>>>>>>>>>>>>> 激活 <<<<<<<<<<<<<<<<<<<<
 2018-05-04 18:34:25 CServerGameDesk::SetGameStation 723:  <<<<<  当前状态 1  >>>>> 
 2018-05-04 18:34:25 CServerGameDesk::UserSitDesk 614: 玩家 0 坐下
 2018-05-04 18:34:25 CServerGameDesk::IsPlayGame 526: ******
 2018-05-04 18:34:27 CServerGameDesk::HandleFrameMessage 199: ******
 2018-05-04 18:34:27 CServerGameDesk::SendStateToPlayer 717: 连接反馈 <player>0  <state>1
 2018-05-04 18:34:27 CServerGameDesk::IsPlayGame 526: ******
 2018-05-04 18:34:35 CServerGameDesk::IsPlayGame 526: ******
 2018-05-04 18:34:35 CServerGameDesk::UserNetCut 563: ******
 2018-05-04 18:34:35 CStateListenerControllerBase::OnUserNetCut 95: 玩家断线    <player>0
 2018-05-04 18:35:33 CServerGameDesk::UserReCome 585: ******
 2018-05-04 18:35:33 CStateListenerControllerBase::OnUserReCome 108: 玩家重连    <player>0
 2018-05-04 18:35:33 CServerGameDesk::HandleFrameMessage 199: ******
 2018-05-04 18:35:33 CServerGameDesk::SendStateToPlayer 717: 连接反馈 <player>0  <state>1
 2018-05-04 18:35:34 CServerGameDesk::IsPlayGame 526: ******
 2018-05-04 18:36:12 CServerGameDesk::IsPlayGame 526: ******
 2018-05-04 18:36:12 CServerGameDesk::UserNetCut 563: ******
 2018-05-04 18:36:12 CStateListenerControllerBase::OnUserNetCut 95: 玩家断线    <player>0
 2018-05-04 18:37:09 CServerGameDesk::UserReCome 585: ******
 2018-05-04 18:37:09 CStateListenerControllerBase::OnUserReCome 108: 玩家重连    <player>0
 2018-05-04 18:37:10 CServerGameDesk::HandleFrameMessage 199: ******
 2018-05-04 18:37:10 CServerGameDesk::SendStateToPlayer 717: 连接反馈 <player>0  <state>1
 2018-05-04 18:37:10 CServerGameDesk::IsPlayGame 526: ******
 2018-05-04 18:37:23 CServerGameDesk::IsPlayGame 526: ******
 2018-05-04 18:37:23 CServerGameDesk::UserNetCut 563: ******
 2018-05-04 18:37:23 CStateListenerControllerBase::OnUserNetCut 95: 玩家断线    <player>0
 2018-05-04 18:40:23 CServerGameDesk::GameFinish 481: ===================  ForceFinish  ===================
 2018-05-04 18:40:23 CServerGameDesk::OnInactive 682: >>>>>>>>>>>>>>>>>>>> 休眠 <<<<<<<<<<<<<<<<<<<<
 2018-05-04 18:40:23 CServerGameDesk::SetGameStation 723:  <<<<<  当前状态 0  >>>>> 
 2018-05-04 19:04:59 CServerGameDesk::IsPlayGame 526: ******
 2018-05-04 19:04:59 CServerGameDesk::IsPlayGame 526: ******
 2018-05-04 19:04:59 CServerGameDesk::OnActive 667: >>>>>>>>>>>>>>>>>>>> 激活 <<<<<<<<<<<<<<<<<<<<
 2018-05-04 19:04:59 CServerGameDesk::SetGameStation 723:  <<<<<  当前状态 1  >>>>> 
 2018-05-04 19:04:59 CServerGameDesk::UserSitDesk 614: 玩家 0 坐下
 2018-05-04 19:04:59 CServerGameDesk::IsPlayGame 526: ******
 2018-05-04 19:05:00 CServerGameDesk::HandleFrameMessage 199: ******
 2018-05-04 19:05:00 CServerGameDesk::SendStateToPlayer 717: 连接反馈 <player>0  <state>1
 2018-05-04 19:05:00 CServerGameDesk::IsPlayGame 526: ******
 2018-05-04 19:05:11 CServerGameDesk::IsPlayGame 526: ******
 2018-05-04 19:05:11 CServerGameDesk::GameFinish 488: ===================  DismissFinish  ===================
 2018-05-04 19:05:11 CServerGameDesk::OnInactive 682: >>>>>>>>>>>>>>>>>>>> 休眠 <<<<<<<<<<<<<<<<<<<<
 2018-05-04 19:05:11 CServerGameDesk::SetGameStation 723:  <<<<<  当前状态 0  >>>>> 
 2018-05-04 19:05:11 CServerGameDesk::IsPlayGame 526: ******
 2018-05-04 19:15:28 CServerGameDesk::OnActive 667: >>>>>>>>>>>>>>>>>>>> 激活 <<<<<<<<<<<<<<<<<<<<
 2018-05-04 19:15:28 CServerGameDesk::SetGameStation 723:  <<<<<  当前状态 1  >>>>> 
 2018-05-04 19:15:28 CServerGameDesk::UserSitDesk 614: 玩家 0 坐下
 2018-05-04 19:15:30 CServerGameDesk::UserSitDesk 614: 玩家 1 坐下
 2018-05-04 19:15:30 CServerGameDesk::HandleFrameMessage 199: ******
 2018-05-04 19:15:30 CServerGameDesk::SendStateToPlayer 717: 连接反馈 <player>1  <state>1
 2018-05-04 19:15:30 CServerGameDesk::IsPlayGame 526: ******
 2018-05-04 19:15:30 CServerGameDesk::HandleFrameMessage 199: ******
 2018-05-04 19:15:30 CServerGameDesk::SendStateToPlayer 717: 连接反馈 <player>0  <state>1
 2018-05-04 19:15:31 CServerGameDesk::IsPlayGame 526: ******
 2018-05-04 19:15:35 CServerGameDesk::IsPlayGame 526: ******
 2018-05-04 19:15:35 CServerGameDesk::UserLeftDesk 629: 玩家 1 站起
 2018-05-04 19:15:35 CServerGameDesk::IsPlayGame 526: ******
 2018-05-04 19:17:15 CServerGameDesk::IsPlayGame 526: ******
 2018-05-04 19:17:15 CServerGameDesk::UserNetCut 563: ******
 2018-05-04 19:17:15 CStateListenerControllerBase::OnUserNetCut 95: 玩家断线    <player>0
 2018-05-04 19:20:15 CServerGameDesk::GameFinish 481: ===================  ForceFinish  ===================
 2018-05-04 19:20:15 CServerGameDesk::OnInactive 682: >>>>>>>>>>>>>>>>>>>> 休眠 <<<<<<<<<<<<<<<<<<<<
 2018-05-04 19:20:15 CServerGameDesk::SetGameStation 723:  <<<<<  当前状态 0  >>>>> 
