 2018-05-09 09:57:52 CServerGameDesk::InitDeskGameStation 78: ******
 2018-05-09 10:22:46 CServerGameDesk::IsPlayGame 527: ******
 2018-05-09 10:22:46 CServerGameDesk::IsPlayGame 527: ******
 2018-05-09 10:22:46 CServerGameDesk::OnActive 661: >>>>>>>>>>>>>>>>>>>> 激活 <<<<<<<<<<<<<<<<<<<<
 2018-05-09 10:22:46 CServerGameDesk::SetGameStation 717:  <<<<<  当前状态 1  >>>>> 
 2018-05-09 10:22:46 CServerGameDesk::UserSitDesk 608: 玩家 0 坐下
 2018-05-09 10:22:46 CServerGameDesk::IsPlayGame 527: ******
 2018-05-09 10:22:47 CServerGameDesk::HandleFrameMessage 200: ******
 2018-05-09 10:22:47 CServerGameDesk::SendStateToPlayer 711: 连接反馈 <player>0  <state>1
 2018-05-09 10:22:47 CServerGameDesk::IsPlayGame 527: ******
 2018-05-09 10:23:11 CServerGameDesk::IsPlayGame 527: ******
 2018-05-09 10:23:11 CServerGameDesk::GameFinish 489: ===================  DismissFinish  ===================
 2018-05-09 10:23:11 CServerGameDesk::OnInactive 676: >>>>>>>>>>>>>>>>>>>> 休眠 <<<<<<<<<<<<<<<<<<<<
 2018-05-09 10:23:11 CServerGameDesk::SetGameStation 717:  <<<<<  当前状态 0  >>>>> 
 2018-05-09 10:23:11 CServerGameDesk::IsPlayGame 527: ******
 2018-05-09 10:23:24 CServerGameDesk::IsPlayGame 527: ******
 2018-05-09 10:23:24 CServerGameDesk::IsPlayGame 527: ******
 2018-05-09 10:23:24 CServerGameDesk::OnActive 661: >>>>>>>>>>>>>>>>>>>> 激活 <<<<<<<<<<<<<<<<<<<<
 2018-05-09 10:23:24 CServerGameDesk::SetGameStation 717:  <<<<<  当前状态 1  >>>>> 
 2018-05-09 10:23:24 CServerGameDesk::UserSitDesk 608: 玩家 0 坐下
 2018-05-09 10:23:24 CServerGameDesk::IsPlayGame 527: ******
 2018-05-09 10:23:24 CServerGameDesk::HandleFrameMessage 200: ******
 2018-05-09 10:23:24 CServerGameDesk::SendStateToPlayer 711: 连接反馈 <player>0  <state>1
 2018-05-09 10:23:24 CServerGameDesk::IsPlayGame 527: ******
 2018-05-09 10:24:11 CServerGameDesk::IsPlayGame 527: ******
 2018-05-09 10:24:11 CServerGameDesk::GameFinish 489: ===================  DismissFinish  ===================
 2018-05-09 10:24:11 CServerGameDesk::OnInactive 676: >>>>>>>>>>>>>>>>>>>> 休眠 <<<<<<<<<<<<<<<<<<<<
 2018-05-09 10:24:11 CServerGameDesk::SetGameStation 717:  <<<<<  当前状态 0  >>>>> 
 2018-05-09 10:24:11 CServerGameDesk::IsPlayGame 527: ******
 2018-05-09 10:28:42 CServerGameDesk::IsPlayGame 527: ******
 2018-05-09 10:28:42 CServerGameDesk::IsPlayGame 527: ******
 2018-05-09 10:28:42 CServerGameDesk::OnActive 661: >>>>>>>>>>>>>>>>>>>> 激活 <<<<<<<<<<<<<<<<<<<<
 2018-05-09 10:28:42 CServerGameDesk::SetGameStation 717:  <<<<<  当前状态 1  >>>>> 
 2018-05-09 10:28:42 CServerGameDesk::UserSitDesk 608: 玩家 0 坐下
 2018-05-09 10:28:42 CServerGameDesk::IsPlayGame 527: ******
 2018-05-09 10:28:42 CServerGameDesk::HandleFrameMessage 200: ******
 2018-05-09 10:28:42 CServerGameDesk::SendStateToPlayer 711: 连接反馈 <player>0  <state>1
 2018-05-09 10:28:54 CServerGameDesk::IsPlayGame 527: ******
 2018-05-09 10:28:54 CServerGameDesk::UserNetCut 557: ******
 2018-05-09 10:28:54 CStateListenerControllerBase::OnUserNetCut 95: 玩家断线    <player>0
 2018-05-09 10:31:54 CServerGameDesk::GameFinish 482: ===================  ForceFinish  ===================
 2018-05-09 10:31:54 CServerGameDesk::OnInactive 676: >>>>>>>>>>>>>>>>>>>> 休眠 <<<<<<<<<<<<<<<<<<<<
 2018-05-09 10:31:54 CServerGameDesk::SetGameStation 717:  <<<<<  当前状态 0  >>>>> 
