 2018-05-09 14:44:03 CServerGameDesk::InitDeskGameStation 78: ******
 2018-05-09 15:10:12 CServerGameDesk::IsPlayGame 527: ******
 2018-05-09 15:10:12 CServerGameDesk::IsPlayGame 527: ******
 2018-05-09 15:10:12 CServerGameDesk::IsPlayGame 527: ******
 2018-05-09 15:10:12 CServerGameDesk::OnActive 661: >>>>>>>>>>>>>>>>>>>> 激活 <<<<<<<<<<<<<<<<<<<<
 2018-05-09 15:10:12 CServerGameDesk::SetGameStation 717:  <<<<<  当前状态 1  >>>>> 
 2018-05-09 15:10:12 CServerGameDesk::UserSitDesk 608: 玩家 0 坐下
 2018-05-09 15:10:12 CServerGameDesk::IsPlayGame 527: ******
 2018-05-09 15:10:13 CServerGameDesk::HandleFrameMessage 200: ******
 2018-05-09 15:10:13 CServerGameDesk::SendStateToPlayer 711: 连接反馈 <player>0  <state>1
 2018-05-09 15:10:18 CServerGameDesk::IsPlayGame 527: ******
 2018-05-09 15:10:28 CServerGameDesk::IsPlayGame 527: ******
 2018-05-09 15:10:28 CServerGameDesk::GameFinish 489: ===================  DismissFinish  ===================
 2018-05-09 15:10:28 CServerGameDesk::OnInactive 676: >>>>>>>>>>>>>>>>>>>> 休眠 <<<<<<<<<<<<<<<<<<<<
 2018-05-09 15:10:28 CServerGameDesk::SetGameStation 717:  <<<<<  当前状态 0  >>>>> 
 2018-05-09 15:10:28 CServerGameDesk::IsPlayGame 527: ******
 2018-05-09 17:24:14 CServerGameDesk::IsPlayGame 527: ******
 2018-05-09 17:24:14 CServerGameDesk::IsPlayGame 527: ******
 2018-05-09 17:24:14 CServerGameDesk::IsPlayGame 527: ******
 2018-05-09 17:24:14 CServerGameDesk::OnActive 661: >>>>>>>>>>>>>>>>>>>> 激活 <<<<<<<<<<<<<<<<<<<<
 2018-05-09 17:24:14 CServerGameDesk::SetGameStation 717:  <<<<<  当前状态 1  >>>>> 
 2018-05-09 17:24:14 CServerGameDesk::UserSitDesk 608: 玩家 0 坐下
 2018-05-09 17:24:14 CServerGameDesk::IsPlayGame 527: ******
 2018-05-09 17:24:15 CServerGameDesk::HandleFrameMessage 200: ******
 2018-05-09 17:24:15 CServerGameDesk::SendStateToPlayer 711: 连接反馈 <player>0  <state>1
 2018-05-09 17:24:15 CServerGameDesk::IsPlayGame 527: ******
 2018-05-09 17:24:34 CServerGameDesk::IsPlayGame 527: ******
 2018-05-09 17:24:34 CServerGameDesk::UserNetCut 557: ******
 2018-05-09 17:24:34 CStateListenerControllerBase::OnUserNetCut 95: 玩家断线    <player>0
 2018-05-09 17:27:34 CServerGameDesk::GameFinish 482: ===================  ForceFinish  ===================
 2018-05-09 17:27:34 CServerGameDesk::OnInactive 676: >>>>>>>>>>>>>>>>>>>> 休眠 <<<<<<<<<<<<<<<<<<<<
 2018-05-09 17:27:34 CServerGameDesk::SetGameStation 717:  <<<<<  当前状态 0  >>>>> 
 2018-05-09 17:29:40 CServerGameDesk::IsPlayGame 527: ******
 2018-05-09 17:29:40 CServerGameDesk::IsPlayGame 527: ******
 2018-05-09 17:29:40 CServerGameDesk::IsPlayGame 527: ******
 2018-05-09 17:29:40 CServerGameDesk::OnActive 661: >>>>>>>>>>>>>>>>>>>> 激活 <<<<<<<<<<<<<<<<<<<<
 2018-05-09 17:29:40 CServerGameDesk::SetGameStation 717:  <<<<<  当前状态 1  >>>>> 
 2018-05-09 17:29:40 CServerGameDesk::UserSitDesk 608: 玩家 0 坐下
 2018-05-09 17:29:40 CServerGameDesk::IsPlayGame 527: ******
 2018-05-09 17:29:42 CServerGameDesk::HandleFrameMessage 200: ******
 2018-05-09 17:29:42 CServerGameDesk::SendStateToPlayer 711: 连接反馈 <player>0  <state>1
 2018-05-09 17:29:42 CServerGameDesk::IsPlayGame 527: ******
 2018-05-09 17:29:54 CServerGameDesk::IsPlayGame 527: ******
 2018-05-09 17:29:54 CServerGameDesk::IsPlayGame 527: ******
 2018-05-09 17:29:54 CServerGameDesk::IsPlayGame 527: ******
 2018-05-09 17:29:54 CServerGameDesk::UserSitDesk 608: 玩家 1 坐下
 2018-05-09 17:29:54 CServerGameDesk::IsPlayGame 527: ******
 2018-05-09 17:29:55 CServerGameDesk::HandleFrameMessage 200: ******
 2018-05-09 17:29:55 CServerGameDesk::SendStateToPlayer 711: 连接反馈 <player>1  <state>1
 2018-05-09 17:29:55 CServerGameDesk::IsPlayGame 527: ******
 2018-05-09 17:29:58 CServerGameDesk::GameBegin 244: ===================  GameBegin  ===================
 2018-05-09 17:29:58 CServerGameDesk::SetGameStation 717:  <<<<<  当前状态 2  >>>>> 
 2018-05-09 17:29:58 CServerGameDesk::SendDataToPlayer 690: 发送    <player>0  <msgID>102
 2018-05-09 17:29:58 CServerGameDesk::SendDataToPlayer 690: 发送    <player>1  <msgID>102
 2018-05-09 17:29:58 CStateListenerControllerBase::AddListener 36:     1
 2018-05-09 17:30:00 CStateListenerControllerBase::OnReceive 69: 接收    <player>1  <msgID>110
 2018-05-09 17:30:00 CServerGameDesk::SendDataToPlayer 690: 发送    <player>1  <msgID>111
 2018-05-09 17:30:02 CStateListenerControllerBase::OnReceive 69: 接收    <player>1  <msgID>120
 2018-05-09 17:30:02 SWaitConfirm::ChuQuan 206: 出拳
 2018-05-09 17:30:02 CServerGameDesk::SendDataToPlayer 690: 发送    <player>0  <msgID>121
 2018-05-09 17:30:02 CServerGameDesk::SendDataToPlayer 690: 发送    <player>1  <msgID>121
 2018-05-09 17:30:02 CServerGameDesk::SendDataToPlayer 690: 发送    <player>0  <msgID>121
 2018-05-09 17:30:02 CServerGameDesk::SendDataToPlayer 690: 发送    <player>1  <msgID>121
 2018-05-09 17:30:09 CServerGameDesk::IsPlayGame 527: ******
 2018-05-09 17:30:09 CServerGameDesk::UserNetCut 557: ******
 2018-05-09 17:30:09 CStateListenerControllerBase::OnUserNetCut 95: 玩家断线    <player>0
 2018-05-09 17:30:11 CServerGameDesk::IsPlayGame 527: ******
 2018-05-09 17:30:11 CServerGameDesk::UserNetCut 557: ******
 2018-05-09 17:30:11 CStateListenerControllerBase::OnUserNetCut 95: 玩家断线    <player>1
 2018-05-09 17:33:11 CServerGameDesk::GameFinish 482: ===================  ForceFinish  ===================
 2018-05-09 17:33:11 CServerGameDesk::OnInactive 676: >>>>>>>>>>>>>>>>>>>> 休眠 <<<<<<<<<<<<<<<<<<<<
 2018-05-09 17:33:11 CServerGameDesk::SetGameStation 717:  <<<<<  当前状态 0  >>>>> 
 2018-05-09 17:38:15 CServerGameDesk::IsPlayGame 527: ******
 2018-05-09 17:38:15 CServerGameDesk::IsPlayGame 527: ******
 2018-05-09 17:38:15 CServerGameDesk::OnActive 661: >>>>>>>>>>>>>>>>>>>> 激活 <<<<<<<<<<<<<<<<<<<<
 2018-05-09 17:38:15 CServerGameDesk::SetGameStation 717:  <<<<<  当前状态 1  >>>>> 
 2018-05-09 17:38:15 CServerGameDesk::UserSitDesk 608: 玩家 1 坐下
 2018-05-09 17:38:16 CServerGameDesk::HandleFrameMessage 200: ******
 2018-05-09 17:38:16 CServerGameDesk::SendStateToPlayer 711: 连接反馈 <player>1  <state>1
 2018-05-09 17:38:16 CServerGameDesk::IsPlayGame 527: ******
 2018-05-09 17:38:18 CServerGameDesk::IsPlayGame 527: ******
 2018-05-09 17:38:18 CServerGameDesk::UserSitDesk 608: 玩家 0 坐下
 2018-05-09 17:38:19 CServerGameDesk::HandleFrameMessage 200: ******
 2018-05-09 17:38:19 CServerGameDesk::SendStateToPlayer 711: 连接反馈 <player>0  <state>1
 2018-05-09 17:38:19 CServerGameDesk::IsPlayGame 527: ******
 2018-05-09 17:38:22 CServerGameDesk::GameBegin 244: ===================  GameBegin  ===================
 2018-05-09 17:38:22 CServerGameDesk::SetGameStation 717:  <<<<<  当前状态 2  >>>>> 
 2018-05-09 17:38:22 CServerGameDesk::SendDataToPlayer 690: 发送    <player>0  <msgID>102
 2018-05-09 17:38:22 CServerGameDesk::SendDataToPlayer 690: 发送    <player>1  <msgID>102
 2018-05-09 17:38:22 CStateListenerControllerBase::AddListener 36:     1
 2018-05-09 17:38:23 CStateListenerControllerBase::OnReceive 69: 接收    <player>0  <msgID>110
 2018-05-09 17:38:23 CServerGameDesk::SendDataToPlayer 690: 发送    <player>0  <msgID>111
 2018-05-09 17:38:25 CStateListenerControllerBase::OnReceive 69: 接收    <player>1  <msgID>110
 2018-05-09 17:38:25 CServerGameDesk::SendDataToPlayer 690: 发送    <player>1  <msgID>111
 2018-05-09 17:38:25 CStateListenerControllerBase::OnReceive 69: 接收    <player>1  <msgID>120
 2018-05-09 17:38:25 SWaitConfirm::ChuQuan 206: 出拳
 2018-05-09 17:38:25 CServerGameDesk::SendDataToPlayer 690: 发送    <player>0  <msgID>121
 2018-05-09 17:38:25 CServerGameDesk::SendDataToPlayer 690: 发送    <player>1  <msgID>121
 2018-05-09 17:38:25 CServerGameDesk::SendDataToPlayer 690: 发送    <player>0  <msgID>121
 2018-05-09 17:38:25 CServerGameDesk::SendDataToPlayer 690: 发送    <player>1  <msgID>121
 2018-05-09 17:38:26 CStateListenerControllerBase::OnReceive 69: 接收    <player>0  <msgID>120
 2018-05-09 17:38:26 SWaitConfirm::ChuQuan 206: 出拳
 2018-05-09 17:38:26 CServerGameDesk::SendDataToPlayer 690: 发送    <player>0  <msgID>121
 2018-05-09 17:38:26 CServerGameDesk::SendDataToPlayer 690: 发送    <player>1  <msgID>121
 2018-05-09 17:38:26 CServerGameDesk::SendDataToPlayer 690: 发送    <player>0  <msgID>121
 2018-05-09 17:38:26 CServerGameDesk::SendDataToPlayer 690: 发送    <player>1  <msgID>121
 2018-05-09 17:38:26 SWaitConfirm::CheckChuQuanDone 256: checkdone true
 2018-05-09 17:38:26 CStateListenerControllerBase::OnListenEnd 121: ------------------  Listener 1 over  ------------------
 2018-05-09 17:38:26 CStateListenerControllerBase::RemoveListener 48:     1
 2018-05-09 17:38:26 CServerGameDesk::GameFinish 410: ===================  GF_CONTINUE_END  ===================
 2018-05-09 17:38:26 CServerGameDesk::SendDataToPlayer 690: 发送    <player>0  <msgID>130
 2018-05-09 17:38:26 CServerGameDesk::SendDataToPlayer 690: 发送    <player>1  <msgID>130
 2018-05-09 17:38:26 CServerGameDesk::SetGameStation 717:  <<<<<  当前状态 1  >>>>> 
 2018-05-09 17:38:37 CServerGameDesk::GameBegin 244: ===================  GameBegin  ===================
 2018-05-09 17:38:37 CServerGameDesk::SetGameStation 717:  <<<<<  当前状态 2  >>>>> 
 2018-05-09 17:38:37 CServerGameDesk::SendDataToPlayer 690: 发送    <player>0  <msgID>102
 2018-05-09 17:38:37 CServerGameDesk::SendDataToPlayer 690: 发送    <player>1  <msgID>102
 2018-05-09 17:38:37 CStateListenerControllerBase::AddListener 36:     1
 2018-05-09 17:38:38 CStateListenerControllerBase::OnReceive 69: 接收    <player>1  <msgID>110
 2018-05-09 17:38:38 CServerGameDesk::SendDataToPlayer 690: 发送    <player>1  <msgID>111
 2018-05-09 17:38:39 CStateListenerControllerBase::OnReceive 69: 接收    <player>0  <msgID>110
 2018-05-09 17:38:39 CServerGameDesk::SendDataToPlayer 690: 发送    <player>0  <msgID>111
 2018-05-09 17:38:40 CStateListenerControllerBase::OnReceive 69: 接收    <player>1  <msgID>120
 2018-05-09 17:38:40 SWaitConfirm::ChuQuan 206: 出拳
 2018-05-09 17:38:40 CServerGameDesk::SendDataToPlayer 690: 发送    <player>0  <msgID>121
 2018-05-09 17:38:40 CServerGameDesk::SendDataToPlayer 690: 发送    <player>1  <msgID>121
 2018-05-09 17:38:40 CServerGameDesk::SendDataToPlayer 690: 发送    <player>0  <msgID>121
 2018-05-09 17:38:40 CServerGameDesk::SendDataToPlayer 690: 发送    <player>1  <msgID>121
 2018-05-09 17:38:41 CStateListenerControllerBase::OnReceive 69: 接收    <player>0  <msgID>120
 2018-05-09 17:38:41 SWaitConfirm::ChuQuan 206: 出拳
 2018-05-09 17:38:41 CServerGameDesk::SendDataToPlayer 690: 发送    <player>0  <msgID>121
 2018-05-09 17:38:41 CServerGameDesk::SendDataToPlayer 690: 发送    <player>1  <msgID>121
 2018-05-09 17:38:41 CServerGameDesk::SendDataToPlayer 690: 发送    <player>0  <msgID>121
 2018-05-09 17:38:41 CServerGameDesk::SendDataToPlayer 690: 发送    <player>1  <msgID>121
 2018-05-09 17:38:41 SWaitConfirm::CheckChuQuanDone 256: checkdone true
 2018-05-09 17:38:41 CStateListenerControllerBase::OnListenEnd 121: ------------------  Listener 1 over  ------------------
 2018-05-09 17:38:41 CStateListenerControllerBase::RemoveListener 48:     1
 2018-05-09 17:38:41 CServerGameDesk::GameFinish 447: ===================  GF_DISMISS_END  ===================
 2018-05-09 17:38:41 CServerGameDesk::SendDataToPlayer 690: 发送    <player>0  <msgID>130
 2018-05-09 17:38:41 CServerGameDesk::SendDataToPlayer 690: 发送    <player>1  <msgID>130
 2018-05-09 17:38:48 CServerGameDesk::SendDataToPlayer 690: 发送    <player>0  <msgID>131
 2018-05-09 17:38:48 CServerGameDesk::SendDataToPlayer 690: 发送    <player>1  <msgID>131
 2018-05-09 17:38:48 CServerGameDesk::OnInactive 676: >>>>>>>>>>>>>>>>>>>> 休眠 <<<<<<<<<<<<<<<<<<<<
 2018-05-09 17:38:48 CServerGameDesk::SetGameStation 717:  <<<<<  当前状态 0  >>>>> 
 2018-05-09 17:54:32 CServerGameDesk::IsPlayGame 527: ******
 2018-05-09 17:54:32 CServerGameDesk::IsPlayGame 527: ******
 2018-05-09 17:54:32 CServerGameDesk::IsPlayGame 527: ******
 2018-05-09 17:54:32 CServerGameDesk::OnActive 661: >>>>>>>>>>>>>>>>>>>> 激活 <<<<<<<<<<<<<<<<<<<<
 2018-05-09 17:54:32 CServerGameDesk::SetGameStation 717:  <<<<<  当前状态 1  >>>>> 
 2018-05-09 17:54:32 CServerGameDesk::UserSitDesk 608: 玩家 0 坐下
 2018-05-09 17:54:32 CServerGameDesk::IsPlayGame 527: ******
 2018-05-09 17:54:33 CServerGameDesk::HandleFrameMessage 200: ******
 2018-05-09 17:54:33 CServerGameDesk::SendStateToPlayer 711: 连接反馈 <player>0  <state>1
 2018-05-09 17:54:33 CServerGameDesk::IsPlayGame 527: ******
 2018-05-09 17:54:45 CServerGameDesk::IsPlayGame 527: ******
 2018-05-09 17:54:45 CServerGameDesk::GameFinish 489: ===================  DismissFinish  ===================
 2018-05-09 17:54:45 CServerGameDesk::OnInactive 676: >>>>>>>>>>>>>>>>>>>> 休眠 <<<<<<<<<<<<<<<<<<<<
 2018-05-09 17:54:45 CServerGameDesk::SetGameStation 717:  <<<<<  当前状态 0  >>>>> 
 2018-05-09 17:54:45 CServerGameDesk::IsPlayGame 527: ******
 2018-05-09 18:17:39 CServerGameDesk::IsPlayGame 527: ******
 2018-05-09 18:17:39 CServerGameDesk::IsPlayGame 527: ******
 2018-05-09 18:17:39 CServerGameDesk::IsPlayGame 527: ******
 2018-05-09 18:17:39 CServerGameDesk::OnActive 661: >>>>>>>>>>>>>>>>>>>> 激活 <<<<<<<<<<<<<<<<<<<<
 2018-05-09 18:17:39 CServerGameDesk::SetGameStation 717:  <<<<<  当前状态 1  >>>>> 
 2018-05-09 18:17:39 CServerGameDesk::UserSitDesk 608: 玩家 0 坐下
 2018-05-09 18:17:39 CServerGameDesk::IsPlayGame 527: ******
 2018-05-09 18:17:40 CServerGameDesk::HandleFrameMessage 200: ******
 2018-05-09 18:17:40 CServerGameDesk::SendStateToPlayer 711: 连接反馈 <player>0  <state>1
 2018-05-09 18:17:40 CServerGameDesk::IsPlayGame 527: ******
 2018-05-09 18:17:44 CServerGameDesk::IsPlayGame 527: ******
 2018-05-09 18:17:44 CServerGameDesk::GameFinish 489: ===================  DismissFinish  ===================
 2018-05-09 18:17:44 CServerGameDesk::OnInactive 676: >>>>>>>>>>>>>>>>>>>> 休眠 <<<<<<<<<<<<<<<<<<<<
 2018-05-09 18:17:44 CServerGameDesk::SetGameStation 717:  <<<<<  当前状态 0  >>>>> 
 2018-05-09 18:17:44 CServerGameDesk::IsPlayGame 527: ******
 2018-05-09 18:17:52 CServerGameDesk::IsPlayGame 527: ******
 2018-05-09 18:17:52 CServerGameDesk::IsPlayGame 527: ******
 2018-05-09 18:17:52 CServerGameDesk::IsPlayGame 527: ******
 2018-05-09 18:17:52 CServerGameDesk::OnActive 661: >>>>>>>>>>>>>>>>>>>> 激活 <<<<<<<<<<<<<<<<<<<<
 2018-05-09 18:17:52 CServerGameDesk::SetGameStation 717:  <<<<<  当前状态 1  >>>>> 
 2018-05-09 18:17:52 CServerGameDesk::UserSitDesk 608: 玩家 0 坐下
 2018-05-09 18:17:52 CServerGameDesk::IsPlayGame 527: ******
 2018-05-09 18:17:52 CServerGameDesk::HandleFrameMessage 200: ******
 2018-05-09 18:17:52 CServerGameDesk::SendStateToPlayer 711: 连接反馈 <player>0  <state>1
 2018-05-09 18:17:52 CServerGameDesk::IsPlayGame 527: ******
 2018-05-09 18:18:00 CServerGameDesk::IsPlayGame 527: ******
 2018-05-09 18:18:00 CServerGameDesk::GameFinish 489: ===================  DismissFinish  ===================
 2018-05-09 18:18:00 CServerGameDesk::OnInactive 676: >>>>>>>>>>>>>>>>>>>> 休眠 <<<<<<<<<<<<<<<<<<<<
 2018-05-09 18:18:00 CServerGameDesk::SetGameStation 717:  <<<<<  当前状态 0  >>>>> 
 2018-05-09 18:18:00 CServerGameDesk::IsPlayGame 527: ******
 2018-05-09 18:18:09 CServerGameDesk::IsPlayGame 527: ******
 2018-05-09 18:18:09 CServerGameDesk::IsPlayGame 527: ******
 2018-05-09 18:18:09 CServerGameDesk::IsPlayGame 527: ******
 2018-05-09 18:18:09 CServerGameDesk::OnActive 661: >>>>>>>>>>>>>>>>>>>> 激活 <<<<<<<<<<<<<<<<<<<<
 2018-05-09 18:18:09 CServerGameDesk::SetGameStation 717:  <<<<<  当前状态 1  >>>>> 
 2018-05-09 18:18:09 CServerGameDesk::UserSitDesk 608: 玩家 0 坐下
 2018-05-09 18:18:09 CServerGameDesk::IsPlayGame 527: ******
 2018-05-09 18:18:09 CServerGameDesk::HandleFrameMessage 200: ******
 2018-05-09 18:18:09 CServerGameDesk::SendStateToPlayer 711: 连接反馈 <player>0  <state>1
 2018-05-09 18:18:09 CServerGameDesk::IsPlayGame 527: ******
 2018-05-09 18:18:13 CServerGameDesk::IsPlayGame 527: ******
 2018-05-09 18:18:13 CServerGameDesk::GameFinish 489: ===================  DismissFinish  ===================
 2018-05-09 18:18:13 CServerGameDesk::OnInactive 676: >>>>>>>>>>>>>>>>>>>> 休眠 <<<<<<<<<<<<<<<<<<<<
 2018-05-09 18:18:13 CServerGameDesk::SetGameStation 717:  <<<<<  当前状态 0  >>>>> 
 2018-05-09 18:18:13 CServerGameDesk::IsPlayGame 527: ******
 2018-05-09 18:27:30 CServerGameDesk::IsPlayGame 527: ******
 2018-05-09 18:27:30 CServerGameDesk::IsPlayGame 527: ******
 2018-05-09 18:27:30 CServerGameDesk::IsPlayGame 527: ******
 2018-05-09 18:27:30 CServerGameDesk::OnActive 661: >>>>>>>>>>>>>>>>>>>> 激活 <<<<<<<<<<<<<<<<<<<<
 2018-05-09 18:27:30 CServerGameDesk::SetGameStation 717:  <<<<<  当前状态 1  >>>>> 
 2018-05-09 18:27:30 CServerGameDesk::UserSitDesk 608: 玩家 0 坐下
 2018-05-09 18:27:30 CServerGameDesk::IsPlayGame 527: ******
 2018-05-09 18:27:31 CServerGameDesk::HandleFrameMessage 200: ******
 2018-05-09 18:27:31 CServerGameDesk::SendStateToPlayer 711: 连接反馈 <player>0  <state>1
 2018-05-09 18:27:32 CServerGameDesk::IsPlayGame 527: ******
 2018-05-09 18:27:36 CServerGameDesk::IsPlayGame 527: ******
 2018-05-09 18:27:36 CServerGameDesk::GameFinish 489: ===================  DismissFinish  ===================
 2018-05-09 18:27:36 CServerGameDesk::OnInactive 676: >>>>>>>>>>>>>>>>>>>> 休眠 <<<<<<<<<<<<<<<<<<<<
 2018-05-09 18:27:36 CServerGameDesk::SetGameStation 717:  <<<<<  当前状态 0  >>>>> 
 2018-05-09 18:27:36 CServerGameDesk::IsPlayGame 527: ******
 2018-05-09 18:30:41 CServerGameDesk::IsPlayGame 527: ******
 2018-05-09 18:30:41 CServerGameDesk::IsPlayGame 527: ******
 2018-05-09 18:30:41 CServerGameDesk::IsPlayGame 527: ******
 2018-05-09 18:30:41 CServerGameDesk::OnActive 661: >>>>>>>>>>>>>>>>>>>> 激活 <<<<<<<<<<<<<<<<<<<<
 2018-05-09 18:30:41 CServerGameDesk::SetGameStation 717:  <<<<<  当前状态 1  >>>>> 
 2018-05-09 18:30:41 CServerGameDesk::UserSitDesk 608: 玩家 0 坐下
 2018-05-09 18:30:41 CServerGameDesk::IsPlayGame 527: ******
 2018-05-09 18:30:42 CServerGameDesk::HandleFrameMessage 200: ******
 2018-05-09 18:30:42 CServerGameDesk::SendStateToPlayer 711: 连接反馈 <player>0  <state>1
 2018-05-09 18:30:42 CServerGameDesk::IsPlayGame 527: ******
 2018-05-09 18:30:46 CServerGameDesk::IsPlayGame 527: ******
 2018-05-09 18:30:46 CServerGameDesk::GameFinish 489: ===================  DismissFinish  ===================
 2018-05-09 18:30:46 CServerGameDesk::OnInactive 676: >>>>>>>>>>>>>>>>>>>> 休眠 <<<<<<<<<<<<<<<<<<<<
 2018-05-09 18:30:46 CServerGameDesk::SetGameStation 717:  <<<<<  当前状态 0  >>>>> 
 2018-05-09 18:30:46 CServerGameDesk::IsPlayGame 527: ******
 2018-05-10 09:12:40 CServerGameDesk::IsPlayGame 527: ******
 2018-05-10 09:12:40 CServerGameDesk::IsPlayGame 527: ******
 2018-05-10 09:12:40 CServerGameDesk::IsPlayGame 527: ******
 2018-05-10 09:12:40 CServerGameDesk::OnActive 661: >>>>>>>>>>>>>>>>>>>> 激活 <<<<<<<<<<<<<<<<<<<<
 2018-05-10 09:12:40 CServerGameDesk::SetGameStation 717:  <<<<<  当前状态 1  >>>>> 
 2018-05-10 09:12:40 CServerGameDesk::UserSitDesk 608: 玩家 0 坐下
 2018-05-10 09:12:40 CServerGameDesk::IsPlayGame 527: ******
 2018-05-10 09:12:41 CServerGameDesk::HandleFrameMessage 200: ******
 2018-05-10 09:12:41 CServerGameDesk::SendStateToPlayer 711: 连接反馈 <player>0  <state>1
 2018-05-10 09:12:41 CServerGameDesk::IsPlayGame 527: ******
 2018-05-10 09:12:44 CServerGameDesk::IsPlayGame 527: ******
 2018-05-10 09:12:44 CServerGameDesk::UserNetCut 557: ******
 2018-05-10 09:12:44 CStateListenerControllerBase::OnUserNetCut 95: 玩家断线    <player>0
 2018-05-10 09:13:01 CServerGameDesk::UserReCome 579: ******
 2018-05-10 09:13:01 CStateListenerControllerBase::OnUserReCome 108: 玩家重连    <player>0
 2018-05-10 09:13:01 CServerGameDesk::HandleFrameMessage 200: ******
 2018-05-10 09:13:01 CServerGameDesk::SendStateToPlayer 711: 连接反馈 <player>0  <state>1
 2018-05-10 09:13:01 CServerGameDesk::IsPlayGame 527: ******
 2018-05-10 09:13:16 CServerGameDesk::IsPlayGame 527: ******
 2018-05-10 09:13:16 CServerGameDesk::IsPlayGame 527: ******
 2018-05-10 09:13:16 CServerGameDesk::IsPlayGame 527: ******
 2018-05-10 09:13:16 CServerGameDesk::UserSitDesk 608: 玩家 1 坐下
 2018-05-10 09:13:16 CServerGameDesk::IsPlayGame 527: ******
 2018-05-10 09:13:16 CServerGameDesk::HandleFrameMessage 200: ******
 2018-05-10 09:13:16 CServerGameDesk::SendStateToPlayer 711: 连接反馈 <player>1  <state>1
 2018-05-10 09:13:16 CServerGameDesk::IsPlayGame 527: ******
 2018-05-10 09:40:50 CServerGameDesk::IsPlayGame 527: ******
 2018-05-10 09:40:50 CServerGameDesk::UserLeftDesk 623: 玩家 0 站起
 2018-05-10 09:40:50 CServerGameDesk::IsPlayGame 527: ******
 2018-05-10 09:49:27 CServerGameDesk::IsPlayGame 527: ******
 2018-05-10 09:49:27 CServerGameDesk::UserLeftDesk 623: 玩家 1 站起
 2018-05-10 09:49:27 CServerGameDesk::IsPlayGame 527: ******
 2018-05-10 09:49:27 CServerGameDesk::OnInactive 676: >>>>>>>>>>>>>>>>>>>> 休眠 <<<<<<<<<<<<<<<<<<<<
 2018-05-10 09:49:27 CServerGameDesk::SetGameStation 717:  <<<<<  当前状态 0  >>>>> 
 2018-05-10 09:52:27 CServerGameDesk::GameFinish 482: ===================  ForceFinish  ===================
 2018-05-10 09:52:27 CServerGameDesk::OnInactive 676: >>>>>>>>>>>>>>>>>>>> 休眠 <<<<<<<<<<<<<<<<<<<<
 2018-05-10 09:52:27 CServerGameDesk::SetGameStation 717:  <<<<<  当前状态 0  >>>>> 
 2018-05-10 10:06:05 CServerGameDesk::IsPlayGame 527: ******
 2018-05-10 10:06:05 CServerGameDesk::IsPlayGame 527: ******
 2018-05-10 10:06:05 CServerGameDesk::IsPlayGame 527: ******
 2018-05-10 10:06:05 CServerGameDesk::OnActive 661: >>>>>>>>>>>>>>>>>>>> 激活 <<<<<<<<<<<<<<<<<<<<
 2018-05-10 10:06:05 CServerGameDesk::SetGameStation 717:  <<<<<  当前状态 1  >>>>> 
 2018-05-10 10:06:05 CServerGameDesk::UserSitDesk 608: 玩家 0 坐下
 2018-05-10 10:06:05 CServerGameDesk::IsPlayGame 527: ******
 2018-05-10 10:06:06 CServerGameDesk::HandleFrameMessage 200: ******
 2018-05-10 10:06:06 CServerGameDesk::SendStateToPlayer 711: 连接反馈 <player>0  <state>1
 2018-05-10 10:06:06 CServerGameDesk::IsPlayGame 527: ******
 2018-05-10 10:06:24 CServerGameDesk::IsPlayGame 527: ******
 2018-05-10 10:06:24 CServerGameDesk::IsPlayGame 527: ******
 2018-05-10 10:06:24 CServerGameDesk::IsPlayGame 527: ******
 2018-05-10 10:06:24 CServerGameDesk::UserSitDesk 608: 玩家 1 坐下
 2018-05-10 10:06:24 CServerGameDesk::IsPlayGame 527: ******
 2018-05-10 10:06:25 CServerGameDesk::HandleFrameMessage 200: ******
 2018-05-10 10:06:25 CServerGameDesk::SendStateToPlayer 711: 连接反馈 <player>1  <state>1
 2018-05-10 10:06:25 CServerGameDesk::IsPlayGame 527: ******
 2018-05-10 10:06:26 CServerGameDesk::GameBegin 244: ===================  GameBegin  ===================
 2018-05-10 10:06:26 CServerGameDesk::SetGameStation 717:  <<<<<  当前状态 2  >>>>> 
 2018-05-10 10:06:26 CServerGameDesk::SendDataToPlayer 690: 发送    <player>0  <msgID>102
 2018-05-10 10:06:26 CServerGameDesk::SendDataToPlayer 690: 发送    <player>1  <msgID>102
 2018-05-10 10:06:26 CStateListenerControllerBase::AddListener 36:     1
 2018-05-10 10:06:27 CStateListenerControllerBase::OnReceive 69: 接收    <player>0  <msgID>110
 2018-05-10 10:06:27 CServerGameDesk::SendDataToPlayer 690: 发送    <player>0  <msgID>111
 2018-05-10 10:06:28 CStateListenerControllerBase::OnReceive 69: 接收    <player>0  <msgID>120
 2018-05-10 10:06:28 SWaitConfirm::ChuQuan 206: 出拳
 2018-05-10 10:06:28 CServerGameDesk::SendDataToPlayer 690: 发送    <player>0  <msgID>121
 2018-05-10 10:06:28 CServerGameDesk::SendDataToPlayer 690: 发送    <player>1  <msgID>121
 2018-05-10 10:06:28 CServerGameDesk::SendDataToPlayer 690: 发送    <player>0  <msgID>121
 2018-05-10 10:06:28 CServerGameDesk::SendDataToPlayer 690: 发送    <player>1  <msgID>121
 2018-05-10 10:17:56 CServerGameDesk::IsPlayGame 527: ******
 2018-05-10 10:17:57 CServerGameDesk::GameFinish 489: ===================  DismissFinish  ===================
 2018-05-10 10:17:57 CServerGameDesk::SendDataToPlayer 690: 发送    <player>0  <msgID>131
 2018-05-10 10:17:57 CServerGameDesk::SendDataToPlayer 690: 发送    <player>1  <msgID>131
 2018-05-10 10:17:57 CServerGameDesk::OnInactive 676: >>>>>>>>>>>>>>>>>>>> 休眠 <<<<<<<<<<<<<<<<<<<<
 2018-05-10 10:17:57 CServerGameDesk::SetGameStation 717:  <<<<<  当前状态 0  >>>>> 
 2018-05-10 10:17:57 CServerGameDesk::IsPlayGame 527: ******
 2018-05-10 10:19:21 CServerGameDesk::IsPlayGame 527: ******
 2018-05-10 10:19:21 CServerGameDesk::IsPlayGame 527: ******
 2018-05-10 10:19:21 CServerGameDesk::IsPlayGame 527: ******
 2018-05-10 10:19:21 CServerGameDesk::OnActive 661: >>>>>>>>>>>>>>>>>>>> 激活 <<<<<<<<<<<<<<<<<<<<
 2018-05-10 10:19:21 CServerGameDesk::SetGameStation 717:  <<<<<  当前状态 1  >>>>> 
 2018-05-10 10:19:21 CServerGameDesk::UserSitDesk 608: 玩家 0 坐下
 2018-05-10 10:19:21 CServerGameDesk::IsPlayGame 527: ******
 2018-05-10 10:19:22 CServerGameDesk::HandleFrameMessage 200: ******
 2018-05-10 10:19:22 CServerGameDesk::SendStateToPlayer 711: 连接反馈 <player>0  <state>1
 2018-05-10 10:19:22 CServerGameDesk::IsPlayGame 527: ******
 2018-05-10 10:19:27 CServerGameDesk::IsPlayGame 527: ******
 2018-05-10 10:19:27 CServerGameDesk::UserNetCut 557: ******
 2018-05-10 10:19:27 CStateListenerControllerBase::OnUserNetCut 95: 玩家断线    <player>0
 2018-05-10 10:19:31 CServerGameDesk::UserReCome 579: ******
 2018-05-10 10:19:31 CStateListenerControllerBase::OnUserReCome 108: 玩家重连    <player>0
 2018-05-10 10:19:31 CServerGameDesk::HandleFrameMessage 200: ******
 2018-05-10 10:19:31 CServerGameDesk::SendStateToPlayer 711: 连接反馈 <player>0  <state>1
 2018-05-10 10:19:31 CServerGameDesk::IsPlayGame 527: ******
 2018-05-10 10:21:29 CServerGameDesk::IsPlayGame 527: ******
 2018-05-10 10:21:29 CServerGameDesk::IsPlayGame 527: ******
 2018-05-10 10:21:29 CServerGameDesk::IsPlayGame 527: ******
 2018-05-10 10:21:29 CServerGameDesk::UserSitDesk 608: 玩家 1 坐下
 2018-05-10 10:21:29 CServerGameDesk::IsPlayGame 527: ******
 2018-05-10 10:21:30 CServerGameDesk::HandleFrameMessage 200: ******
 2018-05-10 10:21:30 CServerGameDesk::SendStateToPlayer 711: 连接反馈 <player>1  <state>1
 2018-05-10 10:21:30 CServerGameDesk::IsPlayGame 527: ******
 2018-05-10 10:21:33 CServerGameDesk::GameBegin 244: ===================  GameBegin  ===================
 2018-05-10 10:21:33 CServerGameDesk::SetGameStation 717:  <<<<<  当前状态 2  >>>>> 
 2018-05-10 10:21:33 CServerGameDesk::SendDataToPlayer 690: 发送    <player>0  <msgID>102
 2018-05-10 10:21:33 CServerGameDesk::SendDataToPlayer 690: 发送    <player>1  <msgID>102
 2018-05-10 10:21:33 CStateListenerControllerBase::AddListener 36:     1
 2018-05-10 10:21:37 CStateListenerControllerBase::OnReceive 69: 接收    <player>1  <msgID>110
 2018-05-10 10:21:37 CServerGameDesk::SendDataToPlayer 690: 发送    <player>1  <msgID>111
 2018-05-10 10:21:38 CStateListenerControllerBase::OnReceive 69: 接收    <player>0  <msgID>110
 2018-05-10 10:21:38 CServerGameDesk::SendDataToPlayer 690: 发送    <player>0  <msgID>111
 2018-05-10 10:21:38 CStateListenerControllerBase::OnReceive 69: 接收    <player>0  <msgID>110
 2018-05-10 10:21:38 CServerGameDesk::SendDataToPlayer 690: 发送    <player>0  <msgID>111
 2018-05-10 10:21:38 CStateListenerControllerBase::OnReceive 69: 接收    <player>0  <msgID>110
 2018-05-10 10:21:38 CServerGameDesk::SendDataToPlayer 690: 发送    <player>0  <msgID>111
 2018-05-10 10:21:38 CStateListenerControllerBase::OnReceive 69: 接收    <player>0  <msgID>110
 2018-05-10 10:21:38 CServerGameDesk::SendDataToPlayer 690: 发送    <player>0  <msgID>111
 2018-05-10 10:21:38 CStateListenerControllerBase::OnReceive 69: 接收    <player>0  <msgID>110
 2018-05-10 10:21:38 CServerGameDesk::SendDataToPlayer 690: 发送    <player>0  <msgID>111
 2018-05-10 10:21:39 CStateListenerControllerBase::OnReceive 69: 接收    <player>0  <msgID>110
 2018-05-10 10:21:39 CServerGameDesk::SendDataToPlayer 690: 发送    <player>0  <msgID>111
 2018-05-10 10:21:39 CStateListenerControllerBase::OnReceive 69: 接收    <player>0  <msgID>110
 2018-05-10 10:21:39 CServerGameDesk::SendDataToPlayer 690: 发送    <player>0  <msgID>111
 2018-05-10 10:21:39 CStateListenerControllerBase::OnReceive 69: 接收    <player>0  <msgID>110
 2018-05-10 10:21:39 CServerGameDesk::SendDataToPlayer 690: 发送    <player>0  <msgID>111
 2018-05-10 10:21:39 CStateListenerControllerBase::OnReceive 69: 接收    <player>0  <msgID>110
 2018-05-10 10:21:39 CServerGameDesk::SendDataToPlayer 690: 发送    <player>0  <msgID>111
 2018-05-10 10:21:39 CStateListenerControllerBase::OnReceive 69: 接收    <player>0  <msgID>110
 2018-05-10 10:21:39 CServerGameDesk::SendDataToPlayer 690: 发送    <player>0  <msgID>111
 2018-05-10 10:21:39 CStateListenerControllerBase::OnReceive 69: 接收    <player>0  <msgID>110
 2018-05-10 10:21:39 CServerGameDesk::SendDataToPlayer 690: 发送    <player>0  <msgID>111
 2018-05-10 10:21:40 CStateListenerControllerBase::OnReceive 69: 接收    <player>0  <msgID>110
 2018-05-10 10:21:40 CServerGameDesk::SendDataToPlayer 690: 发送    <player>0  <msgID>111
 2018-05-10 10:21:40 CStateListenerControllerBase::OnReceive 69: 接收    <player>0  <msgID>110
 2018-05-10 10:21:40 CServerGameDesk::SendDataToPlayer 690: 发送    <player>0  <msgID>111
 2018-05-10 10:21:40 CStateListenerControllerBase::OnReceive 69: 接收    <player>0  <msgID>110
 2018-05-10 10:21:40 CServerGameDesk::SendDataToPlayer 690: 发送    <player>0  <msgID>111
 2018-05-10 10:21:40 CStateListenerControllerBase::OnReceive 69: 接收    <player>0  <msgID>110
 2018-05-10 10:21:40 CServerGameDesk::SendDataToPlayer 690: 发送    <player>0  <msgID>111
 2018-05-10 10:21:40 CStateListenerControllerBase::OnReceive 69: 接收    <player>0  <msgID>110
 2018-05-10 10:21:40 CServerGameDesk::SendDataToPlayer 690: 发送    <player>0  <msgID>111
 2018-05-10 10:21:41 CStateListenerControllerBase::OnReceive 69: 接收    <player>0  <msgID>110
 2018-05-10 10:21:41 CServerGameDesk::SendDataToPlayer 690: 发送    <player>0  <msgID>111
 2018-05-10 10:21:43 CServerGameDesk::IsPlayGame 527: ******
 2018-05-10 10:21:44 CServerGameDesk::GameFinish 489: ===================  DismissFinish  ===================
 2018-05-10 10:21:44 CServerGameDesk::SendDataToPlayer 690: 发送    <player>0  <msgID>131
 2018-05-10 10:21:44 CServerGameDesk::SendDataToPlayer 690: 发送    <player>1  <msgID>131
 2018-05-10 10:21:44 CServerGameDesk::OnInactive 676: >>>>>>>>>>>>>>>>>>>> 休眠 <<<<<<<<<<<<<<<<<<<<
 2018-05-10 10:21:44 CServerGameDesk::SetGameStation 717:  <<<<<  当前状态 0  >>>>> 
 2018-05-10 10:21:44 CServerGameDesk::IsPlayGame 527: ******
