 2019-03-17 14:39:37 ThingHandleEx::ExecuteGameBegin 1463: 20198004：游戏开始, m_iRunGameCount0
 2019-03-17 14:42:54 ThingHandleEx::ExecuteZhongNiao 1431: 中鸟阶段:S: ZhongNiao[0]=37
 2019-03-17 14:42:54 ThingHandleEx::ExecuteZhongNiao 1431: 中鸟阶段:S: ZhongNiao[1]=27
 2019-03-17 14:42:54 ThingHandleEx::ExecuteZhongNiao 1437: 中码结算, 该局玩家0的码分=0
 2019-03-17 14:42:54 ThingHandleEx::ExecuteZhongNiao 1437: 中码结算, 该局玩家1的码分=0
 2019-03-17 14:42:54 ThingHandleEx::ExecuteZhongNiao 1437: 中码结算, 该局玩家2的码分=0
 2019-03-17 14:42:54 ThingHandleEx::ExecuteZhongNiao 1437: 中码结算, 该局玩家3的码分=0
 2019-03-17 14:42:59 ThingHandleEx::ExecuteCountFen 2912:  游戏结算,玩家 0 ,Phone22963 的杠分=0 胡番=-4 码分=0
 2019-03-17 14:42:59 ThingHandleEx::ExecuteCountFen 2913:  游戏结算,玩家 0 的总分=-200
 2019-03-17 14:42:59 ThingHandleEx::ExecuteCountFen 2912:  游戏结算,玩家 1 ,ZL3333 的杠分=0 胡番=0 码分=0
 2019-03-17 14:42:59 ThingHandleEx::ExecuteCountFen 2913:  游戏结算,玩家 1 的总分=0
 2019-03-17 14:42:59 ThingHandleEx::ExecuteCountFen 2912:  游戏结算,玩家 2 ,ZL1111 的杠分=0 胡番=0 码分=0
 2019-03-17 14:42:59 ThingHandleEx::ExecuteCountFen 2913:  游戏结算,玩家 2 的总分=0
 2019-03-17 14:42:59 ThingHandleEx::ExecuteCountFen 2912:  游戏结算,玩家 3 ,ZL2222 的杠分=0 胡番=4 码分=0
 2019-03-17 14:42:59 ThingHandleEx::ExecuteCountFen 2913:  游戏结算,玩家 3 的总分=200
 2019-03-17 14:43:00 CServerGameDesk::GameFinish 395: 第0局正常结束
 2019-03-17 14:57:45 ThingHandleEx::ExecuteGameBegin 1463: 20198004：游戏开始, m_iRunGameCount0
 2019-03-17 14:58:46 ThingHandleEx::ExecuteZhongNiao 1431: 中鸟阶段:S: ZhongNiao[0]=12
 2019-03-17 14:58:46 ThingHandleEx::ExecuteZhongNiao 1431: 中鸟阶段:S: ZhongNiao[1]=28
 2019-03-17 14:58:46 ThingHandleEx::ExecuteZhongNiao 1437: 中码结算, 该局玩家0的码分=0
 2019-03-17 14:58:46 ThingHandleEx::ExecuteZhongNiao 1437: 中码结算, 该局玩家1的码分=0
 2019-03-17 14:58:46 ThingHandleEx::ExecuteZhongNiao 1437: 中码结算, 该局玩家2的码分=0
 2019-03-17 14:58:46 ThingHandleEx::ExecuteZhongNiao 1437: 中码结算, 该局玩家3的码分=0
 2019-03-17 14:58:51 ThingHandleEx::ExecuteCountFen 2912:  游戏结算,玩家 0 ,ZL1111 的杠分=0 胡番=0 码分=0
 2019-03-17 14:58:51 ThingHandleEx::ExecuteCountFen 2913:  游戏结算,玩家 0 的总分=0
 2019-03-17 14:58:51 ThingHandleEx::ExecuteCountFen 2912:  游戏结算,玩家 1 ,Phone22963 的杠分=0 胡番=0 码分=0
 2019-03-17 14:58:51 ThingHandleEx::ExecuteCountFen 2913:  游戏结算,玩家 1 的总分=0
 2019-03-17 14:58:51 ThingHandleEx::ExecuteCountFen 2912:  游戏结算,玩家 2 ,ZL2222 的杠分=0 胡番=-4 码分=0
 2019-03-17 14:58:51 ThingHandleEx::ExecuteCountFen 2913:  游戏结算,玩家 2 的总分=-200
 2019-03-17 14:58:51 ThingHandleEx::ExecuteCountFen 2912:  游戏结算,玩家 3 ,ZL3333 的杠分=0 胡番=4 码分=0
 2019-03-17 14:58:51 ThingHandleEx::ExecuteCountFen 2913:  游戏结算,玩家 3 的总分=200
 2019-03-17 14:58:52 CServerGameDesk::GameFinish 395: 第0局正常结束
