 2018-05-07 11:25:41 ThingHandleEx::ExecuteGameBegin 1460: 20111004：游戏开始, m_iRunGameCount0
 2018-05-07 11:36:32 ThingHandleEx::ExecuteCountFen 2860:  游戏结算,玩家 0 ,AAAAA0 的杠分=0 胡番=0 码分=0
 2018-05-07 11:36:32 ThingHandleEx::ExecuteCountFen 2861:  游戏结算,玩家 0 的总分=0
 2018-05-07 11:36:32 ThingHandleEx::ExecuteCountFen 2860:  游戏结算,玩家 1 ,AAAAA5 的杠分=0 胡番=0 码分=0
 2018-05-07 11:36:32 ThingHandleEx::ExecuteCountFen 2861:  游戏结算,玩家 1 的总分=0
 2018-05-07 11:36:32 ThingHandleEx::ExecuteCountFen 2860:  游戏结算,玩家 2 ,QWE666 的杠分=0 胡番=0 码分=0
 2018-05-07 11:36:32 ThingHandleEx::ExecuteCountFen 2861:  游戏结算,玩家 2 的总分=0
 2018-05-07 11:36:32 ThingHandleEx::ExecuteCountFen 2860:  游戏结算,玩家 3 ,QWE777 的杠分=0 胡番=0 码分=0
 2018-05-07 11:36:32 ThingHandleEx::ExecuteCountFen 2861:  游戏结算,玩家 3 的总分=0
 2018-05-07 11:36:33 CServerGameDesk::GameFinish 394: 第0局正常结束
 2018-05-07 11:47:17 ThingHandleEx::ExecuteGameBegin 1460: 20111004：游戏开始, m_iRunGameCount0
 2018-05-07 11:51:28 ThingHandleEx::ExecuteCountFen 2860:  游戏结算,玩家 0 ,AAAAA0 的杠分=0 胡番=0 码分=0
 2018-05-07 11:51:28 ThingHandleEx::ExecuteCountFen 2861:  游戏结算,玩家 0 的总分=0
 2018-05-07 11:51:28 ThingHandleEx::ExecuteCountFen 2860:  游戏结算,玩家 1 ,AAAAA5 的杠分=0 胡番=0 码分=0
 2018-05-07 11:51:28 ThingHandleEx::ExecuteCountFen 2861:  游戏结算,玩家 1 的总分=0
 2018-05-07 11:51:28 ThingHandleEx::ExecuteCountFen 2860:  游戏结算,玩家 2 ,QWE666 的杠分=0 胡番=0 码分=0
 2018-05-07 11:51:28 ThingHandleEx::ExecuteCountFen 2861:  游戏结算,玩家 2 的总分=0
 2018-05-07 11:51:28 ThingHandleEx::ExecuteCountFen 2860:  游戏结算,玩家 3 ,QWE777 的杠分=0 胡番=0 码分=0
 2018-05-07 11:51:28 ThingHandleEx::ExecuteCountFen 2861:  游戏结算,玩家 3 的总分=0
 2018-05-07 11:51:28 CServerGameDesk::GameFinish 394: 第0局正常结束
