[2018-05-18 16:37:35] 掷2颗色子确定起牌方向： byGetPaiDir=0-Phone15102, 1 1
[2018-05-18 16:37:38] 掷2颗色子确定起牌敦数事件: 6 5 11
[2018-05-18 16:37:43] 玩家0-Phone15102的门牌： 
[2018-05-18 16:37:43]   门牌1=0
[2018-05-18 16:37:43]   门牌2=0
[2018-05-18 16:37:43]   门牌3=0
[2018-05-18 16:37:43]   门牌4=0
[2018-05-18 16:37:43]   门牌5=0
[2018-05-18 16:37:43]   门牌6=0
[2018-05-18 16:37:43]   门牌7=0
[2018-05-18 16:37:43]   门牌8=0
[2018-05-18 16:37:43]   门牌9=0
[2018-05-18 16:37:43]   门牌10=0
[2018-05-18 16:37:43]   门牌11=0
[2018-05-18 16:37:43]   门牌12=0
[2018-05-18 16:37:43]   门牌13=0
[2018-05-18 16:37:43]   门牌14=0
[2018-05-18 16:37:43]   门牌15=0
[2018-05-18 16:37:43]   门牌16=0
[2018-05-18 16:37:43]   门牌17=0
[2018-05-18 16:37:43]   门牌18=0
[2018-05-18 16:37:43]   门牌19=0
[2018-05-18 16:37:43]   门牌20=0
[2018-05-18 16:37:43]   门牌21=0
[2018-05-18 16:37:43]   门牌22=0
[2018-05-18 16:37:43]   门牌23=255
[2018-05-18 16:37:43]   门牌24=255
[2018-05-18 16:37:43]   门牌25=255
[2018-05-18 16:37:43]   门牌26=255
[2018-05-18 16:37:43]   门牌27=255
[2018-05-18 16:37:43]   门牌28=255
[2018-05-18 16:37:43] 玩家1-t10012的门牌： 
[2018-05-18 16:37:43]   门牌1=255
[2018-05-18 16:37:43]   门牌2=255
[2018-05-18 16:37:43]   门牌3=255
[2018-05-18 16:37:43]   门牌4=255
[2018-05-18 16:37:43]   门牌5=255
[2018-05-18 16:37:43]   门牌6=255
[2018-05-18 16:37:43]   门牌7=255
[2018-05-18 16:37:43]   门牌8=255
[2018-05-18 16:37:43]   门牌9=255
[2018-05-18 16:37:43]   门牌10=255
[2018-05-18 16:37:43]   门牌11=255
[2018-05-18 16:37:43]   门牌12=255
[2018-05-18 16:37:43]   门牌13=255
[2018-05-18 16:37:43]   门牌14=255
[2018-05-18 16:37:43]   门牌15=255
[2018-05-18 16:37:43]   门牌16=255
[2018-05-18 16:37:43]   门牌17=255
[2018-05-18 16:37:43]   门牌18=255
[2018-05-18 16:37:43]   门牌19=255
[2018-05-18 16:37:43]   门牌20=255
[2018-05-18 16:37:43]   门牌21=255
[2018-05-18 16:37:43]   门牌22=255
[2018-05-18 16:37:43]   门牌23=255
[2018-05-18 16:37:43]   门牌24=255
[2018-05-18 16:37:43]   门牌25=255
[2018-05-18 16:37:43]   门牌26=255
[2018-05-18 16:37:43]   门牌27=255
[2018-05-18 16:37:43]   门牌28=255
[2018-05-18 16:37:43] 玩家2-t10011的门牌： 
[2018-05-18 16:37:43]   门牌1=255
[2018-05-18 16:37:43]   门牌2=255
[2018-05-18 16:37:43]   门牌3=255
[2018-05-18 16:37:43]   门牌4=255
[2018-05-18 16:37:43]   门牌5=255
[2018-05-18 16:37:43]   门牌6=255
[2018-05-18 16:37:43]   门牌7=255
[2018-05-18 16:37:43]   门牌8=255
[2018-05-18 16:37:43]   门牌9=255
[2018-05-18 16:37:43]   门牌10=255
[2018-05-18 16:37:43]   门牌11=255
[2018-05-18 16:37:43]   门牌12=255
[2018-05-18 16:37:43]   门牌13=255
[2018-05-18 16:37:43]   门牌14=255
[2018-05-18 16:37:43]   门牌15=255
[2018-05-18 16:37:43]   门牌16=255
[2018-05-18 16:37:43]   门牌17=255
[2018-05-18 16:37:43]   门牌18=255
[2018-05-18 16:37:43]   门牌19=255
[2018-05-18 16:37:43]   门牌20=0
[2018-05-18 16:37:43]   门牌21=0
[2018-05-18 16:37:43]   门牌22=0
[2018-05-18 16:37:43]   门牌23=0
[2018-05-18 16:37:43]   门牌24=0
[2018-05-18 16:37:43]   门牌25=0
[2018-05-18 16:37:43]   门牌26=0
[2018-05-18 16:37:43]   门牌27=0
[2018-05-18 16:37:43]   门牌28=0
[2018-05-18 16:37:43] 玩家3-t10010的门牌： 
[2018-05-18 16:37:43]   门牌1=0
[2018-05-18 16:37:43]   门牌2=0
[2018-05-18 16:37:43]   门牌3=0
[2018-05-18 16:37:43]   门牌4=0
[2018-05-18 16:37:43]   门牌5=0
[2018-05-18 16:37:43]   门牌6=0
[2018-05-18 16:37:43]   门牌7=0
[2018-05-18 16:37:43]   门牌8=0
[2018-05-18 16:37:43]   门牌9=0
[2018-05-18 16:37:43]   门牌10=0
[2018-05-18 16:37:43]   门牌11=0
[2018-05-18 16:37:43]   门牌12=0
[2018-05-18 16:37:43]   门牌13=0
[2018-05-18 16:37:43]   门牌14=0
[2018-05-18 16:37:43]   门牌15=0
[2018-05-18 16:37:43]   门牌16=0
[2018-05-18 16:37:43]   门牌17=0
[2018-05-18 16:37:43]   门牌18=0
[2018-05-18 16:37:43]   门牌19=0
[2018-05-18 16:37:43]   门牌20=0
[2018-05-18 16:37:43]   门牌21=0
[2018-05-18 16:37:43]   门牌22=0
[2018-05-18 16:37:43]   门牌23=0
[2018-05-18 16:37:43]   门牌24=0
[2018-05-18 16:37:43]   门牌25=255
[2018-05-18 16:37:43]   门牌26=255
[2018-05-18 16:37:43]   门牌27=255
[2018-05-18 16:37:43]   门牌28=255
[2018-05-18 17:02:35] 掷2颗色子确定起牌方向： byGetPaiDir=1-t10012, 4 5
[2018-05-18 17:02:38] 掷2颗色子确定起牌敦数事件: 4 2 6
[2018-05-18 17:02:43] 玩家0-Phone15102的门牌： 
[2018-05-18 17:02:43]   门牌1=0
[2018-05-18 17:02:43]   门牌2=0
[2018-05-18 17:02:43]   门牌3=0
[2018-05-18 17:02:43]   门牌4=0
[2018-05-18 17:02:43]   门牌5=0
[2018-05-18 17:02:43]   门牌6=0
[2018-05-18 17:02:43]   门牌7=0
[2018-05-18 17:02:43]   门牌8=0
[2018-05-18 17:02:43]   门牌9=0
[2018-05-18 17:02:43]   门牌10=0
[2018-05-18 17:02:43]   门牌11=0
[2018-05-18 17:02:43]   门牌12=0
[2018-05-18 17:02:43]   门牌13=0
[2018-05-18 17:02:43]   门牌14=0
[2018-05-18 17:02:43]   门牌15=0
[2018-05-18 17:02:43]   门牌16=0
[2018-05-18 17:02:43]   门牌17=0
[2018-05-18 17:02:43]   门牌18=0
[2018-05-18 17:02:43]   门牌19=0
[2018-05-18 17:02:43]   门牌20=0
[2018-05-18 17:02:43]   门牌21=0
[2018-05-18 17:02:43]   门牌22=0
[2018-05-18 17:02:43]   门牌23=0
[2018-05-18 17:02:43]   门牌24=0
[2018-05-18 17:02:43]   门牌25=0
[2018-05-18 17:02:43]   门牌26=0
[2018-05-18 17:02:43]   门牌27=0
[2018-05-18 17:02:43]   门牌28=0
[2018-05-18 17:02:43] 玩家1-t10012的门牌： 
[2018-05-18 17:02:43]   门牌1=0
[2018-05-18 17:02:43]   门牌2=0
[2018-05-18 17:02:43]   门牌3=0
[2018-05-18 17:02:43]   门牌4=0
[2018-05-18 17:02:43]   门牌5=0
[2018-05-18 17:02:43]   门牌6=0
[2018-05-18 17:02:43]   门牌7=0
[2018-05-18 17:02:43]   门牌8=0
[2018-05-18 17:02:43]   门牌9=0
[2018-05-18 17:02:43]   门牌10=0
[2018-05-18 17:02:43]   门牌11=255
[2018-05-18 17:02:43]   门牌12=255
[2018-05-18 17:02:43]   门牌13=255
[2018-05-18 17:02:43]   门牌14=255
[2018-05-18 17:02:43]   门牌15=255
[2018-05-18 17:02:43]   门牌16=255
[2018-05-18 17:02:43]   门牌17=255
[2018-05-18 17:02:43]   门牌18=255
[2018-05-18 17:02:43]   门牌19=255
[2018-05-18 17:02:43]   门牌20=255
[2018-05-18 17:02:43]   门牌21=255
[2018-05-18 17:02:43]   门牌22=255
[2018-05-18 17:02:43]   门牌23=255
[2018-05-18 17:02:43]   门牌24=255
[2018-05-18 17:02:43]   门牌25=255
[2018-05-18 17:02:43]   门牌26=255
[2018-05-18 17:02:43]   门牌27=255
[2018-05-18 17:02:43]   门牌28=255
[2018-05-18 17:02:43] 玩家2-t10011的门牌： 
[2018-05-18 17:02:43]   门牌1=255
[2018-05-18 17:02:43]   门牌2=255
[2018-05-18 17:02:43]   门牌3=255
[2018-05-18 17:02:43]   门牌4=255
[2018-05-18 17:02:43]   门牌5=255
[2018-05-18 17:02:43]   门牌6=255
[2018-05-18 17:02:43]   门牌7=255
[2018-05-18 17:02:43]   门牌8=255
[2018-05-18 17:02:43]   门牌9=255
[2018-05-18 17:02:43]   门牌10=255
[2018-05-18 17:02:43]   门牌11=255
[2018-05-18 17:02:43]   门牌12=255
[2018-05-18 17:02:43]   门牌13=255
[2018-05-18 17:02:43]   门牌14=255
[2018-05-18 17:02:43]   门牌15=255
[2018-05-18 17:02:43]   门牌16=255
[2018-05-18 17:02:43]   门牌17=255
[2018-05-18 17:02:43]   门牌18=255
[2018-05-18 17:02:43]   门牌19=255
[2018-05-18 17:02:43]   门牌20=255
[2018-05-18 17:02:43]   门牌21=255
[2018-05-18 17:02:43]   门牌22=255
[2018-05-18 17:02:43]   门牌23=255
[2018-05-18 17:02:43]   门牌24=255
[2018-05-18 17:02:43]   门牌25=255
[2018-05-18 17:02:43]   门牌26=255
[2018-05-18 17:02:43]   门牌27=255
[2018-05-18 17:02:43]   门牌28=255
[2018-05-18 17:02:43] 玩家3-t10010的门牌： 
[2018-05-18 17:02:43]   门牌1=255
[2018-05-18 17:02:43]   门牌2=255
[2018-05-18 17:02:43]   门牌3=255
[2018-05-18 17:02:43]   门牌4=255
[2018-05-18 17:02:43]   门牌5=255
[2018-05-18 17:02:43]   门牌6=255
[2018-05-18 17:02:43]   门牌7=255
[2018-05-18 17:02:43]   门牌8=0
[2018-05-18 17:02:43]   门牌9=0
[2018-05-18 17:02:43]   门牌10=0
[2018-05-18 17:02:43]   门牌11=0
[2018-05-18 17:02:43]   门牌12=0
[2018-05-18 17:02:43]   门牌13=0
[2018-05-18 17:02:43]   门牌14=0
[2018-05-18 17:02:43]   门牌15=0
[2018-05-18 17:02:43]   门牌16=0
[2018-05-18 17:02:43]   门牌17=0
[2018-05-18 17:02:43]   门牌18=0
[2018-05-18 17:02:43]   门牌19=0
[2018-05-18 17:02:43]   门牌20=0
[2018-05-18 17:02:43]   门牌21=0
[2018-05-18 17:02:43]   门牌22=0
[2018-05-18 17:02:43]   门牌23=0
[2018-05-18 17:02:43]   门牌24=0
[2018-05-18 17:02:43]   门牌25=255
[2018-05-18 17:02:43]   门牌26=255
[2018-05-18 17:02:43]   门牌27=255
[2018-05-18 17:02:43]   门牌28=255
[2018-05-18 17:17:58] 解散房间 VIP=1
[2018-05-18 17:17:58] 发送大结算
