 2018-06-08 11:56:27 CServerGameDesk::SendRemaindedGameCount 924: 发送玩家0,Phone10019,iNowGameCount=0
 2018-06-08 11:57:22 CServerGameDesk::SendRemaindedGameCount 924: 发送玩家0,Phone10019,iNowGameCount=0
 2018-06-08 11:57:22 CServerGameDesk::SendRemaindedGameCount 924: 发送玩家1,333333,iNowGameCount=0
 2018-06-08 11:57:25 CServerGameDesk::SendRemaindedGameCount 924: 发送玩家0,Phone10019,iNowGameCount=0
 2018-06-08 11:57:25 CServerGameDesk::SendRemaindedGameCount 924: 发送玩家1,333333,iNowGameCount=0
 2018-06-08 11:57:25 CServerGameDesk::SendRemaindedGameCount 924: 发送玩家2,222222,iNowGameCount=0
 2018-06-08 11:57:28 CServerGameDesk::SendRemaindedGameCount 924: 发送玩家0,Phone10019,iNowGameCount=0
 2018-06-08 11:57:28 CServerGameDesk::SendRemaindedGameCount 924: 发送玩家1,333333,iNowGameCount=0
 2018-06-08 11:57:28 CServerGameDesk::SendRemaindedGameCount 924: 发送玩家2,222222,iNowGameCount=0
 2018-06-08 11:57:28 CServerGameDesk::SendRemaindedGameCount 924: 发送玩家3,444444,iNowGameCount=0
 2018-06-08 11:57:32 ThingHandleEx::ExecuteGameBegin 1460: 20111004：游戏开始, m_iRunGameCount0
 2018-06-08 11:59:16 ThingHandleEx::ExecuteZhuaPai 2561: 玩家444444要胡
 2018-06-08 11:59:18 ThingHandleEx::ExecuteZhongNiao 1428: 中鸟阶段:S: ZhongNiao[0]=7
 2018-06-08 11:59:18 ThingHandleEx::ExecuteZhongNiao 1434: 中码结算, 该局玩家0的码分=0
 2018-06-08 11:59:18 ThingHandleEx::ExecuteZhongNiao 1434: 中码结算, 该局玩家1的码分=0
 2018-06-08 11:59:18 ThingHandleEx::ExecuteZhongNiao 1434: 中码结算, 该局玩家2的码分=0
 2018-06-08 11:59:18 ThingHandleEx::ExecuteZhongNiao 1434: 中码结算, 该局玩家3的码分=0
 2018-06-08 11:59:23 ThingHandleEx::ExecuteCountFen 2804: 算分,玩家  的自摸次数=1
 2018-06-08 11:59:23 ThingHandleEx::ExecuteCountFen 2860:  游戏结算,玩家 0 ,Phone10019 的杠分=0 胡番=-2 码分=0
 2018-06-08 11:59:23 ThingHandleEx::ExecuteCountFen 2861:  游戏结算,玩家 0 的总分=-2
 2018-06-08 11:59:23 ThingHandleEx::ExecuteCountFen 2860:  游戏结算,玩家 1 ,333333 的杠分=0 胡番=-2 码分=0
 2018-06-08 11:59:23 ThingHandleEx::ExecuteCountFen 2861:  游戏结算,玩家 1 的总分=-2
 2018-06-08 11:59:23 ThingHandleEx::ExecuteCountFen 2860:  游戏结算,玩家 2 ,222222 的杠分=0 胡番=-2 码分=0
 2018-06-08 11:59:23 ThingHandleEx::ExecuteCountFen 2861:  游戏结算,玩家 2 的总分=-2
 2018-06-08 11:59:23 ThingHandleEx::ExecuteCountFen 2860:  游戏结算,玩家 3 ,444444 的杠分=0 胡番=6 码分=0
 2018-06-08 11:59:23 ThingHandleEx::ExecuteCountFen 2861:  游戏结算,玩家 3 的总分=6
 2018-06-08 11:59:24 CServerGameDesk::GameFinish 376: 游戏正常结束，发送大结算
 2018-06-08 11:59:24 CServerGameDesk::UpdateCalculateBoard 899: 玩家0,Phone10019的自摸次数=0明杠=0,暗杠=0,中码=0,点炮=0,总成绩=-2
 2018-06-08 11:59:24 CServerGameDesk::UpdateCalculateBoard 899: 玩家1,333333的自摸次数=0明杠=0,暗杠=0,中码=0,点炮=0,总成绩=-2
 2018-06-08 11:59:24 CServerGameDesk::UpdateCalculateBoard 899: 玩家2,222222的自摸次数=0明杠=0,暗杠=0,中码=0,点炮=0,总成绩=-2
 2018-06-08 11:59:24 CServerGameDesk::UpdateCalculateBoard 899: 玩家3,444444的自摸次数=1明杠=0,暗杠=0,中码=0,点炮=0,总成绩=6
 2018-06-08 11:59:24 CServerGameDesk::GameFinish 394: 第1局正常结束
