 2018-06-22 16:26:26 CServerGameDesk::SendRemaindedGameCount 924: 发送玩家0,Phone22566,iNowGameCount=0
 2018-06-22 16:26:50 CServerGameDesk::SendRemaindedGameCount 924: 发送玩家0,Phone22566,iNowGameCount=0
 2018-06-22 16:26:50 CServerGameDesk::SendRemaindedGameCount 924: 发送玩家1,Phone22567,iNowGameCount=0
 2018-06-22 16:30:34 CServerGameDesk::SendRemaindedGameCount 924: 发送玩家0,Phone22566,iNowGameCount=0
 2018-06-22 16:30:34 CServerGameDesk::SendRemaindedGameCount 924: 发送玩家1,Phone22567,iNowGameCount=0
 2018-06-22 16:30:34 CServerGameDesk::SendRemaindedGameCount 924: 发送玩家2,Phone22568,iNowGameCount=0
 2018-06-22 16:31:35 CServerGameDesk::SendRemaindedGameCount 924: 发送玩家0,Phone22566,iNowGameCount=0
 2018-06-22 16:31:35 CServerGameDesk::SendRemaindedGameCount 924: 发送玩家1,Phone22567,iNowGameCount=0
 2018-06-22 16:31:35 CServerGameDesk::SendRemaindedGameCount 924: 发送玩家2,Phone22568,iNowGameCount=0
 2018-06-22 16:31:35 CServerGameDesk::SendRemaindedGameCount 924: 发送玩家3,Phone22569,iNowGameCount=0
 2018-06-22 16:31:38 ThingHandleEx::ExecuteGameBegin 1460: 20111004：游戏开始, m_iRunGameCount0
 2018-06-22 16:32:24 CServerGameDesk::UserReCome 576: 玩家 ,Phone22569的托管状态=0
 2018-06-22 16:32:27 CServerGameDesk::SendRemaindedGameCount 924: 发送玩家0,Phone22566,iNowGameCount=1
 2018-06-22 16:32:27 CServerGameDesk::SendRemaindedGameCount 924: 发送玩家1,Phone22567,iNowGameCount=1
 2018-06-22 16:32:27 CServerGameDesk::SendRemaindedGameCount 924: 发送玩家2,Phone22568,iNowGameCount=1
 2018-06-22 16:32:27 CServerGameDesk::SendRemaindedGameCount 924: 发送玩家3,Phone22569,iNowGameCount=1
 2018-06-22 16:33:49 ThingHandleEx::ExecuteCountFen 2860:  游戏结算,玩家 0 ,Phone22566 的杠分=0 胡番=0 码分=0
 2018-06-22 16:33:49 ThingHandleEx::ExecuteCountFen 2861:  游戏结算,玩家 0 的总分=0
 2018-06-22 16:33:49 ThingHandleEx::ExecuteCountFen 2860:  游戏结算,玩家 1 ,Phone22567 的杠分=0 胡番=0 码分=0
 2018-06-22 16:33:49 ThingHandleEx::ExecuteCountFen 2861:  游戏结算,玩家 1 的总分=0
 2018-06-22 16:33:49 ThingHandleEx::ExecuteCountFen 2860:  游戏结算,玩家 2 ,Phone22568 的杠分=0 胡番=0 码分=0
 2018-06-22 16:33:49 ThingHandleEx::ExecuteCountFen 2861:  游戏结算,玩家 2 的总分=0
 2018-06-22 16:33:49 ThingHandleEx::ExecuteCountFen 2860:  游戏结算,玩家 3 ,Phone22569 的杠分=0 胡番=0 码分=0
 2018-06-22 16:33:49 ThingHandleEx::ExecuteCountFen 2861:  游戏结算,玩家 3 的总分=0
 2018-06-22 16:33:49 CServerGameDesk::DissMissRoomBefore 841: 玩了0局, 中途解散房间
 2018-06-22 16:33:49 CServerGameDesk::UpdateCalculateBoard 899: 玩家0,Phone22566的自摸次数=0明杠=0,暗杠=0,中码=0,点炮=0,总成绩=0
 2018-06-22 16:33:49 CServerGameDesk::UpdateCalculateBoard 899: 玩家1,Phone22567的自摸次数=0明杠=0,暗杠=0,中码=0,点炮=0,总成绩=0
 2018-06-22 16:33:49 CServerGameDesk::UpdateCalculateBoard 899: 玩家2,Phone22568的自摸次数=0明杠=0,暗杠=0,中码=0,点炮=0,总成绩=0
 2018-06-22 16:33:49 CServerGameDesk::UpdateCalculateBoard 899: 玩家3,Phone22569的自摸次数=0明杠=0,暗杠=0,中码=0,点炮=0,总成绩=0
 2018-06-22 16:33:49 CServerGameDesk::GameFinish 288: 游戏解散结束
