 2018-06-10 17:14:33 CServerGameDesk::SendRemaindedGameCount 924: 发送玩家0,钻石雨,iNowGameCount=0
 2018-06-10 17:15:45 CServerGameDesk::SendRemaindedGameCount 924: 发送玩家0,钻石雨,iNowGameCount=0
 2018-06-10 17:15:45 CServerGameDesk::SendRemaindedGameCount 924: 发送玩家1,乐透九江客服,iNowGameCount=0
 2018-06-10 17:15:48 CServerGameDesk::SendRemaindedGameCount 924: 发送玩家0,钻石雨,iNowGameCount=0
 2018-06-10 17:15:48 CServerGameDesk::SendRemaindedGameCount 924: 发送玩家1,乐透九江客服,iNowGameCount=0
 2018-06-10 17:15:48 CServerGameDesk::SendRemaindedGameCount 924: 发送玩家2,约麻小二,iNowGameCount=0
 2018-06-10 17:18:19 CServerGameDesk::SendRemaindedGameCount 924: 发送玩家0,钻石雨,iNowGameCount=0
 2018-06-10 17:18:19 CServerGameDesk::SendRemaindedGameCount 924: 发送玩家1,乐透九江客服,iNowGameCount=0
 2018-06-10 17:18:19 CServerGameDesk::SendRemaindedGameCount 924: 发送玩家2,约麻小二,iNowGameCount=0
 2018-06-10 17:18:19 CServerGameDesk::SendRemaindedGameCount 924: 发送玩家3,麻馆小二,iNowGameCount=0
 2018-06-10 17:18:29 ThingHandleEx::ExecuteGameBegin 1460: 20111004：游戏开始, m_iRunGameCount0
 2018-06-10 17:21:32 ThingHandleEx::ExecuteZhuaPai 2561: 玩家约麻小二要胡
 2018-06-10 17:21:36 ThingHandleEx::ExecuteZhongNiao 1428: 中鸟阶段:S: ZhongNiao[0]=26
 2018-06-10 17:21:36 ThingHandleEx::ExecuteZhongNiao 1434: 中码结算, 该局玩家0的码分=0
 2018-06-10 17:21:36 ThingHandleEx::ExecuteZhongNiao 1434: 中码结算, 该局玩家1的码分=0
 2018-06-10 17:21:36 ThingHandleEx::ExecuteZhongNiao 1434: 中码结算, 该局玩家2的码分=0
 2018-06-10 17:21:36 ThingHandleEx::ExecuteZhongNiao 1434: 中码结算, 该局玩家3的码分=0
 2018-06-10 17:21:41 ThingHandleEx::ExecuteCountFen 2804: 算分,玩家  的自摸次数=1
 2018-06-10 17:21:41 ThingHandleEx::ExecuteCountFen 2860:  游戏结算,玩家 0 ,钻石雨 的杠分=-2 胡番=-2 码分=0
 2018-06-10 17:21:41 ThingHandleEx::ExecuteCountFen 2861:  游戏结算,玩家 0 的总分=-4
 2018-06-10 17:21:41 ThingHandleEx::ExecuteCountFen 2860:  游戏结算,玩家 1 ,乐透九江客服 的杠分=6 胡番=-2 码分=0
 2018-06-10 17:21:41 ThingHandleEx::ExecuteCountFen 2861:  游戏结算,玩家 1 的总分=4
 2018-06-10 17:21:41 ThingHandleEx::ExecuteCountFen 2860:  游戏结算,玩家 2 ,约麻小二 的杠分=-2 胡番=6 码分=0
 2018-06-10 17:21:41 ThingHandleEx::ExecuteCountFen 2861:  游戏结算,玩家 2 的总分=4
 2018-06-10 17:21:41 ThingHandleEx::ExecuteCountFen 2860:  游戏结算,玩家 3 ,麻馆小二 的杠分=-2 胡番=-2 码分=0
 2018-06-10 17:21:41 ThingHandleEx::ExecuteCountFen 2861:  游戏结算,玩家 3 的总分=-4
 2018-06-10 17:21:42 CServerGameDesk::GameFinish 376: 游戏正常结束，发送大结算
 2018-06-10 17:21:42 CServerGameDesk::UpdateCalculateBoard 899: 玩家0,钻石雨的自摸次数=0明杠=0,暗杠=0,中码=0,点炮=0,总成绩=-4
 2018-06-10 17:21:42 CServerGameDesk::UpdateCalculateBoard 899: 玩家1,乐透九江客服的自摸次数=0明杠=0,暗杠=1,中码=0,点炮=0,总成绩=4
 2018-06-10 17:21:42 CServerGameDesk::UpdateCalculateBoard 899: 玩家2,约麻小二的自摸次数=1明杠=0,暗杠=0,中码=0,点炮=0,总成绩=4
 2018-06-10 17:21:42 CServerGameDesk::UpdateCalculateBoard 899: 玩家3,麻馆小二的自摸次数=0明杠=0,暗杠=0,中码=0,点炮=0,总成绩=-4
 2018-06-10 17:21:42 CServerGameDesk::GameFinish 394: 第1局正常结束
