 2018-04-17 16:34:12 CServerGameDesk::SendRemaindedGameCount 923: 发送玩家0,老卫,iNowGameCount=0
 2018-04-17 16:37:25 CServerGameDesk::SendRemaindedGameCount 923: 发送玩家0,老卫,iNowGameCount=0
 2018-04-17 16:37:25 CServerGameDesk::SendRemaindedGameCount 923: 发送玩家1,Alysa,iNowGameCount=0
 2018-04-17 16:37:44 CServerGameDesk::SendRemaindedGameCount 923: 发送玩家0,老卫,iNowGameCount=0
 2018-04-17 16:37:44 CServerGameDesk::SendRemaindedGameCount 923: 发送玩家1,Alysa,iNowGameCount=0
 2018-04-17 16:37:44 CServerGameDesk::SendRemaindedGameCount 923: 发送玩家2,Phone13591,iNowGameCount=0
 2018-04-17 16:38:56 CServerGameDesk::SendRemaindedGameCount 923: 发送玩家0,老卫,iNowGameCount=0
 2018-04-17 16:38:56 CServerGameDesk::SendRemaindedGameCount 923: 发送玩家1,Alysa,iNowGameCount=0
 2018-04-17 16:38:56 CServerGameDesk::SendRemaindedGameCount 923: 发送玩家2,Phone13591,iNowGameCount=0
 2018-04-17 16:38:56 CServerGameDesk::SendRemaindedGameCount 923: 发送玩家3,Phone10162,iNowGameCount=0
 2018-04-17 16:39:13 ThingHandleEx::ExecuteGameBegin 1460: 20111004：游戏开始, m_iRunGameCount0
 2018-04-17 16:41:37 ThingHandleEx::ExecuteCountFen 2860:  游戏结算,玩家 0 ,老卫 的杠分=3 胡番=0 码分=0
 2018-04-17 16:41:37 ThingHandleEx::ExecuteCountFen 2861:  游戏结算,玩家 0 的总分=3
 2018-04-17 16:41:37 ThingHandleEx::ExecuteCountFen 2860:  游戏结算,玩家 1 ,Alysa 的杠分=0 胡番=0 码分=0
 2018-04-17 16:41:37 ThingHandleEx::ExecuteCountFen 2861:  游戏结算,玩家 1 的总分=0
 2018-04-17 16:41:37 ThingHandleEx::ExecuteCountFen 2860:  游戏结算,玩家 2 ,Phone13591 的杠分=0 胡番=0 码分=0
 2018-04-17 16:41:37 ThingHandleEx::ExecuteCountFen 2861:  游戏结算,玩家 2 的总分=0
 2018-04-17 16:41:37 ThingHandleEx::ExecuteCountFen 2860:  游戏结算,玩家 3 ,Phone10162 的杠分=-3 胡番=0 码分=0
 2018-04-17 16:41:37 ThingHandleEx::ExecuteCountFen 2861:  游戏结算,玩家 3 的总分=-3
 2018-04-17 16:41:37 CServerGameDesk::DissMissRoomBefore 841: 玩了0局, 中途解散房间
 2018-04-17 16:41:37 CServerGameDesk::UpdateCalculateBoard 898: 玩家0,老卫的自摸次数=0明杠=1,暗杠=0,中码=0,点炮=0,总成绩=0
 2018-04-17 16:41:37 CServerGameDesk::UpdateCalculateBoard 898: 玩家1,Alysa的自摸次数=0明杠=0,暗杠=0,中码=0,点炮=0,总成绩=0
 2018-04-17 16:41:37 CServerGameDesk::UpdateCalculateBoard 898: 玩家2,Phone13591的自摸次数=0明杠=0,暗杠=0,中码=0,点炮=0,总成绩=0
 2018-04-17 16:41:37 CServerGameDesk::UpdateCalculateBoard 898: 玩家3,Phone10162的自摸次数=0明杠=0,暗杠=0,中码=0,点炮=0,总成绩=0
 2018-04-17 16:41:37 CServerGameDesk::GameFinish 288: 游戏解散结束
