 2018-04-16 15:46:04 CServerGameDesk::SendRemaindedGameCount 923: 发送玩家0,红鸟棋牌：晨晨,iNowGameCount=0
 2018-04-16 15:46:40 CServerGameDesk::SendRemaindedGameCount 923: 发送玩家0,红鸟棋牌：晨晨,iNowGameCount=0
 2018-04-16 15:46:40 CServerGameDesk::SendRemaindedGameCount 923: 发送玩家1,涛声依旧,iNowGameCount=0
 2018-04-16 15:46:55 CServerGameDesk::SendRemaindedGameCount 923: 发送玩家0,红鸟棋牌：晨晨,iNowGameCount=0
 2018-04-16 15:46:55 CServerGameDesk::SendRemaindedGameCount 923: 发送玩家1,涛声依旧,iNowGameCount=0
 2018-04-16 15:46:55 CServerGameDesk::SendRemaindedGameCount 923: 发送玩家2,嘛哩嘛哩Z,iNowGameCount=0
 2018-04-16 15:47:01 CServerGameDesk::SendRemaindedGameCount 923: 发送玩家0,红鸟棋牌：晨晨,iNowGameCount=0
 2018-04-16 15:47:01 CServerGameDesk::SendRemaindedGameCount 923: 发送玩家1,涛声依旧,iNowGameCount=0
 2018-04-16 15:47:01 CServerGameDesk::SendRemaindedGameCount 923: 发送玩家2,嘛哩嘛哩Z,iNowGameCount=0
 2018-04-16 15:47:01 CServerGameDesk::SendRemaindedGameCount 923: 发送玩家3,一号种子,iNowGameCount=0
 2018-04-16 15:47:06 ThingHandleEx::ExecuteGameBegin 1460: 20111004：游戏开始, m_iRunGameCount0
 2018-04-16 15:49:53 ThingHandleEx::ExecuteZhuaPai 2561: 玩家一号种子要胡
 2018-04-16 15:49:58 ThingHandleEx::ExecuteZhongNiao 1428: 中鸟阶段:S: ZhongNiao[0]=13
 2018-04-16 15:49:58 ThingHandleEx::ExecuteZhongNiao 1434: 中码结算, 该局玩家0的码分=0
 2018-04-16 15:49:58 ThingHandleEx::ExecuteZhongNiao 1434: 中码结算, 该局玩家1的码分=0
 2018-04-16 15:49:58 ThingHandleEx::ExecuteZhongNiao 1434: 中码结算, 该局玩家2的码分=0
 2018-04-16 15:49:58 ThingHandleEx::ExecuteZhongNiao 1434: 中码结算, 该局玩家3的码分=0
 2018-04-16 15:50:03 ThingHandleEx::ExecuteCountFen 2804: 算分,玩家  的自摸次数=1
 2018-04-16 15:50:03 ThingHandleEx::ExecuteCountFen 2860:  游戏结算,玩家 0 ,红鸟棋牌：晨晨 的杠分=0 胡番=-2 码分=0
 2018-04-16 15:50:03 ThingHandleEx::ExecuteCountFen 2861:  游戏结算,玩家 0 的总分=-2
 2018-04-16 15:50:03 ThingHandleEx::ExecuteCountFen 2860:  游戏结算,玩家 1 ,涛声依旧 的杠分=0 胡番=-2 码分=0
 2018-04-16 15:50:03 ThingHandleEx::ExecuteCountFen 2861:  游戏结算,玩家 1 的总分=-2
 2018-04-16 15:50:03 ThingHandleEx::ExecuteCountFen 2860:  游戏结算,玩家 2 ,嘛哩嘛哩Z 的杠分=0 胡番=-2 码分=0
 2018-04-16 15:50:03 ThingHandleEx::ExecuteCountFen 2861:  游戏结算,玩家 2 的总分=-2
 2018-04-16 15:50:03 ThingHandleEx::ExecuteCountFen 2860:  游戏结算,玩家 3 ,一号种子 的杠分=0 胡番=6 码分=0
 2018-04-16 15:50:03 ThingHandleEx::ExecuteCountFen 2861:  游戏结算,玩家 3 的总分=6
 2018-04-16 15:50:04 CServerGameDesk::GameFinish 376: 游戏正常结束，发送大结算
 2018-04-16 15:50:04 CServerGameDesk::UpdateCalculateBoard 898: 玩家0,红鸟棋牌：晨晨的自摸次数=0明杠=0,暗杠=0,中码=0,点炮=0,总成绩=-2
 2018-04-16 15:50:04 CServerGameDesk::UpdateCalculateBoard 898: 玩家1,涛声依旧的自摸次数=0明杠=0,暗杠=0,中码=0,点炮=0,总成绩=-2
 2018-04-16 15:50:04 CServerGameDesk::UpdateCalculateBoard 898: 玩家2,嘛哩嘛哩Z的自摸次数=0明杠=0,暗杠=0,中码=0,点炮=0,总成绩=-2
 2018-04-16 15:50:04 CServerGameDesk::UpdateCalculateBoard 898: 玩家3,一号种子的自摸次数=1明杠=0,暗杠=0,中码=0,点炮=0,总成绩=6
 2018-04-16 15:50:04 CServerGameDesk::GameFinish 394: 第1局正常结束
