 2018-06-11 15:40:57 CServerGameDesk::SendRemaindedGameCount 924: 发送玩家0,蕉下闲敲棋,iNowGameCount=0
 2018-06-11 15:41:44 CServerGameDesk::SendRemaindedGameCount 924: 发送玩家0,蕉下闲敲棋,iNowGameCount=0
 2018-06-11 15:41:44 CServerGameDesk::SendRemaindedGameCount 924: 发送玩家1,Phone19033,iNowGameCount=0
 2018-06-11 15:41:44 CServerGameDesk::SendRemaindedGameCount 924: 发送玩家2,Phone20023,iNowGameCount=0
 2018-06-11 15:41:45 CServerGameDesk::SendRemaindedGameCount 924: 发送玩家0,蕉下闲敲棋,iNowGameCount=0
 2018-06-11 15:41:45 CServerGameDesk::SendRemaindedGameCount 924: 发送玩家1,Phone19033,iNowGameCount=0
 2018-06-11 15:41:45 CServerGameDesk::SendRemaindedGameCount 924: 发送玩家2,Phone20023,iNowGameCount=0
 2018-06-11 15:43:55 CServerGameDesk::SendRemaindedGameCount 924: 发送玩家0,蕉下闲敲棋,iNowGameCount=0
 2018-06-11 15:43:55 CServerGameDesk::SendRemaindedGameCount 924: 发送玩家1,Phone19033,iNowGameCount=0
 2018-06-11 15:43:55 CServerGameDesk::SendRemaindedGameCount 924: 发送玩家2,Phone20023,iNowGameCount=0
 2018-06-11 15:43:55 CServerGameDesk::SendRemaindedGameCount 924: 发送玩家3,anna百合,iNowGameCount=0
 2018-06-11 15:43:59 ThingHandleEx::ExecuteGameBegin 1460: 20111004：游戏开始, m_iRunGameCount0
 2018-06-11 15:46:31 ThingHandleEx::ExecuteZhuaPai 2561: 玩家anna百合要胡
 2018-06-11 15:46:35 ThingHandleEx::ExecuteZhongNiao 1428: 中鸟阶段:S: ZhongNiao[0]=18
 2018-06-11 15:46:35 ThingHandleEx::ExecuteZhongNiao 1434: 中码结算, 该局玩家0的码分=0
 2018-06-11 15:46:35 ThingHandleEx::ExecuteZhongNiao 1434: 中码结算, 该局玩家1的码分=0
 2018-06-11 15:46:35 ThingHandleEx::ExecuteZhongNiao 1434: 中码结算, 该局玩家2的码分=0
 2018-06-11 15:46:35 ThingHandleEx::ExecuteZhongNiao 1434: 中码结算, 该局玩家3的码分=0
 2018-06-11 15:46:40 ThingHandleEx::ExecuteCountFen 2804: 算分,玩家  的自摸次数=1
 2018-06-11 15:46:40 ThingHandleEx::ExecuteCountFen 2860:  游戏结算,玩家 0 ,蕉下闲敲棋 的杠分=0 胡番=-2 码分=0
 2018-06-11 15:46:40 ThingHandleEx::ExecuteCountFen 2861:  游戏结算,玩家 0 的总分=-2
 2018-06-11 15:46:40 ThingHandleEx::ExecuteCountFen 2860:  游戏结算,玩家 1 ,Phone19033 的杠分=0 胡番=-2 码分=0
 2018-06-11 15:46:40 ThingHandleEx::ExecuteCountFen 2861:  游戏结算,玩家 1 的总分=-2
 2018-06-11 15:46:40 ThingHandleEx::ExecuteCountFen 2860:  游戏结算,玩家 2 ,Phone20023 的杠分=0 胡番=-2 码分=0
 2018-06-11 15:46:40 ThingHandleEx::ExecuteCountFen 2861:  游戏结算,玩家 2 的总分=-2
 2018-06-11 15:46:40 ThingHandleEx::ExecuteCountFen 2860:  游戏结算,玩家 3 ,anna百合 的杠分=0 胡番=6 码分=0
 2018-06-11 15:46:40 ThingHandleEx::ExecuteCountFen 2861:  游戏结算,玩家 3 的总分=6
 2018-06-11 15:46:41 CServerGameDesk::GameFinish 376: 游戏正常结束，发送大结算
 2018-06-11 15:46:41 CServerGameDesk::UpdateCalculateBoard 899: 玩家0,蕉下闲敲棋的自摸次数=0明杠=0,暗杠=0,中码=0,点炮=0,总成绩=-2
 2018-06-11 15:46:41 CServerGameDesk::UpdateCalculateBoard 899: 玩家1,Phone19033的自摸次数=0明杠=0,暗杠=0,中码=0,点炮=0,总成绩=-2
 2018-06-11 15:46:41 CServerGameDesk::UpdateCalculateBoard 899: 玩家2,Phone20023的自摸次数=0明杠=0,暗杠=0,中码=0,点炮=0,总成绩=-2
 2018-06-11 15:46:41 CServerGameDesk::UpdateCalculateBoard 899: 玩家3,anna百合的自摸次数=1明杠=0,暗杠=0,中码=0,点炮=0,总成绩=6
 2018-06-11 15:46:41 CServerGameDesk::GameFinish 394: 第1局正常结束
